[2025-03-11 17:38:30,863] [INFO] Node started: localhost:30073 | index=74 | f=1, k=4
[2025-03-11 17:38:33,669] [INFO] [30073] PRE-PREPARE received: {'request_id': 1741682313511, 'data': 'llapbft_message_1741682313511', 'timestamp': 1741682313.5429404, 'leader': 30018, 'cluster_id': 2, 'cluster_ports': [30017, 30018, 30022, 30023, 30030, 30033, 30039, 30040, 30042, 30044, 30045, 30046, 30047, 30049, 30054, 30059, 30061, 30062, 30063, 30065, 30066, 30070, 30073, 30076, 30078], 'cluster_manager': {'host': 'localhost', 'port': 30076, 'latitude': 36.6266151, 'longitude': 127.4594514, 'altitude': 117, 'offset_m': 'lat: 1 m, lng: 84 m, alt: 117 m'}, 'simulated_delay': 0.0002231111111111111, 'distance': 171.52200814814347, 'message_size_bits': 4016}
[2025-03-11 17:38:33,671] [INFO] [30073] Broadcasting PREPARE: REQUEST 1741682313511
[2025-03-11 17:38:33,888] [INFO] [30073] PREPARE received from 30065 for REQUEST 1741682313511
[2025-03-11 17:38:33,888] [INFO] [30073] Broadcasting COMMIT: REQUEST 1741682313511
[2025-03-11 17:38:33,914] [INFO] [30073] COMMIT received from 30065 for REQUEST 1741682313511
[2025-03-11 17:38:33,960] [INFO] [30073] PREPARE received from 30047 for REQUEST 1741682313511
[2025-03-11 17:38:33,968] [INFO] [30073] PREPARE received from 30062 for REQUEST 1741682313511
[2025-03-11 17:38:33,971] [INFO] [30073] COMMIT received from 30018 for REQUEST 1741682313511
[2025-03-11 17:38:33,971] [INFO] [30073] COMMIT complete. Sending PRE-REPLY: REQUEST 1741682313511 directly to Manager 30076
[2025-03-11 17:38:33,988] [INFO] [30073] COMMIT received from 30054 for REQUEST 1741682313511
[2025-03-11 17:38:33,988] [INFO] [30073] COMMIT received from 30063 for REQUEST 1741682313511
[2025-03-11 17:38:33,988] [INFO] [30073] PREPARE received from 30063 for REQUEST 1741682313511
[2025-03-11 17:38:33,990] [INFO] [30073] COMMIT received from 30078 for REQUEST 1741682313511
[2025-03-11 17:38:33,990] [INFO] [30073] COMMIT received from 30062 for REQUEST 1741682313511
[2025-03-11 17:38:33,990] [INFO] [30073] PREPARE received from 30078 for REQUEST 1741682313511
[2025-03-11 17:38:33,990] [INFO] [30073] COMMIT received from 30047 for REQUEST 1741682313511
[2025-03-11 17:38:33,992] [INFO] [30073] PREPARE received from 30054 for REQUEST 1741682313511
[2025-03-11 17:38:34,000] [INFO] [30073] PREPARE received from 30039 for REQUEST 1741682313511
[2025-03-11 17:38:34,003] [INFO] [30073] PREPARE received from 30030 for REQUEST 1741682313511
[2025-03-11 17:38:34,003] [INFO] [30073] COMMIT received from 30039 for REQUEST 1741682313511
[2025-03-11 17:38:34,003] [INFO] [30073] PREPARE received from 30059 for REQUEST 1741682313511
[2025-03-11 17:38:34,003] [INFO] [30073] PREPARE received from 30061 for REQUEST 1741682313511
[2025-03-11 17:38:34,006] [INFO] [30073] PREPARE received from 30049 for REQUEST 1741682313511
[2025-03-11 17:38:34,006] [INFO] [30073] PREPARE received from 30040 for REQUEST 1741682313511
[2025-03-11 17:38:34,007] [INFO] [30073] PREPARE received from 30046 for REQUEST 1741682313511
[2025-03-11 17:38:34,009] [INFO] [30073] COMMIT received from 30046 for REQUEST 1741682313511
[2025-03-11 17:38:34,009] [INFO] [30073] COMMIT received from 30030 for REQUEST 1741682313511
[2025-03-11 17:38:34,009] [INFO] [30073] COMMIT received from 30061 for REQUEST 1741682313511
[2025-03-11 17:38:34,011] [INFO] [30073] PREPARE received from 30033 for REQUEST 1741682313511
[2025-03-11 17:38:34,011] [INFO] [30073] COMMIT received from 30040 for REQUEST 1741682313511
[2025-03-11 17:38:34,011] [INFO] [30073] PREPARE received from 30042 for REQUEST 1741682313511
[2025-03-11 17:38:34,013] [INFO] [30073] PREPARE received from 30022 for REQUEST 1741682313511
[2025-03-11 17:38:34,013] [INFO] [30073] PREPARE received from 30017 for REQUEST 1741682313511
[2025-03-11 17:38:34,015] [INFO] [30073] COMMIT received from 30059 for REQUEST 1741682313511
[2025-03-11 17:38:34,015] [INFO] [30073] COMMIT received from 30033 for REQUEST 1741682313511
[2025-03-11 17:38:34,015] [INFO] [30073] COMMIT received from 30042 for REQUEST 1741682313511
[2025-03-11 17:38:34,015] [INFO] [30073] COMMIT received from 30049 for REQUEST 1741682313511
[2025-03-11 17:38:34,015] [INFO] [30073] COMMIT received from 30070 for REQUEST 1741682313511
[2025-03-11 17:38:34,015] [INFO] [30073] PREPARE received from 30070 for REQUEST 1741682313511
[2025-03-11 17:38:34,015] [INFO] [30073] COMMIT received from 30022 for REQUEST 1741682313511
[2025-03-11 17:38:34,017] [INFO] [30073] COMMIT received from 30017 for REQUEST 1741682313511
[2025-03-11 17:38:34,017] [INFO] [30073] PREPARE received from 30044 for REQUEST 1741682313511
[2025-03-11 17:38:34,017] [INFO] [30073] COMMIT received from 30044 for REQUEST 1741682313511
[2025-03-11 17:38:34,017] [INFO] [30073] PREPARE received from 30045 for REQUEST 1741682313511
[2025-03-11 17:38:34,017] [INFO] [30073] PREPARE received from 30023 for REQUEST 1741682313511
[2025-03-11 17:38:34,019] [INFO] [30073] COMMIT received from 30045 for REQUEST 1741682313511
[2025-03-11 17:38:34,019] [INFO] [30073] COMMIT received from 30023 for REQUEST 1741682313511
[2025-03-11 17:40:59,560] [INFO] Node started: localhost:30073 | index=74 | f=1, k=4
[2025-03-11 17:41:09,615] [INFO] [30073] PRE-PREPARE received: {'request_id': 1741682469395, 'data': 'llapbft_message_1741682469395', 'timestamp': 1741682469.4283776, 'leader': 30000, 'cluster_id': 3, 'cluster_ports': [30000, 30001, 30005, 30009, 30011, 30014, 30015, 30017, 30025, 30038, 30041, 30045, 30046, 30047, 30048, 30049, 30051, 30053, 30060, 30061, 30066, 30068, 30073, 30081, 30085, 30086, 30087, 30107, 30119], 'cluster_manager': {'host': 'localhost', 'port': 30049, 'latitude': 36.626668, 'longitude': 127.4587754, 'altitude': 52, 'offset_m': 'lat: 7 m, lng: 24 m, alt: 52 m'}, 'simulated_delay': 0, 'distance': 200.87902009907774, 'message_size_bits': 4216}
[2025-03-11 17:41:09,615] [INFO] [30073] Broadcasting PREPARE: REQUEST 1741682469395
[2025-03-11 17:41:09,696] [INFO] [30073] PREPARE received from 30060 for REQUEST 1741682469395
[2025-03-11 17:41:09,696] [INFO] [30073] Broadcasting COMMIT: REQUEST 1741682469395
[2025-03-11 17:41:09,760] [INFO] [30073] COMMIT received from 30060 for REQUEST 1741682469395
[2025-03-11 17:41:09,807] [INFO] [30073] PREPARE received from 30048 for REQUEST 1741682469395
[2025-03-11 17:41:09,809] [INFO] [30073] COMMIT received from 30048 for REQUEST 1741682469395
[2025-03-11 17:41:09,809] [INFO] [30073] COMMIT complete. Sending PRE-REPLY: REQUEST 1741682469395 directly to Manager 30049
[2025-03-11 17:41:10,043] [INFO] [30073] PREPARE received from 30086 for REQUEST 1741682469395
[2025-03-11 17:41:10,043] [INFO] [30073] COMMIT received from 30086 for REQUEST 1741682469395
[2025-03-11 17:41:10,114] [INFO] [30073] PREPARE received from 30001 for REQUEST 1741682469395
[2025-03-11 17:41:10,114] [INFO] [30073] COMMIT received from 30001 for REQUEST 1741682469395
[2025-03-11 17:41:10,407] [INFO] [30073] PREPARE received from 30081 for REQUEST 1741682469395
[2025-03-11 17:41:10,407] [INFO] [30073] PREPARE received from 30107 for REQUEST 1741682469395
[2025-03-11 17:41:10,436] [INFO] [30073] COMMIT received from 30081 for REQUEST 1741682469395
[2025-03-11 17:41:10,439] [INFO] [30073] COMMIT received from 30107 for REQUEST 1741682469395
[2025-03-11 17:41:10,439] [INFO] [30073] COMMIT received from 30047 for REQUEST 1741682469395
[2025-03-11 17:41:10,439] [INFO] [30073] PREPARE received from 30047 for REQUEST 1741682469395
[2025-03-11 17:41:10,460] [INFO] [30073] COMMIT received from 30000 for REQUEST 1741682469395
[2025-03-11 17:41:10,501] [INFO] [30073] PREPARE received from 30015 for REQUEST 1741682469395
[2025-03-11 17:41:10,501] [INFO] [30073] COMMIT received from 30015 for REQUEST 1741682469395
[2025-03-11 17:41:10,614] [INFO] [30073] PREPARE received from 30038 for REQUEST 1741682469395
[2025-03-11 17:41:10,614] [INFO] [30073] COMMIT received from 30038 for REQUEST 1741682469395
[2025-03-11 17:41:10,691] [INFO] [30073] PREPARE received from 30041 for REQUEST 1741682469395
[2025-03-11 17:41:10,691] [INFO] [30073] PREPARE received from 30051 for REQUEST 1741682469395
[2025-03-11 17:41:10,700] [INFO] [30073] COMMIT received from 30041 for REQUEST 1741682469395
[2025-03-11 17:41:10,707] [INFO] [30073] COMMIT received from 30051 for REQUEST 1741682469395
[2025-03-11 17:41:10,738] [INFO] [30073] PREPARE received from 30061 for REQUEST 1741682469395
[2025-03-11 17:41:10,738] [INFO] [30073] PREPARE received from 30017 for REQUEST 1741682469395
[2025-03-11 17:41:10,738] [INFO] [30073] COMMIT received from 30017 for REQUEST 1741682469395
[2025-03-11 17:41:10,738] [INFO] [30073] COMMIT received from 30061 for REQUEST 1741682469395
[2025-03-11 17:41:10,770] [INFO] [30073] PREPARE received from 30009 for REQUEST 1741682469395
[2025-03-11 17:41:10,770] [INFO] [30073] COMMIT received from 30009 for REQUEST 1741682469395
[2025-03-11 17:41:10,792] [INFO] [30073] PREPARE received from 30014 for REQUEST 1741682469395
[2025-03-11 17:41:10,797] [INFO] [30073] PREPARE received from 30045 for REQUEST 1741682469395
[2025-03-11 17:41:10,797] [INFO] [30073] PREPARE received from 30053 for REQUEST 1741682469395
[2025-03-11 17:41:10,801] [INFO] [30073] PREPARE received from 30046 for REQUEST 1741682469395
[2025-03-11 17:41:10,801] [INFO] [30073] PREPARE received from 30025 for REQUEST 1741682469395
[2025-03-11 17:41:10,801] [INFO] [30073] COMMIT received from 30046 for REQUEST 1741682469395
[2025-03-11 17:41:10,801] [INFO] [30073] COMMIT received from 30045 for REQUEST 1741682469395
[2025-03-11 17:41:10,801] [INFO] [30073] COMMIT received from 30025 for REQUEST 1741682469395
[2025-03-11 17:41:10,801] [INFO] [30073] COMMIT received from 30053 for REQUEST 1741682469395
[2025-03-11 17:41:10,801] [INFO] [30073] COMMIT received from 30014 for REQUEST 1741682469395
[2025-03-11 17:41:10,801] [INFO] [30073] PREPARE received from 30119 for REQUEST 1741682469395
[2025-03-11 17:41:10,801] [INFO] [30073] COMMIT received from 30119 for REQUEST 1741682469395
[2025-03-11 17:44:08,008] [INFO] Node started: localhost:30073 | index=74 | f=1, k=4
[2025-03-11 17:44:26,316] [INFO] [30073] PRE-PREPARE received: {'request_id': 1741682666245, 'data': 'llapbft_message_1741682666245', 'timestamp': 1741682666.2776651, 'leader': 30029, 'cluster_id': 3, 'cluster_ports': [30004, 30005, 30008, 30011, 30012, 30017, 30018, 30021, 30029, 30033, 30040, 30042, 30045, 30052, 30057, 30068, 30070, 30072, 30073, 30074, 30076, 30084, 30088, 30091, 30094, 30100, 30103, 30105, 30107, 30109, 30110, 30117, 30121, 30125, 30130, 30133, 30137, 30138, 30139, 30145], 'cluster_manager': {'host': 'localhost', 'port': 30018, 'latitude': 36.6268812, 'longitude': 127.4589418, 'altitude': 19, 'offset_m': 'lat: 31 m, lng: 39 m, alt: 19 m'}, 'simulated_delay': 0.00026933333333333334, 'distance': 164.8984763105392, 'message_size_bits': 4848}
[2025-03-11 17:44:26,316] [INFO] [30073] Broadcasting PREPARE: REQUEST 1741682666245
[2025-03-11 17:44:26,556] [INFO] [30073] PREPARE received from 30138 for REQUEST 1741682666245
[2025-03-11 17:44:26,556] [INFO] [30073] Broadcasting COMMIT: REQUEST 1741682666245
[2025-03-11 17:44:26,556] [INFO] [30073] PREPARE received from 30130 for REQUEST 1741682666245
[2025-03-11 17:44:26,582] [INFO] [30073] PREPARE received from 30110 for REQUEST 1741682666245
[2025-03-11 17:44:26,582] [INFO] [30073] PREPARE received from 30076 for REQUEST 1741682666245
[2025-03-11 17:44:26,582] [INFO] [30073] PREPARE received from 30133 for REQUEST 1741682666245
[2025-03-11 17:44:26,867] [INFO] [30073] COMMIT received from 30130 for REQUEST 1741682666245
[2025-03-11 17:44:26,895] [INFO] [30073] PREPARE received from 30068 for REQUEST 1741682666245
[2025-03-11 17:44:26,895] [INFO] [30073] COMMIT received from 30138 for REQUEST 1741682666245
[2025-03-11 17:44:26,895] [INFO] [30073] COMMIT complete. Sending PRE-REPLY: REQUEST 1741682666245 directly to Manager 30018
[2025-03-11 17:44:26,895] [INFO] [30073] COMMIT received from 30133 for REQUEST 1741682666245
[2025-03-11 17:44:26,895] [INFO] [30073] COMMIT received from 30110 for REQUEST 1741682666245
[2025-03-11 17:44:26,929] [INFO] [30073] COMMIT received from 30076 for REQUEST 1741682666245
[2025-03-11 17:44:26,950] [INFO] [30073] PREPARE received from 30125 for REQUEST 1741682666245
[2025-03-11 17:44:27,304] [INFO] [30073] PREPARE received from 30070 for REQUEST 1741682666245
[2025-03-11 17:44:27,318] [INFO] [30073] PREPARE received from 30084 for REQUEST 1741682666245
[2025-03-11 17:44:27,318] [INFO] [30073] COMMIT received from 30070 for REQUEST 1741682666245
[2025-03-11 17:44:27,318] [INFO] [30073] PREPARE received from 30139 for REQUEST 1741682666245
[2025-03-11 17:44:27,356] [INFO] [30073] COMMIT received from 30084 for REQUEST 1741682666245
[2025-03-11 17:44:27,356] [INFO] [30073] COMMIT received from 30139 for REQUEST 1741682666245
[2025-03-11 17:44:27,493] [INFO] [30073] PREPARE received from 30091 for REQUEST 1741682666245
[2025-03-11 17:44:27,493] [INFO] [30073] PREPARE received from 30057 for REQUEST 1741682666245
[2025-03-11 17:44:27,493] [INFO] [30073] COMMIT received from 30068 for REQUEST 1741682666245
[2025-03-11 17:44:27,493] [INFO] [30073] PREPARE received from 30005 for REQUEST 1741682666245
[2025-03-11 17:44:27,493] [INFO] [30073] COMMIT received from 30125 for REQUEST 1741682666245
[2025-03-11 17:44:27,505] [INFO] [30073] COMMIT received from 30057 for REQUEST 1741682666245
[2025-03-11 17:44:27,505] [INFO] [30073] COMMIT received from 30091 for REQUEST 1741682666245
[2025-03-11 17:44:27,513] [INFO] [30073] PREPARE received from 30045 for REQUEST 1741682666245
[2025-03-11 17:44:27,531] [INFO] [30073] COMMIT received from 30045 for REQUEST 1741682666245
[2025-03-11 17:44:27,557] [INFO] [30073] PREPARE received from 30052 for REQUEST 1741682666245
[2025-03-11 17:44:27,615] [INFO] [30073] COMMIT received from 30052 for REQUEST 1741682666245
[2025-03-11 17:44:27,802] [INFO] [30073] PREPARE received from 30011 for REQUEST 1741682666245
[2025-03-11 17:44:27,802] [INFO] [30073] PREPARE received from 30121 for REQUEST 1741682666245
[2025-03-11 17:44:27,815] [INFO] [30073] PREPARE received from 30105 for REQUEST 1741682666245
[2025-03-11 17:44:27,819] [INFO] [30073] COMMIT received from 30011 for REQUEST 1741682666245
[2025-03-11 17:44:27,819] [INFO] [30073] COMMIT received from 30105 for REQUEST 1741682666245
[2025-03-11 17:44:27,945] [INFO] [30073] PREPARE received from 30021 for REQUEST 1741682666245
[2025-03-11 17:44:27,945] [INFO] [30073] COMMIT received from 30121 for REQUEST 1741682666245
[2025-03-11 17:44:27,945] [INFO] [30073] COMMIT received from 30021 for REQUEST 1741682666245
[2025-03-11 17:44:27,967] [INFO] [30073] PREPARE received from 30103 for REQUEST 1741682666245
[2025-03-11 17:44:27,967] [INFO] [30073] PREPARE received from 30088 for REQUEST 1741682666245
[2025-03-11 17:44:27,967] [INFO] [30073] COMMIT received from 30088 for REQUEST 1741682666245
[2025-03-11 17:44:27,967] [INFO] [30073] COMMIT received from 30103 for REQUEST 1741682666245
[2025-03-11 17:44:28,063] [INFO] [30073] COMMIT received from 30005 for REQUEST 1741682666245
[2025-03-11 17:44:28,079] [INFO] [30073] PREPARE received from 30137 for REQUEST 1741682666245
[2025-03-11 17:44:28,079] [INFO] [30073] PREPARE received from 30117 for REQUEST 1741682666245
[2025-03-11 17:44:28,081] [INFO] [30073] COMMIT received from 30117 for REQUEST 1741682666245
[2025-03-11 17:44:28,081] [INFO] [30073] COMMIT received from 30137 for REQUEST 1741682666245
[2025-03-11 17:44:28,158] [INFO] [30073] PREPARE received from 30040 for REQUEST 1741682666245
[2025-03-11 17:44:28,161] [INFO] [30073] PREPARE received from 30145 for REQUEST 1741682666245
[2025-03-11 17:44:28,177] [INFO] [30073] COMMIT received from 30107 for REQUEST 1741682666245
[2025-03-11 17:44:28,177] [INFO] [30073] PREPARE received from 30107 for REQUEST 1741682666245
[2025-03-11 17:44:28,177] [INFO] [30073] COMMIT received from 30040 for REQUEST 1741682666245
[2025-03-11 17:44:28,204] [INFO] [30073] COMMIT received from 30145 for REQUEST 1741682666245
[2025-03-11 17:44:28,235] [INFO] [30073] PREPARE received from 30033 for REQUEST 1741682666245
[2025-03-11 17:44:28,271] [INFO] [30073] COMMIT received from 30033 for REQUEST 1741682666245
[2025-03-11 17:44:28,340] [INFO] [30073] COMMIT received from 30029 for REQUEST 1741682666245
[2025-03-11 17:44:28,344] [INFO] [30073] PREPARE received from 30074 for REQUEST 1741682666245
[2025-03-11 17:44:28,344] [INFO] [30073] COMMIT received from 30074 for REQUEST 1741682666245
[2025-03-11 17:44:28,540] [INFO] [30073] PREPARE received from 30100 for REQUEST 1741682666245
[2025-03-11 17:44:28,540] [INFO] [30073] COMMIT received from 30100 for REQUEST 1741682666245
[2025-03-11 17:44:28,852] [INFO] [30073] PREPARE received from 30109 for REQUEST 1741682666245
[2025-03-11 17:44:28,852] [INFO] [30073] COMMIT received from 30109 for REQUEST 1741682666245
[2025-03-11 17:44:29,068] [INFO] [30073] PREPARE received from 30004 for REQUEST 1741682666245
[2025-03-11 17:44:29,078] [INFO] [30073] COMMIT received from 30004 for REQUEST 1741682666245
[2025-03-11 17:44:29,078] [INFO] [30073] PREPARE received from 30094 for REQUEST 1741682666245
[2025-03-11 17:44:29,078] [INFO] [30073] COMMIT received from 30094 for REQUEST 1741682666245
[2025-03-11 17:44:29,299] [INFO] [30073] PREPARE received from 30017 for REQUEST 1741682666245
[2025-03-11 17:44:29,299] [INFO] [30073] COMMIT received from 30017 for REQUEST 1741682666245
[2025-03-11 17:47:44,715] [INFO] Node started: localhost:30073 | index=74 | f=1, k=4
[2025-03-11 17:48:11,897] [INFO] [30073] PRE-PREPARE received: {'request_id': 1741682891617, 'data': 'llapbft_message_1741682891617', 'timestamp': 1741682891.640408, 'leader': 30066, 'cluster_id': 3, 'cluster_ports': [30002, 30022, 30024, 30028, 30031, 30037, 30041, 30048, 30051, 30052, 30057, 30059, 30066, 30070, 30073, 30075, 30076, 30079, 30084, 30088, 30089, 30093, 30096, 30098, 30100, 30101, 30102, 30109, 30110, 30113, 30115, 30116, 30118, 30133, 30137, 30138, 30140, 30141, 30144, 30146, 30151, 30152, 30153, 30154, 30156, 30180, 30183, 30191, 30193, 30198], 'cluster_manager': {'host': 'localhost', 'port': 30133, 'latitude': 36.6274955, 'longitude': 127.4587659, 'altitude': 30, 'offset_m': 'lat: 99 m, lng: 23 m, alt: 30 m'}, 'simulated_delay': 0.000225, 'distance': 106.59942249520391, 'message_size_bits': 5400}
[2025-03-11 17:48:11,897] [INFO] [30073] Broadcasting PREPARE: REQUEST 1741682891617
[2025-03-11 17:48:12,022] [INFO] [30073] PREPARE received from 30138 for REQUEST 1741682891617
[2025-03-11 17:48:12,022] [INFO] [30073] Broadcasting COMMIT: REQUEST 1741682891617
[2025-03-11 17:48:12,142] [INFO] [30073] PREPARE received from 30075 for REQUEST 1741682891617
[2025-03-11 17:48:12,144] [INFO] [30073] PREPARE received from 30088 for REQUEST 1741682891617
[2025-03-11 17:48:12,317] [INFO] [30073] PREPARE received from 30146 for REQUEST 1741682891617
[2025-03-11 17:48:12,317] [INFO] [30073] COMMIT received from 30183 for REQUEST 1741682891617
[2025-03-11 17:48:12,317] [INFO] [30073] PREPARE received from 30183 for REQUEST 1741682891617
[2025-03-11 17:48:12,317] [INFO] [30073] COMMIT received from 30088 for REQUEST 1741682891617
[2025-03-11 17:48:12,317] [INFO] [30073] COMMIT complete. Sending PRE-REPLY: REQUEST 1741682891617 directly to Manager 30133
[2025-03-11 17:48:12,317] [INFO] [30073] COMMIT received from 30138 for REQUEST 1741682891617
[2025-03-11 17:48:12,317] [INFO] [30073] COMMIT received from 30075 for REQUEST 1741682891617
[2025-03-11 17:48:12,481] [INFO] [30073] COMMIT received from 30146 for REQUEST 1741682891617
[2025-03-11 17:48:12,481] [INFO] [30073] PREPARE received from 30079 for REQUEST 1741682891617
[2025-03-11 17:48:12,494] [INFO] [30073] COMMIT received from 30079 for REQUEST 1741682891617
[2025-03-11 17:48:12,687] [INFO] [30073] PREPARE received from 30059 for REQUEST 1741682891617
[2025-03-11 17:48:12,902] [INFO] [30073] PREPARE received from 30052 for REQUEST 1741682891617
[2025-03-11 17:48:12,902] [INFO] [30073] COMMIT received from 30052 for REQUEST 1741682891617
[2025-03-11 17:48:13,076] [INFO] [30073] PREPARE received from 30116 for REQUEST 1741682891617
[2025-03-11 17:48:13,076] [INFO] [30073] PREPARE received from 30096 for REQUEST 1741682891617
[2025-03-11 17:48:13,078] [INFO] [30073] COMMIT received from 30096 for REQUEST 1741682891617
[2025-03-11 17:48:13,078] [INFO] [30073] COMMIT received from 30116 for REQUEST 1741682891617
[2025-03-11 17:48:13,543] [INFO] [30073] PREPARE received from 30057 for REQUEST 1741682891617
[2025-03-11 17:48:13,546] [INFO] [30073] PREPARE received from 30022 for REQUEST 1741682891617
[2025-03-11 17:48:13,546] [INFO] [30073] PREPARE received from 30084 for REQUEST 1741682891617
[2025-03-11 17:48:13,546] [INFO] [30073] PREPARE received from 30151 for REQUEST 1741682891617
[2025-03-11 17:48:13,574] [INFO] [30073] COMMIT received from 30151 for REQUEST 1741682891617
[2025-03-11 17:48:13,574] [INFO] [30073] COMMIT received from 30084 for REQUEST 1741682891617
[2025-03-11 17:48:13,575] [INFO] [30073] COMMIT received from 30022 for REQUEST 1741682891617
[2025-03-11 17:48:13,575] [INFO] [30073] COMMIT received from 30057 for REQUEST 1741682891617
[2025-03-11 17:48:13,724] [INFO] [30073] COMMIT received from 30002 for REQUEST 1741682891617
[2025-03-11 17:48:13,724] [INFO] [30073] PREPARE received from 30002 for REQUEST 1741682891617
[2025-03-11 17:48:13,775] [INFO] [30073] PREPARE received from 30098 for REQUEST 1741682891617
[2025-03-11 17:48:13,816] [INFO] [30073] COMMIT received from 30098 for REQUEST 1741682891617
[2025-03-11 17:48:14,116] [INFO] [30073] PREPARE received from 30156 for REQUEST 1741682891617
[2025-03-11 17:48:14,131] [INFO] [30073] PREPARE received from 30031 for REQUEST 1741682891617
[2025-03-11 17:48:14,132] [INFO] [30073] COMMIT received from 30031 for REQUEST 1741682891617
[2025-03-11 17:48:14,132] [INFO] [30073] COMMIT received from 30156 for REQUEST 1741682891617
[2025-03-11 17:48:14,158] [INFO] [30073] PREPARE received from 30048 for REQUEST 1741682891617
[2025-03-11 17:48:14,158] [INFO] [30073] COMMIT received from 30048 for REQUEST 1741682891617
[2025-03-11 17:48:14,312] [INFO] [30073] COMMIT received from 30059 for REQUEST 1741682891617
[2025-03-11 17:48:14,312] [INFO] [30073] PREPARE received from 30153 for REQUEST 1741682891617
[2025-03-11 17:48:14,314] [INFO] [30073] COMMIT received from 30153 for REQUEST 1741682891617
[2025-03-11 17:48:14,735] [INFO] [30073] PREPARE received from 30093 for REQUEST 1741682891617
[2025-03-11 17:48:14,735] [INFO] [30073] COMMIT received from 30093 for REQUEST 1741682891617
[2025-03-11 17:48:15,066] [INFO] [30073] PREPARE received from 30193 for REQUEST 1741682891617
[2025-03-11 17:48:15,066] [INFO] [30073] PREPARE received from 30137 for REQUEST 1741682891617
[2025-03-11 17:48:15,066] [INFO] [30073] COMMIT received from 30191 for REQUEST 1741682891617
[2025-03-11 17:48:15,071] [INFO] [30073] COMMIT received from 30137 for REQUEST 1741682891617
[2025-03-11 17:48:15,071] [INFO] [30073] COMMIT received from 30193 for REQUEST 1741682891617
[2025-03-11 17:48:15,138] [INFO] [30073] PREPARE received from 30109 for REQUEST 1741682891617
[2025-03-11 17:48:15,138] [INFO] [30073] PREPARE received from 30191 for REQUEST 1741682891617
[2025-03-11 17:48:15,160] [INFO] [30073] COMMIT received from 30109 for REQUEST 1741682891617
[2025-03-11 17:48:15,224] [INFO] [30073] PREPARE received from 30152 for REQUEST 1741682891617
[2025-03-11 17:48:15,226] [INFO] [30073] COMMIT received from 30152 for REQUEST 1741682891617
[2025-03-11 17:48:15,373] [INFO] [30073] PREPARE received from 30100 for REQUEST 1741682891617
[2025-03-11 17:48:15,377] [INFO] [30073] COMMIT received from 30141 for REQUEST 1741682891617
[2025-03-11 17:48:15,377] [INFO] [30073] COMMIT received from 30100 for REQUEST 1741682891617
[2025-03-11 17:48:15,377] [INFO] [30073] PREPARE received from 30141 for REQUEST 1741682891617
[2025-03-11 17:48:15,568] [INFO] [30073] PREPARE received from 30037 for REQUEST 1741682891617
[2025-03-11 17:48:15,568] [INFO] [30073] COMMIT received from 30037 for REQUEST 1741682891617
[2025-03-11 17:48:16,027] [INFO] [30073] PREPARE received from 30110 for REQUEST 1741682891617
[2025-03-11 17:48:16,027] [INFO] [30073] COMMIT received from 30110 for REQUEST 1741682891617
[2025-03-11 17:48:16,036] [INFO] [30073] COMMIT received from 30066 for REQUEST 1741682891617
[2025-03-11 17:48:16,561] [INFO] [30073] PREPARE received from 30140 for REQUEST 1741682891617
[2025-03-11 17:48:16,563] [INFO] [30073] COMMIT received from 30140 for REQUEST 1741682891617
[2025-03-11 17:48:17,134] [INFO] [30073] PREPARE received from 30118 for REQUEST 1741682891617
[2025-03-11 17:48:17,134] [INFO] [30073] COMMIT received from 30118 for REQUEST 1741682891617
[2025-03-11 17:48:17,482] [INFO] [30073] PREPARE received from 30070 for REQUEST 1741682891617
[2025-03-11 17:48:17,482] [INFO] [30073] COMMIT received from 30070 for REQUEST 1741682891617
[2025-03-11 17:48:17,984] [INFO] [30073] PREPARE received from 30024 for REQUEST 1741682891617
[2025-03-11 17:48:17,984] [INFO] [30073] COMMIT received from 30024 for REQUEST 1741682891617
[2025-03-11 17:48:18,081] [INFO] [30073] PREPARE received from 30144 for REQUEST 1741682891617
[2025-03-11 17:48:18,083] [INFO] [30073] PREPARE received from 30115 for REQUEST 1741682891617
[2025-03-11 17:48:18,089] [INFO] [30073] COMMIT received from 30115 for REQUEST 1741682891617
[2025-03-11 17:48:18,089] [INFO] [30073] COMMIT received from 30144 for REQUEST 1741682891617
[2025-03-11 17:48:18,089] [INFO] [30073] PREPARE received from 30102 for REQUEST 1741682891617
[2025-03-11 17:48:18,129] [INFO] [30073] COMMIT received from 30102 for REQUEST 1741682891617
[2025-03-11 17:48:18,156] [INFO] [30073] PREPARE received from 30089 for REQUEST 1741682891617
[2025-03-11 17:48:18,202] [INFO] [30073] COMMIT received from 30089 for REQUEST 1741682891617
[2025-03-11 17:48:18,268] [INFO] [30073] PREPARE received from 30051 for REQUEST 1741682891617
[2025-03-11 17:48:18,268] [INFO] [30073] COMMIT received from 30051 for REQUEST 1741682891617
[2025-03-11 17:48:18,408] [INFO] [30073] PREPARE received from 30113 for REQUEST 1741682891617
[2025-03-11 17:48:18,408] [INFO] [30073] PREPARE received from 30180 for REQUEST 1741682891617
[2025-03-11 17:48:18,408] [INFO] [30073] PREPARE received from 30154 for REQUEST 1741682891617
[2025-03-11 17:48:18,422] [INFO] [30073] COMMIT received from 30154 for REQUEST 1741682891617
[2025-03-11 17:48:18,422] [INFO] [30073] COMMIT received from 30113 for REQUEST 1741682891617
[2025-03-11 17:48:18,422] [INFO] [30073] COMMIT received from 30180 for REQUEST 1741682891617
[2025-03-11 17:48:18,495] [INFO] [30073] PREPARE received from 30041 for REQUEST 1741682891617
[2025-03-11 17:48:18,495] [INFO] [30073] COMMIT received from 30041 for REQUEST 1741682891617
