[2025-03-11 17:35:27,429] [INFO] Node started: localhost:30037 | index=38 | f=1, k=4
[2025-03-11 17:35:39,040] [INFO] [CLUSTER LEADER 30037] Forwarded PRE-REQUEST received: {'request_id': 1741682139008, 'timestamp': 1741682139.0086334, 'data': 'llapbft_message_1741682139008', 'cluster_id': 0, 'cluster_ports': [30002, 30003, 30004, 30008, 30010, 30012, 30023, 30028, 30030, 30031, 30034, 30037], 'leader': 30037, 'client_port': 20001, 'origin': 'manager', 'simulated_delay': 0.00024044444444444444, 'distance': 166.2987310095943, 'message_size_bits': 4328, 'cluster_manager': {'host': 'localhost', 'port': 30012, 'latitude': 36.6273309, 'longitude': 127.4598022, 'altitude': 25, 'offset_m': 'lat: 81 m, lng: 116 m, alt: 25 m'}}
[2025-03-11 17:35:39,040] [INFO] [CLUSTER LEADER 30037] Broadcasting PRE-PREPARE: REQUEST 1741682139008
[2025-03-11 17:35:39,103] [INFO] [30037] PREPARE received from 30010 for REQUEST 1741682139008
[2025-03-11 17:35:39,103] [INFO] [30037] COMMIT received from 30010 for REQUEST 1741682139008
[2025-03-11 17:35:39,107] [INFO] [30037] PREPARE received from 30030 for REQUEST 1741682139008
[2025-03-11 17:35:39,107] [INFO] [30037] Broadcasting COMMIT: REQUEST 1741682139008
[2025-03-11 17:35:39,107] [INFO] [30037] PREPARE received from 30031 for REQUEST 1741682139008
[2025-03-11 17:35:39,121] [INFO] [30037] PREPARE received from 30028 for REQUEST 1741682139008
[2025-03-11 17:35:39,121] [INFO] [30037] COMMIT received from 30030 for REQUEST 1741682139008
[2025-03-11 17:35:39,121] [INFO] [30037] COMMIT complete. Sending PRE-REPLY: REQUEST 1741682139008 directly to Manager 30012
[2025-03-11 17:35:39,121] [INFO] [30037] COMMIT received from 30031 for REQUEST 1741682139008
[2025-03-11 17:35:39,133] [INFO] [30037] PREPARE received from 30034 for REQUEST 1741682139008
[2025-03-11 17:35:39,135] [INFO] [30037] COMMIT received from 30034 for REQUEST 1741682139008
[2025-03-11 17:35:39,137] [INFO] [30037] PREPARE received from 30002 for REQUEST 1741682139008
[2025-03-11 17:35:39,139] [INFO] [30037] COMMIT received from 30002 for REQUEST 1741682139008
[2025-03-11 17:35:39,139] [INFO] [30037] COMMIT received from 30003 for REQUEST 1741682139008
[2025-03-11 17:35:39,139] [INFO] [30037] PREPARE received from 30023 for REQUEST 1741682139008
[2025-03-11 17:35:39,139] [INFO] [30037] COMMIT received from 30023 for REQUEST 1741682139008
[2025-03-11 17:35:39,139] [INFO] [30037] PREPARE received from 30003 for REQUEST 1741682139008
[2025-03-11 17:35:39,139] [INFO] [30037] COMMIT received from 30028 for REQUEST 1741682139008
[2025-03-11 17:35:39,139] [INFO] [30037] PREPARE received from 30008 for REQUEST 1741682139008
[2025-03-11 17:35:39,139] [INFO] [30037] PREPARE received from 30004 for REQUEST 1741682139008
[2025-03-11 17:35:39,139] [INFO] [30037] COMMIT received from 30008 for REQUEST 1741682139008
[2025-03-11 17:35:39,150] [INFO] [30037] COMMIT received from 30004 for REQUEST 1741682139008
[2025-03-11 17:36:04,189] [INFO] Node started: localhost:30037 | index=38 | f=1, k=4
[2025-03-11 17:36:05,268] [INFO] [30037] PRE-PREPARE received: {'request_id': 1741682165210, 'data': 'llapbft_message_1741682165210', 'timestamp': 1741682165.2427554, 'leader': 30016, 'cluster_id': 3, 'cluster_ports': [30004, 30009, 30011, 30012, 30013, 30014, 30016, 30019, 30020, 30022, 30023, 30029, 30032, 30035, 30037], 'cluster_manager': {'host': 'localhost', 'port': 30012, 'latitude': 36.6273309, 'longitude': 127.4598022, 'altitude': 25, 'offset_m': 'lat: 81 m, lng: 116 m, alt: 25 m'}, 'simulated_delay': 0.000144, 'distance': 102.86008120509246, 'message_size_bits': 3456}
[2025-03-11 17:36:05,268] [INFO] [30037] Broadcasting PREPARE: REQUEST 1741682165210
[2025-03-11 17:36:05,290] [INFO] [30037] PREPARE received from 30032 for REQUEST 1741682165210
[2025-03-11 17:36:05,290] [INFO] [30037] Broadcasting COMMIT: REQUEST 1741682165210
[2025-03-11 17:36:05,316] [INFO] [30037] PREPARE received from 30020 for REQUEST 1741682165210
[2025-03-11 17:36:05,321] [INFO] [30037] PREPARE received from 30014 for REQUEST 1741682165210
[2025-03-11 17:36:05,321] [INFO] [30037] COMMIT received from 30020 for REQUEST 1741682165210
[2025-03-11 17:36:05,321] [INFO] [30037] PREPARE received from 30019 for REQUEST 1741682165210
[2025-03-11 17:36:05,321] [INFO] [30037] PREPARE received from 30023 for REQUEST 1741682165210
[2025-03-11 17:36:05,321] [INFO] [30037] PREPARE received from 30035 for REQUEST 1741682165210
[2025-03-11 17:36:05,321] [INFO] [30037] COMMIT received from 30016 for REQUEST 1741682165210
[2025-03-11 17:36:05,321] [INFO] [30037] COMMIT complete. Sending PRE-REPLY: REQUEST 1741682165210 directly to Manager 30012
[2025-03-11 17:36:05,321] [INFO] [30037] COMMIT received from 30014 for REQUEST 1741682165210
[2025-03-11 17:36:05,321] [INFO] [30037] COMMIT received from 30032 for REQUEST 1741682165210
[2025-03-11 17:36:05,321] [INFO] [30037] COMMIT received from 30035 for REQUEST 1741682165210
[2025-03-11 17:36:05,321] [INFO] [30037] PREPARE received from 30022 for REQUEST 1741682165210
[2025-03-11 17:36:05,321] [INFO] [30037] COMMIT received from 30019 for REQUEST 1741682165210
[2025-03-11 17:36:05,321] [INFO] [30037] PREPARE received from 30009 for REQUEST 1741682165210
[2025-03-11 17:36:05,321] [INFO] [30037] COMMIT received from 30022 for REQUEST 1741682165210
[2025-03-11 17:36:05,321] [INFO] [30037] PREPARE received from 30013 for REQUEST 1741682165210
[2025-03-11 17:36:05,321] [INFO] [30037] COMMIT received from 30009 for REQUEST 1741682165210
[2025-03-11 17:36:05,321] [INFO] [30037] PREPARE received from 30011 for REQUEST 1741682165210
[2025-03-11 17:36:05,321] [INFO] [30037] COMMIT received from 30013 for REQUEST 1741682165210
[2025-03-11 17:36:05,321] [INFO] [30037] COMMIT received from 30004 for REQUEST 1741682165210
[2025-03-11 17:36:05,321] [INFO] [30037] PREPARE received from 30004 for REQUEST 1741682165210
[2025-03-11 17:36:05,321] [INFO] [30037] PREPARE received from 30029 for REQUEST 1741682165210
[2025-03-11 17:36:05,321] [INFO] [30037] COMMIT received from 30011 for REQUEST 1741682165210
[2025-03-11 17:36:05,321] [INFO] [30037] COMMIT received from 30029 for REQUEST 1741682165210
[2025-03-11 17:36:05,337] [INFO] [30037] COMMIT received from 30023 for REQUEST 1741682165210
[2025-03-11 17:38:23,631] [INFO] Node started: localhost:30037 | index=38 | f=1, k=4
[2025-03-11 17:38:33,574] [INFO] [30037] PRE-PREPARE received: {'request_id': 1741682313511, 'data': 'llapbft_message_1741682313511', 'timestamp': 1741682313.5429404, 'leader': 30025, 'cluster_id': 1, 'cluster_ports': [30002, 30005, 30006, 30008, 30009, 30011, 30024, 30025, 30029, 30031, 30034, 30035, 30037, 30041, 30053, 30056, 30074], 'cluster_manager': {'host': 'localhost', 'port': 30011, 'latitude': 36.6272194, 'longitude': 127.4585812, 'altitude': 57, 'offset_m': 'lat: 68 m, lng: 7 m, alt: 57 m'}, 'simulated_delay': 0.000148, 'distance': 128.4902306646687, 'message_size_bits': 3552}
[2025-03-11 17:38:33,574] [INFO] [30037] Broadcasting PREPARE: REQUEST 1741682313511
[2025-03-11 17:38:33,620] [INFO] [30037] PREPARE received from 30031 for REQUEST 1741682313511
[2025-03-11 17:38:33,620] [INFO] [30037] Broadcasting COMMIT: REQUEST 1741682313511
[2025-03-11 17:38:33,718] [INFO] [30037] PREPARE received from 30005 for REQUEST 1741682313511
[2025-03-11 17:38:33,880] [INFO] [30037] PREPARE received from 30006 for REQUEST 1741682313511
[2025-03-11 17:38:33,880] [INFO] [30037] PREPARE received from 30056 for REQUEST 1741682313511
[2025-03-11 17:38:33,924] [INFO] [30037] PREPARE received from 30035 for REQUEST 1741682313511
[2025-03-11 17:38:33,926] [INFO] [30037] PREPARE received from 30008 for REQUEST 1741682313511
[2025-03-11 17:38:33,926] [INFO] [30037] PREPARE received from 30002 for REQUEST 1741682313511
[2025-03-11 17:38:33,926] [INFO] [30037] COMMIT received from 30029 for REQUEST 1741682313511
[2025-03-11 17:38:33,928] [INFO] [30037] PREPARE received from 30041 for REQUEST 1741682313511
[2025-03-11 17:38:33,928] [INFO] [30037] COMMIT received from 30056 for REQUEST 1741682313511
[2025-03-11 17:38:33,928] [INFO] [30037] COMMIT complete. Sending PRE-REPLY: REQUEST 1741682313511 directly to Manager 30011
[2025-03-11 17:38:33,928] [INFO] [30037] COMMIT received from 30006 for REQUEST 1741682313511
[2025-03-11 17:38:33,935] [INFO] [30037] PREPARE received from 30029 for REQUEST 1741682313511
[2025-03-11 17:38:33,935] [INFO] [30037] COMMIT received from 30035 for REQUEST 1741682313511
[2025-03-11 17:38:33,943] [INFO] [30037] COMMIT received from 30005 for REQUEST 1741682313511
[2025-03-11 17:38:33,943] [INFO] [30037] COMMIT received from 30008 for REQUEST 1741682313511
[2025-03-11 17:38:33,943] [INFO] [30037] COMMIT received from 30002 for REQUEST 1741682313511
[2025-03-11 17:38:33,945] [INFO] [30037] COMMIT received from 30025 for REQUEST 1741682313511
[2025-03-11 17:38:33,945] [INFO] [30037] COMMIT received from 30041 for REQUEST 1741682313511
[2025-03-11 17:38:33,945] [INFO] [30037] PREPARE received from 30074 for REQUEST 1741682313511
[2025-03-11 17:38:33,949] [INFO] [30037] PREPARE received from 30034 for REQUEST 1741682313511
[2025-03-11 17:38:33,949] [INFO] [30037] PREPARE received from 30024 for REQUEST 1741682313511
[2025-03-11 17:38:33,949] [INFO] [30037] PREPARE received from 30009 for REQUEST 1741682313511
[2025-03-11 17:38:33,949] [INFO] [30037] PREPARE received from 30053 for REQUEST 1741682313511
[2025-03-11 17:38:33,952] [INFO] [30037] COMMIT received from 30074 for REQUEST 1741682313511
[2025-03-11 17:38:33,952] [INFO] [30037] COMMIT received from 30053 for REQUEST 1741682313511
[2025-03-11 17:38:33,952] [INFO] [30037] COMMIT received from 30034 for REQUEST 1741682313511
[2025-03-11 17:38:33,952] [INFO] [30037] COMMIT received from 30031 for REQUEST 1741682313511
[2025-03-11 17:38:33,952] [INFO] [30037] COMMIT received from 30009 for REQUEST 1741682313511
[2025-03-11 17:38:33,952] [INFO] [30037] COMMIT received from 30024 for REQUEST 1741682313511
[2025-03-11 17:40:52,301] [INFO] Node started: localhost:30037 | index=38 | f=1, k=4
[2025-03-11 17:41:09,446] [INFO] [30037] PRE-PREPARE received: {'request_id': 1741682469395, 'data': 'llapbft_message_1741682469395', 'timestamp': 1741682469.412458, 'leader': 30110, 'cluster_id': 1, 'cluster_ports': [30002, 30003, 30004, 30006, 30007, 30008, 30016, 30019, 30023, 30027, 30028, 30029, 30035, 30037, 30043, 30054, 30057, 30064, 30065, 30067, 30069, 30070, 30075, 30076, 30077, 30089, 30094, 30095, 30099, 30101, 30102, 30104, 30110, 30112, 30114, 30117], 'cluster_manager': {'host': 'localhost', 'port': 30064, 'latitude': 36.6269153, 'longitude': 127.4594273, 'altitude': 54, 'offset_m': 'lat: 35 m, lng: 82 m, alt: 54 m'}, 'simulated_delay': 0.00012822222222222222, 'distance': 83.99535414046181, 'message_size_bits': 4616}
[2025-03-11 17:41:09,446] [INFO] [30037] Broadcasting PREPARE: REQUEST 1741682469395
[2025-03-11 17:41:10,530] [INFO] [30037] PREPARE received from 30070 for REQUEST 1741682469395
[2025-03-11 17:41:10,530] [INFO] [30037] Broadcasting COMMIT: REQUEST 1741682469395
[2025-03-11 17:41:10,530] [INFO] [30037] PREPARE received from 30029 for REQUEST 1741682469395
[2025-03-11 17:41:10,533] [INFO] [30037] COMMIT received from 30102 for REQUEST 1741682469395
[2025-03-11 17:41:10,533] [INFO] [30037] PREPARE received from 30035 for REQUEST 1741682469395
[2025-03-11 17:41:10,533] [INFO] [30037] PREPARE received from 30114 for REQUEST 1741682469395
[2025-03-11 17:41:10,533] [INFO] [30037] COMMIT received from 30057 for REQUEST 1741682469395
[2025-03-11 17:41:10,533] [INFO] [30037] COMMIT complete. Sending PRE-REPLY: REQUEST 1741682469395 directly to Manager 30064
[2025-03-11 17:41:10,533] [INFO] [30037] PREPARE received from 30008 for REQUEST 1741682469395
[2025-03-11 17:41:10,533] [INFO] [30037] PREPARE received from 30007 for REQUEST 1741682469395
[2025-03-11 17:41:10,533] [INFO] [30037] COMMIT received from 30117 for REQUEST 1741682469395
[2025-03-11 17:41:10,533] [INFO] [30037] COMMIT received from 30007 for REQUEST 1741682469395
[2025-03-11 17:41:10,533] [INFO] [30037] COMMIT received from 30110 for REQUEST 1741682469395
[2025-03-11 17:41:10,533] [INFO] [30037] COMMIT received from 30008 for REQUEST 1741682469395
[2025-03-11 17:41:10,533] [INFO] [30037] COMMIT received from 30016 for REQUEST 1741682469395
[2025-03-11 17:41:10,533] [INFO] [30037] COMMIT received from 30065 for REQUEST 1741682469395
[2025-03-11 17:41:10,533] [INFO] [30037] PREPARE received from 30102 for REQUEST 1741682469395
[2025-03-11 17:41:10,533] [INFO] [30037] COMMIT received from 30003 for REQUEST 1741682469395
[2025-03-11 17:41:10,533] [INFO] [30037] PREPARE received from 30002 for REQUEST 1741682469395
[2025-03-11 17:41:10,533] [INFO] [30037] COMMIT received from 30002 for REQUEST 1741682469395
[2025-03-11 17:41:10,533] [INFO] [30037] COMMIT received from 30028 for REQUEST 1741682469395
[2025-03-11 17:41:10,533] [INFO] [30037] PREPARE received from 30065 for REQUEST 1741682469395
[2025-03-11 17:41:10,533] [INFO] [30037] COMMIT received from 30101 for REQUEST 1741682469395
[2025-03-11 17:41:10,533] [INFO] [30037] PREPARE received from 30054 for REQUEST 1741682469395
[2025-03-11 17:41:10,533] [INFO] [30037] PREPARE received from 30004 for REQUEST 1741682469395
[2025-03-11 17:41:10,533] [INFO] [30037] PREPARE received from 30057 for REQUEST 1741682469395
[2025-03-11 17:41:10,533] [INFO] [30037] PREPARE received from 30016 for REQUEST 1741682469395
[2025-03-11 17:41:10,533] [INFO] [30037] PREPARE received from 30076 for REQUEST 1741682469395
[2025-03-11 17:41:10,533] [INFO] [30037] COMMIT received from 30004 for REQUEST 1741682469395
[2025-03-11 17:41:10,533] [INFO] [30037] PREPARE received from 30104 for REQUEST 1741682469395
[2025-03-11 17:41:10,533] [INFO] [30037] COMMIT received from 30095 for REQUEST 1741682469395
[2025-03-11 17:41:10,533] [INFO] [30037] PREPARE received from 30067 for REQUEST 1741682469395
[2025-03-11 17:41:10,533] [INFO] [30037] COMMIT received from 30075 for REQUEST 1741682469395
[2025-03-11 17:41:10,533] [INFO] [30037] PREPARE received from 30095 for REQUEST 1741682469395
[2025-03-11 17:41:10,533] [INFO] [30037] COMMIT received from 30112 for REQUEST 1741682469395
[2025-03-11 17:41:10,533] [INFO] [30037] COMMIT received from 30035 for REQUEST 1741682469395
[2025-03-11 17:41:10,533] [INFO] [30037] PREPARE received from 30099 for REQUEST 1741682469395
[2025-03-11 17:41:10,533] [INFO] [30037] COMMIT received from 30089 for REQUEST 1741682469395
[2025-03-11 17:41:10,533] [INFO] [30037] PREPARE received from 30069 for REQUEST 1741682469395
[2025-03-11 17:41:10,545] [INFO] [30037] COMMIT received from 30019 for REQUEST 1741682469395
[2025-03-11 17:41:10,545] [INFO] [30037] PREPARE received from 30112 for REQUEST 1741682469395
[2025-03-11 17:41:10,545] [INFO] [30037] COMMIT received from 30067 for REQUEST 1741682469395
[2025-03-11 17:41:10,545] [INFO] [30037] PREPARE received from 30043 for REQUEST 1741682469395
[2025-03-11 17:41:10,545] [INFO] [30037] COMMIT received from 30099 for REQUEST 1741682469395
[2025-03-11 17:41:10,545] [INFO] [30037] PREPARE received from 30117 for REQUEST 1741682469395
[2025-03-11 17:41:10,545] [INFO] [30037] COMMIT received from 30029 for REQUEST 1741682469395
[2025-03-11 17:41:10,545] [INFO] [30037] PREPARE received from 30089 for REQUEST 1741682469395
[2025-03-11 17:41:10,545] [INFO] [30037] COMMIT received from 30104 for REQUEST 1741682469395
[2025-03-11 17:41:10,545] [INFO] [30037] PREPARE received from 30006 for REQUEST 1741682469395
[2025-03-11 17:41:10,545] [INFO] [30037] PREPARE received from 30019 for REQUEST 1741682469395
[2025-03-11 17:41:10,548] [INFO] [30037] COMMIT received from 30114 for REQUEST 1741682469395
[2025-03-11 17:41:10,548] [INFO] [30037] COMMIT received from 30069 for REQUEST 1741682469395
[2025-03-11 17:41:10,548] [INFO] [30037] PREPARE received from 30075 for REQUEST 1741682469395
[2025-03-11 17:41:10,556] [INFO] [30037] COMMIT received from 30070 for REQUEST 1741682469395
[2025-03-11 17:41:10,560] [INFO] [30037] PREPARE received from 30028 for REQUEST 1741682469395
[2025-03-11 17:41:10,560] [INFO] [30037] PREPARE received from 30094 for REQUEST 1741682469395
[2025-03-11 17:41:10,560] [INFO] [30037] PREPARE received from 30101 for REQUEST 1741682469395
[2025-03-11 17:41:10,560] [INFO] [30037] COMMIT received from 30043 for REQUEST 1741682469395
[2025-03-11 17:41:10,560] [INFO] [30037] PREPARE received from 30003 for REQUEST 1741682469395
[2025-03-11 17:41:10,560] [INFO] [30037] PREPARE received from 30077 for REQUEST 1741682469395
[2025-03-11 17:41:10,564] [INFO] [30037] COMMIT received from 30054 for REQUEST 1741682469395
[2025-03-11 17:41:10,566] [INFO] [30037] COMMIT received from 30077 for REQUEST 1741682469395
[2025-03-11 17:41:10,566] [INFO] [30037] COMMIT received from 30094 for REQUEST 1741682469395
[2025-03-11 17:41:10,566] [INFO] [30037] COMMIT received from 30006 for REQUEST 1741682469395
[2025-03-11 17:41:10,566] [INFO] [30037] PREPARE received from 30027 for REQUEST 1741682469395
[2025-03-11 17:41:10,566] [INFO] [30037] PREPARE received from 30023 for REQUEST 1741682469395
[2025-03-11 17:41:10,580] [INFO] [30037] COMMIT received from 30023 for REQUEST 1741682469395
[2025-03-11 17:41:10,580] [INFO] [30037] COMMIT received from 30027 for REQUEST 1741682469395
[2025-03-11 17:41:10,776] [INFO] [30037] COMMIT received from 30076 for REQUEST 1741682469395
[2025-03-11 17:44:00,742] [INFO] Node started: localhost:30037 | index=38 | f=1, k=4
[2025-03-11 17:44:26,334] [INFO] [30037] PRE-PREPARE received: {'request_id': 1741682666245, 'data': 'llapbft_message_1741682666245', 'timestamp': 1741682666.2776651, 'leader': 30075, 'cluster_id': 2, 'cluster_ports': [30006, 30010, 30013, 30024, 30026, 30030, 30035, 30037, 30039, 30041, 30067, 30069, 30075, 30079, 30080, 30082, 30090, 30093, 30098, 30102, 30106, 30108, 30112, 30118, 30122, 30131, 30135, 30140, 30142, 30143, 30148, 30149, 30150, 30152, 30155, 30157, 30159], 'cluster_manager': {'host': 'localhost', 'port': 30155, 'latitude': 36.6273161, 'longitude': 127.4588617, 'altitude': 49, 'offset_m': 'lat: 79 m, lng: 32 m, alt: 49 m'}, 'simulated_delay': 0.000195, 'distance': 124.38850156407807, 'message_size_bits': 4680}
[2025-03-11 17:44:26,336] [INFO] [30037] Broadcasting PREPARE: REQUEST 1741682666245
[2025-03-11 17:44:27,397] [INFO] [30037] PREPARE received from 30013 for REQUEST 1741682666245
[2025-03-11 17:44:27,397] [INFO] [30037] Broadcasting COMMIT: REQUEST 1741682666245
[2025-03-11 17:44:27,403] [INFO] [30037] COMMIT received from 30122 for REQUEST 1741682666245
[2025-03-11 17:44:27,403] [INFO] [30037] PREPARE received from 30135 for REQUEST 1741682666245
[2025-03-11 17:44:27,403] [INFO] [30037] COMMIT received from 30030 for REQUEST 1741682666245
[2025-03-11 17:44:27,403] [INFO] [30037] COMMIT complete. Sending PRE-REPLY: REQUEST 1741682666245 directly to Manager 30155
[2025-03-11 17:44:27,403] [INFO] [30037] PREPARE received from 30122 for REQUEST 1741682666245
[2025-03-11 17:44:27,403] [INFO] [30037] COMMIT received from 30152 for REQUEST 1741682666245
[2025-03-11 17:44:27,403] [INFO] [30037] PREPARE received from 30026 for REQUEST 1741682666245
[2025-03-11 17:44:27,403] [INFO] [30037] COMMIT received from 30067 for REQUEST 1741682666245
[2025-03-11 17:44:27,403] [INFO] [30037] PREPARE received from 30035 for REQUEST 1741682666245
[2025-03-11 17:44:27,403] [INFO] [30037] PREPARE received from 30150 for REQUEST 1741682666245
[2025-03-11 17:44:27,403] [INFO] [30037] COMMIT received from 30102 for REQUEST 1741682666245
[2025-03-11 17:44:27,403] [INFO] [30037] COMMIT received from 30108 for REQUEST 1741682666245
[2025-03-11 17:44:27,403] [INFO] [30037] COMMIT received from 30143 for REQUEST 1741682666245
[2025-03-11 17:44:27,403] [INFO] [30037] COMMIT received from 30135 for REQUEST 1741682666245
[2025-03-11 17:44:27,403] [INFO] [30037] COMMIT received from 30082 for REQUEST 1741682666245
[2025-03-11 17:44:27,403] [INFO] [30037] COMMIT received from 30159 for REQUEST 1741682666245
[2025-03-11 17:44:27,403] [INFO] [30037] PREPARE received from 30030 for REQUEST 1741682666245
[2025-03-11 17:44:27,403] [INFO] [30037] COMMIT received from 30013 for REQUEST 1741682666245
[2025-03-11 17:44:27,403] [INFO] [30037] PREPARE received from 30082 for REQUEST 1741682666245
[2025-03-11 17:44:27,403] [INFO] [30037] COMMIT received from 30150 for REQUEST 1741682666245
[2025-03-11 17:44:27,410] [INFO] [30037] PREPARE received from 30143 for REQUEST 1741682666245
[2025-03-11 17:44:27,410] [INFO] [30037] PREPARE received from 30159 for REQUEST 1741682666245
[2025-03-11 17:44:27,410] [INFO] [30037] COMMIT received from 30035 for REQUEST 1741682666245
[2025-03-11 17:44:27,410] [INFO] [30037] PREPARE received from 30093 for REQUEST 1741682666245
[2025-03-11 17:44:27,412] [INFO] [30037] PREPARE received from 30108 for REQUEST 1741682666245
[2025-03-11 17:44:27,412] [INFO] [30037] COMMIT received from 30093 for REQUEST 1741682666245
[2025-03-11 17:44:27,457] [INFO] [30037] PREPARE received from 30148 for REQUEST 1741682666245
[2025-03-11 17:44:27,461] [INFO] [30037] PREPARE received from 30067 for REQUEST 1741682666245
[2025-03-11 17:44:27,461] [INFO] [30037] PREPARE received from 30152 for REQUEST 1741682666245
[2025-03-11 17:44:27,461] [INFO] [30037] PREPARE received from 30024 for REQUEST 1741682666245
[2025-03-11 17:44:27,461] [INFO] [30037] PREPARE received from 30090 for REQUEST 1741682666245
[2025-03-11 17:44:27,461] [INFO] [30037] PREPARE received from 30069 for REQUEST 1741682666245
[2025-03-11 17:44:27,461] [INFO] [30037] PREPARE received from 30102 for REQUEST 1741682666245
[2025-03-11 17:44:27,463] [INFO] [30037] PREPARE received from 30079 for REQUEST 1741682666245
[2025-03-11 17:44:27,463] [INFO] [30037] COMMIT received from 30069 for REQUEST 1741682666245
[2025-03-11 17:44:27,463] [INFO] [30037] COMMIT received from 30026 for REQUEST 1741682666245
[2025-03-11 17:44:27,463] [INFO] [30037] COMMIT received from 30148 for REQUEST 1741682666245
[2025-03-11 17:44:27,463] [INFO] [30037] COMMIT received from 30024 for REQUEST 1741682666245
[2025-03-11 17:44:27,463] [INFO] [30037] COMMIT received from 30090 for REQUEST 1741682666245
[2025-03-11 17:44:27,525] [INFO] [30037] PREPARE received from 30118 for REQUEST 1741682666245
[2025-03-11 17:44:27,529] [INFO] [30037] COMMIT received from 30118 for REQUEST 1741682666245
[2025-03-11 17:44:27,531] [INFO] [30037] PREPARE received from 30006 for REQUEST 1741682666245
[2025-03-11 17:44:27,725] [INFO] [30037] PREPARE received from 30157 for REQUEST 1741682666245
[2025-03-11 17:44:27,779] [INFO] [30037] COMMIT received from 30157 for REQUEST 1741682666245
[2025-03-11 17:44:27,911] [INFO] [30037] PREPARE received from 30131 for REQUEST 1741682666245
[2025-03-11 17:44:27,911] [INFO] [30037] COMMIT received from 30079 for REQUEST 1741682666245
[2025-03-11 17:44:27,913] [INFO] [30037] COMMIT received from 30131 for REQUEST 1741682666245
[2025-03-11 17:44:27,936] [INFO] [30037] PREPARE received from 30080 for REQUEST 1741682666245
[2025-03-11 17:44:27,941] [INFO] [30037] PREPARE received from 30098 for REQUEST 1741682666245
[2025-03-11 17:44:27,952] [INFO] [30037] COMMIT received from 30080 for REQUEST 1741682666245
[2025-03-11 17:44:27,952] [INFO] [30037] COMMIT received from 30098 for REQUEST 1741682666245
[2025-03-11 17:44:27,985] [INFO] [30037] PREPARE received from 30112 for REQUEST 1741682666245
[2025-03-11 17:44:28,015] [INFO] [30037] COMMIT received from 30112 for REQUEST 1741682666245
[2025-03-11 17:44:28,124] [INFO] [30037] COMMIT received from 30075 for REQUEST 1741682666245
[2025-03-11 17:44:28,228] [INFO] [30037] COMMIT received from 30006 for REQUEST 1741682666245
[2025-03-11 17:44:28,365] [INFO] [30037] PREPARE received from 30041 for REQUEST 1741682666245
[2025-03-11 17:44:28,388] [INFO] [30037] COMMIT received from 30041 for REQUEST 1741682666245
[2025-03-11 17:44:28,421] [INFO] [30037] PREPARE received from 30140 for REQUEST 1741682666245
[2025-03-11 17:44:28,423] [INFO] [30037] COMMIT received from 30140 for REQUEST 1741682666245
[2025-03-11 17:44:28,451] [INFO] [30037] COMMIT received from 30106 for REQUEST 1741682666245
[2025-03-11 17:44:28,451] [INFO] [30037] PREPARE received from 30106 for REQUEST 1741682666245
[2025-03-11 17:44:28,461] [INFO] [30037] PREPARE received from 30010 for REQUEST 1741682666245
[2025-03-11 17:44:28,461] [INFO] [30037] COMMIT received from 30010 for REQUEST 1741682666245
[2025-03-11 17:44:28,656] [INFO] [30037] PREPARE received from 30149 for REQUEST 1741682666245
[2025-03-11 17:44:28,656] [INFO] [30037] COMMIT received from 30149 for REQUEST 1741682666245
[2025-03-11 17:44:28,662] [INFO] [30037] PREPARE received from 30039 for REQUEST 1741682666245
[2025-03-11 17:44:28,664] [INFO] [30037] COMMIT received from 30039 for REQUEST 1741682666245
[2025-03-11 17:44:29,026] [INFO] [30037] PREPARE received from 30142 for REQUEST 1741682666245
[2025-03-11 17:44:29,037] [INFO] [30037] COMMIT received from 30142 for REQUEST 1741682666245
[2025-03-11 17:47:37,477] [INFO] Node started: localhost:30037 | index=38 | f=1, k=4
[2025-03-11 17:48:11,897] [INFO] [30037] PRE-PREPARE received: {'request_id': 1741682891617, 'data': 'llapbft_message_1741682891617', 'timestamp': 1741682891.640408, 'leader': 30066, 'cluster_id': 3, 'cluster_ports': [30002, 30022, 30024, 30028, 30031, 30037, 30041, 30048, 30051, 30052, 30057, 30059, 30066, 30070, 30073, 30075, 30076, 30079, 30084, 30088, 30089, 30093, 30096, 30098, 30100, 30101, 30102, 30109, 30110, 30113, 30115, 30116, 30118, 30133, 30137, 30138, 30140, 30141, 30144, 30146, 30151, 30152, 30153, 30154, 30156, 30180, 30183, 30191, 30193, 30198], 'cluster_manager': {'host': 'localhost', 'port': 30133, 'latitude': 36.6274955, 'longitude': 127.4587659, 'altitude': 30, 'offset_m': 'lat: 99 m, lng: 23 m, alt: 30 m'}, 'simulated_delay': 0.000225, 'distance': 111.48619708269979, 'message_size_bits': 5400}
[2025-03-11 17:48:11,899] [INFO] [30037] Broadcasting PREPARE: REQUEST 1741682891617
[2025-03-11 17:48:12,079] [INFO] [30037] PREPARE received from 30193 for REQUEST 1741682891617
[2025-03-11 17:48:12,079] [INFO] [30037] Broadcasting COMMIT: REQUEST 1741682891617
[2025-03-11 17:48:12,081] [INFO] [30037] PREPARE received from 30102 for REQUEST 1741682891617
[2025-03-11 17:48:12,128] [INFO] [30037] PREPARE received from 30070 for REQUEST 1741682891617
[2025-03-11 17:48:12,128] [INFO] [30037] PREPARE received from 30109 for REQUEST 1741682891617
[2025-03-11 17:48:12,142] [INFO] [30037] PREPARE received from 30100 for REQUEST 1741682891617
[2025-03-11 17:48:12,142] [INFO] [30037] COMMIT received from 30102 for REQUEST 1741682891617
[2025-03-11 17:48:12,285] [INFO] [30037] COMMIT received from 30109 for REQUEST 1741682891617
[2025-03-11 17:48:12,285] [INFO] [30037] COMMIT complete. Sending PRE-REPLY: REQUEST 1741682891617 directly to Manager 30133
[2025-03-11 17:48:12,357] [INFO] [30037] COMMIT received from 30100 for REQUEST 1741682891617
[2025-03-11 17:48:12,379] [INFO] [30037] COMMIT received from 30193 for REQUEST 1741682891617
[2025-03-11 17:48:12,397] [INFO] [30037] PREPARE received from 30051 for REQUEST 1741682891617
[2025-03-11 17:48:12,442] [INFO] [30037] COMMIT received from 30051 for REQUEST 1741682891617
[2025-03-11 17:48:12,568] [INFO] [30037] PREPARE received from 30048 for REQUEST 1741682891617
[2025-03-11 17:48:12,588] [INFO] [30037] COMMIT received from 30048 for REQUEST 1741682891617
[2025-03-11 17:48:12,615] [INFO] [30037] PREPARE received from 30183 for REQUEST 1741682891617
[2025-03-11 17:48:12,615] [INFO] [30037] COMMIT received from 30183 for REQUEST 1741682891617
[2025-03-11 17:48:12,644] [INFO] [30037] PREPARE received from 30144 for REQUEST 1741682891617
[2025-03-11 17:48:12,673] [INFO] [30037] COMMIT received from 30144 for REQUEST 1741682891617
[2025-03-11 17:48:12,808] [INFO] [30037] PREPARE received from 30089 for REQUEST 1741682891617
[2025-03-11 17:48:12,808] [INFO] [30037] COMMIT received from 30089 for REQUEST 1741682891617
[2025-03-11 17:48:13,127] [INFO] [30037] PREPARE received from 30093 for REQUEST 1741682891617
[2025-03-11 17:48:13,191] [INFO] [30037] COMMIT received from 30070 for REQUEST 1741682891617
[2025-03-11 17:48:13,203] [INFO] [30037] COMMIT received from 30093 for REQUEST 1741682891617
[2025-03-11 17:48:13,214] [INFO] [30037] PREPARE received from 30198 for REQUEST 1741682891617
[2025-03-11 17:48:13,214] [INFO] [30037] COMMIT received from 30198 for REQUEST 1741682891617
[2025-03-11 17:48:13,254] [INFO] [30037] PREPARE received from 30153 for REQUEST 1741682891617
[2025-03-11 17:48:13,254] [INFO] [30037] COMMIT received from 30153 for REQUEST 1741682891617
[2025-03-11 17:48:13,254] [INFO] [30037] PREPARE received from 30154 for REQUEST 1741682891617
[2025-03-11 17:48:13,254] [INFO] [30037] COMMIT received from 30154 for REQUEST 1741682891617
[2025-03-11 17:48:13,495] [INFO] [30037] PREPARE received from 30088 for REQUEST 1741682891617
[2025-03-11 17:48:13,499] [INFO] [30037] PREPARE received from 30180 for REQUEST 1741682891617
[2025-03-11 17:48:13,499] [INFO] [30037] COMMIT received from 30088 for REQUEST 1741682891617
[2025-03-11 17:48:13,499] [INFO] [30037] COMMIT received from 30180 for REQUEST 1741682891617
[2025-03-11 17:48:13,813] [INFO] [30037] PREPARE received from 30076 for REQUEST 1741682891617
[2025-03-11 17:48:13,813] [INFO] [30037] COMMIT received from 30076 for REQUEST 1741682891617
[2025-03-11 17:48:13,815] [INFO] [30037] PREPARE received from 30146 for REQUEST 1741682891617
[2025-03-11 17:48:13,816] [INFO] [30037] COMMIT received from 30146 for REQUEST 1741682891617
[2025-03-11 17:48:14,064] [INFO] [30037] PREPARE received from 30002 for REQUEST 1741682891617
[2025-03-11 17:48:14,064] [INFO] [30037] PREPARE received from 30191 for REQUEST 1741682891617
[2025-03-11 17:48:14,100] [INFO] [30037] COMMIT received from 30191 for REQUEST 1741682891617
[2025-03-11 17:48:14,100] [INFO] [30037] COMMIT received from 30002 for REQUEST 1741682891617
[2025-03-11 17:48:14,102] [INFO] [30037] PREPARE received from 30022 for REQUEST 1741682891617
[2025-03-11 17:48:14,116] [INFO] [30037] COMMIT received from 30022 for REQUEST 1741682891617
[2025-03-11 17:48:14,561] [INFO] [30037] PREPARE received from 30101 for REQUEST 1741682891617
[2025-03-11 17:48:14,647] [INFO] [30037] PREPARE received from 30098 for REQUEST 1741682891617
[2025-03-11 17:48:14,647] [INFO] [30037] COMMIT received from 30113 for REQUEST 1741682891617
[2025-03-11 17:48:14,647] [INFO] [30037] PREPARE received from 30079 for REQUEST 1741682891617
[2025-03-11 17:48:14,647] [INFO] [30037] COMMIT received from 30098 for REQUEST 1741682891617
[2025-03-11 17:48:14,647] [INFO] [30037] PREPARE received from 30096 for REQUEST 1741682891617
[2025-03-11 17:48:14,650] [INFO] [30037] COMMIT received from 30141 for REQUEST 1741682891617
[2025-03-11 17:48:14,650] [INFO] [30037] PREPARE received from 30110 for REQUEST 1741682891617
[2025-03-11 17:48:14,650] [INFO] [30037] COMMIT received from 30101 for REQUEST 1741682891617
[2025-03-11 17:48:14,650] [INFO] [30037] PREPARE received from 30141 for REQUEST 1741682891617
[2025-03-11 17:48:14,650] [INFO] [30037] PREPARE received from 30113 for REQUEST 1741682891617
[2025-03-11 17:48:14,683] [INFO] [30037] COMMIT received from 30096 for REQUEST 1741682891617
[2025-03-11 17:48:14,683] [INFO] [30037] COMMIT received from 30156 for REQUEST 1741682891617
[2025-03-11 17:48:14,683] [INFO] [30037] COMMIT received from 30079 for REQUEST 1741682891617
[2025-03-11 17:48:14,683] [INFO] [30037] COMMIT received from 30110 for REQUEST 1741682891617
[2025-03-11 17:48:14,705] [INFO] [30037] PREPARE received from 30156 for REQUEST 1741682891617
[2025-03-11 17:48:14,797] [INFO] [30037] PREPARE received from 30075 for REQUEST 1741682891617
[2025-03-11 17:48:14,810] [INFO] [30037] COMMIT received from 30075 for REQUEST 1741682891617
[2025-03-11 17:48:15,199] [INFO] [30037] PREPARE received from 30057 for REQUEST 1741682891617
[2025-03-11 17:48:15,199] [INFO] [30037] COMMIT received from 30057 for REQUEST 1741682891617
[2025-03-11 17:48:15,497] [INFO] [30037] PREPARE received from 30152 for REQUEST 1741682891617
[2025-03-11 17:48:15,497] [INFO] [30037] PREPARE received from 30140 for REQUEST 1741682891617
[2025-03-11 17:48:15,551] [INFO] [30037] COMMIT received from 30140 for REQUEST 1741682891617
[2025-03-11 17:48:15,551] [INFO] [30037] COMMIT received from 30152 for REQUEST 1741682891617
[2025-03-11 17:48:15,679] [INFO] [30037] PREPARE received from 30059 for REQUEST 1741682891617
[2025-03-11 17:48:15,681] [INFO] [30037] COMMIT received from 30059 for REQUEST 1741682891617
[2025-03-11 17:48:16,044] [INFO] [30037] COMMIT received from 30066 for REQUEST 1741682891617
[2025-03-11 17:48:16,046] [INFO] [30037] PREPARE received from 30041 for REQUEST 1741682891617
[2025-03-11 17:48:16,046] [INFO] [30037] COMMIT received from 30041 for REQUEST 1741682891617
[2025-03-11 17:48:16,253] [INFO] [30037] PREPARE received from 30084 for REQUEST 1741682891617
[2025-03-11 17:48:16,253] [INFO] [30037] PREPARE received from 30115 for REQUEST 1741682891617
[2025-03-11 17:48:16,253] [INFO] [30037] PREPARE received from 30118 for REQUEST 1741682891617
[2025-03-11 17:48:16,253] [INFO] [30037] PREPARE received from 30073 for REQUEST 1741682891617
[2025-03-11 17:48:16,253] [INFO] [30037] COMMIT received from 30115 for REQUEST 1741682891617
[2025-03-11 17:48:16,253] [INFO] [30037] COMMIT received from 30073 for REQUEST 1741682891617
[2025-03-11 17:48:16,253] [INFO] [30037] COMMIT received from 30118 for REQUEST 1741682891617
[2025-03-11 17:48:16,253] [INFO] [30037] COMMIT received from 30084 for REQUEST 1741682891617
[2025-03-11 17:48:16,437] [INFO] [30037] PREPARE received from 30052 for REQUEST 1741682891617
[2025-03-11 17:48:16,437] [INFO] [30037] COMMIT received from 30052 for REQUEST 1741682891617
[2025-03-11 17:48:16,508] [INFO] [30037] PREPARE received from 30116 for REQUEST 1741682891617
[2025-03-11 17:48:16,508] [INFO] [30037] COMMIT received from 30116 for REQUEST 1741682891617
[2025-03-11 17:48:16,903] [INFO] [30037] PREPARE received from 30138 for REQUEST 1741682891617
[2025-03-11 17:48:16,906] [INFO] [30037] COMMIT received from 30138 for REQUEST 1741682891617
[2025-03-11 17:48:17,074] [INFO] [30037] PREPARE received from 30024 for REQUEST 1741682891617
[2025-03-11 17:48:17,074] [INFO] [30037] COMMIT received from 30024 for REQUEST 1741682891617
[2025-03-11 17:48:17,228] [INFO] [30037] PREPARE received from 30151 for REQUEST 1741682891617
[2025-03-11 17:48:17,228] [INFO] [30037] COMMIT received from 30151 for REQUEST 1741682891617
