[2025-03-11 17:41:07,193] [INFO] Node started: localhost:30111 | index=112 | f=1, k=4
[2025-03-11 17:41:09,428] [INFO] [30111] PRE-PREPARE received: {'request_id': 1741682469395, 'data': 'llapbft_message_1741682469395', 'timestamp': 1741682469.412458, 'leader': 30033, 'cluster_id': 0, 'cluster_ports': [30012, 30018, 30021, 30024, 30033, 30036, 30039, 30040, 30044, 30050, 30052, 30055, 30063, 30071, 30072, 30074, 30078, 30079, 30111, 30113, 30115, 30116, 30118], 'cluster_manager': {'host': 'localhost', 'port': 30079, 'latitude': 36.627455, 'longitude': 127.4589625, 'altitude': 158, 'offset_m': 'lat: 94 m, lng: 41 m, alt: 158 m'}, 'simulated_delay': 0.00021644444444444445, 'distance': 177.39852396966725, 'message_size_bits': 3896}
[2025-03-11 17:41:09,428] [INFO] [30111] Broadcasting PREPARE: REQUEST 1741682469395
[2025-03-11 17:41:09,592] [INFO] [30111] PREPARE received from 30115 for REQUEST 1741682469395
[2025-03-11 17:41:09,592] [INFO] [30111] Broadcasting COMMIT: REQUEST 1741682469395
[2025-03-11 17:41:09,661] [INFO] [30111] PREPARE received from 30040 for REQUEST 1741682469395
[2025-03-11 17:41:09,661] [INFO] [30111] PREPARE received from 30012 for REQUEST 1741682469395
[2025-03-11 17:41:09,671] [INFO] [30111] COMMIT received from 30012 for REQUEST 1741682469395
[2025-03-11 17:41:09,673] [INFO] [30111] PREPARE received from 30116 for REQUEST 1741682469395
[2025-03-11 17:41:09,673] [INFO] [30111] PREPARE received from 30021 for REQUEST 1741682469395
[2025-03-11 17:41:09,673] [INFO] [30111] PREPARE received from 30118 for REQUEST 1741682469395
[2025-03-11 17:41:09,706] [INFO] [30111] COMMIT received from 30115 for REQUEST 1741682469395
[2025-03-11 17:41:09,708] [INFO] [30111] COMMIT complete. Sending PRE-REPLY: REQUEST 1741682469395 directly to Manager 30079
[2025-03-11 17:41:09,982] [INFO] [30111] PREPARE received from 30113 for REQUEST 1741682469395
[2025-03-11 17:41:09,982] [INFO] [30111] COMMIT received from 30033 for REQUEST 1741682469395
[2025-03-11 17:41:09,985] [INFO] [30111] PREPARE received from 30024 for REQUEST 1741682469395
[2025-03-11 17:41:10,154] [INFO] [30111] COMMIT received from 30040 for REQUEST 1741682469395
[2025-03-11 17:41:10,154] [INFO] [30111] PREPARE received from 30078 for REQUEST 1741682469395
[2025-03-11 17:41:10,154] [INFO] [30111] PREPARE received from 30018 for REQUEST 1741682469395
[2025-03-11 17:41:10,154] [INFO] [30111] PREPARE received from 30050 for REQUEST 1741682469395
[2025-03-11 17:41:10,154] [INFO] [30111] PREPARE received from 30036 for REQUEST 1741682469395
[2025-03-11 17:41:10,154] [INFO] [30111] PREPARE received from 30074 for REQUEST 1741682469395
[2025-03-11 17:41:10,154] [INFO] [30111] PREPARE received from 30071 for REQUEST 1741682469395
[2025-03-11 17:41:10,154] [INFO] [30111] COMMIT received from 30021 for REQUEST 1741682469395
[2025-03-11 17:41:10,170] [INFO] [30111] COMMIT received from 30018 for REQUEST 1741682469395
[2025-03-11 17:41:10,170] [INFO] [30111] COMMIT received from 30078 for REQUEST 1741682469395
[2025-03-11 17:41:10,170] [INFO] [30111] COMMIT received from 30063 for REQUEST 1741682469395
[2025-03-11 17:41:10,170] [INFO] [30111] COMMIT received from 30050 for REQUEST 1741682469395
[2025-03-11 17:41:10,170] [INFO] [30111] COMMIT received from 30118 for REQUEST 1741682469395
[2025-03-11 17:41:10,170] [INFO] [30111] COMMIT received from 30071 for REQUEST 1741682469395
[2025-03-11 17:41:10,170] [INFO] [30111] COMMIT received from 30116 for REQUEST 1741682469395
[2025-03-11 17:41:10,170] [INFO] [30111] COMMIT received from 30113 for REQUEST 1741682469395
[2025-03-11 17:41:10,170] [INFO] [30111] COMMIT received from 30024 for REQUEST 1741682469395
[2025-03-11 17:41:10,180] [INFO] [30111] PREPARE received from 30063 for REQUEST 1741682469395
[2025-03-11 17:41:10,180] [INFO] [30111] PREPARE received from 30052 for REQUEST 1741682469395
[2025-03-11 17:41:10,200] [INFO] [30111] PREPARE received from 30055 for REQUEST 1741682469395
[2025-03-11 17:41:10,200] [INFO] [30111] PREPARE received from 30072 for REQUEST 1741682469395
[2025-03-11 17:41:10,214] [INFO] [30111] COMMIT received from 30055 for REQUEST 1741682469395
[2025-03-11 17:41:10,218] [INFO] [30111] COMMIT received from 30072 for REQUEST 1741682469395
[2025-03-11 17:41:10,218] [INFO] [30111] COMMIT received from 30036 for REQUEST 1741682469395
[2025-03-11 17:41:10,223] [INFO] [30111] PREPARE received from 30044 for REQUEST 1741682469395
[2025-03-11 17:41:10,223] [INFO] [30111] COMMIT received from 30044 for REQUEST 1741682469395
[2025-03-11 17:41:10,234] [INFO] [30111] COMMIT received from 30052 for REQUEST 1741682469395
[2025-03-11 17:41:10,320] [INFO] [30111] PREPARE received from 30039 for REQUEST 1741682469395
[2025-03-11 17:41:10,329] [INFO] [30111] COMMIT received from 30074 for REQUEST 1741682469395
[2025-03-11 17:41:10,329] [INFO] [30111] COMMIT received from 30039 for REQUEST 1741682469395
[2025-03-11 17:44:15,623] [INFO] Node started: localhost:30111 | index=112 | f=1, k=4
[2025-03-11 17:44:26,320] [INFO] [30111] PRE-PREPARE received: {'request_id': 1741682666245, 'data': 'llapbft_message_1741682666245', 'timestamp': 1741682666.2776651, 'leader': 30099, 'cluster_id': 1, 'cluster_ports': [30001, 30002, 30009, 30014, 30015, 30022, 30036, 30043, 30046, 30049, 30051, 30053, 30056, 30059, 30060, 30061, 30063, 30064, 30081, 30085, 30086, 30087, 30089, 30092, 30095, 30096, 30099, 30104, 30111, 30115, 30119, 30123, 30126, 30127, 30129, 30132, 30147, 30153, 30158], 'cluster_manager': {'host': 'localhost', 'port': 30132, 'latitude': 36.6266901, 'longitude': 127.459304, 'altitude': 80, 'offset_m': 'lat: 10 m, lng: 71 m, alt: 80 m'}, 'simulated_delay': 0.00019933333333333334, 'distance': 146.4919213073661, 'message_size_bits': 4784}
[2025-03-11 17:44:26,320] [INFO] [30111] Broadcasting PREPARE: REQUEST 1741682666245
[2025-03-11 17:44:26,505] [INFO] [30111] PREPARE received from 30053 for REQUEST 1741682666245
[2025-03-11 17:44:26,505] [INFO] [30111] Broadcasting COMMIT: REQUEST 1741682666245
[2025-03-11 17:44:26,562] [INFO] [30111] PREPARE received from 30119 for REQUEST 1741682666245
[2025-03-11 17:44:26,568] [INFO] [30111] PREPARE received from 30087 for REQUEST 1741682666245
[2025-03-11 17:44:26,568] [INFO] [30111] PREPARE received from 30002 for REQUEST 1741682666245
[2025-03-11 17:44:26,840] [INFO] [30111] PREPARE received from 30063 for REQUEST 1741682666245
[2025-03-11 17:44:26,996] [INFO] [30111] COMMIT received from 30087 for REQUEST 1741682666245
[2025-03-11 17:44:26,996] [INFO] [30111] PREPARE received from 30123 for REQUEST 1741682666245
[2025-03-11 17:44:27,047] [INFO] [30111] COMMIT received from 30053 for REQUEST 1741682666245
[2025-03-11 17:44:27,049] [INFO] [30111] COMMIT complete. Sending PRE-REPLY: REQUEST 1741682666245 directly to Manager 30132
[2025-03-11 17:44:27,161] [INFO] [30111] COMMIT received from 30063 for REQUEST 1741682666245
[2025-03-11 17:44:27,161] [INFO] [30111] COMMIT received from 30061 for REQUEST 1741682666245
[2025-03-11 17:44:27,161] [INFO] [30111] COMMIT received from 30127 for REQUEST 1741682666245
[2025-03-11 17:44:27,161] [INFO] [30111] COMMIT received from 30119 for REQUEST 1741682666245
[2025-03-11 17:44:27,161] [INFO] [30111] COMMIT received from 30022 for REQUEST 1741682666245
[2025-03-11 17:44:27,161] [INFO] [30111] PREPARE received from 30127 for REQUEST 1741682666245
[2025-03-11 17:44:27,328] [INFO] [30111] PREPARE received from 30022 for REQUEST 1741682666245
[2025-03-11 17:44:27,328] [INFO] [30111] COMMIT received from 30002 for REQUEST 1741682666245
[2025-03-11 17:44:27,328] [INFO] [30111] PREPARE received from 30061 for REQUEST 1741682666245
[2025-03-11 17:44:27,615] [INFO] [30111] PREPARE received from 30014 for REQUEST 1741682666245
[2025-03-11 17:44:27,615] [INFO] [30111] COMMIT received from 30123 for REQUEST 1741682666245
[2025-03-11 17:44:27,657] [INFO] [30111] PREPARE received from 30049 for REQUEST 1741682666245
[2025-03-11 17:44:27,684] [INFO] [30111] PREPARE received from 30092 for REQUEST 1741682666245
[2025-03-11 17:44:27,684] [INFO] [30111] PREPARE received from 30147 for REQUEST 1741682666245
[2025-03-11 17:44:27,684] [INFO] [30111] PREPARE received from 30085 for REQUEST 1741682666245
[2025-03-11 17:44:27,684] [INFO] [30111] COMMIT received from 30059 for REQUEST 1741682666245
[2025-03-11 17:44:27,684] [INFO] [30111] PREPARE received from 30059 for REQUEST 1741682666245
[2025-03-11 17:44:27,684] [INFO] [30111] PREPARE received from 30036 for REQUEST 1741682666245
[2025-03-11 17:44:27,687] [INFO] [30111] PREPARE received from 30060 for REQUEST 1741682666245
[2025-03-11 17:44:27,765] [INFO] [30111] COMMIT received from 30081 for REQUEST 1741682666245
[2025-03-11 17:44:27,765] [INFO] [30111] COMMIT received from 30060 for REQUEST 1741682666245
[2025-03-11 17:44:27,765] [INFO] [30111] COMMIT received from 30085 for REQUEST 1741682666245
[2025-03-11 17:44:27,765] [INFO] [30111] COMMIT received from 30009 for REQUEST 1741682666245
[2025-03-11 17:44:27,765] [INFO] [30111] COMMIT received from 30036 for REQUEST 1741682666245
[2025-03-11 17:44:27,776] [INFO] [30111] COMMIT received from 30001 for REQUEST 1741682666245
[2025-03-11 17:44:27,776] [INFO] [30111] COMMIT received from 30015 for REQUEST 1741682666245
[2025-03-11 17:44:27,776] [INFO] [30111] COMMIT received from 30092 for REQUEST 1741682666245
[2025-03-11 17:44:27,864] [INFO] [30111] PREPARE received from 30009 for REQUEST 1741682666245
[2025-03-11 17:44:27,864] [INFO] [30111] PREPARE received from 30081 for REQUEST 1741682666245
[2025-03-11 17:44:27,864] [INFO] [30111] PREPARE received from 30086 for REQUEST 1741682666245
[2025-03-11 17:44:27,864] [INFO] [30111] COMMIT received from 30014 for REQUEST 1741682666245
[2025-03-11 17:44:27,866] [INFO] [30111] PREPARE received from 30001 for REQUEST 1741682666245
[2025-03-11 17:44:27,866] [INFO] [30111] PREPARE received from 30015 for REQUEST 1741682666245
[2025-03-11 17:44:27,993] [INFO] [30111] COMMIT received from 30095 for REQUEST 1741682666245
[2025-03-11 17:44:27,995] [INFO] [30111] PREPARE received from 30115 for REQUEST 1741682666245
[2025-03-11 17:44:27,995] [INFO] [30111] PREPARE received from 30095 for REQUEST 1741682666245
[2025-03-11 17:44:27,995] [INFO] [30111] COMMIT received from 30086 for REQUEST 1741682666245
[2025-03-11 17:44:28,069] [INFO] [30111] PREPARE received from 30046 for REQUEST 1741682666245
[2025-03-11 17:44:28,069] [INFO] [30111] COMMIT received from 30147 for REQUEST 1741682666245
[2025-03-11 17:44:28,158] [INFO] [30111] COMMIT received from 30115 for REQUEST 1741682666245
[2025-03-11 17:44:28,158] [INFO] [30111] COMMIT received from 30046 for REQUEST 1741682666245
[2025-03-11 17:44:28,158] [INFO] [30111] COMMIT received from 30089 for REQUEST 1741682666245
[2025-03-11 17:44:28,174] [INFO] [30111] PREPARE received from 30089 for REQUEST 1741682666245
[2025-03-11 17:44:28,174] [INFO] [30111] PREPARE received from 30104 for REQUEST 1741682666245
[2025-03-11 17:44:28,174] [INFO] [30111] PREPARE received from 30153 for REQUEST 1741682666245
[2025-03-11 17:44:28,174] [INFO] [30111] COMMIT received from 30049 for REQUEST 1741682666245
[2025-03-11 17:44:28,174] [INFO] [30111] COMMIT received from 30099 for REQUEST 1741682666245
[2025-03-11 17:44:28,228] [INFO] [30111] COMMIT received from 30056 for REQUEST 1741682666245
[2025-03-11 17:44:28,228] [INFO] [30111] COMMIT received from 30104 for REQUEST 1741682666245
[2025-03-11 17:44:28,230] [INFO] [30111] COMMIT received from 30096 for REQUEST 1741682666245
[2025-03-11 17:44:28,230] [INFO] [30111] COMMIT received from 30153 for REQUEST 1741682666245
[2025-03-11 17:44:28,230] [INFO] [30111] COMMIT received from 30043 for REQUEST 1741682666245
[2025-03-11 17:44:28,249] [INFO] [30111] PREPARE received from 30056 for REQUEST 1741682666245
[2025-03-11 17:44:28,249] [INFO] [30111] PREPARE received from 30096 for REQUEST 1741682666245
[2025-03-11 17:44:28,249] [INFO] [30111] PREPARE received from 30129 for REQUEST 1741682666245
[2025-03-11 17:44:28,251] [INFO] [30111] PREPARE received from 30043 for REQUEST 1741682666245
[2025-03-11 17:44:28,251] [INFO] [30111] PREPARE received from 30064 for REQUEST 1741682666245
[2025-03-11 17:44:28,271] [INFO] [30111] COMMIT received from 30064 for REQUEST 1741682666245
[2025-03-11 17:44:28,271] [INFO] [30111] COMMIT received from 30129 for REQUEST 1741682666245
[2025-03-11 17:44:28,504] [INFO] [30111] PREPARE received from 30158 for REQUEST 1741682666245
[2025-03-11 17:44:28,536] [INFO] [30111] COMMIT received from 30158 for REQUEST 1741682666245
[2025-03-11 17:44:28,536] [INFO] [30111] COMMIT received from 30051 for REQUEST 1741682666245
[2025-03-11 17:44:28,538] [INFO] [30111] PREPARE received from 30051 for REQUEST 1741682666245
[2025-03-11 17:44:29,037] [INFO] [30111] PREPARE received from 30126 for REQUEST 1741682666245
[2025-03-11 17:44:29,037] [INFO] [30111] COMMIT received from 30126 for REQUEST 1741682666245
[2025-03-11 17:47:52,341] [INFO] Node started: localhost:30111 | index=112 | f=1, k=4
[2025-03-11 17:48:11,725] [INFO] [30111] PRE-PREPARE received: {'request_id': 1741682891617, 'data': 'llapbft_message_1741682891617', 'timestamp': 1741682891.640408, 'leader': 30004, 'cluster_id': 0, 'cluster_ports': [30000, 30003, 30004, 30005, 30013, 30016, 30018, 30026, 30027, 30032, 30033, 30035, 30038, 30040, 30042, 30043, 30047, 30053, 30055, 30058, 30060, 30062, 30067, 30069, 30078, 30081, 30082, 30086, 30090, 30092, 30095, 30111, 30117, 30121, 30123, 30127, 30132, 30142, 30143, 30157, 30162, 30164, 30168, 30169, 30170, 30171, 30175, 30177, 30178, 30182, 30190, 30195, 30196], 'cluster_manager': {'host': 'localhost', 'port': 30092, 'latitude': 36.6274499, 'longitude': 127.4590589, 'altitude': 27, 'offset_m': 'lat: 94 m, lng: 49 m, alt: 27 m'}, 'simulated_delay': 0.00015466666666666667, 'distance': 92.1417295083099, 'message_size_bits': 5568}
[2025-03-11 17:48:11,727] [INFO] [30111] Broadcasting PREPARE: REQUEST 1741682891617
[2025-03-11 17:48:13,276] [INFO] [30111] PREPARE received from 30078 for REQUEST 1741682891617
[2025-03-11 17:48:13,276] [INFO] [30111] Broadcasting COMMIT: REQUEST 1741682891617
[2025-03-11 17:48:13,282] [INFO] [30111] PREPARE received from 30177 for REQUEST 1741682891617
[2025-03-11 17:48:13,282] [INFO] [30111] PREPARE received from 30032 for REQUEST 1741682891617
[2025-03-11 17:48:13,282] [INFO] [30111] PREPARE received from 30196 for REQUEST 1741682891617
[2025-03-11 17:48:13,282] [INFO] [30111] PREPARE received from 30060 for REQUEST 1741682891617
[2025-03-11 17:48:13,548] [INFO] [30111] PREPARE received from 30013 for REQUEST 1741682891617
[2025-03-11 17:48:13,548] [INFO] [30111] PREPARE received from 30157 for REQUEST 1741682891617
[2025-03-11 17:48:13,548] [INFO] [30111] PREPARE received from 30127 for REQUEST 1741682891617
[2025-03-11 17:48:13,548] [INFO] [30111] PREPARE received from 30121 for REQUEST 1741682891617
[2025-03-11 17:48:13,548] [INFO] [30111] PREPARE received from 30003 for REQUEST 1741682891617
[2025-03-11 17:48:13,548] [INFO] [30111] PREPARE received from 30170 for REQUEST 1741682891617
[2025-03-11 17:48:13,554] [INFO] [30111] PREPARE received from 30178 for REQUEST 1741682891617
[2025-03-11 17:48:13,554] [INFO] [30111] PREPARE received from 30047 for REQUEST 1741682891617
[2025-03-11 17:48:13,554] [INFO] [30111] PREPARE received from 30162 for REQUEST 1741682891617
[2025-03-11 17:48:13,554] [INFO] [30111] PREPARE received from 30062 for REQUEST 1741682891617
[2025-03-11 17:48:13,872] [INFO] [30111] PREPARE received from 30033 for REQUEST 1741682891617
[2025-03-11 17:48:13,873] [INFO] [30111] PREPARE received from 30175 for REQUEST 1741682891617
[2025-03-11 17:48:13,873] [INFO] [30111] PREPARE received from 30090 for REQUEST 1741682891617
[2025-03-11 17:48:14,021] [INFO] [30111] PREPARE received from 30035 for REQUEST 1741682891617
[2025-03-11 17:48:14,116] [INFO] [30111] COMMIT received from 30169 for REQUEST 1741682891617
[2025-03-11 17:48:14,116] [INFO] [30111] COMMIT received from 30170 for REQUEST 1741682891617
[2025-03-11 17:48:14,116] [INFO] [30111] COMMIT complete. Sending PRE-REPLY: REQUEST 1741682891617 directly to Manager 30092
[2025-03-11 17:48:14,116] [INFO] [30111] COMMIT received from 30168 for REQUEST 1741682891617
[2025-03-11 17:48:14,116] [INFO] [30111] COMMIT received from 30032 for REQUEST 1741682891617
[2025-03-11 17:48:14,116] [INFO] [30111] COMMIT received from 30162 for REQUEST 1741682891617
[2025-03-11 17:48:14,116] [INFO] [30111] COMMIT received from 30178 for REQUEST 1741682891617
[2025-03-11 17:48:14,116] [INFO] [30111] COMMIT received from 30157 for REQUEST 1741682891617
[2025-03-11 17:48:14,116] [INFO] [30111] COMMIT received from 30143 for REQUEST 1741682891617
[2025-03-11 17:48:14,116] [INFO] [30111] PREPARE received from 30043 for REQUEST 1741682891617
[2025-03-11 17:48:14,116] [INFO] [30111] COMMIT received from 30177 for REQUEST 1741682891617
[2025-03-11 17:48:14,116] [INFO] [30111] PREPARE received from 30095 for REQUEST 1741682891617
[2025-03-11 17:48:14,131] [INFO] [30111] COMMIT received from 30164 for REQUEST 1741682891617
[2025-03-11 17:48:14,131] [INFO] [30111] COMMIT received from 30047 for REQUEST 1741682891617
[2025-03-11 17:48:14,131] [INFO] [30111] COMMIT received from 30060 for REQUEST 1741682891617
[2025-03-11 17:48:14,131] [INFO] [30111] COMMIT received from 30078 for REQUEST 1741682891617
[2025-03-11 17:48:14,131] [INFO] [30111] PREPARE received from 30182 for REQUEST 1741682891617
[2025-03-11 17:48:14,132] [INFO] [30111] PREPARE received from 30164 for REQUEST 1741682891617
[2025-03-11 17:48:14,132] [INFO] [30111] PREPARE received from 30169 for REQUEST 1741682891617
[2025-03-11 17:48:14,132] [INFO] [30111] PREPARE received from 30082 for REQUEST 1741682891617
[2025-03-11 17:48:14,132] [INFO] [30111] COMMIT received from 30196 for REQUEST 1741682891617
[2025-03-11 17:48:14,211] [INFO] [30111] COMMIT received from 30003 for REQUEST 1741682891617
[2025-03-11 17:48:14,211] [INFO] [30111] PREPARE received from 30190 for REQUEST 1741682891617
[2025-03-11 17:48:14,211] [INFO] [30111] PREPARE received from 30143 for REQUEST 1741682891617
[2025-03-11 17:48:14,211] [INFO] [30111] COMMIT received from 30082 for REQUEST 1741682891617
[2025-03-11 17:48:14,211] [INFO] [30111] PREPARE received from 30040 for REQUEST 1741682891617
[2025-03-11 17:48:14,211] [INFO] [30111] PREPARE received from 30168 for REQUEST 1741682891617
[2025-03-11 17:48:14,211] [INFO] [30111] PREPARE received from 30142 for REQUEST 1741682891617
[2025-03-11 17:48:15,288] [INFO] [30111] COMMIT received from 30142 for REQUEST 1741682891617
[2025-03-11 17:48:15,288] [INFO] [30111] COMMIT received from 30062 for REQUEST 1741682891617
[2025-03-11 17:48:15,288] [INFO] [30111] COMMIT received from 30013 for REQUEST 1741682891617
[2025-03-11 17:48:15,288] [INFO] [30111] COMMIT received from 30190 for REQUEST 1741682891617
[2025-03-11 17:48:15,290] [INFO] [30111] COMMIT received from 30026 for REQUEST 1741682891617
[2025-03-11 17:48:15,290] [INFO] [30111] COMMIT received from 30127 for REQUEST 1741682891617
[2025-03-11 17:48:15,290] [INFO] [30111] PREPARE received from 30000 for REQUEST 1741682891617
[2025-03-11 17:48:15,290] [INFO] [30111] PREPARE received from 30058 for REQUEST 1741682891617
[2025-03-11 17:48:15,610] [INFO] [30111] PREPARE received from 30026 for REQUEST 1741682891617
[2025-03-11 17:48:15,610] [INFO] [30111] COMMIT received from 30182 for REQUEST 1741682891617
[2025-03-11 17:48:15,981] [INFO] [30111] PREPARE received from 30067 for REQUEST 1741682891617
[2025-03-11 17:48:15,981] [INFO] [30111] COMMIT received from 30058 for REQUEST 1741682891617
[2025-03-11 17:48:15,981] [INFO] [30111] COMMIT received from 30121 for REQUEST 1741682891617
[2025-03-11 17:48:15,981] [INFO] [30111] COMMIT received from 30067 for REQUEST 1741682891617
[2025-03-11 17:48:15,981] [INFO] [30111] PREPARE received from 30081 for REQUEST 1741682891617
[2025-03-11 17:48:15,981] [INFO] [30111] PREPARE received from 30018 for REQUEST 1741682891617
[2025-03-11 17:48:16,039] [INFO] [30111] COMMIT received from 30081 for REQUEST 1741682891617
[2025-03-11 17:48:16,041] [INFO] [30111] COMMIT received from 30040 for REQUEST 1741682891617
[2025-03-11 17:48:16,041] [INFO] [30111] PREPARE received from 30016 for REQUEST 1741682891617
[2025-03-11 17:48:16,041] [INFO] [30111] PREPARE received from 30038 for REQUEST 1741682891617
[2025-03-11 17:48:16,042] [INFO] [30111] COMMIT received from 30175 for REQUEST 1741682891617
[2025-03-11 17:48:16,042] [INFO] [30111] COMMIT received from 30095 for REQUEST 1741682891617
[2025-03-11 17:48:16,042] [INFO] [30111] COMMIT received from 30033 for REQUEST 1741682891617
[2025-03-11 17:48:16,193] [INFO] [30111] COMMIT received from 30090 for REQUEST 1741682891617
[2025-03-11 17:48:16,193] [INFO] [30111] COMMIT received from 30016 for REQUEST 1741682891617
[2025-03-11 17:48:16,193] [INFO] [30111] COMMIT received from 30043 for REQUEST 1741682891617
[2025-03-11 17:48:16,193] [INFO] [30111] COMMIT received from 30035 for REQUEST 1741682891617
[2025-03-11 17:48:16,193] [INFO] [30111] COMMIT received from 30038 for REQUEST 1741682891617
[2025-03-11 17:48:16,281] [INFO] [30111] PREPARE received from 30027 for REQUEST 1741682891617
[2025-03-11 17:48:16,281] [INFO] [30111] PREPARE received from 30117 for REQUEST 1741682891617
[2025-03-11 17:48:16,283] [INFO] [30111] PREPARE received from 30005 for REQUEST 1741682891617
[2025-03-11 17:48:16,283] [INFO] [30111] PREPARE received from 30123 for REQUEST 1741682891617
[2025-03-11 17:48:16,283] [INFO] [30111] PREPARE received from 30195 for REQUEST 1741682891617
[2025-03-11 17:48:16,283] [INFO] [30111] PREPARE received from 30069 for REQUEST 1741682891617
[2025-03-11 17:48:16,283] [INFO] [30111] PREPARE received from 30171 for REQUEST 1741682891617
[2025-03-11 17:48:16,283] [INFO] [30111] PREPARE received from 30055 for REQUEST 1741682891617
[2025-03-11 17:48:16,285] [INFO] [30111] PREPARE received from 30086 for REQUEST 1741682891617
[2025-03-11 17:48:16,576] [INFO] [30111] COMMIT received from 30018 for REQUEST 1741682891617
[2025-03-11 17:48:16,576] [INFO] [30111] COMMIT received from 30195 for REQUEST 1741682891617
[2025-03-11 17:48:16,580] [INFO] [30111] COMMIT received from 30117 for REQUEST 1741682891617
[2025-03-11 17:48:16,580] [INFO] [30111] COMMIT received from 30004 for REQUEST 1741682891617
[2025-03-11 17:48:16,580] [INFO] [30111] COMMIT received from 30069 for REQUEST 1741682891617
[2025-03-11 17:48:16,580] [INFO] [30111] COMMIT received from 30123 for REQUEST 1741682891617
[2025-03-11 17:48:16,580] [INFO] [30111] COMMIT received from 30086 for REQUEST 1741682891617
[2025-03-11 17:48:16,580] [INFO] [30111] COMMIT received from 30027 for REQUEST 1741682891617
[2025-03-11 17:48:16,580] [INFO] [30111] COMMIT received from 30055 for REQUEST 1741682891617
[2025-03-11 17:48:16,580] [INFO] [30111] PREPARE received from 30042 for REQUEST 1741682891617
[2025-03-11 17:48:16,580] [INFO] [30111] COMMIT received from 30171 for REQUEST 1741682891617
[2025-03-11 17:48:16,580] [INFO] [30111] COMMIT received from 30005 for REQUEST 1741682891617
[2025-03-11 17:48:16,631] [INFO] [30111] COMMIT received from 30000 for REQUEST 1741682891617
[2025-03-11 17:48:16,659] [INFO] [30111] COMMIT received from 30042 for REQUEST 1741682891617
[2025-03-11 17:48:16,713] [INFO] [30111] PREPARE received from 30132 for REQUEST 1741682891617
[2025-03-11 17:48:16,737] [INFO] [30111] COMMIT received from 30053 for REQUEST 1741682891617
[2025-03-11 17:48:16,737] [INFO] [30111] PREPARE received from 30053 for REQUEST 1741682891617
[2025-03-11 17:48:16,737] [INFO] [30111] COMMIT received from 30132 for REQUEST 1741682891617
