[2025-03-07 15:46:22,005] [INFO] Node started: localhost:30098 | index=99 | f=1, k=4
[2025-03-07 15:46:28,541] [INFO] [30098] PRE-PREPARE received: {'request_id': 1741329988473, 'data': 'llapbft_message_1741329988473', 'timestamp': 1741329988.5053892, 'leader': 30038, 'cluster_id': 2, 'cluster_ports': [30070, 30103, 30075, 30119, 30084, 30085, 30020, 30029, 30071, 30062, 30111, 30045, 30118, 30104, 30074, 30024, 30098, 30088, 30017, 30042, 30047, 30050, 30101, 30038, 30063, 30026, 30059, 30102, 30082, 30005], 'cluster_manager': {'host': 'localhost', 'port': 30111, 'latitude': 36.6282203, 'longitude': 127.4591198, 'altitude': 44, 'offset_m': 'lat: 179 m, lng: 55 m, alt: 44 m'}, 'fault': True, 'simulated_delay': 0.00024533333333333335, 'distance': 164.19200387721853, 'message_size_bits': 4416}
[2025-03-07 15:46:28,543] [INFO] [30098] Broadcasting PREPARE: REQUEST 1741329988473
[2025-03-07 15:46:28,695] [INFO] [30098] PREPARE received from 30059 for REQUEST 1741329988473
[2025-03-07 15:46:28,695] [INFO] [30098] Broadcasting COMMIT: REQUEST 1741329988473
[2025-03-07 15:46:28,697] [INFO] [30098] PREPARE received from 30074 for REQUEST 1741329988473
[2025-03-07 15:46:28,746] [INFO] [30098] PREPARE received from 30075 for REQUEST 1741329988473
[2025-03-07 15:46:28,859] [INFO] [30098] PREPARE received from 30102 for REQUEST 1741329988473
[2025-03-07 15:46:28,865] [INFO] [30098] COMMIT received from 30102 for REQUEST 1741329988473
[2025-03-07 15:46:28,865] [INFO] [30098] COMMIT received from 30074 for REQUEST 1741329988473
[2025-03-07 15:46:28,865] [INFO] [30098] COMMIT complete. Sending PRE-REPLY: REQUEST 1741329988473 directly to Manager 30111
[2025-03-07 15:46:28,888] [INFO] [30098] COMMIT received from 30075 for REQUEST 1741329988473
[2025-03-07 15:46:28,888] [INFO] [30098] COMMIT received from 30059 for REQUEST 1741329988473
[2025-03-07 15:46:28,888] [INFO] [30098] PREPARE received from 30029 for REQUEST 1741329988473
[2025-03-07 15:46:28,922] [INFO] [30098] PREPARE received from 30088 for REQUEST 1741329988473
[2025-03-07 15:46:28,979] [INFO] [30098] COMMIT received from 30088 for REQUEST 1741329988473
[2025-03-07 15:46:28,979] [INFO] [30098] PREPARE received from 30005 for REQUEST 1741329988473
[2025-03-07 15:46:29,030] [INFO] [30098] COMMIT received from 30029 for REQUEST 1741329988473
[2025-03-07 15:46:29,030] [INFO] [30098] COMMIT received from 30005 for REQUEST 1741329988473
[2025-03-07 15:46:29,030] [INFO] [30098] PREPARE received from 30084 for REQUEST 1741329988473
[2025-03-07 15:46:29,042] [INFO] [30098] COMMIT received from 30084 for REQUEST 1741329988473
[2025-03-07 15:46:29,097] [INFO] [30098] PREPARE received from 30042 for REQUEST 1741329988473
[2025-03-07 15:46:29,097] [INFO] [30098] PREPARE received from 30101 for REQUEST 1741329988473
[2025-03-07 15:46:29,121] [INFO] [30098] COMMIT received from 30101 for REQUEST 1741329988473
[2025-03-07 15:46:29,121] [INFO] [30098] COMMIT received from 30038 for REQUEST 1741329988473
[2025-03-07 15:46:29,136] [INFO] [30098] COMMIT received from 30042 for REQUEST 1741329988473
[2025-03-07 15:46:29,199] [INFO] [30098] PREPARE received from 30103 for REQUEST 1741329988473
[2025-03-07 15:46:29,199] [INFO] [30098] COMMIT received from 30103 for REQUEST 1741329988473
[2025-03-07 15:46:29,253] [INFO] [30098] PREPARE received from 30020 for REQUEST 1741329988473
[2025-03-07 15:46:29,268] [INFO] [30098] COMMIT received from 30020 for REQUEST 1741329988473
[2025-03-07 15:46:29,279] [INFO] [30098] PREPARE received from 30119 for REQUEST 1741329988473
[2025-03-07 15:46:29,308] [INFO] [30098] PREPARE received from 30024 for REQUEST 1741329988473
[2025-03-07 15:46:29,333] [INFO] [30098] COMMIT received from 30119 for REQUEST 1741329988473
[2025-03-07 15:46:29,348] [INFO] [30098] COMMIT received from 30024 for REQUEST 1741329988473
[2025-03-07 15:46:29,348] [INFO] [30098] PREPARE received from 30085 for REQUEST 1741329988473
[2025-03-07 15:46:29,348] [INFO] [30098] PREPARE received from 30050 for REQUEST 1741329988473
[2025-03-07 15:46:29,348] [INFO] [30098] PREPARE received from 30070 for REQUEST 1741329988473
[2025-03-07 15:46:29,363] [INFO] [30098] COMMIT received from 30050 for REQUEST 1741329988473
[2025-03-07 15:46:29,363] [INFO] [30098] COMMIT received from 30070 for REQUEST 1741329988473
[2025-03-07 15:46:29,363] [INFO] [30098] COMMIT received from 30085 for REQUEST 1741329988473
[2025-03-07 15:46:29,374] [INFO] [30098] PREPARE received from 30017 for REQUEST 1741329988473
[2025-03-07 15:46:29,374] [INFO] [30098] COMMIT received from 30017 for REQUEST 1741329988473
[2025-03-07 15:46:29,454] [INFO] [30098] PREPARE received from 30045 for REQUEST 1741329988473
[2025-03-07 15:46:29,454] [INFO] [30098] COMMIT received from 30045 for REQUEST 1741329988473
[2025-03-07 15:46:31,782] [INFO] [30098] PRE-PREPARE received: {'request_id': 1741329991735, 'data': 'llapbft_message_1741329991735', 'timestamp': 1741329991.7666872, 'leader': 30038, 'cluster_id': 2, 'cluster_ports': [30070, 30103, 30075, 30119, 30084, 30085, 30020, 30029, 30071, 30062, 30111, 30045, 30118, 30104, 30074, 30024, 30098, 30088, 30017, 30042, 30047, 30050, 30101, 30038, 30063, 30026, 30059, 30102, 30082, 30005], 'cluster_manager': {'host': 'localhost', 'port': 30111, 'latitude': 36.6282203, 'longitude': 127.4591198, 'altitude': 44, 'offset_m': 'lat: 179 m, lng: 55 m, alt: 44 m'}, 'fault': True, 'simulated_delay': 0.00024533333333333335, 'distance': 164.19200387721853, 'message_size_bits': 4416}
[2025-03-07 15:46:31,782] [INFO] [30098] Broadcasting PREPARE: REQUEST 1741329991735
[2025-03-07 15:46:31,900] [INFO] [30098] PREPARE received from 30059 for REQUEST 1741329991735
[2025-03-07 15:46:31,900] [INFO] [30098] Broadcasting COMMIT: REQUEST 1741329991735
[2025-03-07 15:46:31,906] [INFO] [30098] PREPARE received from 30075 for REQUEST 1741329991735
[2025-03-07 15:46:31,906] [INFO] [30098] PREPARE received from 30119 for REQUEST 1741329991735
[2025-03-07 15:46:31,906] [INFO] [30098] PREPARE received from 30024 for REQUEST 1741329991735
[2025-03-07 15:46:31,908] [INFO] [30098] PREPARE received from 30084 for REQUEST 1741329991735
[2025-03-07 15:46:31,908] [INFO] [30098] PREPARE received from 30045 for REQUEST 1741329991735
[2025-03-07 15:46:31,908] [INFO] [30098] PREPARE received from 30005 for REQUEST 1741329991735
[2025-03-07 15:46:31,908] [INFO] [30098] PREPARE received from 30085 for REQUEST 1741329991735
[2025-03-07 15:46:31,908] [INFO] [30098] PREPARE received from 30074 for REQUEST 1741329991735
[2025-03-07 15:46:31,908] [INFO] [30098] PREPARE received from 30101 for REQUEST 1741329991735
[2025-03-07 15:46:31,908] [INFO] [30098] PREPARE received from 30088 for REQUEST 1741329991735
[2025-03-07 15:46:31,908] [INFO] [30098] PREPARE received from 30029 for REQUEST 1741329991735
[2025-03-07 15:46:31,910] [INFO] [30098] PREPARE received from 30070 for REQUEST 1741329991735
[2025-03-07 15:46:31,910] [INFO] [30098] PREPARE received from 30103 for REQUEST 1741329991735
[2025-03-07 15:46:31,910] [INFO] [30098] PREPARE received from 30102 for REQUEST 1741329991735
[2025-03-07 15:46:31,910] [INFO] [30098] PREPARE received from 30020 for REQUEST 1741329991735
[2025-03-07 15:46:31,910] [INFO] [30098] PREPARE received from 30042 for REQUEST 1741329991735
[2025-03-07 15:46:31,911] [INFO] [30098] PREPARE received from 30017 for REQUEST 1741329991735
[2025-03-07 15:46:31,911] [INFO] [30098] PREPARE received from 30050 for REQUEST 1741329991735
[2025-03-07 15:46:31,912] [INFO] [30098] COMMIT received from 30045 for REQUEST 1741329991735
[2025-03-07 15:46:31,912] [INFO] [30098] COMMIT received from 30119 for REQUEST 1741329991735
[2025-03-07 15:46:31,912] [INFO] [30098] COMMIT complete. Sending PRE-REPLY: REQUEST 1741329991735 directly to Manager 30111
[2025-03-07 15:46:31,912] [INFO] [30098] COMMIT received from 30085 for REQUEST 1741329991735
[2025-03-07 15:46:31,912] [INFO] [30098] COMMIT received from 30005 for REQUEST 1741329991735
[2025-03-07 15:46:31,914] [INFO] [30098] COMMIT received from 30042 for REQUEST 1741329991735
[2025-03-07 15:46:31,914] [INFO] [30098] COMMIT received from 30102 for REQUEST 1741329991735
[2025-03-07 15:46:31,914] [INFO] [30098] COMMIT received from 30059 for REQUEST 1741329991735
[2025-03-07 15:46:31,914] [INFO] [30098] COMMIT received from 30088 for REQUEST 1741329991735
[2025-03-07 15:46:31,914] [INFO] [30098] COMMIT received from 30020 for REQUEST 1741329991735
[2025-03-07 15:46:31,914] [INFO] [30098] COMMIT received from 30070 for REQUEST 1741329991735
[2025-03-07 15:46:31,914] [INFO] [30098] COMMIT received from 30103 for REQUEST 1741329991735
[2025-03-07 15:46:31,914] [INFO] [30098] COMMIT received from 30017 for REQUEST 1741329991735
[2025-03-07 15:46:31,914] [INFO] [30098] COMMIT received from 30024 for REQUEST 1741329991735
[2025-03-07 15:46:32,030] [INFO] [30098] COMMIT received from 30074 for REQUEST 1741329991735
[2025-03-07 15:46:32,030] [INFO] [30098] COMMIT received from 30029 for REQUEST 1741329991735
[2025-03-07 15:46:32,030] [INFO] [30098] COMMIT received from 30084 for REQUEST 1741329991735
[2025-03-07 15:46:32,030] [INFO] [30098] COMMIT received from 30038 for REQUEST 1741329991735
[2025-03-07 15:46:32,032] [INFO] [30098] COMMIT received from 30050 for REQUEST 1741329991735
[2025-03-07 15:46:32,032] [INFO] [30098] COMMIT received from 30101 for REQUEST 1741329991735
[2025-03-07 15:46:32,128] [INFO] [30098] COMMIT received from 30075 for REQUEST 1741329991735
[2025-03-07 15:46:35,662] [INFO] [30098] PRE-PREPARE received: {'request_id': 1741329995616, 'data': 'llapbft_message_1741329995616', 'timestamp': 1741329995.6472993, 'leader': 30038, 'cluster_id': 2, 'cluster_ports': [30070, 30103, 30075, 30119, 30084, 30085, 30020, 30029, 30071, 30062, 30111, 30045, 30118, 30104, 30074, 30024, 30098, 30088, 30017, 30042, 30047, 30050, 30101, 30038, 30063, 30026, 30059, 30102, 30082, 30005], 'cluster_manager': {'host': 'localhost', 'port': 30111, 'latitude': 36.6282203, 'longitude': 127.4591198, 'altitude': 44, 'offset_m': 'lat: 179 m, lng: 55 m, alt: 44 m'}, 'fault': True, 'simulated_delay': 0.00024533333333333335, 'distance': 164.19200387721853, 'message_size_bits': 4416}
[2025-03-07 15:46:35,662] [INFO] [30098] Broadcasting PREPARE: REQUEST 1741329995616
[2025-03-07 15:46:35,678] [INFO] [30098] PREPARE received from 30059 for REQUEST 1741329995616
[2025-03-07 15:46:35,678] [INFO] [30098] Broadcasting COMMIT: REQUEST 1741329995616
[2025-03-07 15:46:35,684] [INFO] [30098] PREPARE received from 30088 for REQUEST 1741329995616
[2025-03-07 15:46:35,686] [INFO] [30098] PREPARE received from 30101 for REQUEST 1741329995616
[2025-03-07 15:46:35,686] [INFO] [30098] PREPARE received from 30024 for REQUEST 1741329995616
[2025-03-07 15:46:35,686] [INFO] [30098] PREPARE received from 30045 for REQUEST 1741329995616
[2025-03-07 15:46:35,686] [INFO] [30098] PREPARE received from 30017 for REQUEST 1741329995616
[2025-03-07 15:46:35,686] [INFO] [30098] PREPARE received from 30074 for REQUEST 1741329995616
[2025-03-07 15:46:35,686] [INFO] [30098] PREPARE received from 30102 for REQUEST 1741329995616
[2025-03-07 15:46:35,686] [INFO] [30098] PREPARE received from 30084 for REQUEST 1741329995616
[2025-03-07 15:46:35,688] [INFO] [30098] PREPARE received from 30042 for REQUEST 1741329995616
[2025-03-07 15:46:35,688] [INFO] [30098] PREPARE received from 30005 for REQUEST 1741329995616
[2025-03-07 15:46:35,688] [INFO] [30098] PREPARE received from 30085 for REQUEST 1741329995616
[2025-03-07 15:46:35,688] [INFO] [30098] PREPARE received from 30050 for REQUEST 1741329995616
[2025-03-07 15:46:35,688] [INFO] [30098] PREPARE received from 30029 for REQUEST 1741329995616
[2025-03-07 15:46:35,688] [INFO] [30098] PREPARE received from 30020 for REQUEST 1741329995616
[2025-03-07 15:46:35,704] [INFO] [30098] COMMIT received from 30074 for REQUEST 1741329995616
[2025-03-07 15:46:35,704] [INFO] [30098] COMMIT received from 30050 for REQUEST 1741329995616
[2025-03-07 15:46:35,704] [INFO] [30098] COMMIT complete. Sending PRE-REPLY: REQUEST 1741329995616 directly to Manager 30111
[2025-03-07 15:46:35,704] [INFO] [30098] COMMIT received from 30017 for REQUEST 1741329995616
[2025-03-07 15:46:35,706] [INFO] [30098] COMMIT received from 30101 for REQUEST 1741329995616
[2025-03-07 15:46:35,706] [INFO] [30098] COMMIT received from 30042 for REQUEST 1741329995616
[2025-03-07 15:46:35,706] [INFO] [30098] COMMIT received from 30085 for REQUEST 1741329995616
[2025-03-07 15:46:35,706] [INFO] [30098] COMMIT received from 30102 for REQUEST 1741329995616
[2025-03-07 15:46:35,706] [INFO] [30098] COMMIT received from 30084 for REQUEST 1741329995616
[2025-03-07 15:46:35,706] [INFO] [30098] COMMIT received from 30045 for REQUEST 1741329995616
[2025-03-07 15:46:35,708] [INFO] [30098] COMMIT received from 30020 for REQUEST 1741329995616
[2025-03-07 15:46:35,722] [INFO] [30098] PREPARE received from 30119 for REQUEST 1741329995616
[2025-03-07 15:46:35,724] [INFO] [30098] PREPARE received from 30103 for REQUEST 1741329995616
[2025-03-07 15:46:35,726] [INFO] [30098] PREPARE received from 30070 for REQUEST 1741329995616
[2025-03-07 15:46:35,732] [INFO] [30098] PREPARE received from 30075 for REQUEST 1741329995616
[2025-03-07 15:46:35,829] [INFO] [30098] COMMIT received from 30119 for REQUEST 1741329995616
[2025-03-07 15:46:35,834] [INFO] [30098] COMMIT received from 30059 for REQUEST 1741329995616
[2025-03-07 15:46:35,895] [INFO] [30098] COMMIT received from 30103 for REQUEST 1741329995616
[2025-03-07 15:46:35,905] [INFO] [30098] COMMIT received from 30005 for REQUEST 1741329995616
[2025-03-07 15:46:35,911] [INFO] [30098] COMMIT received from 30075 for REQUEST 1741329995616
[2025-03-07 15:46:35,913] [INFO] [30098] COMMIT received from 30070 for REQUEST 1741329995616
[2025-03-07 15:46:35,923] [INFO] [30098] COMMIT received from 30088 for REQUEST 1741329995616
[2025-03-07 15:46:35,923] [INFO] [30098] COMMIT received from 30029 for REQUEST 1741329995616
[2025-03-07 15:46:35,925] [INFO] [30098] COMMIT received from 30024 for REQUEST 1741329995616
[2025-03-07 15:46:35,939] [INFO] [30098] COMMIT received from 30038 for REQUEST 1741329995616
[2025-03-07 15:46:37,148] [INFO] [30098] PRE-PREPARE received: {'request_id': 1741329997107, 'data': 'llapbft_message_1741329997107', 'timestamp': 1741329997.1390495, 'leader': 30038, 'cluster_id': 2, 'cluster_ports': [30070, 30103, 30075, 30119, 30084, 30085, 30020, 30029, 30071, 30062, 30111, 30045, 30118, 30104, 30074, 30024, 30098, 30088, 30017, 30042, 30047, 30050, 30101, 30038, 30063, 30026, 30059, 30102, 30082, 30005], 'cluster_manager': {'host': 'localhost', 'port': 30111, 'latitude': 36.6282203, 'longitude': 127.4591198, 'altitude': 44, 'offset_m': 'lat: 179 m, lng: 55 m, alt: 44 m'}, 'fault': True, 'simulated_delay': 0.00024533333333333335, 'distance': 164.19200387721853, 'message_size_bits': 4416}
[2025-03-07 15:46:37,148] [INFO] [30098] Broadcasting PREPARE: REQUEST 1741329997107
[2025-03-07 15:46:37,162] [INFO] [30098] PREPARE received from 30059 for REQUEST 1741329997107
[2025-03-07 15:46:37,162] [INFO] [30098] Broadcasting COMMIT: REQUEST 1741329997107
[2025-03-07 15:46:37,171] [INFO] [30098] PREPARE received from 30088 for REQUEST 1741329997107
[2025-03-07 15:46:37,171] [INFO] [30098] PREPARE received from 30024 for REQUEST 1741329997107
[2025-03-07 15:46:37,173] [INFO] [30098] PREPARE received from 30050 for REQUEST 1741329997107
[2025-03-07 15:46:37,173] [INFO] [30098] PREPARE received from 30045 for REQUEST 1741329997107
[2025-03-07 15:46:37,173] [INFO] [30098] PREPARE received from 30074 for REQUEST 1741329997107
[2025-03-07 15:46:37,173] [INFO] [30098] PREPARE received from 30101 for REQUEST 1741329997107
[2025-03-07 15:46:37,175] [INFO] [30098] PREPARE received from 30042 for REQUEST 1741329997107
[2025-03-07 15:46:37,175] [INFO] [30098] PREPARE received from 30005 for REQUEST 1741329997107
[2025-03-07 15:46:37,175] [INFO] [30098] PREPARE received from 30085 for REQUEST 1741329997107
[2025-03-07 15:46:37,175] [INFO] [30098] PREPARE received from 30102 for REQUEST 1741329997107
[2025-03-07 15:46:37,175] [INFO] [30098] PREPARE received from 30084 for REQUEST 1741329997107
[2025-03-07 15:46:37,175] [INFO] [30098] PREPARE received from 30020 for REQUEST 1741329997107
[2025-03-07 15:46:37,304] [INFO] [30098] PREPARE received from 30029 for REQUEST 1741329997107
[2025-03-07 15:46:37,314] [INFO] [30098] PREPARE received from 30017 for REQUEST 1741329997107
[2025-03-07 15:46:37,440] [INFO] [30098] PREPARE received from 30075 for REQUEST 1741329997107
[2025-03-07 15:46:37,440] [INFO] [30098] PREPARE received from 30119 for REQUEST 1741329997107
[2025-03-07 15:46:37,440] [INFO] [30098] COMMIT received from 30074 for REQUEST 1741329997107
[2025-03-07 15:46:37,441] [INFO] [30098] COMMIT received from 30045 for REQUEST 1741329997107
[2025-03-07 15:46:37,441] [INFO] [30098] COMMIT complete. Sending PRE-REPLY: REQUEST 1741329997107 directly to Manager 30111
[2025-03-07 15:46:37,441] [INFO] [30098] COMMIT received from 30059 for REQUEST 1741329997107
[2025-03-07 15:46:37,441] [INFO] [30098] COMMIT received from 30101 for REQUEST 1741329997107
[2025-03-07 15:46:37,441] [INFO] [30098] COMMIT received from 30088 for REQUEST 1741329997107
[2025-03-07 15:46:37,441] [INFO] [30098] COMMIT received from 30029 for REQUEST 1741329997107
[2025-03-07 15:46:37,443] [INFO] [30098] COMMIT received from 30103 for REQUEST 1741329997107
[2025-03-07 15:46:37,443] [INFO] [30098] PREPARE received from 30103 for REQUEST 1741329997107
[2025-03-07 15:46:37,443] [INFO] [30098] COMMIT received from 30038 for REQUEST 1741329997107
[2025-03-07 15:46:37,443] [INFO] [30098] COMMIT received from 30020 for REQUEST 1741329997107
[2025-03-07 15:46:37,443] [INFO] [30098] COMMIT received from 30024 for REQUEST 1741329997107
[2025-03-07 15:46:37,443] [INFO] [30098] COMMIT received from 30084 for REQUEST 1741329997107
[2025-03-07 15:46:37,443] [INFO] [30098] PREPARE received from 30070 for REQUEST 1741329997107
[2025-03-07 15:46:37,443] [INFO] [30098] COMMIT received from 30070 for REQUEST 1741329997107
[2025-03-07 15:46:37,445] [INFO] [30098] COMMIT received from 30102 for REQUEST 1741329997107
[2025-03-07 15:46:37,445] [INFO] [30098] COMMIT received from 30050 for REQUEST 1741329997107
[2025-03-07 15:46:37,447] [INFO] [30098] COMMIT received from 30042 for REQUEST 1741329997107
[2025-03-07 15:46:37,447] [INFO] [30098] COMMIT received from 30017 for REQUEST 1741329997107
[2025-03-07 15:46:37,448] [INFO] [30098] COMMIT received from 30119 for REQUEST 1741329997107
[2025-03-07 15:46:37,448] [INFO] [30098] COMMIT received from 30085 for REQUEST 1741329997107
[2025-03-07 15:46:37,450] [INFO] [30098] COMMIT received from 30075 for REQUEST 1741329997107
[2025-03-07 15:46:37,479] [INFO] [30098] COMMIT received from 30005 for REQUEST 1741329997107
[2025-03-07 15:46:38,383] [INFO] [30098] PRE-PREPARE received: {'request_id': 1741329998347, 'data': 'llapbft_message_1741329998347', 'timestamp': 1741329998.3679075, 'leader': 30038, 'cluster_id': 2, 'cluster_ports': [30070, 30103, 30075, 30119, 30084, 30085, 30020, 30029, 30071, 30062, 30111, 30045, 30118, 30104, 30074, 30024, 30098, 30088, 30017, 30042, 30047, 30050, 30101, 30038, 30063, 30026, 30059, 30102, 30082, 30005], 'cluster_manager': {'host': 'localhost', 'port': 30111, 'latitude': 36.6282203, 'longitude': 127.4591198, 'altitude': 44, 'offset_m': 'lat: 179 m, lng: 55 m, alt: 44 m'}, 'fault': True, 'simulated_delay': 0.00024533333333333335, 'distance': 164.19200387721853, 'message_size_bits': 4416}
[2025-03-07 15:46:38,383] [INFO] [30098] Broadcasting PREPARE: REQUEST 1741329998347
[2025-03-07 15:46:38,397] [INFO] [30098] PREPARE received from 30059 for REQUEST 1741329998347
[2025-03-07 15:46:38,397] [INFO] [30098] Broadcasting COMMIT: REQUEST 1741329998347
[2025-03-07 15:46:38,397] [INFO] [30098] PREPARE received from 30042 for REQUEST 1741329998347
[2025-03-07 15:46:38,397] [INFO] [30098] PREPARE received from 30084 for REQUEST 1741329998347
[2025-03-07 15:46:38,510] [INFO] [30098] PREPARE received from 30024 for REQUEST 1741329998347
[2025-03-07 15:46:38,510] [INFO] [30098] PREPARE received from 30005 for REQUEST 1741329998347
[2025-03-07 15:46:38,514] [INFO] [30098] PREPARE received from 30088 for REQUEST 1741329998347
[2025-03-07 15:46:38,514] [INFO] [30098] PREPARE received from 30070 for REQUEST 1741329998347
[2025-03-07 15:46:38,520] [INFO] [30098] COMMIT received from 30075 for REQUEST 1741329998347
[2025-03-07 15:46:38,522] [INFO] [30098] PREPARE received from 30119 for REQUEST 1741329998347
[2025-03-07 15:46:38,522] [INFO] [30098] PREPARE received from 30074 for REQUEST 1741329998347
[2025-03-07 15:46:38,522] [INFO] [30098] COMMIT received from 30005 for REQUEST 1741329998347
[2025-03-07 15:46:38,522] [INFO] [30098] COMMIT complete. Sending PRE-REPLY: REQUEST 1741329998347 directly to Manager 30111
[2025-03-07 15:46:38,522] [INFO] [30098] PREPARE received from 30045 for REQUEST 1741329998347
[2025-03-07 15:46:38,522] [INFO] [30098] PREPARE received from 30075 for REQUEST 1741329998347
[2025-03-07 15:46:38,678] [INFO] [30098] COMMIT received from 30102 for REQUEST 1741329998347
[2025-03-07 15:46:38,679] [INFO] [30098] COMMIT received from 30059 for REQUEST 1741329998347
[2025-03-07 15:46:38,679] [INFO] [30098] PREPARE received from 30103 for REQUEST 1741329998347
[2025-03-07 15:46:38,679] [INFO] [30098] COMMIT received from 30084 for REQUEST 1741329998347
[2025-03-07 15:46:38,679] [INFO] [30098] COMMIT received from 30085 for REQUEST 1741329998347
[2025-03-07 15:46:38,679] [INFO] [30098] PREPARE received from 30085 for REQUEST 1741329998347
[2025-03-07 15:46:38,679] [INFO] [30098] COMMIT received from 30074 for REQUEST 1741329998347
[2025-03-07 15:46:38,679] [INFO] [30098] COMMIT received from 30070 for REQUEST 1741329998347
[2025-03-07 15:46:38,679] [INFO] [30098] COMMIT received from 30088 for REQUEST 1741329998347
[2025-03-07 15:46:38,681] [INFO] [30098] COMMIT received from 30017 for REQUEST 1741329998347
[2025-03-07 15:46:38,681] [INFO] [30098] PREPARE received from 30102 for REQUEST 1741329998347
[2025-03-07 15:46:38,681] [INFO] [30098] COMMIT received from 30042 for REQUEST 1741329998347
[2025-03-07 15:46:38,681] [INFO] [30098] PREPARE received from 30017 for REQUEST 1741329998347
[2025-03-07 15:46:38,682] [INFO] [30098] COMMIT received from 30038 for REQUEST 1741329998347
[2025-03-07 15:46:38,684] [INFO] [30098] PREPARE received from 30029 for REQUEST 1741329998347
[2025-03-07 15:46:38,686] [INFO] [30098] COMMIT received from 30119 for REQUEST 1741329998347
[2025-03-07 15:46:38,686] [INFO] [30098] COMMIT received from 30024 for REQUEST 1741329998347
[2025-03-07 15:46:38,686] [INFO] [30098] COMMIT received from 30045 for REQUEST 1741329998347
[2025-03-07 15:46:38,686] [INFO] [30098] PREPARE received from 30050 for REQUEST 1741329998347
[2025-03-07 15:46:38,686] [INFO] [30098] PREPARE received from 30101 for REQUEST 1741329998347
[2025-03-07 15:46:38,686] [INFO] [30098] COMMIT received from 30029 for REQUEST 1741329998347
[2025-03-07 15:46:38,686] [INFO] [30098] COMMIT received from 30020 for REQUEST 1741329998347
[2025-03-07 15:46:38,688] [INFO] [30098] COMMIT received from 30050 for REQUEST 1741329998347
[2025-03-07 15:46:38,688] [INFO] [30098] COMMIT received from 30103 for REQUEST 1741329998347
[2025-03-07 15:46:38,688] [INFO] [30098] COMMIT received from 30101 for REQUEST 1741329998347
[2025-03-07 15:46:38,688] [INFO] [30098] PREPARE received from 30020 for REQUEST 1741329998347
[2025-03-07 15:46:54,432] [INFO] [30098] PRE-PREPARE received: {'request_id': 1741330014361, 'data': 'llapbft_message_1741330014361', 'timestamp': 1741330014.3850675, 'leader': 30038, 'cluster_id': 2, 'cluster_ports': [30070, 30103, 30075, 30119, 30084, 30085, 30020, 30029, 30071, 30062, 30111, 30045, 30118, 30104, 30074, 30024, 30098, 30088, 30017, 30042, 30047, 30050, 30101, 30038, 30063, 30026, 30059, 30102, 30082, 30005], 'cluster_manager': {'host': 'localhost', 'port': 30111, 'latitude': 36.6282203, 'longitude': 127.4591198, 'altitude': 44, 'offset_m': 'lat: 179 m, lng: 55 m, alt: 44 m'}, 'fault': True, 'simulated_delay': 0.00024533333333333335, 'distance': 164.19200387721853, 'message_size_bits': 4416}
[2025-03-07 15:46:54,432] [INFO] [30098] Broadcasting PREPARE: REQUEST 1741330014361
[2025-03-07 15:46:54,996] [INFO] [30098] PREPARE received from 30059 for REQUEST 1741330014361
[2025-03-07 15:46:54,996] [INFO] [30098] Broadcasting COMMIT: REQUEST 1741330014361
[2025-03-07 15:46:55,409] [INFO] [30098] PREPARE received from 30074 for REQUEST 1741330014361
[2025-03-07 15:46:55,409] [INFO] [30098] COMMIT received from 30059 for REQUEST 1741330014361
[2025-03-07 15:46:55,428] [INFO] [30098] COMMIT received from 30074 for REQUEST 1741330014361
[2025-03-07 15:46:55,428] [INFO] [30098] COMMIT complete. Sending PRE-REPLY: REQUEST 1741330014361 directly to Manager 30111
[2025-03-07 15:46:55,428] [INFO] [30098] PREPARE received from 30075 for REQUEST 1741330014361
[2025-03-07 15:46:55,428] [INFO] [30098] COMMIT received from 30075 for REQUEST 1741330014361
[2025-03-07 15:46:55,567] [INFO] [30098] PREPARE received from 30088 for REQUEST 1741330014361
[2025-03-07 15:46:55,567] [INFO] [30098] COMMIT received from 30088 for REQUEST 1741330014361
[2025-03-07 15:46:55,707] [INFO] [30098] PREPARE received from 30005 for REQUEST 1741330014361
[2025-03-07 15:46:55,711] [INFO] [30098] COMMIT received from 30005 for REQUEST 1741330014361
[2025-03-07 15:46:56,247] [INFO] [30098] PREPARE received from 30119 for REQUEST 1741330014361
[2025-03-07 15:46:56,247] [INFO] [30098] PREPARE received from 30102 for REQUEST 1741330014361
[2025-03-07 15:46:56,247] [INFO] [30098] PREPARE received from 30020 for REQUEST 1741330014361
[2025-03-07 15:46:56,269] [INFO] [30098] COMMIT received from 30020 for REQUEST 1741330014361
[2025-03-07 15:46:56,276] [INFO] [30098] COMMIT received from 30102 for REQUEST 1741330014361
[2025-03-07 15:46:56,276] [INFO] [30098] COMMIT received from 30119 for REQUEST 1741330014361
[2025-03-07 15:46:56,375] [INFO] [30098] PREPARE received from 30084 for REQUEST 1741330014361
[2025-03-07 15:46:56,375] [INFO] [30098] PREPARE received from 30042 for REQUEST 1741330014361
[2025-03-07 15:46:56,375] [INFO] [30098] COMMIT received from 30042 for REQUEST 1741330014361
[2025-03-07 15:46:56,375] [INFO] [30098] COMMIT received from 30084 for REQUEST 1741330014361
[2025-03-07 15:46:56,375] [INFO] [30098] PREPARE received from 30029 for REQUEST 1741330014361
[2025-03-07 15:46:56,437] [INFO] [30098] COMMIT received from 30024 for REQUEST 1741330014361
[2025-03-07 15:46:56,450] [INFO] [30098] COMMIT received from 30029 for REQUEST 1741330014361
[2025-03-07 15:46:56,450] [INFO] [30098] COMMIT received from 30038 for REQUEST 1741330014361
[2025-03-07 15:46:56,477] [INFO] [30098] PREPARE received from 30024 for REQUEST 1741330014361
[2025-03-07 15:46:56,582] [INFO] [30098] PREPARE received from 30070 for REQUEST 1741330014361
[2025-03-07 15:46:56,584] [INFO] [30098] COMMIT received from 30070 for REQUEST 1741330014361
[2025-03-07 15:46:56,687] [INFO] [30098] PREPARE received from 30050 for REQUEST 1741330014361
[2025-03-07 15:46:56,687] [INFO] [30098] PREPARE received from 30017 for REQUEST 1741330014361
[2025-03-07 15:46:56,745] [INFO] [30098] COMMIT received from 30017 for REQUEST 1741330014361
[2025-03-07 15:46:56,745] [INFO] [30098] COMMIT received from 30050 for REQUEST 1741330014361
[2025-03-07 15:46:56,958] [INFO] [30098] PREPARE received from 30085 for REQUEST 1741330014361
[2025-03-07 15:46:57,004] [INFO] [30098] PREPARE received from 30045 for REQUEST 1741330014361
[2025-03-07 15:46:57,006] [INFO] [30098] COMMIT received from 30101 for REQUEST 1741330014361
[2025-03-07 15:46:57,006] [INFO] [30098] PREPARE received from 30103 for REQUEST 1741330014361
[2025-03-07 15:46:57,006] [INFO] [30098] COMMIT received from 30103 for REQUEST 1741330014361
[2025-03-07 15:46:57,006] [INFO] [30098] COMMIT received from 30085 for REQUEST 1741330014361
[2025-03-07 15:46:57,006] [INFO] [30098] PREPARE received from 30101 for REQUEST 1741330014361
[2025-03-07 15:46:57,006] [INFO] [30098] COMMIT received from 30045 for REQUEST 1741330014361
[2025-03-07 15:47:03,043] [INFO] [30098] PRE-PREPARE received: {'request_id': 1741330023024, 'data': 'llapbft_message_1741330023024', 'timestamp': 1741330023.043993, 'leader': 30038, 'cluster_id': 2, 'cluster_ports': [30070, 30103, 30075, 30119, 30084, 30085, 30020, 30029, 30071, 30062, 30111, 30045, 30118, 30104, 30074, 30024, 30098, 30088, 30017, 30042, 30047, 30050, 30101, 30038, 30063, 30026, 30059, 30102, 30082, 30005], 'cluster_manager': {'host': 'localhost', 'port': 30111, 'latitude': 36.6282203, 'longitude': 127.4591198, 'altitude': 44, 'offset_m': 'lat: 179 m, lng: 55 m, alt: 44 m'}, 'fault': True, 'simulated_delay': 0.0002448888888888889, 'distance': 164.19200387721853, 'message_size_bits': 4408}
[2025-03-07 15:47:03,043] [INFO] [30098] Broadcasting PREPARE: REQUEST 1741330023024
[2025-03-07 15:47:03,067] [INFO] [30098] PREPARE received from 30059 for REQUEST 1741330023024
[2025-03-07 15:47:03,067] [INFO] [30098] Broadcasting COMMIT: REQUEST 1741330023024
[2025-03-07 15:47:03,075] [INFO] [30098] PREPARE received from 30102 for REQUEST 1741330023024
[2025-03-07 15:47:03,075] [INFO] [30098] PREPARE received from 30119 for REQUEST 1741330023024
[2025-03-07 15:47:03,075] [INFO] [30098] PREPARE received from 30005 for REQUEST 1741330023024
[2025-03-07 15:47:03,075] [INFO] [30098] PREPARE received from 30024 for REQUEST 1741330023024
[2025-03-07 15:47:03,075] [INFO] [30098] PREPARE received from 30074 for REQUEST 1741330023024
[2025-03-07 15:47:03,075] [INFO] [30098] PREPARE received from 30050 for REQUEST 1741330023024
[2025-03-07 15:47:03,075] [INFO] [30098] PREPARE received from 30101 for REQUEST 1741330023024
[2025-03-07 15:47:03,077] [INFO] [30098] PREPARE received from 30084 for REQUEST 1741330023024
[2025-03-07 15:47:03,077] [INFO] [30098] PREPARE received from 30029 for REQUEST 1741330023024
[2025-03-07 15:47:03,077] [INFO] [30098] PREPARE received from 30088 for REQUEST 1741330023024
[2025-03-07 15:47:03,077] [INFO] [30098] PREPARE received from 30020 for REQUEST 1741330023024
[2025-03-07 15:47:03,077] [INFO] [30098] PREPARE received from 30070 for REQUEST 1741330023024
[2025-03-07 15:47:03,079] [INFO] [30098] PREPARE received from 30103 for REQUEST 1741330023024
[2025-03-07 15:47:03,079] [INFO] [30098] PREPARE received from 30042 for REQUEST 1741330023024
[2025-03-07 15:47:03,079] [INFO] [30098] PREPARE received from 30017 for REQUEST 1741330023024
[2025-03-07 15:47:03,079] [INFO] [30098] PREPARE received from 30045 for REQUEST 1741330023024
[2025-03-07 15:47:03,081] [INFO] [30098] PREPARE received from 30075 for REQUEST 1741330023024
[2025-03-07 15:47:03,081] [INFO] [30098] PREPARE received from 30085 for REQUEST 1741330023024
[2025-03-07 15:47:03,089] [INFO] [30098] COMMIT received from 30059 for REQUEST 1741330023024
[2025-03-07 15:47:03,291] [INFO] [30098] COMMIT received from 30088 for REQUEST 1741330023024
[2025-03-07 15:47:03,291] [INFO] [30098] COMMIT complete. Sending PRE-REPLY: REQUEST 1741330023024 directly to Manager 30111
[2025-03-07 15:47:03,291] [INFO] [30098] COMMIT received from 30050 for REQUEST 1741330023024
[2025-03-07 15:47:03,291] [INFO] [30098] COMMIT received from 30024 for REQUEST 1741330023024
[2025-03-07 15:47:03,291] [INFO] [30098] COMMIT received from 30102 for REQUEST 1741330023024
[2025-03-07 15:47:03,293] [INFO] [30098] COMMIT received from 30085 for REQUEST 1741330023024
[2025-03-07 15:47:03,295] [INFO] [30098] COMMIT received from 30029 for REQUEST 1741330023024
[2025-03-07 15:47:03,295] [INFO] [30098] COMMIT received from 30119 for REQUEST 1741330023024
[2025-03-07 15:47:03,295] [INFO] [30098] COMMIT received from 30020 for REQUEST 1741330023024
[2025-03-07 15:47:03,296] [INFO] [30098] COMMIT received from 30070 for REQUEST 1741330023024
[2025-03-07 15:47:03,296] [INFO] [30098] COMMIT received from 30005 for REQUEST 1741330023024
[2025-03-07 15:47:03,296] [INFO] [30098] COMMIT received from 30045 for REQUEST 1741330023024
[2025-03-07 15:47:03,296] [INFO] [30098] COMMIT received from 30075 for REQUEST 1741330023024
[2025-03-07 15:47:03,298] [INFO] [30098] COMMIT received from 30103 for REQUEST 1741330023024
[2025-03-07 15:47:03,298] [INFO] [30098] COMMIT received from 30101 for REQUEST 1741330023024
[2025-03-07 15:47:03,298] [INFO] [30098] COMMIT received from 30038 for REQUEST 1741330023024
[2025-03-07 15:47:03,299] [INFO] [30098] COMMIT received from 30042 for REQUEST 1741330023024
[2025-03-07 15:47:03,302] [INFO] [30098] COMMIT received from 30017 for REQUEST 1741330023024
[2025-03-07 15:47:03,332] [INFO] [30098] COMMIT received from 30074 for REQUEST 1741330023024
[2025-03-07 15:47:03,347] [INFO] [30098] COMMIT received from 30084 for REQUEST 1741330023024
[2025-03-07 15:47:12,508] [INFO] [30098] PRE-PREPARE received: {'request_id': 1741330032451, 'data': 'llapbft_message_1741330032451', 'timestamp': 1741330032.493047, 'leader': 30038, 'cluster_id': 2, 'cluster_ports': [30070, 30103, 30075, 30119, 30084, 30085, 30020, 30029, 30071, 30062, 30111, 30045, 30118, 30104, 30074, 30024, 30098, 30088, 30017, 30042, 30047, 30050, 30101, 30038, 30063, 30026, 30059, 30102, 30082, 30005], 'cluster_manager': {'host': 'localhost', 'port': 30111, 'latitude': 36.6282203, 'longitude': 127.4591198, 'altitude': 44, 'offset_m': 'lat: 179 m, lng: 55 m, alt: 44 m'}, 'fault': True, 'simulated_delay': 0.0002448888888888889, 'distance': 164.19200387721853, 'message_size_bits': 4408}
[2025-03-07 15:47:12,508] [INFO] [30098] Broadcasting PREPARE: REQUEST 1741330032451
[2025-03-07 15:47:12,524] [INFO] [30098] PREPARE received from 30059 for REQUEST 1741330032451
[2025-03-07 15:47:12,524] [INFO] [30098] Broadcasting COMMIT: REQUEST 1741330032451
[2025-03-07 15:47:12,534] [INFO] [30098] PREPARE received from 30005 for REQUEST 1741330032451
[2025-03-07 15:47:12,534] [INFO] [30098] PREPARE received from 30084 for REQUEST 1741330032451
[2025-03-07 15:47:12,534] [INFO] [30098] PREPARE received from 30088 for REQUEST 1741330032451
[2025-03-07 15:47:12,536] [INFO] [30098] PREPARE received from 30017 for REQUEST 1741330032451
[2025-03-07 15:47:12,536] [INFO] [30098] PREPARE received from 30050 for REQUEST 1741330032451
[2025-03-07 15:47:12,536] [INFO] [30098] PREPARE received from 30085 for REQUEST 1741330032451
[2025-03-07 15:47:12,536] [INFO] [30098] PREPARE received from 30042 for REQUEST 1741330032451
[2025-03-07 15:47:12,536] [INFO] [30098] PREPARE received from 30024 for REQUEST 1741330032451
[2025-03-07 15:47:12,536] [INFO] [30098] PREPARE received from 30101 for REQUEST 1741330032451
[2025-03-07 15:47:12,538] [INFO] [30098] PREPARE received from 30020 for REQUEST 1741330032451
[2025-03-07 15:47:12,538] [INFO] [30098] PREPARE received from 30074 for REQUEST 1741330032451
[2025-03-07 15:47:12,538] [INFO] [30098] PREPARE received from 30102 for REQUEST 1741330032451
[2025-03-07 15:47:12,538] [INFO] [30098] PREPARE received from 30029 for REQUEST 1741330032451
[2025-03-07 15:47:12,540] [INFO] [30098] PREPARE received from 30045 for REQUEST 1741330032451
[2025-03-07 15:47:12,548] [INFO] [30098] COMMIT received from 30059 for REQUEST 1741330032451
[2025-03-07 15:47:12,786] [INFO] [30098] PREPARE received from 30119 for REQUEST 1741330032451
[2025-03-07 15:47:12,787] [INFO] [30098] PREPARE received from 30070 for REQUEST 1741330032451
[2025-03-07 15:47:12,787] [INFO] [30098] PREPARE received from 30075 for REQUEST 1741330032451
[2025-03-07 15:47:12,787] [INFO] [30098] COMMIT received from 30102 for REQUEST 1741330032451
[2025-03-07 15:47:12,787] [INFO] [30098] COMMIT complete. Sending PRE-REPLY: REQUEST 1741330032451 directly to Manager 30111
[2025-03-07 15:47:12,787] [INFO] [30098] COMMIT received from 30050 for REQUEST 1741330032451
[2025-03-07 15:47:12,789] [INFO] [30098] COMMIT received from 30088 for REQUEST 1741330032451
[2025-03-07 15:47:12,789] [INFO] [30098] PREPARE received from 30103 for REQUEST 1741330032451
[2025-03-07 15:47:12,791] [INFO] [30098] COMMIT received from 30024 for REQUEST 1741330032451
[2025-03-07 15:47:12,791] [INFO] [30098] COMMIT received from 30085 for REQUEST 1741330032451
[2025-03-07 15:47:12,791] [INFO] [30098] COMMIT received from 30038 for REQUEST 1741330032451
[2025-03-07 15:47:12,792] [INFO] [30098] COMMIT received from 30005 for REQUEST 1741330032451
[2025-03-07 15:47:12,792] [INFO] [30098] COMMIT received from 30045 for REQUEST 1741330032451
[2025-03-07 15:47:12,796] [INFO] [30098] COMMIT received from 30017 for REQUEST 1741330032451
[2025-03-07 15:47:12,796] [INFO] [30098] COMMIT received from 30020 for REQUEST 1741330032451
[2025-03-07 15:47:12,796] [INFO] [30098] COMMIT received from 30119 for REQUEST 1741330032451
[2025-03-07 15:47:12,798] [INFO] [30098] COMMIT received from 30103 for REQUEST 1741330032451
[2025-03-07 15:47:12,798] [INFO] [30098] COMMIT received from 30101 for REQUEST 1741330032451
[2025-03-07 15:47:12,829] [INFO] [30098] COMMIT received from 30074 for REQUEST 1741330032451
[2025-03-07 15:47:12,829] [INFO] [30098] COMMIT received from 30075 for REQUEST 1741330032451
[2025-03-07 15:47:12,830] [INFO] [30098] COMMIT received from 30042 for REQUEST 1741330032451
[2025-03-07 15:47:12,830] [INFO] [30098] COMMIT received from 30070 for REQUEST 1741330032451
[2025-03-07 15:47:12,842] [INFO] [30098] COMMIT received from 30029 for REQUEST 1741330032451
[2025-03-07 15:47:12,858] [INFO] [30098] COMMIT received from 30084 for REQUEST 1741330032451
[2025-03-07 15:47:14,103] [INFO] [30098] PRE-PREPARE received: {'request_id': 1741330034072, 'data': 'llapbft_message_1741330034072', 'timestamp': 1741330034.1039555, 'leader': 30038, 'cluster_id': 2, 'cluster_ports': [30070, 30103, 30075, 30119, 30084, 30085, 30020, 30029, 30071, 30062, 30111, 30045, 30118, 30104, 30074, 30024, 30098, 30088, 30017, 30042, 30047, 30050, 30101, 30038, 30063, 30026, 30059, 30102, 30082, 30005], 'cluster_manager': {'host': 'localhost', 'port': 30111, 'latitude': 36.6282203, 'longitude': 127.4591198, 'altitude': 44, 'offset_m': 'lat: 179 m, lng: 55 m, alt: 44 m'}, 'fault': True, 'simulated_delay': 0.00024533333333333335, 'distance': 164.19200387721853, 'message_size_bits': 4416}
[2025-03-07 15:47:14,103] [INFO] [30098] Broadcasting PREPARE: REQUEST 1741330034072
[2025-03-07 15:47:14,132] [INFO] [30098] PREPARE received from 30059 for REQUEST 1741330034072
[2025-03-07 15:47:14,132] [INFO] [30098] Broadcasting COMMIT: REQUEST 1741330034072
[2025-03-07 15:47:14,139] [INFO] [30098] PREPARE received from 30005 for REQUEST 1741330034072
[2025-03-07 15:47:14,139] [INFO] [30098] PREPARE received from 30102 for REQUEST 1741330034072
[2025-03-07 15:47:14,139] [INFO] [30098] PREPARE received from 30088 for REQUEST 1741330034072
[2025-03-07 15:47:14,139] [INFO] [30098] PREPARE received from 30084 for REQUEST 1741330034072
[2025-03-07 15:47:14,141] [INFO] [30098] PREPARE received from 30050 for REQUEST 1741330034072
[2025-03-07 15:47:14,141] [INFO] [30098] PREPARE received from 30085 for REQUEST 1741330034072
[2025-03-07 15:47:14,141] [INFO] [30098] PREPARE received from 30101 for REQUEST 1741330034072
[2025-03-07 15:47:14,141] [INFO] [30098] PREPARE received from 30024 for REQUEST 1741330034072
[2025-03-07 15:47:14,141] [INFO] [30098] PREPARE received from 30029 for REQUEST 1741330034072
[2025-03-07 15:47:14,141] [INFO] [30098] PREPARE received from 30074 for REQUEST 1741330034072
[2025-03-07 15:47:14,141] [INFO] [30098] PREPARE received from 30020 for REQUEST 1741330034072
[2025-03-07 15:47:14,143] [INFO] [30098] PREPARE received from 30042 for REQUEST 1741330034072
[2025-03-07 15:47:14,143] [INFO] [30098] PREPARE received from 30045 for REQUEST 1741330034072
[2025-03-07 15:47:14,143] [INFO] [30098] PREPARE received from 30017 for REQUEST 1741330034072
[2025-03-07 15:47:14,151] [INFO] [30098] COMMIT received from 30059 for REQUEST 1741330034072
[2025-03-07 15:47:14,349] [INFO] [30098] COMMIT received from 30005 for REQUEST 1741330034072
[2025-03-07 15:47:14,349] [INFO] [30098] COMMIT complete. Sending PRE-REPLY: REQUEST 1741330034072 directly to Manager 30111
[2025-03-07 15:47:14,350] [INFO] [30098] COMMIT received from 30102 for REQUEST 1741330034072
[2025-03-07 15:47:14,350] [INFO] [30098] COMMIT received from 30045 for REQUEST 1741330034072
[2025-03-07 15:47:14,350] [INFO] [30098] COMMIT received from 30085 for REQUEST 1741330034072
[2025-03-07 15:47:14,350] [INFO] [30098] COMMIT received from 30029 for REQUEST 1741330034072
[2025-03-07 15:47:14,714] [INFO] [30098] COMMIT received from 30084 for REQUEST 1741330034072
[2025-03-07 15:47:14,714] [INFO] [30098] COMMIT received from 30103 for REQUEST 1741330034072
[2025-03-07 15:47:14,714] [INFO] [30098] PREPARE received from 30119 for REQUEST 1741330034072
[2025-03-07 15:47:14,714] [INFO] [30098] COMMIT received from 30074 for REQUEST 1741330034072
[2025-03-07 15:47:14,714] [INFO] [30098] PREPARE received from 30070 for REQUEST 1741330034072
[2025-03-07 15:47:14,716] [INFO] [30098] PREPARE received from 30103 for REQUEST 1741330034072
[2025-03-07 15:47:14,716] [INFO] [30098] PREPARE received from 30075 for REQUEST 1741330034072
[2025-03-07 15:47:14,716] [INFO] [30098] COMMIT received from 30070 for REQUEST 1741330034072
[2025-03-07 15:47:14,716] [INFO] [30098] COMMIT received from 30038 for REQUEST 1741330034072
[2025-03-07 15:47:14,716] [INFO] [30098] COMMIT received from 30075 for REQUEST 1741330034072
[2025-03-07 15:47:14,716] [INFO] [30098] COMMIT received from 30020 for REQUEST 1741330034072
[2025-03-07 15:47:14,722] [INFO] [30098] COMMIT received from 30119 for REQUEST 1741330034072
[2025-03-07 15:47:14,722] [INFO] [30098] COMMIT received from 30050 for REQUEST 1741330034072
[2025-03-07 15:47:14,724] [INFO] [30098] COMMIT received from 30101 for REQUEST 1741330034072
[2025-03-07 15:47:14,724] [INFO] [30098] COMMIT received from 30024 for REQUEST 1741330034072
[2025-03-07 15:47:14,726] [INFO] [30098] COMMIT received from 30088 for REQUEST 1741330034072
[2025-03-07 15:47:14,726] [INFO] [30098] COMMIT received from 30017 for REQUEST 1741330034072
[2025-03-07 15:47:14,740] [INFO] [30098] COMMIT received from 30042 for REQUEST 1741330034072
[2025-03-07 15:47:15,619] [INFO] [30098] PRE-PREPARE received: {'request_id': 1741330035582, 'data': 'llapbft_message_1741330035582', 'timestamp': 1741330035.6113288, 'leader': 30038, 'cluster_id': 2, 'cluster_ports': [30070, 30103, 30075, 30119, 30084, 30085, 30020, 30029, 30071, 30062, 30111, 30045, 30118, 30104, 30074, 30024, 30098, 30088, 30017, 30042, 30047, 30050, 30101, 30038, 30063, 30026, 30059, 30102, 30082, 30005], 'cluster_manager': {'host': 'localhost', 'port': 30111, 'latitude': 36.6282203, 'longitude': 127.4591198, 'altitude': 44, 'offset_m': 'lat: 179 m, lng: 55 m, alt: 44 m'}, 'fault': True, 'simulated_delay': 0.00024533333333333335, 'distance': 164.19200387721853, 'message_size_bits': 4416}
[2025-03-07 15:47:15,619] [INFO] [30098] Broadcasting PREPARE: REQUEST 1741330035582
[2025-03-07 15:47:15,633] [INFO] [30098] PREPARE received from 30059 for REQUEST 1741330035582
[2025-03-07 15:47:15,633] [INFO] [30098] Broadcasting COMMIT: REQUEST 1741330035582
[2025-03-07 15:47:15,639] [INFO] [30098] PREPARE received from 30042 for REQUEST 1741330035582
[2025-03-07 15:47:15,639] [INFO] [30098] PREPARE received from 30005 for REQUEST 1741330035582
[2025-03-07 15:47:15,641] [INFO] [30098] PREPARE received from 30102 for REQUEST 1741330035582
[2025-03-07 15:47:15,641] [INFO] [30098] PREPARE received from 30088 for REQUEST 1741330035582
[2025-03-07 15:47:15,641] [INFO] [30098] PREPARE received from 30084 for REQUEST 1741330035582
[2025-03-07 15:47:15,641] [INFO] [30098] PREPARE received from 30017 for REQUEST 1741330035582
[2025-03-07 15:47:15,641] [INFO] [30098] PREPARE received from 30050 for REQUEST 1741330035582
[2025-03-07 15:47:15,641] [INFO] [30098] PREPARE received from 30024 for REQUEST 1741330035582
[2025-03-07 15:47:15,641] [INFO] [30098] PREPARE received from 30074 for REQUEST 1741330035582
[2025-03-07 15:47:15,641] [INFO] [30098] PREPARE received from 30029 for REQUEST 1741330035582
[2025-03-07 15:47:15,641] [INFO] [30098] PREPARE received from 30020 for REQUEST 1741330035582
[2025-03-07 15:47:15,642] [INFO] [30098] PREPARE received from 30085 for REQUEST 1741330035582
[2025-03-07 15:47:15,642] [INFO] [30098] PREPARE received from 30101 for REQUEST 1741330035582
[2025-03-07 15:47:15,642] [INFO] [30098] PREPARE received from 30045 for REQUEST 1741330035582
[2025-03-07 15:47:15,651] [INFO] [30098] COMMIT received from 30059 for REQUEST 1741330035582
[2025-03-07 15:47:15,742] [INFO] [30098] COMMIT received from 30005 for REQUEST 1741330035582
[2025-03-07 15:47:15,742] [INFO] [30098] COMMIT complete. Sending PRE-REPLY: REQUEST 1741330035582 directly to Manager 30111
[2025-03-07 15:47:15,742] [INFO] [30098] COMMIT received from 30102 for REQUEST 1741330035582
[2025-03-07 15:47:15,744] [INFO] [30098] COMMIT received from 30088 for REQUEST 1741330035582
[2025-03-07 15:47:15,744] [INFO] [30098] COMMIT received from 30050 for REQUEST 1741330035582
[2025-03-07 15:47:15,744] [INFO] [30098] COMMIT received from 30029 for REQUEST 1741330035582
[2025-03-07 15:47:15,746] [INFO] [30098] PREPARE received from 30075 for REQUEST 1741330035582
[2025-03-07 15:47:15,746] [INFO] [30098] PREPARE received from 30119 for REQUEST 1741330035582
[2025-03-07 15:47:15,746] [INFO] [30098] PREPARE received from 30070 for REQUEST 1741330035582
[2025-03-07 15:47:15,746] [INFO] [30098] COMMIT received from 30070 for REQUEST 1741330035582
[2025-03-07 15:47:15,746] [INFO] [30098] COMMIT received from 30085 for REQUEST 1741330035582
[2025-03-07 15:47:15,748] [INFO] [30098] COMMIT received from 30042 for REQUEST 1741330035582
[2025-03-07 15:47:15,750] [INFO] [30098] COMMIT received from 30020 for REQUEST 1741330035582
[2025-03-07 15:47:15,750] [INFO] [30098] COMMIT received from 30024 for REQUEST 1741330035582
[2025-03-07 15:47:15,763] [INFO] [30098] PREPARE received from 30103 for REQUEST 1741330035582
[2025-03-07 15:47:15,807] [INFO] [30098] COMMIT received from 30038 for REQUEST 1741330035582
[2025-03-07 15:47:15,842] [INFO] [30098] COMMIT received from 30084 for REQUEST 1741330035582
[2025-03-07 15:47:15,842] [INFO] [30098] COMMIT received from 30045 for REQUEST 1741330035582
[2025-03-07 15:47:15,849] [INFO] [30098] COMMIT received from 30101 for REQUEST 1741330035582
[2025-03-07 15:47:15,860] [INFO] [30098] COMMIT received from 30119 for REQUEST 1741330035582
[2025-03-07 15:47:15,880] [INFO] [30098] COMMIT received from 30074 for REQUEST 1741330035582
[2025-03-07 15:47:15,910] [INFO] [30098] COMMIT received from 30103 for REQUEST 1741330035582
[2025-03-07 15:47:15,920] [INFO] [30098] COMMIT received from 30017 for REQUEST 1741330035582
[2025-03-07 15:47:15,930] [INFO] [30098] COMMIT received from 30075 for REQUEST 1741330035582
[2025-03-07 15:47:16,865] [INFO] [30098] PRE-PREPARE received: {'request_id': 1741330036820, 'data': 'llapbft_message_1741330036820', 'timestamp': 1741330036.8515675, 'leader': 30038, 'cluster_id': 2, 'cluster_ports': [30070, 30103, 30075, 30119, 30084, 30085, 30020, 30029, 30071, 30062, 30111, 30045, 30118, 30104, 30074, 30024, 30098, 30088, 30017, 30042, 30047, 30050, 30101, 30038, 30063, 30026, 30059, 30102, 30082, 30005], 'cluster_manager': {'host': 'localhost', 'port': 30111, 'latitude': 36.6282203, 'longitude': 127.4591198, 'altitude': 44, 'offset_m': 'lat: 179 m, lng: 55 m, alt: 44 m'}, 'fault': True, 'simulated_delay': 0.00024533333333333335, 'distance': 164.19200387721853, 'message_size_bits': 4416}
[2025-03-07 15:47:16,867] [INFO] [30098] Broadcasting PREPARE: REQUEST 1741330036820
[2025-03-07 15:47:16,881] [INFO] [30098] PREPARE received from 30059 for REQUEST 1741330036820
[2025-03-07 15:47:16,883] [INFO] [30098] Broadcasting COMMIT: REQUEST 1741330036820
[2025-03-07 15:47:16,891] [INFO] [30098] PREPARE received from 30042 for REQUEST 1741330036820
[2025-03-07 15:47:16,891] [INFO] [30098] PREPARE received from 30005 for REQUEST 1741330036820
[2025-03-07 15:47:16,891] [INFO] [30098] PREPARE received from 30088 for REQUEST 1741330036820
[2025-03-07 15:47:16,891] [INFO] [30098] PREPARE received from 30084 for REQUEST 1741330036820
[2025-03-07 15:47:16,893] [INFO] [30098] PREPARE received from 30017 for REQUEST 1741330036820
[2025-03-07 15:47:16,893] [INFO] [30098] PREPARE received from 30050 for REQUEST 1741330036820
[2025-03-07 15:47:16,893] [INFO] [30098] PREPARE received from 30101 for REQUEST 1741330036820
[2025-03-07 15:47:16,893] [INFO] [30098] PREPARE received from 30024 for REQUEST 1741330036820
[2025-03-07 15:47:16,893] [INFO] [30098] PREPARE received from 30085 for REQUEST 1741330036820
[2025-03-07 15:47:16,893] [INFO] [30098] PREPARE received from 30029 for REQUEST 1741330036820
[2025-03-07 15:47:16,893] [INFO] [30098] PREPARE received from 30074 for REQUEST 1741330036820
[2025-03-07 15:47:16,895] [INFO] [30098] PREPARE received from 30020 for REQUEST 1741330036820
[2025-03-07 15:47:16,895] [INFO] [30098] PREPARE received from 30045 for REQUEST 1741330036820
[2025-03-07 15:47:16,895] [INFO] [30098] PREPARE received from 30102 for REQUEST 1741330036820
[2025-03-07 15:47:16,905] [INFO] [30098] COMMIT received from 30017 for REQUEST 1741330036820
[2025-03-07 15:47:16,907] [INFO] [30098] COMMIT received from 30045 for REQUEST 1741330036820
[2025-03-07 15:47:16,907] [INFO] [30098] COMMIT complete. Sending PRE-REPLY: REQUEST 1741330036820 directly to Manager 30111
[2025-03-07 15:47:16,907] [INFO] [30098] COMMIT received from 30085 for REQUEST 1741330036820
[2025-03-07 15:47:16,924] [INFO] [30098] PREPARE received from 30119 for REQUEST 1741330036820
[2025-03-07 15:47:16,924] [INFO] [30098] PREPARE received from 30070 for REQUEST 1741330036820
[2025-03-07 15:47:16,924] [INFO] [30098] PREPARE received from 30075 for REQUEST 1741330036820
[2025-03-07 15:47:16,958] [INFO] [30098] COMMIT received from 30050 for REQUEST 1741330036820
[2025-03-07 15:47:16,958] [INFO] [30098] COMMIT received from 30088 for REQUEST 1741330036820
[2025-03-07 15:47:16,966] [INFO] [30098] COMMIT received from 30042 for REQUEST 1741330036820
[2025-03-07 15:47:16,970] [INFO] [30098] COMMIT received from 30059 for REQUEST 1741330036820
[2025-03-07 15:47:16,976] [INFO] [30098] COMMIT received from 30029 for REQUEST 1741330036820
[2025-03-07 15:47:17,027] [INFO] [30098] COMMIT received from 30020 for REQUEST 1741330036820
[2025-03-07 15:47:17,029] [INFO] [30098] PREPARE received from 30103 for REQUEST 1741330036820
[2025-03-07 15:47:17,029] [INFO] [30098] COMMIT received from 30103 for REQUEST 1741330036820
[2025-03-07 15:47:17,029] [INFO] [30098] COMMIT received from 30075 for REQUEST 1741330036820
[2025-03-07 15:47:17,031] [INFO] [30098] COMMIT received from 30038 for REQUEST 1741330036820
[2025-03-07 15:47:17,059] [INFO] [30098] COMMIT received from 30024 for REQUEST 1741330036820
[2025-03-07 15:47:17,073] [INFO] [30098] COMMIT received from 30119 for REQUEST 1741330036820
[2025-03-07 15:47:17,087] [INFO] [30098] COMMIT received from 30005 for REQUEST 1741330036820
[2025-03-07 15:47:17,107] [INFO] [30098] COMMIT received from 30070 for REQUEST 1741330036820
[2025-03-07 15:47:17,120] [INFO] [30098] COMMIT received from 30102 for REQUEST 1741330036820
[2025-03-07 15:47:17,130] [INFO] [30098] COMMIT received from 30084 for REQUEST 1741330036820
[2025-03-07 15:47:17,160] [INFO] [30098] COMMIT received from 30101 for REQUEST 1741330036820
[2025-03-07 15:47:17,168] [INFO] [30098] COMMIT received from 30074 for REQUEST 1741330036820
[2025-03-07 15:47:18,024] [INFO] [30098] PRE-PREPARE received: {'request_id': 1741330037982, 'data': 'llapbft_message_1741330037982', 'timestamp': 1741330038.0159073, 'leader': 30038, 'cluster_id': 2, 'cluster_ports': [30070, 30103, 30075, 30119, 30084, 30085, 30020, 30029, 30071, 30062, 30111, 30045, 30118, 30104, 30074, 30024, 30098, 30088, 30017, 30042, 30047, 30050, 30101, 30038, 30063, 30026, 30059, 30102, 30082, 30005], 'cluster_manager': {'host': 'localhost', 'port': 30111, 'latitude': 36.6282203, 'longitude': 127.4591198, 'altitude': 44, 'offset_m': 'lat: 179 m, lng: 55 m, alt: 44 m'}, 'fault': True, 'simulated_delay': 0.00024533333333333335, 'distance': 164.19200387721853, 'message_size_bits': 4416}
[2025-03-07 15:47:18,026] [INFO] [30098] Broadcasting PREPARE: REQUEST 1741330037982
[2025-03-07 15:47:18,039] [INFO] [30098] PREPARE received from 30059 for REQUEST 1741330037982
[2025-03-07 15:47:18,039] [INFO] [30098] Broadcasting COMMIT: REQUEST 1741330037982
[2025-03-07 15:47:18,047] [INFO] [30098] PREPARE received from 30088 for REQUEST 1741330037982
[2025-03-07 15:47:18,047] [INFO] [30098] PREPARE received from 30005 for REQUEST 1741330037982
[2025-03-07 15:47:18,047] [INFO] [30098] PREPARE received from 30024 for REQUEST 1741330037982
[2025-03-07 15:47:18,049] [INFO] [30098] PREPARE received from 30101 for REQUEST 1741330037982
[2025-03-07 15:47:18,049] [INFO] [30098] PREPARE received from 30085 for REQUEST 1741330037982
[2025-03-07 15:47:18,049] [INFO] [30098] PREPARE received from 30042 for REQUEST 1741330037982
[2025-03-07 15:47:18,049] [INFO] [30098] PREPARE received from 30020 for REQUEST 1741330037982
[2025-03-07 15:47:18,049] [INFO] [30098] PREPARE received from 30074 for REQUEST 1741330037982
[2025-03-07 15:47:18,049] [INFO] [30098] PREPARE received from 30102 for REQUEST 1741330037982
[2025-03-07 15:47:18,049] [INFO] [30098] PREPARE received from 30084 for REQUEST 1741330037982
[2025-03-07 15:47:18,053] [INFO] [30098] PREPARE received from 30017 for REQUEST 1741330037982
[2025-03-07 15:47:18,053] [INFO] [30098] PREPARE received from 30045 for REQUEST 1741330037982
[2025-03-07 15:47:18,053] [INFO] [30098] PREPARE received from 30029 for REQUEST 1741330037982
[2025-03-07 15:47:18,062] [INFO] [30098] COMMIT received from 30059 for REQUEST 1741330037982
[2025-03-07 15:47:18,177] [INFO] [30098] PREPARE received from 30075 for REQUEST 1741330037982
[2025-03-07 15:47:18,179] [INFO] [30098] COMMIT received from 30102 for REQUEST 1741330037982
[2025-03-07 15:47:18,180] [INFO] [30098] COMMIT complete. Sending PRE-REPLY: REQUEST 1741330037982 directly to Manager 30111
[2025-03-07 15:47:18,180] [INFO] [30098] PREPARE received from 30103 for REQUEST 1741330037982
[2025-03-07 15:47:18,180] [INFO] [30098] COMMIT received from 30005 for REQUEST 1741330037982
[2025-03-07 15:47:18,180] [INFO] [30098] COMMIT received from 30024 for REQUEST 1741330037982
[2025-03-07 15:47:18,180] [INFO] [30098] COMMIT received from 30042 for REQUEST 1741330037982
[2025-03-07 15:47:18,180] [INFO] [30098] PREPARE received from 30119 for REQUEST 1741330037982
[2025-03-07 15:47:18,180] [INFO] [30098] COMMIT received from 30085 for REQUEST 1741330037982
[2025-03-07 15:47:18,182] [INFO] [30098] COMMIT received from 30074 for REQUEST 1741330037982
[2025-03-07 15:47:18,182] [INFO] [30098] COMMIT received from 30045 for REQUEST 1741330037982
[2025-03-07 15:47:18,182] [INFO] [30098] PREPARE received from 30070 for REQUEST 1741330037982
[2025-03-07 15:47:18,182] [INFO] [30098] COMMIT received from 30084 for REQUEST 1741330037982
[2025-03-07 15:47:18,184] [INFO] [30098] PREPARE received from 30050 for REQUEST 1741330037982
[2025-03-07 15:47:18,184] [INFO] [30098] COMMIT received from 30038 for REQUEST 1741330037982
[2025-03-07 15:47:18,184] [INFO] [30098] COMMIT received from 30088 for REQUEST 1741330037982
[2025-03-07 15:47:18,309] [INFO] [30098] COMMIT received from 30101 for REQUEST 1741330037982
[2025-03-07 15:47:18,309] [INFO] [30098] COMMIT received from 30029 for REQUEST 1741330037982
[2025-03-07 15:47:18,309] [INFO] [30098] COMMIT received from 30070 for REQUEST 1741330037982
[2025-03-07 15:47:18,309] [INFO] [30098] COMMIT received from 30103 for REQUEST 1741330037982
[2025-03-07 15:47:18,311] [INFO] [30098] COMMIT received from 30075 for REQUEST 1741330037982
[2025-03-07 15:47:18,311] [INFO] [30098] COMMIT received from 30050 for REQUEST 1741330037982
[2025-03-07 15:47:18,311] [INFO] [30098] COMMIT received from 30119 for REQUEST 1741330037982
[2025-03-07 15:47:18,321] [INFO] [30098] COMMIT received from 30017 for REQUEST 1741330037982
[2025-03-07 15:47:18,322] [INFO] [30098] COMMIT received from 30020 for REQUEST 1741330037982
[2025-03-07 15:47:19,327] [INFO] [30098] PRE-PREPARE received: {'request_id': 1741330039288, 'data': 'llapbft_message_1741330039288', 'timestamp': 1741330039.316865, 'leader': 30038, 'cluster_id': 2, 'cluster_ports': [30070, 30103, 30075, 30119, 30084, 30085, 30020, 30029, 30071, 30062, 30111, 30045, 30118, 30104, 30074, 30024, 30098, 30088, 30017, 30042, 30047, 30050, 30101, 30038, 30063, 30026, 30059, 30102, 30082, 30005], 'cluster_manager': {'host': 'localhost', 'port': 30111, 'latitude': 36.6282203, 'longitude': 127.4591198, 'altitude': 44, 'offset_m': 'lat: 179 m, lng: 55 m, alt: 44 m'}, 'fault': True, 'simulated_delay': 0.0002448888888888889, 'distance': 164.19200387721853, 'message_size_bits': 4408}
[2025-03-07 15:47:19,327] [INFO] [30098] Broadcasting PREPARE: REQUEST 1741330039288
[2025-03-07 15:47:19,340] [INFO] [30098] PREPARE received from 30059 for REQUEST 1741330039288
[2025-03-07 15:47:19,340] [INFO] [30098] Broadcasting COMMIT: REQUEST 1741330039288
[2025-03-07 15:47:19,347] [INFO] [30098] PREPARE received from 30045 for REQUEST 1741330039288
[2025-03-07 15:47:19,347] [INFO] [30098] PREPARE received from 30102 for REQUEST 1741330039288
[2025-03-07 15:47:19,413] [INFO] [30098] PREPARE received from 30084 for REQUEST 1741330039288
[2025-03-07 15:47:19,413] [INFO] [30098] PREPARE received from 30088 for REQUEST 1741330039288
[2025-03-07 15:47:19,414] [INFO] [30098] PREPARE received from 30017 for REQUEST 1741330039288
[2025-03-07 15:47:19,414] [INFO] [30098] PREPARE received from 30005 for REQUEST 1741330039288
[2025-03-07 15:47:19,414] [INFO] [30098] PREPARE received from 30050 for REQUEST 1741330039288
[2025-03-07 15:47:19,414] [INFO] [30098] PREPARE received from 30085 for REQUEST 1741330039288
[2025-03-07 15:47:19,414] [INFO] [30098] PREPARE received from 30042 for REQUEST 1741330039288
[2025-03-07 15:47:19,414] [INFO] [30098] PREPARE received from 30020 for REQUEST 1741330039288
[2025-03-07 15:47:19,414] [INFO] [30098] PREPARE received from 30029 for REQUEST 1741330039288
[2025-03-07 15:47:19,414] [INFO] [30098] PREPARE received from 30074 for REQUEST 1741330039288
[2025-03-07 15:47:19,668] [INFO] [30098] COMMIT received from 30042 for REQUEST 1741330039288
[2025-03-07 15:47:19,670] [INFO] [30098] PREPARE received from 30103 for REQUEST 1741330039288
[2025-03-07 15:47:19,671] [INFO] [30098] COMMIT received from 30059 for REQUEST 1741330039288
[2025-03-07 15:47:19,671] [INFO] [30098] COMMIT complete. Sending PRE-REPLY: REQUEST 1741330039288 directly to Manager 30111
[2025-03-07 15:47:19,671] [INFO] [30098] PREPARE received from 30119 for REQUEST 1741330039288
[2025-03-07 15:47:19,671] [INFO] [30098] PREPARE received from 30070 for REQUEST 1741330039288
[2025-03-07 15:47:19,671] [INFO] [30098] COMMIT received from 30029 for REQUEST 1741330039288
[2025-03-07 15:47:19,672] [INFO] [30098] PREPARE received from 30075 for REQUEST 1741330039288
[2025-03-07 15:47:19,672] [INFO] [30098] COMMIT received from 30119 for REQUEST 1741330039288
[2025-03-07 15:47:19,673] [INFO] [30098] COMMIT received from 30074 for REQUEST 1741330039288
[2025-03-07 15:47:19,673] [INFO] [30098] COMMIT received from 30045 for REQUEST 1741330039288
[2025-03-07 15:47:19,673] [INFO] [30098] COMMIT received from 30088 for REQUEST 1741330039288
[2025-03-07 15:47:19,675] [INFO] [30098] COMMIT received from 30102 for REQUEST 1741330039288
[2025-03-07 15:47:19,675] [INFO] [30098] COMMIT received from 30020 for REQUEST 1741330039288
[2025-03-07 15:47:19,675] [INFO] [30098] PREPARE received from 30024 for REQUEST 1741330039288
[2025-03-07 15:47:19,677] [INFO] [30098] COMMIT received from 30017 for REQUEST 1741330039288
[2025-03-07 15:47:19,677] [INFO] [30098] COMMIT received from 30103 for REQUEST 1741330039288
[2025-03-07 15:47:19,677] [INFO] [30098] PREPARE received from 30101 for REQUEST 1741330039288
[2025-03-07 15:47:19,677] [INFO] [30098] COMMIT received from 30024 for REQUEST 1741330039288
[2025-03-07 15:47:19,677] [INFO] [30098] COMMIT received from 30101 for REQUEST 1741330039288
[2025-03-07 15:47:19,679] [INFO] [30098] COMMIT received from 30075 for REQUEST 1741330039288
[2025-03-07 15:47:19,679] [INFO] [30098] COMMIT received from 30084 for REQUEST 1741330039288
[2025-03-07 15:47:19,679] [INFO] [30098] COMMIT received from 30038 for REQUEST 1741330039288
[2025-03-07 15:47:19,679] [INFO] [30098] COMMIT received from 30005 for REQUEST 1741330039288
[2025-03-07 15:47:19,681] [INFO] [30098] COMMIT received from 30050 for REQUEST 1741330039288
[2025-03-07 15:47:19,681] [INFO] [30098] COMMIT received from 30085 for REQUEST 1741330039288
[2025-03-07 15:47:19,683] [INFO] [30098] COMMIT received from 30070 for REQUEST 1741330039288
[2025-03-07 15:47:20,575] [INFO] [30098] PRE-PREPARE received: {'request_id': 1741330040550, 'data': 'llapbft_message_1741330040550', 'timestamp': 1741330040.5750103, 'leader': 30038, 'cluster_id': 2, 'cluster_ports': [30070, 30103, 30075, 30119, 30084, 30085, 30020, 30029, 30071, 30062, 30111, 30045, 30118, 30104, 30074, 30024, 30098, 30088, 30017, 30042, 30047, 30050, 30101, 30038, 30063, 30026, 30059, 30102, 30082, 30005], 'cluster_manager': {'host': 'localhost', 'port': 30111, 'latitude': 36.6282203, 'longitude': 127.4591198, 'altitude': 44, 'offset_m': 'lat: 179 m, lng: 55 m, alt: 44 m'}, 'fault': True, 'simulated_delay': 0.00024533333333333335, 'distance': 164.19200387721853, 'message_size_bits': 4416}
[2025-03-07 15:47:20,575] [INFO] [30098] Broadcasting PREPARE: REQUEST 1741330040550
[2025-03-07 15:47:20,602] [INFO] [30098] PREPARE received from 30059 for REQUEST 1741330040550
[2025-03-07 15:47:20,602] [INFO] [30098] Broadcasting COMMIT: REQUEST 1741330040550
[2025-03-07 15:47:20,608] [INFO] [30098] PREPARE received from 30042 for REQUEST 1741330040550
[2025-03-07 15:47:20,608] [INFO] [30098] PREPARE received from 30074 for REQUEST 1741330040550
[2025-03-07 15:47:20,608] [INFO] [30098] PREPARE received from 30020 for REQUEST 1741330040550
[2025-03-07 15:47:20,610] [INFO] [30098] PREPARE received from 30088 for REQUEST 1741330040550
[2025-03-07 15:47:20,610] [INFO] [30098] PREPARE received from 30017 for REQUEST 1741330040550
[2025-03-07 15:47:20,610] [INFO] [30098] PREPARE received from 30050 for REQUEST 1741330040550
[2025-03-07 15:47:20,610] [INFO] [30098] PREPARE received from 30103 for REQUEST 1741330040550
[2025-03-07 15:47:20,610] [INFO] [30098] PREPARE received from 30085 for REQUEST 1741330040550
[2025-03-07 15:47:20,610] [INFO] [30098] PREPARE received from 30102 for REQUEST 1741330040550
[2025-03-07 15:47:20,610] [INFO] [30098] PREPARE received from 30029 for REQUEST 1741330040550
[2025-03-07 15:47:20,612] [INFO] [30098] PREPARE received from 30101 for REQUEST 1741330040550
[2025-03-07 15:47:20,612] [INFO] [30098] PREPARE received from 30005 for REQUEST 1741330040550
[2025-03-07 15:47:20,612] [INFO] [30098] PREPARE received from 30119 for REQUEST 1741330040550
[2025-03-07 15:47:20,612] [INFO] [30098] PREPARE received from 30070 for REQUEST 1741330040550
[2025-03-07 15:47:20,622] [INFO] [30098] COMMIT received from 30059 for REQUEST 1741330040550
[2025-03-07 15:47:20,624] [INFO] [30098] COMMIT received from 30042 for REQUEST 1741330040550
[2025-03-07 15:47:20,624] [INFO] [30098] COMMIT complete. Sending PRE-REPLY: REQUEST 1741330040550 directly to Manager 30111
[2025-03-07 15:47:20,624] [INFO] [30098] COMMIT received from 30074 for REQUEST 1741330040550
[2025-03-07 15:47:20,624] [INFO] [30098] COMMIT received from 30020 for REQUEST 1741330040550
[2025-03-07 15:47:20,624] [INFO] [30098] COMMIT received from 30005 for REQUEST 1741330040550
[2025-03-07 15:47:20,624] [INFO] [30098] COMMIT received from 30103 for REQUEST 1741330040550
[2025-03-07 15:47:20,626] [INFO] [30098] COMMIT received from 30102 for REQUEST 1741330040550
[2025-03-07 15:47:20,628] [INFO] [30098] COMMIT received from 30050 for REQUEST 1741330040550
[2025-03-07 15:47:20,646] [INFO] [30098] COMMIT received from 30029 for REQUEST 1741330040550
[2025-03-07 15:47:20,648] [INFO] [30098] COMMIT received from 30101 for REQUEST 1741330040550
[2025-03-07 15:47:20,648] [INFO] [30098] COMMIT received from 30070 for REQUEST 1741330040550
[2025-03-07 15:47:20,650] [INFO] [30098] PREPARE received from 30075 for REQUEST 1741330040550
[2025-03-07 15:47:20,650] [INFO] [30098] COMMIT received from 30038 for REQUEST 1741330040550
[2025-03-07 15:47:20,724] [INFO] [30098] COMMIT received from 30075 for REQUEST 1741330040550
[2025-03-07 15:47:20,724] [INFO] [30098] PREPARE received from 30045 for REQUEST 1741330040550
[2025-03-07 15:47:20,724] [INFO] [30098] COMMIT received from 30088 for REQUEST 1741330040550
[2025-03-07 15:47:20,726] [INFO] [30098] PREPARE received from 30024 for REQUEST 1741330040550
[2025-03-07 15:47:20,726] [INFO] [30098] PREPARE received from 30084 for REQUEST 1741330040550
[2025-03-07 15:47:20,745] [INFO] [30098] COMMIT received from 30045 for REQUEST 1741330040550
[2025-03-07 15:47:20,753] [INFO] [30098] COMMIT received from 30024 for REQUEST 1741330040550
[2025-03-07 15:47:20,756] [INFO] [30098] COMMIT received from 30084 for REQUEST 1741330040550
[2025-03-07 15:47:20,789] [INFO] [30098] COMMIT received from 30119 for REQUEST 1741330040550
[2025-03-07 15:47:20,811] [INFO] [30098] COMMIT received from 30017 for REQUEST 1741330040550
[2025-03-07 15:47:20,837] [INFO] [30098] COMMIT received from 30085 for REQUEST 1741330040550
[2025-03-07 15:47:21,690] [INFO] [30098] PRE-PREPARE received: {'request_id': 1741330041647, 'data': 'llapbft_message_1741330041647', 'timestamp': 1741330041.6723814, 'leader': 30038, 'cluster_id': 2, 'cluster_ports': [30070, 30103, 30075, 30119, 30084, 30085, 30020, 30029, 30071, 30062, 30111, 30045, 30118, 30104, 30074, 30024, 30098, 30088, 30017, 30042, 30047, 30050, 30101, 30038, 30063, 30026, 30059, 30102, 30082, 30005], 'cluster_manager': {'host': 'localhost', 'port': 30111, 'latitude': 36.6282203, 'longitude': 127.4591198, 'altitude': 44, 'offset_m': 'lat: 179 m, lng: 55 m, alt: 44 m'}, 'fault': True, 'simulated_delay': 0.00024533333333333335, 'distance': 164.19200387721853, 'message_size_bits': 4416}
[2025-03-07 15:47:21,690] [INFO] [30098] Broadcasting PREPARE: REQUEST 1741330041647
[2025-03-07 15:47:21,704] [INFO] [30098] PREPARE received from 30005 for REQUEST 1741330041647
[2025-03-07 15:47:21,761] [INFO] [30098] Broadcasting COMMIT: REQUEST 1741330041647
[2025-03-07 15:47:21,910] [INFO] [30098] PREPARE received from 30102 for REQUEST 1741330041647
[2025-03-07 15:47:21,931] [INFO] [30098] PREPARE received from 30017 for REQUEST 1741330041647
[2025-03-07 15:47:21,932] [INFO] [30098] PREPARE received from 30084 for REQUEST 1741330041647
[2025-03-07 15:47:21,933] [INFO] [30098] PREPARE received from 30024 for REQUEST 1741330041647
[2025-03-07 15:47:21,933] [INFO] [30098] PREPARE received from 30042 for REQUEST 1741330041647
[2025-03-07 15:47:21,933] [INFO] [30098] COMMIT received from 30102 for REQUEST 1741330041647
[2025-03-07 15:47:21,935] [INFO] [30098] COMMIT received from 30084 for REQUEST 1741330041647
[2025-03-07 15:47:21,935] [INFO] [30098] COMMIT complete. Sending PRE-REPLY: REQUEST 1741330041647 directly to Manager 30111
[2025-03-07 15:47:21,935] [INFO] [30098] COMMIT received from 30103 for REQUEST 1741330041647
[2025-03-07 15:47:21,935] [INFO] [30098] COMMIT received from 30005 for REQUEST 1741330041647
[2025-03-07 15:47:21,935] [INFO] [30098] COMMIT received from 30059 for REQUEST 1741330041647
[2025-03-07 15:47:21,935] [INFO] [30098] COMMIT received from 30042 for REQUEST 1741330041647
[2025-03-07 15:47:21,937] [INFO] [30098] PREPARE received from 30074 for REQUEST 1741330041647
[2025-03-07 15:47:21,937] [INFO] [30098] PREPARE received from 30050 for REQUEST 1741330041647
[2025-03-07 15:47:21,937] [INFO] [30098] PREPARE received from 30103 for REQUEST 1741330041647
[2025-03-07 15:47:21,939] [INFO] [30098] PREPARE received from 30101 for REQUEST 1741330041647
[2025-03-07 15:47:21,943] [INFO] [30098] PREPARE received from 30059 for REQUEST 1741330041647
[2025-03-07 15:47:21,943] [INFO] [30098] COMMIT received from 30029 for REQUEST 1741330041647
[2025-03-07 15:47:21,945] [INFO] [30098] PREPARE received from 30029 for REQUEST 1741330041647
[2025-03-07 15:47:21,945] [INFO] [30098] COMMIT received from 30075 for REQUEST 1741330041647
[2025-03-07 15:47:21,945] [INFO] [30098] COMMIT received from 30074 for REQUEST 1741330041647
[2025-03-07 15:47:21,947] [INFO] [30098] PREPARE received from 30045 for REQUEST 1741330041647
[2025-03-07 15:47:21,998] [INFO] [30098] PREPARE received from 30088 for REQUEST 1741330041647
[2025-03-07 15:47:22,000] [INFO] [30098] COMMIT received from 30088 for REQUEST 1741330041647
[2025-03-07 15:47:22,002] [INFO] [30098] COMMIT received from 30045 for REQUEST 1741330041647
[2025-03-07 15:47:22,002] [INFO] [30098] COMMIT received from 30050 for REQUEST 1741330041647
[2025-03-07 15:47:22,004] [INFO] [30098] PREPARE received from 30075 for REQUEST 1741330041647
[2025-03-07 15:47:22,004] [INFO] [30098] PREPARE received from 30085 for REQUEST 1741330041647
[2025-03-07 15:47:22,007] [INFO] [30098] PREPARE received from 30020 for REQUEST 1741330041647
[2025-03-07 15:47:22,025] [INFO] [30098] COMMIT received from 30017 for REQUEST 1741330041647
[2025-03-07 15:47:22,025] [INFO] [30098] COMMIT received from 30101 for REQUEST 1741330041647
[2025-03-07 15:47:22,025] [INFO] [30098] COMMIT received from 30020 for REQUEST 1741330041647
[2025-03-07 15:47:22,025] [INFO] [30098] PREPARE received from 30070 for REQUEST 1741330041647
[2025-03-07 15:47:22,027] [INFO] [30098] COMMIT received from 30038 for REQUEST 1741330041647
[2025-03-07 15:47:22,027] [INFO] [30098] COMMIT received from 30070 for REQUEST 1741330041647
[2025-03-07 15:47:22,027] [INFO] [30098] PREPARE received from 30119 for REQUEST 1741330041647
[2025-03-07 15:47:22,027] [INFO] [30098] COMMIT received from 30024 for REQUEST 1741330041647
[2025-03-07 15:47:22,027] [INFO] [30098] COMMIT received from 30085 for REQUEST 1741330041647
[2025-03-07 15:47:22,029] [INFO] [30098] COMMIT received from 30119 for REQUEST 1741330041647
[2025-03-07 15:57:34,015] [INFO] Node started: localhost:30098 | index=99 | f=1, k=4
[2025-03-07 16:00:14,403] [INFO] Node started: localhost:30098 | index=99 | f=1, k=4
[2025-03-07 16:12:07,814] [INFO] Node started: localhost:30098 | index=99 | f=1, k=4
[2025-03-07 16:16:58,008] [INFO] Node started: localhost:30098 | index=99 | f=1, k=4
[2025-03-07 16:17:10,578] [INFO] [30098] PRE-PREPARE received: {'request_id': 1741331830515, 'data': 'llapbft_message_1741331830515', 'timestamp': 1741331830.5470784, 'leader': 30008, 'cluster_id': 3, 'cluster_ports': [30090, 30025, 30059, 30026, 30074, 30057, 30117, 30116, 30081, 30119, 30078, 30084, 30053, 30071, 30098, 30030, 30044, 30004, 30033, 30034, 30019, 30060, 30005, 30046, 30114, 30077, 30008, 30087, 30017, 30001], 'cluster_manager': {'host': 'localhost', 'port': 30026, 'latitude': 36.6288775, 'longitude': 127.4601361, 'altitude': 55, 'offset_m': 'lat: 252 m, lng: 145 m, alt: 55 m'}, 'fault': True, 'simulated_delay': 0.00036866666666666667, 'distance': 239.8041520353697, 'message_size_bits': 4424}
[2025-03-07 16:17:10,582] [INFO] [30098] Broadcasting PREPARE: REQUEST 1741331830515
[2025-03-07 16:17:10,683] [INFO] [30098] PREPARE received from 30081 for REQUEST 1741331830515
[2025-03-07 16:17:10,689] [INFO] [30098] Broadcasting COMMIT: REQUEST 1741331830515
[2025-03-07 16:17:10,700] [INFO] [30098] PREPARE received from 30034 for REQUEST 1741331830515
[2025-03-07 16:17:10,712] [INFO] [30098] PREPARE received from 30074 for REQUEST 1741331830515
[2025-03-07 16:17:10,712] [INFO] [30098] PREPARE received from 30057 for REQUEST 1741331830515
[2025-03-07 16:17:10,722] [INFO] [30098] PREPARE received from 30053 for REQUEST 1741331830515
[2025-03-07 16:17:10,759] [INFO] [30098] COMMIT received from 30034 for REQUEST 1741331830515
[2025-03-07 16:17:10,762] [INFO] [30098] COMMIT received from 30074 for REQUEST 1741331830515
[2025-03-07 16:17:10,762] [INFO] [30098] COMMIT complete. Sending PRE-REPLY: REQUEST 1741331830515 directly to Manager 30026
[2025-03-07 16:17:10,769] [INFO] [30098] COMMIT received from 30057 for REQUEST 1741331830515
[2025-03-07 16:17:10,787] [INFO] [30098] PREPARE received from 30030 for REQUEST 1741331830515
[2025-03-07 16:17:10,815] [INFO] [30098] COMMIT received from 30081 for REQUEST 1741331830515
[2025-03-07 16:17:10,838] [INFO] [30098] COMMIT received from 30008 for REQUEST 1741331830515
[2025-03-07 16:17:10,895] [INFO] [30098] PREPARE received from 30071 for REQUEST 1741331830515
[2025-03-07 16:17:10,895] [INFO] [30098] COMMIT received from 30071 for REQUEST 1741331830515
[2025-03-07 16:17:10,932] [INFO] [30098] COMMIT received from 30053 for REQUEST 1741331830515
[2025-03-07 16:17:10,959] [INFO] [30098] PREPARE received from 30084 for REQUEST 1741331830515
[2025-03-07 16:17:10,981] [INFO] [30098] COMMIT received from 30030 for REQUEST 1741331830515
[2025-03-07 16:17:10,993] [INFO] [30098] COMMIT received from 30084 for REQUEST 1741331830515
[2025-03-07 16:17:11,006] [INFO] [30098] PREPARE received from 30004 for REQUEST 1741331830515
[2025-03-07 16:17:11,011] [INFO] [30098] PREPARE received from 30119 for REQUEST 1741331830515
[2025-03-07 16:17:11,037] [INFO] [30098] COMMIT received from 30004 for REQUEST 1741331830515
[2025-03-07 16:17:11,037] [INFO] [30098] PREPARE received from 30090 for REQUEST 1741331830515
[2025-03-07 16:17:11,037] [INFO] [30098] PREPARE received from 30025 for REQUEST 1741331830515
[2025-03-07 16:17:11,053] [INFO] [30098] PREPARE received from 30116 for REQUEST 1741331830515
[2025-03-07 16:17:11,053] [INFO] [30098] PREPARE received from 30017 for REQUEST 1741331830515
[2025-03-07 16:17:11,059] [INFO] [30098] PREPARE received from 30078 for REQUEST 1741331830515
[2025-03-07 16:17:11,059] [INFO] [30098] COMMIT received from 30025 for REQUEST 1741331830515
[2025-03-07 16:17:11,066] [INFO] [30098] COMMIT received from 30119 for REQUEST 1741331830515
[2025-03-07 16:17:11,066] [INFO] [30098] PREPARE received from 30019 for REQUEST 1741331830515
[2025-03-07 16:17:11,066] [INFO] [30098] COMMIT received from 30017 for REQUEST 1741331830515
[2025-03-07 16:17:11,068] [INFO] [30098] COMMIT received from 30090 for REQUEST 1741331830515
[2025-03-07 16:17:11,068] [INFO] [30098] COMMIT received from 30116 for REQUEST 1741331830515
[2025-03-07 16:17:11,082] [INFO] [30098] COMMIT received from 30019 for REQUEST 1741331830515
[2025-03-07 16:17:11,094] [INFO] [30098] PREPARE received from 30046 for REQUEST 1741331830515
[2025-03-07 16:17:11,094] [INFO] [30098] COMMIT received from 30078 for REQUEST 1741331830515
[2025-03-07 16:17:11,094] [INFO] [30098] COMMIT received from 30046 for REQUEST 1741331830515
[2025-03-07 16:17:11,108] [INFO] [30098] PREPARE received from 30033 for REQUEST 1741331830515
[2025-03-07 16:17:11,110] [INFO] [30098] COMMIT received from 30033 for REQUEST 1741331830515
[2025-03-07 16:17:11,114] [INFO] [30098] PREPARE received from 30044 for REQUEST 1741331830515
[2025-03-07 16:17:11,118] [INFO] [30098] COMMIT received from 30044 for REQUEST 1741331830515
[2025-03-07 16:17:12,620] [INFO] [30098] PRE-PREPARE received: {'request_id': 1741331832551, 'data': 'llapbft_message_1741331832551', 'timestamp': 1741331832.5864594, 'leader': 30008, 'cluster_id': 3, 'cluster_ports': [30090, 30025, 30059, 30026, 30074, 30057, 30117, 30116, 30081, 30119, 30078, 30084, 30053, 30071, 30098, 30030, 30044, 30004, 30033, 30034, 30019, 30060, 30005, 30046, 30114, 30077, 30008, 30087, 30017, 30001], 'cluster_manager': {'host': 'localhost', 'port': 30026, 'latitude': 36.6288775, 'longitude': 127.4601361, 'altitude': 55, 'offset_m': 'lat: 252 m, lng: 145 m, alt: 55 m'}, 'fault': True, 'simulated_delay': 0.00036866666666666667, 'distance': 239.8041520353697, 'message_size_bits': 4424}
[2025-03-07 16:17:12,620] [INFO] [30098] Broadcasting PREPARE: REQUEST 1741331832551
[2025-03-07 16:17:12,630] [INFO] [30098] PREPARE received from 30034 for REQUEST 1741331832551
[2025-03-07 16:17:12,630] [INFO] [30098] Broadcasting COMMIT: REQUEST 1741331832551
[2025-03-07 16:17:12,630] [INFO] [30098] PREPARE received from 30084 for REQUEST 1741331832551
[2025-03-07 16:17:12,632] [INFO] [30098] PREPARE received from 30033 for REQUEST 1741331832551
[2025-03-07 16:17:12,632] [INFO] [30098] PREPARE received from 30071 for REQUEST 1741331832551
[2025-03-07 16:17:12,632] [INFO] [30098] PREPARE received from 30053 for REQUEST 1741331832551
[2025-03-07 16:17:12,632] [INFO] [30098] PREPARE received from 30044 for REQUEST 1741331832551
[2025-03-07 16:17:12,687] [INFO] [30098] COMMIT received from 30053 for REQUEST 1741331832551
[2025-03-07 16:17:12,689] [INFO] [30098] COMMIT received from 30084 for REQUEST 1741331832551
[2025-03-07 16:17:12,689] [INFO] [30098] COMMIT complete. Sending PRE-REPLY: REQUEST 1741331832551 directly to Manager 30026
[2025-03-07 16:17:12,690] [INFO] [30098] PREPARE received from 30074 for REQUEST 1741331832551
[2025-03-07 16:17:12,690] [INFO] [30098] PREPARE received from 30057 for REQUEST 1741331832551
[2025-03-07 16:17:12,690] [INFO] [30098] PREPARE received from 30019 for REQUEST 1741331832551
[2025-03-07 16:17:12,745] [INFO] [30098] COMMIT received from 30008 for REQUEST 1741331832551
[2025-03-07 16:17:12,745] [INFO] [30098] COMMIT received from 30071 for REQUEST 1741331832551
[2025-03-07 16:17:12,745] [INFO] [30098] PREPARE received from 30078 for REQUEST 1741331832551
[2025-03-07 16:17:12,747] [INFO] [30098] PREPARE received from 30046 for REQUEST 1741331832551
[2025-03-07 16:17:12,747] [INFO] [30098] PREPARE received from 30017 for REQUEST 1741331832551
[2025-03-07 16:17:12,747] [INFO] [30098] COMMIT received from 30033 for REQUEST 1741331832551
[2025-03-07 16:17:12,747] [INFO] [30098] COMMIT received from 30116 for REQUEST 1741331832551
[2025-03-07 16:17:12,747] [INFO] [30098] PREPARE received from 30119 for REQUEST 1741331832551
[2025-03-07 16:17:12,749] [INFO] [30098] PREPARE received from 30116 for REQUEST 1741331832551
[2025-03-07 16:17:12,750] [INFO] [30098] COMMIT received from 30046 for REQUEST 1741331832551
[2025-03-07 16:17:12,750] [INFO] [30098] COMMIT received from 30019 for REQUEST 1741331832551
[2025-03-07 16:17:12,750] [INFO] [30098] COMMIT received from 30044 for REQUEST 1741331832551
[2025-03-07 16:17:12,750] [INFO] [30098] PREPARE received from 30081 for REQUEST 1741331832551
[2025-03-07 16:17:12,750] [INFO] [30098] PREPARE received from 30004 for REQUEST 1741331832551
[2025-03-07 16:17:12,753] [INFO] [30098] COMMIT received from 30081 for REQUEST 1741331832551
[2025-03-07 16:17:12,755] [INFO] [30098] COMMIT received from 30078 for REQUEST 1741331832551
[2025-03-07 16:17:12,755] [INFO] [30098] COMMIT received from 30004 for REQUEST 1741331832551
[2025-03-07 16:17:12,755] [INFO] [30098] COMMIT received from 30017 for REQUEST 1741331832551
[2025-03-07 16:17:12,755] [INFO] [30098] PREPARE received from 30090 for REQUEST 1741331832551
[2025-03-07 16:17:12,756] [INFO] [30098] COMMIT received from 30025 for REQUEST 1741331832551
[2025-03-07 16:17:12,756] [INFO] [30098] COMMIT received from 30030 for REQUEST 1741331832551
[2025-03-07 16:17:12,756] [INFO] [30098] COMMIT received from 30119 for REQUEST 1741331832551
[2025-03-07 16:17:12,756] [INFO] [30098] PREPARE received from 30025 for REQUEST 1741331832551
[2025-03-07 16:17:12,757] [INFO] [30098] COMMIT received from 30090 for REQUEST 1741331832551
[2025-03-07 16:17:12,757] [INFO] [30098] PREPARE received from 30030 for REQUEST 1741331832551
[2025-03-07 16:17:12,757] [INFO] [30098] COMMIT received from 30034 for REQUEST 1741331832551
[2025-03-07 16:17:12,757] [INFO] [30098] COMMIT received from 30074 for REQUEST 1741331832551
[2025-03-07 16:17:12,757] [INFO] [30098] COMMIT received from 30057 for REQUEST 1741331832551
[2025-03-07 16:17:13,587] [INFO] [30098] PRE-PREPARE received: {'request_id': 1741331833544, 'data': 'llapbft_message_1741331833544', 'timestamp': 1741331833.571086, 'leader': 30008, 'cluster_id': 3, 'cluster_ports': [30090, 30025, 30059, 30026, 30074, 30057, 30117, 30116, 30081, 30119, 30078, 30084, 30053, 30071, 30098, 30030, 30044, 30004, 30033, 30034, 30019, 30060, 30005, 30046, 30114, 30077, 30008, 30087, 30017, 30001], 'cluster_manager': {'host': 'localhost', 'port': 30026, 'latitude': 36.6288775, 'longitude': 127.4601361, 'altitude': 55, 'offset_m': 'lat: 252 m, lng: 145 m, alt: 55 m'}, 'fault': True, 'simulated_delay': 0.000368, 'distance': 239.8041520353697, 'message_size_bits': 4416}
[2025-03-07 16:17:13,587] [INFO] [30098] Broadcasting PREPARE: REQUEST 1741331833544
[2025-03-07 16:17:13,601] [INFO] [30098] PREPARE received from 30053 for REQUEST 1741331833544
[2025-03-07 16:17:13,601] [INFO] [30098] Broadcasting COMMIT: REQUEST 1741331833544
[2025-03-07 16:17:13,607] [INFO] [30098] PREPARE received from 30034 for REQUEST 1741331833544
[2025-03-07 16:17:13,607] [INFO] [30098] PREPARE received from 30017 for REQUEST 1741331833544
[2025-03-07 16:17:13,607] [INFO] [30098] PREPARE received from 30044 for REQUEST 1741331833544
[2025-03-07 16:17:13,607] [INFO] [30098] PREPARE received from 30084 for REQUEST 1741331833544
[2025-03-07 16:17:13,607] [INFO] [30098] PREPARE received from 30081 for REQUEST 1741331833544
[2025-03-07 16:17:13,607] [INFO] [30098] PREPARE received from 30074 for REQUEST 1741331833544
[2025-03-07 16:17:13,609] [INFO] [30098] PREPARE received from 30078 for REQUEST 1741331833544
[2025-03-07 16:17:13,609] [INFO] [30098] PREPARE received from 30033 for REQUEST 1741331833544
[2025-03-07 16:17:13,609] [INFO] [30098] PREPARE received from 30071 for REQUEST 1741331833544
[2025-03-07 16:17:13,609] [INFO] [30098] PREPARE received from 30116 for REQUEST 1741331833544
[2025-03-07 16:17:13,611] [INFO] [30098] PREPARE received from 30019 for REQUEST 1741331833544
[2025-03-07 16:17:13,611] [INFO] [30098] PREPARE received from 30025 for REQUEST 1741331833544
[2025-03-07 16:17:13,611] [INFO] [30098] PREPARE received from 30004 for REQUEST 1741331833544
[2025-03-07 16:17:13,618] [INFO] [30098] COMMIT received from 30053 for REQUEST 1741331833544
[2025-03-07 16:17:13,620] [INFO] [30098] COMMIT received from 30081 for REQUEST 1741331833544
[2025-03-07 16:17:13,620] [INFO] [30098] COMMIT complete. Sending PRE-REPLY: REQUEST 1741331833544 directly to Manager 30026
[2025-03-07 16:17:13,620] [INFO] [30098] COMMIT received from 30044 for REQUEST 1741331833544
[2025-03-07 16:17:13,620] [INFO] [30098] COMMIT received from 30074 for REQUEST 1741331833544
[2025-03-07 16:17:13,622] [INFO] [30098] COMMIT received from 30034 for REQUEST 1741331833544
[2025-03-07 16:17:13,630] [INFO] [30098] COMMIT received from 30084 for REQUEST 1741331833544
[2025-03-07 16:17:13,633] [INFO] [30098] COMMIT received from 30004 for REQUEST 1741331833544
[2025-03-07 16:17:13,634] [INFO] [30098] COMMIT received from 30019 for REQUEST 1741331833544
[2025-03-07 16:17:13,634] [INFO] [30098] PREPARE received from 30119 for REQUEST 1741331833544
[2025-03-07 16:17:13,634] [INFO] [30098] COMMIT received from 30033 for REQUEST 1741331833544
[2025-03-07 16:17:13,636] [INFO] [30098] PREPARE received from 30090 for REQUEST 1741331833544
[2025-03-07 16:17:13,636] [INFO] [30098] PREPARE received from 30046 for REQUEST 1741331833544
[2025-03-07 16:17:13,637] [INFO] [30098] PREPARE received from 30057 for REQUEST 1741331833544
[2025-03-07 16:17:13,638] [INFO] [30098] PREPARE received from 30030 for REQUEST 1741331833544
[2025-03-07 16:17:13,645] [INFO] [30098] COMMIT received from 30008 for REQUEST 1741331833544
[2025-03-07 16:17:13,659] [INFO] [30098] COMMIT received from 30057 for REQUEST 1741331833544
[2025-03-07 16:17:13,661] [INFO] [30098] COMMIT received from 30116 for REQUEST 1741331833544
[2025-03-07 16:17:13,667] [INFO] [30098] COMMIT received from 30078 for REQUEST 1741331833544
[2025-03-07 16:17:13,669] [INFO] [30098] COMMIT received from 30017 for REQUEST 1741331833544
[2025-03-07 16:17:13,696] [INFO] [30098] COMMIT received from 30119 for REQUEST 1741331833544
[2025-03-07 16:17:13,697] [INFO] [30098] COMMIT received from 30090 for REQUEST 1741331833544
[2025-03-07 16:17:13,701] [INFO] [30098] COMMIT received from 30071 for REQUEST 1741331833544
[2025-03-07 16:17:13,707] [INFO] [30098] COMMIT received from 30025 for REQUEST 1741331833544
[2025-03-07 16:17:13,717] [INFO] [30098] COMMIT received from 30030 for REQUEST 1741331833544
[2025-03-07 16:17:13,717] [INFO] [30098] COMMIT received from 30046 for REQUEST 1741331833544
