[2025-03-19 08:51:15,770] [INFO] Node started: localhost:30007 | index=8 | f=1, k=2
[2025-03-19 08:51:22,024] [INFO] [CLUSTER MANAGER 30007] PRE-REQUEST received: {'request_id': 1742341882006, 'timestamp': 1742341882.0065045, 'data': 'llapbft_message_1742341882006', 'cluster_id': 0, 'cluster_ports': [30007, 30003, 30005, 30001], 'leader': 30003, 'client_port': 20001, 'origin': 'client', 'simulated_delay': 0.00015066666666666668, 'distance': 205.4614834019186, 'message_size_bits': 1808}
[2025-03-19 08:51:22,024] [INFO] [CLUSTER MANAGER 30007] Sending REQUEST to Leader 30003
[2025-03-19 08:51:22,106] [INFO] [CLUSTER MANAGER 30007] Received PRE-REPLY from 30001 for req_id 1742341882006
[2025-03-19 08:51:22,106] [INFO] [CLUSTER MANAGER 30007] PRE-REPLY senders for req_id 1742341882006: [30001]
[2025-03-19 08:51:22,106] [INFO] [CLUSTER MANAGER 30007] Received PRE-REPLY from 30005 for req_id 1742341882006
[2025-03-19 08:51:22,106] [INFO] [CLUSTER MANAGER 30007] PRE-REPLY senders for req_id 1742341882006: [30001, 30005]
[2025-03-19 08:51:22,106] [INFO] [CLUSTER MANAGER 30007] Condition met for req_id 1742341882006 (f+1 messages).
[2025-03-19 08:51:22,106] [INFO] [CLUSTER MANAGER 30007] Client found: {'host': 'localhost', 'port': 20001, 'latitude': 36.6266, 'longitude': 127.4585, 'altitude': 0}
[2025-03-19 08:51:22,106] [INFO] [CLUSTER MANAGER 30007] Sending final REPLY for req_id 1742341882006 to Client 20001.
[2025-03-19 08:51:22,106] [INFO] [CLUSTER MANAGER 30007] Received PRE-REPLY from 30003 for req_id 1742341882006
[2025-03-19 08:51:22,106] [INFO] [CLUSTER MANAGER 30007] PRE-REPLY senders for req_id 1742341882006: [30001, 30005, 30003]
[2025-03-19 08:51:22,106] [INFO] [CLUSTER MANAGER 30007] Final REPLY for req_id 1742341882006 sent successfully.
[2025-03-19 08:51:22,122] [INFO] [CLUSTER MANAGER 30007] PRE-REQUEST received: {'request_id': 1742341882106, 'timestamp': 1742341882.1067917, 'data': 'llapbft_message_1742341882106', 'cluster_id': 0, 'cluster_ports': [30007, 30003, 30005, 30001], 'leader': 30003, 'client_port': 20001, 'origin': 'client', 'simulated_delay': 0.00015066666666666668, 'distance': 205.4614834019186, 'message_size_bits': 1808}
[2025-03-19 08:51:22,122] [INFO] [CLUSTER MANAGER 30007] Sending REQUEST to Leader 30003
[2025-03-19 08:51:22,179] [INFO] [CLUSTER MANAGER 30007] Received PRE-REPLY from 30005 for req_id 1742341882106
[2025-03-19 08:51:22,179] [INFO] [CLUSTER MANAGER 30007] PRE-REPLY senders for req_id 1742341882106: [30005]
[2025-03-19 08:51:22,179] [INFO] [CLUSTER MANAGER 30007] Received PRE-REPLY from 30001 for req_id 1742341882106
[2025-03-19 08:51:22,179] [INFO] [CLUSTER MANAGER 30007] PRE-REPLY senders for req_id 1742341882106: [30005, 30001]
[2025-03-19 08:51:22,179] [INFO] [CLUSTER MANAGER 30007] Condition met for req_id 1742341882106 (f+1 messages).
[2025-03-19 08:51:22,179] [INFO] [CLUSTER MANAGER 30007] Client found: {'host': 'localhost', 'port': 20001, 'latitude': 36.6266, 'longitude': 127.4585, 'altitude': 0}
[2025-03-19 08:51:22,179] [INFO] [CLUSTER MANAGER 30007] Sending final REPLY for req_id 1742341882106 to Client 20001.
[2025-03-19 08:51:22,189] [INFO] [CLUSTER MANAGER 30007] Received PRE-REPLY from 30003 for req_id 1742341882106
[2025-03-19 08:51:22,189] [INFO] [CLUSTER MANAGER 30007] PRE-REPLY senders for req_id 1742341882106: [30005, 30001, 30003]
[2025-03-19 08:51:22,189] [INFO] [CLUSTER MANAGER 30007] Final REPLY for req_id 1742341882106 sent successfully.
[2025-03-19 08:51:22,205] [INFO] [CLUSTER MANAGER 30007] PRE-REQUEST received: {'request_id': 1742341882189, 'timestamp': 1742341882.1896956, 'data': 'llapbft_message_1742341882189', 'cluster_id': 0, 'cluster_ports': [30007, 30003, 30005, 30001], 'leader': 30003, 'client_port': 20001, 'origin': 'client', 'simulated_delay': 0.00015066666666666668, 'distance': 205.4614834019186, 'message_size_bits': 1808}
[2025-03-19 08:51:22,205] [INFO] [CLUSTER MANAGER 30007] Sending REQUEST to Leader 30003
[2025-03-19 08:51:22,258] [INFO] [CLUSTER MANAGER 30007] Received PRE-REPLY from 30003 for req_id 1742341882189
[2025-03-19 08:51:22,258] [INFO] [CLUSTER MANAGER 30007] PRE-REPLY senders for req_id 1742341882189: [30003]
[2025-03-19 08:51:22,258] [INFO] [CLUSTER MANAGER 30007] Received PRE-REPLY from 30001 for req_id 1742341882189
[2025-03-19 08:51:22,258] [INFO] [CLUSTER MANAGER 30007] PRE-REPLY senders for req_id 1742341882189: [30003, 30001]
[2025-03-19 08:51:22,258] [INFO] [CLUSTER MANAGER 30007] Condition met for req_id 1742341882189 (f+1 messages).
[2025-03-19 08:51:22,258] [INFO] [CLUSTER MANAGER 30007] Client found: {'host': 'localhost', 'port': 20001, 'latitude': 36.6266, 'longitude': 127.4585, 'altitude': 0}
[2025-03-19 08:51:22,258] [INFO] [CLUSTER MANAGER 30007] Sending final REPLY for req_id 1742341882189 to Client 20001.
[2025-03-19 08:51:22,258] [INFO] [CLUSTER MANAGER 30007] Received PRE-REPLY from 30005 for req_id 1742341882189
[2025-03-19 08:51:22,258] [INFO] [CLUSTER MANAGER 30007] PRE-REPLY senders for req_id 1742341882189: [30003, 30001, 30005]
[2025-03-19 08:51:22,258] [INFO] [CLUSTER MANAGER 30007] Final REPLY for req_id 1742341882189 sent successfully.
[2025-03-19 08:51:22,290] [INFO] [CLUSTER MANAGER 30007] PRE-REQUEST received: {'request_id': 1742341882273, 'timestamp': 1742341882.2734532, 'data': 'llapbft_message_1742341882273', 'cluster_id': 0, 'cluster_ports': [30007, 30003, 30005, 30001], 'leader': 30003, 'client_port': 20001, 'origin': 'client', 'simulated_delay': 0.00015066666666666668, 'distance': 205.4614834019186, 'message_size_bits': 1808}
[2025-03-19 08:51:22,290] [INFO] [CLUSTER MANAGER 30007] Sending REQUEST to Leader 30003
[2025-03-19 08:51:22,357] [INFO] [CLUSTER MANAGER 30007] Received PRE-REPLY from 30005 for req_id 1742341882273
[2025-03-19 08:51:22,357] [INFO] [CLUSTER MANAGER 30007] PRE-REPLY senders for req_id 1742341882273: [30005]
[2025-03-19 08:51:22,357] [INFO] [CLUSTER MANAGER 30007] Received PRE-REPLY from 30001 for req_id 1742341882273
[2025-03-19 08:51:22,357] [INFO] [CLUSTER MANAGER 30007] PRE-REPLY senders for req_id 1742341882273: [30005, 30001]
[2025-03-19 08:51:22,357] [INFO] [CLUSTER MANAGER 30007] Condition met for req_id 1742341882273 (f+1 messages).
[2025-03-19 08:51:22,357] [INFO] [CLUSTER MANAGER 30007] Client found: {'host': 'localhost', 'port': 20001, 'latitude': 36.6266, 'longitude': 127.4585, 'altitude': 0}
[2025-03-19 08:51:22,357] [INFO] [CLUSTER MANAGER 30007] Sending final REPLY for req_id 1742341882273 to Client 20001.
[2025-03-19 08:51:22,374] [INFO] [CLUSTER MANAGER 30007] Received PRE-REPLY from 30003 for req_id 1742341882273
[2025-03-19 08:51:22,374] [INFO] [CLUSTER MANAGER 30007] PRE-REPLY senders for req_id 1742341882273: [30005, 30001, 30003]
[2025-03-19 08:51:22,374] [INFO] [CLUSTER MANAGER 30007] Final REPLY for req_id 1742341882273 sent successfully.
[2025-03-19 08:51:26,545] [INFO] [CLUSTER MANAGER 30007] PRE-REQUEST received: {'request_id': 1742341886527, 'timestamp': 1742341886.5279675, 'data': 'llapbft_message_1742341886527', 'cluster_id': 0, 'cluster_ports': [30007, 30003, 30005, 30001], 'leader': 30003, 'client_port': 20001, 'origin': 'client', 'simulated_delay': 0.00015066666666666668, 'distance': 205.4614834019186, 'message_size_bits': 1808}
[2025-03-19 08:51:26,545] [INFO] [CLUSTER MANAGER 30007] Sending REQUEST to Leader 30003
[2025-03-19 08:51:26,580] [INFO] [CLUSTER MANAGER 30007] Received PRE-REPLY from 30005 for req_id 1742341886527
[2025-03-19 08:51:26,580] [INFO] [CLUSTER MANAGER 30007] PRE-REPLY senders for req_id 1742341886527: [30005]
[2025-03-19 08:51:26,580] [INFO] [CLUSTER MANAGER 30007] Received PRE-REPLY from 30001 for req_id 1742341886527
[2025-03-19 08:51:26,580] [INFO] [CLUSTER MANAGER 30007] PRE-REPLY senders for req_id 1742341886527: [30005, 30001]
[2025-03-19 08:51:26,580] [INFO] [CLUSTER MANAGER 30007] Condition met for req_id 1742341886527 (f+1 messages).
[2025-03-19 08:51:26,580] [INFO] [CLUSTER MANAGER 30007] Client found: {'host': 'localhost', 'port': 20001, 'latitude': 36.6266, 'longitude': 127.4585, 'altitude': 0}
[2025-03-19 08:51:26,580] [INFO] [CLUSTER MANAGER 30007] Sending final REPLY for req_id 1742341886527 to Client 20001.
[2025-03-19 08:51:26,593] [INFO] [CLUSTER MANAGER 30007] Received PRE-REPLY from 30003 for req_id 1742341886527
[2025-03-19 08:51:26,593] [INFO] [CLUSTER MANAGER 30007] PRE-REPLY senders for req_id 1742341886527: [30005, 30001, 30003]
[2025-03-19 08:51:26,593] [INFO] [CLUSTER MANAGER 30007] Final REPLY for req_id 1742341886527 sent successfully.
[2025-03-19 08:51:26,610] [INFO] [CLUSTER MANAGER 30007] PRE-REQUEST received: {'request_id': 1742341886593, 'timestamp': 1742341886.593981, 'data': 'llapbft_message_1742341886593', 'cluster_id': 0, 'cluster_ports': [30007, 30003, 30005, 30001], 'leader': 30003, 'client_port': 20001, 'origin': 'client', 'simulated_delay': 0.00015, 'distance': 205.4614834019186, 'message_size_bits': 1800}
[2025-03-19 08:51:26,610] [INFO] [CLUSTER MANAGER 30007] Sending REQUEST to Leader 30003
[2025-03-19 08:51:26,677] [INFO] [CLUSTER MANAGER 30007] Received PRE-REPLY from 30003 for req_id 1742341886593
[2025-03-19 08:51:26,677] [INFO] [CLUSTER MANAGER 30007] PRE-REPLY senders for req_id 1742341886593: [30003]
[2025-03-19 08:51:26,677] [INFO] [CLUSTER MANAGER 30007] Received PRE-REPLY from 30001 for req_id 1742341886593
[2025-03-19 08:51:26,677] [INFO] [CLUSTER MANAGER 30007] PRE-REPLY senders for req_id 1742341886593: [30003, 30001]
[2025-03-19 08:51:26,677] [INFO] [CLUSTER MANAGER 30007] Condition met for req_id 1742341886593 (f+1 messages).
[2025-03-19 08:51:26,677] [INFO] [CLUSTER MANAGER 30007] Client found: {'host': 'localhost', 'port': 20001, 'latitude': 36.6266, 'longitude': 127.4585, 'altitude': 0}
[2025-03-19 08:51:26,677] [INFO] [CLUSTER MANAGER 30007] Sending final REPLY for req_id 1742341886593 to Client 20001.
[2025-03-19 08:51:26,677] [INFO] [CLUSTER MANAGER 30007] Received PRE-REPLY from 30005 for req_id 1742341886593
[2025-03-19 08:51:26,677] [INFO] [CLUSTER MANAGER 30007] PRE-REPLY senders for req_id 1742341886593: [30003, 30001, 30005]
[2025-03-19 08:51:26,677] [INFO] [CLUSTER MANAGER 30007] Final REPLY for req_id 1742341886593 sent successfully.
[2025-03-19 08:51:26,693] [INFO] [CLUSTER MANAGER 30007] PRE-REQUEST received: {'request_id': 1742341886677, 'timestamp': 1742341886.6773357, 'data': 'llapbft_message_1742341886677', 'cluster_id': 0, 'cluster_ports': [30007, 30003, 30005, 30001], 'leader': 30003, 'client_port': 20001, 'origin': 'client', 'simulated_delay': 0.00015066666666666668, 'distance': 205.4614834019186, 'message_size_bits': 1808}
[2025-03-19 08:51:26,693] [INFO] [CLUSTER MANAGER 30007] Sending REQUEST to Leader 30003
[2025-03-19 08:51:26,734] [INFO] [CLUSTER MANAGER 30007] Received PRE-REPLY from 30003 for req_id 1742341886677
[2025-03-19 08:51:26,734] [INFO] [CLUSTER MANAGER 30007] PRE-REPLY senders for req_id 1742341886677: [30003]
[2025-03-19 08:51:26,734] [INFO] [CLUSTER MANAGER 30007] Received PRE-REPLY from 30005 for req_id 1742341886677
[2025-03-19 08:51:26,734] [INFO] [CLUSTER MANAGER 30007] PRE-REPLY senders for req_id 1742341886677: [30003, 30005]
[2025-03-19 08:51:26,734] [INFO] [CLUSTER MANAGER 30007] Condition met for req_id 1742341886677 (f+1 messages).
[2025-03-19 08:51:26,734] [INFO] [CLUSTER MANAGER 30007] Client found: {'host': 'localhost', 'port': 20001, 'latitude': 36.6266, 'longitude': 127.4585, 'altitude': 0}
[2025-03-19 08:51:26,734] [INFO] [CLUSTER MANAGER 30007] Sending final REPLY for req_id 1742341886677 to Client 20001.
[2025-03-19 08:51:26,734] [INFO] [CLUSTER MANAGER 30007] Received PRE-REPLY from 30001 for req_id 1742341886677
[2025-03-19 08:51:26,734] [INFO] [CLUSTER MANAGER 30007] PRE-REPLY senders for req_id 1742341886677: [30003, 30005, 30001]
[2025-03-19 08:51:26,736] [INFO] [CLUSTER MANAGER 30007] Final REPLY for req_id 1742341886677 sent successfully.
[2025-03-19 08:51:26,776] [INFO] [CLUSTER MANAGER 30007] PRE-REQUEST received: {'request_id': 1742341886761, 'timestamp': 1742341886.7612119, 'data': 'llapbft_message_1742341886761', 'cluster_id': 0, 'cluster_ports': [30007, 30003, 30005, 30001], 'leader': 30003, 'client_port': 20001, 'origin': 'client', 'simulated_delay': 0.00015066666666666668, 'distance': 205.4614834019186, 'message_size_bits': 1808}
[2025-03-19 08:51:26,776] [INFO] [CLUSTER MANAGER 30007] Sending REQUEST to Leader 30003
[2025-03-19 08:51:26,832] [INFO] [CLUSTER MANAGER 30007] Received PRE-REPLY from 30005 for req_id 1742341886761
[2025-03-19 08:51:26,832] [INFO] [CLUSTER MANAGER 30007] PRE-REPLY senders for req_id 1742341886761: [30005]
[2025-03-19 08:51:26,832] [INFO] [CLUSTER MANAGER 30007] Received PRE-REPLY from 30001 for req_id 1742341886761
[2025-03-19 08:51:26,832] [INFO] [CLUSTER MANAGER 30007] PRE-REPLY senders for req_id 1742341886761: [30005, 30001]
[2025-03-19 08:51:26,832] [INFO] [CLUSTER MANAGER 30007] Condition met for req_id 1742341886761 (f+1 messages).
[2025-03-19 08:51:26,832] [INFO] [CLUSTER MANAGER 30007] Client found: {'host': 'localhost', 'port': 20001, 'latitude': 36.6266, 'longitude': 127.4585, 'altitude': 0}
[2025-03-19 08:51:26,832] [INFO] [CLUSTER MANAGER 30007] Sending final REPLY for req_id 1742341886761 to Client 20001.
[2025-03-19 08:51:26,837] [INFO] [CLUSTER MANAGER 30007] Received PRE-REPLY from 30003 for req_id 1742341886761
[2025-03-19 08:51:26,837] [INFO] [CLUSTER MANAGER 30007] PRE-REPLY senders for req_id 1742341886761: [30005, 30001, 30003]
[2025-03-19 08:51:26,837] [INFO] [CLUSTER MANAGER 30007] Final REPLY for req_id 1742341886761 sent successfully.
[2025-03-19 08:51:27,711] [INFO] [CLUSTER MANAGER 30007] PRE-REQUEST received: {'request_id': 1742341887695, 'timestamp': 1742341887.6951404, 'data': 'llapbft_message_1742341887695', 'cluster_id': 0, 'cluster_ports': [30007, 30003, 30005, 30001], 'leader': 30003, 'client_port': 20001, 'origin': 'client', 'simulated_delay': 0.00015066666666666668, 'distance': 205.4614834019186, 'message_size_bits': 1808}
[2025-03-19 08:51:27,711] [INFO] [CLUSTER MANAGER 30007] Sending REQUEST to Leader 30003
[2025-03-19 08:51:27,762] [INFO] [CLUSTER MANAGER 30007] Received PRE-REPLY from 30005 for req_id 1742341887695
[2025-03-19 08:51:27,762] [INFO] [CLUSTER MANAGER 30007] PRE-REPLY senders for req_id 1742341887695: [30005]
[2025-03-19 08:51:27,762] [INFO] [CLUSTER MANAGER 30007] Received PRE-REPLY from 30001 for req_id 1742341887695
[2025-03-19 08:51:27,762] [INFO] [CLUSTER MANAGER 30007] PRE-REPLY senders for req_id 1742341887695: [30005, 30001]
[2025-03-19 08:51:27,762] [INFO] [CLUSTER MANAGER 30007] Condition met for req_id 1742341887695 (f+1 messages).
[2025-03-19 08:51:27,762] [INFO] [CLUSTER MANAGER 30007] Client found: {'host': 'localhost', 'port': 20001, 'latitude': 36.6266, 'longitude': 127.4585, 'altitude': 0}
[2025-03-19 08:51:27,762] [INFO] [CLUSTER MANAGER 30007] Sending final REPLY for req_id 1742341887695 to Client 20001.
[2025-03-19 08:51:27,778] [INFO] [CLUSTER MANAGER 30007] Received PRE-REPLY from 30003 for req_id 1742341887695
[2025-03-19 08:51:27,778] [INFO] [CLUSTER MANAGER 30007] PRE-REPLY senders for req_id 1742341887695: [30005, 30001, 30003]
[2025-03-19 08:51:27,778] [INFO] [CLUSTER MANAGER 30007] Final REPLY for req_id 1742341887695 sent successfully.
[2025-03-19 08:51:27,793] [INFO] [CLUSTER MANAGER 30007] PRE-REQUEST received: {'request_id': 1742341887778, 'timestamp': 1742341887.7781212, 'data': 'llapbft_message_1742341887778', 'cluster_id': 0, 'cluster_ports': [30007, 30003, 30005, 30001], 'leader': 30003, 'client_port': 20001, 'origin': 'client', 'simulated_delay': 0.00015066666666666668, 'distance': 205.4614834019186, 'message_size_bits': 1808}
[2025-03-19 08:51:27,794] [INFO] [CLUSTER MANAGER 30007] Sending REQUEST to Leader 30003
[2025-03-19 08:51:27,849] [INFO] [CLUSTER MANAGER 30007] Received PRE-REPLY from 30005 for req_id 1742341887778
[2025-03-19 08:51:27,849] [INFO] [CLUSTER MANAGER 30007] PRE-REPLY senders for req_id 1742341887778: [30005]
[2025-03-19 08:51:27,849] [INFO] [CLUSTER MANAGER 30007] Received PRE-REPLY from 30001 for req_id 1742341887778
[2025-03-19 08:51:27,849] [INFO] [CLUSTER MANAGER 30007] PRE-REPLY senders for req_id 1742341887778: [30005, 30001]
[2025-03-19 08:51:27,849] [INFO] [CLUSTER MANAGER 30007] Condition met for req_id 1742341887778 (f+1 messages).
[2025-03-19 08:51:27,849] [INFO] [CLUSTER MANAGER 30007] Client found: {'host': 'localhost', 'port': 20001, 'latitude': 36.6266, 'longitude': 127.4585, 'altitude': 0}
[2025-03-19 08:51:27,849] [INFO] [CLUSTER MANAGER 30007] Sending final REPLY for req_id 1742341887778 to Client 20001.
[2025-03-19 08:51:27,849] [INFO] [CLUSTER MANAGER 30007] Received PRE-REPLY from 30003 for req_id 1742341887778
[2025-03-19 08:51:27,849] [INFO] [CLUSTER MANAGER 30007] PRE-REPLY senders for req_id 1742341887778: [30005, 30001, 30003]
[2025-03-19 08:51:27,849] [INFO] [CLUSTER MANAGER 30007] Final REPLY for req_id 1742341887778 sent successfully.
[2025-03-19 08:51:27,860] [INFO] [CLUSTER MANAGER 30007] PRE-REQUEST received: {'request_id': 1742341887849, 'timestamp': 1742341887.84982, 'data': 'llapbft_message_1742341887849', 'cluster_id': 0, 'cluster_ports': [30007, 30003, 30005, 30001], 'leader': 30003, 'client_port': 20001, 'origin': 'client', 'simulated_delay': 0.00014933333333333332, 'distance': 205.4614834019186, 'message_size_bits': 1792}
[2025-03-19 08:51:27,861] [INFO] [CLUSTER MANAGER 30007] Sending REQUEST to Leader 30003
[2025-03-19 08:51:27,928] [INFO] [CLUSTER MANAGER 30007] Received PRE-REPLY from 30005 for req_id 1742341887849
[2025-03-19 08:51:27,928] [INFO] [CLUSTER MANAGER 30007] PRE-REPLY senders for req_id 1742341887849: [30005]
[2025-03-19 08:51:27,928] [INFO] [CLUSTER MANAGER 30007] Received PRE-REPLY from 30003 for req_id 1742341887849
[2025-03-19 08:51:27,928] [INFO] [CLUSTER MANAGER 30007] PRE-REPLY senders for req_id 1742341887849: [30005, 30003]
[2025-03-19 08:51:27,928] [INFO] [CLUSTER MANAGER 30007] Condition met for req_id 1742341887849 (f+1 messages).
[2025-03-19 08:51:27,928] [INFO] [CLUSTER MANAGER 30007] Client found: {'host': 'localhost', 'port': 20001, 'latitude': 36.6266, 'longitude': 127.4585, 'altitude': 0}
[2025-03-19 08:51:27,928] [INFO] [CLUSTER MANAGER 30007] Sending final REPLY for req_id 1742341887849 to Client 20001.
[2025-03-19 08:51:27,928] [INFO] [CLUSTER MANAGER 30007] Received PRE-REPLY from 30001 for req_id 1742341887849
[2025-03-19 08:51:27,928] [INFO] [CLUSTER MANAGER 30007] PRE-REPLY senders for req_id 1742341887849: [30005, 30003, 30001]
[2025-03-19 08:51:27,928] [INFO] [CLUSTER MANAGER 30007] Final REPLY for req_id 1742341887849 sent successfully.
[2025-03-19 08:51:27,943] [INFO] [CLUSTER MANAGER 30007] PRE-REQUEST received: {'request_id': 1742341887928, 'timestamp': 1742341887.9282079, 'data': 'llapbft_message_1742341887928', 'cluster_id': 0, 'cluster_ports': [30007, 30003, 30005, 30001], 'leader': 30003, 'client_port': 20001, 'origin': 'client', 'simulated_delay': 0.00015066666666666668, 'distance': 205.4614834019186, 'message_size_bits': 1808}
[2025-03-19 08:51:27,943] [INFO] [CLUSTER MANAGER 30007] Sending REQUEST to Leader 30003
[2025-03-19 08:51:28,002] [INFO] [CLUSTER MANAGER 30007] Received PRE-REPLY from 30001 for req_id 1742341887928
[2025-03-19 08:51:28,002] [INFO] [CLUSTER MANAGER 30007] PRE-REPLY senders for req_id 1742341887928: [30001]
[2025-03-19 08:51:28,002] [INFO] [CLUSTER MANAGER 30007] Received PRE-REPLY from 30005 for req_id 1742341887928
[2025-03-19 08:51:28,002] [INFO] [CLUSTER MANAGER 30007] PRE-REPLY senders for req_id 1742341887928: [30001, 30005]
[2025-03-19 08:51:28,002] [INFO] [CLUSTER MANAGER 30007] Condition met for req_id 1742341887928 (f+1 messages).
[2025-03-19 08:51:28,002] [INFO] [CLUSTER MANAGER 30007] Client found: {'host': 'localhost', 'port': 20001, 'latitude': 36.6266, 'longitude': 127.4585, 'altitude': 0}
[2025-03-19 08:51:28,002] [INFO] [CLUSTER MANAGER 30007] Sending final REPLY for req_id 1742341887928 to Client 20001.
[2025-03-19 08:51:28,011] [INFO] [CLUSTER MANAGER 30007] Received PRE-REPLY from 30003 for req_id 1742341887928
[2025-03-19 08:51:28,011] [INFO] [CLUSTER MANAGER 30007] PRE-REPLY senders for req_id 1742341887928: [30001, 30005, 30003]
[2025-03-19 08:51:28,011] [INFO] [CLUSTER MANAGER 30007] Final REPLY for req_id 1742341887928 sent successfully.
[2025-03-19 08:51:30,313] [INFO] [CLUSTER MANAGER 30007] PRE-REQUEST received: {'request_id': 1742341890297, 'timestamp': 1742341890.2973797, 'data': 'llapbft_message_1742341890297', 'cluster_id': 0, 'cluster_ports': [30007, 30003, 30005, 30001], 'leader': 30003, 'client_port': 20001, 'origin': 'client', 'simulated_delay': 0.00015066666666666668, 'distance': 205.4614834019186, 'message_size_bits': 1808}
[2025-03-19 08:51:30,313] [INFO] [CLUSTER MANAGER 30007] Sending REQUEST to Leader 30003
[2025-03-19 08:51:30,380] [INFO] [CLUSTER MANAGER 30007] Received PRE-REPLY from 30001 for req_id 1742341890297
[2025-03-19 08:51:30,380] [INFO] [CLUSTER MANAGER 30007] PRE-REPLY senders for req_id 1742341890297: [30001]
[2025-03-19 08:51:30,380] [INFO] [CLUSTER MANAGER 30007] Received PRE-REPLY from 30005 for req_id 1742341890297
[2025-03-19 08:51:30,380] [INFO] [CLUSTER MANAGER 30007] PRE-REPLY senders for req_id 1742341890297: [30001, 30005]
[2025-03-19 08:51:30,380] [INFO] [CLUSTER MANAGER 30007] Condition met for req_id 1742341890297 (f+1 messages).
[2025-03-19 08:51:30,380] [INFO] [CLUSTER MANAGER 30007] Client found: {'host': 'localhost', 'port': 20001, 'latitude': 36.6266, 'longitude': 127.4585, 'altitude': 0}
[2025-03-19 08:51:30,380] [INFO] [CLUSTER MANAGER 30007] Sending final REPLY for req_id 1742341890297 to Client 20001.
[2025-03-19 08:51:30,380] [INFO] [CLUSTER MANAGER 30007] Received PRE-REPLY from 30003 for req_id 1742341890297
[2025-03-19 08:51:30,380] [INFO] [CLUSTER MANAGER 30007] PRE-REPLY senders for req_id 1742341890297: [30001, 30005, 30003]
[2025-03-19 08:51:30,380] [INFO] [CLUSTER MANAGER 30007] Final REPLY for req_id 1742341890297 sent successfully.
[2025-03-19 08:51:30,395] [INFO] [CLUSTER MANAGER 30007] PRE-REQUEST received: {'request_id': 1742341890380, 'timestamp': 1742341890.3803823, 'data': 'llapbft_message_1742341890380', 'cluster_id': 0, 'cluster_ports': [30007, 30003, 30005, 30001], 'leader': 30003, 'client_port': 20001, 'origin': 'client', 'simulated_delay': 0.00015066666666666668, 'distance': 205.4614834019186, 'message_size_bits': 1808}
[2025-03-19 08:51:30,395] [INFO] [CLUSTER MANAGER 30007] Sending REQUEST to Leader 30003
[2025-03-19 08:51:30,447] [INFO] [CLUSTER MANAGER 30007] Received PRE-REPLY from 30005 for req_id 1742341890380
[2025-03-19 08:51:30,447] [INFO] [CLUSTER MANAGER 30007] PRE-REPLY senders for req_id 1742341890380: [30005]
[2025-03-19 08:51:30,447] [INFO] [CLUSTER MANAGER 30007] Received PRE-REPLY from 30001 for req_id 1742341890380
[2025-03-19 08:51:30,447] [INFO] [CLUSTER MANAGER 30007] PRE-REPLY senders for req_id 1742341890380: [30005, 30001]
[2025-03-19 08:51:30,447] [INFO] [CLUSTER MANAGER 30007] Condition met for req_id 1742341890380 (f+1 messages).
[2025-03-19 08:51:30,447] [INFO] [CLUSTER MANAGER 30007] Client found: {'host': 'localhost', 'port': 20001, 'latitude': 36.6266, 'longitude': 127.4585, 'altitude': 0}
[2025-03-19 08:51:30,447] [INFO] [CLUSTER MANAGER 30007] Sending final REPLY for req_id 1742341890380 to Client 20001.
[2025-03-19 08:51:30,463] [INFO] [CLUSTER MANAGER 30007] Final REPLY for req_id 1742341890380 sent successfully.
[2025-03-19 08:51:30,463] [INFO] [CLUSTER MANAGER 30007] Received PRE-REPLY from 30003 for req_id 1742341890380
[2025-03-19 08:51:30,463] [INFO] [CLUSTER MANAGER 30007] PRE-REPLY senders for req_id 1742341890380: [30005, 30001, 30003]
[2025-03-19 08:51:30,480] [INFO] [CLUSTER MANAGER 30007] PRE-REQUEST received: {'request_id': 1742341890463, 'timestamp': 1742341890.463883, 'data': 'llapbft_message_1742341890463', 'cluster_id': 0, 'cluster_ports': [30007, 30003, 30005, 30001], 'leader': 30003, 'client_port': 20001, 'origin': 'client', 'simulated_delay': 0.00015, 'distance': 205.4614834019186, 'message_size_bits': 1800}
[2025-03-19 08:51:30,480] [INFO] [CLUSTER MANAGER 30007] Sending REQUEST to Leader 30003
[2025-03-19 08:51:30,548] [INFO] [CLUSTER MANAGER 30007] Received PRE-REPLY from 30005 for req_id 1742341890463
[2025-03-19 08:51:30,548] [INFO] [CLUSTER MANAGER 30007] PRE-REPLY senders for req_id 1742341890463: [30005]
[2025-03-19 08:51:30,548] [INFO] [CLUSTER MANAGER 30007] Received PRE-REPLY from 30001 for req_id 1742341890463
[2025-03-19 08:51:30,549] [INFO] [CLUSTER MANAGER 30007] PRE-REPLY senders for req_id 1742341890463: [30005, 30001]
[2025-03-19 08:51:30,549] [INFO] [CLUSTER MANAGER 30007] Condition met for req_id 1742341890463 (f+1 messages).
[2025-03-19 08:51:30,549] [INFO] [CLUSTER MANAGER 30007] Client found: {'host': 'localhost', 'port': 20001, 'latitude': 36.6266, 'longitude': 127.4585, 'altitude': 0}
[2025-03-19 08:51:30,549] [INFO] [CLUSTER MANAGER 30007] Sending final REPLY for req_id 1742341890463 to Client 20001.
[2025-03-19 08:51:30,549] [INFO] [CLUSTER MANAGER 30007] Received PRE-REPLY from 30003 for req_id 1742341890463
[2025-03-19 08:51:30,549] [INFO] [CLUSTER MANAGER 30007] PRE-REPLY senders for req_id 1742341890463: [30005, 30001, 30003]
[2025-03-19 08:51:30,550] [INFO] [CLUSTER MANAGER 30007] Final REPLY for req_id 1742341890463 sent successfully.
[2025-03-19 08:51:30,562] [INFO] [CLUSTER MANAGER 30007] PRE-REQUEST received: {'request_id': 1742341890552, 'timestamp': 1742341890.5529966, 'data': 'llapbft_message_1742341890552', 'cluster_id': 0, 'cluster_ports': [30007, 30003, 30005, 30001], 'leader': 30003, 'client_port': 20001, 'origin': 'client', 'simulated_delay': 0.00015066666666666668, 'distance': 205.4614834019186, 'message_size_bits': 1808}
[2025-03-19 08:51:30,562] [INFO] [CLUSTER MANAGER 30007] Sending REQUEST to Leader 30003
[2025-03-19 08:51:30,598] [INFO] [CLUSTER MANAGER 30007] Received PRE-REPLY from 30001 for req_id 1742341890552
[2025-03-19 08:51:30,598] [INFO] [CLUSTER MANAGER 30007] PRE-REPLY senders for req_id 1742341890552: [30001]
[2025-03-19 08:51:30,598] [INFO] [CLUSTER MANAGER 30007] Received PRE-REPLY from 30005 for req_id 1742341890552
[2025-03-19 08:51:30,598] [INFO] [CLUSTER MANAGER 30007] PRE-REPLY senders for req_id 1742341890552: [30001, 30005]
[2025-03-19 08:51:30,598] [INFO] [CLUSTER MANAGER 30007] Condition met for req_id 1742341890552 (f+1 messages).
[2025-03-19 08:51:30,598] [INFO] [CLUSTER MANAGER 30007] Client found: {'host': 'localhost', 'port': 20001, 'latitude': 36.6266, 'longitude': 127.4585, 'altitude': 0}
[2025-03-19 08:51:30,598] [INFO] [CLUSTER MANAGER 30007] Sending final REPLY for req_id 1742341890552 to Client 20001.
[2025-03-19 08:51:30,598] [INFO] [CLUSTER MANAGER 30007] Received PRE-REPLY from 30003 for req_id 1742341890552
[2025-03-19 08:51:30,598] [INFO] [CLUSTER MANAGER 30007] PRE-REPLY senders for req_id 1742341890552: [30001, 30005, 30003]
[2025-03-19 08:51:30,598] [INFO] [CLUSTER MANAGER 30007] Final REPLY for req_id 1742341890552 sent successfully.
[2025-03-19 08:51:31,815] [INFO] [CLUSTER MANAGER 30007] PRE-REQUEST received: {'request_id': 1742341891798, 'timestamp': 1742341891.7984889, 'data': 'llapbft_message_1742341891798', 'cluster_id': 0, 'cluster_ports': [30007, 30003, 30005, 30001], 'leader': 30003, 'client_port': 20001, 'origin': 'client', 'simulated_delay': 0.00015066666666666668, 'distance': 205.4614834019186, 'message_size_bits': 1808}
[2025-03-19 08:51:31,815] [INFO] [CLUSTER MANAGER 30007] Sending REQUEST to Leader 30003
[2025-03-19 08:51:31,873] [INFO] [CLUSTER MANAGER 30007] Received PRE-REPLY from 30003 for req_id 1742341891798
[2025-03-19 08:51:31,873] [INFO] [CLUSTER MANAGER 30007] PRE-REPLY senders for req_id 1742341891798: [30003]
[2025-03-19 08:51:31,873] [INFO] [CLUSTER MANAGER 30007] Received PRE-REPLY from 30001 for req_id 1742341891798
[2025-03-19 08:51:31,873] [INFO] [CLUSTER MANAGER 30007] PRE-REPLY senders for req_id 1742341891798: [30003, 30001]
[2025-03-19 08:51:31,873] [INFO] [CLUSTER MANAGER 30007] Condition met for req_id 1742341891798 (f+1 messages).
[2025-03-19 08:51:31,873] [INFO] [CLUSTER MANAGER 30007] Client found: {'host': 'localhost', 'port': 20001, 'latitude': 36.6266, 'longitude': 127.4585, 'altitude': 0}
[2025-03-19 08:51:31,873] [INFO] [CLUSTER MANAGER 30007] Sending final REPLY for req_id 1742341891798 to Client 20001.
[2025-03-19 08:51:31,873] [INFO] [CLUSTER MANAGER 30007] Received PRE-REPLY from 30005 for req_id 1742341891798
[2025-03-19 08:51:31,873] [INFO] [CLUSTER MANAGER 30007] PRE-REPLY senders for req_id 1742341891798: [30003, 30001, 30005]
[2025-03-19 08:51:31,873] [INFO] [CLUSTER MANAGER 30007] Final REPLY for req_id 1742341891798 sent successfully.
[2025-03-19 08:51:31,881] [INFO] [CLUSTER MANAGER 30007] PRE-REQUEST received: {'request_id': 1742341891876, 'timestamp': 1742341891.8764067, 'data': 'llapbft_message_1742341891876', 'cluster_id': 0, 'cluster_ports': [30007, 30003, 30005, 30001], 'leader': 30003, 'client_port': 20001, 'origin': 'client', 'simulated_delay': 0.00015066666666666668, 'distance': 205.4614834019186, 'message_size_bits': 1808}
[2025-03-19 08:51:31,881] [INFO] [CLUSTER MANAGER 30007] Sending REQUEST to Leader 30003
[2025-03-19 08:51:31,937] [INFO] [CLUSTER MANAGER 30007] Received PRE-REPLY from 30005 for req_id 1742341891876
[2025-03-19 08:51:31,937] [INFO] [CLUSTER MANAGER 30007] PRE-REPLY senders for req_id 1742341891876: [30005]
[2025-03-19 08:51:31,937] [INFO] [CLUSTER MANAGER 30007] Received PRE-REPLY from 30001 for req_id 1742341891876
[2025-03-19 08:51:31,937] [INFO] [CLUSTER MANAGER 30007] PRE-REPLY senders for req_id 1742341891876: [30005, 30001]
[2025-03-19 08:51:31,937] [INFO] [CLUSTER MANAGER 30007] Condition met for req_id 1742341891876 (f+1 messages).
[2025-03-19 08:51:31,937] [INFO] [CLUSTER MANAGER 30007] Client found: {'host': 'localhost', 'port': 20001, 'latitude': 36.6266, 'longitude': 127.4585, 'altitude': 0}
[2025-03-19 08:51:31,937] [INFO] [CLUSTER MANAGER 30007] Sending final REPLY for req_id 1742341891876 to Client 20001.
[2025-03-19 08:51:31,937] [INFO] [CLUSTER MANAGER 30007] Received PRE-REPLY from 30003 for req_id 1742341891876
[2025-03-19 08:51:31,937] [INFO] [CLUSTER MANAGER 30007] PRE-REPLY senders for req_id 1742341891876: [30005, 30001, 30003]
[2025-03-19 08:51:31,937] [INFO] [CLUSTER MANAGER 30007] Final REPLY for req_id 1742341891876 sent successfully.
[2025-03-19 08:51:31,947] [INFO] [CLUSTER MANAGER 30007] PRE-REQUEST received: {'request_id': 1742341891937, 'timestamp': 1742341891.9376588, 'data': 'llapbft_message_1742341891937', 'cluster_id': 0, 'cluster_ports': [30007, 30003, 30005, 30001], 'leader': 30003, 'client_port': 20001, 'origin': 'client', 'simulated_delay': 0.00015066666666666668, 'distance': 205.4614834019186, 'message_size_bits': 1808}
[2025-03-19 08:51:31,947] [INFO] [CLUSTER MANAGER 30007] Sending REQUEST to Leader 30003
[2025-03-19 08:51:32,002] [INFO] [CLUSTER MANAGER 30007] Received PRE-REPLY from 30005 for req_id 1742341891937
[2025-03-19 08:51:32,002] [INFO] [CLUSTER MANAGER 30007] PRE-REPLY senders for req_id 1742341891937: [30005]
[2025-03-19 08:51:32,002] [INFO] [CLUSTER MANAGER 30007] Received PRE-REPLY from 30001 for req_id 1742341891937
[2025-03-19 08:51:32,002] [INFO] [CLUSTER MANAGER 30007] PRE-REPLY senders for req_id 1742341891937: [30005, 30001]
[2025-03-19 08:51:32,002] [INFO] [CLUSTER MANAGER 30007] Condition met for req_id 1742341891937 (f+1 messages).
[2025-03-19 08:51:32,002] [INFO] [CLUSTER MANAGER 30007] Client found: {'host': 'localhost', 'port': 20001, 'latitude': 36.6266, 'longitude': 127.4585, 'altitude': 0}
[2025-03-19 08:51:32,002] [INFO] [CLUSTER MANAGER 30007] Sending final REPLY for req_id 1742341891937 to Client 20001.
[2025-03-19 08:51:32,015] [INFO] [CLUSTER MANAGER 30007] Received PRE-REPLY from 30003 for req_id 1742341891937
[2025-03-19 08:51:32,015] [INFO] [CLUSTER MANAGER 30007] PRE-REPLY senders for req_id 1742341891937: [30005, 30001, 30003]
[2025-03-19 08:51:32,015] [INFO] [CLUSTER MANAGER 30007] Final REPLY for req_id 1742341891937 sent successfully.
[2025-03-19 08:51:32,031] [INFO] [CLUSTER MANAGER 30007] PRE-REQUEST received: {'request_id': 1742341892015, 'timestamp': 1742341892.015362, 'data': 'llapbft_message_1742341892015', 'cluster_id': 0, 'cluster_ports': [30007, 30003, 30005, 30001], 'leader': 30003, 'client_port': 20001, 'origin': 'client', 'simulated_delay': 0.00015, 'distance': 205.4614834019186, 'message_size_bits': 1800}
[2025-03-19 08:51:32,031] [INFO] [CLUSTER MANAGER 30007] Sending REQUEST to Leader 30003
[2025-03-19 08:51:32,081] [INFO] [CLUSTER MANAGER 30007] Received PRE-REPLY from 30005 for req_id 1742341892015
[2025-03-19 08:51:32,081] [INFO] [CLUSTER MANAGER 30007] PRE-REPLY senders for req_id 1742341892015: [30005]
[2025-03-19 08:51:32,081] [INFO] [CLUSTER MANAGER 30007] Received PRE-REPLY from 30001 for req_id 1742341892015
[2025-03-19 08:51:32,081] [INFO] [CLUSTER MANAGER 30007] PRE-REPLY senders for req_id 1742341892015: [30005, 30001]
[2025-03-19 08:51:32,081] [INFO] [CLUSTER MANAGER 30007] Condition met for req_id 1742341892015 (f+1 messages).
[2025-03-19 08:51:32,081] [INFO] [CLUSTER MANAGER 30007] Client found: {'host': 'localhost', 'port': 20001, 'latitude': 36.6266, 'longitude': 127.4585, 'altitude': 0}
[2025-03-19 08:51:32,081] [INFO] [CLUSTER MANAGER 30007] Sending final REPLY for req_id 1742341892015 to Client 20001.
[2025-03-19 08:51:32,081] [INFO] [CLUSTER MANAGER 30007] Received PRE-REPLY from 30003 for req_id 1742341892015
[2025-03-19 08:51:32,081] [INFO] [CLUSTER MANAGER 30007] PRE-REPLY senders for req_id 1742341892015: [30005, 30001, 30003]
[2025-03-19 08:51:32,081] [INFO] [CLUSTER MANAGER 30007] Final REPLY for req_id 1742341892015 sent successfully.
[2025-03-19 08:51:33,047] [INFO] [CLUSTER MANAGER 30007] PRE-REQUEST received: {'request_id': 1742341893032, 'timestamp': 1742341893.0320613, 'data': 'llapbft_message_1742341893032', 'cluster_id': 0, 'cluster_ports': [30007, 30003, 30005, 30001], 'leader': 30003, 'client_port': 20001, 'origin': 'client', 'simulated_delay': 0.00015066666666666668, 'distance': 205.4614834019186, 'message_size_bits': 1808}
[2025-03-19 08:51:33,047] [INFO] [CLUSTER MANAGER 30007] Sending REQUEST to Leader 30003
[2025-03-19 08:51:33,068] [INFO] [CLUSTER MANAGER 30007] Received PRE-REPLY from 30005 for req_id 1742341893032
[2025-03-19 08:51:33,068] [INFO] [CLUSTER MANAGER 30007] PRE-REPLY senders for req_id 1742341893032: [30005]
[2025-03-19 08:51:33,068] [INFO] [CLUSTER MANAGER 30007] Received PRE-REPLY from 30001 for req_id 1742341893032
[2025-03-19 08:51:33,068] [INFO] [CLUSTER MANAGER 30007] PRE-REPLY senders for req_id 1742341893032: [30005, 30001]
[2025-03-19 08:51:33,068] [INFO] [CLUSTER MANAGER 30007] Condition met for req_id 1742341893032 (f+1 messages).
[2025-03-19 08:51:33,068] [INFO] [CLUSTER MANAGER 30007] Client found: {'host': 'localhost', 'port': 20001, 'latitude': 36.6266, 'longitude': 127.4585, 'altitude': 0}
[2025-03-19 08:51:33,068] [INFO] [CLUSTER MANAGER 30007] Sending final REPLY for req_id 1742341893032 to Client 20001.
[2025-03-19 08:51:33,068] [INFO] [CLUSTER MANAGER 30007] Received PRE-REPLY from 30003 for req_id 1742341893032
[2025-03-19 08:51:33,068] [INFO] [CLUSTER MANAGER 30007] PRE-REPLY senders for req_id 1742341893032: [30005, 30001, 30003]
[2025-03-19 08:51:33,068] [INFO] [CLUSTER MANAGER 30007] Final REPLY for req_id 1742341893032 sent successfully.
[2025-03-19 08:51:33,098] [INFO] [CLUSTER MANAGER 30007] PRE-REQUEST received: {'request_id': 1742341893082, 'timestamp': 1742341893.0824554, 'data': 'llapbft_message_1742341893082', 'cluster_id': 0, 'cluster_ports': [30007, 30003, 30005, 30001], 'leader': 30003, 'client_port': 20001, 'origin': 'client', 'simulated_delay': 0.00015066666666666668, 'distance': 205.4614834019186, 'message_size_bits': 1808}
[2025-03-19 08:51:33,098] [INFO] [CLUSTER MANAGER 30007] Sending REQUEST to Leader 30003
[2025-03-19 08:51:33,149] [INFO] [CLUSTER MANAGER 30007] Received PRE-REPLY from 30003 for req_id 1742341893082
[2025-03-19 08:51:33,149] [INFO] [CLUSTER MANAGER 30007] PRE-REPLY senders for req_id 1742341893082: [30003]
[2025-03-19 08:51:33,149] [INFO] [CLUSTER MANAGER 30007] Received PRE-REPLY from 30001 for req_id 1742341893082
[2025-03-19 08:51:33,149] [INFO] [CLUSTER MANAGER 30007] PRE-REPLY senders for req_id 1742341893082: [30003, 30001]
[2025-03-19 08:51:33,149] [INFO] [CLUSTER MANAGER 30007] Condition met for req_id 1742341893082 (f+1 messages).
[2025-03-19 08:51:33,149] [INFO] [CLUSTER MANAGER 30007] Client found: {'host': 'localhost', 'port': 20001, 'latitude': 36.6266, 'longitude': 127.4585, 'altitude': 0}
[2025-03-19 08:51:33,149] [INFO] [CLUSTER MANAGER 30007] Sending final REPLY for req_id 1742341893082 to Client 20001.
[2025-03-19 08:51:33,149] [INFO] [CLUSTER MANAGER 30007] Received PRE-REPLY from 30005 for req_id 1742341893082
[2025-03-19 08:51:33,149] [INFO] [CLUSTER MANAGER 30007] PRE-REPLY senders for req_id 1742341893082: [30003, 30001, 30005]
[2025-03-19 08:51:33,149] [INFO] [CLUSTER MANAGER 30007] Final REPLY for req_id 1742341893082 sent successfully.
[2025-03-19 08:51:33,164] [INFO] [CLUSTER MANAGER 30007] PRE-REQUEST received: {'request_id': 1742341893149, 'timestamp': 1742341893.149897, 'data': 'llapbft_message_1742341893149', 'cluster_id': 0, 'cluster_ports': [30007, 30003, 30005, 30001], 'leader': 30003, 'client_port': 20001, 'origin': 'client', 'simulated_delay': 0.00015, 'distance': 205.4614834019186, 'message_size_bits': 1800}
[2025-03-19 08:51:33,165] [INFO] [CLUSTER MANAGER 30007] Sending REQUEST to Leader 30003
[2025-03-19 08:51:33,200] [INFO] [CLUSTER MANAGER 30007] Received PRE-REPLY from 30001 for req_id 1742341893149
[2025-03-19 08:51:33,200] [INFO] [CLUSTER MANAGER 30007] PRE-REPLY senders for req_id 1742341893149: [30001]
[2025-03-19 08:51:33,200] [INFO] [CLUSTER MANAGER 30007] Received PRE-REPLY from 30005 for req_id 1742341893149
[2025-03-19 08:51:33,200] [INFO] [CLUSTER MANAGER 30007] PRE-REPLY senders for req_id 1742341893149: [30001, 30005]
[2025-03-19 08:51:33,200] [INFO] [CLUSTER MANAGER 30007] Condition met for req_id 1742341893149 (f+1 messages).
[2025-03-19 08:51:33,200] [INFO] [CLUSTER MANAGER 30007] Client found: {'host': 'localhost', 'port': 20001, 'latitude': 36.6266, 'longitude': 127.4585, 'altitude': 0}
[2025-03-19 08:51:33,200] [INFO] [CLUSTER MANAGER 30007] Sending final REPLY for req_id 1742341893149 to Client 20001.
[2025-03-19 08:51:33,215] [INFO] [CLUSTER MANAGER 30007] Received PRE-REPLY from 30003 for req_id 1742341893149
[2025-03-19 08:51:33,215] [INFO] [CLUSTER MANAGER 30007] PRE-REPLY senders for req_id 1742341893149: [30001, 30005, 30003]
[2025-03-19 08:51:33,216] [INFO] [CLUSTER MANAGER 30007] Final REPLY for req_id 1742341893149 sent successfully.
[2025-03-19 08:51:33,230] [INFO] [CLUSTER MANAGER 30007] PRE-REQUEST received: {'request_id': 1742341893216, 'timestamp': 1742341893.2161183, 'data': 'llapbft_message_1742341893216', 'cluster_id': 0, 'cluster_ports': [30007, 30003, 30005, 30001], 'leader': 30003, 'client_port': 20001, 'origin': 'client', 'simulated_delay': 0.00015066666666666668, 'distance': 205.4614834019186, 'message_size_bits': 1808}
[2025-03-19 08:51:33,230] [INFO] [CLUSTER MANAGER 30007] Sending REQUEST to Leader 30003
[2025-03-19 08:51:33,266] [INFO] [CLUSTER MANAGER 30007] Received PRE-REPLY from 30003 for req_id 1742341893216
[2025-03-19 08:51:33,266] [INFO] [CLUSTER MANAGER 30007] PRE-REPLY senders for req_id 1742341893216: [30003]
[2025-03-19 08:51:33,266] [INFO] [CLUSTER MANAGER 30007] Received PRE-REPLY from 30001 for req_id 1742341893216
[2025-03-19 08:51:33,266] [INFO] [CLUSTER MANAGER 30007] PRE-REPLY senders for req_id 1742341893216: [30003, 30001]
[2025-03-19 08:51:33,266] [INFO] [CLUSTER MANAGER 30007] Condition met for req_id 1742341893216 (f+1 messages).
[2025-03-19 08:51:33,266] [INFO] [CLUSTER MANAGER 30007] Client found: {'host': 'localhost', 'port': 20001, 'latitude': 36.6266, 'longitude': 127.4585, 'altitude': 0}
[2025-03-19 08:51:33,266] [INFO] [CLUSTER MANAGER 30007] Sending final REPLY for req_id 1742341893216 to Client 20001.
[2025-03-19 08:51:33,266] [INFO] [CLUSTER MANAGER 30007] Received PRE-REPLY from 30005 for req_id 1742341893216
[2025-03-19 08:51:33,266] [INFO] [CLUSTER MANAGER 30007] PRE-REPLY senders for req_id 1742341893216: [30003, 30001, 30005]
[2025-03-19 08:51:33,266] [INFO] [CLUSTER MANAGER 30007] Final REPLY for req_id 1742341893216 sent successfully.
[2025-03-19 08:51:33,934] [INFO] [CLUSTER MANAGER 30007] PRE-REQUEST received: {'request_id': 1742341893917, 'timestamp': 1742341893.9173005, 'data': 'llapbft_message_1742341893917', 'cluster_id': 0, 'cluster_ports': [30007, 30003, 30005, 30001], 'leader': 30003, 'client_port': 20001, 'origin': 'client', 'simulated_delay': 0.00015066666666666668, 'distance': 205.4614834019186, 'message_size_bits': 1808}
[2025-03-19 08:51:33,934] [INFO] [CLUSTER MANAGER 30007] Sending REQUEST to Leader 30003
[2025-03-19 08:51:34,000] [INFO] [CLUSTER MANAGER 30007] Received PRE-REPLY from 30001 for req_id 1742341893917
[2025-03-19 08:51:34,000] [INFO] [CLUSTER MANAGER 30007] PRE-REPLY senders for req_id 1742341893917: [30001]
[2025-03-19 08:51:34,000] [INFO] [CLUSTER MANAGER 30007] Received PRE-REPLY from 30005 for req_id 1742341893917
[2025-03-19 08:51:34,000] [INFO] [CLUSTER MANAGER 30007] PRE-REPLY senders for req_id 1742341893917: [30001, 30005]
[2025-03-19 08:51:34,000] [INFO] [CLUSTER MANAGER 30007] Condition met for req_id 1742341893917 (f+1 messages).
[2025-03-19 08:51:34,000] [INFO] [CLUSTER MANAGER 30007] Client found: {'host': 'localhost', 'port': 20001, 'latitude': 36.6266, 'longitude': 127.4585, 'altitude': 0}
[2025-03-19 08:51:34,000] [INFO] [CLUSTER MANAGER 30007] Sending final REPLY for req_id 1742341893917 to Client 20001.
[2025-03-19 08:51:34,000] [INFO] [CLUSTER MANAGER 30007] Received PRE-REPLY from 30003 for req_id 1742341893917
[2025-03-19 08:51:34,000] [INFO] [CLUSTER MANAGER 30007] PRE-REPLY senders for req_id 1742341893917: [30001, 30005, 30003]
[2025-03-19 08:51:34,000] [INFO] [CLUSTER MANAGER 30007] Final REPLY for req_id 1742341893917 sent successfully.
[2025-03-19 08:51:34,016] [INFO] [CLUSTER MANAGER 30007] PRE-REQUEST received: {'request_id': 1742341894000, 'timestamp': 1742341894.0002985, 'data': 'llapbft_message_1742341894000', 'cluster_id': 0, 'cluster_ports': [30007, 30003, 30005, 30001], 'leader': 30003, 'client_port': 20001, 'origin': 'client', 'simulated_delay': 0.00015066666666666668, 'distance': 205.4614834019186, 'message_size_bits': 1808}
[2025-03-19 08:51:34,016] [INFO] [CLUSTER MANAGER 30007] Sending REQUEST to Leader 30003
[2025-03-19 08:51:34,050] [INFO] [CLUSTER MANAGER 30007] Received PRE-REPLY from 30005 for req_id 1742341894000
[2025-03-19 08:51:34,050] [INFO] [CLUSTER MANAGER 30007] PRE-REPLY senders for req_id 1742341894000: [30005]
[2025-03-19 08:51:34,050] [INFO] [CLUSTER MANAGER 30007] Received PRE-REPLY from 30001 for req_id 1742341894000
[2025-03-19 08:51:34,050] [INFO] [CLUSTER MANAGER 30007] PRE-REPLY senders for req_id 1742341894000: [30005, 30001]
[2025-03-19 08:51:34,050] [INFO] [CLUSTER MANAGER 30007] Condition met for req_id 1742341894000 (f+1 messages).
[2025-03-19 08:51:34,050] [INFO] [CLUSTER MANAGER 30007] Client found: {'host': 'localhost', 'port': 20001, 'latitude': 36.6266, 'longitude': 127.4585, 'altitude': 0}
[2025-03-19 08:51:34,050] [INFO] [CLUSTER MANAGER 30007] Sending final REPLY for req_id 1742341894000 to Client 20001.
[2025-03-19 08:51:34,066] [INFO] [CLUSTER MANAGER 30007] Received PRE-REPLY from 30003 for req_id 1742341894000
[2025-03-19 08:51:34,066] [INFO] [CLUSTER MANAGER 30007] PRE-REPLY senders for req_id 1742341894000: [30005, 30001, 30003]
[2025-03-19 08:51:34,068] [INFO] [CLUSTER MANAGER 30007] Final REPLY for req_id 1742341894000 sent successfully.
[2025-03-19 08:51:34,083] [INFO] [CLUSTER MANAGER 30007] PRE-REQUEST received: {'request_id': 1742341894069, 'timestamp': 1742341894.069456, 'data': 'llapbft_message_1742341894069', 'cluster_id': 0, 'cluster_ports': [30007, 30003, 30005, 30001], 'leader': 30003, 'client_port': 20001, 'origin': 'client', 'simulated_delay': 0.00015, 'distance': 205.4614834019186, 'message_size_bits': 1800}
[2025-03-19 08:51:34,083] [INFO] [CLUSTER MANAGER 30007] Sending REQUEST to Leader 30003
[2025-03-19 08:51:34,142] [INFO] [CLUSTER MANAGER 30007] Received PRE-REPLY from 30003 for req_id 1742341894069
[2025-03-19 08:51:34,142] [INFO] [CLUSTER MANAGER 30007] PRE-REPLY senders for req_id 1742341894069: [30003]
[2025-03-19 08:51:34,142] [INFO] [CLUSTER MANAGER 30007] Received PRE-REPLY from 30005 for req_id 1742341894069
[2025-03-19 08:51:34,142] [INFO] [CLUSTER MANAGER 30007] PRE-REPLY senders for req_id 1742341894069: [30003, 30005]
[2025-03-19 08:51:34,142] [INFO] [CLUSTER MANAGER 30007] Condition met for req_id 1742341894069 (f+1 messages).
[2025-03-19 08:51:34,142] [INFO] [CLUSTER MANAGER 30007] Client found: {'host': 'localhost', 'port': 20001, 'latitude': 36.6266, 'longitude': 127.4585, 'altitude': 0}
[2025-03-19 08:51:34,142] [INFO] [CLUSTER MANAGER 30007] Sending final REPLY for req_id 1742341894069 to Client 20001.
[2025-03-19 08:51:34,142] [INFO] [CLUSTER MANAGER 30007] Received PRE-REPLY from 30001 for req_id 1742341894069
[2025-03-19 08:51:34,142] [INFO] [CLUSTER MANAGER 30007] PRE-REPLY senders for req_id 1742341894069: [30003, 30005, 30001]
[2025-03-19 08:51:34,142] [INFO] [CLUSTER MANAGER 30007] Final REPLY for req_id 1742341894069 sent successfully.
[2025-03-19 08:51:34,150] [INFO] [CLUSTER MANAGER 30007] PRE-REQUEST received: {'request_id': 1742341894142, 'timestamp': 1742341894.1421435, 'data': 'llapbft_message_1742341894142', 'cluster_id': 0, 'cluster_ports': [30007, 30003, 30005, 30001], 'leader': 30003, 'client_port': 20001, 'origin': 'client', 'simulated_delay': 0.00015066666666666668, 'distance': 205.4614834019186, 'message_size_bits': 1808}
[2025-03-19 08:51:34,150] [INFO] [CLUSTER MANAGER 30007] Sending REQUEST to Leader 30003
[2025-03-19 08:51:34,206] [INFO] [CLUSTER MANAGER 30007] Received PRE-REPLY from 30005 for req_id 1742341894142
[2025-03-19 08:51:34,206] [INFO] [CLUSTER MANAGER 30007] PRE-REPLY senders for req_id 1742341894142: [30005]
[2025-03-19 08:51:34,206] [INFO] [CLUSTER MANAGER 30007] Received PRE-REPLY from 30001 for req_id 1742341894142
[2025-03-19 08:51:34,206] [INFO] [CLUSTER MANAGER 30007] PRE-REPLY senders for req_id 1742341894142: [30005, 30001]
[2025-03-19 08:51:34,206] [INFO] [CLUSTER MANAGER 30007] Condition met for req_id 1742341894142 (f+1 messages).
[2025-03-19 08:51:34,206] [INFO] [CLUSTER MANAGER 30007] Client found: {'host': 'localhost', 'port': 20001, 'latitude': 36.6266, 'longitude': 127.4585, 'altitude': 0}
[2025-03-19 08:51:34,206] [INFO] [CLUSTER MANAGER 30007] Sending final REPLY for req_id 1742341894142 to Client 20001.
[2025-03-19 08:51:34,206] [INFO] [CLUSTER MANAGER 30007] Received PRE-REPLY from 30003 for req_id 1742341894142
[2025-03-19 08:51:34,206] [INFO] [CLUSTER MANAGER 30007] PRE-REPLY senders for req_id 1742341894142: [30005, 30001, 30003]
[2025-03-19 08:51:34,206] [INFO] [CLUSTER MANAGER 30007] Final REPLY for req_id 1742341894142 sent successfully.
[2025-03-19 08:51:34,700] [INFO] [CLUSTER MANAGER 30007] PRE-REQUEST received: {'request_id': 1742341894684, 'timestamp': 1742341894.684621, 'data': 'llapbft_message_1742341894684', 'cluster_id': 0, 'cluster_ports': [30007, 30003, 30005, 30001], 'leader': 30003, 'client_port': 20001, 'origin': 'client', 'simulated_delay': 0.00015, 'distance': 205.4614834019186, 'message_size_bits': 1800}
[2025-03-19 08:51:34,700] [INFO] [CLUSTER MANAGER 30007] Sending REQUEST to Leader 30003
[2025-03-19 08:51:34,767] [INFO] [CLUSTER MANAGER 30007] Received PRE-REPLY from 30005 for req_id 1742341894684
[2025-03-19 08:51:34,767] [INFO] [CLUSTER MANAGER 30007] PRE-REPLY senders for req_id 1742341894684: [30005]
[2025-03-19 08:51:34,767] [INFO] [CLUSTER MANAGER 30007] Received PRE-REPLY from 30003 for req_id 1742341894684
[2025-03-19 08:51:34,767] [INFO] [CLUSTER MANAGER 30007] PRE-REPLY senders for req_id 1742341894684: [30005, 30003]
[2025-03-19 08:51:34,767] [INFO] [CLUSTER MANAGER 30007] Condition met for req_id 1742341894684 (f+1 messages).
[2025-03-19 08:51:34,767] [INFO] [CLUSTER MANAGER 30007] Client found: {'host': 'localhost', 'port': 20001, 'latitude': 36.6266, 'longitude': 127.4585, 'altitude': 0}
[2025-03-19 08:51:34,767] [INFO] [CLUSTER MANAGER 30007] Sending final REPLY for req_id 1742341894684 to Client 20001.
[2025-03-19 08:51:34,767] [INFO] [CLUSTER MANAGER 30007] Received PRE-REPLY from 30001 for req_id 1742341894684
[2025-03-19 08:51:34,767] [INFO] [CLUSTER MANAGER 30007] PRE-REPLY senders for req_id 1742341894684: [30005, 30003, 30001]
[2025-03-19 08:51:34,767] [INFO] [CLUSTER MANAGER 30007] Final REPLY for req_id 1742341894684 sent successfully.
[2025-03-19 08:51:34,783] [INFO] [CLUSTER MANAGER 30007] PRE-REQUEST received: {'request_id': 1742341894767, 'timestamp': 1742341894.7673676, 'data': 'llapbft_message_1742341894767', 'cluster_id': 0, 'cluster_ports': [30007, 30003, 30005, 30001], 'leader': 30003, 'client_port': 20001, 'origin': 'client', 'simulated_delay': 0.00015066666666666668, 'distance': 205.4614834019186, 'message_size_bits': 1808}
[2025-03-19 08:51:34,783] [INFO] [CLUSTER MANAGER 30007] Sending REQUEST to Leader 30003
[2025-03-19 08:51:34,821] [INFO] [CLUSTER MANAGER 30007] Received PRE-REPLY from 30005 for req_id 1742341894767
[2025-03-19 08:51:34,821] [INFO] [CLUSTER MANAGER 30007] PRE-REPLY senders for req_id 1742341894767: [30005]
[2025-03-19 08:51:34,821] [INFO] [CLUSTER MANAGER 30007] Received PRE-REPLY from 30001 for req_id 1742341894767
[2025-03-19 08:51:34,821] [INFO] [CLUSTER MANAGER 30007] PRE-REPLY senders for req_id 1742341894767: [30005, 30001]
[2025-03-19 08:51:34,821] [INFO] [CLUSTER MANAGER 30007] Condition met for req_id 1742341894767 (f+1 messages).
[2025-03-19 08:51:34,821] [INFO] [CLUSTER MANAGER 30007] Client found: {'host': 'localhost', 'port': 20001, 'latitude': 36.6266, 'longitude': 127.4585, 'altitude': 0}
[2025-03-19 08:51:34,821] [INFO] [CLUSTER MANAGER 30007] Sending final REPLY for req_id 1742341894767 to Client 20001.
[2025-03-19 08:51:34,821] [INFO] [CLUSTER MANAGER 30007] Received PRE-REPLY from 30003 for req_id 1742341894767
[2025-03-19 08:51:34,821] [INFO] [CLUSTER MANAGER 30007] PRE-REPLY senders for req_id 1742341894767: [30005, 30001, 30003]
[2025-03-19 08:51:34,821] [INFO] [CLUSTER MANAGER 30007] Final REPLY for req_id 1742341894767 sent successfully.
[2025-03-19 08:51:34,851] [INFO] [CLUSTER MANAGER 30007] PRE-REQUEST received: {'request_id': 1742341894835, 'timestamp': 1742341894.8354883, 'data': 'llapbft_message_1742341894835', 'cluster_id': 0, 'cluster_ports': [30007, 30003, 30005, 30001], 'leader': 30003, 'client_port': 20001, 'origin': 'client', 'simulated_delay': 0.00015066666666666668, 'distance': 205.4614834019186, 'message_size_bits': 1808}
[2025-03-19 08:51:34,851] [INFO] [CLUSTER MANAGER 30007] Sending REQUEST to Leader 30003
[2025-03-19 08:51:34,901] [INFO] [CLUSTER MANAGER 30007] Received PRE-REPLY from 30001 for req_id 1742341894835
[2025-03-19 08:51:34,901] [INFO] [CLUSTER MANAGER 30007] PRE-REPLY senders for req_id 1742341894835: [30001]
[2025-03-19 08:51:34,901] [INFO] [CLUSTER MANAGER 30007] Received PRE-REPLY from 30005 for req_id 1742341894835
[2025-03-19 08:51:34,901] [INFO] [CLUSTER MANAGER 30007] PRE-REPLY senders for req_id 1742341894835: [30001, 30005]
[2025-03-19 08:51:34,901] [INFO] [CLUSTER MANAGER 30007] Condition met for req_id 1742341894835 (f+1 messages).
[2025-03-19 08:51:34,901] [INFO] [CLUSTER MANAGER 30007] Client found: {'host': 'localhost', 'port': 20001, 'latitude': 36.6266, 'longitude': 127.4585, 'altitude': 0}
[2025-03-19 08:51:34,901] [INFO] [CLUSTER MANAGER 30007] Sending final REPLY for req_id 1742341894835 to Client 20001.
[2025-03-19 08:51:34,916] [INFO] [CLUSTER MANAGER 30007] Received PRE-REPLY from 30003 for req_id 1742341894835
[2025-03-19 08:51:34,917] [INFO] [CLUSTER MANAGER 30007] PRE-REPLY senders for req_id 1742341894835: [30001, 30005, 30003]
[2025-03-19 08:51:34,917] [INFO] [CLUSTER MANAGER 30007] Final REPLY for req_id 1742341894835 sent successfully.
[2025-03-19 08:51:34,934] [INFO] [CLUSTER MANAGER 30007] PRE-REQUEST received: {'request_id': 1742341894917, 'timestamp': 1742341894.9175386, 'data': 'llapbft_message_1742341894917', 'cluster_id': 0, 'cluster_ports': [30007, 30003, 30005, 30001], 'leader': 30003, 'client_port': 20001, 'origin': 'client', 'simulated_delay': 0.00015066666666666668, 'distance': 205.4614834019186, 'message_size_bits': 1808}
[2025-03-19 08:51:34,934] [INFO] [CLUSTER MANAGER 30007] Sending REQUEST to Leader 30003
[2025-03-19 08:51:34,984] [INFO] [CLUSTER MANAGER 30007] Received PRE-REPLY from 30001 for req_id 1742341894917
[2025-03-19 08:51:34,984] [INFO] [CLUSTER MANAGER 30007] PRE-REPLY senders for req_id 1742341894917: [30001]
[2025-03-19 08:51:34,984] [INFO] [CLUSTER MANAGER 30007] Received PRE-REPLY from 30005 for req_id 1742341894917
[2025-03-19 08:51:34,984] [INFO] [CLUSTER MANAGER 30007] PRE-REPLY senders for req_id 1742341894917: [30001, 30005]
[2025-03-19 08:51:34,984] [INFO] [CLUSTER MANAGER 30007] Condition met for req_id 1742341894917 (f+1 messages).
[2025-03-19 08:51:34,984] [INFO] [CLUSTER MANAGER 30007] Client found: {'host': 'localhost', 'port': 20001, 'latitude': 36.6266, 'longitude': 127.4585, 'altitude': 0}
[2025-03-19 08:51:34,984] [INFO] [CLUSTER MANAGER 30007] Sending final REPLY for req_id 1742341894917 to Client 20001.
[2025-03-19 08:51:35,001] [INFO] [CLUSTER MANAGER 30007] Received PRE-REPLY from 30003 for req_id 1742341894917
[2025-03-19 08:51:35,001] [INFO] [CLUSTER MANAGER 30007] PRE-REPLY senders for req_id 1742341894917: [30001, 30005, 30003]
[2025-03-19 08:51:35,001] [INFO] [CLUSTER MANAGER 30007] Final REPLY for req_id 1742341894917 sent successfully.
[2025-03-19 08:51:35,533] [INFO] [CLUSTER MANAGER 30007] PRE-REQUEST received: {'request_id': 1742341895518, 'timestamp': 1742341895.5182166, 'data': 'llapbft_message_1742341895518', 'cluster_id': 0, 'cluster_ports': [30007, 30003, 30005, 30001], 'leader': 30003, 'client_port': 20001, 'origin': 'client', 'simulated_delay': 0.00015066666666666668, 'distance': 205.4614834019186, 'message_size_bits': 1808}
[2025-03-19 08:51:35,533] [INFO] [CLUSTER MANAGER 30007] Sending REQUEST to Leader 30003
[2025-03-19 08:51:35,572] [INFO] [CLUSTER MANAGER 30007] Received PRE-REPLY from 30001 for req_id 1742341895518
[2025-03-19 08:51:35,572] [INFO] [CLUSTER MANAGER 30007] PRE-REPLY senders for req_id 1742341895518: [30001]
[2025-03-19 08:51:35,572] [INFO] [CLUSTER MANAGER 30007] Received PRE-REPLY from 30005 for req_id 1742341895518
[2025-03-19 08:51:35,572] [INFO] [CLUSTER MANAGER 30007] PRE-REPLY senders for req_id 1742341895518: [30001, 30005]
[2025-03-19 08:51:35,572] [INFO] [CLUSTER MANAGER 30007] Condition met for req_id 1742341895518 (f+1 messages).
[2025-03-19 08:51:35,572] [INFO] [CLUSTER MANAGER 30007] Client found: {'host': 'localhost', 'port': 20001, 'latitude': 36.6266, 'longitude': 127.4585, 'altitude': 0}
[2025-03-19 08:51:35,572] [INFO] [CLUSTER MANAGER 30007] Sending final REPLY for req_id 1742341895518 to Client 20001.
[2025-03-19 08:51:35,584] [INFO] [CLUSTER MANAGER 30007] Received PRE-REPLY from 30003 for req_id 1742341895518
[2025-03-19 08:51:35,584] [INFO] [CLUSTER MANAGER 30007] PRE-REPLY senders for req_id 1742341895518: [30001, 30005, 30003]
[2025-03-19 08:51:35,584] [INFO] [CLUSTER MANAGER 30007] Final REPLY for req_id 1742341895518 sent successfully.
[2025-03-19 08:51:35,601] [INFO] [CLUSTER MANAGER 30007] PRE-REQUEST received: {'request_id': 1742341895584, 'timestamp': 1742341895.5846148, 'data': 'llapbft_message_1742341895584', 'cluster_id': 0, 'cluster_ports': [30007, 30003, 30005, 30001], 'leader': 30003, 'client_port': 20001, 'origin': 'client', 'simulated_delay': 0.00015066666666666668, 'distance': 205.4614834019186, 'message_size_bits': 1808}
[2025-03-19 08:51:35,601] [INFO] [CLUSTER MANAGER 30007] Sending REQUEST to Leader 30003
[2025-03-19 08:51:35,658] [INFO] [CLUSTER MANAGER 30007] Received PRE-REPLY from 30005 for req_id 1742341895584
[2025-03-19 08:51:35,658] [INFO] [CLUSTER MANAGER 30007] PRE-REPLY senders for req_id 1742341895584: [30005]
[2025-03-19 08:51:35,658] [INFO] [CLUSTER MANAGER 30007] Received PRE-REPLY from 30001 for req_id 1742341895584
[2025-03-19 08:51:35,658] [INFO] [CLUSTER MANAGER 30007] PRE-REPLY senders for req_id 1742341895584: [30005, 30001]
[2025-03-19 08:51:35,658] [INFO] [CLUSTER MANAGER 30007] Condition met for req_id 1742341895584 (f+1 messages).
[2025-03-19 08:51:35,658] [INFO] [CLUSTER MANAGER 30007] Client found: {'host': 'localhost', 'port': 20001, 'latitude': 36.6266, 'longitude': 127.4585, 'altitude': 0}
[2025-03-19 08:51:35,658] [INFO] [CLUSTER MANAGER 30007] Sending final REPLY for req_id 1742341895584 to Client 20001.
[2025-03-19 08:51:35,668] [INFO] [CLUSTER MANAGER 30007] Received PRE-REPLY from 30003 for req_id 1742341895584
[2025-03-19 08:51:35,668] [INFO] [CLUSTER MANAGER 30007] PRE-REPLY senders for req_id 1742341895584: [30005, 30001, 30003]
[2025-03-19 08:51:35,668] [INFO] [CLUSTER MANAGER 30007] Final REPLY for req_id 1742341895584 sent successfully.
[2025-03-19 08:51:35,685] [INFO] [CLUSTER MANAGER 30007] PRE-REQUEST received: {'request_id': 1742341895670, 'timestamp': 1742341895.6702952, 'data': 'llapbft_message_1742341895670', 'cluster_id': 0, 'cluster_ports': [30007, 30003, 30005, 30001], 'leader': 30003, 'client_port': 20001, 'origin': 'client', 'simulated_delay': 0.00015066666666666668, 'distance': 205.4614834019186, 'message_size_bits': 1808}
[2025-03-19 08:51:35,685] [INFO] [CLUSTER MANAGER 30007] Sending REQUEST to Leader 30003
[2025-03-19 08:51:35,739] [INFO] [CLUSTER MANAGER 30007] Received PRE-REPLY from 30005 for req_id 1742341895670
[2025-03-19 08:51:35,739] [INFO] [CLUSTER MANAGER 30007] PRE-REPLY senders for req_id 1742341895670: [30005]
[2025-03-19 08:51:35,739] [INFO] [CLUSTER MANAGER 30007] Received PRE-REPLY from 30001 for req_id 1742341895670
[2025-03-19 08:51:35,739] [INFO] [CLUSTER MANAGER 30007] PRE-REPLY senders for req_id 1742341895670: [30005, 30001]
[2025-03-19 08:51:35,739] [INFO] [CLUSTER MANAGER 30007] Condition met for req_id 1742341895670 (f+1 messages).
[2025-03-19 08:51:35,739] [INFO] [CLUSTER MANAGER 30007] Client found: {'host': 'localhost', 'port': 20001, 'latitude': 36.6266, 'longitude': 127.4585, 'altitude': 0}
[2025-03-19 08:51:35,739] [INFO] [CLUSTER MANAGER 30007] Sending final REPLY for req_id 1742341895670 to Client 20001.
[2025-03-19 08:51:35,739] [INFO] [CLUSTER MANAGER 30007] Received PRE-REPLY from 30003 for req_id 1742341895670
[2025-03-19 08:51:35,739] [INFO] [CLUSTER MANAGER 30007] PRE-REPLY senders for req_id 1742341895670: [30005, 30001, 30003]
[2025-03-19 08:51:35,739] [INFO] [CLUSTER MANAGER 30007] Final REPLY for req_id 1742341895670 sent successfully.
[2025-03-19 08:51:35,751] [INFO] [CLUSTER MANAGER 30007] PRE-REQUEST received: {'request_id': 1742341895739, 'timestamp': 1742341895.7392564, 'data': 'llapbft_message_1742341895739', 'cluster_id': 0, 'cluster_ports': [30007, 30003, 30005, 30001], 'leader': 30003, 'client_port': 20001, 'origin': 'client', 'simulated_delay': 0.00015066666666666668, 'distance': 205.4614834019186, 'message_size_bits': 1808}
[2025-03-19 08:51:35,751] [INFO] [CLUSTER MANAGER 30007] Sending REQUEST to Leader 30003
[2025-03-19 08:51:35,818] [INFO] [CLUSTER MANAGER 30007] Received PRE-REPLY from 30005 for req_id 1742341895739
[2025-03-19 08:51:35,818] [INFO] [CLUSTER MANAGER 30007] PRE-REPLY senders for req_id 1742341895739: [30005]
[2025-03-19 08:51:35,818] [INFO] [CLUSTER MANAGER 30007] Received PRE-REPLY from 30001 for req_id 1742341895739
[2025-03-19 08:51:35,818] [INFO] [CLUSTER MANAGER 30007] PRE-REPLY senders for req_id 1742341895739: [30005, 30001]
[2025-03-19 08:51:35,818] [INFO] [CLUSTER MANAGER 30007] Condition met for req_id 1742341895739 (f+1 messages).
[2025-03-19 08:51:35,818] [INFO] [CLUSTER MANAGER 30007] Client found: {'host': 'localhost', 'port': 20001, 'latitude': 36.6266, 'longitude': 127.4585, 'altitude': 0}
[2025-03-19 08:51:35,818] [INFO] [CLUSTER MANAGER 30007] Sending final REPLY for req_id 1742341895739 to Client 20001.
[2025-03-19 08:51:35,818] [INFO] [CLUSTER MANAGER 30007] Received PRE-REPLY from 30003 for req_id 1742341895739
[2025-03-19 08:51:35,818] [INFO] [CLUSTER MANAGER 30007] PRE-REPLY senders for req_id 1742341895739: [30005, 30001, 30003]
[2025-03-19 08:51:35,818] [INFO] [CLUSTER MANAGER 30007] Final REPLY for req_id 1742341895739 sent successfully.
[2025-03-19 08:51:36,519] [INFO] [CLUSTER MANAGER 30007] PRE-REQUEST received: {'request_id': 1742341896502, 'timestamp': 1742341896.502597, 'data': 'llapbft_message_1742341896502', 'cluster_id': 0, 'cluster_ports': [30007, 30003, 30005, 30001], 'leader': 30003, 'client_port': 20001, 'origin': 'client', 'simulated_delay': 0.00015, 'distance': 205.4614834019186, 'message_size_bits': 1800}
[2025-03-19 08:51:36,519] [INFO] [CLUSTER MANAGER 30007] Sending REQUEST to Leader 30003
[2025-03-19 08:51:36,573] [INFO] [CLUSTER MANAGER 30007] Received PRE-REPLY from 30001 for req_id 1742341896502
[2025-03-19 08:51:36,573] [INFO] [CLUSTER MANAGER 30007] PRE-REPLY senders for req_id 1742341896502: [30001]
[2025-03-19 08:51:36,573] [INFO] [CLUSTER MANAGER 30007] Received PRE-REPLY from 30005 for req_id 1742341896502
[2025-03-19 08:51:36,573] [INFO] [CLUSTER MANAGER 30007] PRE-REPLY senders for req_id 1742341896502: [30001, 30005]
[2025-03-19 08:51:36,573] [INFO] [CLUSTER MANAGER 30007] Condition met for req_id 1742341896502 (f+1 messages).
[2025-03-19 08:51:36,573] [INFO] [CLUSTER MANAGER 30007] Client found: {'host': 'localhost', 'port': 20001, 'latitude': 36.6266, 'longitude': 127.4585, 'altitude': 0}
[2025-03-19 08:51:36,573] [INFO] [CLUSTER MANAGER 30007] Sending final REPLY for req_id 1742341896502 to Client 20001.
[2025-03-19 08:51:36,573] [INFO] [CLUSTER MANAGER 30007] Received PRE-REPLY from 30003 for req_id 1742341896502
[2025-03-19 08:51:36,573] [INFO] [CLUSTER MANAGER 30007] PRE-REPLY senders for req_id 1742341896502: [30001, 30005, 30003]
[2025-03-19 08:51:36,578] [INFO] [CLUSTER MANAGER 30007] Final REPLY for req_id 1742341896502 sent successfully.
[2025-03-19 08:51:36,585] [INFO] [CLUSTER MANAGER 30007] PRE-REQUEST received: {'request_id': 1742341896578, 'timestamp': 1742341896.5784304, 'data': 'llapbft_message_1742341896578', 'cluster_id': 0, 'cluster_ports': [30007, 30003, 30005, 30001], 'leader': 30003, 'client_port': 20001, 'origin': 'client', 'simulated_delay': 0.00015066666666666668, 'distance': 205.4614834019186, 'message_size_bits': 1808}
[2025-03-19 08:51:36,585] [INFO] [CLUSTER MANAGER 30007] Sending REQUEST to Leader 30003
[2025-03-19 08:51:36,636] [INFO] [CLUSTER MANAGER 30007] Received PRE-REPLY from 30001 for req_id 1742341896578
[2025-03-19 08:51:36,636] [INFO] [CLUSTER MANAGER 30007] PRE-REPLY senders for req_id 1742341896578: [30001]
[2025-03-19 08:51:36,636] [INFO] [CLUSTER MANAGER 30007] Received PRE-REPLY from 30005 for req_id 1742341896578
[2025-03-19 08:51:36,636] [INFO] [CLUSTER MANAGER 30007] PRE-REPLY senders for req_id 1742341896578: [30001, 30005]
[2025-03-19 08:51:36,636] [INFO] [CLUSTER MANAGER 30007] Condition met for req_id 1742341896578 (f+1 messages).
[2025-03-19 08:51:36,636] [INFO] [CLUSTER MANAGER 30007] Client found: {'host': 'localhost', 'port': 20001, 'latitude': 36.6266, 'longitude': 127.4585, 'altitude': 0}
[2025-03-19 08:51:36,636] [INFO] [CLUSTER MANAGER 30007] Sending final REPLY for req_id 1742341896578 to Client 20001.
[2025-03-19 08:51:36,652] [INFO] [CLUSTER MANAGER 30007] Received PRE-REPLY from 30003 for req_id 1742341896578
[2025-03-19 08:51:36,652] [INFO] [CLUSTER MANAGER 30007] PRE-REPLY senders for req_id 1742341896578: [30001, 30005, 30003]
[2025-03-19 08:51:36,652] [INFO] [CLUSTER MANAGER 30007] Final REPLY for req_id 1742341896578 sent successfully.
[2025-03-19 08:51:36,686] [INFO] [CLUSTER MANAGER 30007] PRE-REQUEST received: {'request_id': 1742341896672, 'timestamp': 1742341896.6729984, 'data': 'llapbft_message_1742341896672', 'cluster_id': 0, 'cluster_ports': [30007, 30003, 30005, 30001], 'leader': 30003, 'client_port': 20001, 'origin': 'client', 'simulated_delay': 0.00015066666666666668, 'distance': 205.4614834019186, 'message_size_bits': 1808}
[2025-03-19 08:51:36,686] [INFO] [CLUSTER MANAGER 30007] Sending REQUEST to Leader 30003
[2025-03-19 08:51:36,739] [INFO] [CLUSTER MANAGER 30007] Received PRE-REPLY from 30003 for req_id 1742341896672
[2025-03-19 08:51:36,739] [INFO] [CLUSTER MANAGER 30007] PRE-REPLY senders for req_id 1742341896672: [30003]
[2025-03-19 08:51:36,739] [INFO] [CLUSTER MANAGER 30007] Received PRE-REPLY from 30001 for req_id 1742341896672
[2025-03-19 08:51:36,739] [INFO] [CLUSTER MANAGER 30007] PRE-REPLY senders for req_id 1742341896672: [30003, 30001]
[2025-03-19 08:51:36,739] [INFO] [CLUSTER MANAGER 30007] Condition met for req_id 1742341896672 (f+1 messages).
[2025-03-19 08:51:36,739] [INFO] [CLUSTER MANAGER 30007] Client found: {'host': 'localhost', 'port': 20001, 'latitude': 36.6266, 'longitude': 127.4585, 'altitude': 0}
[2025-03-19 08:51:36,739] [INFO] [CLUSTER MANAGER 30007] Sending final REPLY for req_id 1742341896672 to Client 20001.
[2025-03-19 08:51:36,739] [INFO] [CLUSTER MANAGER 30007] Received PRE-REPLY from 30005 for req_id 1742341896672
[2025-03-19 08:51:36,739] [INFO] [CLUSTER MANAGER 30007] PRE-REPLY senders for req_id 1742341896672: [30003, 30001, 30005]
[2025-03-19 08:51:36,739] [INFO] [CLUSTER MANAGER 30007] Final REPLY for req_id 1742341896672 sent successfully.
[2025-03-19 08:51:36,752] [INFO] [CLUSTER MANAGER 30007] PRE-REQUEST received: {'request_id': 1742341896739, 'timestamp': 1742341896.739481, 'data': 'llapbft_message_1742341896739', 'cluster_id': 0, 'cluster_ports': [30007, 30003, 30005, 30001], 'leader': 30003, 'client_port': 20001, 'origin': 'client', 'simulated_delay': 0.00015, 'distance': 205.4614834019186, 'message_size_bits': 1800}
[2025-03-19 08:51:36,752] [INFO] [CLUSTER MANAGER 30007] Sending REQUEST to Leader 30003
[2025-03-19 08:51:36,806] [INFO] [CLUSTER MANAGER 30007] Received PRE-REPLY from 30005 for req_id 1742341896739
[2025-03-19 08:51:36,806] [INFO] [CLUSTER MANAGER 30007] PRE-REPLY senders for req_id 1742341896739: [30005]
[2025-03-19 08:51:36,806] [INFO] [CLUSTER MANAGER 30007] Received PRE-REPLY from 30001 for req_id 1742341896739
[2025-03-19 08:51:36,806] [INFO] [CLUSTER MANAGER 30007] PRE-REPLY senders for req_id 1742341896739: [30005, 30001]
[2025-03-19 08:51:36,806] [INFO] [CLUSTER MANAGER 30007] Condition met for req_id 1742341896739 (f+1 messages).
[2025-03-19 08:51:36,806] [INFO] [CLUSTER MANAGER 30007] Client found: {'host': 'localhost', 'port': 20001, 'latitude': 36.6266, 'longitude': 127.4585, 'altitude': 0}
[2025-03-19 08:51:36,806] [INFO] [CLUSTER MANAGER 30007] Sending final REPLY for req_id 1742341896739 to Client 20001.
[2025-03-19 08:51:36,818] [INFO] [CLUSTER MANAGER 30007] Received PRE-REPLY from 30003 for req_id 1742341896739
[2025-03-19 08:51:36,818] [INFO] [CLUSTER MANAGER 30007] PRE-REPLY senders for req_id 1742341896739: [30005, 30001, 30003]
[2025-03-19 08:51:36,819] [INFO] [CLUSTER MANAGER 30007] Final REPLY for req_id 1742341896739 sent successfully.
[2025-03-19 08:51:37,419] [INFO] [CLUSTER MANAGER 30007] PRE-REQUEST received: {'request_id': 1742341897403, 'timestamp': 1742341897.4033976, 'data': 'llapbft_message_1742341897403', 'cluster_id': 0, 'cluster_ports': [30007, 30003, 30005, 30001], 'leader': 30003, 'client_port': 20001, 'origin': 'client', 'simulated_delay': 0.00015066666666666668, 'distance': 205.4614834019186, 'message_size_bits': 1808}
[2025-03-19 08:51:37,419] [INFO] [CLUSTER MANAGER 30007] Sending REQUEST to Leader 30003
[2025-03-19 08:51:37,475] [INFO] [CLUSTER MANAGER 30007] Received PRE-REPLY from 30005 for req_id 1742341897403
[2025-03-19 08:51:37,477] [INFO] [CLUSTER MANAGER 30007] PRE-REPLY senders for req_id 1742341897403: [30005]
[2025-03-19 08:51:37,477] [INFO] [CLUSTER MANAGER 30007] Received PRE-REPLY from 30001 for req_id 1742341897403
[2025-03-19 08:51:37,477] [INFO] [CLUSTER MANAGER 30007] PRE-REPLY senders for req_id 1742341897403: [30005, 30001]
[2025-03-19 08:51:37,477] [INFO] [CLUSTER MANAGER 30007] Condition met for req_id 1742341897403 (f+1 messages).
[2025-03-19 08:51:37,477] [INFO] [CLUSTER MANAGER 30007] Client found: {'host': 'localhost', 'port': 20001, 'latitude': 36.6266, 'longitude': 127.4585, 'altitude': 0}
[2025-03-19 08:51:37,477] [INFO] [CLUSTER MANAGER 30007] Sending final REPLY for req_id 1742341897403 to Client 20001.
[2025-03-19 08:51:37,477] [INFO] [CLUSTER MANAGER 30007] Received PRE-REPLY from 30003 for req_id 1742341897403
[2025-03-19 08:51:37,477] [INFO] [CLUSTER MANAGER 30007] PRE-REPLY senders for req_id 1742341897403: [30005, 30001, 30003]
[2025-03-19 08:51:37,477] [INFO] [CLUSTER MANAGER 30007] Final REPLY for req_id 1742341897403 sent successfully.
[2025-03-19 08:51:37,485] [INFO] [CLUSTER MANAGER 30007] PRE-REQUEST received: {'request_id': 1742341897477, 'timestamp': 1742341897.477911, 'data': 'llapbft_message_1742341897477', 'cluster_id': 0, 'cluster_ports': [30007, 30003, 30005, 30001], 'leader': 30003, 'client_port': 20001, 'origin': 'client', 'simulated_delay': 0.00015, 'distance': 205.4614834019186, 'message_size_bits': 1800}
[2025-03-19 08:51:37,485] [INFO] [CLUSTER MANAGER 30007] Sending REQUEST to Leader 30003
[2025-03-19 08:51:37,520] [INFO] [CLUSTER MANAGER 30007] Received PRE-REPLY from 30003 for req_id 1742341897477
[2025-03-19 08:51:37,520] [INFO] [CLUSTER MANAGER 30007] PRE-REPLY senders for req_id 1742341897477: [30003]
[2025-03-19 08:51:37,520] [INFO] [CLUSTER MANAGER 30007] Received PRE-REPLY from 30005 for req_id 1742341897477
[2025-03-19 08:51:37,520] [INFO] [CLUSTER MANAGER 30007] PRE-REPLY senders for req_id 1742341897477: [30003, 30005]
[2025-03-19 08:51:37,520] [INFO] [CLUSTER MANAGER 30007] Condition met for req_id 1742341897477 (f+1 messages).
[2025-03-19 08:51:37,520] [INFO] [CLUSTER MANAGER 30007] Client found: {'host': 'localhost', 'port': 20001, 'latitude': 36.6266, 'longitude': 127.4585, 'altitude': 0}
[2025-03-19 08:51:37,520] [INFO] [CLUSTER MANAGER 30007] Sending final REPLY for req_id 1742341897477 to Client 20001.
[2025-03-19 08:51:37,520] [INFO] [CLUSTER MANAGER 30007] Received PRE-REPLY from 30001 for req_id 1742341897477
[2025-03-19 08:51:37,520] [INFO] [CLUSTER MANAGER 30007] PRE-REPLY senders for req_id 1742341897477: [30003, 30005, 30001]
[2025-03-19 08:51:37,520] [INFO] [CLUSTER MANAGER 30007] Final REPLY for req_id 1742341897477 sent successfully.
[2025-03-19 08:51:37,551] [INFO] [CLUSTER MANAGER 30007] PRE-REQUEST received: {'request_id': 1742341897535, 'timestamp': 1742341897.535917, 'data': 'llapbft_message_1742341897535', 'cluster_id': 0, 'cluster_ports': [30007, 30003, 30005, 30001], 'leader': 30003, 'client_port': 20001, 'origin': 'client', 'simulated_delay': 0.00015, 'distance': 205.4614834019186, 'message_size_bits': 1800}
[2025-03-19 08:51:37,551] [INFO] [CLUSTER MANAGER 30007] Sending REQUEST to Leader 30003
[2025-03-19 08:51:37,572] [INFO] [CLUSTER MANAGER 30007] Received PRE-REPLY from 30005 for req_id 1742341897535
[2025-03-19 08:51:37,572] [INFO] [CLUSTER MANAGER 30007] PRE-REPLY senders for req_id 1742341897535: [30005]
[2025-03-19 08:51:37,572] [INFO] [CLUSTER MANAGER 30007] Received PRE-REPLY from 30001 for req_id 1742341897535
[2025-03-19 08:51:37,572] [INFO] [CLUSTER MANAGER 30007] PRE-REPLY senders for req_id 1742341897535: [30005, 30001]
[2025-03-19 08:51:37,572] [INFO] [CLUSTER MANAGER 30007] Condition met for req_id 1742341897535 (f+1 messages).
[2025-03-19 08:51:37,572] [INFO] [CLUSTER MANAGER 30007] Client found: {'host': 'localhost', 'port': 20001, 'latitude': 36.6266, 'longitude': 127.4585, 'altitude': 0}
[2025-03-19 08:51:37,572] [INFO] [CLUSTER MANAGER 30007] Sending final REPLY for req_id 1742341897535 to Client 20001.
[2025-03-19 08:51:37,585] [INFO] [CLUSTER MANAGER 30007] Received PRE-REPLY from 30003 for req_id 1742341897535
[2025-03-19 08:51:37,585] [INFO] [CLUSTER MANAGER 30007] PRE-REPLY senders for req_id 1742341897535: [30005, 30001, 30003]
[2025-03-19 08:51:37,585] [INFO] [CLUSTER MANAGER 30007] Final REPLY for req_id 1742341897535 sent successfully.
[2025-03-19 08:51:37,603] [INFO] [CLUSTER MANAGER 30007] PRE-REQUEST received: {'request_id': 1742341897585, 'timestamp': 1742341897.5859404, 'data': 'llapbft_message_1742341897585', 'cluster_id': 0, 'cluster_ports': [30007, 30003, 30005, 30001], 'leader': 30003, 'client_port': 20001, 'origin': 'client', 'simulated_delay': 0.00015066666666666668, 'distance': 205.4614834019186, 'message_size_bits': 1808}
[2025-03-19 08:51:37,603] [INFO] [CLUSTER MANAGER 30007] Sending REQUEST to Leader 30003
[2025-03-19 08:51:37,661] [INFO] [CLUSTER MANAGER 30007] Received PRE-REPLY from 30005 for req_id 1742341897585
[2025-03-19 08:51:37,661] [INFO] [CLUSTER MANAGER 30007] PRE-REPLY senders for req_id 1742341897585: [30005]
[2025-03-19 08:51:37,661] [INFO] [CLUSTER MANAGER 30007] Received PRE-REPLY from 30001 for req_id 1742341897585
[2025-03-19 08:51:37,661] [INFO] [CLUSTER MANAGER 30007] PRE-REPLY senders for req_id 1742341897585: [30005, 30001]
[2025-03-19 08:51:37,661] [INFO] [CLUSTER MANAGER 30007] Condition met for req_id 1742341897585 (f+1 messages).
[2025-03-19 08:51:37,661] [INFO] [CLUSTER MANAGER 30007] Client found: {'host': 'localhost', 'port': 20001, 'latitude': 36.6266, 'longitude': 127.4585, 'altitude': 0}
[2025-03-19 08:51:37,661] [INFO] [CLUSTER MANAGER 30007] Sending final REPLY for req_id 1742341897585 to Client 20001.
[2025-03-19 08:51:37,669] [INFO] [CLUSTER MANAGER 30007] Received PRE-REPLY from 30003 for req_id 1742341897585
[2025-03-19 08:51:37,669] [INFO] [CLUSTER MANAGER 30007] PRE-REPLY senders for req_id 1742341897585: [30005, 30001, 30003]
[2025-03-19 08:51:37,669] [INFO] [CLUSTER MANAGER 30007] Final REPLY for req_id 1742341897585 sent successfully.
[2025-03-19 08:51:38,354] [INFO] [CLUSTER MANAGER 30007] PRE-REQUEST received: {'request_id': 1742341898337, 'timestamp': 1742341898.3375194, 'data': 'llapbft_message_1742341898337', 'cluster_id': 0, 'cluster_ports': [30007, 30003, 30005, 30001], 'leader': 30003, 'client_port': 20001, 'origin': 'client', 'simulated_delay': 0.00015066666666666668, 'distance': 205.4614834019186, 'message_size_bits': 1808}
[2025-03-19 08:51:38,354] [INFO] [CLUSTER MANAGER 30007] Sending REQUEST to Leader 30003
[2025-03-19 08:51:38,409] [INFO] [CLUSTER MANAGER 30007] Received PRE-REPLY from 30003 for req_id 1742341898337
[2025-03-19 08:51:38,409] [INFO] [CLUSTER MANAGER 30007] PRE-REPLY senders for req_id 1742341898337: [30003]
[2025-03-19 08:51:38,409] [INFO] [CLUSTER MANAGER 30007] Received PRE-REPLY from 30001 for req_id 1742341898337
[2025-03-19 08:51:38,409] [INFO] [CLUSTER MANAGER 30007] PRE-REPLY senders for req_id 1742341898337: [30003, 30001]
[2025-03-19 08:51:38,409] [INFO] [CLUSTER MANAGER 30007] Condition met for req_id 1742341898337 (f+1 messages).
[2025-03-19 08:51:38,409] [INFO] [CLUSTER MANAGER 30007] Client found: {'host': 'localhost', 'port': 20001, 'latitude': 36.6266, 'longitude': 127.4585, 'altitude': 0}
[2025-03-19 08:51:38,409] [INFO] [CLUSTER MANAGER 30007] Sending final REPLY for req_id 1742341898337 to Client 20001.
[2025-03-19 08:51:38,409] [INFO] [CLUSTER MANAGER 30007] Received PRE-REPLY from 30005 for req_id 1742341898337
[2025-03-19 08:51:38,409] [INFO] [CLUSTER MANAGER 30007] PRE-REPLY senders for req_id 1742341898337: [30003, 30001, 30005]
[2025-03-19 08:51:38,409] [INFO] [CLUSTER MANAGER 30007] Final REPLY for req_id 1742341898337 sent successfully.
[2025-03-19 08:51:38,420] [INFO] [CLUSTER MANAGER 30007] PRE-REQUEST received: {'request_id': 1742341898409, 'timestamp': 1742341898.4094372, 'data': 'llapbft_message_1742341898409', 'cluster_id': 0, 'cluster_ports': [30007, 30003, 30005, 30001], 'leader': 30003, 'client_port': 20001, 'origin': 'client', 'simulated_delay': 0.00015066666666666668, 'distance': 205.4614834019186, 'message_size_bits': 1808}
[2025-03-19 08:51:38,420] [INFO] [CLUSTER MANAGER 30007] Sending REQUEST to Leader 30003
[2025-03-19 08:51:38,471] [INFO] [CLUSTER MANAGER 30007] Received PRE-REPLY from 30001 for req_id 1742341898409
[2025-03-19 08:51:38,471] [INFO] [CLUSTER MANAGER 30007] PRE-REPLY senders for req_id 1742341898409: [30001]
[2025-03-19 08:51:38,471] [INFO] [CLUSTER MANAGER 30007] Received PRE-REPLY from 30005 for req_id 1742341898409
[2025-03-19 08:51:38,471] [INFO] [CLUSTER MANAGER 30007] PRE-REPLY senders for req_id 1742341898409: [30001, 30005]
[2025-03-19 08:51:38,471] [INFO] [CLUSTER MANAGER 30007] Condition met for req_id 1742341898409 (f+1 messages).
[2025-03-19 08:51:38,471] [INFO] [CLUSTER MANAGER 30007] Client found: {'host': 'localhost', 'port': 20001, 'latitude': 36.6266, 'longitude': 127.4585, 'altitude': 0}
[2025-03-19 08:51:38,471] [INFO] [CLUSTER MANAGER 30007] Sending final REPLY for req_id 1742341898409 to Client 20001.
[2025-03-19 08:51:38,475] [INFO] [CLUSTER MANAGER 30007] Received PRE-REPLY from 30003 for req_id 1742341898409
[2025-03-19 08:51:38,475] [INFO] [CLUSTER MANAGER 30007] PRE-REPLY senders for req_id 1742341898409: [30001, 30005, 30003]
[2025-03-19 08:51:38,475] [INFO] [CLUSTER MANAGER 30007] Final REPLY for req_id 1742341898409 sent successfully.
[2025-03-19 08:51:38,485] [INFO] [CLUSTER MANAGER 30007] PRE-REQUEST received: {'request_id': 1742341898475, 'timestamp': 1742341898.4758356, 'data': 'llapbft_message_1742341898475', 'cluster_id': 0, 'cluster_ports': [30007, 30003, 30005, 30001], 'leader': 30003, 'client_port': 20001, 'origin': 'client', 'simulated_delay': 0.00015066666666666668, 'distance': 205.4614834019186, 'message_size_bits': 1808}
[2025-03-19 08:51:38,485] [INFO] [CLUSTER MANAGER 30007] Sending REQUEST to Leader 30003
[2025-03-19 08:51:38,521] [INFO] [CLUSTER MANAGER 30007] Received PRE-REPLY from 30001 for req_id 1742341898475
[2025-03-19 08:51:38,521] [INFO] [CLUSTER MANAGER 30007] PRE-REPLY senders for req_id 1742341898475: [30001]
[2025-03-19 08:51:38,521] [INFO] [CLUSTER MANAGER 30007] Received PRE-REPLY from 30005 for req_id 1742341898475
[2025-03-19 08:51:38,521] [INFO] [CLUSTER MANAGER 30007] PRE-REPLY senders for req_id 1742341898475: [30001, 30005]
[2025-03-19 08:51:38,521] [INFO] [CLUSTER MANAGER 30007] Condition met for req_id 1742341898475 (f+1 messages).
[2025-03-19 08:51:38,521] [INFO] [CLUSTER MANAGER 30007] Client found: {'host': 'localhost', 'port': 20001, 'latitude': 36.6266, 'longitude': 127.4585, 'altitude': 0}
[2025-03-19 08:51:38,521] [INFO] [CLUSTER MANAGER 30007] Sending final REPLY for req_id 1742341898475 to Client 20001.
[2025-03-19 08:51:38,521] [INFO] [CLUSTER MANAGER 30007] Received PRE-REPLY from 30003 for req_id 1742341898475
[2025-03-19 08:51:38,521] [INFO] [CLUSTER MANAGER 30007] PRE-REPLY senders for req_id 1742341898475: [30001, 30005, 30003]
[2025-03-19 08:51:38,521] [INFO] [CLUSTER MANAGER 30007] Final REPLY for req_id 1742341898475 sent successfully.
[2025-03-19 08:51:38,571] [INFO] [CLUSTER MANAGER 30007] PRE-REQUEST received: {'request_id': 1742341898554, 'timestamp': 1742341898.5541973, 'data': 'llapbft_message_1742341898554', 'cluster_id': 0, 'cluster_ports': [30007, 30003, 30005, 30001], 'leader': 30003, 'client_port': 20001, 'origin': 'client', 'simulated_delay': 0.00015066666666666668, 'distance': 205.4614834019186, 'message_size_bits': 1808}
[2025-03-19 08:51:38,571] [INFO] [CLUSTER MANAGER 30007] Sending REQUEST to Leader 30003
[2025-03-19 08:51:38,608] [INFO] [CLUSTER MANAGER 30007] Received PRE-REPLY from 30005 for req_id 1742341898554
[2025-03-19 08:51:38,608] [INFO] [CLUSTER MANAGER 30007] PRE-REPLY senders for req_id 1742341898554: [30005]
[2025-03-19 08:51:38,608] [INFO] [CLUSTER MANAGER 30007] Received PRE-REPLY from 30001 for req_id 1742341898554
[2025-03-19 08:51:38,608] [INFO] [CLUSTER MANAGER 30007] PRE-REPLY senders for req_id 1742341898554: [30005, 30001]
[2025-03-19 08:51:38,608] [INFO] [CLUSTER MANAGER 30007] Condition met for req_id 1742341898554 (f+1 messages).
[2025-03-19 08:51:38,608] [INFO] [CLUSTER MANAGER 30007] Client found: {'host': 'localhost', 'port': 20001, 'latitude': 36.6266, 'longitude': 127.4585, 'altitude': 0}
[2025-03-19 08:51:38,608] [INFO] [CLUSTER MANAGER 30007] Sending final REPLY for req_id 1742341898554 to Client 20001.
[2025-03-19 08:51:38,621] [INFO] [CLUSTER MANAGER 30007] Received PRE-REPLY from 30003 for req_id 1742341898554
[2025-03-19 08:51:38,621] [INFO] [CLUSTER MANAGER 30007] PRE-REPLY senders for req_id 1742341898554: [30005, 30001, 30003]
[2025-03-19 08:51:38,621] [INFO] [CLUSTER MANAGER 30007] Final REPLY for req_id 1742341898554 sent successfully.
[2025-03-19 08:51:39,355] [INFO] [CLUSTER MANAGER 30007] PRE-REQUEST received: {'request_id': 1742341899338, 'timestamp': 1742341899.3380215, 'data': 'llapbft_message_1742341899338', 'cluster_id': 0, 'cluster_ports': [30007, 30003, 30005, 30001], 'leader': 30003, 'client_port': 20001, 'origin': 'client', 'simulated_delay': 0.00015066666666666668, 'distance': 205.4614834019186, 'message_size_bits': 1808}
[2025-03-19 08:51:39,355] [INFO] [CLUSTER MANAGER 30007] Sending REQUEST to Leader 30003
[2025-03-19 08:51:39,405] [INFO] [CLUSTER MANAGER 30007] Received PRE-REPLY from 30003 for req_id 1742341899338
[2025-03-19 08:51:39,405] [INFO] [CLUSTER MANAGER 30007] PRE-REPLY senders for req_id 1742341899338: [30003]
[2025-03-19 08:51:39,405] [INFO] [CLUSTER MANAGER 30007] Received PRE-REPLY from 30001 for req_id 1742341899338
[2025-03-19 08:51:39,405] [INFO] [CLUSTER MANAGER 30007] PRE-REPLY senders for req_id 1742341899338: [30003, 30001]
[2025-03-19 08:51:39,405] [INFO] [CLUSTER MANAGER 30007] Condition met for req_id 1742341899338 (f+1 messages).
[2025-03-19 08:51:39,405] [INFO] [CLUSTER MANAGER 30007] Client found: {'host': 'localhost', 'port': 20001, 'latitude': 36.6266, 'longitude': 127.4585, 'altitude': 0}
[2025-03-19 08:51:39,405] [INFO] [CLUSTER MANAGER 30007] Sending final REPLY for req_id 1742341899338 to Client 20001.
[2025-03-19 08:51:39,405] [INFO] [CLUSTER MANAGER 30007] Received PRE-REPLY from 30005 for req_id 1742341899338
[2025-03-19 08:51:39,405] [INFO] [CLUSTER MANAGER 30007] PRE-REPLY senders for req_id 1742341899338: [30003, 30001, 30005]
[2025-03-19 08:51:39,405] [INFO] [CLUSTER MANAGER 30007] Final REPLY for req_id 1742341899338 sent successfully.
[2025-03-19 08:51:39,436] [INFO] [CLUSTER MANAGER 30007] PRE-REQUEST received: {'request_id': 1742341899421, 'timestamp': 1742341899.4214013, 'data': 'llapbft_message_1742341899421', 'cluster_id': 0, 'cluster_ports': [30007, 30003, 30005, 30001], 'leader': 30003, 'client_port': 20001, 'origin': 'client', 'simulated_delay': 0.00015066666666666668, 'distance': 205.4614834019186, 'message_size_bits': 1808}
[2025-03-19 08:51:39,437] [INFO] [CLUSTER MANAGER 30007] Sending REQUEST to Leader 30003
[2025-03-19 08:51:39,489] [INFO] [CLUSTER MANAGER 30007] Received PRE-REPLY from 30005 for req_id 1742341899421
[2025-03-19 08:51:39,489] [INFO] [CLUSTER MANAGER 30007] PRE-REPLY senders for req_id 1742341899421: [30005]
[2025-03-19 08:51:39,489] [INFO] [CLUSTER MANAGER 30007] Received PRE-REPLY from 30001 for req_id 1742341899421
[2025-03-19 08:51:39,489] [INFO] [CLUSTER MANAGER 30007] PRE-REPLY senders for req_id 1742341899421: [30005, 30001]
[2025-03-19 08:51:39,489] [INFO] [CLUSTER MANAGER 30007] Condition met for req_id 1742341899421 (f+1 messages).
[2025-03-19 08:51:39,489] [INFO] [CLUSTER MANAGER 30007] Client found: {'host': 'localhost', 'port': 20001, 'latitude': 36.6266, 'longitude': 127.4585, 'altitude': 0}
[2025-03-19 08:51:39,489] [INFO] [CLUSTER MANAGER 30007] Sending final REPLY for req_id 1742341899421 to Client 20001.
[2025-03-19 08:51:39,504] [INFO] [CLUSTER MANAGER 30007] Received PRE-REPLY from 30003 for req_id 1742341899421
[2025-03-19 08:51:39,504] [INFO] [CLUSTER MANAGER 30007] PRE-REPLY senders for req_id 1742341899421: [30005, 30001, 30003]
[2025-03-19 08:51:39,505] [INFO] [CLUSTER MANAGER 30007] Final REPLY for req_id 1742341899421 sent successfully.
[2025-03-19 08:51:39,520] [INFO] [CLUSTER MANAGER 30007] PRE-REQUEST received: {'request_id': 1742341899505, 'timestamp': 1742341899.5050087, 'data': 'llapbft_message_1742341899505', 'cluster_id': 0, 'cluster_ports': [30007, 30003, 30005, 30001], 'leader': 30003, 'client_port': 20001, 'origin': 'client', 'simulated_delay': 0.00015066666666666668, 'distance': 205.4614834019186, 'message_size_bits': 1808}
[2025-03-19 08:51:39,520] [INFO] [CLUSTER MANAGER 30007] Sending REQUEST to Leader 30003
[2025-03-19 08:51:39,578] [INFO] [CLUSTER MANAGER 30007] Received PRE-REPLY from 30005 for req_id 1742341899505
[2025-03-19 08:51:39,578] [INFO] [CLUSTER MANAGER 30007] PRE-REPLY senders for req_id 1742341899505: [30005]
[2025-03-19 08:51:39,578] [INFO] [CLUSTER MANAGER 30007] Received PRE-REPLY from 30001 for req_id 1742341899505
[2025-03-19 08:51:39,578] [INFO] [CLUSTER MANAGER 30007] PRE-REPLY senders for req_id 1742341899505: [30005, 30001]
[2025-03-19 08:51:39,578] [INFO] [CLUSTER MANAGER 30007] Condition met for req_id 1742341899505 (f+1 messages).
[2025-03-19 08:51:39,578] [INFO] [CLUSTER MANAGER 30007] Client found: {'host': 'localhost', 'port': 20001, 'latitude': 36.6266, 'longitude': 127.4585, 'altitude': 0}
[2025-03-19 08:51:39,578] [INFO] [CLUSTER MANAGER 30007] Sending final REPLY for req_id 1742341899505 to Client 20001.
[2025-03-19 08:51:39,587] [INFO] [CLUSTER MANAGER 30007] Received PRE-REPLY from 30003 for req_id 1742341899505
[2025-03-19 08:51:39,587] [INFO] [CLUSTER MANAGER 30007] PRE-REPLY senders for req_id 1742341899505: [30005, 30001, 30003]
[2025-03-19 08:51:39,587] [INFO] [CLUSTER MANAGER 30007] Final REPLY for req_id 1742341899505 sent successfully.
[2025-03-19 08:51:39,604] [INFO] [CLUSTER MANAGER 30007] PRE-REQUEST received: {'request_id': 1742341899587, 'timestamp': 1742341899.5876708, 'data': 'llapbft_message_1742341899587', 'cluster_id': 0, 'cluster_ports': [30007, 30003, 30005, 30001], 'leader': 30003, 'client_port': 20001, 'origin': 'client', 'simulated_delay': 0.00015066666666666668, 'distance': 205.4614834019186, 'message_size_bits': 1808}
[2025-03-19 08:51:39,604] [INFO] [CLUSTER MANAGER 30007] Sending REQUEST to Leader 30003
[2025-03-19 08:51:39,656] [INFO] [CLUSTER MANAGER 30007] Received PRE-REPLY from 30005 for req_id 1742341899587
[2025-03-19 08:51:39,656] [INFO] [CLUSTER MANAGER 30007] PRE-REPLY senders for req_id 1742341899587: [30005]
[2025-03-19 08:51:39,656] [INFO] [CLUSTER MANAGER 30007] Received PRE-REPLY from 30001 for req_id 1742341899587
[2025-03-19 08:51:39,656] [INFO] [CLUSTER MANAGER 30007] PRE-REPLY senders for req_id 1742341899587: [30005, 30001]
[2025-03-19 08:51:39,656] [INFO] [CLUSTER MANAGER 30007] Condition met for req_id 1742341899587 (f+1 messages).
[2025-03-19 08:51:39,656] [INFO] [CLUSTER MANAGER 30007] Client found: {'host': 'localhost', 'port': 20001, 'latitude': 36.6266, 'longitude': 127.4585, 'altitude': 0}
[2025-03-19 08:51:39,656] [INFO] [CLUSTER MANAGER 30007] Sending final REPLY for req_id 1742341899587 to Client 20001.
[2025-03-19 08:51:39,671] [INFO] [CLUSTER MANAGER 30007] Received PRE-REPLY from 30003 for req_id 1742341899587
[2025-03-19 08:51:39,671] [INFO] [CLUSTER MANAGER 30007] PRE-REPLY senders for req_id 1742341899587: [30005, 30001, 30003]
[2025-03-19 08:51:39,671] [INFO] [CLUSTER MANAGER 30007] Final REPLY for req_id 1742341899587 sent successfully.
