[2025-03-11 17:44:19,439] [INFO] Node started: localhost:30130 | index=131 | f=1, k=4
[2025-03-11 17:44:26,344] [INFO] [30130] PRE-PREPARE received: {'request_id': 1741682666245, 'data': 'llapbft_message_1741682666245', 'timestamp': 1741682666.2776651, 'leader': 30029, 'cluster_id': 3, 'cluster_ports': [30004, 30005, 30008, 30011, 30012, 30017, 30018, 30021, 30029, 30033, 30040, 30042, 30045, 30052, 30057, 30068, 30070, 30072, 30073, 30074, 30076, 30084, 30088, 30091, 30094, 30100, 30103, 30105, 30107, 30109, 30110, 30117, 30121, 30125, 30130, 30133, 30137, 30138, 30139, 30145], 'cluster_manager': {'host': 'localhost', 'port': 30018, 'latitude': 36.6268812, 'longitude': 127.4589418, 'altitude': 19, 'offset_m': 'lat: 31 m, lng: 39 m, alt: 19 m'}, 'simulated_delay': 0.00026933333333333334, 'distance': 163.9065000257685, 'message_size_bits': 4848}
[2025-03-11 17:44:26,366] [INFO] [30130] Broadcasting PREPARE: REQUEST 1741682666245
[2025-03-11 17:44:26,507] [INFO] [30130] PREPARE received from 30138 for REQUEST 1741682666245
[2025-03-11 17:44:26,507] [INFO] [30130] Broadcasting COMMIT: REQUEST 1741682666245
[2025-03-11 17:44:26,520] [INFO] [30130] PREPARE received from 30110 for REQUEST 1741682666245
[2025-03-11 17:44:26,598] [INFO] [30130] PREPARE received from 30073 for REQUEST 1741682666245
[2025-03-11 17:44:26,598] [INFO] [30130] PREPARE received from 30133 for REQUEST 1741682666245
[2025-03-11 17:44:26,716] [INFO] [30130] COMMIT received from 30133 for REQUEST 1741682666245
[2025-03-11 17:44:26,758] [INFO] [30130] COMMIT received from 30138 for REQUEST 1741682666245
[2025-03-11 17:44:26,758] [INFO] [30130] COMMIT complete. Sending PRE-REPLY: REQUEST 1741682666245 directly to Manager 30018
[2025-03-11 17:44:26,809] [INFO] [30130] COMMIT received from 30110 for REQUEST 1741682666245
[2025-03-11 17:44:26,809] [INFO] [30130] PREPARE received from 30068 for REQUEST 1741682666245
[2025-03-11 17:44:26,929] [INFO] [30130] COMMIT received from 30068 for REQUEST 1741682666245
[2025-03-11 17:44:26,929] [INFO] [30130] COMMIT received from 30073 for REQUEST 1741682666245
[2025-03-11 17:44:26,933] [INFO] [30130] PREPARE received from 30084 for REQUEST 1741682666245
[2025-03-11 17:44:26,946] [INFO] [30130] COMMIT received from 30084 for REQUEST 1741682666245
[2025-03-11 17:44:27,006] [INFO] [30130] PREPARE received from 30052 for REQUEST 1741682666245
[2025-03-11 17:44:27,328] [INFO] [30130] PREPARE received from 30070 for REQUEST 1741682666245
[2025-03-11 17:44:27,360] [INFO] [30130] PREPARE received from 30117 for REQUEST 1741682666245
[2025-03-11 17:44:27,360] [INFO] [30130] PREPARE received from 30011 for REQUEST 1741682666245
[2025-03-11 17:44:27,360] [INFO] [30130] COMMIT received from 30011 for REQUEST 1741682666245
[2025-03-11 17:44:27,364] [INFO] [30130] COMMIT received from 30117 for REQUEST 1741682666245
[2025-03-11 17:44:27,364] [INFO] [30130] COMMIT received from 30070 for REQUEST 1741682666245
[2025-03-11 17:44:27,366] [INFO] [30130] COMMIT received from 30052 for REQUEST 1741682666245
[2025-03-11 17:44:27,461] [INFO] [30130] PREPARE received from 30045 for REQUEST 1741682666245
[2025-03-11 17:44:27,461] [INFO] [30130] COMMIT received from 30045 for REQUEST 1741682666245
[2025-03-11 17:44:27,472] [INFO] [30130] PREPARE received from 30091 for REQUEST 1741682666245
[2025-03-11 17:44:27,493] [INFO] [30130] COMMIT received from 30091 for REQUEST 1741682666245
[2025-03-11 17:44:27,513] [INFO] [30130] PREPARE received from 30088 for REQUEST 1741682666245
[2025-03-11 17:44:27,513] [INFO] [30130] COMMIT received from 30088 for REQUEST 1741682666245
[2025-03-11 17:44:27,531] [INFO] [30130] PREPARE received from 30005 for REQUEST 1741682666245
[2025-03-11 17:44:27,549] [INFO] [30130] PREPARE received from 30105 for REQUEST 1741682666245
[2025-03-11 17:44:27,605] [INFO] [30130] COMMIT received from 30105 for REQUEST 1741682666245
[2025-03-11 17:44:27,663] [INFO] [30130] PREPARE received from 30107 for REQUEST 1741682666245
[2025-03-11 17:44:27,670] [INFO] [30130] COMMIT received from 30107 for REQUEST 1741682666245
[2025-03-11 17:44:27,731] [INFO] [30130] PREPARE received from 30137 for REQUEST 1741682666245
[2025-03-11 17:44:27,813] [INFO] [30130] COMMIT received from 30137 for REQUEST 1741682666245
[2025-03-11 17:44:27,887] [INFO] [30130] PREPARE received from 30040 for REQUEST 1741682666245
[2025-03-11 17:44:27,887] [INFO] [30130] COMMIT received from 30040 for REQUEST 1741682666245
[2025-03-11 17:44:28,102] [INFO] [30130] COMMIT received from 30005 for REQUEST 1741682666245
[2025-03-11 17:44:28,142] [INFO] [30130] PREPARE received from 30125 for REQUEST 1741682666245
[2025-03-11 17:44:28,142] [INFO] [30130] PREPARE received from 30100 for REQUEST 1741682666245
[2025-03-11 17:44:28,142] [INFO] [30130] COMMIT received from 30100 for REQUEST 1741682666245
[2025-03-11 17:44:28,142] [INFO] [30130] COMMIT received from 30021 for REQUEST 1741682666245
[2025-03-11 17:44:28,142] [INFO] [30130] COMMIT received from 30125 for REQUEST 1741682666245
[2025-03-11 17:44:28,156] [INFO] [30130] PREPARE received from 30021 for REQUEST 1741682666245
[2025-03-11 17:44:28,158] [INFO] [30130] PREPARE received from 30074 for REQUEST 1741682666245
[2025-03-11 17:44:28,174] [INFO] [30130] COMMIT received from 30074 for REQUEST 1741682666245
[2025-03-11 17:44:28,284] [INFO] [30130] PREPARE received from 30109 for REQUEST 1741682666245
[2025-03-11 17:44:28,284] [INFO] [30130] PREPARE received from 30033 for REQUEST 1741682666245
[2025-03-11 17:44:28,284] [INFO] [30130] COMMIT received from 30033 for REQUEST 1741682666245
[2025-03-11 17:44:28,284] [INFO] [30130] COMMIT received from 30109 for REQUEST 1741682666245
[2025-03-11 17:44:28,340] [INFO] [30130] COMMIT received from 30029 for REQUEST 1741682666245
[2025-03-11 17:44:28,401] [INFO] [30130] PREPARE received from 30057 for REQUEST 1741682666245
[2025-03-11 17:44:28,416] [INFO] [30130] COMMIT received from 30057 for REQUEST 1741682666245
[2025-03-11 17:44:28,520] [INFO] [30130] PREPARE received from 30094 for REQUEST 1741682666245
[2025-03-11 17:44:28,520] [INFO] [30130] COMMIT received from 30094 for REQUEST 1741682666245
[2025-03-11 17:44:28,648] [INFO] [30130] PREPARE received from 30103 for REQUEST 1741682666245
[2025-03-11 17:44:28,648] [INFO] [30130] COMMIT received from 30103 for REQUEST 1741682666245
[2025-03-11 17:44:28,789] [INFO] [30130] PREPARE received from 30139 for REQUEST 1741682666245
[2025-03-11 17:44:28,789] [INFO] [30130] COMMIT received from 30139 for REQUEST 1741682666245
[2025-03-11 17:44:29,000] [INFO] [30130] PREPARE received from 30121 for REQUEST 1741682666245
[2025-03-11 17:44:29,009] [INFO] [30130] COMMIT received from 30121 for REQUEST 1741682666245
[2025-03-11 17:44:29,104] [INFO] [30130] PREPARE received from 30145 for REQUEST 1741682666245
[2025-03-11 17:44:29,106] [INFO] [30130] COMMIT received from 30145 for REQUEST 1741682666245
[2025-03-11 17:44:29,377] [INFO] [30130] PREPARE received from 30004 for REQUEST 1741682666245
[2025-03-11 17:44:29,377] [INFO] [30130] PREPARE received from 30076 for REQUEST 1741682666245
[2025-03-11 17:44:29,377] [INFO] [30130] COMMIT received from 30076 for REQUEST 1741682666245
[2025-03-11 17:44:29,377] [INFO] [30130] COMMIT received from 30004 for REQUEST 1741682666245
[2025-03-11 17:44:29,403] [INFO] [30130] PREPARE received from 30017 for REQUEST 1741682666245
[2025-03-11 17:44:29,407] [INFO] [30130] COMMIT received from 30017 for REQUEST 1741682666245
[2025-03-11 17:47:56,175] [INFO] Node started: localhost:30130 | index=131 | f=1, k=4
[2025-03-11 17:48:11,701] [INFO] [30130] PRE-PREPARE received: {'request_id': 1741682891617, 'data': 'llapbft_message_1741682891617', 'timestamp': 1741682891.640408, 'leader': 30150, 'cluster_id': 2, 'cluster_ports': [30007, 30008, 30012, 30015, 30019, 30025, 30029, 30030, 30039, 30044, 30046, 30050, 30054, 30056, 30063, 30065, 30068, 30072, 30074, 30077, 30080, 30083, 30085, 30094, 30103, 30105, 30112, 30114, 30120, 30125, 30129, 30130, 30134, 30145, 30147, 30148, 30149, 30150, 30155, 30158, 30166, 30167, 30172, 30174, 30188, 30192, 30199], 'cluster_manager': {'host': 'localhost', 'port': 30029, 'latitude': 36.6266259, 'longitude': 127.4590111, 'altitude': 13, 'offset_m': 'lat: 2 m, lng: 45 m, alt: 13 m'}, 'simulated_delay': 0.0002902222222222222, 'distance': 176.9769098762401, 'message_size_bits': 5224}
[2025-03-11 17:48:11,701] [INFO] [30130] Broadcasting PREPARE: REQUEST 1741682891617
[2025-03-11 17:48:12,229] [INFO] [30130] PREPARE received from 30105 for REQUEST 1741682891617
[2025-03-11 17:48:12,229] [INFO] [30130] Broadcasting COMMIT: REQUEST 1741682891617
[2025-03-11 17:48:12,317] [INFO] [30130] PREPARE received from 30174 for REQUEST 1741682891617
[2025-03-11 17:48:12,324] [INFO] [30130] PREPARE received from 30145 for REQUEST 1741682891617
[2025-03-11 17:48:12,324] [INFO] [30130] PREPARE received from 30083 for REQUEST 1741682891617
[2025-03-11 17:48:12,343] [INFO] [30130] PREPARE received from 30074 for REQUEST 1741682891617
[2025-03-11 17:48:12,345] [INFO] [30130] PREPARE received from 30199 for REQUEST 1741682891617
[2025-03-11 17:48:13,093] [INFO] [30130] COMMIT received from 30199 for REQUEST 1741682891617
[2025-03-11 17:48:13,093] [INFO] [30130] PREPARE received from 30054 for REQUEST 1741682891617
[2025-03-11 17:48:13,429] [INFO] [30130] PREPARE received from 30065 for REQUEST 1741682891617
[2025-03-11 17:48:13,431] [INFO] [30130] PREPARE received from 30025 for REQUEST 1741682891617
[2025-03-11 17:48:13,431] [INFO] [30130] COMMIT received from 30105 for REQUEST 1741682891617
[2025-03-11 17:48:13,431] [INFO] [30130] COMMIT complete. Sending PRE-REPLY: REQUEST 1741682891617 directly to Manager 30029
[2025-03-11 17:48:13,469] [INFO] [30130] PREPARE received from 30114 for REQUEST 1741682891617
[2025-03-11 17:48:13,469] [INFO] [30130] COMMIT received from 30083 for REQUEST 1741682891617
[2025-03-11 17:48:13,469] [INFO] [30130] PREPARE received from 30072 for REQUEST 1741682891617
[2025-03-11 17:48:13,469] [INFO] [30130] PREPARE received from 30046 for REQUEST 1741682891617
[2025-03-11 17:48:13,469] [INFO] [30130] COMMIT received from 30074 for REQUEST 1741682891617
[2025-03-11 17:48:13,528] [INFO] [30130] COMMIT received from 30174 for REQUEST 1741682891617
[2025-03-11 17:48:13,528] [INFO] [30130] COMMIT received from 30072 for REQUEST 1741682891617
[2025-03-11 17:48:13,644] [INFO] [30130] PREPARE received from 30129 for REQUEST 1741682891617
[2025-03-11 17:48:13,775] [INFO] [30130] PREPARE received from 30085 for REQUEST 1741682891617
[2025-03-11 17:48:13,813] [INFO] [30130] PREPARE received from 30007 for REQUEST 1741682891617
[2025-03-11 17:48:13,901] [INFO] [30130] PREPARE received from 30015 for REQUEST 1741682891617
[2025-03-11 17:48:13,921] [INFO] [30130] PREPARE received from 30039 for REQUEST 1741682891617
[2025-03-11 17:48:13,964] [INFO] [30130] PREPARE received from 30012 for REQUEST 1741682891617
[2025-03-11 17:48:14,116] [INFO] [30130] COMMIT received from 30012 for REQUEST 1741682891617
[2025-03-11 17:48:14,116] [INFO] [30130] COMMIT received from 30145 for REQUEST 1741682891617
[2025-03-11 17:48:14,264] [INFO] [30130] COMMIT received from 30114 for REQUEST 1741682891617
[2025-03-11 17:48:14,387] [INFO] [30130] PREPARE received from 30063 for REQUEST 1741682891617
[2025-03-11 17:48:14,387] [INFO] [30130] PREPARE received from 30172 for REQUEST 1741682891617
[2025-03-11 17:48:14,387] [INFO] [30130] COMMIT received from 30172 for REQUEST 1741682891617
[2025-03-11 17:48:14,621] [INFO] [30130] COMMIT received from 30039 for REQUEST 1741682891617
[2025-03-11 17:48:14,621] [INFO] [30130] COMMIT received from 30007 for REQUEST 1741682891617
[2025-03-11 17:48:14,668] [INFO] [30130] PREPARE received from 30155 for REQUEST 1741682891617
[2025-03-11 17:48:14,668] [INFO] [30130] PREPARE received from 30008 for REQUEST 1741682891617
[2025-03-11 17:48:14,691] [INFO] [30130] COMMIT received from 30155 for REQUEST 1741682891617
[2025-03-11 17:48:14,693] [INFO] [30130] COMMIT received from 30054 for REQUEST 1741682891617
[2025-03-11 17:48:14,693] [INFO] [30130] COMMIT received from 30134 for REQUEST 1741682891617
[2025-03-11 17:48:14,735] [INFO] [30130] PREPARE received from 30134 for REQUEST 1741682891617
[2025-03-11 17:48:14,743] [INFO] [30130] PREPARE received from 30166 for REQUEST 1741682891617
[2025-03-11 17:48:14,743] [INFO] [30130] PREPARE received from 30044 for REQUEST 1741682891617
[2025-03-11 17:48:14,743] [INFO] [30130] PREPARE received from 30147 for REQUEST 1741682891617
[2025-03-11 17:48:14,791] [INFO] [30130] COMMIT received from 30147 for REQUEST 1741682891617
[2025-03-11 17:48:14,791] [INFO] [30130] COMMIT received from 30166 for REQUEST 1741682891617
[2025-03-11 17:48:14,791] [INFO] [30130] COMMIT received from 30044 for REQUEST 1741682891617
[2025-03-11 17:48:14,917] [INFO] [30130] PREPARE received from 30112 for REQUEST 1741682891617
[2025-03-11 17:48:14,943] [INFO] [30130] COMMIT received from 30112 for REQUEST 1741682891617
[2025-03-11 17:48:14,943] [INFO] [30130] COMMIT received from 30150 for REQUEST 1741682891617
[2025-03-11 17:48:14,964] [INFO] [30130] COMMIT received from 30019 for REQUEST 1741682891617
[2025-03-11 17:48:15,018] [INFO] [30130] PREPARE received from 30019 for REQUEST 1741682891617
[2025-03-11 17:48:15,054] [INFO] [30130] PREPARE received from 30094 for REQUEST 1741682891617
[2025-03-11 17:48:15,081] [INFO] [30130] PREPARE received from 30167 for REQUEST 1741682891617
[2025-03-11 17:48:15,081] [INFO] [30130] COMMIT received from 30167 for REQUEST 1741682891617
[2025-03-11 17:48:15,294] [INFO] [30130] COMMIT received from 30065 for REQUEST 1741682891617
[2025-03-11 17:48:15,294] [INFO] [30130] PREPARE received from 30120 for REQUEST 1741682891617
[2025-03-11 17:48:15,354] [INFO] [30130] COMMIT received from 30129 for REQUEST 1741682891617
[2025-03-11 17:48:15,359] [INFO] [30130] COMMIT received from 30025 for REQUEST 1741682891617
[2025-03-11 17:48:15,404] [INFO] [30130] COMMIT received from 30094 for REQUEST 1741682891617
[2025-03-11 17:48:15,551] [INFO] [30130] COMMIT received from 30008 for REQUEST 1741682891617
[2025-03-11 17:48:15,558] [INFO] [30130] COMMIT received from 30120 for REQUEST 1741682891617
[2025-03-11 17:48:15,618] [INFO] [30130] COMMIT received from 30085 for REQUEST 1741682891617
[2025-03-11 17:48:15,685] [INFO] [30130] PREPARE received from 30158 for REQUEST 1741682891617
[2025-03-11 17:48:15,732] [INFO] [30130] PREPARE received from 30149 for REQUEST 1741682891617
[2025-03-11 17:48:15,753] [INFO] [30130] COMMIT received from 30015 for REQUEST 1741682891617
[2025-03-11 17:48:15,771] [INFO] [30130] COMMIT received from 30046 for REQUEST 1741682891617
[2025-03-11 17:48:15,778] [INFO] [30130] COMMIT received from 30158 for REQUEST 1741682891617
[2025-03-11 17:48:15,790] [INFO] [30130] COMMIT received from 30149 for REQUEST 1741682891617
[2025-03-11 17:48:15,893] [INFO] [30130] COMMIT received from 30063 for REQUEST 1741682891617
[2025-03-11 17:48:16,068] [INFO] [30130] PREPARE received from 30103 for REQUEST 1741682891617
[2025-03-11 17:48:16,253] [INFO] [30130] COMMIT received from 30103 for REQUEST 1741682891617
[2025-03-11 17:48:16,655] [INFO] [30130] PREPARE received from 30188 for REQUEST 1741682891617
[2025-03-11 17:48:16,655] [INFO] [30130] COMMIT received from 30188 for REQUEST 1741682891617
[2025-03-11 17:48:16,709] [INFO] [30130] PREPARE received from 30068 for REQUEST 1741682891617
[2025-03-11 17:48:16,713] [INFO] [30130] COMMIT received from 30068 for REQUEST 1741682891617
[2025-03-11 17:48:16,821] [INFO] [30130] PREPARE received from 30056 for REQUEST 1741682891617
[2025-03-11 17:48:16,821] [INFO] [30130] COMMIT received from 30056 for REQUEST 1741682891617
