[2025-03-11 17:35:24,417] [INFO] Node started: localhost:30022 | index=23 | f=1, k=4
[2025-03-11 17:35:39,040] [INFO] [CLUSTER LEADER 30022] Forwarded PRE-REQUEST received: {'request_id': 1741682139008, 'timestamp': 1741682139.0086334, 'data': 'llapbft_message_1741682139008', 'cluster_id': 2, 'cluster_ports': [30000, 30001, 30014, 30021, 30022, 30024, 30033, 30035, 30038], 'leader': 30022, 'client_port': 20001, 'origin': 'manager', 'simulated_delay': 0.00023155555555555557, 'distance': 168.21504585472607, 'message_size_bits': 4168, 'cluster_manager': {'host': 'localhost', 'port': 30033, 'latitude': 36.627611, 'longitude': 127.4598446, 'altitude': 54, 'offset_m': 'lat: 112 m, lng: 119 m, alt: 54 m'}}
[2025-03-11 17:35:39,040] [INFO] [CLUSTER LEADER 30022] Broadcasting PRE-PREPARE: REQUEST 1741682139008
[2025-03-11 17:35:39,074] [INFO] [30022] PREPARE received from 30000 for REQUEST 1741682139008
[2025-03-11 17:35:39,076] [INFO] [30022] PREPARE received from 30038 for REQUEST 1741682139008
[2025-03-11 17:35:39,076] [INFO] [30022] Broadcasting COMMIT: REQUEST 1741682139008
[2025-03-11 17:35:39,093] [INFO] [30022] PREPARE received from 30021 for REQUEST 1741682139008
[2025-03-11 17:35:39,102] [INFO] [30022] COMMIT received from 30000 for REQUEST 1741682139008
[2025-03-11 17:35:39,103] [INFO] [30022] PREPARE received from 30024 for REQUEST 1741682139008
[2025-03-11 17:35:39,103] [INFO] [30022] PREPARE received from 30035 for REQUEST 1741682139008
[2025-03-11 17:35:39,107] [INFO] [30022] COMMIT received from 30021 for REQUEST 1741682139008
[2025-03-11 17:35:39,107] [INFO] [30022] COMMIT complete. Sending PRE-REPLY: REQUEST 1741682139008 directly to Manager 30033
[2025-03-11 17:35:39,107] [INFO] [30022] COMMIT received from 30001 for REQUEST 1741682139008
[2025-03-11 17:35:39,107] [INFO] [30022] PREPARE received from 30001 for REQUEST 1741682139008
[2025-03-11 17:35:39,107] [INFO] [30022] COMMIT received from 30038 for REQUEST 1741682139008
[2025-03-11 17:35:39,107] [INFO] [30022] COMMIT received from 30024 for REQUEST 1741682139008
[2025-03-11 17:35:39,119] [INFO] [30022] COMMIT received from 30035 for REQUEST 1741682139008
[2025-03-11 17:35:39,121] [INFO] [30022] PREPARE received from 30014 for REQUEST 1741682139008
[2025-03-11 17:35:39,121] [INFO] [30022] COMMIT received from 30014 for REQUEST 1741682139008
[2025-03-11 17:36:01,178] [INFO] Node started: localhost:30022 | index=23 | f=1, k=4
[2025-03-11 17:36:05,268] [INFO] [30022] PRE-PREPARE received: {'request_id': 1741682165210, 'data': 'llapbft_message_1741682165210', 'timestamp': 1741682165.2427554, 'leader': 30016, 'cluster_id': 3, 'cluster_ports': [30004, 30009, 30011, 30012, 30013, 30014, 30016, 30019, 30020, 30022, 30023, 30029, 30032, 30035, 30037], 'cluster_manager': {'host': 'localhost', 'port': 30012, 'latitude': 36.6273309, 'longitude': 127.4598022, 'altitude': 25, 'offset_m': 'lat: 81 m, lng: 116 m, alt: 25 m'}, 'simulated_delay': 9.6e-05, 'distance': 80.45679753244157, 'message_size_bits': 3456}
[2025-03-11 17:36:05,268] [INFO] [30022] Broadcasting PREPARE: REQUEST 1741682165210
[2025-03-11 17:36:05,279] [INFO] [30022] PREPARE received from 30023 for REQUEST 1741682165210
[2025-03-11 17:36:05,287] [INFO] [30022] Broadcasting COMMIT: REQUEST 1741682165210
[2025-03-11 17:36:05,306] [INFO] [30022] PREPARE received from 30020 for REQUEST 1741682165210
[2025-03-11 17:36:05,306] [INFO] [30022] COMMIT received from 30020 for REQUEST 1741682165210
[2025-03-11 17:36:05,321] [INFO] [30022] COMMIT received from 30016 for REQUEST 1741682165210
[2025-03-11 17:36:05,321] [INFO] [30022] COMMIT complete. Sending PRE-REPLY: REQUEST 1741682165210 directly to Manager 30012
[2025-03-11 17:36:05,321] [INFO] [30022] PREPARE received from 30032 for REQUEST 1741682165210
[2025-03-11 17:36:05,321] [INFO] [30022] PREPARE received from 30029 for REQUEST 1741682165210
[2025-03-11 17:36:05,321] [INFO] [30022] PREPARE received from 30011 for REQUEST 1741682165210
[2025-03-11 17:36:05,321] [INFO] [30022] PREPARE received from 30037 for REQUEST 1741682165210
[2025-03-11 17:36:05,321] [INFO] [30022] COMMIT received from 30011 for REQUEST 1741682165210
[2025-03-11 17:36:05,321] [INFO] [30022] COMMIT received from 30032 for REQUEST 1741682165210
[2025-03-11 17:36:05,321] [INFO] [30022] COMMIT received from 30029 for REQUEST 1741682165210
[2025-03-11 17:36:05,321] [INFO] [30022] COMMIT received from 30037 for REQUEST 1741682165210
[2025-03-11 17:36:05,321] [INFO] [30022] PREPARE received from 30014 for REQUEST 1741682165210
[2025-03-11 17:36:05,321] [INFO] [30022] PREPARE received from 30009 for REQUEST 1741682165210
[2025-03-11 17:36:05,321] [INFO] [30022] COMMIT received from 30014 for REQUEST 1741682165210
[2025-03-11 17:36:05,321] [INFO] [30022] PREPARE received from 30035 for REQUEST 1741682165210
[2025-03-11 17:36:05,321] [INFO] [30022] PREPARE received from 30019 for REQUEST 1741682165210
[2025-03-11 17:36:05,321] [INFO] [30022] COMMIT received from 30009 for REQUEST 1741682165210
[2025-03-11 17:36:05,321] [INFO] [30022] PREPARE received from 30013 for REQUEST 1741682165210
[2025-03-11 17:36:05,321] [INFO] [30022] COMMIT received from 30019 for REQUEST 1741682165210
[2025-03-11 17:36:05,321] [INFO] [30022] PREPARE received from 30004 for REQUEST 1741682165210
[2025-03-11 17:36:05,321] [INFO] [30022] COMMIT received from 30004 for REQUEST 1741682165210
[2025-03-11 17:36:05,321] [INFO] [30022] COMMIT received from 30035 for REQUEST 1741682165210
[2025-03-11 17:36:05,321] [INFO] [30022] COMMIT received from 30013 for REQUEST 1741682165210
[2025-03-11 17:36:05,337] [INFO] [30022] COMMIT received from 30023 for REQUEST 1741682165210
[2025-03-11 17:38:20,615] [INFO] Node started: localhost:30022 | index=23 | f=1, k=4
[2025-03-11 17:38:33,669] [INFO] [30022] PRE-PREPARE received: {'request_id': 1741682313511, 'data': 'llapbft_message_1741682313511', 'timestamp': 1741682313.5429404, 'leader': 30018, 'cluster_id': 2, 'cluster_ports': [30017, 30018, 30022, 30023, 30030, 30033, 30039, 30040, 30042, 30044, 30045, 30046, 30047, 30049, 30054, 30059, 30061, 30062, 30063, 30065, 30066, 30070, 30073, 30076, 30078], 'cluster_manager': {'host': 'localhost', 'port': 30076, 'latitude': 36.6266151, 'longitude': 127.4594514, 'altitude': 117, 'offset_m': 'lat: 1 m, lng: 84 m, alt: 117 m'}, 'simulated_delay': 0.0002231111111111111, 'distance': 178.4997395809281, 'message_size_bits': 4016}
[2025-03-11 17:38:33,669] [INFO] [30022] Broadcasting PREPARE: REQUEST 1741682313511
[2025-03-11 17:38:33,702] [INFO] [30022] PREPARE received from 30044 for REQUEST 1741682313511
[2025-03-11 17:38:33,702] [INFO] [30022] Broadcasting COMMIT: REQUEST 1741682313511
[2025-03-11 17:38:33,770] [INFO] [30022] PREPARE received from 30049 for REQUEST 1741682313511
[2025-03-11 17:38:33,770] [INFO] [30022] PREPARE received from 30062 for REQUEST 1741682313511
[2025-03-11 17:38:33,795] [INFO] [30022] PREPARE received from 30030 for REQUEST 1741682313511
[2025-03-11 17:38:33,798] [INFO] [30022] COMMIT received from 30030 for REQUEST 1741682313511
[2025-03-11 17:38:33,826] [INFO] [30022] COMMIT received from 30062 for REQUEST 1741682313511
[2025-03-11 17:38:33,826] [INFO] [30022] COMMIT complete. Sending PRE-REPLY: REQUEST 1741682313511 directly to Manager 30076
[2025-03-11 17:38:33,862] [INFO] [30022] PREPARE received from 30065 for REQUEST 1741682313511
[2025-03-11 17:38:33,867] [INFO] [30022] COMMIT received from 30065 for REQUEST 1741682313511
[2025-03-11 17:38:33,869] [INFO] [30022] COMMIT received from 30047 for REQUEST 1741682313511
[2025-03-11 17:38:33,874] [INFO] [30022] PREPARE received from 30047 for REQUEST 1741682313511
[2025-03-11 17:38:33,892] [INFO] [30022] COMMIT received from 30049 for REQUEST 1741682313511
[2025-03-11 17:38:33,924] [INFO] [30022] COMMIT received from 30044 for REQUEST 1741682313511
[2025-03-11 17:38:33,949] [INFO] [30022] PREPARE received from 30063 for REQUEST 1741682313511
[2025-03-11 17:38:33,949] [INFO] [30022] PREPARE received from 30066 for REQUEST 1741682313511
[2025-03-11 17:38:33,965] [INFO] [30022] COMMIT received from 30066 for REQUEST 1741682313511
[2025-03-11 17:38:33,965] [INFO] [30022] COMMIT received from 30063 for REQUEST 1741682313511
[2025-03-11 17:38:33,971] [INFO] [30022] COMMIT received from 30078 for REQUEST 1741682313511
[2025-03-11 17:38:33,971] [INFO] [30022] PREPARE received from 30078 for REQUEST 1741682313511
[2025-03-11 17:38:33,971] [INFO] [30022] COMMIT received from 30061 for REQUEST 1741682313511
[2025-03-11 17:38:33,971] [INFO] [30022] PREPARE received from 30061 for REQUEST 1741682313511
[2025-03-11 17:38:33,971] [INFO] [30022] COMMIT received from 30018 for REQUEST 1741682313511
[2025-03-11 17:38:33,971] [INFO] [30022] PREPARE received from 30040 for REQUEST 1741682313511
[2025-03-11 17:38:33,992] [INFO] [30022] PREPARE received from 30042 for REQUEST 1741682313511
[2025-03-11 17:38:33,994] [INFO] [30022] PREPARE received from 30059 for REQUEST 1741682313511
[2025-03-11 17:38:33,999] [INFO] [30022] PREPARE received from 30070 for REQUEST 1741682313511
[2025-03-11 17:38:34,000] [INFO] [30022] PREPARE received from 30046 for REQUEST 1741682313511
[2025-03-11 17:38:34,000] [INFO] [30022] COMMIT received from 30059 for REQUEST 1741682313511
[2025-03-11 17:38:34,000] [INFO] [30022] COMMIT received from 30040 for REQUEST 1741682313511
[2025-03-11 17:38:34,003] [INFO] [30022] COMMIT received from 30042 for REQUEST 1741682313511
[2025-03-11 17:38:34,003] [INFO] [30022] PREPARE received from 30039 for REQUEST 1741682313511
[2025-03-11 17:38:34,003] [INFO] [30022] COMMIT received from 30070 for REQUEST 1741682313511
[2025-03-11 17:38:34,003] [INFO] [30022] COMMIT received from 30046 for REQUEST 1741682313511
[2025-03-11 17:38:34,003] [INFO] [30022] PREPARE received from 30017 for REQUEST 1741682313511
[2025-03-11 17:38:34,007] [INFO] [30022] COMMIT received from 30017 for REQUEST 1741682313511
[2025-03-11 17:38:34,007] [INFO] [30022] PREPARE received from 30033 for REQUEST 1741682313511
[2025-03-11 17:38:34,007] [INFO] [30022] PREPARE received from 30073 for REQUEST 1741682313511
[2025-03-11 17:38:34,007] [INFO] [30022] PREPARE received from 30023 for REQUEST 1741682313511
[2025-03-11 17:38:34,009] [INFO] [30022] COMMIT received from 30039 for REQUEST 1741682313511
[2025-03-11 17:38:34,009] [INFO] [30022] PREPARE received from 30045 for REQUEST 1741682313511
[2025-03-11 17:38:34,009] [INFO] [30022] COMMIT received from 30033 for REQUEST 1741682313511
[2025-03-11 17:38:34,011] [INFO] [30022] COMMIT received from 30023 for REQUEST 1741682313511
[2025-03-11 17:38:34,011] [INFO] [30022] COMMIT received from 30045 for REQUEST 1741682313511
[2025-03-11 17:38:34,011] [INFO] [30022] COMMIT received from 30073 for REQUEST 1741682313511
[2025-03-11 17:40:49,301] [INFO] Node started: localhost:30022 | index=23 | f=1, k=4
[2025-03-11 17:41:09,412] [INFO] [CLUSTER LEADER 30022] Forwarded PRE-REQUEST received: {'request_id': 1741682469395, 'timestamp': 1741682469.3966591, 'data': 'llapbft_message_1741682469395', 'cluster_id': 2, 'cluster_ports': [30010, 30013, 30020, 30022, 30026, 30030, 30031, 30032, 30034, 30042, 30056, 30058, 30059, 30062, 30080, 30082, 30083, 30084, 30088, 30090, 30091, 30092, 30093, 30096, 30097, 30098, 30100, 30103, 30105, 30106, 30108, 30109], 'leader': 30022, 'client_port': 20001, 'origin': 'manager', 'simulated_delay': 0, 'distance': 200.73423951097587, 'message_size_bits': 5544, 'cluster_manager': {'host': 'localhost', 'port': 30059, 'latitude': 36.6267944, 'longitude': 127.4592355, 'altitude': 23, 'offset_m': 'lat: 21 m, lng: 65 m, alt: 23 m'}}
[2025-03-11 17:41:09,412] [INFO] [CLUSTER LEADER 30022] Broadcasting PRE-PREPARE: REQUEST 1741682469395
[2025-03-11 17:41:09,838] [INFO] [30022] PREPARE received from 30031 for REQUEST 1741682469395
[2025-03-11 17:41:09,838] [INFO] [30022] PREPARE received from 30097 for REQUEST 1741682469395
[2025-03-11 17:41:09,838] [INFO] [30022] Broadcasting COMMIT: REQUEST 1741682469395
[2025-03-11 17:41:09,838] [INFO] [30022] PREPARE received from 30034 for REQUEST 1741682469395
[2025-03-11 17:41:09,838] [INFO] [30022] PREPARE received from 30083 for REQUEST 1741682469395
[2025-03-11 17:41:09,838] [INFO] [30022] PREPARE received from 30026 for REQUEST 1741682469395
[2025-03-11 17:41:09,838] [INFO] [30022] PREPARE received from 30010 for REQUEST 1741682469395
[2025-03-11 17:41:09,838] [INFO] [30022] PREPARE received from 30100 for REQUEST 1741682469395
[2025-03-11 17:41:09,838] [INFO] [30022] PREPARE received from 30062 for REQUEST 1741682469395
[2025-03-11 17:41:09,838] [INFO] [30022] PREPARE received from 30105 for REQUEST 1741682469395
[2025-03-11 17:41:09,838] [INFO] [30022] PREPARE received from 30106 for REQUEST 1741682469395
[2025-03-11 17:41:09,838] [INFO] [30022] PREPARE received from 30096 for REQUEST 1741682469395
[2025-03-11 17:41:09,838] [INFO] [30022] PREPARE received from 30092 for REQUEST 1741682469395
[2025-03-11 17:41:09,838] [INFO] [30022] PREPARE received from 30098 for REQUEST 1741682469395
[2025-03-11 17:41:09,838] [INFO] [30022] PREPARE received from 30056 for REQUEST 1741682469395
[2025-03-11 17:41:09,838] [INFO] [30022] PREPARE received from 30109 for REQUEST 1741682469395
[2025-03-11 17:41:10,376] [INFO] [30022] COMMIT received from 30031 for REQUEST 1741682469395
[2025-03-11 17:41:10,376] [INFO] [30022] PREPARE received from 30108 for REQUEST 1741682469395
[2025-03-11 17:41:10,376] [INFO] [30022] PREPARE received from 30090 for REQUEST 1741682469395
[2025-03-11 17:41:10,376] [INFO] [30022] PREPARE received from 30103 for REQUEST 1741682469395
[2025-03-11 17:41:10,392] [INFO] [30022] COMMIT received from 30092 for REQUEST 1741682469395
[2025-03-11 17:41:10,392] [INFO] [30022] COMMIT complete. Sending PRE-REPLY: REQUEST 1741682469395 directly to Manager 30059
[2025-03-11 17:41:10,392] [INFO] [30022] PREPARE received from 30020 for REQUEST 1741682469395
[2025-03-11 17:41:10,392] [INFO] [30022] COMMIT received from 30109 for REQUEST 1741682469395
[2025-03-11 17:41:10,392] [INFO] [30022] PREPARE received from 30088 for REQUEST 1741682469395
[2025-03-11 17:41:10,420] [INFO] [30022] COMMIT received from 30056 for REQUEST 1741682469395
[2025-03-11 17:41:10,488] [INFO] [30022] COMMIT received from 30100 for REQUEST 1741682469395
[2025-03-11 17:41:10,488] [INFO] [30022] COMMIT received from 30083 for REQUEST 1741682469395
[2025-03-11 17:41:10,488] [INFO] [30022] COMMIT received from 30042 for REQUEST 1741682469395
[2025-03-11 17:41:10,488] [INFO] [30022] COMMIT received from 30062 for REQUEST 1741682469395
[2025-03-11 17:41:10,488] [INFO] [30022] COMMIT received from 30098 for REQUEST 1741682469395
[2025-03-11 17:41:10,488] [INFO] [30022] COMMIT received from 30096 for REQUEST 1741682469395
[2025-03-11 17:41:10,488] [INFO] [30022] COMMIT received from 30084 for REQUEST 1741682469395
[2025-03-11 17:41:10,494] [INFO] [30022] COMMIT received from 30105 for REQUEST 1741682469395
[2025-03-11 17:41:10,494] [INFO] [30022] COMMIT received from 30106 for REQUEST 1741682469395
[2025-03-11 17:41:10,494] [INFO] [30022] COMMIT received from 30010 for REQUEST 1741682469395
[2025-03-11 17:41:10,503] [INFO] [30022] COMMIT received from 30097 for REQUEST 1741682469395
[2025-03-11 17:41:10,510] [INFO] [30022] COMMIT received from 30030 for REQUEST 1741682469395
[2025-03-11 17:41:10,510] [INFO] [30022] COMMIT received from 30034 for REQUEST 1741682469395
[2025-03-11 17:41:10,510] [INFO] [30022] PREPARE received from 30030 for REQUEST 1741682469395
[2025-03-11 17:41:10,510] [INFO] [30022] PREPARE received from 30042 for REQUEST 1741682469395
[2025-03-11 17:41:10,510] [INFO] [30022] PREPARE received from 30084 for REQUEST 1741682469395
[2025-03-11 17:41:10,512] [INFO] [30022] COMMIT received from 30026 for REQUEST 1741682469395
[2025-03-11 17:41:10,517] [INFO] [30022] COMMIT received from 30088 for REQUEST 1741682469395
[2025-03-11 17:41:10,517] [INFO] [30022] COMMIT received from 30108 for REQUEST 1741682469395
[2025-03-11 17:41:10,517] [INFO] [30022] COMMIT received from 30090 for REQUEST 1741682469395
[2025-03-11 17:41:10,517] [INFO] [30022] COMMIT received from 30103 for REQUEST 1741682469395
[2025-03-11 17:41:10,517] [INFO] [30022] PREPARE received from 30058 for REQUEST 1741682469395
[2025-03-11 17:41:10,517] [INFO] [30022] PREPARE received from 30082 for REQUEST 1741682469395
[2025-03-11 17:41:10,517] [INFO] [30022] PREPARE received from 30032 for REQUEST 1741682469395
[2025-03-11 17:41:10,517] [INFO] [30022] PREPARE received from 30093 for REQUEST 1741682469395
[2025-03-11 17:41:10,522] [INFO] [30022] PREPARE received from 30013 for REQUEST 1741682469395
[2025-03-11 17:41:10,522] [INFO] [30022] PREPARE received from 30080 for REQUEST 1741682469395
[2025-03-11 17:41:10,522] [INFO] [30022] COMMIT received from 30020 for REQUEST 1741682469395
[2025-03-11 17:41:10,524] [INFO] [30022] COMMIT received from 30091 for REQUEST 1741682469395
[2025-03-11 17:41:10,524] [INFO] [30022] COMMIT received from 30082 for REQUEST 1741682469395
[2025-03-11 17:41:10,524] [INFO] [30022] COMMIT received from 30093 for REQUEST 1741682469395
[2025-03-11 17:41:10,524] [INFO] [30022] COMMIT received from 30013 for REQUEST 1741682469395
[2025-03-11 17:41:10,524] [INFO] [30022] COMMIT received from 30080 for REQUEST 1741682469395
[2025-03-11 17:41:10,524] [INFO] [30022] COMMIT received from 30058 for REQUEST 1741682469395
[2025-03-11 17:41:10,524] [INFO] [30022] COMMIT received from 30032 for REQUEST 1741682469395
[2025-03-11 17:41:10,524] [INFO] [30022] PREPARE received from 30091 for REQUEST 1741682469395
[2025-03-11 17:43:57,741] [INFO] Node started: localhost:30022 | index=23 | f=1, k=4
[2025-03-11 17:44:26,360] [INFO] [30022] PRE-PREPARE received: {'request_id': 1741682666245, 'data': 'llapbft_message_1741682666245', 'timestamp': 1741682666.2776651, 'leader': 30099, 'cluster_id': 1, 'cluster_ports': [30001, 30002, 30009, 30014, 30015, 30022, 30036, 30043, 30046, 30049, 30051, 30053, 30056, 30059, 30060, 30061, 30063, 30064, 30081, 30085, 30086, 30087, 30089, 30092, 30095, 30096, 30099, 30104, 30111, 30115, 30119, 30123, 30126, 30127, 30129, 30132, 30147, 30153, 30158], 'cluster_manager': {'host': 'localhost', 'port': 30132, 'latitude': 36.6266901, 'longitude': 127.459304, 'altitude': 80, 'offset_m': 'lat: 10 m, lng: 71 m, alt: 80 m'}, 'simulated_delay': 0.0003986666666666667, 'distance': 221.042165746134, 'message_size_bits': 4784}
[2025-03-11 17:44:26,360] [INFO] [30022] Broadcasting PREPARE: REQUEST 1741682666245
[2025-03-11 17:44:26,488] [INFO] [30022] PREPARE received from 30053 for REQUEST 1741682666245
[2025-03-11 17:44:26,490] [INFO] [30022] Broadcasting COMMIT: REQUEST 1741682666245
[2025-03-11 17:44:26,716] [INFO] [30022] PREPARE received from 30089 for REQUEST 1741682666245
[2025-03-11 17:44:26,831] [INFO] [30022] COMMIT received from 30053 for REQUEST 1741682666245
[2025-03-11 17:44:26,831] [INFO] [30022] PREPARE received from 30060 for REQUEST 1741682666245
[2025-03-11 17:44:27,035] [INFO] [30022] PREPARE received from 30063 for REQUEST 1741682666245
[2025-03-11 17:44:27,137] [INFO] [30022] COMMIT received from 30089 for REQUEST 1741682666245
[2025-03-11 17:44:27,138] [INFO] [30022] COMMIT complete. Sending PRE-REPLY: REQUEST 1741682666245 directly to Manager 30132
[2025-03-11 17:44:27,161] [INFO] [30022] COMMIT received from 30063 for REQUEST 1741682666245
[2025-03-11 17:44:27,161] [INFO] [30022] PREPARE received from 30014 for REQUEST 1741682666245
[2025-03-11 17:44:27,249] [INFO] [30022] COMMIT received from 30060 for REQUEST 1741682666245
[2025-03-11 17:44:27,503] [INFO] [30022] PREPARE received from 30046 for REQUEST 1741682666245
[2025-03-11 17:44:27,573] [INFO] [30022] COMMIT received from 30046 for REQUEST 1741682666245
[2025-03-11 17:44:27,634] [INFO] [30022] PREPARE received from 30087 for REQUEST 1741682666245
[2025-03-11 17:44:27,649] [INFO] [30022] COMMIT received from 30087 for REQUEST 1741682666245
[2025-03-11 17:44:27,678] [INFO] [30022] COMMIT received from 30014 for REQUEST 1741682666245
[2025-03-11 17:44:27,715] [INFO] [30022] PREPARE received from 30158 for REQUEST 1741682666245
[2025-03-11 17:44:27,715] [INFO] [30022] COMMIT received from 30158 for REQUEST 1741682666245
[2025-03-11 17:44:27,890] [INFO] [30022] PREPARE received from 30059 for REQUEST 1741682666245
[2025-03-11 17:44:27,903] [INFO] [30022] PREPARE received from 30015 for REQUEST 1741682666245
[2025-03-11 17:44:27,903] [INFO] [30022] COMMIT received from 30059 for REQUEST 1741682666245
[2025-03-11 17:44:27,903] [INFO] [30022] COMMIT received from 30015 for REQUEST 1741682666245
[2025-03-11 17:44:27,993] [INFO] [30022] PREPARE received from 30095 for REQUEST 1741682666245
[2025-03-11 17:44:28,063] [INFO] [30022] COMMIT received from 30095 for REQUEST 1741682666245
[2025-03-11 17:44:28,089] [INFO] [30022] COMMIT received from 30099 for REQUEST 1741682666245
[2025-03-11 17:44:28,089] [INFO] [30022] PREPARE received from 30051 for REQUEST 1741682666245
[2025-03-11 17:44:28,089] [INFO] [30022] COMMIT received from 30051 for REQUEST 1741682666245
[2025-03-11 17:44:28,323] [INFO] [30022] COMMIT received from 30153 for REQUEST 1741682666245
[2025-03-11 17:44:28,323] [INFO] [30022] PREPARE received from 30153 for REQUEST 1741682666245
[2025-03-11 17:44:28,442] [INFO] [30022] PREPARE received from 30009 for REQUEST 1741682666245
[2025-03-11 17:44:28,449] [INFO] [30022] COMMIT received from 30009 for REQUEST 1741682666245
[2025-03-11 17:44:28,540] [INFO] [30022] PREPARE received from 30043 for REQUEST 1741682666245
[2025-03-11 17:44:28,540] [INFO] [30022] COMMIT received from 30043 for REQUEST 1741682666245
[2025-03-11 17:44:28,575] [INFO] [30022] PREPARE received from 30111 for REQUEST 1741682666245
[2025-03-11 17:44:28,575] [INFO] [30022] COMMIT received from 30111 for REQUEST 1741682666245
[2025-03-11 17:44:28,694] [INFO] [30022] PREPARE received from 30036 for REQUEST 1741682666245
[2025-03-11 17:44:28,694] [INFO] [30022] COMMIT received from 30036 for REQUEST 1741682666245
[2025-03-11 17:44:28,948] [INFO] [30022] PREPARE received from 30147 for REQUEST 1741682666245
[2025-03-11 17:44:28,954] [INFO] [30022] COMMIT received from 30147 for REQUEST 1741682666245
[2025-03-11 17:44:29,117] [INFO] [30022] PREPARE received from 30115 for REQUEST 1741682666245
[2025-03-11 17:44:29,117] [INFO] [30022] PREPARE received from 30127 for REQUEST 1741682666245
[2025-03-11 17:44:29,117] [INFO] [30022] COMMIT received from 30115 for REQUEST 1741682666245
[2025-03-11 17:44:29,117] [INFO] [30022] COMMIT received from 30127 for REQUEST 1741682666245
[2025-03-11 17:44:29,156] [INFO] [30022] PREPARE received from 30049 for REQUEST 1741682666245
[2025-03-11 17:44:29,156] [INFO] [30022] COMMIT received from 30049 for REQUEST 1741682666245
[2025-03-11 17:44:29,216] [INFO] [30022] PREPARE received from 30123 for REQUEST 1741682666245
[2025-03-11 17:44:29,228] [INFO] [30022] COMMIT received from 30123 for REQUEST 1741682666245
[2025-03-11 17:44:29,449] [INFO] [30022] PREPARE received from 30129 for REQUEST 1741682666245
[2025-03-11 17:44:29,449] [INFO] [30022] COMMIT received from 30129 for REQUEST 1741682666245
[2025-03-11 17:47:34,469] [INFO] Node started: localhost:30022 | index=23 | f=1, k=4
[2025-03-11 17:48:11,907] [INFO] [30022] PRE-PREPARE received: {'request_id': 1741682891617, 'data': 'llapbft_message_1741682891617', 'timestamp': 1741682891.640408, 'leader': 30066, 'cluster_id': 3, 'cluster_ports': [30002, 30022, 30024, 30028, 30031, 30037, 30041, 30048, 30051, 30052, 30057, 30059, 30066, 30070, 30073, 30075, 30076, 30079, 30084, 30088, 30089, 30093, 30096, 30098, 30100, 30101, 30102, 30109, 30110, 30113, 30115, 30116, 30118, 30133, 30137, 30138, 30140, 30141, 30144, 30146, 30151, 30152, 30153, 30154, 30156, 30180, 30183, 30191, 30193, 30198], 'cluster_manager': {'host': 'localhost', 'port': 30133, 'latitude': 36.6274955, 'longitude': 127.4587659, 'altitude': 30, 'offset_m': 'lat: 99 m, lng: 23 m, alt: 30 m'}, 'simulated_delay': 0.0003, 'distance': 184.0781169319141, 'message_size_bits': 5400}
[2025-03-11 17:48:11,907] [INFO] [30022] Broadcasting PREPARE: REQUEST 1741682891617
[2025-03-11 17:48:12,022] [INFO] [30022] PREPARE received from 30146 for REQUEST 1741682891617
[2025-03-11 17:48:12,022] [INFO] [30022] Broadcasting COMMIT: REQUEST 1741682891617
[2025-03-11 17:48:12,111] [INFO] [30022] PREPARE received from 30153 for REQUEST 1741682891617
[2025-03-11 17:48:12,273] [INFO] [30022] PREPARE received from 30140 for REQUEST 1741682891617
[2025-03-11 17:48:12,287] [INFO] [30022] COMMIT received from 30153 for REQUEST 1741682891617
[2025-03-11 17:48:12,302] [INFO] [30022] PREPARE received from 30144 for REQUEST 1741682891617
[2025-03-11 17:48:12,302] [INFO] [30022] PREPARE received from 30028 for REQUEST 1741682891617
[2025-03-11 17:48:12,304] [INFO] [30022] PREPARE received from 30031 for REQUEST 1741682891617
[2025-03-11 17:48:12,304] [INFO] [30022] PREPARE received from 30193 for REQUEST 1741682891617
[2025-03-11 17:48:12,413] [INFO] [30022] COMMIT received from 30028 for REQUEST 1741682891617
[2025-03-11 17:48:12,413] [INFO] [30022] COMMIT complete. Sending PRE-REPLY: REQUEST 1741682891617 directly to Manager 30133
[2025-03-11 17:48:12,415] [INFO] [30022] COMMIT received from 30193 for REQUEST 1741682891617
[2025-03-11 17:48:12,415] [INFO] [30022] COMMIT received from 30140 for REQUEST 1741682891617
[2025-03-11 17:48:12,415] [INFO] [30022] COMMIT received from 30031 for REQUEST 1741682891617
[2025-03-11 17:48:12,673] [INFO] [30022] PREPARE received from 30152 for REQUEST 1741682891617
[2025-03-11 17:48:12,673] [INFO] [30022] PREPARE received from 30048 for REQUEST 1741682891617
[2025-03-11 17:48:12,673] [INFO] [30022] PREPARE received from 30180 for REQUEST 1741682891617
[2025-03-11 17:48:12,731] [INFO] [30022] COMMIT received from 30146 for REQUEST 1741682891617
[2025-03-11 17:48:12,731] [INFO] [30022] COMMIT received from 30048 for REQUEST 1741682891617
[2025-03-11 17:48:12,731] [INFO] [30022] COMMIT received from 30089 for REQUEST 1741682891617
[2025-03-11 17:48:12,731] [INFO] [30022] COMMIT received from 30144 for REQUEST 1741682891617
[2025-03-11 17:48:12,734] [INFO] [30022] COMMIT received from 30152 for REQUEST 1741682891617
[2025-03-11 17:48:12,734] [INFO] [30022] COMMIT received from 30180 for REQUEST 1741682891617
[2025-03-11 17:48:12,734] [INFO] [30022] PREPARE received from 30089 for REQUEST 1741682891617
[2025-03-11 17:48:12,734] [INFO] [30022] PREPARE received from 30051 for REQUEST 1741682891617
[2025-03-11 17:48:12,765] [INFO] [30022] COMMIT received from 30051 for REQUEST 1741682891617
[2025-03-11 17:48:13,010] [INFO] [30022] PREPARE received from 30191 for REQUEST 1741682891617
[2025-03-11 17:48:13,010] [INFO] [30022] PREPARE received from 30076 for REQUEST 1741682891617
[2025-03-11 17:48:13,010] [INFO] [30022] COMMIT received from 30191 for REQUEST 1741682891617
[2025-03-11 17:48:13,013] [INFO] [30022] COMMIT received from 30076 for REQUEST 1741682891617
[2025-03-11 17:48:13,056] [INFO] [30022] PREPARE received from 30141 for REQUEST 1741682891617
[2025-03-11 17:48:13,127] [INFO] [30022] PREPARE received from 30156 for REQUEST 1741682891617
[2025-03-11 17:48:13,138] [INFO] [30022] COMMIT received from 30156 for REQUEST 1741682891617
[2025-03-11 17:48:13,282] [INFO] [30022] PREPARE received from 30002 for REQUEST 1741682891617
[2025-03-11 17:48:13,282] [INFO] [30022] COMMIT received from 30002 for REQUEST 1741682891617
[2025-03-11 17:48:13,282] [INFO] [30022] COMMIT received from 30141 for REQUEST 1741682891617
[2025-03-11 17:48:13,522] [INFO] [30022] PREPARE received from 30101 for REQUEST 1741682891617
[2025-03-11 17:48:13,524] [INFO] [30022] PREPARE received from 30183 for REQUEST 1741682891617
[2025-03-11 17:48:13,524] [INFO] [30022] COMMIT received from 30183 for REQUEST 1741682891617
[2025-03-11 17:48:13,524] [INFO] [30022] COMMIT received from 30101 for REQUEST 1741682891617
[2025-03-11 17:48:13,662] [INFO] [30022] PREPARE received from 30084 for REQUEST 1741682891617
[2025-03-11 17:48:13,662] [INFO] [30022] COMMIT received from 30084 for REQUEST 1741682891617
[2025-03-11 17:48:13,822] [INFO] [30022] PREPARE received from 30137 for REQUEST 1741682891617
[2025-03-11 17:48:13,822] [INFO] [30022] COMMIT received from 30137 for REQUEST 1741682891617
[2025-03-11 17:48:14,186] [INFO] [30022] PREPARE received from 30096 for REQUEST 1741682891617
[2025-03-11 17:48:14,186] [INFO] [30022] COMMIT received from 30096 for REQUEST 1741682891617
[2025-03-11 17:48:14,677] [INFO] [30022] PREPARE received from 30100 for REQUEST 1741682891617
[2025-03-11 17:48:14,677] [INFO] [30022] COMMIT received from 30100 for REQUEST 1741682891617
[2025-03-11 17:48:14,810] [INFO] [30022] PREPARE received from 30109 for REQUEST 1741682891617
[2025-03-11 17:48:14,810] [INFO] [30022] COMMIT received from 30109 for REQUEST 1741682891617
[2025-03-11 17:48:15,167] [INFO] [30022] PREPARE received from 30079 for REQUEST 1741682891617
[2025-03-11 17:48:15,167] [INFO] [30022] PREPARE received from 30110 for REQUEST 1741682891617
[2025-03-11 17:48:15,199] [INFO] [30022] COMMIT received from 30110 for REQUEST 1741682891617
[2025-03-11 17:48:15,199] [INFO] [30022] COMMIT received from 30079 for REQUEST 1741682891617
[2025-03-11 17:48:15,591] [INFO] [30022] PREPARE received from 30057 for REQUEST 1741682891617
[2025-03-11 17:48:15,591] [INFO] [30022] COMMIT received from 30057 for REQUEST 1741682891617
[2025-03-11 17:48:15,669] [INFO] [30022] PREPARE received from 30116 for REQUEST 1741682891617
[2025-03-11 17:48:15,669] [INFO] [30022] COMMIT received from 30116 for REQUEST 1741682891617
[2025-03-11 17:48:15,964] [INFO] [30022] PREPARE received from 30154 for REQUEST 1741682891617
[2025-03-11 17:48:15,964] [INFO] [30022] COMMIT received from 30154 for REQUEST 1741682891617
[2025-03-11 17:48:16,048] [INFO] [30022] COMMIT received from 30066 for REQUEST 1741682891617
[2025-03-11 17:48:16,123] [INFO] [30022] PREPARE received from 30151 for REQUEST 1741682891617
[2025-03-11 17:48:16,129] [INFO] [30022] COMMIT received from 30151 for REQUEST 1741682891617
[2025-03-11 17:48:16,532] [INFO] [30022] PREPARE received from 30059 for REQUEST 1741682891617
[2025-03-11 17:48:16,532] [INFO] [30022] COMMIT received from 30059 for REQUEST 1741682891617
[2025-03-11 17:48:16,639] [INFO] [30022] PREPARE received from 30041 for REQUEST 1741682891617
[2025-03-11 17:48:16,639] [INFO] [30022] PREPARE received from 30037 for REQUEST 1741682891617
[2025-03-11 17:48:16,669] [INFO] [30022] COMMIT received from 30037 for REQUEST 1741682891617
[2025-03-11 17:48:16,669] [INFO] [30022] COMMIT received from 30041 for REQUEST 1741682891617
[2025-03-11 17:48:16,726] [INFO] [30022] PREPARE received from 30073 for REQUEST 1741682891617
[2025-03-11 17:48:16,726] [INFO] [30022] COMMIT received from 30073 for REQUEST 1741682891617
[2025-03-11 17:48:16,801] [INFO] [30022] COMMIT received from 30024 for REQUEST 1741682891617
[2025-03-11 17:48:16,801] [INFO] [30022] PREPARE received from 30024 for REQUEST 1741682891617
[2025-03-11 17:48:16,861] [INFO] [30022] PREPARE received from 30113 for REQUEST 1741682891617
[2025-03-11 17:48:16,861] [INFO] [30022] COMMIT received from 30113 for REQUEST 1741682891617
[2025-03-11 17:48:17,070] [INFO] [30022] PREPARE received from 30088 for REQUEST 1741682891617
[2025-03-11 17:48:17,070] [INFO] [30022] PREPARE received from 30052 for REQUEST 1741682891617
[2025-03-11 17:48:17,083] [INFO] [30022] COMMIT received from 30088 for REQUEST 1741682891617
[2025-03-11 17:48:17,085] [INFO] [30022] COMMIT received from 30052 for REQUEST 1741682891617
[2025-03-11 17:48:17,085] [INFO] [30022] PREPARE received from 30075 for REQUEST 1741682891617
[2025-03-11 17:48:17,106] [INFO] [30022] COMMIT received from 30075 for REQUEST 1741682891617
[2025-03-11 17:48:17,189] [INFO] [30022] PREPARE received from 30098 for REQUEST 1741682891617
[2025-03-11 17:48:17,189] [INFO] [30022] COMMIT received from 30098 for REQUEST 1741682891617
[2025-03-11 17:48:17,333] [INFO] [30022] PREPARE received from 30138 for REQUEST 1741682891617
[2025-03-11 17:48:17,339] [INFO] [30022] COMMIT received from 30138 for REQUEST 1741682891617
[2025-03-11 17:48:17,594] [INFO] [30022] PREPARE received from 30118 for REQUEST 1741682891617
[2025-03-11 17:48:17,594] [INFO] [30022] COMMIT received from 30118 for REQUEST 1741682891617
[2025-03-11 17:48:17,935] [INFO] [30022] PREPARE received from 30115 for REQUEST 1741682891617
[2025-03-11 17:48:17,937] [INFO] [30022] PREPARE received from 30070 for REQUEST 1741682891617
[2025-03-11 17:48:17,937] [INFO] [30022] COMMIT received from 30115 for REQUEST 1741682891617
[2025-03-11 17:48:17,937] [INFO] [30022] COMMIT received from 30070 for REQUEST 1741682891617
[2025-03-11 17:48:18,030] [INFO] [30022] PREPARE received from 30102 for REQUEST 1741682891617
[2025-03-11 17:48:18,032] [INFO] [30022] COMMIT received from 30102 for REQUEST 1741682891617
[2025-03-11 17:48:18,258] [INFO] [30022] PREPARE received from 30093 for REQUEST 1741682891617
[2025-03-11 17:48:18,297] [INFO] [30022] COMMIT received from 30093 for REQUEST 1741682891617
