[2025-03-11 17:38:27,840] [INFO] Node started: localhost:30058 | index=59 | f=1, k=4
[2025-03-11 17:38:33,542] [INFO] [CLUSTER LEADER 30058] Forwarded PRE-REQUEST received: {'request_id': 1741682313511, 'timestamp': 1741682313.511497, 'data': 'llapbft_message_1741682313511', 'cluster_id': 3, 'cluster_ports': [30004, 30007, 30012, 30013, 30015, 30016, 30019, 30021, 30027, 30032, 30051, 30057, 30058, 30064, 30069, 30071, 30072, 30075], 'leader': 30058, 'client_port': 20001, 'origin': 'manager', 'simulated_delay': 0.0003826666666666667, 'distance': 223.4455701474712, 'message_size_bits': 4592, 'cluster_manager': {'host': 'localhost', 'port': 30069, 'latitude': 36.6269075, 'longitude': 127.4591969, 'altitude': 71, 'offset_m': 'lat: 34 m, lng: 62 m, alt: 71 m'}}
[2025-03-11 17:38:33,542] [INFO] [CLUSTER LEADER 30058] Broadcasting PRE-PREPARE: REQUEST 1741682313511
[2025-03-11 17:38:33,590] [INFO] [30058] PREPARE received from 30013 for REQUEST 1741682313511
[2025-03-11 17:38:33,590] [INFO] [30058] PREPARE received from 30064 for REQUEST 1741682313511
[2025-03-11 17:38:33,590] [INFO] [30058] Broadcasting COMMIT: REQUEST 1741682313511
[2025-03-11 17:38:33,630] [INFO] [30058] PREPARE received from 30016 for REQUEST 1741682313511
[2025-03-11 17:38:33,685] [INFO] [30058] PREPARE received from 30007 for REQUEST 1741682313511
[2025-03-11 17:38:33,685] [INFO] [30058] PREPARE received from 30012 for REQUEST 1741682313511
[2025-03-11 17:38:33,726] [INFO] [30058] PREPARE received from 30072 for REQUEST 1741682313511
[2025-03-11 17:38:33,729] [INFO] [30058] PREPARE received from 30051 for REQUEST 1741682313511
[2025-03-11 17:38:33,729] [INFO] [30058] PREPARE received from 30004 for REQUEST 1741682313511
[2025-03-11 17:38:33,732] [INFO] [30058] COMMIT received from 30013 for REQUEST 1741682313511
[2025-03-11 17:38:33,734] [INFO] [30058] PREPARE received from 30071 for REQUEST 1741682313511
[2025-03-11 17:38:33,742] [INFO] [30058] COMMIT received from 30071 for REQUEST 1741682313511
[2025-03-11 17:38:33,742] [INFO] [30058] COMMIT complete. Sending PRE-REPLY: REQUEST 1741682313511 directly to Manager 30069
[2025-03-11 17:38:33,742] [INFO] [30058] PREPARE received from 30021 for REQUEST 1741682313511
[2025-03-11 17:38:33,756] [INFO] [30058] PREPARE received from 30032 for REQUEST 1741682313511
[2025-03-11 17:38:33,758] [INFO] [30058] COMMIT received from 30021 for REQUEST 1741682313511
[2025-03-11 17:38:33,758] [INFO] [30058] COMMIT received from 30057 for REQUEST 1741682313511
[2025-03-11 17:38:33,758] [INFO] [30058] COMMIT received from 30072 for REQUEST 1741682313511
[2025-03-11 17:38:33,760] [INFO] [30058] PREPARE received from 30075 for REQUEST 1741682313511
[2025-03-11 17:38:33,760] [INFO] [30058] COMMIT received from 30064 for REQUEST 1741682313511
[2025-03-11 17:38:33,760] [INFO] [30058] COMMIT received from 30075 for REQUEST 1741682313511
[2025-03-11 17:38:33,760] [INFO] [30058] PREPARE received from 30057 for REQUEST 1741682313511
[2025-03-11 17:38:33,760] [INFO] [30058] COMMIT received from 30016 for REQUEST 1741682313511
[2025-03-11 17:38:33,766] [INFO] [30058] COMMIT received from 30051 for REQUEST 1741682313511
[2025-03-11 17:38:33,778] [INFO] [30058] COMMIT received from 30012 for REQUEST 1741682313511
[2025-03-11 17:38:33,798] [INFO] [30058] PREPARE received from 30015 for REQUEST 1741682313511
[2025-03-11 17:38:33,798] [INFO] [30058] COMMIT received from 30015 for REQUEST 1741682313511
[2025-03-11 17:38:33,815] [INFO] [30058] COMMIT received from 30007 for REQUEST 1741682313511
[2025-03-11 17:38:33,832] [INFO] [30058] PREPARE received from 30027 for REQUEST 1741682313511
[2025-03-11 17:38:33,853] [INFO] [30058] COMMIT received from 30027 for REQUEST 1741682313511
[2025-03-11 17:38:33,862] [INFO] [30058] PREPARE received from 30019 for REQUEST 1741682313511
[2025-03-11 17:38:33,862] [INFO] [30058] COMMIT received from 30019 for REQUEST 1741682313511
[2025-03-11 17:38:33,894] [INFO] [30058] COMMIT received from 30004 for REQUEST 1741682313511
[2025-03-11 17:38:33,903] [INFO] [30058] COMMIT received from 30032 for REQUEST 1741682313511
[2025-03-11 17:40:56,530] [INFO] Node started: localhost:30058 | index=59 | f=1, k=4
[2025-03-11 17:41:09,529] [INFO] [30058] PRE-PREPARE received: {'request_id': 1741682469395, 'data': 'llapbft_message_1741682469395', 'timestamp': 1741682469.412458, 'leader': 30022, 'cluster_id': 2, 'cluster_ports': [30010, 30013, 30020, 30022, 30026, 30030, 30031, 30032, 30034, 30042, 30056, 30058, 30059, 30062, 30080, 30082, 30083, 30084, 30088, 30090, 30091, 30092, 30093, 30096, 30097, 30098, 30100, 30103, 30105, 30106, 30108, 30109], 'cluster_manager': {'host': 'localhost', 'port': 30059, 'latitude': 36.6267944, 'longitude': 127.4592355, 'altitude': 23, 'offset_m': 'lat: 21 m, lng: 65 m, alt: 23 m'}, 'simulated_delay': 0.000244, 'distance': 165.614198180204, 'message_size_bits': 4392}
[2025-03-11 17:41:09,529] [INFO] [30058] Broadcasting PREPARE: REQUEST 1741682469395
[2025-03-11 17:41:09,809] [INFO] [30058] PREPARE received from 30106 for REQUEST 1741682469395
[2025-03-11 17:41:09,809] [INFO] [30058] Broadcasting COMMIT: REQUEST 1741682469395
[2025-03-11 17:41:09,809] [INFO] [30058] PREPARE received from 30093 for REQUEST 1741682469395
[2025-03-11 17:41:09,809] [INFO] [30058] PREPARE received from 30091 for REQUEST 1741682469395
[2025-03-11 17:41:09,809] [INFO] [30058] PREPARE received from 30083 for REQUEST 1741682469395
[2025-03-11 17:41:09,817] [INFO] [30058] PREPARE received from 30062 for REQUEST 1741682469395
[2025-03-11 17:41:09,817] [INFO] [30058] PREPARE received from 30082 for REQUEST 1741682469395
[2025-03-11 17:41:09,854] [INFO] [30058] PREPARE received from 30056 for REQUEST 1741682469395
[2025-03-11 17:41:09,890] [INFO] [30058] COMMIT received from 30082 for REQUEST 1741682469395
[2025-03-11 17:41:10,074] [INFO] [30058] PREPARE received from 30013 for REQUEST 1741682469395
[2025-03-11 17:41:10,075] [INFO] [30058] PREPARE received from 30090 for REQUEST 1741682469395
[2025-03-11 17:41:10,154] [INFO] [30058] COMMIT received from 30093 for REQUEST 1741682469395
[2025-03-11 17:41:10,154] [INFO] [30058] COMMIT complete. Sending PRE-REPLY: REQUEST 1741682469395 directly to Manager 30059
[2025-03-11 17:41:10,170] [INFO] [30058] COMMIT received from 30091 for REQUEST 1741682469395
[2025-03-11 17:41:10,170] [INFO] [30058] COMMIT received from 30106 for REQUEST 1741682469395
[2025-03-11 17:41:10,170] [INFO] [30058] COMMIT received from 30083 for REQUEST 1741682469395
[2025-03-11 17:41:10,170] [INFO] [30058] COMMIT received from 30062 for REQUEST 1741682469395
[2025-03-11 17:41:10,173] [INFO] [30058] COMMIT received from 30056 for REQUEST 1741682469395
[2025-03-11 17:41:10,202] [INFO] [30058] PREPARE received from 30108 for REQUEST 1741682469395
[2025-03-11 17:41:10,214] [INFO] [30058] PREPARE received from 30109 for REQUEST 1741682469395
[2025-03-11 17:41:10,249] [INFO] [30058] COMMIT received from 30042 for REQUEST 1741682469395
[2025-03-11 17:41:10,249] [INFO] [30058] COMMIT received from 30032 for REQUEST 1741682469395
[2025-03-11 17:41:10,249] [INFO] [30058] COMMIT received from 30013 for REQUEST 1741682469395
[2025-03-11 17:41:10,249] [INFO] [30058] PREPARE received from 30042 for REQUEST 1741682469395
[2025-03-11 17:41:10,252] [INFO] [30058] COMMIT received from 30109 for REQUEST 1741682469395
[2025-03-11 17:41:10,269] [INFO] [30058] PREPARE received from 30032 for REQUEST 1741682469395
[2025-03-11 17:41:10,269] [INFO] [30058] PREPARE received from 30026 for REQUEST 1741682469395
[2025-03-11 17:41:10,290] [INFO] [30058] COMMIT received from 30026 for REQUEST 1741682469395
[2025-03-11 17:41:10,297] [INFO] [30058] COMMIT received from 30108 for REQUEST 1741682469395
[2025-03-11 17:41:10,360] [INFO] [30058] COMMIT received from 30090 for REQUEST 1741682469395
[2025-03-11 17:41:10,369] [INFO] [30058] PREPARE received from 30084 for REQUEST 1741682469395
[2025-03-11 17:41:10,369] [INFO] [30058] COMMIT received from 30084 for REQUEST 1741682469395
[2025-03-11 17:41:10,488] [INFO] [30058] PREPARE received from 30103 for REQUEST 1741682469395
[2025-03-11 17:41:10,488] [INFO] [30058] PREPARE received from 30030 for REQUEST 1741682469395
[2025-03-11 17:41:10,488] [INFO] [30058] PREPARE received from 30020 for REQUEST 1741682469395
[2025-03-11 17:41:10,488] [INFO] [30058] COMMIT received from 30103 for REQUEST 1741682469395
[2025-03-11 17:41:10,510] [INFO] [30058] COMMIT received from 30030 for REQUEST 1741682469395
[2025-03-11 17:41:10,512] [INFO] [30058] COMMIT received from 30020 for REQUEST 1741682469395
[2025-03-11 17:41:10,512] [INFO] [30058] COMMIT received from 30088 for REQUEST 1741682469395
[2025-03-11 17:41:10,512] [INFO] [30058] COMMIT received from 30096 for REQUEST 1741682469395
[2025-03-11 17:41:10,512] [INFO] [30058] PREPARE received from 30088 for REQUEST 1741682469395
[2025-03-11 17:41:10,512] [INFO] [30058] PREPARE received from 30034 for REQUEST 1741682469395
[2025-03-11 17:41:10,512] [INFO] [30058] PREPARE received from 30031 for REQUEST 1741682469395
[2025-03-11 17:41:10,512] [INFO] [30058] COMMIT received from 30031 for REQUEST 1741682469395
[2025-03-11 17:41:10,530] [INFO] [30058] PREPARE received from 30096 for REQUEST 1741682469395
[2025-03-11 17:41:10,533] [INFO] [30058] PREPARE received from 30097 for REQUEST 1741682469395
[2025-03-11 17:41:10,533] [INFO] [30058] COMMIT received from 30022 for REQUEST 1741682469395
[2025-03-11 17:41:10,548] [INFO] [30058] COMMIT received from 30097 for REQUEST 1741682469395
[2025-03-11 17:41:10,560] [INFO] [30058] PREPARE received from 30098 for REQUEST 1741682469395
[2025-03-11 17:41:10,566] [INFO] [30058] COMMIT received from 30034 for REQUEST 1741682469395
[2025-03-11 17:41:10,566] [INFO] [30058] COMMIT received from 30098 for REQUEST 1741682469395
[2025-03-11 17:41:10,600] [INFO] [30058] PREPARE received from 30010 for REQUEST 1741682469395
[2025-03-11 17:41:10,600] [INFO] [30058] COMMIT received from 30010 for REQUEST 1741682469395
[2025-03-11 17:41:10,661] [INFO] [30058] PREPARE received from 30092 for REQUEST 1741682469395
[2025-03-11 17:41:10,669] [INFO] [30058] COMMIT received from 30092 for REQUEST 1741682469395
[2025-03-11 17:44:04,963] [INFO] Node started: localhost:30058 | index=59 | f=1, k=4
[2025-03-11 17:44:26,371] [INFO] [30058] PRE-PREPARE received: {'request_id': 1741682666245, 'data': 'llapbft_message_1741682666245', 'timestamp': 1741682666.2776651, 'leader': 30000, 'cluster_id': 0, 'cluster_ports': [30000, 30003, 30007, 30016, 30019, 30020, 30023, 30025, 30027, 30028, 30031, 30032, 30034, 30038, 30044, 30047, 30048, 30050, 30054, 30055, 30058, 30062, 30065, 30066, 30071, 30077, 30078, 30083, 30097, 30101, 30113, 30114, 30116, 30120, 30124, 30128, 30134, 30136, 30141, 30144, 30146, 30151, 30154, 30156], 'cluster_manager': {'host': 'localhost', 'port': 30114, 'latitude': 36.6267099, 'longitude': 127.4591412, 'altitude': 98, 'offset_m': 'lat: 12 m, lng: 57 m, alt: 98 m'}, 'simulated_delay': 0.00028177777777777777, 'distance': 170.8814920175948, 'message_size_bits': 5072}
[2025-03-11 17:44:26,371] [INFO] [30058] Broadcasting PREPARE: REQUEST 1741682666245
[2025-03-11 17:44:26,509] [INFO] [30058] PREPARE received from 30050 for REQUEST 1741682666245
[2025-03-11 17:44:26,509] [INFO] [30058] Broadcasting COMMIT: REQUEST 1741682666245
[2025-03-11 17:44:26,683] [INFO] [30058] COMMIT received from 30050 for REQUEST 1741682666245
[2025-03-11 17:44:26,966] [INFO] [30058] PREPARE received from 30020 for REQUEST 1741682666245
[2025-03-11 17:44:26,966] [INFO] [30058] PREPARE received from 30097 for REQUEST 1741682666245
[2025-03-11 17:44:27,025] [INFO] [30058] COMMIT received from 30020 for REQUEST 1741682666245
[2025-03-11 17:44:27,025] [INFO] [30058] COMMIT complete. Sending PRE-REPLY: REQUEST 1741682666245 directly to Manager 30114
[2025-03-11 17:44:27,082] [INFO] [30058] PREPARE received from 30128 for REQUEST 1741682666245
[2025-03-11 17:44:27,082] [INFO] [30058] COMMIT received from 30097 for REQUEST 1741682666245
[2025-03-11 17:44:27,093] [INFO] [30058] PREPARE received from 30071 for REQUEST 1741682666245
[2025-03-11 17:44:27,095] [INFO] [30058] COMMIT received from 30071 for REQUEST 1741682666245
[2025-03-11 17:44:27,095] [INFO] [30058] COMMIT received from 30128 for REQUEST 1741682666245
[2025-03-11 17:44:27,113] [INFO] [30058] PREPARE received from 30062 for REQUEST 1741682666245
[2025-03-11 17:44:27,192] [INFO] [30058] PREPARE received from 30154 for REQUEST 1741682666245
[2025-03-11 17:44:27,192] [INFO] [30058] COMMIT received from 30154 for REQUEST 1741682666245
[2025-03-11 17:44:27,445] [INFO] [30058] COMMIT received from 30062 for REQUEST 1741682666245
[2025-03-11 17:44:27,493] [INFO] [30058] PREPARE received from 30136 for REQUEST 1741682666245
[2025-03-11 17:44:27,493] [INFO] [30058] COMMIT received from 30136 for REQUEST 1741682666245
[2025-03-11 17:44:27,779] [INFO] [30058] PREPARE received from 30065 for REQUEST 1741682666245
[2025-03-11 17:44:27,779] [INFO] [30058] COMMIT received from 30065 for REQUEST 1741682666245
[2025-03-11 17:44:27,930] [INFO] [30058] PREPARE received from 30016 for REQUEST 1741682666245
[2025-03-11 17:44:27,930] [INFO] [30058] PREPARE received from 30083 for REQUEST 1741682666245
[2025-03-11 17:44:27,930] [INFO] [30058] PREPARE received from 30031 for REQUEST 1741682666245
[2025-03-11 17:44:27,930] [INFO] [30058] COMMIT received from 30083 for REQUEST 1741682666245
[2025-03-11 17:44:27,930] [INFO] [30058] COMMIT received from 30031 for REQUEST 1741682666245
[2025-03-11 17:44:27,934] [INFO] [30058] COMMIT received from 30016 for REQUEST 1741682666245
[2025-03-11 17:44:28,200] [INFO] [30058] COMMIT received from 30000 for REQUEST 1741682666245
[2025-03-11 17:44:28,237] [INFO] [30058] PREPARE received from 30055 for REQUEST 1741682666245
[2025-03-11 17:44:28,297] [INFO] [30058] COMMIT received from 30055 for REQUEST 1741682666245
[2025-03-11 17:44:28,361] [INFO] [30058] PREPARE received from 30113 for REQUEST 1741682666245
[2025-03-11 17:44:28,361] [INFO] [30058] COMMIT received from 30113 for REQUEST 1741682666245
[2025-03-11 17:44:28,363] [INFO] [30058] PREPARE received from 30146 for REQUEST 1741682666245
[2025-03-11 17:44:28,363] [INFO] [30058] COMMIT received from 30146 for REQUEST 1741682666245
[2025-03-11 17:44:28,442] [INFO] [30058] PREPARE received from 30054 for REQUEST 1741682666245
[2025-03-11 17:44:28,442] [INFO] [30058] COMMIT received from 30054 for REQUEST 1741682666245
[2025-03-11 17:44:28,761] [INFO] [30058] PREPARE received from 30078 for REQUEST 1741682666245
[2025-03-11 17:44:28,761] [INFO] [30058] PREPARE received from 30141 for REQUEST 1741682666245
[2025-03-11 17:44:28,761] [INFO] [30058] PREPARE received from 30048 for REQUEST 1741682666245
[2025-03-11 17:44:28,761] [INFO] [30058] PREPARE received from 30047 for REQUEST 1741682666245
[2025-03-11 17:44:28,761] [INFO] [30058] PREPARE received from 30003 for REQUEST 1741682666245
[2025-03-11 17:44:28,761] [INFO] [30058] PREPARE received from 30028 for REQUEST 1741682666245
[2025-03-11 17:44:28,761] [INFO] [30058] PREPARE received from 30007 for REQUEST 1741682666245
[2025-03-11 17:44:28,773] [INFO] [30058] COMMIT received from 30003 for REQUEST 1741682666245
[2025-03-11 17:44:28,773] [INFO] [30058] COMMIT received from 30007 for REQUEST 1741682666245
[2025-03-11 17:44:28,773] [INFO] [30058] COMMIT received from 30047 for REQUEST 1741682666245
[2025-03-11 17:44:28,773] [INFO] [30058] COMMIT received from 30048 for REQUEST 1741682666245
[2025-03-11 17:44:28,783] [INFO] [30058] COMMIT received from 30141 for REQUEST 1741682666245
[2025-03-11 17:44:28,783] [INFO] [30058] COMMIT received from 30028 for REQUEST 1741682666245
[2025-03-11 17:44:28,783] [INFO] [30058] COMMIT received from 30078 for REQUEST 1741682666245
[2025-03-11 17:44:28,956] [INFO] [30058] PREPARE received from 30044 for REQUEST 1741682666245
[2025-03-11 17:44:28,961] [INFO] [30058] COMMIT received from 30044 for REQUEST 1741682666245
[2025-03-11 17:44:28,965] [INFO] [30058] PREPARE received from 30019 for REQUEST 1741682666245
[2025-03-11 17:44:28,965] [INFO] [30058] PREPARE received from 30116 for REQUEST 1741682666245
[2025-03-11 17:44:28,988] [INFO] [30058] COMMIT received from 30116 for REQUEST 1741682666245
[2025-03-11 17:44:28,988] [INFO] [30058] COMMIT received from 30019 for REQUEST 1741682666245
[2025-03-11 17:44:29,009] [INFO] [30058] PREPARE received from 30027 for REQUEST 1741682666245
[2025-03-11 17:44:29,058] [INFO] [30058] COMMIT received from 30027 for REQUEST 1741682666245
[2025-03-11 17:44:29,088] [INFO] [30058] PREPARE received from 30144 for REQUEST 1741682666245
[2025-03-11 17:44:29,088] [INFO] [30058] PREPARE received from 30134 for REQUEST 1741682666245
[2025-03-11 17:44:29,088] [INFO] [30058] COMMIT received from 30144 for REQUEST 1741682666245
[2025-03-11 17:44:29,088] [INFO] [30058] COMMIT received from 30134 for REQUEST 1741682666245
[2025-03-11 17:44:29,168] [INFO] [30058] PREPARE received from 30034 for REQUEST 1741682666245
[2025-03-11 17:44:29,168] [INFO] [30058] COMMIT received from 30034 for REQUEST 1741682666245
[2025-03-11 17:44:29,168] [INFO] [30058] PREPARE received from 30151 for REQUEST 1741682666245
[2025-03-11 17:44:29,168] [INFO] [30058] COMMIT received from 30151 for REQUEST 1741682666245
[2025-03-11 17:44:29,250] [INFO] [30058] PREPARE received from 30124 for REQUEST 1741682666245
[2025-03-11 17:44:29,250] [INFO] [30058] COMMIT received from 30124 for REQUEST 1741682666245
[2025-03-11 17:44:29,370] [INFO] [30058] PREPARE received from 30156 for REQUEST 1741682666245
[2025-03-11 17:44:29,375] [INFO] [30058] COMMIT received from 30156 for REQUEST 1741682666245
[2025-03-11 17:44:29,375] [INFO] [30058] COMMIT received from 30077 for REQUEST 1741682666245
[2025-03-11 17:44:29,377] [INFO] [30058] PREPARE received from 30077 for REQUEST 1741682666245
[2025-03-11 17:44:29,397] [INFO] [30058] PREPARE received from 30023 for REQUEST 1741682666245
[2025-03-11 17:44:29,403] [INFO] [30058] COMMIT received from 30023 for REQUEST 1741682666245
[2025-03-11 17:44:29,403] [INFO] [30058] PREPARE received from 30032 for REQUEST 1741682666245
[2025-03-11 17:44:29,403] [INFO] [30058] COMMIT received from 30032 for REQUEST 1741682666245
[2025-03-11 17:44:29,449] [INFO] [30058] PREPARE received from 30025 for REQUEST 1741682666245
[2025-03-11 17:44:29,460] [INFO] [30058] COMMIT received from 30025 for REQUEST 1741682666245
[2025-03-11 17:44:29,460] [INFO] [30058] COMMIT received from 30066 for REQUEST 1741682666245
[2025-03-11 17:44:29,465] [INFO] [30058] PREPARE received from 30066 for REQUEST 1741682666245
[2025-03-11 17:44:29,516] [INFO] [30058] PREPARE received from 30101 for REQUEST 1741682666245
[2025-03-11 17:44:29,516] [INFO] [30058] COMMIT received from 30101 for REQUEST 1741682666245
[2025-03-11 17:47:41,714] [INFO] Node started: localhost:30058 | index=59 | f=1, k=4
[2025-03-11 17:48:11,725] [INFO] [30058] PRE-PREPARE received: {'request_id': 1741682891617, 'data': 'llapbft_message_1741682891617', 'timestamp': 1741682891.640408, 'leader': 30004, 'cluster_id': 0, 'cluster_ports': [30000, 30003, 30004, 30005, 30013, 30016, 30018, 30026, 30027, 30032, 30033, 30035, 30038, 30040, 30042, 30043, 30047, 30053, 30055, 30058, 30060, 30062, 30067, 30069, 30078, 30081, 30082, 30086, 30090, 30092, 30095, 30111, 30117, 30121, 30123, 30127, 30132, 30142, 30143, 30157, 30162, 30164, 30168, 30169, 30170, 30171, 30175, 30177, 30178, 30182, 30190, 30195, 30196], 'cluster_manager': {'host': 'localhost', 'port': 30092, 'latitude': 36.6274499, 'longitude': 127.4590589, 'altitude': 27, 'offset_m': 'lat: 94 m, lng: 49 m, alt: 27 m'}, 'simulated_delay': 0.000232, 'distance': 145.16917616779577, 'message_size_bits': 5568}
[2025-03-11 17:48:11,725] [INFO] [30058] Broadcasting PREPARE: REQUEST 1741682891617
[2025-03-11 17:48:12,263] [INFO] [30058] PREPARE received from 30178 for REQUEST 1741682891617
[2025-03-11 17:48:12,263] [INFO] [30058] Broadcasting COMMIT: REQUEST 1741682891617
[2025-03-11 17:48:12,306] [INFO] [30058] PREPARE received from 30132 for REQUEST 1741682891617
[2025-03-11 17:48:12,307] [INFO] [30058] PREPARE received from 30032 for REQUEST 1741682891617
[2025-03-11 17:48:12,308] [INFO] [30058] PREPARE received from 30047 for REQUEST 1741682891617
[2025-03-11 17:48:13,044] [INFO] [30058] COMMIT received from 30047 for REQUEST 1741682891617
[2025-03-11 17:48:13,046] [INFO] [30058] PREPARE received from 30067 for REQUEST 1741682891617
[2025-03-11 17:48:13,250] [INFO] [30058] PREPARE received from 30123 for REQUEST 1741682891617
[2025-03-11 17:48:13,291] [INFO] [30058] PREPARE received from 30069 for REQUEST 1741682891617
[2025-03-11 17:48:13,291] [INFO] [30058] COMMIT received from 30132 for REQUEST 1741682891617
[2025-03-11 17:48:13,291] [INFO] [30058] COMMIT complete. Sending PRE-REPLY: REQUEST 1741682891617 directly to Manager 30092
[2025-03-11 17:48:13,589] [INFO] [30058] COMMIT received from 30032 for REQUEST 1741682891617
[2025-03-11 17:48:13,589] [INFO] [30058] PREPARE received from 30055 for REQUEST 1741682891617
[2025-03-11 17:48:13,589] [INFO] [30058] PREPARE received from 30033 for REQUEST 1741682891617
[2025-03-11 17:48:13,964] [INFO] [30058] PREPARE received from 30164 for REQUEST 1741682891617
[2025-03-11 17:48:13,964] [INFO] [30058] PREPARE received from 30038 for REQUEST 1741682891617
[2025-03-11 17:48:13,964] [INFO] [30058] COMMIT received from 30164 for REQUEST 1741682891617
[2025-03-11 17:48:13,964] [INFO] [30058] PREPARE received from 30027 for REQUEST 1741682891617
[2025-03-11 17:48:13,964] [INFO] [30058] COMMIT received from 30178 for REQUEST 1741682891617
[2025-03-11 17:48:14,053] [INFO] [30058] COMMIT received from 30123 for REQUEST 1741682891617
[2025-03-11 17:48:14,053] [INFO] [30058] PREPARE received from 30190 for REQUEST 1741682891617
[2025-03-11 17:48:14,102] [INFO] [30058] COMMIT received from 30190 for REQUEST 1741682891617
[2025-03-11 17:48:14,102] [INFO] [30058] COMMIT received from 30067 for REQUEST 1741682891617
[2025-03-11 17:48:14,102] [INFO] [30058] COMMIT received from 30069 for REQUEST 1741682891617
[2025-03-11 17:48:14,164] [INFO] [30058] PREPARE received from 30169 for REQUEST 1741682891617
[2025-03-11 17:48:14,164] [INFO] [30058] PREPARE received from 30005 for REQUEST 1741682891617
[2025-03-11 17:48:14,189] [INFO] [30058] COMMIT received from 30143 for REQUEST 1741682891617
[2025-03-11 17:48:14,189] [INFO] [30058] COMMIT received from 30169 for REQUEST 1741682891617
[2025-03-11 17:48:14,189] [INFO] [30058] COMMIT received from 30005 for REQUEST 1741682891617
[2025-03-11 17:48:14,340] [INFO] [30058] PREPARE received from 30143 for REQUEST 1741682891617
[2025-03-11 17:48:14,480] [INFO] [30058] COMMIT received from 30026 for REQUEST 1741682891617
[2025-03-11 17:48:14,480] [INFO] [30058] PREPARE received from 30026 for REQUEST 1741682891617
[2025-03-11 17:48:14,480] [INFO] [30058] PREPARE received from 30053 for REQUEST 1741682891617
[2025-03-11 17:48:14,535] [INFO] [30058] PREPARE received from 30018 for REQUEST 1741682891617
[2025-03-11 17:48:14,535] [INFO] [30058] PREPARE received from 30082 for REQUEST 1741682891617
[2025-03-11 17:48:14,557] [INFO] [30058] COMMIT received from 30038 for REQUEST 1741682891617
[2025-03-11 17:48:14,688] [INFO] [30058] COMMIT received from 30082 for REQUEST 1741682891617
[2025-03-11 17:48:14,688] [INFO] [30058] COMMIT received from 30117 for REQUEST 1741682891617
[2025-03-11 17:48:14,688] [INFO] [30058] PREPARE received from 30117 for REQUEST 1741682891617
[2025-03-11 17:48:14,717] [INFO] [30058] COMMIT received from 30055 for REQUEST 1741682891617
[2025-03-11 17:48:14,728] [INFO] [30058] COMMIT received from 30033 for REQUEST 1741682891617
[2025-03-11 17:48:14,836] [INFO] [30058] COMMIT received from 30027 for REQUEST 1741682891617
[2025-03-11 17:48:14,840] [INFO] [30058] PREPARE received from 30042 for REQUEST 1741682891617
[2025-03-11 17:48:15,103] [INFO] [30058] PREPARE received from 30171 for REQUEST 1741682891617
[2025-03-11 17:48:15,103] [INFO] [30058] COMMIT received from 30171 for REQUEST 1741682891617
[2025-03-11 17:48:15,369] [INFO] [30058] PREPARE received from 30062 for REQUEST 1741682891617
[2025-03-11 17:48:15,371] [INFO] [30058] COMMIT received from 30062 for REQUEST 1741682891617
[2025-03-11 17:48:15,515] [INFO] [30058] PREPARE received from 30040 for REQUEST 1741682891617
[2025-03-11 17:48:15,644] [INFO] [30058] COMMIT received from 30040 for REQUEST 1741682891617
[2025-03-11 17:48:15,646] [INFO] [30058] PREPARE received from 30195 for REQUEST 1741682891617
[2025-03-11 17:48:15,739] [INFO] [30058] COMMIT received from 30195 for REQUEST 1741682891617
[2025-03-11 17:48:15,837] [INFO] [30058] PREPARE received from 30081 for REQUEST 1741682891617
[2025-03-11 17:48:15,883] [INFO] [30058] COMMIT received from 30053 for REQUEST 1741682891617
[2025-03-11 17:48:15,891] [INFO] [30058] COMMIT received from 30018 for REQUEST 1741682891617
[2025-03-11 17:48:15,893] [INFO] [30058] COMMIT received from 30081 for REQUEST 1741682891617
[2025-03-11 17:48:16,011] [INFO] [30058] COMMIT received from 30004 for REQUEST 1741682891617
[2025-03-11 17:48:16,074] [INFO] [30058] PREPARE received from 30182 for REQUEST 1741682891617
[2025-03-11 17:48:16,074] [INFO] [30058] COMMIT received from 30182 for REQUEST 1741682891617
[2025-03-11 17:48:16,285] [INFO] [30058] COMMIT received from 30042 for REQUEST 1741682891617
[2025-03-11 17:48:16,441] [INFO] [30058] PREPARE received from 30142 for REQUEST 1741682891617
[2025-03-11 17:48:16,490] [INFO] [30058] COMMIT received from 30142 for REQUEST 1741682891617
[2025-03-11 17:48:16,594] [INFO] [30058] COMMIT received from 30175 for REQUEST 1741682891617
[2025-03-11 17:48:16,594] [INFO] [30058] PREPARE received from 30175 for REQUEST 1741682891617
[2025-03-11 17:48:16,612] [INFO] [30058] PREPARE received from 30121 for REQUEST 1741682891617
[2025-03-11 17:48:16,612] [INFO] [30058] COMMIT received from 30078 for REQUEST 1741682891617
[2025-03-11 17:48:16,612] [INFO] [30058] PREPARE received from 30078 for REQUEST 1741682891617
[2025-03-11 17:48:16,612] [INFO] [30058] COMMIT received from 30121 for REQUEST 1741682891617
[2025-03-11 17:48:17,033] [INFO] [30058] PREPARE received from 30162 for REQUEST 1741682891617
[2025-03-11 17:48:17,112] [INFO] [30058] COMMIT received from 30162 for REQUEST 1741682891617
[2025-03-11 17:48:17,291] [INFO] [30058] PREPARE received from 30035 for REQUEST 1741682891617
[2025-03-11 17:48:17,317] [INFO] [30058] PREPARE received from 30127 for REQUEST 1741682891617
[2025-03-11 17:48:17,333] [INFO] [30058] COMMIT received from 30095 for REQUEST 1741682891617
[2025-03-11 17:48:17,333] [INFO] [30058] COMMIT received from 30127 for REQUEST 1741682891617
[2025-03-11 17:48:17,333] [INFO] [30058] COMMIT received from 30016 for REQUEST 1741682891617
[2025-03-11 17:48:17,333] [INFO] [30058] COMMIT received from 30111 for REQUEST 1741682891617
[2025-03-11 17:48:17,333] [INFO] [30058] COMMIT received from 30035 for REQUEST 1741682891617
[2025-03-11 17:48:17,333] [INFO] [30058] COMMIT received from 30013 for REQUEST 1741682891617
[2025-03-11 17:48:17,359] [INFO] [30058] PREPARE received from 30016 for REQUEST 1741682891617
[2025-03-11 17:48:17,359] [INFO] [30058] PREPARE received from 30111 for REQUEST 1741682891617
[2025-03-11 17:48:17,359] [INFO] [30058] PREPARE received from 30013 for REQUEST 1741682891617
[2025-03-11 17:48:17,359] [INFO] [30058] PREPARE received from 30095 for REQUEST 1741682891617
[2025-03-11 17:48:17,409] [INFO] [30058] PREPARE received from 30196 for REQUEST 1741682891617
[2025-03-11 17:48:17,411] [INFO] [30058] COMMIT received from 30196 for REQUEST 1741682891617
[2025-03-11 17:48:17,455] [INFO] [30058] PREPARE received from 30060 for REQUEST 1741682891617
[2025-03-11 17:48:17,455] [INFO] [30058] COMMIT received from 30060 for REQUEST 1741682891617
[2025-03-11 17:48:17,601] [INFO] [30058] PREPARE received from 30090 for REQUEST 1741682891617
[2025-03-11 17:48:17,601] [INFO] [30058] COMMIT received from 30090 for REQUEST 1741682891617
[2025-03-11 17:48:17,734] [INFO] [30058] PREPARE received from 30170 for REQUEST 1741682891617
[2025-03-11 17:48:17,734] [INFO] [30058] COMMIT received from 30170 for REQUEST 1741682891617
[2025-03-11 17:48:18,006] [INFO] [30058] PREPARE received from 30043 for REQUEST 1741682891617
[2025-03-11 17:48:18,006] [INFO] [30058] COMMIT received from 30043 for REQUEST 1741682891617
[2025-03-11 17:48:18,036] [INFO] [30058] PREPARE received from 30000 for REQUEST 1741682891617
[2025-03-11 17:48:18,036] [INFO] [30058] COMMIT received from 30000 for REQUEST 1741682891617
