[2025-03-11 17:38:31,261] [INFO] Node started: localhost:30075 | index=76 | f=1, k=4
[2025-03-11 17:38:33,558] [INFO] [30075] PRE-PREPARE received: {'request_id': 1741682313511, 'data': 'llapbft_message_1741682313511', 'timestamp': 1741682313.5429404, 'leader': 30058, 'cluster_id': 3, 'cluster_ports': [30004, 30007, 30012, 30013, 30015, 30016, 30019, 30021, 30027, 30032, 30051, 30057, 30058, 30064, 30069, 30071, 30072, 30075], 'cluster_manager': {'host': 'localhost', 'port': 30069, 'latitude': 36.6269075, 'longitude': 127.4591969, 'altitude': 71, 'offset_m': 'lat: 34 m, lng: 62 m, alt: 71 m'}, 'simulated_delay': 0.00020088888888888888, 'distance': 191.1435377091834, 'message_size_bits': 3616}
[2025-03-11 17:38:33,558] [INFO] [30075] Broadcasting PREPARE: REQUEST 1741682313511
[2025-03-11 17:38:33,590] [INFO] [30075] PREPARE received from 30021 for REQUEST 1741682313511
[2025-03-11 17:38:33,590] [INFO] [30075] Broadcasting COMMIT: REQUEST 1741682313511
[2025-03-11 17:38:33,632] [INFO] [30075] PREPARE received from 30019 for REQUEST 1741682313511
[2025-03-11 17:38:33,634] [INFO] [30075] PREPARE received from 30027 for REQUEST 1741682313511
[2025-03-11 17:38:33,652] [INFO] [30075] PREPARE received from 30057 for REQUEST 1741682313511
[2025-03-11 17:38:33,702] [INFO] [30075] COMMIT received from 30057 for REQUEST 1741682313511
[2025-03-11 17:38:33,764] [INFO] [30075] COMMIT received from 30021 for REQUEST 1741682313511
[2025-03-11 17:38:33,766] [INFO] [30075] COMMIT complete. Sending PRE-REPLY: REQUEST 1741682313511 directly to Manager 30069
[2025-03-11 17:38:33,766] [INFO] [30075] PREPARE received from 30007 for REQUEST 1741682313511
[2025-03-11 17:38:33,768] [INFO] [30075] COMMIT received from 30027 for REQUEST 1741682313511
[2025-03-11 17:38:33,805] [INFO] [30075] COMMIT received from 30058 for REQUEST 1741682313511
[2025-03-11 17:38:33,815] [INFO] [30075] PREPARE received from 30012 for REQUEST 1741682313511
[2025-03-11 17:38:33,831] [INFO] [30075] COMMIT received from 30015 for REQUEST 1741682313511
[2025-03-11 17:38:33,832] [INFO] [30075] PREPARE received from 30016 for REQUEST 1741682313511
[2025-03-11 17:38:33,832] [INFO] [30075] COMMIT received from 30012 for REQUEST 1741682313511
[2025-03-11 17:38:33,832] [INFO] [30075] PREPARE received from 30072 for REQUEST 1741682313511
[2025-03-11 17:38:33,832] [INFO] [30075] PREPARE received from 30015 for REQUEST 1741682313511
[2025-03-11 17:38:33,834] [INFO] [30075] COMMIT received from 30007 for REQUEST 1741682313511
[2025-03-11 17:38:33,836] [INFO] [30075] COMMIT received from 30016 for REQUEST 1741682313511
[2025-03-11 17:38:33,836] [INFO] [30075] PREPARE received from 30051 for REQUEST 1741682313511
[2025-03-11 17:38:33,836] [INFO] [30075] COMMIT received from 30072 for REQUEST 1741682313511
[2025-03-11 17:38:33,838] [INFO] [30075] COMMIT received from 30051 for REQUEST 1741682313511
[2025-03-11 17:38:33,838] [INFO] [30075] PREPARE received from 30064 for REQUEST 1741682313511
[2025-03-11 17:38:33,838] [INFO] [30075] COMMIT received from 30064 for REQUEST 1741682313511
[2025-03-11 17:38:33,862] [INFO] [30075] COMMIT received from 30019 for REQUEST 1741682313511
[2025-03-11 17:38:33,880] [INFO] [30075] PREPARE received from 30013 for REQUEST 1741682313511
[2025-03-11 17:38:33,890] [INFO] [30075] PREPARE received from 30032 for REQUEST 1741682313511
[2025-03-11 17:38:33,892] [INFO] [30075] PREPARE received from 30004 for REQUEST 1741682313511
[2025-03-11 17:38:33,894] [INFO] [30075] COMMIT received from 30004 for REQUEST 1741682313511
[2025-03-11 17:38:33,896] [INFO] [30075] COMMIT received from 30013 for REQUEST 1741682313511
[2025-03-11 17:38:33,903] [INFO] [30075] COMMIT received from 30032 for REQUEST 1741682313511
[2025-03-11 17:40:59,956] [INFO] Node started: localhost:30075 | index=76 | f=1, k=4
[2025-03-11 17:41:09,463] [INFO] [30075] PRE-PREPARE received: {'request_id': 1741682469395, 'data': 'llapbft_message_1741682469395', 'timestamp': 1741682469.412458, 'leader': 30110, 'cluster_id': 1, 'cluster_ports': [30002, 30003, 30004, 30006, 30007, 30008, 30016, 30019, 30023, 30027, 30028, 30029, 30035, 30037, 30043, 30054, 30057, 30064, 30065, 30067, 30069, 30070, 30075, 30076, 30077, 30089, 30094, 30095, 30099, 30101, 30102, 30104, 30110, 30112, 30114, 30117], 'cluster_manager': {'host': 'localhost', 'port': 30064, 'latitude': 36.6269153, 'longitude': 127.4594273, 'altitude': 54, 'offset_m': 'lat: 35 m, lng: 82 m, alt: 54 m'}, 'simulated_delay': 0.00025644444444444445, 'distance': 168.08728084044947, 'message_size_bits': 4616}
[2025-03-11 17:41:09,465] [INFO] [30075] Broadcasting PREPARE: REQUEST 1741682469395
[2025-03-11 17:41:09,641] [INFO] [30075] PREPARE received from 30089 for REQUEST 1741682469395
[2025-03-11 17:41:09,641] [INFO] [30075] Broadcasting COMMIT: REQUEST 1741682469395
[2025-03-11 17:41:09,667] [INFO] [30075] PREPARE received from 30029 for REQUEST 1741682469395
[2025-03-11 17:41:09,767] [INFO] [30075] PREPARE received from 30104 for REQUEST 1741682469395
[2025-03-11 17:41:09,937] [INFO] [30075] PREPARE received from 30016 for REQUEST 1741682469395
[2025-03-11 17:41:09,987] [INFO] [30075] COMMIT received from 30016 for REQUEST 1741682469395
[2025-03-11 17:41:10,008] [INFO] [30075] COMMIT received from 30029 for REQUEST 1741682469395
[2025-03-11 17:41:10,008] [INFO] [30075] COMMIT complete. Sending PRE-REPLY: REQUEST 1741682469395 directly to Manager 30064
[2025-03-11 17:41:10,059] [INFO] [30075] COMMIT received from 30028 for REQUEST 1741682469395
[2025-03-11 17:41:10,059] [INFO] [30075] PREPARE received from 30028 for REQUEST 1741682469395
[2025-03-11 17:41:10,137] [INFO] [30075] PREPARE received from 30035 for REQUEST 1741682469395
[2025-03-11 17:41:10,170] [INFO] [30075] COMMIT received from 30089 for REQUEST 1741682469395
[2025-03-11 17:41:10,173] [INFO] [30075] PREPARE received from 30076 for REQUEST 1741682469395
[2025-03-11 17:41:10,234] [INFO] [30075] COMMIT received from 30035 for REQUEST 1741682469395
[2025-03-11 17:41:10,234] [INFO] [30075] COMMIT received from 30104 for REQUEST 1741682469395
[2025-03-11 17:41:10,252] [INFO] [30075] PREPARE received from 30117 for REQUEST 1741682469395
[2025-03-11 17:41:10,252] [INFO] [30075] PREPARE received from 30004 for REQUEST 1741682469395
[2025-03-11 17:41:10,290] [INFO] [30075] COMMIT received from 30110 for REQUEST 1741682469395
[2025-03-11 17:41:10,355] [INFO] [30075] COMMIT received from 30117 for REQUEST 1741682469395
[2025-03-11 17:41:10,357] [INFO] [30075] PREPARE received from 30094 for REQUEST 1741682469395
[2025-03-11 17:41:10,357] [INFO] [30075] COMMIT received from 30008 for REQUEST 1741682469395
[2025-03-11 17:41:10,359] [INFO] [30075] PREPARE received from 30008 for REQUEST 1741682469395
[2025-03-11 17:41:10,359] [INFO] [30075] COMMIT received from 30004 for REQUEST 1741682469395
[2025-03-11 17:41:10,376] [INFO] [30075] COMMIT received from 30114 for REQUEST 1741682469395
[2025-03-11 17:41:10,376] [INFO] [30075] PREPARE received from 30003 for REQUEST 1741682469395
[2025-03-11 17:41:10,376] [INFO] [30075] COMMIT received from 30003 for REQUEST 1741682469395
[2025-03-11 17:41:10,376] [INFO] [30075] PREPARE received from 30114 for REQUEST 1741682469395
[2025-03-11 17:41:10,420] [INFO] [30075] COMMIT received from 30094 for REQUEST 1741682469395
[2025-03-11 17:41:10,566] [INFO] [30075] PREPARE received from 30002 for REQUEST 1741682469395
[2025-03-11 17:41:10,566] [INFO] [30075] PREPARE received from 30007 for REQUEST 1741682469395
[2025-03-11 17:41:10,600] [INFO] [30075] PREPARE received from 30099 for REQUEST 1741682469395
[2025-03-11 17:41:10,610] [INFO] [30075] PREPARE received from 30112 for REQUEST 1741682469395
[2025-03-11 17:41:10,610] [INFO] [30075] COMMIT received from 30002 for REQUEST 1741682469395
[2025-03-11 17:41:10,614] [INFO] [30075] COMMIT received from 30007 for REQUEST 1741682469395
[2025-03-11 17:41:10,614] [INFO] [30075] PREPARE received from 30067 for REQUEST 1741682469395
[2025-03-11 17:41:10,614] [INFO] [30075] PREPARE received from 30037 for REQUEST 1741682469395
[2025-03-11 17:41:10,614] [INFO] [30075] COMMIT received from 30099 for REQUEST 1741682469395
[2025-03-11 17:41:10,614] [INFO] [30075] PREPARE received from 30102 for REQUEST 1741682469395
[2025-03-11 17:41:10,614] [INFO] [30075] PREPARE received from 30057 for REQUEST 1741682469395
[2025-03-11 17:41:10,614] [INFO] [30075] COMMIT received from 30112 for REQUEST 1741682469395
[2025-03-11 17:41:10,669] [INFO] [30075] COMMIT received from 30057 for REQUEST 1741682469395
[2025-03-11 17:41:10,669] [INFO] [30075] COMMIT received from 30101 for REQUEST 1741682469395
[2025-03-11 17:41:10,669] [INFO] [30075] COMMIT received from 30027 for REQUEST 1741682469395
[2025-03-11 17:41:10,669] [INFO] [30075] PREPARE received from 30043 for REQUEST 1741682469395
[2025-03-11 17:41:10,669] [INFO] [30075] COMMIT received from 30095 for REQUEST 1741682469395
[2025-03-11 17:41:10,669] [INFO] [30075] COMMIT received from 30006 for REQUEST 1741682469395
[2025-03-11 17:41:10,669] [INFO] [30075] COMMIT received from 30077 for REQUEST 1741682469395
[2025-03-11 17:41:10,675] [INFO] [30075] PREPARE received from 30027 for REQUEST 1741682469395
[2025-03-11 17:41:10,675] [INFO] [30075] PREPARE received from 30006 for REQUEST 1741682469395
[2025-03-11 17:41:10,675] [INFO] [30075] PREPARE received from 30101 for REQUEST 1741682469395
[2025-03-11 17:41:10,675] [INFO] [30075] COMMIT received from 30043 for REQUEST 1741682469395
[2025-03-11 17:41:10,675] [INFO] [30075] PREPARE received from 30095 for REQUEST 1741682469395
[2025-03-11 17:41:10,675] [INFO] [30075] PREPARE received from 30077 for REQUEST 1741682469395
[2025-03-11 17:41:10,675] [INFO] [30075] COMMIT received from 30070 for REQUEST 1741682469395
[2025-03-11 17:41:10,675] [INFO] [30075] COMMIT received from 30069 for REQUEST 1741682469395
[2025-03-11 17:41:10,675] [INFO] [30075] COMMIT received from 30102 for REQUEST 1741682469395
[2025-03-11 17:41:10,675] [INFO] [30075] COMMIT received from 30067 for REQUEST 1741682469395
[2025-03-11 17:41:10,700] [INFO] [30075] PREPARE received from 30019 for REQUEST 1741682469395
[2025-03-11 17:41:10,705] [INFO] [30075] PREPARE received from 30069 for REQUEST 1741682469395
[2025-03-11 17:41:10,705] [INFO] [30075] PREPARE received from 30070 for REQUEST 1741682469395
[2025-03-11 17:41:10,722] [INFO] [30075] PREPARE received from 30054 for REQUEST 1741682469395
[2025-03-11 17:41:10,722] [INFO] [30075] COMMIT received from 30019 for REQUEST 1741682469395
[2025-03-11 17:41:10,726] [INFO] [30075] COMMIT received from 30054 for REQUEST 1741682469395
[2025-03-11 17:41:10,726] [INFO] [30075] PREPARE received from 30065 for REQUEST 1741682469395
[2025-03-11 17:41:10,726] [INFO] [30075] COMMIT received from 30065 for REQUEST 1741682469395
[2025-03-11 17:41:10,726] [INFO] [30075] COMMIT received from 30076 for REQUEST 1741682469395
[2025-03-11 17:41:10,731] [INFO] [30075] PREPARE received from 30023 for REQUEST 1741682469395
[2025-03-11 17:41:10,731] [INFO] [30075] COMMIT received from 30023 for REQUEST 1741682469395
[2025-03-11 17:41:10,786] [INFO] [30075] COMMIT received from 30037 for REQUEST 1741682469395
[2025-03-11 17:44:08,396] [INFO] Node started: localhost:30075 | index=76 | f=1, k=4
[2025-03-11 17:44:26,277] [INFO] [CLUSTER LEADER 30075] Forwarded PRE-REQUEST received: {'request_id': 1741682666245, 'timestamp': 1741682666.2456045, 'data': 'llapbft_message_1741682666245', 'cluster_id': 2, 'cluster_ports': [30006, 30010, 30013, 30024, 30026, 30030, 30035, 30037, 30039, 30041, 30067, 30069, 30075, 30079, 30080, 30082, 30090, 30093, 30098, 30102, 30106, 30108, 30112, 30118, 30122, 30131, 30135, 30140, 30142, 30143, 30148, 30149, 30150, 30152, 30155, 30157, 30159], 'leader': 30075, 'client_port': 20001, 'origin': 'manager', 'simulated_delay': 0.00048533333333333333, 'distance': 205.0695369172869, 'message_size_bits': 5824, 'cluster_manager': {'host': 'localhost', 'port': 30155, 'latitude': 36.6273161, 'longitude': 127.4588617, 'altitude': 49, 'offset_m': 'lat: 79 m, lng: 32 m, alt: 49 m'}}
[2025-03-11 17:44:26,277] [INFO] [CLUSTER LEADER 30075] Broadcasting PRE-PREPARE: REQUEST 1741682666245
[2025-03-11 17:44:26,550] [INFO] [30075] PREPARE received from 30140 for REQUEST 1741682666245
[2025-03-11 17:44:26,550] [INFO] [30075] PREPARE received from 30157 for REQUEST 1741682666245
[2025-03-11 17:44:26,550] [INFO] [30075] Broadcasting COMMIT: REQUEST 1741682666245
[2025-03-11 17:44:26,552] [INFO] [30075] PREPARE received from 30080 for REQUEST 1741682666245
[2025-03-11 17:44:26,552] [INFO] [30075] PREPARE received from 30143 for REQUEST 1741682666245
[2025-03-11 17:44:26,552] [INFO] [30075] PREPARE received from 30067 for REQUEST 1741682666245
[2025-03-11 17:44:26,552] [INFO] [30075] PREPARE received from 30152 for REQUEST 1741682666245
[2025-03-11 17:44:26,552] [INFO] [30075] PREPARE received from 30093 for REQUEST 1741682666245
[2025-03-11 17:44:26,552] [INFO] [30075] PREPARE received from 30118 for REQUEST 1741682666245
[2025-03-11 17:44:26,554] [INFO] [30075] PREPARE received from 30035 for REQUEST 1741682666245
[2025-03-11 17:44:26,560] [INFO] [30075] COMMIT received from 30080 for REQUEST 1741682666245
[2025-03-11 17:44:27,237] [INFO] [30075] COMMIT received from 30067 for REQUEST 1741682666245
[2025-03-11 17:44:27,237] [INFO] [30075] COMMIT complete. Sending PRE-REPLY: REQUEST 1741682666245 directly to Manager 30155
[2025-03-11 17:44:28,112] [INFO] [30075] PREPARE received from 30122 for REQUEST 1741682666245
[2025-03-11 17:44:28,112] [INFO] [30075] PREPARE received from 30149 for REQUEST 1741682666245
[2025-03-11 17:44:28,112] [INFO] [30075] COMMIT received from 30152 for REQUEST 1741682666245
[2025-03-11 17:44:28,124] [INFO] [30075] COMMIT received from 30159 for REQUEST 1741682666245
[2025-03-11 17:44:28,124] [INFO] [30075] COMMIT received from 30150 for REQUEST 1741682666245
[2025-03-11 17:44:28,124] [INFO] [30075] COMMIT received from 30102 for REQUEST 1741682666245
[2025-03-11 17:44:28,124] [INFO] [30075] COMMIT received from 30108 for REQUEST 1741682666245
[2025-03-11 17:44:28,124] [INFO] [30075] COMMIT received from 30024 for REQUEST 1741682666245
[2025-03-11 17:44:28,126] [INFO] [30075] PREPARE received from 30106 for REQUEST 1741682666245
[2025-03-11 17:44:28,126] [INFO] [30075] PREPARE received from 30069 for REQUEST 1741682666245
[2025-03-11 17:44:28,126] [INFO] [30075] PREPARE received from 30090 for REQUEST 1741682666245
[2025-03-11 17:44:28,126] [INFO] [30075] PREPARE received from 30131 for REQUEST 1741682666245
[2025-03-11 17:44:28,126] [INFO] [30075] PREPARE received from 30112 for REQUEST 1741682666245
[2025-03-11 17:44:28,126] [INFO] [30075] PREPARE received from 30013 for REQUEST 1741682666245
[2025-03-11 17:44:28,126] [INFO] [30075] PREPARE received from 30135 for REQUEST 1741682666245
[2025-03-11 17:44:28,126] [INFO] [30075] PREPARE received from 30082 for REQUEST 1741682666245
[2025-03-11 17:44:28,126] [INFO] [30075] PREPARE received from 30142 for REQUEST 1741682666245
[2025-03-11 17:44:28,128] [INFO] [30075] PREPARE received from 30039 for REQUEST 1741682666245
[2025-03-11 17:44:28,128] [INFO] [30075] PREPARE received from 30010 for REQUEST 1741682666245
[2025-03-11 17:44:28,128] [INFO] [30075] PREPARE received from 30026 for REQUEST 1741682666245
[2025-03-11 17:44:28,128] [INFO] [30075] COMMIT received from 30140 for REQUEST 1741682666245
[2025-03-11 17:44:28,128] [INFO] [30075] PREPARE received from 30148 for REQUEST 1741682666245
[2025-03-11 17:44:28,128] [INFO] [30075] COMMIT received from 30157 for REQUEST 1741682666245
[2025-03-11 17:44:28,128] [INFO] [30075] PREPARE received from 30159 for REQUEST 1741682666245
[2025-03-11 17:44:28,130] [INFO] [30075] COMMIT received from 30142 for REQUEST 1741682666245
[2025-03-11 17:44:28,130] [INFO] [30075] COMMIT received from 30035 for REQUEST 1741682666245
[2025-03-11 17:44:28,130] [INFO] [30075] PREPARE received from 30150 for REQUEST 1741682666245
[2025-03-11 17:44:28,130] [INFO] [30075] COMMIT received from 30118 for REQUEST 1741682666245
[2025-03-11 17:44:28,130] [INFO] [30075] PREPARE received from 30006 for REQUEST 1741682666245
[2025-03-11 17:44:28,130] [INFO] [30075] COMMIT received from 30143 for REQUEST 1741682666245
[2025-03-11 17:44:28,130] [INFO] [30075] PREPARE received from 30102 for REQUEST 1741682666245
[2025-03-11 17:44:28,130] [INFO] [30075] COMMIT received from 30148 for REQUEST 1741682666245
[2025-03-11 17:44:28,132] [INFO] [30075] COMMIT received from 30093 for REQUEST 1741682666245
[2025-03-11 17:44:28,132] [INFO] [30075] PREPARE received from 30108 for REQUEST 1741682666245
[2025-03-11 17:44:28,132] [INFO] [30075] COMMIT received from 30122 for REQUEST 1741682666245
[2025-03-11 17:44:28,132] [INFO] [30075] PREPARE received from 30024 for REQUEST 1741682666245
[2025-03-11 17:44:28,132] [INFO] [30075] COMMIT received from 30131 for REQUEST 1741682666245
[2025-03-11 17:44:28,132] [INFO] [30075] PREPARE received from 30037 for REQUEST 1741682666245
[2025-03-11 17:44:28,132] [INFO] [30075] COMMIT received from 30106 for REQUEST 1741682666245
[2025-03-11 17:44:28,132] [INFO] [30075] PREPARE received from 30098 for REQUEST 1741682666245
[2025-03-11 17:44:28,132] [INFO] [30075] COMMIT received from 30013 for REQUEST 1741682666245
[2025-03-11 17:44:28,132] [INFO] [30075] PREPARE received from 30041 for REQUEST 1741682666245
[2025-03-11 17:44:28,132] [INFO] [30075] COMMIT received from 30026 for REQUEST 1741682666245
[2025-03-11 17:44:28,132] [INFO] [30075] PREPARE received from 30079 for REQUEST 1741682666245
[2025-03-11 17:44:28,132] [INFO] [30075] COMMIT received from 30112 for REQUEST 1741682666245
[2025-03-11 17:44:28,132] [INFO] [30075] COMMIT received from 30135 for REQUEST 1741682666245
[2025-03-11 17:44:28,132] [INFO] [30075] COMMIT received from 30149 for REQUEST 1741682666245
[2025-03-11 17:44:28,132] [INFO] [30075] COMMIT received from 30069 for REQUEST 1741682666245
[2025-03-11 17:44:28,132] [INFO] [30075] COMMIT received from 30090 for REQUEST 1741682666245
[2025-03-11 17:44:28,132] [INFO] [30075] COMMIT received from 30039 for REQUEST 1741682666245
[2025-03-11 17:44:28,140] [INFO] [30075] COMMIT received from 30010 for REQUEST 1741682666245
[2025-03-11 17:44:28,140] [INFO] [30075] COMMIT received from 30082 for REQUEST 1741682666245
[2025-03-11 17:44:28,140] [INFO] [30075] COMMIT received from 30079 for REQUEST 1741682666245
[2025-03-11 17:44:28,140] [INFO] [30075] COMMIT received from 30098 for REQUEST 1741682666245
[2025-03-11 17:44:28,140] [INFO] [30075] COMMIT received from 30037 for REQUEST 1741682666245
[2025-03-11 17:44:28,161] [INFO] [30075] COMMIT received from 30041 for REQUEST 1741682666245
[2025-03-11 17:44:28,164] [INFO] [30075] PREPARE received from 30030 for REQUEST 1741682666245
[2025-03-11 17:44:28,164] [INFO] [30075] COMMIT received from 30030 for REQUEST 1741682666245
[2025-03-11 17:44:28,209] [INFO] [30075] COMMIT received from 30006 for REQUEST 1741682666245
[2025-03-11 17:47:45,118] [INFO] Node started: localhost:30075 | index=76 | f=1, k=4
[2025-03-11 17:48:11,897] [INFO] [30075] PRE-PREPARE received: {'request_id': 1741682891617, 'data': 'llapbft_message_1741682891617', 'timestamp': 1741682891.640408, 'leader': 30066, 'cluster_id': 3, 'cluster_ports': [30002, 30022, 30024, 30028, 30031, 30037, 30041, 30048, 30051, 30052, 30057, 30059, 30066, 30070, 30073, 30075, 30076, 30079, 30084, 30088, 30089, 30093, 30096, 30098, 30100, 30101, 30102, 30109, 30110, 30113, 30115, 30116, 30118, 30133, 30137, 30138, 30140, 30141, 30144, 30146, 30151, 30152, 30153, 30154, 30156, 30180, 30183, 30191, 30193, 30198], 'cluster_manager': {'host': 'localhost', 'port': 30133, 'latitude': 36.6274955, 'longitude': 127.4587659, 'altitude': 30, 'offset_m': 'lat: 99 m, lng: 23 m, alt: 30 m'}, 'simulated_delay': 0.00015, 'distance': 69.27500286448071, 'message_size_bits': 5400}
[2025-03-11 17:48:11,897] [INFO] [30075] Broadcasting PREPARE: REQUEST 1741682891617
[2025-03-11 17:48:12,087] [INFO] [30075] PREPARE received from 30088 for REQUEST 1741682891617
[2025-03-11 17:48:12,087] [INFO] [30075] Broadcasting COMMIT: REQUEST 1741682891617
[2025-03-11 17:48:12,281] [INFO] [30075] COMMIT received from 30088 for REQUEST 1741682891617
[2025-03-11 17:48:12,281] [INFO] [30075] PREPARE received from 30052 for REQUEST 1741682891617
[2025-03-11 17:48:12,341] [INFO] [30075] COMMIT received from 30052 for REQUEST 1741682891617
[2025-03-11 17:48:12,343] [INFO] [30075] COMMIT complete. Sending PRE-REPLY: REQUEST 1741682891617 directly to Manager 30133
[2025-03-11 17:48:12,401] [INFO] [30075] PREPARE received from 30073 for REQUEST 1741682891617
[2025-03-11 17:48:12,403] [INFO] [30075] COMMIT received from 30073 for REQUEST 1741682891617
[2025-03-11 17:48:12,444] [INFO] [30075] PREPARE received from 30100 for REQUEST 1741682891617
[2025-03-11 17:48:12,444] [INFO] [30075] PREPARE received from 30037 for REQUEST 1741682891617
[2025-03-11 17:48:12,446] [INFO] [30075] PREPARE received from 30138 for REQUEST 1741682891617
[2025-03-11 17:48:12,471] [INFO] [30075] COMMIT received from 30138 for REQUEST 1741682891617
[2025-03-11 17:48:12,473] [INFO] [30075] COMMIT received from 30100 for REQUEST 1741682891617
[2025-03-11 17:48:12,473] [INFO] [30075] COMMIT received from 30037 for REQUEST 1741682891617
[2025-03-11 17:48:12,829] [INFO] [30075] PREPARE received from 30079 for REQUEST 1741682891617
[2025-03-11 17:48:12,829] [INFO] [30075] COMMIT received from 30079 for REQUEST 1741682891617
[2025-03-11 17:48:12,857] [INFO] [30075] PREPARE received from 30146 for REQUEST 1741682891617
[2025-03-11 17:48:12,857] [INFO] [30075] COMMIT received from 30146 for REQUEST 1741682891617
[2025-03-11 17:48:13,076] [INFO] [30075] PREPARE received from 30096 for REQUEST 1741682891617
[2025-03-11 17:48:13,203] [INFO] [30075] COMMIT received from 30096 for REQUEST 1741682891617
[2025-03-11 17:48:13,828] [INFO] [30075] PREPARE received from 30151 for REQUEST 1741682891617
[2025-03-11 17:48:13,828] [INFO] [30075] COMMIT received from 30151 for REQUEST 1741682891617
[2025-03-11 17:48:13,973] [INFO] [30075] PREPARE received from 30093 for REQUEST 1741682891617
[2025-03-11 17:48:13,973] [INFO] [30075] PREPARE received from 30031 for REQUEST 1741682891617
[2025-03-11 17:48:13,973] [INFO] [30075] COMMIT received from 30093 for REQUEST 1741682891617
[2025-03-11 17:48:13,973] [INFO] [30075] COMMIT received from 30031 for REQUEST 1741682891617
[2025-03-11 17:48:14,148] [INFO] [30075] PREPARE received from 30098 for REQUEST 1741682891617
[2025-03-11 17:48:14,148] [INFO] [30075] PREPARE received from 30059 for REQUEST 1741682891617
[2025-03-11 17:48:14,152] [INFO] [30075] COMMIT received from 30183 for REQUEST 1741682891617
[2025-03-11 17:48:14,152] [INFO] [30075] COMMIT received from 30098 for REQUEST 1741682891617
[2025-03-11 17:48:14,152] [INFO] [30075] PREPARE received from 30183 for REQUEST 1741682891617
[2025-03-11 17:48:14,174] [INFO] [30075] COMMIT received from 30076 for REQUEST 1741682891617
[2025-03-11 17:48:14,174] [INFO] [30075] PREPARE received from 30076 for REQUEST 1741682891617
[2025-03-11 17:48:14,305] [INFO] [30075] COMMIT received from 30059 for REQUEST 1741682891617
[2025-03-11 17:48:14,305] [INFO] [30075] PREPARE received from 30156 for REQUEST 1741682891617
[2025-03-11 17:48:14,305] [INFO] [30075] COMMIT received from 30156 for REQUEST 1741682891617
[2025-03-11 17:48:14,498] [INFO] [30075] PREPARE received from 30153 for REQUEST 1741682891617
[2025-03-11 17:48:14,498] [INFO] [30075] COMMIT received from 30153 for REQUEST 1741682891617
[2025-03-11 17:48:14,778] [INFO] [30075] PREPARE received from 30118 for REQUEST 1741682891617
[2025-03-11 17:48:14,780] [INFO] [30075] PREPARE received from 30137 for REQUEST 1741682891617
[2025-03-11 17:48:14,780] [INFO] [30075] COMMIT received from 30137 for REQUEST 1741682891617
[2025-03-11 17:48:14,780] [INFO] [30075] COMMIT received from 30118 for REQUEST 1741682891617
[2025-03-11 17:48:15,077] [INFO] [30075] PREPARE received from 30057 for REQUEST 1741682891617
[2025-03-11 17:48:15,077] [INFO] [30075] PREPARE received from 30002 for REQUEST 1741682891617
[2025-03-11 17:48:15,079] [INFO] [30075] COMMIT received from 30101 for REQUEST 1741682891617
[2025-03-11 17:48:15,079] [INFO] [30075] COMMIT received from 30002 for REQUEST 1741682891617
[2025-03-11 17:48:15,079] [INFO] [30075] PREPARE received from 30101 for REQUEST 1741682891617
[2025-03-11 17:48:15,103] [INFO] [30075] COMMIT received from 30057 for REQUEST 1741682891617
[2025-03-11 17:48:15,442] [INFO] [30075] PREPARE received from 30022 for REQUEST 1741682891617
[2025-03-11 17:48:15,442] [INFO] [30075] COMMIT received from 30022 for REQUEST 1741682891617
[2025-03-11 17:48:15,442] [INFO] [30075] COMMIT received from 30141 for REQUEST 1741682891617
[2025-03-11 17:48:15,442] [INFO] [30075] PREPARE received from 30141 for REQUEST 1741682891617
[2025-03-11 17:48:15,900] [INFO] [30075] PREPARE received from 30116 for REQUEST 1741682891617
[2025-03-11 17:48:15,900] [INFO] [30075] PREPARE received from 30191 for REQUEST 1741682891617
[2025-03-11 17:48:15,900] [INFO] [30075] COMMIT received from 30116 for REQUEST 1741682891617
[2025-03-11 17:48:15,900] [INFO] [30075] COMMIT received from 30191 for REQUEST 1741682891617
[2025-03-11 17:48:15,920] [INFO] [30075] PREPARE received from 30084 for REQUEST 1741682891617
[2025-03-11 17:48:15,920] [INFO] [30075] PREPARE received from 30048 for REQUEST 1741682891617
[2025-03-11 17:48:15,920] [INFO] [30075] COMMIT received from 30084 for REQUEST 1741682891617
[2025-03-11 17:48:15,920] [INFO] [30075] COMMIT received from 30048 for REQUEST 1741682891617
[2025-03-11 17:48:16,013] [INFO] [30075] COMMIT received from 30066 for REQUEST 1741682891617
[2025-03-11 17:48:16,090] [INFO] [30075] PREPARE received from 30102 for REQUEST 1741682891617
[2025-03-11 17:48:16,090] [INFO] [30075] COMMIT received from 30102 for REQUEST 1741682891617
[2025-03-11 17:48:16,272] [INFO] [30075] PREPARE received from 30193 for REQUEST 1741682891617
[2025-03-11 17:48:16,299] [INFO] [30075] COMMIT received from 30110 for REQUEST 1741682891617
[2025-03-11 17:48:16,301] [INFO] [30075] COMMIT received from 30193 for REQUEST 1741682891617
[2025-03-11 17:48:16,301] [INFO] [30075] PREPARE received from 30110 for REQUEST 1741682891617
[2025-03-11 17:48:16,506] [INFO] [30075] PREPARE received from 30152 for REQUEST 1741682891617
[2025-03-11 17:48:16,506] [INFO] [30075] COMMIT received from 30152 for REQUEST 1741682891617
[2025-03-11 17:48:16,635] [INFO] [30075] PREPARE received from 30198 for REQUEST 1741682891617
[2025-03-11 17:48:16,635] [INFO] [30075] COMMIT received from 30198 for REQUEST 1741682891617
[2025-03-11 17:48:16,816] [INFO] [30075] PREPARE received from 30109 for REQUEST 1741682891617
[2025-03-11 17:48:16,836] [INFO] [30075] COMMIT received from 30109 for REQUEST 1741682891617
[2025-03-11 17:48:17,070] [INFO] [30075] PREPARE received from 30089 for REQUEST 1741682891617
[2025-03-11 17:48:17,070] [INFO] [30075] COMMIT received from 30089 for REQUEST 1741682891617
[2025-03-11 17:48:17,814] [INFO] [30075] PREPARE received from 30051 for REQUEST 1741682891617
[2025-03-11 17:48:17,826] [INFO] [30075] COMMIT received from 30051 for REQUEST 1741682891617
[2025-03-11 17:48:18,028] [INFO] [30075] PREPARE received from 30154 for REQUEST 1741682891617
[2025-03-11 17:48:18,120] [INFO] [30075] COMMIT received from 30154 for REQUEST 1741682891617
[2025-03-11 17:48:18,120] [INFO] [30075] PREPARE received from 30115 for REQUEST 1741682891617
[2025-03-11 17:48:18,120] [INFO] [30075] COMMIT received from 30115 for REQUEST 1741682891617
[2025-03-11 17:48:18,151] [INFO] [30075] PREPARE received from 30070 for REQUEST 1741682891617
[2025-03-11 17:48:18,153] [INFO] [30075] PREPARE received from 30140 for REQUEST 1741682891617
[2025-03-11 17:48:18,170] [INFO] [30075] COMMIT received from 30070 for REQUEST 1741682891617
[2025-03-11 17:48:18,170] [INFO] [30075] COMMIT received from 30024 for REQUEST 1741682891617
[2025-03-11 17:48:18,170] [INFO] [30075] COMMIT received from 30144 for REQUEST 1741682891617
[2025-03-11 17:48:18,170] [INFO] [30075] PREPARE received from 30144 for REQUEST 1741682891617
[2025-03-11 17:48:18,170] [INFO] [30075] COMMIT received from 30140 for REQUEST 1741682891617
[2025-03-11 17:48:18,173] [INFO] [30075] COMMIT received from 30113 for REQUEST 1741682891617
[2025-03-11 17:48:18,184] [INFO] [30075] PREPARE received from 30113 for REQUEST 1741682891617
[2025-03-11 17:48:18,186] [INFO] [30075] PREPARE received from 30024 for REQUEST 1741682891617
[2025-03-11 17:48:18,202] [INFO] [30075] PREPARE received from 30041 for REQUEST 1741682891617
[2025-03-11 17:48:18,214] [INFO] [30075] COMMIT received from 30041 for REQUEST 1741682891617
[2025-03-11 17:48:18,436] [INFO] [30075] PREPARE received from 30180 for REQUEST 1741682891617
[2025-03-11 17:48:18,477] [INFO] [30075] COMMIT received from 30180 for REQUEST 1741682891617
