[2025-03-11 17:38:28,663] [INFO] Node started: localhost:30062 | index=63 | f=1, k=4
[2025-03-11 17:38:33,669] [INFO] [30062] PRE-PREPARE received: {'request_id': 1741682313511, 'data': 'llapbft_message_1741682313511', 'timestamp': 1741682313.5429404, 'leader': 30018, 'cluster_id': 2, 'cluster_ports': [30017, 30018, 30022, 30023, 30030, 30033, 30039, 30040, 30042, 30044, 30045, 30046, 30047, 30049, 30054, 30059, 30061, 30062, 30063, 30065, 30066, 30070, 30073, 30076, 30078], 'cluster_manager': {'host': 'localhost', 'port': 30076, 'latitude': 36.6266151, 'longitude': 127.4594514, 'altitude': 117, 'offset_m': 'lat: 1 m, lng: 84 m, alt: 117 m'}, 'simulated_delay': 0.00016733333333333333, 'distance': 138.0581597166104, 'message_size_bits': 4016}
[2025-03-11 17:38:33,671] [INFO] [30062] Broadcasting PREPARE: REQUEST 1741682313511
[2025-03-11 17:38:33,740] [INFO] [30062] PREPARE received from 30044 for REQUEST 1741682313511
[2025-03-11 17:38:33,742] [INFO] [30062] Broadcasting COMMIT: REQUEST 1741682313511
[2025-03-11 17:38:33,845] [INFO] [30062] PREPARE received from 30022 for REQUEST 1741682313511
[2025-03-11 17:38:33,845] [INFO] [30062] PREPARE received from 30040 for REQUEST 1741682313511
[2025-03-11 17:38:33,845] [INFO] [30062] PREPARE received from 30073 for REQUEST 1741682313511
[2025-03-11 17:38:33,862] [INFO] [30062] COMMIT received from 30022 for REQUEST 1741682313511
[2025-03-11 17:38:33,862] [INFO] [30062] COMMIT received from 30040 for REQUEST 1741682313511
[2025-03-11 17:38:33,862] [INFO] [30062] COMMIT complete. Sending PRE-REPLY: REQUEST 1741682313511 directly to Manager 30076
[2025-03-11 17:38:33,877] [INFO] [30062] PREPARE received from 30033 for REQUEST 1741682313511
[2025-03-11 17:38:33,888] [INFO] [30062] PREPARE received from 30059 for REQUEST 1741682313511
[2025-03-11 17:38:33,896] [INFO] [30062] COMMIT received from 30059 for REQUEST 1741682313511
[2025-03-11 17:38:33,905] [INFO] [30062] PREPARE received from 30030 for REQUEST 1741682313511
[2025-03-11 17:38:33,905] [INFO] [30062] COMMIT received from 30030 for REQUEST 1741682313511
[2025-03-11 17:38:33,921] [INFO] [30062] COMMIT received from 30044 for REQUEST 1741682313511
[2025-03-11 17:38:33,921] [INFO] [30062] PREPARE received from 30042 for REQUEST 1741682313511
[2025-03-11 17:38:33,924] [INFO] [30062] COMMIT received from 30042 for REQUEST 1741682313511
[2025-03-11 17:38:33,935] [INFO] [30062] COMMIT received from 30033 for REQUEST 1741682313511
[2025-03-11 17:38:33,939] [INFO] [30062] COMMIT received from 30073 for REQUEST 1741682313511
[2025-03-11 17:38:33,945] [INFO] [30062] PREPARE received from 30065 for REQUEST 1741682313511
[2025-03-11 17:38:33,949] [INFO] [30062] COMMIT received from 30065 for REQUEST 1741682313511
[2025-03-11 17:38:33,949] [INFO] [30062] PREPARE received from 30063 for REQUEST 1741682313511
[2025-03-11 17:38:33,949] [INFO] [30062] COMMIT received from 30063 for REQUEST 1741682313511
[2025-03-11 17:38:33,952] [INFO] [30062] PREPARE received from 30049 for REQUEST 1741682313511
[2025-03-11 17:38:33,960] [INFO] [30062] PREPARE received from 30047 for REQUEST 1741682313511
[2025-03-11 17:38:33,962] [INFO] [30062] COMMIT received from 30047 for REQUEST 1741682313511
[2025-03-11 17:38:33,968] [INFO] [30062] COMMIT received from 30066 for REQUEST 1741682313511
[2025-03-11 17:38:33,971] [INFO] [30062] COMMIT received from 30078 for REQUEST 1741682313511
[2025-03-11 17:38:33,971] [INFO] [30062] PREPARE received from 30066 for REQUEST 1741682313511
[2025-03-11 17:38:33,971] [INFO] [30062] PREPARE received from 30078 for REQUEST 1741682313511
[2025-03-11 17:38:33,971] [INFO] [30062] COMMIT received from 30018 for REQUEST 1741682313511
[2025-03-11 17:38:33,971] [INFO] [30062] PREPARE received from 30054 for REQUEST 1741682313511
[2025-03-11 17:38:33,971] [INFO] [30062] COMMIT received from 30049 for REQUEST 1741682313511
[2025-03-11 17:38:33,988] [INFO] [30062] COMMIT received from 30054 for REQUEST 1741682313511
[2025-03-11 17:38:33,999] [INFO] [30062] PREPARE received from 30061 for REQUEST 1741682313511
[2025-03-11 17:38:33,999] [INFO] [30062] PREPARE received from 30046 for REQUEST 1741682313511
[2025-03-11 17:38:34,000] [INFO] [30062] PREPARE received from 30070 for REQUEST 1741682313511
[2025-03-11 17:38:34,000] [INFO] [30062] COMMIT received from 30046 for REQUEST 1741682313511
[2025-03-11 17:38:34,003] [INFO] [30062] COMMIT received from 30070 for REQUEST 1741682313511
[2025-03-11 17:38:34,003] [INFO] [30062] COMMIT received from 30061 for REQUEST 1741682313511
[2025-03-11 17:38:34,003] [INFO] [30062] PREPARE received from 30017 for REQUEST 1741682313511
[2025-03-11 17:38:34,006] [INFO] [30062] PREPARE received from 30039 for REQUEST 1741682313511
[2025-03-11 17:38:34,007] [INFO] [30062] COMMIT received from 30039 for REQUEST 1741682313511
[2025-03-11 17:38:34,007] [INFO] [30062] COMMIT received from 30017 for REQUEST 1741682313511
[2025-03-11 17:38:34,011] [INFO] [30062] PREPARE received from 30023 for REQUEST 1741682313511
[2025-03-11 17:38:34,011] [INFO] [30062] PREPARE received from 30045 for REQUEST 1741682313511
[2025-03-11 17:38:34,015] [INFO] [30062] COMMIT received from 30023 for REQUEST 1741682313511
[2025-03-11 17:38:34,015] [INFO] [30062] COMMIT received from 30045 for REQUEST 1741682313511
[2025-03-11 17:40:57,337] [INFO] Node started: localhost:30062 | index=63 | f=1, k=4
[2025-03-11 17:41:09,529] [INFO] [30062] PRE-PREPARE received: {'request_id': 1741682469395, 'data': 'llapbft_message_1741682469395', 'timestamp': 1741682469.412458, 'leader': 30022, 'cluster_id': 2, 'cluster_ports': [30010, 30013, 30020, 30022, 30026, 30030, 30031, 30032, 30034, 30042, 30056, 30058, 30059, 30062, 30080, 30082, 30083, 30084, 30088, 30090, 30091, 30092, 30093, 30096, 30097, 30098, 30100, 30103, 30105, 30106, 30108, 30109], 'cluster_manager': {'host': 'localhost', 'port': 30059, 'latitude': 36.6267944, 'longitude': 127.4592355, 'altitude': 23, 'offset_m': 'lat: 21 m, lng: 65 m, alt: 23 m'}, 'simulated_delay': 0.000244, 'distance': 188.96638489003578, 'message_size_bits': 4392}
[2025-03-11 17:41:09,529] [INFO] [30062] Broadcasting PREPARE: REQUEST 1741682469395
[2025-03-11 17:41:09,802] [INFO] [30062] PREPARE received from 30084 for REQUEST 1741682469395
[2025-03-11 17:41:09,804] [INFO] [30062] Broadcasting COMMIT: REQUEST 1741682469395
[2025-03-11 17:41:09,804] [INFO] [30062] PREPARE received from 30083 for REQUEST 1741682469395
[2025-03-11 17:41:09,804] [INFO] [30062] PREPARE received from 30106 for REQUEST 1741682469395
[2025-03-11 17:41:09,804] [INFO] [30062] PREPARE received from 30091 for REQUEST 1741682469395
[2025-03-11 17:41:09,817] [INFO] [30062] PREPARE received from 30082 for REQUEST 1741682469395
[2025-03-11 17:41:09,828] [INFO] [30062] PREPARE received from 30058 for REQUEST 1741682469395
[2025-03-11 17:41:09,959] [INFO] [30062] PREPARE received from 30056 for REQUEST 1741682469395
[2025-03-11 17:41:10,043] [INFO] [30062] COMMIT received from 30082 for REQUEST 1741682469395
[2025-03-11 17:41:10,043] [INFO] [30062] COMMIT received from 30084 for REQUEST 1741682469395
[2025-03-11 17:41:10,043] [INFO] [30062] COMMIT complete. Sending PRE-REPLY: REQUEST 1741682469395 directly to Manager 30059
[2025-03-11 17:41:10,065] [INFO] [30062] COMMIT received from 30056 for REQUEST 1741682469395
[2025-03-11 17:41:10,103] [INFO] [30062] PREPARE received from 30093 for REQUEST 1741682469395
[2025-03-11 17:41:10,103] [INFO] [30062] COMMIT received from 30091 for REQUEST 1741682469395
[2025-03-11 17:41:10,116] [INFO] [30062] COMMIT received from 30093 for REQUEST 1741682469395
[2025-03-11 17:41:10,122] [INFO] [30062] COMMIT received from 30106 for REQUEST 1741682469395
[2025-03-11 17:41:10,122] [INFO] [30062] COMMIT received from 30083 for REQUEST 1741682469395
[2025-03-11 17:41:10,122] [INFO] [30062] PREPARE received from 30109 for REQUEST 1741682469395
[2025-03-11 17:41:10,154] [INFO] [30062] COMMIT received from 30109 for REQUEST 1741682469395
[2025-03-11 17:41:10,202] [INFO] [30062] COMMIT received from 30058 for REQUEST 1741682469395
[2025-03-11 17:41:10,269] [INFO] [30062] PREPARE received from 30096 for REQUEST 1741682469395
[2025-03-11 17:41:10,269] [INFO] [30062] COMMIT received from 30096 for REQUEST 1741682469395
[2025-03-11 17:41:10,396] [INFO] [30062] PREPARE received from 30013 for REQUEST 1741682469395
[2025-03-11 17:41:10,407] [INFO] [30062] PREPARE received from 30031 for REQUEST 1741682469395
[2025-03-11 17:41:10,425] [INFO] [30062] COMMIT received from 30013 for REQUEST 1741682469395
[2025-03-11 17:41:10,425] [INFO] [30062] PREPARE received from 30026 for REQUEST 1741682469395
[2025-03-11 17:41:10,425] [INFO] [30062] COMMIT received from 30031 for REQUEST 1741682469395
[2025-03-11 17:41:10,524] [INFO] [30062] PREPARE received from 30090 for REQUEST 1741682469395
[2025-03-11 17:41:10,524] [INFO] [30062] COMMIT received from 30026 for REQUEST 1741682469395
[2025-03-11 17:41:10,548] [INFO] [30062] COMMIT received from 30090 for REQUEST 1741682469395
[2025-03-11 17:41:10,556] [INFO] [30062] COMMIT received from 30022 for REQUEST 1741682469395
[2025-03-11 17:41:10,556] [INFO] [30062] PREPARE received from 30097 for REQUEST 1741682469395
[2025-03-11 17:41:10,556] [INFO] [30062] COMMIT received from 30097 for REQUEST 1741682469395
[2025-03-11 17:41:10,564] [INFO] [30062] PREPARE received from 30032 for REQUEST 1741682469395
[2025-03-11 17:41:10,566] [INFO] [30062] PREPARE received from 30010 for REQUEST 1741682469395
[2025-03-11 17:41:10,566] [INFO] [30062] PREPARE received from 30088 for REQUEST 1741682469395
[2025-03-11 17:41:10,577] [INFO] [30062] COMMIT received from 30042 for REQUEST 1741682469395
[2025-03-11 17:41:10,580] [INFO] [30062] COMMIT received from 30032 for REQUEST 1741682469395
[2025-03-11 17:41:10,580] [INFO] [30062] COMMIT received from 30010 for REQUEST 1741682469395
[2025-03-11 17:41:10,580] [INFO] [30062] COMMIT received from 30088 for REQUEST 1741682469395
[2025-03-11 17:41:10,596] [INFO] [30062] PREPARE received from 30042 for REQUEST 1741682469395
[2025-03-11 17:41:10,596] [INFO] [30062] PREPARE received from 30034 for REQUEST 1741682469395
[2025-03-11 17:41:10,614] [INFO] [30062] COMMIT received from 30034 for REQUEST 1741682469395
[2025-03-11 17:41:10,614] [INFO] [30062] PREPARE received from 30108 for REQUEST 1741682469395
[2025-03-11 17:41:10,636] [INFO] [30062] COMMIT received from 30108 for REQUEST 1741682469395
[2025-03-11 17:41:10,636] [INFO] [30062] PREPARE received from 30030 for REQUEST 1741682469395
[2025-03-11 17:41:10,643] [INFO] [30062] COMMIT received from 30030 for REQUEST 1741682469395
[2025-03-11 17:41:10,669] [INFO] [30062] PREPARE received from 30103 for REQUEST 1741682469395
[2025-03-11 17:41:10,669] [INFO] [30062] COMMIT received from 30103 for REQUEST 1741682469395
[2025-03-11 17:41:10,742] [INFO] [30062] PREPARE received from 30092 for REQUEST 1741682469395
[2025-03-11 17:41:10,742] [INFO] [30062] COMMIT received from 30092 for REQUEST 1741682469395
[2025-03-11 17:41:10,754] [INFO] [30062] PREPARE received from 30020 for REQUEST 1741682469395
[2025-03-11 17:41:10,754] [INFO] [30062] COMMIT received from 30020 for REQUEST 1741682469395
[2025-03-11 17:44:05,770] [INFO] Node started: localhost:30062 | index=63 | f=1, k=4
[2025-03-11 17:44:26,328] [INFO] [30062] PRE-PREPARE received: {'request_id': 1741682666245, 'data': 'llapbft_message_1741682666245', 'timestamp': 1741682666.2776651, 'leader': 30000, 'cluster_id': 0, 'cluster_ports': [30000, 30003, 30007, 30016, 30019, 30020, 30023, 30025, 30027, 30028, 30031, 30032, 30034, 30038, 30044, 30047, 30048, 30050, 30054, 30055, 30058, 30062, 30065, 30066, 30071, 30077, 30078, 30083, 30097, 30101, 30113, 30114, 30116, 30120, 30124, 30128, 30134, 30136, 30141, 30144, 30146, 30151, 30154, 30156], 'cluster_manager': {'host': 'localhost', 'port': 30114, 'latitude': 36.6267099, 'longitude': 127.4591412, 'altitude': 98, 'offset_m': 'lat: 12 m, lng: 57 m, alt: 98 m'}, 'simulated_delay': 0, 'distance': 100.13330604096825, 'message_size_bits': 5072}
[2025-03-11 17:44:26,328] [INFO] [30062] Broadcasting PREPARE: REQUEST 1741682666245
[2025-03-11 17:44:27,033] [INFO] [30062] COMMIT received from 30058 for REQUEST 1741682666245
[2025-03-11 17:44:27,033] [INFO] [30062] PREPARE received from 30028 for REQUEST 1741682666245
[2025-03-11 17:44:27,033] [INFO] [30062] Broadcasting COMMIT: REQUEST 1741682666245
[2025-03-11 17:44:27,035] [INFO] [30062] COMMIT received from 30016 for REQUEST 1741682666245
[2025-03-11 17:44:27,035] [INFO] [30062] COMMIT complete. Sending PRE-REPLY: REQUEST 1741682666245 directly to Manager 30114
[2025-03-11 17:44:27,035] [INFO] [30062] PREPARE received from 30020 for REQUEST 1741682666245
[2025-03-11 17:44:27,037] [INFO] [30062] COMMIT received from 30146 for REQUEST 1741682666245
[2025-03-11 17:44:27,037] [INFO] [30062] PREPARE received from 30055 for REQUEST 1741682666245
[2025-03-11 17:44:27,037] [INFO] [30062] PREPARE received from 30146 for REQUEST 1741682666245
[2025-03-11 17:44:27,037] [INFO] [30062] COMMIT received from 30055 for REQUEST 1741682666245
[2025-03-11 17:44:27,037] [INFO] [30062] PREPARE received from 30136 for REQUEST 1741682666245
[2025-03-11 17:44:27,037] [INFO] [30062] PREPARE received from 30065 for REQUEST 1741682666245
[2025-03-11 17:44:27,037] [INFO] [30062] PREPARE received from 30058 for REQUEST 1741682666245
[2025-03-11 17:44:27,037] [INFO] [30062] PREPARE received from 30016 for REQUEST 1741682666245
[2025-03-11 17:44:27,037] [INFO] [30062] COMMIT received from 30136 for REQUEST 1741682666245
[2025-03-11 17:44:27,066] [INFO] [30062] COMMIT received from 30065 for REQUEST 1741682666245
[2025-03-11 17:44:27,066] [INFO] [30062] PREPARE received from 30047 for REQUEST 1741682666245
[2025-03-11 17:44:27,082] [INFO] [30062] COMMIT received from 30047 for REQUEST 1741682666245
[2025-03-11 17:44:27,093] [INFO] [30062] PREPARE received from 30097 for REQUEST 1741682666245
[2025-03-11 17:44:27,381] [INFO] [30062] COMMIT received from 30020 for REQUEST 1741682666245
[2025-03-11 17:44:27,431] [INFO] [30062] COMMIT received from 30028 for REQUEST 1741682666245
[2025-03-11 17:44:27,493] [INFO] [30062] COMMIT received from 30097 for REQUEST 1741682666245
[2025-03-11 17:44:27,493] [INFO] [30062] PREPARE received from 30031 for REQUEST 1741682666245
[2025-03-11 17:44:27,493] [INFO] [30062] COMMIT received from 30128 for REQUEST 1741682666245
[2025-03-11 17:44:27,493] [INFO] [30062] PREPARE received from 30128 for REQUEST 1741682666245
[2025-03-11 17:44:27,493] [INFO] [30062] COMMIT received from 30031 for REQUEST 1741682666245
[2025-03-11 17:44:27,600] [INFO] [30062] PREPARE received from 30154 for REQUEST 1741682666245
[2025-03-11 17:44:27,600] [INFO] [30062] PREPARE received from 30044 for REQUEST 1741682666245
[2025-03-11 17:44:27,623] [INFO] [30062] COMMIT received from 30044 for REQUEST 1741682666245
[2025-03-11 17:44:27,625] [INFO] [30062] COMMIT received from 30154 for REQUEST 1741682666245
[2025-03-11 17:44:27,725] [INFO] [30062] PREPARE received from 30078 for REQUEST 1741682666245
[2025-03-11 17:44:27,738] [INFO] [30062] PREPARE received from 30019 for REQUEST 1741682666245
[2025-03-11 17:44:27,738] [INFO] [30062] COMMIT received from 30078 for REQUEST 1741682666245
[2025-03-11 17:44:27,762] [INFO] [30062] PREPARE received from 30003 for REQUEST 1741682666245
[2025-03-11 17:44:27,763] [INFO] [30062] PREPARE received from 30054 for REQUEST 1741682666245
[2025-03-11 17:44:27,765] [INFO] [30062] COMMIT received from 30054 for REQUEST 1741682666245
[2025-03-11 17:44:27,776] [INFO] [30062] COMMIT received from 30050 for REQUEST 1741682666245
[2025-03-11 17:44:27,776] [INFO] [30062] COMMIT received from 30003 for REQUEST 1741682666245
[2025-03-11 17:44:27,813] [INFO] [30062] PREPARE received from 30050 for REQUEST 1741682666245
[2025-03-11 17:44:27,821] [INFO] [30062] PREPARE received from 30027 for REQUEST 1741682666245
[2025-03-11 17:44:27,854] [INFO] [30062] PREPARE received from 30083 for REQUEST 1741682666245
[2025-03-11 17:44:27,921] [INFO] [30062] COMMIT received from 30083 for REQUEST 1741682666245
[2025-03-11 17:44:27,932] [INFO] [30062] PREPARE received from 30025 for REQUEST 1741682666245
[2025-03-11 17:44:27,932] [INFO] [30062] COMMIT received from 30027 for REQUEST 1741682666245
[2025-03-11 17:44:27,945] [INFO] [30062] COMMIT received from 30141 for REQUEST 1741682666245
[2025-03-11 17:44:27,945] [INFO] [30062] COMMIT received from 30025 for REQUEST 1741682666245
[2025-03-11 17:44:27,960] [INFO] [30062] PREPARE received from 30141 for REQUEST 1741682666245
[2025-03-11 17:44:27,993] [INFO] [30062] COMMIT received from 30019 for REQUEST 1741682666245
[2025-03-11 17:44:28,205] [INFO] [30062] COMMIT received from 30000 for REQUEST 1741682666245
[2025-03-11 17:44:28,205] [INFO] [30062] PREPARE received from 30071 for REQUEST 1741682666245
[2025-03-11 17:44:28,268] [INFO] [30062] COMMIT received from 30071 for REQUEST 1741682666245
[2025-03-11 17:44:28,268] [INFO] [30062] PREPARE received from 30038 for REQUEST 1741682666245
[2025-03-11 17:44:28,271] [INFO] [30062] COMMIT received from 30038 for REQUEST 1741682666245
[2025-03-11 17:44:28,694] [INFO] [30062] PREPARE received from 30124 for REQUEST 1741682666245
[2025-03-11 17:44:28,694] [INFO] [30062] PREPARE received from 30023 for REQUEST 1741682666245
[2025-03-11 17:44:28,694] [INFO] [30062] COMMIT received from 30124 for REQUEST 1741682666245
[2025-03-11 17:44:28,694] [INFO] [30062] COMMIT received from 30023 for REQUEST 1741682666245
[2025-03-11 17:44:28,915] [INFO] [30062] PREPARE received from 30034 for REQUEST 1741682666245
[2025-03-11 17:44:28,915] [INFO] [30062] PREPARE received from 30116 for REQUEST 1741682666245
[2025-03-11 17:44:28,917] [INFO] [30062] PREPARE received from 30144 for REQUEST 1741682666245
[2025-03-11 17:44:28,917] [INFO] [30062] PREPARE received from 30048 for REQUEST 1741682666245
[2025-03-11 17:44:28,917] [INFO] [30062] COMMIT received from 30144 for REQUEST 1741682666245
[2025-03-11 17:44:28,917] [INFO] [30062] COMMIT received from 30048 for REQUEST 1741682666245
[2025-03-11 17:44:28,917] [INFO] [30062] COMMIT received from 30116 for REQUEST 1741682666245
[2025-03-11 17:44:28,919] [INFO] [30062] COMMIT received from 30156 for REQUEST 1741682666245
[2025-03-11 17:44:28,919] [INFO] [30062] COMMIT received from 30034 for REQUEST 1741682666245
[2025-03-11 17:44:28,937] [INFO] [30062] PREPARE received from 30156 for REQUEST 1741682666245
[2025-03-11 17:44:29,058] [INFO] [30062] PREPARE received from 30113 for REQUEST 1741682666245
[2025-03-11 17:44:29,068] [INFO] [30062] COMMIT received from 30113 for REQUEST 1741682666245
[2025-03-11 17:44:29,156] [INFO] [30062] PREPARE received from 30066 for REQUEST 1741682666245
[2025-03-11 17:44:29,156] [INFO] [30062] COMMIT received from 30066 for REQUEST 1741682666245
[2025-03-11 17:44:29,189] [INFO] [30062] PREPARE received from 30101 for REQUEST 1741682666245
[2025-03-11 17:44:29,191] [INFO] [30062] COMMIT received from 30101 for REQUEST 1741682666245
[2025-03-11 17:44:29,236] [INFO] [30062] PREPARE received from 30032 for REQUEST 1741682666245
[2025-03-11 17:44:29,236] [INFO] [30062] COMMIT received from 30032 for REQUEST 1741682666245
[2025-03-11 17:44:29,238] [INFO] [30062] PREPARE received from 30120 for REQUEST 1741682666245
[2025-03-11 17:44:29,243] [INFO] [30062] COMMIT received from 30120 for REQUEST 1741682666245
[2025-03-11 17:44:29,332] [INFO] [30062] PREPARE received from 30077 for REQUEST 1741682666245
[2025-03-11 17:44:29,332] [INFO] [30062] COMMIT received from 30077 for REQUEST 1741682666245
[2025-03-11 17:44:29,423] [INFO] [30062] PREPARE received from 30134 for REQUEST 1741682666245
[2025-03-11 17:44:29,423] [INFO] [30062] COMMIT received from 30134 for REQUEST 1741682666245
[2025-03-11 17:44:29,465] [INFO] [30062] PREPARE received from 30151 for REQUEST 1741682666245
[2025-03-11 17:44:29,465] [INFO] [30062] COMMIT received from 30151 for REQUEST 1741682666245
[2025-03-11 17:47:42,508] [INFO] Node started: localhost:30062 | index=63 | f=1, k=4
[2025-03-11 17:48:11,723] [INFO] [30062] PRE-PREPARE received: {'request_id': 1741682891617, 'data': 'llapbft_message_1741682891617', 'timestamp': 1741682891.640408, 'leader': 30004, 'cluster_id': 0, 'cluster_ports': [30000, 30003, 30004, 30005, 30013, 30016, 30018, 30026, 30027, 30032, 30033, 30035, 30038, 30040, 30042, 30043, 30047, 30053, 30055, 30058, 30060, 30062, 30067, 30069, 30078, 30081, 30082, 30086, 30090, 30092, 30095, 30111, 30117, 30121, 30123, 30127, 30132, 30142, 30143, 30157, 30162, 30164, 30168, 30169, 30170, 30171, 30175, 30177, 30178, 30182, 30190, 30195, 30196], 'cluster_manager': {'host': 'localhost', 'port': 30092, 'latitude': 36.6274499, 'longitude': 127.4590589, 'altitude': 27, 'offset_m': 'lat: 94 m, lng: 49 m, alt: 27 m'}, 'simulated_delay': 0.00030933333333333334, 'distance': 170.52416692314864, 'message_size_bits': 5568}
[2025-03-11 17:48:11,723] [INFO] [30062] Broadcasting PREPARE: REQUEST 1741682891617
[2025-03-11 17:48:12,512] [INFO] [30062] PREPARE received from 30178 for REQUEST 1741682891617
[2025-03-11 17:48:12,512] [INFO] [30062] Broadcasting COMMIT: REQUEST 1741682891617
[2025-03-11 17:48:12,514] [INFO] [30062] PREPARE received from 30032 for REQUEST 1741682891617
[2025-03-11 17:48:12,514] [INFO] [30062] PREPARE received from 30190 for REQUEST 1741682891617
[2025-03-11 17:48:12,514] [INFO] [30062] PREPARE received from 30026 for REQUEST 1741682891617
[2025-03-11 17:48:12,630] [INFO] [30062] PREPARE received from 30182 for REQUEST 1741682891617
[2025-03-11 17:48:12,630] [INFO] [30062] PREPARE received from 30195 for REQUEST 1741682891617
[2025-03-11 17:48:12,630] [INFO] [30062] PREPARE received from 30003 for REQUEST 1741682891617
[2025-03-11 17:48:12,763] [INFO] [30062] PREPARE received from 30067 for REQUEST 1741682891617
[2025-03-11 17:48:12,763] [INFO] [30062] PREPARE received from 30086 for REQUEST 1741682891617
[2025-03-11 17:48:12,954] [INFO] [30062] COMMIT received from 30195 for REQUEST 1741682891617
[2025-03-11 17:48:13,447] [INFO] [30062] PREPARE received from 30033 for REQUEST 1741682891617
[2025-03-11 17:48:13,589] [INFO] [30062] PREPARE received from 30175 for REQUEST 1741682891617
[2025-03-11 17:48:13,589] [INFO] [30062] PREPARE received from 30171 for REQUEST 1741682891617
[2025-03-11 17:48:13,722] [INFO] [30062] COMMIT received from 30032 for REQUEST 1741682891617
[2025-03-11 17:48:13,722] [INFO] [30062] COMMIT complete. Sending PRE-REPLY: REQUEST 1741682891617 directly to Manager 30092
[2025-03-11 17:48:13,843] [INFO] [30062] PREPARE received from 30164 for REQUEST 1741682891617
[2025-03-11 17:48:13,845] [INFO] [30062] COMMIT received from 30026 for REQUEST 1741682891617
[2025-03-11 17:48:13,845] [INFO] [30062] PREPARE received from 30035 for REQUEST 1741682891617
[2025-03-11 17:48:13,845] [INFO] [30062] COMMIT received from 30178 for REQUEST 1741682891617
[2025-03-11 17:48:13,845] [INFO] [30062] COMMIT received from 30190 for REQUEST 1741682891617
[2025-03-11 17:48:13,845] [INFO] [30062] PREPARE received from 30005 for REQUEST 1741682891617
[2025-03-11 17:48:13,845] [INFO] [30062] PREPARE received from 30090 for REQUEST 1741682891617
[2025-03-11 17:48:13,845] [INFO] [30062] COMMIT received from 30086 for REQUEST 1741682891617
[2025-03-11 17:48:13,845] [INFO] [30062] COMMIT received from 30005 for REQUEST 1741682891617
[2025-03-11 17:48:13,926] [INFO] [30062] PREPARE received from 30069 for REQUEST 1741682891617
[2025-03-11 17:48:14,029] [INFO] [30062] PREPARE received from 30177 for REQUEST 1741682891617
[2025-03-11 17:48:14,029] [INFO] [30062] COMMIT received from 30164 for REQUEST 1741682891617
[2025-03-11 17:48:14,031] [INFO] [30062] PREPARE received from 30027 for REQUEST 1741682891617
[2025-03-11 17:48:14,031] [INFO] [30062] COMMIT received from 30069 for REQUEST 1741682891617
[2025-03-11 17:48:14,031] [INFO] [30062] COMMIT received from 30177 for REQUEST 1741682891617
[2025-03-11 17:48:14,158] [INFO] [30062] PREPARE received from 30157 for REQUEST 1741682891617
[2025-03-11 17:48:14,158] [INFO] [30062] PREPARE received from 30117 for REQUEST 1741682891617
[2025-03-11 17:48:14,164] [INFO] [30062] COMMIT received from 30003 for REQUEST 1741682891617
[2025-03-11 17:48:14,164] [INFO] [30062] COMMIT received from 30117 for REQUEST 1741682891617
[2025-03-11 17:48:14,164] [INFO] [30062] PREPARE received from 30162 for REQUEST 1741682891617
[2025-03-11 17:48:14,164] [INFO] [30062] COMMIT received from 30067 for REQUEST 1741682891617
[2025-03-11 17:48:14,164] [INFO] [30062] COMMIT received from 30157 for REQUEST 1741682891617
[2025-03-11 17:48:14,164] [INFO] [30062] COMMIT received from 30162 for REQUEST 1741682891617
[2025-03-11 17:48:14,299] [INFO] [30062] COMMIT received from 30182 for REQUEST 1741682891617
[2025-03-11 17:48:14,345] [INFO] [30062] COMMIT received from 30170 for REQUEST 1741682891617
[2025-03-11 17:48:14,419] [INFO] [30062] PREPARE received from 30170 for REQUEST 1741682891617
[2025-03-11 17:48:14,501] [INFO] [30062] PREPARE received from 30132 for REQUEST 1741682891617
[2025-03-11 17:48:14,501] [INFO] [30062] COMMIT received from 30132 for REQUEST 1741682891617
[2025-03-11 17:48:14,501] [INFO] [30062] COMMIT received from 30171 for REQUEST 1741682891617
[2025-03-11 17:48:14,503] [INFO] [30062] PREPARE received from 30053 for REQUEST 1741682891617
[2025-03-11 17:48:14,726] [INFO] [30062] COMMIT received from 30033 for REQUEST 1741682891617
[2025-03-11 17:48:14,760] [INFO] [30062] PREPARE received from 30047 for REQUEST 1741682891617
[2025-03-11 17:48:14,760] [INFO] [30062] COMMIT received from 30047 for REQUEST 1741682891617
[2025-03-11 17:48:14,884] [INFO] [30062] COMMIT received from 30027 for REQUEST 1741682891617
[2025-03-11 17:48:14,884] [INFO] [30062] PREPARE received from 30123 for REQUEST 1741682891617
[2025-03-11 17:48:14,884] [INFO] [30062] COMMIT received from 30123 for REQUEST 1741682891617
[2025-03-11 17:48:14,940] [INFO] [30062] PREPARE received from 30042 for REQUEST 1741682891617
[2025-03-11 17:48:15,129] [INFO] [30062] COMMIT received from 30055 for REQUEST 1741682891617
[2025-03-11 17:48:15,131] [INFO] [30062] PREPARE received from 30055 for REQUEST 1741682891617
[2025-03-11 17:48:15,145] [INFO] [30062] COMMIT received from 30058 for REQUEST 1741682891617
[2025-03-11 17:48:15,150] [INFO] [30062] PREPARE received from 30058 for REQUEST 1741682891617
[2025-03-11 17:48:15,325] [INFO] [30062] COMMIT received from 30175 for REQUEST 1741682891617
[2025-03-11 17:48:15,325] [INFO] [30062] PREPARE received from 30078 for REQUEST 1741682891617
[2025-03-11 17:48:15,329] [INFO] [30062] COMMIT received from 30078 for REQUEST 1741682891617
[2025-03-11 17:48:15,436] [INFO] [30062] COMMIT received from 30035 for REQUEST 1741682891617
[2025-03-11 17:48:15,552] [INFO] [30062] PREPARE received from 30040 for REQUEST 1741682891617
[2025-03-11 17:48:15,567] [INFO] [30062] COMMIT received from 30040 for REQUEST 1741682891617
[2025-03-11 17:48:15,707] [INFO] [30062] PREPARE received from 30018 for REQUEST 1741682891617
[2025-03-11 17:48:15,719] [INFO] [30062] COMMIT received from 30090 for REQUEST 1741682891617
[2025-03-11 17:48:15,792] [INFO] [30062] PREPARE received from 30081 for REQUEST 1741682891617
[2025-03-11 17:48:15,893] [INFO] [30062] COMMIT received from 30081 for REQUEST 1741682891617
[2025-03-11 17:48:15,948] [INFO] [30062] COMMIT received from 30053 for REQUEST 1741682891617
[2025-03-11 17:48:15,968] [INFO] [30062] COMMIT received from 30004 for REQUEST 1741682891617
[2025-03-11 17:48:16,123] [INFO] [30062] COMMIT received from 30018 for REQUEST 1741682891617
[2025-03-11 17:48:16,241] [INFO] [30062] PREPARE received from 30111 for REQUEST 1741682891617
[2025-03-11 17:48:16,241] [INFO] [30062] COMMIT received from 30111 for REQUEST 1741682891617
[2025-03-11 17:48:16,260] [INFO] [30062] COMMIT received from 30042 for REQUEST 1741682891617
[2025-03-11 17:48:16,429] [INFO] [30062] PREPARE received from 30043 for REQUEST 1741682891617
[2025-03-11 17:48:16,469] [INFO] [30062] COMMIT received from 30043 for REQUEST 1741682891617
[2025-03-11 17:48:16,478] [INFO] [30062] PREPARE received from 30000 for REQUEST 1741682891617
[2025-03-11 17:48:16,559] [INFO] [30062] COMMIT received from 30000 for REQUEST 1741682891617
[2025-03-11 17:48:16,580] [INFO] [30062] COMMIT received from 30016 for REQUEST 1741682891617
[2025-03-11 17:48:16,580] [INFO] [30062] PREPARE received from 30016 for REQUEST 1741682891617
[2025-03-11 17:48:16,631] [INFO] [30062] PREPARE received from 30168 for REQUEST 1741682891617
[2025-03-11 17:48:16,631] [INFO] [30062] COMMIT received from 30168 for REQUEST 1741682891617
[2025-03-11 17:48:16,889] [INFO] [30062] PREPARE received from 30013 for REQUEST 1741682891617
[2025-03-11 17:48:16,889] [INFO] [30062] COMMIT received from 30013 for REQUEST 1741682891617
[2025-03-11 17:48:16,907] [INFO] [30062] PREPARE received from 30196 for REQUEST 1741682891617
[2025-03-11 17:48:16,907] [INFO] [30062] COMMIT received from 30196 for REQUEST 1741682891617
[2025-03-11 17:48:17,006] [INFO] [30062] PREPARE received from 30038 for REQUEST 1741682891617
[2025-03-11 17:48:17,006] [INFO] [30062] COMMIT received from 30038 for REQUEST 1741682891617
[2025-03-11 17:48:17,209] [INFO] [30062] PREPARE received from 30121 for REQUEST 1741682891617
[2025-03-11 17:48:17,228] [INFO] [30062] COMMIT received from 30121 for REQUEST 1741682891617
[2025-03-11 17:48:17,409] [INFO] [30062] PREPARE received from 30060 for REQUEST 1741682891617
[2025-03-11 17:48:17,411] [INFO] [30062] COMMIT received from 30060 for REQUEST 1741682891617
[2025-03-11 17:48:17,423] [INFO] [30062] PREPARE received from 30169 for REQUEST 1741682891617
[2025-03-11 17:48:17,423] [INFO] [30062] PREPARE received from 30082 for REQUEST 1741682891617
[2025-03-11 17:48:17,423] [INFO] [30062] PREPARE received from 30095 for REQUEST 1741682891617
[2025-03-11 17:48:17,423] [INFO] [30062] COMMIT received from 30082 for REQUEST 1741682891617
[2025-03-11 17:48:17,428] [INFO] [30062] COMMIT received from 30169 for REQUEST 1741682891617
[2025-03-11 17:48:17,428] [INFO] [30062] COMMIT received from 30095 for REQUEST 1741682891617
[2025-03-11 17:48:17,674] [INFO] [30062] PREPARE received from 30143 for REQUEST 1741682891617
[2025-03-11 17:48:17,677] [INFO] [30062] COMMIT received from 30143 for REQUEST 1741682891617
[2025-03-11 17:48:17,769] [INFO] [30062] PREPARE received from 30127 for REQUEST 1741682891617
[2025-03-11 17:48:17,769] [INFO] [30062] COMMIT received from 30127 for REQUEST 1741682891617
