[2025-03-11 17:41:06,973] [INFO] Node started: localhost:30110 | index=111 | f=1, k=4
[2025-03-11 17:41:09,412] [INFO] [CLUSTER LEADER 30110] Forwarded PRE-REQUEST received: {'request_id': 1741682469395, 'timestamp': 1741682469.3956275, 'data': 'llapbft_message_1741682469395', 'cluster_id': 1, 'cluster_ports': [30002, 30003, 30004, 30006, 30007, 30008, 30016, 30019, 30023, 30027, 30028, 30029, 30035, 30037, 30043, 30054, 30057, 30064, 30065, 30067, 30069, 30070, 30075, 30076, 30077, 30089, 30094, 30095, 30099, 30101, 30102, 30104, 30110, 30112, 30114, 30117], 'leader': 30110, 'client_port': 20001, 'origin': 'manager', 'simulated_delay': 0.000236, 'distance': 145.58726086652658, 'message_size_bits': 5664, 'cluster_manager': {'host': 'localhost', 'port': 30064, 'latitude': 36.6269153, 'longitude': 127.4594273, 'altitude': 54, 'offset_m': 'lat: 35 m, lng: 82 m, alt: 54 m'}}
[2025-03-11 17:41:09,412] [INFO] [CLUSTER LEADER 30110] Broadcasting PRE-PREPARE: REQUEST 1741682469395
[2025-03-11 17:41:09,546] [INFO] [30110] PREPARE received from 30004 for REQUEST 1741682469395
[2025-03-11 17:41:09,560] [INFO] [30110] PREPARE received from 30016 for REQUEST 1741682469395
[2025-03-11 17:41:09,560] [INFO] [30110] Broadcasting COMMIT: REQUEST 1741682469395
[2025-03-11 17:41:09,580] [INFO] [30110] PREPARE received from 30117 for REQUEST 1741682469395
[2025-03-11 17:41:09,982] [INFO] [30110] PREPARE received from 30112 for REQUEST 1741682469395
[2025-03-11 17:41:10,252] [INFO] [30110] PREPARE received from 30104 for REQUEST 1741682469395
[2025-03-11 17:41:10,252] [INFO] [30110] PREPARE received from 30076 for REQUEST 1741682469395
[2025-03-11 17:41:10,252] [INFO] [30110] COMMIT received from 30004 for REQUEST 1741682469395
[2025-03-11 17:41:10,256] [INFO] [30110] PREPARE received from 30007 for REQUEST 1741682469395
[2025-03-11 17:41:10,256] [INFO] [30110] PREPARE received from 30114 for REQUEST 1741682469395
[2025-03-11 17:41:10,256] [INFO] [30110] PREPARE received from 30069 for REQUEST 1741682469395
[2025-03-11 17:41:10,256] [INFO] [30110] PREPARE received from 30089 for REQUEST 1741682469395
[2025-03-11 17:41:10,256] [INFO] [30110] PREPARE received from 30102 for REQUEST 1741682469395
[2025-03-11 17:41:10,256] [INFO] [30110] PREPARE received from 30099 for REQUEST 1741682469395
[2025-03-11 17:41:10,256] [INFO] [30110] PREPARE received from 30002 for REQUEST 1741682469395
[2025-03-11 17:41:10,256] [INFO] [30110] PREPARE received from 30035 for REQUEST 1741682469395
[2025-03-11 17:41:10,256] [INFO] [30110] PREPARE received from 30065 for REQUEST 1741682469395
[2025-03-11 17:41:10,256] [INFO] [30110] PREPARE received from 30057 for REQUEST 1741682469395
[2025-03-11 17:41:10,256] [INFO] [30110] PREPARE received from 30008 for REQUEST 1741682469395
[2025-03-11 17:41:10,256] [INFO] [30110] PREPARE received from 30006 for REQUEST 1741682469395
[2025-03-11 17:41:10,256] [INFO] [30110] PREPARE received from 30027 for REQUEST 1741682469395
[2025-03-11 17:41:10,256] [INFO] [30110] PREPARE received from 30019 for REQUEST 1741682469395
[2025-03-11 17:41:10,264] [INFO] [30110] PREPARE received from 30075 for REQUEST 1741682469395
[2025-03-11 17:41:10,264] [INFO] [30110] PREPARE received from 30043 for REQUEST 1741682469395
[2025-03-11 17:41:10,264] [INFO] [30110] PREPARE received from 30054 for REQUEST 1741682469395
[2025-03-11 17:41:10,264] [INFO] [30110] PREPARE received from 30070 for REQUEST 1741682469395
[2025-03-11 17:41:10,265] [INFO] [30110] PREPARE received from 30101 for REQUEST 1741682469395
[2025-03-11 17:41:10,265] [INFO] [30110] PREPARE received from 30077 for REQUEST 1741682469395
[2025-03-11 17:41:10,265] [INFO] [30110] PREPARE received from 30029 for REQUEST 1741682469395
[2025-03-11 17:41:10,265] [INFO] [30110] PREPARE received from 30067 for REQUEST 1741682469395
[2025-03-11 17:41:10,265] [INFO] [30110] PREPARE received from 30094 for REQUEST 1741682469395
[2025-03-11 17:41:10,265] [INFO] [30110] PREPARE received from 30095 for REQUEST 1741682469395
[2025-03-11 17:41:10,265] [INFO] [30110] PREPARE received from 30023 for REQUEST 1741682469395
[2025-03-11 17:41:10,267] [INFO] [30110] PREPARE received from 30028 for REQUEST 1741682469395
[2025-03-11 17:41:10,267] [INFO] [30110] COMMIT received from 30095 for REQUEST 1741682469395
[2025-03-11 17:41:10,267] [INFO] [30110] COMMIT complete. Sending PRE-REPLY: REQUEST 1741682469395 directly to Manager 30064
[2025-03-11 17:41:10,269] [INFO] [30110] COMMIT received from 30101 for REQUEST 1741682469395
[2025-03-11 17:41:10,269] [INFO] [30110] COMMIT received from 30067 for REQUEST 1741682469395
[2025-03-11 17:41:10,269] [INFO] [30110] COMMIT received from 30027 for REQUEST 1741682469395
[2025-03-11 17:41:10,269] [INFO] [30110] COMMIT received from 30114 for REQUEST 1741682469395
[2025-03-11 17:41:10,269] [INFO] [30110] COMMIT received from 30029 for REQUEST 1741682469395
[2025-03-11 17:41:10,269] [INFO] [30110] COMMIT received from 30094 for REQUEST 1741682469395
[2025-03-11 17:41:10,269] [INFO] [30110] COMMIT received from 30008 for REQUEST 1741682469395
[2025-03-11 17:41:10,269] [INFO] [30110] COMMIT received from 30028 for REQUEST 1741682469395
[2025-03-11 17:41:10,269] [INFO] [30110] COMMIT received from 30077 for REQUEST 1741682469395
[2025-03-11 17:41:10,269] [INFO] [30110] COMMIT received from 30075 for REQUEST 1741682469395
[2025-03-11 17:41:10,269] [INFO] [30110] COMMIT received from 30102 for REQUEST 1741682469395
[2025-03-11 17:41:10,269] [INFO] [30110] COMMIT received from 30065 for REQUEST 1741682469395
[2025-03-11 17:41:10,269] [INFO] [30110] COMMIT received from 30089 for REQUEST 1741682469395
[2025-03-11 17:41:10,269] [INFO] [30110] COMMIT received from 30007 for REQUEST 1741682469395
[2025-03-11 17:41:10,269] [INFO] [30110] COMMIT received from 30104 for REQUEST 1741682469395
[2025-03-11 17:41:10,269] [INFO] [30110] COMMIT received from 30117 for REQUEST 1741682469395
[2025-03-11 17:41:10,269] [INFO] [30110] COMMIT received from 30069 for REQUEST 1741682469395
[2025-03-11 17:41:10,269] [INFO] [30110] COMMIT received from 30016 for REQUEST 1741682469395
[2025-03-11 17:41:10,269] [INFO] [30110] COMMIT received from 30019 for REQUEST 1741682469395
[2025-03-11 17:41:10,269] [INFO] [30110] COMMIT received from 30112 for REQUEST 1741682469395
[2025-03-11 17:41:10,269] [INFO] [30110] COMMIT received from 30035 for REQUEST 1741682469395
[2025-03-11 17:41:10,301] [INFO] [30110] COMMIT received from 30099 for REQUEST 1741682469395
[2025-03-11 17:41:10,311] [INFO] [30110] COMMIT received from 30002 for REQUEST 1741682469395
[2025-03-11 17:41:10,339] [INFO] [30110] COMMIT received from 30057 for REQUEST 1741682469395
[2025-03-11 17:41:10,360] [INFO] [30110] COMMIT received from 30070 for REQUEST 1741682469395
[2025-03-11 17:41:10,407] [INFO] [30110] COMMIT received from 30054 for REQUEST 1741682469395
[2025-03-11 17:41:10,407] [INFO] [30110] COMMIT received from 30023 for REQUEST 1741682469395
[2025-03-11 17:41:10,454] [INFO] [30110] COMMIT received from 30043 for REQUEST 1741682469395
[2025-03-11 17:41:10,466] [INFO] [30110] COMMIT received from 30006 for REQUEST 1741682469395
[2025-03-11 17:41:10,468] [INFO] [30110] PREPARE received from 30003 for REQUEST 1741682469395
[2025-03-11 17:41:10,468] [INFO] [30110] COMMIT received from 30003 for REQUEST 1741682469395
[2025-03-11 17:41:10,566] [INFO] [30110] PREPARE received from 30037 for REQUEST 1741682469395
[2025-03-11 17:41:10,707] [INFO] [30110] COMMIT received from 30076 for REQUEST 1741682469395
[2025-03-11 17:41:10,780] [INFO] [30110] COMMIT received from 30037 for REQUEST 1741682469395
[2025-03-11 17:44:15,418] [INFO] Node started: localhost:30110 | index=111 | f=1, k=4
[2025-03-11 17:44:26,358] [INFO] [30110] PRE-PREPARE received: {'request_id': 1741682666245, 'data': 'llapbft_message_1741682666245', 'timestamp': 1741682666.2776651, 'leader': 30029, 'cluster_id': 3, 'cluster_ports': [30004, 30005, 30008, 30011, 30012, 30017, 30018, 30021, 30029, 30033, 30040, 30042, 30045, 30052, 30057, 30068, 30070, 30072, 30073, 30074, 30076, 30084, 30088, 30091, 30094, 30100, 30103, 30105, 30107, 30109, 30110, 30117, 30121, 30125, 30130, 30133, 30137, 30138, 30139, 30145], 'cluster_manager': {'host': 'localhost', 'port': 30018, 'latitude': 36.6268812, 'longitude': 127.4589418, 'altitude': 19, 'offset_m': 'lat: 31 m, lng: 39 m, alt: 19 m'}, 'simulated_delay': 0.00026933333333333334, 'distance': 186.5267226232695, 'message_size_bits': 4848}
[2025-03-11 17:44:26,373] [INFO] [30110] Broadcasting PREPARE: REQUEST 1741682666245
[2025-03-11 17:44:26,513] [INFO] [30110] PREPARE received from 30130 for REQUEST 1741682666245
[2025-03-11 17:44:26,513] [INFO] [30110] Broadcasting COMMIT: REQUEST 1741682666245
[2025-03-11 17:44:26,550] [INFO] [30110] PREPARE received from 30076 for REQUEST 1741682666245
[2025-03-11 17:44:26,735] [INFO] [30110] PREPARE received from 30133 for REQUEST 1741682666245
[2025-03-11 17:44:26,735] [INFO] [30110] PREPARE received from 30073 for REQUEST 1741682666245
[2025-03-11 17:44:26,768] [INFO] [30110] PREPARE received from 30070 for REQUEST 1741682666245
[2025-03-11 17:44:26,768] [INFO] [30110] COMMIT received from 30130 for REQUEST 1741682666245
[2025-03-11 17:44:26,786] [INFO] [30110] COMMIT received from 30133 for REQUEST 1741682666245
[2025-03-11 17:44:26,786] [INFO] [30110] COMMIT complete. Sending PRE-REPLY: REQUEST 1741682666245 directly to Manager 30018
[2025-03-11 17:44:26,877] [INFO] [30110] PREPARE received from 30068 for REQUEST 1741682666245
[2025-03-11 17:44:26,888] [INFO] [30110] PREPARE received from 30138 for REQUEST 1741682666245
[2025-03-11 17:44:26,911] [INFO] [30110] COMMIT received from 30076 for REQUEST 1741682666245
[2025-03-11 17:44:26,911] [INFO] [30110] COMMIT received from 30138 for REQUEST 1741682666245
[2025-03-11 17:44:26,913] [INFO] [30110] PREPARE received from 30125 for REQUEST 1741682666245
[2025-03-11 17:44:26,990] [INFO] [30110] COMMIT received from 30073 for REQUEST 1741682666245
[2025-03-11 17:44:26,992] [INFO] [30110] PREPARE received from 30011 for REQUEST 1741682666245
[2025-03-11 17:44:26,992] [INFO] [30110] COMMIT received from 30011 for REQUEST 1741682666245
[2025-03-11 17:44:27,037] [INFO] [30110] COMMIT received from 30070 for REQUEST 1741682666245
[2025-03-11 17:44:27,276] [INFO] [30110] PREPARE received from 30091 for REQUEST 1741682666245
[2025-03-11 17:44:27,304] [INFO] [30110] COMMIT received from 30091 for REQUEST 1741682666245
[2025-03-11 17:44:27,338] [INFO] [30110] COMMIT received from 30068 for REQUEST 1741682666245
[2025-03-11 17:44:27,360] [INFO] [30110] PREPARE received from 30005 for REQUEST 1741682666245
[2025-03-11 17:44:27,364] [INFO] [30110] COMMIT received from 30125 for REQUEST 1741682666245
[2025-03-11 17:44:27,381] [INFO] [30110] PREPARE received from 30040 for REQUEST 1741682666245
[2025-03-11 17:44:27,392] [INFO] [30110] COMMIT received from 30040 for REQUEST 1741682666245
[2025-03-11 17:44:27,549] [INFO] [30110] PREPARE received from 30137 for REQUEST 1741682666245
[2025-03-11 17:44:27,603] [INFO] [30110] COMMIT received from 30137 for REQUEST 1741682666245
[2025-03-11 17:44:27,699] [INFO] [30110] PREPARE received from 30088 for REQUEST 1741682666245
[2025-03-11 17:44:27,765] [INFO] [30110] COMMIT received from 30088 for REQUEST 1741682666245
[2025-03-11 17:44:27,765] [INFO] [30110] COMMIT received from 30045 for REQUEST 1741682666245
[2025-03-11 17:44:27,765] [INFO] [30110] PREPARE received from 30045 for REQUEST 1741682666245
[2025-03-11 17:44:27,874] [INFO] [30110] PREPARE received from 30084 for REQUEST 1741682666245
[2025-03-11 17:44:27,876] [INFO] [30110] COMMIT received from 30084 for REQUEST 1741682666245
[2025-03-11 17:44:28,008] [INFO] [30110] COMMIT received from 30005 for REQUEST 1741682666245
[2025-03-11 17:44:28,150] [INFO] [30110] PREPARE received from 30052 for REQUEST 1741682666245
[2025-03-11 17:44:28,177] [INFO] [30110] COMMIT received from 30052 for REQUEST 1741682666245
[2025-03-11 17:44:28,209] [INFO] [30110] PREPARE received from 30100 for REQUEST 1741682666245
[2025-03-11 17:44:28,241] [INFO] [30110] COMMIT received from 30100 for REQUEST 1741682666245
[2025-03-11 17:44:28,245] [INFO] [30110] PREPARE received from 30117 for REQUEST 1741682666245
[2025-03-11 17:44:28,245] [INFO] [30110] PREPARE received from 30074 for REQUEST 1741682666245
[2025-03-11 17:44:28,245] [INFO] [30110] COMMIT received from 30117 for REQUEST 1741682666245
[2025-03-11 17:44:28,245] [INFO] [30110] COMMIT received from 30074 for REQUEST 1741682666245
[2025-03-11 17:44:28,323] [INFO] [30110] COMMIT received from 30029 for REQUEST 1741682666245
[2025-03-11 17:44:28,436] [INFO] [30110] PREPARE received from 30103 for REQUEST 1741682666245
[2025-03-11 17:44:28,442] [INFO] [30110] COMMIT received from 30103 for REQUEST 1741682666245
[2025-03-11 17:44:28,540] [INFO] [30110] PREPARE received from 30105 for REQUEST 1741682666245
[2025-03-11 17:44:28,562] [INFO] [30110] COMMIT received from 30105 for REQUEST 1741682666245
[2025-03-11 17:44:28,694] [INFO] [30110] PREPARE received from 30057 for REQUEST 1741682666245
[2025-03-11 17:44:28,694] [INFO] [30110] COMMIT received from 30057 for REQUEST 1741682666245
[2025-03-11 17:44:28,783] [INFO] [30110] PREPARE received from 30109 for REQUEST 1741682666245
[2025-03-11 17:44:28,789] [INFO] [30110] COMMIT received from 30109 for REQUEST 1741682666245
[2025-03-11 17:44:28,806] [INFO] [30110] PREPARE received from 30107 for REQUEST 1741682666245
[2025-03-11 17:44:28,821] [INFO] [30110] COMMIT received from 30107 for REQUEST 1741682666245
[2025-03-11 17:44:28,914] [INFO] [30110] PREPARE received from 30139 for REQUEST 1741682666245
[2025-03-11 17:44:28,915] [INFO] [30110] COMMIT received from 30139 for REQUEST 1741682666245
[2025-03-11 17:44:29,090] [INFO] [30110] PREPARE received from 30145 for REQUEST 1741682666245
[2025-03-11 17:44:29,108] [INFO] [30110] PREPARE received from 30033 for REQUEST 1741682666245
[2025-03-11 17:44:29,108] [INFO] [30110] COMMIT received from 30145 for REQUEST 1741682666245
[2025-03-11 17:44:29,108] [INFO] [30110] COMMIT received from 30033 for REQUEST 1741682666245
[2025-03-11 17:44:29,168] [INFO] [30110] PREPARE received from 30004 for REQUEST 1741682666245
[2025-03-11 17:44:29,168] [INFO] [30110] COMMIT received from 30004 for REQUEST 1741682666245
[2025-03-11 17:44:29,297] [INFO] [30110] PREPARE received from 30121 for REQUEST 1741682666245
[2025-03-11 17:44:29,299] [INFO] [30110] COMMIT received from 30121 for REQUEST 1741682666245
[2025-03-11 17:44:29,361] [INFO] [30110] PREPARE received from 30017 for REQUEST 1741682666245
[2025-03-11 17:44:29,365] [INFO] [30110] COMMIT received from 30017 for REQUEST 1741682666245
[2025-03-11 17:47:52,138] [INFO] Node started: localhost:30110 | index=111 | f=1, k=4
[2025-03-11 17:48:11,897] [INFO] [30110] PRE-PREPARE received: {'request_id': 1741682891617, 'data': 'llapbft_message_1741682891617', 'timestamp': 1741682891.640408, 'leader': 30066, 'cluster_id': 3, 'cluster_ports': [30002, 30022, 30024, 30028, 30031, 30037, 30041, 30048, 30051, 30052, 30057, 30059, 30066, 30070, 30073, 30075, 30076, 30079, 30084, 30088, 30089, 30093, 30096, 30098, 30100, 30101, 30102, 30109, 30110, 30113, 30115, 30116, 30118, 30133, 30137, 30138, 30140, 30141, 30144, 30146, 30151, 30152, 30153, 30154, 30156, 30180, 30183, 30191, 30193, 30198], 'cluster_manager': {'host': 'localhost', 'port': 30133, 'latitude': 36.6274955, 'longitude': 127.4587659, 'altitude': 30, 'offset_m': 'lat: 99 m, lng: 23 m, alt: 30 m'}, 'simulated_delay': 0.00015, 'distance': 78.65971888204359, 'message_size_bits': 5400}
[2025-03-11 17:48:11,897] [INFO] [30110] Broadcasting PREPARE: REQUEST 1741682891617
[2025-03-11 17:48:12,089] [INFO] [30110] PREPARE received from 30140 for REQUEST 1741682891617
[2025-03-11 17:48:12,089] [INFO] [30110] Broadcasting COMMIT: REQUEST 1741682891617
[2025-03-11 17:48:12,529] [INFO] [30110] PREPARE received from 30096 for REQUEST 1741682891617
[2025-03-11 17:48:12,644] [INFO] [30110] PREPARE received from 30079 for REQUEST 1741682891617
[2025-03-11 17:48:12,742] [INFO] [30110] PREPARE received from 30151 for REQUEST 1741682891617
[2025-03-11 17:48:12,742] [INFO] [30110] PREPARE received from 30109 for REQUEST 1741682891617
[2025-03-11 17:48:12,744] [INFO] [30110] PREPARE received from 30098 for REQUEST 1741682891617
[2025-03-11 17:48:12,744] [INFO] [30110] PREPARE received from 30100 for REQUEST 1741682891617
[2025-03-11 17:48:12,745] [INFO] [30110] PREPARE received from 30152 for REQUEST 1741682891617
[2025-03-11 17:48:12,875] [INFO] [30110] COMMIT received from 30109 for REQUEST 1741682891617
[2025-03-11 17:48:12,875] [INFO] [30110] COMMIT received from 30100 for REQUEST 1741682891617
[2025-03-11 17:48:12,875] [INFO] [30110] COMMIT complete. Sending PRE-REPLY: REQUEST 1741682891617 directly to Manager 30133
[2025-03-11 17:48:12,875] [INFO] [30110] COMMIT received from 30152 for REQUEST 1741682891617
[2025-03-11 17:48:12,882] [INFO] [30110] COMMIT received from 30102 for REQUEST 1741682891617
[2025-03-11 17:48:12,882] [INFO] [30110] COMMIT received from 30098 for REQUEST 1741682891617
[2025-03-11 17:48:12,882] [INFO] [30110] COMMIT received from 30140 for REQUEST 1741682891617
[2025-03-11 17:48:12,882] [INFO] [30110] COMMIT received from 30079 for REQUEST 1741682891617
[2025-03-11 17:48:12,882] [INFO] [30110] COMMIT received from 30151 for REQUEST 1741682891617
[2025-03-11 17:48:13,034] [INFO] [30110] PREPARE received from 30037 for REQUEST 1741682891617
[2025-03-11 17:48:13,034] [INFO] [30110] PREPARE received from 30102 for REQUEST 1741682891617
[2025-03-11 17:48:13,034] [INFO] [30110] COMMIT received from 30037 for REQUEST 1741682891617
[2025-03-11 17:48:13,069] [INFO] [30110] COMMIT received from 30096 for REQUEST 1741682891617
[2025-03-11 17:48:13,091] [INFO] [30110] PREPARE received from 30084 for REQUEST 1741682891617
[2025-03-11 17:48:13,091] [INFO] [30110] COMMIT received from 30084 for REQUEST 1741682891617
[2025-03-11 17:48:13,224] [INFO] [30110] PREPARE received from 30193 for REQUEST 1741682891617
[2025-03-11 17:48:13,224] [INFO] [30110] COMMIT received from 30193 for REQUEST 1741682891617
[2025-03-11 17:48:13,464] [INFO] [30110] PREPARE received from 30075 for REQUEST 1741682891617
[2025-03-11 17:48:13,464] [INFO] [30110] COMMIT received from 30075 for REQUEST 1741682891617
[2025-03-11 17:48:13,859] [INFO] [30110] PREPARE received from 30116 for REQUEST 1741682891617
[2025-03-11 17:48:13,886] [INFO] [30110] COMMIT received from 30116 for REQUEST 1741682891617
[2025-03-11 17:48:13,888] [INFO] [30110] PREPARE received from 30113 for REQUEST 1741682891617
[2025-03-11 17:48:13,888] [INFO] [30110] PREPARE received from 30088 for REQUEST 1741682891617
[2025-03-11 17:48:13,888] [INFO] [30110] PREPARE received from 30073 for REQUEST 1741682891617
[2025-03-11 17:48:13,888] [INFO] [30110] PREPARE received from 30154 for REQUEST 1741682891617
[2025-03-11 17:48:13,911] [INFO] [30110] COMMIT received from 30088 for REQUEST 1741682891617
[2025-03-11 17:48:13,911] [INFO] [30110] COMMIT received from 30154 for REQUEST 1741682891617
[2025-03-11 17:48:13,911] [INFO] [30110] COMMIT received from 30113 for REQUEST 1741682891617
[2025-03-11 17:48:13,912] [INFO] [30110] COMMIT received from 30073 for REQUEST 1741682891617
[2025-03-11 17:48:13,997] [INFO] [30110] PREPARE received from 30059 for REQUEST 1741682891617
[2025-03-11 17:48:14,055] [INFO] [30110] PREPARE received from 30052 for REQUEST 1741682891617
[2025-03-11 17:48:14,064] [INFO] [30110] COMMIT received from 30052 for REQUEST 1741682891617
[2025-03-11 17:48:14,299] [INFO] [30110] COMMIT received from 30059 for REQUEST 1741682891617
[2025-03-11 17:48:14,363] [INFO] [30110] PREPARE received from 30138 for REQUEST 1741682891617
[2025-03-11 17:48:14,405] [INFO] [30110] COMMIT received from 30138 for REQUEST 1741682891617
[2025-03-11 17:48:14,949] [INFO] [30110] PREPARE received from 30144 for REQUEST 1741682891617
[2025-03-11 17:48:14,949] [INFO] [30110] COMMIT received from 30144 for REQUEST 1741682891617
[2025-03-11 17:48:15,475] [INFO] [30110] PREPARE received from 30093 for REQUEST 1741682891617
[2025-03-11 17:48:15,475] [INFO] [30110] COMMIT received from 30093 for REQUEST 1741682891617
[2025-03-11 17:48:15,745] [INFO] [30110] PREPARE received from 30146 for REQUEST 1741682891617
[2025-03-11 17:48:15,774] [INFO] [30110] COMMIT received from 30146 for REQUEST 1741682891617
[2025-03-11 17:48:15,774] [INFO] [30110] PREPARE received from 30118 for REQUEST 1741682891617
[2025-03-11 17:48:15,776] [INFO] [30110] COMMIT received from 30118 for REQUEST 1741682891617
[2025-03-11 17:48:16,003] [INFO] [30110] PREPARE received from 30115 for REQUEST 1741682891617
[2025-03-11 17:48:16,003] [INFO] [30110] COMMIT received from 30115 for REQUEST 1741682891617
[2025-03-11 17:48:16,013] [INFO] [30110] COMMIT received from 30066 for REQUEST 1741682891617
[2025-03-11 17:48:16,249] [INFO] [30110] PREPARE received from 30153 for REQUEST 1741682891617
[2025-03-11 17:48:16,253] [INFO] [30110] PREPARE received from 30041 for REQUEST 1741682891617
[2025-03-11 17:48:16,253] [INFO] [30110] COMMIT received from 30041 for REQUEST 1741682891617
[2025-03-11 17:48:16,253] [INFO] [30110] COMMIT received from 30153 for REQUEST 1741682891617
[2025-03-11 17:48:16,559] [INFO] [30110] PREPARE received from 30070 for REQUEST 1741682891617
[2025-03-11 17:48:16,559] [INFO] [30110] COMMIT received from 30070 for REQUEST 1741682891617
[2025-03-11 17:48:16,812] [INFO] [30110] PREPARE received from 30183 for REQUEST 1741682891617
[2025-03-11 17:48:16,842] [INFO] [30110] COMMIT received from 30183 for REQUEST 1741682891617
[2025-03-11 17:48:16,986] [INFO] [30110] PREPARE received from 30156 for REQUEST 1741682891617
[2025-03-11 17:48:16,998] [INFO] [30110] PREPARE received from 30137 for REQUEST 1741682891617
[2025-03-11 17:48:16,998] [INFO] [30110] PREPARE received from 30048 for REQUEST 1741682891617
[2025-03-11 17:48:16,998] [INFO] [30110] COMMIT received from 30156 for REQUEST 1741682891617
[2025-03-11 17:48:16,998] [INFO] [30110] COMMIT received from 30137 for REQUEST 1741682891617
[2025-03-11 17:48:16,998] [INFO] [30110] COMMIT received from 30048 for REQUEST 1741682891617
[2025-03-11 17:48:16,998] [INFO] [30110] COMMIT received from 30022 for REQUEST 1741682891617
[2025-03-11 17:48:17,025] [INFO] [30110] PREPARE received from 30051 for REQUEST 1741682891617
[2025-03-11 17:48:17,025] [INFO] [30110] PREPARE received from 30022 for REQUEST 1741682891617
[2025-03-11 17:48:17,025] [INFO] [30110] COMMIT received from 30051 for REQUEST 1741682891617
[2025-03-11 17:48:17,187] [INFO] [30110] PREPARE received from 30031 for REQUEST 1741682891617
[2025-03-11 17:48:17,189] [INFO] [30110] COMMIT received from 30031 for REQUEST 1741682891617
[2025-03-11 17:48:17,293] [INFO] [30110] PREPARE received from 30101 for REQUEST 1741682891617
[2025-03-11 17:48:17,293] [INFO] [30110] COMMIT received from 30101 for REQUEST 1741682891617
[2025-03-11 17:48:17,411] [INFO] [30110] PREPARE received from 30057 for REQUEST 1741682891617
[2025-03-11 17:48:17,411] [INFO] [30110] COMMIT received from 30057 for REQUEST 1741682891617
[2025-03-11 17:48:17,517] [INFO] [30110] PREPARE received from 30028 for REQUEST 1741682891617
[2025-03-11 17:48:17,530] [INFO] [30110] COMMIT received from 30028 for REQUEST 1741682891617
[2025-03-11 17:48:17,564] [INFO] [30110] PREPARE received from 30024 for REQUEST 1741682891617
[2025-03-11 17:48:17,564] [INFO] [30110] COMMIT received from 30024 for REQUEST 1741682891617
[2025-03-11 17:48:17,696] [INFO] [30110] PREPARE received from 30002 for REQUEST 1741682891617
[2025-03-11 17:48:17,697] [INFO] [30110] COMMIT received from 30002 for REQUEST 1741682891617
[2025-03-11 17:48:17,861] [INFO] [30110] PREPARE received from 30089 for REQUEST 1741682891617
[2025-03-11 17:48:17,861] [INFO] [30110] COMMIT received from 30089 for REQUEST 1741682891617
[2025-03-11 17:48:17,876] [INFO] [30110] PREPARE received from 30191 for REQUEST 1741682891617
[2025-03-11 17:48:17,876] [INFO] [30110] PREPARE received from 30076 for REQUEST 1741682891617
[2025-03-11 17:48:17,876] [INFO] [30110] COMMIT received from 30180 for REQUEST 1741682891617
[2025-03-11 17:48:17,876] [INFO] [30110] COMMIT received from 30076 for REQUEST 1741682891617
[2025-03-11 17:48:17,876] [INFO] [30110] PREPARE received from 30180 for REQUEST 1741682891617
[2025-03-11 17:48:17,876] [INFO] [30110] COMMIT received from 30191 for REQUEST 1741682891617
[2025-03-11 17:48:17,899] [INFO] [30110] PREPARE received from 30141 for REQUEST 1741682891617
[2025-03-11 17:48:17,899] [INFO] [30110] COMMIT received from 30141 for REQUEST 1741682891617
[2025-03-11 17:48:17,978] [INFO] [30110] PREPARE received from 30198 for REQUEST 1741682891617
[2025-03-11 17:48:17,978] [INFO] [30110] COMMIT received from 30198 for REQUEST 1741682891617
