[2025-03-11 17:44:23,052] [INFO] Node started: localhost:30148 | index=149 | f=1, k=4
[2025-03-11 17:44:26,356] [INFO] [30148] PRE-PREPARE received: {'request_id': 1741682666245, 'data': 'llapbft_message_1741682666245', 'timestamp': 1741682666.2776651, 'leader': 30075, 'cluster_id': 2, 'cluster_ports': [30006, 30010, 30013, 30024, 30026, 30030, 30035, 30037, 30039, 30041, 30067, 30069, 30075, 30079, 30080, 30082, 30090, 30093, 30098, 30102, 30106, 30108, 30112, 30118, 30122, 30131, 30135, 30140, 30142, 30143, 30148, 30149, 30150, 30152, 30155, 30157, 30159], 'cluster_manager': {'host': 'localhost', 'port': 30155, 'latitude': 36.6273161, 'longitude': 127.4588617, 'altitude': 49, 'offset_m': 'lat: 79 m, lng: 32 m, alt: 49 m'}, 'simulated_delay': 0.00039, 'distance': 205.74499372305453, 'message_size_bits': 4680}
[2025-03-11 17:44:26,377] [INFO] [30148] Broadcasting PREPARE: REQUEST 1741682666245
[2025-03-11 17:44:26,735] [INFO] [30148] PREPARE received from 30030 for REQUEST 1741682666245
[2025-03-11 17:44:26,735] [INFO] [30148] Broadcasting COMMIT: REQUEST 1741682666245
[2025-03-11 17:44:26,735] [INFO] [30148] PREPARE received from 30108 for REQUEST 1741682666245
[2025-03-11 17:44:26,735] [INFO] [30148] PREPARE received from 30024 for REQUEST 1741682666245
[2025-03-11 17:44:26,735] [INFO] [30148] PREPARE received from 30102 for REQUEST 1741682666245
[2025-03-11 17:44:26,735] [INFO] [30148] PREPARE received from 30093 for REQUEST 1741682666245
[2025-03-11 17:44:26,743] [INFO] [30148] COMMIT received from 30093 for REQUEST 1741682666245
[2025-03-11 17:44:27,027] [INFO] [30148] COMMIT received from 30030 for REQUEST 1741682666245
[2025-03-11 17:44:27,027] [INFO] [30148] COMMIT complete. Sending PRE-REPLY: REQUEST 1741682666245 directly to Manager 30155
[2025-03-11 17:44:27,074] [INFO] [30148] COMMIT received from 30102 for REQUEST 1741682666245
[2025-03-11 17:44:27,074] [INFO] [30148] COMMIT received from 30024 for REQUEST 1741682666245
[2025-03-11 17:44:27,101] [INFO] [30148] PREPARE received from 30131 for REQUEST 1741682666245
[2025-03-11 17:44:27,118] [INFO] [30148] COMMIT received from 30131 for REQUEST 1741682666245
[2025-03-11 17:44:27,161] [INFO] [30148] COMMIT received from 30108 for REQUEST 1741682666245
[2025-03-11 17:44:27,217] [INFO] [30148] PREPARE received from 30013 for REQUEST 1741682666245
[2025-03-11 17:44:27,219] [INFO] [30148] COMMIT received from 30013 for REQUEST 1741682666245
[2025-03-11 17:44:27,326] [INFO] [30148] PREPARE received from 30069 for REQUEST 1741682666245
[2025-03-11 17:44:27,326] [INFO] [30148] COMMIT received from 30069 for REQUEST 1741682666245
[2025-03-11 17:44:27,513] [INFO] [30148] PREPARE received from 30035 for REQUEST 1741682666245
[2025-03-11 17:44:27,620] [INFO] [30148] COMMIT received from 30035 for REQUEST 1741682666245
[2025-03-11 17:44:27,776] [INFO] [30148] PREPARE received from 30041 for REQUEST 1741682666245
[2025-03-11 17:44:27,848] [INFO] [30148] COMMIT received from 30041 for REQUEST 1741682666245
[2025-03-11 17:44:27,862] [INFO] [30148] PREPARE received from 30142 for REQUEST 1741682666245
[2025-03-11 17:44:27,864] [INFO] [30148] COMMIT received from 30142 for REQUEST 1741682666245
[2025-03-11 17:44:28,152] [INFO] [30148] COMMIT received from 30075 for REQUEST 1741682666245
[2025-03-11 17:44:28,284] [INFO] [30148] PREPARE received from 30010 for REQUEST 1741682666245
[2025-03-11 17:44:28,297] [INFO] [30148] COMMIT received from 30010 for REQUEST 1741682666245
[2025-03-11 17:44:28,297] [INFO] [30148] PREPARE received from 30122 for REQUEST 1741682666245
[2025-03-11 17:44:28,297] [INFO] [30148] COMMIT received from 30122 for REQUEST 1741682666245
[2025-03-11 17:44:28,694] [INFO] [30148] PREPARE received from 30140 for REQUEST 1741682666245
[2025-03-11 17:44:28,694] [INFO] [30148] PREPARE received from 30037 for REQUEST 1741682666245
[2025-03-11 17:44:28,712] [INFO] [30148] COMMIT received from 30037 for REQUEST 1741682666245
[2025-03-11 17:44:28,712] [INFO] [30148] COMMIT received from 30098 for REQUEST 1741682666245
[2025-03-11 17:44:28,712] [INFO] [30148] COMMIT received from 30140 for REQUEST 1741682666245
[2025-03-11 17:44:28,730] [INFO] [30148] PREPARE received from 30082 for REQUEST 1741682666245
[2025-03-11 17:44:28,730] [INFO] [30148] PREPARE received from 30098 for REQUEST 1741682666245
[2025-03-11 17:44:28,732] [INFO] [30148] PREPARE received from 30112 for REQUEST 1741682666245
[2025-03-11 17:44:28,732] [INFO] [30148] PREPARE received from 30159 for REQUEST 1741682666245
[2025-03-11 17:44:28,732] [INFO] [30148] PREPARE received from 30143 for REQUEST 1741682666245
[2025-03-11 17:44:28,732] [INFO] [30148] PREPARE received from 30152 for REQUEST 1741682666245
[2025-03-11 17:44:28,757] [INFO] [30148] COMMIT received from 30082 for REQUEST 1741682666245
[2025-03-11 17:44:28,759] [INFO] [30148] COMMIT received from 30143 for REQUEST 1741682666245
[2025-03-11 17:44:28,759] [INFO] [30148] COMMIT received from 30152 for REQUEST 1741682666245
[2025-03-11 17:44:28,759] [INFO] [30148] COMMIT received from 30159 for REQUEST 1741682666245
[2025-03-11 17:44:28,759] [INFO] [30148] COMMIT received from 30112 for REQUEST 1741682666245
[2025-03-11 17:44:29,046] [INFO] [30148] PREPARE received from 30090 for REQUEST 1741682666245
[2025-03-11 17:44:29,068] [INFO] [30148] COMMIT received from 30090 for REQUEST 1741682666245
[2025-03-11 17:44:29,078] [INFO] [30148] PREPARE received from 30080 for REQUEST 1741682666245
[2025-03-11 17:44:29,078] [INFO] [30148] PREPARE received from 30006 for REQUEST 1741682666245
[2025-03-11 17:44:29,078] [INFO] [30148] COMMIT received from 30079 for REQUEST 1741682666245
[2025-03-11 17:44:29,078] [INFO] [30148] COMMIT received from 30006 for REQUEST 1741682666245
[2025-03-11 17:44:29,078] [INFO] [30148] COMMIT received from 30080 for REQUEST 1741682666245
[2025-03-11 17:44:29,078] [INFO] [30148] COMMIT received from 30118 for REQUEST 1741682666245
[2025-03-11 17:44:29,078] [INFO] [30148] PREPARE received from 30118 for REQUEST 1741682666245
[2025-03-11 17:44:29,078] [INFO] [30148] PREPARE received from 30079 for REQUEST 1741682666245
[2025-03-11 17:44:29,377] [INFO] [30148] PREPARE received from 30135 for REQUEST 1741682666245
[2025-03-11 17:44:29,377] [INFO] [30148] COMMIT received from 30135 for REQUEST 1741682666245
[2025-03-11 17:47:59,791] [INFO] Node started: localhost:30148 | index=149 | f=1, k=4
[2025-03-11 17:48:11,701] [INFO] [30148] PRE-PREPARE received: {'request_id': 1741682891617, 'data': 'llapbft_message_1741682891617', 'timestamp': 1741682891.640408, 'leader': 30150, 'cluster_id': 2, 'cluster_ports': [30007, 30008, 30012, 30015, 30019, 30025, 30029, 30030, 30039, 30044, 30046, 30050, 30054, 30056, 30063, 30065, 30068, 30072, 30074, 30077, 30080, 30083, 30085, 30094, 30103, 30105, 30112, 30114, 30120, 30125, 30129, 30130, 30134, 30145, 30147, 30148, 30149, 30150, 30155, 30158, 30166, 30167, 30172, 30174, 30188, 30192, 30199], 'cluster_manager': {'host': 'localhost', 'port': 30029, 'latitude': 36.6266259, 'longitude': 127.4590111, 'altitude': 13, 'offset_m': 'lat: 2 m, lng: 45 m, alt: 13 m'}, 'simulated_delay': 0.0002902222222222222, 'distance': 185.3647237860957, 'message_size_bits': 5224}
[2025-03-11 17:48:11,701] [INFO] [30148] Broadcasting PREPARE: REQUEST 1741682891617
[2025-03-11 17:48:12,217] [INFO] [30148] PREPARE received from 30012 for REQUEST 1741682891617
[2025-03-11 17:48:12,217] [INFO] [30148] Broadcasting COMMIT: REQUEST 1741682891617
[2025-03-11 17:48:12,217] [INFO] [30148] PREPARE received from 30125 for REQUEST 1741682891617
[2025-03-11 17:48:12,217] [INFO] [30148] PREPARE received from 30072 for REQUEST 1741682891617
[2025-03-11 17:48:12,217] [INFO] [30148] PREPARE received from 30192 for REQUEST 1741682891617
[2025-03-11 17:48:12,221] [INFO] [30148] PREPARE received from 30050 for REQUEST 1741682891617
[2025-03-11 17:48:12,258] [INFO] [30148] PREPARE received from 30172 for REQUEST 1741682891617
[2025-03-11 17:48:13,307] [INFO] [30148] PREPARE received from 30155 for REQUEST 1741682891617
[2025-03-11 17:48:13,355] [INFO] [30148] PREPARE received from 30080 for REQUEST 1741682891617
[2025-03-11 17:48:13,355] [INFO] [30148] PREPARE received from 30188 for REQUEST 1741682891617
[2025-03-11 17:48:13,355] [INFO] [30148] PREPARE received from 30147 for REQUEST 1741682891617
[2025-03-11 17:48:13,396] [INFO] [30148] COMMIT received from 30192 for REQUEST 1741682891617
[2025-03-11 17:48:13,396] [INFO] [30148] PREPARE received from 30065 for REQUEST 1741682891617
[2025-03-11 17:48:13,524] [INFO] [30148] COMMIT received from 30050 for REQUEST 1741682891617
[2025-03-11 17:48:13,524] [INFO] [30148] COMMIT complete. Sending PRE-REPLY: REQUEST 1741682891617 directly to Manager 30029
[2025-03-11 17:48:13,524] [INFO] [30148] PREPARE received from 30167 for REQUEST 1741682891617
[2025-03-11 17:48:13,526] [INFO] [30148] COMMIT received from 30155 for REQUEST 1741682891617
[2025-03-11 17:48:13,526] [INFO] [30148] COMMIT received from 30167 for REQUEST 1741682891617
[2025-03-11 17:48:13,526] [INFO] [30148] COMMIT received from 30125 for REQUEST 1741682891617
[2025-03-11 17:48:13,526] [INFO] [30148] COMMIT received from 30012 for REQUEST 1741682891617
[2025-03-11 17:48:13,526] [INFO] [30148] PREPARE received from 30044 for REQUEST 1741682891617
[2025-03-11 17:48:13,528] [INFO] [30148] COMMIT received from 30072 for REQUEST 1741682891617
[2025-03-11 17:48:13,596] [INFO] [30148] PREPARE received from 30145 for REQUEST 1741682891617
[2025-03-11 17:48:13,677] [INFO] [30148] COMMIT received from 30044 for REQUEST 1741682891617
[2025-03-11 17:48:13,677] [INFO] [30148] COMMIT received from 30172 for REQUEST 1741682891617
[2025-03-11 17:48:13,807] [INFO] [30148] PREPARE received from 30158 for REQUEST 1741682891617
[2025-03-11 17:48:13,807] [INFO] [30148] COMMIT received from 30158 for REQUEST 1741682891617
[2025-03-11 17:48:14,064] [INFO] [30148] COMMIT received from 30145 for REQUEST 1741682891617
[2025-03-11 17:48:14,085] [INFO] [30148] COMMIT received from 30077 for REQUEST 1741682891617
[2025-03-11 17:48:14,132] [INFO] [30148] PREPARE received from 30077 for REQUEST 1741682891617
[2025-03-11 17:48:14,134] [INFO] [30148] COMMIT received from 30147 for REQUEST 1741682891617
[2025-03-11 17:48:14,134] [INFO] [30148] PREPARE received from 30019 for REQUEST 1741682891617
[2025-03-11 17:48:14,134] [INFO] [30148] PREPARE received from 30199 for REQUEST 1741682891617
[2025-03-11 17:48:14,242] [INFO] [30148] COMMIT received from 30080 for REQUEST 1741682891617
[2025-03-11 17:48:14,242] [INFO] [30148] COMMIT received from 30199 for REQUEST 1741682891617
[2025-03-11 17:48:14,405] [INFO] [30148] PREPARE received from 30114 for REQUEST 1741682891617
[2025-03-11 17:48:14,459] [INFO] [30148] COMMIT received from 30114 for REQUEST 1741682891617
[2025-03-11 17:48:14,475] [INFO] [30148] PREPARE received from 30030 for REQUEST 1741682891617
[2025-03-11 17:48:14,478] [INFO] [30148] PREPARE received from 30056 for REQUEST 1741682891617
[2025-03-11 17:48:14,480] [INFO] [30148] COMMIT received from 30019 for REQUEST 1741682891617
[2025-03-11 17:48:14,539] [INFO] [30148] COMMIT received from 30030 for REQUEST 1741682891617
[2025-03-11 17:48:14,647] [INFO] [30148] PREPARE received from 30068 for REQUEST 1741682891617
[2025-03-11 17:48:14,705] [INFO] [30148] COMMIT received from 30068 for REQUEST 1741682891617
[2025-03-11 17:48:14,724] [INFO] [30148] COMMIT received from 30150 for REQUEST 1741682891617
[2025-03-11 17:48:15,162] [INFO] [30148] COMMIT received from 30065 for REQUEST 1741682891617
[2025-03-11 17:48:15,419] [INFO] [30148] COMMIT received from 30188 for REQUEST 1741682891617
[2025-03-11 17:48:15,667] [INFO] [30148] PREPARE received from 30166 for REQUEST 1741682891617
[2025-03-11 17:48:15,667] [INFO] [30148] PREPARE received from 30174 for REQUEST 1741682891617
[2025-03-11 17:48:15,705] [INFO] [30148] COMMIT received from 30134 for REQUEST 1741682891617
[2025-03-11 17:48:15,707] [INFO] [30148] COMMIT received from 30174 for REQUEST 1741682891617
[2025-03-11 17:48:15,707] [INFO] [30148] PREPARE received from 30134 for REQUEST 1741682891617
[2025-03-11 17:48:15,707] [INFO] [30148] COMMIT received from 30166 for REQUEST 1741682891617
[2025-03-11 17:48:15,802] [INFO] [30148] PREPARE received from 30008 for REQUEST 1741682891617
[2025-03-11 17:48:15,802] [INFO] [30148] COMMIT received from 30056 for REQUEST 1741682891617
[2025-03-11 17:48:15,819] [INFO] [30148] COMMIT received from 30008 for REQUEST 1741682891617
[2025-03-11 17:48:16,106] [INFO] [30148] PREPARE received from 30120 for REQUEST 1741682891617
[2025-03-11 17:48:16,285] [INFO] [30148] COMMIT received from 30120 for REQUEST 1741682891617
[2025-03-11 17:48:16,285] [INFO] [30148] PREPARE received from 30094 for REQUEST 1741682891617
[2025-03-11 17:48:16,330] [INFO] [30148] PREPARE received from 30054 for REQUEST 1741682891617
[2025-03-11 17:48:16,330] [INFO] [30148] COMMIT received from 30094 for REQUEST 1741682891617
[2025-03-11 17:48:16,352] [INFO] [30148] PREPARE received from 30074 for REQUEST 1741682891617
[2025-03-11 17:48:16,352] [INFO] [30148] PREPARE received from 30129 for REQUEST 1741682891617
[2025-03-11 17:48:16,352] [INFO] [30148] PREPARE received from 30039 for REQUEST 1741682891617
[2025-03-11 17:48:16,352] [INFO] [30148] PREPARE received from 30007 for REQUEST 1741682891617
[2025-03-11 17:48:16,352] [INFO] [30148] PREPARE received from 30149 for REQUEST 1741682891617
[2025-03-11 17:48:16,407] [INFO] [30148] COMMIT received from 30039 for REQUEST 1741682891617
[2025-03-11 17:48:16,407] [INFO] [30148] COMMIT received from 30074 for REQUEST 1741682891617
[2025-03-11 17:48:16,407] [INFO] [30148] COMMIT received from 30054 for REQUEST 1741682891617
[2025-03-11 17:48:16,409] [INFO] [30148] COMMIT received from 30129 for REQUEST 1741682891617
[2025-03-11 17:48:16,409] [INFO] [30148] COMMIT received from 30007 for REQUEST 1741682891617
[2025-03-11 17:48:16,409] [INFO] [30148] COMMIT received from 30149 for REQUEST 1741682891617
[2025-03-11 17:48:16,619] [INFO] [30148] PREPARE received from 30025 for REQUEST 1741682891617
[2025-03-11 17:48:16,619] [INFO] [30148] PREPARE received from 30063 for REQUEST 1741682891617
[2025-03-11 17:48:16,637] [INFO] [30148] COMMIT received from 30063 for REQUEST 1741682891617
[2025-03-11 17:48:16,639] [INFO] [30148] COMMIT received from 30025 for REQUEST 1741682891617
[2025-03-11 17:48:16,681] [INFO] [30148] PREPARE received from 30103 for REQUEST 1741682891617
[2025-03-11 17:48:16,683] [INFO] [30148] COMMIT received from 30103 for REQUEST 1741682891617
[2025-03-11 17:48:16,683] [INFO] [30148] PREPARE received from 30085 for REQUEST 1741682891617
[2025-03-11 17:48:16,683] [INFO] [30148] COMMIT received from 30085 for REQUEST 1741682891617
[2025-03-11 17:48:16,882] [INFO] [30148] PREPARE received from 30046 for REQUEST 1741682891617
[2025-03-11 17:48:16,884] [INFO] [30148] COMMIT received from 30046 for REQUEST 1741682891617
[2025-03-11 17:48:17,085] [INFO] [30148] PREPARE received from 30112 for REQUEST 1741682891617
[2025-03-11 17:48:17,087] [INFO] [30148] COMMIT received from 30112 for REQUEST 1741682891617
[2025-03-11 17:48:17,263] [INFO] [30148] PREPARE received from 30015 for REQUEST 1741682891617
[2025-03-11 17:48:17,263] [INFO] [30148] COMMIT received from 30015 for REQUEST 1741682891617
