[2025-03-11 17:35:20,398] [INFO] Node started: localhost:30002 | index=3 | f=1, k=4
[2025-03-11 17:35:39,070] [INFO] [30002] PRE-PREPARE received: {'request_id': 1741682139008, 'data': 'llapbft_message_1741682139008', 'timestamp': 1741682139.0402768, 'leader': 30037, 'cluster_id': 0, 'cluster_ports': [30002, 30003, 30004, 30008, 30010, 30012, 30023, 30028, 30030, 30031, 30034, 30037], 'cluster_manager': {'host': 'localhost', 'port': 30012, 'latitude': 36.6273309, 'longitude': 127.4598022, 'altitude': 25, 'offset_m': 'lat: 81 m, lng: 116 m, alt: 25 m'}, 'simulated_delay': 0.000274, 'distance': 240.49123340475424, 'message_size_bits': 3288}
[2025-03-11 17:35:39,070] [INFO] [30002] Broadcasting PREPARE: REQUEST 1741682139008
[2025-03-11 17:35:39,076] [INFO] [30002] PREPARE received from 30023 for REQUEST 1741682139008
[2025-03-11 17:35:39,087] [INFO] [30002] Broadcasting COMMIT: REQUEST 1741682139008
[2025-03-11 17:35:39,107] [INFO] [30002] COMMIT received from 30023 for REQUEST 1741682139008
[2025-03-11 17:35:39,121] [INFO] [30002] PREPARE received from 30003 for REQUEST 1741682139008
[2025-03-11 17:35:39,121] [INFO] [30002] COMMIT received from 30003 for REQUEST 1741682139008
[2025-03-11 17:35:39,121] [INFO] [30002] COMMIT complete. Sending PRE-REPLY: REQUEST 1741682139008 directly to Manager 30012
[2025-03-11 17:35:39,135] [INFO] [30002] PREPARE received from 30008 for REQUEST 1741682139008
[2025-03-11 17:35:39,139] [INFO] [30002] COMMIT received from 30037 for REQUEST 1741682139008
[2025-03-11 17:35:39,139] [INFO] [30002] COMMIT received from 30008 for REQUEST 1741682139008
[2025-03-11 17:35:39,139] [INFO] [30002] PREPARE received from 30031 for REQUEST 1741682139008
[2025-03-11 17:35:39,139] [INFO] [30002] PREPARE received from 30028 for REQUEST 1741682139008
[2025-03-11 17:35:39,139] [INFO] [30002] COMMIT received from 30031 for REQUEST 1741682139008
[2025-03-11 17:35:39,139] [INFO] [30002] COMMIT received from 30028 for REQUEST 1741682139008
[2025-03-11 17:35:39,150] [INFO] [30002] PREPARE received from 30004 for REQUEST 1741682139008
[2025-03-11 17:35:39,150] [INFO] [30002] COMMIT received from 30004 for REQUEST 1741682139008
[2025-03-11 17:35:57,160] [INFO] Node started: localhost:30002 | index=3 | f=1, k=4
[2025-03-11 17:36:05,268] [INFO] [30002] PRE-PREPARE received: {'request_id': 1741682165210, 'data': 'llapbft_message_1741682165210', 'timestamp': 1741682165.258432, 'leader': 30031, 'cluster_id': 1, 'cluster_ports': [30002, 30007, 30015, 30018, 30026, 30031, 30033, 30038, 30039], 'cluster_manager': {'host': 'localhost', 'port': 30033, 'latitude': 36.627611, 'longitude': 127.4598446, 'altitude': 54, 'offset_m': 'lat: 112 m, lng: 119 m, alt: 54 m'}, 'simulated_delay': 0.0002593333333333333, 'distance': 215.44511861783124, 'message_size_bits': 3112}
[2025-03-11 17:36:05,268] [INFO] [30002] Broadcasting PREPARE: REQUEST 1741682165210
[2025-03-11 17:36:05,279] [INFO] [30002] PREPARE received from 30026 for REQUEST 1741682165210
[2025-03-11 17:36:05,279] [INFO] [30002] Broadcasting COMMIT: REQUEST 1741682165210
[2025-03-11 17:36:05,279] [INFO] [30002] PREPARE received from 30018 for REQUEST 1741682165210
[2025-03-11 17:36:05,290] [INFO] [30002] COMMIT received from 30026 for REQUEST 1741682165210
[2025-03-11 17:36:05,290] [INFO] [30002] COMMIT received from 30031 for REQUEST 1741682165210
[2025-03-11 17:36:05,290] [INFO] [30002] COMMIT complete. Sending PRE-REPLY: REQUEST 1741682165210 directly to Manager 30033
[2025-03-11 17:36:05,290] [INFO] [30002] PREPARE received from 30007 for REQUEST 1741682165210
[2025-03-11 17:36:05,306] [INFO] [30002] COMMIT received from 30018 for REQUEST 1741682165210
[2025-03-11 17:36:05,306] [INFO] [30002] PREPARE received from 30015 for REQUEST 1741682165210
[2025-03-11 17:36:05,306] [INFO] [30002] COMMIT received from 30015 for REQUEST 1741682165210
[2025-03-11 17:36:05,306] [INFO] [30002] COMMIT received from 30007 for REQUEST 1741682165210
[2025-03-11 17:38:16,594] [INFO] Node started: localhost:30002 | index=3 | f=1, k=4
[2025-03-11 17:38:33,576] [INFO] [30002] PRE-PREPARE received: {'request_id': 1741682313511, 'data': 'llapbft_message_1741682313511', 'timestamp': 1741682313.5429404, 'leader': 30025, 'cluster_id': 1, 'cluster_ports': [30002, 30005, 30006, 30008, 30009, 30011, 30024, 30025, 30029, 30031, 30034, 30035, 30037, 30041, 30053, 30056, 30074], 'cluster_manager': {'host': 'localhost', 'port': 30011, 'latitude': 36.6272194, 'longitude': 127.4585812, 'altitude': 57, 'offset_m': 'lat: 68 m, lng: 7 m, alt: 57 m'}, 'simulated_delay': 0.00019733333333333332, 'distance': 163.45511485069403, 'message_size_bits': 3552}
[2025-03-11 17:38:33,576] [INFO] [30002] Broadcasting PREPARE: REQUEST 1741682313511
[2025-03-11 17:38:33,612] [INFO] [30002] PREPARE received from 30006 for REQUEST 1741682313511
[2025-03-11 17:38:33,612] [INFO] [30002] Broadcasting COMMIT: REQUEST 1741682313511
[2025-03-11 17:38:33,612] [INFO] [30002] PREPARE received from 30034 for REQUEST 1741682313511
[2025-03-11 17:38:33,618] [INFO] [30002] PREPARE received from 30074 for REQUEST 1741682313511
[2025-03-11 17:38:33,760] [INFO] [30002] PREPARE received from 30056 for REQUEST 1741682313511
[2025-03-11 17:38:33,776] [INFO] [30002] COMMIT received from 30074 for REQUEST 1741682313511
[2025-03-11 17:38:33,776] [INFO] [30002] COMMIT received from 30056 for REQUEST 1741682313511
[2025-03-11 17:38:33,778] [INFO] [30002] COMMIT complete. Sending PRE-REPLY: REQUEST 1741682313511 directly to Manager 30011
[2025-03-11 17:38:33,778] [INFO] [30002] COMMIT received from 30006 for REQUEST 1741682313511
[2025-03-11 17:38:33,798] [INFO] [30002] PREPARE received from 30053 for REQUEST 1741682313511
[2025-03-11 17:38:33,815] [INFO] [30002] PREPARE received from 30029 for REQUEST 1741682313511
[2025-03-11 17:38:33,827] [INFO] [30002] COMMIT received from 30029 for REQUEST 1741682313511
[2025-03-11 17:38:33,827] [INFO] [30002] COMMIT received from 30053 for REQUEST 1741682313511
[2025-03-11 17:38:33,831] [INFO] [30002] COMMIT received from 30035 for REQUEST 1741682313511
[2025-03-11 17:38:33,831] [INFO] [30002] PREPARE received from 30035 for REQUEST 1741682313511
[2025-03-11 17:38:33,838] [INFO] [30002] COMMIT received from 30025 for REQUEST 1741682313511
[2025-03-11 17:38:33,853] [INFO] [30002] PREPARE received from 30008 for REQUEST 1741682313511
[2025-03-11 17:38:33,862] [INFO] [30002] COMMIT received from 30005 for REQUEST 1741682313511
[2025-03-11 17:38:33,862] [INFO] [30002] PREPARE received from 30005 for REQUEST 1741682313511
[2025-03-11 17:38:33,867] [INFO] [30002] COMMIT received from 30034 for REQUEST 1741682313511
[2025-03-11 17:38:33,873] [INFO] [30002] PREPARE received from 30009 for REQUEST 1741682313511
[2025-03-11 17:38:33,874] [INFO] [30002] COMMIT received from 30009 for REQUEST 1741682313511
[2025-03-11 17:38:33,877] [INFO] [30002] COMMIT received from 30008 for REQUEST 1741682313511
[2025-03-11 17:38:33,880] [INFO] [30002] PREPARE received from 30037 for REQUEST 1741682313511
[2025-03-11 17:38:33,903] [INFO] [30002] PREPARE received from 30041 for REQUEST 1741682313511
[2025-03-11 17:38:33,909] [INFO] [30002] COMMIT received from 30041 for REQUEST 1741682313511
[2025-03-11 17:38:33,909] [INFO] [30002] PREPARE received from 30024 for REQUEST 1741682313511
[2025-03-11 17:38:33,914] [INFO] [30002] PREPARE received from 30031 for REQUEST 1741682313511
[2025-03-11 17:38:33,916] [INFO] [30002] COMMIT received from 30024 for REQUEST 1741682313511
[2025-03-11 17:38:33,928] [INFO] [30002] COMMIT received from 30031 for REQUEST 1741682313511
[2025-03-11 17:38:33,945] [INFO] [30002] COMMIT received from 30037 for REQUEST 1741682313511
[2025-03-11 17:40:45,278] [INFO] Node started: localhost:30002 | index=3 | f=1, k=4
[2025-03-11 17:41:09,475] [INFO] [30002] PRE-PREPARE received: {'request_id': 1741682469395, 'data': 'llapbft_message_1741682469395', 'timestamp': 1741682469.412458, 'leader': 30110, 'cluster_id': 1, 'cluster_ports': [30002, 30003, 30004, 30006, 30007, 30008, 30016, 30019, 30023, 30027, 30028, 30029, 30035, 30037, 30043, 30054, 30057, 30064, 30065, 30067, 30069, 30070, 30075, 30076, 30077, 30089, 30094, 30095, 30099, 30101, 30102, 30104, 30110, 30112, 30114, 30117], 'cluster_manager': {'host': 'localhost', 'port': 30064, 'latitude': 36.6269153, 'longitude': 127.4594273, 'altitude': 54, 'offset_m': 'lat: 35 m, lng: 82 m, alt: 54 m'}, 'simulated_delay': 0.00019233333333333334, 'distance': 112.82960550224634, 'message_size_bits': 4616}
[2025-03-11 17:41:09,475] [INFO] [30002] Broadcasting PREPARE: REQUEST 1741682469395
[2025-03-11 17:41:09,639] [INFO] [30002] PREPARE received from 30008 for REQUEST 1741682469395
[2025-03-11 17:41:09,639] [INFO] [30002] Broadcasting COMMIT: REQUEST 1741682469395
[2025-03-11 17:41:09,641] [INFO] [30002] PREPARE received from 30094 for REQUEST 1741682469395
[2025-03-11 17:41:09,641] [INFO] [30002] PREPARE received from 30065 for REQUEST 1741682469395
[2025-03-11 17:41:09,641] [INFO] [30002] PREPARE received from 30112 for REQUEST 1741682469395
[2025-03-11 17:41:09,664] [INFO] [30002] PREPARE received from 30029 for REQUEST 1741682469395
[2025-03-11 17:41:09,667] [INFO] [30002] PREPARE received from 30003 for REQUEST 1741682469395
[2025-03-11 17:41:09,667] [INFO] [30002] PREPARE received from 30077 for REQUEST 1741682469395
[2025-03-11 17:41:09,760] [INFO] [30002] PREPARE received from 30027 for REQUEST 1741682469395
[2025-03-11 17:41:09,760] [INFO] [30002] PREPARE received from 30070 for REQUEST 1741682469395
[2025-03-11 17:41:09,760] [INFO] [30002] PREPARE received from 30007 for REQUEST 1741682469395
[2025-03-11 17:41:09,798] [INFO] [30002] PREPARE received from 30006 for REQUEST 1741682469395
[2025-03-11 17:41:09,800] [INFO] [30002] PREPARE received from 30023 for REQUEST 1741682469395
[2025-03-11 17:41:09,832] [INFO] [30002] PREPARE received from 30028 for REQUEST 1741682469395
[2025-03-11 17:41:09,832] [INFO] [30002] PREPARE received from 30075 for REQUEST 1741682469395
[2025-03-11 17:41:09,832] [INFO] [30002] PREPARE received from 30089 for REQUEST 1741682469395
[2025-03-11 17:41:09,832] [INFO] [30002] PREPARE received from 30101 for REQUEST 1741682469395
[2025-03-11 17:41:09,832] [INFO] [30002] PREPARE received from 30104 for REQUEST 1741682469395
[2025-03-11 17:41:10,116] [INFO] [30002] PREPARE received from 30043 for REQUEST 1741682469395
[2025-03-11 17:41:10,170] [INFO] [30002] COMMIT received from 30027 for REQUEST 1741682469395
[2025-03-11 17:41:10,170] [INFO] [30002] COMMIT received from 30075 for REQUEST 1741682469395
[2025-03-11 17:41:10,170] [INFO] [30002] COMMIT complete. Sending PRE-REPLY: REQUEST 1741682469395 directly to Manager 30064
[2025-03-11 17:41:10,223] [INFO] [30002] COMMIT received from 30006 for REQUEST 1741682469395
[2025-03-11 17:41:10,223] [INFO] [30002] COMMIT received from 30029 for REQUEST 1741682469395
[2025-03-11 17:41:10,223] [INFO] [30002] PREPARE received from 30016 for REQUEST 1741682469395
[2025-03-11 17:41:10,223] [INFO] [30002] COMMIT received from 30112 for REQUEST 1741682469395
[2025-03-11 17:41:10,234] [INFO] [30002] COMMIT received from 30065 for REQUEST 1741682469395
[2025-03-11 17:41:10,234] [INFO] [30002] COMMIT received from 30007 for REQUEST 1741682469395
[2025-03-11 17:41:10,234] [INFO] [30002] COMMIT received from 30016 for REQUEST 1741682469395
[2025-03-11 17:41:10,234] [INFO] [30002] COMMIT received from 30094 for REQUEST 1741682469395
[2025-03-11 17:41:10,241] [INFO] [30002] COMMIT received from 30077 for REQUEST 1741682469395
[2025-03-11 17:41:10,241] [INFO] [30002] COMMIT received from 30101 for REQUEST 1741682469395
[2025-03-11 17:41:10,241] [INFO] [30002] COMMIT received from 30028 for REQUEST 1741682469395
[2025-03-11 17:41:10,241] [INFO] [30002] COMMIT received from 30089 for REQUEST 1741682469395
[2025-03-11 17:41:10,241] [INFO] [30002] COMMIT received from 30003 for REQUEST 1741682469395
[2025-03-11 17:41:10,286] [INFO] [30002] COMMIT received from 30008 for REQUEST 1741682469395
[2025-03-11 17:41:10,320] [INFO] [30002] COMMIT received from 30104 for REQUEST 1741682469395
[2025-03-11 17:41:10,320] [INFO] [30002] COMMIT received from 30114 for REQUEST 1741682469395
[2025-03-11 17:41:10,373] [INFO] [30002] COMMIT received from 30117 for REQUEST 1741682469395
[2025-03-11 17:41:10,373] [INFO] [30002] PREPARE received from 30114 for REQUEST 1741682469395
[2025-03-11 17:41:10,373] [INFO] [30002] PREPARE received from 30004 for REQUEST 1741682469395
[2025-03-11 17:41:10,373] [INFO] [30002] PREPARE received from 30117 for REQUEST 1741682469395
[2025-03-11 17:41:10,375] [INFO] [30002] PREPARE received from 30102 for REQUEST 1741682469395
[2025-03-11 17:41:10,375] [INFO] [30002] PREPARE received from 30035 for REQUEST 1741682469395
[2025-03-11 17:41:10,392] [INFO] [30002] COMMIT received from 30035 for REQUEST 1741682469395
[2025-03-11 17:41:10,392] [INFO] [30002] COMMIT received from 30110 for REQUEST 1741682469395
[2025-03-11 17:41:10,392] [INFO] [30002] PREPARE received from 30095 for REQUEST 1741682469395
[2025-03-11 17:41:10,392] [INFO] [30002] COMMIT received from 30004 for REQUEST 1741682469395
[2025-03-11 17:41:10,420] [INFO] [30002] COMMIT received from 30095 for REQUEST 1741682469395
[2025-03-11 17:41:10,420] [INFO] [30002] COMMIT received from 30070 for REQUEST 1741682469395
[2025-03-11 17:41:10,420] [INFO] [30002] COMMIT received from 30102 for REQUEST 1741682469395
[2025-03-11 17:41:10,444] [INFO] [30002] COMMIT received from 30023 for REQUEST 1741682469395
[2025-03-11 17:41:10,470] [INFO] [30002] PREPARE received from 30069 for REQUEST 1741682469395
[2025-03-11 17:41:10,470] [INFO] [30002] PREPARE received from 30019 for REQUEST 1741682469395
[2025-03-11 17:41:10,479] [INFO] [30002] COMMIT received from 30069 for REQUEST 1741682469395
[2025-03-11 17:41:10,479] [INFO] [30002] COMMIT received from 30019 for REQUEST 1741682469395
[2025-03-11 17:41:10,479] [INFO] [30002] COMMIT received from 30043 for REQUEST 1741682469395
[2025-03-11 17:41:10,548] [INFO] [30002] PREPARE received from 30037 for REQUEST 1741682469395
[2025-03-11 17:41:10,580] [INFO] [30002] PREPARE received from 30067 for REQUEST 1741682469395
[2025-03-11 17:41:10,588] [INFO] [30002] PREPARE received from 30099 for REQUEST 1741682469395
[2025-03-11 17:41:10,588] [INFO] [30002] PREPARE received from 30057 for REQUEST 1741682469395
[2025-03-11 17:41:10,592] [INFO] [30002] COMMIT received from 30099 for REQUEST 1741682469395
[2025-03-11 17:41:10,592] [INFO] [30002] COMMIT received from 30067 for REQUEST 1741682469395
[2025-03-11 17:41:10,592] [INFO] [30002] COMMIT received from 30057 for REQUEST 1741682469395
[2025-03-11 17:41:10,592] [INFO] [30002] PREPARE received from 30054 for REQUEST 1741682469395
[2025-03-11 17:41:10,594] [INFO] [30002] COMMIT received from 30037 for REQUEST 1741682469395
[2025-03-11 17:41:10,614] [INFO] [30002] COMMIT received from 30054 for REQUEST 1741682469395
[2025-03-11 17:41:10,661] [INFO] [30002] PREPARE received from 30076 for REQUEST 1741682469395
[2025-03-11 17:41:10,707] [INFO] [30002] COMMIT received from 30076 for REQUEST 1741682469395
[2025-03-11 17:43:53,722] [INFO] Node started: localhost:30002 | index=3 | f=1, k=4
[2025-03-11 17:44:26,358] [INFO] [30002] PRE-PREPARE received: {'request_id': 1741682666245, 'data': 'llapbft_message_1741682666245', 'timestamp': 1741682666.2776651, 'leader': 30099, 'cluster_id': 1, 'cluster_ports': [30001, 30002, 30009, 30014, 30015, 30022, 30036, 30043, 30046, 30049, 30051, 30053, 30056, 30059, 30060, 30061, 30063, 30064, 30081, 30085, 30086, 30087, 30089, 30092, 30095, 30096, 30099, 30104, 30111, 30115, 30119, 30123, 30126, 30127, 30129, 30132, 30147, 30153, 30158], 'cluster_manager': {'host': 'localhost', 'port': 30132, 'latitude': 36.6266901, 'longitude': 127.459304, 'altitude': 80, 'offset_m': 'lat: 10 m, lng: 71 m, alt: 80 m'}, 'simulated_delay': 0.0003986666666666667, 'distance': 206.80980535638395, 'message_size_bits': 4784}
[2025-03-11 17:44:26,358] [INFO] [30002] Broadcasting PREPARE: REQUEST 1741682666245
[2025-03-11 17:44:26,513] [INFO] [30002] PREPARE received from 30001 for REQUEST 1741682666245
[2025-03-11 17:44:26,513] [INFO] [30002] Broadcasting COMMIT: REQUEST 1741682666245
[2025-03-11 17:44:26,520] [INFO] [30002] PREPARE received from 30086 for REQUEST 1741682666245
[2025-03-11 17:44:26,522] [INFO] [30002] PREPARE received from 30056 for REQUEST 1741682666245
[2025-03-11 17:44:26,544] [INFO] [30002] PREPARE received from 30081 for REQUEST 1741682666245
[2025-03-11 17:44:26,582] [INFO] [30002] PREPARE received from 30061 for REQUEST 1741682666245
[2025-03-11 17:44:26,750] [INFO] [30002] PREPARE received from 30087 for REQUEST 1741682666245
[2025-03-11 17:44:26,814] [INFO] [30002] PREPARE received from 30111 for REQUEST 1741682666245
[2025-03-11 17:44:26,952] [INFO] [30002] PREPARE received from 30158 for REQUEST 1741682666245
[2025-03-11 17:44:26,952] [INFO] [30002] PREPARE received from 30104 for REQUEST 1741682666245
[2025-03-11 17:44:26,952] [INFO] [30002] COMMIT received from 30086 for REQUEST 1741682666245
[2025-03-11 17:44:27,037] [INFO] [30002] COMMIT received from 30087 for REQUEST 1741682666245
[2025-03-11 17:44:27,037] [INFO] [30002] COMMIT complete. Sending PRE-REPLY: REQUEST 1741682666245 directly to Manager 30132
[2025-03-11 17:44:27,055] [INFO] [30002] PREPARE received from 30123 for REQUEST 1741682666245
[2025-03-11 17:44:27,057] [INFO] [30002] PREPARE received from 30085 for REQUEST 1741682666245
[2025-03-11 17:44:27,057] [INFO] [30002] PREPARE received from 30126 for REQUEST 1741682666245
[2025-03-11 17:44:27,120] [INFO] [30002] COMMIT received from 30081 for REQUEST 1741682666245
[2025-03-11 17:44:27,120] [INFO] [30002] COMMIT received from 30061 for REQUEST 1741682666245
[2025-03-11 17:44:27,122] [INFO] [30002] COMMIT received from 30056 for REQUEST 1741682666245
[2025-03-11 17:44:27,139] [INFO] [30002] COMMIT received from 30104 for REQUEST 1741682666245
[2025-03-11 17:44:27,139] [INFO] [30002] PREPARE received from 30147 for REQUEST 1741682666245
[2025-03-11 17:44:27,139] [INFO] [30002] PREPARE received from 30015 for REQUEST 1741682666245
[2025-03-11 17:44:27,294] [INFO] [30002] COMMIT received from 30111 for REQUEST 1741682666245
[2025-03-11 17:44:27,294] [INFO] [30002] COMMIT received from 30001 for REQUEST 1741682666245
[2025-03-11 17:44:27,304] [INFO] [30002] PREPARE received from 30095 for REQUEST 1741682666245
[2025-03-11 17:44:27,360] [INFO] [30002] COMMIT received from 30126 for REQUEST 1741682666245
[2025-03-11 17:44:27,360] [INFO] [30002] PREPARE received from 30053 for REQUEST 1741682666245
[2025-03-11 17:44:27,360] [INFO] [30002] COMMIT received from 30123 for REQUEST 1741682666245
[2025-03-11 17:44:27,360] [INFO] [30002] COMMIT received from 30158 for REQUEST 1741682666245
[2025-03-11 17:44:27,360] [INFO] [30002] COMMIT received from 30085 for REQUEST 1741682666245
[2025-03-11 17:44:27,481] [INFO] [30002] COMMIT received from 30127 for REQUEST 1741682666245
[2025-03-11 17:44:27,481] [INFO] [30002] PREPARE received from 30153 for REQUEST 1741682666245
[2025-03-11 17:44:27,481] [INFO] [30002] PREPARE received from 30127 for REQUEST 1741682666245
[2025-03-11 17:44:27,481] [INFO] [30002] COMMIT received from 30053 for REQUEST 1741682666245
[2025-03-11 17:44:27,547] [INFO] [30002] COMMIT received from 30153 for REQUEST 1741682666245
[2025-03-11 17:44:27,547] [INFO] [30002] COMMIT received from 30015 for REQUEST 1741682666245
[2025-03-11 17:44:27,547] [INFO] [30002] PREPARE received from 30049 for REQUEST 1741682666245
[2025-03-11 17:44:27,596] [INFO] [30002] PREPARE received from 30063 for REQUEST 1741682666245
[2025-03-11 17:44:27,598] [INFO] [30002] PREPARE received from 30046 for REQUEST 1741682666245
[2025-03-11 17:44:27,600] [INFO] [30002] COMMIT received from 30063 for REQUEST 1741682666245
[2025-03-11 17:44:27,638] [INFO] [30002] COMMIT received from 30046 for REQUEST 1741682666245
[2025-03-11 17:44:27,640] [INFO] [30002] PREPARE received from 30119 for REQUEST 1741682666245
[2025-03-11 17:44:27,640] [INFO] [30002] PREPARE received from 30036 for REQUEST 1741682666245
[2025-03-11 17:44:27,670] [INFO] [30002] COMMIT received from 30119 for REQUEST 1741682666245
[2025-03-11 17:44:27,670] [INFO] [30002] COMMIT received from 30036 for REQUEST 1741682666245
[2025-03-11 17:44:27,674] [INFO] [30002] COMMIT received from 30049 for REQUEST 1741682666245
[2025-03-11 17:44:27,746] [INFO] [30002] PREPARE received from 30096 for REQUEST 1741682666245
[2025-03-11 17:44:27,779] [INFO] [30002] COMMIT received from 30096 for REQUEST 1741682666245
[2025-03-11 17:44:27,779] [INFO] [30002] COMMIT received from 30095 for REQUEST 1741682666245
[2025-03-11 17:44:27,821] [INFO] [30002] PREPARE received from 30051 for REQUEST 1741682666245
[2025-03-11 17:44:27,848] [INFO] [30002] COMMIT received from 30051 for REQUEST 1741682666245
[2025-03-11 17:44:27,890] [INFO] [30002] COMMIT received from 30147 for REQUEST 1741682666245
[2025-03-11 17:44:27,911] [INFO] [30002] PREPARE received from 30014 for REQUEST 1741682666245
[2025-03-11 17:44:27,911] [INFO] [30002] PREPARE received from 30092 for REQUEST 1741682666245
[2025-03-11 17:44:27,911] [INFO] [30002] COMMIT received from 30092 for REQUEST 1741682666245
[2025-03-11 17:44:27,921] [INFO] [30002] COMMIT received from 30014 for REQUEST 1741682666245
[2025-03-11 17:44:28,085] [INFO] [30002] PREPARE received from 30060 for REQUEST 1741682666245
[2025-03-11 17:44:28,094] [INFO] [30002] COMMIT received from 30099 for REQUEST 1741682666245
[2025-03-11 17:44:28,102] [INFO] [30002] COMMIT received from 30060 for REQUEST 1741682666245
[2025-03-11 17:44:28,102] [INFO] [30002] PREPARE received from 30009 for REQUEST 1741682666245
[2025-03-11 17:44:28,102] [INFO] [30002] COMMIT received from 30009 for REQUEST 1741682666245
[2025-03-11 17:44:28,284] [INFO] [30002] PREPARE received from 30129 for REQUEST 1741682666245
[2025-03-11 17:44:28,307] [INFO] [30002] COMMIT received from 30129 for REQUEST 1741682666245
[2025-03-11 17:44:28,436] [INFO] [30002] PREPARE received from 30043 for REQUEST 1741682666245
[2025-03-11 17:44:28,453] [INFO] [30002] COMMIT received from 30043 for REQUEST 1741682666245
[2025-03-11 17:44:28,789] [INFO] [30002] PREPARE received from 30115 for REQUEST 1741682666245
[2025-03-11 17:44:28,801] [INFO] [30002] COMMIT received from 30115 for REQUEST 1741682666245
[2025-03-11 17:44:28,988] [INFO] [30002] PREPARE received from 30089 for REQUEST 1741682666245
[2025-03-11 17:44:28,988] [INFO] [30002] COMMIT received from 30089 for REQUEST 1741682666245
[2025-03-11 17:47:30,438] [INFO] Node started: localhost:30002 | index=3 | f=1, k=4
[2025-03-11 17:48:11,907] [INFO] [30002] PRE-PREPARE received: {'request_id': 1741682891617, 'data': 'llapbft_message_1741682891617', 'timestamp': 1741682891.640408, 'leader': 30066, 'cluster_id': 3, 'cluster_ports': [30002, 30022, 30024, 30028, 30031, 30037, 30041, 30048, 30051, 30052, 30057, 30059, 30066, 30070, 30073, 30075, 30076, 30079, 30084, 30088, 30089, 30093, 30096, 30098, 30100, 30101, 30102, 30109, 30110, 30113, 30115, 30116, 30118, 30133, 30137, 30138, 30140, 30141, 30144, 30146, 30151, 30152, 30153, 30154, 30156, 30180, 30183, 30191, 30193, 30198], 'cluster_manager': {'host': 'localhost', 'port': 30133, 'latitude': 36.6274955, 'longitude': 127.4587659, 'altitude': 30, 'offset_m': 'lat: 99 m, lng: 23 m, alt: 30 m'}, 'simulated_delay': 0.00045, 'distance': 203.95209511381177, 'message_size_bits': 5400}
[2025-03-11 17:48:11,907] [INFO] [30002] Broadcasting PREPARE: REQUEST 1741682891617
[2025-03-11 17:48:12,051] [INFO] [30002] PREPARE received from 30028 for REQUEST 1741682891617
[2025-03-11 17:48:12,051] [INFO] [30002] Broadcasting COMMIT: REQUEST 1741682891617
[2025-03-11 17:48:12,053] [INFO] [30002] PREPARE received from 30101 for REQUEST 1741682891617
[2025-03-11 17:48:12,226] [INFO] [30002] PREPARE received from 30076 for REQUEST 1741682891617
[2025-03-11 17:48:12,229] [INFO] [30002] PREPARE received from 30156 for REQUEST 1741682891617
[2025-03-11 17:48:12,517] [INFO] [30002] PREPARE received from 30141 for REQUEST 1741682891617
[2025-03-11 17:48:12,519] [INFO] [30002] PREPARE received from 30137 for REQUEST 1741682891617
[2025-03-11 17:48:12,519] [INFO] [30002] PREPARE received from 30089 for REQUEST 1741682891617
[2025-03-11 17:48:12,519] [INFO] [30002] PREPARE received from 30198 for REQUEST 1741682891617
[2025-03-11 17:48:12,519] [INFO] [30002] PREPARE received from 30153 for REQUEST 1741682891617
[2025-03-11 17:48:12,519] [INFO] [30002] PREPARE received from 30051 for REQUEST 1741682891617
[2025-03-11 17:48:12,719] [INFO] [30002] COMMIT received from 30198 for REQUEST 1741682891617
[2025-03-11 17:48:12,721] [INFO] [30002] COMMIT received from 30137 for REQUEST 1741682891617
[2025-03-11 17:48:12,721] [INFO] [30002] COMMIT complete. Sending PRE-REPLY: REQUEST 1741682891617 directly to Manager 30133
[2025-03-11 17:48:12,721] [INFO] [30002] COMMIT received from 30031 for REQUEST 1741682891617
[2025-03-11 17:48:12,721] [INFO] [30002] COMMIT received from 30089 for REQUEST 1741682891617
[2025-03-11 17:48:12,721] [INFO] [30002] COMMIT received from 30028 for REQUEST 1741682891617
[2025-03-11 17:48:12,721] [INFO] [30002] COMMIT received from 30051 for REQUEST 1741682891617
[2025-03-11 17:48:12,721] [INFO] [30002] COMMIT received from 30076 for REQUEST 1741682891617
[2025-03-11 17:48:12,769] [INFO] [30002] PREPARE received from 30031 for REQUEST 1741682891617
[2025-03-11 17:48:12,928] [INFO] [30002] COMMIT received from 30191 for REQUEST 1741682891617
[2025-03-11 17:48:12,928] [INFO] [30002] COMMIT received from 30153 for REQUEST 1741682891617
[2025-03-11 17:48:12,928] [INFO] [30002] COMMIT received from 30156 for REQUEST 1741682891617
[2025-03-11 17:48:13,010] [INFO] [30002] COMMIT received from 30115 for REQUEST 1741682891617
[2025-03-11 17:48:13,013] [INFO] [30002] PREPARE received from 30115 for REQUEST 1741682891617
[2025-03-11 17:48:13,013] [INFO] [30002] PREPARE received from 30191 for REQUEST 1741682891617
[2025-03-11 17:48:13,013] [INFO] [30002] PREPARE received from 30144 for REQUEST 1741682891617
[2025-03-11 17:48:13,056] [INFO] [30002] COMMIT received from 30101 for REQUEST 1741682891617
[2025-03-11 17:48:13,056] [INFO] [30002] COMMIT received from 30144 for REQUEST 1741682891617
[2025-03-11 17:48:13,123] [INFO] [30002] COMMIT received from 30180 for REQUEST 1741682891617
[2025-03-11 17:48:13,123] [INFO] [30002] PREPARE received from 30024 for REQUEST 1741682891617
[2025-03-11 17:48:13,123] [INFO] [30002] PREPARE received from 30180 for REQUEST 1741682891617
[2025-03-11 17:48:13,149] [INFO] [30002] COMMIT received from 30141 for REQUEST 1741682891617
[2025-03-11 17:48:13,149] [INFO] [30002] COMMIT received from 30024 for REQUEST 1741682891617
[2025-03-11 17:48:13,197] [INFO] [30002] PREPARE received from 30041 for REQUEST 1741682891617
[2025-03-11 17:48:13,365] [INFO] [30002] PREPARE received from 30070 for REQUEST 1741682891617
[2025-03-11 17:48:13,526] [INFO] [30002] COMMIT received from 30070 for REQUEST 1741682891617
[2025-03-11 17:48:13,731] [INFO] [30002] COMMIT received from 30041 for REQUEST 1741682891617
[2025-03-11 17:48:13,947] [INFO] [30002] PREPARE received from 30057 for REQUEST 1741682891617
[2025-03-11 17:48:13,997] [INFO] [30002] COMMIT received from 30057 for REQUEST 1741682891617
[2025-03-11 17:48:14,196] [INFO] [30002] PREPARE received from 30048 for REQUEST 1741682891617
[2025-03-11 17:48:14,199] [INFO] [30002] COMMIT received from 30048 for REQUEST 1741682891617
[2025-03-11 17:48:14,995] [INFO] [30002] PREPARE received from 30154 for REQUEST 1741682891617
[2025-03-11 17:48:14,995] [INFO] [30002] COMMIT received from 30154 for REQUEST 1741682891617
[2025-03-11 17:48:15,296] [INFO] [30002] PREPARE received from 30022 for REQUEST 1741682891617
[2025-03-11 17:48:15,296] [INFO] [30002] COMMIT received from 30022 for REQUEST 1741682891617
[2025-03-11 17:48:15,298] [INFO] [30002] PREPARE received from 30093 for REQUEST 1741682891617
[2025-03-11 17:48:15,298] [INFO] [30002] COMMIT received from 30093 for REQUEST 1741682891617
[2025-03-11 17:48:15,568] [INFO] [30002] PREPARE received from 30183 for REQUEST 1741682891617
[2025-03-11 17:48:15,568] [INFO] [30002] COMMIT received from 30183 for REQUEST 1741682891617
[2025-03-11 17:48:15,649] [INFO] [30002] COMMIT received from 30079 for REQUEST 1741682891617
[2025-03-11 17:48:15,649] [INFO] [30002] PREPARE received from 30079 for REQUEST 1741682891617
[2025-03-11 17:48:15,699] [INFO] [30002] PREPARE received from 30113 for REQUEST 1741682891617
[2025-03-11 17:48:15,729] [INFO] [30002] COMMIT received from 30113 for REQUEST 1741682891617
[2025-03-11 17:48:16,013] [INFO] [30002] COMMIT received from 30066 for REQUEST 1741682891617
[2025-03-11 17:48:16,826] [INFO] [30002] PREPARE received from 30118 for REQUEST 1741682891617
[2025-03-11 17:48:16,828] [INFO] [30002] COMMIT received from 30118 for REQUEST 1741682891617
[2025-03-11 17:48:17,181] [INFO] [30002] PREPARE received from 30138 for REQUEST 1741682891617
[2025-03-11 17:48:17,181] [INFO] [30002] COMMIT received from 30138 for REQUEST 1741682891617
[2025-03-11 17:48:17,317] [INFO] [30002] PREPARE received from 30102 for REQUEST 1741682891617
[2025-03-11 17:48:17,321] [INFO] [30002] COMMIT received from 30102 for REQUEST 1741682891617
[2025-03-11 17:48:17,853] [INFO] [30002] PREPARE received from 30037 for REQUEST 1741682891617
[2025-03-11 17:48:17,853] [INFO] [30002] COMMIT received from 30037 for REQUEST 1741682891617
[2025-03-11 17:48:17,953] [INFO] [30002] PREPARE received from 30084 for REQUEST 1741682891617
[2025-03-11 17:48:17,955] [INFO] [30002] COMMIT received from 30084 for REQUEST 1741682891617
[2025-03-11 17:48:18,020] [INFO] [30002] PREPARE received from 30110 for REQUEST 1741682891617
[2025-03-11 17:48:18,020] [INFO] [30002] COMMIT received from 30110 for REQUEST 1741682891617
[2025-03-11 17:48:18,156] [INFO] [30002] PREPARE received from 30088 for REQUEST 1741682891617
[2025-03-11 17:48:18,156] [INFO] [30002] PREPARE received from 30100 for REQUEST 1741682891617
[2025-03-11 17:48:18,158] [INFO] [30002] PREPARE received from 30059 for REQUEST 1741682891617
[2025-03-11 17:48:18,158] [INFO] [30002] COMMIT received from 30100 for REQUEST 1741682891617
[2025-03-11 17:48:18,158] [INFO] [30002] COMMIT received from 30088 for REQUEST 1741682891617
[2025-03-11 17:48:18,158] [INFO] [30002] COMMIT received from 30059 for REQUEST 1741682891617
[2025-03-11 17:48:18,202] [INFO] [30002] PREPARE received from 30073 for REQUEST 1741682891617
[2025-03-11 17:48:18,202] [INFO] [30002] COMMIT received from 30073 for REQUEST 1741682891617
[2025-03-11 17:48:18,248] [INFO] [30002] PREPARE received from 30075 for REQUEST 1741682891617
[2025-03-11 17:48:18,268] [INFO] [30002] COMMIT received from 30075 for REQUEST 1741682891617
[2025-03-11 17:48:18,274] [INFO] [30002] PREPARE received from 30109 for REQUEST 1741682891617
[2025-03-11 17:48:18,293] [INFO] [30002] COMMIT received from 30109 for REQUEST 1741682891617
[2025-03-11 17:48:18,311] [INFO] [30002] PREPARE received from 30116 for REQUEST 1741682891617
[2025-03-11 17:48:18,311] [INFO] [30002] COMMIT received from 30116 for REQUEST 1741682891617
[2025-03-11 17:48:18,320] [INFO] [30002] PREPARE received from 30152 for REQUEST 1741682891617
[2025-03-11 17:48:18,320] [INFO] [30002] COMMIT received from 30152 for REQUEST 1741682891617
[2025-03-11 17:48:18,320] [INFO] [30002] PREPARE received from 30096 for REQUEST 1741682891617
[2025-03-11 17:48:18,320] [INFO] [30002] COMMIT received from 30096 for REQUEST 1741682891617
[2025-03-11 17:48:18,390] [INFO] [30002] PREPARE received from 30098 for REQUEST 1741682891617
[2025-03-11 17:48:18,390] [INFO] [30002] COMMIT received from 30098 for REQUEST 1741682891617
[2025-03-11 17:48:18,396] [INFO] [30002] PREPARE received from 30140 for REQUEST 1741682891617
[2025-03-11 17:48:18,402] [INFO] [30002] COMMIT received from 30140 for REQUEST 1741682891617
[2025-03-11 17:48:18,410] [INFO] [30002] PREPARE received from 30052 for REQUEST 1741682891617
[2025-03-11 17:48:18,414] [INFO] [30002] COMMIT received from 30052 for REQUEST 1741682891617
[2025-03-11 17:48:18,438] [INFO] [30002] PREPARE received from 30151 for REQUEST 1741682891617
[2025-03-11 17:48:18,438] [INFO] [30002] COMMIT received from 30151 for REQUEST 1741682891617
[2025-03-11 17:48:18,493] [INFO] [30002] PREPARE received from 30193 for REQUEST 1741682891617
[2025-03-11 17:48:18,495] [INFO] [30002] COMMIT received from 30193 for REQUEST 1741682891617
