[2025-03-11 17:35:25,019] [INFO] Node started: localhost:30025 | index=26 | f=1, k=4
[2025-03-11 17:35:39,024] [INFO] [CLUSTER MANAGER 30025] PRE-REQUEST received: {'request_id': 1741682139008, 'timestamp': 1741682139.0086334, 'data': 'llapbft_message_1741682139008', 'cluster_id': 3, 'cluster_ports': [30005, 30013, 30015, 30017, 30018, 30020, 30025, 30027, 30029, 30032, 30039], 'leader': 30029, 'client_port': 20001, 'origin': 'client', 'simulated_delay': 0.00036666666666666667, 'distance': 265.0353806178999, 'message_size_bits': 2200}
[2025-03-11 17:35:39,024] [INFO] [CLUSTER MANAGER 30025] Sending REQUEST to Leader 30029
[2025-03-11 17:35:39,121] [INFO] [CLUSTER MANAGER 30025] Received PRE-REPLY from 30017 for req_id 1741682139008
[2025-03-11 17:35:39,133] [INFO] [CLUSTER MANAGER 30025] PRE-REPLY senders for req_id 1741682139008: [30017]
[2025-03-11 17:35:39,133] [INFO] [CLUSTER MANAGER 30025] Received PRE-REPLY from 30039 for req_id 1741682139008
[2025-03-11 17:35:39,133] [INFO] [CLUSTER MANAGER 30025] PRE-REPLY senders for req_id 1741682139008: [30017, 30039]
[2025-03-11 17:35:39,133] [INFO] [CLUSTER MANAGER 30025] f+1 PRE-REPLY messages received from senders [30017, 30039] for req_id 1741682139008. Sending final REPLY to Client.
[2025-03-11 17:35:39,133] [INFO] [CLUSTER MANAGER 30025] Client found: {'host': 'localhost', 'port': 20001, 'latitude': 36.6266, 'longitude': 127.4585, 'altitude': 0}
[2025-03-11 17:35:39,139] [INFO] [CLUSTER MANAGER 30025] Final REPLY for req_id 1741682139008 sent successfully to Client 20001.
[2025-03-11 17:35:39,139] [INFO] [CLUSTER MANAGER 30025] Received PRE-REPLY from 30005 for req_id 1741682139008
[2025-03-11 17:35:39,139] [INFO] [CLUSTER MANAGER 30025] PRE-REPLY senders for req_id 1741682139008: [30017, 30039, 30005]
[2025-03-11 17:35:39,139] [INFO] [CLUSTER MANAGER 30025] Received PRE-REPLY from 30027 for req_id 1741682139008
[2025-03-11 17:35:39,139] [INFO] [CLUSTER MANAGER 30025] PRE-REPLY senders for req_id 1741682139008: [30017, 30039, 30005, 30027]
[2025-03-11 17:35:39,139] [INFO] [CLUSTER MANAGER 30025] Received PRE-REPLY from 30032 for req_id 1741682139008
[2025-03-11 17:35:39,139] [INFO] [CLUSTER MANAGER 30025] PRE-REPLY senders for req_id 1741682139008: [30017, 30039, 30005, 30027, 30032]
[2025-03-11 17:35:39,139] [INFO] [CLUSTER MANAGER 30025] Received PRE-REPLY from 30029 for req_id 1741682139008
[2025-03-11 17:35:39,139] [INFO] [CLUSTER MANAGER 30025] PRE-REPLY senders for req_id 1741682139008: [30017, 30039, 30005, 30027, 30032, 30029]
[2025-03-11 17:35:39,139] [INFO] [CLUSTER MANAGER 30025] Received PRE-REPLY from 30015 for req_id 1741682139008
[2025-03-11 17:35:39,139] [INFO] [CLUSTER MANAGER 30025] PRE-REPLY senders for req_id 1741682139008: [30017, 30039, 30005, 30027, 30032, 30029, 30015]
[2025-03-11 17:35:39,139] [INFO] [CLUSTER MANAGER 30025] Received PRE-REPLY from 30013 for req_id 1741682139008
[2025-03-11 17:35:39,139] [INFO] [CLUSTER MANAGER 30025] PRE-REPLY senders for req_id 1741682139008: [30017, 30039, 30005, 30027, 30032, 30029, 30015, 30013]
[2025-03-11 17:35:39,139] [INFO] [CLUSTER MANAGER 30025] Received PRE-REPLY from 30020 for req_id 1741682139008
[2025-03-11 17:35:39,139] [INFO] [CLUSTER MANAGER 30025] PRE-REPLY senders for req_id 1741682139008: [30017, 30039, 30005, 30027, 30032, 30029, 30015, 30013, 30020]
[2025-03-11 17:35:39,139] [INFO] [CLUSTER MANAGER 30025] Received PRE-REPLY from 30018 for req_id 1741682139008
[2025-03-11 17:35:39,139] [INFO] [CLUSTER MANAGER 30025] PRE-REPLY senders for req_id 1741682139008: [30017, 30039, 30005, 30027, 30032, 30029, 30015, 30013, 30020, 30018]
[2025-03-11 17:36:01,770] [INFO] Node started: localhost:30025 | index=26 | f=1, k=4
[2025-03-11 17:36:05,242] [INFO] [CLUSTER LEADER 30025] Forwarded PRE-REQUEST received: {'request_id': 1741682165210, 'timestamp': 1741682165.21094, 'data': 'llapbft_message_1741682165210', 'cluster_id': 0, 'cluster_ports': [30005, 30006, 30008, 30021, 30025, 30028], 'leader': 30025, 'client_port': 20001, 'origin': 'manager', 'simulated_delay': 0.00022755555555555555, 'distance': 191.7174026213421, 'message_size_bits': 4096, 'cluster_manager': {'host': 'localhost', 'port': 30028, 'latitude': 36.6275018, 'longitude': 127.4609686, 'altitude': 81, 'offset_m': 'lat: 100 m, lng: 219 m, alt: 81 m'}}
[2025-03-11 17:36:05,242] [INFO] [CLUSTER LEADER 30025] Broadcasting PRE-PREPARE: REQUEST 1741682165210
[2025-03-11 17:36:05,266] [INFO] [30025] PREPARE received from 30006 for REQUEST 1741682165210
[2025-03-11 17:36:05,266] [INFO] [30025] PREPARE received from 30021 for REQUEST 1741682165210
[2025-03-11 17:36:05,266] [INFO] [30025] Broadcasting COMMIT: REQUEST 1741682165210
[2025-03-11 17:36:05,268] [INFO] [30025] PREPARE received from 30008 for REQUEST 1741682165210
[2025-03-11 17:36:05,274] [INFO] [30025] COMMIT received from 30008 for REQUEST 1741682165210
[2025-03-11 17:36:05,275] [INFO] [30025] COMMIT received from 30021 for REQUEST 1741682165210
[2025-03-11 17:36:05,275] [INFO] [30025] COMMIT complete. Sending PRE-REPLY: REQUEST 1741682165210 directly to Manager 30028
[2025-03-11 17:36:05,277] [INFO] [30025] PREPARE received from 30005 for REQUEST 1741682165210
[2025-03-11 17:36:05,279] [INFO] [30025] COMMIT received from 30006 for REQUEST 1741682165210
[2025-03-11 17:36:05,279] [INFO] [30025] COMMIT received from 30005 for REQUEST 1741682165210
[2025-03-11 17:38:21,202] [INFO] Node started: localhost:30025 | index=26 | f=1, k=4
[2025-03-11 17:38:33,542] [INFO] [CLUSTER LEADER 30025] Forwarded PRE-REQUEST received: {'request_id': 1741682313511, 'timestamp': 1741682313.511497, 'data': 'llapbft_message_1741682313511', 'cluster_id': 1, 'cluster_ports': [30002, 30005, 30006, 30008, 30009, 30011, 30024, 30025, 30029, 30031, 30034, 30035, 30037, 30041, 30053, 30056, 30074], 'leader': 30025, 'client_port': 20001, 'origin': 'manager', 'simulated_delay': 0.00026044444444444444, 'distance': 192.53399302901647, 'message_size_bits': 4688, 'cluster_manager': {'host': 'localhost', 'port': 30011, 'latitude': 36.6272194, 'longitude': 127.4585812, 'altitude': 57, 'offset_m': 'lat: 68 m, lng: 7 m, alt: 57 m'}}
[2025-03-11 17:38:33,542] [INFO] [CLUSTER LEADER 30025] Broadcasting PRE-PREPARE: REQUEST 1741682313511
[2025-03-11 17:38:33,618] [INFO] [30025] PREPARE received from 30009 for REQUEST 1741682313511
[2025-03-11 17:38:33,618] [INFO] [30025] PREPARE received from 30031 for REQUEST 1741682313511
[2025-03-11 17:38:33,618] [INFO] [30025] Broadcasting COMMIT: REQUEST 1741682313511
[2025-03-11 17:38:33,618] [INFO] [30025] PREPARE received from 30056 for REQUEST 1741682313511
[2025-03-11 17:38:33,618] [INFO] [30025] PREPARE received from 30053 for REQUEST 1741682313511
[2025-03-11 17:38:33,618] [INFO] [30025] PREPARE received from 30006 for REQUEST 1741682313511
[2025-03-11 17:38:33,620] [INFO] [30025] PREPARE received from 30005 for REQUEST 1741682313511
[2025-03-11 17:38:33,622] [INFO] [30025] PREPARE received from 30035 for REQUEST 1741682313511
[2025-03-11 17:38:33,779] [INFO] [30025] COMMIT received from 30009 for REQUEST 1741682313511
[2025-03-11 17:38:33,779] [INFO] [30025] COMMIT received from 30056 for REQUEST 1741682313511
[2025-03-11 17:38:33,779] [INFO] [30025] COMMIT complete. Sending PRE-REPLY: REQUEST 1741682313511 directly to Manager 30011
[2025-03-11 17:38:33,779] [INFO] [30025] COMMIT received from 30006 for REQUEST 1741682313511
[2025-03-11 17:38:33,779] [INFO] [30025] COMMIT received from 30005 for REQUEST 1741682313511
[2025-03-11 17:38:33,824] [INFO] [30025] PREPARE received from 30041 for REQUEST 1741682313511
[2025-03-11 17:38:33,826] [INFO] [30025] PREPARE received from 30024 for REQUEST 1741682313511
[2025-03-11 17:38:33,826] [INFO] [30025] PREPARE received from 30029 for REQUEST 1741682313511
[2025-03-11 17:38:33,826] [INFO] [30025] PREPARE received from 30002 for REQUEST 1741682313511
[2025-03-11 17:38:33,827] [INFO] [30025] COMMIT received from 30035 for REQUEST 1741682313511
[2025-03-11 17:38:33,827] [INFO] [30025] COMMIT received from 30053 for REQUEST 1741682313511
[2025-03-11 17:38:33,827] [INFO] [30025] COMMIT received from 30029 for REQUEST 1741682313511
[2025-03-11 17:38:33,829] [INFO] [30025] PREPARE received from 30074 for REQUEST 1741682313511
[2025-03-11 17:38:33,832] [INFO] [30025] COMMIT received from 30002 for REQUEST 1741682313511
[2025-03-11 17:38:33,832] [INFO] [30025] COMMIT received from 30074 for REQUEST 1741682313511
[2025-03-11 17:38:33,834] [INFO] [30025] COMMIT received from 30024 for REQUEST 1741682313511
[2025-03-11 17:38:33,853] [INFO] [30025] PREPARE received from 30008 for REQUEST 1741682313511
[2025-03-11 17:38:33,871] [INFO] [30025] COMMIT received from 30041 for REQUEST 1741682313511
[2025-03-11 17:38:33,877] [INFO] [30025] COMMIT received from 30008 for REQUEST 1741682313511
[2025-03-11 17:38:33,880] [INFO] [30025] PREPARE received from 30037 for REQUEST 1741682313511
[2025-03-11 17:38:33,896] [INFO] [30025] PREPARE received from 30034 for REQUEST 1741682313511
[2025-03-11 17:38:33,921] [INFO] [30025] COMMIT received from 30034 for REQUEST 1741682313511
[2025-03-11 17:38:33,928] [INFO] [30025] COMMIT received from 30031 for REQUEST 1741682313511
[2025-03-11 17:38:33,945] [INFO] [30025] COMMIT received from 30037 for REQUEST 1741682313511
[2025-03-11 17:40:49,899] [INFO] Node started: localhost:30025 | index=26 | f=1, k=4
[2025-03-11 17:41:09,618] [INFO] [30025] PRE-PREPARE received: {'request_id': 1741682469395, 'data': 'llapbft_message_1741682469395', 'timestamp': 1741682469.4283776, 'leader': 30000, 'cluster_id': 3, 'cluster_ports': [30000, 30001, 30005, 30009, 30011, 30014, 30015, 30017, 30025, 30038, 30041, 30045, 30046, 30047, 30048, 30049, 30051, 30053, 30060, 30061, 30066, 30068, 30073, 30081, 30085, 30086, 30087, 30107, 30119], 'cluster_manager': {'host': 'localhost', 'port': 30049, 'latitude': 36.626668, 'longitude': 127.4587754, 'altitude': 52, 'offset_m': 'lat: 7 m, lng: 24 m, alt: 52 m'}, 'simulated_delay': 0.00011711111111111111, 'distance': 89.11420507608011, 'message_size_bits': 4216}
[2025-03-11 17:41:09,618] [INFO] [30025] Broadcasting PREPARE: REQUEST 1741682469395
[2025-03-11 17:41:09,704] [INFO] [30025] PREPARE received from 30107 for REQUEST 1741682469395
[2025-03-11 17:41:09,704] [INFO] [30025] Broadcasting COMMIT: REQUEST 1741682469395
[2025-03-11 17:41:09,744] [INFO] [30025] COMMIT received from 30107 for REQUEST 1741682469395
[2025-03-11 17:41:09,778] [INFO] [30025] PREPARE received from 30119 for REQUEST 1741682469395
[2025-03-11 17:41:09,795] [INFO] [30025] PREPARE received from 30009 for REQUEST 1741682469395
[2025-03-11 17:41:09,795] [INFO] [30025] COMMIT received from 30119 for REQUEST 1741682469395
[2025-03-11 17:41:09,795] [INFO] [30025] COMMIT complete. Sending PRE-REPLY: REQUEST 1741682469395 directly to Manager 30049
[2025-03-11 17:41:09,828] [INFO] [30025] COMMIT received from 30009 for REQUEST 1741682469395
[2025-03-11 17:41:09,937] [INFO] [30025] PREPARE received from 30087 for REQUEST 1741682469395
[2025-03-11 17:41:09,937] [INFO] [30025] COMMIT received from 30087 for REQUEST 1741682469395
[2025-03-11 17:41:10,008] [INFO] [30025] COMMIT received from 30085 for REQUEST 1741682469395
[2025-03-11 17:41:10,012] [INFO] [30025] PREPARE received from 30085 for REQUEST 1741682469395
[2025-03-11 17:41:10,014] [INFO] [30025] COMMIT received from 30011 for REQUEST 1741682469395
[2025-03-11 17:41:10,014] [INFO] [30025] PREPARE received from 30011 for REQUEST 1741682469395
[2025-03-11 17:41:10,078] [INFO] [30025] PREPARE received from 30038 for REQUEST 1741682469395
[2025-03-11 17:41:10,078] [INFO] [30025] PREPARE received from 30045 for REQUEST 1741682469395
[2025-03-11 17:41:10,107] [INFO] [30025] COMMIT received from 30045 for REQUEST 1741682469395
[2025-03-11 17:41:10,122] [INFO] [30025] PREPARE received from 30046 for REQUEST 1741682469395
[2025-03-11 17:41:10,152] [INFO] [30025] COMMIT received from 30038 for REQUEST 1741682469395
[2025-03-11 17:41:10,152] [INFO] [30025] COMMIT received from 30046 for REQUEST 1741682469395
[2025-03-11 17:41:10,154] [INFO] [30025] PREPARE received from 30017 for REQUEST 1741682469395
[2025-03-11 17:41:10,154] [INFO] [30025] PREPARE received from 30081 for REQUEST 1741682469395
[2025-03-11 17:41:10,180] [INFO] [30025] COMMIT received from 30017 for REQUEST 1741682469395
[2025-03-11 17:41:10,180] [INFO] [30025] COMMIT received from 30081 for REQUEST 1741682469395
[2025-03-11 17:41:10,196] [INFO] [30025] PREPARE received from 30061 for REQUEST 1741682469395
[2025-03-11 17:41:10,196] [INFO] [30025] PREPARE received from 30051 for REQUEST 1741682469395
[2025-03-11 17:41:10,223] [INFO] [30025] COMMIT received from 30061 for REQUEST 1741682469395
[2025-03-11 17:41:10,223] [INFO] [30025] COMMIT received from 30051 for REQUEST 1741682469395
[2025-03-11 17:41:10,252] [INFO] [30025] PREPARE received from 30068 for REQUEST 1741682469395
[2025-03-11 17:41:10,252] [INFO] [30025] PREPARE received from 30073 for REQUEST 1741682469395
[2025-03-11 17:41:10,267] [INFO] [30025] COMMIT received from 30068 for REQUEST 1741682469395
[2025-03-11 17:41:10,267] [INFO] [30025] COMMIT received from 30073 for REQUEST 1741682469395
[2025-03-11 17:41:10,269] [INFO] [30025] PREPARE received from 30005 for REQUEST 1741682469395
[2025-03-11 17:41:10,269] [INFO] [30025] PREPARE received from 30014 for REQUEST 1741682469395
[2025-03-11 17:41:10,269] [INFO] [30025] COMMIT received from 30005 for REQUEST 1741682469395
[2025-03-11 17:41:10,286] [INFO] [30025] COMMIT received from 30014 for REQUEST 1741682469395
[2025-03-11 17:41:10,334] [INFO] [30025] PREPARE received from 30048 for REQUEST 1741682469395
[2025-03-11 17:41:10,339] [INFO] [30025] COMMIT received from 30048 for REQUEST 1741682469395
[2025-03-11 17:41:10,344] [INFO] [30025] PREPARE received from 30053 for REQUEST 1741682469395
[2025-03-11 17:41:10,344] [INFO] [30025] COMMIT received from 30053 for REQUEST 1741682469395
[2025-03-11 17:41:10,479] [INFO] [30025] COMMIT received from 30000 for REQUEST 1741682469395
[2025-03-11 17:41:10,479] [INFO] [30025] PREPARE received from 30041 for REQUEST 1741682469395
[2025-03-11 17:41:10,494] [INFO] [30025] COMMIT received from 30041 for REQUEST 1741682469395
[2025-03-11 17:41:10,553] [INFO] [30025] PREPARE received from 30060 for REQUEST 1741682469395
[2025-03-11 17:41:10,553] [INFO] [30025] PREPARE received from 30066 for REQUEST 1741682469395
[2025-03-11 17:41:10,553] [INFO] [30025] COMMIT received from 30060 for REQUEST 1741682469395
[2025-03-11 17:41:10,577] [INFO] [30025] COMMIT received from 30066 for REQUEST 1741682469395
[2025-03-11 17:41:10,630] [INFO] [30025] PREPARE received from 30086 for REQUEST 1741682469395
[2025-03-11 17:41:10,645] [INFO] [30025] COMMIT received from 30086 for REQUEST 1741682469395
[2025-03-11 17:41:10,645] [INFO] [30025] PREPARE received from 30015 for REQUEST 1741682469395
[2025-03-11 17:41:10,645] [INFO] [30025] COMMIT received from 30015 for REQUEST 1741682469395
[2025-03-11 17:41:10,675] [INFO] [30025] PREPARE received from 30001 for REQUEST 1741682469395
[2025-03-11 17:41:10,675] [INFO] [30025] COMMIT received from 30001 for REQUEST 1741682469395
[2025-03-11 17:41:10,700] [INFO] [30025] PREPARE received from 30047 for REQUEST 1741682469395
[2025-03-11 17:41:10,700] [INFO] [30025] COMMIT received from 30047 for REQUEST 1741682469395
[2025-03-11 17:43:58,342] [INFO] Node started: localhost:30025 | index=26 | f=1, k=4
[2025-03-11 17:44:26,354] [INFO] [30025] PRE-PREPARE received: {'request_id': 1741682666245, 'data': 'llapbft_message_1741682666245', 'timestamp': 1741682666.2776651, 'leader': 30000, 'cluster_id': 0, 'cluster_ports': [30000, 30003, 30007, 30016, 30019, 30020, 30023, 30025, 30027, 30028, 30031, 30032, 30034, 30038, 30044, 30047, 30048, 30050, 30054, 30055, 30058, 30062, 30065, 30066, 30071, 30077, 30078, 30083, 30097, 30101, 30113, 30114, 30116, 30120, 30124, 30128, 30134, 30136, 30141, 30144, 30146, 30151, 30154, 30156], 'cluster_manager': {'host': 'localhost', 'port': 30114, 'latitude': 36.6267099, 'longitude': 127.4591412, 'altitude': 98, 'offset_m': 'lat: 12 m, lng: 57 m, alt: 98 m'}, 'simulated_delay': 0.00021133333333333334, 'distance': 148.4060675934895, 'message_size_bits': 5072}
[2025-03-11 17:44:26,373] [INFO] [30025] Broadcasting PREPARE: REQUEST 1741682666245
[2025-03-11 17:44:26,698] [INFO] [30025] PREPARE received from 30027 for REQUEST 1741682666245
[2025-03-11 17:44:26,698] [INFO] [30025] Broadcasting COMMIT: REQUEST 1741682666245
[2025-03-11 17:44:26,698] [INFO] [30025] PREPARE received from 30144 for REQUEST 1741682666245
[2025-03-11 17:44:26,698] [INFO] [30025] PREPARE received from 30047 for REQUEST 1741682666245
[2025-03-11 17:44:26,703] [INFO] [30025] PREPARE received from 30156 for REQUEST 1741682666245
[2025-03-11 17:44:26,712] [INFO] [30025] COMMIT received from 30156 for REQUEST 1741682666245
[2025-03-11 17:44:26,735] [INFO] [30025] COMMIT received from 30144 for REQUEST 1741682666245
[2025-03-11 17:44:26,735] [INFO] [30025] COMMIT complete. Sending PRE-REPLY: REQUEST 1741682666245 directly to Manager 30114
[2025-03-11 17:44:26,990] [INFO] [30025] PREPARE received from 30120 for REQUEST 1741682666245
[2025-03-11 17:44:26,990] [INFO] [30025] COMMIT received from 30047 for REQUEST 1741682666245
[2025-03-11 17:44:27,004] [INFO] [30025] PREPARE received from 30016 for REQUEST 1741682666245
[2025-03-11 17:44:27,004] [INFO] [30025] COMMIT received from 30016 for REQUEST 1741682666245
[2025-03-11 17:44:27,037] [INFO] [30025] COMMIT received from 30120 for REQUEST 1741682666245
[2025-03-11 17:44:27,037] [INFO] [30025] COMMIT received from 30141 for REQUEST 1741682666245
[2025-03-11 17:44:27,066] [INFO] [30025] PREPARE received from 30134 for REQUEST 1741682666245
[2025-03-11 17:44:27,066] [INFO] [30025] PREPARE received from 30141 for REQUEST 1741682666245
[2025-03-11 17:44:27,066] [INFO] [30025] COMMIT received from 30134 for REQUEST 1741682666245
[2025-03-11 17:44:27,101] [INFO] [30025] COMMIT received from 30027 for REQUEST 1741682666245
[2025-03-11 17:44:27,212] [INFO] [30025] PREPARE received from 30055 for REQUEST 1741682666245
[2025-03-11 17:44:27,246] [INFO] [30025] PREPARE received from 30124 for REQUEST 1741682666245
[2025-03-11 17:44:27,246] [INFO] [30025] COMMIT received from 30124 for REQUEST 1741682666245
[2025-03-11 17:44:27,249] [INFO] [30025] COMMIT received from 30055 for REQUEST 1741682666245
[2025-03-11 17:44:27,549] [INFO] [30025] PREPARE received from 30003 for REQUEST 1741682666245
[2025-03-11 17:44:27,549] [INFO] [30025] PREPARE received from 30028 for REQUEST 1741682666245
[2025-03-11 17:44:27,549] [INFO] [30025] COMMIT received from 30003 for REQUEST 1741682666245
[2025-03-11 17:44:27,570] [INFO] [30025] COMMIT received from 30028 for REQUEST 1741682666245
[2025-03-11 17:44:27,629] [INFO] [30025] PREPARE received from 30062 for REQUEST 1741682666245
[2025-03-11 17:44:27,687] [INFO] [30025] PREPARE received from 30038 for REQUEST 1741682666245
[2025-03-11 17:44:27,687] [INFO] [30025] COMMIT received from 30038 for REQUEST 1741682666245
[2025-03-11 17:44:27,731] [INFO] [30025] PREPARE received from 30065 for REQUEST 1741682666245
[2025-03-11 17:44:27,747] [INFO] [30025] COMMIT received from 30062 for REQUEST 1741682666245
[2025-03-11 17:44:27,747] [INFO] [30025] COMMIT received from 30065 for REQUEST 1741682666245
[2025-03-11 17:44:27,765] [INFO] [30025] PREPARE received from 30054 for REQUEST 1741682666245
[2025-03-11 17:44:27,765] [INFO] [30025] COMMIT received from 30054 for REQUEST 1741682666245
[2025-03-11 17:44:27,848] [INFO] [30025] PREPARE received from 30023 for REQUEST 1741682666245
[2025-03-11 17:44:27,848] [INFO] [30025] COMMIT received from 30023 for REQUEST 1741682666245
[2025-03-11 17:44:28,200] [INFO] [30025] COMMIT received from 30000 for REQUEST 1741682666245
[2025-03-11 17:44:28,365] [INFO] [30025] PREPARE received from 30066 for REQUEST 1741682666245
[2025-03-11 17:44:28,365] [INFO] [30025] PREPARE received from 30083 for REQUEST 1741682666245
[2025-03-11 17:44:28,379] [INFO] [30025] COMMIT received from 30066 for REQUEST 1741682666245
[2025-03-11 17:44:28,382] [INFO] [30025] COMMIT received from 30083 for REQUEST 1741682666245
[2025-03-11 17:44:28,552] [INFO] [30025] PREPARE received from 30146 for REQUEST 1741682666245
[2025-03-11 17:44:28,552] [INFO] [30025] COMMIT received from 30146 for REQUEST 1741682666245
[2025-03-11 17:44:28,678] [INFO] [30025] PREPARE received from 30078 for REQUEST 1741682666245
[2025-03-11 17:44:28,694] [INFO] [30025] COMMIT received from 30078 for REQUEST 1741682666245
[2025-03-11 17:44:28,950] [INFO] [30025] PREPARE received from 30113 for REQUEST 1741682666245
[2025-03-11 17:44:28,979] [INFO] [30025] COMMIT received from 30113 for REQUEST 1741682666245
[2025-03-11 17:44:29,029] [INFO] [30025] PREPARE received from 30020 for REQUEST 1741682666245
[2025-03-11 17:44:29,030] [INFO] [30025] COMMIT received from 30020 for REQUEST 1741682666245
[2025-03-11 17:44:29,088] [INFO] [30025] PREPARE received from 30019 for REQUEST 1741682666245
[2025-03-11 17:44:29,100] [INFO] [30025] PREPARE received from 30044 for REQUEST 1741682666245
[2025-03-11 17:44:29,100] [INFO] [30025] COMMIT received from 30019 for REQUEST 1741682666245
[2025-03-11 17:44:29,104] [INFO] [30025] COMMIT received from 30044 for REQUEST 1741682666245
[2025-03-11 17:44:29,139] [INFO] [30025] PREPARE received from 30116 for REQUEST 1741682666245
[2025-03-11 17:44:29,139] [INFO] [30025] COMMIT received from 30116 for REQUEST 1741682666245
[2025-03-11 17:44:29,144] [INFO] [30025] PREPARE received from 30031 for REQUEST 1741682666245
[2025-03-11 17:44:29,144] [INFO] [30025] COMMIT received from 30031 for REQUEST 1741682666245
[2025-03-11 17:44:29,264] [INFO] [30025] PREPARE received from 30154 for REQUEST 1741682666245
[2025-03-11 17:44:29,272] [INFO] [30025] PREPARE received from 30097 for REQUEST 1741682666245
[2025-03-11 17:44:29,341] [INFO] [30025] COMMIT received from 30097 for REQUEST 1741682666245
[2025-03-11 17:44:29,341] [INFO] [30025] COMMIT received from 30154 for REQUEST 1741682666245
[2025-03-11 17:44:29,393] [INFO] [30025] PREPARE received from 30058 for REQUEST 1741682666245
[2025-03-11 17:44:29,393] [INFO] [30025] PREPARE received from 30101 for REQUEST 1741682666245
[2025-03-11 17:44:29,393] [INFO] [30025] PREPARE received from 30071 for REQUEST 1741682666245
[2025-03-11 17:44:29,393] [INFO] [30025] PREPARE received from 30032 for REQUEST 1741682666245
[2025-03-11 17:44:29,393] [INFO] [30025] COMMIT received from 30058 for REQUEST 1741682666245
[2025-03-11 17:44:29,409] [INFO] [30025] COMMIT received from 30101 for REQUEST 1741682666245
[2025-03-11 17:44:29,412] [INFO] [30025] COMMIT received from 30032 for REQUEST 1741682666245
[2025-03-11 17:44:29,412] [INFO] [30025] COMMIT received from 30071 for REQUEST 1741682666245
[2025-03-11 17:44:29,427] [INFO] [30025] PREPARE received from 30034 for REQUEST 1741682666245
[2025-03-11 17:44:29,427] [INFO] [30025] COMMIT received from 30034 for REQUEST 1741682666245
[2025-03-11 17:44:29,445] [INFO] [30025] PREPARE received from 30048 for REQUEST 1741682666245
[2025-03-11 17:44:29,445] [INFO] [30025] COMMIT received from 30048 for REQUEST 1741682666245
[2025-03-11 17:44:29,459] [INFO] [30025] PREPARE received from 30128 for REQUEST 1741682666245
[2025-03-11 17:44:29,478] [INFO] [30025] COMMIT received from 30128 for REQUEST 1741682666245
[2025-03-11 17:44:29,486] [INFO] [30025] PREPARE received from 30050 for REQUEST 1741682666245
[2025-03-11 17:44:29,486] [INFO] [30025] COMMIT received from 30050 for REQUEST 1741682666245
[2025-03-11 17:44:29,486] [INFO] [30025] PREPARE received from 30077 for REQUEST 1741682666245
[2025-03-11 17:44:29,486] [INFO] [30025] COMMIT received from 30077 for REQUEST 1741682666245
[2025-03-11 17:44:29,506] [INFO] [30025] PREPARE received from 30136 for REQUEST 1741682666245
[2025-03-11 17:44:29,508] [INFO] [30025] COMMIT received from 30136 for REQUEST 1741682666245
[2025-03-11 17:47:35,069] [INFO] Node started: localhost:30025 | index=26 | f=1, k=4
[2025-03-11 17:48:11,687] [INFO] [30025] PRE-PREPARE received: {'request_id': 1741682891617, 'data': 'llapbft_message_1741682891617', 'timestamp': 1741682891.640408, 'leader': 30150, 'cluster_id': 2, 'cluster_ports': [30007, 30008, 30012, 30015, 30019, 30025, 30029, 30030, 30039, 30044, 30046, 30050, 30054, 30056, 30063, 30065, 30068, 30072, 30074, 30077, 30080, 30083, 30085, 30094, 30103, 30105, 30112, 30114, 30120, 30125, 30129, 30130, 30134, 30145, 30147, 30148, 30149, 30150, 30155, 30158, 30166, 30167, 30172, 30174, 30188, 30192, 30199], 'cluster_manager': {'host': 'localhost', 'port': 30029, 'latitude': 36.6266259, 'longitude': 127.4590111, 'altitude': 13, 'offset_m': 'lat: 2 m, lng: 45 m, alt: 13 m'}, 'simulated_delay': 0.00021766666666666665, 'distance': 109.91523514096576, 'message_size_bits': 5224}
[2025-03-11 17:48:11,687] [INFO] [30025] Broadcasting PREPARE: REQUEST 1741682891617
[2025-03-11 17:48:13,149] [INFO] [30025] PREPARE received from 30105 for REQUEST 1741682891617
[2025-03-11 17:48:13,149] [INFO] [30025] Broadcasting COMMIT: REQUEST 1741682891617
[2025-03-11 17:48:13,149] [INFO] [30025] PREPARE received from 30072 for REQUEST 1741682891617
[2025-03-11 17:48:13,155] [INFO] [30025] PREPARE received from 30074 for REQUEST 1741682891617
[2025-03-11 17:48:13,155] [INFO] [30025] PREPARE received from 30012 for REQUEST 1741682891617
[2025-03-11 17:48:13,187] [INFO] [30025] PREPARE received from 30172 for REQUEST 1741682891617
[2025-03-11 17:48:13,189] [INFO] [30025] PREPARE received from 30130 for REQUEST 1741682891617
[2025-03-11 17:48:13,189] [INFO] [30025] PREPARE received from 30199 for REQUEST 1741682891617
[2025-03-11 17:48:13,189] [INFO] [30025] PREPARE received from 30114 for REQUEST 1741682891617
[2025-03-11 17:48:13,191] [INFO] [30025] PREPARE received from 30145 for REQUEST 1741682891617
[2025-03-11 17:48:13,191] [INFO] [30025] PREPARE received from 30174 for REQUEST 1741682891617
[2025-03-11 17:48:13,315] [INFO] [30025] PREPARE received from 30083 for REQUEST 1741682891617
[2025-03-11 17:48:13,315] [INFO] [30025] PREPARE received from 30188 for REQUEST 1741682891617
[2025-03-11 17:48:13,315] [INFO] [30025] PREPARE received from 30147 for REQUEST 1741682891617
[2025-03-11 17:48:13,315] [INFO] [30025] PREPARE received from 30158 for REQUEST 1741682891617
[2025-03-11 17:48:13,315] [INFO] [30025] PREPARE received from 30094 for REQUEST 1741682891617
[2025-03-11 17:48:13,315] [INFO] [30025] PREPARE received from 30149 for REQUEST 1741682891617
[2025-03-11 17:48:13,373] [INFO] [30025] COMMIT received from 30158 for REQUEST 1741682891617
[2025-03-11 17:48:13,373] [INFO] [30025] COMMIT received from 30072 for REQUEST 1741682891617
[2025-03-11 17:48:13,373] [INFO] [30025] COMMIT complete. Sending PRE-REPLY: REQUEST 1741682891617 directly to Manager 30029
[2025-03-11 17:48:13,376] [INFO] [30025] PREPARE received from 30134 for REQUEST 1741682891617
[2025-03-11 17:48:13,376] [INFO] [30025] COMMIT received from 30012 for REQUEST 1741682891617
[2025-03-11 17:48:13,469] [INFO] [30025] PREPARE received from 30030 for REQUEST 1741682891617
[2025-03-11 17:48:13,469] [INFO] [30025] COMMIT received from 30130 for REQUEST 1741682891617
[2025-03-11 17:48:13,469] [INFO] [30025] COMMIT received from 30134 for REQUEST 1741682891617
[2025-03-11 17:48:14,180] [INFO] [30025] COMMIT received from 30166 for REQUEST 1741682891617
[2025-03-11 17:48:14,180] [INFO] [30025] COMMIT received from 30105 for REQUEST 1741682891617
[2025-03-11 17:48:14,180] [INFO] [30025] PREPARE received from 30166 for REQUEST 1741682891617
[2025-03-11 17:48:14,180] [INFO] [30025] COMMIT received from 30083 for REQUEST 1741682891617
[2025-03-11 17:48:14,182] [INFO] [30025] PREPARE received from 30046 for REQUEST 1741682891617
[2025-03-11 17:48:14,544] [INFO] [30025] COMMIT received from 30074 for REQUEST 1741682891617
[2025-03-11 17:48:14,546] [INFO] [30025] PREPARE received from 30120 for REQUEST 1741682891617
[2025-03-11 17:48:15,188] [INFO] [30025] COMMIT received from 30174 for REQUEST 1741682891617
[2025-03-11 17:48:15,213] [INFO] [30025] COMMIT received from 30199 for REQUEST 1741682891617
[2025-03-11 17:48:15,213] [INFO] [30025] PREPARE received from 30085 for REQUEST 1741682891617
[2025-03-11 17:48:15,215] [INFO] [30025] COMMIT received from 30145 for REQUEST 1741682891617
[2025-03-11 17:48:15,215] [INFO] [30025] PREPARE received from 30007 for REQUEST 1741682891617
[2025-03-11 17:48:15,215] [INFO] [30025] COMMIT received from 30172 for REQUEST 1741682891617
[2025-03-11 17:48:15,215] [INFO] [30025] PREPARE received from 30129 for REQUEST 1741682891617
[2025-03-11 17:48:15,215] [INFO] [30025] COMMIT received from 30030 for REQUEST 1741682891617
[2025-03-11 17:48:15,215] [INFO] [30025] PREPARE received from 30103 for REQUEST 1741682891617
[2025-03-11 17:48:15,217] [INFO] [30025] COMMIT received from 30147 for REQUEST 1741682891617
[2025-03-11 17:48:15,217] [INFO] [30025] COMMIT received from 30114 for REQUEST 1741682891617
[2025-03-11 17:48:15,219] [INFO] [30025] PREPARE received from 30155 for REQUEST 1741682891617
[2025-03-11 17:48:15,219] [INFO] [30025] PREPARE received from 30065 for REQUEST 1741682891617
[2025-03-11 17:48:15,219] [INFO] [30025] COMMIT received from 30149 for REQUEST 1741682891617
[2025-03-11 17:48:15,219] [INFO] [30025] PREPARE received from 30063 for REQUEST 1741682891617
[2025-03-11 17:48:15,221] [INFO] [30025] PREPARE received from 30015 for REQUEST 1741682891617
[2025-03-11 17:48:15,359] [INFO] [30025] COMMIT received from 30150 for REQUEST 1741682891617
[2025-03-11 17:48:15,428] [INFO] [30025] PREPARE received from 30112 for REQUEST 1741682891617
[2025-03-11 17:48:15,428] [INFO] [30025] PREPARE received from 30080 for REQUEST 1741682891617
[2025-03-11 17:48:15,430] [INFO] [30025] PREPARE received from 30148 for REQUEST 1741682891617
[2025-03-11 17:48:15,430] [INFO] [30025] PREPARE received from 30192 for REQUEST 1741682891617
[2025-03-11 17:48:15,430] [INFO] [30025] PREPARE received from 30008 for REQUEST 1741682891617
[2025-03-11 17:48:15,430] [INFO] [30025] PREPARE received from 30019 for REQUEST 1741682891617
[2025-03-11 17:48:15,430] [INFO] [30025] PREPARE received from 30044 for REQUEST 1741682891617
[2025-03-11 17:48:15,430] [INFO] [30025] PREPARE received from 30039 for REQUEST 1741682891617
[2025-03-11 17:48:15,430] [INFO] [30025] PREPARE received from 30056 for REQUEST 1741682891617
[2025-03-11 17:48:15,430] [INFO] [30025] PREPARE received from 30068 for REQUEST 1741682891617
[2025-03-11 17:48:15,430] [INFO] [30025] PREPARE received from 30167 for REQUEST 1741682891617
[2025-03-11 17:48:15,695] [INFO] [30025] COMMIT received from 30155 for REQUEST 1741682891617
[2025-03-11 17:48:15,695] [INFO] [30025] COMMIT received from 30112 for REQUEST 1741682891617
[2025-03-11 17:48:15,695] [INFO] [30025] COMMIT received from 30039 for REQUEST 1741682891617
[2025-03-11 17:48:15,695] [INFO] [30025] COMMIT received from 30192 for REQUEST 1741682891617
[2025-03-11 17:48:15,695] [INFO] [30025] COMMIT received from 30044 for REQUEST 1741682891617
[2025-03-11 17:48:15,695] [INFO] [30025] COMMIT received from 30167 for REQUEST 1741682891617
[2025-03-11 17:48:15,695] [INFO] [30025] COMMIT received from 30148 for REQUEST 1741682891617
[2025-03-11 17:48:15,695] [INFO] [30025] COMMIT received from 30068 for REQUEST 1741682891617
[2025-03-11 17:48:15,699] [INFO] [30025] COMMIT received from 30094 for REQUEST 1741682891617
[2025-03-11 17:48:15,699] [INFO] [30025] COMMIT received from 30080 for REQUEST 1741682891617
[2025-03-11 17:48:15,699] [INFO] [30025] COMMIT received from 30019 for REQUEST 1741682891617
[2025-03-11 17:48:15,699] [INFO] [30025] COMMIT received from 30125 for REQUEST 1741682891617
[2025-03-11 17:48:15,790] [INFO] [30025] COMMIT received from 30129 for REQUEST 1741682891617
[2025-03-11 17:48:15,790] [INFO] [30025] COMMIT received from 30188 for REQUEST 1741682891617
[2025-03-11 17:48:15,790] [INFO] [30025] PREPARE received from 30125 for REQUEST 1741682891617
[2025-03-11 17:48:15,790] [INFO] [30025] COMMIT received from 30065 for REQUEST 1741682891617
[2025-03-11 17:48:15,813] [INFO] [30025] COMMIT received from 30120 for REQUEST 1741682891617
[2025-03-11 17:48:15,815] [INFO] [30025] COMMIT received from 30008 for REQUEST 1741682891617
[2025-03-11 17:48:15,815] [INFO] [30025] COMMIT received from 30085 for REQUEST 1741682891617
[2025-03-11 17:48:15,818] [INFO] [30025] COMMIT received from 30046 for REQUEST 1741682891617
[2025-03-11 17:48:15,818] [INFO] [30025] COMMIT received from 30007 for REQUEST 1741682891617
[2025-03-11 17:48:15,862] [INFO] [30025] COMMIT received from 30015 for REQUEST 1741682891617
[2025-03-11 17:48:15,865] [INFO] [30025] COMMIT received from 30056 for REQUEST 1741682891617
[2025-03-11 17:48:15,950] [INFO] [30025] COMMIT received from 30063 for REQUEST 1741682891617
[2025-03-11 17:48:16,027] [INFO] [30025] PREPARE received from 30054 for REQUEST 1741682891617
[2025-03-11 17:48:16,027] [INFO] [30025] COMMIT received from 30054 for REQUEST 1741682891617
[2025-03-11 17:48:16,253] [INFO] [30025] COMMIT received from 30103 for REQUEST 1741682891617
