[2025-03-11 17:44:24,668] [INFO] Node started: localhost:30156 | index=157 | f=1, k=4
[2025-03-11 17:44:26,342] [INFO] [30156] PRE-PREPARE received: {'request_id': 1741682666245, 'data': 'llapbft_message_1741682666245', 'timestamp': 1741682666.2776651, 'leader': 30000, 'cluster_id': 0, 'cluster_ports': [30000, 30003, 30007, 30016, 30019, 30020, 30023, 30025, 30027, 30028, 30031, 30032, 30034, 30038, 30044, 30047, 30048, 30050, 30054, 30055, 30058, 30062, 30065, 30066, 30071, 30077, 30078, 30083, 30097, 30101, 30113, 30114, 30116, 30120, 30124, 30128, 30134, 30136, 30141, 30144, 30146, 30151, 30154, 30156], 'cluster_manager': {'host': 'localhost', 'port': 30114, 'latitude': 36.6267099, 'longitude': 127.4591412, 'altitude': 98, 'offset_m': 'lat: 12 m, lng: 57 m, alt: 98 m'}, 'simulated_delay': 0.00014088888888888888, 'distance': 79.09543836016626, 'message_size_bits': 5072}
[2025-03-11 17:44:26,379] [INFO] [30156] Broadcasting PREPARE: REQUEST 1741682666245
[2025-03-11 17:44:26,522] [INFO] [30156] PREPARE received from 30038 for REQUEST 1741682666245
[2025-03-11 17:44:26,522] [INFO] [30156] Broadcasting COMMIT: REQUEST 1741682666245
[2025-03-11 17:44:26,840] [INFO] [30156] COMMIT received from 30038 for REQUEST 1741682666245
[2025-03-11 17:44:26,979] [INFO] [30156] PREPARE received from 30007 for REQUEST 1741682666245
[2025-03-11 17:44:27,006] [INFO] [30156] COMMIT received from 30007 for REQUEST 1741682666245
[2025-03-11 17:44:27,006] [INFO] [30156] COMMIT complete. Sending PRE-REPLY: REQUEST 1741682666245 directly to Manager 30114
[2025-03-11 17:44:27,169] [INFO] [30156] PREPARE received from 30044 for REQUEST 1741682666245
[2025-03-11 17:44:27,169] [INFO] [30156] PREPARE received from 30078 for REQUEST 1741682666245
[2025-03-11 17:44:27,197] [INFO] [30156] COMMIT received from 30078 for REQUEST 1741682666245
[2025-03-11 17:44:27,203] [INFO] [30156] COMMIT received from 30044 for REQUEST 1741682666245
[2025-03-11 17:44:27,262] [INFO] [30156] PREPARE received from 30077 for REQUEST 1741682666245
[2025-03-11 17:44:27,262] [INFO] [30156] PREPARE received from 30116 for REQUEST 1741682666245
[2025-03-11 17:44:27,262] [INFO] [30156] COMMIT received from 30077 for REQUEST 1741682666245
[2025-03-11 17:44:27,262] [INFO] [30156] COMMIT received from 30116 for REQUEST 1741682666245
[2025-03-11 17:44:27,297] [INFO] [30156] PREPARE received from 30034 for REQUEST 1741682666245
[2025-03-11 17:44:27,297] [INFO] [30156] PREPARE received from 30066 for REQUEST 1741682666245
[2025-03-11 17:44:27,297] [INFO] [30156] COMMIT received from 30066 for REQUEST 1741682666245
[2025-03-11 17:44:27,297] [INFO] [30156] COMMIT received from 30034 for REQUEST 1741682666245
[2025-03-11 17:44:27,392] [INFO] [30156] PREPARE received from 30101 for REQUEST 1741682666245
[2025-03-11 17:44:27,392] [INFO] [30156] COMMIT received from 30101 for REQUEST 1741682666245
[2025-03-11 17:44:27,457] [INFO] [30156] PREPARE received from 30136 for REQUEST 1741682666245
[2025-03-11 17:44:27,479] [INFO] [30156] COMMIT received from 30136 for REQUEST 1741682666245
[2025-03-11 17:44:27,513] [INFO] [30156] PREPARE received from 30020 for REQUEST 1741682666245
[2025-03-11 17:44:27,513] [INFO] [30156] COMMIT received from 30020 for REQUEST 1741682666245
[2025-03-11 17:44:27,538] [INFO] [30156] PREPARE received from 30031 for REQUEST 1741682666245
[2025-03-11 17:44:27,538] [INFO] [30156] COMMIT received from 30031 for REQUEST 1741682666245
[2025-03-11 17:44:27,594] [INFO] [30156] COMMIT received from 30113 for REQUEST 1741682666245
[2025-03-11 17:44:27,596] [INFO] [30156] PREPARE received from 30113 for REQUEST 1741682666245
[2025-03-11 17:44:27,704] [INFO] [30156] PREPARE received from 30023 for REQUEST 1741682666245
[2025-03-11 17:44:27,704] [INFO] [30156] COMMIT received from 30023 for REQUEST 1741682666245
[2025-03-11 17:44:27,890] [INFO] [30156] PREPARE received from 30047 for REQUEST 1741682666245
[2025-03-11 17:44:27,890] [INFO] [30156] COMMIT received from 30047 for REQUEST 1741682666245
[2025-03-11 17:44:27,976] [INFO] [30156] PREPARE received from 30120 for REQUEST 1741682666245
[2025-03-11 17:44:27,976] [INFO] [30156] COMMIT received from 30120 for REQUEST 1741682666245
[2025-03-11 17:44:28,047] [INFO] [30156] PREPARE received from 30019 for REQUEST 1741682666245
[2025-03-11 17:44:28,047] [INFO] [30156] COMMIT received from 30019 for REQUEST 1741682666245
[2025-03-11 17:44:28,221] [INFO] [30156] COMMIT received from 30000 for REQUEST 1741682666245
[2025-03-11 17:44:28,264] [INFO] [30156] PREPARE received from 30032 for REQUEST 1741682666245
[2025-03-11 17:44:28,264] [INFO] [30156] PREPARE received from 30028 for REQUEST 1741682666245
[2025-03-11 17:44:28,264] [INFO] [30156] COMMIT received from 30032 for REQUEST 1741682666245
[2025-03-11 17:44:28,264] [INFO] [30156] COMMIT received from 30028 for REQUEST 1741682666245
[2025-03-11 17:44:28,552] [INFO] [30156] PREPARE received from 30050 for REQUEST 1741682666245
[2025-03-11 17:44:28,562] [INFO] [30156] COMMIT received from 30050 for REQUEST 1741682666245
[2025-03-11 17:44:28,562] [INFO] [30156] PREPARE received from 30048 for REQUEST 1741682666245
[2025-03-11 17:44:28,562] [INFO] [30156] PREPARE received from 30146 for REQUEST 1741682666245
[2025-03-11 17:44:28,562] [INFO] [30156] PREPARE received from 30151 for REQUEST 1741682666245
[2025-03-11 17:44:28,562] [INFO] [30156] COMMIT received from 30146 for REQUEST 1741682666245
[2025-03-11 17:44:28,562] [INFO] [30156] COMMIT received from 30048 for REQUEST 1741682666245
[2025-03-11 17:44:28,562] [INFO] [30156] COMMIT received from 30151 for REQUEST 1741682666245
[2025-03-11 17:44:28,622] [INFO] [30156] PREPARE received from 30124 for REQUEST 1741682666245
[2025-03-11 17:44:28,656] [INFO] [30156] COMMIT received from 30124 for REQUEST 1741682666245
[2025-03-11 17:44:28,688] [INFO] [30156] PREPARE received from 30071 for REQUEST 1741682666245
[2025-03-11 17:44:28,688] [INFO] [30156] COMMIT received from 30071 for REQUEST 1741682666245
[2025-03-11 17:44:28,874] [INFO] [30156] PREPARE received from 30054 for REQUEST 1741682666245
[2025-03-11 17:44:28,874] [INFO] [30156] COMMIT received from 30054 for REQUEST 1741682666245
[2025-03-11 17:44:28,882] [INFO] [30156] PREPARE received from 30144 for REQUEST 1741682666245
[2025-03-11 17:44:28,882] [INFO] [30156] COMMIT received from 30144 for REQUEST 1741682666245
[2025-03-11 17:44:28,908] [INFO] [30156] PREPARE received from 30097 for REQUEST 1741682666245
[2025-03-11 17:44:28,910] [INFO] [30156] COMMIT received from 30097 for REQUEST 1741682666245
[2025-03-11 17:44:29,104] [INFO] [30156] PREPARE received from 30154 for REQUEST 1741682666245
[2025-03-11 17:44:29,125] [INFO] [30156] COMMIT received from 30154 for REQUEST 1741682666245
[2025-03-11 17:44:29,148] [INFO] [30156] PREPARE received from 30027 for REQUEST 1741682666245
[2025-03-11 17:44:29,148] [INFO] [30156] COMMIT received from 30027 for REQUEST 1741682666245
[2025-03-11 17:44:29,168] [INFO] [30156] PREPARE received from 30058 for REQUEST 1741682666245
[2025-03-11 17:44:29,168] [INFO] [30156] COMMIT received from 30058 for REQUEST 1741682666245
[2025-03-11 17:44:29,168] [INFO] [30156] PREPARE received from 30141 for REQUEST 1741682666245
[2025-03-11 17:44:29,168] [INFO] [30156] COMMIT received from 30141 for REQUEST 1741682666245
[2025-03-11 17:44:29,210] [INFO] [30156] PREPARE received from 30083 for REQUEST 1741682666245
[2025-03-11 17:44:29,216] [INFO] [30156] PREPARE received from 30134 for REQUEST 1741682666245
[2025-03-11 17:44:29,216] [INFO] [30156] COMMIT received from 30003 for REQUEST 1741682666245
[2025-03-11 17:44:29,216] [INFO] [30156] COMMIT received from 30134 for REQUEST 1741682666245
[2025-03-11 17:44:29,216] [INFO] [30156] COMMIT received from 30083 for REQUEST 1741682666245
[2025-03-11 17:44:29,216] [INFO] [30156] PREPARE received from 30003 for REQUEST 1741682666245
[2025-03-11 17:44:29,295] [INFO] [30156] PREPARE received from 30016 for REQUEST 1741682666245
[2025-03-11 17:44:29,303] [INFO] [30156] COMMIT received from 30016 for REQUEST 1741682666245
[2025-03-11 17:44:29,305] [INFO] [30156] PREPARE received from 30062 for REQUEST 1741682666245
[2025-03-11 17:44:29,305] [INFO] [30156] COMMIT received from 30062 for REQUEST 1741682666245
[2025-03-11 17:44:29,461] [INFO] [30156] PREPARE received from 30128 for REQUEST 1741682666245
[2025-03-11 17:44:29,471] [INFO] [30156] PREPARE received from 30065 for REQUEST 1741682666245
[2025-03-11 17:44:29,478] [INFO] [30156] COMMIT received from 30065 for REQUEST 1741682666245
[2025-03-11 17:44:29,478] [INFO] [30156] PREPARE received from 30055 for REQUEST 1741682666245
[2025-03-11 17:44:29,478] [INFO] [30156] COMMIT received from 30128 for REQUEST 1741682666245
[2025-03-11 17:44:29,486] [INFO] [30156] COMMIT received from 30055 for REQUEST 1741682666245
[2025-03-11 17:44:29,518] [INFO] [30156] PREPARE received from 30025 for REQUEST 1741682666245
[2025-03-11 17:44:29,518] [INFO] [30156] COMMIT received from 30025 for REQUEST 1741682666245
[2025-03-11 17:48:01,386] [INFO] Node started: localhost:30156 | index=157 | f=1, k=4
[2025-03-11 17:48:11,907] [INFO] [30156] PRE-PREPARE received: {'request_id': 1741682891617, 'data': 'llapbft_message_1741682891617', 'timestamp': 1741682891.640408, 'leader': 30066, 'cluster_id': 3, 'cluster_ports': [30002, 30022, 30024, 30028, 30031, 30037, 30041, 30048, 30051, 30052, 30057, 30059, 30066, 30070, 30073, 30075, 30076, 30079, 30084, 30088, 30089, 30093, 30096, 30098, 30100, 30101, 30102, 30109, 30110, 30113, 30115, 30116, 30118, 30133, 30137, 30138, 30140, 30141, 30144, 30146, 30151, 30152, 30153, 30154, 30156, 30180, 30183, 30191, 30193, 30198], 'cluster_manager': {'host': 'localhost', 'port': 30133, 'latitude': 36.6274955, 'longitude': 127.4587659, 'altitude': 30, 'offset_m': 'lat: 99 m, lng: 23 m, alt: 30 m'}, 'simulated_delay': 0.0003, 'distance': 164.10847950690496, 'message_size_bits': 5400}
[2025-03-11 17:48:11,909] [INFO] [30156] Broadcasting PREPARE: REQUEST 1741682891617
[2025-03-11 17:48:12,173] [INFO] [30156] PREPARE received from 30070 for REQUEST 1741682891617
[2025-03-11 17:48:12,173] [INFO] [30156] Broadcasting COMMIT: REQUEST 1741682891617
[2025-03-11 17:48:13,138] [INFO] [30156] COMMIT received from 30070 for REQUEST 1741682891617
[2025-03-11 17:48:14,093] [INFO] [30156] PREPARE received from 30193 for REQUEST 1741682891617
[2025-03-11 17:48:14,093] [INFO] [30156] COMMIT received from 30193 for REQUEST 1741682891617
[2025-03-11 17:48:14,093] [INFO] [30156] COMMIT complete. Sending PRE-REPLY: REQUEST 1741682891617 directly to Manager 30133
[2025-03-11 17:48:14,211] [INFO] [30156] PREPARE received from 30116 for REQUEST 1741682891617
[2025-03-11 17:48:14,238] [INFO] [30156] COMMIT received from 30116 for REQUEST 1741682891617
[2025-03-11 17:48:14,546] [INFO] [30156] PREPARE received from 30151 for REQUEST 1741682891617
[2025-03-11 17:48:14,546] [INFO] [30156] COMMIT received from 30151 for REQUEST 1741682891617
[2025-03-11 17:48:14,915] [INFO] [30156] COMMIT received from 30041 for REQUEST 1741682891617
[2025-03-11 17:48:14,915] [INFO] [30156] PREPARE received from 30041 for REQUEST 1741682891617
[2025-03-11 17:48:15,019] [INFO] [30156] PREPARE received from 30028 for REQUEST 1741682891617
[2025-03-11 17:48:15,019] [INFO] [30156] COMMIT received from 30028 for REQUEST 1741682891617
[2025-03-11 17:48:15,247] [INFO] [30156] PREPARE received from 30137 for REQUEST 1741682891617
[2025-03-11 17:48:15,247] [INFO] [30156] COMMIT received from 30031 for REQUEST 1741682891617
[2025-03-11 17:48:15,247] [INFO] [30156] PREPARE received from 30052 for REQUEST 1741682891617
[2025-03-11 17:48:15,249] [INFO] [30156] PREPARE received from 30031 for REQUEST 1741682891617
[2025-03-11 17:48:15,249] [INFO] [30156] COMMIT received from 30137 for REQUEST 1741682891617
[2025-03-11 17:48:15,249] [INFO] [30156] COMMIT received from 30052 for REQUEST 1741682891617
[2025-03-11 17:48:15,442] [INFO] [30156] PREPARE received from 30089 for REQUEST 1741682891617
[2025-03-11 17:48:15,442] [INFO] [30156] COMMIT received from 30089 for REQUEST 1741682891617
[2025-03-11 17:48:15,755] [INFO] [30156] PREPARE received from 30138 for REQUEST 1741682891617
[2025-03-11 17:48:15,778] [INFO] [30156] COMMIT received from 30138 for REQUEST 1741682891617
[2025-03-11 17:48:16,129] [INFO] [30156] PREPARE received from 30101 for REQUEST 1741682891617
[2025-03-11 17:48:16,131] [INFO] [30156] COMMIT received from 30066 for REQUEST 1741682891617
[2025-03-11 17:48:16,144] [INFO] [30156] COMMIT received from 30101 for REQUEST 1741682891617
[2025-03-11 17:48:16,184] [INFO] [30156] PREPARE received from 30140 for REQUEST 1741682891617
[2025-03-11 17:48:16,212] [INFO] [30156] PREPARE received from 30144 for REQUEST 1741682891617
[2025-03-11 17:48:16,226] [INFO] [30156] COMMIT received from 30144 for REQUEST 1741682891617
[2025-03-11 17:48:16,534] [INFO] [30156] COMMIT received from 30140 for REQUEST 1741682891617
[2025-03-11 17:48:16,646] [INFO] [30156] PREPARE received from 30024 for REQUEST 1741682891617
[2025-03-11 17:48:16,646] [INFO] [30156] PREPARE received from 30198 for REQUEST 1741682891617
[2025-03-11 17:48:16,720] [INFO] [30156] COMMIT received from 30024 for REQUEST 1741682891617
[2025-03-11 17:48:16,720] [INFO] [30156] COMMIT received from 30141 for REQUEST 1741682891617
[2025-03-11 17:48:16,720] [INFO] [30156] PREPARE received from 30152 for REQUEST 1741682891617
[2025-03-11 17:48:16,720] [INFO] [30156] PREPARE received from 30118 for REQUEST 1741682891617
[2025-03-11 17:48:16,720] [INFO] [30156] PREPARE received from 30141 for REQUEST 1741682891617
[2025-03-11 17:48:16,720] [INFO] [30156] COMMIT received from 30198 for REQUEST 1741682891617
[2025-03-11 17:48:16,760] [INFO] [30156] COMMIT received from 30118 for REQUEST 1741682891617
[2025-03-11 17:48:16,760] [INFO] [30156] COMMIT received from 30002 for REQUEST 1741682891617
[2025-03-11 17:48:16,760] [INFO] [30156] COMMIT received from 30152 for REQUEST 1741682891617
[2025-03-11 17:48:16,760] [INFO] [30156] COMMIT received from 30076 for REQUEST 1741682891617
[2025-03-11 17:48:16,762] [INFO] [30156] PREPARE received from 30002 for REQUEST 1741682891617
[2025-03-11 17:48:16,762] [INFO] [30156] PREPARE received from 30102 for REQUEST 1741682891617
[2025-03-11 17:48:16,762] [INFO] [30156] PREPARE received from 30146 for REQUEST 1741682891617
[2025-03-11 17:48:16,762] [INFO] [30156] PREPARE received from 30051 for REQUEST 1741682891617
[2025-03-11 17:48:16,762] [INFO] [30156] PREPARE received from 30076 for REQUEST 1741682891617
[2025-03-11 17:48:16,816] [INFO] [30156] COMMIT received from 30146 for REQUEST 1741682891617
[2025-03-11 17:48:16,816] [INFO] [30156] COMMIT received from 30051 for REQUEST 1741682891617
[2025-03-11 17:48:16,816] [INFO] [30156] COMMIT received from 30102 for REQUEST 1741682891617
[2025-03-11 17:48:16,861] [INFO] [30156] COMMIT received from 30057 for REQUEST 1741682891617
[2025-03-11 17:48:16,861] [INFO] [30156] PREPARE received from 30057 for REQUEST 1741682891617
[2025-03-11 17:48:16,989] [INFO] [30156] PREPARE received from 30079 for REQUEST 1741682891617
[2025-03-11 17:48:16,989] [INFO] [30156] COMMIT received from 30079 for REQUEST 1741682891617
[2025-03-11 17:48:17,273] [INFO] [30156] PREPARE received from 30093 for REQUEST 1741682891617
[2025-03-11 17:48:17,276] [INFO] [30156] PREPARE received from 30096 for REQUEST 1741682891617
[2025-03-11 17:48:17,276] [INFO] [30156] PREPARE received from 30110 for REQUEST 1741682891617
[2025-03-11 17:48:17,276] [INFO] [30156] COMMIT received from 30100 for REQUEST 1741682891617
[2025-03-11 17:48:17,276] [INFO] [30156] COMMIT received from 30110 for REQUEST 1741682891617
[2025-03-11 17:48:17,276] [INFO] [30156] COMMIT received from 30096 for REQUEST 1741682891617
[2025-03-11 17:48:17,312] [INFO] [30156] PREPARE received from 30100 for REQUEST 1741682891617
[2025-03-11 17:48:17,312] [INFO] [30156] COMMIT received from 30093 for REQUEST 1741682891617
[2025-03-11 17:48:17,647] [INFO] [30156] COMMIT received from 30115 for REQUEST 1741682891617
[2025-03-11 17:48:17,649] [INFO] [30156] COMMIT received from 30180 for REQUEST 1741682891617
[2025-03-11 17:48:17,649] [INFO] [30156] PREPARE received from 30115 for REQUEST 1741682891617
[2025-03-11 17:48:17,649] [INFO] [30156] PREPARE received from 30180 for REQUEST 1741682891617
[2025-03-11 17:48:17,649] [INFO] [30156] PREPARE received from 30098 for REQUEST 1741682891617
[2025-03-11 17:48:17,665] [INFO] [30156] PREPARE received from 30113 for REQUEST 1741682891617
[2025-03-11 17:48:17,665] [INFO] [30156] COMMIT received from 30073 for REQUEST 1741682891617
[2025-03-11 17:48:17,665] [INFO] [30156] PREPARE received from 30073 for REQUEST 1741682891617
[2025-03-11 17:48:17,665] [INFO] [30156] PREPARE received from 30191 for REQUEST 1741682891617
[2025-03-11 17:48:17,665] [INFO] [30156] COMMIT received from 30098 for REQUEST 1741682891617
[2025-03-11 17:48:17,665] [INFO] [30156] PREPARE received from 30109 for REQUEST 1741682891617
[2025-03-11 17:48:17,667] [INFO] [30156] PREPARE received from 30075 for REQUEST 1741682891617
[2025-03-11 17:48:17,667] [INFO] [30156] COMMIT received from 30109 for REQUEST 1741682891617
[2025-03-11 17:48:17,683] [INFO] [30156] COMMIT received from 30075 for REQUEST 1741682891617
[2025-03-11 17:48:17,683] [INFO] [30156] COMMIT received from 30191 for REQUEST 1741682891617
[2025-03-11 17:48:17,683] [INFO] [30156] COMMIT received from 30113 for REQUEST 1741682891617
[2025-03-11 17:48:17,825] [INFO] [30156] PREPARE received from 30154 for REQUEST 1741682891617
[2025-03-11 17:48:17,825] [INFO] [30156] PREPARE received from 30088 for REQUEST 1741682891617
[2025-03-11 17:48:17,876] [INFO] [30156] COMMIT received from 30088 for REQUEST 1741682891617
[2025-03-11 17:48:17,876] [INFO] [30156] COMMIT received from 30154 for REQUEST 1741682891617
[2025-03-11 17:48:18,004] [INFO] [30156] PREPARE received from 30022 for REQUEST 1741682891617
[2025-03-11 17:48:18,006] [INFO] [30156] COMMIT received from 30022 for REQUEST 1741682891617
[2025-03-11 17:48:18,173] [INFO] [30156] PREPARE received from 30153 for REQUEST 1741682891617
[2025-03-11 17:48:18,214] [INFO] [30156] PREPARE received from 30037 for REQUEST 1741682891617
[2025-03-11 17:48:18,216] [INFO] [30156] COMMIT received from 30037 for REQUEST 1741682891617
[2025-03-11 17:48:18,268] [INFO] [30156] COMMIT received from 30153 for REQUEST 1741682891617
[2025-03-11 17:48:18,306] [INFO] [30156] PREPARE received from 30048 for REQUEST 1741682891617
[2025-03-11 17:48:18,309] [INFO] [30156] COMMIT received from 30048 for REQUEST 1741682891617
[2025-03-11 17:48:18,309] [INFO] [30156] PREPARE received from 30183 for REQUEST 1741682891617
[2025-03-11 17:48:18,311] [INFO] [30156] COMMIT received from 30183 for REQUEST 1741682891617
[2025-03-11 17:48:18,426] [INFO] [30156] PREPARE received from 30059 for REQUEST 1741682891617
[2025-03-11 17:48:18,436] [INFO] [30156] COMMIT received from 30059 for REQUEST 1741682891617
[2025-03-11 17:48:18,475] [INFO] [30156] PREPARE received from 30084 for REQUEST 1741682891617
[2025-03-11 17:48:18,483] [INFO] [30156] COMMIT received from 30084 for REQUEST 1741682891617
