[2025-03-11 17:38:27,636] [INFO] Node started: localhost:30057 | index=58 | f=1, k=4
[2025-03-11 17:38:33,558] [INFO] [30057] PRE-PREPARE received: {'request_id': 1741682313511, 'data': 'llapbft_message_1741682313511', 'timestamp': 1741682313.5429404, 'leader': 30058, 'cluster_id': 3, 'cluster_ports': [30004, 30007, 30012, 30013, 30015, 30016, 30019, 30021, 30027, 30032, 30051, 30057, 30058, 30064, 30069, 30071, 30072, 30075], 'cluster_manager': {'host': 'localhost', 'port': 30069, 'latitude': 36.6269075, 'longitude': 127.4591969, 'altitude': 71, 'offset_m': 'lat: 34 m, lng: 62 m, alt: 71 m'}, 'simulated_delay': 0.00030133333333333336, 'distance': 210.95680367109202, 'message_size_bits': 3616}
[2025-03-11 17:38:33,558] [INFO] [30057] Broadcasting PREPARE: REQUEST 1741682313511
[2025-03-11 17:38:33,601] [INFO] [30057] PREPARE received from 30027 for REQUEST 1741682313511
[2025-03-11 17:38:33,601] [INFO] [30057] Broadcasting COMMIT: REQUEST 1741682313511
[2025-03-11 17:38:33,601] [INFO] [30057] PREPARE received from 30075 for REQUEST 1741682313511
[2025-03-11 17:38:33,606] [INFO] [30057] PREPARE received from 30015 for REQUEST 1741682313511
[2025-03-11 17:38:33,650] [INFO] [30057] PREPARE received from 30007 for REQUEST 1741682313511
[2025-03-11 17:38:33,689] [INFO] [30057] COMMIT received from 30015 for REQUEST 1741682313511
[2025-03-11 17:38:33,707] [INFO] [30057] COMMIT received from 30075 for REQUEST 1741682313511
[2025-03-11 17:38:33,707] [INFO] [30057] COMMIT complete. Sending PRE-REPLY: REQUEST 1741682313511 directly to Manager 30069
[2025-03-11 17:38:33,734] [INFO] [30057] PREPARE received from 30012 for REQUEST 1741682313511
[2025-03-11 17:38:33,756] [INFO] [30057] COMMIT received from 30058 for REQUEST 1741682313511
[2025-03-11 17:38:33,778] [INFO] [30057] COMMIT received from 30012 for REQUEST 1741682313511
[2025-03-11 17:38:33,778] [INFO] [30057] PREPARE received from 30072 for REQUEST 1741682313511
[2025-03-11 17:38:33,779] [INFO] [30057] PREPARE received from 30016 for REQUEST 1741682313511
[2025-03-11 17:38:33,779] [INFO] [30057] COMMIT received from 30072 for REQUEST 1741682313511
[2025-03-11 17:38:33,779] [INFO] [30057] PREPARE received from 30051 for REQUEST 1741682313511
[2025-03-11 17:38:33,792] [INFO] [30057] COMMIT received from 30016 for REQUEST 1741682313511
[2025-03-11 17:38:33,792] [INFO] [30057] PREPARE received from 30064 for REQUEST 1741682313511
[2025-03-11 17:38:33,815] [INFO] [30057] COMMIT received from 30007 for REQUEST 1741682313511
[2025-03-11 17:38:33,815] [INFO] [30057] COMMIT received from 30064 for REQUEST 1741682313511
[2025-03-11 17:38:33,815] [INFO] [30057] COMMIT received from 30051 for REQUEST 1741682313511
[2025-03-11 17:38:33,853] [INFO] [30057] COMMIT received from 30027 for REQUEST 1741682313511
[2025-03-11 17:38:33,862] [INFO] [30057] COMMIT received from 30019 for REQUEST 1741682313511
[2025-03-11 17:38:33,862] [INFO] [30057] PREPARE received from 30019 for REQUEST 1741682313511
[2025-03-11 17:38:33,901] [INFO] [30057] PREPARE received from 30004 for REQUEST 1741682313511
[2025-03-11 17:38:33,903] [INFO] [30057] PREPARE received from 30032 for REQUEST 1741682313511
[2025-03-11 17:38:33,907] [INFO] [30057] COMMIT received from 30032 for REQUEST 1741682313511
[2025-03-11 17:38:33,909] [INFO] [30057] COMMIT received from 30004 for REQUEST 1741682313511
[2025-03-11 17:38:33,931] [INFO] [30057] PREPARE received from 30013 for REQUEST 1741682313511
[2025-03-11 17:38:33,935] [INFO] [30057] COMMIT received from 30013 for REQUEST 1741682313511
[2025-03-11 17:40:56,332] [INFO] Node started: localhost:30057 | index=58 | f=1, k=4
[2025-03-11 17:41:09,444] [INFO] [30057] PRE-PREPARE received: {'request_id': 1741682469395, 'data': 'llapbft_message_1741682469395', 'timestamp': 1741682469.412458, 'leader': 30110, 'cluster_id': 1, 'cluster_ports': [30002, 30003, 30004, 30006, 30007, 30008, 30016, 30019, 30023, 30027, 30028, 30029, 30035, 30037, 30043, 30054, 30057, 30064, 30065, 30067, 30069, 30070, 30075, 30076, 30077, 30089, 30094, 30095, 30099, 30101, 30102, 30104, 30110, 30112, 30114, 30117], 'cluster_manager': {'host': 'localhost', 'port': 30064, 'latitude': 36.6269153, 'longitude': 127.4594273, 'altitude': 54, 'offset_m': 'lat: 35 m, lng: 82 m, alt: 54 m'}, 'simulated_delay': 0.00012822222222222222, 'distance': 68.15516247979261, 'message_size_bits': 4616}
[2025-03-11 17:41:09,473] [INFO] [30057] Broadcasting PREPARE: REQUEST 1741682469395
[2025-03-11 17:41:09,588] [INFO] [30057] PREPARE received from 30067 for REQUEST 1741682469395
[2025-03-11 17:41:09,588] [INFO] [30057] Broadcasting COMMIT: REQUEST 1741682469395
[2025-03-11 17:41:09,609] [INFO] [30057] PREPARE received from 30035 for REQUEST 1741682469395
[2025-03-11 17:41:09,615] [INFO] [30057] PREPARE received from 30069 for REQUEST 1741682469395
[2025-03-11 17:41:09,675] [INFO] [30057] PREPARE received from 30117 for REQUEST 1741682469395
[2025-03-11 17:41:09,675] [INFO] [30057] PREPARE received from 30102 for REQUEST 1741682469395
[2025-03-11 17:41:09,675] [INFO] [30057] PREPARE received from 30004 for REQUEST 1741682469395
[2025-03-11 17:41:09,675] [INFO] [30057] PREPARE received from 30112 for REQUEST 1741682469395
[2025-03-11 17:41:09,688] [INFO] [30057] PREPARE received from 30099 for REQUEST 1741682469395
[2025-03-11 17:41:10,078] [INFO] [30057] PREPARE received from 30089 for REQUEST 1741682469395
[2025-03-11 17:41:10,078] [INFO] [30057] PREPARE received from 30070 for REQUEST 1741682469395
[2025-03-11 17:41:10,078] [INFO] [30057] PREPARE received from 30114 for REQUEST 1741682469395
[2025-03-11 17:41:10,078] [INFO] [30057] PREPARE received from 30104 for REQUEST 1741682469395
[2025-03-11 17:41:10,078] [INFO] [30057] PREPARE received from 30075 for REQUEST 1741682469395
[2025-03-11 17:41:10,078] [INFO] [30057] PREPARE received from 30023 for REQUEST 1741682469395
[2025-03-11 17:41:10,218] [INFO] [30057] PREPARE received from 30076 for REQUEST 1741682469395
[2025-03-11 17:41:10,218] [INFO] [30057] PREPARE received from 30077 for REQUEST 1741682469395
[2025-03-11 17:41:10,218] [INFO] [30057] PREPARE received from 30029 for REQUEST 1741682469395
[2025-03-11 17:41:10,218] [INFO] [30057] COMMIT received from 30035 for REQUEST 1741682469395
[2025-03-11 17:41:10,218] [INFO] [30057] COMMIT received from 30112 for REQUEST 1741682469395
[2025-03-11 17:41:10,218] [INFO] [30057] COMMIT complete. Sending PRE-REPLY: REQUEST 1741682469395 directly to Manager 30064
[2025-03-11 17:41:10,264] [INFO] [30057] COMMIT received from 30114 for REQUEST 1741682469395
[2025-03-11 17:41:10,265] [INFO] [30057] COMMIT received from 30004 for REQUEST 1741682469395
[2025-03-11 17:41:10,267] [INFO] [30057] COMMIT received from 30117 for REQUEST 1741682469395
[2025-03-11 17:41:10,267] [INFO] [30057] COMMIT received from 30029 for REQUEST 1741682469395
[2025-03-11 17:41:10,269] [INFO] [30057] COMMIT received from 30067 for REQUEST 1741682469395
[2025-03-11 17:41:10,269] [INFO] [30057] COMMIT received from 30077 for REQUEST 1741682469395
[2025-03-11 17:41:10,269] [INFO] [30057] COMMIT received from 30075 for REQUEST 1741682469395
[2025-03-11 17:41:10,269] [INFO] [30057] COMMIT received from 30102 for REQUEST 1741682469395
[2025-03-11 17:41:10,269] [INFO] [30057] COMMIT received from 30016 for REQUEST 1741682469395
[2025-03-11 17:41:10,269] [INFO] [30057] COMMIT received from 30069 for REQUEST 1741682469395
[2025-03-11 17:41:10,336] [INFO] [30057] PREPARE received from 30003 for REQUEST 1741682469395
[2025-03-11 17:41:10,336] [INFO] [30057] PREPARE received from 30016 for REQUEST 1741682469395
[2025-03-11 17:41:10,336] [INFO] [30057] PREPARE received from 30027 for REQUEST 1741682469395
[2025-03-11 17:41:10,336] [INFO] [30057] PREPARE received from 30008 for REQUEST 1741682469395
[2025-03-11 17:41:10,336] [INFO] [30057] PREPARE received from 30054 for REQUEST 1741682469395
[2025-03-11 17:41:10,336] [INFO] [30057] PREPARE received from 30028 for REQUEST 1741682469395
[2025-03-11 17:41:10,336] [INFO] [30057] PREPARE received from 30019 for REQUEST 1741682469395
[2025-03-11 17:41:10,407] [INFO] [30057] COMMIT received from 30089 for REQUEST 1741682469395
[2025-03-11 17:41:10,407] [INFO] [30057] COMMIT received from 30008 for REQUEST 1741682469395
[2025-03-11 17:41:10,407] [INFO] [30057] COMMIT received from 30027 for REQUEST 1741682469395
[2025-03-11 17:41:10,407] [INFO] [30057] PREPARE received from 30065 for REQUEST 1741682469395
[2025-03-11 17:41:10,407] [INFO] [30057] COMMIT received from 30003 for REQUEST 1741682469395
[2025-03-11 17:41:10,407] [INFO] [30057] COMMIT received from 30019 for REQUEST 1741682469395
[2025-03-11 17:41:10,407] [INFO] [30057] COMMIT received from 30028 for REQUEST 1741682469395
[2025-03-11 17:41:10,407] [INFO] [30057] COMMIT received from 30104 for REQUEST 1741682469395
[2025-03-11 17:41:10,407] [INFO] [30057] PREPARE received from 30002 for REQUEST 1741682469395
[2025-03-11 17:41:10,479] [INFO] [30057] COMMIT received from 30099 for REQUEST 1741682469395
[2025-03-11 17:41:10,479] [INFO] [30057] COMMIT received from 30110 for REQUEST 1741682469395
[2025-03-11 17:41:10,485] [INFO] [30057] COMMIT received from 30065 for REQUEST 1741682469395
[2025-03-11 17:41:10,485] [INFO] [30057] COMMIT received from 30002 for REQUEST 1741682469395
[2025-03-11 17:41:10,494] [INFO] [30057] PREPARE received from 30007 for REQUEST 1741682469395
[2025-03-11 17:41:10,494] [INFO] [30057] COMMIT received from 30070 for REQUEST 1741682469395
[2025-03-11 17:41:10,496] [INFO] [30057] COMMIT received from 30023 for REQUEST 1741682469395
[2025-03-11 17:41:10,496] [INFO] [30057] PREPARE received from 30006 for REQUEST 1741682469395
[2025-03-11 17:41:10,517] [INFO] [30057] COMMIT received from 30007 for REQUEST 1741682469395
[2025-03-11 17:41:10,517] [INFO] [30057] COMMIT received from 30054 for REQUEST 1741682469395
[2025-03-11 17:41:10,517] [INFO] [30057] COMMIT received from 30006 for REQUEST 1741682469395
[2025-03-11 17:41:10,533] [INFO] [30057] PREPARE received from 30101 for REQUEST 1741682469395
[2025-03-11 17:41:10,533] [INFO] [30057] PREPARE received from 30094 for REQUEST 1741682469395
[2025-03-11 17:41:10,533] [INFO] [30057] PREPARE received from 30095 for REQUEST 1741682469395
[2025-03-11 17:41:10,553] [INFO] [30057] COMMIT received from 30095 for REQUEST 1741682469395
[2025-03-11 17:41:10,553] [INFO] [30057] COMMIT received from 30094 for REQUEST 1741682469395
[2025-03-11 17:41:10,553] [INFO] [30057] COMMIT received from 30101 for REQUEST 1741682469395
[2025-03-11 17:41:10,588] [INFO] [30057] PREPARE received from 30043 for REQUEST 1741682469395
[2025-03-11 17:41:10,596] [INFO] [30057] PREPARE received from 30037 for REQUEST 1741682469395
[2025-03-11 17:41:10,612] [INFO] [30057] COMMIT received from 30043 for REQUEST 1741682469395
[2025-03-11 17:41:10,707] [INFO] [30057] COMMIT received from 30076 for REQUEST 1741682469395
[2025-03-11 17:41:10,780] [INFO] [30057] COMMIT received from 30037 for REQUEST 1741682469395
[2025-03-11 17:44:04,767] [INFO] Node started: localhost:30057 | index=58 | f=1, k=4
[2025-03-11 17:44:26,344] [INFO] [30057] PRE-PREPARE received: {'request_id': 1741682666245, 'data': 'llapbft_message_1741682666245', 'timestamp': 1741682666.2776651, 'leader': 30029, 'cluster_id': 3, 'cluster_ports': [30004, 30005, 30008, 30011, 30012, 30017, 30018, 30021, 30029, 30033, 30040, 30042, 30045, 30052, 30057, 30068, 30070, 30072, 30073, 30074, 30076, 30084, 30088, 30091, 30094, 30100, 30103, 30105, 30107, 30109, 30110, 30117, 30121, 30125, 30130, 30133, 30137, 30138, 30139, 30145], 'cluster_manager': {'host': 'localhost', 'port': 30018, 'latitude': 36.6268812, 'longitude': 127.4589418, 'altitude': 19, 'offset_m': 'lat: 31 m, lng: 39 m, alt: 19 m'}, 'simulated_delay': 0.00026933333333333334, 'distance': 197.506594421244, 'message_size_bits': 4848}
[2025-03-11 17:44:26,344] [INFO] [30057] Broadcasting PREPARE: REQUEST 1741682666245
[2025-03-11 17:44:26,877] [INFO] [30057] PREPARE received from 30100 for REQUEST 1741682666245
[2025-03-11 17:44:26,877] [INFO] [30057] Broadcasting COMMIT: REQUEST 1741682666245
[2025-03-11 17:44:26,957] [INFO] [30057] PREPARE received from 30074 for REQUEST 1741682666245
[2025-03-11 17:44:26,957] [INFO] [30057] PREPARE received from 30011 for REQUEST 1741682666245
[2025-03-11 17:44:26,957] [INFO] [30057] PREPARE received from 30072 for REQUEST 1741682666245
[2025-03-11 17:44:26,957] [INFO] [30057] COMMIT received from 30145 for REQUEST 1741682666245
[2025-03-11 17:44:26,957] [INFO] [30057] PREPARE received from 30091 for REQUEST 1741682666245
[2025-03-11 17:44:26,957] [INFO] [30057] PREPARE received from 30145 for REQUEST 1741682666245
[2025-03-11 17:44:26,957] [INFO] [30057] COMMIT received from 30074 for REQUEST 1741682666245
[2025-03-11 17:44:26,957] [INFO] [30057] COMMIT complete. Sending PRE-REPLY: REQUEST 1741682666245 directly to Manager 30018
[2025-03-11 17:44:26,957] [INFO] [30057] COMMIT received from 30011 for REQUEST 1741682666245
[2025-03-11 17:44:26,957] [INFO] [30057] PREPARE received from 30103 for REQUEST 1741682666245
[2025-03-11 17:44:26,957] [INFO] [30057] PREPARE received from 30070 for REQUEST 1741682666245
[2025-03-11 17:44:26,966] [INFO] [30057] PREPARE received from 30088 for REQUEST 1741682666245
[2025-03-11 17:44:26,966] [INFO] [30057] PREPARE received from 30137 for REQUEST 1741682666245
[2025-03-11 17:44:27,222] [INFO] [30057] COMMIT received from 30103 for REQUEST 1741682666245
[2025-03-11 17:44:27,224] [INFO] [30057] COMMIT received from 30088 for REQUEST 1741682666245
[2025-03-11 17:44:27,224] [INFO] [30057] COMMIT received from 30137 for REQUEST 1741682666245
[2025-03-11 17:44:27,224] [INFO] [30057] COMMIT received from 30072 for REQUEST 1741682666245
[2025-03-11 17:44:27,224] [INFO] [30057] COMMIT received from 30091 for REQUEST 1741682666245
[2025-03-11 17:44:27,224] [INFO] [30057] COMMIT received from 30070 for REQUEST 1741682666245
[2025-03-11 17:44:27,336] [INFO] [30057] COMMIT received from 30100 for REQUEST 1741682666245
[2025-03-11 17:44:27,568] [INFO] [30057] PREPARE received from 30005 for REQUEST 1741682666245
[2025-03-11 17:44:27,579] [INFO] [30057] PREPARE received from 30004 for REQUEST 1741682666245
[2025-03-11 17:44:27,694] [INFO] [30057] PREPARE received from 30125 for REQUEST 1741682666245
[2025-03-11 17:44:27,731] [INFO] [30057] COMMIT received from 30125 for REQUEST 1741682666245
[2025-03-11 17:44:27,825] [INFO] [30057] PREPARE received from 30073 for REQUEST 1741682666245
[2025-03-11 17:44:27,825] [INFO] [30057] COMMIT received from 30042 for REQUEST 1741682666245
[2025-03-11 17:44:27,826] [INFO] [30057] COMMIT received from 30073 for REQUEST 1741682666245
[2025-03-11 17:44:27,862] [INFO] [30057] PREPARE received from 30042 for REQUEST 1741682666245
[2025-03-11 17:44:27,862] [INFO] [30057] PREPARE received from 30068 for REQUEST 1741682666245
[2025-03-11 17:44:27,862] [INFO] [30057] COMMIT received from 30068 for REQUEST 1741682666245
[2025-03-11 17:44:28,019] [INFO] [30057] COMMIT received from 30005 for REQUEST 1741682666245
[2025-03-11 17:44:28,019] [INFO] [30057] PREPARE received from 30017 for REQUEST 1741682666245
[2025-03-11 17:44:28,019] [INFO] [30057] COMMIT received from 30004 for REQUEST 1741682666245
[2025-03-11 17:44:28,031] [INFO] [30057] COMMIT received from 30017 for REQUEST 1741682666245
[2025-03-11 17:44:28,268] [INFO] [30057] PREPARE received from 30110 for REQUEST 1741682666245
[2025-03-11 17:44:28,271] [INFO] [30057] COMMIT received from 30110 for REQUEST 1741682666245
[2025-03-11 17:44:28,379] [INFO] [30057] PREPARE received from 30130 for REQUEST 1741682666245
[2025-03-11 17:44:28,379] [INFO] [30057] PREPARE received from 30121 for REQUEST 1741682666245
[2025-03-11 17:44:28,382] [INFO] [30057] COMMIT received from 30029 for REQUEST 1741682666245
[2025-03-11 17:44:28,382] [INFO] [30057] COMMIT received from 30121 for REQUEST 1741682666245
[2025-03-11 17:44:28,382] [INFO] [30057] COMMIT received from 30040 for REQUEST 1741682666245
[2025-03-11 17:44:28,382] [INFO] [30057] COMMIT received from 30130 for REQUEST 1741682666245
[2025-03-11 17:44:28,384] [INFO] [30057] PREPARE received from 30040 for REQUEST 1741682666245
[2025-03-11 17:44:28,631] [INFO] [30057] PREPARE received from 30045 for REQUEST 1741682666245
[2025-03-11 17:44:28,631] [INFO] [30057] PREPARE received from 30076 for REQUEST 1741682666245
[2025-03-11 17:44:28,648] [INFO] [30057] COMMIT received from 30052 for REQUEST 1741682666245
[2025-03-11 17:44:28,648] [INFO] [30057] COMMIT received from 30045 for REQUEST 1741682666245
[2025-03-11 17:44:28,648] [INFO] [30057] COMMIT received from 30076 for REQUEST 1741682666245
[2025-03-11 17:44:28,674] [INFO] [30057] PREPARE received from 30052 for REQUEST 1741682666245
[2025-03-11 17:44:28,806] [INFO] [30057] COMMIT received from 30133 for REQUEST 1741682666245
[2025-03-11 17:44:28,806] [INFO] [30057] PREPARE received from 30133 for REQUEST 1741682666245
[2025-03-11 17:44:28,874] [INFO] [30057] PREPARE received from 30138 for REQUEST 1741682666245
[2025-03-11 17:44:28,882] [INFO] [30057] COMMIT received from 30138 for REQUEST 1741682666245
[2025-03-11 17:44:29,074] [INFO] [30057] PREPARE received from 30084 for REQUEST 1741682666245
[2025-03-11 17:44:29,074] [INFO] [30057] COMMIT received from 30084 for REQUEST 1741682666245
[2025-03-11 17:44:29,324] [INFO] [30057] PREPARE received from 30033 for REQUEST 1741682666245
[2025-03-11 17:44:29,324] [INFO] [30057] COMMIT received from 30033 for REQUEST 1741682666245
[2025-03-11 17:44:29,343] [INFO] [30057] PREPARE received from 30109 for REQUEST 1741682666245
[2025-03-11 17:44:29,345] [INFO] [30057] COMMIT received from 30109 for REQUEST 1741682666245
[2025-03-11 17:47:41,503] [INFO] Node started: localhost:30057 | index=58 | f=1, k=4
[2025-03-11 17:48:11,907] [INFO] [30057] PRE-PREPARE received: {'request_id': 1741682891617, 'data': 'llapbft_message_1741682891617', 'timestamp': 1741682891.640408, 'leader': 30066, 'cluster_id': 3, 'cluster_ports': [30002, 30022, 30024, 30028, 30031, 30037, 30041, 30048, 30051, 30052, 30057, 30059, 30066, 30070, 30073, 30075, 30076, 30079, 30084, 30088, 30089, 30093, 30096, 30098, 30100, 30101, 30102, 30109, 30110, 30113, 30115, 30116, 30118, 30133, 30137, 30138, 30140, 30141, 30144, 30146, 30151, 30152, 30153, 30154, 30156, 30180, 30183, 30191, 30193, 30198], 'cluster_manager': {'host': 'localhost', 'port': 30133, 'latitude': 36.6274955, 'longitude': 127.4587659, 'altitude': 30, 'offset_m': 'lat: 99 m, lng: 23 m, alt: 30 m'}, 'simulated_delay': 0.000225, 'distance': 131.56992594594004, 'message_size_bits': 5400}
[2025-03-11 17:48:11,907] [INFO] [30057] Broadcasting PREPARE: REQUEST 1741682891617
[2025-03-11 17:48:12,071] [INFO] [30057] PREPARE received from 30031 for REQUEST 1741682891617
[2025-03-11 17:48:12,071] [INFO] [30057] Broadcasting COMMIT: REQUEST 1741682891617
[2025-03-11 17:48:12,105] [INFO] [30057] PREPARE received from 30138 for REQUEST 1741682891617
[2025-03-11 17:48:12,173] [INFO] [30057] COMMIT received from 30031 for REQUEST 1741682891617
[2025-03-11 17:48:12,173] [INFO] [30057] PREPARE received from 30156 for REQUEST 1741682891617
[2025-03-11 17:48:12,263] [INFO] [30057] COMMIT received from 30156 for REQUEST 1741682891617
[2025-03-11 17:48:12,263] [INFO] [30057] COMMIT complete. Sending PRE-REPLY: REQUEST 1741682891617 directly to Manager 30133
[2025-03-11 17:48:12,283] [INFO] [30057] COMMIT received from 30137 for REQUEST 1741682891617
[2025-03-11 17:48:12,285] [INFO] [30057] COMMIT received from 30138 for REQUEST 1741682891617
[2025-03-11 17:48:12,285] [INFO] [30057] COMMIT received from 30118 for REQUEST 1741682891617
[2025-03-11 17:48:12,285] [INFO] [30057] PREPARE received from 30137 for REQUEST 1741682891617
[2025-03-11 17:48:12,285] [INFO] [30057] PREPARE received from 30118 for REQUEST 1741682891617
[2025-03-11 17:48:12,454] [INFO] [30057] PREPARE received from 30093 for REQUEST 1741682891617
[2025-03-11 17:48:12,457] [INFO] [30057] PREPARE received from 30198 for REQUEST 1741682891617
[2025-03-11 17:48:12,457] [INFO] [30057] COMMIT received from 30093 for REQUEST 1741682891617
[2025-03-11 17:48:12,457] [INFO] [30057] COMMIT received from 30198 for REQUEST 1741682891617
[2025-03-11 17:48:12,713] [INFO] [30057] PREPARE received from 30076 for REQUEST 1741682891617
[2025-03-11 17:48:12,715] [INFO] [30057] PREPARE received from 30052 for REQUEST 1741682891617
[2025-03-11 17:48:12,715] [INFO] [30057] PREPARE received from 30101 for REQUEST 1741682891617
[2025-03-11 17:48:12,715] [INFO] [30057] PREPARE received from 30079 for REQUEST 1741682891617
[2025-03-11 17:48:12,745] [INFO] [30057] COMMIT received from 30076 for REQUEST 1741682891617
[2025-03-11 17:48:12,745] [INFO] [30057] COMMIT received from 30052 for REQUEST 1741682891617
[2025-03-11 17:48:12,748] [INFO] [30057] COMMIT received from 30079 for REQUEST 1741682891617
[2025-03-11 17:48:12,761] [INFO] [30057] COMMIT received from 30101 for REQUEST 1741682891617
[2025-03-11 17:48:13,291] [INFO] [30057] PREPARE received from 30002 for REQUEST 1741682891617
[2025-03-11 17:48:13,335] [INFO] [30057] PREPARE received from 30089 for REQUEST 1741682891617
[2025-03-11 17:48:13,335] [INFO] [30057] COMMIT received from 30002 for REQUEST 1741682891617
[2025-03-11 17:48:13,335] [INFO] [30057] COMMIT received from 30089 for REQUEST 1741682891617
[2025-03-11 17:48:13,335] [INFO] [30057] COMMIT received from 30028 for REQUEST 1741682891617
[2025-03-11 17:48:13,376] [INFO] [30057] PREPARE received from 30028 for REQUEST 1741682891617
[2025-03-11 17:48:13,376] [INFO] [30057] PREPARE received from 30115 for REQUEST 1741682891617
[2025-03-11 17:48:13,431] [INFO] [30057] COMMIT received from 30115 for REQUEST 1741682891617
[2025-03-11 17:48:14,208] [INFO] [30057] PREPARE received from 30116 for REQUEST 1741682891617
[2025-03-11 17:48:14,208] [INFO] [30057] PREPARE received from 30146 for REQUEST 1741682891617
[2025-03-11 17:48:14,208] [INFO] [30057] PREPARE received from 30141 for REQUEST 1741682891617
[2025-03-11 17:48:14,208] [INFO] [30057] COMMIT received from 30141 for REQUEST 1741682891617
[2025-03-11 17:48:14,211] [INFO] [30057] COMMIT received from 30146 for REQUEST 1741682891617
[2025-03-11 17:48:14,211] [INFO] [30057] COMMIT received from 30116 for REQUEST 1741682891617
[2025-03-11 17:48:14,405] [INFO] [30057] PREPARE received from 30070 for REQUEST 1741682891617
[2025-03-11 17:48:14,599] [INFO] [30057] COMMIT received from 30070 for REQUEST 1741682891617
[2025-03-11 17:48:14,670] [INFO] [30057] PREPARE received from 30180 for REQUEST 1741682891617
[2025-03-11 17:48:14,735] [INFO] [30057] PREPARE received from 30191 for REQUEST 1741682891617
[2025-03-11 17:48:14,735] [INFO] [30057] PREPARE received from 30022 for REQUEST 1741682891617
[2025-03-11 17:48:14,735] [INFO] [30057] PREPARE received from 30151 for REQUEST 1741682891617
[2025-03-11 17:48:14,735] [INFO] [30057] COMMIT received from 30180 for REQUEST 1741682891617
[2025-03-11 17:48:14,735] [INFO] [30057] PREPARE received from 30051 for REQUEST 1741682891617
[2025-03-11 17:48:14,810] [INFO] [30057] COMMIT received from 30041 for REQUEST 1741682891617
[2025-03-11 17:48:14,810] [INFO] [30057] COMMIT received from 30051 for REQUEST 1741682891617
[2025-03-11 17:48:14,810] [INFO] [30057] COMMIT received from 30151 for REQUEST 1741682891617
[2025-03-11 17:48:14,820] [INFO] [30057] COMMIT received from 30022 for REQUEST 1741682891617
[2025-03-11 17:48:14,820] [INFO] [30057] COMMIT received from 30191 for REQUEST 1741682891617
[2025-03-11 17:48:14,858] [INFO] [30057] PREPARE received from 30041 for REQUEST 1741682891617
[2025-03-11 17:48:15,016] [INFO] [30057] PREPARE received from 30059 for REQUEST 1741682891617
[2025-03-11 17:48:15,050] [INFO] [30057] COMMIT received from 30059 for REQUEST 1741682891617
[2025-03-11 17:48:15,050] [INFO] [30057] PREPARE received from 30048 for REQUEST 1741682891617
[2025-03-11 17:48:15,073] [INFO] [30057] COMMIT received from 30183 for REQUEST 1741682891617
[2025-03-11 17:48:15,073] [INFO] [30057] COMMIT received from 30048 for REQUEST 1741682891617
[2025-03-11 17:48:15,103] [INFO] [30057] PREPARE received from 30153 for REQUEST 1741682891617
[2025-03-11 17:48:15,103] [INFO] [30057] PREPARE received from 30183 for REQUEST 1741682891617
[2025-03-11 17:48:15,103] [INFO] [30057] COMMIT received from 30153 for REQUEST 1741682891617
[2025-03-11 17:48:15,316] [INFO] [30057] PREPARE received from 30024 for REQUEST 1741682891617
[2025-03-11 17:48:15,316] [INFO] [30057] COMMIT received from 30024 for REQUEST 1741682891617
[2025-03-11 17:48:15,766] [INFO] [30057] PREPARE received from 30073 for REQUEST 1741682891617
[2025-03-11 17:48:15,766] [INFO] [30057] COMMIT received from 30073 for REQUEST 1741682891617
[2025-03-11 17:48:16,041] [INFO] [30057] COMMIT received from 30066 for REQUEST 1741682891617
[2025-03-11 17:48:16,042] [INFO] [30057] PREPARE received from 30075 for REQUEST 1741682891617
[2025-03-11 17:48:16,042] [INFO] [30057] COMMIT received from 30075 for REQUEST 1741682891617
[2025-03-11 17:48:16,155] [INFO] [30057] PREPARE received from 30088 for REQUEST 1741682891617
[2025-03-11 17:48:16,155] [INFO] [30057] COMMIT received from 30088 for REQUEST 1741682891617
[2025-03-11 17:48:16,504] [INFO] [30057] PREPARE received from 30084 for REQUEST 1741682891617
[2025-03-11 17:48:16,506] [INFO] [30057] COMMIT received from 30084 for REQUEST 1741682891617
[2025-03-11 17:48:16,739] [INFO] [30057] PREPARE received from 30096 for REQUEST 1741682891617
[2025-03-11 17:48:16,828] [INFO] [30057] COMMIT received from 30096 for REQUEST 1741682891617
[2025-03-11 17:48:17,014] [INFO] [30057] PREPARE received from 30110 for REQUEST 1741682891617
[2025-03-11 17:48:17,014] [INFO] [30057] COMMIT received from 30110 for REQUEST 1741682891617
[2025-03-11 17:48:17,014] [INFO] [30057] PREPARE received from 30100 for REQUEST 1741682891617
[2025-03-11 17:48:17,014] [INFO] [30057] COMMIT received from 30100 for REQUEST 1741682891617
[2025-03-11 17:48:17,220] [INFO] [30057] PREPARE received from 30098 for REQUEST 1741682891617
[2025-03-11 17:48:17,222] [INFO] [30057] PREPARE received from 30152 for REQUEST 1741682891617
[2025-03-11 17:48:17,222] [INFO] [30057] PREPARE received from 30113 for REQUEST 1741682891617
[2025-03-11 17:48:17,222] [INFO] [30057] PREPARE received from 30154 for REQUEST 1741682891617
[2025-03-11 17:48:17,282] [INFO] [30057] COMMIT received from 30113 for REQUEST 1741682891617
[2025-03-11 17:48:17,284] [INFO] [30057] COMMIT received from 30152 for REQUEST 1741682891617
[2025-03-11 17:48:17,284] [INFO] [30057] COMMIT received from 30154 for REQUEST 1741682891617
[2025-03-11 17:48:17,284] [INFO] [30057] COMMIT received from 30098 for REQUEST 1741682891617
[2025-03-11 17:48:17,343] [INFO] [30057] PREPARE received from 30102 for REQUEST 1741682891617
[2025-03-11 17:48:17,343] [INFO] [30057] COMMIT received from 30102 for REQUEST 1741682891617
[2025-03-11 17:48:17,396] [INFO] [30057] PREPARE received from 30037 for REQUEST 1741682891617
[2025-03-11 17:48:17,396] [INFO] [30057] COMMIT received from 30037 for REQUEST 1741682891617
[2025-03-11 17:48:17,736] [INFO] [30057] PREPARE received from 30144 for REQUEST 1741682891617
[2025-03-11 17:48:17,771] [INFO] [30057] COMMIT received from 30144 for REQUEST 1741682891617
[2025-03-11 17:48:17,876] [INFO] [30057] PREPARE received from 30109 for REQUEST 1741682891617
[2025-03-11 17:48:17,876] [INFO] [30057] COMMIT received from 30109 for REQUEST 1741682891617
[2025-03-11 17:48:17,957] [INFO] [30057] PREPARE received from 30193 for REQUEST 1741682891617
[2025-03-11 17:48:17,959] [INFO] [30057] COMMIT received from 30193 for REQUEST 1741682891617
[2025-03-11 17:48:18,483] [INFO] [30057] COMMIT received from 30140 for REQUEST 1741682891617
[2025-03-11 17:48:18,483] [INFO] [30057] PREPARE received from 30140 for REQUEST 1741682891617
