[2025-03-11 17:41:04,360] [INFO] Node started: localhost:30097 | index=98 | f=1, k=4
[2025-03-11 17:41:09,580] [INFO] [30097] PRE-PREPARE received: {'request_id': 1741682469395, 'data': 'llapbft_message_1741682469395', 'timestamp': 1741682469.412458, 'leader': 30022, 'cluster_id': 2, 'cluster_ports': [30010, 30013, 30020, 30022, 30026, 30030, 30031, 30032, 30034, 30042, 30056, 30058, 30059, 30062, 30080, 30082, 30083, 30084, 30088, 30090, 30091, 30092, 30093, 30096, 30097, 30098, 30100, 30103, 30105, 30106, 30108, 30109], 'cluster_manager': {'host': 'localhost', 'port': 30059, 'latitude': 36.6267944, 'longitude': 127.4592355, 'altitude': 23, 'offset_m': 'lat: 21 m, lng: 65 m, alt: 23 m'}, 'simulated_delay': 0.000244, 'distance': 158.46859926671655, 'message_size_bits': 4392}
[2025-03-11 17:41:09,580] [INFO] [30097] Broadcasting PREPARE: REQUEST 1741682469395
[2025-03-11 17:41:09,838] [INFO] [30097] PREPARE received from 30100 for REQUEST 1741682469395
[2025-03-11 17:41:09,838] [INFO] [30097] Broadcasting COMMIT: REQUEST 1741682469395
[2025-03-11 17:41:09,838] [INFO] [30097] PREPARE received from 30042 for REQUEST 1741682469395
[2025-03-11 17:41:09,838] [INFO] [30097] PREPARE received from 30093 for REQUEST 1741682469395
[2025-03-11 17:41:09,850] [INFO] [30097] COMMIT received from 30042 for REQUEST 1741682469395
[2025-03-11 17:41:10,014] [INFO] [30097] PREPARE received from 30090 for REQUEST 1741682469395
[2025-03-11 17:41:10,016] [INFO] [30097] PREPARE received from 30103 for REQUEST 1741682469395
[2025-03-11 17:41:10,016] [INFO] [30097] PREPARE received from 30108 for REQUEST 1741682469395
[2025-03-11 17:41:10,016] [INFO] [30097] PREPARE received from 30030 for REQUEST 1741682469395
[2025-03-11 17:41:10,138] [INFO] [30097] PREPARE received from 30092 for REQUEST 1741682469395
[2025-03-11 17:41:10,173] [INFO] [30097] PREPARE received from 30088 for REQUEST 1741682469395
[2025-03-11 17:41:10,180] [INFO] [30097] COMMIT received from 30093 for REQUEST 1741682469395
[2025-03-11 17:41:10,180] [INFO] [30097] COMMIT complete. Sending PRE-REPLY: REQUEST 1741682469395 directly to Manager 30059
[2025-03-11 17:41:10,234] [INFO] [30097] COMMIT received from 30100 for REQUEST 1741682469395
[2025-03-11 17:41:10,234] [INFO] [30097] COMMIT received from 30092 for REQUEST 1741682469395
[2025-03-11 17:41:10,234] [INFO] [30097] PREPARE received from 30096 for REQUEST 1741682469395
[2025-03-11 17:41:10,234] [INFO] [30097] COMMIT received from 30030 for REQUEST 1741682469395
[2025-03-11 17:41:10,234] [INFO] [30097] PREPARE received from 30105 for REQUEST 1741682469395
[2025-03-11 17:41:10,234] [INFO] [30097] COMMIT received from 30105 for REQUEST 1741682469395
[2025-03-11 17:41:10,241] [INFO] [30097] COMMIT received from 30096 for REQUEST 1741682469395
[2025-03-11 17:41:10,241] [INFO] [30097] PREPARE received from 30062 for REQUEST 1741682469395
[2025-03-11 17:41:10,313] [INFO] [30097] COMMIT received from 30062 for REQUEST 1741682469395
[2025-03-11 17:41:10,313] [INFO] [30097] COMMIT received from 30088 for REQUEST 1741682469395
[2025-03-11 17:41:10,336] [INFO] [30097] PREPARE received from 30106 for REQUEST 1741682469395
[2025-03-11 17:41:10,336] [INFO] [30097] COMMIT received from 30103 for REQUEST 1741682469395
[2025-03-11 17:41:10,336] [INFO] [30097] COMMIT received from 30108 for REQUEST 1741682469395
[2025-03-11 17:41:10,407] [INFO] [30097] COMMIT received from 30090 for REQUEST 1741682469395
[2025-03-11 17:41:10,407] [INFO] [30097] PREPARE received from 30010 for REQUEST 1741682469395
[2025-03-11 17:41:10,407] [INFO] [30097] COMMIT received from 30010 for REQUEST 1741682469395
[2025-03-11 17:41:10,444] [INFO] [30097] COMMIT received from 30106 for REQUEST 1741682469395
[2025-03-11 17:41:10,444] [INFO] [30097] PREPARE received from 30056 for REQUEST 1741682469395
[2025-03-11 17:41:10,454] [INFO] [30097] PREPARE received from 30098 for REQUEST 1741682469395
[2025-03-11 17:41:10,454] [INFO] [30097] PREPARE received from 30031 for REQUEST 1741682469395
[2025-03-11 17:41:10,454] [INFO] [30097] PREPARE received from 30058 for REQUEST 1741682469395
[2025-03-11 17:41:10,488] [INFO] [30097] COMMIT received from 30056 for REQUEST 1741682469395
[2025-03-11 17:41:10,488] [INFO] [30097] COMMIT received from 30091 for REQUEST 1741682469395
[2025-03-11 17:41:10,488] [INFO] [30097] COMMIT received from 30058 for REQUEST 1741682469395
[2025-03-11 17:41:10,488] [INFO] [30097] COMMIT received from 30098 for REQUEST 1741682469395
[2025-03-11 17:41:10,503] [INFO] [30097] PREPARE received from 30091 for REQUEST 1741682469395
[2025-03-11 17:41:10,503] [INFO] [30097] COMMIT received from 30031 for REQUEST 1741682469395
[2025-03-11 17:41:10,524] [INFO] [30097] COMMIT received from 30083 for REQUEST 1741682469395
[2025-03-11 17:41:10,524] [INFO] [30097] PREPARE received from 30082 for REQUEST 1741682469395
[2025-03-11 17:41:10,524] [INFO] [30097] COMMIT received from 30082 for REQUEST 1741682469395
[2025-03-11 17:41:10,524] [INFO] [30097] PREPARE received from 30083 for REQUEST 1741682469395
[2025-03-11 17:41:10,533] [INFO] [30097] COMMIT received from 30022 for REQUEST 1741682469395
[2025-03-11 17:41:10,614] [INFO] [30097] PREPARE received from 30109 for REQUEST 1741682469395
[2025-03-11 17:41:10,614] [INFO] [30097] COMMIT received from 30109 for REQUEST 1741682469395
[2025-03-11 17:41:10,645] [INFO] [30097] PREPARE received from 30084 for REQUEST 1741682469395
[2025-03-11 17:41:10,669] [INFO] [30097] COMMIT received from 30084 for REQUEST 1741682469395
[2025-03-11 17:41:10,707] [INFO] [30097] PREPARE received from 30013 for REQUEST 1741682469395
[2025-03-11 17:41:10,707] [INFO] [30097] COMMIT received from 30020 for REQUEST 1741682469395
[2025-03-11 17:41:10,707] [INFO] [30097] COMMIT received from 30013 for REQUEST 1741682469395
[2025-03-11 17:41:10,714] [INFO] [30097] PREPARE received from 30020 for REQUEST 1741682469395
[2025-03-11 17:41:10,760] [INFO] [30097] PREPARE received from 30034 for REQUEST 1741682469395
[2025-03-11 17:41:10,770] [INFO] [30097] PREPARE received from 30026 for REQUEST 1741682469395
[2025-03-11 17:41:10,770] [INFO] [30097] COMMIT received from 30034 for REQUEST 1741682469395
[2025-03-11 17:41:10,770] [INFO] [30097] COMMIT received from 30026 for REQUEST 1741682469395
[2025-03-11 17:44:12,801] [INFO] Node started: localhost:30097 | index=98 | f=1, k=4
[2025-03-11 17:44:26,354] [INFO] [30097] PRE-PREPARE received: {'request_id': 1741682666245, 'data': 'llapbft_message_1741682666245', 'timestamp': 1741682666.2776651, 'leader': 30000, 'cluster_id': 0, 'cluster_ports': [30000, 30003, 30007, 30016, 30019, 30020, 30023, 30025, 30027, 30028, 30031, 30032, 30034, 30038, 30044, 30047, 30048, 30050, 30054, 30055, 30058, 30062, 30065, 30066, 30071, 30077, 30078, 30083, 30097, 30101, 30113, 30114, 30116, 30120, 30124, 30128, 30134, 30136, 30141, 30144, 30146, 30151, 30154, 30156], 'cluster_manager': {'host': 'localhost', 'port': 30114, 'latitude': 36.6267099, 'longitude': 127.4591412, 'altitude': 98, 'offset_m': 'lat: 12 m, lng: 57 m, alt: 98 m'}, 'simulated_delay': 0.00028177777777777777, 'distance': 173.92855381687542, 'message_size_bits': 5072}
[2025-03-11 17:44:26,354] [INFO] [30097] Broadcasting PREPARE: REQUEST 1741682666245
[2025-03-11 17:44:26,957] [INFO] [30097] PREPARE received from 30128 for REQUEST 1741682666245
[2025-03-11 17:44:26,957] [INFO] [30097] Broadcasting COMMIT: REQUEST 1741682666245
[2025-03-11 17:44:26,957] [INFO] [30097] PREPARE received from 30058 for REQUEST 1741682666245
[2025-03-11 17:44:26,957] [INFO] [30097] PREPARE received from 30050 for REQUEST 1741682666245
[2025-03-11 17:44:26,957] [INFO] [30097] COMMIT received from 30058 for REQUEST 1741682666245
[2025-03-11 17:44:26,957] [INFO] [30097] COMMIT received from 30050 for REQUEST 1741682666245
[2025-03-11 17:44:26,957] [INFO] [30097] COMMIT complete. Sending PRE-REPLY: REQUEST 1741682666245 directly to Manager 30114
[2025-03-11 17:44:26,957] [INFO] [30097] PREPARE received from 30083 for REQUEST 1741682666245
[2025-03-11 17:44:27,016] [INFO] [30097] PREPARE received from 30136 for REQUEST 1741682666245
[2025-03-11 17:44:27,049] [INFO] [30097] COMMIT received from 30128 for REQUEST 1741682666245
[2025-03-11 17:44:27,049] [INFO] [30097] COMMIT received from 30136 for REQUEST 1741682666245
[2025-03-11 17:44:27,049] [INFO] [30097] COMMIT received from 30154 for REQUEST 1741682666245
[2025-03-11 17:44:27,049] [INFO] [30097] COMMIT received from 30083 for REQUEST 1741682666245
[2025-03-11 17:44:27,053] [INFO] [30097] PREPARE received from 30154 for REQUEST 1741682666245
[2025-03-11 17:44:27,053] [INFO] [30097] PREPARE received from 30055 for REQUEST 1741682666245
[2025-03-11 17:44:27,059] [INFO] [30097] COMMIT received from 30055 for REQUEST 1741682666245
[2025-03-11 17:44:27,139] [INFO] [30097] PREPARE received from 30020 for REQUEST 1741682666245
[2025-03-11 17:44:27,139] [INFO] [30097] PREPARE received from 30071 for REQUEST 1741682666245
[2025-03-11 17:44:27,282] [INFO] [30097] COMMIT received from 30071 for REQUEST 1741682666245
[2025-03-11 17:44:27,319] [INFO] [30097] PREPARE received from 30032 for REQUEST 1741682666245
[2025-03-11 17:44:27,397] [INFO] [30097] COMMIT received from 30020 for REQUEST 1741682666245
[2025-03-11 17:44:27,547] [INFO] [30097] PREPARE received from 30048 for REQUEST 1741682666245
[2025-03-11 17:44:27,549] [INFO] [30097] COMMIT received from 30048 for REQUEST 1741682666245
[2025-03-11 17:44:27,549] [INFO] [30097] PREPARE received from 30028 for REQUEST 1741682666245
[2025-03-11 17:44:27,620] [INFO] [30097] COMMIT received from 30028 for REQUEST 1741682666245
[2025-03-11 17:44:27,890] [INFO] [30097] PREPARE received from 30146 for REQUEST 1741682666245
[2025-03-11 17:44:27,890] [INFO] [30097] COMMIT received from 30146 for REQUEST 1741682666245
[2025-03-11 17:44:27,905] [INFO] [30097] COMMIT received from 30032 for REQUEST 1741682666245
[2025-03-11 17:44:28,059] [INFO] [30097] PREPARE received from 30003 for REQUEST 1741682666245
[2025-03-11 17:44:28,152] [INFO] [30097] COMMIT received from 30003 for REQUEST 1741682666245
[2025-03-11 17:44:28,161] [INFO] [30097] PREPARE received from 30141 for REQUEST 1741682666245
[2025-03-11 17:44:28,164] [INFO] [30097] COMMIT received from 30141 for REQUEST 1741682666245
[2025-03-11 17:44:28,164] [INFO] [30097] PREPARE received from 30007 for REQUEST 1741682666245
[2025-03-11 17:44:28,164] [INFO] [30097] COMMIT received from 30007 for REQUEST 1741682666245
[2025-03-11 17:44:28,230] [INFO] [30097] COMMIT received from 30000 for REQUEST 1741682666245
[2025-03-11 17:44:28,379] [INFO] [30097] PREPARE received from 30134 for REQUEST 1741682666245
[2025-03-11 17:44:28,379] [INFO] [30097] COMMIT received from 30134 for REQUEST 1741682666245
[2025-03-11 17:44:28,466] [INFO] [30097] PREPARE received from 30031 for REQUEST 1741682666245
[2025-03-11 17:44:28,482] [INFO] [30097] PREPARE received from 30019 for REQUEST 1741682666245
[2025-03-11 17:44:28,482] [INFO] [30097] COMMIT received from 30019 for REQUEST 1741682666245
[2025-03-11 17:44:28,482] [INFO] [30097] COMMIT received from 30031 for REQUEST 1741682666245
[2025-03-11 17:44:28,668] [INFO] [30097] PREPARE received from 30047 for REQUEST 1741682666245
[2025-03-11 17:44:28,678] [INFO] [30097] COMMIT received from 30027 for REQUEST 1741682666245
[2025-03-11 17:44:28,678] [INFO] [30097] PREPARE received from 30027 for REQUEST 1741682666245
[2025-03-11 17:44:28,683] [INFO] [30097] COMMIT received from 30151 for REQUEST 1741682666245
[2025-03-11 17:44:28,683] [INFO] [30097] COMMIT received from 30144 for REQUEST 1741682666245
[2025-03-11 17:44:28,683] [INFO] [30097] PREPARE received from 30144 for REQUEST 1741682666245
[2025-03-11 17:44:28,683] [INFO] [30097] COMMIT received from 30047 for REQUEST 1741682666245
[2025-03-11 17:44:28,683] [INFO] [30097] PREPARE received from 30151 for REQUEST 1741682666245
[2025-03-11 17:44:28,683] [INFO] [30097] COMMIT received from 30065 for REQUEST 1741682666245
[2025-03-11 17:44:28,683] [INFO] [30097] PREPARE received from 30065 for REQUEST 1741682666245
[2025-03-11 17:44:29,000] [INFO] [30097] PREPARE received from 30062 for REQUEST 1741682666245
[2025-03-11 17:44:29,000] [INFO] [30097] COMMIT received from 30062 for REQUEST 1741682666245
[2025-03-11 17:44:29,000] [INFO] [30097] PREPARE received from 30016 for REQUEST 1741682666245
[2025-03-11 17:44:29,010] [INFO] [30097] COMMIT received from 30016 for REQUEST 1741682666245
[2025-03-11 17:44:29,068] [INFO] [30097] PREPARE received from 30034 for REQUEST 1741682666245
[2025-03-11 17:44:29,078] [INFO] [30097] COMMIT received from 30034 for REQUEST 1741682666245
[2025-03-11 17:44:29,156] [INFO] [30097] PREPARE received from 30077 for REQUEST 1741682666245
[2025-03-11 17:44:29,156] [INFO] [30097] COMMIT received from 30156 for REQUEST 1741682666245
[2025-03-11 17:44:29,156] [INFO] [30097] PREPARE received from 30156 for REQUEST 1741682666245
[2025-03-11 17:44:29,156] [INFO] [30097] COMMIT received from 30077 for REQUEST 1741682666245
[2025-03-11 17:44:29,247] [INFO] [30097] COMMIT received from 30078 for REQUEST 1741682666245
[2025-03-11 17:44:29,247] [INFO] [30097] PREPARE received from 30078 for REQUEST 1741682666245
[2025-03-11 17:44:29,248] [INFO] [30097] PREPARE received from 30113 for REQUEST 1741682666245
[2025-03-11 17:44:29,248] [INFO] [30097] COMMIT received from 30113 for REQUEST 1741682666245
[2025-03-11 17:44:29,248] [INFO] [30097] PREPARE received from 30044 for REQUEST 1741682666245
[2025-03-11 17:44:29,248] [INFO] [30097] COMMIT received from 30044 for REQUEST 1741682666245
[2025-03-11 17:44:29,397] [INFO] [30097] PREPARE received from 30120 for REQUEST 1741682666245
[2025-03-11 17:44:29,412] [INFO] [30097] PREPARE received from 30066 for REQUEST 1741682666245
[2025-03-11 17:44:29,412] [INFO] [30097] COMMIT received from 30066 for REQUEST 1741682666245
[2025-03-11 17:44:29,412] [INFO] [30097] PREPARE received from 30023 for REQUEST 1741682666245
[2025-03-11 17:44:29,412] [INFO] [30097] PREPARE received from 30124 for REQUEST 1741682666245
[2025-03-11 17:44:29,422] [INFO] [30097] COMMIT received from 30023 for REQUEST 1741682666245
[2025-03-11 17:44:29,422] [INFO] [30097] COMMIT received from 30124 for REQUEST 1741682666245
[2025-03-11 17:44:29,423] [INFO] [30097] COMMIT received from 30120 for REQUEST 1741682666245
[2025-03-11 17:44:29,425] [INFO] [30097] PREPARE received from 30116 for REQUEST 1741682666245
[2025-03-11 17:44:29,427] [INFO] [30097] PREPARE received from 30025 for REQUEST 1741682666245
[2025-03-11 17:44:29,436] [INFO] [30097] COMMIT received from 30116 for REQUEST 1741682666245
[2025-03-11 17:44:29,436] [INFO] [30097] COMMIT received from 30025 for REQUEST 1741682666245
[2025-03-11 17:44:29,471] [INFO] [30097] PREPARE received from 30054 for REQUEST 1741682666245
[2025-03-11 17:44:29,471] [INFO] [30097] COMMIT received from 30054 for REQUEST 1741682666245
[2025-03-11 17:44:29,516] [INFO] [30097] PREPARE received from 30101 for REQUEST 1741682666245
[2025-03-11 17:44:29,516] [INFO] [30097] COMMIT received from 30101 for REQUEST 1741682666245
[2025-03-11 17:47:49,525] [INFO] Node started: localhost:30097 | index=98 | f=1, k=4
[2025-03-11 17:48:11,783] [INFO] [30097] PRE-PREPARE received: {'request_id': 1741682891617, 'data': 'llapbft_message_1741682891617', 'timestamp': 1741682891.640408, 'leader': 30034, 'cluster_id': 1, 'cluster_ports': [30001, 30006, 30009, 30010, 30011, 30014, 30017, 30020, 30021, 30023, 30034, 30036, 30045, 30049, 30061, 30064, 30071, 30087, 30091, 30097, 30099, 30104, 30106, 30107, 30108, 30119, 30122, 30124, 30126, 30128, 30131, 30135, 30136, 30139, 30159, 30160, 30161, 30163, 30165, 30173, 30176, 30179, 30181, 30184, 30185, 30186, 30187, 30189, 30194, 30197], 'cluster_manager': {'host': 'localhost', 'port': 30011, 'latitude': 36.6272448, 'longitude': 127.4600418, 'altitude': 103, 'offset_m': 'lat: 71 m, lng: 137 m, alt: 103 m'}, 'simulated_delay': 0.00015066666666666668, 'distance': 78.09072693596565, 'message_size_bits': 5424}
[2025-03-11 17:48:11,783] [INFO] [30097] Broadcasting PREPARE: REQUEST 1741682891617
[2025-03-11 17:48:12,119] [INFO] [30097] PREPARE received from 30099 for REQUEST 1741682891617
[2025-03-11 17:48:12,119] [INFO] [30097] Broadcasting COMMIT: REQUEST 1741682891617
[2025-03-11 17:48:12,132] [INFO] [30097] PREPARE received from 30160 for REQUEST 1741682891617
[2025-03-11 17:48:12,337] [INFO] [30097] PREPARE received from 30186 for REQUEST 1741682891617
[2025-03-11 17:48:12,489] [INFO] [30097] COMMIT received from 30099 for REQUEST 1741682891617
[2025-03-11 17:48:12,570] [INFO] [30097] PREPARE received from 30136 for REQUEST 1741682891617
[2025-03-11 17:48:12,779] [INFO] [30097] PREPARE received from 30009 for REQUEST 1741682891617
[2025-03-11 17:48:12,781] [INFO] [30097] PREPARE received from 30163 for REQUEST 1741682891617
[2025-03-11 17:48:12,803] [INFO] [30097] PREPARE received from 30064 for REQUEST 1741682891617
[2025-03-11 17:48:12,803] [INFO] [30097] PREPARE received from 30119 for REQUEST 1741682891617
[2025-03-11 17:48:12,808] [INFO] [30097] COMMIT received from 30186 for REQUEST 1741682891617
[2025-03-11 17:48:12,808] [INFO] [30097] COMMIT complete. Sending PRE-REPLY: REQUEST 1741682891617 directly to Manager 30011
[2025-03-11 17:48:12,808] [INFO] [30097] COMMIT received from 30160 for REQUEST 1741682891617
[2025-03-11 17:48:12,808] [INFO] [30097] COMMIT received from 30136 for REQUEST 1741682891617
[2025-03-11 17:48:12,882] [INFO] [30097] COMMIT received from 30163 for REQUEST 1741682891617
[2025-03-11 17:48:12,882] [INFO] [30097] COMMIT received from 30119 for REQUEST 1741682891617
[2025-03-11 17:48:12,986] [INFO] [30097] PREPARE received from 30045 for REQUEST 1741682891617
[2025-03-11 17:48:12,988] [INFO] [30097] COMMIT received from 30194 for REQUEST 1741682891617
[2025-03-11 17:48:12,988] [INFO] [30097] PREPARE received from 30194 for REQUEST 1741682891617
[2025-03-11 17:48:13,252] [INFO] [30097] PREPARE received from 30179 for REQUEST 1741682891617
[2025-03-11 17:48:13,254] [INFO] [30097] PREPARE received from 30173 for REQUEST 1741682891617
[2025-03-11 17:48:13,254] [INFO] [30097] COMMIT received from 30179 for REQUEST 1741682891617
[2025-03-11 17:48:13,254] [INFO] [30097] COMMIT received from 30173 for REQUEST 1741682891617
[2025-03-11 17:48:13,396] [INFO] [30097] COMMIT received from 30045 for REQUEST 1741682891617
[2025-03-11 17:48:13,505] [INFO] [30097] COMMIT received from 30009 for REQUEST 1741682891617
[2025-03-11 17:48:13,543] [INFO] [30097] PREPARE received from 30107 for REQUEST 1741682891617
[2025-03-11 17:48:13,543] [INFO] [30097] PREPARE received from 30187 for REQUEST 1741682891617
[2025-03-11 17:48:13,543] [INFO] [30097] COMMIT received from 30107 for REQUEST 1741682891617
[2025-03-11 17:48:13,543] [INFO] [30097] COMMIT received from 30187 for REQUEST 1741682891617
[2025-03-11 17:48:13,750] [INFO] [30097] PREPARE received from 30181 for REQUEST 1741682891617
[2025-03-11 17:48:13,750] [INFO] [30097] COMMIT received from 30181 for REQUEST 1741682891617
[2025-03-11 17:48:13,997] [INFO] [30097] PREPARE received from 30010 for REQUEST 1741682891617
[2025-03-11 17:48:13,997] [INFO] [30097] PREPARE received from 30128 for REQUEST 1741682891617
[2025-03-11 17:48:13,997] [INFO] [30097] COMMIT received from 30128 for REQUEST 1741682891617
[2025-03-11 17:48:14,031] [INFO] [30097] PREPARE received from 30023 for REQUEST 1741682891617
[2025-03-11 17:48:14,037] [INFO] [30097] COMMIT received from 30064 for REQUEST 1741682891617
[2025-03-11 17:48:14,154] [INFO] [30097] PREPARE received from 30189 for REQUEST 1741682891617
[2025-03-11 17:48:14,158] [INFO] [30097] COMMIT received from 30010 for REQUEST 1741682891617
[2025-03-11 17:48:14,158] [INFO] [30097] COMMIT received from 30036 for REQUEST 1741682891617
[2025-03-11 17:48:14,158] [INFO] [30097] PREPARE received from 30036 for REQUEST 1741682891617
[2025-03-11 17:48:14,158] [INFO] [30097] COMMIT received from 30189 for REQUEST 1741682891617
[2025-03-11 17:48:14,514] [INFO] [30097] PREPARE received from 30001 for REQUEST 1741682891617
[2025-03-11 17:48:14,514] [INFO] [30097] PREPARE received from 30185 for REQUEST 1741682891617
[2025-03-11 17:48:14,546] [INFO] [30097] COMMIT received from 30185 for REQUEST 1741682891617
[2025-03-11 17:48:14,546] [INFO] [30097] COMMIT received from 30001 for REQUEST 1741682891617
[2025-03-11 17:48:15,162] [INFO] [30097] COMMIT received from 30023 for REQUEST 1741682891617
[2025-03-11 17:48:15,189] [INFO] [30097] PREPARE received from 30020 for REQUEST 1741682891617
[2025-03-11 17:48:15,189] [INFO] [30097] PREPARE received from 30159 for REQUEST 1741682891617
[2025-03-11 17:48:15,189] [INFO] [30097] PREPARE received from 30071 for REQUEST 1741682891617
[2025-03-11 17:48:15,236] [INFO] [30097] COMMIT received from 30071 for REQUEST 1741682891617
[2025-03-11 17:48:15,236] [INFO] [30097] COMMIT received from 30020 for REQUEST 1741682891617
[2025-03-11 17:48:15,236] [INFO] [30097] COMMIT received from 30159 for REQUEST 1741682891617
[2025-03-11 17:48:15,318] [INFO] [30097] PREPARE received from 30135 for REQUEST 1741682891617
[2025-03-11 17:48:15,320] [INFO] [30097] COMMIT received from 30135 for REQUEST 1741682891617
[2025-03-11 17:48:15,373] [INFO] [30097] PREPARE received from 30049 for REQUEST 1741682891617
[2025-03-11 17:48:15,391] [INFO] [30097] COMMIT received from 30049 for REQUEST 1741682891617
[2025-03-11 17:48:15,456] [INFO] [30097] PREPARE received from 30122 for REQUEST 1741682891617
[2025-03-11 17:48:15,456] [INFO] [30097] COMMIT received from 30122 for REQUEST 1741682891617
[2025-03-11 17:48:15,592] [INFO] [30097] PREPARE received from 30124 for REQUEST 1741682891617
[2025-03-11 17:48:15,593] [INFO] [30097] COMMIT received from 30124 for REQUEST 1741682891617
[2025-03-11 17:48:15,764] [INFO] [30097] COMMIT received from 30034 for REQUEST 1741682891617
[2025-03-11 17:48:15,780] [INFO] [30097] PREPARE received from 30104 for REQUEST 1741682891617
[2025-03-11 17:48:15,780] [INFO] [30097] COMMIT received from 30104 for REQUEST 1741682891617
[2025-03-11 17:48:15,806] [INFO] [30097] PREPARE received from 30161 for REQUEST 1741682891617
[2025-03-11 17:48:15,806] [INFO] [30097] COMMIT received from 30161 for REQUEST 1741682891617
[2025-03-11 17:48:15,981] [INFO] [30097] PREPARE received from 30184 for REQUEST 1741682891617
[2025-03-11 17:48:15,981] [INFO] [30097] COMMIT received from 30184 for REQUEST 1741682891617
[2025-03-11 17:48:16,144] [INFO] [30097] PREPARE received from 30176 for REQUEST 1741682891617
[2025-03-11 17:48:16,249] [INFO] [30097] COMMIT received from 30176 for REQUEST 1741682891617
[2025-03-11 17:48:16,249] [INFO] [30097] PREPARE received from 30131 for REQUEST 1741682891617
[2025-03-11 17:48:16,274] [INFO] [30097] PREPARE received from 30108 for REQUEST 1741682891617
[2025-03-11 17:48:16,277] [INFO] [30097] COMMIT received from 30061 for REQUEST 1741682891617
[2025-03-11 17:48:16,277] [INFO] [30097] COMMIT received from 30108 for REQUEST 1741682891617
[2025-03-11 17:48:16,277] [INFO] [30097] COMMIT received from 30131 for REQUEST 1741682891617
[2025-03-11 17:48:16,309] [INFO] [30097] PREPARE received from 30061 for REQUEST 1741682891617
[2025-03-11 17:48:16,530] [INFO] [30097] PREPARE received from 30139 for REQUEST 1741682891617
[2025-03-11 17:48:16,550] [INFO] [30097] COMMIT received from 30139 for REQUEST 1741682891617
[2025-03-11 17:48:16,550] [INFO] [30097] PREPARE received from 30014 for REQUEST 1741682891617
[2025-03-11 17:48:16,550] [INFO] [30097] PREPARE received from 30017 for REQUEST 1741682891617
[2025-03-11 17:48:16,576] [INFO] [30097] COMMIT received from 30017 for REQUEST 1741682891617
[2025-03-11 17:48:16,576] [INFO] [30097] COMMIT received from 30014 for REQUEST 1741682891617
[2025-03-11 17:48:16,576] [INFO] [30097] COMMIT received from 30106 for REQUEST 1741682891617
[2025-03-11 17:48:16,580] [INFO] [30097] PREPARE received from 30106 for REQUEST 1741682891617
[2025-03-11 17:48:16,724] [INFO] [30097] PREPARE received from 30087 for REQUEST 1741682891617
[2025-03-11 17:48:16,724] [INFO] [30097] COMMIT received from 30087 for REQUEST 1741682891617
[2025-03-11 17:48:16,808] [INFO] [30097] PREPARE received from 30165 for REQUEST 1741682891617
[2025-03-11 17:48:16,808] [INFO] [30097] COMMIT received from 30165 for REQUEST 1741682891617
[2025-03-11 17:48:16,962] [INFO] [30097] PREPARE received from 30091 for REQUEST 1741682891617
[2025-03-11 17:48:16,964] [INFO] [30097] COMMIT received from 30091 for REQUEST 1741682891617
[2025-03-11 17:48:17,175] [INFO] [30097] PREPARE received from 30126 for REQUEST 1741682891617
[2025-03-11 17:48:17,175] [INFO] [30097] COMMIT received from 30126 for REQUEST 1741682891617
[2025-03-11 17:48:17,613] [INFO] [30097] PREPARE received from 30021 for REQUEST 1741682891617
[2025-03-11 17:48:17,613] [INFO] [30097] COMMIT received from 30021 for REQUEST 1741682891617
[2025-03-11 17:48:17,816] [INFO] [30097] PREPARE received from 30006 for REQUEST 1741682891617
[2025-03-11 17:48:17,818] [INFO] [30097] COMMIT received from 30006 for REQUEST 1741682891617
