[2025-03-11 17:38:30,259] [INFO] Node started: localhost:30070 | index=71 | f=1, k=4
[2025-03-11 17:38:33,671] [INFO] [30070] PRE-PREPARE received: {'request_id': 1741682313511, 'data': 'llapbft_message_1741682313511', 'timestamp': 1741682313.5429404, 'leader': 30018, 'cluster_id': 2, 'cluster_ports': [30017, 30018, 30022, 30023, 30030, 30033, 30039, 30040, 30042, 30044, 30045, 30046, 30047, 30049, 30054, 30059, 30061, 30062, 30063, 30065, 30066, 30070, 30073, 30076, 30078], 'cluster_manager': {'host': 'localhost', 'port': 30076, 'latitude': 36.6266151, 'longitude': 127.4594514, 'altitude': 117, 'offset_m': 'lat: 1 m, lng: 84 m, alt: 117 m'}, 'simulated_delay': 0.00016733333333333333, 'distance': 113.36548413492474, 'message_size_bits': 4016}
[2025-03-11 17:38:33,673] [INFO] [30070] Broadcasting PREPARE: REQUEST 1741682313511
[2025-03-11 17:38:33,707] [INFO] [30070] PREPARE received from 30066 for REQUEST 1741682313511
[2025-03-11 17:38:33,707] [INFO] [30070] Broadcasting COMMIT: REQUEST 1741682313511
[2025-03-11 17:38:33,768] [INFO] [30070] PREPARE received from 30045 for REQUEST 1741682313511
[2025-03-11 17:38:33,779] [INFO] [30070] COMMIT received from 30066 for REQUEST 1741682313511
[2025-03-11 17:38:33,829] [INFO] [30070] COMMIT received from 30045 for REQUEST 1741682313511
[2025-03-11 17:38:33,829] [INFO] [30070] COMMIT complete. Sending PRE-REPLY: REQUEST 1741682313511 directly to Manager 30076
[2025-03-11 17:38:33,873] [INFO] [30070] PREPARE received from 30061 for REQUEST 1741682313511
[2025-03-11 17:38:33,877] [INFO] [30070] COMMIT received from 30061 for REQUEST 1741682313511
[2025-03-11 17:38:33,899] [INFO] [30070] PREPARE received from 30046 for REQUEST 1741682313511
[2025-03-11 17:38:33,909] [INFO] [30070] COMMIT received from 30046 for REQUEST 1741682313511
[2025-03-11 17:38:33,921] [INFO] [30070] PREPARE received from 30039 for REQUEST 1741682313511
[2025-03-11 17:38:33,924] [INFO] [30070] PREPARE received from 30017 for REQUEST 1741682313511
[2025-03-11 17:38:33,945] [INFO] [30070] COMMIT received from 30039 for REQUEST 1741682313511
[2025-03-11 17:38:33,949] [INFO] [30070] COMMIT received from 30017 for REQUEST 1741682313511
[2025-03-11 17:38:33,960] [INFO] [30070] PREPARE received from 30078 for REQUEST 1741682313511
[2025-03-11 17:38:33,968] [INFO] [30070] COMMIT received from 30078 for REQUEST 1741682313511
[2025-03-11 17:38:33,968] [INFO] [30070] PREPARE received from 30054 for REQUEST 1741682313511
[2025-03-11 17:38:33,971] [INFO] [30070] COMMIT received from 30054 for REQUEST 1741682313511
[2025-03-11 17:38:33,971] [INFO] [30070] COMMIT received from 30018 for REQUEST 1741682313511
[2025-03-11 17:38:33,971] [INFO] [30070] PREPARE received from 30030 for REQUEST 1741682313511
[2025-03-11 17:38:33,971] [INFO] [30070] PREPARE received from 30023 for REQUEST 1741682313511
[2025-03-11 17:38:33,971] [INFO] [30070] PREPARE received from 30065 for REQUEST 1741682313511
[2025-03-11 17:38:33,984] [INFO] [30070] PREPARE received from 30063 for REQUEST 1741682313511
[2025-03-11 17:38:33,984] [INFO] [30070] COMMIT received from 30030 for REQUEST 1741682313511
[2025-03-11 17:38:33,990] [INFO] [30070] COMMIT received from 30065 for REQUEST 1741682313511
[2025-03-11 17:38:33,990] [INFO] [30070] PREPARE received from 30049 for REQUEST 1741682313511
[2025-03-11 17:38:33,990] [INFO] [30070] COMMIT received from 30063 for REQUEST 1741682313511
[2025-03-11 17:38:33,990] [INFO] [30070] PREPARE received from 30040 for REQUEST 1741682313511
[2025-03-11 17:38:33,992] [INFO] [30070] PREPARE received from 30022 for REQUEST 1741682313511
[2025-03-11 17:38:33,997] [INFO] [30070] PREPARE received from 30059 for REQUEST 1741682313511
[2025-03-11 17:38:33,997] [INFO] [30070] COMMIT received from 30040 for REQUEST 1741682313511
[2025-03-11 17:38:33,999] [INFO] [30070] COMMIT received from 30049 for REQUEST 1741682313511
[2025-03-11 17:38:33,999] [INFO] [30070] COMMIT received from 30022 for REQUEST 1741682313511
[2025-03-11 17:38:33,999] [INFO] [30070] PREPARE received from 30047 for REQUEST 1741682313511
[2025-03-11 17:38:34,000] [INFO] [30070] PREPARE received from 30062 for REQUEST 1741682313511
[2025-03-11 17:38:34,000] [INFO] [30070] COMMIT received from 30023 for REQUEST 1741682313511
[2025-03-11 17:38:34,000] [INFO] [30070] COMMIT received from 30047 for REQUEST 1741682313511
[2025-03-11 17:38:34,000] [INFO] [30070] COMMIT received from 30059 for REQUEST 1741682313511
[2025-03-11 17:38:34,000] [INFO] [30070] PREPARE received from 30042 for REQUEST 1741682313511
[2025-03-11 17:38:34,003] [INFO] [30070] COMMIT received from 30062 for REQUEST 1741682313511
[2025-03-11 17:38:34,003] [INFO] [30070] PREPARE received from 30033 for REQUEST 1741682313511
[2025-03-11 17:38:34,006] [INFO] [30070] COMMIT received from 30042 for REQUEST 1741682313511
[2025-03-11 17:38:34,007] [INFO] [30070] PREPARE received from 30073 for REQUEST 1741682313511
[2025-03-11 17:38:34,009] [INFO] [30070] COMMIT received from 30033 for REQUEST 1741682313511
[2025-03-11 17:38:34,009] [INFO] [30070] PREPARE received from 30044 for REQUEST 1741682313511
[2025-03-11 17:38:34,011] [INFO] [30070] COMMIT received from 30044 for REQUEST 1741682313511
[2025-03-11 17:38:34,013] [INFO] [30070] COMMIT received from 30073 for REQUEST 1741682313511
[2025-03-11 17:40:58,948] [INFO] Node started: localhost:30070 | index=71 | f=1, k=4
[2025-03-11 17:41:09,444] [INFO] [30070] PRE-PREPARE received: {'request_id': 1741682469395, 'data': 'llapbft_message_1741682469395', 'timestamp': 1741682469.412458, 'leader': 30110, 'cluster_id': 1, 'cluster_ports': [30002, 30003, 30004, 30006, 30007, 30008, 30016, 30019, 30023, 30027, 30028, 30029, 30035, 30037, 30043, 30054, 30057, 30064, 30065, 30067, 30069, 30070, 30075, 30076, 30077, 30089, 30094, 30095, 30099, 30101, 30102, 30104, 30110, 30112, 30114, 30117], 'cluster_manager': {'host': 'localhost', 'port': 30064, 'latitude': 36.6269153, 'longitude': 127.4594273, 'altitude': 54, 'offset_m': 'lat: 35 m, lng: 82 m, alt: 54 m'}, 'simulated_delay': 0.00012822222222222222, 'distance': 59.8310670082143, 'message_size_bits': 4616}
[2025-03-11 17:41:09,444] [INFO] [30070] Broadcasting PREPARE: REQUEST 1741682469395
[2025-03-11 17:41:09,615] [INFO] [30070] PREPARE received from 30035 for REQUEST 1741682469395
[2025-03-11 17:41:09,615] [INFO] [30070] Broadcasting COMMIT: REQUEST 1741682469395
[2025-03-11 17:41:09,615] [INFO] [30070] PREPARE received from 30004 for REQUEST 1741682469395
[2025-03-11 17:41:09,617] [INFO] [30070] PREPARE received from 30112 for REQUEST 1741682469395
[2025-03-11 17:41:09,617] [INFO] [30070] PREPARE received from 30067 for REQUEST 1741682469395
[2025-03-11 17:41:09,659] [INFO] [30070] PREPARE received from 30099 for REQUEST 1741682469395
[2025-03-11 17:41:09,702] [INFO] [30070] PREPARE received from 30077 for REQUEST 1741682469395
[2025-03-11 17:41:09,735] [INFO] [30070] PREPARE received from 30104 for REQUEST 1741682469395
[2025-03-11 17:41:09,771] [INFO] [30070] PREPARE received from 30057 for REQUEST 1741682469395
[2025-03-11 17:41:09,771] [INFO] [30070] PREPARE received from 30089 for REQUEST 1741682469395
[2025-03-11 17:41:09,996] [INFO] [30070] PREPARE received from 30075 for REQUEST 1741682469395
[2025-03-11 17:41:09,996] [INFO] [30070] PREPARE received from 30102 for REQUEST 1741682469395
[2025-03-11 17:41:10,078] [INFO] [30070] PREPARE received from 30114 for REQUEST 1741682469395
[2025-03-11 17:41:10,173] [INFO] [30070] PREPARE received from 30095 for REQUEST 1741682469395
[2025-03-11 17:41:10,208] [INFO] [30070] COMMIT received from 30016 for REQUEST 1741682469395
[2025-03-11 17:41:10,208] [INFO] [30070] COMMIT received from 30095 for REQUEST 1741682469395
[2025-03-11 17:41:10,208] [INFO] [30070] COMMIT complete. Sending PRE-REPLY: REQUEST 1741682469395 directly to Manager 30064
[2025-03-11 17:41:10,208] [INFO] [30070] COMMIT received from 30102 for REQUEST 1741682469395
[2025-03-11 17:41:10,208] [INFO] [30070] COMMIT received from 30004 for REQUEST 1741682469395
[2025-03-11 17:41:10,208] [INFO] [30070] COMMIT received from 30114 for REQUEST 1741682469395
[2025-03-11 17:41:10,212] [INFO] [30070] COMMIT received from 30112 for REQUEST 1741682469395
[2025-03-11 17:41:10,212] [INFO] [30070] COMMIT received from 30035 for REQUEST 1741682469395
[2025-03-11 17:41:10,214] [INFO] [30070] PREPARE received from 30016 for REQUEST 1741682469395
[2025-03-11 17:41:10,214] [INFO] [30070] PREPARE received from 30019 for REQUEST 1741682469395
[2025-03-11 17:41:10,214] [INFO] [30070] COMMIT received from 30075 for REQUEST 1741682469395
[2025-03-11 17:41:10,339] [INFO] [30070] PREPARE received from 30117 for REQUEST 1741682469395
[2025-03-11 17:41:10,339] [INFO] [30070] PREPARE received from 30029 for REQUEST 1741682469395
[2025-03-11 17:41:10,339] [INFO] [30070] COMMIT received from 30067 for REQUEST 1741682469395
[2025-03-11 17:41:10,339] [INFO] [30070] PREPARE received from 30069 for REQUEST 1741682469395
[2025-03-11 17:41:10,369] [INFO] [30070] COMMIT received from 30029 for REQUEST 1741682469395
[2025-03-11 17:41:10,369] [INFO] [30070] COMMIT received from 30019 for REQUEST 1741682469395
[2025-03-11 17:41:10,369] [INFO] [30070] COMMIT received from 30027 for REQUEST 1741682469395
[2025-03-11 17:41:10,371] [INFO] [30070] COMMIT received from 30104 for REQUEST 1741682469395
[2025-03-11 17:41:10,371] [INFO] [30070] COMMIT received from 30069 for REQUEST 1741682469395
[2025-03-11 17:41:10,371] [INFO] [30070] COMMIT received from 30089 for REQUEST 1741682469395
[2025-03-11 17:41:10,371] [INFO] [30070] COMMIT received from 30117 for REQUEST 1741682469395
[2025-03-11 17:41:10,371] [INFO] [30070] COMMIT received from 30077 for REQUEST 1741682469395
[2025-03-11 17:41:10,373] [INFO] [30070] COMMIT received from 30003 for REQUEST 1741682469395
[2025-03-11 17:41:10,444] [INFO] [30070] PREPARE received from 30076 for REQUEST 1741682469395
[2025-03-11 17:41:10,444] [INFO] [30070] PREPARE received from 30003 for REQUEST 1741682469395
[2025-03-11 17:41:10,444] [INFO] [30070] PREPARE received from 30054 for REQUEST 1741682469395
[2025-03-11 17:41:10,444] [INFO] [30070] COMMIT received from 30057 for REQUEST 1741682469395
[2025-03-11 17:41:10,444] [INFO] [30070] PREPARE received from 30027 for REQUEST 1741682469395
[2025-03-11 17:41:10,444] [INFO] [30070] COMMIT received from 30099 for REQUEST 1741682469395
[2025-03-11 17:41:10,444] [INFO] [30070] COMMIT received from 30110 for REQUEST 1741682469395
[2025-03-11 17:41:10,466] [INFO] [30070] PREPARE received from 30101 for REQUEST 1741682469395
[2025-03-11 17:41:10,468] [INFO] [30070] PREPARE received from 30008 for REQUEST 1741682469395
[2025-03-11 17:41:10,468] [INFO] [30070] PREPARE received from 30094 for REQUEST 1741682469395
[2025-03-11 17:41:10,468] [INFO] [30070] PREPARE received from 30006 for REQUEST 1741682469395
[2025-03-11 17:41:10,470] [INFO] [30070] PREPARE received from 30007 for REQUEST 1741682469395
[2025-03-11 17:41:10,488] [INFO] [30070] PREPARE received from 30023 for REQUEST 1741682469395
[2025-03-11 17:41:10,488] [INFO] [30070] COMMIT received from 30094 for REQUEST 1741682469395
[2025-03-11 17:41:10,488] [INFO] [30070] COMMIT received from 30028 for REQUEST 1741682469395
[2025-03-11 17:41:10,488] [INFO] [30070] COMMIT received from 30101 for REQUEST 1741682469395
[2025-03-11 17:41:10,488] [INFO] [30070] COMMIT received from 30007 for REQUEST 1741682469395
[2025-03-11 17:41:10,488] [INFO] [30070] COMMIT received from 30023 for REQUEST 1741682469395
[2025-03-11 17:41:10,488] [INFO] [30070] COMMIT received from 30065 for REQUEST 1741682469395
[2025-03-11 17:41:10,488] [INFO] [30070] COMMIT received from 30008 for REQUEST 1741682469395
[2025-03-11 17:41:10,503] [INFO] [30070] COMMIT received from 30006 for REQUEST 1741682469395
[2025-03-11 17:41:10,503] [INFO] [30070] PREPARE received from 30028 for REQUEST 1741682469395
[2025-03-11 17:41:10,510] [INFO] [30070] PREPARE received from 30043 for REQUEST 1741682469395
[2025-03-11 17:41:10,510] [INFO] [30070] PREPARE received from 30065 for REQUEST 1741682469395
[2025-03-11 17:41:10,510] [INFO] [30070] PREPARE received from 30002 for REQUEST 1741682469395
[2025-03-11 17:41:10,510] [INFO] [30070] COMMIT received from 30054 for REQUEST 1741682469395
[2025-03-11 17:41:10,533] [INFO] [30070] COMMIT received from 30002 for REQUEST 1741682469395
[2025-03-11 17:41:10,533] [INFO] [30070] COMMIT received from 30043 for REQUEST 1741682469395
[2025-03-11 17:41:10,545] [INFO] [30070] PREPARE received from 30037 for REQUEST 1741682469395
[2025-03-11 17:41:10,588] [INFO] [30070] COMMIT received from 30037 for REQUEST 1741682469395
[2025-03-11 17:41:10,707] [INFO] [30070] COMMIT received from 30076 for REQUEST 1741682469395
[2025-03-11 17:44:07,389] [INFO] Node started: localhost:30070 | index=71 | f=1, k=4
[2025-03-11 17:44:26,316] [INFO] [30070] PRE-PREPARE received: {'request_id': 1741682666245, 'data': 'llapbft_message_1741682666245', 'timestamp': 1741682666.2776651, 'leader': 30029, 'cluster_id': 3, 'cluster_ports': [30004, 30005, 30008, 30011, 30012, 30017, 30018, 30021, 30029, 30033, 30040, 30042, 30045, 30052, 30057, 30068, 30070, 30072, 30073, 30074, 30076, 30084, 30088, 30091, 30094, 30100, 30103, 30105, 30107, 30109, 30110, 30117, 30121, 30125, 30130, 30133, 30137, 30138, 30139, 30145], 'cluster_manager': {'host': 'localhost', 'port': 30018, 'latitude': 36.6268812, 'longitude': 127.4589418, 'altitude': 19, 'offset_m': 'lat: 31 m, lng: 39 m, alt: 19 m'}, 'simulated_delay': 0.000202, 'distance': 147.5981574358337, 'message_size_bits': 4848}
[2025-03-11 17:44:26,316] [INFO] [30070] Broadcasting PREPARE: REQUEST 1741682666245
[2025-03-11 17:44:26,628] [INFO] [30070] PREPARE received from 30011 for REQUEST 1741682666245
[2025-03-11 17:44:26,628] [INFO] [30070] Broadcasting COMMIT: REQUEST 1741682666245
[2025-03-11 17:44:26,693] [INFO] [30070] PREPARE received from 30074 for REQUEST 1741682666245
[2025-03-11 17:44:26,695] [INFO] [30070] PREPARE received from 30103 for REQUEST 1741682666245
[2025-03-11 17:44:26,695] [INFO] [30070] PREPARE received from 30073 for REQUEST 1741682666245
[2025-03-11 17:44:26,992] [INFO] [30070] COMMIT received from 30103 for REQUEST 1741682666245
[2025-03-11 17:44:26,992] [INFO] [30070] COMMIT received from 30011 for REQUEST 1741682666245
[2025-03-11 17:44:26,992] [INFO] [30070] COMMIT complete. Sending PRE-REPLY: REQUEST 1741682666245 directly to Manager 30018
[2025-03-11 17:44:26,992] [INFO] [30070] PREPARE received from 30068 for REQUEST 1741682666245
[2025-03-11 17:44:27,006] [INFO] [30070] PREPARE received from 30057 for REQUEST 1741682666245
[2025-03-11 17:44:27,006] [INFO] [30070] PREPARE received from 30088 for REQUEST 1741682666245
[2025-03-11 17:44:27,080] [INFO] [30070] PREPARE received from 30110 for REQUEST 1741682666245
[2025-03-11 17:44:27,080] [INFO] [30070] COMMIT received from 30074 for REQUEST 1741682666245
[2025-03-11 17:44:27,080] [INFO] [30070] COMMIT received from 30073 for REQUEST 1741682666245
[2025-03-11 17:44:27,080] [INFO] [30070] PREPARE received from 30100 for REQUEST 1741682666245
[2025-03-11 17:44:27,082] [INFO] [30070] PREPARE received from 30130 for REQUEST 1741682666245
[2025-03-11 17:44:27,183] [INFO] [30070] COMMIT received from 30110 for REQUEST 1741682666245
[2025-03-11 17:44:27,183] [INFO] [30070] COMMIT received from 30130 for REQUEST 1741682666245
[2025-03-11 17:44:27,231] [INFO] [30070] PREPARE received from 30137 for REQUEST 1741682666245
[2025-03-11 17:44:27,231] [INFO] [30070] PREPARE received from 30125 for REQUEST 1741682666245
[2025-03-11 17:44:27,381] [INFO] [30070] COMMIT received from 30057 for REQUEST 1741682666245
[2025-03-11 17:44:27,381] [INFO] [30070] PREPARE received from 30091 for REQUEST 1741682666245
[2025-03-11 17:44:27,381] [INFO] [30070] COMMIT received from 30100 for REQUEST 1741682666245
[2025-03-11 17:44:27,381] [INFO] [30070] COMMIT received from 30091 for REQUEST 1741682666245
[2025-03-11 17:44:27,381] [INFO] [30070] PREPARE received from 30005 for REQUEST 1741682666245
[2025-03-11 17:44:27,381] [INFO] [30070] COMMIT received from 30068 for REQUEST 1741682666245
[2025-03-11 17:44:27,412] [INFO] [30070] PREPARE received from 30139 for REQUEST 1741682666245
[2025-03-11 17:44:27,413] [INFO] [30070] PREPARE received from 30040 for REQUEST 1741682666245
[2025-03-11 17:44:27,413] [INFO] [30070] COMMIT received from 30125 for REQUEST 1741682666245
[2025-03-11 17:44:27,413] [INFO] [30070] COMMIT received from 30139 for REQUEST 1741682666245
[2025-03-11 17:44:27,415] [INFO] [30070] COMMIT received from 30040 for REQUEST 1741682666245
[2025-03-11 17:44:27,485] [INFO] [30070] PREPARE received from 30072 for REQUEST 1741682666245
[2025-03-11 17:44:27,485] [INFO] [30070] COMMIT received from 30072 for REQUEST 1741682666245
[2025-03-11 17:44:27,500] [INFO] [30070] COMMIT received from 30088 for REQUEST 1741682666245
[2025-03-11 17:44:27,625] [INFO] [30070] COMMIT received from 30137 for REQUEST 1741682666245
[2025-03-11 17:44:27,655] [INFO] [30070] PREPARE received from 30145 for REQUEST 1741682666245
[2025-03-11 17:44:27,657] [INFO] [30070] COMMIT received from 30145 for REQUEST 1741682666245
[2025-03-11 17:44:27,678] [INFO] [30070] PREPARE received from 30138 for REQUEST 1741682666245
[2025-03-11 17:44:27,699] [INFO] [30070] COMMIT received from 30138 for REQUEST 1741682666245
[2025-03-11 17:44:27,765] [INFO] [30070] PREPARE received from 30107 for REQUEST 1741682666245
[2025-03-11 17:44:27,776] [INFO] [30070] COMMIT received from 30107 for REQUEST 1741682666245
[2025-03-11 17:44:27,976] [INFO] [30070] PREPARE received from 30017 for REQUEST 1741682666245
[2025-03-11 17:44:27,985] [INFO] [30070] COMMIT received from 30017 for REQUEST 1741682666245
[2025-03-11 17:44:28,008] [INFO] [30070] COMMIT received from 30005 for REQUEST 1741682666245
[2025-03-11 17:44:28,085] [INFO] [30070] PREPARE received from 30084 for REQUEST 1741682666245
[2025-03-11 17:44:28,085] [INFO] [30070] COMMIT received from 30084 for REQUEST 1741682666245
[2025-03-11 17:44:28,237] [INFO] [30070] PREPARE received from 30121 for REQUEST 1741682666245
[2025-03-11 17:44:28,284] [INFO] [30070] COMMIT received from 30121 for REQUEST 1741682666245
[2025-03-11 17:44:28,347] [INFO] [30070] COMMIT received from 30029 for REQUEST 1741682666245
[2025-03-11 17:44:28,347] [INFO] [30070] PREPARE received from 30133 for REQUEST 1741682666245
[2025-03-11 17:44:28,355] [INFO] [30070] COMMIT received from 30133 for REQUEST 1741682666245
[2025-03-11 17:44:28,388] [INFO] [30070] PREPARE received from 30076 for REQUEST 1741682666245
[2025-03-11 17:44:28,388] [INFO] [30070] COMMIT received from 30076 for REQUEST 1741682666245
[2025-03-11 17:44:28,421] [INFO] [30070] PREPARE received from 30004 for REQUEST 1741682666245
[2025-03-11 17:44:28,433] [INFO] [30070] COMMIT received from 30004 for REQUEST 1741682666245
[2025-03-11 17:44:28,536] [INFO] [30070] PREPARE received from 30045 for REQUEST 1741682666245
[2025-03-11 17:44:28,536] [INFO] [30070] COMMIT received from 30045 for REQUEST 1741682666245
[2025-03-11 17:44:28,552] [INFO] [30070] PREPARE received from 30042 for REQUEST 1741682666245
[2025-03-11 17:44:28,552] [INFO] [30070] COMMIT received from 30042 for REQUEST 1741682666245
[2025-03-11 17:44:28,656] [INFO] [30070] PREPARE received from 30094 for REQUEST 1741682666245
[2025-03-11 17:44:28,656] [INFO] [30070] PREPARE received from 30033 for REQUEST 1741682666245
[2025-03-11 17:44:28,656] [INFO] [30070] COMMIT received from 30033 for REQUEST 1741682666245
[2025-03-11 17:44:28,656] [INFO] [30070] COMMIT received from 30094 for REQUEST 1741682666245
[2025-03-11 17:44:28,736] [INFO] [30070] PREPARE received from 30105 for REQUEST 1741682666245
[2025-03-11 17:44:28,739] [INFO] [30070] COMMIT received from 30105 for REQUEST 1741682666245
[2025-03-11 17:44:28,852] [INFO] [30070] PREPARE received from 30052 for REQUEST 1741682666245
[2025-03-11 17:44:28,852] [INFO] [30070] COMMIT received from 30052 for REQUEST 1741682666245
[2025-03-11 17:44:29,058] [INFO] [30070] PREPARE received from 30109 for REQUEST 1741682666245
[2025-03-11 17:44:29,058] [INFO] [30070] PREPARE received from 30117 for REQUEST 1741682666245
[2025-03-11 17:44:29,074] [INFO] [30070] COMMIT received from 30117 for REQUEST 1741682666245
[2025-03-11 17:44:29,074] [INFO] [30070] COMMIT received from 30109 for REQUEST 1741682666245
[2025-03-11 17:47:44,109] [INFO] Node started: localhost:30070 | index=71 | f=1, k=4
[2025-03-11 17:48:11,897] [INFO] [30070] PRE-PREPARE received: {'request_id': 1741682891617, 'data': 'llapbft_message_1741682891617', 'timestamp': 1741682891.640408, 'leader': 30066, 'cluster_id': 3, 'cluster_ports': [30002, 30022, 30024, 30028, 30031, 30037, 30041, 30048, 30051, 30052, 30057, 30059, 30066, 30070, 30073, 30075, 30076, 30079, 30084, 30088, 30089, 30093, 30096, 30098, 30100, 30101, 30102, 30109, 30110, 30113, 30115, 30116, 30118, 30133, 30137, 30138, 30140, 30141, 30144, 30146, 30151, 30152, 30153, 30154, 30156, 30180, 30183, 30191, 30193, 30198], 'cluster_manager': {'host': 'localhost', 'port': 30133, 'latitude': 36.6274955, 'longitude': 127.4587659, 'altitude': 30, 'offset_m': 'lat: 99 m, lng: 23 m, alt: 30 m'}, 'simulated_delay': 0.000225, 'distance': 141.16395338073605, 'message_size_bits': 5400}
[2025-03-11 17:48:11,897] [INFO] [30070] Broadcasting PREPARE: REQUEST 1741682891617
[2025-03-11 17:48:12,053] [INFO] [30070] PREPARE received from 30156 for REQUEST 1741682891617
[2025-03-11 17:48:12,053] [INFO] [30070] Broadcasting COMMIT: REQUEST 1741682891617
[2025-03-11 17:48:12,085] [INFO] [30070] PREPARE received from 30096 for REQUEST 1741682891617
[2025-03-11 17:48:12,105] [INFO] [30070] PREPARE received from 30093 for REQUEST 1741682891617
[2025-03-11 17:48:12,450] [INFO] [30070] PREPARE received from 30113 for REQUEST 1741682891617
[2025-03-11 17:48:12,450] [INFO] [30070] PREPARE received from 30037 for REQUEST 1741682891617
[2025-03-11 17:48:12,904] [INFO] [30070] PREPARE received from 30002 for REQUEST 1741682891617
[2025-03-11 17:48:12,904] [INFO] [30070] PREPARE received from 30076 for REQUEST 1741682891617
[2025-03-11 17:48:12,904] [INFO] [30070] PREPARE received from 30101 for REQUEST 1741682891617
[2025-03-11 17:48:13,010] [INFO] [30070] COMMIT received from 30076 for REQUEST 1741682891617
[2025-03-11 17:48:13,010] [INFO] [30070] COMMIT received from 30093 for REQUEST 1741682891617
[2025-03-11 17:48:13,010] [INFO] [30070] COMMIT complete. Sending PRE-REPLY: REQUEST 1741682891617 directly to Manager 30133
[2025-03-11 17:48:13,010] [INFO] [30070] COMMIT received from 30154 for REQUEST 1741682891617
[2025-03-11 17:48:13,010] [INFO] [30070] PREPARE received from 30041 for REQUEST 1741682891617
[2025-03-11 17:48:13,093] [INFO] [30070] PREPARE received from 30057 for REQUEST 1741682891617
[2025-03-11 17:48:13,093] [INFO] [30070] PREPARE received from 30115 for REQUEST 1741682891617
[2025-03-11 17:48:13,093] [INFO] [30070] PREPARE received from 30028 for REQUEST 1741682891617
[2025-03-11 17:48:13,093] [INFO] [30070] PREPARE received from 30154 for REQUEST 1741682891617
[2025-03-11 17:48:13,093] [INFO] [30070] PREPARE received from 30153 for REQUEST 1741682891617
[2025-03-11 17:48:13,093] [INFO] [30070] PREPARE received from 30048 for REQUEST 1741682891617
[2025-03-11 17:48:13,093] [INFO] [30070] PREPARE received from 30118 for REQUEST 1741682891617
[2025-03-11 17:48:13,093] [INFO] [30070] PREPARE received from 30024 for REQUEST 1741682891617
[2025-03-11 17:48:13,138] [INFO] [30070] COMMIT received from 30037 for REQUEST 1741682891617
[2025-03-11 17:48:13,139] [INFO] [30070] COMMIT received from 30115 for REQUEST 1741682891617
[2025-03-11 17:48:13,139] [INFO] [30070] COMMIT received from 30156 for REQUEST 1741682891617
[2025-03-11 17:48:13,139] [INFO] [30070] COMMIT received from 30057 for REQUEST 1741682891617
[2025-03-11 17:48:13,139] [INFO] [30070] COMMIT received from 30153 for REQUEST 1741682891617
[2025-03-11 17:48:13,139] [INFO] [30070] COMMIT received from 30113 for REQUEST 1741682891617
[2025-03-11 17:48:13,139] [INFO] [30070] COMMIT received from 30024 for REQUEST 1741682891617
[2025-03-11 17:48:13,139] [INFO] [30070] COMMIT received from 30118 for REQUEST 1741682891617
[2025-03-11 17:48:13,142] [INFO] [30070] COMMIT received from 30191 for REQUEST 1741682891617
[2025-03-11 17:48:13,142] [INFO] [30070] COMMIT received from 30096 for REQUEST 1741682891617
[2025-03-11 17:48:13,142] [INFO] [30070] COMMIT received from 30028 for REQUEST 1741682891617
[2025-03-11 17:48:13,142] [INFO] [30070] COMMIT received from 30048 for REQUEST 1741682891617
[2025-03-11 17:48:13,282] [INFO] [30070] PREPARE received from 30141 for REQUEST 1741682891617
[2025-03-11 17:48:13,282] [INFO] [30070] PREPARE received from 30137 for REQUEST 1741682891617
[2025-03-11 17:48:13,282] [INFO] [30070] PREPARE received from 30191 for REQUEST 1741682891617
[2025-03-11 17:48:13,285] [INFO] [30070] COMMIT received from 30002 for REQUEST 1741682891617
[2025-03-11 17:48:13,287] [INFO] [30070] COMMIT received from 30137 for REQUEST 1741682891617
[2025-03-11 17:48:13,287] [INFO] [30070] COMMIT received from 30101 for REQUEST 1741682891617
[2025-03-11 17:48:13,447] [INFO] [30070] COMMIT received from 30141 for REQUEST 1741682891617
[2025-03-11 17:48:13,509] [INFO] [30070] PREPARE received from 30051 for REQUEST 1741682891617
[2025-03-11 17:48:13,517] [INFO] [30070] COMMIT received from 30051 for REQUEST 1741682891617
[2025-03-11 17:48:13,747] [INFO] [30070] PREPARE received from 30089 for REQUEST 1741682891617
[2025-03-11 17:48:13,747] [INFO] [30070] COMMIT received from 30041 for REQUEST 1741682891617
[2025-03-11 17:48:13,785] [INFO] [30070] PREPARE received from 30198 for REQUEST 1741682891617
[2025-03-11 17:48:13,785] [INFO] [30070] COMMIT received from 30089 for REQUEST 1741682891617
[2025-03-11 17:48:13,785] [INFO] [30070] COMMIT received from 30022 for REQUEST 1741682891617
[2025-03-11 17:48:13,785] [INFO] [30070] COMMIT received from 30198 for REQUEST 1741682891617
[2025-03-11 17:48:13,785] [INFO] [30070] COMMIT received from 30102 for REQUEST 1741682891617
[2025-03-11 17:48:13,813] [INFO] [30070] PREPARE received from 30022 for REQUEST 1741682891617
[2025-03-11 17:48:13,813] [INFO] [30070] PREPARE received from 30102 for REQUEST 1741682891617
[2025-03-11 17:48:13,973] [INFO] [30070] PREPARE received from 30138 for REQUEST 1741682891617
[2025-03-11 17:48:13,973] [INFO] [30070] COMMIT received from 30138 for REQUEST 1741682891617
[2025-03-11 17:48:14,211] [INFO] [30070] PREPARE received from 30079 for REQUEST 1741682891617
[2025-03-11 17:48:14,211] [INFO] [30070] COMMIT received from 30079 for REQUEST 1741682891617
[2025-03-11 17:48:14,305] [INFO] [30070] PREPARE received from 30031 for REQUEST 1741682891617
[2025-03-11 17:48:14,349] [INFO] [30070] COMMIT received from 30031 for REQUEST 1741682891617
[2025-03-11 17:48:14,785] [INFO] [30070] PREPARE received from 30144 for REQUEST 1741682891617
[2025-03-11 17:48:14,791] [INFO] [30070] PREPARE received from 30183 for REQUEST 1741682891617
[2025-03-11 17:48:14,791] [INFO] [30070] COMMIT received from 30183 for REQUEST 1741682891617
[2025-03-11 17:48:14,791] [INFO] [30070] COMMIT received from 30144 for REQUEST 1741682891617
[2025-03-11 17:48:15,818] [INFO] [30070] PREPARE received from 30100 for REQUEST 1741682891617
[2025-03-11 17:48:15,819] [INFO] [30070] COMMIT received from 30100 for REQUEST 1741682891617
[2025-03-11 17:48:16,011] [INFO] [30070] PREPARE received from 30109 for REQUEST 1741682891617
[2025-03-11 17:48:16,011] [INFO] [30070] COMMIT received from 30109 for REQUEST 1741682891617
[2025-03-11 17:48:16,013] [INFO] [30070] COMMIT received from 30066 for REQUEST 1741682891617
[2025-03-11 17:48:16,179] [INFO] [30070] PREPARE received from 30180 for REQUEST 1741682891617
[2025-03-11 17:48:16,179] [INFO] [30070] COMMIT received from 30180 for REQUEST 1741682891617
[2025-03-11 17:48:16,198] [INFO] [30070] PREPARE received from 30059 for REQUEST 1741682891617
[2025-03-11 17:48:16,200] [INFO] [30070] COMMIT received from 30059 for REQUEST 1741682891617
[2025-03-11 17:48:16,372] [INFO] [30070] PREPARE received from 30116 for REQUEST 1741682891617
[2025-03-11 17:48:16,374] [INFO] [30070] COMMIT received from 30110 for REQUEST 1741682891617
[2025-03-11 17:48:16,374] [INFO] [30070] COMMIT received from 30116 for REQUEST 1741682891617
[2025-03-11 17:48:16,374] [INFO] [30070] PREPARE received from 30110 for REQUEST 1741682891617
[2025-03-11 17:48:16,518] [INFO] [30070] PREPARE received from 30151 for REQUEST 1741682891617
[2025-03-11 17:48:16,520] [INFO] [30070] COMMIT received from 30151 for REQUEST 1741682891617
[2025-03-11 17:48:16,713] [INFO] [30070] PREPARE received from 30152 for REQUEST 1741682891617
[2025-03-11 17:48:16,713] [INFO] [30070] COMMIT received from 30152 for REQUEST 1741682891617
[2025-03-11 17:48:16,877] [INFO] [30070] PREPARE received from 30098 for REQUEST 1741682891617
[2025-03-11 17:48:16,879] [INFO] [30070] COMMIT received from 30098 for REQUEST 1741682891617
[2025-03-11 17:48:16,891] [INFO] [30070] PREPARE received from 30052 for REQUEST 1741682891617
[2025-03-11 17:48:16,893] [INFO] [30070] PREPARE received from 30140 for REQUEST 1741682891617
[2025-03-11 17:48:16,893] [INFO] [30070] COMMIT received from 30052 for REQUEST 1741682891617
[2025-03-11 17:48:16,893] [INFO] [30070] COMMIT received from 30140 for REQUEST 1741682891617
[2025-03-11 17:48:17,014] [INFO] [30070] PREPARE received from 30073 for REQUEST 1741682891617
[2025-03-11 17:48:17,014] [INFO] [30070] COMMIT received from 30073 for REQUEST 1741682891617
[2025-03-11 17:48:17,240] [INFO] [30070] PREPARE received from 30193 for REQUEST 1741682891617
[2025-03-11 17:48:17,240] [INFO] [30070] COMMIT received from 30193 for REQUEST 1741682891617
[2025-03-11 17:48:17,282] [INFO] [30070] PREPARE received from 30075 for REQUEST 1741682891617
[2025-03-11 17:48:17,282] [INFO] [30070] COMMIT received from 30075 for REQUEST 1741682891617
[2025-03-11 17:48:17,564] [INFO] [30070] PREPARE received from 30088 for REQUEST 1741682891617
[2025-03-11 17:48:17,564] [INFO] [30070] COMMIT received from 30088 for REQUEST 1741682891617
[2025-03-11 17:48:18,364] [INFO] [30070] PREPARE received from 30084 for REQUEST 1741682891617
[2025-03-11 17:48:18,366] [INFO] [30070] COMMIT received from 30084 for REQUEST 1741682891617
