[2025-03-11 17:35:26,025] [INFO] Node started: localhost:30030 | index=31 | f=1, k=4
[2025-03-11 17:35:39,056] [INFO] [30030] PRE-PREPARE received: {'request_id': 1741682139008, 'data': 'llapbft_message_1741682139008', 'timestamp': 1741682139.0402768, 'leader': 30037, 'cluster_id': 0, 'cluster_ports': [30002, 30003, 30004, 30008, 30010, 30012, 30023, 30028, 30030, 30031, 30034, 30037], 'cluster_manager': {'host': 'localhost', 'port': 30012, 'latitude': 36.6273309, 'longitude': 127.4598022, 'altitude': 25, 'offset_m': 'lat: 81 m, lng: 116 m, alt: 25 m'}, 'simulated_delay': 0.000137, 'distance': 106.86453810963233, 'message_size_bits': 3288}
[2025-03-11 17:35:39,070] [INFO] [30030] Broadcasting PREPARE: REQUEST 1741682139008
[2025-03-11 17:35:39,076] [INFO] [30030] PREPARE received from 30028 for REQUEST 1741682139008
[2025-03-11 17:35:39,076] [INFO] [30030] Broadcasting COMMIT: REQUEST 1741682139008
[2025-03-11 17:35:39,102] [INFO] [30030] PREPARE received from 30010 for REQUEST 1741682139008
[2025-03-11 17:35:39,107] [INFO] [30030] COMMIT received from 30010 for REQUEST 1741682139008
[2025-03-11 17:35:39,107] [INFO] [30030] PREPARE received from 30034 for REQUEST 1741682139008
[2025-03-11 17:35:39,107] [INFO] [30030] COMMIT received from 30034 for REQUEST 1741682139008
[2025-03-11 17:35:39,107] [INFO] [30030] COMMIT complete. Sending PRE-REPLY: REQUEST 1741682139008 directly to Manager 30012
[2025-03-11 17:35:39,121] [INFO] [30030] COMMIT received from 30028 for REQUEST 1741682139008
[2025-03-11 17:35:39,135] [INFO] [30030] PREPARE received from 30031 for REQUEST 1741682139008
[2025-03-11 17:35:39,139] [INFO] [30030] COMMIT received from 30031 for REQUEST 1741682139008
[2025-03-11 17:35:39,139] [INFO] [30030] COMMIT received from 30037 for REQUEST 1741682139008
[2025-03-11 17:35:39,148] [INFO] [30030] PREPARE received from 30008 for REQUEST 1741682139008
[2025-03-11 17:35:39,148] [INFO] [30030] COMMIT received from 30008 for REQUEST 1741682139008
[2025-03-11 17:35:39,150] [INFO] [30030] PREPARE received from 30004 for REQUEST 1741682139008
[2025-03-11 17:35:39,150] [INFO] [30030] COMMIT received from 30004 for REQUEST 1741682139008
[2025-03-11 17:36:02,769] [INFO] Node started: localhost:30030 | index=31 | f=1, k=4
[2025-03-11 17:36:05,245] [INFO] [30030] PRE-PREPARE received: {'request_id': 1741682165210, 'data': 'llapbft_message_1741682165210', 'timestamp': 1741682165.2427554, 'leader': 30034, 'cluster_id': 2, 'cluster_ports': [30000, 30001, 30003, 30010, 30017, 30024, 30027, 30030, 30034, 30036], 'cluster_manager': {'host': 'localhost', 'port': 30024, 'latitude': 36.6278713, 'longitude': 127.4587856, 'altitude': 195, 'offset_m': 'lat: 141 m, lng: 25 m, alt: 195 m'}, 'fault': True, 'simulated_delay': 0.000184, 'distance': 152.64637106229728, 'message_size_bits': 3312}
[2025-03-11 17:36:05,245] [INFO] [30030] Broadcasting PREPARE: REQUEST 1741682165210
[2025-03-11 17:36:05,253] [INFO] [30030] PREPARE received from 30027 for REQUEST 1741682165210
[2025-03-11 17:36:05,253] [INFO] [30030] Broadcasting COMMIT: REQUEST 1741682165210
[2025-03-11 17:36:05,260] [INFO] [30030] PREPARE received from 30001 for REQUEST 1741682165210
[2025-03-11 17:36:05,263] [INFO] [30030] PREPARE received from 30010 for REQUEST 1741682165210
[2025-03-11 17:36:05,263] [INFO] [30030] PREPARE received from 30000 for REQUEST 1741682165210
[2025-03-11 17:36:05,266] [INFO] [30030] COMMIT received from 30001 for REQUEST 1741682165210
[2025-03-11 17:36:05,266] [INFO] [30030] COMMIT received from 30027 for REQUEST 1741682165210
[2025-03-11 17:36:05,266] [INFO] [30030] COMMIT complete. Sending PRE-REPLY: REQUEST 1741682165210 directly to Manager 30024
[2025-03-11 17:36:05,266] [INFO] [30030] COMMIT received from 30034 for REQUEST 1741682165210
[2025-03-11 17:36:05,268] [INFO] [30030] COMMIT received from 30010 for REQUEST 1741682165210
[2025-03-11 17:36:05,268] [INFO] [30030] COMMIT received from 30000 for REQUEST 1741682165210
[2025-03-11 17:36:05,279] [INFO] [30030] PREPARE received from 30036 for REQUEST 1741682165210
[2025-03-11 17:36:05,279] [INFO] [30030] COMMIT received from 30036 for REQUEST 1741682165210
[2025-03-11 17:38:22,218] [INFO] Node started: localhost:30030 | index=31 | f=1, k=4
[2025-03-11 17:38:33,677] [INFO] [30030] PRE-PREPARE received: {'request_id': 1741682313511, 'data': 'llapbft_message_1741682313511', 'timestamp': 1741682313.5429404, 'leader': 30018, 'cluster_id': 2, 'cluster_ports': [30017, 30018, 30022, 30023, 30030, 30033, 30039, 30040, 30042, 30044, 30045, 30046, 30047, 30049, 30054, 30059, 30061, 30062, 30063, 30065, 30066, 30070, 30073, 30076, 30078], 'cluster_manager': {'host': 'localhost', 'port': 30076, 'latitude': 36.6266151, 'longitude': 127.4594514, 'altitude': 117, 'offset_m': 'lat: 1 m, lng: 84 m, alt: 117 m'}, 'simulated_delay': 0.00033466666666666665, 'distance': 203.53698939673018, 'message_size_bits': 4016}
[2025-03-11 17:38:33,677] [INFO] [30030] Broadcasting PREPARE: REQUEST 1741682313511
[2025-03-11 17:38:33,705] [INFO] [30030] PREPARE received from 30022 for REQUEST 1741682313511
[2025-03-11 17:38:33,705] [INFO] [30030] Broadcasting COMMIT: REQUEST 1741682313511
[2025-03-11 17:38:33,770] [INFO] [30030] PREPARE received from 30044 for REQUEST 1741682313511
[2025-03-11 17:38:33,772] [INFO] [30030] PREPARE received from 30049 for REQUEST 1741682313511
[2025-03-11 17:38:33,798] [INFO] [30030] COMMIT received from 30022 for REQUEST 1741682313511
[2025-03-11 17:38:33,798] [INFO] [30030] PREPARE received from 30023 for REQUEST 1741682313511
[2025-03-11 17:38:33,805] [INFO] [30030] COMMIT received from 30078 for REQUEST 1741682313511
[2025-03-11 17:38:33,805] [INFO] [30030] COMMIT complete. Sending PRE-REPLY: REQUEST 1741682313511 directly to Manager 30076
[2025-03-11 17:38:33,805] [INFO] [30030] PREPARE received from 30078 for REQUEST 1741682313511
[2025-03-11 17:38:33,815] [INFO] [30030] PREPARE received from 30065 for REQUEST 1741682313511
[2025-03-11 17:38:33,832] [INFO] [30030] COMMIT received from 30065 for REQUEST 1741682313511
[2025-03-11 17:38:33,832] [INFO] [30030] COMMIT received from 30044 for REQUEST 1741682313511
[2025-03-11 17:38:33,892] [INFO] [30030] COMMIT received from 30049 for REQUEST 1741682313511
[2025-03-11 17:38:33,894] [INFO] [30030] COMMIT received from 30023 for REQUEST 1741682313511
[2025-03-11 17:38:33,899] [INFO] [30030] COMMIT received from 30066 for REQUEST 1741682313511
[2025-03-11 17:38:33,905] [INFO] [30030] PREPARE received from 30062 for REQUEST 1741682313511
[2025-03-11 17:38:33,907] [INFO] [30030] PREPARE received from 30066 for REQUEST 1741682313511
[2025-03-11 17:38:33,909] [INFO] [30030] COMMIT received from 30062 for REQUEST 1741682313511
[2025-03-11 17:38:33,924] [INFO] [30030] PREPARE received from 30040 for REQUEST 1741682313511
[2025-03-11 17:38:33,935] [INFO] [30030] PREPARE received from 30047 for REQUEST 1741682313511
[2025-03-11 17:38:33,937] [INFO] [30030] COMMIT received from 30040 for REQUEST 1741682313511
[2025-03-11 17:38:33,943] [INFO] [30030] COMMIT received from 30047 for REQUEST 1741682313511
[2025-03-11 17:38:33,968] [INFO] [30030] COMMIT received from 30018 for REQUEST 1741682313511
[2025-03-11 17:38:33,968] [INFO] [30030] PREPARE received from 30070 for REQUEST 1741682313511
[2025-03-11 17:38:33,971] [INFO] [30030] PREPARE received from 30042 for REQUEST 1741682313511
[2025-03-11 17:38:33,971] [INFO] [30030] COMMIT received from 30070 for REQUEST 1741682313511
[2025-03-11 17:38:33,986] [INFO] [30030] PREPARE received from 30059 for REQUEST 1741682313511
[2025-03-11 17:38:33,988] [INFO] [30030] COMMIT received from 30042 for REQUEST 1741682313511
[2025-03-11 17:38:33,990] [INFO] [30030] COMMIT received from 30059 for REQUEST 1741682313511
[2025-03-11 17:38:33,994] [INFO] [30030] PREPARE received from 30046 for REQUEST 1741682313511
[2025-03-11 17:38:33,999] [INFO] [30030] COMMIT received from 30046 for REQUEST 1741682313511
[2025-03-11 17:38:34,003] [INFO] [30030] PREPARE received from 30033 for REQUEST 1741682313511
[2025-03-11 17:38:34,003] [INFO] [30030] PREPARE received from 30073 for REQUEST 1741682313511
[2025-03-11 17:38:34,006] [INFO] [30030] PREPARE received from 30045 for REQUEST 1741682313511
[2025-03-11 17:38:34,006] [INFO] [30030] PREPARE received from 30039 for REQUEST 1741682313511
[2025-03-11 17:38:34,007] [INFO] [30030] PREPARE received from 30017 for REQUEST 1741682313511
[2025-03-11 17:38:34,007] [INFO] [30030] COMMIT received from 30033 for REQUEST 1741682313511
[2025-03-11 17:38:34,009] [INFO] [30030] COMMIT received from 30017 for REQUEST 1741682313511
[2025-03-11 17:38:34,009] [INFO] [30030] COMMIT received from 30039 for REQUEST 1741682313511
[2025-03-11 17:38:34,009] [INFO] [30030] COMMIT received from 30045 for REQUEST 1741682313511
[2025-03-11 17:38:34,011] [INFO] [30030] COMMIT received from 30073 for REQUEST 1741682313511
[2025-03-11 17:40:50,899] [INFO] Node started: localhost:30030 | index=31 | f=1, k=4
[2025-03-11 17:41:09,529] [INFO] [30030] PRE-PREPARE received: {'request_id': 1741682469395, 'data': 'llapbft_message_1741682469395', 'timestamp': 1741682469.412458, 'leader': 30022, 'cluster_id': 2, 'cluster_ports': [30010, 30013, 30020, 30022, 30026, 30030, 30031, 30032, 30034, 30042, 30056, 30058, 30059, 30062, 30080, 30082, 30083, 30084, 30088, 30090, 30091, 30092, 30093, 30096, 30097, 30098, 30100, 30103, 30105, 30106, 30108, 30109], 'cluster_manager': {'host': 'localhost', 'port': 30059, 'latitude': 36.6267944, 'longitude': 127.4592355, 'altitude': 23, 'offset_m': 'lat: 21 m, lng: 65 m, alt: 23 m'}, 'simulated_delay': 0.000244, 'distance': 161.73348431233498, 'message_size_bits': 4392}
[2025-03-11 17:41:09,529] [INFO] [30030] Broadcasting PREPARE: REQUEST 1741682469395
[2025-03-11 17:41:09,890] [INFO] [30030] PREPARE received from 30097 for REQUEST 1741682469395
[2025-03-11 17:41:09,890] [INFO] [30030] Broadcasting COMMIT: REQUEST 1741682469395
[2025-03-11 17:41:09,890] [INFO] [30030] PREPARE received from 30042 for REQUEST 1741682469395
[2025-03-11 17:41:09,892] [INFO] [30030] PREPARE received from 30084 for REQUEST 1741682469395
[2025-03-11 17:41:09,892] [INFO] [30030] PREPARE received from 30105 for REQUEST 1741682469395
[2025-03-11 17:41:09,892] [INFO] [30030] PREPARE received from 30092 for REQUEST 1741682469395
[2025-03-11 17:41:09,892] [INFO] [30030] PREPARE received from 30032 for REQUEST 1741682469395
[2025-03-11 17:41:09,894] [INFO] [30030] PREPARE received from 30098 for REQUEST 1741682469395
[2025-03-11 17:41:09,900] [INFO] [30030] COMMIT received from 30032 for REQUEST 1741682469395
[2025-03-11 17:41:09,901] [INFO] [30030] COMMIT received from 30042 for REQUEST 1741682469395
[2025-03-11 17:41:09,901] [INFO] [30030] COMMIT complete. Sending PRE-REPLY: REQUEST 1741682469395 directly to Manager 30059
[2025-03-11 17:41:09,901] [INFO] [30030] PREPARE received from 30090 for REQUEST 1741682469395
[2025-03-11 17:41:09,903] [INFO] [30030] PREPARE received from 30103 for REQUEST 1741682469395
[2025-03-11 17:41:09,903] [INFO] [30030] COMMIT received from 30084 for REQUEST 1741682469395
[2025-03-11 17:41:10,149] [INFO] [30030] COMMIT received from 30090 for REQUEST 1741682469395
[2025-03-11 17:41:10,152] [INFO] [30030] COMMIT received from 30105 for REQUEST 1741682469395
[2025-03-11 17:41:10,152] [INFO] [30030] PREPARE received from 30100 for REQUEST 1741682469395
[2025-03-11 17:41:10,154] [INFO] [30030] COMMIT received from 30103 for REQUEST 1741682469395
[2025-03-11 17:41:10,196] [INFO] [30030] COMMIT received from 30092 for REQUEST 1741682469395
[2025-03-11 17:41:10,196] [INFO] [30030] COMMIT received from 30093 for REQUEST 1741682469395
[2025-03-11 17:41:10,196] [INFO] [30030] PREPARE received from 30080 for REQUEST 1741682469395
[2025-03-11 17:41:10,196] [INFO] [30030] PREPARE received from 30093 for REQUEST 1741682469395
[2025-03-11 17:41:10,196] [INFO] [30030] COMMIT received from 30080 for REQUEST 1741682469395
[2025-03-11 17:41:10,200] [INFO] [30030] COMMIT received from 30098 for REQUEST 1741682469395
[2025-03-11 17:41:10,200] [INFO] [30030] COMMIT received from 30100 for REQUEST 1741682469395
[2025-03-11 17:41:10,234] [INFO] [30030] COMMIT received from 30097 for REQUEST 1741682469395
[2025-03-11 17:41:10,290] [INFO] [30030] PREPARE received from 30013 for REQUEST 1741682469395
[2025-03-11 17:41:10,290] [INFO] [30030] PREPARE received from 30083 for REQUEST 1741682469395
[2025-03-11 17:41:10,313] [INFO] [30030] COMMIT received from 30013 for REQUEST 1741682469395
[2025-03-11 17:41:10,392] [INFO] [30030] COMMIT received from 30083 for REQUEST 1741682469395
[2025-03-11 17:41:10,454] [INFO] [30030] COMMIT received from 30088 for REQUEST 1741682469395
[2025-03-11 17:41:10,454] [INFO] [30030] PREPARE received from 30108 for REQUEST 1741682469395
[2025-03-11 17:41:10,454] [INFO] [30030] PREPARE received from 30088 for REQUEST 1741682469395
[2025-03-11 17:41:10,488] [INFO] [30030] PREPARE received from 30010 for REQUEST 1741682469395
[2025-03-11 17:41:10,488] [INFO] [30030] PREPARE received from 30026 for REQUEST 1741682469395
[2025-03-11 17:41:10,488] [INFO] [30030] PREPARE received from 30058 for REQUEST 1741682469395
[2025-03-11 17:41:10,488] [INFO] [30030] PREPARE received from 30020 for REQUEST 1741682469395
[2025-03-11 17:41:10,517] [INFO] [30030] COMMIT received from 30058 for REQUEST 1741682469395
[2025-03-11 17:41:10,517] [INFO] [30030] COMMIT received from 30010 for REQUEST 1741682469395
[2025-03-11 17:41:10,517] [INFO] [30030] COMMIT received from 30108 for REQUEST 1741682469395
[2025-03-11 17:41:10,522] [INFO] [30030] PREPARE received from 30034 for REQUEST 1741682469395
[2025-03-11 17:41:10,528] [INFO] [30030] PREPARE received from 30056 for REQUEST 1741682469395
[2025-03-11 17:41:10,530] [INFO] [30030] COMMIT received from 30020 for REQUEST 1741682469395
[2025-03-11 17:41:10,530] [INFO] [30030] COMMIT received from 30026 for REQUEST 1741682469395
[2025-03-11 17:41:10,530] [INFO] [30030] COMMIT received from 30034 for REQUEST 1741682469395
[2025-03-11 17:41:10,533] [INFO] [30030] COMMIT received from 30056 for REQUEST 1741682469395
[2025-03-11 17:41:10,560] [INFO] [30030] COMMIT received from 30022 for REQUEST 1741682469395
[2025-03-11 17:41:10,560] [INFO] [30030] PREPARE received from 30031 for REQUEST 1741682469395
[2025-03-11 17:41:10,560] [INFO] [30030] PREPARE received from 30106 for REQUEST 1741682469395
[2025-03-11 17:41:10,564] [INFO] [30030] COMMIT received from 30031 for REQUEST 1741682469395
[2025-03-11 17:41:10,564] [INFO] [30030] COMMIT received from 30106 for REQUEST 1741682469395
[2025-03-11 17:41:10,612] [INFO] [30030] PREPARE received from 30109 for REQUEST 1741682469395
[2025-03-11 17:41:10,614] [INFO] [30030] COMMIT received from 30109 for REQUEST 1741682469395
[2025-03-11 17:41:10,630] [INFO] [30030] PREPARE received from 30091 for REQUEST 1741682469395
[2025-03-11 17:41:10,630] [INFO] [30030] PREPARE received from 30082 for REQUEST 1741682469395
[2025-03-11 17:41:10,630] [INFO] [30030] COMMIT received from 30091 for REQUEST 1741682469395
[2025-03-11 17:41:10,630] [INFO] [30030] COMMIT received from 30082 for REQUEST 1741682469395
[2025-03-11 17:41:10,645] [INFO] [30030] PREPARE received from 30062 for REQUEST 1741682469395
[2025-03-11 17:41:10,645] [INFO] [30030] COMMIT received from 30062 for REQUEST 1741682469395
[2025-03-11 17:41:10,691] [INFO] [30030] PREPARE received from 30096 for REQUEST 1741682469395
[2025-03-11 17:41:10,707] [INFO] [30030] COMMIT received from 30096 for REQUEST 1741682469395
[2025-03-11 17:43:59,346] [INFO] Node started: localhost:30030 | index=31 | f=1, k=4
[2025-03-11 17:44:26,334] [INFO] [30030] PRE-PREPARE received: {'request_id': 1741682666245, 'data': 'llapbft_message_1741682666245', 'timestamp': 1741682666.2776651, 'leader': 30075, 'cluster_id': 2, 'cluster_ports': [30006, 30010, 30013, 30024, 30026, 30030, 30035, 30037, 30039, 30041, 30067, 30069, 30075, 30079, 30080, 30082, 30090, 30093, 30098, 30102, 30106, 30108, 30112, 30118, 30122, 30131, 30135, 30140, 30142, 30143, 30148, 30149, 30150, 30152, 30155, 30157, 30159], 'cluster_manager': {'host': 'localhost', 'port': 30155, 'latitude': 36.6273161, 'longitude': 127.4588617, 'altitude': 49, 'offset_m': 'lat: 79 m, lng: 32 m, alt: 49 m'}, 'simulated_delay': 0.00026, 'distance': 188.88372623335275, 'message_size_bits': 4680}
[2025-03-11 17:44:26,362] [INFO] [30030] Broadcasting PREPARE: REQUEST 1741682666245
[2025-03-11 17:44:26,518] [INFO] [30030] PREPARE received from 30159 for REQUEST 1741682666245
[2025-03-11 17:44:26,518] [INFO] [30030] Broadcasting COMMIT: REQUEST 1741682666245
[2025-03-11 17:44:26,590] [INFO] [30030] PREPARE received from 30142 for REQUEST 1741682666245
[2025-03-11 17:44:26,750] [INFO] [30030] PREPARE received from 30098 for REQUEST 1741682666245
[2025-03-11 17:44:26,758] [INFO] [30030] PREPARE received from 30122 for REQUEST 1741682666245
[2025-03-11 17:44:26,758] [INFO] [30030] COMMIT received from 30142 for REQUEST 1741682666245
[2025-03-11 17:44:26,758] [INFO] [30030] COMMIT received from 30159 for REQUEST 1741682666245
[2025-03-11 17:44:26,758] [INFO] [30030] COMMIT complete. Sending PRE-REPLY: REQUEST 1741682666245 directly to Manager 30155
[2025-03-11 17:44:26,798] [INFO] [30030] PREPARE received from 30148 for REQUEST 1741682666245
[2025-03-11 17:44:26,840] [INFO] [30030] PREPARE received from 30026 for REQUEST 1741682666245
[2025-03-11 17:44:26,957] [INFO] [30030] COMMIT received from 30098 for REQUEST 1741682666245
[2025-03-11 17:44:26,957] [INFO] [30030] PREPARE received from 30090 for REQUEST 1741682666245
[2025-03-11 17:44:26,979] [INFO] [30030] COMMIT received from 30140 for REQUEST 1741682666245
[2025-03-11 17:44:26,979] [INFO] [30030] PREPARE received from 30140 for REQUEST 1741682666245
[2025-03-11 17:44:27,197] [INFO] [30030] PREPARE received from 30041 for REQUEST 1741682666245
[2025-03-11 17:44:27,197] [INFO] [30030] COMMIT received from 30122 for REQUEST 1741682666245
[2025-03-11 17:44:27,197] [INFO] [30030] PREPARE received from 30112 for REQUEST 1741682666245
[2025-03-11 17:44:27,197] [INFO] [30030] PREPARE received from 30024 for REQUEST 1741682666245
[2025-03-11 17:44:27,215] [INFO] [30030] PREPARE received from 30079 for REQUEST 1741682666245
[2025-03-11 17:44:27,215] [INFO] [30030] COMMIT received from 30148 for REQUEST 1741682666245
[2025-03-11 17:44:27,249] [INFO] [30030] COMMIT received from 30112 for REQUEST 1741682666245
[2025-03-11 17:44:27,249] [INFO] [30030] COMMIT received from 30131 for REQUEST 1741682666245
[2025-03-11 17:44:27,249] [INFO] [30030] COMMIT received from 30024 for REQUEST 1741682666245
[2025-03-11 17:44:27,249] [INFO] [30030] PREPARE received from 30131 for REQUEST 1741682666245
[2025-03-11 17:44:27,249] [INFO] [30030] PREPARE received from 30102 for REQUEST 1741682666245
[2025-03-11 17:44:27,249] [INFO] [30030] PREPARE received from 30039 for REQUEST 1741682666245
[2025-03-11 17:44:27,302] [INFO] [30030] COMMIT received from 30102 for REQUEST 1741682666245
[2025-03-11 17:44:27,304] [INFO] [30030] PREPARE received from 30149 for REQUEST 1741682666245
[2025-03-11 17:44:27,304] [INFO] [30030] COMMIT received from 30039 for REQUEST 1741682666245
[2025-03-11 17:44:27,338] [INFO] [30030] COMMIT received from 30079 for REQUEST 1741682666245
[2025-03-11 17:44:27,338] [INFO] [30030] COMMIT received from 30149 for REQUEST 1741682666245
[2025-03-11 17:44:27,338] [INFO] [30030] COMMIT received from 30026 for REQUEST 1741682666245
[2025-03-11 17:44:27,360] [INFO] [30030] COMMIT received from 30090 for REQUEST 1741682666245
[2025-03-11 17:44:27,366] [INFO] [30030] PREPARE received from 30152 for REQUEST 1741682666245
[2025-03-11 17:44:27,381] [INFO] [30030] COMMIT received from 30152 for REQUEST 1741682666245
[2025-03-11 17:44:27,500] [INFO] [30030] PREPARE received from 30010 for REQUEST 1741682666245
[2025-03-11 17:44:27,795] [INFO] [30030] COMMIT received from 30041 for REQUEST 1741682666245
[2025-03-11 17:44:27,985] [INFO] [30030] PREPARE received from 30106 for REQUEST 1741682666245
[2025-03-11 17:44:27,985] [INFO] [30030] PREPARE received from 30118 for REQUEST 1741682666245
[2025-03-11 17:44:28,019] [INFO] [30030] COMMIT received from 30106 for REQUEST 1741682666245
[2025-03-11 17:44:28,043] [INFO] [30030] COMMIT received from 30118 for REQUEST 1741682666245
[2025-03-11 17:44:28,069] [INFO] [30030] PREPARE received from 30080 for REQUEST 1741682666245
[2025-03-11 17:44:28,077] [INFO] [30030] COMMIT received from 30080 for REQUEST 1741682666245
[2025-03-11 17:44:28,100] [INFO] [30030] COMMIT received from 30010 for REQUEST 1741682666245
[2025-03-11 17:44:28,146] [INFO] [30030] COMMIT received from 30075 for REQUEST 1741682666245
[2025-03-11 17:44:28,258] [INFO] [30030] PREPARE received from 30108 for REQUEST 1741682666245
[2025-03-11 17:44:28,268] [INFO] [30030] PREPARE received from 30157 for REQUEST 1741682666245
[2025-03-11 17:44:28,271] [INFO] [30030] COMMIT received from 30108 for REQUEST 1741682666245
[2025-03-11 17:44:28,271] [INFO] [30030] COMMIT received from 30157 for REQUEST 1741682666245
[2025-03-11 17:44:28,397] [INFO] [30030] PREPARE received from 30006 for REQUEST 1741682666245
[2025-03-11 17:44:28,433] [INFO] [30030] COMMIT received from 30006 for REQUEST 1741682666245
[2025-03-11 17:44:28,480] [INFO] [30030] PREPARE received from 30035 for REQUEST 1741682666245
[2025-03-11 17:44:28,482] [INFO] [30030] COMMIT received from 30035 for REQUEST 1741682666245
[2025-03-11 17:44:28,626] [INFO] [30030] PREPARE received from 30013 for REQUEST 1741682666245
[2025-03-11 17:44:28,629] [INFO] [30030] COMMIT received from 30013 for REQUEST 1741682666245
[2025-03-11 17:44:28,741] [INFO] [30030] PREPARE received from 30093 for REQUEST 1741682666245
[2025-03-11 17:44:28,754] [INFO] [30030] COMMIT received from 30093 for REQUEST 1741682666245
[2025-03-11 17:44:29,017] [INFO] [30030] PREPARE received from 30069 for REQUEST 1741682666245
[2025-03-11 17:44:29,017] [INFO] [30030] PREPARE received from 30037 for REQUEST 1741682666245
[2025-03-11 17:44:29,037] [INFO] [30030] COMMIT received from 30037 for REQUEST 1741682666245
[2025-03-11 17:44:29,039] [INFO] [30030] COMMIT received from 30069 for REQUEST 1741682666245
[2025-03-11 17:44:29,243] [INFO] [30030] PREPARE received from 30135 for REQUEST 1741682666245
[2025-03-11 17:44:29,247] [INFO] [30030] COMMIT received from 30135 for REQUEST 1741682666245
[2025-03-11 17:47:36,075] [INFO] Node started: localhost:30030 | index=31 | f=1, k=4
[2025-03-11 17:48:11,701] [INFO] [30030] PRE-PREPARE received: {'request_id': 1741682891617, 'data': 'llapbft_message_1741682891617', 'timestamp': 1741682891.640408, 'leader': 30150, 'cluster_id': 2, 'cluster_ports': [30007, 30008, 30012, 30015, 30019, 30025, 30029, 30030, 30039, 30044, 30046, 30050, 30054, 30056, 30063, 30065, 30068, 30072, 30074, 30077, 30080, 30083, 30085, 30094, 30103, 30105, 30112, 30114, 30120, 30125, 30129, 30130, 30134, 30145, 30147, 30148, 30149, 30150, 30155, 30158, 30166, 30167, 30172, 30174, 30188, 30192, 30199], 'cluster_manager': {'host': 'localhost', 'port': 30029, 'latitude': 36.6266259, 'longitude': 127.4590111, 'altitude': 13, 'offset_m': 'lat: 2 m, lng: 45 m, alt: 13 m'}, 'simulated_delay': 0.0004353333333333333, 'distance': 214.90179213337998, 'message_size_bits': 5224}
[2025-03-11 17:48:11,701] [INFO] [30030] Broadcasting PREPARE: REQUEST 1741682891617
[2025-03-11 17:48:12,385] [INFO] [30030] PREPARE received from 30192 for REQUEST 1741682891617
[2025-03-11 17:48:12,385] [INFO] [30030] Broadcasting COMMIT: REQUEST 1741682891617
[2025-03-11 17:48:12,385] [INFO] [30030] PREPARE received from 30077 for REQUEST 1741682891617
[2025-03-11 17:48:12,387] [INFO] [30030] PREPARE received from 30050 for REQUEST 1741682891617
[2025-03-11 17:48:12,387] [INFO] [30030] PREPARE received from 30148 for REQUEST 1741682891617
[2025-03-11 17:48:12,387] [INFO] [30030] PREPARE received from 30174 for REQUEST 1741682891617
[2025-03-11 17:48:12,436] [INFO] [30030] PREPARE received from 30125 for REQUEST 1741682891617
[2025-03-11 17:48:12,436] [INFO] [30030] PREPARE received from 30166 for REQUEST 1741682891617
[2025-03-11 17:48:12,436] [INFO] [30030] PREPARE received from 30149 for REQUEST 1741682891617
[2025-03-11 17:48:12,438] [INFO] [30030] PREPARE received from 30134 for REQUEST 1741682891617
[2025-03-11 17:48:13,234] [INFO] [30030] PREPARE received from 30044 for REQUEST 1741682891617
[2025-03-11 17:48:13,708] [INFO] [30030] PREPARE received from 30039 for REQUEST 1741682891617
[2025-03-11 17:48:13,708] [INFO] [30030] COMMIT received from 30149 for REQUEST 1741682891617
[2025-03-11 17:48:13,750] [INFO] [30030] PREPARE received from 30054 for REQUEST 1741682891617
[2025-03-11 17:48:13,750] [INFO] [30030] PREPARE received from 30188 for REQUEST 1741682891617
[2025-03-11 17:48:13,750] [INFO] [30030] PREPARE received from 30167 for REQUEST 1741682891617
[2025-03-11 17:48:13,750] [INFO] [30030] COMMIT received from 30050 for REQUEST 1741682891617
[2025-03-11 17:48:13,750] [INFO] [30030] COMMIT complete. Sending PRE-REPLY: REQUEST 1741682891617 directly to Manager 30029
[2025-03-11 17:48:13,750] [INFO] [30030] COMMIT received from 30077 for REQUEST 1741682891617
[2025-03-11 17:48:13,753] [INFO] [30030] PREPARE received from 30080 for REQUEST 1741682891617
[2025-03-11 17:48:13,753] [INFO] [30030] PREPARE received from 30083 for REQUEST 1741682891617
[2025-03-11 17:48:13,923] [INFO] [30030] PREPARE received from 30120 for REQUEST 1741682891617
[2025-03-11 17:48:13,923] [INFO] [30030] COMMIT received from 30148 for REQUEST 1741682891617
[2025-03-11 17:48:14,164] [INFO] [30030] COMMIT received from 30134 for REQUEST 1741682891617
[2025-03-11 17:48:14,164] [INFO] [30030] COMMIT received from 30044 for REQUEST 1741682891617
[2025-03-11 17:48:14,164] [INFO] [30030] PREPARE received from 30019 for REQUEST 1741682891617
[2025-03-11 17:48:14,164] [INFO] [30030] COMMIT received from 30174 for REQUEST 1741682891617
[2025-03-11 17:48:14,164] [INFO] [30030] COMMIT received from 30125 for REQUEST 1741682891617
[2025-03-11 17:48:14,164] [INFO] [30030] PREPARE received from 30068 for REQUEST 1741682891617
[2025-03-11 17:48:14,164] [INFO] [30030] COMMIT received from 30192 for REQUEST 1741682891617
[2025-03-11 17:48:14,164] [INFO] [30030] COMMIT received from 30167 for REQUEST 1741682891617
[2025-03-11 17:48:14,164] [INFO] [30030] COMMIT received from 30166 for REQUEST 1741682891617
[2025-03-11 17:48:14,164] [INFO] [30030] COMMIT received from 30083 for REQUEST 1741682891617
[2025-03-11 17:48:14,363] [INFO] [30030] PREPARE received from 30155 for REQUEST 1741682891617
[2025-03-11 17:48:14,405] [INFO] [30030] COMMIT received from 30155 for REQUEST 1741682891617
[2025-03-11 17:48:14,412] [INFO] [30030] PREPARE received from 30105 for REQUEST 1741682891617
[2025-03-11 17:48:14,414] [INFO] [30030] COMMIT received from 30068 for REQUEST 1741682891617
[2025-03-11 17:48:14,414] [INFO] [30030] COMMIT received from 30039 for REQUEST 1741682891617
[2025-03-11 17:48:14,414] [INFO] [30030] COMMIT received from 30080 for REQUEST 1741682891617
[2025-03-11 17:48:14,475] [INFO] [30030] PREPARE received from 30008 for REQUEST 1741682891617
[2025-03-11 17:48:14,501] [INFO] [30030] PREPARE received from 30114 for REQUEST 1741682891617
[2025-03-11 17:48:14,501] [INFO] [30030] PREPARE received from 30007 for REQUEST 1741682891617
[2025-03-11 17:48:14,572] [INFO] [30030] COMMIT received from 30114 for REQUEST 1741682891617
[2025-03-11 17:48:14,573] [INFO] [30030] COMMIT received from 30019 for REQUEST 1741682891617
[2025-03-11 17:48:14,573] [INFO] [30030] COMMIT received from 30054 for REQUEST 1741682891617
[2025-03-11 17:48:14,576] [INFO] [30030] COMMIT received from 30105 for REQUEST 1741682891617
[2025-03-11 17:48:14,726] [INFO] [30030] COMMIT received from 30150 for REQUEST 1741682891617
[2025-03-11 17:48:15,398] [INFO] [30030] PREPARE received from 30147 for REQUEST 1741682891617
[2025-03-11 17:48:15,398] [INFO] [30030] COMMIT received from 30147 for REQUEST 1741682891617
[2025-03-11 17:48:15,398] [INFO] [30030] PREPARE received from 30158 for REQUEST 1741682891617
[2025-03-11 17:48:15,406] [INFO] [30030] COMMIT received from 30188 for REQUEST 1741682891617
[2025-03-11 17:48:15,540] [INFO] [30030] COMMIT received from 30158 for REQUEST 1741682891617
[2025-03-11 17:48:15,592] [INFO] [30030] PREPARE received from 30172 for REQUEST 1741682891617
[2025-03-11 17:48:15,592] [INFO] [30030] COMMIT received from 30008 for REQUEST 1741682891617
[2025-03-11 17:48:15,593] [INFO] [30030] PREPARE received from 30112 for REQUEST 1741682891617
[2025-03-11 17:48:15,593] [INFO] [30030] COMMIT received from 30112 for REQUEST 1741682891617
[2025-03-11 17:48:15,595] [INFO] [30030] COMMIT received from 30120 for REQUEST 1741682891617
[2025-03-11 17:48:15,595] [INFO] [30030] PREPARE received from 30065 for REQUEST 1741682891617
[2025-03-11 17:48:15,604] [INFO] [30030] COMMIT received from 30007 for REQUEST 1741682891617
[2025-03-11 17:48:15,632] [INFO] [30030] COMMIT received from 30065 for REQUEST 1741682891617
[2025-03-11 17:48:15,766] [INFO] [30030] COMMIT received from 30172 for REQUEST 1741682891617
[2025-03-11 17:48:15,787] [INFO] [30030] PREPARE received from 30129 for REQUEST 1741682891617
[2025-03-11 17:48:15,862] [INFO] [30030] COMMIT received from 30129 for REQUEST 1741682891617
[2025-03-11 17:48:15,968] [INFO] [30030] PREPARE received from 30025 for REQUEST 1741682891617
[2025-03-11 17:48:15,970] [INFO] [30030] PREPARE received from 30056 for REQUEST 1741682891617
[2025-03-11 17:48:15,972] [INFO] [30030] COMMIT received from 30025 for REQUEST 1741682891617
[2025-03-11 17:48:16,003] [INFO] [30030] COMMIT received from 30056 for REQUEST 1741682891617
[2025-03-11 17:48:16,090] [INFO] [30030] PREPARE received from 30046 for REQUEST 1741682891617
[2025-03-11 17:48:16,090] [INFO] [30030] PREPARE received from 30015 for REQUEST 1741682891617
[2025-03-11 17:48:16,092] [INFO] [30030] PREPARE received from 30085 for REQUEST 1741682891617
[2025-03-11 17:48:16,112] [INFO] [30030] COMMIT received from 30015 for REQUEST 1741682891617
[2025-03-11 17:48:16,129] [INFO] [30030] COMMIT received from 30085 for REQUEST 1741682891617
[2025-03-11 17:48:16,204] [INFO] [30030] COMMIT received from 30046 for REQUEST 1741682891617
[2025-03-11 17:48:16,241] [INFO] [30030] PREPARE received from 30063 for REQUEST 1741682891617
[2025-03-11 17:48:16,274] [INFO] [30030] COMMIT received from 30063 for REQUEST 1741682891617
[2025-03-11 17:48:16,504] [INFO] [30030] PREPARE received from 30103 for REQUEST 1741682891617
[2025-03-11 17:48:16,504] [INFO] [30030] PREPARE received from 30094 for REQUEST 1741682891617
[2025-03-11 17:48:16,504] [INFO] [30030] COMMIT received from 30094 for REQUEST 1741682891617
[2025-03-11 17:48:16,524] [INFO] [30030] COMMIT received from 30103 for REQUEST 1741682891617
