[2025-03-11 17:35:22,433] [INFO] Node started: localhost:30012 | index=13 | f=1, k=4
[2025-03-11 17:35:39,024] [INFO] [CLUSTER MANAGER 30012] PRE-REQUEST received: {'request_id': 1741682139008, 'timestamp': 1741682139.0086334, 'data': 'llapbft_message_1741682139008', 'cluster_id': 0, 'cluster_ports': [30002, 30003, 30004, 30008, 30010, 30012, 30023, 30028, 30030, 30031, 30034, 30037], 'leader': 30037, 'client_port': 20001, 'origin': 'client', 'simulated_delay': 9.4e-05, 'distance': 144.11785108343742, 'message_size_bits': 2256}
[2025-03-11 17:35:39,024] [INFO] [CLUSTER MANAGER 30012] Sending REQUEST to Leader 30037
[2025-03-11 17:35:39,133] [INFO] [CLUSTER MANAGER 30012] Received PRE-REPLY from 30034 for req_id 1741682139008
[2025-03-11 17:35:39,133] [INFO] [CLUSTER MANAGER 30012] PRE-REPLY senders for req_id 1741682139008: [30034]
[2025-03-11 17:35:39,135] [INFO] [CLUSTER MANAGER 30012] Received PRE-REPLY from 30030 for req_id 1741682139008
[2025-03-11 17:35:39,135] [INFO] [CLUSTER MANAGER 30012] PRE-REPLY senders for req_id 1741682139008: [30034, 30030]
[2025-03-11 17:35:39,135] [INFO] [CLUSTER MANAGER 30012] f+1 PRE-REPLY messages received from senders [30034, 30030] for req_id 1741682139008. Sending final REPLY to Client.
[2025-03-11 17:35:39,135] [INFO] [CLUSTER MANAGER 30012] Client found: {'host': 'localhost', 'port': 20001, 'latitude': 36.6266, 'longitude': 127.4585, 'altitude': 0}
[2025-03-11 17:35:39,137] [INFO] [CLUSTER MANAGER 30012] Received PRE-REPLY from 30010 for req_id 1741682139008
[2025-03-11 17:35:39,137] [INFO] [CLUSTER MANAGER 30012] PRE-REPLY senders for req_id 1741682139008: [30034, 30030, 30010]
[2025-03-11 17:35:39,139] [INFO] [CLUSTER MANAGER 30012] Received PRE-REPLY from 30003 for req_id 1741682139008
[2025-03-11 17:35:39,139] [INFO] [CLUSTER MANAGER 30012] PRE-REPLY senders for req_id 1741682139008: [30034, 30030, 30010, 30003]
[2025-03-11 17:35:39,139] [INFO] [CLUSTER MANAGER 30012] Final REPLY for req_id 1741682139008 sent successfully to Client 20001.
[2025-03-11 17:35:39,139] [INFO] [CLUSTER MANAGER 30012] Received PRE-REPLY from 30031 for req_id 1741682139008
[2025-03-11 17:35:39,139] [INFO] [CLUSTER MANAGER 30012] PRE-REPLY senders for req_id 1741682139008: [30034, 30030, 30010, 30003, 30031]
[2025-03-11 17:35:39,139] [INFO] [CLUSTER MANAGER 30012] Received PRE-REPLY from 30023 for req_id 1741682139008
[2025-03-11 17:35:39,139] [INFO] [CLUSTER MANAGER 30012] PRE-REPLY senders for req_id 1741682139008: [30034, 30030, 30010, 30003, 30031, 30023]
[2025-03-11 17:35:39,139] [INFO] [CLUSTER MANAGER 30012] Received PRE-REPLY from 30028 for req_id 1741682139008
[2025-03-11 17:35:39,139] [INFO] [CLUSTER MANAGER 30012] PRE-REPLY senders for req_id 1741682139008: [30034, 30030, 30010, 30003, 30031, 30023, 30028]
[2025-03-11 17:35:39,139] [INFO] [CLUSTER MANAGER 30012] Received PRE-REPLY from 30037 for req_id 1741682139008
[2025-03-11 17:35:39,139] [INFO] [CLUSTER MANAGER 30012] PRE-REPLY senders for req_id 1741682139008: [30034, 30030, 30010, 30003, 30031, 30023, 30028, 30037]
[2025-03-11 17:35:39,148] [INFO] [CLUSTER MANAGER 30012] Received PRE-REPLY from 30008 for req_id 1741682139008
[2025-03-11 17:35:39,148] [INFO] [CLUSTER MANAGER 30012] PRE-REPLY senders for req_id 1741682139008: [30034, 30030, 30010, 30003, 30031, 30023, 30028, 30037, 30008]
[2025-03-11 17:35:39,150] [INFO] [CLUSTER MANAGER 30012] Received PRE-REPLY from 30004 for req_id 1741682139008
[2025-03-11 17:35:39,150] [INFO] [CLUSTER MANAGER 30012] PRE-REPLY senders for req_id 1741682139008: [30034, 30030, 30010, 30003, 30031, 30023, 30028, 30037, 30008, 30004]
[2025-03-11 17:35:59,170] [INFO] Node started: localhost:30012 | index=13 | f=1, k=4
[2025-03-11 17:36:05,226] [INFO] [CLUSTER MANAGER 30012] PRE-REQUEST received: {'request_id': 1741682165210, 'timestamp': 1741682165.21094, 'data': 'llapbft_message_1741682165210', 'cluster_id': 3, 'cluster_ports': [30004, 30009, 30011, 30012, 30013, 30014, 30016, 30019, 30020, 30022, 30023, 30029, 30032, 30035, 30037], 'leader': 30016, 'client_port': 20001, 'origin': 'client', 'simulated_delay': 0.00010033333333333334, 'distance': 144.11785108343742, 'message_size_bits': 2408}
[2025-03-11 17:36:05,226] [INFO] [CLUSTER MANAGER 30012] Sending REQUEST to Leader 30016
[2025-03-11 17:36:05,321] [INFO] [CLUSTER MANAGER 30012] Received PRE-REPLY from 30016 for req_id 1741682165210
[2025-03-11 17:36:05,321] [INFO] [CLUSTER MANAGER 30012] PRE-REPLY senders for req_id 1741682165210: [30016]
[2025-03-11 17:36:05,321] [INFO] [CLUSTER MANAGER 30012] Received PRE-REPLY from 30020 for req_id 1741682165210
[2025-03-11 17:36:05,321] [INFO] [CLUSTER MANAGER 30012] PRE-REPLY senders for req_id 1741682165210: [30016, 30020]
[2025-03-11 17:36:05,321] [INFO] [CLUSTER MANAGER 30012] f+1 PRE-REPLY messages received from senders [30016, 30020] for req_id 1741682165210. Sending final REPLY to Client.
[2025-03-11 17:36:05,321] [INFO] [CLUSTER MANAGER 30012] Client found: {'host': 'localhost', 'port': 20001, 'latitude': 36.6266, 'longitude': 127.4585, 'altitude': 0}
[2025-03-11 17:36:05,321] [INFO] [CLUSTER MANAGER 30012] Received PRE-REPLY from 30022 for req_id 1741682165210
[2025-03-11 17:36:05,321] [INFO] [CLUSTER MANAGER 30012] PRE-REPLY senders for req_id 1741682165210: [30016, 30020, 30022]
[2025-03-11 17:36:05,321] [INFO] [CLUSTER MANAGER 30012] Final REPLY for req_id 1741682165210 sent successfully to Client 20001.
[2025-03-11 17:36:05,321] [INFO] [CLUSTER MANAGER 30012] Received PRE-REPLY from 30009 for req_id 1741682165210
[2025-03-11 17:36:05,321] [INFO] [CLUSTER MANAGER 30012] PRE-REPLY senders for req_id 1741682165210: [30016, 30020, 30022, 30009]
[2025-03-11 17:36:05,321] [INFO] [CLUSTER MANAGER 30012] Received PRE-REPLY from 30029 for req_id 1741682165210
[2025-03-11 17:36:05,321] [INFO] [CLUSTER MANAGER 30012] PRE-REPLY senders for req_id 1741682165210: [30016, 30020, 30022, 30009, 30029]
[2025-03-11 17:36:05,321] [INFO] [CLUSTER MANAGER 30012] Received PRE-REPLY from 30014 for req_id 1741682165210
[2025-03-11 17:36:05,321] [INFO] [CLUSTER MANAGER 30012] PRE-REPLY senders for req_id 1741682165210: [30016, 30020, 30022, 30009, 30029, 30014]
[2025-03-11 17:36:05,321] [INFO] [CLUSTER MANAGER 30012] Received PRE-REPLY from 30019 for req_id 1741682165210
[2025-03-11 17:36:05,321] [INFO] [CLUSTER MANAGER 30012] PRE-REPLY senders for req_id 1741682165210: [30016, 30020, 30022, 30009, 30029, 30014, 30019]
[2025-03-11 17:36:05,321] [INFO] [CLUSTER MANAGER 30012] Received PRE-REPLY from 30032 for req_id 1741682165210
[2025-03-11 17:36:05,337] [INFO] [CLUSTER MANAGER 30012] PRE-REPLY senders for req_id 1741682165210: [30016, 30020, 30022, 30009, 30029, 30014, 30019, 30032]
[2025-03-11 17:36:05,337] [INFO] [CLUSTER MANAGER 30012] Received PRE-REPLY from 30013 for req_id 1741682165210
[2025-03-11 17:36:05,337] [INFO] [CLUSTER MANAGER 30012] PRE-REPLY senders for req_id 1741682165210: [30016, 30020, 30022, 30009, 30029, 30014, 30019, 30032, 30013]
[2025-03-11 17:36:05,337] [INFO] [CLUSTER MANAGER 30012] Received PRE-REPLY from 30037 for req_id 1741682165210
[2025-03-11 17:36:05,337] [INFO] [CLUSTER MANAGER 30012] PRE-REPLY senders for req_id 1741682165210: [30016, 30020, 30022, 30009, 30029, 30014, 30019, 30032, 30013, 30037]
[2025-03-11 17:36:05,337] [INFO] [CLUSTER MANAGER 30012] Received PRE-REPLY from 30011 for req_id 1741682165210
[2025-03-11 17:36:05,337] [INFO] [CLUSTER MANAGER 30012] PRE-REPLY senders for req_id 1741682165210: [30016, 30020, 30022, 30009, 30029, 30014, 30019, 30032, 30013, 30037, 30011]
[2025-03-11 17:36:05,337] [INFO] [CLUSTER MANAGER 30012] Received PRE-REPLY from 30004 for req_id 1741682165210
[2025-03-11 17:36:05,337] [INFO] [CLUSTER MANAGER 30012] PRE-REPLY senders for req_id 1741682165210: [30016, 30020, 30022, 30009, 30029, 30014, 30019, 30032, 30013, 30037, 30011, 30004]
[2025-03-11 17:36:05,337] [INFO] [CLUSTER MANAGER 30012] Received PRE-REPLY from 30035 for req_id 1741682165210
[2025-03-11 17:36:05,337] [INFO] [CLUSTER MANAGER 30012] PRE-REPLY senders for req_id 1741682165210: [30016, 30020, 30022, 30009, 30029, 30014, 30019, 30032, 30013, 30037, 30011, 30004, 30035]
[2025-03-11 17:36:05,337] [INFO] [CLUSTER MANAGER 30012] Received PRE-REPLY from 30023 for req_id 1741682165210
[2025-03-11 17:36:05,337] [INFO] [CLUSTER MANAGER 30012] PRE-REPLY senders for req_id 1741682165210: [30016, 30020, 30022, 30009, 30029, 30014, 30019, 30032, 30013, 30037, 30011, 30004, 30035, 30023]
[2025-03-11 17:38:18,601] [INFO] Node started: localhost:30012 | index=13 | f=1, k=4
[2025-03-11 17:38:33,558] [INFO] [30012] PRE-PREPARE received: {'request_id': 1741682313511, 'data': 'llapbft_message_1741682313511', 'timestamp': 1741682313.5429404, 'leader': 30058, 'cluster_id': 3, 'cluster_ports': [30004, 30007, 30012, 30013, 30015, 30016, 30019, 30021, 30027, 30032, 30051, 30057, 30058, 30064, 30069, 30071, 30072, 30075], 'cluster_manager': {'host': 'localhost', 'port': 30069, 'latitude': 36.6269075, 'longitude': 127.4591969, 'altitude': 71, 'offset_m': 'lat: 34 m, lng: 62 m, alt: 71 m'}, 'simulated_delay': 0.00015066666666666668, 'distance': 145.61835198971727, 'message_size_bits': 3616}
[2025-03-11 17:38:33,558] [INFO] [30012] Broadcasting PREPARE: REQUEST 1741682313511
[2025-03-11 17:38:33,608] [INFO] [30012] PREPARE received from 30051 for REQUEST 1741682313511
[2025-03-11 17:38:33,608] [INFO] [30012] Broadcasting COMMIT: REQUEST 1741682313511
[2025-03-11 17:38:33,608] [INFO] [30012] PREPARE received from 30016 for REQUEST 1741682313511
[2025-03-11 17:38:33,608] [INFO] [30012] PREPARE received from 30057 for REQUEST 1741682313511
[2025-03-11 17:38:33,608] [INFO] [30012] PREPARE received from 30015 for REQUEST 1741682313511
[2025-03-11 17:38:33,634] [INFO] [30012] PREPARE received from 30007 for REQUEST 1741682313511
[2025-03-11 17:38:33,638] [INFO] [30012] COMMIT received from 30016 for REQUEST 1741682313511
[2025-03-11 17:38:33,742] [INFO] [30012] PREPARE received from 30032 for REQUEST 1741682313511
[2025-03-11 17:38:33,760] [INFO] [30012] COMMIT received from 30015 for REQUEST 1741682313511
[2025-03-11 17:38:33,760] [INFO] [30012] COMMIT complete. Sending PRE-REPLY: REQUEST 1741682313511 directly to Manager 30069
[2025-03-11 17:38:33,778] [INFO] [30012] COMMIT received from 30057 for REQUEST 1741682313511
[2025-03-11 17:38:33,778] [INFO] [30012] COMMIT received from 30051 for REQUEST 1741682313511
[2025-03-11 17:38:33,779] [INFO] [30012] COMMIT received from 30058 for REQUEST 1741682313511
[2025-03-11 17:38:33,787] [INFO] [30012] PREPARE received from 30072 for REQUEST 1741682313511
[2025-03-11 17:38:33,787] [INFO] [30012] COMMIT received from 30072 for REQUEST 1741682313511
[2025-03-11 17:38:33,795] [INFO] [30012] PREPARE received from 30064 for REQUEST 1741682313511
[2025-03-11 17:38:33,815] [INFO] [30012] COMMIT received from 30007 for REQUEST 1741682313511
[2025-03-11 17:38:33,815] [INFO] [30012] COMMIT received from 30064 for REQUEST 1741682313511
[2025-03-11 17:38:33,831] [INFO] [30012] PREPARE received from 30075 for REQUEST 1741682313511
[2025-03-11 17:38:33,836] [INFO] [30012] COMMIT received from 30075 for REQUEST 1741682313511
[2025-03-11 17:38:33,843] [INFO] [30012] PREPARE received from 30027 for REQUEST 1741682313511
[2025-03-11 17:38:33,853] [INFO] [30012] COMMIT received from 30027 for REQUEST 1741682313511
[2025-03-11 17:38:33,892] [INFO] [30012] PREPARE received from 30004 for REQUEST 1741682313511
[2025-03-11 17:38:33,896] [INFO] [30012] COMMIT received from 30004 for REQUEST 1741682313511
[2025-03-11 17:38:33,896] [INFO] [30012] COMMIT received from 30032 for REQUEST 1741682313511
[2025-03-11 17:38:33,907] [INFO] [30012] PREPARE received from 30013 for REQUEST 1741682313511
[2025-03-11 17:38:33,918] [INFO] [30012] COMMIT received from 30013 for REQUEST 1741682313511
[2025-03-11 17:40:47,290] [INFO] Node started: localhost:30012 | index=13 | f=1, k=4
[2025-03-11 17:41:09,428] [INFO] [30012] PRE-PREPARE received: {'request_id': 1741682469395, 'data': 'llapbft_message_1741682469395', 'timestamp': 1741682469.412458, 'leader': 30033, 'cluster_id': 0, 'cluster_ports': [30012, 30018, 30021, 30024, 30033, 30036, 30039, 30040, 30044, 30050, 30052, 30055, 30063, 30071, 30072, 30074, 30078, 30079, 30111, 30113, 30115, 30116, 30118], 'cluster_manager': {'host': 'localhost', 'port': 30079, 'latitude': 36.627455, 'longitude': 127.4589625, 'altitude': 158, 'offset_m': 'lat: 94 m, lng: 41 m, alt: 158 m'}, 'simulated_delay': 0.0003246666666666667, 'distance': 232.9894629339704, 'message_size_bits': 3896}
[2025-03-11 17:41:09,428] [INFO] [30012] Broadcasting PREPARE: REQUEST 1741682469395
[2025-03-11 17:41:09,542] [INFO] [30012] PREPARE received from 30115 for REQUEST 1741682469395
[2025-03-11 17:41:09,544] [INFO] [30012] Broadcasting COMMIT: REQUEST 1741682469395
[2025-03-11 17:41:09,580] [INFO] [30012] PREPARE received from 30040 for REQUEST 1741682469395
[2025-03-11 17:41:09,671] [INFO] [30012] COMMIT received from 30040 for REQUEST 1741682469395
[2025-03-11 17:41:09,679] [INFO] [30012] PREPARE received from 30118 for REQUEST 1741682469395
[2025-03-11 17:41:09,688] [INFO] [30012] PREPARE received from 30111 for REQUEST 1741682469395
[2025-03-11 17:41:09,725] [INFO] [30012] COMMIT received from 30115 for REQUEST 1741682469395
[2025-03-11 17:41:09,725] [INFO] [30012] COMMIT complete. Sending PRE-REPLY: REQUEST 1741682469395 directly to Manager 30079
[2025-03-11 17:41:09,725] [INFO] [30012] PREPARE received from 30113 for REQUEST 1741682469395
[2025-03-11 17:41:09,728] [INFO] [30012] COMMIT received from 30033 for REQUEST 1741682469395
[2025-03-11 17:41:09,767] [INFO] [30012] PREPARE received from 30021 for REQUEST 1741682469395
[2025-03-11 17:41:09,767] [INFO] [30012] PREPARE received from 30024 for REQUEST 1741682469395
[2025-03-11 17:41:09,854] [INFO] [30012] PREPARE received from 30078 for REQUEST 1741682469395
[2025-03-11 17:41:09,898] [INFO] [30012] PREPARE received from 30050 for REQUEST 1741682469395
[2025-03-11 17:41:09,937] [INFO] [30012] PREPARE received from 30036 for REQUEST 1741682469395
[2025-03-11 17:41:09,937] [INFO] [30012] PREPARE received from 30074 for REQUEST 1741682469395
[2025-03-11 17:41:09,996] [INFO] [30012] COMMIT received from 30078 for REQUEST 1741682469395
[2025-03-11 17:41:10,024] [INFO] [30012] COMMIT received from 30024 for REQUEST 1741682469395
[2025-03-11 17:41:10,032] [INFO] [30012] COMMIT received from 30113 for REQUEST 1741682469395
[2025-03-11 17:41:10,039] [INFO] [30012] COMMIT received from 30118 for REQUEST 1741682469395
[2025-03-11 17:41:10,109] [INFO] [30012] COMMIT received from 30021 for REQUEST 1741682469395
[2025-03-11 17:41:10,116] [INFO] [30012] COMMIT received from 30050 for REQUEST 1741682469395
[2025-03-11 17:41:10,122] [INFO] [30012] PREPARE received from 30063 for REQUEST 1741682469395
[2025-03-11 17:41:10,138] [INFO] [30012] PREPARE received from 30116 for REQUEST 1741682469395
[2025-03-11 17:41:10,138] [INFO] [30012] COMMIT received from 30063 for REQUEST 1741682469395
[2025-03-11 17:41:10,149] [INFO] [30012] COMMIT received from 30116 for REQUEST 1741682469395
[2025-03-11 17:41:10,154] [INFO] [30012] COMMIT received from 30111 for REQUEST 1741682469395
[2025-03-11 17:41:10,214] [INFO] [30012] PREPARE received from 30072 for REQUEST 1741682469395
[2025-03-11 17:41:10,214] [INFO] [30012] PREPARE received from 30044 for REQUEST 1741682469395
[2025-03-11 17:41:10,214] [INFO] [30012] PREPARE received from 30055 for REQUEST 1741682469395
[2025-03-11 17:41:10,218] [INFO] [30012] COMMIT received from 30072 for REQUEST 1741682469395
[2025-03-11 17:41:10,218] [INFO] [30012] COMMIT received from 30055 for REQUEST 1741682469395
[2025-03-11 17:41:10,218] [INFO] [30012] COMMIT received from 30044 for REQUEST 1741682469395
[2025-03-11 17:41:10,218] [INFO] [30012] COMMIT received from 30036 for REQUEST 1741682469395
[2025-03-11 17:41:10,223] [INFO] [30012] PREPARE received from 30039 for REQUEST 1741682469395
[2025-03-11 17:41:10,265] [INFO] [30012] COMMIT received from 30039 for REQUEST 1741682469395
[2025-03-11 17:41:10,269] [INFO] [30012] PREPARE received from 30052 for REQUEST 1741682469395
[2025-03-11 17:41:10,286] [INFO] [30012] COMMIT received from 30052 for REQUEST 1741682469395
[2025-03-11 17:41:10,329] [INFO] [30012] COMMIT received from 30074 for REQUEST 1741682469395
[2025-03-11 17:43:55,730] [INFO] Node started: localhost:30012 | index=13 | f=1, k=4
[2025-03-11 17:44:26,342] [INFO] [30012] PRE-PREPARE received: {'request_id': 1741682666245, 'data': 'llapbft_message_1741682666245', 'timestamp': 1741682666.2776651, 'leader': 30029, 'cluster_id': 3, 'cluster_ports': [30004, 30005, 30008, 30011, 30012, 30017, 30018, 30021, 30029, 30033, 30040, 30042, 30045, 30052, 30057, 30068, 30070, 30072, 30073, 30074, 30076, 30084, 30088, 30091, 30094, 30100, 30103, 30105, 30107, 30109, 30110, 30117, 30121, 30125, 30130, 30133, 30137, 30138, 30139, 30145], 'cluster_manager': {'host': 'localhost', 'port': 30018, 'latitude': 36.6268812, 'longitude': 127.4589418, 'altitude': 19, 'offset_m': 'lat: 31 m, lng: 39 m, alt: 19 m'}, 'simulated_delay': 0.00026933333333333334, 'distance': 196.11571431131415, 'message_size_bits': 4848}
[2025-03-11 17:44:26,342] [INFO] [30012] Broadcasting PREPARE: REQUEST 1741682666245
[2025-03-11 17:44:26,774] [INFO] [30012] PREPARE received from 30139 for REQUEST 1741682666245
[2025-03-11 17:44:26,774] [INFO] [30012] Broadcasting COMMIT: REQUEST 1741682666245
[2025-03-11 17:44:26,774] [INFO] [30012] PREPARE received from 30042 for REQUEST 1741682666245
[2025-03-11 17:44:26,774] [INFO] [30012] PREPARE received from 30072 for REQUEST 1741682666245
[2025-03-11 17:44:26,786] [INFO] [30012] PREPARE received from 30021 for REQUEST 1741682666245
[2025-03-11 17:44:26,809] [INFO] [30012] COMMIT received from 30139 for REQUEST 1741682666245
[2025-03-11 17:44:26,979] [INFO] [30012] COMMIT received from 30042 for REQUEST 1741682666245
[2025-03-11 17:44:26,979] [INFO] [30012] COMMIT complete. Sending PRE-REPLY: REQUEST 1741682666245 directly to Manager 30018
[2025-03-11 17:44:27,118] [INFO] [30012] PREPARE received from 30008 for REQUEST 1741682666245
[2025-03-11 17:44:27,189] [INFO] [30012] COMMIT received from 30072 for REQUEST 1741682666245
[2025-03-11 17:44:27,192] [INFO] [30012] COMMIT received from 30021 for REQUEST 1741682666245
[2025-03-11 17:44:27,192] [INFO] [30012] PREPARE received from 30107 for REQUEST 1741682666245
[2025-03-11 17:44:27,192] [INFO] [30012] COMMIT received from 30107 for REQUEST 1741682666245
[2025-03-11 17:44:27,208] [INFO] [30012] PREPARE received from 30121 for REQUEST 1741682666245
[2025-03-11 17:44:27,208] [INFO] [30012] PREPARE received from 30094 for REQUEST 1741682666245
[2025-03-11 17:44:27,319] [INFO] [30012] PREPARE received from 30103 for REQUEST 1741682666245
[2025-03-11 17:44:27,334] [INFO] [30012] PREPARE received from 30145 for REQUEST 1741682666245
[2025-03-11 17:44:27,334] [INFO] [30012] COMMIT received from 30103 for REQUEST 1741682666245
[2025-03-11 17:44:27,334] [INFO] [30012] COMMIT received from 30145 for REQUEST 1741682666245
[2025-03-11 17:44:27,392] [INFO] [30012] PREPARE received from 30004 for REQUEST 1741682666245
[2025-03-11 17:44:27,447] [INFO] [30012] COMMIT received from 30008 for REQUEST 1741682666245
[2025-03-11 17:44:27,549] [INFO] [30012] COMMIT received from 30004 for REQUEST 1741682666245
[2025-03-11 17:44:27,625] [INFO] [30012] PREPARE received from 30074 for REQUEST 1741682666245
[2025-03-11 17:44:27,642] [INFO] [30012] COMMIT received from 30074 for REQUEST 1741682666245
[2025-03-11 17:44:27,779] [INFO] [30012] COMMIT received from 30094 for REQUEST 1741682666245
[2025-03-11 17:44:27,890] [INFO] [30012] PREPARE received from 30100 for REQUEST 1741682666245
[2025-03-11 17:44:27,921] [INFO] [30012] COMMIT received from 30100 for REQUEST 1741682666245
[2025-03-11 17:44:27,921] [INFO] [30012] PREPARE received from 30109 for REQUEST 1741682666245
[2025-03-11 17:44:27,921] [INFO] [30012] COMMIT received from 30121 for REQUEST 1741682666245
[2025-03-11 17:44:27,932] [INFO] [30012] COMMIT received from 30109 for REQUEST 1741682666245
[2025-03-11 17:44:28,100] [INFO] [30012] PREPARE received from 30033 for REQUEST 1741682666245
[2025-03-11 17:44:28,158] [INFO] [30012] COMMIT received from 30033 for REQUEST 1741682666245
[2025-03-11 17:44:28,209] [INFO] [30012] PREPARE received from 30052 for REQUEST 1741682666245
[2025-03-11 17:44:28,209] [INFO] [30012] COMMIT received from 30052 for REQUEST 1741682666245
[2025-03-11 17:44:28,271] [INFO] [30012] PREPARE received from 30017 for REQUEST 1741682666245
[2025-03-11 17:44:28,271] [INFO] [30012] COMMIT received from 30017 for REQUEST 1741682666245
[2025-03-11 17:44:28,318] [INFO] [30012] PREPARE received from 30105 for REQUEST 1741682666245
[2025-03-11 17:44:28,318] [INFO] [30012] COMMIT received from 30105 for REQUEST 1741682666245
[2025-03-11 17:44:28,318] [INFO] [30012] COMMIT received from 30029 for REQUEST 1741682666245
[2025-03-11 17:44:28,401] [INFO] [30012] PREPARE received from 30045 for REQUEST 1741682666245
[2025-03-11 17:44:28,401] [INFO] [30012] COMMIT received from 30045 for REQUEST 1741682666245
[2025-03-11 17:44:28,466] [INFO] [30012] PREPARE received from 30117 for REQUEST 1741682666245
[2025-03-11 17:44:28,466] [INFO] [30012] COMMIT received from 30117 for REQUEST 1741682666245
[2025-03-11 17:44:28,756] [INFO] [30012] PREPARE received from 30084 for REQUEST 1741682666245
[2025-03-11 17:44:28,757] [INFO] [30012] COMMIT received from 30084 for REQUEST 1741682666245
[2025-03-11 17:44:28,857] [INFO] [30012] PREPARE received from 30040 for REQUEST 1741682666245
[2025-03-11 17:44:28,859] [INFO] [30012] COMMIT received from 30040 for REQUEST 1741682666245
[2025-03-11 17:44:29,035] [INFO] [30012] PREPARE received from 30137 for REQUEST 1741682666245
[2025-03-11 17:44:29,037] [INFO] [30012] COMMIT received from 30137 for REQUEST 1741682666245
[2025-03-11 17:44:29,290] [INFO] [30012] PREPARE received from 30091 for REQUEST 1741682666245
[2025-03-11 17:44:29,290] [INFO] [30012] COMMIT received from 30091 for REQUEST 1741682666245
[2025-03-11 17:44:29,349] [INFO] [30012] PREPARE received from 30138 for REQUEST 1741682666245
[2025-03-11 17:44:29,349] [INFO] [30012] COMMIT received from 30138 for REQUEST 1741682666245
[2025-03-11 17:44:29,463] [INFO] [30012] PREPARE received from 30076 for REQUEST 1741682666245
[2025-03-11 17:44:29,463] [INFO] [30012] COMMIT received from 30076 for REQUEST 1741682666245
[2025-03-11 17:47:32,456] [INFO] Node started: localhost:30012 | index=13 | f=1, k=4
[2025-03-11 17:48:11,693] [INFO] [30012] PRE-PREPARE received: {'request_id': 1741682891617, 'data': 'llapbft_message_1741682891617', 'timestamp': 1741682891.640408, 'leader': 30150, 'cluster_id': 2, 'cluster_ports': [30007, 30008, 30012, 30015, 30019, 30025, 30029, 30030, 30039, 30044, 30046, 30050, 30054, 30056, 30063, 30065, 30068, 30072, 30074, 30077, 30080, 30083, 30085, 30094, 30103, 30105, 30112, 30114, 30120, 30125, 30129, 30130, 30134, 30145, 30147, 30148, 30149, 30150, 30155, 30158, 30166, 30167, 30172, 30174, 30188, 30192, 30199], 'cluster_manager': {'host': 'localhost', 'port': 30029, 'latitude': 36.6266259, 'longitude': 127.4590111, 'altitude': 13, 'offset_m': 'lat: 2 m, lng: 45 m, alt: 13 m'}, 'simulated_delay': 0.0002902222222222222, 'distance': 191.12482950553562, 'message_size_bits': 5224}
[2025-03-11 17:48:11,693] [INFO] [30012] Broadcasting PREPARE: REQUEST 1741682891617
[2025-03-11 17:48:12,132] [INFO] [30012] PREPARE received from 30072 for REQUEST 1741682891617
[2025-03-11 17:48:12,132] [INFO] [30012] Broadcasting COMMIT: REQUEST 1741682891617
[2025-03-11 17:48:12,904] [INFO] [30012] PREPARE received from 30145 for REQUEST 1741682891617
[2025-03-11 17:48:12,984] [INFO] [30012] PREPARE received from 30114 for REQUEST 1741682891617
[2025-03-11 17:48:12,984] [INFO] [30012] PREPARE received from 30199 for REQUEST 1741682891617
[2025-03-11 17:48:12,984] [INFO] [30012] PREPARE received from 30166 for REQUEST 1741682891617
[2025-03-11 17:48:12,986] [INFO] [30012] PREPARE received from 30172 for REQUEST 1741682891617
[2025-03-11 17:48:13,179] [INFO] [30012] PREPARE received from 30188 for REQUEST 1741682891617
[2025-03-11 17:48:13,179] [INFO] [30012] PREPARE received from 30148 for REQUEST 1741682891617
[2025-03-11 17:48:13,234] [INFO] [30012] COMMIT received from 30072 for REQUEST 1741682891617
[2025-03-11 17:48:13,344] [INFO] [30012] COMMIT received from 30166 for REQUEST 1741682891617
[2025-03-11 17:48:13,344] [INFO] [30012] COMMIT complete. Sending PRE-REPLY: REQUEST 1741682891617 directly to Manager 30029
[2025-03-11 17:48:13,407] [INFO] [30012] PREPARE received from 30025 for REQUEST 1741682891617
[2025-03-11 17:48:13,708] [INFO] [30012] COMMIT received from 30148 for REQUEST 1741682891617
[2025-03-11 17:48:13,708] [INFO] [30012] PREPARE received from 30039 for REQUEST 1741682891617
[2025-03-11 17:48:13,708] [INFO] [30012] COMMIT received from 30172 for REQUEST 1741682891617
[2025-03-11 17:48:13,775] [INFO] [30012] PREPARE received from 30105 for REQUEST 1741682891617
[2025-03-11 17:48:13,816] [INFO] [30012] COMMIT received from 30199 for REQUEST 1741682891617
[2025-03-11 17:48:13,832] [INFO] [30012] PREPARE received from 30192 for REQUEST 1741682891617
[2025-03-11 17:48:13,888] [INFO] [30012] COMMIT received from 30105 for REQUEST 1741682891617
[2025-03-11 17:48:13,890] [INFO] [30012] PREPARE received from 30094 for REQUEST 1741682891617
[2025-03-11 17:48:13,939] [INFO] [30012] COMMIT received from 30145 for REQUEST 1741682891617
[2025-03-11 17:48:13,947] [INFO] [30012] COMMIT received from 30114 for REQUEST 1741682891617
[2025-03-11 17:48:13,957] [INFO] [30012] PREPARE received from 30074 for REQUEST 1741682891617
[2025-03-11 17:48:14,053] [INFO] [30012] PREPARE received from 30044 for REQUEST 1741682891617
[2025-03-11 17:48:14,053] [INFO] [30012] COMMIT received from 30192 for REQUEST 1741682891617
[2025-03-11 17:48:14,140] [INFO] [30012] COMMIT received from 30044 for REQUEST 1741682891617
[2025-03-11 17:48:14,211] [INFO] [30012] COMMIT received from 30039 for REQUEST 1741682891617
[2025-03-11 17:48:14,211] [INFO] [30012] COMMIT received from 30074 for REQUEST 1741682891617
[2025-03-11 17:48:14,305] [INFO] [30012] PREPARE received from 30063 for REQUEST 1741682891617
[2025-03-11 17:48:14,379] [INFO] [30012] PREPARE received from 30147 for REQUEST 1741682891617
[2025-03-11 17:48:14,480] [INFO] [30012] COMMIT received from 30147 for REQUEST 1741682891617
[2025-03-11 17:48:14,621] [INFO] [30012] COMMIT received from 30094 for REQUEST 1741682891617
[2025-03-11 17:48:14,623] [INFO] [30012] PREPARE received from 30130 for REQUEST 1741682891617
[2025-03-11 17:48:14,652] [INFO] [30012] PREPARE received from 30080 for REQUEST 1741682891617
[2025-03-11 17:48:14,717] [INFO] [30012] COMMIT received from 30080 for REQUEST 1741682891617
[2025-03-11 17:48:14,717] [INFO] [30012] COMMIT received from 30130 for REQUEST 1741682891617
[2025-03-11 17:48:14,743] [INFO] [30012] COMMIT received from 30150 for REQUEST 1741682891617
[2025-03-11 17:48:14,955] [INFO] [30012] PREPARE received from 30158 for REQUEST 1741682891617
[2025-03-11 17:48:14,957] [INFO] [30012] COMMIT received from 30158 for REQUEST 1741682891617
[2025-03-11 17:48:15,177] [INFO] [30012] PREPARE received from 30085 for REQUEST 1741682891617
[2025-03-11 17:48:15,182] [INFO] [30012] PREPARE received from 30125 for REQUEST 1741682891617
[2025-03-11 17:48:15,182] [INFO] [30012] COMMIT received from 30125 for REQUEST 1741682891617
[2025-03-11 17:48:15,359] [INFO] [30012] COMMIT received from 30025 for REQUEST 1741682891617
[2025-03-11 17:48:15,406] [INFO] [30012] COMMIT received from 30188 for REQUEST 1741682891617
[2025-03-11 17:48:15,568] [INFO] [30012] COMMIT received from 30085 for REQUEST 1741682891617
[2025-03-11 17:48:15,753] [INFO] [30012] PREPARE received from 30008 for REQUEST 1741682891617
[2025-03-11 17:48:15,822] [INFO] [30012] COMMIT received from 30008 for REQUEST 1741682891617
[2025-03-11 17:48:15,837] [INFO] [30012] PREPARE received from 30129 for REQUEST 1741682891617
[2025-03-11 17:48:15,877] [INFO] [30012] COMMIT received from 30063 for REQUEST 1741682891617
[2025-03-11 17:48:15,879] [INFO] [30012] PREPARE received from 30112 for REQUEST 1741682891617
[2025-03-11 17:48:15,879] [INFO] [30012] COMMIT received from 30112 for REQUEST 1741682891617
[2025-03-11 17:48:15,943] [INFO] [30012] COMMIT received from 30129 for REQUEST 1741682891617
[2025-03-11 17:48:15,961] [INFO] [30012] PREPARE received from 30056 for REQUEST 1741682891617
[2025-03-11 17:48:16,011] [INFO] [30012] COMMIT received from 30056 for REQUEST 1741682891617
[2025-03-11 17:48:16,046] [INFO] [30012] PREPARE received from 30068 for REQUEST 1741682891617
[2025-03-11 17:48:16,046] [INFO] [30012] COMMIT received from 30068 for REQUEST 1741682891617
[2025-03-11 17:48:16,142] [INFO] [30012] PREPARE received from 30120 for REQUEST 1741682891617
[2025-03-11 17:48:16,142] [INFO] [30012] COMMIT received from 30120 for REQUEST 1741682891617
[2025-03-11 17:48:16,309] [INFO] [30012] PREPARE received from 30015 for REQUEST 1741682891617
[2025-03-11 17:48:16,309] [INFO] [30012] COMMIT received from 30015 for REQUEST 1741682891617
[2025-03-11 17:48:16,457] [INFO] [30012] PREPARE received from 30046 for REQUEST 1741682891617
[2025-03-11 17:48:16,497] [INFO] [30012] COMMIT received from 30046 for REQUEST 1741682891617
[2025-03-11 17:48:16,846] [INFO] [30012] PREPARE received from 30103 for REQUEST 1741682891617
[2025-03-11 17:48:16,850] [INFO] [30012] COMMIT received from 30103 for REQUEST 1741682891617
[2025-03-11 17:48:16,852] [INFO] [30012] PREPARE received from 30149 for REQUEST 1741682891617
[2025-03-11 17:48:16,859] [INFO] [30012] COMMIT received from 30149 for REQUEST 1741682891617
[2025-03-11 17:48:16,941] [INFO] [30012] PREPARE received from 30007 for REQUEST 1741682891617
[2025-03-11 17:48:16,941] [INFO] [30012] COMMIT received from 30007 for REQUEST 1741682891617
