[2025-03-11 17:38:25,033] [INFO] Node started: localhost:30044 | index=45 | f=1, k=4
[2025-03-11 17:38:33,671] [INFO] [30044] PRE-PREPARE received: {'request_id': 1741682313511, 'data': 'llapbft_message_1741682313511', 'timestamp': 1741682313.5429404, 'leader': 30018, 'cluster_id': 2, 'cluster_ports': [30017, 30018, 30022, 30023, 30030, 30033, 30039, 30040, 30042, 30044, 30045, 30046, 30047, 30049, 30054, 30059, 30061, 30062, 30063, 30065, 30066, 30070, 30073, 30076, 30078], 'cluster_manager': {'host': 'localhost', 'port': 30076, 'latitude': 36.6266151, 'longitude': 127.4594514, 'altitude': 117, 'offset_m': 'lat: 1 m, lng: 84 m, alt: 117 m'}, 'simulated_delay': 0.0002231111111111111, 'distance': 162.16555448422952, 'message_size_bits': 4016}
[2025-03-11 17:38:33,673] [INFO] [30044] Broadcasting PREPARE: REQUEST 1741682313511
[2025-03-11 17:38:33,768] [INFO] [30044] PREPARE received from 30073 for REQUEST 1741682313511
[2025-03-11 17:38:33,770] [INFO] [30044] Broadcasting COMMIT: REQUEST 1741682313511
[2025-03-11 17:38:33,859] [INFO] [30044] PREPARE received from 30030 for REQUEST 1741682313511
[2025-03-11 17:38:33,859] [INFO] [30044] PREPARE received from 30047 for REQUEST 1741682313511
[2025-03-11 17:38:33,859] [INFO] [30044] PREPARE received from 30022 for REQUEST 1741682313511
[2025-03-11 17:38:33,862] [INFO] [30044] COMMIT received from 30030 for REQUEST 1741682313511
[2025-03-11 17:38:33,862] [INFO] [30044] COMMIT received from 30047 for REQUEST 1741682313511
[2025-03-11 17:38:33,862] [INFO] [30044] COMMIT complete. Sending PRE-REPLY: REQUEST 1741682313511 directly to Manager 30076
[2025-03-11 17:38:33,862] [INFO] [30044] COMMIT received from 30022 for REQUEST 1741682313511
[2025-03-11 17:38:33,916] [INFO] [30044] PREPARE received from 30062 for REQUEST 1741682313511
[2025-03-11 17:38:33,916] [INFO] [30044] COMMIT received from 30062 for REQUEST 1741682313511
[2025-03-11 17:38:33,918] [INFO] [30044] COMMIT received from 30078 for REQUEST 1741682313511
[2025-03-11 17:38:33,918] [INFO] [30044] PREPARE received from 30078 for REQUEST 1741682313511
[2025-03-11 17:38:33,926] [INFO] [30044] PREPARE received from 30049 for REQUEST 1741682313511
[2025-03-11 17:38:33,945] [INFO] [30044] COMMIT received from 30049 for REQUEST 1741682313511
[2025-03-11 17:38:33,965] [INFO] [30044] PREPARE received from 30065 for REQUEST 1741682313511
[2025-03-11 17:38:33,965] [INFO] [30044] COMMIT received from 30065 for REQUEST 1741682313511
[2025-03-11 17:38:33,971] [INFO] [30044] PREPARE received from 30042 for REQUEST 1741682313511
[2025-03-11 17:38:33,971] [INFO] [30044] PREPARE received from 30054 for REQUEST 1741682313511
[2025-03-11 17:38:33,971] [INFO] [30044] PREPARE received from 30061 for REQUEST 1741682313511
[2025-03-11 17:38:33,971] [INFO] [30044] PREPARE received from 30059 for REQUEST 1741682313511
[2025-03-11 17:38:33,971] [INFO] [30044] PREPARE received from 30046 for REQUEST 1741682313511
[2025-03-11 17:38:33,971] [INFO] [30044] PREPARE received from 30063 for REQUEST 1741682313511
[2025-03-11 17:38:33,971] [INFO] [30044] COMMIT received from 30018 for REQUEST 1741682313511
[2025-03-11 17:38:33,971] [INFO] [30044] PREPARE received from 30066 for REQUEST 1741682313511
[2025-03-11 17:38:33,990] [INFO] [30044] COMMIT received from 30063 for REQUEST 1741682313511
[2025-03-11 17:38:33,992] [INFO] [30044] COMMIT received from 30059 for REQUEST 1741682313511
[2025-03-11 17:38:33,992] [INFO] [30044] PREPARE received from 30040 for REQUEST 1741682313511
[2025-03-11 17:38:33,992] [INFO] [30044] PREPARE received from 30033 for REQUEST 1741682313511
[2025-03-11 17:38:33,992] [INFO] [30044] COMMIT received from 30061 for REQUEST 1741682313511
[2025-03-11 17:38:33,992] [INFO] [30044] COMMIT received from 30054 for REQUEST 1741682313511
[2025-03-11 17:38:33,994] [INFO] [30044] COMMIT received from 30066 for REQUEST 1741682313511
[2025-03-11 17:38:34,000] [INFO] [30044] PREPARE received from 30070 for REQUEST 1741682313511
[2025-03-11 17:38:34,000] [INFO] [30044] COMMIT received from 30046 for REQUEST 1741682313511
[2025-03-11 17:38:34,000] [INFO] [30044] COMMIT received from 30073 for REQUEST 1741682313511
[2025-03-11 17:38:34,003] [INFO] [30044] PREPARE received from 30039 for REQUEST 1741682313511
[2025-03-11 17:38:34,003] [INFO] [30044] COMMIT received from 30040 for REQUEST 1741682313511
[2025-03-11 17:38:34,006] [INFO] [30044] COMMIT received from 30033 for REQUEST 1741682313511
[2025-03-11 17:38:34,006] [INFO] [30044] COMMIT received from 30070 for REQUEST 1741682313511
[2025-03-11 17:38:34,006] [INFO] [30044] COMMIT received from 30042 for REQUEST 1741682313511
[2025-03-11 17:38:34,007] [INFO] [30044] COMMIT received from 30039 for REQUEST 1741682313511
[2025-03-11 17:38:34,009] [INFO] [30044] PREPARE received from 30017 for REQUEST 1741682313511
[2025-03-11 17:38:34,011] [INFO] [30044] PREPARE received from 30045 for REQUEST 1741682313511
[2025-03-11 17:38:34,013] [INFO] [30044] COMMIT received from 30017 for REQUEST 1741682313511
[2025-03-11 17:38:34,013] [INFO] [30044] COMMIT received from 30045 for REQUEST 1741682313511
[2025-03-11 17:38:34,013] [INFO] [30044] PREPARE received from 30023 for REQUEST 1741682313511
[2025-03-11 17:38:34,015] [INFO] [30044] COMMIT received from 30023 for REQUEST 1741682313511
[2025-03-11 17:40:53,720] [INFO] Node started: localhost:30044 | index=45 | f=1, k=4
[2025-03-11 17:41:09,428] [INFO] [30044] PRE-PREPARE received: {'request_id': 1741682469395, 'data': 'llapbft_message_1741682469395', 'timestamp': 1741682469.412458, 'leader': 30033, 'cluster_id': 0, 'cluster_ports': [30012, 30018, 30021, 30024, 30033, 30036, 30039, 30040, 30044, 30050, 30052, 30055, 30063, 30071, 30072, 30074, 30078, 30079, 30111, 30113, 30115, 30116, 30118], 'cluster_manager': {'host': 'localhost', 'port': 30079, 'latitude': 36.627455, 'longitude': 127.4589625, 'altitude': 158, 'offset_m': 'lat: 94 m, lng: 41 m, alt: 158 m'}, 'simulated_delay': 0.00010822222222222223, 'distance': 98.61660109309143, 'message_size_bits': 3896}
[2025-03-11 17:41:09,428] [INFO] [30044] Broadcasting PREPARE: REQUEST 1741682469395
[2025-03-11 17:41:09,601] [INFO] [30044] PREPARE received from 30040 for REQUEST 1741682469395
[2025-03-11 17:41:09,601] [INFO] [30044] Broadcasting COMMIT: REQUEST 1741682469395
[2025-03-11 17:41:09,696] [INFO] [30044] PREPARE received from 30063 for REQUEST 1741682469395
[2025-03-11 17:41:09,696] [INFO] [30044] PREPARE received from 30078 for REQUEST 1741682469395
[2025-03-11 17:41:09,714] [INFO] [30044] PREPARE received from 30024 for REQUEST 1741682469395
[2025-03-11 17:41:09,714] [INFO] [30044] COMMIT received from 30033 for REQUEST 1741682469395
[2025-03-11 17:41:09,714] [INFO] [30044] PREPARE received from 30021 for REQUEST 1741682469395
[2025-03-11 17:41:09,714] [INFO] [30044] PREPARE received from 30116 for REQUEST 1741682469395
[2025-03-11 17:41:09,714] [INFO] [30044] PREPARE received from 30113 for REQUEST 1741682469395
[2025-03-11 17:41:09,838] [INFO] [30044] PREPARE received from 30118 for REQUEST 1741682469395
[2025-03-11 17:41:09,838] [INFO] [30044] PREPARE received from 30115 for REQUEST 1741682469395
[2025-03-11 17:41:10,065] [INFO] [30044] PREPARE received from 30036 for REQUEST 1741682469395
[2025-03-11 17:41:10,065] [INFO] [30044] PREPARE received from 30055 for REQUEST 1741682469395
[2025-03-11 17:41:10,065] [INFO] [30044] PREPARE received from 30018 for REQUEST 1741682469395
[2025-03-11 17:41:10,065] [INFO] [30044] COMMIT received from 30115 for REQUEST 1741682469395
[2025-03-11 17:41:10,065] [INFO] [30044] COMMIT complete. Sending PRE-REPLY: REQUEST 1741682469395 directly to Manager 30079
[2025-03-11 17:41:10,065] [INFO] [30044] PREPARE received from 30071 for REQUEST 1741682469395
[2025-03-11 17:41:10,072] [INFO] [30044] PREPARE received from 30050 for REQUEST 1741682469395
[2025-03-11 17:41:10,149] [INFO] [30044] COMMIT received from 30078 for REQUEST 1741682469395
[2025-03-11 17:41:10,173] [INFO] [30044] COMMIT received from 30071 for REQUEST 1741682469395
[2025-03-11 17:41:10,173] [INFO] [30044] COMMIT received from 30021 for REQUEST 1741682469395
[2025-03-11 17:41:10,173] [INFO] [30044] COMMIT received from 30024 for REQUEST 1741682469395
[2025-03-11 17:41:10,173] [INFO] [30044] COMMIT received from 30055 for REQUEST 1741682469395
[2025-03-11 17:41:10,180] [INFO] [30044] COMMIT received from 30063 for REQUEST 1741682469395
[2025-03-11 17:41:10,180] [INFO] [30044] COMMIT received from 30040 for REQUEST 1741682469395
[2025-03-11 17:41:10,180] [INFO] [30044] COMMIT received from 30118 for REQUEST 1741682469395
[2025-03-11 17:41:10,180] [INFO] [30044] COMMIT received from 30113 for REQUEST 1741682469395
[2025-03-11 17:41:10,206] [INFO] [30044] PREPARE received from 30012 for REQUEST 1741682469395
[2025-03-11 17:41:10,208] [INFO] [30044] COMMIT received from 30116 for REQUEST 1741682469395
[2025-03-11 17:41:10,218] [INFO] [30044] COMMIT received from 30018 for REQUEST 1741682469395
[2025-03-11 17:41:10,218] [INFO] [30044] COMMIT received from 30050 for REQUEST 1741682469395
[2025-03-11 17:41:10,218] [INFO] [30044] PREPARE received from 30111 for REQUEST 1741682469395
[2025-03-11 17:41:10,218] [INFO] [30044] COMMIT received from 30012 for REQUEST 1741682469395
[2025-03-11 17:41:10,218] [INFO] [30044] COMMIT received from 30111 for REQUEST 1741682469395
[2025-03-11 17:41:10,218] [INFO] [30044] PREPARE received from 30052 for REQUEST 1741682469395
[2025-03-11 17:41:10,218] [INFO] [30044] PREPARE received from 30072 for REQUEST 1741682469395
[2025-03-11 17:41:10,223] [INFO] [30044] COMMIT received from 30036 for REQUEST 1741682469395
[2025-03-11 17:41:10,223] [INFO] [30044] COMMIT received from 30072 for REQUEST 1741682469395
[2025-03-11 17:41:10,234] [INFO] [30044] PREPARE received from 30039 for REQUEST 1741682469395
[2025-03-11 17:41:10,234] [INFO] [30044] COMMIT received from 30052 for REQUEST 1741682469395
[2025-03-11 17:41:10,265] [INFO] [30044] COMMIT received from 30039 for REQUEST 1741682469395
[2025-03-11 17:41:10,359] [INFO] [30044] PREPARE received from 30074 for REQUEST 1741682469395
[2025-03-11 17:41:10,359] [INFO] [30044] COMMIT received from 30074 for REQUEST 1741682469395
[2025-03-11 17:44:02,175] [INFO] Node started: localhost:30044 | index=45 | f=1, k=4
[2025-03-11 17:44:26,336] [INFO] [30044] PRE-PREPARE received: {'request_id': 1741682666245, 'data': 'llapbft_message_1741682666245', 'timestamp': 1741682666.2776651, 'leader': 30000, 'cluster_id': 0, 'cluster_ports': [30000, 30003, 30007, 30016, 30019, 30020, 30023, 30025, 30027, 30028, 30031, 30032, 30034, 30038, 30044, 30047, 30048, 30050, 30054, 30055, 30058, 30062, 30065, 30066, 30071, 30077, 30078, 30083, 30097, 30101, 30113, 30114, 30116, 30120, 30124, 30128, 30134, 30136, 30141, 30144, 30146, 30151, 30154, 30156], 'cluster_manager': {'host': 'localhost', 'port': 30114, 'latitude': 36.6267099, 'longitude': 127.4591412, 'altitude': 98, 'offset_m': 'lat: 12 m, lng: 57 m, alt: 98 m'}, 'simulated_delay': 0.00021133333333333334, 'distance': 147.48482526873897, 'message_size_bits': 5072}
[2025-03-11 17:44:26,336] [INFO] [30044] Broadcasting PREPARE: REQUEST 1741682666245
[2025-03-11 17:44:26,750] [INFO] [30044] PREPARE received from 30034 for REQUEST 1741682666245
[2025-03-11 17:44:26,750] [INFO] [30044] Broadcasting COMMIT: REQUEST 1741682666245
[2025-03-11 17:44:26,750] [INFO] [30044] PREPARE received from 30078 for REQUEST 1741682666245
[2025-03-11 17:44:26,750] [INFO] [30044] PREPARE received from 30031 for REQUEST 1741682666245
[2025-03-11 17:44:26,758] [INFO] [30044] PREPARE received from 30116 for REQUEST 1741682666245
[2025-03-11 17:44:26,979] [INFO] [30044] COMMIT received from 30078 for REQUEST 1741682666245
[2025-03-11 17:44:27,059] [INFO] [30044] COMMIT received from 30116 for REQUEST 1741682666245
[2025-03-11 17:44:27,059] [INFO] [30044] COMMIT complete. Sending PRE-REPLY: REQUEST 1741682666245 directly to Manager 30114
[2025-03-11 17:44:27,128] [INFO] [30044] COMMIT received from 30031 for REQUEST 1741682666245
[2025-03-11 17:44:27,128] [INFO] [30044] COMMIT received from 30034 for REQUEST 1741682666245
[2025-03-11 17:44:27,145] [INFO] [30044] PREPARE received from 30038 for REQUEST 1741682666245
[2025-03-11 17:44:27,260] [INFO] [30044] COMMIT received from 30038 for REQUEST 1741682666245
[2025-03-11 17:44:27,262] [INFO] [30044] PREPARE received from 30141 for REQUEST 1741682666245
[2025-03-11 17:44:27,262] [INFO] [30044] COMMIT received from 30141 for REQUEST 1741682666245
[2025-03-11 17:44:27,318] [INFO] [30044] PREPARE received from 30065 for REQUEST 1741682666245
[2025-03-11 17:44:27,319] [INFO] [30044] COMMIT received from 30065 for REQUEST 1741682666245
[2025-03-11 17:44:27,481] [INFO] [30044] PREPARE received from 30007 for REQUEST 1741682666245
[2025-03-11 17:44:27,485] [INFO] [30044] PREPARE received from 30120 for REQUEST 1741682666245
[2025-03-11 17:44:27,485] [INFO] [30044] COMMIT received from 30007 for REQUEST 1741682666245
[2025-03-11 17:44:27,485] [INFO] [30044] COMMIT received from 30120 for REQUEST 1741682666245
[2025-03-11 17:44:27,644] [INFO] [30044] PREPARE received from 30019 for REQUEST 1741682666245
[2025-03-11 17:44:27,828] [INFO] [30044] PREPARE received from 30020 for REQUEST 1741682666245
[2025-03-11 17:44:27,828] [INFO] [30044] COMMIT received from 30020 for REQUEST 1741682666245
[2025-03-11 17:44:27,858] [INFO] [30044] PREPARE received from 30062 for REQUEST 1741682666245
[2025-03-11 17:44:27,868] [INFO] [30044] COMMIT received from 30062 for REQUEST 1741682666245
[2025-03-11 17:44:28,050] [INFO] [30044] PREPARE received from 30054 for REQUEST 1741682666245
[2025-03-11 17:44:28,089] [INFO] [30044] COMMIT received from 30054 for REQUEST 1741682666245
[2025-03-11 17:44:28,089] [INFO] [30044] COMMIT received from 30019 for REQUEST 1741682666245
[2025-03-11 17:44:28,100] [INFO] [30044] PREPARE received from 30003 for REQUEST 1741682666245
[2025-03-11 17:44:28,102] [INFO] [30044] PREPARE received from 30016 for REQUEST 1741682666245
[2025-03-11 17:44:28,102] [INFO] [30044] PREPARE received from 30136 for REQUEST 1741682666245
[2025-03-11 17:44:28,102] [INFO] [30044] PREPARE received from 30027 for REQUEST 1741682666245
[2025-03-11 17:44:28,112] [INFO] [30044] COMMIT received from 30077 for REQUEST 1741682666245
[2025-03-11 17:44:28,112] [INFO] [30044] COMMIT received from 30003 for REQUEST 1741682666245
[2025-03-11 17:44:28,112] [INFO] [30044] COMMIT received from 30016 for REQUEST 1741682666245
[2025-03-11 17:44:28,120] [INFO] [30044] COMMIT received from 30027 for REQUEST 1741682666245
[2025-03-11 17:44:28,120] [INFO] [30044] COMMIT received from 30136 for REQUEST 1741682666245
[2025-03-11 17:44:28,142] [INFO] [30044] PREPARE received from 30077 for REQUEST 1741682666245
[2025-03-11 17:44:28,221] [INFO] [30044] COMMIT received from 30000 for REQUEST 1741682666245
[2025-03-11 17:44:28,235] [INFO] [30044] PREPARE received from 30050 for REQUEST 1741682666245
[2025-03-11 17:44:28,235] [INFO] [30044] COMMIT received from 30050 for REQUEST 1741682666245
[2025-03-11 17:44:28,330] [INFO] [30044] PREPARE received from 30156 for REQUEST 1741682666245
[2025-03-11 17:44:28,331] [INFO] [30044] COMMIT received from 30156 for REQUEST 1741682666245
[2025-03-11 17:44:28,376] [INFO] [30044] PREPARE received from 30151 for REQUEST 1741682666245
[2025-03-11 17:44:28,401] [INFO] [30044] COMMIT received from 30151 for REQUEST 1741682666245
[2025-03-11 17:44:29,044] [INFO] [30044] PREPARE received from 30066 for REQUEST 1741682666245
[2025-03-11 17:44:29,044] [INFO] [30044] COMMIT received from 30066 for REQUEST 1741682666245
[2025-03-11 17:44:29,078] [INFO] [30044] PREPARE received from 30058 for REQUEST 1741682666245
[2025-03-11 17:44:29,088] [INFO] [30044] COMMIT received from 30058 for REQUEST 1741682666245
[2025-03-11 17:44:29,156] [INFO] [30044] PREPARE received from 30146 for REQUEST 1741682666245
[2025-03-11 17:44:29,164] [INFO] [30044] COMMIT received from 30146 for REQUEST 1741682666245
[2025-03-11 17:44:29,250] [INFO] [30044] PREPARE received from 30055 for REQUEST 1741682666245
[2025-03-11 17:44:29,250] [INFO] [30044] COMMIT received from 30055 for REQUEST 1741682666245
[2025-03-11 17:44:29,284] [INFO] [30044] PREPARE received from 30101 for REQUEST 1741682666245
[2025-03-11 17:44:29,286] [INFO] [30044] COMMIT received from 30101 for REQUEST 1741682666245
[2025-03-11 17:44:29,316] [INFO] [30044] PREPARE received from 30023 for REQUEST 1741682666245
[2025-03-11 17:44:29,318] [INFO] [30044] COMMIT received from 30023 for REQUEST 1741682666245
[2025-03-11 17:44:29,355] [INFO] [30044] PREPARE received from 30025 for REQUEST 1741682666245
[2025-03-11 17:44:29,397] [INFO] [30044] PREPARE received from 30113 for REQUEST 1741682666245
[2025-03-11 17:44:29,397] [INFO] [30044] COMMIT received from 30113 for REQUEST 1741682666245
[2025-03-11 17:44:29,409] [INFO] [30044] COMMIT received from 30025 for REQUEST 1741682666245
[2025-03-11 17:44:29,427] [INFO] [30044] PREPARE received from 30097 for REQUEST 1741682666245
[2025-03-11 17:44:29,427] [INFO] [30044] COMMIT received from 30097 for REQUEST 1741682666245
[2025-03-11 17:44:29,447] [INFO] [30044] PREPARE received from 30124 for REQUEST 1741682666245
[2025-03-11 17:44:29,449] [INFO] [30044] COMMIT received from 30124 for REQUEST 1741682666245
[2025-03-11 17:44:29,471] [INFO] [30044] PREPARE received from 30071 for REQUEST 1741682666245
[2025-03-11 17:44:29,471] [INFO] [30044] COMMIT received from 30071 for REQUEST 1741682666245
[2025-03-11 17:44:29,486] [INFO] [30044] PREPARE received from 30028 for REQUEST 1741682666245
[2025-03-11 17:44:29,486] [INFO] [30044] COMMIT received from 30028 for REQUEST 1741682666245
[2025-03-11 17:44:29,508] [INFO] [30044] PREPARE received from 30154 for REQUEST 1741682666245
[2025-03-11 17:44:29,508] [INFO] [30044] PREPARE received from 30032 for REQUEST 1741682666245
[2025-03-11 17:44:29,516] [INFO] [30044] COMMIT received from 30154 for REQUEST 1741682666245
[2025-03-11 17:44:29,516] [INFO] [30044] PREPARE received from 30128 for REQUEST 1741682666245
[2025-03-11 17:44:29,518] [INFO] [30044] COMMIT received from 30032 for REQUEST 1741682666245
[2025-03-11 17:44:29,518] [INFO] [30044] COMMIT received from 30128 for REQUEST 1741682666245
[2025-03-11 17:47:38,882] [INFO] Node started: localhost:30044 | index=45 | f=1, k=4
[2025-03-11 17:48:11,701] [INFO] [30044] PRE-PREPARE received: {'request_id': 1741682891617, 'data': 'llapbft_message_1741682891617', 'timestamp': 1741682891.640408, 'leader': 30150, 'cluster_id': 2, 'cluster_ports': [30007, 30008, 30012, 30015, 30019, 30025, 30029, 30030, 30039, 30044, 30046, 30050, 30054, 30056, 30063, 30065, 30068, 30072, 30074, 30077, 30080, 30083, 30085, 30094, 30103, 30105, 30112, 30114, 30120, 30125, 30129, 30130, 30134, 30145, 30147, 30148, 30149, 30150, 30155, 30158, 30166, 30167, 30172, 30174, 30188, 30192, 30199], 'cluster_manager': {'host': 'localhost', 'port': 30029, 'latitude': 36.6266259, 'longitude': 127.4590111, 'altitude': 13, 'offset_m': 'lat: 2 m, lng: 45 m, alt: 13 m'}, 'simulated_delay': 0.0004353333333333333, 'distance': 237.33711097688982, 'message_size_bits': 5224}
[2025-03-11 17:48:11,701] [INFO] [30044] Broadcasting PREPARE: REQUEST 1741682891617
[2025-03-11 17:48:12,362] [INFO] [30044] PREPARE received from 30192 for REQUEST 1741682891617
[2025-03-11 17:48:12,362] [INFO] [30044] Broadcasting COMMIT: REQUEST 1741682891617
[2025-03-11 17:48:12,362] [INFO] [30044] PREPARE received from 30050 for REQUEST 1741682891617
[2025-03-11 17:48:12,487] [INFO] [30044] PREPARE received from 30148 for REQUEST 1741682891617
[2025-03-11 17:48:12,487] [INFO] [30044] PREPARE received from 30174 for REQUEST 1741682891617
[2025-03-11 17:48:12,487] [INFO] [30044] PREPARE received from 30105 for REQUEST 1741682891617
[2025-03-11 17:48:12,489] [INFO] [30044] PREPARE received from 30166 for REQUEST 1741682891617
[2025-03-11 17:48:12,489] [INFO] [30044] PREPARE received from 30077 for REQUEST 1741682891617
[2025-03-11 17:48:12,489] [INFO] [30044] PREPARE received from 30030 for REQUEST 1741682891617
[2025-03-11 17:48:12,521] [INFO] [30044] PREPARE received from 30112 for REQUEST 1741682891617
[2025-03-11 17:48:12,529] [INFO] [30044] PREPARE received from 30114 for REQUEST 1741682891617
[2025-03-11 17:48:13,142] [INFO] [30044] PREPARE received from 30039 for REQUEST 1741682891617
[2025-03-11 17:48:13,407] [INFO] [30044] COMMIT received from 30050 for REQUEST 1741682891617
[2025-03-11 17:48:13,407] [INFO] [30044] PREPARE received from 30094 for REQUEST 1741682891617
[2025-03-11 17:48:13,418] [INFO] [30044] PREPARE received from 30054 for REQUEST 1741682891617
[2025-03-11 17:48:13,418] [INFO] [30044] PREPARE received from 30188 for REQUEST 1741682891617
[2025-03-11 17:48:13,418] [INFO] [30044] COMMIT received from 30077 for REQUEST 1741682891617
[2025-03-11 17:48:13,418] [INFO] [30044] COMMIT complete. Sending PRE-REPLY: REQUEST 1741682891617 directly to Manager 30029
[2025-03-11 17:48:13,491] [INFO] [30044] COMMIT received from 30166 for REQUEST 1741682891617
[2025-03-11 17:48:13,842] [INFO] [30044] COMMIT received from 30105 for REQUEST 1741682891617
[2025-03-11 17:48:13,843] [INFO] [30044] COMMIT received from 30148 for REQUEST 1741682891617
[2025-03-11 17:48:13,919] [INFO] [30044] COMMIT received from 30174 for REQUEST 1741682891617
[2025-03-11 17:48:13,989] [INFO] [30044] COMMIT received from 30192 for REQUEST 1741682891617
[2025-03-11 17:48:13,989] [INFO] [30044] PREPARE received from 30008 for REQUEST 1741682891617
[2025-03-11 17:48:13,989] [INFO] [30044] PREPARE received from 30134 for REQUEST 1741682891617
[2025-03-11 17:48:13,989] [INFO] [30044] PREPARE received from 30120 for REQUEST 1741682891617
[2025-03-11 17:48:14,055] [INFO] [30044] PREPARE received from 30072 for REQUEST 1741682891617
[2025-03-11 17:48:14,055] [INFO] [30044] COMMIT received from 30072 for REQUEST 1741682891617
[2025-03-11 17:48:14,055] [INFO] [30044] COMMIT received from 30114 for REQUEST 1741682891617
[2025-03-11 17:48:14,055] [INFO] [30044] COMMIT received from 30134 for REQUEST 1741682891617
[2025-03-11 17:48:14,055] [INFO] [30044] PREPARE received from 30012 for REQUEST 1741682891617
[2025-03-11 17:48:14,055] [INFO] [30044] COMMIT received from 30112 for REQUEST 1741682891617
[2025-03-11 17:48:14,055] [INFO] [30044] PREPARE received from 30172 for REQUEST 1741682891617
[2025-03-11 17:48:14,055] [INFO] [30044] PREPARE received from 30083 for REQUEST 1741682891617
[2025-03-11 17:48:14,055] [INFO] [30044] COMMIT received from 30083 for REQUEST 1741682891617
[2025-03-11 17:48:14,085] [INFO] [30044] COMMIT received from 30012 for REQUEST 1741682891617
[2025-03-11 17:48:14,085] [INFO] [30044] COMMIT received from 30030 for REQUEST 1741682891617
[2025-03-11 17:48:14,148] [INFO] [30044] COMMIT received from 30172 for REQUEST 1741682891617
[2025-03-11 17:48:14,285] [INFO] [30044] COMMIT received from 30039 for REQUEST 1741682891617
[2025-03-11 17:48:14,368] [INFO] [30044] PREPARE received from 30145 for REQUEST 1741682891617
[2025-03-11 17:48:14,480] [INFO] [30044] COMMIT received from 30008 for REQUEST 1741682891617
[2025-03-11 17:48:14,532] [INFO] [30044] PREPARE received from 30056 for REQUEST 1741682891617
[2025-03-11 17:48:14,544] [INFO] [30044] COMMIT received from 30054 for REQUEST 1741682891617
[2025-03-11 17:48:14,595] [INFO] [30044] PREPARE received from 30080 for REQUEST 1741682891617
[2025-03-11 17:48:14,658] [INFO] [30044] COMMIT received from 30145 for REQUEST 1741682891617
[2025-03-11 17:48:14,663] [INFO] [30044] COMMIT received from 30080 for REQUEST 1741682891617
[2025-03-11 17:48:14,705] [INFO] [30044] COMMIT received from 30094 for REQUEST 1741682891617
[2025-03-11 17:48:14,726] [INFO] [30044] COMMIT received from 30150 for REQUEST 1741682891617
[2025-03-11 17:48:15,119] [INFO] [30044] PREPARE received from 30130 for REQUEST 1741682891617
[2025-03-11 17:48:15,119] [INFO] [30044] COMMIT received from 30130 for REQUEST 1741682891617
[2025-03-11 17:48:15,320] [INFO] [30044] PREPARE received from 30149 for REQUEST 1741682891617
[2025-03-11 17:48:15,442] [INFO] [30044] COMMIT received from 30188 for REQUEST 1741682891617
[2025-03-11 17:48:15,536] [INFO] [30044] COMMIT received from 30149 for REQUEST 1741682891617
[2025-03-11 17:48:15,602] [INFO] [30044] COMMIT received from 30120 for REQUEST 1741682891617
[2025-03-11 17:48:15,723] [INFO] [30044] COMMIT received from 30056 for REQUEST 1741682891617
[2025-03-11 17:48:15,920] [INFO] [30044] PREPARE received from 30129 for REQUEST 1741682891617
[2025-03-11 17:48:15,981] [INFO] [30044] PREPARE received from 30085 for REQUEST 1741682891617
[2025-03-11 17:48:15,981] [INFO] [30044] COMMIT received from 30085 for REQUEST 1741682891617
[2025-03-11 17:48:15,981] [INFO] [30044] COMMIT received from 30129 for REQUEST 1741682891617
[2025-03-11 17:48:16,009] [INFO] [30044] PREPARE received from 30025 for REQUEST 1741682891617
[2025-03-11 17:48:16,009] [INFO] [30044] PREPARE received from 30068 for REQUEST 1741682891617
[2025-03-11 17:48:16,011] [INFO] [30044] PREPARE received from 30007 for REQUEST 1741682891617
[2025-03-11 17:48:16,011] [INFO] [30044] COMMIT received from 30068 for REQUEST 1741682891617
[2025-03-11 17:48:16,011] [INFO] [30044] COMMIT received from 30007 for REQUEST 1741682891617
[2025-03-11 17:48:16,058] [INFO] [30044] COMMIT received from 30025 for REQUEST 1741682891617
[2025-03-11 17:48:16,241] [INFO] [30044] PREPARE received from 30046 for REQUEST 1741682891617
[2025-03-11 17:48:16,241] [INFO] [30044] COMMIT received from 30063 for REQUEST 1741682891617
[2025-03-11 17:48:16,241] [INFO] [30044] PREPARE received from 30063 for REQUEST 1741682891617
[2025-03-11 17:48:16,349] [INFO] [30044] COMMIT received from 30046 for REQUEST 1741682891617
[2025-03-11 17:48:16,674] [INFO] [30044] PREPARE received from 30015 for REQUEST 1741682891617
[2025-03-11 17:48:16,674] [INFO] [30044] COMMIT received from 30015 for REQUEST 1741682891617
[2025-03-11 17:48:16,764] [INFO] [30044] PREPARE received from 30103 for REQUEST 1741682891617
[2025-03-11 17:48:16,764] [INFO] [30044] COMMIT received from 30103 for REQUEST 1741682891617
[2025-03-11 17:48:16,764] [INFO] [30044] PREPARE received from 30065 for REQUEST 1741682891617
[2025-03-11 17:48:16,768] [INFO] [30044] PREPARE received from 30158 for REQUEST 1741682891617
[2025-03-11 17:48:16,768] [INFO] [30044] COMMIT received from 30158 for REQUEST 1741682891617
[2025-03-11 17:48:16,768] [INFO] [30044] COMMIT received from 30065 for REQUEST 1741682891617
