[2025-03-11 17:38:31,862] [INFO] Node started: localhost:30078 | index=79 | f=1, k=4
[2025-03-11 17:38:33,669] [INFO] [30078] PRE-PREPARE received: {'request_id': 1741682313511, 'data': 'llapbft_message_1741682313511', 'timestamp': 1741682313.5429404, 'leader': 30018, 'cluster_id': 2, 'cluster_ports': [30017, 30018, 30022, 30023, 30030, 30033, 30039, 30040, 30042, 30044, 30045, 30046, 30047, 30049, 30054, 30059, 30061, 30062, 30063, 30065, 30066, 30070, 30073, 30076, 30078], 'cluster_manager': {'host': 'localhost', 'port': 30076, 'latitude': 36.6266151, 'longitude': 127.4594514, 'altitude': 117, 'offset_m': 'lat: 1 m, lng: 84 m, alt: 117 m'}, 'simulated_delay': 0.0002231111111111111, 'distance': 194.18097695489823, 'message_size_bits': 4016}
[2025-03-11 17:38:33,671] [INFO] [30078] Broadcasting PREPARE: REQUEST 1741682313511
[2025-03-11 17:38:33,702] [INFO] [30078] PREPARE received from 30065 for REQUEST 1741682313511
[2025-03-11 17:38:33,702] [INFO] [30078] Broadcasting COMMIT: REQUEST 1741682313511
[2025-03-11 17:38:33,778] [INFO] [30078] PREPARE received from 30023 for REQUEST 1741682313511
[2025-03-11 17:38:33,792] [INFO] [30078] COMMIT received from 30065 for REQUEST 1741682313511
[2025-03-11 17:38:33,798] [INFO] [30078] PREPARE received from 30022 for REQUEST 1741682313511
[2025-03-11 17:38:33,805] [INFO] [30078] PREPARE received from 30030 for REQUEST 1741682313511
[2025-03-11 17:38:33,805] [INFO] [30078] COMMIT received from 30022 for REQUEST 1741682313511
[2025-03-11 17:38:33,805] [INFO] [30078] COMMIT complete. Sending PRE-REPLY: REQUEST 1741682313511 directly to Manager 30076
[2025-03-11 17:38:33,805] [INFO] [30078] COMMIT received from 30030 for REQUEST 1741682313511
[2025-03-11 17:38:33,890] [INFO] [30078] COMMIT received from 30023 for REQUEST 1741682313511
[2025-03-11 17:38:33,905] [INFO] [30078] PREPARE received from 30062 for REQUEST 1741682313511
[2025-03-11 17:38:33,918] [INFO] [30078] COMMIT received from 30062 for REQUEST 1741682313511
[2025-03-11 17:38:33,933] [INFO] [30078] PREPARE received from 30040 for REQUEST 1741682313511
[2025-03-11 17:38:33,941] [INFO] [30078] PREPARE received from 30066 for REQUEST 1741682313511
[2025-03-11 17:38:33,949] [INFO] [30078] COMMIT received from 30066 for REQUEST 1741682313511
[2025-03-11 17:38:33,952] [INFO] [30078] COMMIT received from 30040 for REQUEST 1741682313511
[2025-03-11 17:38:33,960] [INFO] [30078] COMMIT received from 30018 for REQUEST 1741682313511
[2025-03-11 17:38:33,971] [INFO] [30078] PREPARE received from 30033 for REQUEST 1741682313511
[2025-03-11 17:38:33,988] [INFO] [30078] PREPARE received from 30047 for REQUEST 1741682313511
[2025-03-11 17:38:33,988] [INFO] [30078] PREPARE received from 30059 for REQUEST 1741682313511
[2025-03-11 17:38:33,990] [INFO] [30078] COMMIT received from 30047 for REQUEST 1741682313511
[2025-03-11 17:38:33,992] [INFO] [30078] PREPARE received from 30049 for REQUEST 1741682313511
[2025-03-11 17:38:33,992] [INFO] [30078] COMMIT received from 30059 for REQUEST 1741682313511
[2025-03-11 17:38:33,994] [INFO] [30078] COMMIT received from 30033 for REQUEST 1741682313511
[2025-03-11 17:38:33,997] [INFO] [30078] COMMIT received from 30049 for REQUEST 1741682313511
[2025-03-11 17:38:33,997] [INFO] [30078] PREPARE received from 30017 for REQUEST 1741682313511
[2025-03-11 17:38:33,999] [INFO] [30078] PREPARE received from 30070 for REQUEST 1741682313511
[2025-03-11 17:38:33,999] [INFO] [30078] PREPARE received from 30046 for REQUEST 1741682313511
[2025-03-11 17:38:34,000] [INFO] [30078] COMMIT received from 30046 for REQUEST 1741682313511
[2025-03-11 17:38:34,000] [INFO] [30078] COMMIT received from 30070 for REQUEST 1741682313511
[2025-03-11 17:38:34,003] [INFO] [30078] COMMIT received from 30017 for REQUEST 1741682313511
[2025-03-11 17:38:34,006] [INFO] [30078] PREPARE received from 30039 for REQUEST 1741682313511
[2025-03-11 17:38:34,009] [INFO] [30078] COMMIT received from 30039 for REQUEST 1741682313511
[2025-03-11 17:38:34,009] [INFO] [30078] PREPARE received from 30042 for REQUEST 1741682313511
[2025-03-11 17:38:34,009] [INFO] [30078] PREPARE received from 30044 for REQUEST 1741682313511
[2025-03-11 17:38:34,009] [INFO] [30078] PREPARE received from 30045 for REQUEST 1741682313511
[2025-03-11 17:38:34,009] [INFO] [30078] COMMIT received from 30042 for REQUEST 1741682313511
[2025-03-11 17:38:34,011] [INFO] [30078] PREPARE received from 30073 for REQUEST 1741682313511
[2025-03-11 17:38:34,011] [INFO] [30078] COMMIT received from 30044 for REQUEST 1741682313511
[2025-03-11 17:38:34,013] [INFO] [30078] COMMIT received from 30045 for REQUEST 1741682313511
[2025-03-11 17:38:34,017] [INFO] [30078] COMMIT received from 30073 for REQUEST 1741682313511
[2025-03-11 17:41:00,552] [INFO] Node started: localhost:30078 | index=79 | f=1, k=4
[2025-03-11 17:41:09,428] [INFO] [30078] PRE-PREPARE received: {'request_id': 1741682469395, 'data': 'llapbft_message_1741682469395', 'timestamp': 1741682469.412458, 'leader': 30033, 'cluster_id': 0, 'cluster_ports': [30012, 30018, 30021, 30024, 30033, 30036, 30039, 30040, 30044, 30050, 30052, 30055, 30063, 30071, 30072, 30074, 30078, 30079, 30111, 30113, 30115, 30116, 30118], 'cluster_manager': {'host': 'localhost', 'port': 30079, 'latitude': 36.627455, 'longitude': 127.4589625, 'altitude': 158, 'offset_m': 'lat: 94 m, lng: 41 m, alt: 158 m'}, 'simulated_delay': 0.00016233333333333334, 'distance': 128.3776493932447, 'message_size_bits': 3896}
[2025-03-11 17:41:09,428] [INFO] [30078] Broadcasting PREPARE: REQUEST 1741682469395
[2025-03-11 17:41:09,682] [INFO] [30078] PREPARE received from 30040 for REQUEST 1741682469395
[2025-03-11 17:41:09,682] [INFO] [30078] Broadcasting COMMIT: REQUEST 1741682469395
[2025-03-11 17:41:09,725] [INFO] [30078] PREPARE received from 30024 for REQUEST 1741682469395
[2025-03-11 17:41:09,725] [INFO] [30078] PREPARE received from 30116 for REQUEST 1741682469395
[2025-03-11 17:41:09,728] [INFO] [30078] PREPARE received from 30036 for REQUEST 1741682469395
[2025-03-11 17:41:09,739] [INFO] [30078] PREPARE received from 30012 for REQUEST 1741682469395
[2025-03-11 17:41:09,739] [INFO] [30078] PREPARE received from 30113 for REQUEST 1741682469395
[2025-03-11 17:41:09,739] [INFO] [30078] PREPARE received from 30021 for REQUEST 1741682469395
[2025-03-11 17:41:09,739] [INFO] [30078] COMMIT received from 30012 for REQUEST 1741682469395
[2025-03-11 17:41:09,739] [INFO] [30078] COMMIT received from 30033 for REQUEST 1741682469395
[2025-03-11 17:41:09,739] [INFO] [30078] COMMIT complete. Sending PRE-REPLY: REQUEST 1741682469395 directly to Manager 30079
[2025-03-11 17:41:09,996] [INFO] [30078] PREPARE received from 30071 for REQUEST 1741682469395
[2025-03-11 17:41:09,996] [INFO] [30078] PREPARE received from 30050 for REQUEST 1741682469395
[2025-03-11 17:41:09,996] [INFO] [30078] PREPARE received from 30111 for REQUEST 1741682469395
[2025-03-11 17:41:09,996] [INFO] [30078] COMMIT received from 30040 for REQUEST 1741682469395
[2025-03-11 17:41:09,996] [INFO] [30078] PREPARE received from 30018 for REQUEST 1741682469395
[2025-03-11 17:41:10,024] [INFO] [30078] COMMIT received from 30024 for REQUEST 1741682469395
[2025-03-11 17:41:10,039] [INFO] [30078] COMMIT received from 30113 for REQUEST 1741682469395
[2025-03-11 17:41:10,112] [INFO] [30078] COMMIT received from 30021 for REQUEST 1741682469395
[2025-03-11 17:41:10,116] [INFO] [30078] COMMIT received from 30050 for REQUEST 1741682469395
[2025-03-11 17:41:10,116] [INFO] [30078] PREPARE received from 30063 for REQUEST 1741682469395
[2025-03-11 17:41:10,122] [INFO] [30078] COMMIT received from 30063 for REQUEST 1741682469395
[2025-03-11 17:41:10,122] [INFO] [30078] COMMIT received from 30071 for REQUEST 1741682469395
[2025-03-11 17:41:10,149] [INFO] [30078] COMMIT received from 30116 for REQUEST 1741682469395
[2025-03-11 17:41:10,154] [INFO] [30078] COMMIT received from 30018 for REQUEST 1741682469395
[2025-03-11 17:41:10,154] [INFO] [30078] COMMIT received from 30111 for REQUEST 1741682469395
[2025-03-11 17:41:10,173] [INFO] [30078] PREPARE received from 30044 for REQUEST 1741682469395
[2025-03-11 17:41:10,202] [INFO] [30078] PREPARE received from 30055 for REQUEST 1741682469395
[2025-03-11 17:41:10,214] [INFO] [30078] COMMIT received from 30055 for REQUEST 1741682469395
[2025-03-11 17:41:10,214] [INFO] [30078] PREPARE received from 30072 for REQUEST 1741682469395
[2025-03-11 17:41:10,218] [INFO] [30078] COMMIT received from 30072 for REQUEST 1741682469395
[2025-03-11 17:41:10,218] [INFO] [30078] COMMIT received from 30044 for REQUEST 1741682469395
[2025-03-11 17:41:10,223] [INFO] [30078] COMMIT received from 30036 for REQUEST 1741682469395
[2025-03-11 17:41:10,286] [INFO] [30078] PREPARE received from 30052 for REQUEST 1741682469395
[2025-03-11 17:41:10,288] [INFO] [30078] COMMIT received from 30052 for REQUEST 1741682469395
[2025-03-11 17:41:10,324] [INFO] [30078] PREPARE received from 30039 for REQUEST 1741682469395
[2025-03-11 17:41:10,334] [INFO] [30078] COMMIT received from 30039 for REQUEST 1741682469395
[2025-03-11 17:41:10,344] [INFO] [30078] PREPARE received from 30074 for REQUEST 1741682469395
[2025-03-11 17:41:10,355] [INFO] [30078] COMMIT received from 30074 for REQUEST 1741682469395
[2025-03-11 17:44:08,997] [INFO] Node started: localhost:30078 | index=79 | f=1, k=4
[2025-03-11 17:44:26,338] [INFO] [30078] PRE-PREPARE received: {'request_id': 1741682666245, 'data': 'llapbft_message_1741682666245', 'timestamp': 1741682666.2776651, 'leader': 30000, 'cluster_id': 0, 'cluster_ports': [30000, 30003, 30007, 30016, 30019, 30020, 30023, 30025, 30027, 30028, 30031, 30032, 30034, 30038, 30044, 30047, 30048, 30050, 30054, 30055, 30058, 30062, 30065, 30066, 30071, 30077, 30078, 30083, 30097, 30101, 30113, 30114, 30116, 30120, 30124, 30128, 30134, 30136, 30141, 30144, 30146, 30151, 30154, 30156], 'cluster_manager': {'host': 'localhost', 'port': 30114, 'latitude': 36.6267099, 'longitude': 127.4591412, 'altitude': 98, 'offset_m': 'lat: 12 m, lng: 57 m, alt: 98 m'}, 'simulated_delay': 0.00021133333333333334, 'distance': 126.81508679178857, 'message_size_bits': 5072}
[2025-03-11 17:44:26,338] [INFO] [30078] Broadcasting PREPARE: REQUEST 1741682666245
[2025-03-11 17:44:26,575] [INFO] [30078] PREPARE received from 30031 for REQUEST 1741682666245
[2025-03-11 17:44:26,575] [INFO] [30078] Broadcasting COMMIT: REQUEST 1741682666245
[2025-03-11 17:44:26,772] [INFO] [30078] PREPARE received from 30034 for REQUEST 1741682666245
[2025-03-11 17:44:26,784] [INFO] [30078] PREPARE received from 30044 for REQUEST 1741682666245
[2025-03-11 17:44:26,814] [INFO] [30078] PREPARE received from 30116 for REQUEST 1741682666245
[2025-03-11 17:44:26,814] [INFO] [30078] PREPARE received from 30065 for REQUEST 1741682666245
[2025-03-11 17:44:26,814] [INFO] [30078] COMMIT received from 30065 for REQUEST 1741682666245
[2025-03-11 17:44:27,095] [INFO] [30078] COMMIT received from 30044 for REQUEST 1741682666245
[2025-03-11 17:44:27,095] [INFO] [30078] COMMIT complete. Sending PRE-REPLY: REQUEST 1741682666245 directly to Manager 30114
[2025-03-11 17:44:27,095] [INFO] [30078] PREPARE received from 30054 for REQUEST 1741682666245
[2025-03-11 17:44:27,097] [INFO] [30078] COMMIT received from 30116 for REQUEST 1741682666245
[2025-03-11 17:44:27,105] [INFO] [30078] COMMIT received from 30054 for REQUEST 1741682666245
[2025-03-11 17:44:27,105] [INFO] [30078] COMMIT received from 30034 for REQUEST 1741682666245
[2025-03-11 17:44:27,124] [INFO] [30078] COMMIT received from 30031 for REQUEST 1741682666245
[2025-03-11 17:44:27,124] [INFO] [30078] PREPARE received from 30136 for REQUEST 1741682666245
[2025-03-11 17:44:27,124] [INFO] [30078] PREPARE received from 30020 for REQUEST 1741682666245
[2025-03-11 17:44:27,124] [INFO] [30078] COMMIT received from 30136 for REQUEST 1741682666245
[2025-03-11 17:44:27,171] [INFO] [30078] PREPARE received from 30050 for REQUEST 1741682666245
[2025-03-11 17:44:27,177] [INFO] [30078] COMMIT received from 30050 for REQUEST 1741682666245
[2025-03-11 17:44:27,274] [INFO] [30078] COMMIT received from 30020 for REQUEST 1741682666245
[2025-03-11 17:44:27,509] [INFO] [30078] PREPARE received from 30156 for REQUEST 1741682666245
[2025-03-11 17:44:27,513] [INFO] [30078] PREPARE received from 30019 for REQUEST 1741682666245
[2025-03-11 17:44:27,513] [INFO] [30078] PREPARE received from 30038 for REQUEST 1741682666245
[2025-03-11 17:44:27,513] [INFO] [30078] COMMIT received from 30038 for REQUEST 1741682666245
[2025-03-11 17:44:27,513] [INFO] [30078] COMMIT received from 30156 for REQUEST 1741682666245
[2025-03-11 17:44:27,678] [INFO] [30078] COMMIT received from 30019 for REQUEST 1741682666245
[2025-03-11 17:44:28,050] [INFO] [30078] PREPARE received from 30146 for REQUEST 1741682666245
[2025-03-11 17:44:28,050] [INFO] [30078] PREPARE received from 30062 for REQUEST 1741682666245
[2025-03-11 17:44:28,069] [INFO] [30078] COMMIT received from 30062 for REQUEST 1741682666245
[2025-03-11 17:44:28,069] [INFO] [30078] COMMIT received from 30146 for REQUEST 1741682666245
[2025-03-11 17:44:28,266] [INFO] [30078] COMMIT received from 30000 for REQUEST 1741682666245
[2025-03-11 17:44:28,266] [INFO] [30078] PREPARE received from 30027 for REQUEST 1741682666245
[2025-03-11 17:44:28,268] [INFO] [30078] PREPARE received from 30003 for REQUEST 1741682666245
[2025-03-11 17:44:28,271] [INFO] [30078] PREPARE received from 30141 for REQUEST 1741682666245
[2025-03-11 17:44:28,271] [INFO] [30078] COMMIT received from 30003 for REQUEST 1741682666245
[2025-03-11 17:44:28,271] [INFO] [30078] COMMIT received from 30027 for REQUEST 1741682666245
[2025-03-11 17:44:28,271] [INFO] [30078] COMMIT received from 30141 for REQUEST 1741682666245
[2025-03-11 17:44:28,338] [INFO] [30078] PREPARE received from 30007 for REQUEST 1741682666245
[2025-03-11 17:44:28,365] [INFO] [30078] PREPARE received from 30077 for REQUEST 1741682666245
[2025-03-11 17:44:28,365] [INFO] [30078] COMMIT received from 30007 for REQUEST 1741682666245
[2025-03-11 17:44:28,388] [INFO] [30078] COMMIT received from 30077 for REQUEST 1741682666245
[2025-03-11 17:44:28,599] [INFO] [30078] PREPARE received from 30025 for REQUEST 1741682666245
[2025-03-11 17:44:28,599] [INFO] [30078] COMMIT received from 30025 for REQUEST 1741682666245
[2025-03-11 17:44:28,683] [INFO] [30078] PREPARE received from 30097 for REQUEST 1741682666245
[2025-03-11 17:44:28,710] [INFO] [30078] COMMIT received from 30097 for REQUEST 1741682666245
[2025-03-11 17:44:28,710] [INFO] [30078] PREPARE received from 30055 for REQUEST 1741682666245
[2025-03-11 17:44:28,710] [INFO] [30078] COMMIT received from 30055 for REQUEST 1741682666245
[2025-03-11 17:44:28,825] [INFO] [30078] COMMIT received from 30151 for REQUEST 1741682666245
[2025-03-11 17:44:28,825] [INFO] [30078] PREPARE received from 30151 for REQUEST 1741682666245
[2025-03-11 17:44:28,965] [INFO] [30078] PREPARE received from 30058 for REQUEST 1741682666245
[2025-03-11 17:44:29,017] [INFO] [30078] COMMIT received from 30058 for REQUEST 1741682666245
[2025-03-11 17:44:29,017] [INFO] [30078] PREPARE received from 30101 for REQUEST 1741682666245
[2025-03-11 17:44:29,017] [INFO] [30078] COMMIT received from 30101 for REQUEST 1741682666245
[2025-03-11 17:44:29,212] [INFO] [30078] PREPARE received from 30016 for REQUEST 1741682666245
[2025-03-11 17:44:29,234] [INFO] [30078] COMMIT received from 30016 for REQUEST 1741682666245
[2025-03-11 17:44:29,238] [INFO] [30078] PREPARE received from 30066 for REQUEST 1741682666245
[2025-03-11 17:44:29,238] [INFO] [30078] PREPARE received from 30028 for REQUEST 1741682666245
[2025-03-11 17:44:29,238] [INFO] [30078] COMMIT received from 30066 for REQUEST 1741682666245
[2025-03-11 17:44:29,238] [INFO] [30078] COMMIT received from 30028 for REQUEST 1741682666245
[2025-03-11 17:44:29,286] [INFO] [30078] PREPARE received from 30113 for REQUEST 1741682666245
[2025-03-11 17:44:29,320] [INFO] [30078] COMMIT received from 30113 for REQUEST 1741682666245
[2025-03-11 17:44:29,322] [INFO] [30078] PREPARE received from 30047 for REQUEST 1741682666245
[2025-03-11 17:44:29,322] [INFO] [30078] COMMIT received from 30047 for REQUEST 1741682666245
[2025-03-11 17:44:29,347] [INFO] [30078] PREPARE received from 30048 for REQUEST 1741682666245
[2025-03-11 17:44:29,349] [INFO] [30078] COMMIT received from 30048 for REQUEST 1741682666245
[2025-03-11 17:44:29,379] [INFO] [30078] PREPARE received from 30032 for REQUEST 1741682666245
[2025-03-11 17:44:29,379] [INFO] [30078] COMMIT received from 30032 for REQUEST 1741682666245
[2025-03-11 17:44:29,427] [INFO] [30078] PREPARE received from 30120 for REQUEST 1741682666245
[2025-03-11 17:44:29,434] [INFO] [30078] COMMIT received from 30120 for REQUEST 1741682666245
[2025-03-11 17:44:29,508] [INFO] [30078] PREPARE received from 30023 for REQUEST 1741682666245
[2025-03-11 17:44:29,516] [INFO] [30078] COMMIT received from 30023 for REQUEST 1741682666245
[2025-03-11 17:44:29,516] [INFO] [30078] PREPARE received from 30128 for REQUEST 1741682666245
[2025-03-11 17:44:29,518] [INFO] [30078] COMMIT received from 30124 for REQUEST 1741682666245
[2025-03-11 17:44:29,518] [INFO] [30078] COMMIT received from 30134 for REQUEST 1741682666245
[2025-03-11 17:44:29,518] [INFO] [30078] PREPARE received from 30134 for REQUEST 1741682666245
[2025-03-11 17:44:29,518] [INFO] [30078] COMMIT received from 30071 for REQUEST 1741682666245
[2025-03-11 17:44:29,518] [INFO] [30078] PREPARE received from 30124 for REQUEST 1741682666245
[2025-03-11 17:44:29,518] [INFO] [30078] PREPARE received from 30071 for REQUEST 1741682666245
[2025-03-11 17:44:29,518] [INFO] [30078] PREPARE received from 30154 for REQUEST 1741682666245
[2025-03-11 17:44:29,518] [INFO] [30078] COMMIT received from 30154 for REQUEST 1741682666245
[2025-03-11 17:44:29,518] [INFO] [30078] COMMIT received from 30128 for REQUEST 1741682666245
[2025-03-11 17:47:45,718] [INFO] Node started: localhost:30078 | index=79 | f=1, k=4
[2025-03-11 17:48:11,729] [INFO] [30078] PRE-PREPARE received: {'request_id': 1741682891617, 'data': 'llapbft_message_1741682891617', 'timestamp': 1741682891.640408, 'leader': 30004, 'cluster_id': 0, 'cluster_ports': [30000, 30003, 30004, 30005, 30013, 30016, 30018, 30026, 30027, 30032, 30033, 30035, 30038, 30040, 30042, 30043, 30047, 30053, 30055, 30058, 30060, 30062, 30067, 30069, 30078, 30081, 30082, 30086, 30090, 30092, 30095, 30111, 30117, 30121, 30123, 30127, 30132, 30142, 30143, 30157, 30162, 30164, 30168, 30169, 30170, 30171, 30175, 30177, 30178, 30182, 30190, 30195, 30196], 'cluster_manager': {'host': 'localhost', 'port': 30092, 'latitude': 36.6274499, 'longitude': 127.4590589, 'altitude': 27, 'offset_m': 'lat: 94 m, lng: 49 m, alt: 27 m'}, 'simulated_delay': 0.000232, 'distance': 132.3689289091168, 'message_size_bits': 5568}
[2025-03-11 17:48:11,729] [INFO] [30078] Broadcasting PREPARE: REQUEST 1741682891617
[2025-03-11 17:48:12,128] [INFO] [30078] PREPARE received from 30177 for REQUEST 1741682891617
[2025-03-11 17:48:12,128] [INFO] [30078] Broadcasting COMMIT: REQUEST 1741682891617
[2025-03-11 17:48:12,217] [INFO] [30078] PREPARE received from 30190 for REQUEST 1741682891617
[2025-03-11 17:48:12,277] [INFO] [30078] PREPARE received from 30032 for REQUEST 1741682891617
[2025-03-11 17:48:12,277] [INFO] [30078] PREPARE received from 30170 for REQUEST 1741682891617
[2025-03-11 17:48:12,899] [INFO] [30078] PREPARE received from 30164 for REQUEST 1741682891617
[2025-03-11 17:48:12,899] [INFO] [30078] PREPARE received from 30047 for REQUEST 1741682891617
[2025-03-11 17:48:13,016] [INFO] [30078] COMMIT received from 30170 for REQUEST 1741682891617
[2025-03-11 17:48:13,016] [INFO] [30078] PREPARE received from 30067 for REQUEST 1741682891617
[2025-03-11 17:48:13,018] [INFO] [30078] COMMIT received from 30190 for REQUEST 1741682891617
[2025-03-11 17:48:13,018] [INFO] [30078] COMMIT complete. Sending PRE-REPLY: REQUEST 1741682891617 directly to Manager 30092
[2025-03-11 17:48:13,078] [INFO] [30078] PREPARE received from 30171 for REQUEST 1741682891617
[2025-03-11 17:48:13,078] [INFO] [30078] PREPARE received from 30162 for REQUEST 1741682891617
[2025-03-11 17:48:13,078] [INFO] [30078] PREPARE received from 30055 for REQUEST 1741682891617
[2025-03-11 17:48:13,078] [INFO] [30078] PREPARE received from 30121 for REQUEST 1741682891617
[2025-03-11 17:48:13,078] [INFO] [30078] PREPARE received from 30175 for REQUEST 1741682891617
[2025-03-11 17:48:13,078] [INFO] [30078] PREPARE received from 30003 for REQUEST 1741682891617
[2025-03-11 17:48:13,078] [INFO] [30078] PREPARE received from 30033 for REQUEST 1741682891617
[2025-03-11 17:48:13,250] [INFO] [30078] COMMIT received from 30032 for REQUEST 1741682891617
[2025-03-11 17:48:13,376] [INFO] [30078] COMMIT received from 30177 for REQUEST 1741682891617
[2025-03-11 17:48:13,376] [INFO] [30078] COMMIT received from 30164 for REQUEST 1741682891617
[2025-03-11 17:48:13,376] [INFO] [30078] COMMIT received from 30175 for REQUEST 1741682891617
[2025-03-11 17:48:13,509] [INFO] [30078] PREPARE received from 30169 for REQUEST 1741682891617
[2025-03-11 17:48:13,509] [INFO] [30078] COMMIT received from 30169 for REQUEST 1741682891617
[2025-03-11 17:48:13,509] [INFO] [30078] COMMIT received from 30047 for REQUEST 1741682891617
[2025-03-11 17:48:13,718] [INFO] [30078] PREPARE received from 30142 for REQUEST 1741682891617
[2025-03-11 17:48:13,718] [INFO] [30078] PREPARE received from 30090 for REQUEST 1741682891617
[2025-03-11 17:48:13,720] [INFO] [30078] COMMIT received from 30162 for REQUEST 1741682891617
[2025-03-11 17:48:13,720] [INFO] [30078] PREPARE received from 30196 for REQUEST 1741682891617
[2025-03-11 17:48:13,780] [INFO] [30078] COMMIT received from 30142 for REQUEST 1741682891617
[2025-03-11 17:48:13,785] [INFO] [30078] COMMIT received from 30196 for REQUEST 1741682891617
[2025-03-11 17:48:13,839] [INFO] [30078] PREPARE received from 30157 for REQUEST 1741682891617
[2025-03-11 17:48:13,859] [INFO] [30078] COMMIT received from 30157 for REQUEST 1741682891617
[2025-03-11 17:48:13,947] [INFO] [30078] COMMIT received from 30003 for REQUEST 1741682891617
[2025-03-11 17:48:13,947] [INFO] [30078] COMMIT received from 30067 for REQUEST 1741682891617
[2025-03-11 17:48:14,055] [INFO] [30078] PREPARE received from 30111 for REQUEST 1741682891617
[2025-03-11 17:48:14,251] [INFO] [30078] PREPARE received from 30069 for REQUEST 1741682891617
[2025-03-11 17:48:14,251] [INFO] [30078] COMMIT received from 30069 for REQUEST 1741682891617
[2025-03-11 17:48:14,273] [INFO] [30078] PREPARE received from 30095 for REQUEST 1741682891617
[2025-03-11 17:48:14,295] [INFO] [30078] PREPARE received from 30018 for REQUEST 1741682891617
[2025-03-11 17:48:14,352] [INFO] [30078] COMMIT received from 30171 for REQUEST 1741682891617
[2025-03-11 17:48:14,477] [INFO] [30078] COMMIT received from 30121 for REQUEST 1741682891617
[2025-03-11 17:48:14,478] [INFO] [30078] PREPARE received from 30143 for REQUEST 1741682891617
[2025-03-11 17:48:14,501] [INFO] [30078] COMMIT received from 30143 for REQUEST 1741682891617
[2025-03-11 17:48:14,555] [INFO] [30078] PREPARE received from 30058 for REQUEST 1741682891617
[2025-03-11 17:48:14,555] [INFO] [30078] COMMIT received from 30058 for REQUEST 1741682891617
[2025-03-11 17:48:14,597] [INFO] [30078] COMMIT received from 30055 for REQUEST 1741682891617
[2025-03-11 17:48:14,640] [INFO] [30078] PREPARE received from 30013 for REQUEST 1741682891617
[2025-03-11 17:48:14,728] [INFO] [30078] COMMIT received from 30033 for REQUEST 1741682891617
[2025-03-11 17:48:14,783] [INFO] [30078] COMMIT received from 30013 for REQUEST 1741682891617
[2025-03-11 17:48:14,830] [INFO] [30078] COMMIT received from 30095 for REQUEST 1741682891617
[2025-03-11 17:48:14,959] [INFO] [30078] PREPARE received from 30062 for REQUEST 1741682891617
[2025-03-11 17:48:14,959] [INFO] [30078] PREPARE received from 30086 for REQUEST 1741682891617
[2025-03-11 17:48:14,973] [INFO] [30078] COMMIT received from 30062 for REQUEST 1741682891617
[2025-03-11 17:48:14,973] [INFO] [30078] COMMIT received from 30086 for REQUEST 1741682891617
[2025-03-11 17:48:15,379] [INFO] [30078] PREPARE received from 30182 for REQUEST 1741682891617
[2025-03-11 17:48:15,422] [INFO] [30078] COMMIT received from 30182 for REQUEST 1741682891617
[2025-03-11 17:48:15,442] [INFO] [30078] COMMIT received from 30132 for REQUEST 1741682891617
[2025-03-11 17:48:15,442] [INFO] [30078] PREPARE received from 30132 for REQUEST 1741682891617
[2025-03-11 17:48:15,442] [INFO] [30078] PREPARE received from 30178 for REQUEST 1741682891617
[2025-03-11 17:48:15,502] [INFO] [30078] COMMIT received from 30178 for REQUEST 1741682891617
[2025-03-11 17:48:15,568] [INFO] [30078] PREPARE received from 30195 for REQUEST 1741682891617
[2025-03-11 17:48:15,727] [INFO] [30078] COMMIT received from 30195 for REQUEST 1741682891617
[2025-03-11 17:48:15,771] [INFO] [30078] COMMIT received from 30090 for REQUEST 1741682891617
[2025-03-11 17:48:15,773] [INFO] [30078] PREPARE received from 30082 for REQUEST 1741682891617
[2025-03-11 17:48:15,773] [INFO] [30078] COMMIT received from 30082 for REQUEST 1741682891617
[2025-03-11 17:48:15,893] [INFO] [30078] COMMIT received from 30018 for REQUEST 1741682891617
[2025-03-11 17:48:15,900] [INFO] [30078] PREPARE received from 30053 for REQUEST 1741682891617
[2025-03-11 17:48:15,999] [INFO] [30078] PREPARE received from 30000 for REQUEST 1741682891617
[2025-03-11 17:48:15,999] [INFO] [30078] COMMIT received from 30004 for REQUEST 1741682891617
[2025-03-11 17:48:16,001] [INFO] [30078] PREPARE received from 30016 for REQUEST 1741682891617
[2025-03-11 17:48:16,001] [INFO] [30078] COMMIT received from 30016 for REQUEST 1741682891617
[2025-03-11 17:48:16,048] [INFO] [30078] PREPARE received from 30127 for REQUEST 1741682891617
[2025-03-11 17:48:16,048] [INFO] [30078] COMMIT received from 30127 for REQUEST 1741682891617
[2025-03-11 17:48:16,123] [INFO] [30078] COMMIT received from 30053 for REQUEST 1741682891617
[2025-03-11 17:48:16,169] [INFO] [30078] COMMIT received from 30000 for REQUEST 1741682891617
[2025-03-11 17:48:16,215] [INFO] [30078] COMMIT received from 30111 for REQUEST 1741682891617
[2025-03-11 17:48:16,301] [INFO] [30078] PREPARE received from 30060 for REQUEST 1741682891617
[2025-03-11 17:48:16,301] [INFO] [30078] PREPARE received from 30042 for REQUEST 1741682891617
[2025-03-11 17:48:16,301] [INFO] [30078] COMMIT received from 30042 for REQUEST 1741682891617
[2025-03-11 17:48:16,301] [INFO] [30078] COMMIT received from 30060 for REQUEST 1741682891617
[2025-03-11 17:48:16,737] [INFO] [30078] PREPARE received from 30035 for REQUEST 1741682891617
[2025-03-11 17:48:16,737] [INFO] [30078] COMMIT received from 30035 for REQUEST 1741682891617
[2025-03-11 17:48:16,917] [INFO] [30078] PREPARE received from 30123 for REQUEST 1741682891617
[2025-03-11 17:48:16,921] [INFO] [30078] COMMIT received from 30123 for REQUEST 1741682891617
[2025-03-11 17:48:16,993] [INFO] [30078] PREPARE received from 30117 for REQUEST 1741682891617
[2025-03-11 17:48:16,993] [INFO] [30078] COMMIT received from 30117 for REQUEST 1741682891617
[2025-03-11 17:48:17,017] [INFO] [30078] PREPARE received from 30081 for REQUEST 1741682891617
[2025-03-11 17:48:17,017] [INFO] [30078] COMMIT received from 30081 for REQUEST 1741682891617
[2025-03-11 17:48:17,134] [INFO] [30078] PREPARE received from 30168 for REQUEST 1741682891617
[2025-03-11 17:48:17,134] [INFO] [30078] COMMIT received from 30168 for REQUEST 1741682891617
[2025-03-11 17:48:17,285] [INFO] [30078] PREPARE received from 30043 for REQUEST 1741682891617
[2025-03-11 17:48:17,285] [INFO] [30078] PREPARE received from 30038 for REQUEST 1741682891617
[2025-03-11 17:48:17,285] [INFO] [30078] COMMIT received from 30043 for REQUEST 1741682891617
[2025-03-11 17:48:17,285] [INFO] [30078] COMMIT received from 30038 for REQUEST 1741682891617
[2025-03-11 17:48:17,554] [INFO] [30078] PREPARE received from 30040 for REQUEST 1741682891617
[2025-03-11 17:48:17,554] [INFO] [30078] COMMIT received from 30040 for REQUEST 1741682891617
[2025-03-11 17:48:17,665] [INFO] [30078] PREPARE received from 30027 for REQUEST 1741682891617
[2025-03-11 17:48:17,665] [INFO] [30078] COMMIT received from 30027 for REQUEST 1741682891617
[2025-03-11 17:48:18,065] [INFO] [30078] PREPARE received from 30005 for REQUEST 1741682891617
[2025-03-11 17:48:18,065] [INFO] [30078] COMMIT received from 30005 for REQUEST 1741682891617
