[2025-03-11 17:38:24,234] [INFO] Node started: localhost:30040 | index=41 | f=1, k=4
[2025-03-11 17:38:33,669] [INFO] [30040] PRE-PREPARE received: {'request_id': 1741682313511, 'data': 'llapbft_message_1741682313511', 'timestamp': 1741682313.5429404, 'leader': 30018, 'cluster_id': 2, 'cluster_ports': [30017, 30018, 30022, 30023, 30030, 30033, 30039, 30040, 30042, 30044, 30045, 30046, 30047, 30049, 30054, 30059, 30061, 30062, 30063, 30065, 30066, 30070, 30073, 30076, 30078], 'cluster_manager': {'host': 'localhost', 'port': 30076, 'latitude': 36.6266151, 'longitude': 127.4594514, 'altitude': 117, 'offset_m': 'lat: 1 m, lng: 84 m, alt: 117 m'}, 'simulated_delay': 0.00016733333333333333, 'distance': 147.7941781980705, 'message_size_bits': 4016}
[2025-03-11 17:38:33,671] [INFO] [30040] Broadcasting PREPARE: REQUEST 1741682313511
[2025-03-11 17:38:33,707] [INFO] [30040] PREPARE received from 30042 for REQUEST 1741682313511
[2025-03-11 17:38:33,707] [INFO] [30040] Broadcasting COMMIT: REQUEST 1741682313511
[2025-03-11 17:38:33,768] [INFO] [30040] PREPARE received from 30033 for REQUEST 1741682313511
[2025-03-11 17:38:33,768] [INFO] [30040] PREPARE received from 30023 for REQUEST 1741682313511
[2025-03-11 17:38:33,798] [INFO] [30040] PREPARE received from 30062 for REQUEST 1741682313511
[2025-03-11 17:38:33,815] [INFO] [30040] COMMIT received from 30033 for REQUEST 1741682313511
[2025-03-11 17:38:33,829] [INFO] [30040] COMMIT received from 30062 for REQUEST 1741682313511
[2025-03-11 17:38:33,829] [INFO] [30040] COMMIT complete. Sending PRE-REPLY: REQUEST 1741682313511 directly to Manager 30076
[2025-03-11 17:38:33,859] [INFO] [30040] PREPARE received from 30030 for REQUEST 1741682313511
[2025-03-11 17:38:33,871] [INFO] [30040] COMMIT received from 30030 for REQUEST 1741682313511
[2025-03-11 17:38:33,905] [INFO] [30040] PREPARE received from 30078 for REQUEST 1741682313511
[2025-03-11 17:38:33,909] [INFO] [30040] COMMIT received from 30078 for REQUEST 1741682313511
[2025-03-11 17:38:33,909] [INFO] [30040] COMMIT received from 30023 for REQUEST 1741682313511
[2025-03-11 17:38:33,916] [INFO] [30040] COMMIT received from 30042 for REQUEST 1741682313511
[2025-03-11 17:38:33,916] [INFO] [30040] COMMIT received from 30044 for REQUEST 1741682313511
[2025-03-11 17:38:33,918] [INFO] [30040] PREPARE received from 30044 for REQUEST 1741682313511
[2025-03-11 17:38:33,926] [INFO] [30040] PREPARE received from 30049 for REQUEST 1741682313511
[2025-03-11 17:38:33,931] [INFO] [30040] PREPARE received from 30054 for REQUEST 1741682313511
[2025-03-11 17:38:33,931] [INFO] [30040] COMMIT received from 30054 for REQUEST 1741682313511
[2025-03-11 17:38:33,933] [INFO] [30040] PREPARE received from 30022 for REQUEST 1741682313511
[2025-03-11 17:38:33,960] [INFO] [30040] PREPARE received from 30070 for REQUEST 1741682313511
[2025-03-11 17:38:33,960] [INFO] [30040] COMMIT received from 30049 for REQUEST 1741682313511
[2025-03-11 17:38:33,960] [INFO] [30040] PREPARE received from 30066 for REQUEST 1741682313511
[2025-03-11 17:38:33,962] [INFO] [30040] COMMIT received from 30022 for REQUEST 1741682313511
[2025-03-11 17:38:33,965] [INFO] [30040] COMMIT received from 30070 for REQUEST 1741682313511
[2025-03-11 17:38:33,971] [INFO] [30040] COMMIT received from 30018 for REQUEST 1741682313511
[2025-03-11 17:38:33,971] [INFO] [30040] COMMIT received from 30066 for REQUEST 1741682313511
[2025-03-11 17:38:33,971] [INFO] [30040] COMMIT received from 30063 for REQUEST 1741682313511
[2025-03-11 17:38:33,971] [INFO] [30040] COMMIT received from 30065 for REQUEST 1741682313511
[2025-03-11 17:38:33,971] [INFO] [30040] PREPARE received from 30063 for REQUEST 1741682313511
[2025-03-11 17:38:33,971] [INFO] [30040] PREPARE received from 30065 for REQUEST 1741682313511
[2025-03-11 17:38:33,990] [INFO] [30040] PREPARE received from 30059 for REQUEST 1741682313511
[2025-03-11 17:38:33,994] [INFO] [30040] PREPARE received from 30017 for REQUEST 1741682313511
[2025-03-11 17:38:34,000] [INFO] [30040] PREPARE received from 30047 for REQUEST 1741682313511
[2025-03-11 17:38:34,000] [INFO] [30040] COMMIT received from 30059 for REQUEST 1741682313511
[2025-03-11 17:38:34,000] [INFO] [30040] PREPARE received from 30061 for REQUEST 1741682313511
[2025-03-11 17:38:34,000] [INFO] [30040] COMMIT received from 30017 for REQUEST 1741682313511
[2025-03-11 17:38:34,006] [INFO] [30040] PREPARE received from 30046 for REQUEST 1741682313511
[2025-03-11 17:38:34,006] [INFO] [30040] COMMIT received from 30047 for REQUEST 1741682313511
[2025-03-11 17:38:34,006] [INFO] [30040] COMMIT received from 30061 for REQUEST 1741682313511
[2025-03-11 17:38:34,007] [INFO] [30040] PREPARE received from 30073 for REQUEST 1741682313511
[2025-03-11 17:38:34,009] [INFO] [30040] PREPARE received from 30039 for REQUEST 1741682313511
[2025-03-11 17:38:34,009] [INFO] [30040] COMMIT received from 30046 for REQUEST 1741682313511
[2025-03-11 17:38:34,009] [INFO] [30040] COMMIT received from 30039 for REQUEST 1741682313511
[2025-03-11 17:38:34,009] [INFO] [30040] PREPARE received from 30045 for REQUEST 1741682313511
[2025-03-11 17:38:34,011] [INFO] [30040] COMMIT received from 30073 for REQUEST 1741682313511
[2025-03-11 17:38:34,011] [INFO] [30040] COMMIT received from 30045 for REQUEST 1741682313511
[2025-03-11 17:40:52,911] [INFO] Node started: localhost:30040 | index=41 | f=1, k=4
[2025-03-11 17:41:09,428] [INFO] [30040] PRE-PREPARE received: {'request_id': 1741682469395, 'data': 'llapbft_message_1741682469395', 'timestamp': 1741682469.412458, 'leader': 30033, 'cluster_id': 0, 'cluster_ports': [30012, 30018, 30021, 30024, 30033, 30036, 30039, 30040, 30044, 30050, 30052, 30055, 30063, 30071, 30072, 30074, 30078, 30079, 30111, 30113, 30115, 30116, 30118], 'cluster_manager': {'host': 'localhost', 'port': 30079, 'latitude': 36.627455, 'longitude': 127.4589625, 'altitude': 158, 'offset_m': 'lat: 94 m, lng: 41 m, alt: 158 m'}, 'simulated_delay': 0.00016233333333333334, 'distance': 103.998860008539, 'message_size_bits': 3896}
[2025-03-11 17:41:09,428] [INFO] [30040] Broadcasting PREPARE: REQUEST 1741682469395
[2025-03-11 17:41:09,588] [INFO] [30040] PREPARE received from 30078 for REQUEST 1741682469395
[2025-03-11 17:41:09,588] [INFO] [30040] Broadcasting COMMIT: REQUEST 1741682469395
[2025-03-11 17:41:09,876] [INFO] [30040] PREPARE received from 30036 for REQUEST 1741682469395
[2025-03-11 17:41:09,876] [INFO] [30040] PREPARE received from 30021 for REQUEST 1741682469395
[2025-03-11 17:41:09,876] [INFO] [30040] COMMIT received from 30033 for REQUEST 1741682469395
[2025-03-11 17:41:09,878] [INFO] [30040] PREPARE received from 30116 for REQUEST 1741682469395
[2025-03-11 17:41:09,878] [INFO] [30040] PREPARE received from 30024 for REQUEST 1741682469395
[2025-03-11 17:41:09,878] [INFO] [30040] PREPARE received from 30118 for REQUEST 1741682469395
[2025-03-11 17:41:09,894] [INFO] [30040] PREPARE received from 30111 for REQUEST 1741682469395
[2025-03-11 17:41:09,895] [INFO] [30040] COMMIT received from 30115 for REQUEST 1741682469395
[2025-03-11 17:41:09,895] [INFO] [30040] COMMIT complete. Sending PRE-REPLY: REQUEST 1741682469395 directly to Manager 30079
[2025-03-11 17:41:09,895] [INFO] [30040] COMMIT received from 30012 for REQUEST 1741682469395
[2025-03-11 17:41:09,895] [INFO] [30040] PREPARE received from 30113 for REQUEST 1741682469395
[2025-03-11 17:41:09,895] [INFO] [30040] PREPARE received from 30012 for REQUEST 1741682469395
[2025-03-11 17:41:09,895] [INFO] [30040] PREPARE received from 30115 for REQUEST 1741682469395
[2025-03-11 17:41:09,895] [INFO] [30040] PREPARE received from 30050 for REQUEST 1741682469395
[2025-03-11 17:41:09,898] [INFO] [30040] PREPARE received from 30018 for REQUEST 1741682469395
[2025-03-11 17:41:09,898] [INFO] [30040] PREPARE received from 30071 for REQUEST 1741682469395
[2025-03-11 17:41:09,996] [INFO] [30040] COMMIT received from 30078 for REQUEST 1741682469395
[2025-03-11 17:41:10,024] [INFO] [30040] COMMIT received from 30024 for REQUEST 1741682469395
[2025-03-11 17:41:10,032] [INFO] [30040] COMMIT received from 30113 for REQUEST 1741682469395
[2025-03-11 17:41:10,039] [INFO] [30040] COMMIT received from 30118 for REQUEST 1741682469395
[2025-03-11 17:41:10,112] [INFO] [30040] COMMIT received from 30021 for REQUEST 1741682469395
[2025-03-11 17:41:10,116] [INFO] [30040] COMMIT received from 30050 for REQUEST 1741682469395
[2025-03-11 17:41:10,122] [INFO] [30040] PREPARE received from 30063 for REQUEST 1741682469395
[2025-03-11 17:41:10,122] [INFO] [30040] COMMIT received from 30071 for REQUEST 1741682469395
[2025-03-11 17:41:10,141] [INFO] [30040] COMMIT received from 30116 for REQUEST 1741682469395
[2025-03-11 17:41:10,141] [INFO] [30040] COMMIT received from 30063 for REQUEST 1741682469395
[2025-03-11 17:41:10,154] [INFO] [30040] COMMIT received from 30018 for REQUEST 1741682469395
[2025-03-11 17:41:10,170] [INFO] [30040] COMMIT received from 30111 for REQUEST 1741682469395
[2025-03-11 17:41:10,173] [INFO] [30040] PREPARE received from 30044 for REQUEST 1741682469395
[2025-03-11 17:41:10,234] [INFO] [30040] PREPARE received from 30055 for REQUEST 1741682469395
[2025-03-11 17:41:10,234] [INFO] [30040] COMMIT received from 30044 for REQUEST 1741682469395
[2025-03-11 17:41:10,234] [INFO] [30040] COMMIT received from 30055 for REQUEST 1741682469395
[2025-03-11 17:41:10,234] [INFO] [30040] COMMIT received from 30036 for REQUEST 1741682469395
[2025-03-11 17:41:10,234] [INFO] [30040] PREPARE received from 30072 for REQUEST 1741682469395
[2025-03-11 17:41:10,234] [INFO] [30040] COMMIT received from 30072 for REQUEST 1741682469395
[2025-03-11 17:41:10,267] [INFO] [30040] PREPARE received from 30074 for REQUEST 1741682469395
[2025-03-11 17:41:10,286] [INFO] [30040] PREPARE received from 30052 for REQUEST 1741682469395
[2025-03-11 17:41:10,288] [INFO] [30040] COMMIT received from 30052 for REQUEST 1741682469395
[2025-03-11 17:41:10,317] [INFO] [30040] PREPARE received from 30039 for REQUEST 1741682469395
[2025-03-11 17:41:10,320] [INFO] [30040] COMMIT received from 30039 for REQUEST 1741682469395
[2025-03-11 17:41:10,329] [INFO] [30040] COMMIT received from 30074 for REQUEST 1741682469395
[2025-03-11 17:44:01,362] [INFO] Node started: localhost:30040 | index=41 | f=1, k=4
[2025-03-11 17:44:26,316] [INFO] [30040] PRE-PREPARE received: {'request_id': 1741682666245, 'data': 'llapbft_message_1741682666245', 'timestamp': 1741682666.2776651, 'leader': 30029, 'cluster_id': 3, 'cluster_ports': [30004, 30005, 30008, 30011, 30012, 30017, 30018, 30021, 30029, 30033, 30040, 30042, 30045, 30052, 30057, 30068, 30070, 30072, 30073, 30074, 30076, 30084, 30088, 30091, 30094, 30100, 30103, 30105, 30107, 30109, 30110, 30117, 30121, 30125, 30130, 30133, 30137, 30138, 30139, 30145], 'cluster_manager': {'host': 'localhost', 'port': 30018, 'latitude': 36.6268812, 'longitude': 127.4589418, 'altitude': 19, 'offset_m': 'lat: 31 m, lng: 39 m, alt: 19 m'}, 'simulated_delay': 0.000202, 'distance': 149.13884772459983, 'message_size_bits': 4848}
[2025-03-11 17:44:26,316] [INFO] [30040] Broadcasting PREPARE: REQUEST 1741682666245
[2025-03-11 17:44:26,905] [INFO] [30040] PREPARE received from 30084 for REQUEST 1741682666245
[2025-03-11 17:44:26,905] [INFO] [30040] Broadcasting COMMIT: REQUEST 1741682666245
[2025-03-11 17:44:26,905] [INFO] [30040] PREPARE received from 30076 for REQUEST 1741682666245
[2025-03-11 17:44:26,905] [INFO] [30040] COMMIT received from 30107 for REQUEST 1741682666245
[2025-03-11 17:44:26,907] [INFO] [30040] PREPARE received from 30107 for REQUEST 1741682666245
[2025-03-11 17:44:26,907] [INFO] [30040] COMMIT received from 30139 for REQUEST 1741682666245
[2025-03-11 17:44:26,907] [INFO] [30040] COMMIT complete. Sending PRE-REPLY: REQUEST 1741682666245 directly to Manager 30018
[2025-03-11 17:44:26,907] [INFO] [30040] PREPARE received from 30139 for REQUEST 1741682666245
[2025-03-11 17:44:26,915] [INFO] [30040] COMMIT received from 30084 for REQUEST 1741682666245
[2025-03-11 17:44:26,915] [INFO] [30040] COMMIT received from 30076 for REQUEST 1741682666245
[2025-03-11 17:44:26,966] [INFO] [30040] PREPARE received from 30068 for REQUEST 1741682666245
[2025-03-11 17:44:27,356] [INFO] [30040] COMMIT received from 30021 for REQUEST 1741682666245
[2025-03-11 17:44:27,356] [INFO] [30040] PREPARE received from 30021 for REQUEST 1741682666245
[2025-03-11 17:44:27,366] [INFO] [30040] COMMIT received from 30068 for REQUEST 1741682666245
[2025-03-11 17:44:27,477] [INFO] [30040] PREPARE received from 30074 for REQUEST 1741682666245
[2025-03-11 17:44:27,479] [INFO] [30040] COMMIT received from 30074 for REQUEST 1741682666245
[2025-03-11 17:44:27,557] [INFO] [30040] PREPARE received from 30012 for REQUEST 1741682666245
[2025-03-11 17:44:27,557] [INFO] [30040] COMMIT received from 30012 for REQUEST 1741682666245
[2025-03-11 17:44:27,687] [INFO] [30040] PREPARE received from 30121 for REQUEST 1741682666245
[2025-03-11 17:44:27,692] [INFO] [30040] PREPARE received from 30105 for REQUEST 1741682666245
[2025-03-11 17:44:27,692] [INFO] [30040] COMMIT received from 30105 for REQUEST 1741682666245
[2025-03-11 17:44:27,884] [INFO] [30040] PREPARE received from 30125 for REQUEST 1741682666245
[2025-03-11 17:44:27,921] [INFO] [30040] COMMIT received from 30125 for REQUEST 1741682666245
[2025-03-11 17:44:27,921] [INFO] [30040] PREPARE received from 30057 for REQUEST 1741682666245
[2025-03-11 17:44:27,921] [INFO] [30040] COMMIT received from 30057 for REQUEST 1741682666245
[2025-03-11 17:44:27,921] [INFO] [30040] COMMIT received from 30121 for REQUEST 1741682666245
[2025-03-11 17:44:27,999] [INFO] [30040] PREPARE received from 30094 for REQUEST 1741682666245
[2025-03-11 17:44:27,999] [INFO] [30040] COMMIT received from 30094 for REQUEST 1741682666245
[2025-03-11 17:44:28,112] [INFO] [30040] PREPARE received from 30072 for REQUEST 1741682666245
[2025-03-11 17:44:28,120] [INFO] [30040] PREPARE received from 30005 for REQUEST 1741682666245
[2025-03-11 17:44:28,120] [INFO] [30040] COMMIT received from 30005 for REQUEST 1741682666245
[2025-03-11 17:44:28,120] [INFO] [30040] COMMIT received from 30072 for REQUEST 1741682666245
[2025-03-11 17:44:28,221] [INFO] [30040] PREPARE received from 30033 for REQUEST 1741682666245
[2025-03-11 17:44:28,235] [INFO] [30040] COMMIT received from 30033 for REQUEST 1741682666245
[2025-03-11 17:44:28,307] [INFO] [30040] PREPARE received from 30073 for REQUEST 1741682666245
[2025-03-11 17:44:28,307] [INFO] [30040] COMMIT received from 30073 for REQUEST 1741682666245
[2025-03-11 17:44:28,323] [INFO] [30040] COMMIT received from 30029 for REQUEST 1741682666245
[2025-03-11 17:44:28,379] [INFO] [30040] PREPARE received from 30011 for REQUEST 1741682666245
[2025-03-11 17:44:28,379] [INFO] [30040] COMMIT received from 30011 for REQUEST 1741682666245
[2025-03-11 17:44:28,712] [INFO] [30040] PREPARE received from 30137 for REQUEST 1741682666245
[2025-03-11 17:44:28,722] [INFO] [30040] PREPARE received from 30110 for REQUEST 1741682666245
[2025-03-11 17:44:28,722] [INFO] [30040] PREPARE received from 30138 for REQUEST 1741682666245
[2025-03-11 17:44:28,722] [INFO] [30040] PREPARE received from 30070 for REQUEST 1741682666245
[2025-03-11 17:44:28,722] [INFO] [30040] PREPARE received from 30117 for REQUEST 1741682666245
[2025-03-11 17:44:28,722] [INFO] [30040] COMMIT received from 30137 for REQUEST 1741682666245
[2025-03-11 17:44:28,722] [INFO] [30040] COMMIT received from 30138 for REQUEST 1741682666245
[2025-03-11 17:44:28,722] [INFO] [30040] COMMIT received from 30130 for REQUEST 1741682666245
[2025-03-11 17:44:28,722] [INFO] [30040] COMMIT received from 30070 for REQUEST 1741682666245
[2025-03-11 17:44:28,722] [INFO] [30040] COMMIT received from 30117 for REQUEST 1741682666245
[2025-03-11 17:44:28,722] [INFO] [30040] COMMIT received from 30110 for REQUEST 1741682666245
[2025-03-11 17:44:28,745] [INFO] [30040] PREPARE received from 30088 for REQUEST 1741682666245
[2025-03-11 17:44:28,750] [INFO] [30040] PREPARE received from 30130 for REQUEST 1741682666245
[2025-03-11 17:44:28,750] [INFO] [30040] COMMIT received from 30088 for REQUEST 1741682666245
[2025-03-11 17:44:28,794] [INFO] [30040] PREPARE received from 30052 for REQUEST 1741682666245
[2025-03-11 17:44:28,797] [INFO] [30040] COMMIT received from 30052 for REQUEST 1741682666245
[2025-03-11 17:44:28,965] [INFO] [30040] PREPARE received from 30042 for REQUEST 1741682666245
[2025-03-11 17:44:28,965] [INFO] [30040] COMMIT received from 30042 for REQUEST 1741682666245
[2025-03-11 17:44:28,994] [INFO] [30040] PREPARE received from 30004 for REQUEST 1741682666245
[2025-03-11 17:44:29,010] [INFO] [30040] COMMIT received from 30004 for REQUEST 1741682666245
[2025-03-11 17:44:29,168] [INFO] [30040] PREPARE received from 30091 for REQUEST 1741682666245
[2025-03-11 17:44:29,168] [INFO] [30040] COMMIT received from 30091 for REQUEST 1741682666245
[2025-03-11 17:44:29,230] [INFO] [30040] PREPARE received from 30133 for REQUEST 1741682666245
[2025-03-11 17:44:29,232] [INFO] [30040] COMMIT received from 30133 for REQUEST 1741682666245
[2025-03-11 17:44:29,290] [INFO] [30040] PREPARE received from 30109 for REQUEST 1741682666245
[2025-03-11 17:44:29,290] [INFO] [30040] COMMIT received from 30109 for REQUEST 1741682666245
[2025-03-11 17:44:29,349] [INFO] [30040] PREPARE received from 30017 for REQUEST 1741682666245
[2025-03-11 17:44:29,349] [INFO] [30040] COMMIT received from 30017 for REQUEST 1741682666245
[2025-03-11 17:47:38,079] [INFO] Node started: localhost:30040 | index=41 | f=1, k=4
[2025-03-11 17:48:11,731] [INFO] [30040] PRE-PREPARE received: {'request_id': 1741682891617, 'data': 'llapbft_message_1741682891617', 'timestamp': 1741682891.640408, 'leader': 30004, 'cluster_id': 0, 'cluster_ports': [30000, 30003, 30004, 30005, 30013, 30016, 30018, 30026, 30027, 30032, 30033, 30035, 30038, 30040, 30042, 30043, 30047, 30053, 30055, 30058, 30060, 30062, 30067, 30069, 30078, 30081, 30082, 30086, 30090, 30092, 30095, 30111, 30117, 30121, 30123, 30127, 30132, 30142, 30143, 30157, 30162, 30164, 30168, 30169, 30170, 30171, 30175, 30177, 30178, 30182, 30190, 30195, 30196], 'cluster_manager': {'host': 'localhost', 'port': 30092, 'latitude': 36.6274499, 'longitude': 127.4590589, 'altitude': 27, 'offset_m': 'lat: 94 m, lng: 49 m, alt: 27 m'}, 'simulated_delay': 0.000232, 'distance': 149.8654921147105, 'message_size_bits': 5568}
[2025-03-11 17:48:11,731] [INFO] [30040] Broadcasting PREPARE: REQUEST 1741682891617
[2025-03-11 17:48:12,814] [INFO] [30040] PREPARE received from 30182 for REQUEST 1741682891617
[2025-03-11 17:48:12,814] [INFO] [30040] Broadcasting COMMIT: REQUEST 1741682891617
[2025-03-11 17:48:12,814] [INFO] [30040] PREPARE received from 30026 for REQUEST 1741682891617
[2025-03-11 17:48:12,936] [INFO] [30040] PREPARE received from 30123 for REQUEST 1741682891617
[2025-03-11 17:48:12,936] [INFO] [30040] PREPARE received from 30082 for REQUEST 1741682891617
[2025-03-11 17:48:12,938] [INFO] [30040] PREPARE received from 30195 for REQUEST 1741682891617
[2025-03-11 17:48:12,938] [INFO] [30040] PREPARE received from 30069 for REQUEST 1741682891617
[2025-03-11 17:48:12,938] [INFO] [30040] PREPARE received from 30178 for REQUEST 1741682891617
[2025-03-11 17:48:12,938] [INFO] [30040] PREPARE received from 30171 for REQUEST 1741682891617
[2025-03-11 17:48:12,938] [INFO] [30040] PREPARE received from 30062 for REQUEST 1741682891617
[2025-03-11 17:48:12,938] [INFO] [30040] PREPARE received from 30005 for REQUEST 1741682891617
[2025-03-11 17:48:12,938] [INFO] [30040] PREPARE received from 30003 for REQUEST 1741682891617
[2025-03-11 17:48:12,940] [INFO] [30040] PREPARE received from 30058 for REQUEST 1741682891617
[2025-03-11 17:48:12,940] [INFO] [30040] PREPARE received from 30086 for REQUEST 1741682891617
[2025-03-11 17:48:12,940] [INFO] [30040] PREPARE received from 30117 for REQUEST 1741682891617
[2025-03-11 17:48:12,940] [INFO] [30040] PREPARE received from 30132 for REQUEST 1741682891617
[2025-03-11 17:48:13,016] [INFO] [30040] COMMIT received from 30132 for REQUEST 1741682891617
[2025-03-11 17:48:13,018] [INFO] [30040] PREPARE received from 30033 for REQUEST 1741682891617
[2025-03-11 17:48:13,031] [INFO] [30040] PREPARE received from 30055 for REQUEST 1741682891617
[2025-03-11 17:48:14,148] [INFO] [30040] PREPARE received from 30027 for REQUEST 1741682891617
[2025-03-11 17:48:14,542] [INFO] [30040] PREPARE received from 30095 for REQUEST 1741682891617
[2025-03-11 17:48:14,728] [INFO] [30040] COMMIT received from 30005 for REQUEST 1741682891617
[2025-03-11 17:48:14,731] [INFO] [30040] COMMIT complete. Sending PRE-REPLY: REQUEST 1741682891617 directly to Manager 30092
[2025-03-11 17:48:14,731] [INFO] [30040] PREPARE received from 30053 for REQUEST 1741682891617
[2025-03-11 17:48:14,731] [INFO] [30040] PREPARE received from 30081 for REQUEST 1741682891617
[2025-03-11 17:48:14,731] [INFO] [30040] COMMIT received from 30069 for REQUEST 1741682891617
[2025-03-11 17:48:14,731] [INFO] [30040] COMMIT received from 30086 for REQUEST 1741682891617
[2025-03-11 17:48:14,731] [INFO] [30040] COMMIT received from 30058 for REQUEST 1741682891617
[2025-03-11 17:48:14,731] [INFO] [30040] PREPARE received from 30168 for REQUEST 1741682891617
[2025-03-11 17:48:14,731] [INFO] [30040] PREPARE received from 30035 for REQUEST 1741682891617
[2025-03-11 17:48:14,731] [INFO] [30040] COMMIT received from 30168 for REQUEST 1741682891617
[2025-03-11 17:48:14,731] [INFO] [30040] PREPARE received from 30043 for REQUEST 1741682891617
[2025-03-11 17:48:14,735] [INFO] [30040] COMMIT received from 30178 for REQUEST 1741682891617
[2025-03-11 17:48:14,735] [INFO] [30040] COMMIT received from 30026 for REQUEST 1741682891617
[2025-03-11 17:48:14,735] [INFO] [30040] COMMIT received from 30123 for REQUEST 1741682891617
[2025-03-11 17:48:14,735] [INFO] [30040] COMMIT received from 30082 for REQUEST 1741682891617
[2025-03-11 17:48:14,735] [INFO] [30040] COMMIT received from 30117 for REQUEST 1741682891617
[2025-03-11 17:48:14,735] [INFO] [30040] COMMIT received from 30182 for REQUEST 1741682891617
[2025-03-11 17:48:14,937] [INFO] [30040] COMMIT received from 30190 for REQUEST 1741682891617
[2025-03-11 17:48:14,937] [INFO] [30040] COMMIT received from 30157 for REQUEST 1741682891617
[2025-03-11 17:48:14,940] [INFO] [30040] COMMIT received from 30171 for REQUEST 1741682891617
[2025-03-11 17:48:14,940] [INFO] [30040] COMMIT received from 30177 for REQUEST 1741682891617
[2025-03-11 17:48:14,940] [INFO] [30040] COMMIT received from 30047 for REQUEST 1741682891617
[2025-03-11 17:48:14,940] [INFO] [30040] COMMIT received from 30055 for REQUEST 1741682891617
[2025-03-11 17:48:14,940] [INFO] [30040] COMMIT received from 30062 for REQUEST 1741682891617
[2025-03-11 17:48:14,940] [INFO] [30040] COMMIT received from 30067 for REQUEST 1741682891617
[2025-03-11 17:48:14,940] [INFO] [30040] COMMIT received from 30033 for REQUEST 1741682891617
[2025-03-11 17:48:14,940] [INFO] [30040] COMMIT received from 30003 for REQUEST 1741682891617
[2025-03-11 17:48:15,359] [INFO] [30040] COMMIT received from 30027 for REQUEST 1741682891617
[2025-03-11 17:48:15,363] [INFO] [30040] PREPARE received from 30067 for REQUEST 1741682891617
[2025-03-11 17:48:15,363] [INFO] [30040] PREPARE received from 30177 for REQUEST 1741682891617
[2025-03-11 17:48:15,363] [INFO] [30040] PREPARE received from 30047 for REQUEST 1741682891617
[2025-03-11 17:48:15,363] [INFO] [30040] PREPARE received from 30042 for REQUEST 1741682891617
[2025-03-11 17:48:15,363] [INFO] [30040] PREPARE received from 30157 for REQUEST 1741682891617
[2025-03-11 17:48:15,363] [INFO] [30040] PREPARE received from 30018 for REQUEST 1741682891617
[2025-03-11 17:48:15,363] [INFO] [30040] PREPARE received from 30190 for REQUEST 1741682891617
[2025-03-11 17:48:15,365] [INFO] [30040] PREPARE received from 30164 for REQUEST 1741682891617
[2025-03-11 17:48:15,365] [INFO] [30040] PREPARE received from 30038 for REQUEST 1741682891617
[2025-03-11 17:48:15,365] [INFO] [30040] PREPARE received from 30127 for REQUEST 1741682891617
[2025-03-11 17:48:15,365] [INFO] [30040] PREPARE received from 30032 for REQUEST 1741682891617
[2025-03-11 17:48:15,365] [INFO] [30040] COMMIT received from 30095 for REQUEST 1741682891617
[2025-03-11 17:48:15,406] [INFO] [30040] COMMIT received from 30127 for REQUEST 1741682891617
[2025-03-11 17:48:15,406] [INFO] [30040] COMMIT received from 30032 for REQUEST 1741682891617
[2025-03-11 17:48:15,406] [INFO] [30040] COMMIT received from 30016 for REQUEST 1741682891617
[2025-03-11 17:48:15,406] [INFO] [30040] COMMIT received from 30164 for REQUEST 1741682891617
[2025-03-11 17:48:15,406] [INFO] [30040] PREPARE received from 30016 for REQUEST 1741682891617
[2025-03-11 17:48:15,406] [INFO] [30040] COMMIT received from 30195 for REQUEST 1741682891617
[2025-03-11 17:48:15,497] [INFO] [30040] COMMIT received from 30038 for REQUEST 1741682891617
[2025-03-11 17:48:15,515] [INFO] [30040] COMMIT received from 30081 for REQUEST 1741682891617
[2025-03-11 17:48:15,568] [INFO] [30040] COMMIT received from 30143 for REQUEST 1741682891617
[2025-03-11 17:48:15,632] [INFO] [30040] PREPARE received from 30143 for REQUEST 1741682891617
[2025-03-11 17:48:15,632] [INFO] [30040] COMMIT received from 30035 for REQUEST 1741682891617
[2025-03-11 17:48:15,780] [INFO] [30040] PREPARE received from 30090 for REQUEST 1741682891617
[2025-03-11 17:48:15,780] [INFO] [30040] COMMIT received from 30090 for REQUEST 1741682891617
[2025-03-11 17:48:15,853] [INFO] [30040] COMMIT received from 30043 for REQUEST 1741682891617
[2025-03-11 17:48:15,977] [INFO] [30040] COMMIT received from 30018 for REQUEST 1741682891617
[2025-03-11 17:48:15,979] [INFO] [30040] COMMIT received from 30053 for REQUEST 1741682891617
[2025-03-11 17:48:15,979] [INFO] [30040] PREPARE received from 30060 for REQUEST 1741682891617
[2025-03-11 17:48:16,025] [INFO] [30040] COMMIT received from 30060 for REQUEST 1741682891617
[2025-03-11 17:48:16,027] [INFO] [30040] COMMIT received from 30004 for REQUEST 1741682891617
[2025-03-11 17:48:16,027] [INFO] [30040] PREPARE received from 30169 for REQUEST 1741682891617
[2025-03-11 17:48:16,027] [INFO] [30040] COMMIT received from 30169 for REQUEST 1741682891617
[2025-03-11 17:48:16,027] [INFO] [30040] PREPARE received from 30111 for REQUEST 1741682891617
[2025-03-11 17:48:16,169] [INFO] [30040] PREPARE received from 30000 for REQUEST 1741682891617
[2025-03-11 17:48:16,188] [INFO] [30040] COMMIT received from 30000 for REQUEST 1741682891617
[2025-03-11 17:48:16,253] [INFO] [30040] PREPARE received from 30175 for REQUEST 1741682891617
[2025-03-11 17:48:16,253] [INFO] [30040] COMMIT received from 30111 for REQUEST 1741682891617
[2025-03-11 17:48:16,253] [INFO] [30040] COMMIT received from 30042 for REQUEST 1741682891617
[2025-03-11 17:48:16,291] [INFO] [30040] PREPARE received from 30170 for REQUEST 1741682891617
[2025-03-11 17:48:16,429] [INFO] [30040] COMMIT received from 30175 for REQUEST 1741682891617
[2025-03-11 17:48:16,429] [INFO] [30040] COMMIT received from 30170 for REQUEST 1741682891617
[2025-03-11 17:48:16,707] [INFO] [30040] PREPARE received from 30196 for REQUEST 1741682891617
[2025-03-11 17:48:16,720] [INFO] [30040] COMMIT received from 30196 for REQUEST 1741682891617
[2025-03-11 17:48:17,074] [INFO] [30040] PREPARE received from 30142 for REQUEST 1741682891617
[2025-03-11 17:48:17,074] [INFO] [30040] COMMIT received from 30142 for REQUEST 1741682891617
[2025-03-11 17:48:17,364] [INFO] [30040] PREPARE received from 30013 for REQUEST 1741682891617
[2025-03-11 17:48:17,364] [INFO] [30040] COMMIT received from 30013 for REQUEST 1741682891617
[2025-03-11 17:48:17,493] [INFO] [30040] PREPARE received from 30121 for REQUEST 1741682891617
[2025-03-11 17:48:17,493] [INFO] [30040] PREPARE received from 30078 for REQUEST 1741682891617
[2025-03-11 17:48:17,495] [INFO] [30040] COMMIT received from 30121 for REQUEST 1741682891617
[2025-03-11 17:48:17,509] [INFO] [30040] COMMIT received from 30078 for REQUEST 1741682891617
[2025-03-11 17:48:17,697] [INFO] [30040] PREPARE received from 30162 for REQUEST 1741682891617
[2025-03-11 17:48:17,697] [INFO] [30040] COMMIT received from 30162 for REQUEST 1741682891617
