[2025-03-11 17:38:29,266] [INFO] Node started: localhost:30065 | index=66 | f=1, k=4
[2025-03-11 17:38:33,677] [INFO] [30065] PRE-PREPARE received: {'request_id': 1741682313511, 'data': 'llapbft_message_1741682313511', 'timestamp': 1741682313.5429404, 'leader': 30018, 'cluster_id': 2, 'cluster_ports': [30017, 30018, 30022, 30023, 30030, 30033, 30039, 30040, 30042, 30044, 30045, 30046, 30047, 30049, 30054, 30059, 30061, 30062, 30063, 30065, 30066, 30070, 30073, 30076, 30078], 'cluster_manager': {'host': 'localhost', 'port': 30076, 'latitude': 36.6266151, 'longitude': 127.4594514, 'altitude': 117, 'offset_m': 'lat: 1 m, lng: 84 m, alt: 117 m'}, 'simulated_delay': 0.00033466666666666665, 'distance': 233.11782981152587, 'message_size_bits': 4016}
[2025-03-11 17:38:33,677] [INFO] [30065] Broadcasting PREPARE: REQUEST 1741682313511
[2025-03-11 17:38:33,702] [INFO] [30065] PREPARE received from 30078 for REQUEST 1741682313511
[2025-03-11 17:38:33,702] [INFO] [30065] Broadcasting COMMIT: REQUEST 1741682313511
[2025-03-11 17:38:33,795] [INFO] [30065] COMMIT received from 30078 for REQUEST 1741682313511
[2025-03-11 17:38:33,813] [INFO] [30065] COMMIT received from 30047 for REQUEST 1741682313511
[2025-03-11 17:38:33,813] [INFO] [30065] COMMIT complete. Sending PRE-REPLY: REQUEST 1741682313511 directly to Manager 30076
[2025-03-11 17:38:33,813] [INFO] [30065] PREPARE received from 30047 for REQUEST 1741682313511
[2025-03-11 17:38:33,952] [INFO] [30065] PREPARE received from 30063 for REQUEST 1741682313511
[2025-03-11 17:38:33,960] [INFO] [30065] COMMIT received from 30063 for REQUEST 1741682313511
[2025-03-11 17:38:33,965] [INFO] [30065] COMMIT received from 30018 for REQUEST 1741682313511
[2025-03-11 17:38:33,971] [INFO] [30065] PREPARE received from 30030 for REQUEST 1741682313511
[2025-03-11 17:38:33,971] [INFO] [30065] PREPARE received from 30054 for REQUEST 1741682313511
[2025-03-11 17:38:33,984] [INFO] [30065] PREPARE received from 30046 for REQUEST 1741682313511
[2025-03-11 17:38:33,984] [INFO] [30065] COMMIT received from 30054 for REQUEST 1741682313511
[2025-03-11 17:38:33,984] [INFO] [30065] PREPARE received from 30061 for REQUEST 1741682313511
[2025-03-11 17:38:33,984] [INFO] [30065] COMMIT received from 30030 for REQUEST 1741682313511
[2025-03-11 17:38:33,986] [INFO] [30065] COMMIT received from 30061 for REQUEST 1741682313511
[2025-03-11 17:38:33,988] [INFO] [30065] PREPARE received from 30039 for REQUEST 1741682313511
[2025-03-11 17:38:33,988] [INFO] [30065] COMMIT received from 30046 for REQUEST 1741682313511
[2025-03-11 17:38:33,990] [INFO] [30065] PREPARE received from 30059 for REQUEST 1741682313511
[2025-03-11 17:38:33,990] [INFO] [30065] COMMIT received from 30059 for REQUEST 1741682313511
[2025-03-11 17:38:33,992] [INFO] [30065] PREPARE received from 30066 for REQUEST 1741682313511
[2025-03-11 17:38:33,992] [INFO] [30065] PREPARE received from 30049 for REQUEST 1741682313511
[2025-03-11 17:38:33,992] [INFO] [30065] PREPARE received from 30044 for REQUEST 1741682313511
[2025-03-11 17:38:33,994] [INFO] [30065] COMMIT received from 30049 for REQUEST 1741682313511
[2025-03-11 17:38:33,994] [INFO] [30065] COMMIT received from 30066 for REQUEST 1741682313511
[2025-03-11 17:38:33,994] [INFO] [30065] PREPARE received from 30070 for REQUEST 1741682313511
[2025-03-11 17:38:33,996] [INFO] [30065] COMMIT received from 30039 for REQUEST 1741682313511
[2025-03-11 17:38:33,997] [INFO] [30065] PREPARE received from 30062 for REQUEST 1741682313511
[2025-03-11 17:38:33,999] [INFO] [30065] COMMIT received from 30070 for REQUEST 1741682313511
[2025-03-11 17:38:34,000] [INFO] [30065] PREPARE received from 30022 for REQUEST 1741682313511
[2025-03-11 17:38:34,003] [INFO] [30065] COMMIT received from 30062 for REQUEST 1741682313511
[2025-03-11 17:38:34,003] [INFO] [30065] PREPARE received from 30073 for REQUEST 1741682313511
[2025-03-11 17:38:34,003] [INFO] [30065] COMMIT received from 30044 for REQUEST 1741682313511
[2025-03-11 17:38:34,003] [INFO] [30065] PREPARE received from 30040 for REQUEST 1741682313511
[2025-03-11 17:38:34,006] [INFO] [30065] PREPARE received from 30045 for REQUEST 1741682313511
[2025-03-11 17:38:34,007] [INFO] [30065] COMMIT received from 30022 for REQUEST 1741682313511
[2025-03-11 17:38:34,007] [INFO] [30065] PREPARE received from 30017 for REQUEST 1741682313511
[2025-03-11 17:38:34,009] [INFO] [30065] COMMIT received from 30017 for REQUEST 1741682313511
[2025-03-11 17:38:34,009] [INFO] [30065] COMMIT received from 30040 for REQUEST 1741682313511
[2025-03-11 17:38:34,009] [INFO] [30065] COMMIT received from 30045 for REQUEST 1741682313511
[2025-03-11 17:38:34,011] [INFO] [30065] COMMIT received from 30073 for REQUEST 1741682313511
[2025-03-11 17:38:34,011] [INFO] [30065] PREPARE received from 30033 for REQUEST 1741682313511
[2025-03-11 17:38:34,013] [INFO] [30065] COMMIT received from 30033 for REQUEST 1741682313511
[2025-03-11 17:38:34,015] [INFO] [30065] PREPARE received from 30023 for REQUEST 1741682313511
[2025-03-11 17:38:34,017] [INFO] [30065] COMMIT received from 30023 for REQUEST 1741682313511
[2025-03-11 17:40:57,939] [INFO] Node started: localhost:30065 | index=66 | f=1, k=4
[2025-03-11 17:41:09,446] [INFO] [30065] PRE-PREPARE received: {'request_id': 1741682469395, 'data': 'llapbft_message_1741682469395', 'timestamp': 1741682469.412458, 'leader': 30110, 'cluster_id': 1, 'cluster_ports': [30002, 30003, 30004, 30006, 30007, 30008, 30016, 30019, 30023, 30027, 30028, 30029, 30035, 30037, 30043, 30054, 30057, 30064, 30065, 30067, 30069, 30070, 30075, 30076, 30077, 30089, 30094, 30095, 30099, 30101, 30102, 30104, 30110, 30112, 30114, 30117], 'cluster_manager': {'host': 'localhost', 'port': 30064, 'latitude': 36.6269153, 'longitude': 127.4594273, 'altitude': 54, 'offset_m': 'lat: 35 m, lng: 82 m, alt: 54 m'}, 'simulated_delay': 0.00019233333333333334, 'distance': 135.5744618078494, 'message_size_bits': 4616}
[2025-03-11 17:41:09,446] [INFO] [30065] Broadcasting PREPARE: REQUEST 1741682469395
[2025-03-11 17:41:09,582] [INFO] [30065] PREPARE received from 30095 for REQUEST 1741682469395
[2025-03-11 17:41:09,582] [INFO] [30065] Broadcasting COMMIT: REQUEST 1741682469395
[2025-03-11 17:41:09,613] [INFO] [30065] PREPARE received from 30094 for REQUEST 1741682469395
[2025-03-11 17:41:09,728] [INFO] [30065] PREPARE received from 30029 for REQUEST 1741682469395
[2025-03-11 17:41:09,739] [INFO] [30065] PREPARE received from 30112 for REQUEST 1741682469395
[2025-03-11 17:41:09,804] [INFO] [30065] PREPARE received from 30101 for REQUEST 1741682469395
[2025-03-11 17:41:09,804] [INFO] [30065] PREPARE received from 30104 for REQUEST 1741682469395
[2025-03-11 17:41:09,937] [INFO] [30065] COMMIT received from 30095 for REQUEST 1741682469395
[2025-03-11 17:41:09,959] [INFO] [30065] PREPARE received from 30006 for REQUEST 1741682469395
[2025-03-11 17:41:09,996] [INFO] [30065] COMMIT received from 30101 for REQUEST 1741682469395
[2025-03-11 17:41:09,996] [INFO] [30065] COMMIT complete. Sending PRE-REPLY: REQUEST 1741682469395 directly to Manager 30064
[2025-03-11 17:41:09,996] [INFO] [30065] COMMIT received from 30029 for REQUEST 1741682469395
[2025-03-11 17:41:09,996] [INFO] [30065] PREPARE received from 30077 for REQUEST 1741682469395
[2025-03-11 17:41:10,043] [INFO] [30065] PREPARE received from 30114 for REQUEST 1741682469395
[2025-03-11 17:41:10,101] [INFO] [30065] COMMIT received from 30114 for REQUEST 1741682469395
[2025-03-11 17:41:10,101] [INFO] [30065] COMMIT received from 30112 for REQUEST 1741682469395
[2025-03-11 17:41:10,196] [INFO] [30065] PREPARE received from 30089 for REQUEST 1741682469395
[2025-03-11 17:41:10,196] [INFO] [30065] PREPARE received from 30007 for REQUEST 1741682469395
[2025-03-11 17:41:10,212] [INFO] [30065] PREPARE received from 30016 for REQUEST 1741682469395
[2025-03-11 17:41:10,249] [INFO] [30065] COMMIT received from 30016 for REQUEST 1741682469395
[2025-03-11 17:41:10,249] [INFO] [30065] COMMIT received from 30104 for REQUEST 1741682469395
[2025-03-11 17:41:10,249] [INFO] [30065] PREPARE received from 30008 for REQUEST 1741682469395
[2025-03-11 17:41:10,249] [INFO] [30065] COMMIT received from 30089 for REQUEST 1741682469395
[2025-03-11 17:41:10,252] [INFO] [30065] COMMIT received from 30094 for REQUEST 1741682469395
[2025-03-11 17:41:10,252] [INFO] [30065] COMMIT received from 30007 for REQUEST 1741682469395
[2025-03-11 17:41:10,281] [INFO] [30065] PREPARE received from 30102 for REQUEST 1741682469395
[2025-03-11 17:41:10,281] [INFO] [30065] PREPARE received from 30117 for REQUEST 1741682469395
[2025-03-11 17:41:10,286] [INFO] [30065] PREPARE received from 30002 for REQUEST 1741682469395
[2025-03-11 17:41:10,286] [INFO] [30065] COMMIT received from 30077 for REQUEST 1741682469395
[2025-03-11 17:41:10,297] [INFO] [30065] PREPARE received from 30003 for REQUEST 1741682469395
[2025-03-11 17:41:10,297] [INFO] [30065] COMMIT received from 30008 for REQUEST 1741682469395
[2025-03-11 17:41:10,297] [INFO] [30065] COMMIT received from 30117 for REQUEST 1741682469395
[2025-03-11 17:41:10,299] [INFO] [30065] COMMIT received from 30102 for REQUEST 1741682469395
[2025-03-11 17:41:10,317] [INFO] [30065] COMMIT received from 30110 for REQUEST 1741682469395
[2025-03-11 17:41:10,317] [INFO] [30065] COMMIT received from 30003 for REQUEST 1741682469395
[2025-03-11 17:41:10,334] [INFO] [30065] PREPARE received from 30035 for REQUEST 1741682469395
[2025-03-11 17:41:10,334] [INFO] [30065] PREPARE received from 30019 for REQUEST 1741682469395
[2025-03-11 17:41:10,344] [INFO] [30065] COMMIT received from 30035 for REQUEST 1741682469395
[2025-03-11 17:41:10,344] [INFO] [30065] COMMIT received from 30019 for REQUEST 1741682469395
[2025-03-11 17:41:10,344] [INFO] [30065] COMMIT received from 30002 for REQUEST 1741682469395
[2025-03-11 17:41:10,425] [INFO] [30065] PREPARE received from 30023 for REQUEST 1741682469395
[2025-03-11 17:41:10,425] [INFO] [30065] COMMIT received from 30023 for REQUEST 1741682469395
[2025-03-11 17:41:10,425] [INFO] [30065] PREPARE received from 30027 for REQUEST 1741682469395
[2025-03-11 17:41:10,436] [INFO] [30065] PREPARE received from 30004 for REQUEST 1741682469395
[2025-03-11 17:41:10,439] [INFO] [30065] COMMIT received from 30004 for REQUEST 1741682469395
[2025-03-11 17:41:10,452] [INFO] [30065] COMMIT received from 30027 for REQUEST 1741682469395
[2025-03-11 17:41:10,470] [INFO] [30065] COMMIT received from 30006 for REQUEST 1741682469395
[2025-03-11 17:41:10,470] [INFO] [30065] PREPARE received from 30054 for REQUEST 1741682469395
[2025-03-11 17:41:10,594] [INFO] [30065] COMMIT received from 30054 for REQUEST 1741682469395
[2025-03-11 17:41:10,596] [INFO] [30065] PREPARE received from 30043 for REQUEST 1741682469395
[2025-03-11 17:41:10,600] [INFO] [30065] PREPARE received from 30037 for REQUEST 1741682469395
[2025-03-11 17:41:10,600] [INFO] [30065] COMMIT received from 30043 for REQUEST 1741682469395
[2025-03-11 17:41:10,610] [INFO] [30065] PREPARE received from 30057 for REQUEST 1741682469395
[2025-03-11 17:41:10,610] [INFO] [30065] PREPARE received from 30028 for REQUEST 1741682469395
[2025-03-11 17:41:10,610] [INFO] [30065] PREPARE received from 30070 for REQUEST 1741682469395
[2025-03-11 17:41:10,610] [INFO] [30065] PREPARE received from 30067 for REQUEST 1741682469395
[2025-03-11 17:41:10,614] [INFO] [30065] COMMIT received from 30067 for REQUEST 1741682469395
[2025-03-11 17:41:10,614] [INFO] [30065] COMMIT received from 30070 for REQUEST 1741682469395
[2025-03-11 17:41:10,614] [INFO] [30065] COMMIT received from 30057 for REQUEST 1741682469395
[2025-03-11 17:41:10,614] [INFO] [30065] COMMIT received from 30028 for REQUEST 1741682469395
[2025-03-11 17:41:10,614] [INFO] [30065] COMMIT received from 30099 for REQUEST 1741682469395
[2025-03-11 17:41:10,614] [INFO] [30065] PREPARE received from 30099 for REQUEST 1741682469395
[2025-03-11 17:41:10,614] [INFO] [30065] PREPARE received from 30069 for REQUEST 1741682469395
[2025-03-11 17:41:10,636] [INFO] [30065] COMMIT received from 30069 for REQUEST 1741682469395
[2025-03-11 17:41:10,733] [INFO] [30065] PREPARE received from 30075 for REQUEST 1741682469395
[2025-03-11 17:41:10,735] [INFO] [30065] COMMIT received from 30075 for REQUEST 1741682469395
[2025-03-11 17:41:10,751] [INFO] [30065] PREPARE received from 30076 for REQUEST 1741682469395
[2025-03-11 17:41:10,751] [INFO] [30065] COMMIT received from 30076 for REQUEST 1741682469395
[2025-03-11 17:41:10,785] [INFO] [30065] COMMIT received from 30037 for REQUEST 1741682469395
[2025-03-11 17:44:06,372] [INFO] Node started: localhost:30065 | index=66 | f=1, k=4
[2025-03-11 17:44:26,358] [INFO] [30065] PRE-PREPARE received: {'request_id': 1741682666245, 'data': 'llapbft_message_1741682666245', 'timestamp': 1741682666.2776651, 'leader': 30000, 'cluster_id': 0, 'cluster_ports': [30000, 30003, 30007, 30016, 30019, 30020, 30023, 30025, 30027, 30028, 30031, 30032, 30034, 30038, 30044, 30047, 30048, 30050, 30054, 30055, 30058, 30062, 30065, 30066, 30071, 30077, 30078, 30083, 30097, 30101, 30113, 30114, 30116, 30120, 30124, 30128, 30134, 30136, 30141, 30144, 30146, 30151, 30154, 30156], 'cluster_manager': {'host': 'localhost', 'port': 30114, 'latitude': 36.6267099, 'longitude': 127.4591412, 'altitude': 98, 'offset_m': 'lat: 12 m, lng: 57 m, alt: 98 m'}, 'simulated_delay': 0.00021133333333333334, 'distance': 122.55462522395125, 'message_size_bits': 5072}
[2025-03-11 17:44:26,358] [INFO] [30065] Broadcasting PREPARE: REQUEST 1741682666245
[2025-03-11 17:44:26,526] [INFO] [30065] PREPARE received from 30028 for REQUEST 1741682666245
[2025-03-11 17:44:26,526] [INFO] [30065] Broadcasting COMMIT: REQUEST 1741682666245
[2025-03-11 17:44:26,562] [INFO] [30065] PREPARE received from 30016 for REQUEST 1741682666245
[2025-03-11 17:44:26,768] [INFO] [30065] PREPARE received from 30047 for REQUEST 1741682666245
[2025-03-11 17:44:26,857] [INFO] [30065] COMMIT received from 30047 for REQUEST 1741682666245
[2025-03-11 17:44:26,909] [INFO] [30065] COMMIT received from 30078 for REQUEST 1741682666245
[2025-03-11 17:44:26,909] [INFO] [30065] COMMIT complete. Sending PRE-REPLY: REQUEST 1741682666245 directly to Manager 30114
[2025-03-11 17:44:26,909] [INFO] [30065] PREPARE received from 30078 for REQUEST 1741682666245
[2025-03-11 17:44:26,922] [INFO] [30065] COMMIT received from 30016 for REQUEST 1741682666245
[2025-03-11 17:44:26,950] [INFO] [30065] PREPARE received from 30020 for REQUEST 1741682666245
[2025-03-11 17:44:27,025] [INFO] [30065] COMMIT received from 30020 for REQUEST 1741682666245
[2025-03-11 17:44:27,099] [INFO] [30065] PREPARE received from 30062 for REQUEST 1741682666245
[2025-03-11 17:44:27,318] [INFO] [30065] COMMIT received from 30031 for REQUEST 1741682666245
[2025-03-11 17:44:27,318] [INFO] [30065] PREPARE received from 30031 for REQUEST 1741682666245
[2025-03-11 17:44:27,344] [INFO] [30065] COMMIT received from 30028 for REQUEST 1741682666245
[2025-03-11 17:44:27,390] [INFO] [30065] PREPARE received from 30136 for REQUEST 1741682666245
[2025-03-11 17:44:27,444] [INFO] [30065] COMMIT received from 30062 for REQUEST 1741682666245
[2025-03-11 17:44:27,445] [INFO] [30065] COMMIT received from 30136 for REQUEST 1741682666245
[2025-03-11 17:44:27,655] [INFO] [30065] PREPARE received from 30019 for REQUEST 1741682666245
[2025-03-11 17:44:27,668] [INFO] [30065] PREPARE received from 30044 for REQUEST 1741682666245
[2025-03-11 17:44:27,668] [INFO] [30065] PREPARE received from 30058 for REQUEST 1741682666245
[2025-03-11 17:44:27,668] [INFO] [30065] COMMIT received from 30044 for REQUEST 1741682666245
[2025-03-11 17:44:27,670] [INFO] [30065] COMMIT received from 30058 for REQUEST 1741682666245
[2025-03-11 17:44:27,692] [INFO] [30065] PREPARE received from 30025 for REQUEST 1741682666245
[2025-03-11 17:44:27,692] [INFO] [30065] PREPARE received from 30027 for REQUEST 1741682666245
[2025-03-11 17:44:27,694] [INFO] [30065] COMMIT received from 30025 for REQUEST 1741682666245
[2025-03-11 17:44:27,744] [INFO] [30065] PREPARE received from 30054 for REQUEST 1741682666245
[2025-03-11 17:44:27,779] [INFO] [30065] COMMIT received from 30054 for REQUEST 1741682666245
[2025-03-11 17:44:27,779] [INFO] [30065] COMMIT received from 30027 for REQUEST 1741682666245
[2025-03-11 17:44:27,779] [INFO] [30065] PREPARE received from 30116 for REQUEST 1741682666245
[2025-03-11 17:44:27,800] [INFO] [30065] COMMIT received from 30116 for REQUEST 1741682666245
[2025-03-11 17:44:27,874] [INFO] [30065] PREPARE received from 30141 for REQUEST 1741682666245
[2025-03-11 17:44:27,874] [INFO] [30065] COMMIT received from 30141 for REQUEST 1741682666245
[2025-03-11 17:44:27,941] [INFO] [30065] PREPARE received from 30055 for REQUEST 1741682666245
[2025-03-11 17:44:27,952] [INFO] [30065] COMMIT received from 30055 for REQUEST 1741682666245
[2025-03-11 17:44:27,985] [INFO] [30065] COMMIT received from 30019 for REQUEST 1741682666245
[2025-03-11 17:44:28,109] [INFO] [30065] PREPARE received from 30038 for REQUEST 1741682666245
[2025-03-11 17:44:28,110] [INFO] [30065] COMMIT received from 30038 for REQUEST 1741682666245
[2025-03-11 17:44:28,204] [INFO] [30065] PREPARE received from 30034 for REQUEST 1741682666245
[2025-03-11 17:44:28,205] [INFO] [30065] COMMIT received from 30000 for REQUEST 1741682666245
[2025-03-11 17:44:28,205] [INFO] [30065] COMMIT received from 30034 for REQUEST 1741682666245
[2025-03-11 17:44:28,258] [INFO] [30065] PREPARE received from 30003 for REQUEST 1741682666245
[2025-03-11 17:44:28,260] [INFO] [30065] COMMIT received from 30003 for REQUEST 1741682666245
[2025-03-11 17:44:28,726] [INFO] [30065] PREPARE received from 30156 for REQUEST 1741682666245
[2025-03-11 17:44:28,726] [INFO] [30065] PREPARE received from 30097 for REQUEST 1741682666245
[2025-03-11 17:44:28,726] [INFO] [30065] COMMIT received from 30156 for REQUEST 1741682666245
[2025-03-11 17:44:28,726] [INFO] [30065] COMMIT received from 30097 for REQUEST 1741682666245
[2025-03-11 17:44:29,189] [INFO] [30065] PREPARE received from 30050 for REQUEST 1741682666245
[2025-03-11 17:44:29,191] [INFO] [30065] COMMIT received from 30050 for REQUEST 1741682666245
[2025-03-11 17:44:29,311] [INFO] [30065] PREPARE received from 30077 for REQUEST 1741682666245
[2025-03-11 17:44:29,311] [INFO] [30065] PREPARE received from 30128 for REQUEST 1741682666245
[2025-03-11 17:44:29,313] [INFO] [30065] COMMIT received from 30128 for REQUEST 1741682666245
[2025-03-11 17:44:29,313] [INFO] [30065] COMMIT received from 30077 for REQUEST 1741682666245
[2025-03-11 17:44:29,379] [INFO] [30065] PREPARE received from 30071 for REQUEST 1741682666245
[2025-03-11 17:44:29,381] [INFO] [30065] COMMIT received from 30071 for REQUEST 1741682666245
[2025-03-11 17:44:29,381] [INFO] [30065] PREPARE received from 30083 for REQUEST 1741682666245
[2025-03-11 17:44:29,381] [INFO] [30065] PREPARE received from 30154 for REQUEST 1741682666245
[2025-03-11 17:44:29,381] [INFO] [30065] COMMIT received from 30154 for REQUEST 1741682666245
[2025-03-11 17:44:29,389] [INFO] [30065] COMMIT received from 30083 for REQUEST 1741682666245
[2025-03-11 17:44:29,393] [INFO] [30065] PREPARE received from 30144 for REQUEST 1741682666245
[2025-03-11 17:44:29,395] [INFO] [30065] PREPARE received from 30124 for REQUEST 1741682666245
[2025-03-11 17:44:29,395] [INFO] [30065] COMMIT received from 30124 for REQUEST 1741682666245
[2025-03-11 17:44:29,397] [INFO] [30065] COMMIT received from 30144 for REQUEST 1741682666245
[2025-03-11 17:44:29,412] [INFO] [30065] PREPARE received from 30066 for REQUEST 1741682666245
[2025-03-11 17:44:29,412] [INFO] [30065] COMMIT received from 30066 for REQUEST 1741682666245
[2025-03-11 17:44:29,423] [INFO] [30065] PREPARE received from 30113 for REQUEST 1741682666245
[2025-03-11 17:44:29,423] [INFO] [30065] COMMIT received from 30113 for REQUEST 1741682666245
[2025-03-11 17:44:29,469] [INFO] [30065] PREPARE received from 30120 for REQUEST 1741682666245
[2025-03-11 17:44:29,471] [INFO] [30065] COMMIT received from 30120 for REQUEST 1741682666245
[2025-03-11 17:44:29,471] [INFO] [30065] PREPARE received from 30023 for REQUEST 1741682666245
[2025-03-11 17:44:29,471] [INFO] [30065] PREPARE received from 30032 for REQUEST 1741682666245
[2025-03-11 17:44:29,471] [INFO] [30065] PREPARE received from 30134 for REQUEST 1741682666245
[2025-03-11 17:44:29,478] [INFO] [30065] COMMIT received from 30134 for REQUEST 1741682666245
[2025-03-11 17:44:29,478] [INFO] [30065] COMMIT received from 30032 for REQUEST 1741682666245
[2025-03-11 17:44:29,478] [INFO] [30065] COMMIT received from 30023 for REQUEST 1741682666245
[2025-03-11 17:44:29,508] [INFO] [30065] PREPARE received from 30146 for REQUEST 1741682666245
[2025-03-11 17:44:29,508] [INFO] [30065] COMMIT received from 30146 for REQUEST 1741682666245
[2025-03-11 17:44:29,516] [INFO] [30065] PREPARE received from 30101 for REQUEST 1741682666245
[2025-03-11 17:44:29,516] [INFO] [30065] COMMIT received from 30101 for REQUEST 1741682666245
[2025-03-11 17:47:43,105] [INFO] Node started: localhost:30065 | index=66 | f=1, k=4
[2025-03-11 17:48:11,693] [INFO] [30065] PRE-PREPARE received: {'request_id': 1741682891617, 'data': 'llapbft_message_1741682891617', 'timestamp': 1741682891.640408, 'leader': 30150, 'cluster_id': 2, 'cluster_ports': [30007, 30008, 30012, 30015, 30019, 30025, 30029, 30030, 30039, 30044, 30046, 30050, 30054, 30056, 30063, 30065, 30068, 30072, 30074, 30077, 30080, 30083, 30085, 30094, 30103, 30105, 30112, 30114, 30120, 30125, 30129, 30130, 30134, 30145, 30147, 30148, 30149, 30150, 30155, 30158, 30166, 30167, 30172, 30174, 30188, 30192, 30199], 'cluster_manager': {'host': 'localhost', 'port': 30029, 'latitude': 36.6266259, 'longitude': 127.4590111, 'altitude': 13, 'offset_m': 'lat: 2 m, lng: 45 m, alt: 13 m'}, 'simulated_delay': 0.0002902222222222222, 'distance': 157.05909110387918, 'message_size_bits': 5224}
[2025-03-11 17:48:11,693] [INFO] [30065] Broadcasting PREPARE: REQUEST 1741682891617
[2025-03-11 17:48:13,050] [INFO] [30065] PREPARE received from 30148 for REQUEST 1741682891617
[2025-03-11 17:48:13,050] [INFO] [30065] Broadcasting COMMIT: REQUEST 1741682891617
[2025-03-11 17:48:13,050] [INFO] [30065] PREPARE received from 30105 for REQUEST 1741682891617
[2025-03-11 17:48:13,050] [INFO] [30065] PREPARE received from 30083 for REQUEST 1741682891617
[2025-03-11 17:48:13,050] [INFO] [30065] PREPARE received from 30174 for REQUEST 1741682891617
[2025-03-11 17:48:13,268] [INFO] [30065] PREPARE received from 30192 for REQUEST 1741682891617
[2025-03-11 17:48:13,268] [INFO] [30065] PREPARE received from 30134 for REQUEST 1741682891617
[2025-03-11 17:48:13,268] [INFO] [30065] PREPARE received from 30019 for REQUEST 1741682891617
[2025-03-11 17:48:13,269] [INFO] [30065] PREPARE received from 30167 for REQUEST 1741682891617
[2025-03-11 17:48:13,269] [INFO] [30065] PREPARE received from 30130 for REQUEST 1741682891617
[2025-03-11 17:48:13,269] [INFO] [30065] PREPARE received from 30199 for REQUEST 1741682891617
[2025-03-11 17:48:13,269] [INFO] [30065] PREPARE received from 30054 for REQUEST 1741682891617
[2025-03-11 17:48:13,269] [INFO] [30065] PREPARE received from 30074 for REQUEST 1741682891617
[2025-03-11 17:48:13,271] [INFO] [30065] PREPARE received from 30112 for REQUEST 1741682891617
[2025-03-11 17:48:13,271] [INFO] [30065] PREPARE received from 30149 for REQUEST 1741682891617
[2025-03-11 17:48:13,271] [INFO] [30065] PREPARE received from 30030 for REQUEST 1741682891617
[2025-03-11 17:48:13,271] [INFO] [30065] PREPARE received from 30147 for REQUEST 1741682891617
[2025-03-11 17:48:13,271] [INFO] [30065] PREPARE received from 30155 for REQUEST 1741682891617
[2025-03-11 17:48:13,271] [INFO] [30065] PREPARE received from 30068 for REQUEST 1741682891617
[2025-03-11 17:48:13,271] [INFO] [30065] PREPARE received from 30077 for REQUEST 1741682891617
[2025-03-11 17:48:13,405] [INFO] [30065] COMMIT received from 30167 for REQUEST 1741682891617
[2025-03-11 17:48:13,405] [INFO] [30065] COMMIT received from 30077 for REQUEST 1741682891617
[2025-03-11 17:48:13,405] [INFO] [30065] COMMIT complete. Sending PRE-REPLY: REQUEST 1741682891617 directly to Manager 30029
[2025-03-11 17:48:13,524] [INFO] [30065] COMMIT received from 30105 for REQUEST 1741682891617
[2025-03-11 17:48:13,524] [INFO] [30065] COMMIT received from 30074 for REQUEST 1741682891617
[2025-03-11 17:48:13,526] [INFO] [30065] COMMIT received from 30148 for REQUEST 1741682891617
[2025-03-11 17:48:13,526] [INFO] [30065] PREPARE received from 30046 for REQUEST 1741682891617
[2025-03-11 17:48:13,526] [INFO] [30065] COMMIT received from 30083 for REQUEST 1741682891617
[2025-03-11 17:48:13,526] [INFO] [30065] COMMIT received from 30155 for REQUEST 1741682891617
[2025-03-11 17:48:13,526] [INFO] [30065] COMMIT received from 30134 for REQUEST 1741682891617
[2025-03-11 17:48:13,526] [INFO] [30065] COMMIT received from 30130 for REQUEST 1741682891617
[2025-03-11 17:48:14,233] [INFO] [30065] COMMIT received from 30174 for REQUEST 1741682891617
[2025-03-11 17:48:14,973] [INFO] [30065] PREPARE received from 30129 for REQUEST 1741682891617
[2025-03-11 17:48:14,973] [INFO] [30065] PREPARE received from 30050 for REQUEST 1741682891617
[2025-03-11 17:48:14,985] [INFO] [30065] PREPARE received from 30120 for REQUEST 1741682891617
[2025-03-11 17:48:15,050] [INFO] [30065] COMMIT received from 30150 for REQUEST 1741682891617
[2025-03-11 17:48:15,050] [INFO] [30065] PREPARE received from 30025 for REQUEST 1741682891617
[2025-03-11 17:48:15,050] [INFO] [30065] PREPARE received from 30039 for REQUEST 1741682891617
[2025-03-11 17:48:15,052] [INFO] [30065] COMMIT received from 30199 for REQUEST 1741682891617
[2025-03-11 17:48:15,052] [INFO] [30065] PREPARE received from 30188 for REQUEST 1741682891617
[2025-03-11 17:48:15,052] [INFO] [30065] PREPARE received from 30015 for REQUEST 1741682891617
[2025-03-11 17:48:15,052] [INFO] [30065] COMMIT received from 30112 for REQUEST 1741682891617
[2025-03-11 17:48:15,054] [INFO] [30065] COMMIT received from 30030 for REQUEST 1741682891617
[2025-03-11 17:48:15,054] [INFO] [30065] COMMIT received from 30050 for REQUEST 1741682891617
[2025-03-11 17:48:15,054] [INFO] [30065] COMMIT received from 30149 for REQUEST 1741682891617
[2025-03-11 17:48:15,054] [INFO] [30065] COMMIT received from 30147 for REQUEST 1741682891617
[2025-03-11 17:48:15,054] [INFO] [30065] COMMIT received from 30192 for REQUEST 1741682891617
[2025-03-11 17:48:15,054] [INFO] [30065] COMMIT received from 30019 for REQUEST 1741682891617
[2025-03-11 17:48:15,054] [INFO] [30065] PREPARE received from 30007 for REQUEST 1741682891617
[2025-03-11 17:48:15,296] [INFO] [30065] COMMIT received from 30044 for REQUEST 1741682891617
[2025-03-11 17:48:15,296] [INFO] [30065] COMMIT received from 30039 for REQUEST 1741682891617
[2025-03-11 17:48:15,296] [INFO] [30065] PREPARE received from 30044 for REQUEST 1741682891617
[2025-03-11 17:48:15,296] [INFO] [30065] PREPARE received from 30114 for REQUEST 1741682891617
[2025-03-11 17:48:15,298] [INFO] [30065] PREPARE received from 30080 for REQUEST 1741682891617
[2025-03-11 17:48:15,298] [INFO] [30065] PREPARE received from 30145 for REQUEST 1741682891617
[2025-03-11 17:48:15,298] [INFO] [30065] PREPARE received from 30063 for REQUEST 1741682891617
[2025-03-11 17:48:15,298] [INFO] [30065] COMMIT received from 30054 for REQUEST 1741682891617
[2025-03-11 17:48:15,298] [INFO] [30065] PREPARE received from 30008 for REQUEST 1741682891617
[2025-03-11 17:48:15,298] [INFO] [30065] PREPARE received from 30166 for REQUEST 1741682891617
[2025-03-11 17:48:15,298] [INFO] [30065] COMMIT received from 30166 for REQUEST 1741682891617
[2025-03-11 17:48:15,298] [INFO] [30065] COMMIT received from 30114 for REQUEST 1741682891617
[2025-03-11 17:48:15,298] [INFO] [30065] COMMIT received from 30068 for REQUEST 1741682891617
[2025-03-11 17:48:15,499] [INFO] [30065] COMMIT received from 30080 for REQUEST 1741682891617
[2025-03-11 17:48:15,499] [INFO] [30065] COMMIT received from 30145 for REQUEST 1741682891617
[2025-03-11 17:48:15,536] [INFO] [30065] PREPARE received from 30172 for REQUEST 1741682891617
[2025-03-11 17:48:15,536] [INFO] [30065] COMMIT received from 30172 for REQUEST 1741682891617
[2025-03-11 17:48:15,556] [INFO] [30065] COMMIT received from 30188 for REQUEST 1741682891617
[2025-03-11 17:48:15,556] [INFO] [30065] COMMIT received from 30129 for REQUEST 1741682891617
[2025-03-11 17:48:15,560] [INFO] [30065] COMMIT received from 30025 for REQUEST 1741682891617
[2025-03-11 17:48:15,560] [INFO] [30065] PREPARE received from 30056 for REQUEST 1741682891617
[2025-03-11 17:48:15,629] [INFO] [30065] COMMIT received from 30008 for REQUEST 1741682891617
[2025-03-11 17:48:15,632] [INFO] [30065] COMMIT received from 30120 for REQUEST 1741682891617
[2025-03-11 17:48:15,703] [INFO] [30065] COMMIT received from 30007 for REQUEST 1741682891617
[2025-03-11 17:48:15,774] [INFO] [30065] PREPARE received from 30125 for REQUEST 1741682891617
[2025-03-11 17:48:15,774] [INFO] [30065] COMMIT received from 30125 for REQUEST 1741682891617
[2025-03-11 17:48:15,776] [INFO] [30065] COMMIT received from 30015 for REQUEST 1741682891617
[2025-03-11 17:48:15,776] [INFO] [30065] COMMIT received from 30056 for REQUEST 1741682891617
[2025-03-11 17:48:15,776] [INFO] [30065] COMMIT received from 30046 for REQUEST 1741682891617
[2025-03-11 17:48:15,860] [INFO] [30065] COMMIT received from 30063 for REQUEST 1741682891617
[2025-03-11 17:48:15,909] [INFO] [30065] PREPARE received from 30085 for REQUEST 1741682891617
[2025-03-11 17:48:15,941] [INFO] [30065] PREPARE received from 30103 for REQUEST 1741682891617
[2025-03-11 17:48:16,063] [INFO] [30065] COMMIT received from 30085 for REQUEST 1741682891617
[2025-03-11 17:48:16,253] [INFO] [30065] COMMIT received from 30103 for REQUEST 1741682891617
[2025-03-11 17:48:16,478] [INFO] [30065] PREPARE received from 30158 for REQUEST 1741682891617
[2025-03-11 17:48:16,480] [INFO] [30065] COMMIT received from 30158 for REQUEST 1741682891617
[2025-03-11 17:48:17,063] [INFO] [30065] PREPARE received from 30094 for REQUEST 1741682891617
[2025-03-11 17:48:17,065] [INFO] [30065] COMMIT received from 30094 for REQUEST 1741682891617
