[2025-03-20 12:39:46,286] [INFO] Node started: localhost:30063 | index= 64 | f=1, k=4
[2025-03-20 12:40:02,671] [INFO] Phase: PREPARE | Receiver: 30063 | Sender: 30064 | Distance:   56.96 m | Delay: 0.4661s | Size: 16778992 bit
[2025-03-20 12:40:02,671] [INFO] PREPARE: Missing PRE-PREPARE for REQUEST 1742442000277
[2025-03-20 12:40:02,735] [INFO] Phase: PRE-PREPARE | Receiver: 30063 | Sender: 30110 | Distance:   52.58 m | Delay: 0.4662s | Size: 16782208 bit
[2025-03-20 12:40:02,735] [INFO] Phase: PREPARE-BROADCAST | Receiver: ALL | Sender: 30063 | Distance:   52.58 m | Delay: 0.4662s | Size: 16778152 bit
[2025-03-20 12:40:02,971] [INFO] Phase: COMMIT | Receiver: 30063 | Sender: 30064 | Distance:   56.96 m | Delay: 0.4661s | Size: 16778984 bit
[2025-03-20 12:40:03,468] [INFO] Phase: PREPARE | Receiver: 30063 | Sender: 30011 | Distance:  141.30 m | Delay: 0.6991s | Size: 16778992 bit
[2025-03-20 12:40:03,479] [INFO] Phase: COMMIT-BROADCAST | Receiver: ALL | Sender: 30063 | Distance:  141.30 m | Delay: 0.6991s | Size: 16778160 bit
[2025-03-20 12:40:04,796] [INFO] Phase: PREPARE | Receiver: 30063 | Sender: 30006 | Distance:   58.81 m | Delay: 0.4661s | Size: 16778984 bit
[2025-03-20 12:40:04,824] [INFO] Phase: PREPARE | Receiver: 30063 | Sender: 30045 | Distance:   96.61 m | Delay: 0.4661s | Size: 16778984 bit
[2025-03-20 12:40:04,858] [INFO] Phase: PREPARE | Receiver: 30063 | Sender: 30005 | Distance:  105.80 m | Delay: 0.6991s | Size: 16778992 bit
[2025-03-20 12:40:04,894] [INFO] Phase: PREPARE | Receiver: 30063 | Sender: 30025 | Distance:  117.52 m | Delay: 0.6991s | Size: 16779000 bit
[2025-03-20 12:40:04,913] [INFO] Phase: PREPARE | Receiver: 30063 | Sender: 30037 | Distance:  118.61 m | Delay: 0.6991s | Size: 16778992 bit
[2025-03-20 12:40:04,939] [INFO] Phase: PREPARE | Receiver: 30063 | Sender: 30097 | Distance:  127.06 m | Delay: 0.6991s | Size: 16779000 bit
[2025-03-20 12:40:05,018] [INFO] Phase: PREPARE | Receiver: 30063 | Sender: 30071 | Distance:   89.00 m | Delay: 0.4661s | Size: 16778984 bit
[2025-03-20 12:40:05,101] [INFO] Phase: PREPARE | Receiver: 30063 | Sender: 30040 | Distance:  103.67 m | Delay: 0.6991s | Size: 16778992 bit
[2025-03-20 12:40:05,189] [INFO] Phase: PREPARE | Receiver: 30063 | Sender: 30092 | Distance:  144.04 m | Delay: 0.6991s | Size: 16778992 bit
[2025-03-20 12:40:05,331] [INFO] Phase: PREPARE | Receiver: 30063 | Sender: 30009 | Distance:  128.30 m | Delay: 0.6991s | Size: 16779000 bit
[2025-03-20 12:40:05,446] [INFO] Phase: COMMIT | Receiver: 30063 | Sender: 30071 | Distance:   89.00 m | Delay: 0.4661s | Size: 16778984 bit
[2025-03-20 12:40:05,455] [INFO] Phase: PRE-REPLY | Receiver: 30016 | Sender: 30063 | Distance:   89.00 m | Delay: 0.4661s | Size: 16778152 bit
[2025-03-20 12:40:05,505] [INFO] Phase: COMMIT | Receiver: 30063 | Sender: 30040 | Distance:  103.67 m | Delay: 0.6991s | Size: 16778992 bit
[2025-03-20 12:40:05,576] [INFO] Phase: COMMIT | Receiver: 30063 | Sender: 30006 | Distance:   58.81 m | Delay: 0.4661s | Size: 16778992 bit
[2025-03-20 12:40:05,634] [INFO] Phase: PREPARE | Receiver: 30063 | Sender: 30096 | Distance:  119.14 m | Delay: 0.6991s | Size: 16779000 bit
[2025-03-20 12:40:05,735] [INFO] Phase: PREPARE | Receiver: 30063 | Sender: 30074 | Distance:   93.19 m | Delay: 0.4661s | Size: 16778992 bit
[2025-03-20 12:40:05,816] [INFO] Phase: COMMIT | Receiver: 30063 | Sender: 30045 | Distance:   96.61 m | Delay: 0.4661s | Size: 16778992 bit
[2025-03-20 12:40:05,862] [INFO] Phase: PREPARE | Receiver: 30063 | Sender: 30028 | Distance:  157.98 m | Delay: 0.9322s | Size: 16779000 bit
[2025-03-20 12:40:05,998] [INFO] Phase: COMMIT | Receiver: 30063 | Sender: 30025 | Distance:  117.52 m | Delay: 0.6991s | Size: 16779000 bit
[2025-03-20 12:40:06,023] [INFO] Phase: COMMIT | Receiver: 30063 | Sender: 30092 | Distance:  144.04 m | Delay: 0.6991s | Size: 16779000 bit
[2025-03-20 12:40:06,061] [INFO] Phase: COMMIT | Receiver: 30063 | Sender: 30005 | Distance:  105.80 m | Delay: 0.6991s | Size: 16779000 bit
[2025-03-20 12:40:06,134] [INFO] Phase: PREPARE | Receiver: 30063 | Sender: 30116 | Distance:  144.03 m | Delay: 0.6991s | Size: 16778992 bit
[2025-03-20 12:40:06,198] [INFO] Phase: PREPARE | Receiver: 30063 | Sender: 30068 | Distance:  125.86 m | Delay: 0.6991s | Size: 16778992 bit
[2025-03-20 12:40:06,223] [INFO] Phase: COMMIT | Receiver: 30063 | Sender: 30097 | Distance:  127.06 m | Delay: 0.6991s | Size: 16779000 bit
[2025-03-20 12:40:06,248] [INFO] Phase: COMMIT | Receiver: 30063 | Sender: 30037 | Distance:  118.61 m | Delay: 0.6991s | Size: 16779000 bit
[2025-03-20 12:40:06,274] [INFO] Phase: COMMIT | Receiver: 30063 | Sender: 30110 | Distance:   52.58 m | Delay: 0.4661s | Size: 16778992 bit
[2025-03-20 12:40:06,308] [INFO] Phase: PREPARE | Receiver: 30063 | Sender: 30014 | Distance:  135.03 m | Delay: 0.6991s | Size: 16779000 bit
[2025-03-20 12:40:06,358] [INFO] Phase: PREPARE | Receiver: 30063 | Sender: 30023 | Distance:  144.77 m | Delay: 0.6991s | Size: 16778992 bit
[2025-03-20 12:40:06,395] [INFO] Phase: PREPARE | Receiver: 30063 | Sender: 30081 | Distance:  165.50 m | Delay: 0.9322s | Size: 16778992 bit
[2025-03-20 12:40:06,434] [INFO] Phase: PREPARE | Receiver: 30063 | Sender: 30090 | Distance:  133.86 m | Delay: 0.6991s | Size: 16779000 bit
[2025-03-20 12:40:06,533] [INFO] Phase: COMMIT | Receiver: 30063 | Sender: 30068 | Distance:  125.86 m | Delay: 0.6991s | Size: 16778992 bit
[2025-03-20 12:40:06,556] [INFO] Phase: PREPARE | Receiver: 30063 | Sender: 30043 | Distance:  144.04 m | Delay: 0.6991s | Size: 16779000 bit
[2025-03-20 12:40:06,584] [INFO] Phase: COMMIT | Receiver: 30063 | Sender: 30074 | Distance:   93.19 m | Delay: 0.4661s | Size: 16778992 bit
[2025-03-20 12:40:06,628] [INFO] Phase: COMMIT | Receiver: 30063 | Sender: 30090 | Distance:  133.86 m | Delay: 0.6991s | Size: 16779000 bit
[2025-03-20 12:40:06,657] [INFO] Phase: COMMIT | Receiver: 30063 | Sender: 30096 | Distance:  119.14 m | Delay: 0.6991s | Size: 16778992 bit
[2025-03-20 12:40:06,680] [INFO] Phase: COMMIT | Receiver: 30063 | Sender: 30014 | Distance:  135.03 m | Delay: 0.6991s | Size: 16779000 bit
[2025-03-20 12:40:06,726] [INFO] Phase: COMMIT | Receiver: 30063 | Sender: 30011 | Distance:  141.30 m | Delay: 0.6991s | Size: 16779000 bit
[2025-03-20 12:40:06,750] [INFO] Phase: PREPARE | Receiver: 30063 | Sender: 30013 | Distance:  175.98 m | Delay: 0.9322s | Size: 16779000 bit
[2025-03-20 12:40:06,774] [INFO] Phase: COMMIT | Receiver: 30063 | Sender: 30081 | Distance:  165.50 m | Delay: 0.9322s | Size: 16779000 bit
[2025-03-20 12:40:06,800] [INFO] Phase: COMMIT | Receiver: 30063 | Sender: 30023 | Distance:  144.77 m | Delay: 0.6991s | Size: 16778992 bit
[2025-03-20 12:40:06,849] [INFO] Phase: COMMIT | Receiver: 30063 | Sender: 30043 | Distance:  144.04 m | Delay: 0.6991s | Size: 16779000 bit
[2025-03-20 12:40:06,926] [INFO] Phase: PREPARE | Receiver: 30063 | Sender: 30099 | Distance:  159.38 m | Delay: 0.9322s | Size: 16779000 bit
[2025-03-20 12:40:06,963] [INFO] Phase: COMMIT | Receiver: 30063 | Sender: 30116 | Distance:  144.03 m | Delay: 0.6991s | Size: 16778992 bit
[2025-03-20 12:40:06,984] [INFO] Phase: COMMIT | Receiver: 30063 | Sender: 30013 | Distance:  175.98 m | Delay: 0.9322s | Size: 16779000 bit
[2025-03-20 12:40:07,035] [INFO] Phase: COMMIT | Receiver: 30063 | Sender: 30028 | Distance:  157.98 m | Delay: 0.9322s | Size: 16779000 bit
[2025-03-20 12:40:07,066] [INFO] Phase: PREPARE | Receiver: 30063 | Sender: 30053 | Distance:  192.99 m | Delay: 0.9322s | Size: 16779000 bit
[2025-03-20 12:40:07,100] [INFO] Phase: PREPARE | Receiver: 30063 | Sender: 30065 | Distance:  198.01 m | Delay: 0.9322s | Size: 16779000 bit
[2025-03-20 12:40:07,145] [INFO] Phase: COMMIT | Receiver: 30063 | Sender: 30099 | Distance:  159.38 m | Delay: 0.9322s | Size: 16779000 bit
[2025-03-20 12:40:07,180] [INFO] Phase: PREPARE | Receiver: 30063 | Sender: 30073 | Distance:  173.42 m | Delay: 0.9322s | Size: 16779000 bit
[2025-03-20 12:40:07,203] [INFO] Phase: COMMIT | Receiver: 30063 | Sender: 30073 | Distance:  173.42 m | Delay: 0.9322s | Size: 16779000 bit
[2025-03-20 12:40:07,219] [INFO] Phase: COMMIT | Receiver: 30063 | Sender: 30065 | Distance:  198.01 m | Delay: 0.9322s | Size: 16778992 bit
[2025-03-20 12:40:07,257] [INFO] Phase: COMMIT | Receiver: 30063 | Sender: 30053 | Distance:  192.99 m | Delay: 0.9322s | Size: 16779000 bit
[2025-03-20 12:40:07,282] [INFO] Phase: COMMIT | Receiver: 30063 | Sender: 30009 | Distance:  128.30 m | Delay: 0.6991s | Size: 16779000 bit
[2025-03-20 12:40:10,328] [INFO] Phase: PRE-PREPARE | Receiver: 30063 | Sender: 30110 | Distance:   52.58 m | Delay: 0.4662s | Size: 16782208 bit
[2025-03-20 12:40:10,340] [INFO] Phase: PREPARE-BROADCAST | Receiver: ALL | Sender: 30063 | Distance:   52.58 m | Delay: 0.4662s | Size: 16778160 bit
[2025-03-20 12:40:10,906] [INFO] Phase: PREPARE | Receiver: 30063 | Sender: 30064 | Distance:   56.96 m | Delay: 0.4661s | Size: 16778992 bit
[2025-03-20 12:40:10,918] [INFO] Phase: COMMIT-BROADCAST | Receiver: ALL | Sender: 30063 | Distance:   56.96 m | Delay: 0.4661s | Size: 16778160 bit
[2025-03-20 12:40:12,280] [INFO] Phase: PREPARE | Receiver: 30063 | Sender: 30011 | Distance:  141.30 m | Delay: 0.6991s | Size: 16778992 bit
[2025-03-20 12:40:12,307] [INFO] Phase: PREPARE | Receiver: 30063 | Sender: 30040 | Distance:  103.67 m | Delay: 0.6991s | Size: 16779000 bit
[2025-03-20 12:40:12,361] [INFO] Phase: PREPARE | Receiver: 30063 | Sender: 30045 | Distance:   96.61 m | Delay: 0.4661s | Size: 16778984 bit
[2025-03-20 12:40:12,388] [INFO] Phase: PREPARE | Receiver: 30063 | Sender: 30092 | Distance:  144.04 m | Delay: 0.6991s | Size: 16779000 bit
[2025-03-20 12:40:12,441] [INFO] Phase: PREPARE | Receiver: 30063 | Sender: 30006 | Distance:   58.81 m | Delay: 0.4661s | Size: 16778992 bit
[2025-03-20 12:40:12,497] [INFO] Phase: PREPARE | Receiver: 30063 | Sender: 30037 | Distance:  118.61 m | Delay: 0.6991s | Size: 16779000 bit
[2025-03-20 12:40:12,529] [INFO] Phase: COMMIT | Receiver: 30063 | Sender: 30006 | Distance:   58.81 m | Delay: 0.4661s | Size: 16778992 bit
[2025-03-20 12:40:12,576] [INFO] Phase: COMMIT | Receiver: 30063 | Sender: 30011 | Distance:  141.30 m | Delay: 0.6991s | Size: 16778992 bit
[2025-03-20 12:40:12,588] [INFO] Phase: PRE-REPLY | Receiver: 30016 | Sender: 30063 | Distance:  141.30 m | Delay: 0.6991s | Size: 16778160 bit
[2025-03-20 12:40:12,659] [INFO] Phase: PREPARE | Receiver: 30063 | Sender: 30014 | Distance:  135.03 m | Delay: 0.6991s | Size: 16779000 bit
[2025-03-20 12:40:12,693] [INFO] Phase: PREPARE | Receiver: 30063 | Sender: 30065 | Distance:  198.01 m | Delay: 0.9322s | Size: 16779000 bit
[2025-03-20 12:40:12,809] [INFO] Phase: PREPARE | Receiver: 30063 | Sender: 30090 | Distance:  133.86 m | Delay: 0.6991s | Size: 16779000 bit
[2025-03-20 12:40:12,851] [INFO] Phase: PREPARE | Receiver: 30063 | Sender: 30009 | Distance:  128.30 m | Delay: 0.6991s | Size: 16779000 bit
[2025-03-20 12:40:12,978] [INFO] Phase: PREPARE | Receiver: 30063 | Sender: 30074 | Distance:   93.19 m | Delay: 0.4661s | Size: 16778992 bit
[2025-03-20 12:40:13,008] [INFO] Phase: PREPARE | Receiver: 30063 | Sender: 30025 | Distance:  117.52 m | Delay: 0.6991s | Size: 16779000 bit
[2025-03-20 12:40:13,081] [INFO] Phase: PREPARE | Receiver: 30063 | Sender: 30068 | Distance:  125.86 m | Delay: 0.6991s | Size: 16778992 bit
[2025-03-20 12:40:13,126] [INFO] Phase: COMMIT | Receiver: 30063 | Sender: 30037 | Distance:  118.61 m | Delay: 0.6991s | Size: 16779000 bit
[2025-03-20 12:40:13,174] [INFO] Phase: COMMIT | Receiver: 30063 | Sender: 30014 | Distance:  135.03 m | Delay: 0.6991s | Size: 16778992 bit
[2025-03-20 12:40:13,233] [INFO] Phase: PREPARE | Receiver: 30063 | Sender: 30013 | Distance:  175.98 m | Delay: 0.9322s | Size: 16778992 bit
[2025-03-20 12:40:13,285] [INFO] Phase: PREPARE | Receiver: 30063 | Sender: 30023 | Distance:  144.77 m | Delay: 0.6991s | Size: 16778992 bit
[2025-03-20 12:40:13,323] [INFO] Phase: PREPARE | Receiver: 30063 | Sender: 30053 | Distance:  192.99 m | Delay: 0.9322s | Size: 16779000 bit
[2025-03-20 12:40:13,366] [INFO] Phase: PREPARE | Receiver: 30063 | Sender: 30081 | Distance:  165.50 m | Delay: 0.9322s | Size: 16779000 bit
[2025-03-20 12:40:13,407] [INFO] Phase: COMMIT | Receiver: 30063 | Sender: 30065 | Distance:  198.01 m | Delay: 0.9322s | Size: 16779000 bit
[2025-03-20 12:40:13,433] [INFO] Phase: COMMIT | Receiver: 30063 | Sender: 30110 | Distance:   52.58 m | Delay: 0.4661s | Size: 16778992 bit
[2025-03-20 12:40:13,469] [INFO] Phase: COMMIT | Receiver: 30063 | Sender: 30009 | Distance:  128.30 m | Delay: 0.6991s | Size: 16778992 bit
[2025-03-20 12:40:13,517] [INFO] Phase: COMMIT | Receiver: 30063 | Sender: 30040 | Distance:  103.67 m | Delay: 0.6991s | Size: 16779000 bit
[2025-03-20 12:40:13,552] [INFO] Phase: COMMIT | Receiver: 30063 | Sender: 30090 | Distance:  133.86 m | Delay: 0.6991s | Size: 16779000 bit
[2025-03-20 12:40:13,627] [INFO] Phase: COMMIT | Receiver: 30063 | Sender: 30074 | Distance:   93.19 m | Delay: 0.4661s | Size: 16778992 bit
[2025-03-20 12:40:13,677] [INFO] Phase: COMMIT | Receiver: 30063 | Sender: 30025 | Distance:  117.52 m | Delay: 0.6991s | Size: 16779000 bit
[2025-03-20 12:40:13,742] [INFO] Phase: COMMIT | Receiver: 30063 | Sender: 30045 | Distance:   96.61 m | Delay: 0.4661s | Size: 16778992 bit
[2025-03-20 12:40:13,782] [INFO] Phase: COMMIT | Receiver: 30063 | Sender: 30023 | Distance:  144.77 m | Delay: 0.6991s | Size: 16778992 bit
[2025-03-20 12:40:13,837] [INFO] Phase: COMMIT | Receiver: 30063 | Sender: 30081 | Distance:  165.50 m | Delay: 0.9322s | Size: 16779000 bit
[2025-03-20 12:40:13,869] [INFO] Phase: PREPARE | Receiver: 30063 | Sender: 30073 | Distance:  173.42 m | Delay: 0.9322s | Size: 16779000 bit
[2025-03-20 12:40:13,895] [INFO] Phase: COMMIT | Receiver: 30063 | Sender: 30092 | Distance:  144.04 m | Delay: 0.6991s | Size: 16779000 bit
[2025-03-20 12:40:13,960] [INFO] Phase: COMMIT | Receiver: 30063 | Sender: 30013 | Distance:  175.98 m | Delay: 0.9322s | Size: 16779000 bit
[2025-03-20 12:40:13,990] [INFO] Phase: COMMIT | Receiver: 30063 | Sender: 30053 | Distance:  192.99 m | Delay: 0.9322s | Size: 16779000 bit
[2025-03-20 12:40:14,033] [INFO] Phase: PREPARE | Receiver: 30063 | Sender: 30043 | Distance:  144.04 m | Delay: 0.6991s | Size: 16779000 bit
[2025-03-20 12:40:14,065] [INFO] Phase: PREPARE | Receiver: 30063 | Sender: 30028 | Distance:  157.98 m | Delay: 0.9322s | Size: 16779000 bit
[2025-03-20 12:40:14,091] [INFO] Phase: COMMIT | Receiver: 30063 | Sender: 30064 | Distance:   56.96 m | Delay: 0.4661s | Size: 16778992 bit
[2025-03-20 12:40:14,134] [INFO] Phase: COMMIT | Receiver: 30063 | Sender: 30073 | Distance:  173.42 m | Delay: 0.9322s | Size: 16778992 bit
[2025-03-20 12:40:14,497] [INFO] Phase: COMMIT | Receiver: 30063 | Sender: 30043 | Distance:  144.04 m | Delay: 0.6991s | Size: 16778992 bit
[2025-03-20 12:40:14,783] [INFO] Phase: COMMIT | Receiver: 30063 | Sender: 30068 | Distance:  125.86 m | Delay: 0.6991s | Size: 16778992 bit
[2025-03-20 12:40:15,026] [INFO] Phase: PREPARE | Receiver: 30063 | Sender: 30071 | Distance:   89.00 m | Delay: 0.4661s | Size: 16778984 bit
[2025-03-20 12:40:15,435] [INFO] Phase: PREPARE | Receiver: 30063 | Sender: 30097 | Distance:  127.06 m | Delay: 0.6991s | Size: 16778992 bit
[2025-03-20 12:40:16,137] [INFO] Phase: PREPARE | Receiver: 30063 | Sender: 30005 | Distance:  105.80 m | Delay: 0.6991s | Size: 16779000 bit
[2025-03-20 12:40:16,468] [INFO] Phase: PREPARE | Receiver: 30063 | Sender: 30096 | Distance:  119.14 m | Delay: 0.6991s | Size: 16779000 bit
[2025-03-20 12:40:16,804] [INFO] Phase: PREPARE | Receiver: 30063 | Sender: 30099 | Distance:  159.38 m | Delay: 0.9322s | Size: 16779000 bit
[2025-03-20 12:40:16,851] [INFO] Phase: COMMIT | Receiver: 30063 | Sender: 30005 | Distance:  105.80 m | Delay: 0.6991s | Size: 16779000 bit
[2025-03-20 12:40:16,887] [INFO] Phase: COMMIT | Receiver: 30063 | Sender: 30028 | Distance:  157.98 m | Delay: 0.9322s | Size: 16779000 bit
[2025-03-20 12:40:17,252] [INFO] Phase: PREPARE | Receiver: 30063 | Sender: 30116 | Distance:  144.03 m | Delay: 0.6991s | Size: 16778992 bit
[2025-03-20 12:40:17,898] [INFO] Phase: COMMIT | Receiver: 30063 | Sender: 30071 | Distance:   89.00 m | Delay: 0.4661s | Size: 16778984 bit
[2025-03-20 12:40:18,357] [INFO] Phase: COMMIT | Receiver: 30063 | Sender: 30097 | Distance:  127.06 m | Delay: 0.6991s | Size: 16778992 bit
[2025-03-20 12:40:19,008] [INFO] Phase: COMMIT | Receiver: 30063 | Sender: 30096 | Distance:  119.14 m | Delay: 0.6991s | Size: 16779000 bit
[2025-03-20 12:40:19,393] [INFO] Phase: COMMIT | Receiver: 30063 | Sender: 30099 | Distance:  159.38 m | Delay: 0.9322s | Size: 16779000 bit
[2025-03-20 12:40:21,627] [INFO] Phase: COMMIT | Receiver: 30063 | Sender: 30116 | Distance:  144.03 m | Delay: 0.6991s | Size: 16778992 bit
[2025-03-20 12:40:35,093] [INFO] Phase: PRE-PREPARE | Receiver: 30063 | Sender: 30110 | Distance:   52.58 m | Delay: 0.4662s | Size: 16782208 bit
[2025-03-20 12:40:35,196] [INFO] Phase: PREPARE-BROADCAST | Receiver: ALL | Sender: 30063 | Distance:   52.58 m | Delay: 0.4662s | Size: 16778160 bit
[2025-03-20 12:40:43,236] [INFO] Phase: PREPARE | Receiver: 30063 | Sender: 30064 | Distance:   56.96 m | Delay: 0.4661s | Size: 16778984 bit
[2025-03-20 12:40:43,254] [INFO] Phase: COMMIT-BROADCAST | Receiver: ALL | Sender: 30063 | Distance:   56.96 m | Delay: 0.4661s | Size: 16778160 bit
[2025-03-20 12:40:49,077] [INFO] Phase: PREPARE | Receiver: 30063 | Sender: 30045 | Distance:   96.61 m | Delay: 0.4661s | Size: 16778992 bit
[2025-03-20 12:40:49,301] [INFO] Phase: PREPARE | Receiver: 30063 | Sender: 30071 | Distance:   89.00 m | Delay: 0.4661s | Size: 16778984 bit
[2025-03-20 12:40:49,837] [INFO] Phase: PREPARE | Receiver: 30063 | Sender: 30006 | Distance:   58.81 m | Delay: 0.4661s | Size: 16778992 bit
[2025-03-20 12:40:49,878] [INFO] Phase: PREPARE | Receiver: 30063 | Sender: 30005 | Distance:  105.80 m | Delay: 0.6991s | Size: 16779000 bit
[2025-03-20 12:40:49,927] [INFO] Phase: PREPARE | Receiver: 30063 | Sender: 30011 | Distance:  141.30 m | Delay: 0.6991s | Size: 16779000 bit
[2025-03-20 12:40:49,954] [INFO] Phase: PREPARE | Receiver: 30063 | Sender: 30097 | Distance:  127.06 m | Delay: 0.6991s | Size: 16779000 bit
[2025-03-20 12:40:50,142] [INFO] Phase: PREPARE | Receiver: 30063 | Sender: 30092 | Distance:  144.04 m | Delay: 0.6991s | Size: 16779000 bit
[2025-03-20 12:40:50,283] [INFO] Phase: PREPARE | Receiver: 30063 | Sender: 30081 | Distance:  165.50 m | Delay: 0.9322s | Size: 16779000 bit
[2025-03-20 12:40:50,315] [INFO] Phase: PREPARE | Receiver: 30063 | Sender: 30040 | Distance:  103.67 m | Delay: 0.6991s | Size: 16779000 bit
[2025-03-20 12:40:50,455] [INFO] Phase: PREPARE | Receiver: 30063 | Sender: 30068 | Distance:  125.86 m | Delay: 0.6991s | Size: 16778984 bit
[2025-03-20 12:40:50,494] [INFO] Phase: PREPARE | Receiver: 30063 | Sender: 30037 | Distance:  118.61 m | Delay: 0.6991s | Size: 16779000 bit
[2025-03-20 12:40:50,527] [INFO] Phase: PREPARE | Receiver: 30063 | Sender: 30014 | Distance:  135.03 m | Delay: 0.6991s | Size: 16778992 bit
[2025-03-20 12:40:50,558] [INFO] Phase: PREPARE | Receiver: 30063 | Sender: 30116 | Distance:  144.03 m | Delay: 0.6991s | Size: 16778992 bit
[2025-03-20 12:40:50,584] [INFO] Phase: PREPARE | Receiver: 30063 | Sender: 30065 | Distance:  198.01 m | Delay: 0.9322s | Size: 16779000 bit
[2025-03-20 12:40:50,622] [INFO] Phase: PREPARE | Receiver: 30063 | Sender: 30090 | Distance:  133.86 m | Delay: 0.6991s | Size: 16779000 bit
[2025-03-20 12:40:50,657] [INFO] Phase: PREPARE | Receiver: 30063 | Sender: 30028 | Distance:  157.98 m | Delay: 0.9322s | Size: 16779000 bit
[2025-03-20 12:40:50,700] [INFO] Phase: COMMIT | Receiver: 30063 | Sender: 30040 | Distance:  103.67 m | Delay: 0.6991s | Size: 16779000 bit
[2025-03-20 12:40:50,740] [INFO] Phase: PREPARE | Receiver: 30063 | Sender: 30096 | Distance:  119.14 m | Delay: 0.6991s | Size: 16778992 bit
[2025-03-20 12:40:50,782] [INFO] Phase: PREPARE | Receiver: 30063 | Sender: 30025 | Distance:  117.52 m | Delay: 0.6991s | Size: 16779000 bit
[2025-03-20 12:40:50,821] [INFO] Phase: PREPARE | Receiver: 30063 | Sender: 30043 | Distance:  144.04 m | Delay: 0.6991s | Size: 16779000 bit
[2025-03-20 12:40:50,853] [INFO] Phase: COMMIT | Receiver: 30063 | Sender: 30064 | Distance:   56.96 m | Delay: 0.4661s | Size: 16778984 bit
[2025-03-20 12:40:50,865] [INFO] Phase: PRE-REPLY | Receiver: 30016 | Sender: 30063 | Distance:   56.96 m | Delay: 0.4661s | Size: 16778160 bit
[2025-03-20 12:40:50,924] [INFO] Phase: PREPARE | Receiver: 30063 | Sender: 30053 | Distance:  192.99 m | Delay: 0.9322s | Size: 16779000 bit
[2025-03-20 12:40:50,957] [INFO] Phase: PREPARE | Receiver: 30063 | Sender: 30099 | Distance:  159.38 m | Delay: 0.9322s | Size: 16779000 bit
[2025-03-20 12:40:50,990] [INFO] Phase: PREPARE | Receiver: 30063 | Sender: 30023 | Distance:  144.77 m | Delay: 0.6991s | Size: 16778976 bit
[2025-03-20 12:40:51,024] [INFO] Phase: PREPARE | Receiver: 30063 | Sender: 30074 | Distance:   93.19 m | Delay: 0.4661s | Size: 16778992 bit
[2025-03-20 12:40:51,056] [INFO] Phase: PREPARE | Receiver: 30063 | Sender: 30013 | Distance:  175.98 m | Delay: 0.9322s | Size: 16778984 bit
[2025-03-20 12:40:51,089] [INFO] Phase: PREPARE | Receiver: 30063 | Sender: 30073 | Distance:  173.42 m | Delay: 0.9322s | Size: 16779000 bit
[2025-03-20 12:40:51,121] [INFO] Phase: PREPARE | Receiver: 30063 | Sender: 30009 | Distance:  128.30 m | Delay: 0.6991s | Size: 16778992 bit
[2025-03-20 12:40:51,163] [INFO] Phase: COMMIT | Receiver: 30063 | Sender: 30092 | Distance:  144.04 m | Delay: 0.6991s | Size: 16778992 bit
[2025-03-20 12:40:51,195] [INFO] Phase: COMMIT | Receiver: 30063 | Sender: 30081 | Distance:  165.50 m | Delay: 0.9322s | Size: 16779000 bit
[2025-03-20 12:40:51,229] [INFO] Phase: COMMIT | Receiver: 30063 | Sender: 30005 | Distance:  105.80 m | Delay: 0.6991s | Size: 16779000 bit
[2025-03-20 12:40:51,262] [INFO] Phase: COMMIT | Receiver: 30063 | Sender: 30045 | Distance:   96.61 m | Delay: 0.4661s | Size: 16778992 bit
[2025-03-20 12:40:51,499] [INFO] Phase: COMMIT | Receiver: 30063 | Sender: 30011 | Distance:  141.30 m | Delay: 0.6991s | Size: 16778992 bit
[2025-03-20 12:40:51,810] [INFO] Phase: COMMIT | Receiver: 30063 | Sender: 30006 | Distance:   58.81 m | Delay: 0.4661s | Size: 16778992 bit
[2025-03-20 12:40:51,852] [INFO] Phase: COMMIT | Receiver: 30063 | Sender: 30071 | Distance:   89.00 m | Delay: 0.4661s | Size: 16778984 bit
[2025-03-20 12:40:51,919] [INFO] Phase: COMMIT | Receiver: 30063 | Sender: 30014 | Distance:  135.03 m | Delay: 0.6991s | Size: 16779000 bit
[2025-03-20 12:40:51,953] [INFO] Phase: COMMIT | Receiver: 30063 | Sender: 30065 | Distance:  198.01 m | Delay: 0.9322s | Size: 16779000 bit
[2025-03-20 12:40:52,003] [INFO] Phase: COMMIT | Receiver: 30063 | Sender: 30097 | Distance:  127.06 m | Delay: 0.6991s | Size: 16778992 bit
[2025-03-20 12:40:52,073] [INFO] Phase: COMMIT | Receiver: 30063 | Sender: 30023 | Distance:  144.77 m | Delay: 0.6991s | Size: 16778992 bit
[2025-03-20 12:40:52,204] [INFO] Phase: COMMIT | Receiver: 30063 | Sender: 30090 | Distance:  133.86 m | Delay: 0.6991s | Size: 16779000 bit
[2025-03-20 12:40:52,248] [INFO] Phase: COMMIT | Receiver: 30063 | Sender: 30116 | Distance:  144.03 m | Delay: 0.6991s | Size: 16778992 bit
[2025-03-20 12:40:52,282] [INFO] Phase: COMMIT | Receiver: 30063 | Sender: 30013 | Distance:  175.98 m | Delay: 0.9322s | Size: 16779000 bit
[2025-03-20 12:40:52,321] [INFO] Phase: COMMIT | Receiver: 30063 | Sender: 30099 | Distance:  159.38 m | Delay: 0.9322s | Size: 16779000 bit
[2025-03-20 12:40:52,383] [INFO] Phase: COMMIT | Receiver: 30063 | Sender: 30028 | Distance:  157.98 m | Delay: 0.9322s | Size: 16779000 bit
[2025-03-20 12:40:52,436] [INFO] Phase: COMMIT | Receiver: 30063 | Sender: 30073 | Distance:  173.42 m | Delay: 0.9322s | Size: 16779000 bit
[2025-03-20 12:40:52,502] [INFO] Phase: COMMIT | Receiver: 30063 | Sender: 30110 | Distance:   52.58 m | Delay: 0.4661s | Size: 16778992 bit
[2025-03-20 12:40:52,563] [INFO] Phase: COMMIT | Receiver: 30063 | Sender: 30096 | Distance:  119.14 m | Delay: 0.6991s | Size: 16778992 bit
[2025-03-20 12:40:52,630] [INFO] Phase: COMMIT | Receiver: 30063 | Sender: 30043 | Distance:  144.04 m | Delay: 0.6991s | Size: 16778992 bit
[2025-03-20 12:40:52,672] [INFO] Phase: COMMIT | Receiver: 30063 | Sender: 30037 | Distance:  118.61 m | Delay: 0.6991s | Size: 16779000 bit
[2025-03-20 12:40:52,715] [INFO] Phase: COMMIT | Receiver: 30063 | Sender: 30009 | Distance:  128.30 m | Delay: 0.6991s | Size: 16779000 bit
[2025-03-20 12:40:52,748] [INFO] Phase: COMMIT | Receiver: 30063 | Sender: 30068 | Distance:  125.86 m | Delay: 0.6991s | Size: 16778992 bit
[2025-03-20 12:40:52,799] [INFO] Phase: COMMIT | Receiver: 30063 | Sender: 30074 | Distance:   93.19 m | Delay: 0.4661s | Size: 16778992 bit
[2025-03-20 12:40:52,843] [INFO] Phase: COMMIT | Receiver: 30063 | Sender: 30053 | Distance:  192.99 m | Delay: 0.9322s | Size: 16779000 bit
[2025-03-20 12:40:52,893] [INFO] Phase: COMMIT | Receiver: 30063 | Sender: 30025 | Distance:  117.52 m | Delay: 0.6991s | Size: 16779000 bit
[2025-03-20 12:40:59,739] [INFO] Phase: PRE-PREPARE | Receiver: 30063 | Sender: 30110 | Distance:   52.58 m | Delay: 0.4662s | Size: 16782208 bit
[2025-03-20 12:40:59,826] [INFO] Phase: PREPARE-BROADCAST | Receiver: ALL | Sender: 30063 | Distance:   52.58 m | Delay: 0.4662s | Size: 16778160 bit
[2025-03-20 12:41:01,629] [INFO] Phase: PREPARE | Receiver: 30063 | Sender: 30040 | Distance:  103.67 m | Delay: 0.6991s | Size: 16778992 bit
[2025-03-20 12:41:01,643] [INFO] Phase: COMMIT-BROADCAST | Receiver: ALL | Sender: 30063 | Distance:  103.67 m | Delay: 0.6991s | Size: 16778160 bit
[2025-03-20 12:41:01,678] [INFO] Phase: PREPARE | Receiver: 30063 | Sender: 30064 | Distance:   56.96 m | Delay: 0.4661s | Size: 16778992 bit
[2025-03-20 12:41:01,704] [INFO] Phase: PREPARE | Receiver: 30063 | Sender: 30045 | Distance:   96.61 m | Delay: 0.4661s | Size: 16778992 bit
[2025-03-20 12:41:06,048] [INFO] Phase: PREPARE | Receiver: 30063 | Sender: 30023 | Distance:  144.77 m | Delay: 0.6991s | Size: 16778984 bit
[2025-03-20 12:41:06,157] [INFO] Phase: COMMIT | Receiver: 30063 | Sender: 30040 | Distance:  103.67 m | Delay: 0.6991s | Size: 16778992 bit
[2025-03-20 12:41:06,238] [INFO] Phase: PREPARE | Receiver: 30063 | Sender: 30053 | Distance:  192.99 m | Delay: 0.9322s | Size: 16778992 bit
[2025-03-20 12:41:06,352] [INFO] Phase: COMMIT | Receiver: 30063 | Sender: 30023 | Distance:  144.77 m | Delay: 0.6991s | Size: 16778984 bit
[2025-03-20 12:41:06,367] [INFO] Phase: PRE-REPLY | Receiver: 30016 | Sender: 30063 | Distance:  144.77 m | Delay: 0.6991s | Size: 16778160 bit
[2025-03-20 12:41:06,424] [INFO] Phase: PREPARE | Receiver: 30063 | Sender: 30097 | Distance:  127.06 m | Delay: 0.6991s | Size: 16779000 bit
[2025-03-20 12:41:06,511] [INFO] Phase: PREPARE | Receiver: 30063 | Sender: 30014 | Distance:  135.03 m | Delay: 0.6991s | Size: 16779000 bit
[2025-03-20 12:41:06,562] [INFO] Phase: PREPARE | Receiver: 30063 | Sender: 30006 | Distance:   58.81 m | Delay: 0.4661s | Size: 16778992 bit
[2025-03-20 12:41:06,758] [INFO] Phase: PREPARE | Receiver: 30063 | Sender: 30092 | Distance:  144.04 m | Delay: 0.6991s | Size: 16779000 bit
[2025-03-20 12:41:06,829] [INFO] Phase: PREPARE | Receiver: 30063 | Sender: 30096 | Distance:  119.14 m | Delay: 0.6991s | Size: 16779000 bit
[2025-03-20 12:41:06,867] [INFO] Phase: PREPARE | Receiver: 30063 | Sender: 30037 | Distance:  118.61 m | Delay: 0.6991s | Size: 16779000 bit
[2025-03-20 12:41:06,900] [INFO] Phase: PREPARE | Receiver: 30063 | Sender: 30090 | Distance:  133.86 m | Delay: 0.6991s | Size: 16779000 bit
[2025-03-20 12:41:06,934] [INFO] Phase: PREPARE | Receiver: 30063 | Sender: 30074 | Distance:   93.19 m | Delay: 0.4661s | Size: 16778992 bit
[2025-03-20 12:41:06,968] [INFO] Phase: COMMIT | Receiver: 30063 | Sender: 30097 | Distance:  127.06 m | Delay: 0.6991s | Size: 16779000 bit
[2025-03-20 12:41:06,991] [INFO] Phase: PREPARE | Receiver: 30063 | Sender: 30025 | Distance:  117.52 m | Delay: 0.6991s | Size: 16779000 bit
[2025-03-20 12:41:07,025] [INFO] Phase: COMMIT | Receiver: 30063 | Sender: 30110 | Distance:   52.58 m | Delay: 0.4661s | Size: 16778992 bit
[2025-03-20 12:41:07,049] [INFO] Phase: COMMIT | Receiver: 30063 | Sender: 30006 | Distance:   58.81 m | Delay: 0.4661s | Size: 16778992 bit
[2025-03-20 12:41:07,082] [INFO] Phase: PREPARE | Receiver: 30063 | Sender: 30005 | Distance:  105.80 m | Delay: 0.6991s | Size: 16778992 bit
[2025-03-20 12:41:07,215] [INFO] Phase: PREPARE | Receiver: 30063 | Sender: 30116 | Distance:  144.03 m | Delay: 0.6991s | Size: 16778992 bit
[2025-03-20 12:41:07,248] [INFO] Phase: COMMIT | Receiver: 30063 | Sender: 30053 | Distance:  192.99 m | Delay: 0.9322s | Size: 16779000 bit
[2025-03-20 12:41:07,280] [INFO] Phase: PREPARE | Receiver: 30063 | Sender: 30028 | Distance:  157.98 m | Delay: 0.9322s | Size: 16779000 bit
[2025-03-20 12:41:07,324] [INFO] Phase: COMMIT | Receiver: 30063 | Sender: 30045 | Distance:   96.61 m | Delay: 0.4661s | Size: 16778992 bit
[2025-03-20 12:41:07,381] [INFO] Phase: PREPARE | Receiver: 30063 | Sender: 30073 | Distance:  173.42 m | Delay: 0.9322s | Size: 16779000 bit
[2025-03-20 12:41:07,411] [INFO] Phase: PREPARE | Receiver: 30063 | Sender: 30043 | Distance:  144.04 m | Delay: 0.6991s | Size: 16778976 bit
[2025-03-20 12:41:07,446] [INFO] Phase: PREPARE | Receiver: 30063 | Sender: 30009 | Distance:  128.30 m | Delay: 0.6991s | Size: 16779000 bit
[2025-03-20 12:41:07,478] [INFO] Phase: COMMIT | Receiver: 30063 | Sender: 30014 | Distance:  135.03 m | Delay: 0.6991s | Size: 16779000 bit
[2025-03-20 12:41:07,501] [INFO] Phase: PREPARE | Receiver: 30063 | Sender: 30071 | Distance:   89.00 m | Delay: 0.4661s | Size: 16778984 bit
[2025-03-20 12:41:07,590] [INFO] Phase: COMMIT | Receiver: 30063 | Sender: 30092 | Distance:  144.04 m | Delay: 0.6991s | Size: 16779000 bit
[2025-03-20 12:41:07,650] [INFO] Phase: COMMIT | Receiver: 30063 | Sender: 30074 | Distance:   93.19 m | Delay: 0.4661s | Size: 16778992 bit
[2025-03-20 12:41:07,680] [INFO] Phase: PREPARE | Receiver: 30063 | Sender: 30081 | Distance:  165.50 m | Delay: 0.9322s | Size: 16779000 bit
[2025-03-20 12:41:07,717] [INFO] Phase: COMMIT | Receiver: 30063 | Sender: 30043 | Distance:  144.04 m | Delay: 0.6991s | Size: 16779000 bit
[2025-03-20 12:41:07,747] [INFO] Phase: PREPARE | Receiver: 30063 | Sender: 30068 | Distance:  125.86 m | Delay: 0.6991s | Size: 16778992 bit
[2025-03-20 12:41:07,778] [INFO] Phase: COMMIT | Receiver: 30063 | Sender: 30090 | Distance:  133.86 m | Delay: 0.6991s | Size: 16779000 bit
[2025-03-20 12:41:07,812] [INFO] Phase: COMMIT | Receiver: 30063 | Sender: 30005 | Distance:  105.80 m | Delay: 0.6991s | Size: 16779000 bit
[2025-03-20 12:41:07,868] [INFO] Phase: PREPARE | Receiver: 30063 | Sender: 30011 | Distance:  141.30 m | Delay: 0.6991s | Size: 16779000 bit
[2025-03-20 12:41:07,931] [INFO] Phase: COMMIT | Receiver: 30063 | Sender: 30025 | Distance:  117.52 m | Delay: 0.6991s | Size: 16779000 bit
[2025-03-20 12:41:07,965] [INFO] Phase: COMMIT | Receiver: 30063 | Sender: 30037 | Distance:  118.61 m | Delay: 0.6991s | Size: 16779000 bit
[2025-03-20 12:41:07,992] [INFO] Phase: COMMIT | Receiver: 30063 | Sender: 30064 | Distance:   56.96 m | Delay: 0.4661s | Size: 16778992 bit
[2025-03-20 12:41:08,022] [INFO] Phase: COMMIT | Receiver: 30063 | Sender: 30116 | Distance:  144.03 m | Delay: 0.6991s | Size: 16778992 bit
[2025-03-20 12:41:08,044] [INFO] Phase: PREPARE | Receiver: 30063 | Sender: 30013 | Distance:  175.98 m | Delay: 0.9322s | Size: 16779000 bit
[2025-03-20 12:41:08,065] [INFO] Phase: PREPARE | Receiver: 30063 | Sender: 30099 | Distance:  159.38 m | Delay: 0.9322s | Size: 16778992 bit
[2025-03-20 12:41:08,089] [INFO] Phase: COMMIT | Receiver: 30063 | Sender: 30028 | Distance:  157.98 m | Delay: 0.9322s | Size: 16778984 bit
[2025-03-20 12:41:08,119] [INFO] Phase: PREPARE | Receiver: 30063 | Sender: 30065 | Distance:  198.01 m | Delay: 0.9322s | Size: 16778992 bit
[2025-03-20 12:41:08,146] [INFO] Phase: COMMIT | Receiver: 30063 | Sender: 30009 | Distance:  128.30 m | Delay: 0.6991s | Size: 16779000 bit
[2025-03-20 12:41:08,176] [INFO] Phase: COMMIT | Receiver: 30063 | Sender: 30073 | Distance:  173.42 m | Delay: 0.9322s | Size: 16778992 bit
[2025-03-20 12:41:08,241] [INFO] Phase: COMMIT | Receiver: 30063 | Sender: 30096 | Distance:  119.14 m | Delay: 0.6991s | Size: 16778992 bit
[2025-03-20 12:41:10,386] [INFO] Phase: COMMIT | Receiver: 30063 | Sender: 30071 | Distance:   89.00 m | Delay: 0.4661s | Size: 16778984 bit
[2025-03-20 12:41:10,509] [INFO] Phase: COMMIT | Receiver: 30063 | Sender: 30013 | Distance:  175.98 m | Delay: 0.9322s | Size: 16779000 bit
[2025-03-20 12:41:10,853] [INFO] Phase: COMMIT | Receiver: 30063 | Sender: 30011 | Distance:  141.30 m | Delay: 0.6991s | Size: 16779000 bit
[2025-03-20 12:41:10,885] [INFO] Phase: COMMIT | Receiver: 30063 | Sender: 30065 | Distance:  198.01 m | Delay: 0.9322s | Size: 16779000 bit
[2025-03-20 12:41:10,944] [INFO] Phase: COMMIT | Receiver: 30063 | Sender: 30099 | Distance:  159.38 m | Delay: 0.9322s | Size: 16779000 bit
[2025-03-20 12:41:10,997] [INFO] Phase: COMMIT | Receiver: 30063 | Sender: 30081 | Distance:  165.50 m | Delay: 0.9322s | Size: 16779000 bit
[2025-03-20 12:41:11,316] [INFO] Phase: COMMIT | Receiver: 30063 | Sender: 30068 | Distance:  125.86 m | Delay: 0.6991s | Size: 16778984 bit
