[2025-03-20 12:39:45,281] [INFO] Node started: localhost:30058 | index= 59 | f=1, k=4
[2025-03-20 12:40:13,584] [INFO] Phase: PREPARE | Receiver: 30058 | Sender: 30080 | Distance:  120.26 m | Delay: 0.6991s | Size: 16778992 bit
[2025-03-20 12:40:13,584] [INFO] PREPARE: Missing PRE-PREPARE for REQUEST 1742442007728
[2025-03-20 12:40:13,993] [INFO] Phase: PRE-PREPARE | Receiver: 30058 | Sender: 30066 | Distance:  128.33 m | Delay: 0.6993s | Size: 16782200 bit
[2025-03-20 12:40:14,174] [INFO] Phase: PREPARE-BROADCAST | Receiver: ALL | Sender: 30058 | Distance:  128.33 m | Delay: 0.6993s | Size: 16778160 bit
[2025-03-20 12:40:21,647] [INFO] Phase: PREPARE | Receiver: 30058 | Sender: 30077 | Distance:  128.57 m | Delay: 0.6991s | Size: 16779000 bit
[2025-03-20 12:40:21,809] [INFO] Phase: COMMIT-BROADCAST | Receiver: ALL | Sender: 30058 | Distance:  128.57 m | Delay: 0.6991s | Size: 16778152 bit
[2025-03-20 12:40:21,952] [INFO] Phase: COMMIT | Receiver: 30058 | Sender: 30080 | Distance:  120.26 m | Delay: 0.6991s | Size: 16778992 bit
[2025-03-20 12:40:25,951] [INFO] Phase: PREPARE | Receiver: 30058 | Sender: 30067 | Distance:  138.57 m | Delay: 0.6991s | Size: 16778992 bit
[2025-03-20 12:40:26,286] [INFO] Phase: PREPARE | Receiver: 30058 | Sender: 30062 | Distance:  138.72 m | Delay: 0.6991s | Size: 16779000 bit
[2025-03-20 12:40:26,322] [INFO] Phase: PREPARE | Receiver: 30058 | Sender: 30109 | Distance:  115.50 m | Delay: 0.6991s | Size: 16779000 bit
[2025-03-20 12:40:26,371] [INFO] Phase: PREPARE | Receiver: 30058 | Sender: 30008 | Distance:  112.30 m | Delay: 0.6991s | Size: 16779000 bit
[2025-03-20 12:40:26,401] [INFO] Phase: PREPARE | Receiver: 30058 | Sender: 30046 | Distance:   94.10 m | Delay: 0.4661s | Size: 16778984 bit
[2025-03-20 12:40:26,821] [INFO] Phase: COMMIT | Receiver: 30058 | Sender: 30077 | Distance:  128.57 m | Delay: 0.6991s | Size: 16778992 bit
[2025-03-20 12:40:26,836] [INFO] Phase: PRE-REPLY | Receiver: 30038 | Sender: 30058 | Distance:  128.57 m | Delay: 0.6991s | Size: 16778152 bit
[2025-03-20 12:40:26,996] [INFO] Phase: PREPARE | Receiver: 30058 | Sender: 30059 | Distance:   93.88 m | Delay: 0.4661s | Size: 16778992 bit
[2025-03-20 12:40:27,028] [INFO] Phase: PREPARE | Receiver: 30058 | Sender: 30113 | Distance:  127.46 m | Delay: 0.6991s | Size: 16779000 bit
[2025-03-20 12:40:27,063] [INFO] Phase: PREPARE | Receiver: 30058 | Sender: 30031 | Distance:  102.57 m | Delay: 0.6991s | Size: 16779000 bit
[2025-03-20 12:40:27,097] [INFO] Phase: PREPARE | Receiver: 30058 | Sender: 30018 | Distance:   77.01 m | Delay: 0.4661s | Size: 16778992 bit
[2025-03-20 12:40:27,130] [INFO] Phase: PREPARE | Receiver: 30058 | Sender: 30015 | Distance:  107.20 m | Delay: 0.6991s | Size: 16779000 bit
[2025-03-20 12:40:27,164] [INFO] Phase: PREPARE | Receiver: 30058 | Sender: 30088 | Distance:   90.71 m | Delay: 0.4661s | Size: 16778984 bit
[2025-03-20 12:40:27,198] [INFO] Phase: PREPARE | Receiver: 30058 | Sender: 30085 | Distance:  175.01 m | Delay: 0.9322s | Size: 16778992 bit
[2025-03-20 12:40:27,227] [INFO] Phase: PREPARE | Receiver: 30058 | Sender: 30039 | Distance:   90.24 m | Delay: 0.4661s | Size: 16778984 bit
[2025-03-20 12:40:27,253] [INFO] Phase: PREPARE | Receiver: 30058 | Sender: 30026 | Distance:  134.72 m | Delay: 0.6991s | Size: 16778992 bit
[2025-03-20 12:40:27,288] [INFO] Phase: PREPARE | Receiver: 30058 | Sender: 30070 | Distance:   50.45 m | Delay: 0.0000s | Size: 16779000 bit
[2025-03-20 12:40:27,320] [INFO] Phase: PREPARE | Receiver: 30058 | Sender: 30083 | Distance:   59.29 m | Delay: 0.4661s | Size: 16778984 bit
[2025-03-20 12:40:27,356] [INFO] Phase: PREPARE | Receiver: 30058 | Sender: 30111 | Distance:  134.59 m | Delay: 0.6991s | Size: 16779000 bit
[2025-03-20 12:40:27,389] [INFO] Phase: PREPARE | Receiver: 30058 | Sender: 30087 | Distance:  139.49 m | Delay: 0.6991s | Size: 16778984 bit
[2025-03-20 12:40:27,427] [INFO] Phase: PREPARE | Receiver: 30058 | Sender: 30036 | Distance:  101.06 m | Delay: 0.6991s | Size: 16778992 bit
[2025-03-20 12:40:27,597] [INFO] Phase: COMMIT | Receiver: 30058 | Sender: 30066 | Distance:  128.33 m | Delay: 0.6991s | Size: 16778992 bit
[2025-03-20 12:40:27,989] [INFO] Phase: PREPARE | Receiver: 30058 | Sender: 30007 | Distance:  160.98 m | Delay: 0.9322s | Size: 16778992 bit
[2025-03-20 12:40:28,066] [INFO] Phase: COMMIT | Receiver: 30058 | Sender: 30007 | Distance:  160.98 m | Delay: 0.9322s | Size: 16778992 bit
[2025-03-20 12:40:28,359] [INFO] Phase: PREPARE | Receiver: 30058 | Sender: 30055 | Distance:   57.40 m | Delay: 0.4661s | Size: 16779000 bit
[2025-03-20 12:40:28,400] [INFO] Phase: PREPARE | Receiver: 30058 | Sender: 30019 | Distance:  141.42 m | Delay: 0.6991s | Size: 16779000 bit
[2025-03-20 12:40:28,420] [INFO] Phase: PREPARE | Receiver: 30058 | Sender: 30021 | Distance:   50.45 m | Delay: 0.0000s | Size: 16779000 bit
[2025-03-20 12:40:28,440] [INFO] Phase: PREPARE | Receiver: 30058 | Sender: 30061 | Distance:   82.49 m | Delay: 0.4661s | Size: 16778992 bit
[2025-03-20 12:40:28,468] [INFO] Phase: COMMIT | Receiver: 30058 | Sender: 30067 | Distance:  138.57 m | Delay: 0.6991s | Size: 16779000 bit
[2025-03-20 12:40:28,495] [INFO] Phase: COMMIT | Receiver: 30058 | Sender: 30088 | Distance:   90.71 m | Delay: 0.4661s | Size: 16778976 bit
[2025-03-20 12:40:28,520] [INFO] Phase: COMMIT | Receiver: 30058 | Sender: 30059 | Distance:   93.88 m | Delay: 0.4661s | Size: 16778992 bit
[2025-03-20 12:40:28,547] [INFO] Phase: PREPARE | Receiver: 30058 | Sender: 30102 | Distance:  106.33 m | Delay: 0.6991s | Size: 16778992 bit
[2025-03-20 12:40:28,595] [INFO] Phase: COMMIT | Receiver: 30058 | Sender: 30046 | Distance:   94.10 m | Delay: 0.4661s | Size: 16778984 bit
[2025-03-20 12:40:28,610] [INFO] Phase: COMMIT | Receiver: 30058 | Sender: 30062 | Distance:  138.72 m | Delay: 0.6991s | Size: 16779000 bit
[2025-03-20 12:40:28,626] [INFO] Phase: COMMIT | Receiver: 30058 | Sender: 30026 | Distance:  134.72 m | Delay: 0.6991s | Size: 16778992 bit
[2025-03-20 12:40:28,656] [INFO] Phase: COMMIT | Receiver: 30058 | Sender: 30087 | Distance:  139.49 m | Delay: 0.6991s | Size: 16778976 bit
[2025-03-20 12:40:28,673] [INFO] Phase: COMMIT | Receiver: 30058 | Sender: 30008 | Distance:  112.30 m | Delay: 0.6991s | Size: 16779000 bit
[2025-03-20 12:40:28,689] [INFO] Phase: COMMIT | Receiver: 30058 | Sender: 30015 | Distance:  107.20 m | Delay: 0.6991s | Size: 16779000 bit
[2025-03-20 12:40:28,705] [INFO] Phase: COMMIT | Receiver: 30058 | Sender: 30113 | Distance:  127.46 m | Delay: 0.6991s | Size: 16778992 bit
[2025-03-20 12:40:28,723] [INFO] Phase: COMMIT | Receiver: 30058 | Sender: 30109 | Distance:  115.50 m | Delay: 0.6991s | Size: 16778992 bit
[2025-03-20 12:40:28,737] [INFO] Phase: COMMIT | Receiver: 30058 | Sender: 30061 | Distance:   82.49 m | Delay: 0.4661s | Size: 16778992 bit
[2025-03-20 12:40:28,744] [INFO] Phase: COMMIT | Receiver: 30058 | Sender: 30055 | Distance:   57.40 m | Delay: 0.4661s | Size: 16779000 bit
[2025-03-20 12:40:28,753] [INFO] Phase: COMMIT | Receiver: 30058 | Sender: 30039 | Distance:   90.24 m | Delay: 0.4661s | Size: 16778992 bit
[2025-03-20 12:40:28,769] [INFO] Phase: COMMIT | Receiver: 30058 | Sender: 30031 | Distance:  102.57 m | Delay: 0.6991s | Size: 16778992 bit
[2025-03-20 12:40:28,779] [INFO] Phase: COMMIT | Receiver: 30058 | Sender: 30070 | Distance:   50.45 m | Delay: 0.0000s | Size: 16779000 bit
[2025-03-20 12:40:28,785] [INFO] Phase: COMMIT | Receiver: 30058 | Sender: 30102 | Distance:  106.33 m | Delay: 0.6991s | Size: 16778992 bit
[2025-03-20 12:40:28,800] [INFO] Phase: COMMIT | Receiver: 30058 | Sender: 30111 | Distance:  134.59 m | Delay: 0.6991s | Size: 16779000 bit
[2025-03-20 12:40:28,800] [INFO] Phase: COMMIT | Receiver: 30058 | Sender: 30018 | Distance:   77.01 m | Delay: 0.4661s | Size: 16778992 bit
[2025-03-20 12:40:28,818] [INFO] Phase: COMMIT | Receiver: 30058 | Sender: 30036 | Distance:  101.06 m | Delay: 0.6991s | Size: 16778992 bit
[2025-03-20 12:40:28,820] [INFO] Phase: COMMIT | Receiver: 30058 | Sender: 30021 | Distance:   50.45 m | Delay: 0.0000s | Size: 16779000 bit
[2025-03-20 12:40:28,847] [INFO] Phase: COMMIT | Receiver: 30058 | Sender: 30085 | Distance:  175.01 m | Delay: 0.9322s | Size: 16779000 bit
[2025-03-20 12:40:28,863] [INFO] Phase: COMMIT | Receiver: 30058 | Sender: 30083 | Distance:   59.29 m | Delay: 0.4661s | Size: 16778992 bit
[2025-03-20 12:40:28,887] [INFO] Phase: COMMIT | Receiver: 30058 | Sender: 30019 | Distance:  141.42 m | Delay: 0.6991s | Size: 16778992 bit
[2025-03-20 12:40:36,589] [INFO] Phase: PRE-PREPARE | Receiver: 30058 | Sender: 30066 | Distance:  128.33 m | Delay: 0.6993s | Size: 16782184 bit
[2025-03-20 12:40:36,763] [INFO] Phase: PREPARE-BROADCAST | Receiver: ALL | Sender: 30058 | Distance:  128.33 m | Delay: 0.6993s | Size: 16778160 bit
[2025-03-20 12:40:38,984] [INFO] Phase: PREPARE | Receiver: 30058 | Sender: 30046 | Distance:   94.10 m | Delay: 0.4661s | Size: 16778992 bit
[2025-03-20 12:40:38,994] [INFO] Phase: COMMIT-BROADCAST | Receiver: ALL | Sender: 30058 | Distance:   94.10 m | Delay: 0.4661s | Size: 16778160 bit
[2025-03-20 12:40:39,017] [INFO] Phase: PREPARE | Receiver: 30058 | Sender: 30026 | Distance:  134.72 m | Delay: 0.6991s | Size: 16778992 bit
[2025-03-20 12:40:39,043] [INFO] Phase: PREPARE | Receiver: 30058 | Sender: 30018 | Distance:   77.01 m | Delay: 0.4661s | Size: 16778992 bit
[2025-03-20 12:40:39,069] [INFO] Phase: PREPARE | Receiver: 30058 | Sender: 30087 | Distance:  139.49 m | Delay: 0.6991s | Size: 16778984 bit
[2025-03-20 12:40:39,091] [INFO] Phase: PREPARE | Receiver: 30058 | Sender: 30088 | Distance:   90.71 m | Delay: 0.4661s | Size: 16778984 bit
[2025-03-20 12:40:39,118] [INFO] Phase: PREPARE | Receiver: 30058 | Sender: 30019 | Distance:  141.42 m | Delay: 0.6991s | Size: 16778992 bit
[2025-03-20 12:40:39,146] [INFO] Phase: PREPARE | Receiver: 30058 | Sender: 30111 | Distance:  134.59 m | Delay: 0.6991s | Size: 16779000 bit
[2025-03-20 12:40:39,176] [INFO] Phase: PREPARE | Receiver: 30058 | Sender: 30055 | Distance:   57.40 m | Delay: 0.4661s | Size: 16779000 bit
[2025-03-20 12:40:39,200] [INFO] Phase: PREPARE | Receiver: 30058 | Sender: 30039 | Distance:   90.24 m | Delay: 0.4661s | Size: 16778984 bit
[2025-03-20 12:40:39,595] [INFO] Phase: PREPARE | Receiver: 30058 | Sender: 30077 | Distance:  128.57 m | Delay: 0.6991s | Size: 16779000 bit
[2025-03-20 12:40:39,625] [INFO] Phase: PREPARE | Receiver: 30058 | Sender: 30031 | Distance:  102.57 m | Delay: 0.6991s | Size: 16778992 bit
[2025-03-20 12:40:39,772] [INFO] Phase: PREPARE | Receiver: 30058 | Sender: 30067 | Distance:  138.57 m | Delay: 0.6991s | Size: 16779000 bit
[2025-03-20 12:40:39,799] [INFO] Phase: COMMIT | Receiver: 30058 | Sender: 30087 | Distance:  139.49 m | Delay: 0.6991s | Size: 16778968 bit
[2025-03-20 12:40:39,825] [INFO] Phase: PREPARE | Receiver: 30058 | Sender: 30007 | Distance:  160.98 m | Delay: 0.9322s | Size: 16778984 bit
[2025-03-20 12:40:39,876] [INFO] Phase: COMMIT | Receiver: 30058 | Sender: 30055 | Distance:   57.40 m | Delay: 0.4661s | Size: 16779000 bit
[2025-03-20 12:40:39,888] [INFO] Phase: PRE-REPLY | Receiver: 30038 | Sender: 30058 | Distance:   57.40 m | Delay: 0.4661s | Size: 16778152 bit
[2025-03-20 12:40:40,400] [INFO] Phase: PREPARE | Receiver: 30058 | Sender: 30109 | Distance:  115.50 m | Delay: 0.6991s | Size: 16778992 bit
[2025-03-20 12:40:40,658] [INFO] Phase: PREPARE | Receiver: 30058 | Sender: 30008 | Distance:  112.30 m | Delay: 0.6991s | Size: 16778992 bit
[2025-03-20 12:40:42,265] [INFO] Phase: COMMIT | Receiver: 30058 | Sender: 30046 | Distance:   94.10 m | Delay: 0.4661s | Size: 16778984 bit
[2025-03-20 12:40:43,301] [INFO] Phase: PREPARE | Receiver: 30058 | Sender: 30113 | Distance:  127.46 m | Delay: 0.6991s | Size: 16778992 bit
[2025-03-20 12:40:43,343] [INFO] Phase: PREPARE | Receiver: 30058 | Sender: 30021 | Distance:   50.45 m | Delay: 0.0000s | Size: 16779000 bit
[2025-03-20 12:40:43,416] [INFO] Phase: PREPARE | Receiver: 30058 | Sender: 30085 | Distance:  175.01 m | Delay: 0.9322s | Size: 16779000 bit
[2025-03-20 12:40:43,490] [INFO] Phase: PREPARE | Receiver: 30058 | Sender: 30015 | Distance:  107.20 m | Delay: 0.6991s | Size: 16778992 bit
[2025-03-20 12:40:43,552] [INFO] Phase: PREPARE | Receiver: 30058 | Sender: 30062 | Distance:  138.72 m | Delay: 0.6991s | Size: 16778992 bit
[2025-03-20 12:40:43,578] [INFO] Phase: PREPARE | Receiver: 30058 | Sender: 30061 | Distance:   82.49 m | Delay: 0.4661s | Size: 16778992 bit
[2025-03-20 12:40:43,611] [INFO] Phase: PREPARE | Receiver: 30058 | Sender: 30083 | Distance:   59.29 m | Delay: 0.4661s | Size: 16778992 bit
[2025-03-20 12:40:43,645] [INFO] Phase: PREPARE | Receiver: 30058 | Sender: 30036 | Distance:  101.06 m | Delay: 0.6991s | Size: 16778992 bit
[2025-03-20 12:40:43,688] [INFO] Phase: PREPARE | Receiver: 30058 | Sender: 30070 | Distance:   50.45 m | Delay: 0.0000s | Size: 16779000 bit
[2025-03-20 12:40:43,759] [INFO] Phase: PREPARE | Receiver: 30058 | Sender: 30059 | Distance:   93.88 m | Delay: 0.4661s | Size: 16778992 bit
[2025-03-20 12:40:43,840] [INFO] Phase: COMMIT | Receiver: 30058 | Sender: 30026 | Distance:  134.72 m | Delay: 0.6991s | Size: 16778992 bit
[2025-03-20 12:40:43,880] [INFO] Phase: PREPARE | Receiver: 30058 | Sender: 30102 | Distance:  106.33 m | Delay: 0.6991s | Size: 16778992 bit
[2025-03-20 12:40:43,985] [INFO] Phase: COMMIT | Receiver: 30058 | Sender: 30008 | Distance:  112.30 m | Delay: 0.6991s | Size: 16779000 bit
[2025-03-20 12:40:44,104] [INFO] Phase: COMMIT | Receiver: 30058 | Sender: 30031 | Distance:  102.57 m | Delay: 0.6991s | Size: 16778992 bit
[2025-03-20 12:40:44,139] [INFO] Phase: COMMIT | Receiver: 30058 | Sender: 30109 | Distance:  115.50 m | Delay: 0.6991s | Size: 16778992 bit
[2025-03-20 12:40:44,175] [INFO] Phase: COMMIT | Receiver: 30058 | Sender: 30088 | Distance:   90.71 m | Delay: 0.4661s | Size: 16778984 bit
[2025-03-20 12:40:44,206] [INFO] Phase: COMMIT | Receiver: 30058 | Sender: 30019 | Distance:  141.42 m | Delay: 0.6991s | Size: 16779000 bit
[2025-03-20 12:40:44,246] [INFO] Phase: COMMIT | Receiver: 30058 | Sender: 30111 | Distance:  134.59 m | Delay: 0.6991s | Size: 16779000 bit
[2025-03-20 12:40:44,290] [INFO] Phase: COMMIT | Receiver: 30058 | Sender: 30070 | Distance:   50.45 m | Delay: 0.0000s | Size: 16779000 bit
[2025-03-20 12:40:44,329] [INFO] Phase: COMMIT | Receiver: 30058 | Sender: 30113 | Distance:  127.46 m | Delay: 0.6991s | Size: 16779000 bit
[2025-03-20 12:40:44,363] [INFO] Phase: COMMIT | Receiver: 30058 | Sender: 30066 | Distance:  128.33 m | Delay: 0.6991s | Size: 16778992 bit
[2025-03-20 12:40:44,399] [INFO] Phase: COMMIT | Receiver: 30058 | Sender: 30007 | Distance:  160.98 m | Delay: 0.9322s | Size: 16778992 bit
[2025-03-20 12:40:44,434] [INFO] Phase: COMMIT | Receiver: 30058 | Sender: 30085 | Distance:  175.01 m | Delay: 0.9322s | Size: 16778992 bit
[2025-03-20 12:40:44,469] [INFO] Phase: COMMIT | Receiver: 30058 | Sender: 30021 | Distance:   50.45 m | Delay: 0.0000s | Size: 16779000 bit
[2025-03-20 12:40:44,493] [INFO] Phase: COMMIT | Receiver: 30058 | Sender: 30061 | Distance:   82.49 m | Delay: 0.4661s | Size: 16778992 bit
[2025-03-20 12:40:44,517] [INFO] Phase: COMMIT | Receiver: 30058 | Sender: 30039 | Distance:   90.24 m | Delay: 0.4661s | Size: 16778992 bit
[2025-03-20 12:40:44,547] [INFO] Phase: COMMIT | Receiver: 30058 | Sender: 30083 | Distance:   59.29 m | Delay: 0.4661s | Size: 16778984 bit
[2025-03-20 12:40:44,570] [INFO] Phase: COMMIT | Receiver: 30058 | Sender: 30015 | Distance:  107.20 m | Delay: 0.6991s | Size: 16779000 bit
[2025-03-20 12:40:44,596] [INFO] Phase: COMMIT | Receiver: 30058 | Sender: 30036 | Distance:  101.06 m | Delay: 0.6991s | Size: 16778992 bit
[2025-03-20 12:40:44,626] [INFO] Phase: COMMIT | Receiver: 30058 | Sender: 30018 | Distance:   77.01 m | Delay: 0.4661s | Size: 16778992 bit
[2025-03-20 12:40:44,653] [INFO] Phase: COMMIT | Receiver: 30058 | Sender: 30102 | Distance:  106.33 m | Delay: 0.6991s | Size: 16778992 bit
[2025-03-20 12:40:44,697] [INFO] Phase: PREPARE | Receiver: 30058 | Sender: 30080 | Distance:  120.26 m | Delay: 0.6991s | Size: 16778992 bit
[2025-03-20 12:40:45,051] [INFO] Phase: COMMIT | Receiver: 30058 | Sender: 30067 | Distance:  138.57 m | Delay: 0.6991s | Size: 16778992 bit
[2025-03-20 12:40:45,466] [INFO] Phase: COMMIT | Receiver: 30058 | Sender: 30077 | Distance:  128.57 m | Delay: 0.6991s | Size: 16779000 bit
[2025-03-20 12:40:47,459] [INFO] Phase: COMMIT | Receiver: 30058 | Sender: 30062 | Distance:  138.72 m | Delay: 0.6991s | Size: 16779000 bit
[2025-03-20 12:40:50,267] [INFO] Phase: COMMIT | Receiver: 30058 | Sender: 30080 | Distance:  120.26 m | Delay: 0.6991s | Size: 16779000 bit
[2025-03-20 12:40:50,381] [INFO] Phase: COMMIT | Receiver: 30058 | Sender: 30059 | Distance:   93.88 m | Delay: 0.4661s | Size: 16778992 bit
[2025-03-20 12:41:00,050] [INFO] Phase: PREPARE | Receiver: 30058 | Sender: 30080 | Distance:  120.26 m | Delay: 0.6991s | Size: 16778992 bit
[2025-03-20 12:41:00,050] [INFO] PREPARE: Missing PRE-PREPARE for REQUEST 1742442056910
[2025-03-20 12:41:00,615] [INFO] Phase: PRE-PREPARE | Receiver: 30058 | Sender: 30066 | Distance:  128.33 m | Delay: 0.6993s | Size: 16782200 bit
[2025-03-20 12:41:00,807] [INFO] Phase: PREPARE-BROADCAST | Receiver: ALL | Sender: 30058 | Distance:  128.33 m | Delay: 0.6993s | Size: 16778160 bit
[2025-03-20 12:41:10,420] [INFO] Phase: PREPARE | Receiver: 30058 | Sender: 30077 | Distance:  128.57 m | Delay: 0.6991s | Size: 16779000 bit
[2025-03-20 12:41:10,434] [INFO] Phase: COMMIT-BROADCAST | Receiver: ALL | Sender: 30058 | Distance:  128.57 m | Delay: 0.6991s | Size: 16778160 bit
[2025-03-20 12:41:10,863] [INFO] Phase: PREPARE | Receiver: 30058 | Sender: 30070 | Distance:   50.45 m | Delay: 0.0000s | Size: 16778992 bit
[2025-03-20 12:41:10,890] [INFO] Phase: PREPARE | Receiver: 30058 | Sender: 30062 | Distance:  138.72 m | Delay: 0.6991s | Size: 16779000 bit
[2025-03-20 12:41:11,001] [INFO] Phase: PREPARE | Receiver: 30058 | Sender: 30046 | Distance:   94.10 m | Delay: 0.4661s | Size: 16778984 bit
[2025-03-20 12:41:11,382] [INFO] Phase: COMMIT | Receiver: 30058 | Sender: 30080 | Distance:  120.26 m | Delay: 0.6991s | Size: 16779000 bit
[2025-03-20 12:41:11,730] [INFO] Phase: PREPARE | Receiver: 30058 | Sender: 30059 | Distance:   93.88 m | Delay: 0.4661s | Size: 16778992 bit
[2025-03-20 12:41:12,904] [INFO] Phase: PREPARE | Receiver: 30058 | Sender: 30083 | Distance:   59.29 m | Delay: 0.4661s | Size: 16778992 bit
[2025-03-20 12:41:13,187] [INFO] Phase: PREPARE | Receiver: 30058 | Sender: 30031 | Distance:  102.57 m | Delay: 0.6991s | Size: 16779000 bit
[2025-03-20 12:41:14,589] [INFO] Phase: PREPARE | Receiver: 30058 | Sender: 30039 | Distance:   90.24 m | Delay: 0.4661s | Size: 16778992 bit
[2025-03-20 12:41:14,780] [INFO] Phase: PREPARE | Receiver: 30058 | Sender: 30007 | Distance:  160.98 m | Delay: 0.9322s | Size: 16778992 bit
[2025-03-20 12:41:14,974] [INFO] Phase: PREPARE | Receiver: 30058 | Sender: 30015 | Distance:  107.20 m | Delay: 0.6991s | Size: 16778992 bit
[2025-03-20 12:41:15,576] [INFO] Phase: PREPARE | Receiver: 30058 | Sender: 30087 | Distance:  139.49 m | Delay: 0.6991s | Size: 16778984 bit
[2025-03-20 12:41:15,732] [INFO] Phase: PREPARE | Receiver: 30058 | Sender: 30102 | Distance:  106.33 m | Delay: 0.6991s | Size: 16778992 bit
[2025-03-20 12:41:15,831] [INFO] Phase: PREPARE | Receiver: 30058 | Sender: 30036 | Distance:  101.06 m | Delay: 0.6991s | Size: 16778992 bit
[2025-03-20 12:41:15,993] [INFO] Phase: PREPARE | Receiver: 30058 | Sender: 30109 | Distance:  115.50 m | Delay: 0.6991s | Size: 16779000 bit
[2025-03-20 12:41:16,084] [INFO] Phase: PREPARE | Receiver: 30058 | Sender: 30018 | Distance:   77.01 m | Delay: 0.4661s | Size: 16778992 bit
[2025-03-20 12:41:16,231] [INFO] Phase: PREPARE | Receiver: 30058 | Sender: 30019 | Distance:  141.42 m | Delay: 0.6991s | Size: 16778992 bit
[2025-03-20 12:41:16,341] [INFO] Phase: PREPARE | Receiver: 30058 | Sender: 30008 | Distance:  112.30 m | Delay: 0.6991s | Size: 16779000 bit
[2025-03-20 12:41:16,377] [INFO] Phase: PREPARE | Receiver: 30058 | Sender: 30088 | Distance:   90.71 m | Delay: 0.4661s | Size: 16778984 bit
[2025-03-20 12:41:16,477] [INFO] Phase: COMMIT | Receiver: 30058 | Sender: 30062 | Distance:  138.72 m | Delay: 0.6991s | Size: 16778992 bit
[2025-03-20 12:41:16,489] [INFO] Phase: PRE-REPLY | Receiver: 30038 | Sender: 30058 | Distance:  138.72 m | Delay: 0.6991s | Size: 16778160 bit
[2025-03-20 12:41:16,563] [INFO] Phase: PREPARE | Receiver: 30058 | Sender: 30055 | Distance:   57.40 m | Delay: 0.4661s | Size: 16779000 bit
[2025-03-20 12:41:16,760] [INFO] Phase: PREPARE | Receiver: 30058 | Sender: 30067 | Distance:  138.57 m | Delay: 0.6991s | Size: 16778992 bit
[2025-03-20 12:41:17,053] [INFO] Phase: PREPARE | Receiver: 30058 | Sender: 30085 | Distance:  175.01 m | Delay: 0.9322s | Size: 16779000 bit
[2025-03-20 12:41:17,277] [INFO] Phase: COMMIT | Receiver: 30058 | Sender: 30083 | Distance:   59.29 m | Delay: 0.4661s | Size: 16778992 bit
[2025-03-20 12:41:17,503] [INFO] Phase: PREPARE | Receiver: 30058 | Sender: 30021 | Distance:   50.45 m | Delay: 0.0000s | Size: 16779000 bit
[2025-03-20 12:41:17,536] [INFO] Phase: COMMIT | Receiver: 30058 | Sender: 30031 | Distance:  102.57 m | Delay: 0.6991s | Size: 16778992 bit
[2025-03-20 12:41:17,633] [INFO] Phase: PREPARE | Receiver: 30058 | Sender: 30111 | Distance:  134.59 m | Delay: 0.6991s | Size: 16779000 bit
[2025-03-20 12:41:17,780] [INFO] Phase: COMMIT | Receiver: 30058 | Sender: 30077 | Distance:  128.57 m | Delay: 0.6991s | Size: 16779000 bit
[2025-03-20 12:41:17,821] [INFO] Phase: COMMIT | Receiver: 30058 | Sender: 30066 | Distance:  128.33 m | Delay: 0.6991s | Size: 16778984 bit
[2025-03-20 12:41:17,840] [INFO] Phase: COMMIT | Receiver: 30058 | Sender: 30070 | Distance:   50.45 m | Delay: 0.0000s | Size: 16779000 bit
[2025-03-20 12:41:17,887] [INFO] Phase: COMMIT | Receiver: 30058 | Sender: 30018 | Distance:   77.01 m | Delay: 0.4661s | Size: 16778992 bit
[2025-03-20 12:41:17,909] [INFO] Phase: COMMIT | Receiver: 30058 | Sender: 30015 | Distance:  107.20 m | Delay: 0.6991s | Size: 16779000 bit
[2025-03-20 12:41:17,933] [INFO] Phase: COMMIT | Receiver: 30058 | Sender: 30039 | Distance:   90.24 m | Delay: 0.4661s | Size: 16778984 bit
[2025-03-20 12:41:17,954] [INFO] Phase: PREPARE | Receiver: 30058 | Sender: 30113 | Distance:  127.46 m | Delay: 0.6991s | Size: 16778992 bit
[2025-03-20 12:41:17,984] [INFO] Phase: PREPARE | Receiver: 30058 | Sender: 30026 | Distance:  134.72 m | Delay: 0.6991s | Size: 16778992 bit
[2025-03-20 12:41:18,005] [INFO] Phase: PREPARE | Receiver: 30058 | Sender: 30061 | Distance:   82.49 m | Delay: 0.4661s | Size: 16778984 bit
[2025-03-20 12:41:18,034] [INFO] Phase: COMMIT | Receiver: 30058 | Sender: 30026 | Distance:  134.72 m | Delay: 0.6991s | Size: 16778992 bit
[2025-03-20 12:41:18,063] [INFO] Phase: COMMIT | Receiver: 30058 | Sender: 30008 | Distance:  112.30 m | Delay: 0.6991s | Size: 16779000 bit
[2025-03-20 12:41:18,086] [INFO] Phase: COMMIT | Receiver: 30058 | Sender: 30046 | Distance:   94.10 m | Delay: 0.4661s | Size: 16778992 bit
[2025-03-20 12:41:18,111] [INFO] Phase: COMMIT | Receiver: 30058 | Sender: 30059 | Distance:   93.88 m | Delay: 0.4661s | Size: 16778992 bit
[2025-03-20 12:41:18,138] [INFO] Phase: COMMIT | Receiver: 30058 | Sender: 30102 | Distance:  106.33 m | Delay: 0.6991s | Size: 16778992 bit
[2025-03-20 12:41:18,167] [INFO] Phase: COMMIT | Receiver: 30058 | Sender: 30109 | Distance:  115.50 m | Delay: 0.6991s | Size: 16779000 bit
[2025-03-20 12:41:18,185] [INFO] Phase: COMMIT | Receiver: 30058 | Sender: 30088 | Distance:   90.71 m | Delay: 0.4661s | Size: 16778976 bit
[2025-03-20 12:41:18,208] [INFO] Phase: COMMIT | Receiver: 30058 | Sender: 30007 | Distance:  160.98 m | Delay: 0.9322s | Size: 16778992 bit
[2025-03-20 12:41:18,230] [INFO] Phase: COMMIT | Receiver: 30058 | Sender: 30087 | Distance:  139.49 m | Delay: 0.6991s | Size: 16778984 bit
[2025-03-20 12:41:18,248] [INFO] Phase: COMMIT | Receiver: 30058 | Sender: 30036 | Distance:  101.06 m | Delay: 0.6991s | Size: 16778992 bit
[2025-03-20 12:41:18,253] [INFO] Phase: COMMIT | Receiver: 30058 | Sender: 30055 | Distance:   57.40 m | Delay: 0.4661s | Size: 16779000 bit
[2025-03-20 12:41:18,276] [INFO] Phase: COMMIT | Receiver: 30058 | Sender: 30019 | Distance:  141.42 m | Delay: 0.6991s | Size: 16779000 bit
[2025-03-20 12:41:18,285] [INFO] Phase: COMMIT | Receiver: 30058 | Sender: 30067 | Distance:  138.57 m | Delay: 0.6991s | Size: 16779000 bit
[2025-03-20 12:41:18,310] [INFO] Phase: COMMIT | Receiver: 30058 | Sender: 30085 | Distance:  175.01 m | Delay: 0.9322s | Size: 16779000 bit
[2025-03-20 12:41:18,345] [INFO] Phase: COMMIT | Receiver: 30058 | Sender: 30021 | Distance:   50.45 m | Delay: 0.0000s | Size: 16779000 bit
[2025-03-20 12:41:18,353] [INFO] Phase: COMMIT | Receiver: 30058 | Sender: 30061 | Distance:   82.49 m | Delay: 0.4661s | Size: 16778992 bit
[2025-03-20 12:41:18,376] [INFO] Phase: COMMIT | Receiver: 30058 | Sender: 30113 | Distance:  127.46 m | Delay: 0.6991s | Size: 16779000 bit
[2025-03-20 12:41:18,388] [INFO] Phase: COMMIT | Receiver: 30058 | Sender: 30111 | Distance:  134.59 m | Delay: 0.6991s | Size: 16778992 bit
