[2025-03-20 12:06:06,365] [INFO] Random node started: localhost:30003 | index=  4 | f=1, k=4
[2025-03-20 12:06:19,053] [INFO] Phase: PRE-PREPARE | Receiver: 30003 | Sender: 30012 | Distance:  140.82 m | Delay: 0.6992s | Size: 16781216 bit
[2025-03-20 12:06:19,067] [INFO] Phase: PREPARE-BROADCAST | Receiver: ALL | Sender: 30003 | Distance:  140.82 m | Delay: 0.6992s | Size: 16778312 bit
[2025-03-20 12:06:19,703] [INFO] Phase: PREPARE | Receiver: 30003 | Sender: 30019 | Distance:   44.36 m | Delay: 0.3107s | Size: 16779152 bit
[2025-03-20 12:06:19,719] [INFO] Phase: COMMIT-BROADCAST | Receiver: ALL | Sender: 30003 | Distance:   44.36 m | Delay: 0.3107s | Size: 16778312 bit
[2025-03-20 12:06:19,758] [INFO] Phase: PREPARE | Receiver: 30003 | Sender: 30032 | Distance:  153.66 m | Delay: 0.9322s | Size: 16779152 bit
[2025-03-20 12:06:19,794] [INFO] Phase: PREPARE | Receiver: 30003 | Sender: 30033 | Distance:   55.55 m | Delay: 0.4661s | Size: 16779144 bit
[2025-03-20 12:06:20,084] [INFO] Phase: PREPARE | Receiver: 30003 | Sender: 30008 | Distance:   85.92 m | Delay: 0.4661s | Size: 16779144 bit
[2025-03-20 12:06:20,172] [INFO] Phase: PREPARE | Receiver: 30003 | Sender: 30018 | Distance:   62.20 m | Delay: 0.4661s | Size: 16779160 bit
[2025-03-20 12:06:20,201] [INFO] Phase: PREPARE | Receiver: 30003 | Sender: 30034 | Distance:  161.46 m | Delay: 0.9322s | Size: 16779152 bit
[2025-03-20 12:06:20,234] [INFO] Phase: PREPARE | Receiver: 30003 | Sender: 30017 | Distance:  111.60 m | Delay: 0.6991s | Size: 16779152 bit
[2025-03-20 12:06:20,417] [INFO] Phase: COMMIT | Receiver: 30003 | Sender: 30008 | Distance:   85.92 m | Delay: 0.4661s | Size: 16779152 bit
[2025-03-20 12:06:20,442] [INFO] Phase: COMMIT | Receiver: 30003 | Sender: 30012 | Distance:  140.82 m | Delay: 0.6991s | Size: 16779152 bit
[2025-03-20 12:06:20,452] [INFO] Phase: PRE-REPLY | Receiver: 30023 | Sender: 30003 | Distance:  140.82 m | Delay: 0.6991s | Size: 16778320 bit
[2025-03-20 12:06:20,523] [INFO] Phase: COMMIT | Receiver: 30003 | Sender: 30033 | Distance:   55.55 m | Delay: 0.4661s | Size: 16779152 bit
[2025-03-20 12:06:20,547] [INFO] Phase: COMMIT | Receiver: 30003 | Sender: 30032 | Distance:  153.66 m | Delay: 0.9322s | Size: 16779144 bit
[2025-03-20 12:06:20,601] [INFO] Phase: COMMIT | Receiver: 30003 | Sender: 30019 | Distance:   44.36 m | Delay: 0.3107s | Size: 16779152 bit
[2025-03-20 12:06:20,648] [INFO] Phase: COMMIT | Receiver: 30003 | Sender: 30034 | Distance:  161.46 m | Delay: 0.9322s | Size: 16779160 bit
[2025-03-20 12:06:20,682] [INFO] Phase: COMMIT | Receiver: 30003 | Sender: 30017 | Distance:  111.60 m | Delay: 0.6991s | Size: 16779160 bit
[2025-03-20 12:06:20,720] [INFO] Phase: COMMIT | Receiver: 30003 | Sender: 30018 | Distance:   62.20 m | Delay: 0.4661s | Size: 16779152 bit
[2025-03-20 12:06:24,072] [INFO] Phase: PRE-PREPARE | Receiver: 30003 | Sender: 30012 | Distance:  140.82 m | Delay: 0.6992s | Size: 16781216 bit
[2025-03-20 12:06:24,079] [INFO] Phase: PREPARE-BROADCAST | Receiver: ALL | Sender: 30003 | Distance:  140.82 m | Delay: 0.6992s | Size: 16778320 bit
[2025-03-20 12:06:24,577] [INFO] Phase: PREPARE | Receiver: 30003 | Sender: 30017 | Distance:  111.60 m | Delay: 0.6991s | Size: 16779152 bit
[2025-03-20 12:06:24,589] [INFO] Phase: COMMIT-BROADCAST | Receiver: ALL | Sender: 30003 | Distance:  111.60 m | Delay: 0.6991s | Size: 16778320 bit
[2025-03-20 12:06:25,031] [INFO] Phase: PREPARE | Receiver: 30003 | Sender: 30033 | Distance:   55.55 m | Delay: 0.4661s | Size: 16779144 bit
[2025-03-20 12:06:25,099] [INFO] Phase: PREPARE | Receiver: 30003 | Sender: 30008 | Distance:   85.92 m | Delay: 0.4661s | Size: 16779152 bit
[2025-03-20 12:06:25,150] [INFO] Phase: PREPARE | Receiver: 30003 | Sender: 30018 | Distance:   62.20 m | Delay: 0.4661s | Size: 16779160 bit
[2025-03-20 12:06:25,178] [INFO] Phase: PREPARE | Receiver: 30003 | Sender: 30019 | Distance:   44.36 m | Delay: 0.3107s | Size: 16779152 bit
[2025-03-20 12:06:25,205] [INFO] Phase: PREPARE | Receiver: 30003 | Sender: 30034 | Distance:  161.46 m | Delay: 0.9322s | Size: 16779160 bit
[2025-03-20 12:06:25,237] [INFO] Phase: PREPARE | Receiver: 30003 | Sender: 30032 | Distance:  153.66 m | Delay: 0.9322s | Size: 16779160 bit
[2025-03-20 12:06:25,413] [INFO] Phase: COMMIT | Receiver: 30003 | Sender: 30017 | Distance:  111.60 m | Delay: 0.6991s | Size: 16779160 bit
[2025-03-20 12:06:25,449] [INFO] Phase: COMMIT | Receiver: 30003 | Sender: 30012 | Distance:  140.82 m | Delay: 0.6991s | Size: 16779152 bit
[2025-03-20 12:06:25,461] [INFO] Phase: PRE-REPLY | Receiver: 30023 | Sender: 30003 | Distance:  140.82 m | Delay: 0.6991s | Size: 16778320 bit
[2025-03-20 12:06:25,553] [INFO] Phase: COMMIT | Receiver: 30003 | Sender: 30008 | Distance:   85.92 m | Delay: 0.4661s | Size: 16779144 bit
[2025-03-20 12:06:25,579] [INFO] Phase: COMMIT | Receiver: 30003 | Sender: 30034 | Distance:  161.46 m | Delay: 0.9322s | Size: 16779152 bit
[2025-03-20 12:06:25,603] [INFO] Phase: COMMIT | Receiver: 30003 | Sender: 30032 | Distance:  153.66 m | Delay: 0.9322s | Size: 16779160 bit
[2025-03-20 12:06:25,627] [INFO] Phase: COMMIT | Receiver: 30003 | Sender: 30019 | Distance:   44.36 m | Delay: 0.3107s | Size: 16779152 bit
[2025-03-20 12:06:25,658] [INFO] Phase: COMMIT | Receiver: 30003 | Sender: 30033 | Distance:   55.55 m | Delay: 0.4661s | Size: 16779152 bit
[2025-03-20 12:06:25,678] [INFO] Phase: COMMIT | Receiver: 30003 | Sender: 30018 | Distance:   62.20 m | Delay: 0.4661s | Size: 16779160 bit
[2025-03-20 12:06:29,049] [INFO] Phase: PRE-PREPARE | Receiver: 30003 | Sender: 30012 | Distance:  140.82 m | Delay: 0.6992s | Size: 16781216 bit
[2025-03-20 12:06:29,063] [INFO] Phase: PREPARE-BROADCAST | Receiver: ALL | Sender: 30003 | Distance:  140.82 m | Delay: 0.6992s | Size: 16778320 bit
[2025-03-20 12:06:29,484] [INFO] Phase: PREPARE | Receiver: 30003 | Sender: 30008 | Distance:   85.92 m | Delay: 0.4661s | Size: 16779144 bit
[2025-03-20 12:06:29,502] [INFO] Phase: COMMIT-BROADCAST | Receiver: ALL | Sender: 30003 | Distance:   85.92 m | Delay: 0.4661s | Size: 16778312 bit
[2025-03-20 12:06:29,526] [INFO] Phase: PREPARE | Receiver: 30003 | Sender: 30034 | Distance:  161.46 m | Delay: 0.9322s | Size: 16779160 bit
[2025-03-20 12:06:29,552] [INFO] Phase: PREPARE | Receiver: 30003 | Sender: 30032 | Distance:  153.66 m | Delay: 0.9322s | Size: 16779160 bit
[2025-03-20 12:06:29,577] [INFO] Phase: PREPARE | Receiver: 30003 | Sender: 30017 | Distance:  111.60 m | Delay: 0.6991s | Size: 16779160 bit
[2025-03-20 12:06:29,603] [INFO] Phase: PREPARE | Receiver: 30003 | Sender: 30019 | Distance:   44.36 m | Delay: 0.3107s | Size: 16779152 bit
[2025-03-20 12:06:29,629] [INFO] Phase: PREPARE | Receiver: 30003 | Sender: 30018 | Distance:   62.20 m | Delay: 0.4661s | Size: 16779152 bit
[2025-03-20 12:06:29,898] [INFO] Phase: PREPARE | Receiver: 30003 | Sender: 30033 | Distance:   55.55 m | Delay: 0.4661s | Size: 16779152 bit
[2025-03-20 12:06:29,948] [INFO] Phase: COMMIT | Receiver: 30003 | Sender: 30018 | Distance:   62.20 m | Delay: 0.4661s | Size: 16779152 bit
[2025-03-20 12:06:30,151] [INFO] Phase: COMMIT | Receiver: 30003 | Sender: 30008 | Distance:   85.92 m | Delay: 0.4661s | Size: 16779152 bit
[2025-03-20 12:06:30,163] [INFO] Phase: PRE-REPLY | Receiver: 30023 | Sender: 30003 | Distance:   85.92 m | Delay: 0.4661s | Size: 16778312 bit
[2025-03-20 12:06:30,266] [INFO] Phase: COMMIT | Receiver: 30003 | Sender: 30034 | Distance:  161.46 m | Delay: 0.9322s | Size: 16779160 bit
[2025-03-20 12:06:30,317] [INFO] Phase: COMMIT | Receiver: 30003 | Sender: 30017 | Distance:  111.60 m | Delay: 0.6991s | Size: 16779160 bit
[2025-03-20 12:06:30,384] [INFO] Phase: COMMIT | Receiver: 30003 | Sender: 30019 | Distance:   44.36 m | Delay: 0.3107s | Size: 16779152 bit
[2025-03-20 12:06:30,422] [INFO] Phase: COMMIT | Receiver: 30003 | Sender: 30032 | Distance:  153.66 m | Delay: 0.9322s | Size: 16779160 bit
[2025-03-20 12:06:30,470] [INFO] Phase: COMMIT | Receiver: 30003 | Sender: 30012 | Distance:  140.82 m | Delay: 0.6991s | Size: 16779144 bit
[2025-03-20 12:06:30,513] [INFO] Phase: COMMIT | Receiver: 30003 | Sender: 30033 | Distance:   55.55 m | Delay: 0.4661s | Size: 16779152 bit
[2025-03-20 12:16:41,108] [INFO] Node started: localhost:30003 | index=  4 | f=1, k=4
[2025-03-20 12:16:53,418] [INFO] Phase: PRE-PREPARE | Receiver: 30003 | Sender: 30017 | Distance:  105.19 m | Delay: 0.6992s | Size: 16781088 bit
[2025-03-20 12:16:53,422] [INFO] Phase: PREPARE-BROADCAST | Receiver: ALL | Sender: 30003 | Distance:  105.19 m | Delay: 0.6992s | Size: 16778160 bit
[2025-03-20 12:16:53,710] [INFO] Phase: PREPARE | Receiver: 30003 | Sender: 30001 | Distance:  144.40 m | Delay: 0.6991s | Size: 16779000 bit
[2025-03-20 12:16:53,714] [INFO] Phase: COMMIT-BROADCAST | Receiver: ALL | Sender: 30003 | Distance:  144.40 m | Delay: 0.6991s | Size: 16778152 bit
[2025-03-20 12:16:53,751] [INFO] Phase: PREPARE | Receiver: 30003 | Sender: 30018 | Distance:  145.12 m | Delay: 0.6991s | Size: 16778984 bit
[2025-03-20 12:16:53,761] [INFO] Phase: PREPARE | Receiver: 30003 | Sender: 30026 | Distance:   71.21 m | Delay: 0.4661s | Size: 16778992 bit
[2025-03-20 12:16:53,945] [INFO] Phase: PREPARE | Receiver: 30003 | Sender: 30031 | Distance:  125.08 m | Delay: 0.6991s | Size: 16779000 bit
[2025-03-20 12:16:54,164] [INFO] Phase: PREPARE | Receiver: 30003 | Sender: 30037 | Distance:  167.97 m | Delay: 0.9322s | Size: 16779000 bit
[2025-03-20 12:16:54,230] [INFO] Phase: COMMIT | Receiver: 30003 | Sender: 30031 | Distance:  125.08 m | Delay: 0.6991s | Size: 16779000 bit
[2025-03-20 12:16:54,238] [INFO] Phase: COMMIT | Receiver: 30003 | Sender: 30026 | Distance:   71.21 m | Delay: 0.4661s | Size: 16778992 bit
[2025-03-20 12:16:54,238] [INFO] Phase: PRE-REPLY | Receiver: 30012 | Sender: 30003 | Distance:   71.21 m | Delay: 0.4661s | Size: 16778160 bit
[2025-03-20 12:16:54,256] [INFO] Phase: COMMIT | Receiver: 30003 | Sender: 30018 | Distance:  145.12 m | Delay: 0.6991s | Size: 16778984 bit
[2025-03-20 12:16:54,268] [INFO] Phase: COMMIT | Receiver: 30003 | Sender: 30001 | Distance:  144.40 m | Delay: 0.6991s | Size: 16779000 bit
[2025-03-20 12:16:54,389] [INFO] Phase: PREPARE | Receiver: 30003 | Sender: 30004 | Distance:  164.87 m | Delay: 0.9322s | Size: 16779000 bit
[2025-03-20 12:16:54,393] [INFO] Phase: PREPARE | Receiver: 30003 | Sender: 30028 | Distance:  125.08 m | Delay: 0.6991s | Size: 16779000 bit
[2025-03-20 12:16:54,438] [INFO] Phase: COMMIT | Receiver: 30003 | Sender: 30037 | Distance:  167.97 m | Delay: 0.9322s | Size: 16779000 bit
[2025-03-20 12:16:54,448] [INFO] Phase: COMMIT | Receiver: 30003 | Sender: 30017 | Distance:  105.19 m | Delay: 0.6991s | Size: 16779000 bit
[2025-03-20 12:16:54,663] [INFO] Phase: COMMIT | Receiver: 30003 | Sender: 30004 | Distance:  164.87 m | Delay: 0.9322s | Size: 16778992 bit
[2025-03-20 12:16:54,675] [INFO] Phase: COMMIT | Receiver: 30003 | Sender: 30028 | Distance:  125.08 m | Delay: 0.6991s | Size: 16778992 bit
[2025-03-20 12:16:59,057] [INFO] Phase: PRE-PREPARE | Receiver: 30003 | Sender: 30017 | Distance:  105.19 m | Delay: 0.6992s | Size: 16781088 bit
[2025-03-20 12:16:59,059] [INFO] Phase: PREPARE-BROADCAST | Receiver: ALL | Sender: 30003 | Distance:  105.19 m | Delay: 0.6992s | Size: 16778160 bit
[2025-03-20 12:16:59,328] [INFO] Phase: PREPARE | Receiver: 30003 | Sender: 30026 | Distance:   71.21 m | Delay: 0.4661s | Size: 16778984 bit
[2025-03-20 12:16:59,341] [INFO] Phase: COMMIT-BROADCAST | Receiver: ALL | Sender: 30003 | Distance:   71.21 m | Delay: 0.4661s | Size: 16778160 bit
[2025-03-20 12:16:59,472] [INFO] Phase: PREPARE | Receiver: 30003 | Sender: 30001 | Distance:  144.40 m | Delay: 0.6991s | Size: 16779000 bit
[2025-03-20 12:16:59,494] [INFO] Phase: PREPARE | Receiver: 30003 | Sender: 30018 | Distance:  145.12 m | Delay: 0.6991s | Size: 16778976 bit
[2025-03-20 12:16:59,650] [INFO] Phase: PREPARE | Receiver: 30003 | Sender: 30031 | Distance:  125.08 m | Delay: 0.6991s | Size: 16779000 bit
[2025-03-20 12:16:59,957] [INFO] Phase: PREPARE | Receiver: 30003 | Sender: 30037 | Distance:  167.97 m | Delay: 0.9322s | Size: 16779000 bit
[2025-03-20 12:16:59,981] [INFO] Phase: COMMIT | Receiver: 30003 | Sender: 30001 | Distance:  144.40 m | Delay: 0.6991s | Size: 16779000 bit
[2025-03-20 12:17:00,042] [INFO] Phase: COMMIT | Receiver: 30003 | Sender: 30018 | Distance:  145.12 m | Delay: 0.6991s | Size: 16778976 bit
[2025-03-20 12:17:00,048] [INFO] Phase: PRE-REPLY | Receiver: 30012 | Sender: 30003 | Distance:  145.12 m | Delay: 0.6991s | Size: 16778152 bit
[2025-03-20 12:17:00,071] [INFO] Phase: COMMIT | Receiver: 30003 | Sender: 30031 | Distance:  125.08 m | Delay: 0.6991s | Size: 16779000 bit
[2025-03-20 12:17:00,085] [INFO] Phase: COMMIT | Receiver: 30003 | Sender: 30026 | Distance:   71.21 m | Delay: 0.4661s | Size: 16778992 bit
[2025-03-20 12:17:00,127] [INFO] Phase: PREPARE | Receiver: 30003 | Sender: 30028 | Distance:  125.08 m | Delay: 0.6991s | Size: 16779000 bit
[2025-03-20 12:17:00,138] [INFO] Phase: COMMIT | Receiver: 30003 | Sender: 30037 | Distance:  167.97 m | Delay: 0.9322s | Size: 16778992 bit
[2025-03-20 12:17:00,150] [INFO] Phase: PREPARE | Receiver: 30003 | Sender: 30004 | Distance:  164.87 m | Delay: 0.9322s | Size: 16779000 bit
[2025-03-20 12:17:00,186] [INFO] Phase: COMMIT | Receiver: 30003 | Sender: 30017 | Distance:  105.19 m | Delay: 0.6991s | Size: 16779000 bit
[2025-03-20 12:17:00,362] [INFO] Phase: COMMIT | Receiver: 30003 | Sender: 30028 | Distance:  125.08 m | Delay: 0.6991s | Size: 16778992 bit
[2025-03-20 12:17:00,386] [INFO] Phase: COMMIT | Receiver: 30003 | Sender: 30004 | Distance:  164.87 m | Delay: 0.9322s | Size: 16779000 bit
[2025-03-20 12:17:07,861] [INFO] Phase: PRE-PREPARE | Receiver: 30003 | Sender: 30017 | Distance:  105.19 m | Delay: 0.6992s | Size: 16781088 bit
[2025-03-20 12:17:07,867] [INFO] Phase: PREPARE-BROADCAST | Receiver: ALL | Sender: 30003 | Distance:  105.19 m | Delay: 0.6992s | Size: 16778152 bit
[2025-03-20 12:17:08,183] [INFO] Phase: PREPARE | Receiver: 30003 | Sender: 30026 | Distance:   71.21 m | Delay: 0.4661s | Size: 16778984 bit
[2025-03-20 12:17:08,196] [INFO] Phase: COMMIT-BROADCAST | Receiver: ALL | Sender: 30003 | Distance:   71.21 m | Delay: 0.4661s | Size: 16778152 bit
[2025-03-20 12:17:08,331] [INFO] Phase: PREPARE | Receiver: 30003 | Sender: 30018 | Distance:  145.12 m | Delay: 0.6991s | Size: 16778976 bit
[2025-03-20 12:17:08,430] [INFO] Phase: PREPARE | Receiver: 30003 | Sender: 30001 | Distance:  144.40 m | Delay: 0.6991s | Size: 16778992 bit
[2025-03-20 12:17:08,489] [INFO] Phase: PREPARE | Receiver: 30003 | Sender: 30031 | Distance:  125.08 m | Delay: 0.6991s | Size: 16779000 bit
[2025-03-20 12:17:08,841] [INFO] Phase: COMMIT | Receiver: 30003 | Sender: 30001 | Distance:  144.40 m | Delay: 0.6991s | Size: 16779000 bit
[2025-03-20 12:17:08,854] [INFO] Phase: PREPARE | Receiver: 30003 | Sender: 30037 | Distance:  167.97 m | Delay: 0.9322s | Size: 16779000 bit
[2025-03-20 12:17:08,870] [INFO] Phase: COMMIT | Receiver: 30003 | Sender: 30026 | Distance:   71.21 m | Delay: 0.4661s | Size: 16778984 bit
[2025-03-20 12:17:08,870] [INFO] Phase: PRE-REPLY | Receiver: 30012 | Sender: 30003 | Distance:   71.21 m | Delay: 0.4661s | Size: 16778160 bit
[2025-03-20 12:17:08,901] [INFO] Phase: COMMIT | Receiver: 30003 | Sender: 30018 | Distance:  145.12 m | Delay: 0.6991s | Size: 16778984 bit
[2025-03-20 12:17:08,917] [INFO] Phase: COMMIT | Receiver: 30003 | Sender: 30031 | Distance:  125.08 m | Delay: 0.6991s | Size: 16779000 bit
[2025-03-20 12:17:08,968] [INFO] Phase: PREPARE | Receiver: 30003 | Sender: 30028 | Distance:  125.08 m | Delay: 0.6991s | Size: 16779000 bit
[2025-03-20 12:17:08,995] [INFO] Phase: COMMIT | Receiver: 30003 | Sender: 30037 | Distance:  167.97 m | Delay: 0.9322s | Size: 16779000 bit
[2025-03-20 12:17:08,995] [INFO] Phase: PREPARE | Receiver: 30003 | Sender: 30004 | Distance:  164.87 m | Delay: 0.9322s | Size: 16779000 bit
[2025-03-20 12:17:09,026] [INFO] Phase: COMMIT | Receiver: 30003 | Sender: 30017 | Distance:  105.19 m | Delay: 0.6991s | Size: 16779000 bit
[2025-03-20 12:17:09,192] [INFO] Phase: COMMIT | Receiver: 30003 | Sender: 30004 | Distance:  164.87 m | Delay: 0.9322s | Size: 16779000 bit
[2025-03-20 12:17:09,204] [INFO] Phase: COMMIT | Receiver: 30003 | Sender: 30028 | Distance:  125.08 m | Delay: 0.6991s | Size: 16778992 bit
[2025-03-20 12:17:16,722] [INFO] Phase: PRE-PREPARE | Receiver: 30003 | Sender: 30017 | Distance:  105.19 m | Delay: 0.6992s | Size: 16781088 bit
[2025-03-20 12:17:16,732] [INFO] Phase: PREPARE-BROADCAST | Receiver: ALL | Sender: 30003 | Distance:  105.19 m | Delay: 0.6992s | Size: 16778160 bit
[2025-03-20 12:17:17,011] [INFO] Phase: PREPARE | Receiver: 30003 | Sender: 30001 | Distance:  144.40 m | Delay: 0.6991s | Size: 16779000 bit
[2025-03-20 12:17:17,024] [INFO] Phase: COMMIT-BROADCAST | Receiver: ALL | Sender: 30003 | Distance:  144.40 m | Delay: 0.6991s | Size: 16778160 bit
[2025-03-20 12:17:17,202] [INFO] Phase: PREPARE | Receiver: 30003 | Sender: 30026 | Distance:   71.21 m | Delay: 0.4661s | Size: 16778992 bit
[2025-03-20 12:17:17,227] [INFO] Phase: PREPARE | Receiver: 30003 | Sender: 30018 | Distance:  145.12 m | Delay: 0.6991s | Size: 16778984 bit
[2025-03-20 12:17:17,356] [INFO] Phase: PREPARE | Receiver: 30003 | Sender: 30031 | Distance:  125.08 m | Delay: 0.6991s | Size: 16779000 bit
[2025-03-20 12:17:17,618] [INFO] Phase: PREPARE | Receiver: 30003 | Sender: 30037 | Distance:  167.97 m | Delay: 0.9322s | Size: 16779000 bit
[2025-03-20 12:17:17,667] [INFO] Phase: COMMIT | Receiver: 30003 | Sender: 30031 | Distance:  125.08 m | Delay: 0.6991s | Size: 16779000 bit
[2025-03-20 12:17:17,683] [INFO] Phase: COMMIT | Receiver: 30003 | Sender: 30018 | Distance:  145.12 m | Delay: 0.6991s | Size: 16778984 bit
[2025-03-20 12:17:17,683] [INFO] Phase: PRE-REPLY | Receiver: 30012 | Sender: 30003 | Distance:  145.12 m | Delay: 0.6991s | Size: 16778160 bit
[2025-03-20 12:17:17,723] [INFO] Phase: COMMIT | Receiver: 30003 | Sender: 30001 | Distance:  144.40 m | Delay: 0.6991s | Size: 16779000 bit
[2025-03-20 12:17:17,751] [INFO] Phase: COMMIT | Receiver: 30003 | Sender: 30026 | Distance:   71.21 m | Delay: 0.4661s | Size: 16778992 bit
[2025-03-20 12:17:17,773] [INFO] Phase: PREPARE | Receiver: 30003 | Sender: 30028 | Distance:  125.08 m | Delay: 0.6991s | Size: 16779000 bit
[2025-03-20 12:17:17,787] [INFO] Phase: PREPARE | Receiver: 30003 | Sender: 30004 | Distance:  164.87 m | Delay: 0.9322s | Size: 16779000 bit
[2025-03-20 12:17:17,833] [INFO] Phase: COMMIT | Receiver: 30003 | Sender: 30037 | Distance:  167.97 m | Delay: 0.9322s | Size: 16779000 bit
[2025-03-20 12:17:17,858] [INFO] Phase: COMMIT | Receiver: 30003 | Sender: 30017 | Distance:  105.19 m | Delay: 0.6991s | Size: 16779000 bit
[2025-03-20 12:17:18,073] [INFO] Phase: COMMIT | Receiver: 30003 | Sender: 30004 | Distance:  164.87 m | Delay: 0.9322s | Size: 16778984 bit
[2025-03-20 12:17:18,083] [INFO] Phase: COMMIT | Receiver: 30003 | Sender: 30028 | Distance:  125.08 m | Delay: 0.6991s | Size: 16778992 bit
[2025-03-20 12:17:30,387] [INFO] Phase: PRE-PREPARE | Receiver: 30003 | Sender: 30017 | Distance:  105.19 m | Delay: 0.6992s | Size: 16781088 bit
[2025-03-20 12:17:30,389] [INFO] Phase: PREPARE-BROADCAST | Receiver: ALL | Sender: 30003 | Distance:  105.19 m | Delay: 0.6992s | Size: 16778160 bit
[2025-03-20 12:17:30,640] [INFO] Phase: PREPARE | Receiver: 30003 | Sender: 30001 | Distance:  144.40 m | Delay: 0.6991s | Size: 16778992 bit
[2025-03-20 12:17:30,644] [INFO] Phase: COMMIT-BROADCAST | Receiver: ALL | Sender: 30003 | Distance:  144.40 m | Delay: 0.6991s | Size: 16778160 bit
[2025-03-20 12:17:30,687] [INFO] Phase: PREPARE | Receiver: 30003 | Sender: 30026 | Distance:   71.21 m | Delay: 0.4661s | Size: 16778984 bit
[2025-03-20 12:17:30,699] [INFO] Phase: PREPARE | Receiver: 30003 | Sender: 30018 | Distance:  145.12 m | Delay: 0.6991s | Size: 16778976 bit
[2025-03-20 12:17:30,899] [INFO] Phase: PREPARE | Receiver: 30003 | Sender: 30031 | Distance:  125.08 m | Delay: 0.6991s | Size: 16779000 bit
[2025-03-20 12:17:31,177] [INFO] Phase: PREPARE | Receiver: 30003 | Sender: 30037 | Distance:  167.97 m | Delay: 0.9322s | Size: 16779000 bit
[2025-03-20 12:17:31,185] [INFO] Phase: COMMIT | Receiver: 30003 | Sender: 30001 | Distance:  144.40 m | Delay: 0.6991s | Size: 16779000 bit
[2025-03-20 12:17:31,195] [INFO] Phase: COMMIT | Receiver: 30003 | Sender: 30026 | Distance:   71.21 m | Delay: 0.4661s | Size: 16778984 bit
[2025-03-20 12:17:31,198] [INFO] Phase: PRE-REPLY | Receiver: 30012 | Sender: 30003 | Distance:   71.21 m | Delay: 0.4661s | Size: 16778160 bit
[2025-03-20 12:17:31,213] [INFO] Phase: COMMIT | Receiver: 30003 | Sender: 30018 | Distance:  145.12 m | Delay: 0.6991s | Size: 16778960 bit
[2025-03-20 12:17:31,221] [INFO] Phase: COMMIT | Receiver: 30003 | Sender: 30031 | Distance:  125.08 m | Delay: 0.6991s | Size: 16779000 bit
[2025-03-20 12:17:31,390] [INFO] Phase: COMMIT | Receiver: 30003 | Sender: 30037 | Distance:  167.97 m | Delay: 0.9322s | Size: 16779000 bit
[2025-03-20 12:17:31,399] [INFO] Phase: COMMIT | Receiver: 30003 | Sender: 30017 | Distance:  105.19 m | Delay: 0.6991s | Size: 16779000 bit
[2025-03-20 12:17:31,415] [INFO] Phase: PREPARE | Receiver: 30003 | Sender: 30004 | Distance:  164.87 m | Delay: 0.9322s | Size: 16779000 bit
[2025-03-20 12:17:31,421] [INFO] Phase: PREPARE | Receiver: 30003 | Sender: 30028 | Distance:  125.08 m | Delay: 0.6991s | Size: 16778992 bit
[2025-03-20 12:17:31,614] [INFO] Phase: COMMIT | Receiver: 30003 | Sender: 30028 | Distance:  125.08 m | Delay: 0.6991s | Size: 16779000 bit
[2025-03-20 12:17:31,637] [INFO] Phase: COMMIT | Receiver: 30003 | Sender: 30004 | Distance:  164.87 m | Delay: 0.9322s | Size: 16779000 bit
[2025-03-20 12:17:36,004] [INFO] Phase: PRE-PREPARE | Receiver: 30003 | Sender: 30017 | Distance:  105.19 m | Delay: 0.6992s | Size: 16781088 bit
[2025-03-20 12:17:36,008] [INFO] Phase: PREPARE-BROADCAST | Receiver: ALL | Sender: 30003 | Distance:  105.19 m | Delay: 0.6992s | Size: 16778160 bit
[2025-03-20 12:17:36,274] [INFO] Phase: PREPARE | Receiver: 30003 | Sender: 30001 | Distance:  144.40 m | Delay: 0.6991s | Size: 16779000 bit
[2025-03-20 12:17:36,282] [INFO] Phase: COMMIT-BROADCAST | Receiver: ALL | Sender: 30003 | Distance:  144.40 m | Delay: 0.6991s | Size: 16778160 bit
[2025-03-20 12:17:36,450] [INFO] Phase: PREPARE | Receiver: 30003 | Sender: 30026 | Distance:   71.21 m | Delay: 0.4661s | Size: 16778992 bit
[2025-03-20 12:17:36,468] [INFO] Phase: PREPARE | Receiver: 30003 | Sender: 30018 | Distance:  145.12 m | Delay: 0.6991s | Size: 16778984 bit
[2025-03-20 12:17:36,579] [INFO] Phase: PREPARE | Receiver: 30003 | Sender: 30031 | Distance:  125.08 m | Delay: 0.6991s | Size: 16779000 bit
[2025-03-20 12:17:36,902] [INFO] Phase: PREPARE | Receiver: 30003 | Sender: 30037 | Distance:  167.97 m | Delay: 0.9322s | Size: 16778992 bit
[2025-03-20 12:17:36,935] [INFO] Phase: COMMIT | Receiver: 30003 | Sender: 30001 | Distance:  144.40 m | Delay: 0.6991s | Size: 16779000 bit
[2025-03-20 12:17:36,961] [INFO] Phase: COMMIT | Receiver: 30003 | Sender: 30031 | Distance:  125.08 m | Delay: 0.6991s | Size: 16779000 bit
[2025-03-20 12:17:36,967] [INFO] Phase: PRE-REPLY | Receiver: 30012 | Sender: 30003 | Distance:  125.08 m | Delay: 0.6991s | Size: 16778160 bit
[2025-03-20 12:17:36,998] [INFO] Phase: COMMIT | Receiver: 30003 | Sender: 30026 | Distance:   71.21 m | Delay: 0.4661s | Size: 16778992 bit
[2025-03-20 12:17:37,016] [INFO] Phase: COMMIT | Receiver: 30003 | Sender: 30018 | Distance:  145.12 m | Delay: 0.6991s | Size: 16778984 bit
[2025-03-20 12:17:37,036] [INFO] Phase: PREPARE | Receiver: 30003 | Sender: 30028 | Distance:  125.08 m | Delay: 0.6991s | Size: 16779000 bit
[2025-03-20 12:17:37,072] [INFO] Phase: PREPARE | Receiver: 30003 | Sender: 30004 | Distance:  164.87 m | Delay: 0.9322s | Size: 16779000 bit
[2025-03-20 12:17:37,120] [INFO] Phase: COMMIT | Receiver: 30003 | Sender: 30037 | Distance:  167.97 m | Delay: 0.9322s | Size: 16779000 bit
[2025-03-20 12:17:37,131] [INFO] Phase: COMMIT | Receiver: 30003 | Sender: 30017 | Distance:  105.19 m | Delay: 0.6991s | Size: 16779000 bit
[2025-03-20 12:17:37,333] [INFO] Phase: COMMIT | Receiver: 30003 | Sender: 30004 | Distance:  164.87 m | Delay: 0.9322s | Size: 16778992 bit
[2025-03-20 12:17:37,352] [INFO] Phase: COMMIT | Receiver: 30003 | Sender: 30028 | Distance:  125.08 m | Delay: 0.6991s | Size: 16779000 bit
[2025-03-20 12:17:44,835] [INFO] Phase: PRE-PREPARE | Receiver: 30003 | Sender: 30017 | Distance:  105.19 m | Delay: 0.6992s | Size: 16781088 bit
[2025-03-20 12:17:44,839] [INFO] Phase: PREPARE-BROADCAST | Receiver: ALL | Sender: 30003 | Distance:  105.19 m | Delay: 0.6992s | Size: 16778160 bit
[2025-03-20 12:17:45,157] [INFO] Phase: PREPARE | Receiver: 30003 | Sender: 30026 | Distance:   71.21 m | Delay: 0.4661s | Size: 16778992 bit
[2025-03-20 12:17:45,170] [INFO] Phase: COMMIT-BROADCAST | Receiver: ALL | Sender: 30003 | Distance:   71.21 m | Delay: 0.4661s | Size: 16778152 bit
[2025-03-20 12:17:45,342] [INFO] Phase: PREPARE | Receiver: 30003 | Sender: 30001 | Distance:  144.40 m | Delay: 0.6991s | Size: 16779000 bit
[2025-03-20 12:17:45,480] [INFO] Phase: PREPARE | Receiver: 30003 | Sender: 30018 | Distance:  145.12 m | Delay: 0.6991s | Size: 16778984 bit
[2025-03-20 12:17:45,510] [INFO] Phase: PREPARE | Receiver: 30003 | Sender: 30031 | Distance:  125.08 m | Delay: 0.6991s | Size: 16779000 bit
[2025-03-20 12:17:45,704] [INFO] Phase: PREPARE | Receiver: 30003 | Sender: 30037 | Distance:  167.97 m | Delay: 0.9322s | Size: 16779000 bit
[2025-03-20 12:17:45,854] [INFO] Phase: COMMIT | Receiver: 30003 | Sender: 30001 | Distance:  144.40 m | Delay: 0.6991s | Size: 16779000 bit
[2025-03-20 12:17:45,880] [INFO] Phase: COMMIT | Receiver: 30003 | Sender: 30031 | Distance:  125.08 m | Delay: 0.6991s | Size: 16779000 bit
[2025-03-20 12:17:45,886] [INFO] Phase: PRE-REPLY | Receiver: 30012 | Sender: 30003 | Distance:  125.08 m | Delay: 0.6991s | Size: 16778160 bit
[2025-03-20 12:17:45,921] [INFO] Phase: COMMIT | Receiver: 30003 | Sender: 30018 | Distance:  145.12 m | Delay: 0.6991s | Size: 16778984 bit
[2025-03-20 12:17:45,937] [INFO] Phase: COMMIT | Receiver: 30003 | Sender: 30026 | Distance:   71.21 m | Delay: 0.4661s | Size: 16778992 bit
[2025-03-20 12:17:45,953] [INFO] Phase: PREPARE | Receiver: 30003 | Sender: 30028 | Distance:  125.08 m | Delay: 0.6991s | Size: 16779000 bit
[2025-03-20 12:17:45,969] [INFO] Phase: PREPARE | Receiver: 30003 | Sender: 30004 | Distance:  164.87 m | Delay: 0.9322s | Size: 16779000 bit
[2025-03-20 12:17:45,992] [INFO] Phase: COMMIT | Receiver: 30003 | Sender: 30017 | Distance:  105.19 m | Delay: 0.6991s | Size: 16779000 bit
[2025-03-20 12:17:46,018] [INFO] Phase: COMMIT | Receiver: 30003 | Sender: 30037 | Distance:  167.97 m | Delay: 0.9322s | Size: 16779000 bit
[2025-03-20 12:17:46,196] [INFO] Phase: COMMIT | Receiver: 30003 | Sender: 30004 | Distance:  164.87 m | Delay: 0.9322s | Size: 16779000 bit
[2025-03-20 12:17:46,204] [INFO] Phase: COMMIT | Receiver: 30003 | Sender: 30028 | Distance:  125.08 m | Delay: 0.6991s | Size: 16778992 bit
[2025-03-20 12:17:53,739] [INFO] Phase: PRE-PREPARE | Receiver: 30003 | Sender: 30017 | Distance:  105.19 m | Delay: 0.6992s | Size: 16781088 bit
[2025-03-20 12:17:53,746] [INFO] Phase: PREPARE-BROADCAST | Receiver: ALL | Sender: 30003 | Distance:  105.19 m | Delay: 0.6992s | Size: 16778160 bit
[2025-03-20 12:17:54,031] [INFO] Phase: PREPARE | Receiver: 30003 | Sender: 30026 | Distance:   71.21 m | Delay: 0.4661s | Size: 16778984 bit
[2025-03-20 12:17:54,047] [INFO] Phase: COMMIT-BROADCAST | Receiver: ALL | Sender: 30003 | Distance:   71.21 m | Delay: 0.4661s | Size: 16778152 bit
[2025-03-20 12:17:54,360] [INFO] Phase: PREPARE | Receiver: 30003 | Sender: 30001 | Distance:  144.40 m | Delay: 0.6991s | Size: 16778992 bit
[2025-03-20 12:17:54,393] [INFO] Phase: PREPARE | Receiver: 30003 | Sender: 30018 | Distance:  145.12 m | Delay: 0.6991s | Size: 16778976 bit
[2025-03-20 12:17:54,441] [INFO] Phase: PREPARE | Receiver: 30003 | Sender: 30031 | Distance:  125.08 m | Delay: 0.6991s | Size: 16779000 bit
[2025-03-20 12:17:54,639] [INFO] Phase: PREPARE | Receiver: 30003 | Sender: 30037 | Distance:  167.97 m | Delay: 0.9322s | Size: 16779000 bit
[2025-03-20 12:17:54,720] [INFO] Phase: COMMIT | Receiver: 30003 | Sender: 30026 | Distance:   71.21 m | Delay: 0.4661s | Size: 16778992 bit
[2025-03-20 12:17:54,763] [INFO] Phase: COMMIT | Receiver: 30003 | Sender: 30018 | Distance:  145.12 m | Delay: 0.6991s | Size: 16778976 bit
[2025-03-20 12:17:54,773] [INFO] Phase: PRE-REPLY | Receiver: 30012 | Sender: 30003 | Distance:  145.12 m | Delay: 0.6991s | Size: 16778160 bit
[2025-03-20 12:17:54,820] [INFO] Phase: COMMIT | Receiver: 30003 | Sender: 30001 | Distance:  144.40 m | Delay: 0.6991s | Size: 16779000 bit
[2025-03-20 12:17:54,830] [INFO] Phase: COMMIT | Receiver: 30003 | Sender: 30031 | Distance:  125.08 m | Delay: 0.6991s | Size: 16778992 bit
[2025-03-20 12:17:54,846] [INFO] Phase: PREPARE | Receiver: 30003 | Sender: 30028 | Distance:  125.08 m | Delay: 0.6991s | Size: 16779000 bit
[2025-03-20 12:17:54,862] [INFO] Phase: PREPARE | Receiver: 30003 | Sender: 30004 | Distance:  164.87 m | Delay: 0.9322s | Size: 16779000 bit
[2025-03-20 12:17:54,880] [INFO] Phase: COMMIT | Receiver: 30003 | Sender: 30037 | Distance:  167.97 m | Delay: 0.9322s | Size: 16779000 bit
[2025-03-20 12:17:54,920] [INFO] Phase: COMMIT | Receiver: 30003 | Sender: 30017 | Distance:  105.19 m | Delay: 0.6991s | Size: 16779000 bit
[2025-03-20 12:17:55,120] [INFO] Phase: COMMIT | Receiver: 30003 | Sender: 30004 | Distance:  164.87 m | Delay: 0.9322s | Size: 16778992 bit
[2025-03-20 12:17:55,138] [INFO] Phase: COMMIT | Receiver: 30003 | Sender: 30028 | Distance:  125.08 m | Delay: 0.6991s | Size: 16779000 bit
[2025-03-20 12:18:52,930] [INFO] Node started: localhost:30003 | index=  4 | f=1, k=4
[2025-03-20 12:19:04,474] [INFO] Phase: PRE-PREPARE | Receiver: 30003 | Sender: 30037 | Distance:  159.78 m | Delay: 0.9323s | Size: 16781056 bit
[2025-03-20 12:19:04,474] [INFO] Phase: PREPARE-BROADCAST | Receiver: ALL | Sender: 30003 | Distance:  159.78 m | Delay: 0.9323s | Size: 16778160 bit
[2025-03-20 12:19:05,002] [INFO] Phase: PREPARE | Receiver: 30003 | Sender: 30021 | Distance:   94.05 m | Delay: 0.4661s | Size: 16778992 bit
[2025-03-20 12:19:05,006] [INFO] Phase: COMMIT-BROADCAST | Receiver: ALL | Sender: 30003 | Distance:   94.05 m | Delay: 0.4661s | Size: 16778160 bit
[2025-03-20 12:19:05,091] [INFO] Phase: PREPARE | Receiver: 30003 | Sender: 30002 | Distance:  142.76 m | Delay: 0.6991s | Size: 16778992 bit
[2025-03-20 12:19:05,202] [INFO] Phase: PREPARE | Receiver: 30003 | Sender: 30005 | Distance:  180.49 m | Delay: 0.9322s | Size: 16779000 bit
[2025-03-20 12:19:05,334] [INFO] Phase: COMMIT | Receiver: 30003 | Sender: 30021 | Distance:   94.05 m | Delay: 0.4661s | Size: 16778992 bit
[2025-03-20 12:19:05,457] [INFO] Phase: PREPARE | Receiver: 30003 | Sender: 30029 | Distance:  154.71 m | Delay: 0.9322s | Size: 16779000 bit
[2025-03-20 12:19:05,488] [INFO] Phase: PREPARE | Receiver: 30003 | Sender: 30013 | Distance:  156.68 m | Delay: 0.9322s | Size: 16779000 bit
[2025-03-20 12:19:05,510] [INFO] Phase: COMMIT | Receiver: 30003 | Sender: 30005 | Distance:  180.49 m | Delay: 0.9322s | Size: 16779000 bit
[2025-03-20 12:19:05,510] [INFO] Phase: PRE-REPLY | Receiver: 30024 | Sender: 30003 | Distance:  180.49 m | Delay: 0.9322s | Size: 16778160 bit
[2025-03-20 12:19:05,520] [INFO] Phase: COMMIT | Receiver: 30003 | Sender: 30037 | Distance:  159.78 m | Delay: 0.9322s | Size: 16778992 bit
[2025-03-20 12:19:05,538] [INFO] Phase: COMMIT | Receiver: 30003 | Sender: 30013 | Distance:  156.68 m | Delay: 0.9322s | Size: 16779000 bit
[2025-03-20 12:19:05,685] [INFO] Phase: PREPARE | Receiver: 30003 | Sender: 30039 | Distance:   98.51 m | Delay: 0.4661s | Size: 16778992 bit
[2025-03-20 12:19:05,743] [INFO] Phase: COMMIT | Receiver: 30003 | Sender: 30002 | Distance:  142.76 m | Delay: 0.6991s | Size: 16779000 bit
[2025-03-20 12:19:05,820] [INFO] Phase: COMMIT | Receiver: 30003 | Sender: 30029 | Distance:  154.71 m | Delay: 0.9322s | Size: 16779000 bit
[2025-03-20 12:19:05,931] [INFO] Phase: PREPARE | Receiver: 30003 | Sender: 30034 | Distance:  142.76 m | Delay: 0.6991s | Size: 16779000 bit
[2025-03-20 12:19:05,966] [INFO] Phase: COMMIT | Receiver: 30003 | Sender: 30039 | Distance:   98.51 m | Delay: 0.4661s | Size: 16778992 bit
[2025-03-20 12:19:05,974] [INFO] Phase: COMMIT | Receiver: 30003 | Sender: 30034 | Distance:  142.76 m | Delay: 0.6991s | Size: 16779000 bit
[2025-03-20 12:19:08,665] [INFO] Phase: PRE-PREPARE | Receiver: 30003 | Sender: 30037 | Distance:  159.78 m | Delay: 0.9323s | Size: 16781056 bit
[2025-03-20 12:19:08,665] [INFO] Phase: PREPARE-BROADCAST | Receiver: ALL | Sender: 30003 | Distance:  159.78 m | Delay: 0.9323s | Size: 16778152 bit
[2025-03-20 12:19:09,137] [INFO] Phase: PREPARE | Receiver: 30003 | Sender: 30021 | Distance:   94.05 m | Delay: 0.4661s | Size: 16778984 bit
[2025-03-20 12:19:09,153] [INFO] Phase: COMMIT-BROADCAST | Receiver: ALL | Sender: 30003 | Distance:   94.05 m | Delay: 0.4661s | Size: 16778152 bit
[2025-03-20 12:19:09,248] [INFO] Phase: PREPARE | Receiver: 30003 | Sender: 30002 | Distance:  142.76 m | Delay: 0.6991s | Size: 16779000 bit
[2025-03-20 12:19:09,390] [INFO] Phase: PREPARE | Receiver: 30003 | Sender: 30005 | Distance:  180.49 m | Delay: 0.9322s | Size: 16778992 bit
[2025-03-20 12:19:09,531] [INFO] Phase: COMMIT | Receiver: 30003 | Sender: 30021 | Distance:   94.05 m | Delay: 0.4661s | Size: 16778992 bit
[2025-03-20 12:19:09,642] [INFO] Phase: PREPARE | Receiver: 30003 | Sender: 30029 | Distance:  154.71 m | Delay: 0.9322s | Size: 16778992 bit
[2025-03-20 12:19:09,658] [INFO] Phase: PREPARE | Receiver: 30003 | Sender: 30013 | Distance:  156.68 m | Delay: 0.9322s | Size: 16778992 bit
[2025-03-20 12:19:09,673] [INFO] Phase: COMMIT | Receiver: 30003 | Sender: 30037 | Distance:  159.78 m | Delay: 0.9322s | Size: 16778992 bit
[2025-03-20 12:19:09,673] [INFO] Phase: PRE-REPLY | Receiver: 30024 | Sender: 30003 | Distance:  159.78 m | Delay: 0.9322s | Size: 16778160 bit
[2025-03-20 12:19:09,689] [INFO] Phase: COMMIT | Receiver: 30003 | Sender: 30005 | Distance:  180.49 m | Delay: 0.9322s | Size: 16779000 bit
[2025-03-20 12:19:09,689] [INFO] Phase: COMMIT | Receiver: 30003 | Sender: 30013 | Distance:  156.68 m | Delay: 0.9322s | Size: 16779000 bit
[2025-03-20 12:19:09,862] [INFO] Phase: PREPARE | Receiver: 30003 | Sender: 30039 | Distance:   98.51 m | Delay: 0.4661s | Size: 16778984 bit
[2025-03-20 12:19:09,878] [INFO] Phase: COMMIT | Receiver: 30003 | Sender: 30002 | Distance:  142.76 m | Delay: 0.6991s | Size: 16778992 bit
[2025-03-20 12:19:10,036] [INFO] Phase: COMMIT | Receiver: 30003 | Sender: 30029 | Distance:  154.71 m | Delay: 0.9322s | Size: 16779000 bit
[2025-03-20 12:19:10,166] [INFO] Phase: COMMIT | Receiver: 30003 | Sender: 30039 | Distance:   98.51 m | Delay: 0.4661s | Size: 16778984 bit
[2025-03-20 12:19:10,178] [INFO] Phase: PREPARE | Receiver: 30003 | Sender: 30034 | Distance:  142.76 m | Delay: 0.6991s | Size: 16778992 bit
[2025-03-20 12:19:10,225] [INFO] Phase: COMMIT | Receiver: 30003 | Sender: 30034 | Distance:  142.76 m | Delay: 0.6991s | Size: 16779000 bit
[2025-03-20 12:19:17,166] [INFO] Phase: PRE-PREPARE | Receiver: 30003 | Sender: 30037 | Distance:  159.78 m | Delay: 0.9323s | Size: 16781064 bit
[2025-03-20 12:19:17,166] [INFO] Phase: PREPARE-BROADCAST | Receiver: ALL | Sender: 30003 | Distance:  159.78 m | Delay: 0.9323s | Size: 16778160 bit
[2025-03-20 12:19:17,681] [INFO] Phase: PREPARE | Receiver: 30003 | Sender: 30021 | Distance:   94.05 m | Delay: 0.4661s | Size: 16778992 bit
[2025-03-20 12:19:17,686] [INFO] Phase: COMMIT-BROADCAST | Receiver: ALL | Sender: 30003 | Distance:   94.05 m | Delay: 0.4661s | Size: 16778160 bit
[2025-03-20 12:19:17,803] [INFO] Phase: PREPARE | Receiver: 30003 | Sender: 30002 | Distance:  142.76 m | Delay: 0.6991s | Size: 16779000 bit
[2025-03-20 12:19:17,909] [INFO] Phase: PREPARE | Receiver: 30003 | Sender: 30005 | Distance:  180.49 m | Delay: 0.9322s | Size: 16779000 bit
[2025-03-20 12:19:18,034] [INFO] Phase: COMMIT | Receiver: 30003 | Sender: 30021 | Distance:   94.05 m | Delay: 0.4661s | Size: 16778976 bit
[2025-03-20 12:19:18,217] [INFO] Phase: PREPARE | Receiver: 30003 | Sender: 30013 | Distance:  156.68 m | Delay: 0.9322s | Size: 16779000 bit
[2025-03-20 12:19:18,230] [INFO] Phase: PREPARE | Receiver: 30003 | Sender: 30029 | Distance:  154.71 m | Delay: 0.9322s | Size: 16779000 bit
[2025-03-20 12:19:18,251] [INFO] Phase: COMMIT | Receiver: 30003 | Sender: 30005 | Distance:  180.49 m | Delay: 0.9322s | Size: 16779000 bit
[2025-03-20 12:19:18,251] [INFO] Phase: PRE-REPLY | Receiver: 30024 | Sender: 30003 | Distance:  180.49 m | Delay: 0.9322s | Size: 16778160 bit
[2025-03-20 12:19:18,283] [INFO] Phase: COMMIT | Receiver: 30003 | Sender: 30037 | Distance:  159.78 m | Delay: 0.9322s | Size: 16778992 bit
[2025-03-20 12:19:18,301] [INFO] Phase: COMMIT | Receiver: 30003 | Sender: 30013 | Distance:  156.68 m | Delay: 0.9322s | Size: 16779000 bit
[2025-03-20 12:19:18,374] [INFO] Phase: PREPARE | Receiver: 30003 | Sender: 30039 | Distance:   98.51 m | Delay: 0.4661s | Size: 16778992 bit
[2025-03-20 12:19:18,481] [INFO] Phase: COMMIT | Receiver: 30003 | Sender: 30002 | Distance:  142.76 m | Delay: 0.6991s | Size: 16779000 bit
[2025-03-20 12:19:18,544] [INFO] Phase: COMMIT | Receiver: 30003 | Sender: 30029 | Distance:  154.71 m | Delay: 0.9322s | Size: 16778992 bit
[2025-03-20 12:19:18,626] [INFO] Phase: PREPARE | Receiver: 30003 | Sender: 30034 | Distance:  142.76 m | Delay: 0.6991s | Size: 16779000 bit
[2025-03-20 12:19:18,702] [INFO] Phase: COMMIT | Receiver: 30003 | Sender: 30039 | Distance:   98.51 m | Delay: 0.4661s | Size: 16778992 bit
[2025-03-20 12:19:18,729] [INFO] Phase: COMMIT | Receiver: 30003 | Sender: 30034 | Distance:  142.76 m | Delay: 0.6991s | Size: 16779000 bit
[2025-03-20 12:19:25,703] [INFO] Phase: PRE-PREPARE | Receiver: 30003 | Sender: 30037 | Distance:  159.78 m | Delay: 0.9323s | Size: 16781064 bit
[2025-03-20 12:19:25,706] [INFO] Phase: PREPARE-BROADCAST | Receiver: ALL | Sender: 30003 | Distance:  159.78 m | Delay: 0.9323s | Size: 16778160 bit
[2025-03-20 12:19:26,208] [INFO] Phase: PREPARE | Receiver: 30003 | Sender: 30021 | Distance:   94.05 m | Delay: 0.4661s | Size: 16778992 bit
[2025-03-20 12:19:26,213] [INFO] Phase: COMMIT-BROADCAST | Receiver: ALL | Sender: 30003 | Distance:   94.05 m | Delay: 0.4661s | Size: 16778160 bit
[2025-03-20 12:19:26,335] [INFO] Phase: PREPARE | Receiver: 30003 | Sender: 30002 | Distance:  142.76 m | Delay: 0.6991s | Size: 16779000 bit
[2025-03-20 12:19:26,457] [INFO] Phase: PREPARE | Receiver: 30003 | Sender: 30005 | Distance:  180.49 m | Delay: 0.9322s | Size: 16779000 bit
[2025-03-20 12:19:26,578] [INFO] Phase: COMMIT | Receiver: 30003 | Sender: 30021 | Distance:   94.05 m | Delay: 0.4661s | Size: 16778992 bit
[2025-03-20 12:19:26,651] [INFO] Phase: PREPARE | Receiver: 30003 | Sender: 30029 | Distance:  154.71 m | Delay: 0.9322s | Size: 16778984 bit
[2025-03-20 12:19:26,715] [INFO] Phase: PREPARE | Receiver: 30003 | Sender: 30013 | Distance:  156.68 m | Delay: 0.9322s | Size: 16779000 bit
[2025-03-20 12:19:26,753] [INFO] Phase: COMMIT | Receiver: 30003 | Sender: 30005 | Distance:  180.49 m | Delay: 0.9322s | Size: 16779000 bit
[2025-03-20 12:19:26,760] [INFO] Phase: PRE-REPLY | Receiver: 30024 | Sender: 30003 | Distance:  180.49 m | Delay: 0.9322s | Size: 16778160 bit
[2025-03-20 12:19:26,783] [INFO] Phase: COMMIT | Receiver: 30003 | Sender: 30037 | Distance:  159.78 m | Delay: 0.9322s | Size: 16778992 bit
[2025-03-20 12:19:26,801] [INFO] Phase: COMMIT | Receiver: 30003 | Sender: 30013 | Distance:  156.68 m | Delay: 0.9322s | Size: 16779000 bit
[2025-03-20 12:19:26,936] [INFO] Phase: PREPARE | Receiver: 30003 | Sender: 30039 | Distance:   98.51 m | Delay: 0.4661s | Size: 16778976 bit
[2025-03-20 12:19:27,001] [INFO] Phase: COMMIT | Receiver: 30003 | Sender: 30002 | Distance:  142.76 m | Delay: 0.6991s | Size: 16779000 bit
[2025-03-20 12:19:27,129] [INFO] Phase: COMMIT | Receiver: 30003 | Sender: 30029 | Distance:  154.71 m | Delay: 0.9322s | Size: 16779000 bit
[2025-03-20 12:19:27,192] [INFO] Phase: PREPARE | Receiver: 30003 | Sender: 30034 | Distance:  142.76 m | Delay: 0.6991s | Size: 16779000 bit
[2025-03-20 12:19:27,240] [INFO] Phase: COMMIT | Receiver: 30003 | Sender: 30039 | Distance:   98.51 m | Delay: 0.4661s | Size: 16778992 bit
[2025-03-20 12:19:27,285] [INFO] Phase: COMMIT | Receiver: 30003 | Sender: 30034 | Distance:  142.76 m | Delay: 0.6991s | Size: 16779000 bit
[2025-03-20 12:39:34,244] [INFO] Node started: localhost:30003 | index=  4 | f=1, k=4
[2025-03-20 12:40:09,951] [INFO] Phase: PRE-PREPARE | Receiver: 30003 | Sender: 30076 | Distance:  120.12 m | Delay: 0.6993s | Size: 16782200 bit
[2025-03-20 12:40:09,957] [INFO] Phase: PREPARE-BROADCAST | Receiver: ALL | Sender: 30003 | Distance:  120.12 m | Delay: 0.6993s | Size: 16778160 bit
[2025-03-20 12:40:10,481] [INFO] Phase: PREPARE | Receiver: 30003 | Sender: 30094 | Distance:   94.56 m | Delay: 0.4661s | Size: 16778992 bit
[2025-03-20 12:40:10,504] [INFO] Phase: COMMIT-BROADCAST | Receiver: ALL | Sender: 30003 | Distance:   94.56 m | Delay: 0.4661s | Size: 16778160 bit
[2025-03-20 12:40:16,371] [INFO] Phase: PREPARE | Receiver: 30003 | Sender: 30017 | Distance:   65.04 m | Delay: 0.4661s | Size: 16778992 bit
[2025-03-20 12:40:17,651] [INFO] Phase: PREPARE | Receiver: 30003 | Sender: 30050 | Distance:  114.85 m | Delay: 0.6991s | Size: 16778984 bit
[2025-03-20 12:40:17,833] [INFO] Phase: PREPARE | Receiver: 30003 | Sender: 30105 | Distance:  104.82 m | Delay: 0.6991s | Size: 16779000 bit
[2025-03-20 12:40:17,871] [INFO] Phase: PREPARE | Receiver: 30003 | Sender: 30103 | Distance:   31.62 m | Delay: 0.3107s | Size: 16779000 bit
[2025-03-20 12:40:17,938] [INFO] Phase: PREPARE | Receiver: 30003 | Sender: 30115 | Distance:  127.47 m | Delay: 0.6991s | Size: 16779000 bit
[2025-03-20 12:40:17,961] [INFO] Phase: PREPARE | Receiver: 30003 | Sender: 30022 | Distance:   94.02 m | Delay: 0.4661s | Size: 16778976 bit
[2025-03-20 12:40:17,995] [INFO] Phase: PREPARE | Receiver: 30003 | Sender: 30034 | Distance:   55.48 m | Delay: 0.4661s | Size: 16779000 bit
[2025-03-20 12:40:18,032] [INFO] Phase: PREPARE | Receiver: 30003 | Sender: 30048 | Distance:   58.12 m | Delay: 0.4661s | Size: 16778992 bit
[2025-03-20 12:40:18,085] [INFO] Phase: PREPARE | Receiver: 30003 | Sender: 30030 | Distance:   66.08 m | Delay: 0.4661s | Size: 16778984 bit
[2025-03-20 12:40:18,117] [INFO] Phase: COMMIT | Receiver: 30003 | Sender: 30094 | Distance:   94.56 m | Delay: 0.4661s | Size: 16778992 bit
[2025-03-20 12:40:18,147] [INFO] Phase: COMMIT | Receiver: 30003 | Sender: 30030 | Distance:   66.08 m | Delay: 0.4661s | Size: 16778992 bit
[2025-03-20 12:40:18,158] [INFO] Phase: PRE-REPLY | Receiver: 30029 | Sender: 30003 | Distance:   66.08 m | Delay: 0.4661s | Size: 16778160 bit
[2025-03-20 12:40:18,212] [INFO] Phase: COMMIT | Receiver: 30003 | Sender: 30076 | Distance:  120.12 m | Delay: 0.6991s | Size: 16778992 bit
[2025-03-20 12:40:18,255] [INFO] Phase: PREPARE | Receiver: 30003 | Sender: 30020 | Distance:   96.56 m | Delay: 0.4661s | Size: 16778984 bit
[2025-03-20 12:40:18,292] [INFO] Phase: PREPARE | Receiver: 30003 | Sender: 30051 | Distance:   56.87 m | Delay: 0.4661s | Size: 16779000 bit
[2025-03-20 12:40:18,325] [INFO] Phase: PREPARE | Receiver: 30003 | Sender: 30107 | Distance:  143.57 m | Delay: 0.6991s | Size: 16779000 bit
[2025-03-20 12:40:18,358] [INFO] Phase: COMMIT | Receiver: 30003 | Sender: 30051 | Distance:   56.87 m | Delay: 0.4661s | Size: 16778992 bit
[2025-03-20 12:40:18,394] [INFO] Phase: PREPARE | Receiver: 30003 | Sender: 30089 | Distance:   83.72 m | Delay: 0.4661s | Size: 16778992 bit
[2025-03-20 12:40:18,425] [INFO] Phase: COMMIT | Receiver: 30003 | Sender: 30100 | Distance:  161.85 m | Delay: 0.9322s | Size: 16779000 bit
[2025-03-20 12:40:18,457] [INFO] Phase: PREPARE | Receiver: 30003 | Sender: 30100 | Distance:  161.85 m | Delay: 0.9322s | Size: 16779000 bit
[2025-03-20 12:40:18,492] [INFO] Phase: PREPARE | Receiver: 30003 | Sender: 30010 | Distance:  128.51 m | Delay: 0.6991s | Size: 16779000 bit
[2025-03-20 12:40:18,530] [INFO] Phase: COMMIT | Receiver: 30003 | Sender: 30020 | Distance:   96.56 m | Delay: 0.4661s | Size: 16778992 bit
[2025-03-20 12:40:18,561] [INFO] Phase: COMMIT | Receiver: 30003 | Sender: 30107 | Distance:  143.57 m | Delay: 0.6991s | Size: 16779000 bit
[2025-03-20 12:40:18,655] [INFO] Phase: COMMIT | Receiver: 30003 | Sender: 30114 | Distance:   88.51 m | Delay: 0.4661s | Size: 16778992 bit
[2025-03-20 12:40:18,687] [INFO] Phase: PREPARE | Receiver: 30003 | Sender: 30114 | Distance:   88.51 m | Delay: 0.4661s | Size: 16778992 bit
[2025-03-20 12:40:18,743] [INFO] Phase: COMMIT | Receiver: 30003 | Sender: 30115 | Distance:  127.47 m | Delay: 0.6991s | Size: 16778992 bit
[2025-03-20 12:40:18,790] [INFO] Phase: COMMIT | Receiver: 30003 | Sender: 30017 | Distance:   65.04 m | Delay: 0.4661s | Size: 16778992 bit
[2025-03-20 12:40:18,874] [INFO] Phase: PREPARE | Receiver: 30003 | Sender: 30078 | Distance:   78.14 m | Delay: 0.4661s | Size: 16778992 bit
[2025-03-20 12:40:18,934] [INFO] Phase: PREPARE | Receiver: 30003 | Sender: 30024 | Distance:  123.14 m | Delay: 0.6991s | Size: 16779000 bit
[2025-03-20 12:40:19,424] [INFO] Phase: COMMIT | Receiver: 30003 | Sender: 30078 | Distance:   78.14 m | Delay: 0.4661s | Size: 16778976 bit
[2025-03-20 12:40:19,943] [INFO] Phase: COMMIT | Receiver: 30003 | Sender: 30024 | Distance:  123.14 m | Delay: 0.6991s | Size: 16778992 bit
[2025-03-20 12:40:20,853] [INFO] Phase: COMMIT | Receiver: 30003 | Sender: 30048 | Distance:   58.12 m | Delay: 0.4661s | Size: 16778992 bit
[2025-03-20 12:40:21,021] [INFO] Phase: COMMIT | Receiver: 30003 | Sender: 30105 | Distance:  104.82 m | Delay: 0.6991s | Size: 16778992 bit
[2025-03-20 12:40:21,378] [INFO] Phase: PREPARE | Receiver: 30003 | Sender: 30002 | Distance:   55.48 m | Delay: 0.4661s | Size: 16778984 bit
[2025-03-20 12:40:21,898] [INFO] Phase: COMMIT | Receiver: 30003 | Sender: 30002 | Distance:   55.48 m | Delay: 0.4661s | Size: 16779000 bit
[2025-03-20 12:40:22,070] [INFO] Phase: PREPARE | Receiver: 30003 | Sender: 30086 | Distance:  153.09 m | Delay: 0.9322s | Size: 16779000 bit
[2025-03-20 12:40:22,363] [INFO] Phase: COMMIT | Receiver: 30003 | Sender: 30086 | Distance:  153.09 m | Delay: 0.9322s | Size: 16779000 bit
[2025-03-20 12:40:22,798] [INFO] Phase: PREPARE | Receiver: 30003 | Sender: 30004 | Distance:   54.24 m | Delay: 0.4661s | Size: 16778992 bit
[2025-03-20 12:40:23,015] [INFO] Phase: PREPARE | Receiver: 30003 | Sender: 30035 | Distance:   98.77 m | Delay: 0.4661s | Size: 16778992 bit
[2025-03-20 12:40:23,047] [INFO] Phase: COMMIT | Receiver: 30003 | Sender: 30035 | Distance:   98.77 m | Delay: 0.4661s | Size: 16778992 bit
[2025-03-20 12:40:23,071] [INFO] Phase: PREPARE | Receiver: 30003 | Sender: 30117 | Distance:  148.95 m | Delay: 0.6991s | Size: 16779000 bit
[2025-03-20 12:40:23,108] [INFO] Phase: COMMIT | Receiver: 30003 | Sender: 30117 | Distance:  148.95 m | Delay: 0.6991s | Size: 16779000 bit
[2025-03-20 12:40:23,137] [INFO] Phase: PREPARE | Receiver: 30003 | Sender: 30098 | Distance:  111.29 m | Delay: 0.6991s | Size: 16778992 bit
[2025-03-20 12:40:23,168] [INFO] Phase: PREPARE | Receiver: 30003 | Sender: 30108 | Distance:   29.10 m | Delay: 0.3107s | Size: 16778992 bit
[2025-03-20 12:40:23,191] [INFO] Phase: COMMIT | Receiver: 30003 | Sender: 30098 | Distance:  111.29 m | Delay: 0.6991s | Size: 16778992 bit
[2025-03-20 12:40:23,227] [INFO] Phase: COMMIT | Receiver: 30003 | Sender: 30108 | Distance:   29.10 m | Delay: 0.3107s | Size: 16778984 bit
[2025-03-20 12:40:23,266] [INFO] Phase: COMMIT | Receiver: 30003 | Sender: 30050 | Distance:  114.85 m | Delay: 0.6991s | Size: 16779000 bit
[2025-03-20 12:40:23,288] [INFO] Phase: COMMIT | Receiver: 30003 | Sender: 30034 | Distance:   55.48 m | Delay: 0.4661s | Size: 16779000 bit
[2025-03-20 12:40:23,314] [INFO] Phase: COMMIT | Receiver: 30003 | Sender: 30103 | Distance:   31.62 m | Delay: 0.3107s | Size: 16779000 bit
[2025-03-20 12:40:23,346] [INFO] Phase: PREPARE | Receiver: 30003 | Sender: 30032 | Distance:   76.90 m | Delay: 0.4661s | Size: 16778976 bit
[2025-03-20 12:40:23,372] [INFO] Phase: COMMIT | Receiver: 30003 | Sender: 30010 | Distance:  128.51 m | Delay: 0.6991s | Size: 16779000 bit
[2025-03-20 12:40:23,399] [INFO] Phase: COMMIT | Receiver: 30003 | Sender: 30089 | Distance:   83.72 m | Delay: 0.4661s | Size: 16778992 bit
[2025-03-20 12:40:23,424] [INFO] Phase: COMMIT | Receiver: 30003 | Sender: 30032 | Distance:   76.90 m | Delay: 0.4661s | Size: 16778992 bit
[2025-03-20 12:40:23,469] [INFO] Phase: COMMIT | Receiver: 30003 | Sender: 30022 | Distance:   94.02 m | Delay: 0.4661s | Size: 16778984 bit
[2025-03-20 12:40:23,830] [INFO] Phase: COMMIT | Receiver: 30003 | Sender: 30004 | Distance:   54.24 m | Delay: 0.4661s | Size: 16778992 bit
[2025-03-20 12:40:34,644] [INFO] Phase: PRE-PREPARE | Receiver: 30003 | Sender: 30076 | Distance:  120.12 m | Delay: 0.6993s | Size: 16782208 bit
[2025-03-20 12:40:34,644] [INFO] Phase: PREPARE-BROADCAST | Receiver: ALL | Sender: 30003 | Distance:  120.12 m | Delay: 0.6993s | Size: 16778160 bit
[2025-03-20 12:40:34,995] [INFO] Phase: PREPARE | Receiver: 30003 | Sender: 30094 | Distance:   94.56 m | Delay: 0.4661s | Size: 16778992 bit
[2025-03-20 12:40:35,008] [INFO] Phase: COMMIT-BROADCAST | Receiver: ALL | Sender: 30003 | Distance:   94.56 m | Delay: 0.4661s | Size: 16778160 bit
[2025-03-20 12:40:46,338] [INFO] Phase: PREPARE | Receiver: 30003 | Sender: 30017 | Distance:   65.04 m | Delay: 0.4661s | Size: 16778992 bit
[2025-03-20 12:40:46,413] [INFO] Phase: PREPARE | Receiver: 30003 | Sender: 30050 | Distance:  114.85 m | Delay: 0.6991s | Size: 16779000 bit
[2025-03-20 12:40:46,451] [INFO] Phase: PREPARE | Receiver: 30003 | Sender: 30030 | Distance:   66.08 m | Delay: 0.4661s | Size: 16778984 bit
[2025-03-20 12:40:46,471] [INFO] Phase: PREPARE | Receiver: 30003 | Sender: 30105 | Distance:  104.82 m | Delay: 0.6991s | Size: 16778992 bit
[2025-03-20 12:40:46,534] [INFO] Phase: PREPARE | Receiver: 30003 | Sender: 30022 | Distance:   94.02 m | Delay: 0.4661s | Size: 16778984 bit
[2025-03-20 12:40:46,574] [INFO] Phase: PREPARE | Receiver: 30003 | Sender: 30108 | Distance:   29.10 m | Delay: 0.3107s | Size: 16778992 bit
[2025-03-20 12:40:46,633] [INFO] Phase: PREPARE | Receiver: 30003 | Sender: 30032 | Distance:   76.90 m | Delay: 0.4661s | Size: 16778992 bit
[2025-03-20 12:40:46,659] [INFO] Phase: PREPARE | Receiver: 30003 | Sender: 30089 | Distance:   83.72 m | Delay: 0.4661s | Size: 16778992 bit
[2025-03-20 12:40:46,686] [INFO] Phase: PREPARE | Receiver: 30003 | Sender: 30117 | Distance:  148.95 m | Delay: 0.6991s | Size: 16779000 bit
[2025-03-20 12:40:46,714] [INFO] Phase: COMMIT | Receiver: 30003 | Sender: 30108 | Distance:   29.10 m | Delay: 0.3107s | Size: 16778992 bit
[2025-03-20 12:40:46,740] [INFO] Phase: PREPARE | Receiver: 30003 | Sender: 30048 | Distance:   58.12 m | Delay: 0.4661s | Size: 16778984 bit
[2025-03-20 12:40:46,769] [INFO] Phase: PREPARE | Receiver: 30003 | Sender: 30004 | Distance:   54.24 m | Delay: 0.4661s | Size: 16778984 bit
[2025-03-20 12:40:46,803] [INFO] Phase: PREPARE | Receiver: 30003 | Sender: 30002 | Distance:   55.48 m | Delay: 0.4661s | Size: 16778992 bit
[2025-03-20 12:40:46,831] [INFO] Phase: PREPARE | Receiver: 30003 | Sender: 30103 | Distance:   31.62 m | Delay: 0.3107s | Size: 16779000 bit
[2025-03-20 12:40:46,855] [INFO] Phase: COMMIT | Receiver: 30003 | Sender: 30032 | Distance:   76.90 m | Delay: 0.4661s | Size: 16778984 bit
[2025-03-20 12:40:46,868] [INFO] Phase: PRE-REPLY | Receiver: 30029 | Sender: 30003 | Distance:   76.90 m | Delay: 0.4661s | Size: 16778160 bit
[2025-03-20 12:40:46,960] [INFO] Phase: PREPARE | Receiver: 30003 | Sender: 30098 | Distance:  111.29 m | Delay: 0.6991s | Size: 16778992 bit
[2025-03-20 12:40:46,998] [INFO] Phase: PREPARE | Receiver: 30003 | Sender: 30035 | Distance:   98.77 m | Delay: 0.4661s | Size: 16778992 bit
[2025-03-20 12:40:47,040] [INFO] Phase: PREPARE | Receiver: 30003 | Sender: 30010 | Distance:  128.51 m | Delay: 0.6991s | Size: 16779000 bit
[2025-03-20 12:40:47,133] [INFO] Phase: COMMIT | Receiver: 30003 | Sender: 30017 | Distance:   65.04 m | Delay: 0.4661s | Size: 16778992 bit
[2025-03-20 12:40:47,225] [INFO] Phase: PREPARE | Receiver: 30003 | Sender: 30086 | Distance:  153.09 m | Delay: 0.9322s | Size: 16779000 bit
[2025-03-20 12:40:47,290] [INFO] Phase: PREPARE | Receiver: 30003 | Sender: 30078 | Distance:   78.14 m | Delay: 0.4661s | Size: 16778984 bit
[2025-03-20 12:40:47,352] [INFO] Phase: COMMIT | Receiver: 30003 | Sender: 30078 | Distance:   78.14 m | Delay: 0.4661s | Size: 16778992 bit
[2025-03-20 12:40:47,408] [INFO] Phase: COMMIT | Receiver: 30003 | Sender: 30002 | Distance:   55.48 m | Delay: 0.4661s | Size: 16778992 bit
[2025-03-20 12:40:47,432] [INFO] Phase: COMMIT | Receiver: 30003 | Sender: 30022 | Distance:   94.02 m | Delay: 0.4661s | Size: 16778976 bit
[2025-03-20 12:40:47,455] [INFO] Phase: PREPARE | Receiver: 30003 | Sender: 30024 | Distance:  123.14 m | Delay: 0.6991s | Size: 16779000 bit
[2025-03-20 12:40:47,494] [INFO] Phase: COMMIT | Receiver: 30003 | Sender: 30024 | Distance:  123.14 m | Delay: 0.6991s | Size: 16779000 bit
[2025-03-20 12:40:47,524] [INFO] Phase: COMMIT | Receiver: 30003 | Sender: 30094 | Distance:   94.56 m | Delay: 0.4661s | Size: 16778992 bit
[2025-03-20 12:40:47,557] [INFO] Phase: COMMIT | Receiver: 30003 | Sender: 30076 | Distance:  120.12 m | Delay: 0.6991s | Size: 16779000 bit
[2025-03-20 12:40:47,594] [INFO] Phase: COMMIT | Receiver: 30003 | Sender: 30089 | Distance:   83.72 m | Delay: 0.4661s | Size: 16778976 bit
[2025-03-20 12:40:47,625] [INFO] Phase: COMMIT | Receiver: 30003 | Sender: 30103 | Distance:   31.62 m | Delay: 0.3107s | Size: 16778992 bit
[2025-03-20 12:40:47,659] [INFO] Phase: COMMIT | Receiver: 30003 | Sender: 30107 | Distance:  143.57 m | Delay: 0.6991s | Size: 16779000 bit
[2025-03-20 12:40:47,690] [INFO] Phase: COMMIT | Receiver: 30003 | Sender: 30051 | Distance:   56.87 m | Delay: 0.4661s | Size: 16779000 bit
[2025-03-20 12:40:47,720] [INFO] Phase: COMMIT | Receiver: 30003 | Sender: 30117 | Distance:  148.95 m | Delay: 0.6991s | Size: 16779000 bit
[2025-03-20 12:40:47,750] [INFO] Phase: PREPARE | Receiver: 30003 | Sender: 30107 | Distance:  143.57 m | Delay: 0.6991s | Size: 16779000 bit
[2025-03-20 12:40:47,782] [INFO] Phase: PREPARE | Receiver: 30003 | Sender: 30100 | Distance:  161.85 m | Delay: 0.9322s | Size: 16779000 bit
[2025-03-20 12:40:47,815] [INFO] Phase: COMMIT | Receiver: 30003 | Sender: 30050 | Distance:  114.85 m | Delay: 0.6991s | Size: 16779000 bit
[2025-03-20 12:40:47,845] [INFO] Phase: PREPARE | Receiver: 30003 | Sender: 30051 | Distance:   56.87 m | Delay: 0.4661s | Size: 16779000 bit
[2025-03-20 12:40:47,897] [INFO] Phase: COMMIT | Receiver: 30003 | Sender: 30035 | Distance:   98.77 m | Delay: 0.4661s | Size: 16778992 bit
[2025-03-20 12:40:47,928] [INFO] Phase: COMMIT | Receiver: 30003 | Sender: 30098 | Distance:  111.29 m | Delay: 0.6991s | Size: 16778992 bit
[2025-03-20 12:40:48,040] [INFO] Phase: PREPARE | Receiver: 30003 | Sender: 30114 | Distance:   88.51 m | Delay: 0.4661s | Size: 16778992 bit
[2025-03-20 12:40:48,090] [INFO] Phase: COMMIT | Receiver: 30003 | Sender: 30114 | Distance:   88.51 m | Delay: 0.4661s | Size: 16778992 bit
[2025-03-20 12:40:48,142] [INFO] Phase: COMMIT | Receiver: 30003 | Sender: 30100 | Distance:  161.85 m | Delay: 0.9322s | Size: 16779000 bit
[2025-03-20 12:40:48,253] [INFO] Phase: PREPARE | Receiver: 30003 | Sender: 30020 | Distance:   96.56 m | Delay: 0.4661s | Size: 16778984 bit
[2025-03-20 12:40:48,284] [INFO] Phase: PREPARE | Receiver: 30003 | Sender: 30115 | Distance:  127.47 m | Delay: 0.6991s | Size: 16779000 bit
[2025-03-20 12:40:48,315] [INFO] Phase: COMMIT | Receiver: 30003 | Sender: 30115 | Distance:  127.47 m | Delay: 0.6991s | Size: 16778984 bit
[2025-03-20 12:40:48,526] [INFO] Phase: COMMIT | Receiver: 30003 | Sender: 30004 | Distance:   54.24 m | Delay: 0.4661s | Size: 16778984 bit
[2025-03-20 12:40:48,790] [INFO] Phase: COMMIT | Receiver: 30003 | Sender: 30020 | Distance:   96.56 m | Delay: 0.4661s | Size: 16778992 bit
[2025-03-20 12:40:49,407] [INFO] Phase: COMMIT | Receiver: 30003 | Sender: 30034 | Distance:   55.48 m | Delay: 0.4661s | Size: 16779000 bit
[2025-03-20 12:40:49,438] [INFO] Phase: PREPARE | Receiver: 30003 | Sender: 30034 | Distance:   55.48 m | Delay: 0.4661s | Size: 16778992 bit
[2025-03-20 12:40:49,594] [INFO] Phase: COMMIT | Receiver: 30003 | Sender: 30105 | Distance:  104.82 m | Delay: 0.6991s | Size: 16779000 bit
[2025-03-20 12:40:49,973] [INFO] Phase: COMMIT | Receiver: 30003 | Sender: 30010 | Distance:  128.51 m | Delay: 0.6991s | Size: 16778992 bit
[2025-03-20 12:40:50,260] [INFO] Phase: COMMIT | Receiver: 30003 | Sender: 30048 | Distance:   58.12 m | Delay: 0.4661s | Size: 16779000 bit
[2025-03-20 12:40:50,409] [INFO] Phase: COMMIT | Receiver: 30003 | Sender: 30030 | Distance:   66.08 m | Delay: 0.4661s | Size: 16778992 bit
[2025-03-20 12:40:50,557] [INFO] Phase: COMMIT | Receiver: 30003 | Sender: 30086 | Distance:  153.09 m | Delay: 0.9322s | Size: 16778992 bit
[2025-03-20 12:40:59,135] [INFO] Phase: PRE-PREPARE | Receiver: 30003 | Sender: 30076 | Distance:  120.12 m | Delay: 0.6993s | Size: 16782200 bit
[2025-03-20 12:40:59,143] [INFO] Phase: PREPARE-BROADCAST | Receiver: ALL | Sender: 30003 | Distance:  120.12 m | Delay: 0.6993s | Size: 16778160 bit
[2025-03-20 12:40:59,624] [INFO] Phase: PREPARE | Receiver: 30003 | Sender: 30017 | Distance:   65.04 m | Delay: 0.4661s | Size: 16778992 bit
[2025-03-20 12:40:59,638] [INFO] Phase: COMMIT-BROADCAST | Receiver: ALL | Sender: 30003 | Distance:   65.04 m | Delay: 0.4661s | Size: 16778144 bit
[2025-03-20 12:40:59,676] [INFO] Phase: PREPARE | Receiver: 30003 | Sender: 30094 | Distance:   94.56 m | Delay: 0.4661s | Size: 16778992 bit
[2025-03-20 12:41:02,335] [INFO] Phase: PREPARE | Receiver: 30003 | Sender: 30050 | Distance:  114.85 m | Delay: 0.6991s | Size: 16779000 bit
[2025-03-20 12:41:06,956] [INFO] Phase: PREPARE | Receiver: 30003 | Sender: 30030 | Distance:   66.08 m | Delay: 0.4661s | Size: 16778992 bit
[2025-03-20 12:41:07,025] [INFO] Phase: PREPARE | Receiver: 30003 | Sender: 30020 | Distance:   96.56 m | Delay: 0.4661s | Size: 16778992 bit
[2025-03-20 12:41:07,132] [INFO] Phase: PREPARE | Receiver: 30003 | Sender: 30034 | Distance:   55.48 m | Delay: 0.4661s | Size: 16778992 bit
[2025-03-20 12:41:07,177] [INFO] Phase: PREPARE | Receiver: 30003 | Sender: 30103 | Distance:   31.62 m | Delay: 0.3107s | Size: 16778992 bit
[2025-03-20 12:41:07,254] [INFO] Phase: PREPARE | Receiver: 30003 | Sender: 30107 | Distance:  143.57 m | Delay: 0.6991s | Size: 16779000 bit
[2025-03-20 12:41:07,286] [INFO] Phase: PREPARE | Receiver: 30003 | Sender: 30108 | Distance:   29.10 m | Delay: 0.3107s | Size: 16778984 bit
[2025-03-20 12:41:07,322] [INFO] Phase: PREPARE | Receiver: 30003 | Sender: 30048 | Distance:   58.12 m | Delay: 0.4661s | Size: 16779000 bit
[2025-03-20 12:41:07,351] [INFO] Phase: PREPARE | Receiver: 30003 | Sender: 30024 | Distance:  123.14 m | Delay: 0.6991s | Size: 16779000 bit
[2025-03-20 12:41:07,383] [INFO] Phase: PREPARE | Receiver: 30003 | Sender: 30051 | Distance:   56.87 m | Delay: 0.4661s | Size: 16778992 bit
[2025-03-20 12:41:07,409] [INFO] Phase: PREPARE | Receiver: 30003 | Sender: 30086 | Distance:  153.09 m | Delay: 0.9322s | Size: 16779000 bit
[2025-03-20 12:41:07,468] [INFO] Phase: COMMIT | Receiver: 30003 | Sender: 30076 | Distance:  120.12 m | Delay: 0.6991s | Size: 16779000 bit
[2025-03-20 12:41:07,501] [INFO] Phase: COMMIT | Receiver: 30003 | Sender: 30094 | Distance:   94.56 m | Delay: 0.4661s | Size: 16778992 bit
[2025-03-20 12:41:07,515] [INFO] Phase: PRE-REPLY | Receiver: 30029 | Sender: 30003 | Distance:   94.56 m | Delay: 0.4661s | Size: 16778160 bit
[2025-03-20 12:41:07,654] [INFO] Phase: PREPARE | Receiver: 30003 | Sender: 30098 | Distance:  111.29 m | Delay: 0.6991s | Size: 16778992 bit
[2025-03-20 12:41:07,691] [INFO] Phase: COMMIT | Receiver: 30003 | Sender: 30107 | Distance:  143.57 m | Delay: 0.6991s | Size: 16779000 bit
[2025-03-20 12:41:07,731] [INFO] Phase: PREPARE | Receiver: 30003 | Sender: 30078 | Distance:   78.14 m | Delay: 0.4661s | Size: 16778992 bit
[2025-03-20 12:41:07,778] [INFO] Phase: PREPARE | Receiver: 30003 | Sender: 30002 | Distance:   55.48 m | Delay: 0.4661s | Size: 16778992 bit
[2025-03-20 12:41:07,810] [INFO] Phase: PREPARE | Receiver: 30003 | Sender: 30115 | Distance:  127.47 m | Delay: 0.6991s | Size: 16779000 bit
[2025-03-20 12:41:07,842] [INFO] Phase: PREPARE | Receiver: 30003 | Sender: 30100 | Distance:  161.85 m | Delay: 0.9322s | Size: 16779000 bit
[2025-03-20 12:41:07,880] [INFO] Phase: PREPARE | Receiver: 30003 | Sender: 30010 | Distance:  128.51 m | Delay: 0.6991s | Size: 16779000 bit
[2025-03-20 12:41:07,907] [INFO] Phase: PREPARE | Receiver: 30003 | Sender: 30032 | Distance:   76.90 m | Delay: 0.4661s | Size: 16778992 bit
[2025-03-20 12:41:08,170] [INFO] Phase: COMMIT | Receiver: 30003 | Sender: 30034 | Distance:   55.48 m | Delay: 0.4661s | Size: 16779000 bit
[2025-03-20 12:41:08,198] [INFO] Phase: PREPARE | Receiver: 30003 | Sender: 30004 | Distance:   54.24 m | Delay: 0.4661s | Size: 16778992 bit
[2025-03-20 12:41:08,237] [INFO] Phase: COMMIT | Receiver: 30003 | Sender: 30022 | Distance:   94.02 m | Delay: 0.4661s | Size: 16778984 bit
[2025-03-20 12:41:08,269] [INFO] Phase: COMMIT | Receiver: 30003 | Sender: 30048 | Distance:   58.12 m | Delay: 0.4661s | Size: 16779000 bit
[2025-03-20 12:41:08,291] [INFO] Phase: PREPARE | Receiver: 30003 | Sender: 30022 | Distance:   94.02 m | Delay: 0.4661s | Size: 16778984 bit
[2025-03-20 12:41:08,314] [INFO] Phase: COMMIT | Receiver: 30003 | Sender: 30050 | Distance:  114.85 m | Delay: 0.6991s | Size: 16779000 bit
[2025-03-20 12:41:08,334] [INFO] Phase: COMMIT | Receiver: 30003 | Sender: 30017 | Distance:   65.04 m | Delay: 0.4661s | Size: 16778992 bit
[2025-03-20 12:41:08,358] [INFO] Phase: PREPARE | Receiver: 30003 | Sender: 30105 | Distance:  104.82 m | Delay: 0.6991s | Size: 16779000 bit
[2025-03-20 12:41:08,380] [INFO] Phase: COMMIT | Receiver: 30003 | Sender: 30100 | Distance:  161.85 m | Delay: 0.9322s | Size: 16779000 bit
[2025-03-20 12:41:08,402] [INFO] Phase: COMMIT | Receiver: 30003 | Sender: 30030 | Distance:   66.08 m | Delay: 0.4661s | Size: 16778992 bit
[2025-03-20 12:41:08,419] [INFO] Phase: COMMIT | Receiver: 30003 | Sender: 30020 | Distance:   96.56 m | Delay: 0.4661s | Size: 16778992 bit
[2025-03-20 12:41:08,442] [INFO] Phase: COMMIT | Receiver: 30003 | Sender: 30078 | Distance:   78.14 m | Delay: 0.4661s | Size: 16778992 bit
[2025-03-20 12:41:08,466] [INFO] Phase: PREPARE | Receiver: 30003 | Sender: 30114 | Distance:   88.51 m | Delay: 0.4661s | Size: 16778992 bit
[2025-03-20 12:41:08,490] [INFO] Phase: COMMIT | Receiver: 30003 | Sender: 30103 | Distance:   31.62 m | Delay: 0.3107s | Size: 16779000 bit
[2025-03-20 12:41:08,510] [INFO] Phase: COMMIT | Receiver: 30003 | Sender: 30105 | Distance:  104.82 m | Delay: 0.6991s | Size: 16778992 bit
[2025-03-20 12:41:08,534] [INFO] Phase: PREPARE | Receiver: 30003 | Sender: 30035 | Distance:   98.77 m | Delay: 0.4661s | Size: 16778992 bit
[2025-03-20 12:41:08,561] [INFO] Phase: COMMIT | Receiver: 30003 | Sender: 30115 | Distance:  127.47 m | Delay: 0.6991s | Size: 16779000 bit
[2025-03-20 12:41:08,591] [INFO] Phase: COMMIT | Receiver: 30003 | Sender: 30086 | Distance:  153.09 m | Delay: 0.9322s | Size: 16779000 bit
[2025-03-20 12:41:08,887] [INFO] Phase: PREPARE | Receiver: 30003 | Sender: 30117 | Distance:  148.95 m | Delay: 0.6991s | Size: 16779000 bit
[2025-03-20 12:41:08,933] [INFO] Phase: COMMIT | Receiver: 30003 | Sender: 30024 | Distance:  123.14 m | Delay: 0.6991s | Size: 16779000 bit
[2025-03-20 12:41:09,230] [INFO] Phase: COMMIT | Receiver: 30003 | Sender: 30010 | Distance:  128.51 m | Delay: 0.6991s | Size: 16779000 bit
[2025-03-20 12:41:09,501] [INFO] Phase: PREPARE | Receiver: 30003 | Sender: 30089 | Distance:   83.72 m | Delay: 0.4661s | Size: 16778984 bit
[2025-03-20 12:41:09,558] [INFO] Phase: COMMIT | Receiver: 30003 | Sender: 30032 | Distance:   76.90 m | Delay: 0.4661s | Size: 16778984 bit
[2025-03-20 12:41:10,114] [INFO] Phase: COMMIT | Receiver: 30003 | Sender: 30098 | Distance:  111.29 m | Delay: 0.6991s | Size: 16778992 bit
[2025-03-20 12:41:10,284] [INFO] Phase: COMMIT | Receiver: 30003 | Sender: 30051 | Distance:   56.87 m | Delay: 0.4661s | Size: 16779000 bit
[2025-03-20 12:41:11,094] [INFO] Phase: COMMIT | Receiver: 30003 | Sender: 30114 | Distance:   88.51 m | Delay: 0.4661s | Size: 16778992 bit
[2025-03-20 12:41:11,647] [INFO] Phase: COMMIT | Receiver: 30003 | Sender: 30117 | Distance:  148.95 m | Delay: 0.6991s | Size: 16779000 bit
[2025-03-20 12:41:11,968] [INFO] Phase: COMMIT | Receiver: 30003 | Sender: 30108 | Distance:   29.10 m | Delay: 0.3107s | Size: 16778992 bit
[2025-03-20 12:41:12,306] [INFO] Phase: COMMIT | Receiver: 30003 | Sender: 30002 | Distance:   55.48 m | Delay: 0.4661s | Size: 16778992 bit
[2025-03-20 12:41:13,471] [INFO] Phase: COMMIT | Receiver: 30003 | Sender: 30004 | Distance:   54.24 m | Delay: 0.4661s | Size: 16778992 bit
[2025-03-20 12:41:13,519] [INFO] Phase: COMMIT | Receiver: 30003 | Sender: 30035 | Distance:   98.77 m | Delay: 0.4661s | Size: 16778992 bit
[2025-03-20 12:41:13,578] [INFO] Phase: COMMIT | Receiver: 30003 | Sender: 30089 | Distance:   83.72 m | Delay: 0.4661s | Size: 16778992 bit
