[2025-03-20 12:06:10,756] [INFO] Random node started: localhost:30025 | index= 26 | f=1, k=4
[2025-03-20 12:06:19,051] [INFO] Phase: PRE-PREPARE | Receiver: 30025 | Sender: 30038 | Distance:  115.42 m | Delay: 0.6992s | Size: 16781208 bit
[2025-03-20 12:06:19,061] [INFO] Phase: PREPARE-BROADCAST | Receiver: ALL | Sender: 30025 | Distance:  115.42 m | Delay: 0.6992s | Size: 16778312 bit
[2025-03-20 12:06:19,495] [INFO] Phase: PREPARE | Receiver: 30025 | Sender: 30000 | Distance:   89.56 m | Delay: 0.4661s | Size: 16779152 bit
[2025-03-20 12:06:19,511] [INFO] Phase: COMMIT-BROADCAST | Receiver: ALL | Sender: 30025 | Distance:   89.56 m | Delay: 0.4661s | Size: 16778320 bit
[2025-03-20 12:06:19,543] [INFO] Phase: PREPARE | Receiver: 30025 | Sender: 30031 | Distance:  124.72 m | Delay: 0.6991s | Size: 16779160 bit
[2025-03-20 12:06:20,015] [INFO] Phase: PREPARE | Receiver: 30025 | Sender: 30028 | Distance:  113.17 m | Delay: 0.6991s | Size: 16779160 bit
[2025-03-20 12:06:20,110] [INFO] Phase: PREPARE | Receiver: 30025 | Sender: 30013 | Distance:  171.18 m | Delay: 0.9322s | Size: 16779152 bit
[2025-03-20 12:06:20,175] [INFO] Phase: PREPARE | Receiver: 30025 | Sender: 30001 | Distance:  166.78 m | Delay: 0.9322s | Size: 16779152 bit
[2025-03-20 12:06:20,270] [INFO] Phase: PREPARE | Receiver: 30025 | Sender: 30029 | Distance:  159.06 m | Delay: 0.9322s | Size: 16779152 bit
[2025-03-20 12:06:20,327] [INFO] Phase: PREPARE | Receiver: 30025 | Sender: 30006 | Distance:  105.58 m | Delay: 0.6991s | Size: 16779160 bit
[2025-03-20 12:06:20,478] [INFO] Phase: COMMIT | Receiver: 30025 | Sender: 30031 | Distance:  124.72 m | Delay: 0.6991s | Size: 16779160 bit
[2025-03-20 12:06:20,512] [INFO] Phase: COMMIT | Receiver: 30025 | Sender: 30028 | Distance:  113.17 m | Delay: 0.6991s | Size: 16779152 bit
[2025-03-20 12:06:20,523] [INFO] Phase: PRE-REPLY | Receiver: 30009 | Sender: 30025 | Distance:  113.17 m | Delay: 0.6991s | Size: 16778320 bit
[2025-03-20 12:06:20,589] [INFO] Phase: COMMIT | Receiver: 30025 | Sender: 30000 | Distance:   89.56 m | Delay: 0.4661s | Size: 16779144 bit
[2025-03-20 12:06:20,624] [INFO] Phase: COMMIT | Receiver: 30025 | Sender: 30038 | Distance:  115.42 m | Delay: 0.6991s | Size: 16779152 bit
[2025-03-20 12:06:20,661] [INFO] Phase: COMMIT | Receiver: 30025 | Sender: 30013 | Distance:  171.18 m | Delay: 0.9322s | Size: 16779152 bit
[2025-03-20 12:06:20,728] [INFO] Phase: COMMIT | Receiver: 30025 | Sender: 30006 | Distance:  105.58 m | Delay: 0.6991s | Size: 16779160 bit
[2025-03-20 12:06:20,750] [INFO] Phase: COMMIT | Receiver: 30025 | Sender: 30001 | Distance:  166.78 m | Delay: 0.9322s | Size: 16779160 bit
[2025-03-20 12:06:20,769] [INFO] Phase: COMMIT | Receiver: 30025 | Sender: 30029 | Distance:  159.06 m | Delay: 0.9322s | Size: 16779160 bit
[2025-03-20 12:06:24,083] [INFO] Phase: PRE-PREPARE | Receiver: 30025 | Sender: 30038 | Distance:  115.42 m | Delay: 0.6992s | Size: 16781208 bit
[2025-03-20 12:06:24,091] [INFO] Phase: PREPARE-BROADCAST | Receiver: ALL | Sender: 30025 | Distance:  115.42 m | Delay: 0.6992s | Size: 16778320 bit
[2025-03-20 12:06:24,705] [INFO] Phase: PREPARE | Receiver: 30025 | Sender: 30031 | Distance:  124.72 m | Delay: 0.6991s | Size: 16779160 bit
[2025-03-20 12:06:24,725] [INFO] Phase: COMMIT-BROADCAST | Receiver: ALL | Sender: 30025 | Distance:  124.72 m | Delay: 0.6991s | Size: 16778320 bit
[2025-03-20 12:06:24,759] [INFO] Phase: PREPARE | Receiver: 30025 | Sender: 30013 | Distance:  171.18 m | Delay: 0.9322s | Size: 16779152 bit
[2025-03-20 12:06:24,810] [INFO] Phase: PREPARE | Receiver: 30025 | Sender: 30000 | Distance:   89.56 m | Delay: 0.4661s | Size: 16779152 bit
[2025-03-20 12:06:24,842] [INFO] Phase: PREPARE | Receiver: 30025 | Sender: 30001 | Distance:  166.78 m | Delay: 0.9322s | Size: 16779152 bit
[2025-03-20 12:06:24,879] [INFO] Phase: PREPARE | Receiver: 30025 | Sender: 30028 | Distance:  113.17 m | Delay: 0.6991s | Size: 16779160 bit
[2025-03-20 12:06:24,928] [INFO] Phase: PREPARE | Receiver: 30025 | Sender: 30029 | Distance:  159.06 m | Delay: 0.9322s | Size: 16779152 bit
[2025-03-20 12:06:24,964] [INFO] Phase: PREPARE | Receiver: 30025 | Sender: 30006 | Distance:  105.58 m | Delay: 0.6991s | Size: 16779160 bit
[2025-03-20 12:06:25,643] [INFO] Phase: COMMIT | Receiver: 30025 | Sender: 30001 | Distance:  166.78 m | Delay: 0.9322s | Size: 16779152 bit
[2025-03-20 12:06:25,666] [INFO] Phase: COMMIT | Receiver: 30025 | Sender: 30013 | Distance:  171.18 m | Delay: 0.9322s | Size: 16779136 bit
[2025-03-20 12:06:25,674] [INFO] Phase: PRE-REPLY | Receiver: 30009 | Sender: 30025 | Distance:  171.18 m | Delay: 0.9322s | Size: 16778320 bit
[2025-03-20 12:06:25,711] [INFO] Phase: COMMIT | Receiver: 30025 | Sender: 30028 | Distance:  113.17 m | Delay: 0.6991s | Size: 16779160 bit
[2025-03-20 12:06:25,725] [INFO] Phase: COMMIT | Receiver: 30025 | Sender: 30029 | Distance:  159.06 m | Delay: 0.9322s | Size: 16779160 bit
[2025-03-20 12:06:25,739] [INFO] Phase: COMMIT | Receiver: 30025 | Sender: 30006 | Distance:  105.58 m | Delay: 0.6991s | Size: 16779160 bit
[2025-03-20 12:06:25,741] [INFO] Phase: COMMIT | Receiver: 30025 | Sender: 30038 | Distance:  115.42 m | Delay: 0.6991s | Size: 16779144 bit
[2025-03-20 12:06:25,757] [INFO] Phase: COMMIT | Receiver: 30025 | Sender: 30031 | Distance:  124.72 m | Delay: 0.6991s | Size: 16779160 bit
[2025-03-20 12:06:25,773] [INFO] Phase: COMMIT | Receiver: 30025 | Sender: 30000 | Distance:   89.56 m | Delay: 0.4661s | Size: 16779152 bit
[2025-03-20 12:06:29,053] [INFO] Phase: PRE-PREPARE | Receiver: 30025 | Sender: 30038 | Distance:  115.42 m | Delay: 0.6992s | Size: 16781208 bit
[2025-03-20 12:06:29,065] [INFO] Phase: PREPARE-BROADCAST | Receiver: ALL | Sender: 30025 | Distance:  115.42 m | Delay: 0.6992s | Size: 16778312 bit
[2025-03-20 12:06:29,512] [INFO] Phase: PREPARE | Receiver: 30025 | Sender: 30028 | Distance:  113.17 m | Delay: 0.6991s | Size: 16779160 bit
[2025-03-20 12:06:29,528] [INFO] Phase: COMMIT-BROADCAST | Receiver: ALL | Sender: 30025 | Distance:  113.17 m | Delay: 0.6991s | Size: 16778320 bit
[2025-03-20 12:06:29,561] [INFO] Phase: PREPARE | Receiver: 30025 | Sender: 30031 | Distance:  124.72 m | Delay: 0.6991s | Size: 16779160 bit
[2025-03-20 12:06:29,599] [INFO] Phase: PREPARE | Receiver: 30025 | Sender: 30013 | Distance:  171.18 m | Delay: 0.9322s | Size: 16779152 bit
[2025-03-20 12:06:29,635] [INFO] Phase: PREPARE | Receiver: 30025 | Sender: 30029 | Distance:  159.06 m | Delay: 0.9322s | Size: 16779152 bit
[2025-03-20 12:06:29,666] [INFO] Phase: PREPARE | Receiver: 30025 | Sender: 30006 | Distance:  105.58 m | Delay: 0.6991s | Size: 16779152 bit
[2025-03-20 12:06:29,702] [INFO] Phase: PREPARE | Receiver: 30025 | Sender: 30001 | Distance:  166.78 m | Delay: 0.9322s | Size: 16779160 bit
[2025-03-20 12:06:30,104] [INFO] Phase: PREPARE | Receiver: 30025 | Sender: 30000 | Distance:   89.56 m | Delay: 0.4661s | Size: 16779152 bit
[2025-03-20 12:06:30,240] [INFO] Phase: COMMIT | Receiver: 30025 | Sender: 30001 | Distance:  166.78 m | Delay: 0.9322s | Size: 16779160 bit
[2025-03-20 12:06:30,266] [INFO] Phase: COMMIT | Receiver: 30025 | Sender: 30028 | Distance:  113.17 m | Delay: 0.6991s | Size: 16779160 bit
[2025-03-20 12:06:30,276] [INFO] Phase: PRE-REPLY | Receiver: 30009 | Sender: 30025 | Distance:  113.17 m | Delay: 0.6991s | Size: 16778320 bit
[2025-03-20 12:06:30,343] [INFO] Phase: COMMIT | Receiver: 30025 | Sender: 30038 | Distance:  115.42 m | Delay: 0.6991s | Size: 16779144 bit
[2025-03-20 12:06:30,365] [INFO] Phase: COMMIT | Receiver: 30025 | Sender: 30006 | Distance:  105.58 m | Delay: 0.6991s | Size: 16779160 bit
[2025-03-20 12:06:30,388] [INFO] Phase: COMMIT | Receiver: 30025 | Sender: 30031 | Distance:  124.72 m | Delay: 0.6991s | Size: 16779160 bit
[2025-03-20 12:06:30,486] [INFO] Phase: COMMIT | Receiver: 30025 | Sender: 30029 | Distance:  159.06 m | Delay: 0.9322s | Size: 16779160 bit
[2025-03-20 12:06:30,515] [INFO] Phase: COMMIT | Receiver: 30025 | Sender: 30000 | Distance:   89.56 m | Delay: 0.4661s | Size: 16779152 bit
[2025-03-20 12:06:30,563] [INFO] Phase: COMMIT | Receiver: 30025 | Sender: 30013 | Distance:  171.18 m | Delay: 0.9322s | Size: 16779152 bit
[2025-03-20 12:16:45,497] [INFO] Node started: localhost:30025 | index= 26 | f=1, k=4
[2025-03-20 12:16:58,360] [INFO] Phase: PRE-PREPARE | Receiver: 30025 | Sender: 30008 | Distance:  138.94 m | Delay: 0.6992s | Size: 16781064 bit
[2025-03-20 12:16:58,364] [INFO] Phase: PREPARE-BROADCAST | Receiver: ALL | Sender: 30025 | Distance:  138.94 m | Delay: 0.6992s | Size: 16778160 bit
[2025-03-20 12:16:58,735] [INFO] Phase: PREPARE | Receiver: 30025 | Sender: 30039 | Distance:  197.88 m | Delay: 0.9322s | Size: 16779000 bit
[2025-03-20 12:16:58,742] [INFO] Phase: COMMIT-BROADCAST | Receiver: ALL | Sender: 30025 | Distance:  197.88 m | Delay: 0.9322s | Size: 16778160 bit
[2025-03-20 12:16:58,869] [INFO] Phase: PREPARE | Receiver: 30025 | Sender: 30020 | Distance:  157.44 m | Delay: 0.9322s | Size: 16779000 bit
[2025-03-20 12:16:59,147] [INFO] Phase: COMMIT | Receiver: 30025 | Sender: 30039 | Distance:  197.88 m | Delay: 0.9322s | Size: 16779000 bit
[2025-03-20 12:16:59,391] [INFO] Phase: PREPARE | Receiver: 30025 | Sender: 30033 | Distance:   82.86 m | Delay: 0.4661s | Size: 16778992 bit
[2025-03-20 12:16:59,443] [INFO] Phase: PREPARE | Receiver: 30025 | Sender: 30022 | Distance:  169.84 m | Delay: 0.9322s | Size: 16778992 bit
[2025-03-20 12:16:59,472] [INFO] Phase: PREPARE | Receiver: 30025 | Sender: 30029 | Distance:   85.46 m | Delay: 0.4661s | Size: 16778992 bit
[2025-03-20 12:16:59,559] [INFO] Phase: PREPARE | Receiver: 30025 | Sender: 30016 | Distance:   85.46 m | Delay: 0.4661s | Size: 16778992 bit
[2025-03-20 12:16:59,605] [INFO] Phase: PREPARE | Receiver: 30025 | Sender: 30007 | Distance:  139.99 m | Delay: 0.6991s | Size: 16778992 bit
[2025-03-20 12:16:59,672] [INFO] Phase: COMMIT | Receiver: 30025 | Sender: 30022 | Distance:  169.84 m | Delay: 0.9322s | Size: 16778992 bit
[2025-03-20 12:16:59,685] [INFO] Phase: PRE-REPLY | Receiver: 30034 | Sender: 30025 | Distance:  169.84 m | Delay: 0.9322s | Size: 16778160 bit
[2025-03-20 12:16:59,921] [INFO] Phase: COMMIT | Receiver: 30025 | Sender: 30029 | Distance:   85.46 m | Delay: 0.4661s | Size: 16778992 bit
[2025-03-20 12:16:59,967] [INFO] Phase: COMMIT | Receiver: 30025 | Sender: 30016 | Distance:   85.46 m | Delay: 0.4661s | Size: 16778992 bit
[2025-03-20 12:16:59,999] [INFO] Phase: COMMIT | Receiver: 30025 | Sender: 30033 | Distance:   82.86 m | Delay: 0.4661s | Size: 16778992 bit
[2025-03-20 12:17:00,046] [INFO] Phase: COMMIT | Receiver: 30025 | Sender: 30007 | Distance:  139.99 m | Delay: 0.6991s | Size: 16778992 bit
[2025-03-20 12:17:00,062] [INFO] Phase: COMMIT | Receiver: 30025 | Sender: 30020 | Distance:  157.44 m | Delay: 0.9322s | Size: 16779000 bit
[2025-03-20 12:17:00,075] [INFO] Phase: COMMIT | Receiver: 30025 | Sender: 30008 | Distance:  138.94 m | Delay: 0.6991s | Size: 16778992 bit
[2025-03-20 12:17:07,138] [INFO] Phase: PRE-PREPARE | Receiver: 30025 | Sender: 30008 | Distance:  138.94 m | Delay: 0.6992s | Size: 16781064 bit
[2025-03-20 12:17:07,138] [INFO] Phase: PREPARE-BROADCAST | Receiver: ALL | Sender: 30025 | Distance:  138.94 m | Delay: 0.6992s | Size: 16778160 bit
[2025-03-20 12:17:07,534] [INFO] Phase: PREPARE | Receiver: 30025 | Sender: 30039 | Distance:  197.88 m | Delay: 0.9322s | Size: 16779000 bit
[2025-03-20 12:17:07,549] [INFO] Phase: COMMIT-BROADCAST | Receiver: ALL | Sender: 30025 | Distance:  197.88 m | Delay: 0.9322s | Size: 16778160 bit
[2025-03-20 12:17:07,661] [INFO] Phase: PREPARE | Receiver: 30025 | Sender: 30020 | Distance:  157.44 m | Delay: 0.9322s | Size: 16779000 bit
[2025-03-20 12:17:07,933] [INFO] Phase: COMMIT | Receiver: 30025 | Sender: 30039 | Distance:  197.88 m | Delay: 0.9322s | Size: 16779000 bit
[2025-03-20 12:17:08,160] [INFO] Phase: PREPARE | Receiver: 30025 | Sender: 30033 | Distance:   82.86 m | Delay: 0.4661s | Size: 16778992 bit
[2025-03-20 12:17:08,222] [INFO] Phase: PREPARE | Receiver: 30025 | Sender: 30029 | Distance:   85.46 m | Delay: 0.4661s | Size: 16778992 bit
[2025-03-20 12:17:08,274] [INFO] Phase: PREPARE | Receiver: 30025 | Sender: 30022 | Distance:  169.84 m | Delay: 0.9322s | Size: 16778984 bit
[2025-03-20 12:17:08,306] [INFO] Phase: PREPARE | Receiver: 30025 | Sender: 30016 | Distance:   85.46 m | Delay: 0.4661s | Size: 16778992 bit
[2025-03-20 12:17:08,413] [INFO] Phase: PREPARE | Receiver: 30025 | Sender: 30007 | Distance:  139.99 m | Delay: 0.6991s | Size: 16778992 bit
[2025-03-20 12:17:08,546] [INFO] Phase: COMMIT | Receiver: 30025 | Sender: 30022 | Distance:  169.84 m | Delay: 0.9322s | Size: 16778992 bit
[2025-03-20 12:17:08,558] [INFO] Phase: PRE-REPLY | Receiver: 30034 | Sender: 30025 | Distance:  169.84 m | Delay: 0.9322s | Size: 16778152 bit
[2025-03-20 12:17:08,688] [INFO] Phase: COMMIT | Receiver: 30025 | Sender: 30007 | Distance:  139.99 m | Delay: 0.6991s | Size: 16778984 bit
[2025-03-20 12:17:08,711] [INFO] Phase: COMMIT | Receiver: 30025 | Sender: 30033 | Distance:   82.86 m | Delay: 0.4661s | Size: 16778992 bit
[2025-03-20 12:17:08,747] [INFO] Phase: COMMIT | Receiver: 30025 | Sender: 30008 | Distance:  138.94 m | Delay: 0.6991s | Size: 16778992 bit
[2025-03-20 12:17:08,806] [INFO] Phase: COMMIT | Receiver: 30025 | Sender: 30016 | Distance:   85.46 m | Delay: 0.4661s | Size: 16778992 bit
[2025-03-20 12:17:08,822] [INFO] Phase: COMMIT | Receiver: 30025 | Sender: 30020 | Distance:  157.44 m | Delay: 0.9322s | Size: 16779000 bit
[2025-03-20 12:17:08,854] [INFO] Phase: COMMIT | Receiver: 30025 | Sender: 30029 | Distance:   85.46 m | Delay: 0.4661s | Size: 16778992 bit
[2025-03-20 12:17:15,984] [INFO] Phase: PRE-PREPARE | Receiver: 30025 | Sender: 30008 | Distance:  138.94 m | Delay: 0.6992s | Size: 16781064 bit
[2025-03-20 12:17:15,988] [INFO] Phase: PREPARE-BROADCAST | Receiver: ALL | Sender: 30025 | Distance:  138.94 m | Delay: 0.6992s | Size: 16778160 bit
[2025-03-20 12:17:16,353] [INFO] Phase: PREPARE | Receiver: 30025 | Sender: 30039 | Distance:  197.88 m | Delay: 0.9322s | Size: 16779000 bit
[2025-03-20 12:17:16,359] [INFO] Phase: COMMIT-BROADCAST | Receiver: ALL | Sender: 30025 | Distance:  197.88 m | Delay: 0.9322s | Size: 16778160 bit
[2025-03-20 12:17:16,531] [INFO] Phase: PREPARE | Receiver: 30025 | Sender: 30020 | Distance:  157.44 m | Delay: 0.9322s | Size: 16778992 bit
[2025-03-20 12:17:16,732] [INFO] Phase: COMMIT | Receiver: 30025 | Sender: 30039 | Distance:  197.88 m | Delay: 0.9322s | Size: 16779000 bit
[2025-03-20 12:17:17,024] [INFO] Phase: PREPARE | Receiver: 30025 | Sender: 30033 | Distance:   82.86 m | Delay: 0.4661s | Size: 16778992 bit
[2025-03-20 12:17:17,067] [INFO] Phase: PREPARE | Receiver: 30025 | Sender: 30029 | Distance:   85.46 m | Delay: 0.4661s | Size: 16778992 bit
[2025-03-20 12:17:17,185] [INFO] Phase: PREPARE | Receiver: 30025 | Sender: 30007 | Distance:  139.99 m | Delay: 0.6991s | Size: 16778992 bit
[2025-03-20 12:17:17,220] [INFO] Phase: PREPARE | Receiver: 30025 | Sender: 30016 | Distance:   85.46 m | Delay: 0.4661s | Size: 16778984 bit
[2025-03-20 12:17:17,239] [INFO] Phase: PREPARE | Receiver: 30025 | Sender: 30022 | Distance:  169.84 m | Delay: 0.9322s | Size: 16778984 bit
[2025-03-20 12:17:17,371] [INFO] Phase: COMMIT | Receiver: 30025 | Sender: 30022 | Distance:  169.84 m | Delay: 0.9322s | Size: 16778984 bit
[2025-03-20 12:17:17,383] [INFO] Phase: PRE-REPLY | Receiver: 30034 | Sender: 30025 | Distance:  169.84 m | Delay: 0.9322s | Size: 16778160 bit
[2025-03-20 12:17:17,509] [INFO] Phase: COMMIT | Receiver: 30025 | Sender: 30008 | Distance:  138.94 m | Delay: 0.6991s | Size: 16778992 bit
[2025-03-20 12:17:17,584] [INFO] Phase: COMMIT | Receiver: 30025 | Sender: 30016 | Distance:   85.46 m | Delay: 0.4661s | Size: 16778984 bit
[2025-03-20 12:17:17,601] [INFO] Phase: COMMIT | Receiver: 30025 | Sender: 30033 | Distance:   82.86 m | Delay: 0.4661s | Size: 16778984 bit
[2025-03-20 12:17:17,618] [INFO] Phase: COMMIT | Receiver: 30025 | Sender: 30020 | Distance:  157.44 m | Delay: 0.9322s | Size: 16779000 bit
[2025-03-20 12:17:17,650] [INFO] Phase: COMMIT | Receiver: 30025 | Sender: 30007 | Distance:  139.99 m | Delay: 0.6991s | Size: 16778992 bit
[2025-03-20 12:17:17,667] [INFO] Phase: COMMIT | Receiver: 30025 | Sender: 30029 | Distance:   85.46 m | Delay: 0.4661s | Size: 16778992 bit
[2025-03-20 12:17:35,295] [INFO] Phase: PRE-PREPARE | Receiver: 30025 | Sender: 30008 | Distance:  138.94 m | Delay: 0.6992s | Size: 16781056 bit
[2025-03-20 12:17:35,300] [INFO] Phase: PREPARE-BROADCAST | Receiver: ALL | Sender: 30025 | Distance:  138.94 m | Delay: 0.6992s | Size: 16778152 bit
[2025-03-20 12:17:35,671] [INFO] Phase: PREPARE | Receiver: 30025 | Sender: 30039 | Distance:  197.88 m | Delay: 0.9322s | Size: 16778992 bit
[2025-03-20 12:17:35,675] [INFO] Phase: COMMIT-BROADCAST | Receiver: ALL | Sender: 30025 | Distance:  197.88 m | Delay: 0.9322s | Size: 16778160 bit
[2025-03-20 12:17:35,836] [INFO] Phase: PREPARE | Receiver: 30025 | Sender: 30020 | Distance:  157.44 m | Delay: 0.9322s | Size: 16779000 bit
[2025-03-20 12:17:36,119] [INFO] Phase: COMMIT | Receiver: 30025 | Sender: 30039 | Distance:  197.88 m | Delay: 0.9322s | Size: 16778992 bit
[2025-03-20 12:17:36,325] [INFO] Phase: PREPARE | Receiver: 30025 | Sender: 30033 | Distance:   82.86 m | Delay: 0.4661s | Size: 16778992 bit
[2025-03-20 12:17:36,388] [INFO] Phase: PREPARE | Receiver: 30025 | Sender: 30029 | Distance:   85.46 m | Delay: 0.4661s | Size: 16778984 bit
[2025-03-20 12:17:36,485] [INFO] Phase: PREPARE | Receiver: 30025 | Sender: 30022 | Distance:  169.84 m | Delay: 0.9322s | Size: 16778992 bit
[2025-03-20 12:17:36,515] [INFO] Phase: PREPARE | Receiver: 30025 | Sender: 30007 | Distance:  139.99 m | Delay: 0.6991s | Size: 16778992 bit
[2025-03-20 12:17:36,551] [INFO] Phase: PREPARE | Receiver: 30025 | Sender: 30016 | Distance:   85.46 m | Delay: 0.4661s | Size: 16778984 bit
[2025-03-20 12:17:36,690] [INFO] Phase: COMMIT | Receiver: 30025 | Sender: 30022 | Distance:  169.84 m | Delay: 0.9322s | Size: 16778992 bit
[2025-03-20 12:17:36,698] [INFO] Phase: PRE-REPLY | Receiver: 30034 | Sender: 30025 | Distance:  169.84 m | Delay: 0.9322s | Size: 16778160 bit
[2025-03-20 12:17:36,836] [INFO] Phase: COMMIT | Receiver: 30025 | Sender: 30033 | Distance:   82.86 m | Delay: 0.4661s | Size: 16778984 bit
[2025-03-20 12:17:36,882] [INFO] Phase: COMMIT | Receiver: 30025 | Sender: 30016 | Distance:   85.46 m | Delay: 0.4661s | Size: 16778992 bit
[2025-03-20 12:17:36,945] [INFO] Phase: COMMIT | Receiver: 30025 | Sender: 30029 | Distance:   85.46 m | Delay: 0.4661s | Size: 16778992 bit
[2025-03-20 12:17:36,967] [INFO] Phase: COMMIT | Receiver: 30025 | Sender: 30007 | Distance:  139.99 m | Delay: 0.6991s | Size: 16778984 bit
[2025-03-20 12:17:36,983] [INFO] Phase: COMMIT | Receiver: 30025 | Sender: 30020 | Distance:  157.44 m | Delay: 0.9322s | Size: 16779000 bit
[2025-03-20 12:17:36,998] [INFO] Phase: COMMIT | Receiver: 30025 | Sender: 30008 | Distance:  138.94 m | Delay: 0.6991s | Size: 16778992 bit
[2025-03-20 12:17:44,151] [INFO] Phase: PRE-PREPARE | Receiver: 30025 | Sender: 30008 | Distance:  138.94 m | Delay: 0.6992s | Size: 16781056 bit
[2025-03-20 12:17:44,153] [INFO] Phase: PREPARE-BROADCAST | Receiver: ALL | Sender: 30025 | Distance:  138.94 m | Delay: 0.6992s | Size: 16778160 bit
[2025-03-20 12:17:44,502] [INFO] Phase: PREPARE | Receiver: 30025 | Sender: 30039 | Distance:  197.88 m | Delay: 0.9322s | Size: 16779000 bit
[2025-03-20 12:17:44,506] [INFO] Phase: COMMIT-BROADCAST | Receiver: ALL | Sender: 30025 | Distance:  197.88 m | Delay: 0.9322s | Size: 16778152 bit
[2025-03-20 12:17:44,644] [INFO] Phase: PREPARE | Receiver: 30025 | Sender: 30020 | Distance:  157.44 m | Delay: 0.9322s | Size: 16779000 bit
[2025-03-20 12:17:44,906] [INFO] Phase: COMMIT | Receiver: 30025 | Sender: 30039 | Distance:  197.88 m | Delay: 0.9322s | Size: 16778992 bit
[2025-03-20 12:17:45,217] [INFO] Phase: PREPARE | Receiver: 30025 | Sender: 30022 | Distance:  169.84 m | Delay: 0.9322s | Size: 16778992 bit
[2025-03-20 12:17:45,352] [INFO] Phase: PREPARE | Receiver: 30025 | Sender: 30007 | Distance:  139.99 m | Delay: 0.6991s | Size: 16778992 bit
[2025-03-20 12:17:45,375] [INFO] Phase: PREPARE | Receiver: 30025 | Sender: 30029 | Distance:   85.46 m | Delay: 0.4661s | Size: 16778992 bit
[2025-03-20 12:17:45,407] [INFO] Phase: PREPARE | Receiver: 30025 | Sender: 30033 | Distance:   82.86 m | Delay: 0.4661s | Size: 16778984 bit
[2025-03-20 12:17:45,439] [INFO] Phase: PREPARE | Receiver: 30025 | Sender: 30016 | Distance:   85.46 m | Delay: 0.4661s | Size: 16778992 bit
[2025-03-20 12:17:45,528] [INFO] Phase: COMMIT | Receiver: 30025 | Sender: 30022 | Distance:  169.84 m | Delay: 0.9322s | Size: 16778992 bit
[2025-03-20 12:17:45,538] [INFO] Phase: PRE-REPLY | Receiver: 30034 | Sender: 30025 | Distance:  169.84 m | Delay: 0.9322s | Size: 16778152 bit
[2025-03-20 12:17:45,702] [INFO] Phase: COMMIT | Receiver: 30025 | Sender: 30033 | Distance:   82.86 m | Delay: 0.4661s | Size: 16778992 bit
[2025-03-20 12:17:45,801] [INFO] Phase: COMMIT | Receiver: 30025 | Sender: 30020 | Distance:  157.44 m | Delay: 0.9322s | Size: 16779000 bit
[2025-03-20 12:17:45,831] [INFO] Phase: COMMIT | Receiver: 30025 | Sender: 30007 | Distance:  139.99 m | Delay: 0.6991s | Size: 16778992 bit
[2025-03-20 12:17:45,844] [INFO] Phase: COMMIT | Receiver: 30025 | Sender: 30008 | Distance:  138.94 m | Delay: 0.6991s | Size: 16778992 bit
[2025-03-20 12:17:45,858] [INFO] Phase: COMMIT | Receiver: 30025 | Sender: 30029 | Distance:   85.46 m | Delay: 0.4661s | Size: 16778992 bit
[2025-03-20 12:17:45,878] [INFO] Phase: COMMIT | Receiver: 30025 | Sender: 30016 | Distance:   85.46 m | Delay: 0.4661s | Size: 16778992 bit
[2025-03-20 12:17:53,057] [INFO] Phase: PRE-PREPARE | Receiver: 30025 | Sender: 30008 | Distance:  138.94 m | Delay: 0.6992s | Size: 16781064 bit
[2025-03-20 12:17:53,061] [INFO] Phase: PREPARE-BROADCAST | Receiver: ALL | Sender: 30025 | Distance:  138.94 m | Delay: 0.6992s | Size: 16778152 bit
[2025-03-20 12:17:53,414] [INFO] Phase: PREPARE | Receiver: 30025 | Sender: 30039 | Distance:  197.88 m | Delay: 0.9322s | Size: 16779000 bit
[2025-03-20 12:17:53,416] [INFO] Phase: COMMIT-BROADCAST | Receiver: ALL | Sender: 30025 | Distance:  197.88 m | Delay: 0.9322s | Size: 16778160 bit
[2025-03-20 12:17:53,573] [INFO] Phase: PREPARE | Receiver: 30025 | Sender: 30020 | Distance:  157.44 m | Delay: 0.9322s | Size: 16779000 bit
[2025-03-20 12:17:53,767] [INFO] Phase: COMMIT | Receiver: 30025 | Sender: 30039 | Distance:  197.88 m | Delay: 0.9322s | Size: 16779000 bit
[2025-03-20 12:17:54,268] [INFO] Phase: PREPARE | Receiver: 30025 | Sender: 30022 | Distance:  169.84 m | Delay: 0.9322s | Size: 16778992 bit
[2025-03-20 12:17:54,291] [INFO] Phase: PREPARE | Receiver: 30025 | Sender: 30033 | Distance:   82.86 m | Delay: 0.4661s | Size: 16778976 bit
[2025-03-20 12:17:54,313] [INFO] Phase: PREPARE | Receiver: 30025 | Sender: 30007 | Distance:  139.99 m | Delay: 0.6991s | Size: 16778992 bit
[2025-03-20 12:17:54,340] [INFO] Phase: PREPARE | Receiver: 30025 | Sender: 30029 | Distance:   85.46 m | Delay: 0.4661s | Size: 16778984 bit
[2025-03-20 12:17:54,380] [INFO] Phase: PREPARE | Receiver: 30025 | Sender: 30016 | Distance:   85.46 m | Delay: 0.4661s | Size: 16778992 bit
[2025-03-20 12:17:54,459] [INFO] Phase: COMMIT | Receiver: 30025 | Sender: 30022 | Distance:  169.84 m | Delay: 0.9322s | Size: 16778992 bit
[2025-03-20 12:17:54,469] [INFO] Phase: PRE-REPLY | Receiver: 30034 | Sender: 30025 | Distance:  169.84 m | Delay: 0.9322s | Size: 16778160 bit
[2025-03-20 12:17:54,626] [INFO] Phase: COMMIT | Receiver: 30025 | Sender: 30016 | Distance:   85.46 m | Delay: 0.4661s | Size: 16778976 bit
[2025-03-20 12:17:54,670] [INFO] Phase: COMMIT | Receiver: 30025 | Sender: 30033 | Distance:   82.86 m | Delay: 0.4661s | Size: 16778992 bit
[2025-03-20 12:17:54,726] [INFO] Phase: COMMIT | Receiver: 30025 | Sender: 30020 | Distance:  157.44 m | Delay: 0.9322s | Size: 16779000 bit
[2025-03-20 12:17:54,745] [INFO] Phase: COMMIT | Receiver: 30025 | Sender: 30029 | Distance:   85.46 m | Delay: 0.4661s | Size: 16778992 bit
[2025-03-20 12:17:54,771] [INFO] Phase: COMMIT | Receiver: 30025 | Sender: 30008 | Distance:  138.94 m | Delay: 0.6991s | Size: 16778976 bit
[2025-03-20 12:17:54,787] [INFO] Phase: COMMIT | Receiver: 30025 | Sender: 30007 | Distance:  139.99 m | Delay: 0.6991s | Size: 16778984 bit
[2025-03-20 12:18:57,311] [INFO] Node started: localhost:30025 | index= 26 | f=1, k=4
[2025-03-20 12:19:09,579] [INFO] Phase: PRE-PREPARE | Receiver: 30025 | Sender: 30023 | Distance:   84.67 m | Delay: 0.4661s | Size: 16781080 bit
[2025-03-20 12:19:09,579] [INFO] Phase: PREPARE-BROADCAST | Receiver: ALL | Sender: 30025 | Distance:   84.67 m | Delay: 0.4661s | Size: 16778160 bit
[2025-03-20 12:19:09,937] [INFO] Phase: PREPARE | Receiver: 30025 | Sender: 30026 | Distance:   89.30 m | Delay: 0.4661s | Size: 16778992 bit
[2025-03-20 12:19:09,944] [INFO] Phase: COMMIT-BROADCAST | Receiver: ALL | Sender: 30025 | Distance:   89.30 m | Delay: 0.4661s | Size: 16778160 bit
[2025-03-20 12:19:10,036] [INFO] Phase: PREPARE | Receiver: 30025 | Sender: 30000 | Distance:   52.50 m | Delay: 0.4661s | Size: 16778992 bit
[2025-03-20 12:19:10,166] [INFO] Phase: PREPARE | Receiver: 30025 | Sender: 30031 | Distance:   52.50 m | Delay: 0.4661s | Size: 16778992 bit
[2025-03-20 12:19:10,351] [INFO] Phase: PREPARE | Receiver: 30025 | Sender: 30008 | Distance:   69.83 m | Delay: 0.4661s | Size: 16778992 bit
[2025-03-20 12:19:10,446] [INFO] Phase: COMMIT | Receiver: 30025 | Sender: 30026 | Distance:   89.30 m | Delay: 0.4661s | Size: 16778992 bit
[2025-03-20 12:19:10,509] [INFO] Phase: COMMIT | Receiver: 30025 | Sender: 30000 | Distance:   52.50 m | Delay: 0.4661s | Size: 16778992 bit
[2025-03-20 12:19:10,509] [INFO] Phase: PRE-REPLY | Receiver: 30033 | Sender: 30025 | Distance:   52.50 m | Delay: 0.4661s | Size: 16778160 bit
[2025-03-20 12:19:10,572] [INFO] Phase: PREPARE | Receiver: 30025 | Sender: 30001 | Distance:  116.31 m | Delay: 0.6991s | Size: 16779000 bit
[2025-03-20 12:19:10,604] [INFO] Phase: PREPARE | Receiver: 30025 | Sender: 30017 | Distance:  152.79 m | Delay: 0.9322s | Size: 16778992 bit
[2025-03-20 12:19:10,683] [INFO] Phase: COMMIT | Receiver: 30025 | Sender: 30008 | Distance:   69.83 m | Delay: 0.4661s | Size: 16778992 bit
[2025-03-20 12:19:10,715] [INFO] Phase: COMMIT | Receiver: 30025 | Sender: 30031 | Distance:   52.50 m | Delay: 0.4661s | Size: 16778992 bit
[2025-03-20 12:19:10,747] [INFO] Phase: COMMIT | Receiver: 30025 | Sender: 30023 | Distance:   84.67 m | Delay: 0.4661s | Size: 16778992 bit
[2025-03-20 12:19:10,810] [INFO] Phase: PREPARE | Receiver: 30025 | Sender: 30015 | Distance:  151.52 m | Delay: 0.9322s | Size: 16778992 bit
[2025-03-20 12:19:10,920] [INFO] Phase: COMMIT | Receiver: 30025 | Sender: 30017 | Distance:  152.79 m | Delay: 0.9322s | Size: 16778984 bit
[2025-03-20 12:19:10,952] [INFO] Phase: COMMIT | Receiver: 30025 | Sender: 30001 | Distance:  116.31 m | Delay: 0.6991s | Size: 16779000 bit
[2025-03-20 12:19:11,125] [INFO] Phase: COMMIT | Receiver: 30025 | Sender: 30015 | Distance:  151.52 m | Delay: 0.9322s | Size: 16779000 bit
[2025-03-20 12:19:18,128] [INFO] Phase: PRE-PREPARE | Receiver: 30025 | Sender: 30023 | Distance:   84.67 m | Delay: 0.4661s | Size: 16781080 bit
[2025-03-20 12:19:18,132] [INFO] Phase: PREPARE-BROADCAST | Receiver: ALL | Sender: 30025 | Distance:   84.67 m | Delay: 0.4661s | Size: 16778152 bit
[2025-03-20 12:19:18,426] [INFO] Phase: PREPARE | Receiver: 30025 | Sender: 30026 | Distance:   89.30 m | Delay: 0.4661s | Size: 16778984 bit
[2025-03-20 12:19:18,431] [INFO] Phase: COMMIT-BROADCAST | Receiver: ALL | Sender: 30025 | Distance:   89.30 m | Delay: 0.4661s | Size: 16778160 bit
[2025-03-20 12:19:18,518] [INFO] Phase: PREPARE | Receiver: 30025 | Sender: 30000 | Distance:   52.50 m | Delay: 0.4661s | Size: 16778992 bit
[2025-03-20 12:19:18,698] [INFO] Phase: PREPARE | Receiver: 30025 | Sender: 30031 | Distance:   52.50 m | Delay: 0.4661s | Size: 16778992 bit
[2025-03-20 12:19:18,898] [INFO] Phase: PREPARE | Receiver: 30025 | Sender: 30008 | Distance:   69.83 m | Delay: 0.4661s | Size: 16778992 bit
[2025-03-20 12:19:18,976] [INFO] Phase: COMMIT | Receiver: 30025 | Sender: 30026 | Distance:   89.30 m | Delay: 0.4661s | Size: 16778992 bit
[2025-03-20 12:19:19,019] [INFO] Phase: COMMIT | Receiver: 30025 | Sender: 30000 | Distance:   52.50 m | Delay: 0.4661s | Size: 16778984 bit
[2025-03-20 12:19:19,033] [INFO] Phase: PRE-REPLY | Receiver: 30033 | Sender: 30025 | Distance:   52.50 m | Delay: 0.4661s | Size: 16778160 bit
[2025-03-20 12:19:19,159] [INFO] Phase: PREPARE | Receiver: 30025 | Sender: 30017 | Distance:  152.79 m | Delay: 0.9322s | Size: 16778984 bit
[2025-03-20 12:19:19,166] [INFO] Phase: PREPARE | Receiver: 30025 | Sender: 30001 | Distance:  116.31 m | Delay: 0.6991s | Size: 16779000 bit
[2025-03-20 12:19:19,169] [INFO] Phase: COMMIT | Receiver: 30025 | Sender: 30008 | Distance:   69.83 m | Delay: 0.4661s | Size: 16778992 bit
[2025-03-20 12:19:19,212] [INFO] Phase: COMMIT | Receiver: 30025 | Sender: 30031 | Distance:   52.50 m | Delay: 0.4661s | Size: 16778992 bit
[2025-03-20 12:19:19,255] [INFO] Phase: COMMIT | Receiver: 30025 | Sender: 30023 | Distance:   84.67 m | Delay: 0.4661s | Size: 16778984 bit
[2025-03-20 12:19:19,333] [INFO] Phase: PREPARE | Receiver: 30025 | Sender: 30015 | Distance:  151.52 m | Delay: 0.9322s | Size: 16779000 bit
[2025-03-20 12:19:19,433] [INFO] Phase: COMMIT | Receiver: 30025 | Sender: 30017 | Distance:  152.79 m | Delay: 0.9322s | Size: 16778992 bit
[2025-03-20 12:19:19,443] [INFO] Phase: COMMIT | Receiver: 30025 | Sender: 30001 | Distance:  116.31 m | Delay: 0.6991s | Size: 16779000 bit
[2025-03-20 12:19:19,650] [INFO] Phase: COMMIT | Receiver: 30025 | Sender: 30015 | Distance:  151.52 m | Delay: 0.9322s | Size: 16779000 bit
[2025-03-20 12:19:26,695] [INFO] Phase: PRE-PREPARE | Receiver: 30025 | Sender: 30023 | Distance:   84.67 m | Delay: 0.4661s | Size: 16781080 bit
[2025-03-20 12:19:26,703] [INFO] Phase: PREPARE-BROADCAST | Receiver: ALL | Sender: 30025 | Distance:   84.67 m | Delay: 0.4661s | Size: 16778152 bit
[2025-03-20 12:19:27,052] [INFO] Phase: PREPARE | Receiver: 30025 | Sender: 30026 | Distance:   89.30 m | Delay: 0.4661s | Size: 16778984 bit
[2025-03-20 12:19:27,060] [INFO] Phase: COMMIT-BROADCAST | Receiver: ALL | Sender: 30025 | Distance:   89.30 m | Delay: 0.4661s | Size: 16778160 bit
[2025-03-20 12:19:27,161] [INFO] Phase: PREPARE | Receiver: 30025 | Sender: 30000 | Distance:   52.50 m | Delay: 0.4661s | Size: 16778992 bit
[2025-03-20 12:19:27,260] [INFO] Phase: PREPARE | Receiver: 30025 | Sender: 30031 | Distance:   52.50 m | Delay: 0.4661s | Size: 16778992 bit
[2025-03-20 12:19:27,447] [INFO] Phase: PREPARE | Receiver: 30025 | Sender: 30008 | Distance:   69.83 m | Delay: 0.4661s | Size: 16778992 bit
[2025-03-20 12:19:27,607] [INFO] Phase: COMMIT | Receiver: 30025 | Sender: 30000 | Distance:   52.50 m | Delay: 0.4661s | Size: 16778992 bit
[2025-03-20 12:19:27,635] [INFO] Phase: COMMIT | Receiver: 30025 | Sender: 30026 | Distance:   89.30 m | Delay: 0.4661s | Size: 16778992 bit
[2025-03-20 12:19:27,641] [INFO] Phase: PRE-REPLY | Receiver: 30033 | Sender: 30025 | Distance:   89.30 m | Delay: 0.4661s | Size: 16778160 bit
[2025-03-20 12:19:27,682] [INFO] Phase: PREPARE | Receiver: 30025 | Sender: 30001 | Distance:  116.31 m | Delay: 0.6991s | Size: 16779000 bit
[2025-03-20 12:19:27,721] [INFO] Phase: PREPARE | Receiver: 30025 | Sender: 30017 | Distance:  152.79 m | Delay: 0.9322s | Size: 16778992 bit
[2025-03-20 12:19:27,801] [INFO] Phase: COMMIT | Receiver: 30025 | Sender: 30008 | Distance:   69.83 m | Delay: 0.4661s | Size: 16778992 bit
[2025-03-20 12:19:27,843] [INFO] Phase: COMMIT | Receiver: 30025 | Sender: 30023 | Distance:   84.67 m | Delay: 0.4661s | Size: 16778992 bit
[2025-03-20 12:19:27,865] [INFO] Phase: COMMIT | Receiver: 30025 | Sender: 30031 | Distance:   52.50 m | Delay: 0.4661s | Size: 16778992 bit
[2025-03-20 12:19:27,911] [INFO] Phase: PREPARE | Receiver: 30025 | Sender: 30015 | Distance:  151.52 m | Delay: 0.9322s | Size: 16779000 bit
[2025-03-20 12:19:28,057] [INFO] Phase: COMMIT | Receiver: 30025 | Sender: 30017 | Distance:  152.79 m | Delay: 0.9322s | Size: 16778984 bit
[2025-03-20 12:19:28,057] [INFO] Phase: COMMIT | Receiver: 30025 | Sender: 30001 | Distance:  116.31 m | Delay: 0.6991s | Size: 16779000 bit
[2025-03-20 12:19:28,239] [INFO] Phase: COMMIT | Receiver: 30025 | Sender: 30015 | Distance:  151.52 m | Delay: 0.9322s | Size: 16779000 bit
[2025-03-20 12:39:38,737] [INFO] Node started: localhost:30025 | index= 26 | f=1, k=4
[2025-03-20 12:40:03,002] [INFO] Phase: PRE-PREPARE | Receiver: 30025 | Sender: 30110 | Distance:   52.58 m | Delay: 0.4662s | Size: 16782208 bit
[2025-03-20 12:40:03,002] [INFO] Phase: PREPARE-BROADCAST | Receiver: ALL | Sender: 30025 | Distance:   52.58 m | Delay: 0.4662s | Size: 16778160 bit
[2025-03-20 12:40:03,192] [INFO] Phase: PREPARE | Receiver: 30025 | Sender: 30063 | Distance:   94.45 m | Delay: 0.4661s | Size: 16778984 bit
[2025-03-20 12:40:03,208] [INFO] Phase: COMMIT-BROADCAST | Receiver: ALL | Sender: 30025 | Distance:   94.45 m | Delay: 0.4661s | Size: 16778160 bit
[2025-03-20 12:40:04,481] [INFO] Phase: PREPARE | Receiver: 30025 | Sender: 30064 | Distance:   56.96 m | Delay: 0.4661s | Size: 16778992 bit
[2025-03-20 12:40:04,919] [INFO] Phase: PREPARE | Receiver: 30025 | Sender: 30005 | Distance:  105.80 m | Delay: 0.6991s | Size: 16778992 bit
[2025-03-20 12:40:05,060] [INFO] Phase: PREPARE | Receiver: 30025 | Sender: 30097 | Distance:  127.06 m | Delay: 0.6991s | Size: 16779000 bit
[2025-03-20 12:40:05,097] [INFO] Phase: COMMIT | Receiver: 30025 | Sender: 30064 | Distance:   56.96 m | Delay: 0.4661s | Size: 16778984 bit
[2025-03-20 12:40:05,235] [INFO] Phase: PREPARE | Receiver: 30025 | Sender: 30040 | Distance:  103.67 m | Delay: 0.6991s | Size: 16778992 bit
[2025-03-20 12:40:05,280] [INFO] Phase: PREPARE | Receiver: 30025 | Sender: 30037 | Distance:  118.61 m | Delay: 0.6991s | Size: 16778992 bit
[2025-03-20 12:40:05,325] [INFO] Phase: PREPARE | Receiver: 30025 | Sender: 30071 | Distance:   89.00 m | Delay: 0.4661s | Size: 16778984 bit
[2025-03-20 12:40:05,412] [INFO] Phase: PREPARE | Receiver: 30025 | Sender: 30045 | Distance:   96.61 m | Delay: 0.4661s | Size: 16778984 bit
[2025-03-20 12:40:05,463] [INFO] Phase: PREPARE | Receiver: 30025 | Sender: 30006 | Distance:   58.81 m | Delay: 0.4661s | Size: 16778984 bit
[2025-03-20 12:40:05,549] [INFO] Phase: COMMIT | Receiver: 30025 | Sender: 30040 | Distance:  103.67 m | Delay: 0.6991s | Size: 16778992 bit
[2025-03-20 12:40:05,558] [INFO] Phase: PRE-REPLY | Receiver: 30016 | Sender: 30025 | Distance:  103.67 m | Delay: 0.6991s | Size: 16778160 bit
[2025-03-20 12:40:05,624] [INFO] Phase: PREPARE | Receiver: 30025 | Sender: 30009 | Distance:  128.30 m | Delay: 0.6991s | Size: 16779000 bit
[2025-03-20 12:40:05,650] [INFO] Phase: PREPARE | Receiver: 30025 | Sender: 30096 | Distance:  119.14 m | Delay: 0.6991s | Size: 16779000 bit
[2025-03-20 12:40:05,680] [INFO] Phase: PREPARE | Receiver: 30025 | Sender: 30092 | Distance:  144.04 m | Delay: 0.6991s | Size: 16778992 bit
[2025-03-20 12:40:05,741] [INFO] Phase: PREPARE | Receiver: 30025 | Sender: 30074 | Distance:   93.19 m | Delay: 0.4661s | Size: 16778992 bit
[2025-03-20 12:40:05,788] [INFO] Phase: COMMIT | Receiver: 30025 | Sender: 30006 | Distance:   58.81 m | Delay: 0.4661s | Size: 16778992 bit
[2025-03-20 12:40:05,818] [INFO] Phase: COMMIT | Receiver: 30025 | Sender: 30071 | Distance:   89.00 m | Delay: 0.4661s | Size: 16778984 bit
[2025-03-20 12:40:05,893] [INFO] Phase: PREPARE | Receiver: 30025 | Sender: 30090 | Distance:  133.86 m | Delay: 0.6991s | Size: 16779000 bit
[2025-03-20 12:40:05,921] [INFO] Phase: COMMIT | Receiver: 30025 | Sender: 30005 | Distance:  105.80 m | Delay: 0.6991s | Size: 16779000 bit
[2025-03-20 12:40:05,962] [INFO] Phase: PREPARE | Receiver: 30025 | Sender: 30028 | Distance:  157.98 m | Delay: 0.9322s | Size: 16779000 bit
[2025-03-20 12:40:05,992] [INFO] Phase: PREPARE | Receiver: 30025 | Sender: 30011 | Distance:  141.30 m | Delay: 0.6991s | Size: 16778992 bit
[2025-03-20 12:40:06,053] [INFO] Phase: PREPARE | Receiver: 30025 | Sender: 30116 | Distance:  144.03 m | Delay: 0.6991s | Size: 16778992 bit
[2025-03-20 12:40:06,164] [INFO] Phase: COMMIT | Receiver: 30025 | Sender: 30063 | Distance:   94.45 m | Delay: 0.4661s | Size: 16778992 bit
[2025-03-20 12:40:06,209] [INFO] Phase: COMMIT | Receiver: 30025 | Sender: 30037 | Distance:  118.61 m | Delay: 0.6991s | Size: 16779000 bit
[2025-03-20 12:40:06,239] [INFO] Phase: COMMIT | Receiver: 30025 | Sender: 30097 | Distance:  127.06 m | Delay: 0.6991s | Size: 16779000 bit
[2025-03-20 12:40:06,264] [INFO] Phase: PREPARE | Receiver: 30025 | Sender: 30068 | Distance:  125.86 m | Delay: 0.6991s | Size: 16778992 bit
[2025-03-20 12:40:06,294] [INFO] Phase: COMMIT | Receiver: 30025 | Sender: 30045 | Distance:   96.61 m | Delay: 0.4661s | Size: 16778992 bit
[2025-03-20 12:40:06,373] [INFO] Phase: PREPARE | Receiver: 30025 | Sender: 30023 | Distance:  144.77 m | Delay: 0.6991s | Size: 16778992 bit
[2025-03-20 12:40:06,450] [INFO] Phase: COMMIT | Receiver: 30025 | Sender: 30068 | Distance:  125.86 m | Delay: 0.6991s | Size: 16778992 bit
[2025-03-20 12:40:06,481] [INFO] Phase: COMMIT | Receiver: 30025 | Sender: 30090 | Distance:  133.86 m | Delay: 0.6991s | Size: 16779000 bit
[2025-03-20 12:40:06,515] [INFO] Phase: PREPARE | Receiver: 30025 | Sender: 30081 | Distance:  165.50 m | Delay: 0.9322s | Size: 16778992 bit
[2025-03-20 12:40:06,568] [INFO] Phase: PREPARE | Receiver: 30025 | Sender: 30043 | Distance:  144.04 m | Delay: 0.6991s | Size: 16779000 bit
[2025-03-20 12:40:06,598] [INFO] Phase: COMMIT | Receiver: 30025 | Sender: 30096 | Distance:  119.14 m | Delay: 0.6991s | Size: 16778992 bit
[2025-03-20 12:40:06,640] [INFO] Phase: COMMIT | Receiver: 30025 | Sender: 30074 | Distance:   93.19 m | Delay: 0.4661s | Size: 16778992 bit
[2025-03-20 12:40:06,683] [INFO] Phase: PREPARE | Receiver: 30025 | Sender: 30014 | Distance:  135.03 m | Delay: 0.6991s | Size: 16779000 bit
[2025-03-20 12:40:06,740] [INFO] Phase: COMMIT | Receiver: 30025 | Sender: 30023 | Distance:  144.77 m | Delay: 0.6991s | Size: 16778992 bit
[2025-03-20 12:40:06,792] [INFO] Phase: PREPARE | Receiver: 30025 | Sender: 30013 | Distance:  175.98 m | Delay: 0.9322s | Size: 16779000 bit
[2025-03-20 12:40:06,834] [INFO] Phase: COMMIT | Receiver: 30025 | Sender: 30081 | Distance:  165.50 m | Delay: 0.9322s | Size: 16779000 bit
[2025-03-20 12:40:06,883] [INFO] Phase: COMMIT | Receiver: 30025 | Sender: 30110 | Distance:   52.58 m | Delay: 0.4661s | Size: 16778992 bit
[2025-03-20 12:40:06,940] [INFO] Phase: COMMIT | Receiver: 30025 | Sender: 30092 | Distance:  144.04 m | Delay: 0.6991s | Size: 16779000 bit
[2025-03-20 12:40:06,972] [INFO] Phase: COMMIT | Receiver: 30025 | Sender: 30014 | Distance:  135.03 m | Delay: 0.6991s | Size: 16779000 bit
[2025-03-20 12:40:07,005] [INFO] Phase: COMMIT | Receiver: 30025 | Sender: 30043 | Distance:  144.04 m | Delay: 0.6991s | Size: 16779000 bit
[2025-03-20 12:40:07,070] [INFO] Phase: COMMIT | Receiver: 30025 | Sender: 30116 | Distance:  144.03 m | Delay: 0.6991s | Size: 16778992 bit
[2025-03-20 12:40:07,122] [INFO] Phase: PREPARE | Receiver: 30025 | Sender: 30099 | Distance:  159.38 m | Delay: 0.9322s | Size: 16779000 bit
[2025-03-20 12:40:07,145] [INFO] Phase: COMMIT | Receiver: 30025 | Sender: 30013 | Distance:  175.98 m | Delay: 0.9322s | Size: 16779000 bit
[2025-03-20 12:40:07,184] [INFO] Phase: PREPARE | Receiver: 30025 | Sender: 30053 | Distance:  192.99 m | Delay: 0.9322s | Size: 16779000 bit
[2025-03-20 12:40:07,203] [INFO] Phase: COMMIT | Receiver: 30025 | Sender: 30011 | Distance:  141.30 m | Delay: 0.6991s | Size: 16779000 bit
[2025-03-20 12:40:07,234] [INFO] Phase: COMMIT | Receiver: 30025 | Sender: 30028 | Distance:  157.98 m | Delay: 0.9322s | Size: 16779000 bit
[2025-03-20 12:40:07,266] [INFO] Phase: PREPARE | Receiver: 30025 | Sender: 30065 | Distance:  198.01 m | Delay: 0.9322s | Size: 16779000 bit
[2025-03-20 12:40:07,298] [INFO] Phase: COMMIT | Receiver: 30025 | Sender: 30099 | Distance:  159.38 m | Delay: 0.9322s | Size: 16779000 bit
[2025-03-20 12:40:07,319] [INFO] Phase: COMMIT | Receiver: 30025 | Sender: 30065 | Distance:  198.01 m | Delay: 0.9322s | Size: 16778992 bit
[2025-03-20 12:40:07,331] [INFO] Phase: COMMIT | Receiver: 30025 | Sender: 30053 | Distance:  192.99 m | Delay: 0.9322s | Size: 16779000 bit
[2025-03-20 12:40:07,362] [INFO] Phase: PREPARE | Receiver: 30025 | Sender: 30073 | Distance:  173.42 m | Delay: 0.9322s | Size: 16779000 bit
[2025-03-20 12:40:07,379] [INFO] Phase: COMMIT | Receiver: 30025 | Sender: 30073 | Distance:  173.42 m | Delay: 0.9322s | Size: 16779000 bit
[2025-03-20 12:40:07,411] [INFO] Phase: COMMIT | Receiver: 30025 | Sender: 30009 | Distance:  128.30 m | Delay: 0.6991s | Size: 16779000 bit
[2025-03-20 12:40:10,857] [INFO] Phase: PRE-PREPARE | Receiver: 30025 | Sender: 30110 | Distance:   52.58 m | Delay: 0.4662s | Size: 16782208 bit
[2025-03-20 12:40:10,871] [INFO] Phase: PREPARE-BROADCAST | Receiver: ALL | Sender: 30025 | Distance:   52.58 m | Delay: 0.4662s | Size: 16778160 bit
[2025-03-20 12:40:11,339] [INFO] Phase: PREPARE | Receiver: 30025 | Sender: 30040 | Distance:  103.67 m | Delay: 0.6991s | Size: 16779000 bit
[2025-03-20 12:40:11,355] [INFO] Phase: COMMIT-BROADCAST | Receiver: ALL | Sender: 30025 | Distance:  103.67 m | Delay: 0.6991s | Size: 16778160 bit
[2025-03-20 12:40:11,389] [INFO] Phase: PREPARE | Receiver: 30025 | Sender: 30064 | Distance:   56.96 m | Delay: 0.4661s | Size: 16778992 bit
[2025-03-20 12:40:13,740] [INFO] Phase: PREPARE | Receiver: 30025 | Sender: 30063 | Distance:   94.45 m | Delay: 0.4661s | Size: 16778992 bit
[2025-03-20 12:40:13,843] [INFO] Phase: PREPARE | Receiver: 30025 | Sender: 30006 | Distance:   58.81 m | Delay: 0.4661s | Size: 16778992 bit
[2025-03-20 12:40:13,880] [INFO] Phase: PREPARE | Receiver: 30025 | Sender: 30092 | Distance:  144.04 m | Delay: 0.6991s | Size: 16779000 bit
[2025-03-20 12:40:13,920] [INFO] Phase: PREPARE | Receiver: 30025 | Sender: 30045 | Distance:   96.61 m | Delay: 0.4661s | Size: 16778984 bit
[2025-03-20 12:40:13,966] [INFO] Phase: PREPARE | Receiver: 30025 | Sender: 30037 | Distance:  118.61 m | Delay: 0.6991s | Size: 16779000 bit
[2025-03-20 12:40:14,009] [INFO] Phase: PREPARE | Receiver: 30025 | Sender: 30011 | Distance:  141.30 m | Delay: 0.6991s | Size: 16778992 bit
[2025-03-20 12:40:14,051] [INFO] Phase: COMMIT | Receiver: 30025 | Sender: 30063 | Distance:   94.45 m | Delay: 0.4661s | Size: 16778992 bit
[2025-03-20 12:40:14,120] [INFO] Phase: PREPARE | Receiver: 30025 | Sender: 30090 | Distance:  133.86 m | Delay: 0.6991s | Size: 16779000 bit
[2025-03-20 12:40:14,192] [INFO] Phase: PREPARE | Receiver: 30025 | Sender: 30065 | Distance:  198.01 m | Delay: 0.9322s | Size: 16779000 bit
[2025-03-20 12:40:14,247] [INFO] Phase: PREPARE | Receiver: 30025 | Sender: 30009 | Distance:  128.30 m | Delay: 0.6991s | Size: 16779000 bit
[2025-03-20 12:40:14,284] [INFO] Phase: PREPARE | Receiver: 30025 | Sender: 30014 | Distance:  135.03 m | Delay: 0.6991s | Size: 16779000 bit
[2025-03-20 12:40:14,320] [INFO] Phase: COMMIT | Receiver: 30025 | Sender: 30011 | Distance:  141.30 m | Delay: 0.6991s | Size: 16778992 bit
[2025-03-20 12:40:14,338] [INFO] Phase: PRE-REPLY | Receiver: 30016 | Sender: 30025 | Distance:  141.30 m | Delay: 0.6991s | Size: 16778160 bit
[2025-03-20 12:40:14,407] [INFO] Phase: PREPARE | Receiver: 30025 | Sender: 30074 | Distance:   93.19 m | Delay: 0.4661s | Size: 16778992 bit
[2025-03-20 12:40:14,441] [INFO] Phase: COMMIT | Receiver: 30025 | Sender: 30006 | Distance:   58.81 m | Delay: 0.4661s | Size: 16778992 bit
[2025-03-20 12:40:14,489] [INFO] Phase: PREPARE | Receiver: 30025 | Sender: 30023 | Distance:  144.77 m | Delay: 0.6991s | Size: 16778992 bit
[2025-03-20 12:40:14,524] [INFO] Phase: COMMIT | Receiver: 30025 | Sender: 30090 | Distance:  133.86 m | Delay: 0.6991s | Size: 16779000 bit
[2025-03-20 12:40:14,568] [INFO] Phase: COMMIT | Receiver: 30025 | Sender: 30037 | Distance:  118.61 m | Delay: 0.6991s | Size: 16779000 bit
[2025-03-20 12:40:14,601] [INFO] Phase: PREPARE | Receiver: 30025 | Sender: 30068 | Distance:  125.86 m | Delay: 0.6991s | Size: 16778992 bit
[2025-03-20 12:40:14,627] [INFO] Phase: PREPARE | Receiver: 30025 | Sender: 30081 | Distance:  165.50 m | Delay: 0.9322s | Size: 16779000 bit
[2025-03-20 12:40:14,666] [INFO] Phase: PREPARE | Receiver: 30025 | Sender: 30013 | Distance:  175.98 m | Delay: 0.9322s | Size: 16778992 bit
[2025-03-20 12:40:14,692] [INFO] Phase: COMMIT | Receiver: 30025 | Sender: 30065 | Distance:  198.01 m | Delay: 0.9322s | Size: 16779000 bit
[2025-03-20 12:40:14,718] [INFO] Phase: PREPARE | Receiver: 30025 | Sender: 30053 | Distance:  192.99 m | Delay: 0.9322s | Size: 16779000 bit
[2025-03-20 12:40:14,750] [INFO] Phase: COMMIT | Receiver: 30025 | Sender: 30040 | Distance:  103.67 m | Delay: 0.6991s | Size: 16779000 bit
[2025-03-20 12:40:14,775] [INFO] Phase: COMMIT | Receiver: 30025 | Sender: 30009 | Distance:  128.30 m | Delay: 0.6991s | Size: 16778992 bit
[2025-03-20 12:40:14,799] [INFO] Phase: COMMIT | Receiver: 30025 | Sender: 30014 | Distance:  135.03 m | Delay: 0.6991s | Size: 16778992 bit
[2025-03-20 12:40:14,827] [INFO] Phase: COMMIT | Receiver: 30025 | Sender: 30074 | Distance:   93.19 m | Delay: 0.4661s | Size: 16778992 bit
[2025-03-20 12:40:14,868] [INFO] Phase: PREPARE | Receiver: 30025 | Sender: 30073 | Distance:  173.42 m | Delay: 0.9322s | Size: 16779000 bit
[2025-03-20 12:40:14,908] [INFO] Phase: COMMIT | Receiver: 30025 | Sender: 30023 | Distance:  144.77 m | Delay: 0.6991s | Size: 16778992 bit
[2025-03-20 12:40:14,933] [INFO] Phase: COMMIT | Receiver: 30025 | Sender: 30081 | Distance:  165.50 m | Delay: 0.9322s | Size: 16779000 bit
[2025-03-20 12:40:14,963] [INFO] Phase: COMMIT | Receiver: 30025 | Sender: 30053 | Distance:  192.99 m | Delay: 0.9322s | Size: 16779000 bit
[2025-03-20 12:40:15,003] [INFO] Phase: COMMIT | Receiver: 30025 | Sender: 30045 | Distance:   96.61 m | Delay: 0.4661s | Size: 16778992 bit
[2025-03-20 12:40:15,078] [INFO] Phase: COMMIT | Receiver: 30025 | Sender: 30013 | Distance:  175.98 m | Delay: 0.9322s | Size: 16779000 bit
[2025-03-20 12:40:15,141] [INFO] Phase: COMMIT | Receiver: 30025 | Sender: 30110 | Distance:   52.58 m | Delay: 0.4661s | Size: 16778992 bit
[2025-03-20 12:40:15,183] [INFO] Phase: COMMIT | Receiver: 30025 | Sender: 30092 | Distance:  144.04 m | Delay: 0.6991s | Size: 16779000 bit
[2025-03-20 12:40:15,208] [INFO] Phase: COMMIT | Receiver: 30025 | Sender: 30064 | Distance:   56.96 m | Delay: 0.4661s | Size: 16778992 bit
[2025-03-20 12:40:15,260] [INFO] Phase: PREPARE | Receiver: 30025 | Sender: 30043 | Distance:  144.04 m | Delay: 0.6991s | Size: 16779000 bit
[2025-03-20 12:40:15,297] [INFO] Phase: PREPARE | Receiver: 30025 | Sender: 30028 | Distance:  157.98 m | Delay: 0.9322s | Size: 16779000 bit
[2025-03-20 12:40:15,334] [INFO] Phase: COMMIT | Receiver: 30025 | Sender: 30073 | Distance:  173.42 m | Delay: 0.9322s | Size: 16778992 bit
[2025-03-20 12:40:15,392] [INFO] Phase: COMMIT | Receiver: 30025 | Sender: 30043 | Distance:  144.04 m | Delay: 0.6991s | Size: 16778992 bit
[2025-03-20 12:40:15,429] [INFO] Phase: COMMIT | Receiver: 30025 | Sender: 30068 | Distance:  125.86 m | Delay: 0.6991s | Size: 16778992 bit
[2025-03-20 12:40:15,465] [INFO] Phase: PREPARE | Receiver: 30025 | Sender: 30071 | Distance:   89.00 m | Delay: 0.4661s | Size: 16778984 bit
[2025-03-20 12:40:15,498] [INFO] Phase: PREPARE | Receiver: 30025 | Sender: 30097 | Distance:  127.06 m | Delay: 0.6991s | Size: 16778992 bit
[2025-03-20 12:40:16,129] [INFO] Phase: PREPARE | Receiver: 30025 | Sender: 30005 | Distance:  105.80 m | Delay: 0.6991s | Size: 16779000 bit
[2025-03-20 12:40:16,462] [INFO] Phase: PREPARE | Receiver: 30025 | Sender: 30096 | Distance:  119.14 m | Delay: 0.6991s | Size: 16779000 bit
[2025-03-20 12:40:16,537] [INFO] Phase: PREPARE | Receiver: 30025 | Sender: 30099 | Distance:  159.38 m | Delay: 0.9322s | Size: 16779000 bit
[2025-03-20 12:40:16,594] [INFO] Phase: COMMIT | Receiver: 30025 | Sender: 30005 | Distance:  105.80 m | Delay: 0.6991s | Size: 16779000 bit
[2025-03-20 12:40:16,628] [INFO] Phase: COMMIT | Receiver: 30025 | Sender: 30028 | Distance:  157.98 m | Delay: 0.9322s | Size: 16779000 bit
[2025-03-20 12:40:17,881] [INFO] Phase: PREPARE | Receiver: 30025 | Sender: 30116 | Distance:  144.03 m | Delay: 0.6991s | Size: 16778992 bit
[2025-03-20 12:40:18,147] [INFO] Phase: COMMIT | Receiver: 30025 | Sender: 30071 | Distance:   89.00 m | Delay: 0.4661s | Size: 16778984 bit
[2025-03-20 12:40:18,472] [INFO] Phase: COMMIT | Receiver: 30025 | Sender: 30097 | Distance:  127.06 m | Delay: 0.6991s | Size: 16778992 bit
[2025-03-20 12:40:19,022] [INFO] Phase: COMMIT | Receiver: 30025 | Sender: 30096 | Distance:  119.14 m | Delay: 0.6991s | Size: 16779000 bit
[2025-03-20 12:40:19,515] [INFO] Phase: COMMIT | Receiver: 30025 | Sender: 30099 | Distance:  159.38 m | Delay: 0.9322s | Size: 16779000 bit
[2025-03-20 12:40:21,625] [INFO] Phase: COMMIT | Receiver: 30025 | Sender: 30116 | Distance:  144.03 m | Delay: 0.6991s | Size: 16778992 bit
[2025-03-20 12:40:40,632] [INFO] Phase: PRE-PREPARE | Receiver: 30025 | Sender: 30110 | Distance:   52.58 m | Delay: 0.4662s | Size: 16782208 bit
[2025-03-20 12:40:40,741] [INFO] Phase: PREPARE-BROADCAST | Receiver: ALL | Sender: 30025 | Distance:   52.58 m | Delay: 0.4662s | Size: 16778160 bit
[2025-03-20 12:40:49,477] [INFO] Phase: PREPARE | Receiver: 30025 | Sender: 30064 | Distance:   56.96 m | Delay: 0.4661s | Size: 16778984 bit
[2025-03-20 12:40:49,488] [INFO] Phase: COMMIT-BROADCAST | Receiver: ALL | Sender: 30025 | Distance:   56.96 m | Delay: 0.4661s | Size: 16778160 bit
[2025-03-20 12:40:49,963] [INFO] Phase: PREPARE | Receiver: 30025 | Sender: 30040 | Distance:  103.67 m | Delay: 0.6991s | Size: 16779000 bit
[2025-03-20 12:40:49,991] [INFO] Phase: PREPARE | Receiver: 30025 | Sender: 30006 | Distance:   58.81 m | Delay: 0.4661s | Size: 16778992 bit
[2025-03-20 12:40:50,030] [INFO] Phase: PREPARE | Receiver: 30025 | Sender: 30071 | Distance:   89.00 m | Delay: 0.4661s | Size: 16778984 bit
[2025-03-20 12:40:50,143] [INFO] Phase: PREPARE | Receiver: 30025 | Sender: 30081 | Distance:  165.50 m | Delay: 0.9322s | Size: 16779000 bit
[2025-03-20 12:40:50,173] [INFO] Phase: PREPARE | Receiver: 30025 | Sender: 30092 | Distance:  144.04 m | Delay: 0.6991s | Size: 16779000 bit
[2025-03-20 12:40:50,199] [INFO] Phase: PREPARE | Receiver: 30025 | Sender: 30045 | Distance:   96.61 m | Delay: 0.4661s | Size: 16778992 bit
[2025-03-20 12:40:50,224] [INFO] Phase: PREPARE | Receiver: 30025 | Sender: 30014 | Distance:  135.03 m | Delay: 0.6991s | Size: 16778992 bit
[2025-03-20 12:40:50,249] [INFO] Phase: PREPARE | Receiver: 30025 | Sender: 30065 | Distance:  198.01 m | Delay: 0.9322s | Size: 16779000 bit
[2025-03-20 12:40:50,271] [INFO] Phase: PREPARE | Receiver: 30025 | Sender: 30097 | Distance:  127.06 m | Delay: 0.6991s | Size: 16779000 bit
[2025-03-20 12:40:50,297] [INFO] Phase: PREPARE | Receiver: 30025 | Sender: 30037 | Distance:  118.61 m | Delay: 0.6991s | Size: 16779000 bit
[2025-03-20 12:40:50,323] [INFO] Phase: PREPARE | Receiver: 30025 | Sender: 30011 | Distance:  141.30 m | Delay: 0.6991s | Size: 16779000 bit
[2025-03-20 12:40:50,351] [INFO] Phase: PREPARE | Receiver: 30025 | Sender: 30005 | Distance:  105.80 m | Delay: 0.6991s | Size: 16779000 bit
[2025-03-20 12:40:50,372] [INFO] Phase: PREPARE | Receiver: 30025 | Sender: 30063 | Distance:   94.45 m | Delay: 0.4661s | Size: 16778992 bit
[2025-03-20 12:40:50,550] [INFO] Phase: PREPARE | Receiver: 30025 | Sender: 30068 | Distance:  125.86 m | Delay: 0.6991s | Size: 16778984 bit
[2025-03-20 12:40:50,802] [INFO] Phase: PREPARE | Receiver: 30025 | Sender: 30028 | Distance:  157.98 m | Delay: 0.9322s | Size: 16779000 bit
[2025-03-20 12:40:50,920] [INFO] Phase: PREPARE | Receiver: 30025 | Sender: 30090 | Distance:  133.86 m | Delay: 0.6991s | Size: 16779000 bit
[2025-03-20 12:40:51,209] [INFO] Phase: PREPARE | Receiver: 30025 | Sender: 30116 | Distance:  144.03 m | Delay: 0.6991s | Size: 16778992 bit
[2025-03-20 12:40:51,991] [INFO] Phase: PREPARE | Receiver: 30025 | Sender: 30073 | Distance:  173.42 m | Delay: 0.9322s | Size: 16779000 bit
[2025-03-20 12:40:52,027] [INFO] Phase: PREPARE | Receiver: 30025 | Sender: 30013 | Distance:  175.98 m | Delay: 0.9322s | Size: 16778984 bit
[2025-03-20 12:40:52,058] [INFO] Phase: PREPARE | Receiver: 30025 | Sender: 30043 | Distance:  144.04 m | Delay: 0.6991s | Size: 16779000 bit
[2025-03-20 12:40:52,095] [INFO] Phase: PREPARE | Receiver: 30025 | Sender: 30099 | Distance:  159.38 m | Delay: 0.9322s | Size: 16779000 bit
[2025-03-20 12:40:52,131] [INFO] Phase: PREPARE | Receiver: 30025 | Sender: 30023 | Distance:  144.77 m | Delay: 0.6991s | Size: 16778976 bit
[2025-03-20 12:40:52,172] [INFO] Phase: PREPARE | Receiver: 30025 | Sender: 30009 | Distance:  128.30 m | Delay: 0.6991s | Size: 16778992 bit
[2025-03-20 12:40:52,335] [INFO] Phase: PREPARE | Receiver: 30025 | Sender: 30074 | Distance:   93.19 m | Delay: 0.4661s | Size: 16778992 bit
[2025-03-20 12:40:52,402] [INFO] Phase: COMMIT | Receiver: 30025 | Sender: 30040 | Distance:  103.67 m | Delay: 0.6991s | Size: 16779000 bit
[2025-03-20 12:40:52,607] [INFO] Phase: PREPARE | Receiver: 30025 | Sender: 30053 | Distance:  192.99 m | Delay: 0.9322s | Size: 16779000 bit
[2025-03-20 12:40:52,724] [INFO] Phase: PREPARE | Receiver: 30025 | Sender: 30096 | Distance:  119.14 m | Delay: 0.6991s | Size: 16778992 bit
[2025-03-20 12:40:52,761] [INFO] Phase: COMMIT | Receiver: 30025 | Sender: 30081 | Distance:  165.50 m | Delay: 0.9322s | Size: 16779000 bit
[2025-03-20 12:40:52,773] [INFO] Phase: PRE-REPLY | Receiver: 30016 | Sender: 30025 | Distance:  165.50 m | Delay: 0.9322s | Size: 16778152 bit
[2025-03-20 12:40:52,895] [INFO] Phase: COMMIT | Receiver: 30025 | Sender: 30045 | Distance:   96.61 m | Delay: 0.4661s | Size: 16778992 bit
[2025-03-20 12:40:52,990] [INFO] Phase: COMMIT | Receiver: 30025 | Sender: 30092 | Distance:  144.04 m | Delay: 0.6991s | Size: 16778992 bit
[2025-03-20 12:40:53,139] [INFO] Phase: COMMIT | Receiver: 30025 | Sender: 30005 | Distance:  105.80 m | Delay: 0.6991s | Size: 16779000 bit
[2025-03-20 12:40:53,176] [INFO] Phase: COMMIT | Receiver: 30025 | Sender: 30064 | Distance:   56.96 m | Delay: 0.4661s | Size: 16778984 bit
[2025-03-20 12:40:53,198] [INFO] Phase: COMMIT | Receiver: 30025 | Sender: 30063 | Distance:   94.45 m | Delay: 0.4661s | Size: 16778992 bit
[2025-03-20 12:40:53,220] [INFO] Phase: COMMIT | Receiver: 30025 | Sender: 30011 | Distance:  141.30 m | Delay: 0.6991s | Size: 16778992 bit
[2025-03-20 12:40:53,336] [INFO] Phase: COMMIT | Receiver: 30025 | Sender: 30071 | Distance:   89.00 m | Delay: 0.4661s | Size: 16778984 bit
[2025-03-20 12:40:53,369] [INFO] Phase: COMMIT | Receiver: 30025 | Sender: 30065 | Distance:  198.01 m | Delay: 0.9322s | Size: 16779000 bit
[2025-03-20 12:40:53,384] [INFO] Phase: COMMIT | Receiver: 30025 | Sender: 30006 | Distance:   58.81 m | Delay: 0.4661s | Size: 16778992 bit
[2025-03-20 12:40:53,423] [INFO] Phase: COMMIT | Receiver: 30025 | Sender: 30090 | Distance:  133.86 m | Delay: 0.6991s | Size: 16779000 bit
[2025-03-20 12:40:53,433] [INFO] Phase: COMMIT | Receiver: 30025 | Sender: 30097 | Distance:  127.06 m | Delay: 0.6991s | Size: 16778992 bit
[2025-03-20 12:40:53,472] [INFO] Phase: COMMIT | Receiver: 30025 | Sender: 30014 | Distance:  135.03 m | Delay: 0.6991s | Size: 16779000 bit
[2025-03-20 12:40:53,498] [INFO] Phase: COMMIT | Receiver: 30025 | Sender: 30028 | Distance:  157.98 m | Delay: 0.9322s | Size: 16779000 bit
[2025-03-20 12:40:53,514] [INFO] Phase: COMMIT | Receiver: 30025 | Sender: 30068 | Distance:  125.86 m | Delay: 0.6991s | Size: 16778992 bit
[2025-03-20 12:40:53,530] [INFO] Phase: COMMIT | Receiver: 30025 | Sender: 30009 | Distance:  128.30 m | Delay: 0.6991s | Size: 16779000 bit
[2025-03-20 12:40:53,541] [INFO] Phase: COMMIT | Receiver: 30025 | Sender: 30099 | Distance:  159.38 m | Delay: 0.9322s | Size: 16779000 bit
[2025-03-20 12:40:53,555] [INFO] Phase: COMMIT | Receiver: 30025 | Sender: 30110 | Distance:   52.58 m | Delay: 0.4661s | Size: 16778992 bit
[2025-03-20 12:40:53,567] [INFO] Phase: COMMIT | Receiver: 30025 | Sender: 30043 | Distance:  144.04 m | Delay: 0.6991s | Size: 16778992 bit
[2025-03-20 12:40:53,583] [INFO] Phase: COMMIT | Receiver: 30025 | Sender: 30116 | Distance:  144.03 m | Delay: 0.6991s | Size: 16778992 bit
[2025-03-20 12:40:53,599] [INFO] Phase: COMMIT | Receiver: 30025 | Sender: 30073 | Distance:  173.42 m | Delay: 0.9322s | Size: 16779000 bit
[2025-03-20 12:40:53,599] [INFO] Phase: COMMIT | Receiver: 30025 | Sender: 30023 | Distance:  144.77 m | Delay: 0.6991s | Size: 16778992 bit
[2025-03-20 12:40:53,629] [INFO] Phase: COMMIT | Receiver: 30025 | Sender: 30037 | Distance:  118.61 m | Delay: 0.6991s | Size: 16779000 bit
[2025-03-20 12:40:53,643] [INFO] Phase: COMMIT | Receiver: 30025 | Sender: 30013 | Distance:  175.98 m | Delay: 0.9322s | Size: 16779000 bit
[2025-03-20 12:40:53,658] [INFO] Phase: COMMIT | Receiver: 30025 | Sender: 30053 | Distance:  192.99 m | Delay: 0.9322s | Size: 16779000 bit
[2025-03-20 12:40:53,671] [INFO] Phase: COMMIT | Receiver: 30025 | Sender: 30074 | Distance:   93.19 m | Delay: 0.4661s | Size: 16778992 bit
[2025-03-20 12:40:53,689] [INFO] Phase: COMMIT | Receiver: 30025 | Sender: 30096 | Distance:  119.14 m | Delay: 0.6991s | Size: 16778992 bit
[2025-03-20 12:41:00,402] [INFO] Phase: PRE-PREPARE | Receiver: 30025 | Sender: 30110 | Distance:   52.58 m | Delay: 0.4662s | Size: 16782208 bit
[2025-03-20 12:41:00,619] [INFO] Phase: PREPARE-BROADCAST | Receiver: ALL | Sender: 30025 | Distance:   52.58 m | Delay: 0.4662s | Size: 16778160 bit
[2025-03-20 12:41:03,472] [INFO] Phase: PREPARE | Receiver: 30025 | Sender: 30045 | Distance:   96.61 m | Delay: 0.4661s | Size: 16778992 bit
[2025-03-20 12:41:03,486] [INFO] Phase: COMMIT-BROADCAST | Receiver: ALL | Sender: 30025 | Distance:   96.61 m | Delay: 0.4661s | Size: 16778160 bit
[2025-03-20 12:41:04,025] [INFO] Phase: COMMIT | Receiver: 30025 | Sender: 30040 | Distance:  103.67 m | Delay: 0.6991s | Size: 16778992 bit
[2025-03-20 12:41:04,077] [INFO] Phase: PREPARE | Receiver: 30025 | Sender: 30006 | Distance:   58.81 m | Delay: 0.4661s | Size: 16778992 bit
[2025-03-20 12:41:04,132] [INFO] Phase: PREPARE | Receiver: 30025 | Sender: 30097 | Distance:  127.06 m | Delay: 0.6991s | Size: 16779000 bit
[2025-03-20 12:41:04,171] [INFO] Phase: COMMIT | Receiver: 30025 | Sender: 30023 | Distance:  144.77 m | Delay: 0.6991s | Size: 16778984 bit
[2025-03-20 12:41:04,185] [INFO] Phase: PRE-REPLY | Receiver: 30016 | Sender: 30025 | Distance:  144.77 m | Delay: 0.6991s | Size: 16778144 bit
[2025-03-20 12:41:04,299] [INFO] Phase: PREPARE | Receiver: 30025 | Sender: 30063 | Distance:   94.45 m | Delay: 0.4661s | Size: 16778992 bit
[2025-03-20 12:41:04,333] [INFO] Phase: PREPARE | Receiver: 30025 | Sender: 30014 | Distance:  135.03 m | Delay: 0.6991s | Size: 16779000 bit
[2025-03-20 12:41:04,378] [INFO] Phase: PREPARE | Receiver: 30025 | Sender: 30053 | Distance:  192.99 m | Delay: 0.9322s | Size: 16778992 bit
[2025-03-20 12:41:04,437] [INFO] Phase: COMMIT | Receiver: 30025 | Sender: 30053 | Distance:  192.99 m | Delay: 0.9322s | Size: 16779000 bit
[2025-03-20 12:41:04,473] [INFO] Phase: PREPARE | Receiver: 30025 | Sender: 30023 | Distance:  144.77 m | Delay: 0.6991s | Size: 16778984 bit
[2025-03-20 12:41:04,516] [INFO] Phase: PREPARE | Receiver: 30025 | Sender: 30092 | Distance:  144.04 m | Delay: 0.6991s | Size: 16779000 bit
[2025-03-20 12:41:04,550] [INFO] Phase: PREPARE | Receiver: 30025 | Sender: 30090 | Distance:  133.86 m | Delay: 0.6991s | Size: 16779000 bit
[2025-03-20 12:41:04,585] [INFO] Phase: PREPARE | Receiver: 30025 | Sender: 30040 | Distance:  103.67 m | Delay: 0.6991s | Size: 16778992 bit
[2025-03-20 12:41:04,627] [INFO] Phase: COMMIT | Receiver: 30025 | Sender: 30097 | Distance:  127.06 m | Delay: 0.6991s | Size: 16779000 bit
[2025-03-20 12:41:05,113] [INFO] Phase: PREPARE | Receiver: 30025 | Sender: 30074 | Distance:   93.19 m | Delay: 0.4661s | Size: 16778992 bit
[2025-03-20 12:41:05,337] [INFO] Phase: PREPARE | Receiver: 30025 | Sender: 30005 | Distance:  105.80 m | Delay: 0.6991s | Size: 16778992 bit
[2025-03-20 12:41:05,425] [INFO] Phase: COMMIT | Receiver: 30025 | Sender: 30110 | Distance:   52.58 m | Delay: 0.4661s | Size: 16778992 bit
[2025-03-20 12:41:05,477] [INFO] Phase: PREPARE | Receiver: 30025 | Sender: 30096 | Distance:  119.14 m | Delay: 0.6991s | Size: 16779000 bit
[2025-03-20 12:41:05,514] [INFO] Phase: PREPARE | Receiver: 30025 | Sender: 30037 | Distance:  118.61 m | Delay: 0.6991s | Size: 16779000 bit
[2025-03-20 12:41:06,303] [INFO] Phase: PREPARE | Receiver: 30025 | Sender: 30028 | Distance:  157.98 m | Delay: 0.9322s | Size: 16779000 bit
[2025-03-20 12:41:06,517] [INFO] Phase: PREPARE | Receiver: 30025 | Sender: 30009 | Distance:  128.30 m | Delay: 0.6991s | Size: 16779000 bit
[2025-03-20 12:41:06,657] [INFO] Phase: PREPARE | Receiver: 30025 | Sender: 30073 | Distance:  173.42 m | Delay: 0.9322s | Size: 16779000 bit
[2025-03-20 12:41:06,685] [INFO] Phase: COMMIT | Receiver: 30025 | Sender: 30063 | Distance:   94.45 m | Delay: 0.4661s | Size: 16778992 bit
[2025-03-20 12:41:06,730] [INFO] Phase: PREPARE | Receiver: 30025 | Sender: 30116 | Distance:  144.03 m | Delay: 0.6991s | Size: 16778992 bit
[2025-03-20 12:41:06,774] [INFO] Phase: COMMIT | Receiver: 30025 | Sender: 30006 | Distance:   58.81 m | Delay: 0.4661s | Size: 16778992 bit
[2025-03-20 12:41:06,808] [INFO] Phase: PREPARE | Receiver: 30025 | Sender: 30043 | Distance:  144.04 m | Delay: 0.6991s | Size: 16778976 bit
[2025-03-20 12:41:06,835] [INFO] Phase: COMMIT | Receiver: 30025 | Sender: 30074 | Distance:   93.19 m | Delay: 0.4661s | Size: 16778992 bit
[2025-03-20 12:41:06,871] [INFO] Phase: COMMIT | Receiver: 30025 | Sender: 30045 | Distance:   96.61 m | Delay: 0.4661s | Size: 16778992 bit
[2025-03-20 12:41:06,900] [INFO] Phase: COMMIT | Receiver: 30025 | Sender: 30014 | Distance:  135.03 m | Delay: 0.6991s | Size: 16779000 bit
[2025-03-20 12:41:06,934] [INFO] Phase: PREPARE | Receiver: 30025 | Sender: 30071 | Distance:   89.00 m | Delay: 0.4661s | Size: 16778984 bit
[2025-03-20 12:41:07,049] [INFO] Phase: COMMIT | Receiver: 30025 | Sender: 30043 | Distance:  144.04 m | Delay: 0.6991s | Size: 16779000 bit
[2025-03-20 12:41:07,080] [INFO] Phase: PREPARE | Receiver: 30025 | Sender: 30064 | Distance:   56.96 m | Delay: 0.4661s | Size: 16778992 bit
[2025-03-20 12:41:07,110] [INFO] Phase: COMMIT | Receiver: 30025 | Sender: 30090 | Distance:  133.86 m | Delay: 0.6991s | Size: 16779000 bit
[2025-03-20 12:41:07,138] [INFO] Phase: COMMIT | Receiver: 30025 | Sender: 30005 | Distance:  105.80 m | Delay: 0.6991s | Size: 16779000 bit
[2025-03-20 12:41:07,165] [INFO] Phase: PREPARE | Receiver: 30025 | Sender: 30081 | Distance:  165.50 m | Delay: 0.9322s | Size: 16779000 bit
[2025-03-20 12:41:07,215] [INFO] Phase: COMMIT | Receiver: 30025 | Sender: 30096 | Distance:  119.14 m | Delay: 0.6991s | Size: 16778992 bit
[2025-03-20 12:41:07,248] [INFO] Phase: PREPARE | Receiver: 30025 | Sender: 30068 | Distance:  125.86 m | Delay: 0.6991s | Size: 16778992 bit
[2025-03-20 12:41:07,292] [INFO] Phase: PREPARE | Receiver: 30025 | Sender: 30011 | Distance:  141.30 m | Delay: 0.6991s | Size: 16779000 bit
[2025-03-20 12:41:07,326] [INFO] Phase: COMMIT | Receiver: 30025 | Sender: 30028 | Distance:  157.98 m | Delay: 0.9322s | Size: 16778984 bit
[2025-03-20 12:41:07,359] [INFO] Phase: COMMIT | Receiver: 30025 | Sender: 30116 | Distance:  144.03 m | Delay: 0.6991s | Size: 16778992 bit
[2025-03-20 12:41:07,395] [INFO] Phase: COMMIT | Receiver: 30025 | Sender: 30037 | Distance:  118.61 m | Delay: 0.6991s | Size: 16779000 bit
[2025-03-20 12:41:07,432] [INFO] Phase: PREPARE | Receiver: 30025 | Sender: 30099 | Distance:  159.38 m | Delay: 0.9322s | Size: 16778992 bit
[2025-03-20 12:41:07,466] [INFO] Phase: PREPARE | Receiver: 30025 | Sender: 30013 | Distance:  175.98 m | Delay: 0.9322s | Size: 16779000 bit
[2025-03-20 12:41:07,495] [INFO] Phase: PREPARE | Receiver: 30025 | Sender: 30065 | Distance:  198.01 m | Delay: 0.9322s | Size: 16778992 bit
[2025-03-20 12:41:07,539] [INFO] Phase: COMMIT | Receiver: 30025 | Sender: 30009 | Distance:  128.30 m | Delay: 0.6991s | Size: 16779000 bit
[2025-03-20 12:41:07,567] [INFO] Phase: COMMIT | Receiver: 30025 | Sender: 30073 | Distance:  173.42 m | Delay: 0.9322s | Size: 16778992 bit
[2025-03-20 12:41:07,612] [INFO] Phase: COMMIT | Receiver: 30025 | Sender: 30064 | Distance:   56.96 m | Delay: 0.4661s | Size: 16778992 bit
[2025-03-20 12:41:08,129] [INFO] Phase: COMMIT | Receiver: 30025 | Sender: 30071 | Distance:   89.00 m | Delay: 0.4661s | Size: 16778984 bit
[2025-03-20 12:41:08,338] [INFO] Phase: COMMIT | Receiver: 30025 | Sender: 30011 | Distance:  141.30 m | Delay: 0.6991s | Size: 16779000 bit
[2025-03-20 12:41:08,388] [INFO] Phase: COMMIT | Receiver: 30025 | Sender: 30013 | Distance:  175.98 m | Delay: 0.9322s | Size: 16779000 bit
[2025-03-20 12:41:08,494] [INFO] Phase: COMMIT | Receiver: 30025 | Sender: 30065 | Distance:  198.01 m | Delay: 0.9322s | Size: 16779000 bit
[2025-03-20 12:41:08,642] [INFO] Phase: COMMIT | Receiver: 30025 | Sender: 30099 | Distance:  159.38 m | Delay: 0.9322s | Size: 16779000 bit
[2025-03-20 12:41:08,980] [INFO] Phase: COMMIT | Receiver: 30025 | Sender: 30092 | Distance:  144.04 m | Delay: 0.6991s | Size: 16779000 bit
[2025-03-20 12:41:11,043] [INFO] Phase: COMMIT | Receiver: 30025 | Sender: 30081 | Distance:  165.50 m | Delay: 0.9322s | Size: 16779000 bit
[2025-03-20 12:41:11,302] [INFO] Phase: COMMIT | Receiver: 30025 | Sender: 30068 | Distance:  125.86 m | Delay: 0.6991s | Size: 16778984 bit
