[2025-03-20 12:39:45,674] [INFO] Node started: localhost:30060 | index= 61 | f=1, k=4
[2025-03-20 12:40:12,139] [INFO] Phase: PRE-PREPARE | Receiver: 30060 | Sender: 30119 | Distance:   72.70 m | Delay: 0.4662s | Size: 16782168 bit
[2025-03-20 12:40:12,262] [INFO] Phase: PREPARE-BROADCAST | Receiver: ALL | Sender: 30060 | Distance:   72.70 m | Delay: 0.4662s | Size: 16778160 bit
[2025-03-20 12:40:22,725] [INFO] Phase: PREPARE | Receiver: 30060 | Sender: 30057 | Distance:   75.75 m | Delay: 0.4661s | Size: 16778984 bit
[2025-03-20 12:40:22,856] [INFO] Phase: COMMIT-BROADCAST | Receiver: ALL | Sender: 30060 | Distance:   75.75 m | Delay: 0.4661s | Size: 16778152 bit
[2025-03-20 12:40:23,116] [INFO] Phase: PREPARE | Receiver: 30060 | Sender: 30095 | Distance:   51.61 m | Delay: 0.4661s | Size: 16778992 bit
[2025-03-20 12:40:23,280] [INFO] Phase: PREPARE | Receiver: 30060 | Sender: 30052 | Distance:   63.19 m | Delay: 0.4661s | Size: 16778992 bit
[2025-03-20 12:40:23,556] [INFO] Phase: PREPARE | Receiver: 30060 | Sender: 30101 | Distance:  117.71 m | Delay: 0.6991s | Size: 16778984 bit
[2025-03-20 12:40:23,706] [INFO] Phase: PREPARE | Receiver: 30060 | Sender: 30082 | Distance:  156.61 m | Delay: 0.9322s | Size: 16778992 bit
[2025-03-20 12:40:26,448] [INFO] Phase: PREPARE | Receiver: 30060 | Sender: 30069 | Distance:  113.16 m | Delay: 0.6991s | Size: 16779000 bit
[2025-03-20 12:40:26,486] [INFO] Phase: PREPARE | Receiver: 30060 | Sender: 30091 | Distance:   68.64 m | Delay: 0.4661s | Size: 16778992 bit
[2025-03-20 12:40:26,982] [INFO] Phase: COMMIT | Receiver: 30060 | Sender: 30069 | Distance:  113.16 m | Delay: 0.6991s | Size: 16779000 bit
[2025-03-20 12:40:27,026] [INFO] Phase: COMMIT | Receiver: 30060 | Sender: 30119 | Distance:   72.70 m | Delay: 0.4661s | Size: 16778984 bit
[2025-03-20 12:40:27,041] [INFO] Phase: PRE-REPLY | Receiver: 30047 | Sender: 30060 | Distance:   72.70 m | Delay: 0.4661s | Size: 16778160 bit
[2025-03-20 12:40:27,174] [INFO] Phase: PREPARE | Receiver: 30060 | Sender: 30104 | Distance:   97.63 m | Delay: 0.4661s | Size: 16778992 bit
[2025-03-20 12:40:27,202] [INFO] Phase: PREPARE | Receiver: 30060 | Sender: 30000 | Distance:   79.59 m | Delay: 0.4661s | Size: 16778976 bit
[2025-03-20 12:40:27,225] [INFO] Phase: PREPARE | Receiver: 30060 | Sender: 30056 | Distance:  172.69 m | Delay: 0.9322s | Size: 16779000 bit
[2025-03-20 12:40:27,377] [INFO] Phase: COMMIT | Receiver: 30060 | Sender: 30057 | Distance:   75.75 m | Delay: 0.4661s | Size: 16778976 bit
[2025-03-20 12:40:27,463] [INFO] Phase: PREPARE | Receiver: 30060 | Sender: 30084 | Distance:  111.47 m | Delay: 0.6991s | Size: 16778984 bit
[2025-03-20 12:40:27,548] [INFO] Phase: PREPARE | Receiver: 30060 | Sender: 30118 | Distance:   67.45 m | Delay: 0.4661s | Size: 16778992 bit
[2025-03-20 12:40:27,615] [INFO] Phase: COMMIT | Receiver: 30060 | Sender: 30095 | Distance:   51.61 m | Delay: 0.4661s | Size: 16779000 bit
[2025-03-20 12:40:27,661] [INFO] Phase: PREPARE | Receiver: 30060 | Sender: 30044 | Distance:   45.83 m | Delay: 0.3107s | Size: 16779000 bit
[2025-03-20 12:40:27,698] [INFO] Phase: PREPARE | Receiver: 30060 | Sender: 30075 | Distance:  179.99 m | Delay: 0.9322s | Size: 16778992 bit
[2025-03-20 12:40:27,726] [INFO] Phase: COMMIT | Receiver: 30060 | Sender: 30082 | Distance:  156.61 m | Delay: 0.9322s | Size: 16778992 bit
[2025-03-20 12:40:27,752] [INFO] Phase: PREPARE | Receiver: 30060 | Sender: 30093 | Distance:   52.81 m | Delay: 0.4661s | Size: 16778992 bit
[2025-03-20 12:40:27,825] [INFO] Phase: PREPARE | Receiver: 30060 | Sender: 30079 | Distance:  179.20 m | Delay: 0.9322s | Size: 16779000 bit
[2025-03-20 12:40:27,852] [INFO] Phase: PREPARE | Receiver: 30060 | Sender: 30106 | Distance:  113.57 m | Delay: 0.6991s | Size: 16779000 bit
[2025-03-20 12:40:27,959] [INFO] Phase: COMMIT | Receiver: 30060 | Sender: 30052 | Distance:   63.19 m | Delay: 0.4661s | Size: 16778984 bit
[2025-03-20 12:40:28,007] [INFO] Phase: COMMIT | Receiver: 30060 | Sender: 30101 | Distance:  117.71 m | Delay: 0.6991s | Size: 16779000 bit
[2025-03-20 12:40:28,074] [INFO] Phase: PREPARE | Receiver: 30060 | Sender: 30112 | Distance:  142.17 m | Delay: 0.6991s | Size: 16778992 bit
[2025-03-20 12:40:28,120] [INFO] Phase: PREPARE | Receiver: 30060 | Sender: 30001 | Distance:   95.79 m | Delay: 0.4661s | Size: 16778992 bit
[2025-03-20 12:40:28,161] [INFO] Phase: PREPARE | Receiver: 30060 | Sender: 30042 | Distance:   87.69 m | Delay: 0.4661s | Size: 16778992 bit
[2025-03-20 12:40:28,234] [INFO] Phase: PREPARE | Receiver: 30060 | Sender: 30012 | Distance:  156.61 m | Delay: 0.9322s | Size: 16778992 bit
[2025-03-20 12:40:28,268] [INFO] Phase: PREPARE | Receiver: 30060 | Sender: 30041 | Distance:  193.84 m | Delay: 0.9322s | Size: 16779000 bit
[2025-03-20 12:40:28,337] [INFO] Phase: PREPARE | Receiver: 30060 | Sender: 30054 | Distance:   51.32 m | Delay: 0.4661s | Size: 16778992 bit
[2025-03-20 12:40:28,368] [INFO] Phase: PREPARE | Receiver: 30060 | Sender: 30072 | Distance:  150.62 m | Delay: 0.0000s | Size: 16778992 bit
[2025-03-20 12:40:28,400] [INFO] Phase: PREPARE | Receiver: 30060 | Sender: 30033 | Distance:  168.38 m | Delay: 0.9322s | Size: 16779000 bit
[2025-03-20 12:40:28,448] [INFO] Phase: COMMIT | Receiver: 30060 | Sender: 30104 | Distance:   97.63 m | Delay: 0.4661s | Size: 16778984 bit
[2025-03-20 12:40:28,504] [INFO] Phase: PREPARE | Receiver: 30060 | Sender: 30049 | Distance:  153.53 m | Delay: 0.9322s | Size: 16779000 bit
[2025-03-20 12:40:28,529] [INFO] Phase: COMMIT | Receiver: 30060 | Sender: 30091 | Distance:   68.64 m | Delay: 0.4661s | Size: 16778984 bit
[2025-03-20 12:40:28,585] [INFO] Phase: PREPARE | Receiver: 30060 | Sender: 30027 | Distance:  112.45 m | Delay: 0.6991s | Size: 16779000 bit
[2025-03-20 12:40:28,626] [INFO] Phase: COMMIT | Receiver: 30060 | Sender: 30000 | Distance:   79.59 m | Delay: 0.4661s | Size: 16778984 bit
[2025-03-20 12:40:28,658] [INFO] Phase: COMMIT | Receiver: 30060 | Sender: 30093 | Distance:   52.81 m | Delay: 0.4661s | Size: 16778984 bit
[2025-03-20 12:40:28,689] [INFO] Phase: COMMIT | Receiver: 30060 | Sender: 30118 | Distance:   67.45 m | Delay: 0.4661s | Size: 16778992 bit
[2025-03-20 12:40:28,705] [INFO] Phase: COMMIT | Receiver: 30060 | Sender: 30112 | Distance:  142.17 m | Delay: 0.6991s | Size: 16778992 bit
[2025-03-20 12:40:28,733] [INFO] Phase: COMMIT | Receiver: 30060 | Sender: 30075 | Distance:  179.99 m | Delay: 0.9322s | Size: 16778984 bit
[2025-03-20 12:40:28,744] [INFO] Phase: COMMIT | Receiver: 30060 | Sender: 30079 | Distance:  179.20 m | Delay: 0.9322s | Size: 16779000 bit
[2025-03-20 12:40:28,753] [INFO] Phase: COMMIT | Receiver: 30060 | Sender: 30054 | Distance:   51.32 m | Delay: 0.4661s | Size: 16778992 bit
[2025-03-20 12:40:28,779] [INFO] Phase: COMMIT | Receiver: 30060 | Sender: 30044 | Distance:   45.83 m | Delay: 0.3107s | Size: 16779000 bit
[2025-03-20 12:40:28,785] [INFO] Phase: COMMIT | Receiver: 30060 | Sender: 30106 | Distance:  113.57 m | Delay: 0.6991s | Size: 16779000 bit
[2025-03-20 12:40:28,800] [INFO] Phase: COMMIT | Receiver: 30060 | Sender: 30012 | Distance:  156.61 m | Delay: 0.9322s | Size: 16778992 bit
[2025-03-20 12:40:28,820] [INFO] Phase: COMMIT | Receiver: 30060 | Sender: 30001 | Distance:   95.79 m | Delay: 0.4661s | Size: 16778992 bit
[2025-03-20 12:40:28,832] [INFO] Phase: COMMIT | Receiver: 30060 | Sender: 30056 | Distance:  172.69 m | Delay: 0.9322s | Size: 16778992 bit
[2025-03-20 12:40:28,847] [INFO] Phase: COMMIT | Receiver: 30060 | Sender: 30084 | Distance:  111.47 m | Delay: 0.6991s | Size: 16778992 bit
[2025-03-20 12:40:28,863] [INFO] Phase: COMMIT | Receiver: 30060 | Sender: 30027 | Distance:  112.45 m | Delay: 0.6991s | Size: 16778992 bit
[2025-03-20 12:40:28,863] [INFO] Phase: COMMIT | Receiver: 30060 | Sender: 30033 | Distance:  168.38 m | Delay: 0.9322s | Size: 16778992 bit
[2025-03-20 12:40:28,883] [INFO] Phase: COMMIT | Receiver: 30060 | Sender: 30041 | Distance:  193.84 m | Delay: 0.9322s | Size: 16779000 bit
[2025-03-20 12:40:28,895] [INFO] Phase: COMMIT | Receiver: 30060 | Sender: 30042 | Distance:   87.69 m | Delay: 0.4661s | Size: 16778992 bit
[2025-03-20 12:40:28,911] [INFO] Phase: COMMIT | Receiver: 30060 | Sender: 30049 | Distance:  153.53 m | Delay: 0.9322s | Size: 16778992 bit
[2025-03-20 12:40:28,927] [INFO] Phase: COMMIT | Receiver: 30060 | Sender: 30072 | Distance:  150.62 m | Delay: 0.0000s | Size: 16778992 bit
[2025-03-20 12:40:35,366] [INFO] Phase: PRE-PREPARE | Receiver: 30060 | Sender: 30119 | Distance:   72.70 m | Delay: 0.4662s | Size: 16782160 bit
[2025-03-20 12:40:35,470] [INFO] Phase: PREPARE-BROADCAST | Receiver: ALL | Sender: 30060 | Distance:   72.70 m | Delay: 0.4662s | Size: 16778160 bit
[2025-03-20 12:40:41,109] [INFO] Phase: COMMIT | Receiver: 30060 | Sender: 30118 | Distance:   67.45 m | Delay: 0.4661s | Size: 16778992 bit
[2025-03-20 12:40:41,144] [INFO] Phase: PREPARE | Receiver: 30060 | Sender: 30072 | Distance:  150.62 m | Delay: 0.0000s | Size: 16778984 bit
[2025-03-20 12:40:41,158] [INFO] Phase: COMMIT-BROADCAST | Receiver: ALL | Sender: 30060 | Distance:  150.62 m | Delay: 0.0000s | Size: 16778160 bit
[2025-03-20 12:40:41,190] [INFO] Phase: PREPARE | Receiver: 30060 | Sender: 30104 | Distance:   97.63 m | Delay: 0.4661s | Size: 16778984 bit
[2025-03-20 12:40:41,221] [INFO] Phase: COMMIT | Receiver: 30060 | Sender: 30001 | Distance:   95.79 m | Delay: 0.4661s | Size: 16778992 bit
[2025-03-20 12:40:41,237] [INFO] Phase: PRE-REPLY | Receiver: 30047 | Sender: 30060 | Distance:   95.79 m | Delay: 0.4661s | Size: 16778160 bit
[2025-03-20 12:40:41,299] [INFO] Phase: COMMIT | Receiver: 30060 | Sender: 30027 | Distance:  112.45 m | Delay: 0.6991s | Size: 16779000 bit
[2025-03-20 12:40:41,330] [INFO] Phase: COMMIT | Receiver: 30060 | Sender: 30049 | Distance:  153.53 m | Delay: 0.9322s | Size: 16779000 bit
[2025-03-20 12:40:41,368] [INFO] Phase: PREPARE | Receiver: 30060 | Sender: 30091 | Distance:   68.64 m | Delay: 0.4661s | Size: 16778992 bit
[2025-03-20 12:40:41,402] [INFO] Phase: PREPARE | Receiver: 30060 | Sender: 30000 | Distance:   79.59 m | Delay: 0.4661s | Size: 16778984 bit
[2025-03-20 12:40:41,453] [INFO] Phase: COMMIT | Receiver: 30060 | Sender: 30075 | Distance:  179.99 m | Delay: 0.9322s | Size: 16778992 bit
[2025-03-20 12:40:41,577] [INFO] Phase: PREPARE | Receiver: 30060 | Sender: 30093 | Distance:   52.81 m | Delay: 0.4661s | Size: 16778984 bit
[2025-03-20 12:40:41,601] [INFO] Phase: PREPARE | Receiver: 30060 | Sender: 30106 | Distance:  113.57 m | Delay: 0.6991s | Size: 16778992 bit
[2025-03-20 12:40:41,625] [INFO] Phase: PREPARE | Receiver: 30060 | Sender: 30001 | Distance:   95.79 m | Delay: 0.4661s | Size: 16778992 bit
[2025-03-20 12:40:41,647] [INFO] Phase: PREPARE | Receiver: 30060 | Sender: 30118 | Distance:   67.45 m | Delay: 0.4661s | Size: 16778992 bit
[2025-03-20 12:40:41,674] [INFO] Phase: PREPARE | Receiver: 30060 | Sender: 30084 | Distance:  111.47 m | Delay: 0.6991s | Size: 16778992 bit
[2025-03-20 12:40:41,700] [INFO] Phase: PREPARE | Receiver: 30060 | Sender: 30112 | Distance:  142.17 m | Delay: 0.6991s | Size: 16778992 bit
[2025-03-20 12:40:41,727] [INFO] Phase: PREPARE | Receiver: 30060 | Sender: 30075 | Distance:  179.99 m | Delay: 0.9322s | Size: 16778992 bit
[2025-03-20 12:40:41,757] [INFO] Phase: PREPARE | Receiver: 30060 | Sender: 30079 | Distance:  179.20 m | Delay: 0.9322s | Size: 16778984 bit
[2025-03-20 12:40:41,782] [INFO] Phase: PREPARE | Receiver: 30060 | Sender: 30054 | Distance:   51.32 m | Delay: 0.4661s | Size: 16778992 bit
[2025-03-20 12:40:41,820] [INFO] Phase: PREPARE | Receiver: 30060 | Sender: 30012 | Distance:  156.61 m | Delay: 0.9322s | Size: 16778992 bit
[2025-03-20 12:40:41,848] [INFO] Phase: PREPARE | Receiver: 30060 | Sender: 30057 | Distance:   75.75 m | Delay: 0.4661s | Size: 16778984 bit
[2025-03-20 12:40:41,879] [INFO] Phase: PREPARE | Receiver: 30060 | Sender: 30056 | Distance:  172.69 m | Delay: 0.9322s | Size: 16779000 bit
[2025-03-20 12:40:41,909] [INFO] Phase: PREPARE | Receiver: 30060 | Sender: 30027 | Distance:  112.45 m | Delay: 0.6991s | Size: 16779000 bit
[2025-03-20 12:40:41,943] [INFO] Phase: PREPARE | Receiver: 30060 | Sender: 30044 | Distance:   45.83 m | Delay: 0.3107s | Size: 16779000 bit
[2025-03-20 12:40:41,972] [INFO] Phase: PREPARE | Receiver: 30060 | Sender: 30041 | Distance:  193.84 m | Delay: 0.9322s | Size: 16779000 bit
[2025-03-20 12:40:42,002] [INFO] Phase: PREPARE | Receiver: 30060 | Sender: 30052 | Distance:   63.19 m | Delay: 0.4661s | Size: 16778992 bit
[2025-03-20 12:40:42,030] [INFO] Phase: PREPARE | Receiver: 30060 | Sender: 30101 | Distance:  117.71 m | Delay: 0.6991s | Size: 16779000 bit
[2025-03-20 12:40:42,059] [INFO] Phase: PREPARE | Receiver: 30060 | Sender: 30042 | Distance:   87.69 m | Delay: 0.4661s | Size: 16778984 bit
[2025-03-20 12:40:42,087] [INFO] Phase: COMMIT | Receiver: 30060 | Sender: 30079 | Distance:  179.20 m | Delay: 0.9322s | Size: 16779000 bit
[2025-03-20 12:40:42,117] [INFO] Phase: PREPARE | Receiver: 30060 | Sender: 30069 | Distance:  113.16 m | Delay: 0.6991s | Size: 16779000 bit
[2025-03-20 12:40:42,155] [INFO] Phase: PREPARE | Receiver: 30060 | Sender: 30095 | Distance:   51.61 m | Delay: 0.4661s | Size: 16778984 bit
[2025-03-20 12:40:42,184] [INFO] Phase: PREPARE | Receiver: 30060 | Sender: 30082 | Distance:  156.61 m | Delay: 0.9322s | Size: 16778984 bit
[2025-03-20 12:40:42,220] [INFO] Phase: PREPARE | Receiver: 30060 | Sender: 30049 | Distance:  153.53 m | Delay: 0.9322s | Size: 16778984 bit
[2025-03-20 12:40:42,252] [INFO] Phase: COMMIT | Receiver: 30060 | Sender: 30042 | Distance:   87.69 m | Delay: 0.4661s | Size: 16778992 bit
[2025-03-20 12:40:42,615] [INFO] Phase: COMMIT | Receiver: 30060 | Sender: 30056 | Distance:  172.69 m | Delay: 0.9322s | Size: 16778992 bit
[2025-03-20 12:40:42,641] [INFO] Phase: COMMIT | Receiver: 30060 | Sender: 30054 | Distance:   51.32 m | Delay: 0.4661s | Size: 16778992 bit
[2025-03-20 12:40:42,667] [INFO] Phase: COMMIT | Receiver: 30060 | Sender: 30106 | Distance:  113.57 m | Delay: 0.6991s | Size: 16779000 bit
[2025-03-20 12:40:42,692] [INFO] Phase: COMMIT | Receiver: 30060 | Sender: 30057 | Distance:   75.75 m | Delay: 0.4661s | Size: 16778984 bit
[2025-03-20 12:40:42,720] [INFO] Phase: COMMIT | Receiver: 30060 | Sender: 30000 | Distance:   79.59 m | Delay: 0.4661s | Size: 16778984 bit
[2025-03-20 12:40:42,749] [INFO] Phase: COMMIT | Receiver: 30060 | Sender: 30112 | Distance:  142.17 m | Delay: 0.6991s | Size: 16778992 bit
[2025-03-20 12:40:42,773] [INFO] Phase: COMMIT | Receiver: 30060 | Sender: 30044 | Distance:   45.83 m | Delay: 0.3107s | Size: 16779000 bit
[2025-03-20 12:40:42,813] [INFO] Phase: COMMIT | Receiver: 30060 | Sender: 30084 | Distance:  111.47 m | Delay: 0.6991s | Size: 16778992 bit
[2025-03-20 12:40:42,835] [INFO] Phase: COMMIT | Receiver: 30060 | Sender: 30119 | Distance:   72.70 m | Delay: 0.4661s | Size: 16778992 bit
[2025-03-20 12:40:42,862] [INFO] Phase: COMMIT | Receiver: 30060 | Sender: 30093 | Distance:   52.81 m | Delay: 0.4661s | Size: 16778976 bit
[2025-03-20 12:40:46,797] [INFO] Phase: COMMIT | Receiver: 30060 | Sender: 30041 | Distance:  193.84 m | Delay: 0.9322s | Size: 16779000 bit
[2025-03-20 12:40:48,832] [INFO] Phase: PREPARE | Receiver: 30060 | Sender: 30033 | Distance:  168.38 m | Delay: 0.9322s | Size: 16779000 bit
[2025-03-20 12:40:49,127] [INFO] Phase: COMMIT | Receiver: 30060 | Sender: 30012 | Distance:  156.61 m | Delay: 0.9322s | Size: 16778992 bit
[2025-03-20 12:40:49,268] [INFO] Phase: COMMIT | Receiver: 30060 | Sender: 30072 | Distance:  150.62 m | Delay: 0.0000s | Size: 16778992 bit
[2025-03-20 12:40:49,291] [INFO] Phase: COMMIT | Receiver: 30060 | Sender: 30091 | Distance:   68.64 m | Delay: 0.4661s | Size: 16778992 bit
[2025-03-20 12:40:49,313] [INFO] Phase: COMMIT | Receiver: 30060 | Sender: 30069 | Distance:  113.16 m | Delay: 0.6991s | Size: 16779000 bit
[2025-03-20 12:40:49,413] [INFO] Phase: COMMIT | Receiver: 30060 | Sender: 30082 | Distance:  156.61 m | Delay: 0.9322s | Size: 16778992 bit
[2025-03-20 12:40:49,438] [INFO] Phase: COMMIT | Receiver: 30060 | Sender: 30033 | Distance:  168.38 m | Delay: 0.9322s | Size: 16778992 bit
[2025-03-20 12:40:49,464] [INFO] Phase: COMMIT | Receiver: 30060 | Sender: 30104 | Distance:   97.63 m | Delay: 0.4661s | Size: 16778992 bit
[2025-03-20 12:40:49,496] [INFO] Phase: COMMIT | Receiver: 30060 | Sender: 30052 | Distance:   63.19 m | Delay: 0.4661s | Size: 16778992 bit
[2025-03-20 12:40:49,520] [INFO] Phase: COMMIT | Receiver: 30060 | Sender: 30101 | Distance:  117.71 m | Delay: 0.6991s | Size: 16779000 bit
[2025-03-20 12:40:51,270] [INFO] Phase: COMMIT | Receiver: 30060 | Sender: 30095 | Distance:   51.61 m | Delay: 0.4661s | Size: 16778976 bit
[2025-03-20 12:41:00,655] [INFO] Phase: PRE-PREPARE | Receiver: 30060 | Sender: 30119 | Distance:   72.70 m | Delay: 0.4662s | Size: 16782168 bit
[2025-03-20 12:41:00,835] [INFO] Phase: PREPARE-BROADCAST | Receiver: ALL | Sender: 30060 | Distance:   72.70 m | Delay: 0.4662s | Size: 16778160 bit
[2025-03-20 12:41:05,534] [INFO] Phase: PREPARE | Receiver: 30060 | Sender: 30104 | Distance:   97.63 m | Delay: 0.4661s | Size: 16778984 bit
[2025-03-20 12:41:05,546] [INFO] Phase: COMMIT-BROADCAST | Receiver: ALL | Sender: 30060 | Distance:   97.63 m | Delay: 0.4661s | Size: 16778160 bit
[2025-03-20 12:41:05,576] [INFO] Phase: PREPARE | Receiver: 30060 | Sender: 30082 | Distance:  156.61 m | Delay: 0.9322s | Size: 16778992 bit
[2025-03-20 12:41:05,625] [INFO] Phase: PREPARE | Receiver: 30060 | Sender: 30101 | Distance:  117.71 m | Delay: 0.6991s | Size: 16778992 bit
[2025-03-20 12:41:05,664] [INFO] Phase: PREPARE | Receiver: 30060 | Sender: 30069 | Distance:  113.16 m | Delay: 0.6991s | Size: 16778992 bit
[2025-03-20 12:41:06,173] [INFO] Phase: PREPARE | Receiver: 30060 | Sender: 30095 | Distance:   51.61 m | Delay: 0.4661s | Size: 16779000 bit
[2025-03-20 12:41:06,202] [INFO] Phase: PREPARE | Receiver: 30060 | Sender: 30057 | Distance:   75.75 m | Delay: 0.4661s | Size: 16778984 bit
[2025-03-20 12:41:06,614] [INFO] Phase: PREPARE | Receiver: 30060 | Sender: 30052 | Distance:   63.19 m | Delay: 0.4661s | Size: 16778992 bit
[2025-03-20 12:41:06,845] [INFO] Phase: PREPARE | Receiver: 30060 | Sender: 30091 | Distance:   68.64 m | Delay: 0.4661s | Size: 16778992 bit
[2025-03-20 12:41:13,473] [INFO] Phase: COMMIT | Receiver: 30060 | Sender: 30069 | Distance:  113.16 m | Delay: 0.6991s | Size: 16778992 bit
[2025-03-20 12:41:13,507] [INFO] Phase: COMMIT | Receiver: 30060 | Sender: 30119 | Distance:   72.70 m | Delay: 0.4661s | Size: 16778992 bit
[2025-03-20 12:41:13,519] [INFO] Phase: PRE-REPLY | Receiver: 30047 | Sender: 30060 | Distance:   72.70 m | Delay: 0.4661s | Size: 16778160 bit
[2025-03-20 12:41:13,580] [INFO] Phase: COMMIT | Receiver: 30060 | Sender: 30082 | Distance:  156.61 m | Delay: 0.9322s | Size: 16778984 bit
[2025-03-20 12:41:13,632] [INFO] Phase: PREPARE | Receiver: 30060 | Sender: 30084 | Distance:  111.47 m | Delay: 0.6991s | Size: 16778984 bit
[2025-03-20 12:41:13,657] [INFO] Phase: COMMIT | Receiver: 30060 | Sender: 30101 | Distance:  117.71 m | Delay: 0.6991s | Size: 16779000 bit
[2025-03-20 12:41:13,703] [INFO] Phase: PREPARE | Receiver: 30060 | Sender: 30054 | Distance:   51.32 m | Delay: 0.4661s | Size: 16778992 bit
[2025-03-20 12:41:13,758] [INFO] Phase: COMMIT | Receiver: 30060 | Sender: 30052 | Distance:   63.19 m | Delay: 0.4661s | Size: 16778992 bit
[2025-03-20 12:41:13,784] [INFO] Phase: PREPARE | Receiver: 30060 | Sender: 30118 | Distance:   67.45 m | Delay: 0.4661s | Size: 16778992 bit
[2025-03-20 12:41:13,810] [INFO] Phase: COMMIT | Receiver: 30060 | Sender: 30091 | Distance:   68.64 m | Delay: 0.4661s | Size: 16778992 bit
[2025-03-20 12:41:13,835] [INFO] Phase: COMMIT | Receiver: 30060 | Sender: 30057 | Distance:   75.75 m | Delay: 0.4661s | Size: 16778976 bit
[2025-03-20 12:41:13,861] [INFO] Phase: PREPARE | Receiver: 30060 | Sender: 30079 | Distance:  179.20 m | Delay: 0.9322s | Size: 16779000 bit
[2025-03-20 12:41:13,898] [INFO] Phase: PREPARE | Receiver: 30060 | Sender: 30033 | Distance:  168.38 m | Delay: 0.9322s | Size: 16778992 bit
[2025-03-20 12:41:13,964] [INFO] Phase: PREPARE | Receiver: 30060 | Sender: 30093 | Distance:   52.81 m | Delay: 0.4661s | Size: 16778992 bit
[2025-03-20 12:41:13,997] [INFO] Phase: PREPARE | Receiver: 30060 | Sender: 30112 | Distance:  142.17 m | Delay: 0.6991s | Size: 16778984 bit
[2025-03-20 12:41:14,027] [INFO] Phase: PREPARE | Receiver: 30060 | Sender: 30106 | Distance:  113.57 m | Delay: 0.6991s | Size: 16779000 bit
[2025-03-20 12:41:14,065] [INFO] Phase: COMMIT | Receiver: 30060 | Sender: 30095 | Distance:   51.61 m | Delay: 0.4661s | Size: 16779000 bit
[2025-03-20 12:41:14,092] [INFO] Phase: PREPARE | Receiver: 30060 | Sender: 30041 | Distance:  193.84 m | Delay: 0.9322s | Size: 16779000 bit
[2025-03-20 12:41:14,122] [INFO] Phase: PREPARE | Receiver: 30060 | Sender: 30012 | Distance:  156.61 m | Delay: 0.9322s | Size: 16778992 bit
[2025-03-20 12:41:14,146] [INFO] Phase: PREPARE | Receiver: 30060 | Sender: 30042 | Distance:   87.69 m | Delay: 0.4661s | Size: 16778992 bit
[2025-03-20 12:41:14,175] [INFO] Phase: PREPARE | Receiver: 30060 | Sender: 30049 | Distance:  153.53 m | Delay: 0.9322s | Size: 16778984 bit
[2025-03-20 12:41:14,221] [INFO] Phase: PREPARE | Receiver: 30060 | Sender: 30000 | Distance:   79.59 m | Delay: 0.4661s | Size: 16778976 bit
[2025-03-20 12:41:14,248] [INFO] Phase: PREPARE | Receiver: 30060 | Sender: 30027 | Distance:  112.45 m | Delay: 0.6991s | Size: 16779000 bit
[2025-03-20 12:41:14,276] [INFO] Phase: PREPARE | Receiver: 30060 | Sender: 30056 | Distance:  172.69 m | Delay: 0.9322s | Size: 16779000 bit
[2025-03-20 12:41:14,438] [INFO] Phase: PREPARE | Receiver: 30060 | Sender: 30072 | Distance:  150.62 m | Delay: 0.0000s | Size: 16778992 bit
[2025-03-20 12:41:14,462] [INFO] Phase: PREPARE | Receiver: 30060 | Sender: 30001 | Distance:   95.79 m | Delay: 0.4661s | Size: 16778992 bit
[2025-03-20 12:41:14,593] [INFO] Phase: COMMIT | Receiver: 30060 | Sender: 30104 | Distance:   97.63 m | Delay: 0.4661s | Size: 16778984 bit
[2025-03-20 12:41:14,622] [INFO] Phase: PREPARE | Receiver: 30060 | Sender: 30075 | Distance:  179.99 m | Delay: 0.9322s | Size: 16778992 bit
[2025-03-20 12:41:14,664] [INFO] Phase: COMMIT | Receiver: 30060 | Sender: 30084 | Distance:  111.47 m | Delay: 0.6991s | Size: 16778984 bit
[2025-03-20 12:41:14,691] [INFO] Phase: COMMIT | Receiver: 30060 | Sender: 30106 | Distance:  113.57 m | Delay: 0.6991s | Size: 16779000 bit
[2025-03-20 12:41:14,731] [INFO] Phase: COMMIT | Receiver: 30060 | Sender: 30054 | Distance:   51.32 m | Delay: 0.4661s | Size: 16778992 bit
[2025-03-20 12:41:14,775] [INFO] Phase: COMMIT | Receiver: 30060 | Sender: 30033 | Distance:  168.38 m | Delay: 0.9322s | Size: 16779000 bit
[2025-03-20 12:41:15,420] [INFO] Phase: PREPARE | Receiver: 30060 | Sender: 30044 | Distance:   45.83 m | Delay: 0.3107s | Size: 16779000 bit
[2025-03-20 12:41:15,701] [INFO] Phase: COMMIT | Receiver: 30060 | Sender: 30044 | Distance:   45.83 m | Delay: 0.3107s | Size: 16779000 bit
[2025-03-20 12:41:16,096] [INFO] Phase: COMMIT | Receiver: 30060 | Sender: 30118 | Distance:   67.45 m | Delay: 0.4661s | Size: 16778992 bit
[2025-03-20 12:41:16,197] [INFO] Phase: COMMIT | Receiver: 30060 | Sender: 30012 | Distance:  156.61 m | Delay: 0.9322s | Size: 16778992 bit
[2025-03-20 12:41:16,369] [INFO] Phase: COMMIT | Receiver: 30060 | Sender: 30079 | Distance:  179.20 m | Delay: 0.9322s | Size: 16779000 bit
[2025-03-20 12:41:16,404] [INFO] Phase: COMMIT | Receiver: 30060 | Sender: 30056 | Distance:  172.69 m | Delay: 0.9322s | Size: 16779000 bit
[2025-03-20 12:41:16,464] [INFO] Phase: COMMIT | Receiver: 30060 | Sender: 30042 | Distance:   87.69 m | Delay: 0.4661s | Size: 16778992 bit
[2025-03-20 12:41:16,517] [INFO] Phase: COMMIT | Receiver: 30060 | Sender: 30093 | Distance:   52.81 m | Delay: 0.4661s | Size: 16778992 bit
[2025-03-20 12:41:16,557] [INFO] Phase: COMMIT | Receiver: 30060 | Sender: 30049 | Distance:  153.53 m | Delay: 0.9322s | Size: 16778992 bit
[2025-03-20 12:41:16,770] [INFO] Phase: COMMIT | Receiver: 30060 | Sender: 30075 | Distance:  179.99 m | Delay: 0.9322s | Size: 16778992 bit
[2025-03-20 12:41:16,863] [INFO] Phase: COMMIT | Receiver: 30060 | Sender: 30072 | Distance:  150.62 m | Delay: 0.0000s | Size: 16778992 bit
[2025-03-20 12:41:17,275] [INFO] Phase: COMMIT | Receiver: 30060 | Sender: 30041 | Distance:  193.84 m | Delay: 0.9322s | Size: 16778984 bit
[2025-03-20 12:41:17,337] [INFO] Phase: COMMIT | Receiver: 30060 | Sender: 30112 | Distance:  142.17 m | Delay: 0.6991s | Size: 16778984 bit
[2025-03-20 12:41:17,505] [INFO] Phase: COMMIT | Receiver: 30060 | Sender: 30000 | Distance:   79.59 m | Delay: 0.4661s | Size: 16778984 bit
[2025-03-20 12:41:17,967] [INFO] Phase: COMMIT | Receiver: 30060 | Sender: 30001 | Distance:   95.79 m | Delay: 0.4661s | Size: 16778976 bit
[2025-03-20 12:41:18,168] [INFO] Phase: COMMIT | Receiver: 30060 | Sender: 30027 | Distance:  112.45 m | Delay: 0.6991s | Size: 16779000 bit
