[2025-03-12 12:35:29,497] [INFO] Node started: localhost:30025 | index=26 | f=1, k=4
[2025-03-12 12:54:34,813] [INFO] Node started: localhost:30025 | index=26 | f=1, k=4
[2025-03-12 12:55:26,395] [INFO] Node started: localhost:30025 | index=26 | f=1, k=4
[2025-03-12 12:55:54,361] [INFO] [30025] PRE-PREPARE received: {'request_id': 1741751754181, 'data': 'llapbft_message_1741751754181', 'timestamp': 1741751754.2060645, 'leader': 30118, 'cluster_id': 0, 'cluster_ports': [30001, 30002, 30016, 30019, 30023, 30025, 30032, 30041, 30046, 30049, 30052, 30057, 30058, 30066, 30077, 30079, 30088, 30092, 30094, 30095, 30096, 30098, 30102, 30108, 30110, 30116, 30118, 30126, 30129, 30132, 30133, 30137, 30143, 30144, 30149, 30150, 30151, 30155], 'cluster_manager': {'host': 'localhost', 'port': 30098, 'latitude': 36.6267518, 'longitude': 127.4591383, 'altitude': 231, 'offset_m': 'lat: 16 m, lng: 56 m, alt: 231 m'}, 'simulated_delay': 0.000396, 'distance': 206.8561444267962, 'message_size_bits': 4752}
[2025-03-12 12:55:54,363] [INFO] [30025] Broadcasting PREPARE: REQUEST 1741751754181
[2025-03-12 12:55:54,447] [INFO] [30025] PREPARE received from 30126 for REQUEST 1741751754181
[2025-03-12 12:55:54,447] [INFO] [30025] Broadcasting COMMIT: REQUEST 1741751754181
[2025-03-12 12:55:54,450] [INFO] [30025] PREPARE received from 30052 for REQUEST 1741751754181
[2025-03-12 12:55:54,521] [INFO] [30025] PREPARE received from 30137 for REQUEST 1741751754181
[2025-03-12 12:55:54,521] [INFO] [30025] PREPARE received from 30108 for REQUEST 1741751754181
[2025-03-12 12:55:54,545] [INFO] [30025] COMMIT received from 30052 for REQUEST 1741751754181
[2025-03-12 12:55:54,573] [INFO] [30025] COMMIT received from 30137 for REQUEST 1741751754181
[2025-03-12 12:55:54,573] [INFO] [30025] COMMIT complete. Sending PRE-REPLY: REQUEST 1741751754181 directly to Manager 30098
[2025-03-12 12:55:54,584] [INFO] [30025] COMMIT received from 30057 for REQUEST 1741751754181
[2025-03-12 12:55:54,600] [INFO] [30025] PREPARE received from 30057 for REQUEST 1741751754181
[2025-03-12 12:55:54,600] [INFO] [30025] COMMIT received from 30126 for REQUEST 1741751754181
[2025-03-12 12:55:54,695] [INFO] [30025] COMMIT received from 30108 for REQUEST 1741751754181
[2025-03-12 12:55:54,697] [INFO] [30025] PREPARE received from 30144 for REQUEST 1741751754181
[2025-03-12 12:55:54,697] [INFO] [30025] PREPARE received from 30133 for REQUEST 1741751754181
[2025-03-12 12:55:54,806] [INFO] [30025] PREPARE received from 30149 for REQUEST 1741751754181
[2025-03-12 12:55:54,827] [INFO] [30025] PREPARE received from 30155 for REQUEST 1741751754181
[2025-03-12 12:55:54,853] [INFO] [30025] COMMIT received from 30149 for REQUEST 1741751754181
[2025-03-12 12:55:54,853] [INFO] [30025] COMMIT received from 30155 for REQUEST 1741751754181
[2025-03-12 12:55:54,929] [INFO] [30025] COMMIT received from 30133 for REQUEST 1741751754181
[2025-03-12 12:55:54,976] [INFO] [30025] PREPARE received from 30001 for REQUEST 1741751754181
[2025-03-12 12:55:55,059] [INFO] [30025] PREPARE received from 30088 for REQUEST 1741751754181
[2025-03-12 12:55:55,075] [INFO] [30025] COMMIT received from 30088 for REQUEST 1741751754181
[2025-03-12 12:55:55,217] [INFO] [30025] PREPARE received from 30002 for REQUEST 1741751754181
[2025-03-12 12:55:55,237] [INFO] [30025] COMMIT received from 30002 for REQUEST 1741751754181
[2025-03-12 12:55:55,249] [INFO] [30025] PREPARE received from 30132 for REQUEST 1741751754181
[2025-03-12 12:55:55,249] [INFO] [30025] COMMIT received from 30132 for REQUEST 1741751754181
[2025-03-12 12:55:55,285] [INFO] [30025] PREPARE received from 30016 for REQUEST 1741751754181
[2025-03-12 12:55:55,296] [INFO] [30025] COMMIT received from 30001 for REQUEST 1741751754181
[2025-03-12 12:55:55,321] [INFO] [30025] COMMIT received from 30016 for REQUEST 1741751754181
[2025-03-12 12:55:55,377] [INFO] [30025] PREPARE received from 30150 for REQUEST 1741751754181
[2025-03-12 12:55:55,377] [INFO] [30025] PREPARE received from 30096 for REQUEST 1741751754181
[2025-03-12 12:55:55,398] [INFO] [30025] COMMIT received from 30096 for REQUEST 1741751754181
[2025-03-12 12:55:55,398] [INFO] [30025] COMMIT received from 30150 for REQUEST 1741751754181
[2025-03-12 12:55:55,400] [INFO] [30025] COMMIT received from 30144 for REQUEST 1741751754181
[2025-03-12 12:55:55,477] [INFO] [30025] PREPARE received from 30110 for REQUEST 1741751754181
[2025-03-12 12:55:55,492] [INFO] [30025] COMMIT received from 30110 for REQUEST 1741751754181
[2025-03-12 12:55:55,699] [INFO] [30025] COMMIT received from 30118 for REQUEST 1741751754181
[2025-03-12 12:55:55,722] [INFO] [30025] PREPARE received from 30049 for REQUEST 1741751754181
[2025-03-12 12:55:55,724] [INFO] [30025] PREPARE received from 30129 for REQUEST 1741751754181
[2025-03-12 12:55:55,724] [INFO] [30025] COMMIT received from 30049 for REQUEST 1741751754181
[2025-03-12 12:55:55,724] [INFO] [30025] PREPARE received from 30023 for REQUEST 1741751754181
[2025-03-12 12:55:55,724] [INFO] [30025] COMMIT received from 30023 for REQUEST 1741751754181
[2025-03-12 12:55:55,788] [INFO] [30025] COMMIT received from 30129 for REQUEST 1741751754181
[2025-03-12 12:55:55,965] [INFO] [30025] PREPARE received from 30092 for REQUEST 1741751754181
[2025-03-12 12:55:55,983] [INFO] [30025] COMMIT received from 30092 for REQUEST 1741751754181
[2025-03-12 12:55:56,037] [INFO] [30025] PREPARE received from 30143 for REQUEST 1741751754181
[2025-03-12 12:55:56,037] [INFO] [30025] COMMIT received from 30143 for REQUEST 1741751754181
[2025-03-12 12:55:56,042] [INFO] [30025] PREPARE received from 30102 for REQUEST 1741751754181
[2025-03-12 12:55:56,064] [INFO] [30025] COMMIT received from 30102 for REQUEST 1741751754181
[2025-03-12 12:55:56,121] [INFO] [30025] PREPARE received from 30066 for REQUEST 1741751754181
[2025-03-12 12:55:56,121] [INFO] [30025] COMMIT received from 30066 for REQUEST 1741751754181
[2025-03-12 12:55:56,381] [INFO] [30025] PREPARE received from 30019 for REQUEST 1741751754181
[2025-03-12 12:55:56,381] [INFO] [30025] COMMIT received from 30019 for REQUEST 1741751754181
[2025-03-12 12:55:56,486] [INFO] [30025] PREPARE received from 30041 for REQUEST 1741751754181
[2025-03-12 12:55:56,486] [INFO] [30025] COMMIT received from 30041 for REQUEST 1741751754181
[2025-03-12 12:55:56,609] [INFO] [30025] PREPARE received from 30116 for REQUEST 1741751754181
[2025-03-12 12:55:56,609] [INFO] [30025] PREPARE received from 30046 for REQUEST 1741751754181
[2025-03-12 12:55:56,631] [INFO] [30025] COMMIT received from 30116 for REQUEST 1741751754181
[2025-03-12 12:55:56,633] [INFO] [30025] COMMIT received from 30046 for REQUEST 1741751754181
[2025-03-12 12:55:56,641] [INFO] [30025] COMMIT received from 30094 for REQUEST 1741751754181
[2025-03-12 12:55:56,643] [INFO] [30025] PREPARE received from 30094 for REQUEST 1741751754181
[2025-03-12 12:55:56,705] [INFO] [30025] PREPARE received from 30095 for REQUEST 1741751754181
[2025-03-12 12:55:56,705] [INFO] [30025] COMMIT received from 30095 for REQUEST 1741751754181
[2025-03-12 12:55:56,776] [INFO] [30025] PREPARE received from 30032 for REQUEST 1741751754181
[2025-03-12 12:55:56,776] [INFO] [30025] PREPARE received from 30079 for REQUEST 1741751754181
[2025-03-12 12:55:56,776] [INFO] [30025] COMMIT received from 30032 for REQUEST 1741751754181
[2025-03-12 12:55:56,776] [INFO] [30025] COMMIT received from 30079 for REQUEST 1741751754181
[2025-03-12 12:55:56,872] [INFO] [30025] PREPARE received from 30058 for REQUEST 1741751754181
[2025-03-12 12:55:56,872] [INFO] [30025] COMMIT received from 30058 for REQUEST 1741751754181
[2025-03-12 12:55:57,138] [INFO] [30025] PREPARE received from 30077 for REQUEST 1741751754181
[2025-03-12 12:55:57,138] [INFO] [30025] COMMIT received from 30077 for REQUEST 1741751754181
[2025-03-12 12:56:37,863] [INFO] Node started: localhost:30025 | index=26 | f=1, k=4
[2025-03-12 12:58:03,689] [INFO] [30025] PRE-PREPARE received: {'request_id': 1741751883632, 'data': 'llapbft_message_1741751883632', 'timestamp': 1741751883.6611185, 'leader': 30103, 'cluster_id': 3, 'cluster_ports': [30000, 30003, 30004, 30011, 30015, 30018, 30021, 30025, 30033, 30037, 30048, 30050, 30056, 30058, 30062, 30064, 30065, 30068, 30069, 30071, 30079, 30085, 30090, 30092, 30093, 30101, 30103, 30109, 30117], 'cluster_manager': {'host': 'localhost', 'port': 30011, 'latitude': 36.6266983, 'longitude': 127.4591083, 'altitude': 31, 'offset_m': 'lat: 10 m, lng: 54 m, alt: 31 m'}, 'simulated_delay': 0.00011755555555555556, 'distance': 77.45650419275536, 'message_size_bits': 4232}
[2025-03-12 12:58:03,689] [INFO] [30025] Broadcasting PREPARE: REQUEST 1741751883632
[2025-03-12 12:58:04,130] [INFO] [30025] PREPARE received from 30048 for REQUEST 1741751883632
[2025-03-12 12:58:04,130] [INFO] [30025] Broadcasting COMMIT: REQUEST 1741751883632
[2025-03-12 12:58:04,130] [INFO] [30025] PREPARE received from 30068 for REQUEST 1741751883632
[2025-03-12 12:58:04,130] [INFO] [30025] PREPARE received from 30064 for REQUEST 1741751883632
[2025-03-12 12:58:04,130] [INFO] [30025] PREPARE received from 30117 for REQUEST 1741751883632
[2025-03-12 12:58:04,130] [INFO] [30025] PREPARE received from 30101 for REQUEST 1741751883632
[2025-03-12 12:58:04,148] [INFO] [30025] PREPARE received from 30093 for REQUEST 1741751883632
[2025-03-12 12:58:04,148] [INFO] [30025] PREPARE received from 30003 for REQUEST 1741751883632
[2025-03-12 12:58:04,148] [INFO] [30025] PREPARE received from 30085 for REQUEST 1741751883632
[2025-03-12 12:58:04,215] [INFO] [30025] COMMIT received from 30064 for REQUEST 1741751883632
[2025-03-12 12:58:04,217] [INFO] [30025] COMMIT received from 30048 for REQUEST 1741751883632
[2025-03-12 12:58:04,217] [INFO] [30025] COMMIT complete. Sending PRE-REPLY: REQUEST 1741751883632 directly to Manager 30011
[2025-03-12 12:58:04,217] [INFO] [30025] PREPARE received from 30069 for REQUEST 1741751883632
[2025-03-12 12:58:04,217] [INFO] [30025] PREPARE received from 30090 for REQUEST 1741751883632
[2025-03-12 12:58:04,217] [INFO] [30025] COMMIT received from 30117 for REQUEST 1741751883632
[2025-03-12 12:58:04,217] [INFO] [30025] PREPARE received from 30065 for REQUEST 1741751883632
[2025-03-12 12:58:04,217] [INFO] [30025] COMMIT received from 30101 for REQUEST 1741751883632
[2025-03-12 12:58:04,217] [INFO] [30025] COMMIT received from 30069 for REQUEST 1741751883632
[2025-03-12 12:58:04,217] [INFO] [30025] COMMIT received from 30068 for REQUEST 1741751883632
[2025-03-12 12:58:04,217] [INFO] [30025] PREPARE received from 30079 for REQUEST 1741751883632
[2025-03-12 12:58:04,217] [INFO] [30025] PREPARE received from 30092 for REQUEST 1741751883632
[2025-03-12 12:58:04,250] [INFO] [30025] COMMIT received from 30079 for REQUEST 1741751883632
[2025-03-12 12:58:04,250] [INFO] [30025] COMMIT received from 30092 for REQUEST 1741751883632
[2025-03-12 12:58:04,250] [INFO] [30025] COMMIT received from 30003 for REQUEST 1741751883632
[2025-03-12 12:58:04,250] [INFO] [30025] COMMIT received from 30085 for REQUEST 1741751883632
[2025-03-12 12:58:04,626] [INFO] [30025] PREPARE received from 30033 for REQUEST 1741751883632
[2025-03-12 12:58:04,628] [INFO] [30025] COMMIT received from 30093 for REQUEST 1741751883632
[2025-03-12 12:58:04,628] [INFO] [30025] COMMIT received from 30065 for REQUEST 1741751883632
[2025-03-12 12:58:04,666] [INFO] [30025] COMMIT received from 30090 for REQUEST 1741751883632
[2025-03-12 12:58:04,740] [INFO] [30025] COMMIT received from 30021 for REQUEST 1741751883632
[2025-03-12 12:58:04,740] [INFO] [30025] COMMIT received from 30050 for REQUEST 1741751883632
[2025-03-12 12:58:04,740] [INFO] [30025] PREPARE received from 30058 for REQUEST 1741751883632
[2025-03-12 12:58:04,745] [INFO] [30025] COMMIT received from 30018 for REQUEST 1741751883632
[2025-03-12 12:58:04,745] [INFO] [30025] COMMIT received from 30058 for REQUEST 1741751883632
[2025-03-12 12:58:04,745] [INFO] [30025] PREPARE received from 30015 for REQUEST 1741751883632
[2025-03-12 12:58:04,745] [INFO] [30025] COMMIT received from 30033 for REQUEST 1741751883632
[2025-03-12 12:58:04,745] [INFO] [30025] COMMIT received from 30037 for REQUEST 1741751883632
[2025-03-12 12:58:04,745] [INFO] [30025] PREPARE received from 30021 for REQUEST 1741751883632
[2025-03-12 12:58:04,745] [INFO] [30025] PREPARE received from 30071 for REQUEST 1741751883632
[2025-03-12 12:58:04,745] [INFO] [30025] COMMIT received from 30071 for REQUEST 1741751883632
[2025-03-12 12:58:04,745] [INFO] [30025] COMMIT received from 30062 for REQUEST 1741751883632
[2025-03-12 12:58:04,745] [INFO] [30025] PREPARE received from 30050 for REQUEST 1741751883632
[2025-03-12 12:58:04,745] [INFO] [30025] PREPARE received from 30018 for REQUEST 1741751883632
[2025-03-12 12:58:04,745] [INFO] [30025] PREPARE received from 30000 for REQUEST 1741751883632
[2025-03-12 12:58:04,745] [INFO] [30025] PREPARE received from 30062 for REQUEST 1741751883632
[2025-03-12 12:58:04,745] [INFO] [30025] PREPARE received from 30037 for REQUEST 1741751883632
[2025-03-12 12:58:04,745] [INFO] [30025] COMMIT received from 30015 for REQUEST 1741751883632
[2025-03-12 12:58:04,792] [INFO] [30025] PREPARE received from 30004 for REQUEST 1741751883632
[2025-03-12 12:58:04,823] [INFO] [30025] COMMIT received from 30103 for REQUEST 1741751883632
[2025-03-12 12:58:04,823] [INFO] [30025] COMMIT received from 30000 for REQUEST 1741751883632
[2025-03-12 12:58:04,840] [INFO] [30025] COMMIT received from 30004 for REQUEST 1741751883632
[2025-03-12 12:58:04,859] [INFO] [30025] PREPARE received from 30056 for REQUEST 1741751883632
[2025-03-12 12:58:04,859] [INFO] [30025] COMMIT received from 30056 for REQUEST 1741751883632
[2025-03-12 12:58:04,941] [INFO] [30025] PREPARE received from 30109 for REQUEST 1741751883632
[2025-03-12 12:58:04,941] [INFO] [30025] COMMIT received from 30109 for REQUEST 1741751883632
[2025-03-12 13:45:28,716] [INFO] [30025] PRE-PREPARE received: {'request_id': 1741754728638, 'data': 'llapbft_message_1741754728638', 'timestamp': 1741754728.6704988, 'leader': 30103, 'cluster_id': 3, 'cluster_ports': [30000, 30003, 30004, 30011, 30015, 30018, 30021, 30025, 30033, 30037, 30048, 30050, 30056, 30058, 30062, 30064, 30065, 30068, 30069, 30071, 30079, 30085, 30090, 30092, 30093, 30101, 30103, 30109, 30117], 'cluster_manager': {'host': 'localhost', 'port': 30011, 'latitude': 36.6266983, 'longitude': 127.4591083, 'altitude': 31, 'offset_m': 'lat: 10 m, lng: 54 m, alt: 31 m'}, 'simulated_delay': 0.00011755555555555556, 'distance': 77.45650419275536, 'message_size_bits': 4232}
[2025-03-12 13:45:28,716] [INFO] [30025] Broadcasting PREPARE: REQUEST 1741754728638
[2025-03-12 13:45:29,097] [INFO] [30025] PREPARE received from 30093 for REQUEST 1741754728638
[2025-03-12 13:45:29,097] [INFO] [30025] Broadcasting COMMIT: REQUEST 1741754728638
[2025-03-12 13:45:29,161] [INFO] [30025] PREPARE received from 30069 for REQUEST 1741754728638
[2025-03-12 13:45:29,161] [INFO] [30025] PREPARE received from 30085 for REQUEST 1741754728638
[2025-03-12 13:45:29,161] [INFO] [30025] PREPARE received from 30117 for REQUEST 1741754728638
[2025-03-12 13:45:29,161] [INFO] [30025] PREPARE received from 30090 for REQUEST 1741754728638
[2025-03-12 13:45:29,161] [INFO] [30025] PREPARE received from 30101 for REQUEST 1741754728638
[2025-03-12 13:45:29,161] [INFO] [30025] PREPARE received from 30003 for REQUEST 1741754728638
[2025-03-12 13:45:29,161] [INFO] [30025] PREPARE received from 30092 for REQUEST 1741754728638
[2025-03-12 13:45:29,161] [INFO] [30025] PREPARE received from 30065 for REQUEST 1741754728638
[2025-03-12 13:45:29,161] [INFO] [30025] PREPARE received from 30079 for REQUEST 1741754728638
[2025-03-12 13:45:29,161] [INFO] [30025] PREPARE received from 30064 for REQUEST 1741754728638
[2025-03-12 13:45:29,202] [INFO] [30025] COMMIT received from 30069 for REQUEST 1741754728638
[2025-03-12 13:45:29,202] [INFO] [30025] COMMIT received from 30085 for REQUEST 1741754728638
[2025-03-12 13:45:29,202] [INFO] [30025] COMMIT complete. Sending PRE-REPLY: REQUEST 1741754728638 directly to Manager 30011
[2025-03-12 13:45:29,202] [INFO] [30025] COMMIT received from 30101 for REQUEST 1741754728638
[2025-03-12 13:45:29,206] [INFO] [30025] COMMIT received from 30117 for REQUEST 1741754728638
[2025-03-12 13:45:29,206] [INFO] [30025] COMMIT received from 30079 for REQUEST 1741754728638
[2025-03-12 13:45:29,206] [INFO] [30025] COMMIT received from 30064 for REQUEST 1741754728638
[2025-03-12 13:45:29,279] [INFO] [30025] COMMIT received from 30065 for REQUEST 1741754728638
[2025-03-12 13:45:29,279] [INFO] [30025] COMMIT received from 30093 for REQUEST 1741754728638
[2025-03-12 13:45:29,281] [INFO] [30025] PREPARE received from 30015 for REQUEST 1741754728638
[2025-03-12 13:45:29,281] [INFO] [30025] COMMIT received from 30003 for REQUEST 1741754728638
[2025-03-12 13:45:29,281] [INFO] [30025] COMMIT received from 30092 for REQUEST 1741754728638
[2025-03-12 13:45:29,487] [INFO] [30025] COMMIT received from 30090 for REQUEST 1741754728638
[2025-03-12 13:45:29,487] [INFO] [30025] PREPARE received from 30048 for REQUEST 1741754728638
[2025-03-12 13:45:29,490] [INFO] [30025] COMMIT received from 30015 for REQUEST 1741754728638
[2025-03-12 13:45:29,490] [INFO] [30025] COMMIT received from 30048 for REQUEST 1741754728638
[2025-03-12 13:45:29,568] [INFO] [30025] PREPARE received from 30068 for REQUEST 1741754728638
[2025-03-12 13:45:29,572] [INFO] [30025] COMMIT received from 30037 for REQUEST 1741754728638
[2025-03-12 13:45:29,572] [INFO] [30025] PREPARE received from 30037 for REQUEST 1741754728638
[2025-03-12 13:45:29,595] [INFO] [30025] COMMIT received from 30068 for REQUEST 1741754728638
[2025-03-12 13:45:29,595] [INFO] [30025] PREPARE received from 30004 for REQUEST 1741754728638
[2025-03-12 13:45:29,595] [INFO] [30025] PREPARE received from 30000 for REQUEST 1741754728638
[2025-03-12 13:45:29,713] [INFO] [30025] PREPARE received from 30033 for REQUEST 1741754728638
[2025-03-12 13:45:29,713] [INFO] [30025] COMMIT received from 30004 for REQUEST 1741754728638
[2025-03-12 13:45:29,713] [INFO] [30025] COMMIT received from 30103 for REQUEST 1741754728638
[2025-03-12 13:45:29,713] [INFO] [30025] COMMIT received from 30058 for REQUEST 1741754728638
[2025-03-12 13:45:29,713] [INFO] [30025] COMMIT received from 30033 for REQUEST 1741754728638
[2025-03-12 13:45:29,713] [INFO] [30025] COMMIT received from 30062 for REQUEST 1741754728638
[2025-03-12 13:45:29,713] [INFO] [30025] PREPARE received from 30058 for REQUEST 1741754728638
[2025-03-12 13:45:29,713] [INFO] [30025] PREPARE received from 30062 for REQUEST 1741754728638
[2025-03-12 13:45:29,743] [INFO] [30025] PREPARE received from 30021 for REQUEST 1741754728638
[2025-03-12 13:45:29,743] [INFO] [30025] PREPARE received from 30071 for REQUEST 1741754728638
[2025-03-12 13:45:29,762] [INFO] [30025] COMMIT received from 30071 for REQUEST 1741754728638
[2025-03-12 13:45:29,762] [INFO] [30025] COMMIT received from 30000 for REQUEST 1741754728638
[2025-03-12 13:45:29,762] [INFO] [30025] COMMIT received from 30021 for REQUEST 1741754728638
[2025-03-12 13:45:29,784] [INFO] [30025] PREPARE received from 30056 for REQUEST 1741754728638
[2025-03-12 13:45:29,807] [INFO] [30025] PREPARE received from 30050 for REQUEST 1741754728638
[2025-03-12 13:45:29,807] [INFO] [30025] COMMIT received from 30050 for REQUEST 1741754728638
[2025-03-12 13:45:29,824] [INFO] [30025] COMMIT received from 30056 for REQUEST 1741754728638
[2025-03-12 13:45:29,847] [INFO] [30025] PREPARE received from 30018 for REQUEST 1741754728638
[2025-03-12 13:45:29,847] [INFO] [30025] COMMIT received from 30018 for REQUEST 1741754728638
[2025-03-12 13:45:30,050] [INFO] [30025] PREPARE received from 30109 for REQUEST 1741754728638
[2025-03-12 13:45:30,050] [INFO] [30025] COMMIT received from 30109 for REQUEST 1741754728638
[2025-03-12 13:45:36,190] [INFO] [30025] PRE-PREPARE received: {'request_id': 1741754736031, 'data': 'llapbft_message_1741754736031', 'timestamp': 1741754736.063827, 'leader': 30103, 'cluster_id': 3, 'cluster_ports': [30000, 30003, 30004, 30011, 30015, 30018, 30021, 30025, 30033, 30037, 30048, 30050, 30056, 30058, 30062, 30064, 30065, 30068, 30069, 30071, 30079, 30085, 30090, 30092, 30093, 30101, 30103, 30109, 30117], 'cluster_manager': {'host': 'localhost', 'port': 30011, 'latitude': 36.6266983, 'longitude': 127.4591083, 'altitude': 31, 'offset_m': 'lat: 10 m, lng: 54 m, alt: 31 m'}, 'simulated_delay': 0.00011733333333333333, 'distance': 77.45650419275536, 'message_size_bits': 4224}
[2025-03-12 13:45:36,190] [INFO] [30025] Broadcasting PREPARE: REQUEST 1741754736031
[2025-03-12 13:45:36,200] [INFO] [30025] PREPARE received from 30093 for REQUEST 1741754736031
[2025-03-12 13:45:36,200] [INFO] [30025] Broadcasting COMMIT: REQUEST 1741754736031
[2025-03-12 13:45:36,200] [INFO] [30025] COMMIT received from 30093 for REQUEST 1741754736031
[2025-03-12 13:45:36,200] [INFO] [30025] PREPARE received from 30079 for REQUEST 1741754736031
[2025-03-12 13:45:36,200] [INFO] [30025] PREPARE received from 30050 for REQUEST 1741754736031
[2025-03-12 13:45:36,200] [INFO] [30025] PREPARE received from 30056 for REQUEST 1741754736031
[2025-03-12 13:45:36,200] [INFO] [30025] PREPARE received from 30101 for REQUEST 1741754736031
[2025-03-12 13:45:36,202] [INFO] [30025] PREPARE received from 30037 for REQUEST 1741754736031
[2025-03-12 13:45:36,202] [INFO] [30025] COMMIT received from 30050 for REQUEST 1741754736031
[2025-03-12 13:45:36,202] [INFO] [30025] COMMIT complete. Sending PRE-REPLY: REQUEST 1741754736031 directly to Manager 30011
[2025-03-12 13:45:36,202] [INFO] [30025] COMMIT received from 30079 for REQUEST 1741754736031
[2025-03-12 13:45:36,236] [INFO] [30025] PREPARE received from 30018 for REQUEST 1741754736031
[2025-03-12 13:45:36,237] [INFO] [30025] PREPARE received from 30069 for REQUEST 1741754736031
[2025-03-12 13:45:36,239] [INFO] [30025] PREPARE received from 30058 for REQUEST 1741754736031
[2025-03-12 13:45:36,239] [INFO] [30025] PREPARE received from 30068 for REQUEST 1741754736031
[2025-03-12 13:45:36,239] [INFO] [30025] PREPARE received from 30109 for REQUEST 1741754736031
[2025-03-12 13:45:36,239] [INFO] [30025] COMMIT received from 30069 for REQUEST 1741754736031
[2025-03-12 13:45:36,245] [INFO] [30025] COMMIT received from 30103 for REQUEST 1741754736031
[2025-03-12 13:45:36,246] [INFO] [30025] PREPARE received from 30090 for REQUEST 1741754736031
[2025-03-12 13:45:36,246] [INFO] [30025] PREPARE received from 30015 for REQUEST 1741754736031
[2025-03-12 13:45:36,246] [INFO] [30025] COMMIT received from 30068 for REQUEST 1741754736031
[2025-03-12 13:45:36,246] [INFO] [30025] COMMIT received from 30003 for REQUEST 1741754736031
[2025-03-12 13:45:36,246] [INFO] [30025] COMMIT received from 30092 for REQUEST 1741754736031
[2025-03-12 13:45:36,247] [INFO] [30025] COMMIT received from 30064 for REQUEST 1741754736031
[2025-03-12 13:45:36,247] [INFO] [30025] PREPARE received from 30064 for REQUEST 1741754736031
[2025-03-12 13:45:36,247] [INFO] [30025] COMMIT received from 30048 for REQUEST 1741754736031
[2025-03-12 13:45:36,247] [INFO] [30025] COMMIT received from 30058 for REQUEST 1741754736031
[2025-03-12 13:45:36,247] [INFO] [30025] PREPARE received from 30048 for REQUEST 1741754736031
[2025-03-12 13:45:36,247] [INFO] [30025] PREPARE received from 30003 for REQUEST 1741754736031
[2025-03-12 13:45:36,248] [INFO] [30025] COMMIT received from 30056 for REQUEST 1741754736031
[2025-03-12 13:45:36,248] [INFO] [30025] PREPARE received from 30092 for REQUEST 1741754736031
[2025-03-12 13:45:36,248] [INFO] [30025] COMMIT received from 30015 for REQUEST 1741754736031
[2025-03-12 13:45:36,248] [INFO] [30025] COMMIT received from 30018 for REQUEST 1741754736031
[2025-03-12 13:45:36,250] [INFO] [30025] COMMIT received from 30109 for REQUEST 1741754736031
[2025-03-12 13:45:36,250] [INFO] [30025] PREPARE received from 30004 for REQUEST 1741754736031
[2025-03-12 13:45:36,261] [INFO] [30025] COMMIT received from 30090 for REQUEST 1741754736031
[2025-03-12 13:45:36,265] [INFO] [30025] COMMIT received from 30004 for REQUEST 1741754736031
[2025-03-12 13:45:36,276] [INFO] [30025] PREPARE received from 30085 for REQUEST 1741754736031
[2025-03-12 13:45:36,287] [INFO] [30025] PREPARE received from 30000 for REQUEST 1741754736031
[2025-03-12 13:45:36,292] [INFO] [30025] PREPARE received from 30021 for REQUEST 1741754736031
[2025-03-12 13:45:36,340] [INFO] [30025] PREPARE received from 30065 for REQUEST 1741754736031
[2025-03-12 13:45:36,340] [INFO] [30025] COMMIT received from 30021 for REQUEST 1741754736031
[2025-03-12 13:45:36,341] [INFO] [30025] COMMIT received from 30065 for REQUEST 1741754736031
[2025-03-12 13:45:36,341] [INFO] [30025] PREPARE received from 30117 for REQUEST 1741754736031
[2025-03-12 13:45:36,342] [INFO] [30025] COMMIT received from 30117 for REQUEST 1741754736031
[2025-03-12 13:45:36,349] [INFO] [30025] PREPARE received from 30071 for REQUEST 1741754736031
[2025-03-12 13:45:36,349] [INFO] [30025] COMMIT received from 30101 for REQUEST 1741754736031
[2025-03-12 13:45:36,353] [INFO] [30025] PREPARE received from 30062 for REQUEST 1741754736031
[2025-03-12 13:45:36,357] [INFO] [30025] COMMIT received from 30071 for REQUEST 1741754736031
[2025-03-12 13:45:36,363] [INFO] [30025] COMMIT received from 30062 for REQUEST 1741754736031
[2025-03-12 13:45:36,404] [INFO] [30025] COMMIT received from 30037 for REQUEST 1741754736031
[2025-03-12 13:45:36,465] [INFO] [30025] COMMIT received from 30000 for REQUEST 1741754736031
[2025-03-12 13:45:36,478] [INFO] [30025] COMMIT received from 30085 for REQUEST 1741754736031
[2025-03-12 13:45:36,489] [INFO] [30025] PREPARE received from 30033 for REQUEST 1741754736031
[2025-03-12 13:45:36,514] [INFO] [30025] COMMIT received from 30033 for REQUEST 1741754736031
[2025-03-12 13:45:47,482] [INFO] [30025] PRE-PREPARE received: {'request_id': 1741754747345, 'data': 'llapbft_message_1741754747345', 'timestamp': 1741754747.370292, 'leader': 30103, 'cluster_id': 3, 'cluster_ports': [30000, 30003, 30004, 30011, 30015, 30018, 30021, 30025, 30033, 30037, 30048, 30050, 30056, 30058, 30062, 30064, 30065, 30068, 30069, 30071, 30079, 30085, 30090, 30092, 30093, 30101, 30103, 30109, 30117], 'cluster_manager': {'host': 'localhost', 'port': 30011, 'latitude': 36.6266983, 'longitude': 127.4591083, 'altitude': 31, 'offset_m': 'lat: 10 m, lng: 54 m, alt: 31 m'}, 'simulated_delay': 0.00011733333333333333, 'distance': 77.45650419275536, 'message_size_bits': 4224}
[2025-03-12 13:45:47,482] [INFO] [30025] Broadcasting PREPARE: REQUEST 1741754747345
[2025-03-12 13:45:47,490] [INFO] [30025] PREPARE received from 30117 for REQUEST 1741754747345
[2025-03-12 13:45:47,490] [INFO] [30025] Broadcasting COMMIT: REQUEST 1741754747345
[2025-03-12 13:45:47,490] [INFO] [30025] PREPARE received from 30062 for REQUEST 1741754747345
[2025-03-12 13:45:47,490] [INFO] [30025] PREPARE received from 30068 for REQUEST 1741754747345
[2025-03-12 13:45:47,490] [INFO] [30025] PREPARE received from 30071 for REQUEST 1741754747345
[2025-03-12 13:45:47,490] [INFO] [30025] PREPARE received from 30064 for REQUEST 1741754747345
[2025-03-12 13:45:47,496] [INFO] [30025] COMMIT received from 30068 for REQUEST 1741754747345
[2025-03-12 13:45:47,498] [INFO] [30025] PREPARE received from 30069 for REQUEST 1741754747345
[2025-03-12 13:45:47,498] [INFO] [30025] COMMIT received from 30064 for REQUEST 1741754747345
[2025-03-12 13:45:47,498] [INFO] [30025] COMMIT complete. Sending PRE-REPLY: REQUEST 1741754747345 directly to Manager 30011
[2025-03-12 13:45:47,506] [INFO] [30025] COMMIT received from 30117 for REQUEST 1741754747345
[2025-03-12 13:45:47,506] [INFO] [30025] COMMIT received from 30071 for REQUEST 1741754747345
[2025-03-12 13:45:47,508] [INFO] [30025] PREPARE received from 30018 for REQUEST 1741754747345
[2025-03-12 13:45:47,510] [INFO] [30025] PREPARE received from 30101 for REQUEST 1741754747345
[2025-03-12 13:45:47,510] [INFO] [30025] PREPARE received from 30056 for REQUEST 1741754747345
[2025-03-12 13:45:47,510] [INFO] [30025] PREPARE received from 30037 for REQUEST 1741754747345
[2025-03-12 13:45:47,518] [INFO] [30025] COMMIT received from 30018 for REQUEST 1741754747345
[2025-03-12 13:45:47,520] [INFO] [30025] PREPARE received from 30033 for REQUEST 1741754747345
[2025-03-12 13:45:47,520] [INFO] [30025] PREPARE received from 30090 for REQUEST 1741754747345
[2025-03-12 13:45:47,520] [INFO] [30025] COMMIT received from 30056 for REQUEST 1741754747345
[2025-03-12 13:45:47,522] [INFO] [30025] COMMIT received from 30103 for REQUEST 1741754747345
[2025-03-12 13:45:47,524] [INFO] [30025] COMMIT received from 30090 for REQUEST 1741754747345
[2025-03-12 13:45:47,524] [INFO] [30025] PREPARE received from 30004 for REQUEST 1741754747345
[2025-03-12 13:45:47,528] [INFO] [30025] COMMIT received from 30004 for REQUEST 1741754747345
[2025-03-12 13:45:47,528] [INFO] [30025] PREPARE received from 30050 for REQUEST 1741754747345
[2025-03-12 13:45:47,530] [INFO] [30025] PREPARE received from 30003 for REQUEST 1741754747345
[2025-03-12 13:45:47,538] [INFO] [30025] PREPARE received from 30093 for REQUEST 1741754747345
[2025-03-12 13:45:47,551] [INFO] [30025] COMMIT received from 30101 for REQUEST 1741754747345
[2025-03-12 13:45:47,551] [INFO] [30025] PREPARE received from 30085 for REQUEST 1741754747345
[2025-03-12 13:45:47,593] [INFO] [30025] COMMIT received from 30003 for REQUEST 1741754747345
[2025-03-12 13:45:47,595] [INFO] [30025] COMMIT received from 30093 for REQUEST 1741754747345
[2025-03-12 13:45:47,597] [INFO] [30025] COMMIT received from 30050 for REQUEST 1741754747345
[2025-03-12 13:45:47,597] [INFO] [30025] COMMIT received from 30048 for REQUEST 1741754747345
[2025-03-12 13:45:47,597] [INFO] [30025] PREPARE received from 30021 for REQUEST 1741754747345
[2025-03-12 13:45:47,597] [INFO] [30025] PREPARE received from 30109 for REQUEST 1741754747345
[2025-03-12 13:45:47,599] [INFO] [30025] PREPARE received from 30048 for REQUEST 1741754747345
[2025-03-12 13:45:47,599] [INFO] [30025] PREPARE received from 30000 for REQUEST 1741754747345
[2025-03-12 13:45:47,618] [INFO] [30025] COMMIT received from 30109 for REQUEST 1741754747345
[2025-03-12 13:45:47,622] [INFO] [30025] PREPARE received from 30015 for REQUEST 1741754747345
[2025-03-12 13:45:47,640] [INFO] [30025] COMMIT received from 30069 for REQUEST 1741754747345
[2025-03-12 13:45:47,642] [INFO] [30025] COMMIT received from 30015 for REQUEST 1741754747345
[2025-03-12 13:45:47,651] [INFO] [30025] PREPARE received from 30058 for REQUEST 1741754747345
[2025-03-12 13:45:47,652] [INFO] [30025] COMMIT received from 30062 for REQUEST 1741754747345
[2025-03-12 13:45:47,670] [INFO] [30025] COMMIT received from 30058 for REQUEST 1741754747345
[2025-03-12 13:45:47,697] [INFO] [30025] PREPARE received from 30065 for REQUEST 1741754747345
[2025-03-12 13:45:47,697] [INFO] [30025] PREPARE received from 30092 for REQUEST 1741754747345
[2025-03-12 13:45:47,715] [INFO] [30025] COMMIT received from 30065 for REQUEST 1741754747345
[2025-03-12 13:45:47,715] [INFO] [30025] COMMIT received from 30092 for REQUEST 1741754747345
[2025-03-12 13:45:47,734] [INFO] [30025] COMMIT received from 30021 for REQUEST 1741754747345
[2025-03-12 13:45:47,736] [INFO] [30025] PREPARE received from 30079 for REQUEST 1741754747345
[2025-03-12 13:45:47,746] [INFO] [30025] COMMIT received from 30037 for REQUEST 1741754747345
[2025-03-12 13:45:47,758] [INFO] [30025] COMMIT received from 30085 for REQUEST 1741754747345
[2025-03-12 13:45:47,760] [INFO] [30025] COMMIT received from 30079 for REQUEST 1741754747345
[2025-03-12 13:45:47,819] [INFO] [30025] COMMIT received from 30000 for REQUEST 1741754747345
[2025-03-12 13:45:47,880] [INFO] [30025] COMMIT received from 30033 for REQUEST 1741754747345
[2025-03-12 13:45:59,046] [INFO] [30025] PRE-PREPARE received: {'request_id': 1741754759008, 'data': 'llapbft_message_1741754759008', 'timestamp': 1741754759.0302613, 'leader': 30103, 'cluster_id': 3, 'cluster_ports': [30000, 30003, 30004, 30011, 30015, 30018, 30021, 30025, 30033, 30037, 30048, 30050, 30056, 30058, 30062, 30064, 30065, 30068, 30069, 30071, 30079, 30085, 30090, 30092, 30093, 30101, 30103, 30109, 30117], 'cluster_manager': {'host': 'localhost', 'port': 30011, 'latitude': 36.6266983, 'longitude': 127.4591083, 'altitude': 31, 'offset_m': 'lat: 10 m, lng: 54 m, alt: 31 m'}, 'simulated_delay': 0.00011755555555555556, 'distance': 77.45650419275536, 'message_size_bits': 4232}
[2025-03-12 13:45:59,046] [INFO] [30025] Broadcasting PREPARE: REQUEST 1741754759008
[2025-03-12 13:45:59,068] [INFO] [30025] PREPARE received from 30085 for REQUEST 1741754759008
[2025-03-12 13:45:59,068] [INFO] [30025] Broadcasting COMMIT: REQUEST 1741754759008
[2025-03-12 13:45:59,068] [INFO] [30025] PREPARE received from 30090 for REQUEST 1741754759008
[2025-03-12 13:45:59,068] [INFO] [30025] PREPARE received from 30117 for REQUEST 1741754759008
[2025-03-12 13:45:59,068] [INFO] [30025] PREPARE received from 30056 for REQUEST 1741754759008
[2025-03-12 13:45:59,068] [INFO] [30025] PREPARE received from 30015 for REQUEST 1741754759008
[2025-03-12 13:45:59,070] [INFO] [30025] PREPARE received from 30101 for REQUEST 1741754759008
[2025-03-12 13:45:59,070] [INFO] [30025] PREPARE received from 30092 for REQUEST 1741754759008
[2025-03-12 13:45:59,070] [INFO] [30025] PREPARE received from 30058 for REQUEST 1741754759008
[2025-03-12 13:45:59,070] [INFO] [30025] PREPARE received from 30064 for REQUEST 1741754759008
[2025-03-12 13:45:59,070] [INFO] [30025] PREPARE received from 30093 for REQUEST 1741754759008
[2025-03-12 13:45:59,072] [INFO] [30025] PREPARE received from 30071 for REQUEST 1741754759008
[2025-03-12 13:45:59,072] [INFO] [30025] PREPARE received from 30050 for REQUEST 1741754759008
[2025-03-12 13:45:59,072] [INFO] [30025] PREPARE received from 30048 for REQUEST 1741754759008
[2025-03-12 13:45:59,072] [INFO] [30025] PREPARE received from 30033 for REQUEST 1741754759008
[2025-03-12 13:45:59,074] [INFO] [30025] PREPARE received from 30003 for REQUEST 1741754759008
[2025-03-12 13:45:59,079] [INFO] [30025] PREPARE received from 30065 for REQUEST 1741754759008
[2025-03-12 13:45:59,081] [INFO] [30025] PREPARE received from 30069 for REQUEST 1741754759008
[2025-03-12 13:45:59,081] [INFO] [30025] PREPARE received from 30021 for REQUEST 1741754759008
[2025-03-12 13:45:59,081] [INFO] [30025] PREPARE received from 30068 for REQUEST 1741754759008
[2025-03-12 13:45:59,081] [INFO] [30025] PREPARE received from 30004 for REQUEST 1741754759008
[2025-03-12 13:45:59,083] [INFO] [30025] PREPARE received from 30000 for REQUEST 1741754759008
[2025-03-12 13:45:59,083] [INFO] [30025] PREPARE received from 30062 for REQUEST 1741754759008
[2025-03-12 13:45:59,083] [INFO] [30025] PREPARE received from 30037 for REQUEST 1741754759008
[2025-03-12 13:45:59,085] [INFO] [30025] PREPARE received from 30079 for REQUEST 1741754759008
[2025-03-12 13:45:59,093] [INFO] [30025] PREPARE received from 30109 for REQUEST 1741754759008
[2025-03-12 13:45:59,095] [INFO] [30025] COMMIT received from 30033 for REQUEST 1741754759008
[2025-03-12 13:45:59,095] [INFO] [30025] COMMIT received from 30050 for REQUEST 1741754759008
[2025-03-12 13:45:59,095] [INFO] [30025] COMMIT complete. Sending PRE-REPLY: REQUEST 1741754759008 directly to Manager 30011
[2025-03-12 13:45:59,097] [INFO] [30025] COMMIT received from 30021 for REQUEST 1741754759008
[2025-03-12 13:45:59,097] [INFO] [30025] COMMIT received from 30069 for REQUEST 1741754759008
[2025-03-12 13:45:59,097] [INFO] [30025] COMMIT received from 30056 for REQUEST 1741754759008
[2025-03-12 13:45:59,097] [INFO] [30025] COMMIT received from 30015 for REQUEST 1741754759008
[2025-03-12 13:45:59,097] [INFO] [30025] COMMIT received from 30004 for REQUEST 1741754759008
[2025-03-12 13:45:59,097] [INFO] [30025] COMMIT received from 30065 for REQUEST 1741754759008
[2025-03-12 13:45:59,151] [INFO] [30025] COMMIT received from 30068 for REQUEST 1741754759008
[2025-03-12 13:45:59,151] [INFO] [30025] COMMIT received from 30064 for REQUEST 1741754759008
[2025-03-12 13:45:59,183] [INFO] [30025] COMMIT received from 30048 for REQUEST 1741754759008
[2025-03-12 13:45:59,187] [INFO] [30025] COMMIT received from 30090 for REQUEST 1741754759008
[2025-03-12 13:45:59,277] [INFO] [30025] PREPARE received from 30018 for REQUEST 1741754759008
[2025-03-12 13:45:59,279] [INFO] [30025] COMMIT received from 30092 for REQUEST 1741754759008
[2025-03-12 13:45:59,279] [INFO] [30025] COMMIT received from 30037 for REQUEST 1741754759008
[2025-03-12 13:45:59,280] [INFO] [30025] COMMIT received from 30003 for REQUEST 1741754759008
[2025-03-12 13:45:59,280] [INFO] [30025] COMMIT received from 30101 for REQUEST 1741754759008
[2025-03-12 13:45:59,280] [INFO] [30025] COMMIT received from 30109 for REQUEST 1741754759008
[2025-03-12 13:45:59,282] [INFO] [30025] COMMIT received from 30018 for REQUEST 1741754759008
[2025-03-12 13:45:59,319] [INFO] [30025] COMMIT received from 30093 for REQUEST 1741754759008
[2025-03-12 13:45:59,320] [INFO] [30025] COMMIT received from 30000 for REQUEST 1741754759008
[2025-03-12 13:45:59,350] [INFO] [30025] COMMIT received from 30058 for REQUEST 1741754759008
[2025-03-12 13:45:59,361] [INFO] [30025] COMMIT received from 30079 for REQUEST 1741754759008
[2025-03-12 13:45:59,373] [INFO] [30025] COMMIT received from 30071 for REQUEST 1741754759008
[2025-03-12 13:45:59,393] [INFO] [30025] COMMIT received from 30103 for REQUEST 1741754759008
[2025-03-12 13:45:59,427] [INFO] [30025] COMMIT received from 30117 for REQUEST 1741754759008
[2025-03-12 13:45:59,446] [INFO] [30025] COMMIT received from 30085 for REQUEST 1741754759008
[2025-03-12 13:45:59,542] [INFO] [30025] COMMIT received from 30062 for REQUEST 1741754759008
[2025-03-12 13:46:11,319] [INFO] [30025] PRE-PREPARE received: {'request_id': 1741754771266, 'data': 'llapbft_message_1741754771266', 'timestamp': 1741754771.2983816, 'leader': 30103, 'cluster_id': 3, 'cluster_ports': [30000, 30003, 30004, 30011, 30015, 30018, 30021, 30025, 30033, 30037, 30048, 30050, 30056, 30058, 30062, 30064, 30065, 30068, 30069, 30071, 30079, 30085, 30090, 30092, 30093, 30101, 30103, 30109, 30117], 'cluster_manager': {'host': 'localhost', 'port': 30011, 'latitude': 36.6266983, 'longitude': 127.4591083, 'altitude': 31, 'offset_m': 'lat: 10 m, lng: 54 m, alt: 31 m'}, 'simulated_delay': 0.00011755555555555556, 'distance': 77.45650419275536, 'message_size_bits': 4232}
[2025-03-12 13:46:11,319] [INFO] [30025] Broadcasting PREPARE: REQUEST 1741754771266
[2025-03-12 13:46:11,333] [INFO] [30025] PREPARE received from 30117 for REQUEST 1741754771266
[2025-03-12 13:46:11,333] [INFO] [30025] Broadcasting COMMIT: REQUEST 1741754771266
[2025-03-12 13:46:11,339] [INFO] [30025] PREPARE received from 30068 for REQUEST 1741754771266
[2025-03-12 13:46:11,339] [INFO] [30025] PREPARE received from 30085 for REQUEST 1741754771266
[2025-03-12 13:46:11,341] [INFO] [30025] PREPARE received from 30056 for REQUEST 1741754771266
[2025-03-12 13:46:11,341] [INFO] [30025] PREPARE received from 30015 for REQUEST 1741754771266
[2025-03-12 13:46:11,341] [INFO] [30025] PREPARE received from 30101 for REQUEST 1741754771266
[2025-03-12 13:46:11,343] [INFO] [30025] PREPARE received from 30065 for REQUEST 1741754771266
[2025-03-12 13:46:11,343] [INFO] [30025] PREPARE received from 30058 for REQUEST 1741754771266
[2025-03-12 13:46:11,343] [INFO] [30025] PREPARE received from 30064 for REQUEST 1741754771266
[2025-03-12 13:46:11,343] [INFO] [30025] PREPARE received from 30093 for REQUEST 1741754771266
[2025-03-12 13:46:11,343] [INFO] [30025] PREPARE received from 30071 for REQUEST 1741754771266
[2025-03-12 13:46:11,345] [INFO] [30025] PREPARE received from 30050 for REQUEST 1741754771266
[2025-03-12 13:46:11,345] [INFO] [30025] PREPARE received from 30048 for REQUEST 1741754771266
[2025-03-12 13:46:11,345] [INFO] [30025] PREPARE received from 30069 for REQUEST 1741754771266
[2025-03-12 13:46:11,347] [INFO] [30025] PREPARE received from 30004 for REQUEST 1741754771266
[2025-03-12 13:46:11,347] [INFO] [30025] PREPARE received from 30062 for REQUEST 1741754771266
[2025-03-12 13:46:11,349] [INFO] [30025] PREPARE received from 30003 for REQUEST 1741754771266
[2025-03-12 13:46:11,349] [INFO] [30025] PREPARE received from 30018 for REQUEST 1741754771266
[2025-03-12 13:46:11,357] [INFO] [30025] COMMIT received from 30117 for REQUEST 1741754771266
[2025-03-12 13:46:11,509] [INFO] [30025] PREPARE received from 30090 for REQUEST 1741754771266
[2025-03-12 13:46:11,511] [INFO] [30025] PREPARE received from 30000 for REQUEST 1741754771266
[2025-03-12 13:46:11,511] [INFO] [30025] COMMIT received from 30004 for REQUEST 1741754771266
[2025-03-12 13:46:11,511] [INFO] [30025] COMMIT complete. Sending PRE-REPLY: REQUEST 1741754771266 directly to Manager 30011
[2025-03-12 13:46:11,511] [INFO] [30025] COMMIT received from 30056 for REQUEST 1741754771266
[2025-03-12 13:46:11,511] [INFO] [30025] PREPARE received from 30033 for REQUEST 1741754771266
[2025-03-12 13:46:11,511] [INFO] [30025] PREPARE received from 30092 for REQUEST 1741754771266
[2025-03-12 13:46:11,513] [INFO] [30025] PREPARE received from 30037 for REQUEST 1741754771266
[2025-03-12 13:46:11,513] [INFO] [30025] PREPARE received from 30079 for REQUEST 1741754771266
[2025-03-12 13:46:11,513] [INFO] [30025] PREPARE received from 30109 for REQUEST 1741754771266
[2025-03-12 13:46:11,517] [INFO] [30025] COMMIT received from 30103 for REQUEST 1741754771266
[2025-03-12 13:46:11,517] [INFO] [30025] COMMIT received from 30101 for REQUEST 1741754771266
[2025-03-12 13:46:11,517] [INFO] [30025] PREPARE received from 30021 for REQUEST 1741754771266
[2025-03-12 13:46:11,578] [INFO] [30025] COMMIT received from 30068 for REQUEST 1741754771266
[2025-03-12 13:46:11,581] [INFO] [30025] COMMIT received from 30062 for REQUEST 1741754771266
[2025-03-12 13:46:11,584] [INFO] [30025] COMMIT received from 30109 for REQUEST 1741754771266
[2025-03-12 13:46:11,585] [INFO] [30025] COMMIT received from 30050 for REQUEST 1741754771266
[2025-03-12 13:46:11,585] [INFO] [30025] COMMIT received from 30092 for REQUEST 1741754771266
[2025-03-12 13:46:11,592] [INFO] [30025] COMMIT received from 30048 for REQUEST 1741754771266
[2025-03-12 13:46:11,594] [INFO] [30025] COMMIT received from 30018 for REQUEST 1741754771266
[2025-03-12 13:46:11,598] [INFO] [30025] COMMIT received from 30058 for REQUEST 1741754771266
[2025-03-12 13:46:11,598] [INFO] [30025] COMMIT received from 30021 for REQUEST 1741754771266
[2025-03-12 13:46:11,603] [INFO] [30025] COMMIT received from 30071 for REQUEST 1741754771266
[2025-03-12 13:46:11,610] [INFO] [30025] COMMIT received from 30085 for REQUEST 1741754771266
[2025-03-12 13:46:11,617] [INFO] [30025] COMMIT received from 30003 for REQUEST 1741754771266
[2025-03-12 13:46:11,618] [INFO] [30025] COMMIT received from 30090 for REQUEST 1741754771266
[2025-03-12 13:46:11,619] [INFO] [30025] COMMIT received from 30015 for REQUEST 1741754771266
[2025-03-12 13:46:11,628] [INFO] [30025] COMMIT received from 30079 for REQUEST 1741754771266
[2025-03-12 13:46:11,649] [INFO] [30025] COMMIT received from 30064 for REQUEST 1741754771266
[2025-03-12 13:46:11,654] [INFO] [30025] COMMIT received from 30093 for REQUEST 1741754771266
[2025-03-12 13:46:11,663] [INFO] [30025] COMMIT received from 30065 for REQUEST 1741754771266
[2025-03-12 13:46:11,667] [INFO] [30025] COMMIT received from 30069 for REQUEST 1741754771266
[2025-03-12 13:46:11,682] [INFO] [30025] COMMIT received from 30033 for REQUEST 1741754771266
[2025-03-12 13:46:11,682] [INFO] [30025] COMMIT received from 30000 for REQUEST 1741754771266
[2025-03-12 13:46:11,682] [INFO] [30025] COMMIT received from 30037 for REQUEST 1741754771266
[2025-03-12 14:44:18,223] [INFO] [30025] PRE-PREPARE received: {'request_id': 1741758258160, 'data': 'llapbft_message_1741758258160', 'timestamp': 1741758258.1917994, 'leader': 30103, 'cluster_id': 3, 'cluster_ports': [30000, 30003, 30004, 30011, 30015, 30018, 30021, 30025, 30033, 30037, 30048, 30050, 30056, 30058, 30062, 30064, 30065, 30068, 30069, 30071, 30079, 30085, 30090, 30092, 30093, 30101, 30103, 30109, 30117], 'cluster_manager': {'host': 'localhost', 'port': 30011, 'latitude': 36.6266983, 'longitude': 127.4591083, 'altitude': 31, 'offset_m': 'lat: 10 m, lng: 54 m, alt: 31 m'}, 'simulated_delay': 0.00011755555555555556, 'distance': 77.45650419275536, 'message_size_bits': 4232}
[2025-03-12 14:44:18,223] [INFO] [30025] Broadcasting PREPARE: REQUEST 1741758258160
[2025-03-12 14:44:18,407] [INFO] [30025] PREPARE received from 30064 for REQUEST 1741758258160
[2025-03-12 14:44:18,407] [INFO] [30025] Broadcasting COMMIT: REQUEST 1741758258160
[2025-03-12 14:44:18,428] [INFO] [30025] PREPARE received from 30101 for REQUEST 1741758258160
[2025-03-12 14:44:18,428] [INFO] [30025] PREPARE received from 30003 for REQUEST 1741758258160
[2025-03-12 14:44:18,428] [INFO] [30025] PREPARE received from 30069 for REQUEST 1741758258160
[2025-03-12 14:44:18,449] [INFO] [30025] PREPARE received from 30117 for REQUEST 1741758258160
[2025-03-12 14:44:18,449] [INFO] [30025] COMMIT received from 30101 for REQUEST 1741758258160
[2025-03-12 14:44:18,475] [INFO] [30025] PREPARE received from 30068 for REQUEST 1741758258160
[2025-03-12 14:44:18,487] [INFO] [30025] COMMIT received from 30068 for REQUEST 1741758258160
[2025-03-12 14:44:18,487] [INFO] [30025] COMMIT complete. Sending PRE-REPLY: REQUEST 1741758258160 directly to Manager 30011
[2025-03-12 14:44:18,487] [INFO] [30025] PREPARE received from 30093 for REQUEST 1741758258160
[2025-03-12 14:44:18,716] [INFO] [30025] COMMIT received from 30003 for REQUEST 1741758258160
[2025-03-12 14:44:18,716] [INFO] [30025] PREPARE received from 30065 for REQUEST 1741758258160
[2025-03-12 14:44:18,743] [INFO] [30025] PREPARE received from 30090 for REQUEST 1741758258160
[2025-03-12 14:44:18,743] [INFO] [30025] COMMIT received from 30064 for REQUEST 1741758258160
[2025-03-12 14:44:18,764] [INFO] [30025] PREPARE received from 30085 for REQUEST 1741758258160
[2025-03-12 14:44:18,764] [INFO] [30025] PREPARE received from 30079 for REQUEST 1741758258160
[2025-03-12 14:44:18,792] [INFO] [30025] COMMIT received from 30092 for REQUEST 1741758258160
[2025-03-12 14:44:18,792] [INFO] [30025] PREPARE received from 30000 for REQUEST 1741758258160
[2025-03-12 14:44:18,792] [INFO] [30025] COMMIT received from 30117 for REQUEST 1741758258160
[2025-03-12 14:44:18,792] [INFO] [30025] COMMIT received from 30085 for REQUEST 1741758258160
[2025-03-12 14:44:18,792] [INFO] [30025] COMMIT received from 30079 for REQUEST 1741758258160
[2025-03-12 14:44:18,792] [INFO] [30025] COMMIT received from 30069 for REQUEST 1741758258160
[2025-03-12 14:44:18,822] [INFO] [30025] PREPARE received from 30092 for REQUEST 1741758258160
[2025-03-12 14:44:18,822] [INFO] [30025] PREPARE received from 30048 for REQUEST 1741758258160
[2025-03-12 14:44:18,828] [INFO] [30025] COMMIT received from 30048 for REQUEST 1741758258160
[2025-03-12 14:44:18,828] [INFO] [30025] COMMIT received from 30065 for REQUEST 1741758258160
[2025-03-12 14:44:18,870] [INFO] [30025] PREPARE received from 30015 for REQUEST 1741758258160
[2025-03-12 14:44:18,886] [INFO] [30025] COMMIT received from 30090 for REQUEST 1741758258160
[2025-03-12 14:44:18,901] [INFO] [30025] COMMIT received from 30093 for REQUEST 1741758258160
[2025-03-12 14:44:18,901] [INFO] [30025] COMMIT received from 30015 for REQUEST 1741758258160
[2025-03-12 14:44:18,992] [INFO] [30025] PREPARE received from 30062 for REQUEST 1741758258160
[2025-03-12 14:44:19,003] [INFO] [30025] COMMIT received from 30062 for REQUEST 1741758258160
[2025-03-12 14:44:19,041] [INFO] [30025] PREPARE received from 30037 for REQUEST 1741758258160
[2025-03-12 14:44:19,041] [INFO] [30025] COMMIT received from 30000 for REQUEST 1741758258160
[2025-03-12 14:44:19,041] [INFO] [30025] COMMIT received from 30103 for REQUEST 1741758258160
[2025-03-12 14:44:19,063] [INFO] [30025] PREPARE received from 30071 for REQUEST 1741758258160
[2025-03-12 14:44:19,063] [INFO] [30025] COMMIT received from 30037 for REQUEST 1741758258160
[2025-03-12 14:44:19,063] [INFO] [30025] COMMIT received from 30071 for REQUEST 1741758258160
[2025-03-12 14:44:19,063] [INFO] [30025] COMMIT received from 30021 for REQUEST 1741758258160
[2025-03-12 14:44:19,063] [INFO] [30025] PREPARE received from 30021 for REQUEST 1741758258160
[2025-03-12 14:44:19,096] [INFO] [30025] PREPARE received from 30018 for REQUEST 1741758258160
[2025-03-12 14:44:19,096] [INFO] [30025] COMMIT received from 30018 for REQUEST 1741758258160
[2025-03-12 14:44:19,096] [INFO] [30025] PREPARE received from 30058 for REQUEST 1741758258160
[2025-03-12 14:44:19,119] [INFO] [30025] PREPARE received from 30033 for REQUEST 1741758258160
[2025-03-12 14:44:19,120] [INFO] [30025] COMMIT received from 30058 for REQUEST 1741758258160
[2025-03-12 14:44:19,139] [INFO] [30025] PREPARE received from 30050 for REQUEST 1741758258160
[2025-03-12 14:44:19,140] [INFO] [30025] COMMIT received from 30050 for REQUEST 1741758258160
[2025-03-12 14:44:19,174] [INFO] [30025] PREPARE received from 30004 for REQUEST 1741758258160
[2025-03-12 14:44:19,229] [INFO] [30025] COMMIT received from 30033 for REQUEST 1741758258160
[2025-03-12 14:44:19,229] [INFO] [30025] PREPARE received from 30056 for REQUEST 1741758258160
[2025-03-12 14:44:19,268] [INFO] [30025] COMMIT received from 30004 for REQUEST 1741758258160
[2025-03-12 14:44:19,281] [INFO] [30025] COMMIT received from 30056 for REQUEST 1741758258160
[2025-03-12 14:44:19,503] [INFO] [30025] PREPARE received from 30109 for REQUEST 1741758258160
[2025-03-12 14:44:19,516] [INFO] [30025] COMMIT received from 30109 for REQUEST 1741758258160
[2025-03-12 15:55:38,042] [INFO] Node started: localhost:30025 | index=26 | f=1, k=4
[2025-03-12 15:55:41,216] [INFO] [30025] PRE-PREPARE received: {'request_id': 1741762541162, 'data': 'llapbft_message_1741762541162', 'timestamp': 1741762541.184789, 'leader': 30016, 'cluster_id': 2, 'cluster_ports': [30004, 30014, 30015, 30016, 30025, 30035], 'cluster_manager': {'host': 'localhost', 'port': 30035, 'latitude': 36.6273968, 'longitude': 127.4585902, 'altitude': 46, 'offset_m': 'lat: 88 m, lng: 8 m, alt: 46 m'}, 'simulated_delay': 0.00016266666666666667, 'distance': 184.32182232296105, 'message_size_bits': 2928}
[2025-03-12 15:55:41,216] [INFO] [30025] Broadcasting PREPARE: REQUEST 1741762541162
[2025-03-12 15:55:41,234] [INFO] [30025] PREPARE received from 30004 for REQUEST 1741762541162
[2025-03-12 15:55:41,234] [INFO] [30025] Broadcasting COMMIT: REQUEST 1741762541162
[2025-03-12 15:55:41,258] [INFO] [30025] COMMIT received from 30004 for REQUEST 1741762541162
[2025-03-12 15:55:41,258] [INFO] [30025] PREPARE received from 30014 for REQUEST 1741762541162
[2025-03-12 15:55:41,258] [INFO] [30025] COMMIT received from 30014 for REQUEST 1741762541162
[2025-03-12 15:55:41,258] [INFO] [30025] COMMIT complete. Sending PRE-REPLY: REQUEST 1741762541162 directly to Manager 30035
[2025-03-12 15:55:41,264] [INFO] [30025] COMMIT received from 30016 for REQUEST 1741762541162
[2025-03-12 15:55:41,264] [INFO] [30025] PREPARE received from 30015 for REQUEST 1741762541162
[2025-03-12 15:55:41,264] [INFO] [30025] COMMIT received from 30015 for REQUEST 1741762541162
[2025-03-12 15:55:48,193] [INFO] [30025] PRE-PREPARE received: {'request_id': 1741762548144, 'data': 'llapbft_message_1741762548144', 'timestamp': 1741762548.176454, 'leader': 30016, 'cluster_id': 2, 'cluster_ports': [30004, 30014, 30015, 30016, 30025, 30035], 'cluster_manager': {'host': 'localhost', 'port': 30035, 'latitude': 36.6273968, 'longitude': 127.4585902, 'altitude': 46, 'offset_m': 'lat: 88 m, lng: 8 m, alt: 46 m'}, 'simulated_delay': 0.00016266666666666667, 'distance': 184.32182232296105, 'message_size_bits': 2928}
[2025-03-12 15:55:48,193] [INFO] [30025] Broadcasting PREPARE: REQUEST 1741762548144
[2025-03-12 15:55:48,211] [INFO] [30025] PREPARE received from 30004 for REQUEST 1741762548144
[2025-03-12 15:55:48,211] [INFO] [30025] Broadcasting COMMIT: REQUEST 1741762548144
[2025-03-12 15:55:48,211] [INFO] [30025] PREPARE received from 30014 for REQUEST 1741762548144
[2025-03-12 15:55:48,211] [INFO] [30025] PREPARE received from 30015 for REQUEST 1741762548144
[2025-03-12 15:55:48,215] [INFO] [30025] COMMIT received from 30014 for REQUEST 1741762548144
[2025-03-12 15:55:48,215] [INFO] [30025] COMMIT received from 30004 for REQUEST 1741762548144
[2025-03-12 15:55:48,215] [INFO] [30025] COMMIT complete. Sending PRE-REPLY: REQUEST 1741762548144 directly to Manager 30035
[2025-03-12 15:55:48,219] [INFO] [30025] COMMIT received from 30016 for REQUEST 1741762548144
[2025-03-12 15:55:48,221] [INFO] [30025] COMMIT received from 30015 for REQUEST 1741762548144
[2025-03-12 15:55:49,798] [INFO] [30025] PRE-PREPARE received: {'request_id': 1741762549751, 'data': 'llapbft_message_1741762549751', 'timestamp': 1741762549.7831283, 'leader': 30016, 'cluster_id': 2, 'cluster_ports': [30004, 30014, 30015, 30016, 30025, 30035], 'cluster_manager': {'host': 'localhost', 'port': 30035, 'latitude': 36.6273968, 'longitude': 127.4585902, 'altitude': 46, 'offset_m': 'lat: 88 m, lng: 8 m, alt: 46 m'}, 'simulated_delay': 0.0001631111111111111, 'distance': 184.32182232296105, 'message_size_bits': 2936}
[2025-03-12 15:55:49,798] [INFO] [30025] Broadcasting PREPARE: REQUEST 1741762549751
[2025-03-12 15:55:49,820] [INFO] [30025] PREPARE received from 30014 for REQUEST 1741762549751
[2025-03-12 15:55:49,820] [INFO] [30025] Broadcasting COMMIT: REQUEST 1741762549751
[2025-03-12 15:55:49,820] [INFO] [30025] PREPARE received from 30015 for REQUEST 1741762549751
[2025-03-12 15:55:49,820] [INFO] [30025] PREPARE received from 30004 for REQUEST 1741762549751
[2025-03-12 15:55:49,822] [INFO] [30025] COMMIT received from 30014 for REQUEST 1741762549751
[2025-03-12 15:55:49,825] [INFO] [30025] COMMIT received from 30015 for REQUEST 1741762549751
[2025-03-12 15:55:49,825] [INFO] [30025] COMMIT complete. Sending PRE-REPLY: REQUEST 1741762549751 directly to Manager 30035
[2025-03-12 15:55:49,825] [INFO] [30025] COMMIT received from 30016 for REQUEST 1741762549751
[2025-03-12 15:55:49,825] [INFO] [30025] COMMIT received from 30004 for REQUEST 1741762549751
[2025-03-12 15:55:50,923] [INFO] [30025] PRE-PREPARE received: {'request_id': 1741762550875, 'data': 'llapbft_message_1741762550875', 'timestamp': 1741762550.9073527, 'leader': 30016, 'cluster_id': 2, 'cluster_ports': [30004, 30014, 30015, 30016, 30025, 30035], 'cluster_manager': {'host': 'localhost', 'port': 30035, 'latitude': 36.6273968, 'longitude': 127.4585902, 'altitude': 46, 'offset_m': 'lat: 88 m, lng: 8 m, alt: 46 m'}, 'simulated_delay': 0.0001631111111111111, 'distance': 184.32182232296105, 'message_size_bits': 2936}
[2025-03-12 15:55:50,923] [INFO] [30025] Broadcasting PREPARE: REQUEST 1741762550875
[2025-03-12 15:55:50,940] [INFO] [30025] PREPARE received from 30014 for REQUEST 1741762550875
[2025-03-12 15:55:50,940] [INFO] [30025] Broadcasting COMMIT: REQUEST 1741762550875
[2025-03-12 15:55:50,944] [INFO] [30025] PREPARE received from 30015 for REQUEST 1741762550875
[2025-03-12 15:55:50,944] [INFO] [30025] PREPARE received from 30004 for REQUEST 1741762550875
[2025-03-12 15:55:50,946] [INFO] [30025] COMMIT received from 30014 for REQUEST 1741762550875
[2025-03-12 15:55:50,946] [INFO] [30025] COMMIT received from 30016 for REQUEST 1741762550875
[2025-03-12 15:55:50,946] [INFO] [30025] COMMIT complete. Sending PRE-REPLY: REQUEST 1741762550875 directly to Manager 30035
[2025-03-12 15:55:50,950] [INFO] [30025] COMMIT received from 30015 for REQUEST 1741762550875
[2025-03-12 15:55:50,950] [INFO] [30025] COMMIT received from 30004 for REQUEST 1741762550875
[2025-03-12 15:55:51,933] [INFO] [30025] PRE-PREPARE received: {'request_id': 1741762551886, 'data': 'llapbft_message_1741762551886', 'timestamp': 1741762551.9177837, 'leader': 30016, 'cluster_id': 2, 'cluster_ports': [30004, 30014, 30015, 30016, 30025, 30035], 'cluster_manager': {'host': 'localhost', 'port': 30035, 'latitude': 36.6273968, 'longitude': 127.4585902, 'altitude': 46, 'offset_m': 'lat: 88 m, lng: 8 m, alt: 46 m'}, 'simulated_delay': 0.0001631111111111111, 'distance': 184.32182232296105, 'message_size_bits': 2936}
[2025-03-12 15:55:51,933] [INFO] [30025] Broadcasting PREPARE: REQUEST 1741762551886
[2025-03-12 15:55:51,951] [INFO] [30025] PREPARE received from 30015 for REQUEST 1741762551886
[2025-03-12 15:55:51,951] [INFO] [30025] Broadcasting COMMIT: REQUEST 1741762551886
[2025-03-12 15:55:51,955] [INFO] [30025] PREPARE received from 30014 for REQUEST 1741762551886
[2025-03-12 15:55:51,955] [INFO] [30025] COMMIT received from 30015 for REQUEST 1741762551886
[2025-03-12 15:55:51,955] [INFO] [30025] PREPARE received from 30004 for REQUEST 1741762551886
[2025-03-12 15:55:51,955] [INFO] [30025] COMMIT received from 30014 for REQUEST 1741762551886
[2025-03-12 15:55:51,957] [INFO] [30025] COMMIT complete. Sending PRE-REPLY: REQUEST 1741762551886 directly to Manager 30035
[2025-03-12 15:55:51,960] [INFO] [30025] COMMIT received from 30016 for REQUEST 1741762551886
[2025-03-12 15:55:51,960] [INFO] [30025] COMMIT received from 30004 for REQUEST 1741762551886
[2025-03-12 15:55:52,914] [INFO] [30025] PRE-PREPARE received: {'request_id': 1741762552864, 'data': 'llapbft_message_1741762552864', 'timestamp': 1741762552.8964736, 'leader': 30016, 'cluster_id': 2, 'cluster_ports': [30004, 30014, 30015, 30016, 30025, 30035], 'cluster_manager': {'host': 'localhost', 'port': 30035, 'latitude': 36.6273968, 'longitude': 127.4585902, 'altitude': 46, 'offset_m': 'lat: 88 m, lng: 8 m, alt: 46 m'}, 'simulated_delay': 0.0001631111111111111, 'distance': 184.32182232296105, 'message_size_bits': 2936}
[2025-03-12 15:55:52,914] [INFO] [30025] Broadcasting PREPARE: REQUEST 1741762552864
[2025-03-12 15:55:52,928] [INFO] [30025] PREPARE received from 30004 for REQUEST 1741762552864
[2025-03-12 15:55:52,930] [INFO] [30025] Broadcasting COMMIT: REQUEST 1741762552864
[2025-03-12 15:55:52,930] [INFO] [30025] PREPARE received from 30014 for REQUEST 1741762552864
[2025-03-12 15:55:52,932] [INFO] [30025] PREPARE received from 30015 for REQUEST 1741762552864
[2025-03-12 15:55:52,932] [INFO] [30025] COMMIT received from 30004 for REQUEST 1741762552864
[2025-03-12 15:55:52,934] [INFO] [30025] COMMIT received from 30014 for REQUEST 1741762552864
[2025-03-12 15:55:52,934] [INFO] [30025] COMMIT complete. Sending PRE-REPLY: REQUEST 1741762552864 directly to Manager 30035
[2025-03-12 15:55:52,938] [INFO] [30025] COMMIT received from 30015 for REQUEST 1741762552864
[2025-03-12 15:55:52,940] [INFO] [30025] COMMIT received from 30016 for REQUEST 1741762552864
[2025-03-12 15:55:53,891] [INFO] [30025] PRE-PREPARE received: {'request_id': 1741762553846, 'data': 'llapbft_message_1741762553846', 'timestamp': 1741762553.8758993, 'leader': 30016, 'cluster_id': 2, 'cluster_ports': [30004, 30014, 30015, 30016, 30025, 30035], 'cluster_manager': {'host': 'localhost', 'port': 30035, 'latitude': 36.6273968, 'longitude': 127.4585902, 'altitude': 46, 'offset_m': 'lat: 88 m, lng: 8 m, alt: 46 m'}, 'simulated_delay': 0.0001631111111111111, 'distance': 184.32182232296105, 'message_size_bits': 2936}
[2025-03-12 15:55:53,891] [INFO] [30025] Broadcasting PREPARE: REQUEST 1741762553846
[2025-03-12 15:55:53,913] [INFO] [30025] PREPARE received from 30004 for REQUEST 1741762553846
[2025-03-12 15:55:53,913] [INFO] [30025] Broadcasting COMMIT: REQUEST 1741762553846
[2025-03-12 15:55:53,913] [INFO] [30025] PREPARE received from 30014 for REQUEST 1741762553846
[2025-03-12 15:55:53,916] [INFO] [30025] COMMIT received from 30004 for REQUEST 1741762553846
[2025-03-12 15:55:53,916] [INFO] [30025] PREPARE received from 30015 for REQUEST 1741762553846
[2025-03-12 15:55:53,918] [INFO] [30025] COMMIT received from 30015 for REQUEST 1741762553846
[2025-03-12 15:55:53,918] [INFO] [30025] COMMIT complete. Sending PRE-REPLY: REQUEST 1741762553846 directly to Manager 30035
[2025-03-12 15:55:53,918] [INFO] [30025] COMMIT received from 30016 for REQUEST 1741762553846
[2025-03-12 15:55:53,920] [INFO] [30025] COMMIT received from 30014 for REQUEST 1741762553846
[2025-03-12 15:55:54,857] [INFO] [30025] PRE-PREPARE received: {'request_id': 1741762554816, 'data': 'llapbft_message_1741762554816', 'timestamp': 1741762554.841855, 'leader': 30016, 'cluster_id': 2, 'cluster_ports': [30004, 30014, 30015, 30016, 30025, 30035], 'cluster_manager': {'host': 'localhost', 'port': 30035, 'latitude': 36.6273968, 'longitude': 127.4585902, 'altitude': 46, 'offset_m': 'lat: 88 m, lng: 8 m, alt: 46 m'}, 'simulated_delay': 0.00016266666666666667, 'distance': 184.32182232296105, 'message_size_bits': 2928}
[2025-03-12 15:55:54,857] [INFO] [30025] Broadcasting PREPARE: REQUEST 1741762554816
[2025-03-12 15:55:54,875] [INFO] [30025] PREPARE received from 30004 for REQUEST 1741762554816
[2025-03-12 15:55:54,875] [INFO] [30025] Broadcasting COMMIT: REQUEST 1741762554816
[2025-03-12 15:55:54,875] [INFO] [30025] PREPARE received from 30015 for REQUEST 1741762554816
[2025-03-12 15:55:54,875] [INFO] [30025] PREPARE received from 30014 for REQUEST 1741762554816
[2025-03-12 15:55:54,877] [INFO] [30025] COMMIT received from 30004 for REQUEST 1741762554816
[2025-03-12 15:55:54,879] [INFO] [30025] COMMIT received from 30015 for REQUEST 1741762554816
[2025-03-12 15:55:54,879] [INFO] [30025] COMMIT complete. Sending PRE-REPLY: REQUEST 1741762554816 directly to Manager 30035
[2025-03-12 15:55:54,879] [INFO] [30025] COMMIT received from 30014 for REQUEST 1741762554816
[2025-03-12 15:55:54,883] [INFO] [30025] COMMIT received from 30016 for REQUEST 1741762554816
[2025-03-12 15:55:55,712] [INFO] [30025] PRE-PREPARE received: {'request_id': 1741762555667, 'data': 'llapbft_message_1741762555667', 'timestamp': 1741762555.6963875, 'leader': 30016, 'cluster_id': 2, 'cluster_ports': [30004, 30014, 30015, 30016, 30025, 30035], 'cluster_manager': {'host': 'localhost', 'port': 30035, 'latitude': 36.6273968, 'longitude': 127.4585902, 'altitude': 46, 'offset_m': 'lat: 88 m, lng: 8 m, alt: 46 m'}, 'simulated_delay': 0.0001631111111111111, 'distance': 184.32182232296105, 'message_size_bits': 2936}
[2025-03-12 15:55:55,712] [INFO] [30025] Broadcasting PREPARE: REQUEST 1741762555667
[2025-03-12 15:55:55,729] [INFO] [30025] PREPARE received from 30004 for REQUEST 1741762555667
[2025-03-12 15:55:55,729] [INFO] [30025] Broadcasting COMMIT: REQUEST 1741762555667
[2025-03-12 15:55:55,729] [INFO] [30025] PREPARE received from 30015 for REQUEST 1741762555667
[2025-03-12 15:55:55,729] [INFO] [30025] PREPARE received from 30014 for REQUEST 1741762555667
[2025-03-12 15:55:55,731] [INFO] [30025] COMMIT received from 30004 for REQUEST 1741762555667
[2025-03-12 15:55:55,733] [INFO] [30025] COMMIT received from 30015 for REQUEST 1741762555667
[2025-03-12 15:55:55,733] [INFO] [30025] COMMIT complete. Sending PRE-REPLY: REQUEST 1741762555667 directly to Manager 30035
[2025-03-12 15:55:55,733] [INFO] [30025] COMMIT received from 30014 for REQUEST 1741762555667
[2025-03-12 15:55:55,741] [INFO] [30025] COMMIT received from 30016 for REQUEST 1741762555667
