[2025-03-12 12:35:49,991] [INFO] Node started: localhost:30127 | index=128 | f=1, k=4
[2025-03-12 12:36:06,297] [INFO] [30127] PRE-PREPARE received: {'request_id': 1741750566115, 'data': 'llapbft_message_1741750566115', 'timestamp': 1741750566.1577926, 'leader': 30194, 'cluster_id': 3, 'cluster_ports': [30002, 30005, 30008, 30010, 30012, 30016, 30019, 30023, 30029, 30032, 30033, 30034, 30037, 30040, 30041, 30043, 30054, 30056, 30061, 30064, 30066, 30072, 30075, 30076, 30080, 30082, 30084, 30085, 30092, 30098, 30102, 30111, 30113, 30116, 30119, 30120, 30127, 30137, 30144, 30147, 30151, 30154, 30162, 30165, 30176, 30187, 30188, 30194], 'cluster_manager': {'host': 'localhost', 'port': 30029, 'latitude': 36.6266259, 'longitude': 127.4590111, 'altitude': 13, 'offset_m': 'lat: 2 m, lng: 45 m, alt: 13 m'}, 'fault': True, 'simulated_delay': 0.00045066666666666665, 'distance': 203.49228072697647, 'message_size_bits': 5408}
[2025-03-12 12:36:06,299] [INFO] [30127] Broadcasting PREPARE: REQUEST 1741750566115
[2025-03-12 12:36:06,421] [INFO] [30127] PREPARE received from 30082 for REQUEST 1741750566115
[2025-03-12 12:36:06,421] [INFO] [30127] Broadcasting COMMIT: REQUEST 1741750566115
[2025-03-12 12:36:06,773] [INFO] [30127] PREPARE received from 30061 for REQUEST 1741750566115
[2025-03-12 12:36:07,070] [INFO] [30127] PREPARE received from 30176 for REQUEST 1741750566115
[2025-03-12 12:36:07,072] [INFO] [30127] PREPARE received from 30016 for REQUEST 1741750566115
[2025-03-12 12:36:07,204] [INFO] [30127] PREPARE received from 30162 for REQUEST 1741750566115
[2025-03-12 12:36:07,417] [INFO] [30127] COMMIT received from 30082 for REQUEST 1741750566115
[2025-03-12 12:36:07,501] [INFO] [30127] COMMIT received from 30162 for REQUEST 1741750566115
[2025-03-12 12:36:07,501] [INFO] [30127] COMMIT complete. Sending PRE-REPLY: REQUEST 1741750566115 directly to Manager 30029
[2025-03-12 12:36:07,501] [INFO] [30127] COMMIT received from 30061 for REQUEST 1741750566115
[2025-03-12 12:36:07,608] [INFO] [30127] PREPARE received from 30187 for REQUEST 1741750566115
[2025-03-12 12:36:07,782] [INFO] [30127] COMMIT received from 30187 for REQUEST 1741750566115
[2025-03-12 12:36:07,917] [INFO] [30127] PREPARE received from 30092 for REQUEST 1741750566115
[2025-03-12 12:36:07,917] [INFO] [30127] COMMIT received from 30092 for REQUEST 1741750566115
[2025-03-12 12:36:08,151] [INFO] [30127] PREPARE received from 30113 for REQUEST 1741750566115
[2025-03-12 12:36:08,161] [INFO] [30127] COMMIT received from 30002 for REQUEST 1741750566115
[2025-03-12 12:36:08,161] [INFO] [30127] PREPARE received from 30002 for REQUEST 1741750566115
[2025-03-12 12:36:08,296] [INFO] [30127] PREPARE received from 30023 for REQUEST 1741750566115
[2025-03-12 12:36:08,318] [INFO] [30127] COMMIT received from 30176 for REQUEST 1741750566115
[2025-03-12 12:36:08,397] [INFO] [30127] PREPARE received from 30165 for REQUEST 1741750566115
[2025-03-12 12:36:08,399] [INFO] [30127] COMMIT received from 30023 for REQUEST 1741750566115
[2025-03-12 12:36:08,588] [INFO] [30127] PREPARE received from 30154 for REQUEST 1741750566115
[2025-03-12 12:36:08,590] [INFO] [30127] COMMIT received from 30165 for REQUEST 1741750566115
[2025-03-12 12:36:08,590] [INFO] [30127] PREPARE received from 30137 for REQUEST 1741750566115
[2025-03-12 12:36:08,604] [INFO] [30127] COMMIT received from 30113 for REQUEST 1741750566115
[2025-03-12 12:36:08,606] [INFO] [30127] COMMIT received from 30154 for REQUEST 1741750566115
[2025-03-12 12:36:08,606] [INFO] [30127] PREPARE received from 30064 for REQUEST 1741750566115
[2025-03-12 12:36:08,620] [INFO] [30127] COMMIT received from 30064 for REQUEST 1741750566115
[2025-03-12 12:36:08,749] [INFO] [30127] PREPARE received from 30076 for REQUEST 1741750566115
[2025-03-12 12:36:08,749] [INFO] [30127] COMMIT received from 30076 for REQUEST 1741750566115
[2025-03-12 12:36:08,879] [INFO] [30127] PREPARE received from 30034 for REQUEST 1741750566115
[2025-03-12 12:36:08,888] [INFO] [30127] COMMIT received from 30137 for REQUEST 1741750566115
[2025-03-12 12:36:08,888] [INFO] [30127] COMMIT received from 30147 for REQUEST 1741750566115
[2025-03-12 12:36:08,888] [INFO] [30127] PREPARE received from 30147 for REQUEST 1741750566115
[2025-03-12 12:36:08,993] [INFO] [30127] PREPARE received from 30041 for REQUEST 1741750566115
[2025-03-12 12:36:08,993] [INFO] [30127] PREPARE received from 30043 for REQUEST 1741750566115
[2025-03-12 12:36:09,068] [INFO] [30127] PREPARE received from 30037 for REQUEST 1741750566115
[2025-03-12 12:36:09,068] [INFO] [30127] COMMIT received from 30034 for REQUEST 1741750566115
[2025-03-12 12:36:09,068] [INFO] [30127] PREPARE received from 30019 for REQUEST 1741750566115
[2025-03-12 12:36:09,068] [INFO] [30127] COMMIT received from 30041 for REQUEST 1741750566115
[2025-03-12 12:36:09,068] [INFO] [30127] COMMIT received from 30019 for REQUEST 1741750566115
[2025-03-12 12:36:09,068] [INFO] [30127] COMMIT received from 30037 for REQUEST 1741750566115
[2025-03-12 12:36:09,096] [INFO] [30127] COMMIT received from 30043 for REQUEST 1741750566115
[2025-03-12 12:36:09,173] [INFO] [30127] COMMIT received from 30194 for REQUEST 1741750566115
[2025-03-12 12:36:09,263] [INFO] [30127] PREPARE received from 30188 for REQUEST 1741750566115
[2025-03-12 12:36:09,282] [INFO] [30127] COMMIT received from 30188 for REQUEST 1741750566115
[2025-03-12 12:36:09,282] [INFO] [30127] PREPARE received from 30054 for REQUEST 1741750566115
[2025-03-12 12:36:09,282] [INFO] [30127] PREPARE received from 30005 for REQUEST 1741750566115
[2025-03-12 12:36:09,306] [INFO] [30127] COMMIT received from 30005 for REQUEST 1741750566115
[2025-03-12 12:36:09,361] [INFO] [30127] PREPARE received from 30075 for REQUEST 1741750566115
[2025-03-12 12:36:09,397] [INFO] [30127] COMMIT received from 30054 for REQUEST 1741750566115
[2025-03-12 12:36:09,435] [INFO] [30127] PREPARE received from 30040 for REQUEST 1741750566115
[2025-03-12 12:36:09,513] [INFO] [30127] COMMIT received from 30040 for REQUEST 1741750566115
[2025-03-12 12:36:09,513] [INFO] [30127] PREPARE received from 30010 for REQUEST 1741750566115
[2025-03-12 12:36:09,692] [INFO] [30127] COMMIT received from 30016 for REQUEST 1741750566115
[2025-03-12 12:36:09,692] [INFO] [30127] COMMIT received from 30010 for REQUEST 1741750566115
[2025-03-12 12:36:09,721] [INFO] [30127] COMMIT received from 30075 for REQUEST 1741750566115
[2025-03-12 12:36:09,721] [INFO] [30127] PREPARE received from 30116 for REQUEST 1741750566115
[2025-03-12 12:36:09,721] [INFO] [30127] COMMIT received from 30116 for REQUEST 1741750566115
[2025-03-12 12:36:09,728] [INFO] [30127] PREPARE received from 30120 for REQUEST 1741750566115
[2025-03-12 12:36:09,841] [INFO] [30127] PREPARE received from 30119 for REQUEST 1741750566115
[2025-03-12 12:36:09,841] [INFO] [30127] COMMIT received from 30119 for REQUEST 1741750566115
[2025-03-12 12:36:09,946] [INFO] [30127] COMMIT received from 30120 for REQUEST 1741750566115
[2025-03-12 12:36:09,962] [INFO] [30127] PREPARE received from 30111 for REQUEST 1741750566115
[2025-03-12 12:36:09,962] [INFO] [30127] COMMIT received from 30111 for REQUEST 1741750566115
[2025-03-12 12:36:09,981] [INFO] [30127] PREPARE received from 30008 for REQUEST 1741750566115
[2025-03-12 12:36:10,043] [INFO] [30127] COMMIT received from 30008 for REQUEST 1741750566115
[2025-03-12 12:36:10,072] [INFO] [30127] PREPARE received from 30102 for REQUEST 1741750566115
[2025-03-12 12:36:10,074] [INFO] [30127] COMMIT received from 30102 for REQUEST 1741750566115
[2025-03-12 12:36:10,156] [INFO] [30127] PREPARE received from 30066 for REQUEST 1741750566115
[2025-03-12 12:36:10,166] [INFO] [30127] COMMIT received from 30066 for REQUEST 1741750566115
[2025-03-12 12:36:10,299] [INFO] [30127] PREPARE received from 30098 for REQUEST 1741750566115
[2025-03-12 12:36:10,299] [INFO] [30127] COMMIT received from 30098 for REQUEST 1741750566115
[2025-03-12 12:36:10,324] [INFO] [30127] PREPARE received from 30151 for REQUEST 1741750566115
[2025-03-12 12:36:10,324] [INFO] [30127] COMMIT received from 30151 for REQUEST 1741750566115
[2025-03-12 12:36:10,402] [INFO] [30127] PREPARE received from 30085 for REQUEST 1741750566115
[2025-03-12 12:36:10,402] [INFO] [30127] COMMIT received from 30085 for REQUEST 1741750566115
[2025-03-12 12:36:10,524] [INFO] [30127] PREPARE received from 30144 for REQUEST 1741750566115
[2025-03-12 12:36:10,529] [INFO] [30127] COMMIT received from 30144 for REQUEST 1741750566115
[2025-03-12 12:36:10,675] [INFO] [30127] PREPARE received from 30033 for REQUEST 1741750566115
[2025-03-12 12:36:10,675] [INFO] [30127] COMMIT received from 30033 for REQUEST 1741750566115
[2025-03-12 12:36:10,751] [INFO] [30127] PREPARE received from 30084 for REQUEST 1741750566115
[2025-03-12 12:36:10,751] [INFO] [30127] COMMIT received from 30084 for REQUEST 1741750566115
[2025-03-12 12:36:10,849] [INFO] [30127] PREPARE received from 30056 for REQUEST 1741750566115
[2025-03-12 12:36:10,849] [INFO] [30127] COMMIT received from 30056 for REQUEST 1741750566115
[2025-03-12 12:54:55,310] [INFO] Node started: localhost:30127 | index=128 | f=1, k=4
[2025-03-12 12:55:46,882] [INFO] Node started: localhost:30127 | index=128 | f=1, k=4
[2025-03-12 12:55:54,333] [INFO] [30127] PRE-PREPARE received: {'request_id': 1741751754181, 'data': 'llapbft_message_1741751754181', 'timestamp': 1741751754.2060645, 'leader': 30003, 'cluster_id': 3, 'cluster_ports': [30003, 30010, 30012, 30013, 30020, 30021, 30022, 30028, 30033, 30034, 30035, 30038, 30039, 30047, 30051, 30056, 30060, 30061, 30062, 30067, 30071, 30073, 30074, 30076, 30082, 30084, 30090, 30105, 30107, 30111, 30117, 30119, 30127, 30134, 30135, 30136, 30139, 30142, 30154, 30156, 30157, 30159], 'cluster_manager': {'host': 'localhost', 'port': 30159, 'latitude': 36.6271038, 'longitude': 127.4587684, 'altitude': 226, 'offset_m': 'lat: 55 m, lng: 23 m, alt: 226 m'}, 'simulated_delay': 0.0008293333333333333, 'distance': 274.4225616740413, 'message_size_bits': 4976}
[2025-03-12 12:55:54,335] [INFO] [30127] Broadcasting PREPARE: REQUEST 1741751754181
[2025-03-12 12:55:54,468] [INFO] [30127] PREPARE received from 30073 for REQUEST 1741751754181
[2025-03-12 12:55:54,468] [INFO] [30127] Broadcasting COMMIT: REQUEST 1741751754181
[2025-03-12 12:55:54,471] [INFO] [30127] PREPARE received from 30135 for REQUEST 1741751754181
[2025-03-12 12:55:54,498] [INFO] [30127] COMMIT received from 30135 for REQUEST 1741751754181
[2025-03-12 12:55:54,498] [INFO] [30127] PREPARE received from 30119 for REQUEST 1741751754181
[2025-03-12 12:55:54,519] [INFO] [30127] PREPARE received from 30082 for REQUEST 1741751754181
[2025-03-12 12:55:54,590] [INFO] [30127] COMMIT received from 30082 for REQUEST 1741751754181
[2025-03-12 12:55:54,590] [INFO] [30127] COMMIT complete. Sending PRE-REPLY: REQUEST 1741751754181 directly to Manager 30159
[2025-03-12 12:55:54,633] [INFO] [30127] COMMIT received from 30020 for REQUEST 1741751754181
[2025-03-12 12:55:54,633] [INFO] [30127] PREPARE received from 30020 for REQUEST 1741751754181
[2025-03-12 12:55:54,651] [INFO] [30127] COMMIT received from 30119 for REQUEST 1741751754181
[2025-03-12 12:55:54,697] [INFO] [30127] COMMIT received from 30073 for REQUEST 1741751754181
[2025-03-12 12:55:55,249] [INFO] [30127] PREPARE received from 30062 for REQUEST 1741751754181
[2025-03-12 12:55:55,311] [INFO] [30127] COMMIT received from 30062 for REQUEST 1741751754181
[2025-03-12 12:55:55,321] [INFO] [30127] PREPARE received from 30136 for REQUEST 1741751754181
[2025-03-12 12:55:55,321] [INFO] [30127] COMMIT received from 30056 for REQUEST 1741751754181
[2025-03-12 12:55:55,321] [INFO] [30127] COMMIT received from 30136 for REQUEST 1741751754181
[2025-03-12 12:55:55,328] [INFO] [30127] PREPARE received from 30056 for REQUEST 1741751754181
[2025-03-12 12:55:55,351] [INFO] [30127] PREPARE received from 30028 for REQUEST 1741751754181
[2025-03-12 12:55:55,442] [INFO] [30127] COMMIT received from 30028 for REQUEST 1741751754181
[2025-03-12 12:55:55,477] [INFO] [30127] PREPARE received from 30035 for REQUEST 1741751754181
[2025-03-12 12:55:55,479] [INFO] [30127] PREPARE received from 30013 for REQUEST 1741751754181
[2025-03-12 12:55:55,502] [INFO] [30127] COMMIT received from 30035 for REQUEST 1741751754181
[2025-03-12 12:55:55,502] [INFO] [30127] COMMIT received from 30013 for REQUEST 1741751754181
[2025-03-12 12:55:55,502] [INFO] [30127] PREPARE received from 30107 for REQUEST 1741751754181
[2025-03-12 12:55:55,502] [INFO] [30127] COMMIT received from 30107 for REQUEST 1741751754181
[2025-03-12 12:55:55,552] [INFO] [30127] PREPARE received from 30067 for REQUEST 1741751754181
[2025-03-12 12:55:55,552] [INFO] [30127] COMMIT received from 30067 for REQUEST 1741751754181
[2025-03-12 12:55:55,816] [INFO] [30127] PREPARE received from 30074 for REQUEST 1741751754181
[2025-03-12 12:55:55,816] [INFO] [30127] COMMIT received from 30074 for REQUEST 1741751754181
[2025-03-12 12:55:55,953] [INFO] [30127] PREPARE received from 30047 for REQUEST 1741751754181
[2025-03-12 12:55:55,953] [INFO] [30127] PREPARE received from 30061 for REQUEST 1741751754181
[2025-03-12 12:55:55,953] [INFO] [30127] COMMIT received from 30047 for REQUEST 1741751754181
[2025-03-12 12:55:55,953] [INFO] [30127] COMMIT received from 30061 for REQUEST 1741751754181
[2025-03-12 12:55:55,978] [INFO] [30127] PREPARE received from 30111 for REQUEST 1741751754181
[2025-03-12 12:55:55,983] [INFO] [30127] COMMIT received from 30111 for REQUEST 1741751754181
[2025-03-12 12:55:56,090] [INFO] [30127] COMMIT received from 30003 for REQUEST 1741751754181
[2025-03-12 12:55:56,341] [INFO] [30127] PREPARE received from 30090 for REQUEST 1741751754181
[2025-03-12 12:55:56,341] [INFO] [30127] COMMIT received from 30090 for REQUEST 1741751754181
[2025-03-12 12:55:56,475] [INFO] [30127] PREPARE received from 30157 for REQUEST 1741751754181
[2025-03-12 12:55:56,475] [INFO] [30127] COMMIT received from 30157 for REQUEST 1741751754181
[2025-03-12 12:55:56,486] [INFO] [30127] PREPARE received from 30154 for REQUEST 1741751754181
[2025-03-12 12:55:56,486] [INFO] [30127] COMMIT received from 30154 for REQUEST 1741751754181
[2025-03-12 12:55:56,549] [INFO] [30127] PREPARE received from 30034 for REQUEST 1741751754181
[2025-03-12 12:55:56,565] [INFO] [30127] COMMIT received from 30034 for REQUEST 1741751754181
[2025-03-12 12:55:56,756] [INFO] [30127] PREPARE received from 30105 for REQUEST 1741751754181
[2025-03-12 12:55:56,758] [INFO] [30127] PREPARE received from 30022 for REQUEST 1741751754181
[2025-03-12 12:55:56,758] [INFO] [30127] COMMIT received from 30105 for REQUEST 1741751754181
[2025-03-12 12:55:56,758] [INFO] [30127] COMMIT received from 30022 for REQUEST 1741751754181
[2025-03-12 12:55:56,803] [INFO] [30127] PREPARE received from 30156 for REQUEST 1741751754181
[2025-03-12 12:55:56,815] [INFO] [30127] PREPARE received from 30021 for REQUEST 1741751754181
[2025-03-12 12:55:56,815] [INFO] [30127] COMMIT received from 30021 for REQUEST 1741751754181
[2025-03-12 12:55:56,815] [INFO] [30127] COMMIT received from 30156 for REQUEST 1741751754181
[2025-03-12 12:55:56,913] [INFO] [30127] PREPARE received from 30084 for REQUEST 1741751754181
[2025-03-12 12:55:56,913] [INFO] [30127] PREPARE received from 30139 for REQUEST 1741751754181
[2025-03-12 12:55:56,913] [INFO] [30127] COMMIT received from 30139 for REQUEST 1741751754181
[2025-03-12 12:55:56,977] [INFO] [30127] COMMIT received from 30084 for REQUEST 1741751754181
[2025-03-12 12:55:56,979] [INFO] [30127] PREPARE received from 30071 for REQUEST 1741751754181
[2025-03-12 12:55:56,998] [INFO] [30127] COMMIT received from 30071 for REQUEST 1741751754181
[2025-03-12 12:55:57,082] [INFO] [30127] PREPARE received from 30012 for REQUEST 1741751754181
[2025-03-12 12:55:57,083] [INFO] [30127] COMMIT received from 30134 for REQUEST 1741751754181
[2025-03-12 12:55:57,083] [INFO] [30127] PREPARE received from 30134 for REQUEST 1741751754181
[2025-03-12 12:55:57,083] [INFO] [30127] COMMIT received from 30033 for REQUEST 1741751754181
[2025-03-12 12:55:57,083] [INFO] [30127] COMMIT received from 30039 for REQUEST 1741751754181
[2025-03-12 12:55:57,083] [INFO] [30127] PREPARE received from 30033 for REQUEST 1741751754181
[2025-03-12 12:55:57,085] [INFO] [30127] PREPARE received from 30076 for REQUEST 1741751754181
[2025-03-12 12:55:57,085] [INFO] [30127] PREPARE received from 30039 for REQUEST 1741751754181
[2025-03-12 12:55:57,085] [INFO] [30127] COMMIT received from 30076 for REQUEST 1741751754181
[2025-03-12 12:55:57,085] [INFO] [30127] COMMIT received from 30012 for REQUEST 1741751754181
[2025-03-12 12:55:57,114] [INFO] [30127] PREPARE received from 30010 for REQUEST 1741751754181
[2025-03-12 12:55:57,114] [INFO] [30127] COMMIT received from 30010 for REQUEST 1741751754181
