[2025-03-12 12:35:41,753] [INFO] Node started: localhost:30086 | index=87 | f=1, k=4
[2025-03-12 12:54:47,065] [INFO] Node started: localhost:30086 | index=87 | f=1, k=4
[2025-03-12 12:55:38,657] [INFO] Node started: localhost:30086 | index=87 | f=1, k=4
[2025-03-12 12:55:54,253] [INFO] [30086] PRE-PREPARE received: {'request_id': 1741751754181, 'data': 'llapbft_message_1741751754181', 'timestamp': 1741751754.2060645, 'leader': 30063, 'cluster_id': 2, 'cluster_ports': [30000, 30006, 30007, 30009, 30011, 30014, 30018, 30026, 30029, 30031, 30036, 30040, 30042, 30045, 30053, 30054, 30055, 30063, 30065, 30069, 30081, 30083, 30085, 30086, 30087, 30089, 30097, 30099, 30101, 30103, 30104, 30109, 30112, 30122, 30124, 30125, 30128, 30130, 30131, 30140, 30145, 30148, 30152, 30158], 'cluster_manager': {'host': 'localhost', 'port': 30009, 'latitude': 36.6268859, 'longitude': 127.4587698, 'altitude': 206, 'offset_m': 'lat: 31 m, lng: 24 m, alt: 206 m'}, 'fault': True, 'simulated_delay': 0.000868, 'distance': 262.24055965936253, 'message_size_bits': 5208}
[2025-03-12 12:55:54,263] [INFO] [30086] Broadcasting PREPARE: REQUEST 1741751754181
[2025-03-12 12:55:54,670] [INFO] [30086] PREPARE received from 30158 for REQUEST 1741751754181
[2025-03-12 12:55:54,670] [INFO] [30086] Broadcasting COMMIT: REQUEST 1741751754181
[2025-03-12 12:55:54,672] [INFO] [30086] PREPARE received from 30140 for REQUEST 1741751754181
[2025-03-12 12:55:54,679] [INFO] [30086] PREPARE received from 30069 for REQUEST 1741751754181
[2025-03-12 12:55:54,774] [INFO] [30086] PREPARE received from 30011 for REQUEST 1741751754181
[2025-03-12 12:55:54,942] [INFO] [30086] PREPARE received from 30130 for REQUEST 1741751754181
[2025-03-12 12:55:54,942] [INFO] [30086] PREPARE received from 30112 for REQUEST 1741751754181
[2025-03-12 12:55:54,942] [INFO] [30086] PREPARE received from 30103 for REQUEST 1741751754181
[2025-03-12 12:55:54,948] [INFO] [30086] COMMIT received from 30158 for REQUEST 1741751754181
[2025-03-12 12:55:54,948] [INFO] [30086] COMMIT received from 30140 for REQUEST 1741751754181
[2025-03-12 12:55:54,948] [INFO] [30086] COMMIT complete. Sending PRE-REPLY: REQUEST 1741751754181 directly to Manager 30009
[2025-03-12 12:55:54,948] [INFO] [30086] PREPARE received from 30085 for REQUEST 1741751754181
[2025-03-12 12:55:54,948] [INFO] [30086] PREPARE received from 30040 for REQUEST 1741751754181
[2025-03-12 12:55:55,264] [INFO] [30086] PREPARE received from 30083 for REQUEST 1741751754181
[2025-03-12 12:55:55,264] [INFO] [30086] PREPARE received from 30101 for REQUEST 1741751754181
[2025-03-12 12:55:55,280] [INFO] [30086] PREPARE received from 30131 for REQUEST 1741751754181
[2025-03-12 12:55:55,529] [INFO] [30086] COMMIT received from 30069 for REQUEST 1741751754181
[2025-03-12 12:55:55,581] [INFO] [30086] COMMIT received from 30040 for REQUEST 1741751754181
[2025-03-12 12:55:55,581] [INFO] [30086] COMMIT received from 30101 for REQUEST 1741751754181
[2025-03-12 12:55:55,581] [INFO] [30086] COMMIT received from 30103 for REQUEST 1741751754181
[2025-03-12 12:55:55,581] [INFO] [30086] PREPARE received from 30122 for REQUEST 1741751754181
[2025-03-12 12:55:55,581] [INFO] [30086] PREPARE received from 30124 for REQUEST 1741751754181
[2025-03-12 12:55:55,581] [INFO] [30086] COMMIT received from 30112 for REQUEST 1741751754181
[2025-03-12 12:55:55,581] [INFO] [30086] COMMIT received from 30130 for REQUEST 1741751754181
[2025-03-12 12:55:55,665] [INFO] [30086] COMMIT received from 30011 for REQUEST 1741751754181
[2025-03-12 12:55:55,665] [INFO] [30086] PREPARE received from 30104 for REQUEST 1741751754181
[2025-03-12 12:55:55,665] [INFO] [30086] PREPARE received from 30087 for REQUEST 1741751754181
[2025-03-12 12:55:55,665] [INFO] [30086] COMMIT received from 30085 for REQUEST 1741751754181
[2025-03-12 12:55:55,766] [INFO] [30086] COMMIT received from 30053 for REQUEST 1741751754181
[2025-03-12 12:55:55,766] [INFO] [30086] PREPARE received from 30054 for REQUEST 1741751754181
[2025-03-12 12:55:55,766] [INFO] [30086] COMMIT received from 30065 for REQUEST 1741751754181
[2025-03-12 12:55:55,766] [INFO] [30086] PREPARE received from 30029 for REQUEST 1741751754181
[2025-03-12 12:55:55,766] [INFO] [30086] COMMIT received from 30081 for REQUEST 1741751754181
[2025-03-12 12:55:55,766] [INFO] [30086] PREPARE received from 30053 for REQUEST 1741751754181
[2025-03-12 12:55:55,766] [INFO] [30086] COMMIT received from 30087 for REQUEST 1741751754181
[2025-03-12 12:55:55,766] [INFO] [30086] PREPARE received from 30109 for REQUEST 1741751754181
[2025-03-12 12:55:55,766] [INFO] [30086] PREPARE received from 30081 for REQUEST 1741751754181
[2025-03-12 12:55:55,772] [INFO] [30086] COMMIT received from 30083 for REQUEST 1741751754181
[2025-03-12 12:55:55,772] [INFO] [30086] COMMIT received from 30063 for REQUEST 1741751754181
[2025-03-12 12:55:55,772] [INFO] [30086] COMMIT received from 30128 for REQUEST 1741751754181
[2025-03-12 12:55:55,772] [INFO] [30086] PREPARE received from 30128 for REQUEST 1741751754181
[2025-03-12 12:55:55,772] [INFO] [30086] COMMIT received from 30109 for REQUEST 1741751754181
[2025-03-12 12:55:55,851] [INFO] [30086] PREPARE received from 30065 for REQUEST 1741751754181
[2025-03-12 12:55:55,931] [INFO] [30086] COMMIT received from 30006 for REQUEST 1741751754181
[2025-03-12 12:55:55,983] [INFO] [30086] PREPARE received from 30097 for REQUEST 1741751754181
[2025-03-12 12:55:55,983] [INFO] [30086] COMMIT received from 30097 for REQUEST 1741751754181
[2025-03-12 12:55:55,983] [INFO] [30086] PREPARE received from 30026 for REQUEST 1741751754181
[2025-03-12 12:55:55,983] [INFO] [30086] COMMIT received from 30122 for REQUEST 1741751754181
[2025-03-12 12:55:55,983] [INFO] [30086] PREPARE received from 30006 for REQUEST 1741751754181
[2025-03-12 12:55:56,042] [INFO] [30086] COMMIT received from 30131 for REQUEST 1741751754181
[2025-03-12 12:55:56,042] [INFO] [30086] PREPARE received from 30000 for REQUEST 1741751754181
[2025-03-12 12:55:56,082] [INFO] [30086] PREPARE received from 30014 for REQUEST 1741751754181
[2025-03-12 12:55:56,123] [INFO] [30086] COMMIT received from 30026 for REQUEST 1741751754181
[2025-03-12 12:55:56,123] [INFO] [30086] COMMIT received from 30014 for REQUEST 1741751754181
[2025-03-12 12:55:56,123] [INFO] [30086] COMMIT received from 30036 for REQUEST 1741751754181
[2025-03-12 12:55:56,123] [INFO] [30086] COMMIT received from 30152 for REQUEST 1741751754181
[2025-03-12 12:55:56,139] [INFO] [30086] PREPARE received from 30152 for REQUEST 1741751754181
[2025-03-12 12:55:56,139] [INFO] [30086] PREPARE received from 30036 for REQUEST 1741751754181
[2025-03-12 12:55:56,184] [INFO] [30086] PREPARE received from 30042 for REQUEST 1741751754181
[2025-03-12 12:55:56,209] [INFO] [30086] COMMIT received from 30042 for REQUEST 1741751754181
[2025-03-12 12:55:56,209] [INFO] [30086] PREPARE received from 30055 for REQUEST 1741751754181
[2025-03-12 12:55:56,209] [INFO] [30086] COMMIT received from 30054 for REQUEST 1741751754181
[2025-03-12 12:55:56,313] [INFO] [30086] COMMIT received from 30055 for REQUEST 1741751754181
[2025-03-12 12:55:56,315] [INFO] [30086] COMMIT received from 30029 for REQUEST 1741751754181
[2025-03-12 12:55:56,330] [INFO] [30086] PREPARE received from 30031 for REQUEST 1741751754181
[2025-03-12 12:55:56,330] [INFO] [30086] COMMIT received from 30031 for REQUEST 1741751754181
[2025-03-12 12:55:56,341] [INFO] [30086] COMMIT received from 30124 for REQUEST 1741751754181
[2025-03-12 12:55:56,341] [INFO] [30086] COMMIT received from 30104 for REQUEST 1741751754181
[2025-03-12 12:55:56,388] [INFO] [30086] PREPARE received from 30099 for REQUEST 1741751754181
[2025-03-12 12:55:56,432] [INFO] [30086] PREPARE received from 30089 for REQUEST 1741751754181
[2025-03-12 12:55:56,432] [INFO] [30086] COMMIT received from 30099 for REQUEST 1741751754181
[2025-03-12 12:55:56,435] [INFO] [30086] COMMIT received from 30089 for REQUEST 1741751754181
[2025-03-12 12:55:56,530] [INFO] [30086] COMMIT received from 30000 for REQUEST 1741751754181
[2025-03-12 12:56:50,127] [INFO] Node started: localhost:30086 | index=87 | f=1, k=4
[2025-03-12 12:58:03,706] [INFO] [30086] PRE-PREPARE received: {'request_id': 1741751883632, 'data': 'llapbft_message_1741751883632', 'timestamp': 1741751883.6611185, 'leader': 30099, 'cluster_id': 0, 'cluster_ports': [30001, 30002, 30005, 30007, 30008, 30010, 30028, 30030, 30031, 30032, 30038, 30043, 30051, 30052, 30053, 30055, 30060, 30066, 30070, 30073, 30074, 30084, 30086, 30087, 30098, 30099, 30104, 30105, 30106, 30108, 30118], 'cluster_manager': {'host': 'localhost', 'port': 30105, 'latitude': 36.6269638, 'longitude': 127.4588073, 'altitude': 211, 'offset_m': 'lat: 40 m, lng: 27 m, alt: 211 m'}, 'simulated_delay': 0.00024222222222222223, 'distance': 153.78685344954934, 'message_size_bits': 4360}
[2025-03-12 12:58:03,706] [INFO] [30086] Broadcasting PREPARE: REQUEST 1741751883632
[2025-03-12 12:58:03,874] [INFO] [30086] PREPARE received from 30118 for REQUEST 1741751883632
[2025-03-12 12:58:03,874] [INFO] [30086] Broadcasting COMMIT: REQUEST 1741751883632
[2025-03-12 12:58:03,874] [INFO] [30086] PREPARE received from 30066 for REQUEST 1741751883632
[2025-03-12 12:58:04,130] [INFO] [30086] PREPARE received from 30055 for REQUEST 1741751883632
[2025-03-12 12:58:04,130] [INFO] [30086] COMMIT received from 30066 for REQUEST 1741751883632
[2025-03-12 12:58:04,162] [INFO] [30086] PREPARE received from 30052 for REQUEST 1741751883632
[2025-03-12 12:58:04,199] [INFO] [30086] COMMIT received from 30108 for REQUEST 1741751883632
[2025-03-12 12:58:04,199] [INFO] [30086] COMMIT complete. Sending PRE-REPLY: REQUEST 1741751883632 directly to Manager 30105
[2025-03-12 12:58:04,199] [INFO] [30086] COMMIT received from 30118 for REQUEST 1741751883632
[2025-03-12 12:58:04,199] [INFO] [30086] PREPARE received from 30074 for REQUEST 1741751883632
[2025-03-12 12:58:04,199] [INFO] [30086] PREPARE received from 30108 for REQUEST 1741751883632
[2025-03-12 12:58:04,272] [INFO] [30086] COMMIT received from 30052 for REQUEST 1741751883632
[2025-03-12 12:58:04,272] [INFO] [30086] COMMIT received from 30055 for REQUEST 1741751883632
[2025-03-12 12:58:04,272] [INFO] [30086] PREPARE received from 30010 for REQUEST 1741751883632
[2025-03-12 12:58:04,272] [INFO] [30086] PREPARE received from 30070 for REQUEST 1741751883632
[2025-03-12 12:58:04,345] [INFO] [30086] COMMIT received from 30010 for REQUEST 1741751883632
[2025-03-12 12:58:04,357] [INFO] [30086] PREPARE received from 30098 for REQUEST 1741751883632
[2025-03-12 12:58:04,368] [INFO] [30086] PREPARE received from 30073 for REQUEST 1741751883632
[2025-03-12 12:58:04,368] [INFO] [30086] COMMIT received from 30098 for REQUEST 1741751883632
[2025-03-12 12:58:04,368] [INFO] [30086] COMMIT received from 30099 for REQUEST 1741751883632
[2025-03-12 12:58:04,387] [INFO] [30086] PREPARE received from 30001 for REQUEST 1741751883632
[2025-03-12 12:58:04,387] [INFO] [30086] COMMIT received from 30073 for REQUEST 1741751883632
[2025-03-12 12:58:04,411] [INFO] [30086] COMMIT received from 30001 for REQUEST 1741751883632
[2025-03-12 12:58:04,450] [INFO] [30086] COMMIT received from 30074 for REQUEST 1741751883632
[2025-03-12 12:58:04,462] [INFO] [30086] COMMIT received from 30070 for REQUEST 1741751883632
[2025-03-12 12:58:04,493] [INFO] [30086] PREPARE received from 30008 for REQUEST 1741751883632
[2025-03-12 12:58:04,534] [INFO] [30086] COMMIT received from 30008 for REQUEST 1741751883632
[2025-03-12 12:58:04,693] [INFO] [30086] PREPARE received from 30031 for REQUEST 1741751883632
[2025-03-12 12:58:04,695] [INFO] [30086] COMMIT received from 30031 for REQUEST 1741751883632
[2025-03-12 12:58:04,713] [INFO] [30086] COMMIT received from 30028 for REQUEST 1741751883632
[2025-03-12 12:58:04,713] [INFO] [30086] PREPARE received from 30028 for REQUEST 1741751883632
[2025-03-12 12:58:04,713] [INFO] [30086] PREPARE received from 30051 for REQUEST 1741751883632
[2025-03-12 12:58:04,770] [INFO] [30086] PREPARE received from 30032 for REQUEST 1741751883632
[2025-03-12 12:58:04,770] [INFO] [30086] PREPARE received from 30084 for REQUEST 1741751883632
[2025-03-12 12:58:04,770] [INFO] [30086] PREPARE received from 30007 for REQUEST 1741751883632
[2025-03-12 12:58:04,813] [INFO] [30086] COMMIT received from 30051 for REQUEST 1741751883632
[2025-03-12 12:58:04,813] [INFO] [30086] COMMIT received from 30087 for REQUEST 1741751883632
[2025-03-12 12:58:04,813] [INFO] [30086] COMMIT received from 30007 for REQUEST 1741751883632
[2025-03-12 12:58:04,813] [INFO] [30086] PREPARE received from 30043 for REQUEST 1741751883632
[2025-03-12 12:58:04,813] [INFO] [30086] COMMIT received from 30032 for REQUEST 1741751883632
[2025-03-12 12:58:04,815] [INFO] [30086] COMMIT received from 30084 for REQUEST 1741751883632
[2025-03-12 12:58:04,851] [INFO] [30086] PREPARE received from 30106 for REQUEST 1741751883632
[2025-03-12 12:58:04,851] [INFO] [30086] PREPARE received from 30060 for REQUEST 1741751883632
[2025-03-12 12:58:04,851] [INFO] [30086] PREPARE received from 30104 for REQUEST 1741751883632
[2025-03-12 12:58:04,851] [INFO] [30086] PREPARE received from 30087 for REQUEST 1741751883632
[2025-03-12 12:58:04,888] [INFO] [30086] COMMIT received from 30104 for REQUEST 1741751883632
[2025-03-12 12:58:04,888] [INFO] [30086] COMMIT received from 30043 for REQUEST 1741751883632
[2025-03-12 12:58:04,888] [INFO] [30086] COMMIT received from 30060 for REQUEST 1741751883632
[2025-03-12 12:58:04,888] [INFO] [30086] COMMIT received from 30106 for REQUEST 1741751883632
[2025-03-12 12:58:04,888] [INFO] [30086] PREPARE received from 30053 for REQUEST 1741751883632
[2025-03-12 12:58:04,888] [INFO] [30086] PREPARE received from 30005 for REQUEST 1741751883632
[2025-03-12 12:58:04,912] [INFO] [30086] COMMIT received from 30005 for REQUEST 1741751883632
[2025-03-12 12:58:04,912] [INFO] [30086] COMMIT received from 30053 for REQUEST 1741751883632
[2025-03-12 12:58:04,912] [INFO] [30086] COMMIT received from 30030 for REQUEST 1741751883632
[2025-03-12 12:58:04,912] [INFO] [30086] PREPARE received from 30030 for REQUEST 1741751883632
[2025-03-12 12:58:04,912] [INFO] [30086] PREPARE received from 30002 for REQUEST 1741751883632
[2025-03-12 12:58:04,929] [INFO] [30086] COMMIT received from 30002 for REQUEST 1741751883632
[2025-03-12 13:45:28,712] [INFO] [30086] PRE-PREPARE received: {'request_id': 1741754728638, 'data': 'llapbft_message_1741754728638', 'timestamp': 1741754728.6704988, 'leader': 30099, 'cluster_id': 0, 'cluster_ports': [30001, 30002, 30005, 30007, 30008, 30010, 30028, 30030, 30031, 30032, 30038, 30043, 30051, 30052, 30053, 30055, 30060, 30066, 30070, 30073, 30074, 30084, 30086, 30087, 30098, 30099, 30104, 30105, 30106, 30108, 30118], 'cluster_manager': {'host': 'localhost', 'port': 30105, 'latitude': 36.6269638, 'longitude': 127.4588073, 'altitude': 211, 'offset_m': 'lat: 40 m, lng: 27 m, alt: 211 m'}, 'simulated_delay': 0.00024222222222222223, 'distance': 153.78685344954934, 'message_size_bits': 4360}
[2025-03-12 13:45:28,712] [INFO] [30086] Broadcasting PREPARE: REQUEST 1741754728638
[2025-03-12 13:45:28,910] [INFO] [30086] PREPARE received from 30118 for REQUEST 1741754728638
[2025-03-12 13:45:28,910] [INFO] [30086] Broadcasting COMMIT: REQUEST 1741754728638
[2025-03-12 13:45:28,915] [INFO] [30086] PREPARE received from 30104 for REQUEST 1741754728638
[2025-03-12 13:45:28,948] [INFO] [30086] PREPARE received from 30055 for REQUEST 1741754728638
[2025-03-12 13:45:28,948] [INFO] [30086] PREPARE received from 30074 for REQUEST 1741754728638
[2025-03-12 13:45:29,119] [INFO] [30086] PREPARE received from 30052 for REQUEST 1741754728638
[2025-03-12 13:45:29,292] [INFO] [30086] PREPARE received from 30108 for REQUEST 1741754728638
[2025-03-12 13:45:29,318] [INFO] [30086] COMMIT received from 30055 for REQUEST 1741754728638
[2025-03-12 13:45:29,321] [INFO] [30086] PREPARE received from 30106 for REQUEST 1741754728638
[2025-03-12 13:45:29,382] [INFO] [30086] COMMIT received from 30031 for REQUEST 1741754728638
[2025-03-12 13:45:29,382] [INFO] [30086] COMMIT complete. Sending PRE-REPLY: REQUEST 1741754728638 directly to Manager 30105
[2025-03-12 13:45:29,382] [INFO] [30086] PREPARE received from 30073 for REQUEST 1741754728638
[2025-03-12 13:45:29,382] [INFO] [30086] PREPARE received from 30031 for REQUEST 1741754728638
[2025-03-12 13:45:29,382] [INFO] [30086] PREPARE received from 30066 for REQUEST 1741754728638
[2025-03-12 13:45:29,390] [INFO] [30086] COMMIT received from 30073 for REQUEST 1741754728638
[2025-03-12 13:45:29,390] [INFO] [30086] COMMIT received from 30106 for REQUEST 1741754728638
[2025-03-12 13:45:29,390] [INFO] [30086] COMMIT received from 30104 for REQUEST 1741754728638
[2025-03-12 13:45:29,390] [INFO] [30086] COMMIT received from 30118 for REQUEST 1741754728638
[2025-03-12 13:45:29,390] [INFO] [30086] COMMIT received from 30066 for REQUEST 1741754728638
[2025-03-12 13:45:29,390] [INFO] [30086] COMMIT received from 30074 for REQUEST 1741754728638
[2025-03-12 13:45:29,392] [INFO] [30086] PREPARE received from 30010 for REQUEST 1741754728638
[2025-03-12 13:45:29,461] [INFO] [30086] PREPARE received from 30008 for REQUEST 1741754728638
[2025-03-12 13:45:29,472] [INFO] [30086] COMMIT received from 30010 for REQUEST 1741754728638
[2025-03-12 13:45:29,505] [INFO] [30086] PREPARE received from 30060 for REQUEST 1741754728638
[2025-03-12 13:45:29,505] [INFO] [30086] COMMIT received from 30008 for REQUEST 1741754728638
[2025-03-12 13:45:29,505] [INFO] [30086] PREPARE received from 30028 for REQUEST 1741754728638
[2025-03-12 13:45:29,549] [INFO] [30086] COMMIT received from 30098 for REQUEST 1741754728638
[2025-03-12 13:45:29,549] [INFO] [30086] PREPARE received from 30098 for REQUEST 1741754728638
[2025-03-12 13:45:29,549] [INFO] [30086] COMMIT received from 30060 for REQUEST 1741754728638
[2025-03-12 13:45:29,549] [INFO] [30086] COMMIT received from 30052 for REQUEST 1741754728638
[2025-03-12 13:45:29,607] [INFO] [30086] COMMIT received from 30001 for REQUEST 1741754728638
[2025-03-12 13:45:29,607] [INFO] [30086] PREPARE received from 30007 for REQUEST 1741754728638
[2025-03-12 13:45:29,607] [INFO] [30086] PREPARE received from 30084 for REQUEST 1741754728638
[2025-03-12 13:45:29,607] [INFO] [30086] PREPARE received from 30001 for REQUEST 1741754728638
[2025-03-12 13:45:29,607] [INFO] [30086] COMMIT received from 30028 for REQUEST 1741754728638
[2025-03-12 13:45:29,628] [INFO] [30086] COMMIT received from 30099 for REQUEST 1741754728638
[2025-03-12 13:45:29,628] [INFO] [30086] COMMIT received from 30084 for REQUEST 1741754728638
[2025-03-12 13:45:29,628] [INFO] [30086] COMMIT received from 30007 for REQUEST 1741754728638
[2025-03-12 13:45:29,669] [INFO] [30086] PREPARE received from 30051 for REQUEST 1741754728638
[2025-03-12 13:45:29,669] [INFO] [30086] PREPARE received from 30053 for REQUEST 1741754728638
[2025-03-12 13:45:29,669] [INFO] [30086] COMMIT received from 30053 for REQUEST 1741754728638
[2025-03-12 13:45:29,689] [INFO] [30086] COMMIT received from 30051 for REQUEST 1741754728638
[2025-03-12 13:45:29,689] [INFO] [30086] PREPARE received from 30043 for REQUEST 1741754728638
[2025-03-12 13:45:29,713] [INFO] [30086] COMMIT received from 30108 for REQUEST 1741754728638
[2025-03-12 13:45:29,713] [INFO] [30086] COMMIT received from 30043 for REQUEST 1741754728638
[2025-03-12 13:45:29,713] [INFO] [30086] PREPARE received from 30030 for REQUEST 1741754728638
[2025-03-12 13:45:29,713] [INFO] [30086] PREPARE received from 30087 for REQUEST 1741754728638
[2025-03-12 13:45:29,713] [INFO] [30086] COMMIT received from 30030 for REQUEST 1741754728638
[2025-03-12 13:45:29,775] [INFO] [30086] COMMIT received from 30087 for REQUEST 1741754728638
[2025-03-12 13:45:29,775] [INFO] [30086] PREPARE received from 30070 for REQUEST 1741754728638
[2025-03-12 13:45:29,784] [INFO] [30086] PREPARE received from 30002 for REQUEST 1741754728638
[2025-03-12 13:45:29,784] [INFO] [30086] COMMIT received from 30070 for REQUEST 1741754728638
[2025-03-12 13:45:29,803] [INFO] [30086] COMMIT received from 30002 for REQUEST 1741754728638
[2025-03-12 13:45:29,803] [INFO] [30086] PREPARE received from 30032 for REQUEST 1741754728638
[2025-03-12 13:45:29,803] [INFO] [30086] COMMIT received from 30032 for REQUEST 1741754728638
[2025-03-12 13:45:29,831] [INFO] [30086] PREPARE received from 30005 for REQUEST 1741754728638
[2025-03-12 13:45:29,831] [INFO] [30086] COMMIT received from 30005 for REQUEST 1741754728638
[2025-03-12 13:45:36,082] [INFO] [30086] PRE-PREPARE received: {'request_id': 1741754736031, 'data': 'llapbft_message_1741754736031', 'timestamp': 1741754736.063827, 'leader': 30099, 'cluster_id': 0, 'cluster_ports': [30001, 30002, 30005, 30007, 30008, 30010, 30028, 30030, 30031, 30032, 30038, 30043, 30051, 30052, 30053, 30055, 30060, 30066, 30070, 30073, 30074, 30084, 30086, 30087, 30098, 30099, 30104, 30105, 30106, 30108, 30118], 'cluster_manager': {'host': 'localhost', 'port': 30105, 'latitude': 36.6269638, 'longitude': 127.4588073, 'altitude': 211, 'offset_m': 'lat: 40 m, lng: 27 m, alt: 211 m'}, 'simulated_delay': 0.00024177777777777777, 'distance': 153.78685344954934, 'message_size_bits': 4352}
[2025-03-12 13:45:36,082] [INFO] [30086] Broadcasting PREPARE: REQUEST 1741754736031
[2025-03-12 13:45:36,202] [INFO] [30086] PREPARE received from 30053 for REQUEST 1741754736031
[2025-03-12 13:45:36,202] [INFO] [30086] Broadcasting COMMIT: REQUEST 1741754736031
[2025-03-12 13:45:36,202] [INFO] [30086] COMMIT received from 30084 for REQUEST 1741754736031
[2025-03-12 13:45:36,204] [INFO] [30086] COMMIT received from 30087 for REQUEST 1741754736031
[2025-03-12 13:45:36,204] [INFO] [30086] COMMIT complete. Sending PRE-REPLY: REQUEST 1741754736031 directly to Manager 30105
[2025-03-12 13:45:36,204] [INFO] [30086] PREPARE received from 30008 for REQUEST 1741754736031
[2025-03-12 13:45:36,204] [INFO] [30086] PREPARE received from 30073 for REQUEST 1741754736031
[2025-03-12 13:45:36,204] [INFO] [30086] PREPARE received from 30104 for REQUEST 1741754736031
[2025-03-12 13:45:36,204] [INFO] [30086] PREPARE received from 30055 for REQUEST 1741754736031
[2025-03-12 13:45:36,206] [INFO] [30086] PREPARE received from 30087 for REQUEST 1741754736031
[2025-03-12 13:45:36,206] [INFO] [30086] COMMIT received from 30104 for REQUEST 1741754736031
[2025-03-12 13:45:36,206] [INFO] [30086] PREPARE received from 30084 for REQUEST 1741754736031
[2025-03-12 13:45:36,206] [INFO] [30086] COMMIT received from 30032 for REQUEST 1741754736031
[2025-03-12 13:45:36,206] [INFO] [30086] COMMIT received from 30001 for REQUEST 1741754736031
[2025-03-12 13:45:36,207] [INFO] [30086] PREPARE received from 30028 for REQUEST 1741754736031
[2025-03-12 13:45:36,207] [INFO] [30086] PREPARE received from 30001 for REQUEST 1741754736031
[2025-03-12 13:45:36,208] [INFO] [30086] COMMIT received from 30053 for REQUEST 1741754736031
[2025-03-12 13:45:36,208] [INFO] [30086] COMMIT received from 30073 for REQUEST 1741754736031
[2025-03-12 13:45:36,208] [INFO] [30086] PREPARE received from 30032 for REQUEST 1741754736031
[2025-03-12 13:45:36,208] [INFO] [30086] PREPARE received from 30031 for REQUEST 1741754736031
[2025-03-12 13:45:36,208] [INFO] [30086] PREPARE received from 30010 for REQUEST 1741754736031
[2025-03-12 13:45:36,208] [INFO] [30086] PREPARE received from 30051 for REQUEST 1741754736031
[2025-03-12 13:45:36,208] [INFO] [30086] COMMIT received from 30051 for REQUEST 1741754736031
[2025-03-12 13:45:36,208] [INFO] [30086] PREPARE received from 30005 for REQUEST 1741754736031
[2025-03-12 13:45:36,208] [INFO] [30086] COMMIT received from 30005 for REQUEST 1741754736031
[2025-03-12 13:45:36,445] [INFO] [30086] COMMIT received from 30055 for REQUEST 1741754736031
[2025-03-12 13:45:36,446] [INFO] [30086] PREPARE received from 30052 for REQUEST 1741754736031
[2025-03-12 13:45:36,447] [INFO] [30086] PREPARE received from 30066 for REQUEST 1741754736031
[2025-03-12 13:45:36,448] [INFO] [30086] PREPARE received from 30070 for REQUEST 1741754736031
[2025-03-12 13:45:36,448] [INFO] [30086] PREPARE received from 30118 for REQUEST 1741754736031
[2025-03-12 13:45:36,455] [INFO] [30086] COMMIT received from 30030 for REQUEST 1741754736031
[2025-03-12 13:45:36,455] [INFO] [30086] COMMIT received from 30008 for REQUEST 1741754736031
[2025-03-12 13:45:36,457] [INFO] [30086] PREPARE received from 30074 for REQUEST 1741754736031
[2025-03-12 13:45:36,457] [INFO] [30086] COMMIT received from 30099 for REQUEST 1741754736031
[2025-03-12 13:45:36,457] [INFO] [30086] COMMIT received from 30098 for REQUEST 1741754736031
[2025-03-12 13:45:36,457] [INFO] [30086] PREPARE received from 30098 for REQUEST 1741754736031
[2025-03-12 13:45:36,457] [INFO] [30086] COMMIT received from 30010 for REQUEST 1741754736031
[2025-03-12 13:45:36,457] [INFO] [30086] PREPARE received from 30106 for REQUEST 1741754736031
[2025-03-12 13:45:36,458] [INFO] [30086] COMMIT received from 30118 for REQUEST 1741754736031
[2025-03-12 13:45:36,458] [INFO] [30086] COMMIT received from 30007 for REQUEST 1741754736031
[2025-03-12 13:45:36,458] [INFO] [30086] COMMIT received from 30052 for REQUEST 1741754736031
[2025-03-12 13:45:36,458] [INFO] [30086] PREPARE received from 30060 for REQUEST 1741754736031
[2025-03-12 13:45:36,459] [INFO] [30086] COMMIT received from 30060 for REQUEST 1741754736031
[2025-03-12 13:45:36,460] [INFO] [30086] PREPARE received from 30007 for REQUEST 1741754736031
[2025-03-12 13:45:36,460] [INFO] [30086] PREPARE received from 30043 for REQUEST 1741754736031
[2025-03-12 13:45:36,460] [INFO] [30086] PREPARE received from 30002 for REQUEST 1741754736031
[2025-03-12 13:45:36,460] [INFO] [30086] COMMIT received from 30070 for REQUEST 1741754736031
[2025-03-12 13:45:36,460] [INFO] [30086] PREPARE received from 30030 for REQUEST 1741754736031
[2025-03-12 13:45:36,462] [INFO] [30086] COMMIT received from 30074 for REQUEST 1741754736031
[2025-03-12 13:45:36,462] [INFO] [30086] COMMIT received from 30106 for REQUEST 1741754736031
[2025-03-12 13:45:36,473] [INFO] [30086] COMMIT received from 30043 for REQUEST 1741754736031
[2025-03-12 13:45:36,494] [INFO] [30086] PREPARE received from 30108 for REQUEST 1741754736031
[2025-03-12 13:45:36,501] [INFO] [30086] COMMIT received from 30002 for REQUEST 1741754736031
[2025-03-12 13:45:36,511] [INFO] [30086] COMMIT received from 30031 for REQUEST 1741754736031
[2025-03-12 13:45:36,518] [INFO] [30086] COMMIT received from 30108 for REQUEST 1741754736031
[2025-03-12 13:45:36,525] [INFO] [30086] COMMIT received from 30066 for REQUEST 1741754736031
[2025-03-12 13:45:36,567] [INFO] [30086] COMMIT received from 30028 for REQUEST 1741754736031
[2025-03-12 13:45:47,439] [INFO] [30086] PRE-PREPARE received: {'request_id': 1741754747345, 'data': 'llapbft_message_1741754747345', 'timestamp': 1741754747.370292, 'leader': 30099, 'cluster_id': 0, 'cluster_ports': [30001, 30002, 30005, 30007, 30008, 30010, 30028, 30030, 30031, 30032, 30038, 30043, 30051, 30052, 30053, 30055, 30060, 30066, 30070, 30073, 30074, 30084, 30086, 30087, 30098, 30099, 30104, 30105, 30106, 30108, 30118], 'cluster_manager': {'host': 'localhost', 'port': 30105, 'latitude': 36.6269638, 'longitude': 127.4588073, 'altitude': 211, 'offset_m': 'lat: 40 m, lng: 27 m, alt: 211 m'}, 'simulated_delay': 0.00024177777777777777, 'distance': 153.78685344954934, 'message_size_bits': 4352}
[2025-03-12 13:45:47,439] [INFO] [30086] Broadcasting PREPARE: REQUEST 1741754747345
[2025-03-12 13:45:47,443] [INFO] [30086] PREPARE received from 30028 for REQUEST 1741754747345
[2025-03-12 13:45:47,443] [INFO] [30086] Broadcasting COMMIT: REQUEST 1741754747345
[2025-03-12 13:45:47,457] [INFO] [30086] PREPARE received from 30066 for REQUEST 1741754747345
[2025-03-12 13:45:47,466] [INFO] [30086] PREPARE received from 30060 for REQUEST 1741754747345
[2025-03-12 13:45:47,825] [INFO] [30086] PREPARE received from 30055 for REQUEST 1741754747345
[2025-03-12 13:45:47,825] [INFO] [30086] PREPARE received from 30118 for REQUEST 1741754747345
[2025-03-12 13:45:47,830] [INFO] [30086] COMMIT received from 30118 for REQUEST 1741754747345
[2025-03-12 13:45:47,831] [INFO] [30086] PREPARE received from 30051 for REQUEST 1741754747345
[2025-03-12 13:45:47,831] [INFO] [30086] COMMIT received from 30060 for REQUEST 1741754747345
[2025-03-12 13:45:47,831] [INFO] [30086] COMMIT complete. Sending PRE-REPLY: REQUEST 1741754747345 directly to Manager 30105
[2025-03-12 13:45:47,831] [INFO] [30086] PREPARE received from 30043 for REQUEST 1741754747345
[2025-03-12 13:45:47,831] [INFO] [30086] PREPARE received from 30008 for REQUEST 1741754747345
[2025-03-12 13:45:47,832] [INFO] [30086] PREPARE received from 30108 for REQUEST 1741754747345
[2025-03-12 13:45:47,834] [INFO] [30086] PREPARE received from 30010 for REQUEST 1741754747345
[2025-03-12 13:45:47,834] [INFO] [30086] PREPARE received from 30052 for REQUEST 1741754747345
[2025-03-12 13:45:47,836] [INFO] [30086] COMMIT received from 30030 for REQUEST 1741754747345
[2025-03-12 13:45:47,836] [INFO] [30086] PREPARE received from 30087 for REQUEST 1741754747345
[2025-03-12 13:45:47,837] [INFO] [30086] COMMIT received from 30073 for REQUEST 1741754747345
[2025-03-12 13:45:47,837] [INFO] [30086] COMMIT received from 30087 for REQUEST 1741754747345
[2025-03-12 13:45:47,837] [INFO] [30086] PREPARE received from 30032 for REQUEST 1741754747345
[2025-03-12 13:45:47,837] [INFO] [30086] PREPARE received from 30074 for REQUEST 1741754747345
[2025-03-12 13:45:47,837] [INFO] [30086] PREPARE received from 30073 for REQUEST 1741754747345
[2025-03-12 13:45:47,837] [INFO] [30086] COMMIT received from 30032 for REQUEST 1741754747345
[2025-03-12 13:45:47,837] [INFO] [30086] PREPARE received from 30098 for REQUEST 1741754747345
[2025-03-12 13:45:47,837] [INFO] [30086] PREPARE received from 30005 for REQUEST 1741754747345
[2025-03-12 13:45:47,837] [INFO] [30086] COMMIT received from 30074 for REQUEST 1741754747345
[2025-03-12 13:45:47,837] [INFO] [30086] COMMIT received from 30070 for REQUEST 1741754747345
[2025-03-12 13:45:47,839] [INFO] [30086] PREPARE received from 30002 for REQUEST 1741754747345
[2025-03-12 13:45:47,839] [INFO] [30086] COMMIT received from 30055 for REQUEST 1741754747345
[2025-03-12 13:45:47,840] [INFO] [30086] COMMIT received from 30104 for REQUEST 1741754747345
[2025-03-12 13:45:47,840] [INFO] [30086] PREPARE received from 30001 for REQUEST 1741754747345
[2025-03-12 13:45:47,840] [INFO] [30086] PREPARE received from 30031 for REQUEST 1741754747345
[2025-03-12 13:45:47,840] [INFO] [30086] COMMIT received from 30052 for REQUEST 1741754747345
[2025-03-12 13:45:47,841] [INFO] [30086] PREPARE received from 30084 for REQUEST 1741754747345
[2025-03-12 13:45:47,841] [INFO] [30086] COMMIT received from 30001 for REQUEST 1741754747345
[2025-03-12 13:45:47,841] [INFO] [30086] COMMIT received from 30099 for REQUEST 1741754747345
[2025-03-12 13:45:47,841] [INFO] [30086] COMMIT received from 30098 for REQUEST 1741754747345
[2025-03-12 13:45:47,841] [INFO] [30086] PREPARE received from 30106 for REQUEST 1741754747345
[2025-03-12 13:45:47,841] [INFO] [30086] COMMIT received from 30106 for REQUEST 1741754747345
[2025-03-12 13:45:47,841] [INFO] [30086] COMMIT received from 30007 for REQUEST 1741754747345
[2025-03-12 13:45:47,841] [INFO] [30086] COMMIT received from 30066 for REQUEST 1741754747345
[2025-03-12 13:45:47,841] [INFO] [30086] PREPARE received from 30053 for REQUEST 1741754747345
[2025-03-12 13:45:47,841] [INFO] [30086] COMMIT received from 30084 for REQUEST 1741754747345
[2025-03-12 13:45:47,843] [INFO] [30086] COMMIT received from 30108 for REQUEST 1741754747345
[2025-03-12 13:45:47,843] [INFO] [30086] PREPARE received from 30104 for REQUEST 1741754747345
[2025-03-12 13:45:47,843] [INFO] [30086] PREPARE received from 30007 for REQUEST 1741754747345
[2025-03-12 13:45:47,843] [INFO] [30086] COMMIT received from 30043 for REQUEST 1741754747345
[2025-03-12 13:45:47,843] [INFO] [30086] COMMIT received from 30053 for REQUEST 1741754747345
[2025-03-12 13:45:47,843] [INFO] [30086] COMMIT received from 30002 for REQUEST 1741754747345
[2025-03-12 13:45:47,843] [INFO] [30086] COMMIT received from 30051 for REQUEST 1741754747345
[2025-03-12 13:45:47,843] [INFO] [30086] PREPARE received from 30070 for REQUEST 1741754747345
[2025-03-12 13:45:47,843] [INFO] [30086] COMMIT received from 30005 for REQUEST 1741754747345
[2025-03-12 13:45:47,845] [INFO] [30086] PREPARE received from 30030 for REQUEST 1741754747345
[2025-03-12 13:45:47,878] [INFO] [30086] COMMIT received from 30028 for REQUEST 1741754747345
[2025-03-12 13:45:47,878] [INFO] [30086] COMMIT received from 30031 for REQUEST 1741754747345
[2025-03-12 13:45:47,880] [INFO] [30086] COMMIT received from 30008 for REQUEST 1741754747345
[2025-03-12 13:45:47,888] [INFO] [30086] COMMIT received from 30010 for REQUEST 1741754747345
[2025-03-12 13:45:59,093] [INFO] [30086] PRE-PREPARE received: {'request_id': 1741754759008, 'data': 'llapbft_message_1741754759008', 'timestamp': 1741754759.0302613, 'leader': 30099, 'cluster_id': 0, 'cluster_ports': [30001, 30002, 30005, 30007, 30008, 30010, 30028, 30030, 30031, 30032, 30038, 30043, 30051, 30052, 30053, 30055, 30060, 30066, 30070, 30073, 30074, 30084, 30086, 30087, 30098, 30099, 30104, 30105, 30106, 30108, 30118], 'cluster_manager': {'host': 'localhost', 'port': 30105, 'latitude': 36.6269638, 'longitude': 127.4588073, 'altitude': 211, 'offset_m': 'lat: 40 m, lng: 27 m, alt: 211 m'}, 'simulated_delay': 0.00024222222222222223, 'distance': 153.78685344954934, 'message_size_bits': 4360}
[2025-03-12 13:45:59,095] [INFO] [30086] Broadcasting PREPARE: REQUEST 1741754759008
[2025-03-12 13:45:59,099] [INFO] [30086] PREPARE received from 30030 for REQUEST 1741754759008
[2025-03-12 13:45:59,099] [INFO] [30086] Broadcasting COMMIT: REQUEST 1741754759008
[2025-03-12 13:45:59,101] [INFO] [30086] PREPARE received from 30007 for REQUEST 1741754759008
[2025-03-12 13:45:59,107] [INFO] [30086] PREPARE received from 30066 for REQUEST 1741754759008
[2025-03-12 13:45:59,290] [INFO] [30086] PREPARE received from 30052 for REQUEST 1741754759008
[2025-03-12 13:45:59,291] [INFO] [30086] PREPARE received from 30028 for REQUEST 1741754759008
[2025-03-12 13:45:59,292] [INFO] [30086] PREPARE received from 30073 for REQUEST 1741754759008
[2025-03-12 13:45:59,292] [INFO] [30086] PREPARE received from 30008 for REQUEST 1741754759008
[2025-03-12 13:45:59,292] [INFO] [30086] PREPARE received from 30002 for REQUEST 1741754759008
[2025-03-12 13:45:59,301] [INFO] [30086] COMMIT received from 30030 for REQUEST 1741754759008
[2025-03-12 13:45:59,303] [INFO] [30086] COMMIT received from 30087 for REQUEST 1741754759008
[2025-03-12 13:45:59,303] [INFO] [30086] COMMIT complete. Sending PRE-REPLY: REQUEST 1741754759008 directly to Manager 30105
[2025-03-12 13:45:59,303] [INFO] [30086] COMMIT received from 30008 for REQUEST 1741754759008
[2025-03-12 13:45:59,303] [INFO] [30086] COMMIT received from 30073 for REQUEST 1741754759008
[2025-03-12 13:45:59,304] [INFO] [30086] COMMIT received from 30055 for REQUEST 1741754759008
[2025-03-12 13:45:59,304] [INFO] [30086] PREPARE received from 30087 for REQUEST 1741754759008
[2025-03-12 13:45:59,304] [INFO] [30086] PREPARE received from 30032 for REQUEST 1741754759008
[2025-03-12 13:45:59,304] [INFO] [30086] COMMIT received from 30084 for REQUEST 1741754759008
[2025-03-12 13:45:59,304] [INFO] [30086] PREPARE received from 30001 for REQUEST 1741754759008
[2025-03-12 13:45:59,304] [INFO] [30086] COMMIT received from 30099 for REQUEST 1741754759008
[2025-03-12 13:45:59,306] [INFO] [30086] PREPARE received from 30098 for REQUEST 1741754759008
[2025-03-12 13:45:59,306] [INFO] [30086] COMMIT received from 30098 for REQUEST 1741754759008
[2025-03-12 13:45:59,306] [INFO] [30086] PREPARE received from 30106 for REQUEST 1741754759008
[2025-03-12 13:45:59,306] [INFO] [30086] PREPARE received from 30118 for REQUEST 1741754759008
[2025-03-12 13:45:59,307] [INFO] [30086] COMMIT received from 30007 for REQUEST 1741754759008
[2025-03-12 13:45:59,307] [INFO] [30086] COMMIT received from 30005 for REQUEST 1741754759008
[2025-03-12 13:45:59,307] [INFO] [30086] PREPARE received from 30031 for REQUEST 1741754759008
[2025-03-12 13:45:59,307] [INFO] [30086] PREPARE received from 30084 for REQUEST 1741754759008
[2025-03-12 13:45:59,307] [INFO] [30086] PREPARE received from 30074 for REQUEST 1741754759008
[2025-03-12 13:45:59,307] [INFO] [30086] COMMIT received from 30060 for REQUEST 1741754759008
[2025-03-12 13:45:59,307] [INFO] [30086] PREPARE received from 30108 for REQUEST 1741754759008
[2025-03-12 13:45:59,307] [INFO] [30086] PREPARE received from 30060 for REQUEST 1741754759008
[2025-03-12 13:45:59,307] [INFO] [30086] COMMIT received from 30002 for REQUEST 1741754759008
[2025-03-12 13:45:59,307] [INFO] [30086] PREPARE received from 30104 for REQUEST 1741754759008
[2025-03-12 13:45:59,309] [INFO] [30086] COMMIT received from 30070 for REQUEST 1741754759008
[2025-03-12 13:45:59,309] [INFO] [30086] PREPARE received from 30055 for REQUEST 1741754759008
[2025-03-12 13:45:59,309] [INFO] [30086] PREPARE received from 30043 for REQUEST 1741754759008
[2025-03-12 13:45:59,309] [INFO] [30086] COMMIT received from 30001 for REQUEST 1741754759008
[2025-03-12 13:45:59,309] [INFO] [30086] COMMIT received from 30031 for REQUEST 1741754759008
[2025-03-12 13:45:59,309] [INFO] [30086] PREPARE received from 30051 for REQUEST 1741754759008
[2025-03-12 13:45:59,311] [INFO] [30086] PREPARE received from 30070 for REQUEST 1741754759008
[2025-03-12 13:45:59,311] [INFO] [30086] COMMIT received from 30051 for REQUEST 1741754759008
[2025-03-12 13:45:59,311] [INFO] [30086] PREPARE received from 30005 for REQUEST 1741754759008
[2025-03-12 13:45:59,311] [INFO] [30086] COMMIT received from 30108 for REQUEST 1741754759008
[2025-03-12 13:45:59,315] [INFO] [30086] COMMIT received from 30032 for REQUEST 1741754759008
[2025-03-12 13:45:59,316] [INFO] [30086] COMMIT received from 30104 for REQUEST 1741754759008
[2025-03-12 13:45:59,320] [INFO] [30086] COMMIT received from 30118 for REQUEST 1741754759008
[2025-03-12 13:45:59,326] [INFO] [30086] COMMIT received from 30028 for REQUEST 1741754759008
[2025-03-12 13:45:59,353] [INFO] [30086] PREPARE received from 30053 for REQUEST 1741754759008
[2025-03-12 13:45:59,374] [INFO] [30086] COMMIT received from 30053 for REQUEST 1741754759008
[2025-03-12 13:45:59,375] [INFO] [30086] COMMIT received from 30052 for REQUEST 1741754759008
[2025-03-12 13:45:59,383] [INFO] [30086] PREPARE received from 30010 for REQUEST 1741754759008
[2025-03-12 13:45:59,400] [INFO] [30086] COMMIT received from 30010 for REQUEST 1741754759008
[2025-03-12 13:45:59,405] [INFO] [30086] COMMIT received from 30066 for REQUEST 1741754759008
[2025-03-12 13:45:59,407] [INFO] [30086] COMMIT received from 30074 for REQUEST 1741754759008
[2025-03-12 13:45:59,456] [INFO] [30086] COMMIT received from 30043 for REQUEST 1741754759008
[2025-03-12 13:45:59,456] [INFO] [30086] COMMIT received from 30106 for REQUEST 1741754759008
[2025-03-12 13:46:11,406] [INFO] [30086] PRE-PREPARE received: {'request_id': 1741754771266, 'data': 'llapbft_message_1741754771266', 'timestamp': 1741754771.2983816, 'leader': 30099, 'cluster_id': 0, 'cluster_ports': [30001, 30002, 30005, 30007, 30008, 30010, 30028, 30030, 30031, 30032, 30038, 30043, 30051, 30052, 30053, 30055, 30060, 30066, 30070, 30073, 30074, 30084, 30086, 30087, 30098, 30099, 30104, 30105, 30106, 30108, 30118], 'cluster_manager': {'host': 'localhost', 'port': 30105, 'latitude': 36.6269638, 'longitude': 127.4588073, 'altitude': 211, 'offset_m': 'lat: 40 m, lng: 27 m, alt: 211 m'}, 'simulated_delay': 0.00024222222222222223, 'distance': 153.78685344954934, 'message_size_bits': 4360}
[2025-03-12 13:46:11,406] [INFO] [30086] Broadcasting PREPARE: REQUEST 1741754771266
[2025-03-12 13:46:11,414] [INFO] [30086] COMMIT received from 30104 for REQUEST 1741754771266
[2025-03-12 13:46:11,414] [INFO] [30086] COMMIT received from 30055 for REQUEST 1741754771266
[2025-03-12 13:46:11,414] [INFO] [30086] PREPARE received from 30055 for REQUEST 1741754771266
[2025-03-12 13:46:11,414] [INFO] [30086] Broadcasting COMMIT: REQUEST 1741754771266
[2025-03-12 13:46:11,414] [INFO] [30086] PREPARE received from 30104 for REQUEST 1741754771266
[2025-03-12 13:46:11,414] [INFO] [30086] PREPARE received from 30074 for REQUEST 1741754771266
[2025-03-12 13:46:11,414] [INFO] [30086] COMMIT received from 30001 for REQUEST 1741754771266
[2025-03-12 13:46:11,414] [INFO] [30086] COMMIT complete. Sending PRE-REPLY: REQUEST 1741754771266 directly to Manager 30105
[2025-03-12 13:46:11,416] [INFO] [30086] PREPARE received from 30001 for REQUEST 1741754771266
[2025-03-12 13:46:11,416] [INFO] [30086] PREPARE received from 30106 for REQUEST 1741754771266
[2025-03-12 13:46:11,416] [INFO] [30086] COMMIT received from 30010 for REQUEST 1741754771266
[2025-03-12 13:46:11,416] [INFO] [30086] PREPARE received from 30031 for REQUEST 1741754771266
[2025-03-12 13:46:11,416] [INFO] [30086] PREPARE received from 30010 for REQUEST 1741754771266
[2025-03-12 13:46:11,416] [INFO] [30086] PREPARE received from 30051 for REQUEST 1741754771266
[2025-03-12 13:46:11,416] [INFO] [30086] PREPARE received from 30070 for REQUEST 1741754771266
[2025-03-12 13:46:11,418] [INFO] [30086] PREPARE received from 30043 for REQUEST 1741754771266
[2025-03-12 13:46:11,418] [INFO] [30086] COMMIT received from 30051 for REQUEST 1741754771266
[2025-03-12 13:46:11,418] [INFO] [30086] PREPARE received from 30005 for REQUEST 1741754771266
[2025-03-12 13:46:11,418] [INFO] [30086] COMMIT received from 30005 for REQUEST 1741754771266
[2025-03-12 13:46:11,434] [INFO] [30086] COMMIT received from 30074 for REQUEST 1741754771266
[2025-03-12 13:46:11,444] [INFO] [30086] PREPARE received from 30053 for REQUEST 1741754771266
[2025-03-12 13:46:11,444] [INFO] [30086] PREPARE received from 30032 for REQUEST 1741754771266
[2025-03-12 13:46:11,530] [INFO] [30086] COMMIT received from 30073 for REQUEST 1741754771266
[2025-03-12 13:46:11,532] [INFO] [30086] PREPARE received from 30084 for REQUEST 1741754771266
[2025-03-12 13:46:11,532] [INFO] [30086] PREPARE received from 30060 for REQUEST 1741754771266
[2025-03-12 13:46:11,532] [INFO] [30086] PREPARE received from 30073 for REQUEST 1741754771266
[2025-03-12 13:46:11,532] [INFO] [30086] PREPARE received from 30052 for REQUEST 1741754771266
[2025-03-12 13:46:11,535] [INFO] [30086] PREPARE received from 30008 for REQUEST 1741754771266
[2025-03-12 13:46:11,535] [INFO] [30086] COMMIT received from 30053 for REQUEST 1741754771266
[2025-03-12 13:46:11,537] [INFO] [30086] COMMIT received from 30032 for REQUEST 1741754771266
[2025-03-12 13:46:11,539] [INFO] [30086] COMMIT received from 30099 for REQUEST 1741754771266
[2025-03-12 13:46:11,539] [INFO] [30086] COMMIT received from 30084 for REQUEST 1741754771266
[2025-03-12 13:46:11,539] [INFO] [30086] PREPARE received from 30087 for REQUEST 1741754771266
[2025-03-12 13:46:11,539] [INFO] [30086] COMMIT received from 30060 for REQUEST 1741754771266
[2025-03-12 13:46:11,539] [INFO] [30086] COMMIT received from 30052 for REQUEST 1741754771266
[2025-03-12 13:46:11,593] [INFO] [30086] PREPARE received from 30108 for REQUEST 1741754771266
[2025-03-12 13:46:11,594] [INFO] [30086] PREPARE received from 30118 for REQUEST 1741754771266
[2025-03-12 13:46:11,596] [INFO] [30086] COMMIT received from 30030 for REQUEST 1741754771266
[2025-03-12 13:46:11,596] [INFO] [30086] COMMIT received from 30087 for REQUEST 1741754771266
[2025-03-12 13:46:11,597] [INFO] [30086] COMMIT received from 30028 for REQUEST 1741754771266
[2025-03-12 13:46:11,597] [INFO] [30086] COMMIT received from 30098 for REQUEST 1741754771266
[2025-03-12 13:46:11,597] [INFO] [30086] COMMIT received from 30106 for REQUEST 1741754771266
[2025-03-12 13:46:11,598] [INFO] [30086] PREPARE received from 30098 for REQUEST 1741754771266
[2025-03-12 13:46:11,598] [INFO] [30086] COMMIT received from 30118 for REQUEST 1741754771266
[2025-03-12 13:46:11,598] [INFO] [30086] PREPARE received from 30028 for REQUEST 1741754771266
[2025-03-12 13:46:11,598] [INFO] [30086] PREPARE received from 30007 for REQUEST 1741754771266
[2025-03-12 13:46:11,598] [INFO] [30086] COMMIT received from 30008 for REQUEST 1741754771266
[2025-03-12 13:46:11,598] [INFO] [30086] PREPARE received from 30066 for REQUEST 1741754771266
[2025-03-12 13:46:11,598] [INFO] [30086] COMMIT received from 30108 for REQUEST 1741754771266
[2025-03-12 13:46:11,598] [INFO] [30086] PREPARE received from 30030 for REQUEST 1741754771266
[2025-03-12 13:46:11,600] [INFO] [30086] COMMIT received from 30031 for REQUEST 1741754771266
[2025-03-12 13:46:11,600] [INFO] [30086] PREPARE received from 30002 for REQUEST 1741754771266
[2025-03-12 13:46:11,600] [INFO] [30086] COMMIT received from 30070 for REQUEST 1741754771266
[2025-03-12 13:46:11,603] [INFO] [30086] COMMIT received from 30002 for REQUEST 1741754771266
[2025-03-12 13:46:11,603] [INFO] [30086] COMMIT received from 30043 for REQUEST 1741754771266
[2025-03-12 13:46:11,603] [INFO] [30086] COMMIT received from 30007 for REQUEST 1741754771266
[2025-03-12 13:46:11,687] [INFO] [30086] COMMIT received from 30066 for REQUEST 1741754771266
[2025-03-12 14:44:18,234] [INFO] [30086] PRE-PREPARE received: {'request_id': 1741758258160, 'data': 'llapbft_message_1741758258160', 'timestamp': 1741758258.1917994, 'leader': 30099, 'cluster_id': 0, 'cluster_ports': [30001, 30002, 30005, 30007, 30008, 30010, 30028, 30030, 30031, 30032, 30038, 30043, 30051, 30052, 30053, 30055, 30060, 30066, 30070, 30073, 30074, 30084, 30086, 30087, 30098, 30099, 30104, 30105, 30106, 30108, 30118], 'cluster_manager': {'host': 'localhost', 'port': 30105, 'latitude': 36.6269638, 'longitude': 127.4588073, 'altitude': 211, 'offset_m': 'lat: 40 m, lng: 27 m, alt: 211 m'}, 'simulated_delay': 0.00024222222222222223, 'distance': 153.78685344954934, 'message_size_bits': 4360}
[2025-03-12 14:44:18,234] [INFO] [30086] Broadcasting PREPARE: REQUEST 1741758258160
[2025-03-12 14:44:18,372] [INFO] [30086] PREPARE received from 30066 for REQUEST 1741758258160
[2025-03-12 14:44:18,372] [INFO] [30086] Broadcasting COMMIT: REQUEST 1741758258160
[2025-03-12 14:44:18,587] [INFO] [30086] PREPARE received from 30052 for REQUEST 1741758258160
[2025-03-12 14:44:18,587] [INFO] [30086] COMMIT received from 30066 for REQUEST 1741758258160
[2025-03-12 14:44:18,704] [INFO] [30086] COMMIT received from 30099 for REQUEST 1741758258160
[2025-03-12 14:44:18,704] [INFO] [30086] COMMIT complete. Sending PRE-REPLY: REQUEST 1741758258160 directly to Manager 30105
[2025-03-12 14:44:18,743] [INFO] [30086] PREPARE received from 30106 for REQUEST 1741758258160
[2025-03-12 14:44:18,743] [INFO] [30086] COMMIT received from 30106 for REQUEST 1741758258160
[2025-03-12 14:44:18,828] [INFO] [30086] PREPARE received from 30070 for REQUEST 1741758258160
[2025-03-12 14:44:18,828] [INFO] [30086] COMMIT received from 30070 for REQUEST 1741758258160
[2025-03-12 14:44:18,828] [INFO] [30086] PREPARE received from 30073 for REQUEST 1741758258160
[2025-03-12 14:44:18,844] [INFO] [30086] COMMIT received from 30073 for REQUEST 1741758258160
[2025-03-12 14:44:18,969] [INFO] [30086] PREPARE received from 30098 for REQUEST 1741758258160
[2025-03-12 14:44:18,998] [INFO] [30086] PREPARE received from 30001 for REQUEST 1741758258160
[2025-03-12 14:44:19,001] [INFO] [30086] COMMIT received from 30098 for REQUEST 1741758258160
[2025-03-12 14:44:19,074] [INFO] [30086] PREPARE received from 30087 for REQUEST 1741758258160
[2025-03-12 14:44:19,153] [INFO] [30086] COMMIT received from 30001 for REQUEST 1741758258160
[2025-03-12 14:44:19,154] [INFO] [30086] COMMIT received from 30052 for REQUEST 1741758258160
[2025-03-12 14:44:19,221] [INFO] [30086] PREPARE received from 30008 for REQUEST 1741758258160
[2025-03-12 14:44:19,251] [INFO] [30086] COMMIT received from 30008 for REQUEST 1741758258160
[2025-03-12 14:44:19,251] [INFO] [30086] COMMIT received from 30087 for REQUEST 1741758258160
[2025-03-12 14:44:19,251] [INFO] [30086] PREPARE received from 30010 for REQUEST 1741758258160
[2025-03-12 14:44:19,258] [INFO] [30086] PREPARE received from 30055 for REQUEST 1741758258160
[2025-03-12 14:44:19,258] [INFO] [30086] PREPARE received from 30031 for REQUEST 1741758258160
[2025-03-12 14:44:19,258] [INFO] [30086] PREPARE received from 30032 for REQUEST 1741758258160
[2025-03-12 14:44:19,258] [INFO] [30086] PREPARE received from 30028 for REQUEST 1741758258160
[2025-03-12 14:44:19,260] [INFO] [30086] PREPARE received from 30104 for REQUEST 1741758258160
[2025-03-12 14:44:19,272] [INFO] [30086] COMMIT received from 30118 for REQUEST 1741758258160
[2025-03-12 14:44:19,274] [INFO] [30086] COMMIT received from 30028 for REQUEST 1741758258160
[2025-03-12 14:44:19,274] [INFO] [30086] COMMIT received from 30055 for REQUEST 1741758258160
[2025-03-12 14:44:19,274] [INFO] [30086] COMMIT received from 30104 for REQUEST 1741758258160
[2025-03-12 14:44:19,274] [INFO] [30086] COMMIT received from 30084 for REQUEST 1741758258160
[2025-03-12 14:44:19,274] [INFO] [30086] COMMIT received from 30010 for REQUEST 1741758258160
[2025-03-12 14:44:19,274] [INFO] [30086] COMMIT received from 30031 for REQUEST 1741758258160
[2025-03-12 14:44:19,274] [INFO] [30086] COMMIT received from 30032 for REQUEST 1741758258160
[2025-03-12 14:44:19,283] [INFO] [30086] PREPARE received from 30084 for REQUEST 1741758258160
[2025-03-12 14:44:19,283] [INFO] [30086] PREPARE received from 30074 for REQUEST 1741758258160
[2025-03-12 14:44:19,283] [INFO] [30086] PREPARE received from 30118 for REQUEST 1741758258160
[2025-03-12 14:44:19,292] [INFO] [30086] COMMIT received from 30074 for REQUEST 1741758258160
[2025-03-12 14:44:19,292] [INFO] [30086] PREPARE received from 30043 for REQUEST 1741758258160
[2025-03-12 14:44:19,310] [INFO] [30086] COMMIT received from 30043 for REQUEST 1741758258160
[2025-03-12 14:44:19,346] [INFO] [30086] PREPARE received from 30108 for REQUEST 1741758258160
[2025-03-12 14:44:19,349] [INFO] [30086] PREPARE received from 30002 for REQUEST 1741758258160
[2025-03-12 14:44:19,349] [INFO] [30086] COMMIT received from 30108 for REQUEST 1741758258160
[2025-03-12 14:44:19,362] [INFO] [30086] COMMIT received from 30053 for REQUEST 1741758258160
[2025-03-12 14:44:19,362] [INFO] [30086] PREPARE received from 30053 for REQUEST 1741758258160
[2025-03-12 14:44:19,403] [INFO] [30086] COMMIT received from 30002 for REQUEST 1741758258160
[2025-03-12 14:44:19,403] [INFO] [30086] PREPARE received from 30007 for REQUEST 1741758258160
[2025-03-12 14:44:19,403] [INFO] [30086] COMMIT received from 30007 for REQUEST 1741758258160
[2025-03-12 14:44:19,433] [INFO] [30086] PREPARE received from 30030 for REQUEST 1741758258160
[2025-03-12 14:44:19,437] [INFO] [30086] COMMIT received from 30030 for REQUEST 1741758258160
[2025-03-12 14:44:19,437] [INFO] [30086] PREPARE received from 30005 for REQUEST 1741758258160
[2025-03-12 14:44:19,437] [INFO] [30086] COMMIT received from 30005 for REQUEST 1741758258160
[2025-03-12 14:44:19,471] [INFO] [30086] PREPARE received from 30051 for REQUEST 1741758258160
[2025-03-12 14:44:19,475] [INFO] [30086] COMMIT received from 30051 for REQUEST 1741758258160
[2025-03-12 14:44:19,677] [INFO] [30086] PREPARE received from 30060 for REQUEST 1741758258160
[2025-03-12 14:44:19,677] [INFO] [30086] COMMIT received from 30060 for REQUEST 1741758258160
