[2025-03-12 12:35:31,702] [INFO] Node started: localhost:30036 | index=37 | f=1, k=4
[2025-03-12 12:54:37,072] [INFO] Node started: localhost:30036 | index=37 | f=1, k=4
[2025-03-12 12:55:28,618] [INFO] Node started: localhost:30036 | index=37 | f=1, k=4
[2025-03-12 12:55:54,251] [INFO] [30036] PRE-PREPARE received: {'request_id': 1741751754181, 'data': 'llapbft_message_1741751754181', 'timestamp': 1741751754.2060645, 'leader': 30063, 'cluster_id': 2, 'cluster_ports': [30000, 30006, 30007, 30009, 30011, 30014, 30018, 30026, 30029, 30031, 30036, 30040, 30042, 30045, 30053, 30054, 30055, 30063, 30065, 30069, 30081, 30083, 30085, 30086, 30087, 30089, 30097, 30099, 30101, 30103, 30104, 30109, 30112, 30122, 30124, 30125, 30128, 30130, 30131, 30140, 30145, 30148, 30152, 30158], 'cluster_manager': {'host': 'localhost', 'port': 30009, 'latitude': 36.6268859, 'longitude': 127.4587698, 'altitude': 206, 'offset_m': 'lat: 31 m, lng: 24 m, alt: 206 m'}, 'fault': True, 'simulated_delay': 0.00028933333333333334, 'distance': 169.75159287687376, 'message_size_bits': 5208}
[2025-03-12 12:55:54,259] [INFO] [30036] Broadcasting PREPARE: REQUEST 1741751754181
[2025-03-12 12:55:54,594] [INFO] [30036] PREPARE received from 30007 for REQUEST 1741751754181
[2025-03-12 12:55:54,598] [INFO] [30036] Broadcasting COMMIT: REQUEST 1741751754181
[2025-03-12 12:55:54,617] [INFO] [30036] PREPARE received from 30152 for REQUEST 1741751754181
[2025-03-12 12:55:54,663] [INFO] [30036] PREPARE received from 30031 for REQUEST 1741751754181
[2025-03-12 12:55:54,703] [INFO] [30036] PREPARE received from 30103 for REQUEST 1741751754181
[2025-03-12 12:55:54,703] [INFO] [30036] PREPARE received from 30101 for REQUEST 1741751754181
[2025-03-12 12:55:54,703] [INFO] [30036] PREPARE received from 30081 for REQUEST 1741751754181
[2025-03-12 12:55:54,703] [INFO] [30036] PREPARE received from 30089 for REQUEST 1741751754181
[2025-03-12 12:55:54,703] [INFO] [30036] PREPARE received from 30065 for REQUEST 1741751754181
[2025-03-12 12:55:54,710] [INFO] [30036] PREPARE received from 30087 for REQUEST 1741751754181
[2025-03-12 12:55:54,710] [INFO] [30036] PREPARE received from 30014 for REQUEST 1741751754181
[2025-03-12 12:55:54,710] [INFO] [30036] COMMIT received from 30152 for REQUEST 1741751754181
[2025-03-12 12:55:54,710] [INFO] [30036] PREPARE received from 30042 for REQUEST 1741751754181
[2025-03-12 12:55:55,321] [INFO] [30036] PREPARE received from 30040 for REQUEST 1741751754181
[2025-03-12 12:55:55,321] [INFO] [30036] PREPARE received from 30122 for REQUEST 1741751754181
[2025-03-12 12:55:55,321] [INFO] [30036] PREPARE received from 30099 for REQUEST 1741751754181
[2025-03-12 12:55:55,321] [INFO] [30036] PREPARE received from 30131 for REQUEST 1741751754181
[2025-03-12 12:55:55,321] [INFO] [30036] COMMIT received from 30087 for REQUEST 1741751754181
[2025-03-12 12:55:55,321] [INFO] [30036] COMMIT complete. Sending PRE-REPLY: REQUEST 1741751754181 directly to Manager 30009
[2025-03-12 12:55:55,361] [INFO] [30036] PREPARE received from 30054 for REQUEST 1741751754181
[2025-03-12 12:55:55,442] [INFO] [30036] COMMIT received from 30101 for REQUEST 1741751754181
[2025-03-12 12:55:55,442] [INFO] [30036] PREPARE received from 30109 for REQUEST 1741751754181
[2025-03-12 12:55:55,442] [INFO] [30036] COMMIT received from 30109 for REQUEST 1741751754181
[2025-03-12 12:55:55,442] [INFO] [30036] COMMIT received from 30007 for REQUEST 1741751754181
[2025-03-12 12:55:55,442] [INFO] [30036] PREPARE received from 30006 for REQUEST 1741751754181
[2025-03-12 12:55:55,442] [INFO] [30036] COMMIT received from 30089 for REQUEST 1741751754181
[2025-03-12 12:55:55,442] [INFO] [30036] COMMIT received from 30103 for REQUEST 1741751754181
[2025-03-12 12:55:55,442] [INFO] [30036] COMMIT received from 30040 for REQUEST 1741751754181
[2025-03-12 12:55:55,442] [INFO] [30036] COMMIT received from 30065 for REQUEST 1741751754181
[2025-03-12 12:55:55,442] [INFO] [30036] COMMIT received from 30081 for REQUEST 1741751754181
[2025-03-12 12:55:55,492] [INFO] [30036] COMMIT received from 30042 for REQUEST 1741751754181
[2025-03-12 12:55:55,521] [INFO] [30036] COMMIT received from 30014 for REQUEST 1741751754181
[2025-03-12 12:55:55,521] [INFO] [30036] COMMIT received from 30031 for REQUEST 1741751754181
[2025-03-12 12:55:55,523] [INFO] [30036] COMMIT received from 30006 for REQUEST 1741751754181
[2025-03-12 12:55:55,658] [INFO] [30036] COMMIT received from 30063 for REQUEST 1741751754181
[2025-03-12 12:55:55,809] [INFO] [30036] COMMIT received from 30122 for REQUEST 1741751754181
[2025-03-12 12:55:55,809] [INFO] [30036] PREPARE received from 30085 for REQUEST 1741751754181
[2025-03-12 12:55:55,821] [INFO] [30036] PREPARE received from 30130 for REQUEST 1741751754181
[2025-03-12 12:55:55,821] [INFO] [30036] PREPARE received from 30069 for REQUEST 1741751754181
[2025-03-12 12:55:55,821] [INFO] [30036] COMMIT received from 30130 for REQUEST 1741751754181
[2025-03-12 12:55:55,821] [INFO] [30036] COMMIT received from 30069 for REQUEST 1741751754181
[2025-03-12 12:55:55,837] [INFO] [30036] COMMIT received from 30085 for REQUEST 1741751754181
[2025-03-12 12:55:55,953] [INFO] [30036] COMMIT received from 30131 for REQUEST 1741751754181
[2025-03-12 12:55:55,953] [INFO] [30036] PREPARE received from 30124 for REQUEST 1741751754181
[2025-03-12 12:55:55,959] [INFO] [30036] PREPARE received from 30000 for REQUEST 1741751754181
[2025-03-12 12:55:55,965] [INFO] [30036] PREPARE received from 30097 for REQUEST 1741751754181
[2025-03-12 12:55:55,965] [INFO] [30036] COMMIT received from 30026 for REQUEST 1741751754181
[2025-03-12 12:55:55,978] [INFO] [30036] PREPARE received from 30026 for REQUEST 1741751754181
[2025-03-12 12:55:55,978] [INFO] [30036] COMMIT received from 30097 for REQUEST 1741751754181
[2025-03-12 12:55:56,095] [INFO] [30036] PREPARE received from 30011 for REQUEST 1741751754181
[2025-03-12 12:55:56,095] [INFO] [30036] COMMIT received from 30011 for REQUEST 1741751754181
[2025-03-12 12:55:56,139] [INFO] [30036] COMMIT received from 30099 for REQUEST 1741751754181
[2025-03-12 12:55:56,199] [INFO] [30036] COMMIT received from 30054 for REQUEST 1741751754181
[2025-03-12 12:55:56,298] [INFO] [30036] COMMIT received from 30124 for REQUEST 1741751754181
[2025-03-12 12:55:56,475] [INFO] [30036] PREPARE received from 30029 for REQUEST 1741751754181
[2025-03-12 12:55:56,475] [INFO] [30036] COMMIT received from 30029 for REQUEST 1741751754181
[2025-03-12 12:55:56,475] [INFO] [30036] PREPARE received from 30104 for REQUEST 1741751754181
[2025-03-12 12:55:56,514] [INFO] [30036] COMMIT received from 30104 for REQUEST 1741751754181
[2025-03-12 12:55:56,514] [INFO] [30036] PREPARE received from 30086 for REQUEST 1741751754181
[2025-03-12 12:55:56,514] [INFO] [30036] COMMIT received from 30086 for REQUEST 1741751754181
[2025-03-12 12:55:56,593] [INFO] [30036] COMMIT received from 30000 for REQUEST 1741751754181
[2025-03-12 12:55:56,616] [INFO] [30036] PREPARE received from 30055 for REQUEST 1741751754181
[2025-03-12 12:55:56,616] [INFO] [30036] COMMIT received from 30055 for REQUEST 1741751754181
[2025-03-12 12:55:56,634] [INFO] [30036] PREPARE received from 30083 for REQUEST 1741751754181
[2025-03-12 12:55:56,636] [INFO] [30036] COMMIT received from 30083 for REQUEST 1741751754181
[2025-03-12 12:55:56,705] [INFO] [30036] PREPARE received from 30128 for REQUEST 1741751754181
[2025-03-12 12:55:56,711] [INFO] [30036] COMMIT received from 30128 for REQUEST 1741751754181
[2025-03-12 12:55:56,783] [INFO] [30036] PREPARE received from 30140 for REQUEST 1741751754181
[2025-03-12 12:55:56,793] [INFO] [30036] COMMIT received from 30140 for REQUEST 1741751754181
[2025-03-12 12:55:56,935] [INFO] [30036] PREPARE received from 30158 for REQUEST 1741751754181
[2025-03-12 12:55:56,935] [INFO] [30036] COMMIT received from 30158 for REQUEST 1741751754181
[2025-03-12 12:56:40,081] [INFO] Node started: localhost:30036 | index=37 | f=1, k=4
[2025-03-12 12:58:03,708] [INFO] [30036] PRE-PREPARE received: {'request_id': 1741751883632, 'data': 'llapbft_message_1741751883632', 'timestamp': 1741751883.6611185, 'leader': 30110, 'cluster_id': 1, 'cluster_ports': [30012, 30014, 30016, 30017, 30022, 30024, 30026, 30027, 30034, 30036, 30040, 30047, 30049, 30054, 30057, 30067, 30072, 30075, 30077, 30078, 30082, 30083, 30089, 30091, 30096, 30100, 30102, 30110, 30114, 30115], 'cluster_manager': {'host': 'localhost', 'port': 30049, 'latitude': 36.626668, 'longitude': 127.4587754, 'altitude': 52, 'offset_m': 'lat: 7 m, lng: 24 m, alt: 52 m'}, 'simulated_delay': 0.00011866666666666667, 'distance': 79.74255248883321, 'message_size_bits': 4272}
[2025-03-12 12:58:03,708] [INFO] [30036] Broadcasting PREPARE: REQUEST 1741751883632
[2025-03-12 12:58:04,000] [INFO] [30036] PREPARE received from 30078 for REQUEST 1741751883632
[2025-03-12 12:58:04,000] [INFO] [30036] Broadcasting COMMIT: REQUEST 1741751883632
[2025-03-12 12:58:04,000] [INFO] [30036] PREPARE received from 30024 for REQUEST 1741751883632
[2025-03-12 12:58:04,000] [INFO] [30036] PREPARE received from 30040 for REQUEST 1741751883632
[2025-03-12 12:58:04,000] [INFO] [30036] PREPARE received from 30102 for REQUEST 1741751883632
[2025-03-12 12:58:04,000] [INFO] [30036] PREPARE received from 30017 for REQUEST 1741751883632
[2025-03-12 12:58:04,000] [INFO] [30036] PREPARE received from 30077 for REQUEST 1741751883632
[2025-03-12 12:58:04,000] [INFO] [30036] PREPARE received from 30091 for REQUEST 1741751883632
[2025-03-12 12:58:04,040] [INFO] [30036] COMMIT received from 30024 for REQUEST 1741751883632
[2025-03-12 12:58:04,054] [INFO] [30036] COMMIT received from 30078 for REQUEST 1741751883632
[2025-03-12 12:58:04,054] [INFO] [30036] COMMIT complete. Sending PRE-REPLY: REQUEST 1741751883632 directly to Manager 30049
[2025-03-12 12:58:04,054] [INFO] [30036] COMMIT received from 30102 for REQUEST 1741751883632
[2025-03-12 12:58:04,265] [INFO] [30036] COMMIT received from 30040 for REQUEST 1741751883632
[2025-03-12 12:58:04,357] [INFO] [30036] COMMIT received from 30077 for REQUEST 1741751883632
[2025-03-12 12:58:04,357] [INFO] [30036] PREPARE received from 30054 for REQUEST 1741751883632
[2025-03-12 12:58:04,357] [INFO] [30036] COMMIT received from 30054 for REQUEST 1741751883632
[2025-03-12 12:58:04,427] [INFO] [30036] PREPARE received from 30027 for REQUEST 1741751883632
[2025-03-12 12:58:04,428] [INFO] [30036] PREPARE received from 30082 for REQUEST 1741751883632
[2025-03-12 12:58:04,428] [INFO] [30036] PREPARE received from 30047 for REQUEST 1741751883632
[2025-03-12 12:58:04,428] [INFO] [30036] PREPARE received from 30100 for REQUEST 1741751883632
[2025-03-12 12:58:04,430] [INFO] [30036] PREPARE received from 30034 for REQUEST 1741751883632
[2025-03-12 12:58:04,430] [INFO] [30036] PREPARE received from 30014 for REQUEST 1741751883632
[2025-03-12 12:58:04,430] [INFO] [30036] PREPARE received from 30114 for REQUEST 1741751883632
[2025-03-12 12:58:04,498] [INFO] [30036] COMMIT received from 30100 for REQUEST 1741751883632
[2025-03-12 12:58:04,498] [INFO] [30036] COMMIT received from 30091 for REQUEST 1741751883632
[2025-03-12 12:58:04,498] [INFO] [30036] PREPARE received from 30022 for REQUEST 1741751883632
[2025-03-12 12:58:04,498] [INFO] [30036] COMMIT received from 30034 for REQUEST 1741751883632
[2025-03-12 12:58:04,498] [INFO] [30036] COMMIT received from 30114 for REQUEST 1741751883632
[2025-03-12 12:58:04,498] [INFO] [30036] COMMIT received from 30082 for REQUEST 1741751883632
[2025-03-12 12:58:04,498] [INFO] [30036] COMMIT received from 30027 for REQUEST 1741751883632
[2025-03-12 12:58:04,498] [INFO] [30036] COMMIT received from 30047 for REQUEST 1741751883632
[2025-03-12 12:58:04,534] [INFO] [30036] COMMIT received from 30017 for REQUEST 1741751883632
[2025-03-12 12:58:04,534] [INFO] [30036] COMMIT received from 30012 for REQUEST 1741751883632
[2025-03-12 12:58:04,534] [INFO] [30036] PREPARE received from 30012 for REQUEST 1741751883632
[2025-03-12 12:58:04,534] [INFO] [30036] COMMIT received from 30022 for REQUEST 1741751883632
[2025-03-12 12:58:04,563] [INFO] [30036] COMMIT received from 30089 for REQUEST 1741751883632
[2025-03-12 12:58:04,563] [INFO] [30036] PREPARE received from 30089 for REQUEST 1741751883632
[2025-03-12 12:58:04,563] [INFO] [30036] PREPARE received from 30072 for REQUEST 1741751883632
[2025-03-12 12:58:04,563] [INFO] [30036] COMMIT received from 30072 for REQUEST 1741751883632
[2025-03-12 12:58:04,710] [INFO] [30036] COMMIT received from 30014 for REQUEST 1741751883632
[2025-03-12 12:58:04,710] [INFO] [30036] COMMIT received from 30110 for REQUEST 1741751883632
[2025-03-12 12:58:04,740] [INFO] [30036] PREPARE received from 30057 for REQUEST 1741751883632
[2025-03-12 12:58:04,740] [INFO] [30036] PREPARE received from 30083 for REQUEST 1741751883632
[2025-03-12 12:58:04,740] [INFO] [30036] PREPARE received from 30067 for REQUEST 1741751883632
[2025-03-12 12:58:04,740] [INFO] [30036] COMMIT received from 30083 for REQUEST 1741751883632
[2025-03-12 12:58:04,758] [INFO] [30036] COMMIT received from 30067 for REQUEST 1741751883632
[2025-03-12 12:58:04,758] [INFO] [30036] PREPARE received from 30026 for REQUEST 1741751883632
[2025-03-12 12:58:04,758] [INFO] [30036] PREPARE received from 30075 for REQUEST 1741751883632
[2025-03-12 12:58:04,770] [INFO] [30036] COMMIT received from 30026 for REQUEST 1741751883632
[2025-03-12 12:58:04,770] [INFO] [30036] COMMIT received from 30075 for REQUEST 1741751883632
[2025-03-12 12:58:04,770] [INFO] [30036] COMMIT received from 30016 for REQUEST 1741751883632
[2025-03-12 12:58:04,782] [INFO] [30036] PREPARE received from 30016 for REQUEST 1741751883632
[2025-03-12 12:58:04,792] [INFO] [30036] COMMIT received from 30057 for REQUEST 1741751883632
[2025-03-12 12:58:04,840] [INFO] [30036] PREPARE received from 30115 for REQUEST 1741751883632
[2025-03-12 12:58:04,849] [INFO] [30036] COMMIT received from 30115 for REQUEST 1741751883632
[2025-03-12 12:58:04,970] [INFO] [30036] PREPARE received from 30096 for REQUEST 1741751883632
[2025-03-12 12:58:05,006] [INFO] [30036] COMMIT received from 30096 for REQUEST 1741751883632
[2025-03-12 13:45:28,702] [INFO] [30036] PRE-PREPARE received: {'request_id': 1741754728638, 'data': 'llapbft_message_1741754728638', 'timestamp': 1741754728.6704988, 'leader': 30110, 'cluster_id': 1, 'cluster_ports': [30012, 30014, 30016, 30017, 30022, 30024, 30026, 30027, 30034, 30036, 30040, 30047, 30049, 30054, 30057, 30067, 30072, 30075, 30077, 30078, 30082, 30083, 30089, 30091, 30096, 30100, 30102, 30110, 30114, 30115], 'cluster_manager': {'host': 'localhost', 'port': 30049, 'latitude': 36.626668, 'longitude': 127.4587754, 'altitude': 52, 'offset_m': 'lat: 7 m, lng: 24 m, alt: 52 m'}, 'simulated_delay': 0.00011866666666666667, 'distance': 79.74255248883321, 'message_size_bits': 4272}
[2025-03-12 13:45:28,702] [INFO] [30036] Broadcasting PREPARE: REQUEST 1741754728638
[2025-03-12 13:45:29,045] [INFO] [30036] PREPARE received from 30024 for REQUEST 1741754728638
[2025-03-12 13:45:29,045] [INFO] [30036] Broadcasting COMMIT: REQUEST 1741754728638
[2025-03-12 13:45:29,045] [INFO] [30036] PREPARE received from 30078 for REQUEST 1741754728638
[2025-03-12 13:45:29,175] [INFO] [30036] PREPARE received from 30077 for REQUEST 1741754728638
[2025-03-12 13:45:29,175] [INFO] [30036] PREPARE received from 30040 for REQUEST 1741754728638
[2025-03-12 13:45:29,175] [INFO] [30036] PREPARE received from 30012 for REQUEST 1741754728638
[2025-03-12 13:45:29,175] [INFO] [30036] PREPARE received from 30034 for REQUEST 1741754728638
[2025-03-12 13:45:29,175] [INFO] [30036] PREPARE received from 30054 for REQUEST 1741754728638
[2025-03-12 13:45:29,175] [INFO] [30036] PREPARE received from 30091 for REQUEST 1741754728638
[2025-03-12 13:45:29,175] [INFO] [30036] PREPARE received from 30082 for REQUEST 1741754728638
[2025-03-12 13:45:29,175] [INFO] [30036] PREPARE received from 30027 for REQUEST 1741754728638
[2025-03-12 13:45:29,175] [INFO] [30036] PREPARE received from 30114 for REQUEST 1741754728638
[2025-03-12 13:45:29,175] [INFO] [30036] PREPARE received from 30102 for REQUEST 1741754728638
[2025-03-12 13:45:29,212] [INFO] [30036] COMMIT received from 30012 for REQUEST 1741754728638
[2025-03-12 13:45:29,234] [INFO] [30036] COMMIT received from 30078 for REQUEST 1741754728638
[2025-03-12 13:45:29,234] [INFO] [30036] COMMIT complete. Sending PRE-REPLY: REQUEST 1741754728638 directly to Manager 30049
[2025-03-12 13:45:29,234] [INFO] [30036] COMMIT received from 30024 for REQUEST 1741754728638
[2025-03-12 13:45:29,250] [INFO] [30036] COMMIT received from 30077 for REQUEST 1741754728638
[2025-03-12 13:45:29,253] [INFO] [30036] PREPARE received from 30017 for REQUEST 1741754728638
[2025-03-12 13:45:29,430] [INFO] [30036] COMMIT received from 30034 for REQUEST 1741754728638
[2025-03-12 13:45:29,430] [INFO] [30036] COMMIT received from 30102 for REQUEST 1741754728638
[2025-03-12 13:45:29,430] [INFO] [30036] COMMIT received from 30091 for REQUEST 1741754728638
[2025-03-12 13:45:29,430] [INFO] [30036] COMMIT received from 30082 for REQUEST 1741754728638
[2025-03-12 13:45:29,527] [INFO] [30036] PREPARE received from 30022 for REQUEST 1741754728638
[2025-03-12 13:45:29,557] [INFO] [30036] COMMIT received from 30047 for REQUEST 1741754728638
[2025-03-12 13:45:29,561] [INFO] [30036] PREPARE received from 30057 for REQUEST 1741754728638
[2025-03-12 13:45:29,561] [INFO] [30036] COMMIT received from 30027 for REQUEST 1741754728638
[2025-03-12 13:45:29,561] [INFO] [30036] PREPARE received from 30067 for REQUEST 1741754728638
[2025-03-12 13:45:29,561] [INFO] [30036] COMMIT received from 30114 for REQUEST 1741754728638
[2025-03-12 13:45:29,561] [INFO] [30036] PREPARE received from 30026 for REQUEST 1741754728638
[2025-03-12 13:45:29,561] [INFO] [30036] COMMIT received from 30054 for REQUEST 1741754728638
[2025-03-12 13:45:29,561] [INFO] [30036] PREPARE received from 30014 for REQUEST 1741754728638
[2025-03-12 13:45:29,561] [INFO] [30036] PREPARE received from 30047 for REQUEST 1741754728638
[2025-03-12 13:45:29,561] [INFO] [30036] COMMIT received from 30040 for REQUEST 1741754728638
[2025-03-12 13:45:29,628] [INFO] [30036] COMMIT received from 30110 for REQUEST 1741754728638
[2025-03-12 13:45:29,628] [INFO] [30036] PREPARE received from 30072 for REQUEST 1741754728638
[2025-03-12 13:45:29,713] [INFO] [30036] COMMIT received from 30075 for REQUEST 1741754728638
[2025-03-12 13:45:29,713] [INFO] [30036] COMMIT received from 30100 for REQUEST 1741754728638
[2025-03-12 13:45:29,713] [INFO] [30036] COMMIT received from 30089 for REQUEST 1741754728638
[2025-03-12 13:45:29,713] [INFO] [30036] COMMIT received from 30072 for REQUEST 1741754728638
[2025-03-12 13:45:29,713] [INFO] [30036] PREPARE received from 30089 for REQUEST 1741754728638
[2025-03-12 13:45:29,736] [INFO] [30036] PREPARE received from 30075 for REQUEST 1741754728638
[2025-03-12 13:45:29,736] [INFO] [30036] PREPARE received from 30100 for REQUEST 1741754728638
[2025-03-12 13:45:29,743] [INFO] [30036] PREPARE received from 30083 for REQUEST 1741754728638
[2025-03-12 13:45:29,743] [INFO] [30036] COMMIT received from 30017 for REQUEST 1741754728638
[2025-03-12 13:45:29,743] [INFO] [30036] COMMIT received from 30083 for REQUEST 1741754728638
[2025-03-12 13:45:29,743] [INFO] [30036] COMMIT received from 30067 for REQUEST 1741754728638
[2025-03-12 13:45:29,762] [INFO] [30036] COMMIT received from 30026 for REQUEST 1741754728638
[2025-03-12 13:45:29,762] [INFO] [30036] COMMIT received from 30096 for REQUEST 1741754728638
[2025-03-12 13:45:29,762] [INFO] [30036] COMMIT received from 30016 for REQUEST 1741754728638
[2025-03-12 13:45:29,762] [INFO] [30036] PREPARE received from 30096 for REQUEST 1741754728638
[2025-03-12 13:45:29,762] [INFO] [30036] PREPARE received from 30016 for REQUEST 1741754728638
[2025-03-12 13:45:29,784] [INFO] [30036] COMMIT received from 30057 for REQUEST 1741754728638
[2025-03-12 13:45:29,797] [INFO] [30036] COMMIT received from 30022 for REQUEST 1741754728638
[2025-03-12 13:45:29,803] [INFO] [30036] COMMIT received from 30014 for REQUEST 1741754728638
[2025-03-12 13:45:30,009] [INFO] [30036] PREPARE received from 30115 for REQUEST 1741754728638
[2025-03-12 13:45:30,027] [INFO] [30036] COMMIT received from 30115 for REQUEST 1741754728638
[2025-03-12 13:45:36,168] [INFO] [30036] PRE-PREPARE received: {'request_id': 1741754736031, 'data': 'llapbft_message_1741754736031', 'timestamp': 1741754736.063827, 'leader': 30110, 'cluster_id': 1, 'cluster_ports': [30012, 30014, 30016, 30017, 30022, 30024, 30026, 30027, 30034, 30036, 30040, 30047, 30049, 30054, 30057, 30067, 30072, 30075, 30077, 30078, 30082, 30083, 30089, 30091, 30096, 30100, 30102, 30110, 30114, 30115], 'cluster_manager': {'host': 'localhost', 'port': 30049, 'latitude': 36.626668, 'longitude': 127.4587754, 'altitude': 52, 'offset_m': 'lat: 7 m, lng: 24 m, alt: 52 m'}, 'simulated_delay': 0.00011844444444444444, 'distance': 79.74255248883321, 'message_size_bits': 4264}
[2025-03-12 13:45:36,170] [INFO] [30036] Broadcasting PREPARE: REQUEST 1741754736031
[2025-03-12 13:45:36,176] [INFO] [30036] PREPARE received from 30012 for REQUEST 1741754736031
[2025-03-12 13:45:36,176] [INFO] [30036] Broadcasting COMMIT: REQUEST 1741754736031
[2025-03-12 13:45:36,176] [INFO] [30036] PREPARE received from 30034 for REQUEST 1741754736031
[2025-03-12 13:45:36,176] [INFO] [30036] PREPARE received from 30078 for REQUEST 1741754736031
[2025-03-12 13:45:36,176] [INFO] [30036] PREPARE received from 30091 for REQUEST 1741754736031
[2025-03-12 13:45:36,177] [INFO] [30036] PREPARE received from 30054 for REQUEST 1741754736031
[2025-03-12 13:45:36,177] [INFO] [30036] PREPARE received from 30047 for REQUEST 1741754736031
[2025-03-12 13:45:36,363] [INFO] [30036] PREPARE received from 30057 for REQUEST 1741754736031
[2025-03-12 13:45:36,363] [INFO] [30036] PREPARE received from 30114 for REQUEST 1741754736031
[2025-03-12 13:45:36,363] [INFO] [30036] PREPARE received from 30100 for REQUEST 1741754736031
[2025-03-12 13:45:36,372] [INFO] [30036] PREPARE received from 30077 for REQUEST 1741754736031
[2025-03-12 13:45:36,372] [INFO] [30036] PREPARE received from 30115 for REQUEST 1741754736031
[2025-03-12 13:45:36,372] [INFO] [30036] PREPARE received from 30022 for REQUEST 1741754736031
[2025-03-12 13:45:36,373] [INFO] [30036] COMMIT received from 30115 for REQUEST 1741754736031
[2025-03-12 13:45:36,373] [INFO] [30036] COMMIT received from 30024 for REQUEST 1741754736031
[2025-03-12 13:45:36,373] [INFO] [30036] COMMIT complete. Sending PRE-REPLY: REQUEST 1741754736031 directly to Manager 30049
[2025-03-12 13:45:36,373] [INFO] [30036] COMMIT received from 30022 for REQUEST 1741754736031
[2025-03-12 13:45:36,374] [INFO] [30036] PREPARE received from 30016 for REQUEST 1741754736031
[2025-03-12 13:45:36,374] [INFO] [30036] COMMIT received from 30077 for REQUEST 1741754736031
[2025-03-12 13:45:36,374] [INFO] [30036] PREPARE received from 30027 for REQUEST 1741754736031
[2025-03-12 13:45:36,374] [INFO] [30036] PREPARE received from 30017 for REQUEST 1741754736031
[2025-03-12 13:45:36,375] [INFO] [30036] COMMIT received from 30091 for REQUEST 1741754736031
[2025-03-12 13:45:36,375] [INFO] [30036] COMMIT received from 30096 for REQUEST 1741754736031
[2025-03-12 13:45:36,375] [INFO] [30036] PREPARE received from 30024 for REQUEST 1741754736031
[2025-03-12 13:45:36,375] [INFO] [30036] PREPARE received from 30082 for REQUEST 1741754736031
[2025-03-12 13:45:36,376] [INFO] [30036] PREPARE received from 30040 for REQUEST 1741754736031
[2025-03-12 13:45:36,376] [INFO] [30036] COMMIT received from 30017 for REQUEST 1741754736031
[2025-03-12 13:45:36,376] [INFO] [30036] PREPARE received from 30072 for REQUEST 1741754736031
[2025-03-12 13:45:36,376] [INFO] [30036] COMMIT received from 30082 for REQUEST 1741754736031
[2025-03-12 13:45:36,377] [INFO] [30036] PREPARE received from 30014 for REQUEST 1741754736031
[2025-03-12 13:45:36,377] [INFO] [30036] PREPARE received from 30096 for REQUEST 1741754736031
[2025-03-12 13:45:36,377] [INFO] [30036] COMMIT received from 30100 for REQUEST 1741754736031
[2025-03-12 13:45:36,377] [INFO] [30036] COMMIT received from 30012 for REQUEST 1741754736031
[2025-03-12 13:45:36,377] [INFO] [30036] PREPARE received from 30075 for REQUEST 1741754736031
[2025-03-12 13:45:36,377] [INFO] [30036] COMMIT received from 30047 for REQUEST 1741754736031
[2025-03-12 13:45:36,377] [INFO] [30036] COMMIT received from 30072 for REQUEST 1741754736031
[2025-03-12 13:45:36,379] [INFO] [30036] PREPARE received from 30083 for REQUEST 1741754736031
[2025-03-12 13:45:36,381] [INFO] [30036] PREPARE received from 30102 for REQUEST 1741754736031
[2025-03-12 13:45:36,381] [INFO] [30036] COMMIT received from 30114 for REQUEST 1741754736031
[2025-03-12 13:45:36,381] [INFO] [30036] PREPARE received from 30089 for REQUEST 1741754736031
[2025-03-12 13:45:36,381] [INFO] [30036] COMMIT received from 30016 for REQUEST 1741754736031
[2025-03-12 13:45:36,381] [INFO] [30036] COMMIT received from 30014 for REQUEST 1741754736031
[2025-03-12 13:45:36,381] [INFO] [30036] COMMIT received from 30102 for REQUEST 1741754736031
[2025-03-12 13:45:36,383] [INFO] [30036] COMMIT received from 30083 for REQUEST 1741754736031
[2025-03-12 13:45:36,384] [INFO] [30036] COMMIT received from 30040 for REQUEST 1741754736031
[2025-03-12 13:45:36,388] [INFO] [30036] COMMIT received from 30027 for REQUEST 1741754736031
[2025-03-12 13:45:36,435] [INFO] [30036] COMMIT received from 30057 for REQUEST 1741754736031
[2025-03-12 13:45:36,460] [INFO] [30036] PREPARE received from 30067 for REQUEST 1741754736031
[2025-03-12 13:45:36,471] [INFO] [30036] COMMIT received from 30078 for REQUEST 1741754736031
[2025-03-12 13:45:36,479] [INFO] [30036] COMMIT received from 30034 for REQUEST 1741754736031
[2025-03-12 13:45:36,502] [INFO] [30036] COMMIT received from 30110 for REQUEST 1741754736031
[2025-03-12 13:45:36,510] [INFO] [30036] PREPARE received from 30026 for REQUEST 1741754736031
[2025-03-12 13:45:36,537] [INFO] [30036] COMMIT received from 30026 for REQUEST 1741754736031
[2025-03-12 13:45:36,541] [INFO] [30036] COMMIT received from 30075 for REQUEST 1741754736031
[2025-03-12 13:45:36,546] [INFO] [30036] COMMIT received from 30089 for REQUEST 1741754736031
[2025-03-12 13:45:36,562] [INFO] [30036] COMMIT received from 30067 for REQUEST 1741754736031
[2025-03-12 13:45:36,567] [INFO] [30036] COMMIT received from 30054 for REQUEST 1741754736031
[2025-03-12 13:45:47,391] [INFO] [30036] PRE-PREPARE received: {'request_id': 1741754747345, 'data': 'llapbft_message_1741754747345', 'timestamp': 1741754747.370292, 'leader': 30110, 'cluster_id': 1, 'cluster_ports': [30012, 30014, 30016, 30017, 30022, 30024, 30026, 30027, 30034, 30036, 30040, 30047, 30049, 30054, 30057, 30067, 30072, 30075, 30077, 30078, 30082, 30083, 30089, 30091, 30096, 30100, 30102, 30110, 30114, 30115], 'cluster_manager': {'host': 'localhost', 'port': 30049, 'latitude': 36.626668, 'longitude': 127.4587754, 'altitude': 52, 'offset_m': 'lat: 7 m, lng: 24 m, alt: 52 m'}, 'simulated_delay': 0.00011844444444444444, 'distance': 79.74255248883321, 'message_size_bits': 4264}
[2025-03-12 13:45:47,391] [INFO] [30036] Broadcasting PREPARE: REQUEST 1741754747345
[2025-03-12 13:45:47,409] [INFO] [30036] PREPARE received from 30024 for REQUEST 1741754747345
[2025-03-12 13:45:47,409] [INFO] [30036] Broadcasting COMMIT: REQUEST 1741754747345
[2025-03-12 13:45:47,413] [INFO] [30036] PREPARE received from 30034 for REQUEST 1741754747345
[2025-03-12 13:45:47,415] [INFO] [30036] PREPARE received from 30026 for REQUEST 1741754747345
[2025-03-12 13:45:47,415] [INFO] [30036] PREPARE received from 30072 for REQUEST 1741754747345
[2025-03-12 13:45:47,415] [INFO] [30036] PREPARE received from 30057 for REQUEST 1741754747345
[2025-03-12 13:45:47,415] [INFO] [30036] PREPARE received from 30022 for REQUEST 1741754747345
[2025-03-12 13:45:47,415] [INFO] [30036] PREPARE received from 30089 for REQUEST 1741754747345
[2025-03-12 13:45:47,417] [INFO] [30036] PREPARE received from 30096 for REQUEST 1741754747345
[2025-03-12 13:45:47,417] [INFO] [30036] PREPARE received from 30075 for REQUEST 1741754747345
[2025-03-12 13:45:47,417] [INFO] [30036] PREPARE received from 30017 for REQUEST 1741754747345
[2025-03-12 13:45:47,417] [INFO] [30036] PREPARE received from 30114 for REQUEST 1741754747345
[2025-03-12 13:45:47,417] [INFO] [30036] PREPARE received from 30100 for REQUEST 1741754747345
[2025-03-12 13:45:47,417] [INFO] [30036] PREPARE received from 30040 for REQUEST 1741754747345
[2025-03-12 13:45:47,417] [INFO] [30036] PREPARE received from 30091 for REQUEST 1741754747345
[2025-03-12 13:45:47,417] [INFO] [30036] PREPARE received from 30054 for REQUEST 1741754747345
[2025-03-12 13:45:47,419] [INFO] [30036] PREPARE received from 30014 for REQUEST 1741754747345
[2025-03-12 13:45:47,419] [INFO] [30036] PREPARE received from 30067 for REQUEST 1741754747345
[2025-03-12 13:45:47,421] [INFO] [30036] PREPARE received from 30012 for REQUEST 1741754747345
[2025-03-12 13:45:47,421] [INFO] [30036] PREPARE received from 30047 for REQUEST 1741754747345
[2025-03-12 13:45:47,421] [INFO] [30036] PREPARE received from 30016 for REQUEST 1741754747345
[2025-03-12 13:45:47,433] [INFO] [30036] COMMIT received from 30114 for REQUEST 1741754747345
[2025-03-12 13:45:47,433] [INFO] [30036] COMMIT received from 30014 for REQUEST 1741754747345
[2025-03-12 13:45:47,433] [INFO] [30036] COMMIT complete. Sending PRE-REPLY: REQUEST 1741754747345 directly to Manager 30049
[2025-03-12 13:45:47,435] [INFO] [30036] COMMIT received from 30096 for REQUEST 1741754747345
[2025-03-12 13:45:47,435] [INFO] [30036] COMMIT received from 30017 for REQUEST 1741754747345
[2025-03-12 13:45:47,435] [INFO] [30036] COMMIT received from 30040 for REQUEST 1741754747345
[2025-03-12 13:45:47,435] [INFO] [30036] COMMIT received from 30100 for REQUEST 1741754747345
[2025-03-12 13:45:47,437] [INFO] [30036] COMMIT received from 30075 for REQUEST 1741754747345
[2025-03-12 13:45:47,437] [INFO] [30036] COMMIT received from 30089 for REQUEST 1741754747345
[2025-03-12 13:45:47,437] [INFO] [30036] PREPARE received from 30083 for REQUEST 1741754747345
[2025-03-12 13:45:47,500] [INFO] [30036] COMMIT received from 30067 for REQUEST 1741754747345
[2025-03-12 13:45:47,502] [INFO] [30036] PREPARE received from 30115 for REQUEST 1741754747345
[2025-03-12 13:45:47,502] [INFO] [30036] PREPARE received from 30078 for REQUEST 1741754747345
[2025-03-12 13:45:47,502] [INFO] [30036] PREPARE received from 30027 for REQUEST 1741754747345
[2025-03-12 13:45:47,504] [INFO] [30036] COMMIT received from 30016 for REQUEST 1741754747345
[2025-03-12 13:45:47,504] [INFO] [30036] PREPARE received from 30082 for REQUEST 1741754747345
[2025-03-12 13:45:47,504] [INFO] [30036] COMMIT received from 30082 for REQUEST 1741754747345
[2025-03-12 13:45:47,504] [INFO] [30036] COMMIT received from 30083 for REQUEST 1741754747345
[2025-03-12 13:45:47,506] [INFO] [30036] COMMIT received from 30024 for REQUEST 1741754747345
[2025-03-12 13:45:47,540] [INFO] [30036] COMMIT received from 30110 for REQUEST 1741754747345
[2025-03-12 13:45:47,547] [INFO] [30036] COMMIT received from 30072 for REQUEST 1741754747345
[2025-03-12 13:45:47,551] [INFO] [30036] COMMIT received from 30022 for REQUEST 1741754747345
[2025-03-12 13:45:47,555] [INFO] [30036] PREPARE received from 30102 for REQUEST 1741754747345
[2025-03-12 13:45:47,587] [INFO] [30036] COMMIT received from 30057 for REQUEST 1741754747345
[2025-03-12 13:45:47,599] [INFO] [30036] COMMIT received from 30054 for REQUEST 1741754747345
[2025-03-12 13:45:47,603] [INFO] [30036] COMMIT received from 30027 for REQUEST 1741754747345
[2025-03-12 13:45:47,605] [INFO] [30036] COMMIT received from 30026 for REQUEST 1741754747345
[2025-03-12 13:45:47,628] [INFO] [30036] COMMIT received from 30102 for REQUEST 1741754747345
[2025-03-12 13:45:47,667] [INFO] [30036] COMMIT received from 30091 for REQUEST 1741754747345
[2025-03-12 13:45:47,686] [INFO] [30036] PREPARE received from 30077 for REQUEST 1741754747345
[2025-03-12 13:45:47,719] [INFO] [30036] COMMIT received from 30077 for REQUEST 1741754747345
[2025-03-12 13:45:47,770] [INFO] [30036] COMMIT received from 30012 for REQUEST 1741754747345
[2025-03-12 13:45:47,774] [INFO] [30036] COMMIT received from 30078 for REQUEST 1741754747345
[2025-03-12 13:45:47,777] [INFO] [30036] COMMIT received from 30115 for REQUEST 1741754747345
[2025-03-12 13:45:47,811] [INFO] [30036] COMMIT received from 30034 for REQUEST 1741754747345
[2025-03-12 13:45:47,870] [INFO] [30036] COMMIT received from 30047 for REQUEST 1741754747345
[2025-03-12 13:45:59,135] [INFO] [30036] PRE-PREPARE received: {'request_id': 1741754759008, 'data': 'llapbft_message_1741754759008', 'timestamp': 1741754759.0302613, 'leader': 30110, 'cluster_id': 1, 'cluster_ports': [30012, 30014, 30016, 30017, 30022, 30024, 30026, 30027, 30034, 30036, 30040, 30047, 30049, 30054, 30057, 30067, 30072, 30075, 30077, 30078, 30082, 30083, 30089, 30091, 30096, 30100, 30102, 30110, 30114, 30115], 'cluster_manager': {'host': 'localhost', 'port': 30049, 'latitude': 36.626668, 'longitude': 127.4587754, 'altitude': 52, 'offset_m': 'lat: 7 m, lng: 24 m, alt: 52 m'}, 'simulated_delay': 0.00011866666666666667, 'distance': 79.74255248883321, 'message_size_bits': 4272}
[2025-03-12 13:45:59,135] [INFO] [30036] Broadcasting PREPARE: REQUEST 1741754759008
[2025-03-12 13:45:59,142] [INFO] [30036] PREPARE received from 30012 for REQUEST 1741754759008
[2025-03-12 13:45:59,142] [INFO] [30036] Broadcasting COMMIT: REQUEST 1741754759008
[2025-03-12 13:45:59,142] [INFO] [30036] PREPARE received from 30115 for REQUEST 1741754759008
[2025-03-12 13:45:59,142] [INFO] [30036] PREPARE received from 30024 for REQUEST 1741754759008
[2025-03-12 13:45:59,142] [INFO] [30036] PREPARE received from 30082 for REQUEST 1741754759008
[2025-03-12 13:45:59,144] [INFO] [30036] PREPARE received from 30077 for REQUEST 1741754759008
[2025-03-12 13:45:59,144] [INFO] [30036] PREPARE received from 30096 for REQUEST 1741754759008
[2025-03-12 13:45:59,144] [INFO] [30036] PREPARE received from 30016 for REQUEST 1741754759008
[2025-03-12 13:45:59,144] [INFO] [30036] PREPARE received from 30083 for REQUEST 1741754759008
[2025-03-12 13:45:59,151] [INFO] [30036] PREPARE received from 30040 for REQUEST 1741754759008
[2025-03-12 13:45:59,162] [INFO] [30036] PREPARE received from 30091 for REQUEST 1741754759008
[2025-03-12 13:45:59,162] [INFO] [30036] PREPARE received from 30078 for REQUEST 1741754759008
[2025-03-12 13:45:59,168] [INFO] [30036] PREPARE received from 30017 for REQUEST 1741754759008
[2025-03-12 13:45:59,170] [INFO] [30036] PREPARE received from 30057 for REQUEST 1741754759008
[2025-03-12 13:45:59,170] [INFO] [30036] COMMIT received from 30078 for REQUEST 1741754759008
[2025-03-12 13:45:59,170] [INFO] [30036] PREPARE received from 30014 for REQUEST 1741754759008
[2025-03-12 13:45:59,332] [INFO] [30036] PREPARE received from 30114 for REQUEST 1741754759008
[2025-03-12 13:45:59,333] [INFO] [30036] PREPARE received from 30100 for REQUEST 1741754759008
[2025-03-12 13:45:59,335] [INFO] [30036] COMMIT received from 30014 for REQUEST 1741754759008
[2025-03-12 13:45:59,335] [INFO] [30036] COMMIT complete. Sending PRE-REPLY: REQUEST 1741754759008 directly to Manager 30049
[2025-03-12 13:45:59,335] [INFO] [30036] PREPARE received from 30047 for REQUEST 1741754759008
[2025-03-12 13:45:59,337] [INFO] [30036] PREPARE received from 30027 for REQUEST 1741754759008
[2025-03-12 13:45:59,338] [INFO] [30036] PREPARE received from 30034 for REQUEST 1741754759008
[2025-03-12 13:45:59,339] [INFO] [30036] PREPARE received from 30089 for REQUEST 1741754759008
[2025-03-12 13:45:59,339] [INFO] [30036] COMMIT received from 30115 for REQUEST 1741754759008
[2025-03-12 13:45:59,434] [INFO] [30036] PREPARE received from 30022 for REQUEST 1741754759008
[2025-03-12 13:45:59,435] [INFO] [30036] COMMIT received from 30016 for REQUEST 1741754759008
[2025-03-12 13:45:59,437] [INFO] [30036] COMMIT received from 30024 for REQUEST 1741754759008
[2025-03-12 13:45:59,438] [INFO] [30036] PREPARE received from 30067 for REQUEST 1741754759008
[2025-03-12 13:45:59,438] [INFO] [30036] PREPARE received from 30075 for REQUEST 1741754759008
[2025-03-12 13:45:59,441] [INFO] [30036] PREPARE received from 30054 for REQUEST 1741754759008
[2025-03-12 13:45:59,443] [INFO] [30036] PREPARE received from 30026 for REQUEST 1741754759008
[2025-03-12 13:45:59,443] [INFO] [30036] PREPARE received from 30102 for REQUEST 1741754759008
[2025-03-12 13:45:59,453] [INFO] [30036] PREPARE received from 30072 for REQUEST 1741754759008
[2025-03-12 13:45:59,454] [INFO] [30036] COMMIT received from 30027 for REQUEST 1741754759008
[2025-03-12 13:45:59,454] [INFO] [30036] COMMIT received from 30047 for REQUEST 1741754759008
[2025-03-12 13:45:59,456] [INFO] [30036] COMMIT received from 30110 for REQUEST 1741754759008
[2025-03-12 13:45:59,459] [INFO] [30036] COMMIT received from 30075 for REQUEST 1741754759008
[2025-03-12 13:45:59,459] [INFO] [30036] COMMIT received from 30089 for REQUEST 1741754759008
[2025-03-12 13:45:59,462] [INFO] [30036] COMMIT received from 30057 for REQUEST 1741754759008
[2025-03-12 13:45:59,466] [INFO] [30036] COMMIT received from 30077 for REQUEST 1741754759008
[2025-03-12 13:45:59,478] [INFO] [30036] COMMIT received from 30067 for REQUEST 1741754759008
[2025-03-12 13:45:59,497] [INFO] [30036] COMMIT received from 30040 for REQUEST 1741754759008
[2025-03-12 13:45:59,508] [INFO] [30036] COMMIT received from 30083 for REQUEST 1741754759008
[2025-03-12 13:45:59,508] [INFO] [30036] COMMIT received from 30034 for REQUEST 1741754759008
[2025-03-12 13:45:59,514] [INFO] [30036] COMMIT received from 30082 for REQUEST 1741754759008
[2025-03-12 13:45:59,519] [INFO] [30036] COMMIT received from 30091 for REQUEST 1741754759008
[2025-03-12 13:45:59,522] [INFO] [30036] COMMIT received from 30017 for REQUEST 1741754759008
[2025-03-12 13:45:59,526] [INFO] [30036] COMMIT received from 30100 for REQUEST 1741754759008
[2025-03-12 13:45:59,543] [INFO] [30036] COMMIT received from 30102 for REQUEST 1741754759008
[2025-03-12 13:45:59,553] [INFO] [30036] COMMIT received from 30096 for REQUEST 1741754759008
[2025-03-12 13:45:59,554] [INFO] [30036] COMMIT received from 30114 for REQUEST 1741754759008
[2025-03-12 13:45:59,576] [INFO] [30036] COMMIT received from 30012 for REQUEST 1741754759008
[2025-03-12 13:45:59,587] [INFO] [30036] COMMIT received from 30054 for REQUEST 1741754759008
[2025-03-12 13:45:59,589] [INFO] [30036] COMMIT received from 30026 for REQUEST 1741754759008
[2025-03-12 13:45:59,591] [INFO] [30036] COMMIT received from 30022 for REQUEST 1741754759008
[2025-03-12 13:45:59,593] [INFO] [30036] COMMIT received from 30072 for REQUEST 1741754759008
[2025-03-12 13:46:11,361] [INFO] [30036] PRE-PREPARE received: {'request_id': 1741754771266, 'data': 'llapbft_message_1741754771266', 'timestamp': 1741754771.2983816, 'leader': 30110, 'cluster_id': 1, 'cluster_ports': [30012, 30014, 30016, 30017, 30022, 30024, 30026, 30027, 30034, 30036, 30040, 30047, 30049, 30054, 30057, 30067, 30072, 30075, 30077, 30078, 30082, 30083, 30089, 30091, 30096, 30100, 30102, 30110, 30114, 30115], 'cluster_manager': {'host': 'localhost', 'port': 30049, 'latitude': 36.626668, 'longitude': 127.4587754, 'altitude': 52, 'offset_m': 'lat: 7 m, lng: 24 m, alt: 52 m'}, 'simulated_delay': 0.00011866666666666667, 'distance': 79.74255248883321, 'message_size_bits': 4272}
[2025-03-12 13:46:11,361] [INFO] [30036] Broadcasting PREPARE: REQUEST 1741754771266
[2025-03-12 13:46:11,367] [INFO] [30036] PREPARE received from 30083 for REQUEST 1741754771266
[2025-03-12 13:46:11,367] [INFO] [30036] Broadcasting COMMIT: REQUEST 1741754771266
[2025-03-12 13:46:11,373] [INFO] [30036] PREPARE received from 30024 for REQUEST 1741754771266
[2025-03-12 13:46:11,381] [INFO] [30036] PREPARE received from 30100 for REQUEST 1741754771266
[2025-03-12 13:46:11,394] [INFO] [30036] PREPARE received from 30102 for REQUEST 1741754771266
[2025-03-12 13:46:11,394] [INFO] [30036] PREPARE received from 30040 for REQUEST 1741754771266
[2025-03-12 13:46:11,394] [INFO] [30036] PREPARE received from 30027 for REQUEST 1741754771266
[2025-03-12 13:46:11,394] [INFO] [30036] COMMIT received from 30024 for REQUEST 1741754771266
[2025-03-12 13:46:11,394] [INFO] [30036] PREPARE received from 30114 for REQUEST 1741754771266
[2025-03-12 13:46:11,396] [INFO] [30036] PREPARE received from 30067 for REQUEST 1741754771266
[2025-03-12 13:46:11,396] [INFO] [30036] PREPARE received from 30017 for REQUEST 1741754771266
[2025-03-12 13:46:11,396] [INFO] [30036] PREPARE received from 30057 for REQUEST 1741754771266
[2025-03-12 13:46:11,396] [INFO] [30036] COMMIT received from 30027 for REQUEST 1741754771266
[2025-03-12 13:46:11,396] [INFO] [30036] COMMIT complete. Sending PRE-REPLY: REQUEST 1741754771266 directly to Manager 30049
[2025-03-12 13:46:11,396] [INFO] [30036] PREPARE received from 30096 for REQUEST 1741754771266
[2025-03-12 13:46:11,396] [INFO] [30036] PREPARE received from 30026 for REQUEST 1741754771266
[2025-03-12 13:46:11,398] [INFO] [30036] PREPARE received from 30054 for REQUEST 1741754771266
[2025-03-12 13:46:11,398] [INFO] [30036] PREPARE received from 30022 for REQUEST 1741754771266
[2025-03-12 13:46:11,400] [INFO] [30036] PREPARE received from 30075 for REQUEST 1741754771266
[2025-03-12 13:46:11,539] [INFO] [30036] PREPARE received from 30115 for REQUEST 1741754771266
[2025-03-12 13:46:11,541] [INFO] [30036] COMMIT received from 30026 for REQUEST 1741754771266
[2025-03-12 13:46:11,541] [INFO] [30036] COMMIT received from 30102 for REQUEST 1741754771266
[2025-03-12 13:46:11,541] [INFO] [30036] COMMIT received from 30022 for REQUEST 1741754771266
[2025-03-12 13:46:11,543] [INFO] [30036] COMMIT received from 30096 for REQUEST 1741754771266
[2025-03-12 13:46:11,543] [INFO] [30036] COMMIT received from 30114 for REQUEST 1741754771266
[2025-03-12 13:46:11,544] [INFO] [30036] PREPARE received from 30077 for REQUEST 1741754771266
[2025-03-12 13:46:11,544] [INFO] [30036] COMMIT received from 30040 for REQUEST 1741754771266
[2025-03-12 13:46:11,544] [INFO] [30036] COMMIT received from 30054 for REQUEST 1741754771266
[2025-03-12 13:46:11,545] [INFO] [30036] COMMIT received from 30115 for REQUEST 1741754771266
[2025-03-12 13:46:11,545] [INFO] [30036] COMMIT received from 30057 for REQUEST 1741754771266
[2025-03-12 13:46:11,545] [INFO] [30036] COMMIT received from 30077 for REQUEST 1741754771266
[2025-03-12 13:46:11,545] [INFO] [30036] COMMIT received from 30017 for REQUEST 1741754771266
[2025-03-12 13:46:11,545] [INFO] [30036] COMMIT received from 30067 for REQUEST 1741754771266
[2025-03-12 13:46:11,548] [INFO] [30036] COMMIT received from 30075 for REQUEST 1741754771266
[2025-03-12 13:46:11,548] [INFO] [30036] PREPARE received from 30012 for REQUEST 1741754771266
[2025-03-12 13:46:11,550] [INFO] [30036] PREPARE received from 30078 for REQUEST 1741754771266
[2025-03-12 13:46:11,552] [INFO] [30036] PREPARE received from 30091 for REQUEST 1741754771266
[2025-03-12 13:46:11,552] [INFO] [30036] PREPARE received from 30014 for REQUEST 1741754771266
[2025-03-12 13:46:11,552] [INFO] [30036] PREPARE received from 30047 for REQUEST 1741754771266
[2025-03-12 13:46:11,554] [INFO] [30036] COMMIT received from 30047 for REQUEST 1741754771266
[2025-03-12 13:46:11,554] [INFO] [30036] PREPARE received from 30016 for REQUEST 1741754771266
[2025-03-12 13:46:11,554] [INFO] [30036] COMMIT received from 30091 for REQUEST 1741754771266
[2025-03-12 13:46:11,554] [INFO] [30036] COMMIT received from 30078 for REQUEST 1741754771266
[2025-03-12 13:46:11,554] [INFO] [30036] PREPARE received from 30072 for REQUEST 1741754771266
[2025-03-12 13:46:11,554] [INFO] [30036] COMMIT received from 30034 for REQUEST 1741754771266
[2025-03-12 13:46:11,554] [INFO] [30036] COMMIT received from 30012 for REQUEST 1741754771266
[2025-03-12 13:46:11,554] [INFO] [30036] COMMIT received from 30072 for REQUEST 1741754771266
[2025-03-12 13:46:11,554] [INFO] [30036] PREPARE received from 30089 for REQUEST 1741754771266
[2025-03-12 13:46:11,556] [INFO] [30036] PREPARE received from 30034 for REQUEST 1741754771266
[2025-03-12 13:46:11,556] [INFO] [30036] PREPARE received from 30082 for REQUEST 1741754771266
[2025-03-12 13:46:11,556] [INFO] [30036] COMMIT received from 30089 for REQUEST 1741754771266
[2025-03-12 13:46:11,556] [INFO] [30036] COMMIT received from 30014 for REQUEST 1741754771266
[2025-03-12 13:46:11,556] [INFO] [30036] COMMIT received from 30083 for REQUEST 1741754771266
[2025-03-12 13:46:11,556] [INFO] [30036] COMMIT received from 30100 for REQUEST 1741754771266
[2025-03-12 13:46:11,572] [INFO] [30036] COMMIT received from 30110 for REQUEST 1741754771266
[2025-03-12 13:46:11,587] [INFO] [30036] COMMIT received from 30082 for REQUEST 1741754771266
[2025-03-12 13:46:11,682] [INFO] [30036] COMMIT received from 30016 for REQUEST 1741754771266
[2025-03-12 14:44:18,240] [INFO] [30036] PRE-PREPARE received: {'request_id': 1741758258160, 'data': 'llapbft_message_1741758258160', 'timestamp': 1741758258.1917994, 'leader': 30110, 'cluster_id': 1, 'cluster_ports': [30012, 30014, 30016, 30017, 30022, 30024, 30026, 30027, 30034, 30036, 30040, 30047, 30049, 30054, 30057, 30067, 30072, 30075, 30077, 30078, 30082, 30083, 30089, 30091, 30096, 30100, 30102, 30110, 30114, 30115], 'cluster_manager': {'host': 'localhost', 'port': 30049, 'latitude': 36.626668, 'longitude': 127.4587754, 'altitude': 52, 'offset_m': 'lat: 7 m, lng: 24 m, alt: 52 m'}, 'simulated_delay': 0.00011866666666666667, 'distance': 79.74255248883321, 'message_size_bits': 4272}
[2025-03-12 14:44:18,240] [INFO] [30036] Broadcasting PREPARE: REQUEST 1741758258160
[2025-03-12 14:44:18,363] [INFO] [30036] PREPARE received from 30024 for REQUEST 1741758258160
[2025-03-12 14:44:18,364] [INFO] [30036] Broadcasting COMMIT: REQUEST 1741758258160
[2025-03-12 14:44:18,382] [INFO] [30036] PREPARE received from 30082 for REQUEST 1741758258160
[2025-03-12 14:44:18,697] [INFO] [30036] PREPARE received from 30040 for REQUEST 1741758258160
[2025-03-12 14:44:18,697] [INFO] [30036] PREPARE received from 30078 for REQUEST 1741758258160
[2025-03-12 14:44:18,697] [INFO] [30036] PREPARE received from 30100 for REQUEST 1741758258160
[2025-03-12 14:44:18,697] [INFO] [30036] PREPARE received from 30091 for REQUEST 1741758258160
[2025-03-12 14:44:18,729] [INFO] [30036] COMMIT received from 30024 for REQUEST 1741758258160
[2025-03-12 14:44:18,776] [INFO] [30036] PREPARE received from 30075 for REQUEST 1741758258160
[2025-03-12 14:44:18,776] [INFO] [30036] COMMIT received from 30091 for REQUEST 1741758258160
[2025-03-12 14:44:18,780] [INFO] [30036] COMMIT complete. Sending PRE-REPLY: REQUEST 1741758258160 directly to Manager 30049
[2025-03-12 14:44:18,780] [INFO] [30036] PREPARE received from 30077 for REQUEST 1741758258160
[2025-03-12 14:44:18,780] [INFO] [30036] PREPARE received from 30102 for REQUEST 1741758258160
[2025-03-12 14:44:18,780] [INFO] [30036] COMMIT received from 30078 for REQUEST 1741758258160
[2025-03-12 14:44:18,780] [INFO] [30036] COMMIT received from 30082 for REQUEST 1741758258160
[2025-03-12 14:44:18,782] [INFO] [30036] COMMIT received from 30100 for REQUEST 1741758258160
[2025-03-12 14:44:18,782] [INFO] [30036] PREPARE received from 30096 for REQUEST 1741758258160
[2025-03-12 14:44:18,782] [INFO] [30036] COMMIT received from 30114 for REQUEST 1741758258160
[2025-03-12 14:44:18,782] [INFO] [30036] COMMIT received from 30102 for REQUEST 1741758258160
[2025-03-12 14:44:18,782] [INFO] [30036] COMMIT received from 30075 for REQUEST 1741758258160
[2025-03-12 14:44:18,784] [INFO] [30036] COMMIT received from 30077 for REQUEST 1741758258160
[2025-03-12 14:44:18,860] [INFO] [30036] PREPARE received from 30114 for REQUEST 1741758258160
[2025-03-12 14:44:18,874] [INFO] [30036] PREPARE received from 30022 for REQUEST 1741758258160
[2025-03-12 14:44:18,874] [INFO] [30036] COMMIT received from 30096 for REQUEST 1741758258160
[2025-03-12 14:44:18,874] [INFO] [30036] COMMIT received from 30040 for REQUEST 1741758258160
[2025-03-12 14:44:18,969] [INFO] [30036] COMMIT received from 30022 for REQUEST 1741758258160
[2025-03-12 14:44:19,013] [INFO] [30036] PREPARE received from 30017 for REQUEST 1741758258160
[2025-03-12 14:44:19,083] [INFO] [30036] COMMIT received from 30072 for REQUEST 1741758258160
[2025-03-12 14:44:19,083] [INFO] [30036] COMMIT received from 30047 for REQUEST 1741758258160
[2025-03-12 14:44:19,083] [INFO] [30036] COMMIT received from 30027 for REQUEST 1741758258160
[2025-03-12 14:44:19,085] [INFO] [30036] PREPARE received from 30027 for REQUEST 1741758258160
[2025-03-12 14:44:19,085] [INFO] [30036] PREPARE received from 30072 for REQUEST 1741758258160
[2025-03-12 14:44:19,085] [INFO] [30036] PREPARE received from 30047 for REQUEST 1741758258160
[2025-03-12 14:44:19,144] [INFO] [30036] PREPARE received from 30012 for REQUEST 1741758258160
[2025-03-12 14:44:19,144] [INFO] [30036] PREPARE received from 30034 for REQUEST 1741758258160
[2025-03-12 14:44:19,144] [INFO] [30036] COMMIT received from 30012 for REQUEST 1741758258160
[2025-03-12 14:44:19,144] [INFO] [30036] COMMIT received from 30034 for REQUEST 1741758258160
[2025-03-12 14:44:19,144] [INFO] [30036] PREPARE received from 30054 for REQUEST 1741758258160
[2025-03-12 14:44:19,144] [INFO] [30036] COMMIT received from 30054 for REQUEST 1741758258160
[2025-03-12 14:44:19,144] [INFO] [30036] PREPARE received from 30014 for REQUEST 1741758258160
[2025-03-12 14:44:19,181] [INFO] [30036] PREPARE received from 30089 for REQUEST 1741758258160
[2025-03-12 14:44:19,181] [INFO] [30036] COMMIT received from 30089 for REQUEST 1741758258160
[2025-03-12 14:44:19,229] [INFO] [30036] PREPARE received from 30057 for REQUEST 1741758258160
[2025-03-12 14:44:19,229] [INFO] [30036] COMMIT received from 30014 for REQUEST 1741758258160
[2025-03-12 14:44:19,229] [INFO] [30036] PREPARE received from 30083 for REQUEST 1741758258160
[2025-03-12 14:44:19,251] [INFO] [30036] COMMIT received from 30083 for REQUEST 1741758258160
[2025-03-12 14:44:19,251] [INFO] [30036] COMMIT received from 30057 for REQUEST 1741758258160
[2025-03-12 14:44:19,251] [INFO] [30036] COMMIT received from 30110 for REQUEST 1741758258160
[2025-03-12 14:44:19,290] [INFO] [30036] COMMIT received from 30016 for REQUEST 1741758258160
[2025-03-12 14:44:19,290] [INFO] [30036] PREPARE received from 30016 for REQUEST 1741758258160
[2025-03-12 14:44:19,292] [INFO] [30036] COMMIT received from 30017 for REQUEST 1741758258160
[2025-03-12 14:44:19,310] [INFO] [30036] PREPARE received from 30067 for REQUEST 1741758258160
[2025-03-12 14:44:19,310] [INFO] [30036] PREPARE received from 30026 for REQUEST 1741758258160
[2025-03-12 14:44:19,310] [INFO] [30036] COMMIT received from 30067 for REQUEST 1741758258160
[2025-03-12 14:44:19,323] [INFO] [30036] PREPARE received from 30115 for REQUEST 1741758258160
[2025-03-12 14:44:19,323] [INFO] [30036] COMMIT received from 30026 for REQUEST 1741758258160
[2025-03-12 14:44:19,323] [INFO] [30036] COMMIT received from 30115 for REQUEST 1741758258160
[2025-03-12 15:55:40,248] [INFO] Node started: localhost:30036 | index=37 | f=1, k=4
[2025-03-12 15:55:41,218] [INFO] [30036] PRE-PREPARE received: {'request_id': 1741762541162, 'data': 'llapbft_message_1741762541162', 'timestamp': 1741762541.2006335, 'leader': 30021, 'cluster_id': 0, 'cluster_ports': [30006, 30012, 30013, 30017, 30019, 30021, 30022, 30024, 30026, 30029, 30030, 30034, 30036, 30039], 'cluster_manager': {'host': 'localhost', 'port': 30012, 'latitude': 36.6267561, 'longitude': 127.4586693, 'altitude': 158, 'offset_m': 'lat: 17 m, lng: 15 m, alt: 158 m'}, 'simulated_delay': 9.466666666666667e-05, 'distance': 80.81539736414658, 'message_size_bits': 3408}
[2025-03-12 15:55:41,218] [INFO] [30036] Broadcasting PREPARE: REQUEST 1741762541162
[2025-03-12 15:55:41,234] [INFO] [30036] PREPARE received from 30022 for REQUEST 1741762541162
[2025-03-12 15:55:41,234] [INFO] [30036] Broadcasting COMMIT: REQUEST 1741762541162
[2025-03-12 15:55:41,258] [INFO] [30036] PREPARE received from 30019 for REQUEST 1741762541162
[2025-03-12 15:55:41,258] [INFO] [30036] PREPARE received from 30039 for REQUEST 1741762541162
[2025-03-12 15:55:41,258] [INFO] [30036] PREPARE received from 30017 for REQUEST 1741762541162
[2025-03-12 15:55:41,258] [INFO] [30036] PREPARE received from 30029 for REQUEST 1741762541162
[2025-03-12 15:55:41,264] [INFO] [30036] COMMIT received from 30019 for REQUEST 1741762541162
[2025-03-12 15:55:41,264] [INFO] [30036] COMMIT received from 30029 for REQUEST 1741762541162
[2025-03-12 15:55:41,264] [INFO] [30036] COMMIT complete. Sending PRE-REPLY: REQUEST 1741762541162 directly to Manager 30012
[2025-03-12 15:55:41,280] [INFO] [30036] COMMIT received from 30039 for REQUEST 1741762541162
[2025-03-12 15:55:41,285] [INFO] [30036] COMMIT received from 30021 for REQUEST 1741762541162
[2025-03-12 15:55:41,285] [INFO] [30036] PREPARE received from 30030 for REQUEST 1741762541162
[2025-03-12 15:55:41,285] [INFO] [30036] COMMIT received from 30022 for REQUEST 1741762541162
[2025-03-12 15:55:41,296] [INFO] [30036] PREPARE received from 30006 for REQUEST 1741762541162
[2025-03-12 15:55:41,296] [INFO] [30036] COMMIT received from 30030 for REQUEST 1741762541162
[2025-03-12 15:55:41,296] [INFO] [30036] COMMIT received from 30017 for REQUEST 1741762541162
[2025-03-12 15:55:41,296] [INFO] [30036] PREPARE received from 30024 for REQUEST 1741762541162
[2025-03-12 15:55:41,296] [INFO] [30036] COMMIT received from 30006 for REQUEST 1741762541162
[2025-03-12 15:55:41,310] [INFO] [30036] PREPARE received from 30034 for REQUEST 1741762541162
[2025-03-12 15:55:41,310] [INFO] [30036] COMMIT received from 30034 for REQUEST 1741762541162
[2025-03-12 15:55:41,314] [INFO] [30036] PREPARE received from 30013 for REQUEST 1741762541162
[2025-03-12 15:55:41,314] [INFO] [30036] COMMIT received from 30024 for REQUEST 1741762541162
[2025-03-12 15:55:41,316] [INFO] [30036] COMMIT received from 30013 for REQUEST 1741762541162
[2025-03-12 15:55:41,316] [INFO] [30036] PREPARE received from 30026 for REQUEST 1741762541162
[2025-03-12 15:55:41,320] [INFO] [30036] COMMIT received from 30026 for REQUEST 1741762541162
[2025-03-12 15:55:48,194] [INFO] [30036] PRE-PREPARE received: {'request_id': 1741762548144, 'data': 'llapbft_message_1741762548144', 'timestamp': 1741762548.176454, 'leader': 30021, 'cluster_id': 0, 'cluster_ports': [30006, 30012, 30013, 30017, 30019, 30021, 30022, 30024, 30026, 30029, 30030, 30034, 30036, 30039], 'cluster_manager': {'host': 'localhost', 'port': 30012, 'latitude': 36.6267561, 'longitude': 127.4586693, 'altitude': 158, 'offset_m': 'lat: 17 m, lng: 15 m, alt: 158 m'}, 'simulated_delay': 9.444444444444444e-05, 'distance': 80.81539736414658, 'message_size_bits': 3400}
[2025-03-12 15:55:48,194] [INFO] [30036] Broadcasting PREPARE: REQUEST 1741762548144
[2025-03-12 15:55:48,213] [INFO] [30036] PREPARE received from 30022 for REQUEST 1741762548144
[2025-03-12 15:55:48,213] [INFO] [30036] Broadcasting COMMIT: REQUEST 1741762548144
[2025-03-12 15:55:48,217] [INFO] [30036] PREPARE received from 30017 for REQUEST 1741762548144
[2025-03-12 15:55:48,217] [INFO] [30036] PREPARE received from 30006 for REQUEST 1741762548144
[2025-03-12 15:55:48,217] [INFO] [30036] PREPARE received from 30024 for REQUEST 1741762548144
[2025-03-12 15:55:48,217] [INFO] [30036] PREPARE received from 30030 for REQUEST 1741762548144
[2025-03-12 15:55:48,217] [INFO] [30036] PREPARE received from 30013 for REQUEST 1741762548144
[2025-03-12 15:55:48,217] [INFO] [30036] PREPARE received from 30026 for REQUEST 1741762548144
[2025-03-12 15:55:48,219] [INFO] [30036] PREPARE received from 30019 for REQUEST 1741762548144
[2025-03-12 15:55:48,219] [INFO] [30036] PREPARE received from 30034 for REQUEST 1741762548144
[2025-03-12 15:55:48,219] [INFO] [30036] PREPARE received from 30029 for REQUEST 1741762548144
[2025-03-12 15:55:48,219] [INFO] [30036] PREPARE received from 30039 for REQUEST 1741762548144
[2025-03-12 15:55:48,228] [INFO] [30036] COMMIT received from 30013 for REQUEST 1741762548144
[2025-03-12 15:55:48,228] [INFO] [30036] COMMIT received from 30021 for REQUEST 1741762548144
[2025-03-12 15:55:48,228] [INFO] [30036] COMMIT complete. Sending PRE-REPLY: REQUEST 1741762548144 directly to Manager 30012
[2025-03-12 15:55:48,228] [INFO] [30036] COMMIT received from 30017 for REQUEST 1741762548144
[2025-03-12 15:55:48,228] [INFO] [30036] COMMIT received from 30006 for REQUEST 1741762548144
[2025-03-12 15:55:48,228] [INFO] [30036] COMMIT received from 30022 for REQUEST 1741762548144
[2025-03-12 15:55:48,230] [INFO] [30036] COMMIT received from 30024 for REQUEST 1741762548144
[2025-03-12 15:55:48,230] [INFO] [30036] COMMIT received from 30030 for REQUEST 1741762548144
[2025-03-12 15:55:48,230] [INFO] [30036] COMMIT received from 30039 for REQUEST 1741762548144
[2025-03-12 15:55:48,230] [INFO] [30036] COMMIT received from 30034 for REQUEST 1741762548144
[2025-03-12 15:55:48,230] [INFO] [30036] COMMIT received from 30029 for REQUEST 1741762548144
[2025-03-12 15:55:48,230] [INFO] [30036] COMMIT received from 30026 for REQUEST 1741762548144
[2025-03-12 15:55:48,230] [INFO] [30036] COMMIT received from 30019 for REQUEST 1741762548144
[2025-03-12 15:55:49,798] [INFO] [30036] PRE-PREPARE received: {'request_id': 1741762549751, 'data': 'llapbft_message_1741762549751', 'timestamp': 1741762549.7831283, 'leader': 30021, 'cluster_id': 0, 'cluster_ports': [30006, 30012, 30013, 30017, 30019, 30021, 30022, 30024, 30026, 30029, 30030, 30034, 30036, 30039], 'cluster_manager': {'host': 'localhost', 'port': 30012, 'latitude': 36.6267561, 'longitude': 127.4586693, 'altitude': 158, 'offset_m': 'lat: 17 m, lng: 15 m, alt: 158 m'}, 'simulated_delay': 9.466666666666667e-05, 'distance': 80.81539736414658, 'message_size_bits': 3408}
[2025-03-12 15:55:49,798] [INFO] [30036] Broadcasting PREPARE: REQUEST 1741762549751
[2025-03-12 15:55:49,808] [INFO] [30036] PREPARE received from 30039 for REQUEST 1741762549751
[2025-03-12 15:55:49,808] [INFO] [30036] Broadcasting COMMIT: REQUEST 1741762549751
[2025-03-12 15:55:49,808] [INFO] [30036] PREPARE received from 30013 for REQUEST 1741762549751
[2025-03-12 15:55:49,808] [INFO] [30036] PREPARE received from 30022 for REQUEST 1741762549751
[2025-03-12 15:55:49,810] [INFO] [30036] PREPARE received from 30017 for REQUEST 1741762549751
[2025-03-12 15:55:49,810] [INFO] [30036] PREPARE received from 30029 for REQUEST 1741762549751
[2025-03-12 15:55:49,812] [INFO] [30036] PREPARE received from 30006 for REQUEST 1741762549751
[2025-03-12 15:55:49,813] [INFO] [30036] PREPARE received from 30030 for REQUEST 1741762549751
[2025-03-12 15:55:49,813] [INFO] [30036] PREPARE received from 30034 for REQUEST 1741762549751
[2025-03-12 15:55:49,813] [INFO] [30036] PREPARE received from 30019 for REQUEST 1741762549751
[2025-03-12 15:55:49,814] [INFO] [30036] PREPARE received from 30026 for REQUEST 1741762549751
[2025-03-12 15:55:49,814] [INFO] [30036] PREPARE received from 30024 for REQUEST 1741762549751
[2025-03-12 15:55:49,829] [INFO] [30036] COMMIT received from 30013 for REQUEST 1741762549751
[2025-03-12 15:55:49,829] [INFO] [30036] COMMIT received from 30022 for REQUEST 1741762549751
[2025-03-12 15:55:49,829] [INFO] [30036] COMMIT complete. Sending PRE-REPLY: REQUEST 1741762549751 directly to Manager 30012
[2025-03-12 15:55:49,830] [INFO] [30036] COMMIT received from 30034 for REQUEST 1741762549751
[2025-03-12 15:55:49,830] [INFO] [30036] COMMIT received from 30021 for REQUEST 1741762549751
[2025-03-12 15:55:49,830] [INFO] [30036] COMMIT received from 30017 for REQUEST 1741762549751
[2025-03-12 15:55:49,831] [INFO] [30036] COMMIT received from 30006 for REQUEST 1741762549751
[2025-03-12 15:55:49,831] [INFO] [30036] COMMIT received from 30026 for REQUEST 1741762549751
[2025-03-12 15:55:49,831] [INFO] [30036] COMMIT received from 30024 for REQUEST 1741762549751
[2025-03-12 15:55:49,831] [INFO] [30036] COMMIT received from 30019 for REQUEST 1741762549751
[2025-03-12 15:55:49,831] [INFO] [30036] COMMIT received from 30030 for REQUEST 1741762549751
[2025-03-12 15:55:49,833] [INFO] [30036] COMMIT received from 30029 for REQUEST 1741762549751
[2025-03-12 15:55:49,835] [INFO] [30036] COMMIT received from 30039 for REQUEST 1741762549751
[2025-03-12 15:55:50,923] [INFO] [30036] PRE-PREPARE received: {'request_id': 1741762550875, 'data': 'llapbft_message_1741762550875', 'timestamp': 1741762550.9073527, 'leader': 30021, 'cluster_id': 0, 'cluster_ports': [30006, 30012, 30013, 30017, 30019, 30021, 30022, 30024, 30026, 30029, 30030, 30034, 30036, 30039], 'cluster_manager': {'host': 'localhost', 'port': 30012, 'latitude': 36.6267561, 'longitude': 127.4586693, 'altitude': 158, 'offset_m': 'lat: 17 m, lng: 15 m, alt: 158 m'}, 'simulated_delay': 9.466666666666667e-05, 'distance': 80.81539736414658, 'message_size_bits': 3408}
[2025-03-12 15:55:50,923] [INFO] [30036] Broadcasting PREPARE: REQUEST 1741762550875
[2025-03-12 15:55:50,938] [INFO] [30036] PREPARE received from 30013 for REQUEST 1741762550875
[2025-03-12 15:55:50,938] [INFO] [30036] Broadcasting COMMIT: REQUEST 1741762550875
[2025-03-12 15:55:50,938] [INFO] [30036] PREPARE received from 30039 for REQUEST 1741762550875
[2025-03-12 15:55:50,938] [INFO] [30036] PREPARE received from 30029 for REQUEST 1741762550875
[2025-03-12 15:55:50,940] [INFO] [30036] PREPARE received from 30006 for REQUEST 1741762550875
[2025-03-12 15:55:50,940] [INFO] [30036] PREPARE received from 30019 for REQUEST 1741762550875
[2025-03-12 15:55:50,940] [INFO] [30036] PREPARE received from 30030 for REQUEST 1741762550875
[2025-03-12 15:55:50,944] [INFO] [30036] PREPARE received from 30022 for REQUEST 1741762550875
[2025-03-12 15:55:50,944] [INFO] [30036] PREPARE received from 30034 for REQUEST 1741762550875
[2025-03-12 15:55:50,944] [INFO] [30036] PREPARE received from 30017 for REQUEST 1741762550875
[2025-03-12 15:55:50,944] [INFO] [30036] PREPARE received from 30026 for REQUEST 1741762550875
[2025-03-12 15:55:50,944] [INFO] [30036] PREPARE received from 30024 for REQUEST 1741762550875
[2025-03-12 15:55:50,956] [INFO] [30036] COMMIT received from 30026 for REQUEST 1741762550875
[2025-03-12 15:55:50,956] [INFO] [30036] COMMIT received from 30006 for REQUEST 1741762550875
[2025-03-12 15:55:50,956] [INFO] [30036] COMMIT complete. Sending PRE-REPLY: REQUEST 1741762550875 directly to Manager 30012
[2025-03-12 15:55:50,956] [INFO] [30036] COMMIT received from 30013 for REQUEST 1741762550875
[2025-03-12 15:55:50,956] [INFO] [30036] COMMIT received from 30022 for REQUEST 1741762550875
[2025-03-12 15:55:50,956] [INFO] [30036] COMMIT received from 30021 for REQUEST 1741762550875
[2025-03-12 15:55:50,956] [INFO] [30036] COMMIT received from 30039 for REQUEST 1741762550875
[2025-03-12 15:55:50,956] [INFO] [30036] COMMIT received from 30024 for REQUEST 1741762550875
[2025-03-12 15:55:50,956] [INFO] [30036] COMMIT received from 30017 for REQUEST 1741762550875
[2025-03-12 15:55:50,956] [INFO] [30036] COMMIT received from 30019 for REQUEST 1741762550875
[2025-03-12 15:55:50,956] [INFO] [30036] COMMIT received from 30034 for REQUEST 1741762550875
[2025-03-12 15:55:50,956] [INFO] [30036] COMMIT received from 30030 for REQUEST 1741762550875
[2025-03-12 15:55:50,956] [INFO] [30036] COMMIT received from 30029 for REQUEST 1741762550875
[2025-03-12 15:55:51,933] [INFO] [30036] PRE-PREPARE received: {'request_id': 1741762551886, 'data': 'llapbft_message_1741762551886', 'timestamp': 1741762551.9177837, 'leader': 30021, 'cluster_id': 0, 'cluster_ports': [30006, 30012, 30013, 30017, 30019, 30021, 30022, 30024, 30026, 30029, 30030, 30034, 30036, 30039], 'cluster_manager': {'host': 'localhost', 'port': 30012, 'latitude': 36.6267561, 'longitude': 127.4586693, 'altitude': 158, 'offset_m': 'lat: 17 m, lng: 15 m, alt: 158 m'}, 'simulated_delay': 9.466666666666667e-05, 'distance': 80.81539736414658, 'message_size_bits': 3408}
[2025-03-12 15:55:51,933] [INFO] [30036] Broadcasting PREPARE: REQUEST 1741762551886
[2025-03-12 15:55:51,944] [INFO] [30036] PREPARE received from 30019 for REQUEST 1741762551886
[2025-03-12 15:55:51,944] [INFO] [30036] Broadcasting COMMIT: REQUEST 1741762551886
[2025-03-12 15:55:51,949] [INFO] [30036] PREPARE received from 30013 for REQUEST 1741762551886
[2025-03-12 15:55:51,949] [INFO] [30036] PREPARE received from 30030 for REQUEST 1741762551886
[2025-03-12 15:55:51,951] [INFO] [30036] PREPARE received from 30026 for REQUEST 1741762551886
[2025-03-12 15:55:51,951] [INFO] [30036] PREPARE received from 30039 for REQUEST 1741762551886
[2025-03-12 15:55:51,951] [INFO] [30036] PREPARE received from 30006 for REQUEST 1741762551886
[2025-03-12 15:55:51,953] [INFO] [30036] PREPARE received from 30024 for REQUEST 1741762551886
[2025-03-12 15:55:51,953] [INFO] [30036] PREPARE received from 30017 for REQUEST 1741762551886
[2025-03-12 15:55:51,953] [INFO] [30036] PREPARE received from 30022 for REQUEST 1741762551886
[2025-03-12 15:55:51,955] [INFO] [30036] PREPARE received from 30034 for REQUEST 1741762551886
[2025-03-12 15:55:51,955] [INFO] [30036] PREPARE received from 30029 for REQUEST 1741762551886
[2025-03-12 15:55:51,964] [INFO] [30036] COMMIT received from 30026 for REQUEST 1741762551886
[2025-03-12 15:55:51,964] [INFO] [30036] COMMIT received from 30034 for REQUEST 1741762551886
[2025-03-12 15:55:51,964] [INFO] [30036] COMMIT complete. Sending PRE-REPLY: REQUEST 1741762551886 directly to Manager 30012
[2025-03-12 15:55:51,965] [INFO] [30036] COMMIT received from 30024 for REQUEST 1741762551886
[2025-03-12 15:55:51,965] [INFO] [30036] COMMIT received from 30030 for REQUEST 1741762551886
[2025-03-12 15:55:51,967] [INFO] [30036] COMMIT received from 30017 for REQUEST 1741762551886
[2025-03-12 15:55:51,967] [INFO] [30036] COMMIT received from 30006 for REQUEST 1741762551886
[2025-03-12 15:55:51,967] [INFO] [30036] COMMIT received from 30019 for REQUEST 1741762551886
[2025-03-12 15:55:51,968] [INFO] [30036] COMMIT received from 30021 for REQUEST 1741762551886
[2025-03-12 15:55:51,968] [INFO] [30036] COMMIT received from 30022 for REQUEST 1741762551886
[2025-03-12 15:55:51,968] [INFO] [30036] COMMIT received from 30039 for REQUEST 1741762551886
[2025-03-12 15:55:51,968] [INFO] [30036] COMMIT received from 30013 for REQUEST 1741762551886
[2025-03-12 15:55:51,968] [INFO] [30036] COMMIT received from 30029 for REQUEST 1741762551886
[2025-03-12 15:55:52,915] [INFO] [30036] PRE-PREPARE received: {'request_id': 1741762552864, 'data': 'llapbft_message_1741762552864', 'timestamp': 1741762552.8964736, 'leader': 30021, 'cluster_id': 0, 'cluster_ports': [30006, 30012, 30013, 30017, 30019, 30021, 30022, 30024, 30026, 30029, 30030, 30034, 30036, 30039], 'cluster_manager': {'host': 'localhost', 'port': 30012, 'latitude': 36.6267561, 'longitude': 127.4586693, 'altitude': 158, 'offset_m': 'lat: 17 m, lng: 15 m, alt: 158 m'}, 'simulated_delay': 9.466666666666667e-05, 'distance': 80.81539736414658, 'message_size_bits': 3408}
[2025-03-12 15:55:52,915] [INFO] [30036] Broadcasting PREPARE: REQUEST 1741762552864
[2025-03-12 15:55:52,936] [INFO] [30036] PREPARE received from 30039 for REQUEST 1741762552864
[2025-03-12 15:55:52,936] [INFO] [30036] Broadcasting COMMIT: REQUEST 1741762552864
[2025-03-12 15:55:52,936] [INFO] [30036] PREPARE received from 30013 for REQUEST 1741762552864
[2025-03-12 15:55:52,936] [INFO] [30036] PREPARE received from 30034 for REQUEST 1741762552864
[2025-03-12 15:55:52,938] [INFO] [30036] PREPARE received from 30017 for REQUEST 1741762552864
[2025-03-12 15:55:52,938] [INFO] [30036] PREPARE received from 30029 for REQUEST 1741762552864
[2025-03-12 15:55:52,938] [INFO] [30036] PREPARE received from 30006 for REQUEST 1741762552864
[2025-03-12 15:55:52,938] [INFO] [30036] PREPARE received from 30026 for REQUEST 1741762552864
[2025-03-12 15:55:52,938] [INFO] [30036] PREPARE received from 30024 for REQUEST 1741762552864
[2025-03-12 15:55:52,938] [INFO] [30036] PREPARE received from 30022 for REQUEST 1741762552864
[2025-03-12 15:55:52,938] [INFO] [30036] PREPARE received from 30030 for REQUEST 1741762552864
[2025-03-12 15:55:52,942] [INFO] [30036] PREPARE received from 30019 for REQUEST 1741762552864
[2025-03-12 15:55:52,942] [INFO] [30036] COMMIT received from 30030 for REQUEST 1741762552864
[2025-03-12 15:55:52,948] [INFO] [30036] COMMIT received from 30017 for REQUEST 1741762552864
[2025-03-12 15:55:52,948] [INFO] [30036] COMMIT complete. Sending PRE-REPLY: REQUEST 1741762552864 directly to Manager 30012
[2025-03-12 15:55:52,948] [INFO] [30036] COMMIT received from 30034 for REQUEST 1741762552864
[2025-03-12 15:55:52,948] [INFO] [30036] COMMIT received from 30022 for REQUEST 1741762552864
[2025-03-12 15:55:52,950] [INFO] [30036] COMMIT received from 30026 for REQUEST 1741762552864
[2025-03-12 15:55:52,950] [INFO] [30036] COMMIT received from 30006 for REQUEST 1741762552864
[2025-03-12 15:55:52,950] [INFO] [30036] COMMIT received from 30024 for REQUEST 1741762552864
[2025-03-12 15:55:52,950] [INFO] [30036] COMMIT received from 30013 for REQUEST 1741762552864
[2025-03-12 15:55:52,950] [INFO] [30036] COMMIT received from 30029 for REQUEST 1741762552864
[2025-03-12 15:55:52,952] [INFO] [30036] COMMIT received from 30039 for REQUEST 1741762552864
[2025-03-12 15:55:52,952] [INFO] [30036] COMMIT received from 30019 for REQUEST 1741762552864
[2025-03-12 15:55:52,955] [INFO] [30036] COMMIT received from 30021 for REQUEST 1741762552864
[2025-03-12 15:55:53,891] [INFO] [30036] PRE-PREPARE received: {'request_id': 1741762553846, 'data': 'llapbft_message_1741762553846', 'timestamp': 1741762553.8758993, 'leader': 30021, 'cluster_id': 0, 'cluster_ports': [30006, 30012, 30013, 30017, 30019, 30021, 30022, 30024, 30026, 30029, 30030, 30034, 30036, 30039], 'cluster_manager': {'host': 'localhost', 'port': 30012, 'latitude': 36.6267561, 'longitude': 127.4586693, 'altitude': 158, 'offset_m': 'lat: 17 m, lng: 15 m, alt: 158 m'}, 'simulated_delay': 9.466666666666667e-05, 'distance': 80.81539736414658, 'message_size_bits': 3408}
[2025-03-12 15:55:53,891] [INFO] [30036] Broadcasting PREPARE: REQUEST 1741762553846
[2025-03-12 15:55:53,911] [INFO] [30036] PREPARE received from 30022 for REQUEST 1741762553846
[2025-03-12 15:55:53,911] [INFO] [30036] Broadcasting COMMIT: REQUEST 1741762553846
[2025-03-12 15:55:53,911] [INFO] [30036] PREPARE received from 30024 for REQUEST 1741762553846
[2025-03-12 15:55:53,911] [INFO] [30036] PREPARE received from 30017 for REQUEST 1741762553846
[2025-03-12 15:55:53,911] [INFO] [30036] PREPARE received from 30013 for REQUEST 1741762553846
[2025-03-12 15:55:53,913] [INFO] [30036] PREPARE received from 30029 for REQUEST 1741762553846
[2025-03-12 15:55:53,913] [INFO] [30036] PREPARE received from 30034 for REQUEST 1741762553846
[2025-03-12 15:55:53,915] [INFO] [30036] PREPARE received from 30026 for REQUEST 1741762553846
[2025-03-12 15:55:53,916] [INFO] [30036] PREPARE received from 30039 for REQUEST 1741762553846
[2025-03-12 15:55:53,916] [INFO] [30036] PREPARE received from 30006 for REQUEST 1741762553846
[2025-03-12 15:55:53,916] [INFO] [30036] PREPARE received from 30030 for REQUEST 1741762553846
[2025-03-12 15:55:53,916] [INFO] [30036] PREPARE received from 30019 for REQUEST 1741762553846
[2025-03-12 15:55:53,923] [INFO] [30036] COMMIT received from 30029 for REQUEST 1741762553846
[2025-03-12 15:55:53,923] [INFO] [30036] COMMIT received from 30030 for REQUEST 1741762553846
[2025-03-12 15:55:53,923] [INFO] [30036] COMMIT complete. Sending PRE-REPLY: REQUEST 1741762553846 directly to Manager 30012
[2025-03-12 15:55:53,925] [INFO] [30036] COMMIT received from 30013 for REQUEST 1741762553846
[2025-03-12 15:55:53,925] [INFO] [30036] COMMIT received from 30022 for REQUEST 1741762553846
[2025-03-12 15:55:53,927] [INFO] [30036] COMMIT received from 30034 for REQUEST 1741762553846
[2025-03-12 15:55:53,927] [INFO] [30036] COMMIT received from 30039 for REQUEST 1741762553846
[2025-03-12 15:55:53,927] [INFO] [30036] COMMIT received from 30026 for REQUEST 1741762553846
[2025-03-12 15:55:53,927] [INFO] [30036] COMMIT received from 30006 for REQUEST 1741762553846
[2025-03-12 15:55:53,927] [INFO] [30036] COMMIT received from 30024 for REQUEST 1741762553846
[2025-03-12 15:55:53,927] [INFO] [30036] COMMIT received from 30017 for REQUEST 1741762553846
[2025-03-12 15:55:53,927] [INFO] [30036] COMMIT received from 30019 for REQUEST 1741762553846
[2025-03-12 15:55:53,927] [INFO] [30036] COMMIT received from 30021 for REQUEST 1741762553846
[2025-03-12 15:55:54,857] [INFO] [30036] PRE-PREPARE received: {'request_id': 1741762554816, 'data': 'llapbft_message_1741762554816', 'timestamp': 1741762554.841855, 'leader': 30021, 'cluster_id': 0, 'cluster_ports': [30006, 30012, 30013, 30017, 30019, 30021, 30022, 30024, 30026, 30029, 30030, 30034, 30036, 30039], 'cluster_manager': {'host': 'localhost', 'port': 30012, 'latitude': 36.6267561, 'longitude': 127.4586693, 'altitude': 158, 'offset_m': 'lat: 17 m, lng: 15 m, alt: 158 m'}, 'simulated_delay': 9.444444444444444e-05, 'distance': 80.81539736414658, 'message_size_bits': 3400}
[2025-03-12 15:55:54,857] [INFO] [30036] Broadcasting PREPARE: REQUEST 1741762554816
[2025-03-12 15:55:54,877] [INFO] [30036] PREPARE received from 30022 for REQUEST 1741762554816
[2025-03-12 15:55:54,877] [INFO] [30036] Broadcasting COMMIT: REQUEST 1741762554816
[2025-03-12 15:55:54,877] [INFO] [30036] PREPARE received from 30026 for REQUEST 1741762554816
[2025-03-12 15:55:54,877] [INFO] [30036] PREPARE received from 30029 for REQUEST 1741762554816
[2025-03-12 15:55:54,877] [INFO] [30036] PREPARE received from 30034 for REQUEST 1741762554816
[2025-03-12 15:55:54,879] [INFO] [30036] PREPARE received from 30019 for REQUEST 1741762554816
[2025-03-12 15:55:54,881] [INFO] [30036] PREPARE received from 30013 for REQUEST 1741762554816
[2025-03-12 15:55:54,881] [INFO] [30036] PREPARE received from 30039 for REQUEST 1741762554816
[2025-03-12 15:55:54,881] [INFO] [30036] PREPARE received from 30024 for REQUEST 1741762554816
[2025-03-12 15:55:54,881] [INFO] [30036] PREPARE received from 30030 for REQUEST 1741762554816
[2025-03-12 15:55:54,881] [INFO] [30036] PREPARE received from 30006 for REQUEST 1741762554816
[2025-03-12 15:55:54,885] [INFO] [30036] PREPARE received from 30017 for REQUEST 1741762554816
[2025-03-12 15:55:54,887] [INFO] [30036] COMMIT received from 30034 for REQUEST 1741762554816
[2025-03-12 15:55:54,887] [INFO] [30036] COMMIT received from 30022 for REQUEST 1741762554816
[2025-03-12 15:55:54,887] [INFO] [30036] COMMIT complete. Sending PRE-REPLY: REQUEST 1741762554816 directly to Manager 30012
[2025-03-12 15:55:54,889] [INFO] [30036] COMMIT received from 30029 for REQUEST 1741762554816
[2025-03-12 15:55:54,889] [INFO] [30036] COMMIT received from 30019 for REQUEST 1741762554816
[2025-03-12 15:55:54,889] [INFO] [30036] COMMIT received from 30030 for REQUEST 1741762554816
[2025-03-12 15:55:54,889] [INFO] [30036] COMMIT received from 30026 for REQUEST 1741762554816
[2025-03-12 15:55:54,892] [INFO] [30036] COMMIT received from 30039 for REQUEST 1741762554816
[2025-03-12 15:55:54,892] [INFO] [30036] COMMIT received from 30021 for REQUEST 1741762554816
[2025-03-12 15:55:54,892] [INFO] [30036] COMMIT received from 30013 for REQUEST 1741762554816
[2025-03-12 15:55:54,894] [INFO] [30036] COMMIT received from 30024 for REQUEST 1741762554816
[2025-03-12 15:55:54,894] [INFO] [30036] COMMIT received from 30017 for REQUEST 1741762554816
[2025-03-12 15:55:54,894] [INFO] [30036] COMMIT received from 30006 for REQUEST 1741762554816
[2025-03-12 15:55:55,712] [INFO] [30036] PRE-PREPARE received: {'request_id': 1741762555667, 'data': 'llapbft_message_1741762555667', 'timestamp': 1741762555.6963875, 'leader': 30021, 'cluster_id': 0, 'cluster_ports': [30006, 30012, 30013, 30017, 30019, 30021, 30022, 30024, 30026, 30029, 30030, 30034, 30036, 30039], 'cluster_manager': {'host': 'localhost', 'port': 30012, 'latitude': 36.6267561, 'longitude': 127.4586693, 'altitude': 158, 'offset_m': 'lat: 17 m, lng: 15 m, alt: 158 m'}, 'simulated_delay': 9.466666666666667e-05, 'distance': 80.81539736414658, 'message_size_bits': 3408}
[2025-03-12 15:55:55,712] [INFO] [30036] Broadcasting PREPARE: REQUEST 1741762555667
[2025-03-12 15:55:55,731] [INFO] [30036] PREPARE received from 30022 for REQUEST 1741762555667
[2025-03-12 15:55:55,731] [INFO] [30036] Broadcasting COMMIT: REQUEST 1741762555667
[2025-03-12 15:55:55,731] [INFO] [30036] PREPARE received from 30029 for REQUEST 1741762555667
[2025-03-12 15:55:55,731] [INFO] [30036] PREPARE received from 30006 for REQUEST 1741762555667
[2025-03-12 15:55:55,731] [INFO] [30036] PREPARE received from 30019 for REQUEST 1741762555667
[2025-03-12 15:55:55,733] [INFO] [30036] PREPARE received from 30013 for REQUEST 1741762555667
[2025-03-12 15:55:55,733] [INFO] [30036] PREPARE received from 30030 for REQUEST 1741762555667
[2025-03-12 15:55:55,735] [INFO] [30036] PREPARE received from 30026 for REQUEST 1741762555667
[2025-03-12 15:55:55,737] [INFO] [30036] PREPARE received from 30039 for REQUEST 1741762555667
[2025-03-12 15:55:55,737] [INFO] [30036] PREPARE received from 30017 for REQUEST 1741762555667
[2025-03-12 15:55:55,737] [INFO] [30036] PREPARE received from 30034 for REQUEST 1741762555667
[2025-03-12 15:55:55,737] [INFO] [30036] PREPARE received from 30024 for REQUEST 1741762555667
[2025-03-12 15:55:55,741] [INFO] [30036] COMMIT received from 30013 for REQUEST 1741762555667
[2025-03-12 15:55:55,752] [INFO] [30036] COMMIT received from 30019 for REQUEST 1741762555667
[2025-03-12 15:55:55,752] [INFO] [30036] COMMIT complete. Sending PRE-REPLY: REQUEST 1741762555667 directly to Manager 30012
[2025-03-12 15:55:55,752] [INFO] [30036] COMMIT received from 30030 for REQUEST 1741762555667
[2025-03-12 15:55:55,753] [INFO] [30036] COMMIT received from 30029 for REQUEST 1741762555667
[2025-03-12 15:55:55,755] [INFO] [30036] COMMIT received from 30034 for REQUEST 1741762555667
[2025-03-12 15:55:55,755] [INFO] [30036] COMMIT received from 30017 for REQUEST 1741762555667
[2025-03-12 15:55:55,755] [INFO] [30036] COMMIT received from 30039 for REQUEST 1741762555667
[2025-03-12 15:55:55,755] [INFO] [30036] COMMIT received from 30006 for REQUEST 1741762555667
[2025-03-12 15:55:55,755] [INFO] [30036] COMMIT received from 30022 for REQUEST 1741762555667
[2025-03-12 15:55:55,755] [INFO] [30036] COMMIT received from 30024 for REQUEST 1741762555667
[2025-03-12 15:55:55,755] [INFO] [30036] COMMIT received from 30021 for REQUEST 1741762555667
[2025-03-12 15:55:55,755] [INFO] [30036] COMMIT received from 30026 for REQUEST 1741762555667
