[2025-03-12 12:35:28,694] [INFO] Node started: localhost:30021 | index=22 | f=1, k=4
[2025-03-12 12:36:06,184] [INFO] [30021] PRE-PREPARE received: {'request_id': 1741750566115, 'data': 'llapbft_message_1741750566115', 'timestamp': 1741750566.142161, 'leader': 30022, 'cluster_id': 2, 'cluster_ports': [30000, 30007, 30013, 30018, 30021, 30022, 30030, 30031, 30049, 30050, 30052, 30055, 30057, 30058, 30060, 30062, 30071, 30077, 30078, 30091, 30096, 30100, 30104, 30110, 30121, 30129, 30131, 30133, 30134, 30140, 30141, 30143, 30148, 30152, 30155, 30157, 30158, 30159, 30160, 30161, 30167, 30168, 30169, 30170, 30171, 30172, 30173, 30177, 30178, 30179, 30190, 30192, 30193, 30195], 'cluster_manager': {'host': 'localhost', 'port': 30155, 'latitude': 36.6269898, 'longitude': 127.4587731, 'altitude': 261, 'offset_m': 'lat: 43 m, lng: 24 m, alt: 261 m'}, 'simulated_delay': 0.000235, 'distance': 115.03707536872132, 'message_size_bits': 5640}
[2025-03-12 12:36:06,202] [INFO] [30021] Broadcasting PREPARE: REQUEST 1741750566115
[2025-03-12 12:36:08,067] [INFO] [30021] PREPARE received from 30140 for REQUEST 1741750566115
[2025-03-12 12:36:08,067] [INFO] [30021] Broadcasting COMMIT: REQUEST 1741750566115
[2025-03-12 12:36:08,069] [INFO] [30021] PREPARE received from 30172 for REQUEST 1741750566115
[2025-03-12 12:36:08,069] [INFO] [30021] PREPARE received from 30167 for REQUEST 1741750566115
[2025-03-12 12:36:08,069] [INFO] [30021] PREPARE received from 30168 for REQUEST 1741750566115
[2025-03-12 12:36:08,069] [INFO] [30021] PREPARE received from 30178 for REQUEST 1741750566115
[2025-03-12 12:36:08,069] [INFO] [30021] PREPARE received from 30121 for REQUEST 1741750566115
[2025-03-12 12:36:08,069] [INFO] [30021] PREPARE received from 30193 for REQUEST 1741750566115
[2025-03-12 12:36:08,069] [INFO] [30021] PREPARE received from 30179 for REQUEST 1741750566115
[2025-03-12 12:36:08,069] [INFO] [30021] PREPARE received from 30177 for REQUEST 1741750566115
[2025-03-12 12:36:08,069] [INFO] [30021] PREPARE received from 30173 for REQUEST 1741750566115
[2025-03-12 12:36:08,069] [INFO] [30021] PREPARE received from 30161 for REQUEST 1741750566115
[2025-03-12 12:36:08,069] [INFO] [30021] PREPARE received from 30060 for REQUEST 1741750566115
[2025-03-12 12:36:08,069] [INFO] [30021] PREPARE received from 30195 for REQUEST 1741750566115
[2025-03-12 12:36:08,069] [INFO] [30021] PREPARE received from 30192 for REQUEST 1741750566115
[2025-03-12 12:36:08,069] [INFO] [30021] PREPARE received from 30171 for REQUEST 1741750566115
[2025-03-12 12:36:08,069] [INFO] [30021] PREPARE received from 30110 for REQUEST 1741750566115
[2025-03-12 12:36:08,372] [INFO] [30021] PREPARE received from 30159 for REQUEST 1741750566115
[2025-03-12 12:36:08,372] [INFO] [30021] PREPARE received from 30100 for REQUEST 1741750566115
[2025-03-12 12:36:08,376] [INFO] [30021] PREPARE received from 30013 for REQUEST 1741750566115
[2025-03-12 12:36:08,376] [INFO] [30021] PREPARE received from 30091 for REQUEST 1741750566115
[2025-03-12 12:36:08,378] [INFO] [30021] PREPARE received from 30096 for REQUEST 1741750566115
[2025-03-12 12:36:08,378] [INFO] [30021] PREPARE received from 30158 for REQUEST 1741750566115
[2025-03-12 12:36:08,378] [INFO] [30021] PREPARE received from 30170 for REQUEST 1741750566115
[2025-03-12 12:36:08,378] [INFO] [30021] PREPARE received from 30049 for REQUEST 1741750566115
[2025-03-12 12:36:08,378] [INFO] [30021] PREPARE received from 30071 for REQUEST 1741750566115
[2025-03-12 12:36:08,380] [INFO] [30021] PREPARE received from 30078 for REQUEST 1741750566115
[2025-03-12 12:36:08,778] [INFO] [30021] PREPARE received from 30062 for REQUEST 1741750566115
[2025-03-12 12:36:08,993] [INFO] [30021] COMMIT received from 30133 for REQUEST 1741750566115
[2025-03-12 12:36:08,993] [INFO] [30021] COMMIT received from 30159 for REQUEST 1741750566115
[2025-03-12 12:36:08,993] [INFO] [30021] COMMIT complete. Sending PRE-REPLY: REQUEST 1741750566115 directly to Manager 30155
[2025-03-12 12:36:08,993] [INFO] [30021] PREPARE received from 30131 for REQUEST 1741750566115
[2025-03-12 12:36:08,993] [INFO] [30021] PREPARE received from 30104 for REQUEST 1741750566115
[2025-03-12 12:36:08,993] [INFO] [30021] COMMIT received from 30091 for REQUEST 1741750566115
[2025-03-12 12:36:08,993] [INFO] [30021] COMMIT received from 30131 for REQUEST 1741750566115
[2025-03-12 12:36:08,993] [INFO] [30021] COMMIT received from 30060 for REQUEST 1741750566115
[2025-03-12 12:36:08,993] [INFO] [30021] PREPARE received from 30129 for REQUEST 1741750566115
[2025-03-12 12:36:08,993] [INFO] [30021] COMMIT received from 30158 for REQUEST 1741750566115
[2025-03-12 12:36:08,993] [INFO] [30021] COMMIT received from 30179 for REQUEST 1741750566115
[2025-03-12 12:36:08,993] [INFO] [30021] COMMIT received from 30167 for REQUEST 1741750566115
[2025-03-12 12:36:08,993] [INFO] [30021] PREPARE received from 30148 for REQUEST 1741750566115
[2025-03-12 12:36:08,993] [INFO] [30021] COMMIT received from 30100 for REQUEST 1741750566115
[2025-03-12 12:36:08,993] [INFO] [30021] COMMIT received from 30195 for REQUEST 1741750566115
[2025-03-12 12:36:08,993] [INFO] [30021] COMMIT received from 30152 for REQUEST 1741750566115
[2025-03-12 12:36:08,993] [INFO] [30021] PREPARE received from 30030 for REQUEST 1741750566115
[2025-03-12 12:36:08,998] [INFO] [30021] COMMIT received from 30168 for REQUEST 1741750566115
[2025-03-12 12:36:08,998] [INFO] [30021] COMMIT received from 30193 for REQUEST 1741750566115
[2025-03-12 12:36:08,998] [INFO] [30021] PREPARE received from 30133 for REQUEST 1741750566115
[2025-03-12 12:36:08,998] [INFO] [30021] PREPARE received from 30152 for REQUEST 1741750566115
[2025-03-12 12:36:08,998] [INFO] [30021] COMMIT received from 30129 for REQUEST 1741750566115
[2025-03-12 12:36:08,998] [INFO] [30021] PREPARE received from 30190 for REQUEST 1741750566115
[2025-03-12 12:36:08,998] [INFO] [30021] COMMIT received from 30062 for REQUEST 1741750566115
[2025-03-12 12:36:08,998] [INFO] [30021] PREPARE received from 30134 for REQUEST 1741750566115
[2025-03-12 12:36:08,998] [INFO] [30021] COMMIT received from 30190 for REQUEST 1741750566115
[2025-03-12 12:36:08,998] [INFO] [30021] COMMIT received from 30121 for REQUEST 1741750566115
[2025-03-12 12:36:08,998] [INFO] [30021] PREPARE received from 30052 for REQUEST 1741750566115
[2025-03-12 12:36:08,998] [INFO] [30021] PREPARE received from 30057 for REQUEST 1741750566115
[2025-03-12 12:36:08,998] [INFO] [30021] COMMIT received from 30140 for REQUEST 1741750566115
[2025-03-12 12:36:08,998] [INFO] [30021] PREPARE received from 30157 for REQUEST 1741750566115
[2025-03-12 12:36:08,998] [INFO] [30021] PREPARE received from 30141 for REQUEST 1741750566115
[2025-03-12 12:36:08,998] [INFO] [30021] COMMIT received from 30104 for REQUEST 1741750566115
[2025-03-12 12:36:08,998] [INFO] [30021] COMMIT received from 30177 for REQUEST 1741750566115
[2025-03-12 12:36:09,002] [INFO] [30021] COMMIT received from 30148 for REQUEST 1741750566115
[2025-03-12 12:36:09,002] [INFO] [30021] COMMIT received from 30172 for REQUEST 1741750566115
[2025-03-12 12:36:09,002] [INFO] [30021] COMMIT received from 30134 for REQUEST 1741750566115
[2025-03-12 12:36:09,002] [INFO] [30021] COMMIT received from 30192 for REQUEST 1741750566115
[2025-03-12 12:36:09,002] [INFO] [30021] COMMIT received from 30173 for REQUEST 1741750566115
[2025-03-12 12:36:09,002] [INFO] [30021] COMMIT received from 30157 for REQUEST 1741750566115
[2025-03-12 12:36:09,002] [INFO] [30021] COMMIT received from 30171 for REQUEST 1741750566115
[2025-03-12 12:36:09,002] [INFO] [30021] PREPARE received from 30007 for REQUEST 1741750566115
[2025-03-12 12:36:09,002] [INFO] [30021] PREPARE received from 30000 for REQUEST 1741750566115
[2025-03-12 12:36:09,015] [INFO] [30021] COMMIT received from 30058 for REQUEST 1741750566115
[2025-03-12 12:36:09,025] [INFO] [30021] COMMIT received from 30057 for REQUEST 1741750566115
[2025-03-12 12:36:09,025] [INFO] [30021] PREPARE received from 30018 for REQUEST 1741750566115
[2025-03-12 12:36:09,025] [INFO] [30021] COMMIT received from 30049 for REQUEST 1741750566115
[2025-03-12 12:36:09,025] [INFO] [30021] PREPARE received from 30169 for REQUEST 1741750566115
[2025-03-12 12:36:09,025] [INFO] [30021] COMMIT received from 30161 for REQUEST 1741750566115
[2025-03-12 12:36:09,025] [INFO] [30021] COMMIT received from 30052 for REQUEST 1741750566115
[2025-03-12 12:36:09,025] [INFO] [30021] COMMIT received from 30141 for REQUEST 1741750566115
[2025-03-12 12:36:09,025] [INFO] [30021] COMMIT received from 30169 for REQUEST 1741750566115
[2025-03-12 12:36:09,025] [INFO] [30021] PREPARE received from 30058 for REQUEST 1741750566115
[2025-03-12 12:36:09,029] [INFO] [30021] COMMIT received from 30031 for REQUEST 1741750566115
[2025-03-12 12:36:10,313] [INFO] [30021] PREPARE received from 30031 for REQUEST 1741750566115
[2025-03-12 12:36:10,313] [INFO] [30021] COMMIT received from 30030 for REQUEST 1741750566115
[2025-03-12 12:36:10,313] [INFO] [30021] PREPARE received from 30050 for REQUEST 1741750566115
[2025-03-12 12:36:10,313] [INFO] [30021] COMMIT received from 30007 for REQUEST 1741750566115
[2025-03-12 12:36:10,393] [INFO] [30021] COMMIT received from 30096 for REQUEST 1741750566115
[2025-03-12 12:36:10,393] [INFO] [30021] COMMIT received from 30110 for REQUEST 1741750566115
[2025-03-12 12:36:10,393] [INFO] [30021] COMMIT received from 30078 for REQUEST 1741750566115
[2025-03-12 12:36:10,393] [INFO] [30021] PREPARE received from 30143 for REQUEST 1741750566115
[2025-03-12 12:36:10,393] [INFO] [30021] COMMIT received from 30050 for REQUEST 1741750566115
[2025-03-12 12:36:10,402] [INFO] [30021] COMMIT received from 30178 for REQUEST 1741750566115
[2025-03-12 12:36:10,402] [INFO] [30021] COMMIT received from 30055 for REQUEST 1741750566115
[2025-03-12 12:36:10,402] [INFO] [30021] PREPARE received from 30055 for REQUEST 1741750566115
[2025-03-12 12:36:10,402] [INFO] [30021] COMMIT received from 30071 for REQUEST 1741750566115
[2025-03-12 12:36:10,402] [INFO] [30021] COMMIT received from 30143 for REQUEST 1741750566115
[2025-03-12 12:36:10,402] [INFO] [30021] COMMIT received from 30160 for REQUEST 1741750566115
[2025-03-12 12:36:10,402] [INFO] [30021] PREPARE received from 30160 for REQUEST 1741750566115
[2025-03-12 12:36:10,402] [INFO] [30021] COMMIT received from 30022 for REQUEST 1741750566115
[2025-03-12 12:36:10,402] [INFO] [30021] COMMIT received from 30013 for REQUEST 1741750566115
[2025-03-12 12:36:10,477] [INFO] [30021] COMMIT received from 30170 for REQUEST 1741750566115
[2025-03-12 12:36:10,649] [INFO] [30021] PREPARE received from 30077 for REQUEST 1741750566115
[2025-03-12 12:36:10,649] [INFO] [30021] COMMIT received from 30077 for REQUEST 1741750566115
[2025-03-12 12:36:10,655] [INFO] [30021] COMMIT received from 30018 for REQUEST 1741750566115
[2025-03-12 12:36:10,655] [INFO] [30021] COMMIT received from 30000 for REQUEST 1741750566115
[2025-03-12 12:54:34,006] [INFO] Node started: localhost:30021 | index=22 | f=1, k=4
[2025-03-12 12:55:25,592] [INFO] Node started: localhost:30021 | index=22 | f=1, k=4
[2025-03-12 12:55:54,333] [INFO] [30021] PRE-PREPARE received: {'request_id': 1741751754181, 'data': 'llapbft_message_1741751754181', 'timestamp': 1741751754.2060645, 'leader': 30003, 'cluster_id': 3, 'cluster_ports': [30003, 30010, 30012, 30013, 30020, 30021, 30022, 30028, 30033, 30034, 30035, 30038, 30039, 30047, 30051, 30056, 30060, 30061, 30062, 30067, 30071, 30073, 30074, 30076, 30082, 30084, 30090, 30105, 30107, 30111, 30117, 30119, 30127, 30134, 30135, 30136, 30139, 30142, 30154, 30156, 30157, 30159], 'cluster_manager': {'host': 'localhost', 'port': 30159, 'latitude': 36.6271038, 'longitude': 127.4587684, 'altitude': 226, 'offset_m': 'lat: 55 m, lng: 23 m, alt: 226 m'}, 'simulated_delay': 0.0008293333333333333, 'distance': 259.1004125566744, 'message_size_bits': 4976}
[2025-03-12 12:55:54,333] [INFO] [30021] Broadcasting PREPARE: REQUEST 1741751754181
[2025-03-12 12:55:54,531] [INFO] [30021] PREPARE received from 30139 for REQUEST 1741751754181
[2025-03-12 12:55:54,531] [INFO] [30021] Broadcasting COMMIT: REQUEST 1741751754181
[2025-03-12 12:55:54,531] [INFO] [30021] PREPARE received from 30084 for REQUEST 1741751754181
[2025-03-12 12:55:54,531] [INFO] [30021] PREPARE received from 30022 for REQUEST 1741751754181
[2025-03-12 12:55:54,537] [INFO] [30021] PREPARE received from 30107 for REQUEST 1741751754181
[2025-03-12 12:55:54,545] [INFO] [30021] PREPARE received from 30117 for REQUEST 1741751754181
[2025-03-12 12:55:54,713] [INFO] [30021] COMMIT received from 30022 for REQUEST 1741751754181
[2025-03-12 12:55:54,713] [INFO] [30021] PREPARE received from 30033 for REQUEST 1741751754181
[2025-03-12 12:55:54,713] [INFO] [30021] COMMIT received from 30107 for REQUEST 1741751754181
[2025-03-12 12:55:54,713] [INFO] [30021] COMMIT complete. Sending PRE-REPLY: REQUEST 1741751754181 directly to Manager 30159
[2025-03-12 12:55:54,713] [INFO] [30021] COMMIT received from 30139 for REQUEST 1741751754181
[2025-03-12 12:55:54,735] [INFO] [30021] PREPARE received from 30034 for REQUEST 1741751754181
[2025-03-12 12:55:54,735] [INFO] [30021] PREPARE received from 30039 for REQUEST 1741751754181
[2025-03-12 12:55:54,748] [INFO] [30021] COMMIT received from 30034 for REQUEST 1741751754181
[2025-03-12 12:55:54,794] [INFO] [30021] COMMIT received from 30117 for REQUEST 1741751754181
[2025-03-12 12:55:54,806] [INFO] [30021] PREPARE received from 30012 for REQUEST 1741751754181
[2025-03-12 12:55:54,837] [INFO] [30021] COMMIT received from 30012 for REQUEST 1741751754181
[2025-03-12 12:55:54,837] [INFO] [30021] COMMIT received from 30039 for REQUEST 1741751754181
[2025-03-12 12:55:54,837] [INFO] [30021] COMMIT received from 30033 for REQUEST 1741751754181
[2025-03-12 12:55:54,865] [INFO] [30021] PREPARE received from 30105 for REQUEST 1741751754181
[2025-03-12 12:55:54,867] [INFO] [30021] COMMIT received from 30105 for REQUEST 1741751754181
[2025-03-12 12:55:54,905] [INFO] [30021] COMMIT received from 30084 for REQUEST 1741751754181
[2025-03-12 12:55:55,068] [INFO] [30021] PREPARE received from 30076 for REQUEST 1741751754181
[2025-03-12 12:55:55,068] [INFO] [30021] COMMIT received from 30076 for REQUEST 1741751754181
[2025-03-12 12:55:55,171] [INFO] [30021] PREPARE received from 30060 for REQUEST 1741751754181
[2025-03-12 12:55:55,171] [INFO] [30021] COMMIT received from 30060 for REQUEST 1741751754181
[2025-03-12 12:55:55,874] [INFO] [30021] PREPARE received from 30071 for REQUEST 1741751754181
[2025-03-12 12:55:55,876] [INFO] [30021] COMMIT received from 30071 for REQUEST 1741751754181
[2025-03-12 12:55:56,074] [INFO] [30021] COMMIT received from 30003 for REQUEST 1741751754181
[2025-03-12 12:55:56,486] [INFO] [30021] PREPARE received from 30038 for REQUEST 1741751754181
[2025-03-12 12:55:56,486] [INFO] [30021] COMMIT received from 30038 for REQUEST 1741751754181
[2025-03-12 12:55:56,530] [INFO] [30021] PREPARE received from 30135 for REQUEST 1741751754181
[2025-03-12 12:55:56,549] [INFO] [30021] COMMIT received from 30135 for REQUEST 1741751754181
[2025-03-12 12:55:56,689] [INFO] [30021] PREPARE received from 30136 for REQUEST 1741751754181
[2025-03-12 12:55:56,698] [INFO] [30021] COMMIT received from 30136 for REQUEST 1741751754181
[2025-03-12 12:55:56,713] [INFO] [30021] PREPARE received from 30067 for REQUEST 1741751754181
[2025-03-12 12:55:56,713] [INFO] [30021] PREPARE received from 30127 for REQUEST 1741751754181
[2025-03-12 12:55:56,713] [INFO] [30021] PREPARE received from 30134 for REQUEST 1741751754181
[2025-03-12 12:55:56,713] [INFO] [30021] PREPARE received from 30090 for REQUEST 1741751754181
[2025-03-12 12:55:56,721] [INFO] [30021] COMMIT received from 30067 for REQUEST 1741751754181
[2025-03-12 12:55:56,729] [INFO] [30021] COMMIT received from 30127 for REQUEST 1741751754181
[2025-03-12 12:55:56,729] [INFO] [30021] COMMIT received from 30134 for REQUEST 1741751754181
[2025-03-12 12:55:56,729] [INFO] [30021] COMMIT received from 30090 for REQUEST 1741751754181
[2025-03-12 12:55:56,830] [INFO] [30021] PREPARE received from 30010 for REQUEST 1741751754181
[2025-03-12 12:55:56,830] [INFO] [30021] COMMIT received from 30010 for REQUEST 1741751754181
[2025-03-12 12:55:56,864] [INFO] [30021] PREPARE received from 30073 for REQUEST 1741751754181
[2025-03-12 12:55:56,870] [INFO] [30021] COMMIT received from 30073 for REQUEST 1741751754181
[2025-03-12 12:55:56,872] [INFO] [30021] PREPARE received from 30051 for REQUEST 1741751754181
[2025-03-12 12:55:56,872] [INFO] [30021] COMMIT received from 30051 for REQUEST 1741751754181
[2025-03-12 12:55:57,004] [INFO] [30021] PREPARE received from 30062 for REQUEST 1741751754181
[2025-03-12 12:55:57,004] [INFO] [30021] COMMIT received from 30062 for REQUEST 1741751754181
[2025-03-12 12:55:57,004] [INFO] [30021] PREPARE received from 30142 for REQUEST 1741751754181
[2025-03-12 12:55:57,020] [INFO] [30021] COMMIT received from 30142 for REQUEST 1741751754181
[2025-03-12 12:55:57,038] [INFO] [30021] PREPARE received from 30157 for REQUEST 1741751754181
[2025-03-12 12:55:57,038] [INFO] [30021] COMMIT received from 30157 for REQUEST 1741751754181
[2025-03-12 12:55:57,069] [INFO] [30021] PREPARE received from 30154 for REQUEST 1741751754181
[2025-03-12 12:55:57,069] [INFO] [30021] COMMIT received from 30154 for REQUEST 1741751754181
[2025-03-12 12:55:57,109] [INFO] [30021] PREPARE received from 30156 for REQUEST 1741751754181
[2025-03-12 12:55:57,109] [INFO] [30021] COMMIT received from 30156 for REQUEST 1741751754181
[2025-03-12 12:55:57,138] [INFO] [30021] PREPARE received from 30111 for REQUEST 1741751754181
[2025-03-12 12:55:57,138] [INFO] [30021] COMMIT received from 30111 for REQUEST 1741751754181
[2025-03-12 12:56:37,057] [INFO] Node started: localhost:30021 | index=22 | f=1, k=4
[2025-03-12 12:58:03,689] [INFO] [30021] PRE-PREPARE received: {'request_id': 1741751883632, 'data': 'llapbft_message_1741751883632', 'timestamp': 1741751883.6611185, 'leader': 30103, 'cluster_id': 3, 'cluster_ports': [30000, 30003, 30004, 30011, 30015, 30018, 30021, 30025, 30033, 30037, 30048, 30050, 30056, 30058, 30062, 30064, 30065, 30068, 30069, 30071, 30079, 30085, 30090, 30092, 30093, 30101, 30103, 30109, 30117], 'cluster_manager': {'host': 'localhost', 'port': 30011, 'latitude': 36.6266983, 'longitude': 127.4591083, 'altitude': 31, 'offset_m': 'lat: 10 m, lng: 54 m, alt: 31 m'}, 'simulated_delay': 0.00017633333333333333, 'distance': 137.0009907224557, 'message_size_bits': 4232}
[2025-03-12 12:58:03,689] [INFO] [30021] Broadcasting PREPARE: REQUEST 1741751883632
[2025-03-12 12:58:03,886] [INFO] [30021] PREPARE received from 30048 for REQUEST 1741751883632
[2025-03-12 12:58:03,886] [INFO] [30021] Broadcasting COMMIT: REQUEST 1741751883632
[2025-03-12 12:58:03,901] [INFO] [30021] PREPARE received from 30071 for REQUEST 1741751883632
[2025-03-12 12:58:03,901] [INFO] [30021] PREPARE received from 30109 for REQUEST 1741751883632
[2025-03-12 12:58:03,920] [INFO] [30021] PREPARE received from 30018 for REQUEST 1741751883632
[2025-03-12 12:58:03,920] [INFO] [30021] PREPARE received from 30037 for REQUEST 1741751883632
[2025-03-12 12:58:03,943] [INFO] [30021] PREPARE received from 30092 for REQUEST 1741751883632
[2025-03-12 12:58:03,943] [INFO] [30021] PREPARE received from 30056 for REQUEST 1741751883632
[2025-03-12 12:58:03,963] [INFO] [30021] PREPARE received from 30058 for REQUEST 1741751883632
[2025-03-12 12:58:04,107] [INFO] [30021] COMMIT received from 30048 for REQUEST 1741751883632
[2025-03-12 12:58:04,224] [INFO] [30021] COMMIT received from 30068 for REQUEST 1741751883632
[2025-03-12 12:58:04,224] [INFO] [30021] COMMIT complete. Sending PRE-REPLY: REQUEST 1741751883632 directly to Manager 30011
[2025-03-12 12:58:04,224] [INFO] [30021] PREPARE received from 30015 for REQUEST 1741751883632
[2025-03-12 12:58:04,224] [INFO] [30021] PREPARE received from 30068 for REQUEST 1741751883632
[2025-03-12 12:58:04,224] [INFO] [30021] COMMIT received from 30058 for REQUEST 1741751883632
[2025-03-12 12:58:04,227] [INFO] [30021] COMMIT received from 30071 for REQUEST 1741751883632
[2025-03-12 12:58:04,329] [INFO] [30021] COMMIT received from 30018 for REQUEST 1741751883632
[2025-03-12 12:58:04,329] [INFO] [30021] COMMIT received from 30062 for REQUEST 1741751883632
[2025-03-12 12:58:04,329] [INFO] [30021] COMMIT received from 30092 for REQUEST 1741751883632
[2025-03-12 12:58:04,329] [INFO] [30021] PREPARE received from 30062 for REQUEST 1741751883632
[2025-03-12 12:58:04,329] [INFO] [30021] COMMIT received from 30050 for REQUEST 1741751883632
[2025-03-12 12:58:04,329] [INFO] [30021] PREPARE received from 30050 for REQUEST 1741751883632
[2025-03-12 12:58:04,329] [INFO] [30021] COMMIT received from 30109 for REQUEST 1741751883632
[2025-03-12 12:58:04,370] [INFO] [30021] COMMIT received from 30056 for REQUEST 1741751883632
[2025-03-12 12:58:04,370] [INFO] [30021] COMMIT received from 30037 for REQUEST 1741751883632
[2025-03-12 12:58:04,414] [INFO] [30021] PREPARE received from 30085 for REQUEST 1741751883632
[2025-03-12 12:58:04,427] [INFO] [30021] COMMIT received from 30085 for REQUEST 1741751883632
[2025-03-12 12:58:04,427] [INFO] [30021] PREPARE received from 30065 for REQUEST 1741751883632
[2025-03-12 12:58:04,427] [INFO] [30021] PREPARE received from 30101 for REQUEST 1741751883632
[2025-03-12 12:58:04,427] [INFO] [30021] COMMIT received from 30101 for REQUEST 1741751883632
[2025-03-12 12:58:04,427] [INFO] [30021] COMMIT received from 30065 for REQUEST 1741751883632
[2025-03-12 12:58:04,442] [INFO] [30021] COMMIT received from 30015 for REQUEST 1741751883632
[2025-03-12 12:58:04,603] [INFO] [30021] PREPARE received from 30000 for REQUEST 1741751883632
[2025-03-12 12:58:04,663] [INFO] [30021] PREPARE received from 30033 for REQUEST 1741751883632
[2025-03-12 12:58:04,671] [INFO] [30021] PREPARE received from 30079 for REQUEST 1741751883632
[2025-03-12 12:58:04,671] [INFO] [30021] PREPARE received from 30069 for REQUEST 1741751883632
[2025-03-12 12:58:04,671] [INFO] [30021] PREPARE received from 30064 for REQUEST 1741751883632
[2025-03-12 12:58:04,691] [INFO] [30021] COMMIT received from 30064 for REQUEST 1741751883632
[2025-03-12 12:58:04,693] [INFO] [30021] COMMIT received from 30003 for REQUEST 1741751883632
[2025-03-12 12:58:04,693] [INFO] [30021] COMMIT received from 30079 for REQUEST 1741751883632
[2025-03-12 12:58:04,693] [INFO] [30021] COMMIT received from 30033 for REQUEST 1741751883632
[2025-03-12 12:58:04,693] [INFO] [30021] COMMIT received from 30069 for REQUEST 1741751883632
[2025-03-12 12:58:04,713] [INFO] [30021] PREPARE received from 30003 for REQUEST 1741751883632
[2025-03-12 12:58:04,713] [INFO] [30021] PREPARE received from 30117 for REQUEST 1741751883632
[2025-03-12 12:58:04,713] [INFO] [30021] PREPARE received from 30004 for REQUEST 1741751883632
[2025-03-12 12:58:04,731] [INFO] [30021] COMMIT received from 30117 for REQUEST 1741751883632
[2025-03-12 12:58:04,731] [INFO] [30021] PREPARE received from 30090 for REQUEST 1741751883632
[2025-03-12 12:58:04,745] [INFO] [30021] COMMIT received from 30090 for REQUEST 1741751883632
[2025-03-12 12:58:04,745] [INFO] [30021] COMMIT received from 30103 for REQUEST 1741751883632
[2025-03-12 12:58:04,745] [INFO] [30021] PREPARE received from 30093 for REQUEST 1741751883632
[2025-03-12 12:58:04,745] [INFO] [30021] COMMIT received from 30093 for REQUEST 1741751883632
[2025-03-12 12:58:04,770] [INFO] [30021] COMMIT received from 30004 for REQUEST 1741751883632
[2025-03-12 12:58:04,782] [INFO] [30021] COMMIT received from 30000 for REQUEST 1741751883632
[2025-03-12 12:58:04,840] [INFO] [30021] PREPARE received from 30025 for REQUEST 1741751883632
[2025-03-12 12:58:04,870] [INFO] [30021] COMMIT received from 30025 for REQUEST 1741751883632
[2025-03-12 13:45:28,718] [INFO] [30021] PRE-PREPARE received: {'request_id': 1741754728638, 'data': 'llapbft_message_1741754728638', 'timestamp': 1741754728.6704988, 'leader': 30103, 'cluster_id': 3, 'cluster_ports': [30000, 30003, 30004, 30011, 30015, 30018, 30021, 30025, 30033, 30037, 30048, 30050, 30056, 30058, 30062, 30064, 30065, 30068, 30069, 30071, 30079, 30085, 30090, 30092, 30093, 30101, 30103, 30109, 30117], 'cluster_manager': {'host': 'localhost', 'port': 30011, 'latitude': 36.6266983, 'longitude': 127.4591083, 'altitude': 31, 'offset_m': 'lat: 10 m, lng: 54 m, alt: 31 m'}, 'simulated_delay': 0.00017633333333333333, 'distance': 137.0009907224557, 'message_size_bits': 4232}
[2025-03-12 13:45:28,728] [INFO] [30021] Broadcasting PREPARE: REQUEST 1741754728638
[2025-03-12 13:45:28,827] [INFO] [30021] PREPARE received from 30109 for REQUEST 1741754728638
[2025-03-12 13:45:28,827] [INFO] [30021] Broadcasting COMMIT: REQUEST 1741754728638
[2025-03-12 13:45:28,866] [INFO] [30021] PREPARE received from 30015 for REQUEST 1741754728638
[2025-03-12 13:45:29,097] [INFO] [30021] PREPARE received from 30092 for REQUEST 1741754728638
[2025-03-12 13:45:29,097] [INFO] [30021] PREPARE received from 30048 for REQUEST 1741754728638
[2025-03-12 13:45:29,161] [INFO] [30021] PREPARE received from 30071 for REQUEST 1741754728638
[2025-03-12 13:45:29,161] [INFO] [30021] PREPARE received from 30056 for REQUEST 1741754728638
[2025-03-12 13:45:29,253] [INFO] [30021] PREPARE received from 30018 for REQUEST 1741754728638
[2025-03-12 13:45:29,253] [INFO] [30021] COMMIT received from 30015 for REQUEST 1741754728638
[2025-03-12 13:45:29,253] [INFO] [30021] COMMIT received from 30109 for REQUEST 1741754728638
[2025-03-12 13:45:29,253] [INFO] [30021] COMMIT complete. Sending PRE-REPLY: REQUEST 1741754728638 directly to Manager 30011
[2025-03-12 13:45:29,253] [INFO] [30021] COMMIT received from 30062 for REQUEST 1741754728638
[2025-03-12 13:45:29,253] [INFO] [30021] PREPARE received from 30062 for REQUEST 1741754728638
[2025-03-12 13:45:29,253] [INFO] [30021] COMMIT received from 30048 for REQUEST 1741754728638
[2025-03-12 13:45:29,253] [INFO] [30021] PREPARE received from 30065 for REQUEST 1741754728638
[2025-03-12 13:45:29,253] [INFO] [30021] PREPARE received from 30037 for REQUEST 1741754728638
[2025-03-12 13:45:29,301] [INFO] [30021] COMMIT received from 30092 for REQUEST 1741754728638
[2025-03-12 13:45:29,326] [INFO] [30021] COMMIT received from 30065 for REQUEST 1741754728638
[2025-03-12 13:45:29,328] [INFO] [30021] COMMIT received from 30101 for REQUEST 1741754728638
[2025-03-12 13:45:29,328] [INFO] [30021] COMMIT received from 30018 for REQUEST 1741754728638
[2025-03-12 13:45:29,328] [INFO] [30021] COMMIT received from 30071 for REQUEST 1741754728638
[2025-03-12 13:45:29,328] [INFO] [30021] PREPARE received from 30101 for REQUEST 1741754728638
[2025-03-12 13:45:29,352] [INFO] [30021] PREPARE received from 30058 for REQUEST 1741754728638
[2025-03-12 13:45:29,352] [INFO] [30021] PREPARE received from 30085 for REQUEST 1741754728638
[2025-03-12 13:45:29,382] [INFO] [30021] COMMIT received from 30058 for REQUEST 1741754728638
[2025-03-12 13:45:29,382] [INFO] [30021] COMMIT received from 30085 for REQUEST 1741754728638
[2025-03-12 13:45:29,419] [INFO] [30021] PREPARE received from 30004 for REQUEST 1741754728638
[2025-03-12 13:45:29,421] [INFO] [30021] PREPARE received from 30090 for REQUEST 1741754728638
[2025-03-12 13:45:29,421] [INFO] [30021] COMMIT received from 30037 for REQUEST 1741754728638
[2025-03-12 13:45:29,461] [INFO] [30021] PREPARE received from 30000 for REQUEST 1741754728638
[2025-03-12 13:45:29,461] [INFO] [30021] COMMIT received from 30090 for REQUEST 1741754728638
[2025-03-12 13:45:29,461] [INFO] [30021] COMMIT received from 30056 for REQUEST 1741754728638
[2025-03-12 13:45:29,527] [INFO] [30021] PREPARE received from 30050 for REQUEST 1741754728638
[2025-03-12 13:45:29,579] [INFO] [30021] COMMIT received from 30050 for REQUEST 1741754728638
[2025-03-12 13:45:29,612] [INFO] [30021] PREPARE received from 30033 for REQUEST 1741754728638
[2025-03-12 13:45:29,616] [INFO] [30021] COMMIT received from 30004 for REQUEST 1741754728638
[2025-03-12 13:45:29,616] [INFO] [30021] COMMIT received from 30033 for REQUEST 1741754728638
[2025-03-12 13:45:29,624] [INFO] [30021] PREPARE received from 30069 for REQUEST 1741754728638
[2025-03-12 13:45:29,628] [INFO] [30021] PREPARE received from 30093 for REQUEST 1741754728638
[2025-03-12 13:45:29,644] [INFO] [30021] COMMIT received from 30069 for REQUEST 1741754728638
[2025-03-12 13:45:29,644] [INFO] [30021] COMMIT received from 30093 for REQUEST 1741754728638
[2025-03-12 13:45:29,644] [INFO] [30021] COMMIT received from 30079 for REQUEST 1741754728638
[2025-03-12 13:45:29,647] [INFO] [30021] COMMIT received from 30103 for REQUEST 1741754728638
[2025-03-12 13:45:29,648] [INFO] [30021] PREPARE received from 30079 for REQUEST 1741754728638
[2025-03-12 13:45:29,698] [INFO] [30021] COMMIT received from 30000 for REQUEST 1741754728638
[2025-03-12 13:45:29,713] [INFO] [30021] PREPARE received from 30003 for REQUEST 1741754728638
[2025-03-12 13:45:29,729] [INFO] [30021] COMMIT received from 30003 for REQUEST 1741754728638
[2025-03-12 13:45:29,762] [INFO] [30021] PREPARE received from 30025 for REQUEST 1741754728638
[2025-03-12 13:45:29,797] [INFO] [30021] COMMIT received from 30025 for REQUEST 1741754728638
[2025-03-12 13:45:29,870] [INFO] [30021] PREPARE received from 30064 for REQUEST 1741754728638
[2025-03-12 13:45:29,870] [INFO] [30021] COMMIT received from 30064 for REQUEST 1741754728638
[2025-03-12 13:45:29,908] [INFO] [30021] PREPARE received from 30117 for REQUEST 1741754728638
[2025-03-12 13:45:29,917] [INFO] [30021] COMMIT received from 30117 for REQUEST 1741754728638
[2025-03-12 13:45:29,985] [INFO] [30021] PREPARE received from 30068 for REQUEST 1741754728638
[2025-03-12 13:45:29,985] [INFO] [30021] COMMIT received from 30068 for REQUEST 1741754728638
[2025-03-12 13:45:36,123] [INFO] [30021] PRE-PREPARE received: {'request_id': 1741754736031, 'data': 'llapbft_message_1741754736031', 'timestamp': 1741754736.063827, 'leader': 30103, 'cluster_id': 3, 'cluster_ports': [30000, 30003, 30004, 30011, 30015, 30018, 30021, 30025, 30033, 30037, 30048, 30050, 30056, 30058, 30062, 30064, 30065, 30068, 30069, 30071, 30079, 30085, 30090, 30092, 30093, 30101, 30103, 30109, 30117], 'cluster_manager': {'host': 'localhost', 'port': 30011, 'latitude': 36.6266983, 'longitude': 127.4591083, 'altitude': 31, 'offset_m': 'lat: 10 m, lng: 54 m, alt: 31 m'}, 'simulated_delay': 0.000176, 'distance': 137.0009907224557, 'message_size_bits': 4224}
[2025-03-12 13:45:36,123] [INFO] [30021] Broadcasting PREPARE: REQUEST 1741754736031
[2025-03-12 13:45:36,280] [INFO] [30021] COMMIT received from 30004 for REQUEST 1741754736031
[2025-03-12 13:45:36,280] [INFO] [30021] COMMIT received from 30090 for REQUEST 1741754736031
[2025-03-12 13:45:36,280] [INFO] [30021] PREPARE received from 30069 for REQUEST 1741754736031
[2025-03-12 13:45:36,280] [INFO] [30021] Broadcasting COMMIT: REQUEST 1741754736031
[2025-03-12 13:45:36,282] [INFO] [30021] COMMIT received from 30103 for REQUEST 1741754736031
[2025-03-12 13:45:36,282] [INFO] [30021] COMMIT complete. Sending PRE-REPLY: REQUEST 1741754736031 directly to Manager 30011
[2025-03-12 13:45:36,282] [INFO] [30021] COMMIT received from 30015 for REQUEST 1741754736031
[2025-03-12 13:45:36,284] [INFO] [30021] PREPARE received from 30058 for REQUEST 1741754736031
[2025-03-12 13:45:36,284] [INFO] [30021] COMMIT received from 30079 for REQUEST 1741754736031
[2025-03-12 13:45:36,285] [INFO] [30021] COMMIT received from 30056 for REQUEST 1741754736031
[2025-03-12 13:45:36,285] [INFO] [30021] COMMIT received from 30048 for REQUEST 1741754736031
[2025-03-12 13:45:36,285] [INFO] [30021] COMMIT received from 30058 for REQUEST 1741754736031
[2025-03-12 13:45:36,285] [INFO] [30021] PREPARE received from 30025 for REQUEST 1741754736031
[2025-03-12 13:45:36,286] [INFO] [30021] PREPARE received from 30079 for REQUEST 1741754736031
[2025-03-12 13:45:36,286] [INFO] [30021] COMMIT received from 30018 for REQUEST 1741754736031
[2025-03-12 13:45:36,286] [INFO] [30021] PREPARE received from 30003 for REQUEST 1741754736031
[2025-03-12 13:45:36,286] [INFO] [30021] COMMIT received from 30025 for REQUEST 1741754736031
[2025-03-12 13:45:36,286] [INFO] [30021] PREPARE received from 30109 for REQUEST 1741754736031
[2025-03-12 13:45:36,286] [INFO] [30021] COMMIT received from 30092 for REQUEST 1741754736031
[2025-03-12 13:45:36,287] [INFO] [30021] PREPARE received from 30092 for REQUEST 1741754736031
[2025-03-12 13:45:36,287] [INFO] [30021] COMMIT received from 30003 for REQUEST 1741754736031
[2025-03-12 13:45:36,287] [INFO] [30021] PREPARE received from 30048 for REQUEST 1741754736031
[2025-03-12 13:45:36,287] [INFO] [30021] COMMIT received from 30109 for REQUEST 1741754736031
[2025-03-12 13:45:36,287] [INFO] [30021] PREPARE received from 30015 for REQUEST 1741754736031
[2025-03-12 13:45:36,287] [INFO] [30021] PREPARE received from 30090 for REQUEST 1741754736031
[2025-03-12 13:45:36,287] [INFO] [30021] PREPARE received from 30037 for REQUEST 1741754736031
[2025-03-12 13:45:36,287] [INFO] [30021] COMMIT received from 30093 for REQUEST 1741754736031
[2025-03-12 13:45:36,287] [INFO] [30021] COMMIT received from 30050 for REQUEST 1741754736031
[2025-03-12 13:45:36,289] [INFO] [30021] PREPARE received from 30101 for REQUEST 1741754736031
[2025-03-12 13:45:36,289] [INFO] [30021] COMMIT received from 30064 for REQUEST 1741754736031
[2025-03-12 13:45:36,289] [INFO] [30021] PREPARE received from 30050 for REQUEST 1741754736031
[2025-03-12 13:45:36,289] [INFO] [30021] PREPARE received from 30064 for REQUEST 1741754736031
[2025-03-12 13:45:36,289] [INFO] [30021] COMMIT received from 30069 for REQUEST 1741754736031
[2025-03-12 13:45:36,289] [INFO] [30021] PREPARE received from 30004 for REQUEST 1741754736031
[2025-03-12 13:45:36,291] [INFO] [30021] PREPARE received from 30056 for REQUEST 1741754736031
[2025-03-12 13:45:36,291] [INFO] [30021] COMMIT received from 30068 for REQUEST 1741754736031
[2025-03-12 13:45:36,291] [INFO] [30021] PREPARE received from 30018 for REQUEST 1741754736031
[2025-03-12 13:45:36,291] [INFO] [30021] PREPARE received from 30068 for REQUEST 1741754736031
[2025-03-12 13:45:36,291] [INFO] [30021] PREPARE received from 30093 for REQUEST 1741754736031
[2025-03-12 13:45:36,297] [INFO] [30021] PREPARE received from 30085 for REQUEST 1741754736031
[2025-03-12 13:45:36,297] [INFO] [30021] PREPARE received from 30000 for REQUEST 1741754736031
[2025-03-12 13:45:36,338] [INFO] [30021] PREPARE received from 30065 for REQUEST 1741754736031
[2025-03-12 13:45:36,338] [INFO] [30021] COMMIT received from 30065 for REQUEST 1741754736031
[2025-03-12 13:45:36,349] [INFO] [30021] PREPARE received from 30071 for REQUEST 1741754736031
[2025-03-12 13:45:36,349] [INFO] [30021] COMMIT received from 30101 for REQUEST 1741754736031
[2025-03-12 13:45:36,349] [INFO] [30021] PREPARE received from 30117 for REQUEST 1741754736031
[2025-03-12 13:45:36,352] [INFO] [30021] PREPARE received from 30062 for REQUEST 1741754736031
[2025-03-12 13:45:36,357] [INFO] [30021] COMMIT received from 30071 for REQUEST 1741754736031
[2025-03-12 13:45:36,358] [INFO] [30021] COMMIT received from 30117 for REQUEST 1741754736031
[2025-03-12 13:45:36,363] [INFO] [30021] COMMIT received from 30062 for REQUEST 1741754736031
[2025-03-12 13:45:36,410] [INFO] [30021] COMMIT received from 30037 for REQUEST 1741754736031
[2025-03-12 13:45:36,459] [INFO] [30021] COMMIT received from 30000 for REQUEST 1741754736031
[2025-03-12 13:45:36,478] [INFO] [30021] COMMIT received from 30085 for REQUEST 1741754736031
[2025-03-12 13:45:36,489] [INFO] [30021] PREPARE received from 30033 for REQUEST 1741754736031
[2025-03-12 13:45:36,514] [INFO] [30021] COMMIT received from 30033 for REQUEST 1741754736031
[2025-03-12 13:45:47,474] [INFO] [30021] PRE-PREPARE received: {'request_id': 1741754747345, 'data': 'llapbft_message_1741754747345', 'timestamp': 1741754747.370292, 'leader': 30103, 'cluster_id': 3, 'cluster_ports': [30000, 30003, 30004, 30011, 30015, 30018, 30021, 30025, 30033, 30037, 30048, 30050, 30056, 30058, 30062, 30064, 30065, 30068, 30069, 30071, 30079, 30085, 30090, 30092, 30093, 30101, 30103, 30109, 30117], 'cluster_manager': {'host': 'localhost', 'port': 30011, 'latitude': 36.6266983, 'longitude': 127.4591083, 'altitude': 31, 'offset_m': 'lat: 10 m, lng: 54 m, alt: 31 m'}, 'simulated_delay': 0.000176, 'distance': 137.0009907224557, 'message_size_bits': 4224}
[2025-03-12 13:45:47,474] [INFO] [30021] Broadcasting PREPARE: REQUEST 1741754747345
[2025-03-12 13:45:47,480] [INFO] [30021] PREPARE received from 30062 for REQUEST 1741754747345
[2025-03-12 13:45:47,480] [INFO] [30021] Broadcasting COMMIT: REQUEST 1741754747345
[2025-03-12 13:45:47,567] [INFO] [30021] PREPARE received from 30068 for REQUEST 1741754747345
[2025-03-12 13:45:47,569] [INFO] [30021] PREPARE received from 30064 for REQUEST 1741754747345
[2025-03-12 13:45:47,569] [INFO] [30021] PREPARE received from 30071 for REQUEST 1741754747345
[2025-03-12 13:45:47,571] [INFO] [30021] PREPARE received from 30085 for REQUEST 1741754747345
[2025-03-12 13:45:47,579] [INFO] [30021] COMMIT received from 30004 for REQUEST 1741754747345
[2025-03-12 13:45:47,579] [INFO] [30021] COMMIT received from 30090 for REQUEST 1741754747345
[2025-03-12 13:45:47,579] [INFO] [30021] COMMIT complete. Sending PRE-REPLY: REQUEST 1741754747345 directly to Manager 30011
[2025-03-12 13:45:47,626] [INFO] [30021] PREPARE received from 30069 for REQUEST 1741754747345
[2025-03-12 13:45:47,632] [INFO] [30021] COMMIT received from 30103 for REQUEST 1741754747345
[2025-03-12 13:45:47,636] [INFO] [30021] COMMIT received from 30056 for REQUEST 1741754747345
[2025-03-12 13:45:47,636] [INFO] [30021] PREPARE received from 30101 for REQUEST 1741754747345
[2025-03-12 13:45:47,636] [INFO] [30021] COMMIT received from 30025 for REQUEST 1741754747345
[2025-03-12 13:45:47,636] [INFO] [30021] PREPARE received from 30037 for REQUEST 1741754747345
[2025-03-12 13:45:47,638] [INFO] [30021] PREPARE received from 30018 for REQUEST 1741754747345
[2025-03-12 13:45:47,638] [INFO] [30021] COMMIT received from 30003 for REQUEST 1741754747345
[2025-03-12 13:45:47,638] [INFO] [30021] PREPARE received from 30025 for REQUEST 1741754747345
[2025-03-12 13:45:47,638] [INFO] [30021] PREPARE received from 30003 for REQUEST 1741754747345
[2025-03-12 13:45:47,638] [INFO] [30021] PREPARE received from 30090 for REQUEST 1741754747345
[2025-03-12 13:45:47,638] [INFO] [30021] COMMIT received from 30093 for REQUEST 1741754747345
[2025-03-12 13:45:47,638] [INFO] [30021] COMMIT received from 30101 for REQUEST 1741754747345
[2025-03-12 13:45:47,640] [INFO] [30021] PREPARE received from 30050 for REQUEST 1741754747345
[2025-03-12 13:45:47,640] [INFO] [30021] COMMIT received from 30064 for REQUEST 1741754747345
[2025-03-12 13:45:47,640] [INFO] [30021] COMMIT received from 30071 for REQUEST 1741754747345
[2025-03-12 13:45:47,640] [INFO] [30021] PREPARE received from 30033 for REQUEST 1741754747345
[2025-03-12 13:45:47,640] [INFO] [30021] PREPARE received from 30117 for REQUEST 1741754747345
[2025-03-12 13:45:47,640] [INFO] [30021] COMMIT received from 30117 for REQUEST 1741754747345
[2025-03-12 13:45:47,642] [INFO] [30021] PREPARE received from 30004 for REQUEST 1741754747345
[2025-03-12 13:45:47,642] [INFO] [30021] PREPARE received from 30056 for REQUEST 1741754747345
[2025-03-12 13:45:47,642] [INFO] [30021] COMMIT received from 30068 for REQUEST 1741754747345
[2025-03-12 13:45:47,642] [INFO] [30021] COMMIT received from 30018 for REQUEST 1741754747345
[2025-03-12 13:45:47,642] [INFO] [30021] PREPARE received from 30093 for REQUEST 1741754747345
[2025-03-12 13:45:47,654] [INFO] [30021] PREPARE received from 30048 for REQUEST 1741754747345
[2025-03-12 13:45:47,655] [INFO] [30021] PREPARE received from 30000 for REQUEST 1741754747345
[2025-03-12 13:45:47,656] [INFO] [30021] COMMIT received from 30048 for REQUEST 1741754747345
[2025-03-12 13:45:47,658] [INFO] [30021] COMMIT received from 30037 for REQUEST 1741754747345
[2025-03-12 13:45:47,658] [INFO] [30021] COMMIT received from 30050 for REQUEST 1741754747345
[2025-03-12 13:45:47,724] [INFO] [30021] COMMIT received from 30069 for REQUEST 1741754747345
[2025-03-12 13:45:47,727] [INFO] [30021] COMMIT received from 30015 for REQUEST 1741754747345
[2025-03-12 13:45:47,727] [INFO] [30021] PREPARE received from 30058 for REQUEST 1741754747345
[2025-03-12 13:45:47,727] [INFO] [30021] COMMIT received from 30062 for REQUEST 1741754747345
[2025-03-12 13:45:47,728] [INFO] [30021] COMMIT received from 30109 for REQUEST 1741754747345
[2025-03-12 13:45:47,728] [INFO] [30021] PREPARE received from 30109 for REQUEST 1741754747345
[2025-03-12 13:45:47,728] [INFO] [30021] PREPARE received from 30015 for REQUEST 1741754747345
[2025-03-12 13:45:47,731] [INFO] [30021] PREPARE received from 30065 for REQUEST 1741754747345
[2025-03-12 13:45:47,731] [INFO] [30021] PREPARE received from 30092 for REQUEST 1741754747345
[2025-03-12 13:45:47,731] [INFO] [30021] COMMIT received from 30058 for REQUEST 1741754747345
[2025-03-12 13:45:47,731] [INFO] [30021] COMMIT received from 30092 for REQUEST 1741754747345
[2025-03-12 13:45:47,731] [INFO] [30021] COMMIT received from 30065 for REQUEST 1741754747345
[2025-03-12 13:45:47,738] [INFO] [30021] PREPARE received from 30079 for REQUEST 1741754747345
[2025-03-12 13:45:47,761] [INFO] [30021] COMMIT received from 30079 for REQUEST 1741754747345
[2025-03-12 13:45:47,808] [INFO] [30021] COMMIT received from 30085 for REQUEST 1741754747345
[2025-03-12 13:45:47,821] [INFO] [30021] COMMIT received from 30000 for REQUEST 1741754747345
[2025-03-12 13:45:47,880] [INFO] [30021] COMMIT received from 30033 for REQUEST 1741754747345
[2025-03-12 13:45:59,046] [INFO] [30021] PRE-PREPARE received: {'request_id': 1741754759008, 'data': 'llapbft_message_1741754759008', 'timestamp': 1741754759.0302613, 'leader': 30103, 'cluster_id': 3, 'cluster_ports': [30000, 30003, 30004, 30011, 30015, 30018, 30021, 30025, 30033, 30037, 30048, 30050, 30056, 30058, 30062, 30064, 30065, 30068, 30069, 30071, 30079, 30085, 30090, 30092, 30093, 30101, 30103, 30109, 30117], 'cluster_manager': {'host': 'localhost', 'port': 30011, 'latitude': 36.6266983, 'longitude': 127.4591083, 'altitude': 31, 'offset_m': 'lat: 10 m, lng: 54 m, alt: 31 m'}, 'simulated_delay': 0.00017633333333333333, 'distance': 137.0009907224557, 'message_size_bits': 4232}
[2025-03-12 13:45:59,046] [INFO] [30021] Broadcasting PREPARE: REQUEST 1741754759008
[2025-03-12 13:45:59,068] [INFO] [30021] PREPARE received from 30090 for REQUEST 1741754759008
[2025-03-12 13:45:59,070] [INFO] [30021] Broadcasting COMMIT: REQUEST 1741754759008
[2025-03-12 13:45:59,070] [INFO] [30021] PREPARE received from 30015 for REQUEST 1741754759008
[2025-03-12 13:45:59,070] [INFO] [30021] PREPARE received from 30048 for REQUEST 1741754759008
[2025-03-12 13:45:59,070] [INFO] [30021] PREPARE received from 30058 for REQUEST 1741754759008
[2025-03-12 13:45:59,070] [INFO] [30021] PREPARE received from 30050 for REQUEST 1741754759008
[2025-03-12 13:45:59,070] [INFO] [30021] PREPARE received from 30033 for REQUEST 1741754759008
[2025-03-12 13:45:59,070] [INFO] [30021] PREPARE received from 30085 for REQUEST 1741754759008
[2025-03-12 13:45:59,072] [INFO] [30021] PREPARE received from 30101 for REQUEST 1741754759008
[2025-03-12 13:45:59,072] [INFO] [30021] PREPARE received from 30065 for REQUEST 1741754759008
[2025-03-12 13:45:59,072] [INFO] [30021] PREPARE received from 30064 for REQUEST 1741754759008
[2025-03-12 13:45:59,072] [INFO] [30021] PREPARE received from 30069 for REQUEST 1741754759008
[2025-03-12 13:45:59,072] [INFO] [30021] PREPARE received from 30093 for REQUEST 1741754759008
[2025-03-12 13:45:59,074] [INFO] [30021] PREPARE received from 30000 for REQUEST 1741754759008
[2025-03-12 13:45:59,074] [INFO] [30021] PREPARE received from 30025 for REQUEST 1741754759008
[2025-03-12 13:45:59,074] [INFO] [30021] PREPARE received from 30092 for REQUEST 1741754759008
[2025-03-12 13:45:59,074] [INFO] [30021] PREPARE received from 30004 for REQUEST 1741754759008
[2025-03-12 13:45:59,074] [INFO] [30021] PREPARE received from 30056 for REQUEST 1741754759008
[2025-03-12 13:45:59,076] [INFO] [30021] PREPARE received from 30068 for REQUEST 1741754759008
[2025-03-12 13:45:59,076] [INFO] [30021] PREPARE received from 30003 for REQUEST 1741754759008
[2025-03-12 13:45:59,076] [INFO] [30021] PREPARE received from 30071 for REQUEST 1741754759008
[2025-03-12 13:45:59,083] [INFO] [30021] PREPARE received from 30062 for REQUEST 1741754759008
[2025-03-12 13:45:59,083] [INFO] [30021] PREPARE received from 30037 for REQUEST 1741754759008
[2025-03-12 13:45:59,083] [INFO] [30021] PREPARE received from 30079 for REQUEST 1741754759008
[2025-03-12 13:45:59,085] [INFO] [30021] PREPARE received from 30109 for REQUEST 1741754759008
[2025-03-12 13:45:59,095] [INFO] [30021] COMMIT received from 30050 for REQUEST 1741754759008
[2025-03-12 13:45:59,095] [INFO] [30021] COMMIT received from 30069 for REQUEST 1741754759008
[2025-03-12 13:45:59,095] [INFO] [30021] COMMIT complete. Sending PRE-REPLY: REQUEST 1741754759008 directly to Manager 30011
[2025-03-12 13:45:59,097] [INFO] [30021] COMMIT received from 30015 for REQUEST 1741754759008
[2025-03-12 13:45:59,097] [INFO] [30021] COMMIT received from 30025 for REQUEST 1741754759008
[2025-03-12 13:45:59,097] [INFO] [30021] COMMIT received from 30056 for REQUEST 1741754759008
[2025-03-12 13:45:59,097] [INFO] [30021] COMMIT received from 30033 for REQUEST 1741754759008
[2025-03-12 13:45:59,097] [INFO] [30021] COMMIT received from 30065 for REQUEST 1741754759008
[2025-03-12 13:45:59,099] [INFO] [30021] COMMIT received from 30004 for REQUEST 1741754759008
[2025-03-12 13:45:59,153] [INFO] [30021] COMMIT received from 30068 for REQUEST 1741754759008
[2025-03-12 13:45:59,153] [INFO] [30021] COMMIT received from 30064 for REQUEST 1741754759008
[2025-03-12 13:45:59,265] [INFO] [30021] PREPARE received from 30018 for REQUEST 1741754759008
[2025-03-12 13:45:59,265] [INFO] [30021] COMMIT received from 30090 for REQUEST 1741754759008
[2025-03-12 13:45:59,266] [INFO] [30021] COMMIT received from 30048 for REQUEST 1741754759008
[2025-03-12 13:45:59,266] [INFO] [30021] COMMIT received from 30101 for REQUEST 1741754759008
[2025-03-12 13:45:59,267] [INFO] [30021] COMMIT received from 30037 for REQUEST 1741754759008
[2025-03-12 13:45:59,267] [INFO] [30021] COMMIT received from 30018 for REQUEST 1741754759008
[2025-03-12 13:45:59,267] [INFO] [30021] COMMIT received from 30092 for REQUEST 1741754759008
[2025-03-12 13:45:59,267] [INFO] [30021] COMMIT received from 30109 for REQUEST 1741754759008
[2025-03-12 13:45:59,283] [INFO] [30021] COMMIT received from 30085 for REQUEST 1741754759008
[2025-03-12 13:45:59,311] [INFO] [30021] COMMIT received from 30093 for REQUEST 1741754759008
[2025-03-12 13:45:59,311] [INFO] [30021] PREPARE received from 30117 for REQUEST 1741754759008
[2025-03-12 13:45:59,320] [INFO] [30021] COMMIT received from 30000 for REQUEST 1741754759008
[2025-03-12 13:45:59,350] [INFO] [30021] COMMIT received from 30058 for REQUEST 1741754759008
[2025-03-12 13:45:59,361] [INFO] [30021] COMMIT received from 30079 for REQUEST 1741754759008
[2025-03-12 13:45:59,373] [INFO] [30021] COMMIT received from 30071 for REQUEST 1741754759008
[2025-03-12 13:45:59,394] [INFO] [30021] COMMIT received from 30103 for REQUEST 1741754759008
[2025-03-12 13:45:59,438] [INFO] [30021] COMMIT received from 30003 for REQUEST 1741754759008
[2025-03-12 13:45:59,443] [INFO] [30021] COMMIT received from 30117 for REQUEST 1741754759008
[2025-03-12 13:45:59,465] [INFO] [30021] COMMIT received from 30062 for REQUEST 1741754759008
[2025-03-12 13:46:11,319] [INFO] [30021] PRE-PREPARE received: {'request_id': 1741754771266, 'data': 'llapbft_message_1741754771266', 'timestamp': 1741754771.2983816, 'leader': 30103, 'cluster_id': 3, 'cluster_ports': [30000, 30003, 30004, 30011, 30015, 30018, 30021, 30025, 30033, 30037, 30048, 30050, 30056, 30058, 30062, 30064, 30065, 30068, 30069, 30071, 30079, 30085, 30090, 30092, 30093, 30101, 30103, 30109, 30117], 'cluster_manager': {'host': 'localhost', 'port': 30011, 'latitude': 36.6266983, 'longitude': 127.4591083, 'altitude': 31, 'offset_m': 'lat: 10 m, lng: 54 m, alt: 31 m'}, 'simulated_delay': 0.00017633333333333333, 'distance': 137.0009907224557, 'message_size_bits': 4232}
[2025-03-12 13:46:11,319] [INFO] [30021] Broadcasting PREPARE: REQUEST 1741754771266
[2025-03-12 13:46:11,361] [INFO] [30021] PREPARE received from 30056 for REQUEST 1741754771266
[2025-03-12 13:46:11,361] [INFO] [30021] Broadcasting COMMIT: REQUEST 1741754771266
[2025-03-12 13:46:11,446] [INFO] [30021] PREPARE received from 30015 for REQUEST 1741754771266
[2025-03-12 13:46:11,448] [INFO] [30021] PREPARE received from 30048 for REQUEST 1741754771266
[2025-03-12 13:46:11,448] [INFO] [30021] PREPARE received from 30058 for REQUEST 1741754771266
[2025-03-12 13:46:11,448] [INFO] [30021] PREPARE received from 30050 for REQUEST 1741754771266
[2025-03-12 13:46:11,448] [INFO] [30021] PREPARE received from 30085 for REQUEST 1741754771266
[2025-03-12 13:46:11,448] [INFO] [30021] PREPARE received from 30062 for REQUEST 1741754771266
[2025-03-12 13:46:11,448] [INFO] [30021] PREPARE received from 30101 for REQUEST 1741754771266
[2025-03-12 13:46:11,448] [INFO] [30021] PREPARE received from 30065 for REQUEST 1741754771266
[2025-03-12 13:46:11,450] [INFO] [30021] PREPARE received from 30064 for REQUEST 1741754771266
[2025-03-12 13:46:11,450] [INFO] [30021] PREPARE received from 30018 for REQUEST 1741754771266
[2025-03-12 13:46:11,450] [INFO] [30021] PREPARE received from 30069 for REQUEST 1741754771266
[2025-03-12 13:46:11,450] [INFO] [30021] PREPARE received from 30093 for REQUEST 1741754771266
[2025-03-12 13:46:11,450] [INFO] [30021] PREPARE received from 30025 for REQUEST 1741754771266
[2025-03-12 13:46:11,450] [INFO] [30021] PREPARE received from 30117 for REQUEST 1741754771266
[2025-03-12 13:46:11,450] [INFO] [30021] PREPARE received from 30092 for REQUEST 1741754771266
[2025-03-12 13:46:11,452] [INFO] [30021] PREPARE received from 30004 for REQUEST 1741754771266
[2025-03-12 13:46:11,452] [INFO] [30021] PREPARE received from 30068 for REQUEST 1741754771266
[2025-03-12 13:46:11,452] [INFO] [30021] PREPARE received from 30003 for REQUEST 1741754771266
[2025-03-12 13:46:11,452] [INFO] [30021] PREPARE received from 30109 for REQUEST 1741754771266
[2025-03-12 13:46:11,452] [INFO] [30021] PREPARE received from 30071 for REQUEST 1741754771266
[2025-03-12 13:46:11,454] [INFO] [30021] PREPARE received from 30090 for REQUEST 1741754771266
[2025-03-12 13:46:11,454] [INFO] [30021] PREPARE received from 30033 for REQUEST 1741754771266
[2025-03-12 13:46:11,454] [INFO] [30021] PREPARE received from 30000 for REQUEST 1741754771266
[2025-03-12 13:46:11,454] [INFO] [30021] PREPARE received from 30037 for REQUEST 1741754771266
[2025-03-12 13:46:11,473] [INFO] [30021] PREPARE received from 30079 for REQUEST 1741754771266
[2025-03-12 13:46:11,473] [INFO] [30021] COMMIT received from 30018 for REQUEST 1741754771266
[2025-03-12 13:46:11,532] [INFO] [30021] COMMIT received from 30103 for REQUEST 1741754771266
[2025-03-12 13:46:11,532] [INFO] [30021] COMMIT complete. Sending PRE-REPLY: REQUEST 1741754771266 directly to Manager 30011
[2025-03-12 13:46:11,533] [INFO] [30021] COMMIT received from 30033 for REQUEST 1741754771266
[2025-03-12 13:46:11,535] [INFO] [30021] COMMIT received from 30037 for REQUEST 1741754771266
[2025-03-12 13:46:11,535] [INFO] [30021] COMMIT received from 30090 for REQUEST 1741754771266
[2025-03-12 13:46:11,537] [INFO] [30021] COMMIT received from 30101 for REQUEST 1741754771266
[2025-03-12 13:46:11,537] [INFO] [30021] COMMIT received from 30068 for REQUEST 1741754771266
[2025-03-12 13:46:11,547] [INFO] [30021] COMMIT received from 30004 for REQUEST 1741754771266
[2025-03-12 13:46:11,547] [INFO] [30021] COMMIT received from 30050 for REQUEST 1741754771266
[2025-03-12 13:46:11,548] [INFO] [30021] COMMIT received from 30062 for REQUEST 1741754771266
[2025-03-12 13:46:11,598] [INFO] [30021] COMMIT received from 30079 for REQUEST 1741754771266
[2025-03-12 13:46:11,600] [INFO] [30021] COMMIT received from 30058 for REQUEST 1741754771266
[2025-03-12 13:46:11,602] [INFO] [30021] COMMIT received from 30025 for REQUEST 1741754771266
[2025-03-12 13:46:11,602] [INFO] [30021] COMMIT received from 30056 for REQUEST 1741754771266
[2025-03-12 13:46:11,602] [INFO] [30021] COMMIT received from 30109 for REQUEST 1741754771266
[2025-03-12 13:46:11,602] [INFO] [30021] COMMIT received from 30048 for REQUEST 1741754771266
[2025-03-12 13:46:11,603] [INFO] [30021] COMMIT received from 30092 for REQUEST 1741754771266
[2025-03-12 13:46:11,603] [INFO] [30021] COMMIT received from 30071 for REQUEST 1741754771266
[2025-03-12 13:46:11,617] [INFO] [30021] COMMIT received from 30003 for REQUEST 1741754771266
[2025-03-12 13:46:11,649] [INFO] [30021] COMMIT received from 30064 for REQUEST 1741754771266
[2025-03-12 13:46:11,654] [INFO] [30021] COMMIT received from 30093 for REQUEST 1741754771266
[2025-03-12 13:46:11,663] [INFO] [30021] COMMIT received from 30065 for REQUEST 1741754771266
[2025-03-12 13:46:11,664] [INFO] [30021] COMMIT received from 30085 for REQUEST 1741754771266
[2025-03-12 13:46:11,667] [INFO] [30021] COMMIT received from 30069 for REQUEST 1741754771266
[2025-03-12 13:46:11,670] [INFO] [30021] COMMIT received from 30015 for REQUEST 1741754771266
[2025-03-12 13:46:11,670] [INFO] [30021] COMMIT received from 30117 for REQUEST 1741754771266
[2025-03-12 13:46:11,682] [INFO] [30021] COMMIT received from 30000 for REQUEST 1741754771266
[2025-03-12 14:44:18,223] [INFO] [30021] PRE-PREPARE received: {'request_id': 1741758258160, 'data': 'llapbft_message_1741758258160', 'timestamp': 1741758258.1917994, 'leader': 30103, 'cluster_id': 3, 'cluster_ports': [30000, 30003, 30004, 30011, 30015, 30018, 30021, 30025, 30033, 30037, 30048, 30050, 30056, 30058, 30062, 30064, 30065, 30068, 30069, 30071, 30079, 30085, 30090, 30092, 30093, 30101, 30103, 30109, 30117], 'cluster_manager': {'host': 'localhost', 'port': 30011, 'latitude': 36.6266983, 'longitude': 127.4591083, 'altitude': 31, 'offset_m': 'lat: 10 m, lng: 54 m, alt: 31 m'}, 'simulated_delay': 0.00017633333333333333, 'distance': 137.0009907224557, 'message_size_bits': 4232}
[2025-03-12 14:44:18,223] [INFO] [30021] Broadcasting PREPARE: REQUEST 1741758258160
[2025-03-12 14:44:18,374] [INFO] [30021] PREPARE received from 30037 for REQUEST 1741758258160
[2025-03-12 14:44:18,374] [INFO] [30021] Broadcasting COMMIT: REQUEST 1741758258160
[2025-03-12 14:44:18,374] [INFO] [30021] PREPARE received from 30071 for REQUEST 1741758258160
[2025-03-12 14:44:18,377] [INFO] [30021] PREPARE received from 30109 for REQUEST 1741758258160
[2025-03-12 14:44:18,377] [INFO] [30021] PREPARE received from 30058 for REQUEST 1741758258160
[2025-03-12 14:44:18,487] [INFO] [30021] COMMIT received from 30071 for REQUEST 1741758258160
[2025-03-12 14:44:18,487] [INFO] [30021] PREPARE received from 30092 for REQUEST 1741758258160
[2025-03-12 14:44:18,491] [INFO] [30021] PREPARE received from 30018 for REQUEST 1741758258160
[2025-03-12 14:44:18,602] [INFO] [30021] COMMIT received from 30092 for REQUEST 1741758258160
[2025-03-12 14:44:18,602] [INFO] [30021] COMMIT complete. Sending PRE-REPLY: REQUEST 1741758258160 directly to Manager 30011
[2025-03-12 14:44:18,632] [INFO] [30021] PREPARE received from 30056 for REQUEST 1741758258160
[2025-03-12 14:44:18,663] [INFO] [30021] PREPARE received from 30048 for REQUEST 1741758258160
[2025-03-12 14:44:18,663] [INFO] [30021] COMMIT received from 30058 for REQUEST 1741758258160
[2025-03-12 14:44:18,663] [INFO] [30021] COMMIT received from 30062 for REQUEST 1741758258160
[2025-03-12 14:44:18,663] [INFO] [30021] COMMIT received from 30048 for REQUEST 1741758258160
[2025-03-12 14:44:18,663] [INFO] [30021] PREPARE received from 30062 for REQUEST 1741758258160
[2025-03-12 14:44:18,663] [INFO] [30021] PREPARE received from 30015 for REQUEST 1741758258160
[2025-03-12 14:44:18,663] [INFO] [30021] COMMIT received from 30037 for REQUEST 1741758258160
[2025-03-12 14:44:18,663] [INFO] [30021] COMMIT received from 30109 for REQUEST 1741758258160
[2025-03-12 14:44:18,848] [INFO] [30021] COMMIT received from 30015 for REQUEST 1741758258160
[2025-03-12 14:44:18,848] [INFO] [30021] COMMIT received from 30018 for REQUEST 1741758258160
[2025-03-12 14:44:18,864] [INFO] [30021] PREPARE received from 30085 for REQUEST 1741758258160
[2025-03-12 14:44:18,864] [INFO] [30021] PREPARE received from 30065 for REQUEST 1741758258160
[2025-03-12 14:44:18,864] [INFO] [30021] PREPARE received from 30050 for REQUEST 1741758258160
[2025-03-12 14:44:18,864] [INFO] [30021] COMMIT received from 30050 for REQUEST 1741758258160
[2025-03-12 14:44:18,864] [INFO] [30021] COMMIT received from 30085 for REQUEST 1741758258160
[2025-03-12 14:44:18,874] [INFO] [30021] COMMIT received from 30065 for REQUEST 1741758258160
[2025-03-12 14:44:18,965] [INFO] [30021] PREPARE received from 30090 for REQUEST 1741758258160
[2025-03-12 14:44:18,965] [INFO] [30021] PREPARE received from 30000 for REQUEST 1741758258160
[2025-03-12 14:44:18,969] [INFO] [30021] COMMIT received from 30090 for REQUEST 1741758258160
[2025-03-12 14:44:18,969] [INFO] [30021] PREPARE received from 30064 for REQUEST 1741758258160
[2025-03-12 14:44:18,969] [INFO] [30021] PREPARE received from 30003 for REQUEST 1741758258160
[2025-03-12 14:44:18,983] [INFO] [30021] COMMIT received from 30069 for REQUEST 1741758258160
[2025-03-12 14:44:18,983] [INFO] [30021] COMMIT received from 30064 for REQUEST 1741758258160
[2025-03-12 14:44:18,990] [INFO] [30021] COMMIT received from 30003 for REQUEST 1741758258160
[2025-03-12 14:44:18,990] [INFO] [30021] COMMIT received from 30056 for REQUEST 1741758258160
[2025-03-12 14:44:18,990] [INFO] [30021] PREPARE received from 30069 for REQUEST 1741758258160
[2025-03-12 14:44:19,003] [INFO] [30021] COMMIT received from 30103 for REQUEST 1741758258160
[2025-03-12 14:44:19,110] [INFO] [30021] PREPARE received from 30093 for REQUEST 1741758258160
[2025-03-12 14:44:19,120] [INFO] [30021] PREPARE received from 30025 for REQUEST 1741758258160
[2025-03-12 14:44:19,162] [INFO] [30021] PREPARE received from 30033 for REQUEST 1741758258160
[2025-03-12 14:44:19,196] [INFO] [30021] PREPARE received from 30117 for REQUEST 1741758258160
[2025-03-12 14:44:19,196] [INFO] [30021] COMMIT received from 30093 for REQUEST 1741758258160
[2025-03-12 14:44:19,211] [INFO] [30021] COMMIT received from 30025 for REQUEST 1741758258160
[2025-03-12 14:44:19,229] [INFO] [30021] PREPARE received from 30068 for REQUEST 1741758258160
[2025-03-12 14:44:19,229] [INFO] [30021] PREPARE received from 30004 for REQUEST 1741758258160
[2025-03-12 14:44:19,229] [INFO] [30021] COMMIT received from 30117 for REQUEST 1741758258160
[2025-03-12 14:44:19,229] [INFO] [30021] COMMIT received from 30068 for REQUEST 1741758258160
[2025-03-12 14:44:19,251] [INFO] [30021] PREPARE received from 30079 for REQUEST 1741758258160
[2025-03-12 14:44:19,251] [INFO] [30021] COMMIT received from 30033 for REQUEST 1741758258160
[2025-03-12 14:44:19,251] [INFO] [30021] COMMIT received from 30079 for REQUEST 1741758258160
[2025-03-12 14:44:19,251] [INFO] [30021] COMMIT received from 30000 for REQUEST 1741758258160
[2025-03-12 14:44:19,260] [INFO] [30021] PREPARE received from 30101 for REQUEST 1741758258160
[2025-03-12 14:44:19,260] [INFO] [30021] COMMIT received from 30101 for REQUEST 1741758258160
[2025-03-12 14:44:19,268] [INFO] [30021] COMMIT received from 30004 for REQUEST 1741758258160
[2025-03-12 15:55:37,240] [INFO] Node started: localhost:30021 | index=22 | f=1, k=4
[2025-03-12 15:55:41,200] [INFO] [CLUSTER LEADER 30021] Forwarded PRE-REQUEST received: {'request_id': 1741762541162, 'timestamp': 1741762541.1626308, 'data': 'llapbft_message_1741762541162', 'cluster_id': 0, 'cluster_ports': [30006, 30012, 30013, 30017, 30019, 30021, 30022, 30024, 30026, 30029, 30030, 30034, 30036, 30039], 'leader': 30021, 'client_port': 20001, 'origin': 'manager', 'simulated_delay': 0.00019033333333333334, 'distance': 112.84389281703585, 'message_size_bits': 4568, 'cluster_manager': {'host': 'localhost', 'port': 30012, 'latitude': 36.6267561, 'longitude': 127.4586693, 'altitude': 158, 'offset_m': 'lat: 17 m, lng: 15 m, alt: 158 m'}}
[2025-03-12 15:55:41,200] [INFO] [CLUSTER LEADER 30021] Broadcasting PRE-PREPARE: REQUEST 1741762541162
[2025-03-12 15:55:41,234] [INFO] [30021] PREPARE received from 30039 for REQUEST 1741762541162
[2025-03-12 15:55:41,234] [INFO] [30021] PREPARE received from 30036 for REQUEST 1741762541162
[2025-03-12 15:55:41,234] [INFO] [30021] Broadcasting COMMIT: REQUEST 1741762541162
[2025-03-12 15:55:41,234] [INFO] [30021] PREPARE received from 30022 for REQUEST 1741762541162
[2025-03-12 15:55:41,258] [INFO] [30021] PREPARE received from 30026 for REQUEST 1741762541162
[2025-03-12 15:55:41,258] [INFO] [30021] PREPARE received from 30029 for REQUEST 1741762541162
[2025-03-12 15:55:41,264] [INFO] [30021] PREPARE received from 30006 for REQUEST 1741762541162
[2025-03-12 15:55:41,264] [INFO] [30021] COMMIT received from 30022 for REQUEST 1741762541162
[2025-03-12 15:55:41,264] [INFO] [30021] COMMIT received from 30039 for REQUEST 1741762541162
[2025-03-12 15:55:41,264] [INFO] [30021] COMMIT complete. Sending PRE-REPLY: REQUEST 1741762541162 directly to Manager 30012
[2025-03-12 15:55:41,264] [INFO] [30021] PREPARE received from 30024 for REQUEST 1741762541162
[2025-03-12 15:55:41,264] [INFO] [30021] COMMIT received from 30029 for REQUEST 1741762541162
[2025-03-12 15:55:41,280] [INFO] [30021] COMMIT received from 30030 for REQUEST 1741762541162
[2025-03-12 15:55:41,280] [INFO] [30021] PREPARE received from 30030 for REQUEST 1741762541162
[2025-03-12 15:55:41,280] [INFO] [30021] COMMIT received from 30036 for REQUEST 1741762541162
[2025-03-12 15:55:41,280] [INFO] [30021] COMMIT received from 30034 for REQUEST 1741762541162
[2025-03-12 15:55:41,280] [INFO] [30021] PREPARE received from 30034 for REQUEST 1741762541162
[2025-03-12 15:55:41,285] [INFO] [30021] COMMIT received from 30026 for REQUEST 1741762541162
[2025-03-12 15:55:41,285] [INFO] [30021] COMMIT received from 30024 for REQUEST 1741762541162
[2025-03-12 15:55:41,285] [INFO] [30021] PREPARE received from 30019 for REQUEST 1741762541162
[2025-03-12 15:55:41,285] [INFO] [30021] COMMIT received from 30019 for REQUEST 1741762541162
[2025-03-12 15:55:41,285] [INFO] [30021] PREPARE received from 30017 for REQUEST 1741762541162
[2025-03-12 15:55:41,296] [INFO] [30021] COMMIT received from 30006 for REQUEST 1741762541162
[2025-03-12 15:55:41,296] [INFO] [30021] COMMIT received from 30017 for REQUEST 1741762541162
[2025-03-12 15:55:41,296] [INFO] [30021] PREPARE received from 30013 for REQUEST 1741762541162
[2025-03-12 15:55:41,310] [INFO] [30021] COMMIT received from 30013 for REQUEST 1741762541162
[2025-03-12 15:55:48,176] [INFO] [CLUSTER LEADER 30021] Forwarded PRE-REQUEST received: {'request_id': 1741762548144, 'timestamp': 1741762548.1444147, 'data': 'llapbft_message_1741762548144', 'cluster_id': 0, 'cluster_ports': [30006, 30012, 30013, 30017, 30019, 30021, 30022, 30024, 30026, 30029, 30030, 30034, 30036, 30039], 'leader': 30021, 'client_port': 20001, 'origin': 'manager', 'simulated_delay': 0.00019033333333333334, 'distance': 112.84389281703585, 'message_size_bits': 4568, 'cluster_manager': {'host': 'localhost', 'port': 30012, 'latitude': 36.6267561, 'longitude': 127.4586693, 'altitude': 158, 'offset_m': 'lat: 17 m, lng: 15 m, alt: 158 m'}}
[2025-03-12 15:55:48,176] [INFO] [CLUSTER LEADER 30021] Broadcasting PRE-PREPARE: REQUEST 1741762548144
[2025-03-12 15:55:48,215] [INFO] [30021] PREPARE received from 30006 for REQUEST 1741762548144
[2025-03-12 15:55:48,215] [INFO] [30021] PREPARE received from 30017 for REQUEST 1741762548144
[2025-03-12 15:55:48,215] [INFO] [30021] Broadcasting COMMIT: REQUEST 1741762548144
[2025-03-12 15:55:48,217] [INFO] [30021] PREPARE received from 30036 for REQUEST 1741762548144
[2025-03-12 15:55:48,217] [INFO] [30021] PREPARE received from 30024 for REQUEST 1741762548144
[2025-03-12 15:55:48,217] [INFO] [30021] PREPARE received from 30019 for REQUEST 1741762548144
[2025-03-12 15:55:48,217] [INFO] [30021] PREPARE received from 30022 for REQUEST 1741762548144
[2025-03-12 15:55:48,217] [INFO] [30021] PREPARE received from 30013 for REQUEST 1741762548144
[2025-03-12 15:55:48,217] [INFO] [30021] PREPARE received from 30030 for REQUEST 1741762548144
[2025-03-12 15:55:48,217] [INFO] [30021] PREPARE received from 30026 for REQUEST 1741762548144
[2025-03-12 15:55:48,217] [INFO] [30021] PREPARE received from 30034 for REQUEST 1741762548144
[2025-03-12 15:55:48,219] [INFO] [30021] PREPARE received from 30029 for REQUEST 1741762548144
[2025-03-12 15:55:48,221] [INFO] [30021] PREPARE received from 30039 for REQUEST 1741762548144
[2025-03-12 15:55:48,226] [INFO] [30021] COMMIT received from 30036 for REQUEST 1741762548144
[2025-03-12 15:55:48,226] [INFO] [30021] COMMIT received from 30024 for REQUEST 1741762548144
[2025-03-12 15:55:48,226] [INFO] [30021] COMMIT complete. Sending PRE-REPLY: REQUEST 1741762548144 directly to Manager 30012
[2025-03-12 15:55:48,228] [INFO] [30021] COMMIT received from 30006 for REQUEST 1741762548144
[2025-03-12 15:55:48,228] [INFO] [30021] COMMIT received from 30030 for REQUEST 1741762548144
[2025-03-12 15:55:48,228] [INFO] [30021] COMMIT received from 30017 for REQUEST 1741762548144
[2025-03-12 15:55:48,230] [INFO] [30021] COMMIT received from 30022 for REQUEST 1741762548144
[2025-03-12 15:55:48,230] [INFO] [30021] COMMIT received from 30034 for REQUEST 1741762548144
[2025-03-12 15:55:48,230] [INFO] [30021] COMMIT received from 30013 for REQUEST 1741762548144
[2025-03-12 15:55:48,230] [INFO] [30021] COMMIT received from 30019 for REQUEST 1741762548144
[2025-03-12 15:55:48,230] [INFO] [30021] COMMIT received from 30026 for REQUEST 1741762548144
[2025-03-12 15:55:48,230] [INFO] [30021] COMMIT received from 30029 for REQUEST 1741762548144
[2025-03-12 15:55:48,230] [INFO] [30021] COMMIT received from 30039 for REQUEST 1741762548144
[2025-03-12 15:55:49,783] [INFO] [CLUSTER LEADER 30021] Forwarded PRE-REQUEST received: {'request_id': 1741762549751, 'timestamp': 1741762549.7515476, 'data': 'llapbft_message_1741762549751', 'cluster_id': 0, 'cluster_ports': [30006, 30012, 30013, 30017, 30019, 30021, 30022, 30024, 30026, 30029, 30030, 30034, 30036, 30039], 'leader': 30021, 'client_port': 20001, 'origin': 'manager', 'simulated_delay': 0.00019033333333333334, 'distance': 112.84389281703585, 'message_size_bits': 4568, 'cluster_manager': {'host': 'localhost', 'port': 30012, 'latitude': 36.6267561, 'longitude': 127.4586693, 'altitude': 158, 'offset_m': 'lat: 17 m, lng: 15 m, alt: 158 m'}}
[2025-03-12 15:55:49,783] [INFO] [CLUSTER LEADER 30021] Broadcasting PRE-PREPARE: REQUEST 1741762549751
[2025-03-12 15:55:49,810] [INFO] [30021] PREPARE received from 30039 for REQUEST 1741762549751
[2025-03-12 15:55:49,810] [INFO] [30021] PREPARE received from 30017 for REQUEST 1741762549751
[2025-03-12 15:55:49,810] [INFO] [30021] Broadcasting COMMIT: REQUEST 1741762549751
[2025-03-12 15:55:49,812] [INFO] [30021] PREPARE received from 30036 for REQUEST 1741762549751
[2025-03-12 15:55:49,812] [INFO] [30021] PREPARE received from 30024 for REQUEST 1741762549751
[2025-03-12 15:55:49,812] [INFO] [30021] PREPARE received from 30019 for REQUEST 1741762549751
[2025-03-12 15:55:49,813] [INFO] [30021] PREPARE received from 30006 for REQUEST 1741762549751
[2025-03-12 15:55:49,813] [INFO] [30021] PREPARE received from 30022 for REQUEST 1741762549751
[2025-03-12 15:55:49,813] [INFO] [30021] PREPARE received from 30034 for REQUEST 1741762549751
[2025-03-12 15:55:49,814] [INFO] [30021] PREPARE received from 30013 for REQUEST 1741762549751
[2025-03-12 15:55:49,814] [INFO] [30021] PREPARE received from 30030 for REQUEST 1741762549751
[2025-03-12 15:55:49,814] [INFO] [30021] PREPARE received from 30026 for REQUEST 1741762549751
[2025-03-12 15:55:49,814] [INFO] [30021] PREPARE received from 30029 for REQUEST 1741762549751
[2025-03-12 15:55:49,822] [INFO] [30021] COMMIT received from 30039 for REQUEST 1741762549751
[2025-03-12 15:55:49,822] [INFO] [30021] COMMIT received from 30024 for REQUEST 1741762549751
[2025-03-12 15:55:49,822] [INFO] [30021] COMMIT complete. Sending PRE-REPLY: REQUEST 1741762549751 directly to Manager 30012
[2025-03-12 15:55:49,825] [INFO] [30021] COMMIT received from 30019 for REQUEST 1741762549751
[2025-03-12 15:55:49,825] [INFO] [30021] COMMIT received from 30017 for REQUEST 1741762549751
[2025-03-12 15:55:49,825] [INFO] [30021] COMMIT received from 30034 for REQUEST 1741762549751
[2025-03-12 15:55:49,825] [INFO] [30021] COMMIT received from 30030 for REQUEST 1741762549751
[2025-03-12 15:55:49,825] [INFO] [30021] COMMIT received from 30026 for REQUEST 1741762549751
[2025-03-12 15:55:49,825] [INFO] [30021] COMMIT received from 30022 for REQUEST 1741762549751
[2025-03-12 15:55:49,827] [INFO] [30021] COMMIT received from 30006 for REQUEST 1741762549751
[2025-03-12 15:55:49,829] [INFO] [30021] COMMIT received from 30036 for REQUEST 1741762549751
[2025-03-12 15:55:49,829] [INFO] [30021] COMMIT received from 30013 for REQUEST 1741762549751
[2025-03-12 15:55:49,836] [INFO] [30021] COMMIT received from 30029 for REQUEST 1741762549751
[2025-03-12 15:55:50,907] [INFO] [CLUSTER LEADER 30021] Forwarded PRE-REQUEST received: {'request_id': 1741762550875, 'timestamp': 1741762550.8753254, 'data': 'llapbft_message_1741762550875', 'cluster_id': 0, 'cluster_ports': [30006, 30012, 30013, 30017, 30019, 30021, 30022, 30024, 30026, 30029, 30030, 30034, 30036, 30039], 'leader': 30021, 'client_port': 20001, 'origin': 'manager', 'simulated_delay': 0.00019033333333333334, 'distance': 112.84389281703585, 'message_size_bits': 4568, 'cluster_manager': {'host': 'localhost', 'port': 30012, 'latitude': 36.6267561, 'longitude': 127.4586693, 'altitude': 158, 'offset_m': 'lat: 17 m, lng: 15 m, alt: 158 m'}}
[2025-03-12 15:55:50,907] [INFO] [CLUSTER LEADER 30021] Broadcasting PRE-PREPARE: REQUEST 1741762550875
[2025-03-12 15:55:50,934] [INFO] [30021] PREPARE received from 30006 for REQUEST 1741762550875
[2025-03-12 15:55:50,934] [INFO] [30021] PREPARE received from 30013 for REQUEST 1741762550875
[2025-03-12 15:55:50,934] [INFO] [30021] Broadcasting COMMIT: REQUEST 1741762550875
[2025-03-12 15:55:50,934] [INFO] [30021] PREPARE received from 30029 for REQUEST 1741762550875
[2025-03-12 15:55:50,938] [INFO] [30021] PREPARE received from 30039 for REQUEST 1741762550875
[2025-03-12 15:55:50,938] [INFO] [30021] PREPARE received from 30030 for REQUEST 1741762550875
[2025-03-12 15:55:50,938] [INFO] [30021] PREPARE received from 30026 for REQUEST 1741762550875
[2025-03-12 15:55:50,938] [INFO] [30021] PREPARE received from 30019 for REQUEST 1741762550875
[2025-03-12 15:55:50,938] [INFO] [30021] PREPARE received from 30034 for REQUEST 1741762550875
[2025-03-12 15:55:50,940] [INFO] [30021] PREPARE received from 30024 for REQUEST 1741762550875
[2025-03-12 15:55:50,944] [INFO] [30021] PREPARE received from 30017 for REQUEST 1741762550875
[2025-03-12 15:55:50,944] [INFO] [30021] PREPARE received from 30022 for REQUEST 1741762550875
[2025-03-12 15:55:50,946] [INFO] [30021] PREPARE received from 30036 for REQUEST 1741762550875
[2025-03-12 15:55:50,946] [INFO] [30021] COMMIT received from 30026 for REQUEST 1741762550875
[2025-03-12 15:55:50,952] [INFO] [30021] COMMIT received from 30006 for REQUEST 1741762550875
[2025-03-12 15:55:50,952] [INFO] [30021] COMMIT complete. Sending PRE-REPLY: REQUEST 1741762550875 directly to Manager 30012
[2025-03-12 15:55:50,954] [INFO] [30021] COMMIT received from 30029 for REQUEST 1741762550875
[2025-03-12 15:55:50,956] [INFO] [30021] COMMIT received from 30034 for REQUEST 1741762550875
[2025-03-12 15:55:50,956] [INFO] [30021] COMMIT received from 30039 for REQUEST 1741762550875
[2025-03-12 15:55:50,956] [INFO] [30021] COMMIT received from 30013 for REQUEST 1741762550875
[2025-03-12 15:55:50,956] [INFO] [30021] COMMIT received from 30017 for REQUEST 1741762550875
[2025-03-12 15:55:50,956] [INFO] [30021] COMMIT received from 30019 for REQUEST 1741762550875
[2025-03-12 15:55:50,956] [INFO] [30021] COMMIT received from 30024 for REQUEST 1741762550875
[2025-03-12 15:55:50,956] [INFO] [30021] COMMIT received from 30036 for REQUEST 1741762550875
[2025-03-12 15:55:50,956] [INFO] [30021] COMMIT received from 30022 for REQUEST 1741762550875
[2025-03-12 15:55:50,956] [INFO] [30021] COMMIT received from 30030 for REQUEST 1741762550875
[2025-03-12 15:55:51,917] [INFO] [CLUSTER LEADER 30021] Forwarded PRE-REQUEST received: {'request_id': 1741762551886, 'timestamp': 1741762551.8861556, 'data': 'llapbft_message_1741762551886', 'cluster_id': 0, 'cluster_ports': [30006, 30012, 30013, 30017, 30019, 30021, 30022, 30024, 30026, 30029, 30030, 30034, 30036, 30039], 'leader': 30021, 'client_port': 20001, 'origin': 'manager', 'simulated_delay': 0.00019033333333333334, 'distance': 112.84389281703585, 'message_size_bits': 4568, 'cluster_manager': {'host': 'localhost', 'port': 30012, 'latitude': 36.6267561, 'longitude': 127.4586693, 'altitude': 158, 'offset_m': 'lat: 17 m, lng: 15 m, alt: 158 m'}}
[2025-03-12 15:55:51,917] [INFO] [CLUSTER LEADER 30021] Broadcasting PRE-PREPARE: REQUEST 1741762551886
[2025-03-12 15:55:51,944] [INFO] [30021] PREPARE received from 30026 for REQUEST 1741762551886
[2025-03-12 15:55:51,944] [INFO] [30021] PREPARE received from 30034 for REQUEST 1741762551886
[2025-03-12 15:55:51,944] [INFO] [30021] Broadcasting COMMIT: REQUEST 1741762551886
[2025-03-12 15:55:51,949] [INFO] [30021] PREPARE received from 30039 for REQUEST 1741762551886
[2025-03-12 15:55:51,949] [INFO] [30021] PREPARE received from 30030 for REQUEST 1741762551886
[2025-03-12 15:55:51,949] [INFO] [30021] PREPARE received from 30019 for REQUEST 1741762551886
[2025-03-12 15:55:51,949] [INFO] [30021] PREPARE received from 30013 for REQUEST 1741762551886
[2025-03-12 15:55:51,949] [INFO] [30021] PREPARE received from 30017 for REQUEST 1741762551886
[2025-03-12 15:55:51,951] [INFO] [30021] PREPARE received from 30024 for REQUEST 1741762551886
[2025-03-12 15:55:51,951] [INFO] [30021] PREPARE received from 30022 for REQUEST 1741762551886
[2025-03-12 15:55:51,951] [INFO] [30021] PREPARE received from 30036 for REQUEST 1741762551886
[2025-03-12 15:55:51,951] [INFO] [30021] PREPARE received from 30006 for REQUEST 1741762551886
[2025-03-12 15:55:51,957] [INFO] [30021] PREPARE received from 30029 for REQUEST 1741762551886
[2025-03-12 15:55:51,958] [INFO] [30021] COMMIT received from 30024 for REQUEST 1741762551886
[2025-03-12 15:55:51,958] [INFO] [30021] COMMIT received from 30019 for REQUEST 1741762551886
[2025-03-12 15:55:51,958] [INFO] [30021] COMMIT complete. Sending PRE-REPLY: REQUEST 1741762551886 directly to Manager 30012
[2025-03-12 15:55:51,960] [INFO] [30021] COMMIT received from 30026 for REQUEST 1741762551886
[2025-03-12 15:55:51,960] [INFO] [30021] COMMIT received from 30034 for REQUEST 1741762551886
[2025-03-12 15:55:51,960] [INFO] [30021] COMMIT received from 30022 for REQUEST 1741762551886
[2025-03-12 15:55:51,960] [INFO] [30021] COMMIT received from 30017 for REQUEST 1741762551886
[2025-03-12 15:55:51,962] [INFO] [30021] COMMIT received from 30039 for REQUEST 1741762551886
[2025-03-12 15:55:51,962] [INFO] [30021] COMMIT received from 30006 for REQUEST 1741762551886
[2025-03-12 15:55:51,964] [INFO] [30021] COMMIT received from 30030 for REQUEST 1741762551886
[2025-03-12 15:55:51,965] [INFO] [30021] COMMIT received from 30036 for REQUEST 1741762551886
[2025-03-12 15:55:51,967] [INFO] [30021] COMMIT received from 30013 for REQUEST 1741762551886
[2025-03-12 15:55:51,967] [INFO] [30021] COMMIT received from 30029 for REQUEST 1741762551886
[2025-03-12 15:55:52,896] [INFO] [CLUSTER LEADER 30021] Forwarded PRE-REQUEST received: {'request_id': 1741762552864, 'timestamp': 1741762552.8647113, 'data': 'llapbft_message_1741762552864', 'cluster_id': 0, 'cluster_ports': [30006, 30012, 30013, 30017, 30019, 30021, 30022, 30024, 30026, 30029, 30030, 30034, 30036, 30039], 'leader': 30021, 'client_port': 20001, 'origin': 'manager', 'simulated_delay': 0.00019033333333333334, 'distance': 112.84389281703585, 'message_size_bits': 4568, 'cluster_manager': {'host': 'localhost', 'port': 30012, 'latitude': 36.6267561, 'longitude': 127.4586693, 'altitude': 158, 'offset_m': 'lat: 17 m, lng: 15 m, alt: 158 m'}}
[2025-03-12 15:55:52,896] [INFO] [CLUSTER LEADER 30021] Broadcasting PRE-PREPARE: REQUEST 1741762552864
[2025-03-12 15:55:52,934] [INFO] [30021] PREPARE received from 30026 for REQUEST 1741762552864
[2025-03-12 15:55:52,936] [INFO] [30021] PREPARE received from 30017 for REQUEST 1741762552864
[2025-03-12 15:55:52,936] [INFO] [30021] Broadcasting COMMIT: REQUEST 1741762552864
[2025-03-12 15:55:52,936] [INFO] [30021] PREPARE received from 30039 for REQUEST 1741762552864
[2025-03-12 15:55:52,936] [INFO] [30021] PREPARE received from 30019 for REQUEST 1741762552864
[2025-03-12 15:55:52,936] [INFO] [30021] PREPARE received from 30024 for REQUEST 1741762552864
[2025-03-12 15:55:52,936] [INFO] [30021] PREPARE received from 30022 for REQUEST 1741762552864
[2025-03-12 15:55:52,936] [INFO] [30021] PREPARE received from 30006 for REQUEST 1741762552864
[2025-03-12 15:55:52,938] [INFO] [30021] PREPARE received from 30034 for REQUEST 1741762552864
[2025-03-12 15:55:52,938] [INFO] [30021] PREPARE received from 30013 for REQUEST 1741762552864
[2025-03-12 15:55:52,938] [INFO] [30021] PREPARE received from 30030 for REQUEST 1741762552864
[2025-03-12 15:55:52,938] [INFO] [30021] PREPARE received from 30029 for REQUEST 1741762552864
[2025-03-12 15:55:52,942] [INFO] [30021] PREPARE received from 30036 for REQUEST 1741762552864
[2025-03-12 15:55:52,942] [INFO] [30021] COMMIT received from 30034 for REQUEST 1741762552864
[2025-03-12 15:55:52,954] [INFO] [30021] COMMIT received from 30030 for REQUEST 1741762552864
[2025-03-12 15:55:52,955] [INFO] [30021] COMMIT complete. Sending PRE-REPLY: REQUEST 1741762552864 directly to Manager 30012
[2025-03-12 15:55:52,955] [INFO] [30021] COMMIT received from 30039 for REQUEST 1741762552864
[2025-03-12 15:55:52,955] [INFO] [30021] COMMIT received from 30024 for REQUEST 1741762552864
[2025-03-12 15:55:52,955] [INFO] [30021] COMMIT received from 30017 for REQUEST 1741762552864
[2025-03-12 15:55:52,955] [INFO] [30021] COMMIT received from 30006 for REQUEST 1741762552864
[2025-03-12 15:55:52,955] [INFO] [30021] COMMIT received from 30013 for REQUEST 1741762552864
[2025-03-12 15:55:52,955] [INFO] [30021] COMMIT received from 30026 for REQUEST 1741762552864
[2025-03-12 15:55:52,955] [INFO] [30021] COMMIT received from 30022 for REQUEST 1741762552864
[2025-03-12 15:55:52,955] [INFO] [30021] COMMIT received from 30019 for REQUEST 1741762552864
[2025-03-12 15:55:52,959] [INFO] [30021] COMMIT received from 30029 for REQUEST 1741762552864
[2025-03-12 15:55:52,959] [INFO] [30021] COMMIT received from 30036 for REQUEST 1741762552864
[2025-03-12 15:55:53,875] [INFO] [CLUSTER LEADER 30021] Forwarded PRE-REQUEST received: {'request_id': 1741762553846, 'timestamp': 1741762553.8463593, 'data': 'llapbft_message_1741762553846', 'cluster_id': 0, 'cluster_ports': [30006, 30012, 30013, 30017, 30019, 30021, 30022, 30024, 30026, 30029, 30030, 30034, 30036, 30039], 'leader': 30021, 'client_port': 20001, 'origin': 'manager', 'simulated_delay': 0.00019033333333333334, 'distance': 112.84389281703585, 'message_size_bits': 4568, 'cluster_manager': {'host': 'localhost', 'port': 30012, 'latitude': 36.6267561, 'longitude': 127.4586693, 'altitude': 158, 'offset_m': 'lat: 17 m, lng: 15 m, alt: 158 m'}}
[2025-03-12 15:55:53,875] [INFO] [CLUSTER LEADER 30021] Broadcasting PRE-PREPARE: REQUEST 1741762553846
[2025-03-12 15:55:53,915] [INFO] [30021] PREPARE received from 30006 for REQUEST 1741762553846
[2025-03-12 15:55:53,915] [INFO] [30021] PREPARE received from 30017 for REQUEST 1741762553846
[2025-03-12 15:55:53,916] [INFO] [30021] Broadcasting COMMIT: REQUEST 1741762553846
[2025-03-12 15:55:53,916] [INFO] [30021] PREPARE received from 30039 for REQUEST 1741762553846
[2025-03-12 15:55:53,916] [INFO] [30021] PREPARE received from 30024 for REQUEST 1741762553846
[2025-03-12 15:55:53,916] [INFO] [30021] PREPARE received from 30019 for REQUEST 1741762553846
[2025-03-12 15:55:53,916] [INFO] [30021] PREPARE received from 30013 for REQUEST 1741762553846
[2025-03-12 15:55:53,916] [INFO] [30021] PREPARE received from 30030 for REQUEST 1741762553846
[2025-03-12 15:55:53,916] [INFO] [30021] PREPARE received from 30029 for REQUEST 1741762553846
[2025-03-12 15:55:53,918] [INFO] [30021] PREPARE received from 30026 for REQUEST 1741762553846
[2025-03-12 15:55:53,918] [INFO] [30021] PREPARE received from 30036 for REQUEST 1741762553846
[2025-03-12 15:55:53,918] [INFO] [30021] PREPARE received from 30022 for REQUEST 1741762553846
[2025-03-12 15:55:53,918] [INFO] [30021] PREPARE received from 30034 for REQUEST 1741762553846
[2025-03-12 15:55:53,922] [INFO] [30021] COMMIT received from 30036 for REQUEST 1741762553846
[2025-03-12 15:55:53,922] [INFO] [30021] COMMIT received from 30013 for REQUEST 1741762553846
[2025-03-12 15:55:53,922] [INFO] [30021] COMMIT complete. Sending PRE-REPLY: REQUEST 1741762553846 directly to Manager 30012
[2025-03-12 15:55:53,927] [INFO] [30021] COMMIT received from 30022 for REQUEST 1741762553846
[2025-03-12 15:55:53,927] [INFO] [30021] COMMIT received from 30034 for REQUEST 1741762553846
[2025-03-12 15:55:53,927] [INFO] [30021] COMMIT received from 30030 for REQUEST 1741762553846
[2025-03-12 15:55:53,927] [INFO] [30021] COMMIT received from 30029 for REQUEST 1741762553846
[2025-03-12 15:55:53,927] [INFO] [30021] COMMIT received from 30039 for REQUEST 1741762553846
[2025-03-12 15:55:53,927] [INFO] [30021] COMMIT received from 30024 for REQUEST 1741762553846
[2025-03-12 15:55:53,927] [INFO] [30021] COMMIT received from 30017 for REQUEST 1741762553846
[2025-03-12 15:55:53,927] [INFO] [30021] COMMIT received from 30006 for REQUEST 1741762553846
[2025-03-12 15:55:53,927] [INFO] [30021] COMMIT received from 30026 for REQUEST 1741762553846
[2025-03-12 15:55:53,927] [INFO] [30021] COMMIT received from 30019 for REQUEST 1741762553846
[2025-03-12 15:55:54,841] [INFO] [CLUSTER LEADER 30021] Forwarded PRE-REQUEST received: {'request_id': 1741762554816, 'timestamp': 1741762554.8165116, 'data': 'llapbft_message_1741762554816', 'cluster_id': 0, 'cluster_ports': [30006, 30012, 30013, 30017, 30019, 30021, 30022, 30024, 30026, 30029, 30030, 30034, 30036, 30039], 'leader': 30021, 'client_port': 20001, 'origin': 'manager', 'simulated_delay': 0.00019033333333333334, 'distance': 112.84389281703585, 'message_size_bits': 4568, 'cluster_manager': {'host': 'localhost', 'port': 30012, 'latitude': 36.6267561, 'longitude': 127.4586693, 'altitude': 158, 'offset_m': 'lat: 17 m, lng: 15 m, alt: 158 m'}}
[2025-03-12 15:55:54,841] [INFO] [CLUSTER LEADER 30021] Broadcasting PRE-PREPARE: REQUEST 1741762554816
[2025-03-12 15:55:54,879] [INFO] [30021] PREPARE received from 30026 for REQUEST 1741762554816
[2025-03-12 15:55:54,879] [INFO] [30021] PREPARE received from 30039 for REQUEST 1741762554816
[2025-03-12 15:55:54,879] [INFO] [30021] Broadcasting COMMIT: REQUEST 1741762554816
[2025-03-12 15:55:54,879] [INFO] [30021] PREPARE received from 30036 for REQUEST 1741762554816
[2025-03-12 15:55:54,881] [INFO] [30021] PREPARE received from 30024 for REQUEST 1741762554816
[2025-03-12 15:55:54,881] [INFO] [30021] PREPARE received from 30019 for REQUEST 1741762554816
[2025-03-12 15:55:54,881] [INFO] [30021] PREPARE received from 30022 for REQUEST 1741762554816
[2025-03-12 15:55:54,881] [INFO] [30021] PREPARE received from 30034 for REQUEST 1741762554816
[2025-03-12 15:55:54,881] [INFO] [30021] PREPARE received from 30013 for REQUEST 1741762554816
[2025-03-12 15:55:54,881] [INFO] [30021] PREPARE received from 30030 for REQUEST 1741762554816
[2025-03-12 15:55:54,881] [INFO] [30021] PREPARE received from 30029 for REQUEST 1741762554816
[2025-03-12 15:55:54,885] [INFO] [30021] PREPARE received from 30017 for REQUEST 1741762554816
[2025-03-12 15:55:54,885] [INFO] [30021] PREPARE received from 30006 for REQUEST 1741762554816
[2025-03-12 15:55:54,889] [INFO] [30021] COMMIT received from 30026 for REQUEST 1741762554816
[2025-03-12 15:55:54,892] [INFO] [30021] COMMIT received from 30029 for REQUEST 1741762554816
[2025-03-12 15:55:54,892] [INFO] [30021] COMMIT complete. Sending PRE-REPLY: REQUEST 1741762554816 directly to Manager 30012
[2025-03-12 15:55:54,892] [INFO] [30021] COMMIT received from 30022 for REQUEST 1741762554816
[2025-03-12 15:55:54,892] [INFO] [30021] COMMIT received from 30036 for REQUEST 1741762554816
[2025-03-12 15:55:54,894] [INFO] [30021] COMMIT received from 30034 for REQUEST 1741762554816
[2025-03-12 15:55:54,894] [INFO] [30021] COMMIT received from 30039 for REQUEST 1741762554816
[2025-03-12 15:55:54,894] [INFO] [30021] COMMIT received from 30030 for REQUEST 1741762554816
[2025-03-12 15:55:54,894] [INFO] [30021] COMMIT received from 30019 for REQUEST 1741762554816
[2025-03-12 15:55:54,894] [INFO] [30021] COMMIT received from 30013 for REQUEST 1741762554816
[2025-03-12 15:55:54,894] [INFO] [30021] COMMIT received from 30024 for REQUEST 1741762554816
[2025-03-12 15:55:54,894] [INFO] [30021] COMMIT received from 30017 for REQUEST 1741762554816
[2025-03-12 15:55:54,894] [INFO] [30021] COMMIT received from 30006 for REQUEST 1741762554816
[2025-03-12 15:55:55,696] [INFO] [CLUSTER LEADER 30021] Forwarded PRE-REQUEST received: {'request_id': 1741762555667, 'timestamp': 1741762555.667392, 'data': 'llapbft_message_1741762555667', 'cluster_id': 0, 'cluster_ports': [30006, 30012, 30013, 30017, 30019, 30021, 30022, 30024, 30026, 30029, 30030, 30034, 30036, 30039], 'leader': 30021, 'client_port': 20001, 'origin': 'manager', 'simulated_delay': 0.00019, 'distance': 112.84389281703585, 'message_size_bits': 4560, 'cluster_manager': {'host': 'localhost', 'port': 30012, 'latitude': 36.6267561, 'longitude': 127.4586693, 'altitude': 158, 'offset_m': 'lat: 17 m, lng: 15 m, alt: 158 m'}}
[2025-03-12 15:55:55,696] [INFO] [CLUSTER LEADER 30021] Broadcasting PRE-PREPARE: REQUEST 1741762555667
[2025-03-12 15:55:55,737] [INFO] [30021] PREPARE received from 30006 for REQUEST 1741762555667
[2025-03-12 15:55:55,737] [INFO] [30021] PREPARE received from 30017 for REQUEST 1741762555667
[2025-03-12 15:55:55,737] [INFO] [30021] Broadcasting COMMIT: REQUEST 1741762555667
[2025-03-12 15:55:55,737] [INFO] [30021] PREPARE received from 30039 for REQUEST 1741762555667
[2025-03-12 15:55:55,737] [INFO] [30021] PREPARE received from 30036 for REQUEST 1741762555667
[2025-03-12 15:55:55,737] [INFO] [30021] PREPARE received from 30019 for REQUEST 1741762555667
[2025-03-12 15:55:55,737] [INFO] [30021] PREPARE received from 30024 for REQUEST 1741762555667
[2025-03-12 15:55:55,739] [INFO] [30021] PREPARE received from 30022 for REQUEST 1741762555667
[2025-03-12 15:55:55,739] [INFO] [30021] PREPARE received from 30013 for REQUEST 1741762555667
[2025-03-12 15:55:55,739] [INFO] [30021] PREPARE received from 30029 for REQUEST 1741762555667
[2025-03-12 15:55:55,739] [INFO] [30021] PREPARE received from 30030 for REQUEST 1741762555667
[2025-03-12 15:55:55,739] [INFO] [30021] PREPARE received from 30026 for REQUEST 1741762555667
[2025-03-12 15:55:55,739] [INFO] [30021] PREPARE received from 30034 for REQUEST 1741762555667
[2025-03-12 15:55:55,743] [INFO] [30021] COMMIT received from 30034 for REQUEST 1741762555667
[2025-03-12 15:55:55,743] [INFO] [30021] COMMIT received from 30013 for REQUEST 1741762555667
[2025-03-12 15:55:55,743] [INFO] [30021] COMMIT complete. Sending PRE-REPLY: REQUEST 1741762555667 directly to Manager 30012
[2025-03-12 15:55:55,743] [INFO] [30021] COMMIT received from 30030 for REQUEST 1741762555667
[2025-03-12 15:55:55,745] [INFO] [30021] COMMIT received from 30039 for REQUEST 1741762555667
[2025-03-12 15:55:55,745] [INFO] [30021] COMMIT received from 30036 for REQUEST 1741762555667
[2025-03-12 15:55:55,745] [INFO] [30021] COMMIT received from 30019 for REQUEST 1741762555667
[2025-03-12 15:55:55,745] [INFO] [30021] COMMIT received from 30006 for REQUEST 1741762555667
[2025-03-12 15:55:55,755] [INFO] [30021] COMMIT received from 30022 for REQUEST 1741762555667
[2025-03-12 15:55:55,755] [INFO] [30021] COMMIT received from 30029 for REQUEST 1741762555667
[2025-03-12 15:55:55,755] [INFO] [30021] COMMIT received from 30017 for REQUEST 1741762555667
[2025-03-12 15:55:55,755] [INFO] [30021] COMMIT received from 30026 for REQUEST 1741762555667
[2025-03-12 15:55:55,755] [INFO] [30021] COMMIT received from 30024 for REQUEST 1741762555667
