[2025-03-12 12:35:40,146] [INFO] Node started: localhost:30078 | index=79 | f=1, k=4
[2025-03-12 12:36:06,206] [INFO] [30078] PRE-PREPARE received: {'request_id': 1741750566115, 'data': 'llapbft_message_1741750566115', 'timestamp': 1741750566.142161, 'leader': 30022, 'cluster_id': 2, 'cluster_ports': [30000, 30007, 30013, 30018, 30021, 30022, 30030, 30031, 30049, 30050, 30052, 30055, 30057, 30058, 30060, 30062, 30071, 30077, 30078, 30091, 30096, 30100, 30104, 30110, 30121, 30129, 30131, 30133, 30134, 30140, 30141, 30143, 30148, 30152, 30155, 30157, 30158, 30159, 30160, 30161, 30167, 30168, 30169, 30170, 30171, 30172, 30173, 30177, 30178, 30179, 30190, 30192, 30193, 30195], 'cluster_manager': {'host': 'localhost', 'port': 30155, 'latitude': 36.6269898, 'longitude': 127.4587731, 'altitude': 261, 'offset_m': 'lat: 43 m, lng: 24 m, alt: 261 m'}, 'simulated_delay': 0.0003133333333333333, 'distance': 161.99447637422065, 'message_size_bits': 5640}
[2025-03-12 12:36:06,220] [INFO] [30078] Broadcasting PREPARE: REQUEST 1741750566115
[2025-03-12 12:36:06,476] [INFO] [30078] PREPARE received from 30177 for REQUEST 1741750566115
[2025-03-12 12:36:06,476] [INFO] [30078] Broadcasting COMMIT: REQUEST 1741750566115
[2025-03-12 12:36:06,494] [INFO] [30078] PREPARE received from 30172 for REQUEST 1741750566115
[2025-03-12 12:36:06,494] [INFO] [30078] PREPARE received from 30190 for REQUEST 1741750566115
[2025-03-12 12:36:06,962] [INFO] [30078] PREPARE received from 30096 for REQUEST 1741750566115
[2025-03-12 12:36:07,398] [INFO] [30078] PREPARE received from 30131 for REQUEST 1741750566115
[2025-03-12 12:36:07,398] [INFO] [30078] PREPARE received from 30055 for REQUEST 1741750566115
[2025-03-12 12:36:07,398] [INFO] [30078] PREPARE received from 30152 for REQUEST 1741750566115
[2025-03-12 12:36:08,656] [INFO] [30078] PREPARE received from 30091 for REQUEST 1741750566115
[2025-03-12 12:36:08,656] [INFO] [30078] PREPARE received from 30170 for REQUEST 1741750566115
[2025-03-12 12:36:08,656] [INFO] [30078] COMMIT received from 30172 for REQUEST 1741750566115
[2025-03-12 12:36:08,656] [INFO] [30078] COMMIT received from 30177 for REQUEST 1741750566115
[2025-03-12 12:36:08,656] [INFO] [30078] COMMIT complete. Sending PRE-REPLY: REQUEST 1741750566115 directly to Manager 30155
[2025-03-12 12:36:08,891] [INFO] [30078] PREPARE received from 30052 for REQUEST 1741750566115
[2025-03-12 12:36:08,891] [INFO] [30078] COMMIT received from 30131 for REQUEST 1741750566115
[2025-03-12 12:36:08,891] [INFO] [30078] PREPARE received from 30158 for REQUEST 1741750566115
[2025-03-12 12:36:08,891] [INFO] [30078] PREPARE received from 30192 for REQUEST 1741750566115
[2025-03-12 12:36:09,102] [INFO] [30078] PREPARE received from 30148 for REQUEST 1741750566115
[2025-03-12 12:36:09,104] [INFO] [30078] COMMIT received from 30152 for REQUEST 1741750566115
[2025-03-12 12:36:09,104] [INFO] [30078] COMMIT received from 30158 for REQUEST 1741750566115
[2025-03-12 12:36:09,104] [INFO] [30078] COMMIT received from 30100 for REQUEST 1741750566115
[2025-03-12 12:36:09,104] [INFO] [30078] COMMIT received from 30148 for REQUEST 1741750566115
[2025-03-12 12:36:09,104] [INFO] [30078] COMMIT received from 30190 for REQUEST 1741750566115
[2025-03-12 12:36:09,104] [INFO] [30078] COMMIT received from 30192 for REQUEST 1741750566115
[2025-03-12 12:36:09,104] [INFO] [30078] COMMIT received from 30052 for REQUEST 1741750566115
[2025-03-12 12:36:09,104] [INFO] [30078] COMMIT received from 30091 for REQUEST 1741750566115
[2025-03-12 12:36:09,276] [INFO] [30078] PREPARE received from 30133 for REQUEST 1741750566115
[2025-03-12 12:36:09,276] [INFO] [30078] PREPARE received from 30169 for REQUEST 1741750566115
[2025-03-12 12:36:09,276] [INFO] [30078] PREPARE received from 30100 for REQUEST 1741750566115
[2025-03-12 12:36:09,276] [INFO] [30078] PREPARE received from 30058 for REQUEST 1741750566115
[2025-03-12 12:36:09,278] [INFO] [30078] PREPARE received from 30121 for REQUEST 1741750566115
[2025-03-12 12:36:09,278] [INFO] [30078] PREPARE received from 30193 for REQUEST 1741750566115
[2025-03-12 12:36:09,278] [INFO] [30078] PREPARE received from 30104 for REQUEST 1741750566115
[2025-03-12 12:36:09,278] [INFO] [30078] PREPARE received from 30050 for REQUEST 1741750566115
[2025-03-12 12:36:09,544] [INFO] [30078] PREPARE received from 30071 for REQUEST 1741750566115
[2025-03-12 12:36:09,544] [INFO] [30078] COMMIT received from 30173 for REQUEST 1741750566115
[2025-03-12 12:36:09,544] [INFO] [30078] COMMIT received from 30133 for REQUEST 1741750566115
[2025-03-12 12:36:09,544] [INFO] [30078] COMMIT received from 30193 for REQUEST 1741750566115
[2025-03-12 12:36:09,544] [INFO] [30078] COMMIT received from 30058 for REQUEST 1741750566115
[2025-03-12 12:36:09,544] [INFO] [30078] COMMIT received from 30121 for REQUEST 1741750566115
[2025-03-12 12:36:09,549] [INFO] [30078] PREPARE received from 30013 for REQUEST 1741750566115
[2025-03-12 12:36:09,549] [INFO] [30078] COMMIT received from 30169 for REQUEST 1741750566115
[2025-03-12 12:36:09,549] [INFO] [30078] COMMIT received from 30104 for REQUEST 1741750566115
[2025-03-12 12:36:09,549] [INFO] [30078] PREPARE received from 30140 for REQUEST 1741750566115
[2025-03-12 12:36:09,651] [INFO] [30078] PREPARE received from 30167 for REQUEST 1741750566115
[2025-03-12 12:36:09,651] [INFO] [30078] PREPARE received from 30031 for REQUEST 1741750566115
[2025-03-12 12:36:09,651] [INFO] [30078] PREPARE received from 30157 for REQUEST 1741750566115
[2025-03-12 12:36:09,651] [INFO] [30078] PREPARE received from 30173 for REQUEST 1741750566115
[2025-03-12 12:36:09,653] [INFO] [30078] COMMIT received from 30140 for REQUEST 1741750566115
[2025-03-12 12:36:09,653] [INFO] [30078] COMMIT received from 30096 for REQUEST 1741750566115
[2025-03-12 12:36:09,653] [INFO] [30078] PREPARE received from 30030 for REQUEST 1741750566115
[2025-03-12 12:36:09,653] [INFO] [30078] PREPARE received from 30143 for REQUEST 1741750566115
[2025-03-12 12:36:09,907] [INFO] [30078] COMMIT received from 30143 for REQUEST 1741750566115
[2025-03-12 12:36:09,907] [INFO] [30078] COMMIT received from 30050 for REQUEST 1741750566115
[2025-03-12 12:36:09,909] [INFO] [30078] COMMIT received from 30031 for REQUEST 1741750566115
[2025-03-12 12:36:09,909] [INFO] [30078] COMMIT received from 30071 for REQUEST 1741750566115
[2025-03-12 12:36:09,909] [INFO] [30078] COMMIT received from 30157 for REQUEST 1741750566115
[2025-03-12 12:36:09,909] [INFO] [30078] COMMIT received from 30030 for REQUEST 1741750566115
[2025-03-12 12:36:09,909] [INFO] [30078] COMMIT received from 30013 for REQUEST 1741750566115
[2025-03-12 12:36:09,909] [INFO] [30078] COMMIT received from 30167 for REQUEST 1741750566115
[2025-03-12 12:36:10,082] [INFO] [30078] PREPARE received from 30179 for REQUEST 1741750566115
[2025-03-12 12:36:10,166] [INFO] [30078] COMMIT received from 30022 for REQUEST 1741750566115
[2025-03-12 12:36:10,166] [INFO] [30078] COMMIT received from 30179 for REQUEST 1741750566115
[2025-03-12 12:36:10,166] [INFO] [30078] PREPARE received from 30060 for REQUEST 1741750566115
[2025-03-12 12:36:10,166] [INFO] [30078] PREPARE received from 30171 for REQUEST 1741750566115
[2025-03-12 12:36:10,166] [INFO] [30078] COMMIT received from 30171 for REQUEST 1741750566115
[2025-03-12 12:36:10,166] [INFO] [30078] COMMIT received from 30060 for REQUEST 1741750566115
[2025-03-12 12:36:10,257] [INFO] [30078] PREPARE received from 30110 for REQUEST 1741750566115
[2025-03-12 12:36:10,257] [INFO] [30078] COMMIT received from 30055 for REQUEST 1741750566115
[2025-03-12 12:36:10,299] [INFO] [30078] PREPARE received from 30195 for REQUEST 1741750566115
[2025-03-12 12:36:10,299] [INFO] [30078] COMMIT received from 30049 for REQUEST 1741750566115
[2025-03-12 12:36:10,299] [INFO] [30078] COMMIT received from 30110 for REQUEST 1741750566115
[2025-03-12 12:36:10,299] [INFO] [30078] COMMIT received from 30195 for REQUEST 1741750566115
[2025-03-12 12:36:10,299] [INFO] [30078] COMMIT received from 30057 for REQUEST 1741750566115
[2025-03-12 12:36:10,299] [INFO] [30078] PREPARE received from 30057 for REQUEST 1741750566115
[2025-03-12 12:36:10,383] [INFO] [30078] PREPARE received from 30077 for REQUEST 1741750566115
[2025-03-12 12:36:10,384] [INFO] [30078] PREPARE received from 30049 for REQUEST 1741750566115
[2025-03-12 12:36:10,411] [INFO] [30078] COMMIT received from 30077 for REQUEST 1741750566115
[2025-03-12 12:36:10,411] [INFO] [30078] COMMIT received from 30170 for REQUEST 1741750566115
[2025-03-12 12:36:10,505] [INFO] [30078] PREPARE received from 30000 for REQUEST 1741750566115
[2025-03-12 12:36:10,505] [INFO] [30078] PREPARE received from 30021 for REQUEST 1741750566115
[2025-03-12 12:36:10,505] [INFO] [30078] PREPARE received from 30018 for REQUEST 1741750566115
[2025-03-12 12:36:10,582] [INFO] [30078] PREPARE received from 30178 for REQUEST 1741750566115
[2025-03-12 12:36:10,592] [INFO] [30078] COMMIT received from 30178 for REQUEST 1741750566115
[2025-03-12 12:36:10,592] [INFO] [30078] COMMIT received from 30021 for REQUEST 1741750566115
[2025-03-12 12:36:10,624] [INFO] [30078] COMMIT received from 30000 for REQUEST 1741750566115
[2025-03-12 12:36:10,624] [INFO] [30078] PREPARE received from 30161 for REQUEST 1741750566115
[2025-03-12 12:36:10,624] [INFO] [30078] PREPARE received from 30007 for REQUEST 1741750566115
[2025-03-12 12:36:10,624] [INFO] [30078] PREPARE received from 30062 for REQUEST 1741750566115
[2025-03-12 12:36:10,624] [INFO] [30078] PREPARE received from 30129 for REQUEST 1741750566115
[2025-03-12 12:36:10,624] [INFO] [30078] COMMIT received from 30161 for REQUEST 1741750566115
[2025-03-12 12:36:10,624] [INFO] [30078] COMMIT received from 30129 for REQUEST 1741750566115
[2025-03-12 12:36:10,624] [INFO] [30078] COMMIT received from 30062 for REQUEST 1741750566115
[2025-03-12 12:36:10,624] [INFO] [30078] COMMIT received from 30007 for REQUEST 1741750566115
[2025-03-12 12:36:10,624] [INFO] [30078] COMMIT received from 30159 for REQUEST 1741750566115
[2025-03-12 12:36:10,624] [INFO] [30078] PREPARE received from 30159 for REQUEST 1741750566115
[2025-03-12 12:36:10,646] [INFO] [30078] COMMIT received from 30018 for REQUEST 1741750566115
[2025-03-12 12:36:10,788] [INFO] [30078] PREPARE received from 30160 for REQUEST 1741750566115
[2025-03-12 12:36:10,797] [INFO] [30078] COMMIT received from 30160 for REQUEST 1741750566115
[2025-03-12 12:36:10,889] [INFO] [30078] PREPARE received from 30141 for REQUEST 1741750566115
[2025-03-12 12:36:10,889] [INFO] [30078] COMMIT received from 30141 for REQUEST 1741750566115
[2025-03-12 12:36:11,076] [INFO] [30078] PREPARE received from 30168 for REQUEST 1741750566115
[2025-03-12 12:36:11,081] [INFO] [30078] COMMIT received from 30168 for REQUEST 1741750566115
[2025-03-12 12:54:45,457] [INFO] Node started: localhost:30078 | index=79 | f=1, k=4
[2025-03-12 12:55:37,049] [INFO] Node started: localhost:30078 | index=79 | f=1, k=4
[2025-03-12 12:55:54,237] [INFO] [30078] PRE-PREPARE received: {'request_id': 1741751754181, 'data': 'llapbft_message_1741751754181', 'timestamp': 1741751754.2060645, 'leader': 30017, 'cluster_id': 1, 'cluster_ports': [30004, 30005, 30008, 30015, 30017, 30024, 30027, 30030, 30037, 30043, 30044, 30048, 30050, 30059, 30064, 30068, 30070, 30072, 30075, 30078, 30080, 30091, 30093, 30100, 30106, 30113, 30114, 30115, 30120, 30121, 30123, 30138, 30141, 30146, 30147, 30153], 'cluster_manager': {'host': 'localhost', 'port': 30064, 'latitude': 36.6267129, 'longitude': 127.4585797, 'altitude': 211, 'offset_m': 'lat: 12 m, lng: 7 m, alt: 211 m'}, 'simulated_delay': 0.000193, 'distance': 126.24524137208223, 'message_size_bits': 4632}
[2025-03-12 12:55:54,237] [INFO] [30078] Broadcasting PREPARE: REQUEST 1741751754181
[2025-03-12 12:55:54,545] [INFO] [30078] PREPARE received from 30008 for REQUEST 1741751754181
[2025-03-12 12:55:54,545] [INFO] [30078] Broadcasting COMMIT: REQUEST 1741751754181
[2025-03-12 12:55:54,594] [INFO] [30078] PREPARE received from 30059 for REQUEST 1741751754181
[2025-03-12 12:55:54,594] [INFO] [30078] PREPARE received from 30146 for REQUEST 1741751754181
[2025-03-12 12:55:54,600] [INFO] [30078] PREPARE received from 30106 for REQUEST 1741751754181
[2025-03-12 12:55:54,955] [INFO] [30078] PREPARE received from 30153 for REQUEST 1741751754181
[2025-03-12 12:55:55,132] [INFO] [30078] PREPARE received from 30044 for REQUEST 1741751754181
[2025-03-12 12:55:55,132] [INFO] [30078] PREPARE received from 30072 for REQUEST 1741751754181
[2025-03-12 12:55:55,292] [INFO] [30078] COMMIT received from 30106 for REQUEST 1741751754181
[2025-03-12 12:55:55,351] [INFO] [30078] PREPARE received from 30004 for REQUEST 1741751754181
[2025-03-12 12:55:55,351] [INFO] [30078] PREPARE received from 30043 for REQUEST 1741751754181
[2025-03-12 12:55:55,351] [INFO] [30078] PREPARE received from 30114 for REQUEST 1741751754181
[2025-03-12 12:55:55,367] [INFO] [30078] COMMIT received from 30008 for REQUEST 1741751754181
[2025-03-12 12:55:55,367] [INFO] [30078] COMMIT complete. Sending PRE-REPLY: REQUEST 1741751754181 directly to Manager 30064
[2025-03-12 12:55:55,367] [INFO] [30078] PREPARE received from 30138 for REQUEST 1741751754181
[2025-03-12 12:55:55,367] [INFO] [30078] COMMIT received from 30146 for REQUEST 1741751754181
[2025-03-12 12:55:55,377] [INFO] [30078] COMMIT received from 30059 for REQUEST 1741751754181
[2025-03-12 12:55:55,377] [INFO] [30078] COMMIT received from 30114 for REQUEST 1741751754181
[2025-03-12 12:55:55,442] [INFO] [30078] COMMIT received from 30153 for REQUEST 1741751754181
[2025-03-12 12:55:55,442] [INFO] [30078] COMMIT received from 30138 for REQUEST 1741751754181
[2025-03-12 12:55:55,502] [INFO] [30078] COMMIT received from 30072 for REQUEST 1741751754181
[2025-03-12 12:55:55,645] [INFO] [30078] PREPARE received from 30141 for REQUEST 1741751754181
[2025-03-12 12:55:55,682] [INFO] [30078] COMMIT received from 30017 for REQUEST 1741751754181
[2025-03-12 12:55:55,772] [INFO] [30078] COMMIT received from 30141 for REQUEST 1741751754181
[2025-03-12 12:55:55,788] [INFO] [30078] COMMIT received from 30044 for REQUEST 1741751754181
[2025-03-12 12:55:55,907] [INFO] [30078] PREPARE received from 30123 for REQUEST 1741751754181
[2025-03-12 12:55:55,923] [INFO] [30078] PREPARE received from 30070 for REQUEST 1741751754181
[2025-03-12 12:55:55,923] [INFO] [30078] COMMIT received from 30070 for REQUEST 1741751754181
[2025-03-12 12:55:55,923] [INFO] [30078] COMMIT received from 30123 for REQUEST 1741751754181
[2025-03-12 12:55:55,923] [INFO] [30078] PREPARE received from 30050 for REQUEST 1741751754181
[2025-03-12 12:55:55,983] [INFO] [30078] PREPARE received from 30080 for REQUEST 1741751754181
[2025-03-12 12:55:55,996] [INFO] [30078] COMMIT received from 30050 for REQUEST 1741751754181
[2025-03-12 12:55:56,012] [INFO] [30078] COMMIT received from 30080 for REQUEST 1741751754181
[2025-03-12 12:55:56,064] [INFO] [30078] PREPARE received from 30037 for REQUEST 1741751754181
[2025-03-12 12:55:56,105] [INFO] [30078] PREPARE received from 30100 for REQUEST 1741751754181
[2025-03-12 12:55:56,108] [INFO] [30078] PREPARE received from 30024 for REQUEST 1741751754181
[2025-03-12 12:55:56,108] [INFO] [30078] COMMIT received from 30037 for REQUEST 1741751754181
[2025-03-12 12:55:56,108] [INFO] [30078] PREPARE received from 30048 for REQUEST 1741751754181
[2025-03-12 12:55:56,110] [INFO] [30078] COMMIT received from 30100 for REQUEST 1741751754181
[2025-03-12 12:55:56,110] [INFO] [30078] COMMIT received from 30048 for REQUEST 1741751754181
[2025-03-12 12:55:56,110] [INFO] [30078] PREPARE received from 30093 for REQUEST 1741751754181
[2025-03-12 12:55:56,110] [INFO] [30078] COMMIT received from 30093 for REQUEST 1741751754181
[2025-03-12 12:55:56,110] [INFO] [30078] PREPARE received from 30115 for REQUEST 1741751754181
[2025-03-12 12:55:56,123] [INFO] [30078] COMMIT received from 30024 for REQUEST 1741751754181
[2025-03-12 12:55:56,123] [INFO] [30078] COMMIT received from 30004 for REQUEST 1741751754181
[2025-03-12 12:55:56,192] [INFO] [30078] COMMIT received from 30043 for REQUEST 1741751754181
[2025-03-12 12:55:56,192] [INFO] [30078] COMMIT received from 30115 for REQUEST 1741751754181
[2025-03-12 12:55:56,268] [INFO] [30078] PREPARE received from 30121 for REQUEST 1741751754181
[2025-03-12 12:55:56,268] [INFO] [30078] PREPARE received from 30027 for REQUEST 1741751754181
[2025-03-12 12:55:56,268] [INFO] [30078] PREPARE received from 30091 for REQUEST 1741751754181
[2025-03-12 12:55:56,268] [INFO] [30078] COMMIT received from 30121 for REQUEST 1741751754181
[2025-03-12 12:55:56,280] [INFO] [30078] COMMIT received from 30091 for REQUEST 1741751754181
[2025-03-12 12:55:56,282] [INFO] [30078] PREPARE received from 30030 for REQUEST 1741751754181
[2025-03-12 12:55:56,302] [INFO] [30078] COMMIT received from 30030 for REQUEST 1741751754181
[2025-03-12 12:55:56,302] [INFO] [30078] COMMIT received from 30027 for REQUEST 1741751754181
[2025-03-12 12:55:56,388] [INFO] [30078] PREPARE received from 30075 for REQUEST 1741751754181
[2025-03-12 12:55:56,388] [INFO] [30078] COMMIT received from 30075 for REQUEST 1741751754181
[2025-03-12 12:55:56,390] [INFO] [30078] PREPARE received from 30120 for REQUEST 1741751754181
[2025-03-12 12:55:56,390] [INFO] [30078] COMMIT received from 30120 for REQUEST 1741751754181
[2025-03-12 12:55:56,390] [INFO] [30078] PREPARE received from 30113 for REQUEST 1741751754181
[2025-03-12 12:55:56,392] [INFO] [30078] COMMIT received from 30113 for REQUEST 1741751754181
[2025-03-12 12:55:56,441] [INFO] [30078] PREPARE received from 30147 for REQUEST 1741751754181
[2025-03-12 12:55:56,441] [INFO] [30078] COMMIT received from 30147 for REQUEST 1741751754181
[2025-03-12 12:56:48,515] [INFO] Node started: localhost:30078 | index=79 | f=1, k=4
[2025-03-12 12:58:03,728] [INFO] [30078] PRE-PREPARE received: {'request_id': 1741751883632, 'data': 'llapbft_message_1741751883632', 'timestamp': 1741751883.6611185, 'leader': 30110, 'cluster_id': 1, 'cluster_ports': [30012, 30014, 30016, 30017, 30022, 30024, 30026, 30027, 30034, 30036, 30040, 30047, 30049, 30054, 30057, 30067, 30072, 30075, 30077, 30078, 30082, 30083, 30089, 30091, 30096, 30100, 30102, 30110, 30114, 30115], 'cluster_manager': {'host': 'localhost', 'port': 30049, 'latitude': 36.626668, 'longitude': 127.4587754, 'altitude': 52, 'offset_m': 'lat: 7 m, lng: 24 m, alt: 52 m'}, 'simulated_delay': 0.000178, 'distance': 125.95488097916912, 'message_size_bits': 4272}
[2025-03-12 12:58:03,728] [INFO] [30078] Broadcasting PREPARE: REQUEST 1741751883632
[2025-03-12 12:58:03,849] [INFO] [30078] PREPARE received from 30024 for REQUEST 1741751883632
[2025-03-12 12:58:03,849] [INFO] [30078] Broadcasting COMMIT: REQUEST 1741751883632
[2025-03-12 12:58:04,040] [INFO] [30078] COMMIT received from 30024 for REQUEST 1741751883632
[2025-03-12 12:58:04,067] [INFO] [30078] PREPARE received from 30040 for REQUEST 1741751883632
[2025-03-12 12:58:04,079] [INFO] [30078] PREPARE received from 30036 for REQUEST 1741751883632
[2025-03-12 12:58:04,103] [INFO] [30078] PREPARE received from 30012 for REQUEST 1741751883632
[2025-03-12 12:58:04,130] [INFO] [30078] COMMIT received from 30012 for REQUEST 1741751883632
[2025-03-12 12:58:04,130] [INFO] [30078] COMMIT complete. Sending PRE-REPLY: REQUEST 1741751883632 directly to Manager 30049
[2025-03-12 12:58:04,272] [INFO] [30078] PREPARE received from 30054 for REQUEST 1741751883632
[2025-03-12 12:58:04,351] [INFO] [30078] COMMIT received from 30040 for REQUEST 1741751883632
[2025-03-12 12:58:04,357] [INFO] [30078] COMMIT received from 30054 for REQUEST 1741751883632
[2025-03-12 12:58:04,357] [INFO] [30078] PREPARE received from 30027 for REQUEST 1741751883632
[2025-03-12 12:58:04,357] [INFO] [30078] COMMIT received from 30027 for REQUEST 1741751883632
[2025-03-12 12:58:04,368] [INFO] [30078] PREPARE received from 30114 for REQUEST 1741751883632
[2025-03-12 12:58:04,370] [INFO] [30078] COMMIT received from 30114 for REQUEST 1741751883632
[2025-03-12 12:58:04,414] [INFO] [30078] COMMIT received from 30036 for REQUEST 1741751883632
[2025-03-12 12:58:04,479] [INFO] [30078] PREPARE received from 30100 for REQUEST 1741751883632
[2025-03-12 12:58:04,479] [INFO] [30078] COMMIT received from 30100 for REQUEST 1741751883632
[2025-03-12 12:58:04,579] [INFO] [30078] PREPARE received from 30102 for REQUEST 1741751883632
[2025-03-12 12:58:04,579] [INFO] [30078] PREPARE received from 30077 for REQUEST 1741751883632
[2025-03-12 12:58:04,587] [INFO] [30078] COMMIT received from 30077 for REQUEST 1741751883632
[2025-03-12 12:58:04,587] [INFO] [30078] COMMIT received from 30102 for REQUEST 1741751883632
[2025-03-12 12:58:04,603] [INFO] [30078] PREPARE received from 30091 for REQUEST 1741751883632
[2025-03-12 12:58:04,628] [INFO] [30078] COMMIT received from 30091 for REQUEST 1741751883632
[2025-03-12 12:58:04,650] [INFO] [30078] COMMIT received from 30110 for REQUEST 1741751883632
[2025-03-12 12:58:04,669] [INFO] [30078] PREPARE received from 30034 for REQUEST 1741751883632
[2025-03-12 12:58:04,682] [INFO] [30078] COMMIT received from 30034 for REQUEST 1741751883632
[2025-03-12 12:58:04,682] [INFO] [30078] PREPARE received from 30017 for REQUEST 1741751883632
[2025-03-12 12:58:04,723] [INFO] [30078] COMMIT received from 30017 for REQUEST 1741751883632
[2025-03-12 12:58:04,782] [INFO] [30078] PREPARE received from 30014 for REQUEST 1741751883632
[2025-03-12 12:58:04,782] [INFO] [30078] COMMIT received from 30014 for REQUEST 1741751883632
[2025-03-12 12:58:04,792] [INFO] [30078] PREPARE received from 30047 for REQUEST 1741751883632
[2025-03-12 12:58:04,792] [INFO] [30078] COMMIT received from 30047 for REQUEST 1741751883632
[2025-03-12 12:58:04,935] [INFO] [30078] PREPARE received from 30022 for REQUEST 1741751883632
[2025-03-12 12:58:04,941] [INFO] [30078] PREPARE received from 30067 for REQUEST 1741751883632
[2025-03-12 12:58:04,941] [INFO] [30078] PREPARE received from 30083 for REQUEST 1741751883632
[2025-03-12 12:58:04,941] [INFO] [30078] COMMIT received from 30067 for REQUEST 1741751883632
[2025-03-12 12:58:04,941] [INFO] [30078] COMMIT received from 30022 for REQUEST 1741751883632
[2025-03-12 12:58:04,941] [INFO] [30078] COMMIT received from 30083 for REQUEST 1741751883632
[2025-03-12 12:58:04,951] [INFO] [30078] PREPARE received from 30016 for REQUEST 1741751883632
[2025-03-12 12:58:04,951] [INFO] [30078] COMMIT received from 30016 for REQUEST 1741751883632
[2025-03-12 12:58:04,967] [INFO] [30078] PREPARE received from 30089 for REQUEST 1741751883632
[2025-03-12 12:58:04,981] [INFO] [30078] COMMIT received from 30089 for REQUEST 1741751883632
[2025-03-12 12:58:05,066] [INFO] [30078] PREPARE received from 30072 for REQUEST 1741751883632
[2025-03-12 12:58:05,070] [INFO] [30078] PREPARE received from 30082 for REQUEST 1741751883632
[2025-03-12 12:58:05,070] [INFO] [30078] COMMIT received from 30057 for REQUEST 1741751883632
[2025-03-12 12:58:05,070] [INFO] [30078] PREPARE received from 30057 for REQUEST 1741751883632
[2025-03-12 12:58:05,077] [INFO] [30078] COMMIT received from 30072 for REQUEST 1741751883632
[2025-03-12 12:58:05,077] [INFO] [30078] COMMIT received from 30082 for REQUEST 1741751883632
[2025-03-12 12:58:05,098] [INFO] [30078] PREPARE received from 30026 for REQUEST 1741751883632
[2025-03-12 12:58:05,098] [INFO] [30078] PREPARE received from 30096 for REQUEST 1741751883632
[2025-03-12 12:58:05,098] [INFO] [30078] COMMIT received from 30026 for REQUEST 1741751883632
[2025-03-12 12:58:05,098] [INFO] [30078] COMMIT received from 30096 for REQUEST 1741751883632
[2025-03-12 12:58:05,098] [INFO] [30078] PREPARE received from 30075 for REQUEST 1741751883632
[2025-03-12 12:58:05,102] [INFO] [30078] COMMIT received from 30075 for REQUEST 1741751883632
[2025-03-12 13:45:28,702] [INFO] [30078] PRE-PREPARE received: {'request_id': 1741754728638, 'data': 'llapbft_message_1741754728638', 'timestamp': 1741754728.6704988, 'leader': 30110, 'cluster_id': 1, 'cluster_ports': [30012, 30014, 30016, 30017, 30022, 30024, 30026, 30027, 30034, 30036, 30040, 30047, 30049, 30054, 30057, 30067, 30072, 30075, 30077, 30078, 30082, 30083, 30089, 30091, 30096, 30100, 30102, 30110, 30114, 30115], 'cluster_manager': {'host': 'localhost', 'port': 30049, 'latitude': 36.626668, 'longitude': 127.4587754, 'altitude': 52, 'offset_m': 'lat: 7 m, lng: 24 m, alt: 52 m'}, 'simulated_delay': 0.000178, 'distance': 125.95488097916912, 'message_size_bits': 4272}
[2025-03-12 13:45:28,702] [INFO] [30078] Broadcasting PREPARE: REQUEST 1741754728638
[2025-03-12 13:45:28,963] [INFO] [30078] PREPARE received from 30054 for REQUEST 1741754728638
[2025-03-12 13:45:28,963] [INFO] [30078] Broadcasting COMMIT: REQUEST 1741754728638
[2025-03-12 13:45:29,301] [INFO] [30078] COMMIT received from 30077 for REQUEST 1741754728638
[2025-03-12 13:45:29,301] [INFO] [30078] PREPARE received from 30077 for REQUEST 1741754728638
[2025-03-12 13:45:29,318] [INFO] [30078] COMMIT received from 30054 for REQUEST 1741754728638
[2025-03-12 13:45:29,318] [INFO] [30078] COMMIT complete. Sending PRE-REPLY: REQUEST 1741754728638 directly to Manager 30049
[2025-03-12 13:45:29,352] [INFO] [30078] PREPARE received from 30014 for REQUEST 1741754728638
[2025-03-12 13:45:29,392] [INFO] [30078] PREPARE received from 30040 for REQUEST 1741754728638
[2025-03-12 13:45:29,424] [INFO] [30078] PREPARE received from 30114 for REQUEST 1741754728638
[2025-03-12 13:45:29,424] [INFO] [30078] COMMIT received from 30040 for REQUEST 1741754728638
[2025-03-12 13:45:29,424] [INFO] [30078] COMMIT received from 30114 for REQUEST 1741754728638
[2025-03-12 13:45:29,514] [INFO] [30078] PREPARE received from 30102 for REQUEST 1741754728638
[2025-03-12 13:45:29,514] [INFO] [30078] COMMIT received from 30102 for REQUEST 1741754728638
[2025-03-12 13:45:29,527] [INFO] [30078] COMMIT received from 30110 for REQUEST 1741754728638
[2025-03-12 13:45:29,680] [INFO] [30078] PREPARE received from 30100 for REQUEST 1741754728638
[2025-03-12 13:45:29,689] [INFO] [30078] COMMIT received from 30100 for REQUEST 1741754728638
[2025-03-12 13:45:29,705] [INFO] [30078] COMMIT received from 30024 for REQUEST 1741754728638
[2025-03-12 13:45:29,705] [INFO] [30078] PREPARE received from 30024 for REQUEST 1741754728638
[2025-03-12 13:45:29,762] [INFO] [30078] PREPARE received from 30027 for REQUEST 1741754728638
[2025-03-12 13:45:29,762] [INFO] [30078] PREPARE received from 30017 for REQUEST 1741754728638
[2025-03-12 13:45:29,762] [INFO] [30078] COMMIT received from 30017 for REQUEST 1741754728638
[2025-03-12 13:45:29,762] [INFO] [30078] COMMIT received from 30016 for REQUEST 1741754728638
[2025-03-12 13:45:29,762] [INFO] [30078] COMMIT received from 30047 for REQUEST 1741754728638
[2025-03-12 13:45:29,781] [INFO] [30078] PREPARE received from 30016 for REQUEST 1741754728638
[2025-03-12 13:45:29,781] [INFO] [30078] PREPARE received from 30047 for REQUEST 1741754728638
[2025-03-12 13:45:29,784] [INFO] [30078] PREPARE received from 30036 for REQUEST 1741754728638
[2025-03-12 13:45:29,784] [INFO] [30078] COMMIT received from 30027 for REQUEST 1741754728638
[2025-03-12 13:45:29,824] [INFO] [30078] COMMIT received from 30036 for REQUEST 1741754728638
[2025-03-12 13:45:29,824] [INFO] [30078] COMMIT received from 30014 for REQUEST 1741754728638
[2025-03-12 13:45:29,831] [INFO] [30078] PREPARE received from 30012 for REQUEST 1741754728638
[2025-03-12 13:45:29,847] [INFO] [30078] COMMIT received from 30012 for REQUEST 1741754728638
[2025-03-12 13:45:29,886] [INFO] [30078] PREPARE received from 30072 for REQUEST 1741754728638
[2025-03-12 13:45:29,886] [INFO] [30078] PREPARE received from 30091 for REQUEST 1741754728638
[2025-03-12 13:45:29,894] [INFO] [30078] COMMIT received from 30072 for REQUEST 1741754728638
[2025-03-12 13:45:29,894] [INFO] [30078] PREPARE received from 30034 for REQUEST 1741754728638
[2025-03-12 13:45:29,932] [INFO] [30078] COMMIT received from 30034 for REQUEST 1741754728638
[2025-03-12 13:45:29,932] [INFO] [30078] COMMIT received from 30091 for REQUEST 1741754728638
[2025-03-12 13:45:29,944] [INFO] [30078] COMMIT received from 30026 for REQUEST 1741754728638
[2025-03-12 13:45:29,947] [INFO] [30078] PREPARE received from 30022 for REQUEST 1741754728638
[2025-03-12 13:45:29,947] [INFO] [30078] PREPARE received from 30026 for REQUEST 1741754728638
[2025-03-12 13:45:29,947] [INFO] [30078] COMMIT received from 30022 for REQUEST 1741754728638
[2025-03-12 13:45:29,998] [INFO] [30078] PREPARE received from 30089 for REQUEST 1741754728638
[2025-03-12 13:45:30,004] [INFO] [30078] PREPARE received from 30082 for REQUEST 1741754728638
[2025-03-12 13:45:30,004] [INFO] [30078] COMMIT received from 30089 for REQUEST 1741754728638
[2025-03-12 13:45:30,014] [INFO] [30078] COMMIT received from 30082 for REQUEST 1741754728638
[2025-03-12 13:45:30,014] [INFO] [30078] COMMIT received from 30057 for REQUEST 1741754728638
[2025-03-12 13:45:30,014] [INFO] [30078] PREPARE received from 30083 for REQUEST 1741754728638
[2025-03-12 13:45:30,014] [INFO] [30078] COMMIT received from 30067 for REQUEST 1741754728638
[2025-03-12 13:45:30,014] [INFO] [30078] COMMIT received from 30083 for REQUEST 1741754728638
[2025-03-12 13:45:30,014] [INFO] [30078] PREPARE received from 30057 for REQUEST 1741754728638
[2025-03-12 13:45:30,014] [INFO] [30078] PREPARE received from 30067 for REQUEST 1741754728638
[2025-03-12 13:45:30,014] [INFO] [30078] PREPARE received from 30075 for REQUEST 1741754728638
[2025-03-12 13:45:30,014] [INFO] [30078] COMMIT received from 30075 for REQUEST 1741754728638
[2025-03-12 13:45:30,045] [INFO] [30078] PREPARE received from 30096 for REQUEST 1741754728638
[2025-03-12 13:45:30,050] [INFO] [30078] COMMIT received from 30096 for REQUEST 1741754728638
[2025-03-12 13:45:36,138] [INFO] [30078] PRE-PREPARE received: {'request_id': 1741754736031, 'data': 'llapbft_message_1741754736031', 'timestamp': 1741754736.063827, 'leader': 30110, 'cluster_id': 1, 'cluster_ports': [30012, 30014, 30016, 30017, 30022, 30024, 30026, 30027, 30034, 30036, 30040, 30047, 30049, 30054, 30057, 30067, 30072, 30075, 30077, 30078, 30082, 30083, 30089, 30091, 30096, 30100, 30102, 30110, 30114, 30115], 'cluster_manager': {'host': 'localhost', 'port': 30049, 'latitude': 36.626668, 'longitude': 127.4587754, 'altitude': 52, 'offset_m': 'lat: 7 m, lng: 24 m, alt: 52 m'}, 'simulated_delay': 0.00017766666666666666, 'distance': 125.95488097916912, 'message_size_bits': 4264}
[2025-03-12 13:45:36,138] [INFO] [30078] Broadcasting PREPARE: REQUEST 1741754736031
[2025-03-12 13:45:36,152] [INFO] [30078] PREPARE received from 30091 for REQUEST 1741754736031
[2025-03-12 13:45:36,152] [INFO] [30078] Broadcasting COMMIT: REQUEST 1741754736031
[2025-03-12 13:45:36,152] [INFO] [30078] PREPARE received from 30054 for REQUEST 1741754736031
[2025-03-12 13:45:36,310] [INFO] [30078] PREPARE received from 30072 for REQUEST 1741754736031
[2025-03-12 13:45:36,310] [INFO] [30078] COMMIT received from 30072 for REQUEST 1741754736031
[2025-03-12 13:45:36,310] [INFO] [30078] PREPARE received from 30012 for REQUEST 1741754736031
[2025-03-12 13:45:36,311] [INFO] [30078] PREPARE received from 30034 for REQUEST 1741754736031
[2025-03-12 13:45:36,312] [INFO] [30078] PREPARE received from 30047 for REQUEST 1741754736031
[2025-03-12 13:45:36,312] [INFO] [30078] COMMIT received from 30017 for REQUEST 1741754736031
[2025-03-12 13:45:36,312] [INFO] [30078] COMMIT complete. Sending PRE-REPLY: REQUEST 1741754736031 directly to Manager 30049
[2025-03-12 13:45:36,312] [INFO] [30078] COMMIT received from 30024 for REQUEST 1741754736031
[2025-03-12 13:45:36,313] [INFO] [30078] COMMIT received from 30082 for REQUEST 1741754736031
[2025-03-12 13:45:36,313] [INFO] [30078] PREPARE received from 30022 for REQUEST 1741754736031
[2025-03-12 13:45:36,313] [INFO] [30078] PREPARE received from 30082 for REQUEST 1741754736031
[2025-03-12 13:45:36,313] [INFO] [30078] PREPARE received from 30024 for REQUEST 1741754736031
[2025-03-12 13:45:36,313] [INFO] [30078] COMMIT received from 30077 for REQUEST 1741754736031
[2025-03-12 13:45:36,313] [INFO] [30078] PREPARE received from 30077 for REQUEST 1741754736031
[2025-03-12 13:45:36,313] [INFO] [30078] PREPARE received from 30057 for REQUEST 1741754736031
[2025-03-12 13:45:36,313] [INFO] [30078] COMMIT received from 30022 for REQUEST 1741754736031
[2025-03-12 13:45:36,313] [INFO] [30078] PREPARE received from 30017 for REQUEST 1741754736031
[2025-03-12 13:45:36,441] [INFO] [30078] PREPARE received from 30027 for REQUEST 1741754736031
[2025-03-12 13:45:36,497] [INFO] [30078] PREPARE received from 30096 for REQUEST 1741754736031
[2025-03-12 13:45:36,497] [INFO] [30078] COMMIT received from 30091 for REQUEST 1741754736031
[2025-03-12 13:45:36,497] [INFO] [30078] PREPARE received from 30036 for REQUEST 1741754736031
[2025-03-12 13:45:36,498] [INFO] [30078] PREPARE received from 30114 for REQUEST 1741754736031
[2025-03-12 13:45:36,499] [INFO] [30078] PREPARE received from 30100 for REQUEST 1741754736031
[2025-03-12 13:45:36,499] [INFO] [30078] PREPARE received from 30102 for REQUEST 1741754736031
[2025-03-12 13:45:36,501] [INFO] [30078] PREPARE received from 30016 for REQUEST 1741754736031
[2025-03-12 13:45:36,501] [INFO] [30078] COMMIT received from 30102 for REQUEST 1741754736031
[2025-03-12 13:45:36,501] [INFO] [30078] PREPARE received from 30040 for REQUEST 1741754736031
[2025-03-12 13:45:36,502] [INFO] [30078] COMMIT received from 30100 for REQUEST 1741754736031
[2025-03-12 13:45:36,502] [INFO] [30078] COMMIT received from 30114 for REQUEST 1741754736031
[2025-03-12 13:45:36,502] [INFO] [30078] COMMIT received from 30040 for REQUEST 1741754736031
[2025-03-12 13:45:36,502] [INFO] [30078] COMMIT received from 30014 for REQUEST 1741754736031
[2025-03-12 13:45:36,502] [INFO] [30078] COMMIT received from 30036 for REQUEST 1741754736031
[2025-03-12 13:45:36,502] [INFO] [30078] COMMIT received from 30016 for REQUEST 1741754736031
[2025-03-12 13:45:36,502] [INFO] [30078] COMMIT received from 30057 for REQUEST 1741754736031
[2025-03-12 13:45:36,502] [INFO] [30078] PREPARE received from 30083 for REQUEST 1741754736031
[2025-03-12 13:45:36,502] [INFO] [30078] COMMIT received from 30047 for REQUEST 1741754736031
[2025-03-12 13:45:36,502] [INFO] [30078] PREPARE received from 30067 for REQUEST 1741754736031
[2025-03-12 13:45:36,502] [INFO] [30078] COMMIT received from 30034 for REQUEST 1741754736031
[2025-03-12 13:45:36,502] [INFO] [30078] PREPARE received from 30089 for REQUEST 1741754736031
[2025-03-12 13:45:36,504] [INFO] [30078] PREPARE received from 30075 for REQUEST 1741754736031
[2025-03-12 13:45:36,504] [INFO] [30078] COMMIT received from 30083 for REQUEST 1741754736031
[2025-03-12 13:45:36,504] [INFO] [30078] COMMIT received from 30012 for REQUEST 1741754736031
[2025-03-12 13:45:36,505] [INFO] [30078] COMMIT received from 30096 for REQUEST 1741754736031
[2025-03-12 13:45:36,505] [INFO] [30078] COMMIT received from 30027 for REQUEST 1741754736031
[2025-03-12 13:45:36,505] [INFO] [30078] PREPARE received from 30014 for REQUEST 1741754736031
[2025-03-12 13:45:36,505] [INFO] [30078] COMMIT received from 30110 for REQUEST 1741754736031
[2025-03-12 13:45:36,505] [INFO] [30078] PREPARE received from 30026 for REQUEST 1741754736031
[2025-03-12 13:45:36,537] [INFO] [30078] COMMIT received from 30026 for REQUEST 1741754736031
[2025-03-12 13:45:36,541] [INFO] [30078] COMMIT received from 30075 for REQUEST 1741754736031
[2025-03-12 13:45:36,548] [INFO] [30078] COMMIT received from 30089 for REQUEST 1741754736031
[2025-03-12 13:45:36,562] [INFO] [30078] COMMIT received from 30067 for REQUEST 1741754736031
[2025-03-12 13:45:36,567] [INFO] [30078] COMMIT received from 30054 for REQUEST 1741754736031
[2025-03-12 13:45:47,391] [INFO] [30078] PRE-PREPARE received: {'request_id': 1741754747345, 'data': 'llapbft_message_1741754747345', 'timestamp': 1741754747.370292, 'leader': 30110, 'cluster_id': 1, 'cluster_ports': [30012, 30014, 30016, 30017, 30022, 30024, 30026, 30027, 30034, 30036, 30040, 30047, 30049, 30054, 30057, 30067, 30072, 30075, 30077, 30078, 30082, 30083, 30089, 30091, 30096, 30100, 30102, 30110, 30114, 30115], 'cluster_manager': {'host': 'localhost', 'port': 30049, 'latitude': 36.626668, 'longitude': 127.4587754, 'altitude': 52, 'offset_m': 'lat: 7 m, lng: 24 m, alt: 52 m'}, 'simulated_delay': 0.00017766666666666666, 'distance': 125.95488097916912, 'message_size_bits': 4264}
[2025-03-12 13:45:47,391] [INFO] [30078] Broadcasting PREPARE: REQUEST 1741754747345
[2025-03-12 13:45:47,451] [INFO] [30078] COMMIT received from 30036 for REQUEST 1741754747345
[2025-03-12 13:45:47,453] [INFO] [30078] PREPARE received from 30075 for REQUEST 1741754747345
[2025-03-12 13:45:47,453] [INFO] [30078] Broadcasting COMMIT: REQUEST 1741754747345
[2025-03-12 13:45:47,453] [INFO] [30078] PREPARE received from 30114 for REQUEST 1741754747345
[2025-03-12 13:45:47,453] [INFO] [30078] COMMIT received from 30040 for REQUEST 1741754747345
[2025-03-12 13:45:47,453] [INFO] [30078] COMMIT complete. Sending PRE-REPLY: REQUEST 1741754747345 directly to Manager 30049
[2025-03-12 13:45:47,453] [INFO] [30078] PREPARE received from 30100 for REQUEST 1741754747345
[2025-03-12 13:45:47,455] [INFO] [30078] COMMIT received from 30114 for REQUEST 1741754747345
[2025-03-12 13:45:47,455] [INFO] [30078] PREPARE received from 30072 for REQUEST 1741754747345
[2025-03-12 13:45:47,455] [INFO] [30078] PREPARE received from 30040 for REQUEST 1741754747345
[2025-03-12 13:45:47,455] [INFO] [30078] COMMIT received from 30100 for REQUEST 1741754747345
[2025-03-12 13:45:47,457] [INFO] [30078] PREPARE received from 30017 for REQUEST 1741754747345
[2025-03-12 13:45:47,457] [INFO] [30078] PREPARE received from 30026 for REQUEST 1741754747345
[2025-03-12 13:45:47,457] [INFO] [30078] COMMIT received from 30014 for REQUEST 1741754747345
[2025-03-12 13:45:47,457] [INFO] [30078] PREPARE received from 30036 for REQUEST 1741754747345
[2025-03-12 13:45:47,457] [INFO] [30078] PREPARE received from 30016 for REQUEST 1741754747345
[2025-03-12 13:45:47,457] [INFO] [30078] PREPARE received from 30082 for REQUEST 1741754747345
[2025-03-12 13:45:47,457] [INFO] [30078] PREPARE received from 30024 for REQUEST 1741754747345
[2025-03-12 13:45:47,459] [INFO] [30078] PREPARE received from 30057 for REQUEST 1741754747345
[2025-03-12 13:45:47,459] [INFO] [30078] PREPARE received from 30089 for REQUEST 1741754747345
[2025-03-12 13:45:47,459] [INFO] [30078] PREPARE received from 30067 for REQUEST 1741754747345
[2025-03-12 13:45:47,459] [INFO] [30078] PREPARE received from 30054 for REQUEST 1741754747345
[2025-03-12 13:45:47,459] [INFO] [30078] PREPARE received from 30047 for REQUEST 1741754747345
[2025-03-12 13:45:47,461] [INFO] [30078] COMMIT received from 30067 for REQUEST 1741754747345
[2025-03-12 13:45:47,461] [INFO] [30078] PREPARE received from 30034 for REQUEST 1741754747345
[2025-03-12 13:45:47,461] [INFO] [30078] COMMIT received from 30089 for REQUEST 1741754747345
[2025-03-12 13:45:47,461] [INFO] [30078] COMMIT received from 30075 for REQUEST 1741754747345
[2025-03-12 13:45:47,461] [INFO] [30078] COMMIT received from 30096 for REQUEST 1741754747345
[2025-03-12 13:45:47,461] [INFO] [30078] PREPARE received from 30022 for REQUEST 1741754747345
[2025-03-12 13:45:47,461] [INFO] [30078] PREPARE received from 30083 for REQUEST 1741754747345
[2025-03-12 13:45:47,463] [INFO] [30078] PREPARE received from 30012 for REQUEST 1741754747345
[2025-03-12 13:45:47,463] [INFO] [30078] COMMIT received from 30017 for REQUEST 1741754747345
[2025-03-12 13:45:47,463] [INFO] [30078] PREPARE received from 30096 for REQUEST 1741754747345
[2025-03-12 13:45:47,463] [INFO] [30078] PREPARE received from 30027 for REQUEST 1741754747345
[2025-03-12 13:45:47,463] [INFO] [30078] PREPARE received from 30091 for REQUEST 1741754747345
[2025-03-12 13:45:47,464] [INFO] [30078] PREPARE received from 30014 for REQUEST 1741754747345
[2025-03-12 13:45:47,474] [INFO] [30078] COMMIT received from 30024 for REQUEST 1741754747345
[2025-03-12 13:45:47,474] [INFO] [30078] COMMIT received from 30083 for REQUEST 1741754747345
[2025-03-12 13:45:47,605] [INFO] [30078] COMMIT received from 30082 for REQUEST 1741754747345
[2025-03-12 13:45:47,605] [INFO] [30078] COMMIT received from 30016 for REQUEST 1741754747345
[2025-03-12 13:45:47,606] [INFO] [30078] PREPARE received from 30102 for REQUEST 1741754747345
[2025-03-12 13:45:47,610] [INFO] [30078] COMMIT received from 30027 for REQUEST 1741754747345
[2025-03-12 13:45:47,610] [INFO] [30078] COMMIT received from 30110 for REQUEST 1741754747345
[2025-03-12 13:45:47,612] [INFO] [30078] COMMIT received from 30072 for REQUEST 1741754747345
[2025-03-12 13:45:47,612] [INFO] [30078] COMMIT received from 30057 for REQUEST 1741754747345
[2025-03-12 13:45:47,614] [INFO] [30078] COMMIT received from 30022 for REQUEST 1741754747345
[2025-03-12 13:45:47,770] [INFO] [30078] PREPARE received from 30077 for REQUEST 1741754747345
[2025-03-12 13:45:47,771] [INFO] [30078] COMMIT received from 30091 for REQUEST 1741754747345
[2025-03-12 13:45:47,772] [INFO] [30078] COMMIT received from 30077 for REQUEST 1741754747345
[2025-03-12 13:45:47,772] [INFO] [30078] COMMIT received from 30102 for REQUEST 1741754747345
[2025-03-12 13:45:47,774] [INFO] [30078] COMMIT received from 30012 for REQUEST 1741754747345
[2025-03-12 13:45:47,775] [INFO] [30078] COMMIT received from 30026 for REQUEST 1741754747345
[2025-03-12 13:45:47,775] [INFO] [30078] COMMIT received from 30054 for REQUEST 1741754747345
[2025-03-12 13:45:47,812] [INFO] [30078] COMMIT received from 30034 for REQUEST 1741754747345
[2025-03-12 13:45:47,817] [INFO] [30078] COMMIT received from 30047 for REQUEST 1741754747345
[2025-03-12 13:45:59,123] [INFO] [30078] PRE-PREPARE received: {'request_id': 1741754759008, 'data': 'llapbft_message_1741754759008', 'timestamp': 1741754759.0302613, 'leader': 30110, 'cluster_id': 1, 'cluster_ports': [30012, 30014, 30016, 30017, 30022, 30024, 30026, 30027, 30034, 30036, 30040, 30047, 30049, 30054, 30057, 30067, 30072, 30075, 30077, 30078, 30082, 30083, 30089, 30091, 30096, 30100, 30102, 30110, 30114, 30115], 'cluster_manager': {'host': 'localhost', 'port': 30049, 'latitude': 36.626668, 'longitude': 127.4587754, 'altitude': 52, 'offset_m': 'lat: 7 m, lng: 24 m, alt: 52 m'}, 'simulated_delay': 0.000178, 'distance': 125.95488097916912, 'message_size_bits': 4272}
[2025-03-12 13:45:59,125] [INFO] [30078] Broadcasting PREPARE: REQUEST 1741754759008
[2025-03-12 13:45:59,129] [INFO] [30078] PREPARE received from 30082 for REQUEST 1741754759008
[2025-03-12 13:45:59,131] [INFO] [30078] Broadcasting COMMIT: REQUEST 1741754759008
[2025-03-12 13:45:59,131] [INFO] [30078] PREPARE received from 30016 for REQUEST 1741754759008
[2025-03-12 13:45:59,131] [INFO] [30078] PREPARE received from 30077 for REQUEST 1741754759008
[2025-03-12 13:45:59,131] [INFO] [30078] PREPARE received from 30083 for REQUEST 1741754759008
[2025-03-12 13:45:59,131] [INFO] [30078] PREPARE received from 30012 for REQUEST 1741754759008
[2025-03-12 13:45:59,137] [INFO] [30078] PREPARE received from 30096 for REQUEST 1741754759008
[2025-03-12 13:45:59,149] [INFO] [30078] PREPARE received from 30040 for REQUEST 1741754759008
[2025-03-12 13:45:59,410] [INFO] [30078] PREPARE received from 30057 for REQUEST 1741754759008
[2025-03-12 13:45:59,411] [INFO] [30078] PREPARE received from 30017 for REQUEST 1741754759008
[2025-03-12 13:45:59,412] [INFO] [30078] PREPARE received from 30091 for REQUEST 1741754759008
[2025-03-12 13:45:59,412] [INFO] [30078] PREPARE received from 30036 for REQUEST 1741754759008
[2025-03-12 13:45:59,412] [INFO] [30078] PREPARE received from 30014 for REQUEST 1741754759008
[2025-03-12 13:45:59,412] [INFO] [30078] PREPARE received from 30102 for REQUEST 1741754759008
[2025-03-12 13:45:59,412] [INFO] [30078] PREPARE received from 30114 for REQUEST 1741754759008
[2025-03-12 13:45:59,414] [INFO] [30078] COMMIT received from 30040 for REQUEST 1741754759008
[2025-03-12 13:45:59,414] [INFO] [30078] PREPARE received from 30100 for REQUEST 1741754759008
[2025-03-12 13:45:59,414] [INFO] [30078] PREPARE received from 30024 for REQUEST 1741754759008
[2025-03-12 13:45:59,415] [INFO] [30078] COMMIT received from 30077 for REQUEST 1741754759008
[2025-03-12 13:45:59,415] [INFO] [30078] COMMIT complete. Sending PRE-REPLY: REQUEST 1741754759008 directly to Manager 30049
[2025-03-12 13:45:59,415] [INFO] [30078] PREPARE received from 30027 for REQUEST 1741754759008
[2025-03-12 13:45:59,417] [INFO] [30078] COMMIT received from 30036 for REQUEST 1741754759008
[2025-03-12 13:45:59,418] [INFO] [30078] PREPARE received from 30075 for REQUEST 1741754759008
[2025-03-12 13:45:59,418] [INFO] [30078] COMMIT received from 30016 for REQUEST 1741754759008
[2025-03-12 13:45:59,418] [INFO] [30078] PREPARE received from 30054 for REQUEST 1741754759008
[2025-03-12 13:45:59,418] [INFO] [30078] PREPARE received from 30026 for REQUEST 1741754759008
[2025-03-12 13:45:59,419] [INFO] [30078] COMMIT received from 30110 for REQUEST 1741754759008
[2025-03-12 13:45:59,419] [INFO] [30078] PREPARE received from 30072 for REQUEST 1741754759008
[2025-03-12 13:45:59,419] [INFO] [30078] PREPARE received from 30034 for REQUEST 1741754759008
[2025-03-12 13:45:59,419] [INFO] [30078] PREPARE received from 30047 for REQUEST 1741754759008
[2025-03-12 13:45:59,419] [INFO] [30078] COMMIT received from 30017 for REQUEST 1741754759008
[2025-03-12 13:45:59,419] [INFO] [30078] COMMIT received from 30014 for REQUEST 1741754759008
[2025-03-12 13:45:59,419] [INFO] [30078] COMMIT received from 30024 for REQUEST 1741754759008
[2025-03-12 13:45:59,421] [INFO] [30078] COMMIT received from 30057 for REQUEST 1741754759008
[2025-03-12 13:45:59,421] [INFO] [30078] PREPARE received from 30089 for REQUEST 1741754759008
[2025-03-12 13:45:59,421] [INFO] [30078] COMMIT received from 30067 for REQUEST 1741754759008
[2025-03-12 13:45:59,421] [INFO] [30078] COMMIT received from 30054 for REQUEST 1741754759008
[2025-03-12 13:45:59,421] [INFO] [30078] COMMIT received from 30047 for REQUEST 1741754759008
[2025-03-12 13:45:59,422] [INFO] [30078] PREPARE received from 30067 for REQUEST 1741754759008
[2025-03-12 13:45:59,422] [INFO] [30078] COMMIT received from 30089 for REQUEST 1741754759008
[2025-03-12 13:45:59,422] [INFO] [30078] COMMIT received from 30075 for REQUEST 1741754759008
[2025-03-12 13:45:59,423] [INFO] [30078] PREPARE received from 30022 for REQUEST 1741754759008
[2025-03-12 13:45:59,423] [INFO] [30078] COMMIT received from 30027 for REQUEST 1741754759008
[2025-03-12 13:45:59,423] [INFO] [30078] COMMIT received from 30096 for REQUEST 1741754759008
[2025-03-12 13:45:59,427] [INFO] [30078] COMMIT received from 30034 for REQUEST 1741754759008
[2025-03-12 13:45:59,478] [INFO] [30078] COMMIT received from 30083 for REQUEST 1741754759008
[2025-03-12 13:45:59,519] [INFO] [30078] COMMIT received from 30091 for REQUEST 1741754759008
[2025-03-12 13:45:59,525] [INFO] [30078] COMMIT received from 30100 for REQUEST 1741754759008
[2025-03-12 13:45:59,532] [INFO] [30078] COMMIT received from 30026 for REQUEST 1741754759008
[2025-03-12 13:45:59,538] [INFO] [30078] COMMIT received from 30012 for REQUEST 1741754759008
[2025-03-12 13:45:59,543] [INFO] [30078] COMMIT received from 30102 for REQUEST 1741754759008
[2025-03-12 13:45:59,554] [INFO] [30078] COMMIT received from 30114 for REQUEST 1741754759008
[2025-03-12 13:45:59,561] [INFO] [30078] COMMIT received from 30082 for REQUEST 1741754759008
[2025-03-12 13:45:59,591] [INFO] [30078] COMMIT received from 30022 for REQUEST 1741754759008
[2025-03-12 13:45:59,593] [INFO] [30078] COMMIT received from 30072 for REQUEST 1741754759008
[2025-03-12 13:46:11,355] [INFO] [30078] PRE-PREPARE received: {'request_id': 1741754771266, 'data': 'llapbft_message_1741754771266', 'timestamp': 1741754771.2983816, 'leader': 30110, 'cluster_id': 1, 'cluster_ports': [30012, 30014, 30016, 30017, 30022, 30024, 30026, 30027, 30034, 30036, 30040, 30047, 30049, 30054, 30057, 30067, 30072, 30075, 30077, 30078, 30082, 30083, 30089, 30091, 30096, 30100, 30102, 30110, 30114, 30115], 'cluster_manager': {'host': 'localhost', 'port': 30049, 'latitude': 36.626668, 'longitude': 127.4587754, 'altitude': 52, 'offset_m': 'lat: 7 m, lng: 24 m, alt: 52 m'}, 'simulated_delay': 0.000178, 'distance': 125.95488097916912, 'message_size_bits': 4272}
[2025-03-12 13:46:11,355] [INFO] [30078] Broadcasting PREPARE: REQUEST 1741754771266
[2025-03-12 13:46:11,361] [INFO] [30078] PREPARE received from 30083 for REQUEST 1741754771266
[2025-03-12 13:46:11,361] [INFO] [30078] Broadcasting COMMIT: REQUEST 1741754771266
[2025-03-12 13:46:11,456] [INFO] [30078] COMMIT received from 30036 for REQUEST 1741754771266
[2025-03-12 13:46:11,456] [INFO] [30078] COMMIT received from 30075 for REQUEST 1741754771266
[2025-03-12 13:46:11,456] [INFO] [30078] COMMIT complete. Sending PRE-REPLY: REQUEST 1741754771266 directly to Manager 30049
[2025-03-12 13:46:11,458] [INFO] [30078] COMMIT received from 30114 for REQUEST 1741754771266
[2025-03-12 13:46:11,458] [INFO] [30078] PREPARE received from 30054 for REQUEST 1741754771266
[2025-03-12 13:46:11,458] [INFO] [30078] COMMIT received from 30102 for REQUEST 1741754771266
[2025-03-12 13:46:11,458] [INFO] [30078] COMMIT received from 30040 for REQUEST 1741754771266
[2025-03-12 13:46:11,458] [INFO] [30078] COMMIT received from 30026 for REQUEST 1741754771266
[2025-03-12 13:46:11,458] [INFO] [30078] PREPARE received from 30114 for REQUEST 1741754771266
[2025-03-12 13:46:11,458] [INFO] [30078] PREPARE received from 30012 for REQUEST 1741754771266
[2025-03-12 13:46:11,460] [INFO] [30078] PREPARE received from 30040 for REQUEST 1741754771266
[2025-03-12 13:46:11,460] [INFO] [30078] PREPARE received from 30100 for REQUEST 1741754771266
[2025-03-12 13:46:11,460] [INFO] [30078] COMMIT received from 30017 for REQUEST 1741754771266
[2025-03-12 13:46:11,460] [INFO] [30078] COMMIT received from 30024 for REQUEST 1741754771266
[2025-03-12 13:46:11,460] [INFO] [30078] PREPARE received from 30026 for REQUEST 1741754771266
[2025-03-12 13:46:11,462] [INFO] [30078] PREPARE received from 30102 for REQUEST 1741754771266
[2025-03-12 13:46:11,462] [INFO] [30078] PREPARE received from 30036 for REQUEST 1741754771266
[2025-03-12 13:46:11,462] [INFO] [30078] PREPARE received from 30082 for REQUEST 1741754771266
[2025-03-12 13:46:11,464] [INFO] [30078] PREPARE received from 30024 for REQUEST 1741754771266
[2025-03-12 13:46:11,464] [INFO] [30078] COMMIT received from 30057 for REQUEST 1741754771266
[2025-03-12 13:46:11,464] [INFO] [30078] COMMIT received from 30067 for REQUEST 1741754771266
[2025-03-12 13:46:11,464] [INFO] [30078] COMMIT received from 30077 for REQUEST 1741754771266
[2025-03-12 13:46:11,464] [INFO] [30078] PREPARE received from 30077 for REQUEST 1741754771266
[2025-03-12 13:46:11,464] [INFO] [30078] COMMIT received from 30054 for REQUEST 1741754771266
[2025-03-12 13:46:11,464] [INFO] [30078] PREPARE received from 30022 for REQUEST 1741754771266
[2025-03-12 13:46:11,466] [INFO] [30078] PREPARE received from 30057 for REQUEST 1741754771266
[2025-03-12 13:46:11,466] [INFO] [30078] PREPARE received from 30027 for REQUEST 1741754771266
[2025-03-12 13:46:11,466] [INFO] [30078] PREPARE received from 30067 for REQUEST 1741754771266
[2025-03-12 13:46:11,466] [INFO] [30078] PREPARE received from 30075 for REQUEST 1741754771266
[2025-03-12 13:46:11,466] [INFO] [30078] COMMIT received from 30096 for REQUEST 1741754771266
[2025-03-12 13:46:11,466] [INFO] [30078] COMMIT received from 30022 for REQUEST 1741754771266
[2025-03-12 13:46:11,466] [INFO] [30078] PREPARE received from 30017 for REQUEST 1741754771266
[2025-03-12 13:46:11,466] [INFO] [30078] PREPARE received from 30096 for REQUEST 1741754771266
[2025-03-12 13:46:11,468] [INFO] [30078] COMMIT received from 30027 for REQUEST 1741754771266
[2025-03-12 13:46:11,470] [INFO] [30078] PREPARE received from 30091 for REQUEST 1741754771266
[2025-03-12 13:46:11,470] [INFO] [30078] PREPARE received from 30014 for REQUEST 1741754771266
[2025-03-12 13:46:11,470] [INFO] [30078] PREPARE received from 30072 for REQUEST 1741754771266
[2025-03-12 13:46:11,471] [INFO] [30078] COMMIT received from 30072 for REQUEST 1741754771266
[2025-03-12 13:46:11,473] [INFO] [30078] COMMIT received from 30014 for REQUEST 1741754771266
[2025-03-12 13:46:11,473] [INFO] [30078] COMMIT received from 30091 for REQUEST 1741754771266
[2025-03-12 13:46:11,499] [INFO] [30078] PREPARE received from 30016 for REQUEST 1741754771266
[2025-03-12 13:46:11,503] [INFO] [30078] COMMIT received from 30083 for REQUEST 1741754771266
[2025-03-12 13:46:11,503] [INFO] [30078] PREPARE received from 30047 for REQUEST 1741754771266
[2025-03-12 13:46:11,503] [INFO] [30078] PREPARE received from 30034 for REQUEST 1741754771266
[2025-03-12 13:46:11,511] [INFO] [30078] COMMIT received from 30034 for REQUEST 1741754771266
[2025-03-12 13:46:11,515] [INFO] [30078] COMMIT received from 30047 for REQUEST 1741754771266
[2025-03-12 13:46:11,525] [INFO] [30078] PREPARE received from 30089 for REQUEST 1741754771266
[2025-03-12 13:46:11,527] [INFO] [30078] COMMIT received from 30100 for REQUEST 1741754771266
[2025-03-12 13:46:11,537] [INFO] [30078] COMMIT received from 30089 for REQUEST 1741754771266
[2025-03-12 13:46:11,547] [INFO] [30078] COMMIT received from 30012 for REQUEST 1741754771266
[2025-03-12 13:46:11,569] [INFO] [30078] COMMIT received from 30110 for REQUEST 1741754771266
[2025-03-12 13:46:11,588] [INFO] [30078] COMMIT received from 30082 for REQUEST 1741754771266
[2025-03-12 13:46:11,681] [INFO] [30078] COMMIT received from 30016 for REQUEST 1741754771266
[2025-03-12 14:44:18,238] [INFO] [30078] PRE-PREPARE received: {'request_id': 1741758258160, 'data': 'llapbft_message_1741758258160', 'timestamp': 1741758258.1917994, 'leader': 30110, 'cluster_id': 1, 'cluster_ports': [30012, 30014, 30016, 30017, 30022, 30024, 30026, 30027, 30034, 30036, 30040, 30047, 30049, 30054, 30057, 30067, 30072, 30075, 30077, 30078, 30082, 30083, 30089, 30091, 30096, 30100, 30102, 30110, 30114, 30115], 'cluster_manager': {'host': 'localhost', 'port': 30049, 'latitude': 36.626668, 'longitude': 127.4587754, 'altitude': 52, 'offset_m': 'lat: 7 m, lng: 24 m, alt: 52 m'}, 'simulated_delay': 0.000178, 'distance': 125.95488097916912, 'message_size_bits': 4272}
[2025-03-12 14:44:18,238] [INFO] [30078] Broadcasting PREPARE: REQUEST 1741758258160
[2025-03-12 14:44:18,382] [INFO] [30078] PREPARE received from 30024 for REQUEST 1741758258160
[2025-03-12 14:44:18,382] [INFO] [30078] Broadcasting COMMIT: REQUEST 1741758258160
[2025-03-12 14:44:18,530] [INFO] [30078] PREPARE received from 30036 for REQUEST 1741758258160
[2025-03-12 14:44:18,604] [INFO] [30078] PREPARE received from 30100 for REQUEST 1741758258160
[2025-03-12 14:44:18,604] [INFO] [30078] COMMIT received from 30024 for REQUEST 1741758258160
[2025-03-12 14:44:18,637] [INFO] [30078] COMMIT received from 30100 for REQUEST 1741758258160
[2025-03-12 14:44:18,637] [INFO] [30078] COMMIT complete. Sending PRE-REPLY: REQUEST 1741758258160 directly to Manager 30049
[2025-03-12 14:44:18,652] [INFO] [30078] PREPARE received from 30012 for REQUEST 1741758258160
[2025-03-12 14:44:18,652] [INFO] [30078] COMMIT received from 30012 for REQUEST 1741758258160
[2025-03-12 14:44:18,758] [INFO] [30078] PREPARE received from 30040 for REQUEST 1741758258160
[2025-03-12 14:44:18,761] [INFO] [30078] COMMIT received from 30040 for REQUEST 1741758258160
[2025-03-12 14:44:18,806] [INFO] [30078] COMMIT received from 30036 for REQUEST 1741758258160
[2025-03-12 14:44:18,806] [INFO] [30078] PREPARE received from 30102 for REQUEST 1741758258160
[2025-03-12 14:44:18,806] [INFO] [30078] COMMIT received from 30102 for REQUEST 1741758258160
[2025-03-12 14:44:18,900] [INFO] [30078] PREPARE received from 30027 for REQUEST 1741758258160
[2025-03-12 14:44:18,901] [INFO] [30078] PREPARE received from 30114 for REQUEST 1741758258160
[2025-03-12 14:44:18,901] [INFO] [30078] COMMIT received from 30027 for REQUEST 1741758258160
[2025-03-12 14:44:18,901] [INFO] [30078] COMMIT received from 30114 for REQUEST 1741758258160
[2025-03-12 14:44:18,992] [INFO] [30078] PREPARE received from 30075 for REQUEST 1741758258160
[2025-03-12 14:44:18,992] [INFO] [30078] COMMIT received from 30075 for REQUEST 1741758258160
[2025-03-12 14:44:19,041] [INFO] [30078] PREPARE received from 30054 for REQUEST 1741758258160
[2025-03-12 14:44:19,070] [INFO] [30078] COMMIT received from 30054 for REQUEST 1741758258160
[2025-03-12 14:44:19,245] [INFO] [30078] COMMIT received from 30110 for REQUEST 1741758258160
[2025-03-12 14:44:19,251] [INFO] [30078] PREPARE received from 30091 for REQUEST 1741758258160
[2025-03-12 14:44:19,251] [INFO] [30078] PREPARE received from 30072 for REQUEST 1741758258160
[2025-03-12 14:44:19,251] [INFO] [30078] COMMIT received from 30072 for REQUEST 1741758258160
[2025-03-12 14:44:19,251] [INFO] [30078] COMMIT received from 30091 for REQUEST 1741758258160
[2025-03-12 14:44:19,260] [INFO] [30078] PREPARE received from 30014 for REQUEST 1741758258160
[2025-03-12 14:44:19,272] [INFO] [30078] COMMIT received from 30017 for REQUEST 1741758258160
[2025-03-12 14:44:19,272] [INFO] [30078] PREPARE received from 30017 for REQUEST 1741758258160
[2025-03-12 14:44:19,283] [INFO] [30078] COMMIT received from 30014 for REQUEST 1741758258160
[2025-03-12 14:44:19,310] [INFO] [30078] PREPARE received from 30077 for REQUEST 1741758258160
[2025-03-12 14:44:19,310] [INFO] [30078] COMMIT received from 30077 for REQUEST 1741758258160
[2025-03-12 14:44:19,346] [INFO] [30078] PREPARE received from 30047 for REQUEST 1741758258160
[2025-03-12 14:44:19,353] [INFO] [30078] COMMIT received from 30047 for REQUEST 1741758258160
[2025-03-12 14:44:19,355] [INFO] [30078] PREPARE received from 30022 for REQUEST 1741758258160
[2025-03-12 14:44:19,355] [INFO] [30078] COMMIT received from 30022 for REQUEST 1741758258160
[2025-03-12 14:44:19,433] [INFO] [30078] PREPARE received from 30034 for REQUEST 1741758258160
[2025-03-12 14:44:19,435] [INFO] [30078] PREPARE received from 30067 for REQUEST 1741758258160
[2025-03-12 14:44:19,435] [INFO] [30078] COMMIT received from 30082 for REQUEST 1741758258160
[2025-03-12 14:44:19,435] [INFO] [30078] COMMIT received from 30034 for REQUEST 1741758258160
[2025-03-12 14:44:19,437] [INFO] [30078] COMMIT received from 30067 for REQUEST 1741758258160
[2025-03-12 14:44:19,437] [INFO] [30078] PREPARE received from 30082 for REQUEST 1741758258160
[2025-03-12 14:44:19,493] [INFO] [30078] PREPARE received from 30083 for REQUEST 1741758258160
[2025-03-12 14:44:19,508] [INFO] [30078] COMMIT received from 30083 for REQUEST 1741758258160
[2025-03-12 14:44:19,510] [INFO] [30078] PREPARE received from 30016 for REQUEST 1741758258160
[2025-03-12 14:44:19,516] [INFO] [30078] COMMIT received from 30016 for REQUEST 1741758258160
[2025-03-12 14:44:19,578] [INFO] [30078] COMMIT received from 30096 for REQUEST 1741758258160
[2025-03-12 14:44:19,578] [INFO] [30078] PREPARE received from 30096 for REQUEST 1741758258160
[2025-03-12 14:44:19,595] [INFO] [30078] PREPARE received from 30089 for REQUEST 1741758258160
[2025-03-12 14:44:19,611] [INFO] [30078] COMMIT received from 30089 for REQUEST 1741758258160
[2025-03-12 14:44:19,652] [INFO] [30078] PREPARE received from 30057 for REQUEST 1741758258160
[2025-03-12 14:44:19,653] [INFO] [30078] COMMIT received from 30057 for REQUEST 1741758258160
[2025-03-12 14:44:19,677] [INFO] [30078] PREPARE received from 30026 for REQUEST 1741758258160
[2025-03-12 14:44:19,682] [INFO] [30078] COMMIT received from 30026 for REQUEST 1741758258160
