[2025-03-12 12:35:46,968] [INFO] Node started: localhost:30112 | index=113 | f=1, k=4
[2025-03-12 12:54:52,283] [INFO] Node started: localhost:30112 | index=113 | f=1, k=4
[2025-03-12 12:55:43,872] [INFO] Node started: localhost:30112 | index=113 | f=1, k=4
[2025-03-12 12:55:54,253] [INFO] [30112] PRE-PREPARE received: {'request_id': 1741751754181, 'data': 'llapbft_message_1741751754181', 'timestamp': 1741751754.2060645, 'leader': 30063, 'cluster_id': 2, 'cluster_ports': [30000, 30006, 30007, 30009, 30011, 30014, 30018, 30026, 30029, 30031, 30036, 30040, 30042, 30045, 30053, 30054, 30055, 30063, 30065, 30069, 30081, 30083, 30085, 30086, 30087, 30089, 30097, 30099, 30101, 30103, 30104, 30109, 30112, 30122, 30124, 30125, 30128, 30130, 30131, 30140, 30145, 30148, 30152, 30158], 'cluster_manager': {'host': 'localhost', 'port': 30009, 'latitude': 36.6268859, 'longitude': 127.4587698, 'altitude': 206, 'offset_m': 'lat: 31 m, lng: 24 m, alt: 206 m'}, 'fault': True, 'simulated_delay': 0.000868, 'distance': 293.85979524247887, 'message_size_bits': 5208}
[2025-03-12 12:55:54,263] [INFO] [30112] Broadcasting PREPARE: REQUEST 1741751754181
[2025-03-12 12:55:54,523] [INFO] [30112] PREPARE received from 30140 for REQUEST 1741751754181
[2025-03-12 12:55:54,523] [INFO] [30112] Broadcasting COMMIT: REQUEST 1741751754181
[2025-03-12 12:55:54,523] [INFO] [30112] PREPARE received from 30158 for REQUEST 1741751754181
[2025-03-12 12:55:54,573] [INFO] [30112] PREPARE received from 30128 for REQUEST 1741751754181
[2025-03-12 12:55:54,573] [INFO] [30112] PREPARE received from 30101 for REQUEST 1741751754181
[2025-03-12 12:55:54,964] [INFO] [30112] PREPARE received from 30109 for REQUEST 1741751754181
[2025-03-12 12:55:54,965] [INFO] [30112] PREPARE received from 30083 for REQUEST 1741751754181
[2025-03-12 12:55:54,965] [INFO] [30112] PREPARE received from 30053 for REQUEST 1741751754181
[2025-03-12 12:55:54,966] [INFO] [30112] COMMIT received from 30158 for REQUEST 1741751754181
[2025-03-12 12:55:54,966] [INFO] [30112] COMMIT received from 30140 for REQUEST 1741751754181
[2025-03-12 12:55:54,966] [INFO] [30112] COMMIT complete. Sending PRE-REPLY: REQUEST 1741751754181 directly to Manager 30009
[2025-03-12 12:55:54,968] [INFO] [30112] PREPARE received from 30086 for REQUEST 1741751754181
[2025-03-12 12:55:55,128] [INFO] [30112] COMMIT received from 30128 for REQUEST 1741751754181
[2025-03-12 12:55:55,212] [INFO] [30112] COMMIT received from 30109 for REQUEST 1741751754181
[2025-03-12 12:55:55,249] [INFO] [30112] COMMIT received from 30007 for REQUEST 1741751754181
[2025-03-12 12:55:55,264] [INFO] [30112] PREPARE received from 30007 for REQUEST 1741751754181
[2025-03-12 12:55:55,264] [INFO] [30112] COMMIT received from 30101 for REQUEST 1741751754181
[2025-03-12 12:55:55,296] [INFO] [30112] PREPARE received from 30124 for REQUEST 1741751754181
[2025-03-12 12:55:55,328] [INFO] [30112] PREPARE received from 30055 for REQUEST 1741751754181
[2025-03-12 12:55:55,328] [INFO] [30112] COMMIT received from 30053 for REQUEST 1741751754181
[2025-03-12 12:55:55,442] [INFO] [30112] COMMIT received from 30083 for REQUEST 1741751754181
[2025-03-12 12:55:55,502] [INFO] [30112] PREPARE received from 30069 for REQUEST 1741751754181
[2025-03-12 12:55:55,502] [INFO] [30112] PREPARE received from 30040 for REQUEST 1741751754181
[2025-03-12 12:55:55,581] [INFO] [30112] COMMIT received from 30069 for REQUEST 1741751754181
[2025-03-12 12:55:55,591] [INFO] [30112] PREPARE received from 30089 for REQUEST 1741751754181
[2025-03-12 12:55:55,591] [INFO] [30112] COMMIT received from 30040 for REQUEST 1741751754181
[2025-03-12 12:55:55,591] [INFO] [30112] PREPARE received from 30011 for REQUEST 1741751754181
[2025-03-12 12:55:55,591] [INFO] [30112] COMMIT received from 30089 for REQUEST 1741751754181
[2025-03-12 12:55:55,597] [INFO] [30112] PREPARE received from 30087 for REQUEST 1741751754181
[2025-03-12 12:55:55,597] [INFO] [30112] COMMIT received from 30087 for REQUEST 1741751754181
[2025-03-12 12:55:55,607] [INFO] [30112] COMMIT received from 30063 for REQUEST 1741751754181
[2025-03-12 12:55:55,682] [INFO] [30112] COMMIT received from 30011 for REQUEST 1741751754181
[2025-03-12 12:55:55,732] [INFO] [30112] COMMIT received from 30086 for REQUEST 1741751754181
[2025-03-12 12:55:55,816] [INFO] [30112] PREPARE received from 30085 for REQUEST 1741751754181
[2025-03-12 12:55:55,841] [INFO] [30112] COMMIT received from 30085 for REQUEST 1741751754181
[2025-03-12 12:55:55,876] [INFO] [30112] PREPARE received from 30026 for REQUEST 1741751754181
[2025-03-12 12:55:55,931] [INFO] [30112] COMMIT received from 30026 for REQUEST 1741751754181
[2025-03-12 12:55:55,931] [INFO] [30112] PREPARE received from 30130 for REQUEST 1741751754181
[2025-03-12 12:55:55,931] [INFO] [30112] COMMIT received from 30130 for REQUEST 1741751754181
[2025-03-12 12:55:56,026] [INFO] [30112] PREPARE received from 30104 for REQUEST 1741751754181
[2025-03-12 12:55:56,062] [INFO] [30112] PREPARE received from 30122 for REQUEST 1741751754181
[2025-03-12 12:55:56,064] [INFO] [30112] COMMIT received from 30055 for REQUEST 1741751754181
[2025-03-12 12:55:56,082] [INFO] [30112] COMMIT received from 30122 for REQUEST 1741751754181
[2025-03-12 12:55:56,247] [INFO] [30112] PREPARE received from 30097 for REQUEST 1741751754181
[2025-03-12 12:55:56,263] [INFO] [30112] COMMIT received from 30097 for REQUEST 1741751754181
[2025-03-12 12:55:56,347] [INFO] [30112] COMMIT received from 30124 for REQUEST 1741751754181
[2025-03-12 12:55:56,356] [INFO] [30112] COMMIT received from 30104 for REQUEST 1741751754181
[2025-03-12 12:55:56,404] [INFO] [30112] PREPARE received from 30099 for REQUEST 1741751754181
[2025-03-12 12:55:56,441] [INFO] [30112] COMMIT received from 30099 for REQUEST 1741751754181
[2025-03-12 12:55:56,525] [INFO] [30112] PREPARE received from 30054 for REQUEST 1741751754181
[2025-03-12 12:55:56,525] [INFO] [30112] COMMIT received from 30054 for REQUEST 1741751754181
[2025-03-12 12:55:56,640] [INFO] [30112] PREPARE received from 30029 for REQUEST 1741751754181
[2025-03-12 12:55:56,641] [INFO] [30112] COMMIT received from 30029 for REQUEST 1741751754181
[2025-03-12 12:55:56,680] [INFO] [30112] PREPARE received from 30103 for REQUEST 1741751754181
[2025-03-12 12:55:56,694] [INFO] [30112] COMMIT received from 30103 for REQUEST 1741751754181
[2025-03-12 12:55:56,694] [INFO] [30112] PREPARE received from 30000 for REQUEST 1741751754181
[2025-03-12 12:55:56,696] [INFO] [30112] COMMIT received from 30000 for REQUEST 1741751754181
[2025-03-12 12:55:56,803] [INFO] [30112] PREPARE received from 30131 for REQUEST 1741751754181
[2025-03-12 12:55:56,803] [INFO] [30112] COMMIT received from 30131 for REQUEST 1741751754181
[2025-03-12 12:55:57,025] [INFO] [30112] PREPARE received from 30152 for REQUEST 1741751754181
[2025-03-12 12:55:57,025] [INFO] [30112] COMMIT received from 30152 for REQUEST 1741751754181
[2025-03-12 12:56:55,342] [INFO] Node started: localhost:30112 | index=113 | f=1, k=4
[2025-03-12 12:58:03,728] [INFO] [30112] PRE-PREPARE received: {'request_id': 1741751883632, 'data': 'llapbft_message_1741751883632', 'timestamp': 1741751883.6611185, 'leader': 30041, 'cluster_id': 2, 'cluster_ports': [30006, 30009, 30013, 30019, 30020, 30023, 30029, 30035, 30039, 30041, 30042, 30044, 30045, 30046, 30059, 30061, 30063, 30076, 30080, 30081, 30088, 30094, 30095, 30097, 30107, 30111, 30112, 30113, 30116, 30119], 'cluster_manager': {'host': 'localhost', 'port': 30059, 'latitude': 36.6267944, 'longitude': 127.4592355, 'altitude': 23, 'offset_m': 'lat: 21 m, lng: 65 m, alt: 23 m'}, 'simulated_delay': 0.00011911111111111111, 'distance': 75.16766649828797, 'message_size_bits': 4288}
[2025-03-12 12:58:03,728] [INFO] [30112] Broadcasting PREPARE: REQUEST 1741751883632
[2025-03-12 12:58:03,835] [INFO] [30112] PREPARE received from 30081 for REQUEST 1741751883632
[2025-03-12 12:58:03,835] [INFO] [30112] Broadcasting COMMIT: REQUEST 1741751883632
[2025-03-12 12:58:03,901] [INFO] [30112] PREPARE received from 30042 for REQUEST 1741751883632
[2025-03-12 12:58:03,920] [INFO] [30112] PREPARE received from 30119 for REQUEST 1741751883632
[2025-03-12 12:58:04,067] [INFO] [30112] COMMIT received from 30081 for REQUEST 1741751883632
[2025-03-12 12:58:04,154] [INFO] [30112] PREPARE received from 30039 for REQUEST 1741751883632
[2025-03-12 12:58:04,158] [INFO] [30112] PREPARE received from 30076 for REQUEST 1741751883632
[2025-03-12 12:58:04,199] [INFO] [30112] PREPARE received from 30107 for REQUEST 1741751883632
[2025-03-12 12:58:04,199] [INFO] [30112] PREPARE received from 30046 for REQUEST 1741751883632
[2025-03-12 12:58:04,217] [INFO] [30112] COMMIT received from 30076 for REQUEST 1741751883632
[2025-03-12 12:58:04,217] [INFO] [30112] COMMIT complete. Sending PRE-REPLY: REQUEST 1741751883632 directly to Manager 30059
[2025-03-12 12:58:04,217] [INFO] [30112] COMMIT received from 30107 for REQUEST 1741751883632
[2025-03-12 12:58:04,217] [INFO] [30112] COMMIT received from 30042 for REQUEST 1741751883632
[2025-03-12 12:58:04,217] [INFO] [30112] COMMIT received from 30119 for REQUEST 1741751883632
[2025-03-12 12:58:04,256] [INFO] [30112] COMMIT received from 30039 for REQUEST 1741751883632
[2025-03-12 12:58:04,272] [INFO] [30112] PREPARE received from 30088 for REQUEST 1741751883632
[2025-03-12 12:58:04,323] [INFO] [30112] COMMIT received from 30088 for REQUEST 1741751883632
[2025-03-12 12:58:04,339] [INFO] [30112] PREPARE received from 30116 for REQUEST 1741751883632
[2025-03-12 12:58:04,347] [INFO] [30112] COMMIT received from 30116 for REQUEST 1741751883632
[2025-03-12 12:58:04,347] [INFO] [30112] PREPARE received from 30009 for REQUEST 1741751883632
[2025-03-12 12:58:04,385] [INFO] [30112] PREPARE received from 30020 for REQUEST 1741751883632
[2025-03-12 12:58:04,506] [INFO] [30112] PREPARE received from 30023 for REQUEST 1741751883632
[2025-03-12 12:58:04,506] [INFO] [30112] PREPARE received from 30029 for REQUEST 1741751883632
[2025-03-12 12:58:04,506] [INFO] [30112] PREPARE received from 30080 for REQUEST 1741751883632
[2025-03-12 12:58:04,527] [INFO] [30112] COMMIT received from 30080 for REQUEST 1741751883632
[2025-03-12 12:58:04,527] [INFO] [30112] COMMIT received from 30046 for REQUEST 1741751883632
[2025-03-12 12:58:04,527] [INFO] [30112] COMMIT received from 30029 for REQUEST 1741751883632
[2025-03-12 12:58:04,527] [INFO] [30112] PREPARE received from 30045 for REQUEST 1741751883632
[2025-03-12 12:58:04,527] [INFO] [30112] PREPARE received from 30097 for REQUEST 1741751883632
[2025-03-12 12:58:04,552] [INFO] [30112] COMMIT received from 30095 for REQUEST 1741751883632
[2025-03-12 12:58:04,552] [INFO] [30112] COMMIT received from 30097 for REQUEST 1741751883632
[2025-03-12 12:58:04,552] [INFO] [30112] COMMIT received from 30045 for REQUEST 1741751883632
[2025-03-12 12:58:04,552] [INFO] [30112] PREPARE received from 30095 for REQUEST 1741751883632
[2025-03-12 12:58:04,650] [INFO] [30112] PREPARE received from 30006 for REQUEST 1741751883632
[2025-03-12 12:58:04,676] [INFO] [30112] COMMIT received from 30009 for REQUEST 1741751883632
[2025-03-12 12:58:04,676] [INFO] [30112] COMMIT received from 30020 for REQUEST 1741751883632
[2025-03-12 12:58:04,676] [INFO] [30112] PREPARE received from 30035 for REQUEST 1741751883632
[2025-03-12 12:58:04,676] [INFO] [30112] COMMIT received from 30035 for REQUEST 1741751883632
[2025-03-12 12:58:04,693] [INFO] [30112] PREPARE received from 30013 for REQUEST 1741751883632
[2025-03-12 12:58:04,693] [INFO] [30112] PREPARE received from 30094 for REQUEST 1741751883632
[2025-03-12 12:58:04,695] [INFO] [30112] COMMIT received from 30006 for REQUEST 1741751883632
[2025-03-12 12:58:04,710] [INFO] [30112] COMMIT received from 30094 for REQUEST 1741751883632
[2025-03-12 12:58:04,710] [INFO] [30112] COMMIT received from 30013 for REQUEST 1741751883632
[2025-03-12 12:58:04,710] [INFO] [30112] COMMIT received from 30023 for REQUEST 1741751883632
[2025-03-12 12:58:04,776] [INFO] [30112] COMMIT received from 30041 for REQUEST 1741751883632
[2025-03-12 12:58:04,829] [INFO] [30112] PREPARE received from 30044 for REQUEST 1741751883632
[2025-03-12 12:58:04,829] [INFO] [30112] PREPARE received from 30113 for REQUEST 1741751883632
[2025-03-12 12:58:04,835] [INFO] [30112] COMMIT received from 30044 for REQUEST 1741751883632
[2025-03-12 12:58:04,837] [INFO] [30112] COMMIT received from 30113 for REQUEST 1741751883632
[2025-03-12 12:58:04,907] [INFO] [30112] PREPARE received from 30111 for REQUEST 1741751883632
[2025-03-12 12:58:04,926] [INFO] [30112] COMMIT received from 30111 for REQUEST 1741751883632
[2025-03-12 12:58:04,941] [INFO] [30112] PREPARE received from 30019 for REQUEST 1741751883632
[2025-03-12 12:58:04,941] [INFO] [30112] COMMIT received from 30019 for REQUEST 1741751883632
[2025-03-12 12:58:04,951] [INFO] [30112] PREPARE received from 30063 for REQUEST 1741751883632
[2025-03-12 12:58:04,955] [INFO] [30112] COMMIT received from 30063 for REQUEST 1741751883632
[2025-03-12 12:58:05,006] [INFO] [30112] PREPARE received from 30061 for REQUEST 1741751883632
[2025-03-12 12:58:05,006] [INFO] [30112] COMMIT received from 30061 for REQUEST 1741751883632
[2025-03-12 13:45:28,734] [INFO] [30112] PRE-PREPARE received: {'request_id': 1741754728638, 'data': 'llapbft_message_1741754728638', 'timestamp': 1741754728.6704988, 'leader': 30041, 'cluster_id': 2, 'cluster_ports': [30006, 30009, 30013, 30019, 30020, 30023, 30029, 30035, 30039, 30041, 30042, 30044, 30045, 30046, 30059, 30061, 30063, 30076, 30080, 30081, 30088, 30094, 30095, 30097, 30107, 30111, 30112, 30113, 30116, 30119], 'cluster_manager': {'host': 'localhost', 'port': 30059, 'latitude': 36.6267944, 'longitude': 127.4592355, 'altitude': 23, 'offset_m': 'lat: 21 m, lng: 65 m, alt: 23 m'}, 'simulated_delay': 0.00011911111111111111, 'distance': 75.16766649828797, 'message_size_bits': 4288}
[2025-03-12 13:45:28,736] [INFO] [30112] Broadcasting PREPARE: REQUEST 1741754728638
[2025-03-12 13:45:28,844] [INFO] [30112] PREPARE received from 30119 for REQUEST 1741754728638
[2025-03-12 13:45:28,844] [INFO] [30112] Broadcasting COMMIT: REQUEST 1741754728638
[2025-03-12 13:45:28,844] [INFO] [30112] PREPARE received from 30107 for REQUEST 1741754728638
[2025-03-12 13:45:28,844] [INFO] [30112] PREPARE received from 30081 for REQUEST 1741754728638
[2025-03-12 13:45:29,001] [INFO] [30112] PREPARE received from 30042 for REQUEST 1741754728638
[2025-03-12 13:45:29,086] [INFO] [30112] COMMIT received from 30081 for REQUEST 1741754728638
[2025-03-12 13:45:29,097] [INFO] [30112] PREPARE received from 30009 for REQUEST 1741754728638
[2025-03-12 13:45:29,126] [INFO] [30112] COMMIT received from 30107 for REQUEST 1741754728638
[2025-03-12 13:45:29,127] [INFO] [30112] COMMIT complete. Sending PRE-REPLY: REQUEST 1741754728638 directly to Manager 30059
[2025-03-12 13:45:29,148] [INFO] [30112] PREPARE received from 30088 for REQUEST 1741754728638
[2025-03-12 13:45:29,154] [INFO] [30112] PREPARE received from 30035 for REQUEST 1741754728638
[2025-03-12 13:45:29,175] [INFO] [30112] COMMIT received from 30035 for REQUEST 1741754728638
[2025-03-12 13:45:29,175] [INFO] [30112] COMMIT received from 30119 for REQUEST 1741754728638
[2025-03-12 13:45:29,227] [INFO] [30112] PREPARE received from 30039 for REQUEST 1741754728638
[2025-03-12 13:45:29,269] [INFO] [30112] COMMIT received from 30111 for REQUEST 1741754728638
[2025-03-12 13:45:29,269] [INFO] [30112] COMMIT received from 30039 for REQUEST 1741754728638
[2025-03-12 13:45:29,328] [INFO] [30112] PREPARE received from 30111 for REQUEST 1741754728638
[2025-03-12 13:45:29,334] [INFO] [30112] COMMIT received from 30042 for REQUEST 1741754728638
[2025-03-12 13:45:29,338] [INFO] [30112] COMMIT received from 30009 for REQUEST 1741754728638
[2025-03-12 13:45:29,352] [INFO] [30112] COMMIT received from 30113 for REQUEST 1741754728638
[2025-03-12 13:45:29,352] [INFO] [30112] PREPARE received from 30023 for REQUEST 1741754728638
[2025-03-12 13:45:29,352] [INFO] [30112] PREPARE received from 30113 for REQUEST 1741754728638
[2025-03-12 13:45:29,352] [INFO] [30112] COMMIT received from 30088 for REQUEST 1741754728638
[2025-03-12 13:45:29,368] [INFO] [30112] PREPARE received from 30029 for REQUEST 1741754728638
[2025-03-12 13:45:29,368] [INFO] [30112] PREPARE received from 30063 for REQUEST 1741754728638
[2025-03-12 13:45:29,371] [INFO] [30112] PREPARE received from 30045 for REQUEST 1741754728638
[2025-03-12 13:45:29,409] [INFO] [30112] COMMIT received from 30045 for REQUEST 1741754728638
[2025-03-12 13:45:29,409] [INFO] [30112] COMMIT received from 30063 for REQUEST 1741754728638
[2025-03-12 13:45:29,409] [INFO] [30112] COMMIT received from 30029 for REQUEST 1741754728638
[2025-03-12 13:45:29,437] [INFO] [30112] PREPARE received from 30019 for REQUEST 1741754728638
[2025-03-12 13:45:29,446] [INFO] [30112] PREPARE received from 30020 for REQUEST 1741754728638
[2025-03-12 13:45:29,446] [INFO] [30112] COMMIT received from 30019 for REQUEST 1741754728638
[2025-03-12 13:45:29,461] [INFO] [30112] PREPARE received from 30094 for REQUEST 1741754728638
[2025-03-12 13:45:29,496] [INFO] [30112] COMMIT received from 30094 for REQUEST 1741754728638
[2025-03-12 13:45:29,579] [INFO] [30112] PREPARE received from 30080 for REQUEST 1741754728638
[2025-03-12 13:45:29,579] [INFO] [30112] PREPARE received from 30013 for REQUEST 1741754728638
[2025-03-12 13:45:29,597] [INFO] [30112] COMMIT received from 30023 for REQUEST 1741754728638
[2025-03-12 13:45:29,600] [INFO] [30112] COMMIT received from 30013 for REQUEST 1741754728638
[2025-03-12 13:45:29,600] [INFO] [30112] COMMIT received from 30020 for REQUEST 1741754728638
[2025-03-12 13:45:29,600] [INFO] [30112] COMMIT received from 30080 for REQUEST 1741754728638
[2025-03-12 13:45:29,616] [INFO] [30112] PREPARE received from 30076 for REQUEST 1741754728638
[2025-03-12 13:45:29,616] [INFO] [30112] PREPARE received from 30006 for REQUEST 1741754728638
[2025-03-12 13:45:29,616] [INFO] [30112] PREPARE received from 30061 for REQUEST 1741754728638
[2025-03-12 13:45:29,632] [INFO] [30112] COMMIT received from 30076 for REQUEST 1741754728638
[2025-03-12 13:45:29,632] [INFO] [30112] COMMIT received from 30097 for REQUEST 1741754728638
[2025-03-12 13:45:29,632] [INFO] [30112] COMMIT received from 30061 for REQUEST 1741754728638
[2025-03-12 13:45:29,669] [INFO] [30112] COMMIT received from 30006 for REQUEST 1741754728638
[2025-03-12 13:45:29,669] [INFO] [30112] PREPARE received from 30097 for REQUEST 1741754728638
[2025-03-12 13:45:29,669] [INFO] [30112] COMMIT received from 30041 for REQUEST 1741754728638
[2025-03-12 13:45:29,689] [INFO] [30112] PREPARE received from 30095 for REQUEST 1741754728638
[2025-03-12 13:45:29,689] [INFO] [30112] COMMIT received from 30095 for REQUEST 1741754728638
[2025-03-12 13:45:29,795] [INFO] [30112] PREPARE received from 30116 for REQUEST 1741754728638
[2025-03-12 13:45:29,795] [INFO] [30112] COMMIT received from 30116 for REQUEST 1741754728638
[2025-03-12 13:45:29,870] [INFO] [30112] PREPARE received from 30046 for REQUEST 1741754728638
[2025-03-12 13:45:29,881] [INFO] [30112] COMMIT received from 30046 for REQUEST 1741754728638
[2025-03-12 13:45:29,996] [INFO] [30112] PREPARE received from 30044 for REQUEST 1741754728638
[2025-03-12 13:45:30,004] [INFO] [30112] COMMIT received from 30044 for REQUEST 1741754728638
[2025-03-12 13:45:36,082] [INFO] [30112] PRE-PREPARE received: {'request_id': 1741754736031, 'data': 'llapbft_message_1741754736031', 'timestamp': 1741754736.063827, 'leader': 30041, 'cluster_id': 2, 'cluster_ports': [30006, 30009, 30013, 30019, 30020, 30023, 30029, 30035, 30039, 30041, 30042, 30044, 30045, 30046, 30059, 30061, 30063, 30076, 30080, 30081, 30088, 30094, 30095, 30097, 30107, 30111, 30112, 30113, 30116, 30119], 'cluster_manager': {'host': 'localhost', 'port': 30059, 'latitude': 36.6267944, 'longitude': 127.4592355, 'altitude': 23, 'offset_m': 'lat: 21 m, lng: 65 m, alt: 23 m'}, 'simulated_delay': 0.00011888888888888889, 'distance': 75.16766649828797, 'message_size_bits': 4280}
[2025-03-12 13:45:36,082] [INFO] [30112] Broadcasting PREPARE: REQUEST 1741754736031
[2025-03-12 13:45:36,250] [INFO] [30112] PREPARE received from 30035 for REQUEST 1741754736031
[2025-03-12 13:45:36,250] [INFO] [30112] Broadcasting COMMIT: REQUEST 1741754736031
[2025-03-12 13:45:36,252] [INFO] [30112] COMMIT received from 30029 for REQUEST 1741754736031
[2025-03-12 13:45:36,253] [INFO] [30112] COMMIT received from 30097 for REQUEST 1741754736031
[2025-03-12 13:45:36,253] [INFO] [30112] COMMIT complete. Sending PRE-REPLY: REQUEST 1741754736031 directly to Manager 30059
[2025-03-12 13:45:36,254] [INFO] [30112] COMMIT received from 30039 for REQUEST 1741754736031
[2025-03-12 13:45:36,255] [INFO] [30112] COMMIT received from 30116 for REQUEST 1741754736031
[2025-03-12 13:45:36,255] [INFO] [30112] PREPARE received from 30013 for REQUEST 1741754736031
[2025-03-12 13:45:36,255] [INFO] [30112] PREPARE received from 30045 for REQUEST 1741754736031
[2025-03-12 13:45:36,257] [INFO] [30112] PREPARE received from 30023 for REQUEST 1741754736031
[2025-03-12 13:45:36,257] [INFO] [30112] PREPARE received from 30088 for REQUEST 1741754736031
[2025-03-12 13:45:36,257] [INFO] [30112] PREPARE received from 30107 for REQUEST 1741754736031
[2025-03-12 13:45:36,258] [INFO] [30112] COMMIT received from 30107 for REQUEST 1741754736031
[2025-03-12 13:45:36,258] [INFO] [30112] PREPARE received from 30119 for REQUEST 1741754736031
[2025-03-12 13:45:36,259] [INFO] [30112] COMMIT received from 30088 for REQUEST 1741754736031
[2025-03-12 13:45:36,260] [INFO] [30112] COMMIT received from 30019 for REQUEST 1741754736031
[2025-03-12 13:45:36,260] [INFO] [30112] COMMIT received from 30063 for REQUEST 1741754736031
[2025-03-12 13:45:36,261] [INFO] [30112] PREPARE received from 30095 for REQUEST 1741754736031
[2025-03-12 13:45:36,261] [INFO] [30112] PREPARE received from 30116 for REQUEST 1741754736031
[2025-03-12 13:45:36,263] [INFO] [30112] PREPARE received from 30042 for REQUEST 1741754736031
[2025-03-12 13:45:36,263] [INFO] [30112] COMMIT received from 30076 for REQUEST 1741754736031
[2025-03-12 13:45:36,263] [INFO] [30112] PREPARE received from 30020 for REQUEST 1741754736031
[2025-03-12 13:45:36,263] [INFO] [30112] COMMIT received from 30044 for REQUEST 1741754736031
[2025-03-12 13:45:36,265] [INFO] [30112] PREPARE received from 30019 for REQUEST 1741754736031
[2025-03-12 13:45:36,265] [INFO] [30112] COMMIT received from 30094 for REQUEST 1741754736031
[2025-03-12 13:45:36,267] [INFO] [30112] PREPARE received from 30113 for REQUEST 1741754736031
[2025-03-12 13:45:36,267] [INFO] [30112] PREPARE received from 30029 for REQUEST 1741754736031
[2025-03-12 13:45:36,267] [INFO] [30112] COMMIT received from 30081 for REQUEST 1741754736031
[2025-03-12 13:45:36,270] [INFO] [30112] PREPARE received from 30094 for REQUEST 1741754736031
[2025-03-12 13:45:36,270] [INFO] [30112] COMMIT received from 30042 for REQUEST 1741754736031
[2025-03-12 13:45:36,271] [INFO] [30112] PREPARE received from 30080 for REQUEST 1741754736031
[2025-03-12 13:45:36,271] [INFO] [30112] COMMIT received from 30061 for REQUEST 1741754736031
[2025-03-12 13:45:36,271] [INFO] [30112] PREPARE received from 30044 for REQUEST 1741754736031
[2025-03-12 13:45:36,271] [INFO] [30112] COMMIT received from 30020 for REQUEST 1741754736031
[2025-03-12 13:45:36,271] [INFO] [30112] COMMIT received from 30035 for REQUEST 1741754736031
[2025-03-12 13:45:36,271] [INFO] [30112] PREPARE received from 30063 for REQUEST 1741754736031
[2025-03-12 13:45:36,271] [INFO] [30112] COMMIT received from 30006 for REQUEST 1741754736031
[2025-03-12 13:45:36,273] [INFO] [30112] PREPARE received from 30097 for REQUEST 1741754736031
[2025-03-12 13:45:36,415] [INFO] [30112] COMMIT received from 30080 for REQUEST 1741754736031
[2025-03-12 13:45:36,415] [INFO] [30112] COMMIT received from 30095 for REQUEST 1741754736031
[2025-03-12 13:45:36,416] [INFO] [30112] PREPARE received from 30081 for REQUEST 1741754736031
[2025-03-12 13:45:36,417] [INFO] [30112] COMMIT received from 30041 for REQUEST 1741754736031
[2025-03-12 13:45:36,420] [INFO] [30112] COMMIT received from 30023 for REQUEST 1741754736031
[2025-03-12 13:45:36,420] [INFO] [30112] COMMIT received from 30045 for REQUEST 1741754736031
[2025-03-12 13:45:36,421] [INFO] [30112] COMMIT received from 30113 for REQUEST 1741754736031
[2025-03-12 13:45:36,421] [INFO] [30112] PREPARE received from 30076 for REQUEST 1741754736031
[2025-03-12 13:45:36,421] [INFO] [30112] PREPARE received from 30039 for REQUEST 1741754736031
[2025-03-12 13:45:36,421] [INFO] [30112] PREPARE received from 30006 for REQUEST 1741754736031
[2025-03-12 13:45:36,422] [INFO] [30112] PREPARE received from 30061 for REQUEST 1741754736031
[2025-03-12 13:45:36,422] [INFO] [30112] PREPARE received from 30009 for REQUEST 1741754736031
[2025-03-12 13:45:36,430] [INFO] [30112] COMMIT received from 30013 for REQUEST 1741754736031
[2025-03-12 13:45:36,431] [INFO] [30112] PREPARE received from 30111 for REQUEST 1741754736031
[2025-03-12 13:45:36,465] [INFO] [30112] COMMIT received from 30119 for REQUEST 1741754736031
[2025-03-12 13:45:36,465] [INFO] [30112] PREPARE received from 30046 for REQUEST 1741754736031
[2025-03-12 13:45:36,528] [INFO] [30112] COMMIT received from 30111 for REQUEST 1741754736031
[2025-03-12 13:45:36,555] [INFO] [30112] COMMIT received from 30009 for REQUEST 1741754736031
[2025-03-12 13:45:36,559] [INFO] [30112] COMMIT received from 30046 for REQUEST 1741754736031
[2025-03-12 13:45:47,445] [INFO] [30112] PRE-PREPARE received: {'request_id': 1741754747345, 'data': 'llapbft_message_1741754747345', 'timestamp': 1741754747.370292, 'leader': 30041, 'cluster_id': 2, 'cluster_ports': [30006, 30009, 30013, 30019, 30020, 30023, 30029, 30035, 30039, 30041, 30042, 30044, 30045, 30046, 30059, 30061, 30063, 30076, 30080, 30081, 30088, 30094, 30095, 30097, 30107, 30111, 30112, 30113, 30116, 30119], 'cluster_manager': {'host': 'localhost', 'port': 30059, 'latitude': 36.6267944, 'longitude': 127.4592355, 'altitude': 23, 'offset_m': 'lat: 21 m, lng: 65 m, alt: 23 m'}, 'simulated_delay': 0.00011888888888888889, 'distance': 75.16766649828797, 'message_size_bits': 4280}
[2025-03-12 13:45:47,445] [INFO] [30112] Broadcasting PREPARE: REQUEST 1741754747345
[2025-03-12 13:45:47,451] [INFO] [30112] PREPARE received from 30080 for REQUEST 1741754747345
[2025-03-12 13:45:47,451] [INFO] [30112] Broadcasting COMMIT: REQUEST 1741754747345
[2025-03-12 13:45:47,451] [INFO] [30112] PREPARE received from 30042 for REQUEST 1741754747345
[2025-03-12 13:45:47,451] [INFO] [30112] PREPARE received from 30095 for REQUEST 1741754747345
[2025-03-12 13:45:47,496] [INFO] [30112] PREPARE received from 30009 for REQUEST 1741754747345
[2025-03-12 13:45:47,500] [INFO] [30112] PREPARE received from 30020 for REQUEST 1741754747345
[2025-03-12 13:45:47,500] [INFO] [30112] PREPARE received from 30006 for REQUEST 1741754747345
[2025-03-12 13:45:47,512] [INFO] [30112] PREPARE received from 30035 for REQUEST 1741754747345
[2025-03-12 13:45:47,514] [INFO] [30112] PREPARE received from 30046 for REQUEST 1741754747345
[2025-03-12 13:45:47,514] [INFO] [30112] COMMIT received from 30035 for REQUEST 1741754747345
[2025-03-12 13:45:47,514] [INFO] [30112] PREPARE received from 30081 for REQUEST 1741754747345
[2025-03-12 13:45:47,825] [INFO] [30112] COMMIT received from 30041 for REQUEST 1741754747345
[2025-03-12 13:45:47,825] [INFO] [30112] COMMIT complete. Sending PRE-REPLY: REQUEST 1741754747345 directly to Manager 30059
[2025-03-12 13:45:47,829] [INFO] [30112] PREPARE received from 30111 for REQUEST 1741754747345
[2025-03-12 13:45:47,831] [INFO] [30112] PREPARE received from 30023 for REQUEST 1741754747345
[2025-03-12 13:45:47,831] [INFO] [30112] COMMIT received from 30020 for REQUEST 1741754747345
[2025-03-12 13:45:47,832] [INFO] [30112] PREPARE received from 30063 for REQUEST 1741754747345
[2025-03-12 13:45:47,832] [INFO] [30112] PREPARE received from 30013 for REQUEST 1741754747345
[2025-03-12 13:45:47,832] [INFO] [30112] COMMIT received from 30006 for REQUEST 1741754747345
[2025-03-12 13:45:47,834] [INFO] [30112] PREPARE received from 30045 for REQUEST 1741754747345
[2025-03-12 13:45:47,834] [INFO] [30112] PREPARE received from 30076 for REQUEST 1741754747345
[2025-03-12 13:45:47,834] [INFO] [30112] COMMIT received from 30039 for REQUEST 1741754747345
[2025-03-12 13:45:47,834] [INFO] [30112] COMMIT received from 30116 for REQUEST 1741754747345
[2025-03-12 13:45:47,835] [INFO] [30112] COMMIT received from 30013 for REQUEST 1741754747345
[2025-03-12 13:45:47,835] [INFO] [30112] PREPARE received from 30088 for REQUEST 1741754747345
[2025-03-12 13:45:47,836] [INFO] [30112] PREPARE received from 30107 for REQUEST 1741754747345
[2025-03-12 13:45:47,836] [INFO] [30112] COMMIT received from 30088 for REQUEST 1741754747345
[2025-03-12 13:45:47,836] [INFO] [30112] PREPARE received from 30116 for REQUEST 1741754747345
[2025-03-12 13:45:47,836] [INFO] [30112] COMMIT received from 30042 for REQUEST 1741754747345
[2025-03-12 13:45:47,837] [INFO] [30112] COMMIT received from 30044 for REQUEST 1741754747345
[2025-03-12 13:45:47,837] [INFO] [30112] PREPARE received from 30029 for REQUEST 1741754747345
[2025-03-12 13:45:47,837] [INFO] [30112] PREPARE received from 30044 for REQUEST 1741754747345
[2025-03-12 13:45:47,837] [INFO] [30112] COMMIT received from 30063 for REQUEST 1741754747345
[2025-03-12 13:45:47,837] [INFO] [30112] PREPARE received from 30113 for REQUEST 1741754747345
[2025-03-12 13:45:47,837] [INFO] [30112] PREPARE received from 30039 for REQUEST 1741754747345
[2025-03-12 13:45:47,837] [INFO] [30112] COMMIT received from 30111 for REQUEST 1741754747345
[2025-03-12 13:45:47,837] [INFO] [30112] COMMIT received from 30029 for REQUEST 1741754747345
[2025-03-12 13:45:47,837] [INFO] [30112] PREPARE received from 30097 for REQUEST 1741754747345
[2025-03-12 13:45:47,837] [INFO] [30112] COMMIT received from 30045 for REQUEST 1741754747345
[2025-03-12 13:45:47,839] [INFO] [30112] COMMIT received from 30023 for REQUEST 1741754747345
[2025-03-12 13:45:47,839] [INFO] [30112] COMMIT received from 30107 for REQUEST 1741754747345
[2025-03-12 13:45:47,839] [INFO] [30112] PREPARE received from 30119 for REQUEST 1741754747345
[2025-03-12 13:45:47,840] [INFO] [30112] PREPARE received from 30019 for REQUEST 1741754747345
[2025-03-12 13:45:47,840] [INFO] [30112] COMMIT received from 30076 for REQUEST 1741754747345
[2025-03-12 13:45:47,840] [INFO] [30112] COMMIT received from 30019 for REQUEST 1741754747345
[2025-03-12 13:45:47,840] [INFO] [30112] COMMIT received from 30094 for REQUEST 1741754747345
[2025-03-12 13:45:47,841] [INFO] [30112] COMMIT received from 30113 for REQUEST 1741754747345
[2025-03-12 13:45:47,841] [INFO] [30112] COMMIT received from 30081 for REQUEST 1741754747345
[2025-03-12 13:45:47,841] [INFO] [30112] PREPARE received from 30094 for REQUEST 1741754747345
[2025-03-12 13:45:47,841] [INFO] [30112] COMMIT received from 30080 for REQUEST 1741754747345
[2025-03-12 13:45:47,841] [INFO] [30112] COMMIT received from 30061 for REQUEST 1741754747345
[2025-03-12 13:45:47,841] [INFO] [30112] COMMIT received from 30095 for REQUEST 1741754747345
[2025-03-12 13:45:47,841] [INFO] [30112] PREPARE received from 30061 for REQUEST 1741754747345
[2025-03-12 13:45:47,841] [INFO] [30112] COMMIT received from 30097 for REQUEST 1741754747345
[2025-03-12 13:45:47,853] [INFO] [30112] COMMIT received from 30119 for REQUEST 1741754747345
[2025-03-12 13:45:47,890] [INFO] [30112] COMMIT received from 30046 for REQUEST 1741754747345
[2025-03-12 13:45:47,891] [INFO] [30112] COMMIT received from 30009 for REQUEST 1741754747345
[2025-03-12 13:45:59,068] [INFO] [30112] PRE-PREPARE received: {'request_id': 1741754759008, 'data': 'llapbft_message_1741754759008', 'timestamp': 1741754759.0302613, 'leader': 30041, 'cluster_id': 2, 'cluster_ports': [30006, 30009, 30013, 30019, 30020, 30023, 30029, 30035, 30039, 30041, 30042, 30044, 30045, 30046, 30059, 30061, 30063, 30076, 30080, 30081, 30088, 30094, 30095, 30097, 30107, 30111, 30112, 30113, 30116, 30119], 'cluster_manager': {'host': 'localhost', 'port': 30059, 'latitude': 36.6267944, 'longitude': 127.4592355, 'altitude': 23, 'offset_m': 'lat: 21 m, lng: 65 m, alt: 23 m'}, 'simulated_delay': 0.00011911111111111111, 'distance': 75.16766649828797, 'message_size_bits': 4288}
[2025-03-12 13:45:59,068] [INFO] [30112] Broadcasting PREPARE: REQUEST 1741754759008
[2025-03-12 13:45:59,074] [INFO] [30112] PREPARE received from 30019 for REQUEST 1741754759008
[2025-03-12 13:45:59,074] [INFO] [30112] Broadcasting COMMIT: REQUEST 1741754759008
[2025-03-12 13:45:59,089] [INFO] [30112] PREPARE received from 30023 for REQUEST 1741754759008
[2025-03-12 13:45:59,099] [INFO] [30112] COMMIT received from 30023 for REQUEST 1741754759008
[2025-03-12 13:45:59,155] [INFO] [30112] PREPARE received from 30035 for REQUEST 1741754759008
[2025-03-12 13:45:59,156] [INFO] [30112] COMMIT received from 30035 for REQUEST 1741754759008
[2025-03-12 13:45:59,156] [INFO] [30112] COMMIT complete. Sending PRE-REPLY: REQUEST 1741754759008 directly to Manager 30059
[2025-03-12 13:45:59,156] [INFO] [30112] PREPARE received from 30029 for REQUEST 1741754759008
[2025-03-12 13:45:59,158] [INFO] [30112] PREPARE received from 30013 for REQUEST 1741754759008
[2025-03-12 13:45:59,158] [INFO] [30112] PREPARE received from 30045 for REQUEST 1741754759008
[2025-03-12 13:45:59,158] [INFO] [30112] COMMIT received from 30088 for REQUEST 1741754759008
[2025-03-12 13:45:59,158] [INFO] [30112] PREPARE received from 30088 for REQUEST 1741754759008
[2025-03-12 13:45:59,158] [INFO] [30112] PREPARE received from 30116 for REQUEST 1741754759008
[2025-03-12 13:45:59,160] [INFO] [30112] PREPARE received from 30042 for REQUEST 1741754759008
[2025-03-12 13:45:59,160] [INFO] [30112] PREPARE received from 30076 for REQUEST 1741754759008
[2025-03-12 13:45:59,160] [INFO] [30112] COMMIT received from 30061 for REQUEST 1741754759008
[2025-03-12 13:45:59,160] [INFO] [30112] PREPARE received from 30044 for REQUEST 1741754759008
[2025-03-12 13:45:59,160] [INFO] [30112] PREPARE received from 30063 for REQUEST 1741754759008
[2025-03-12 13:45:59,160] [INFO] [30112] PREPARE received from 30080 for REQUEST 1741754759008
[2025-03-12 13:45:59,160] [INFO] [30112] PREPARE received from 30039 for REQUEST 1741754759008
[2025-03-12 13:45:59,160] [INFO] [30112] PREPARE received from 30061 for REQUEST 1741754759008
[2025-03-12 13:45:59,162] [INFO] [30112] COMMIT received from 30116 for REQUEST 1741754759008
[2025-03-12 13:45:59,162] [INFO] [30112] PREPARE received from 30020 for REQUEST 1741754759008
[2025-03-12 13:45:59,164] [INFO] [30112] PREPARE received from 30113 for REQUEST 1741754759008
[2025-03-12 13:45:59,164] [INFO] [30112] PREPARE received from 30009 for REQUEST 1741754759008
[2025-03-12 13:45:59,164] [INFO] [30112] COMMIT received from 30044 for REQUEST 1741754759008
[2025-03-12 13:45:59,164] [INFO] [30112] PREPARE received from 30006 for REQUEST 1741754759008
[2025-03-12 13:45:59,166] [INFO] [30112] COMMIT received from 30029 for REQUEST 1741754759008
[2025-03-12 13:45:59,174] [INFO] [30112] COMMIT received from 30020 for REQUEST 1741754759008
[2025-03-12 13:45:59,176] [INFO] [30112] COMMIT received from 30009 for REQUEST 1741754759008
[2025-03-12 13:45:59,178] [INFO] [30112] COMMIT received from 30006 for REQUEST 1741754759008
[2025-03-12 13:45:59,272] [INFO] [30112] PREPARE received from 30094 for REQUEST 1741754759008
[2025-03-12 13:45:59,272] [INFO] [30112] PREPARE received from 30111 for REQUEST 1741754759008
[2025-03-12 13:45:59,274] [INFO] [30112] COMMIT received from 30094 for REQUEST 1741754759008
[2025-03-12 13:45:59,274] [INFO] [30112] PREPARE received from 30046 for REQUEST 1741754759008
[2025-03-12 13:45:59,275] [INFO] [30112] PREPARE received from 30081 for REQUEST 1741754759008
[2025-03-12 13:45:59,275] [INFO] [30112] PREPARE received from 30119 for REQUEST 1741754759008
[2025-03-12 13:45:59,275] [INFO] [30112] PREPARE received from 30107 for REQUEST 1741754759008
[2025-03-12 13:45:59,275] [INFO] [30112] COMMIT received from 30046 for REQUEST 1741754759008
[2025-03-12 13:45:59,276] [INFO] [30112] PREPARE received from 30095 for REQUEST 1741754759008
[2025-03-12 13:45:59,276] [INFO] [30112] COMMIT received from 30081 for REQUEST 1741754759008
[2025-03-12 13:45:59,276] [INFO] [30112] COMMIT received from 30041 for REQUEST 1741754759008
[2025-03-12 13:45:59,276] [INFO] [30112] PREPARE received from 30097 for REQUEST 1741754759008
[2025-03-12 13:45:59,291] [INFO] [30112] COMMIT received from 30113 for REQUEST 1741754759008
[2025-03-12 13:45:59,332] [INFO] [30112] COMMIT received from 30063 for REQUEST 1741754759008
[2025-03-12 13:45:59,333] [INFO] [30112] COMMIT received from 30045 for REQUEST 1741754759008
[2025-03-12 13:45:59,359] [INFO] [30112] COMMIT received from 30111 for REQUEST 1741754759008
[2025-03-12 13:45:59,389] [INFO] [30112] COMMIT received from 30076 for REQUEST 1741754759008
[2025-03-12 13:45:59,390] [INFO] [30112] COMMIT received from 30019 for REQUEST 1741754759008
[2025-03-12 13:45:59,396] [INFO] [30112] COMMIT received from 30039 for REQUEST 1741754759008
[2025-03-12 13:45:59,405] [INFO] [30112] COMMIT received from 30097 for REQUEST 1741754759008
[2025-03-12 13:45:59,431] [INFO] [30112] COMMIT received from 30119 for REQUEST 1741754759008
[2025-03-12 13:45:59,438] [INFO] [30112] COMMIT received from 30042 for REQUEST 1741754759008
[2025-03-12 13:45:59,453] [INFO] [30112] COMMIT received from 30107 for REQUEST 1741754759008
[2025-03-12 13:45:59,474] [INFO] [30112] COMMIT received from 30013 for REQUEST 1741754759008
[2025-03-12 13:45:59,519] [INFO] [30112] COMMIT received from 30095 for REQUEST 1741754759008
[2025-03-12 13:45:59,528] [INFO] [30112] COMMIT received from 30080 for REQUEST 1741754759008
[2025-03-12 13:46:11,400] [INFO] [30112] PRE-PREPARE received: {'request_id': 1741754771266, 'data': 'llapbft_message_1741754771266', 'timestamp': 1741754771.2983816, 'leader': 30041, 'cluster_id': 2, 'cluster_ports': [30006, 30009, 30013, 30019, 30020, 30023, 30029, 30035, 30039, 30041, 30042, 30044, 30045, 30046, 30059, 30061, 30063, 30076, 30080, 30081, 30088, 30094, 30095, 30097, 30107, 30111, 30112, 30113, 30116, 30119], 'cluster_manager': {'host': 'localhost', 'port': 30059, 'latitude': 36.6267944, 'longitude': 127.4592355, 'altitude': 23, 'offset_m': 'lat: 21 m, lng: 65 m, alt: 23 m'}, 'simulated_delay': 0.00011911111111111111, 'distance': 75.16766649828797, 'message_size_bits': 4288}
[2025-03-12 13:46:11,400] [INFO] [30112] Broadcasting PREPARE: REQUEST 1741754771266
[2025-03-12 13:46:11,408] [INFO] [30112] PREPARE received from 30088 for REQUEST 1741754771266
[2025-03-12 13:46:11,408] [INFO] [30112] Broadcasting COMMIT: REQUEST 1741754771266
[2025-03-12 13:46:11,408] [INFO] [30112] COMMIT received from 30111 for REQUEST 1741754771266
[2025-03-12 13:46:11,410] [INFO] [30112] PREPARE received from 30042 for REQUEST 1741754771266
[2025-03-12 13:46:11,410] [INFO] [30112] PREPARE received from 30111 for REQUEST 1741754771266
[2025-03-12 13:46:11,410] [INFO] [30112] COMMIT received from 30042 for REQUEST 1741754771266
[2025-03-12 13:46:11,410] [INFO] [30112] COMMIT complete. Sending PRE-REPLY: REQUEST 1741754771266 directly to Manager 30059
[2025-03-12 13:46:11,410] [INFO] [30112] PREPARE received from 30061 for REQUEST 1741754771266
[2025-03-12 13:46:11,410] [INFO] [30112] PREPARE received from 30039 for REQUEST 1741754771266
[2025-03-12 13:46:11,410] [INFO] [30112] COMMIT received from 30061 for REQUEST 1741754771266
[2025-03-12 13:46:11,416] [INFO] [30112] PREPARE received from 30029 for REQUEST 1741754771266
[2025-03-12 13:46:11,430] [INFO] [30112] PREPARE received from 30046 for REQUEST 1741754771266
[2025-03-12 13:46:11,442] [INFO] [30112] PREPARE received from 30119 for REQUEST 1741754771266
[2025-03-12 13:46:11,444] [INFO] [30112] COMMIT received from 30046 for REQUEST 1741754771266
[2025-03-12 13:46:11,444] [INFO] [30112] PREPARE received from 30023 for REQUEST 1741754771266
[2025-03-12 13:46:11,444] [INFO] [30112] PREPARE received from 30113 for REQUEST 1741754771266
[2025-03-12 13:46:11,446] [INFO] [30112] PREPARE received from 30107 for REQUEST 1741754771266
[2025-03-12 13:46:11,446] [INFO] [30112] PREPARE received from 30044 for REQUEST 1741754771266
[2025-03-12 13:46:11,446] [INFO] [30112] PREPARE received from 30019 for REQUEST 1741754771266
[2025-03-12 13:46:11,448] [INFO] [30112] COMMIT received from 30119 for REQUEST 1741754771266
[2025-03-12 13:46:11,450] [INFO] [30112] COMMIT received from 30107 for REQUEST 1741754771266
[2025-03-12 13:46:11,450] [INFO] [30112] COMMIT received from 30113 for REQUEST 1741754771266
[2025-03-12 13:46:11,450] [INFO] [30112] COMMIT received from 30044 for REQUEST 1741754771266
[2025-03-12 13:46:11,450] [INFO] [30112] PREPARE received from 30080 for REQUEST 1741754771266
[2025-03-12 13:46:11,454] [INFO] [30112] PREPARE received from 30013 for REQUEST 1741754771266
[2025-03-12 13:46:11,456] [INFO] [30112] PREPARE received from 30063 for REQUEST 1741754771266
[2025-03-12 13:46:11,458] [INFO] [30112] PREPARE received from 30035 for REQUEST 1741754771266
[2025-03-12 13:46:11,458] [INFO] [30112] PREPARE received from 30094 for REQUEST 1741754771266
[2025-03-12 13:46:11,460] [INFO] [30112] PREPARE received from 30045 for REQUEST 1741754771266
[2025-03-12 13:46:11,495] [INFO] [30112] COMMIT received from 30013 for REQUEST 1741754771266
[2025-03-12 13:46:11,497] [INFO] [30112] PREPARE received from 30116 for REQUEST 1741754771266
[2025-03-12 13:46:11,497] [INFO] [30112] COMMIT received from 30080 for REQUEST 1741754771266
[2025-03-12 13:46:11,497] [INFO] [30112] PREPARE received from 30009 for REQUEST 1741754771266
[2025-03-12 13:46:11,499] [INFO] [30112] PREPARE received from 30081 for REQUEST 1741754771266
[2025-03-12 13:46:11,499] [INFO] [30112] PREPARE received from 30020 for REQUEST 1741754771266
[2025-03-12 13:46:11,499] [INFO] [30112] COMMIT received from 30094 for REQUEST 1741754771266
[2025-03-12 13:46:11,499] [INFO] [30112] COMMIT received from 30045 for REQUEST 1741754771266
[2025-03-12 13:46:11,501] [INFO] [30112] PREPARE received from 30095 for REQUEST 1741754771266
[2025-03-12 13:46:11,501] [INFO] [30112] PREPARE received from 30006 for REQUEST 1741754771266
[2025-03-12 13:46:11,501] [INFO] [30112] PREPARE received from 30097 for REQUEST 1741754771266
[2025-03-12 13:46:11,501] [INFO] [30112] PREPARE received from 30076 for REQUEST 1741754771266
[2025-03-12 13:46:11,507] [INFO] [30112] COMMIT received from 30009 for REQUEST 1741754771266
[2025-03-12 13:46:11,513] [INFO] [30112] COMMIT received from 30039 for REQUEST 1741754771266
[2025-03-12 13:46:11,521] [INFO] [30112] COMMIT received from 30088 for REQUEST 1741754771266
[2025-03-12 13:46:11,527] [INFO] [30112] COMMIT received from 30097 for REQUEST 1741754771266
[2025-03-12 13:46:11,535] [INFO] [30112] COMMIT received from 30029 for REQUEST 1741754771266
[2025-03-12 13:46:11,535] [INFO] [30112] COMMIT received from 30076 for REQUEST 1741754771266
[2025-03-12 13:46:11,535] [INFO] [30112] COMMIT received from 30023 for REQUEST 1741754771266
[2025-03-12 13:46:11,554] [INFO] [30112] COMMIT received from 30063 for REQUEST 1741754771266
[2025-03-12 13:46:11,554] [INFO] [30112] COMMIT received from 30035 for REQUEST 1741754771266
[2025-03-12 13:46:11,554] [INFO] [30112] COMMIT received from 30041 for REQUEST 1741754771266
[2025-03-12 13:46:11,559] [INFO] [30112] COMMIT received from 30116 for REQUEST 1741754771266
[2025-03-12 13:46:11,563] [INFO] [30112] COMMIT received from 30095 for REQUEST 1741754771266
[2025-03-12 13:46:11,563] [INFO] [30112] COMMIT received from 30081 for REQUEST 1741754771266
[2025-03-12 13:46:11,563] [INFO] [30112] COMMIT received from 30020 for REQUEST 1741754771266
[2025-03-12 13:46:11,572] [INFO] [30112] COMMIT received from 30006 for REQUEST 1741754771266
[2025-03-12 13:46:11,618] [INFO] [30112] COMMIT received from 30019 for REQUEST 1741754771266
[2025-03-12 14:44:18,232] [INFO] [30112] PRE-PREPARE received: {'request_id': 1741758258160, 'data': 'llapbft_message_1741758258160', 'timestamp': 1741758258.1917994, 'leader': 30041, 'cluster_id': 2, 'cluster_ports': [30006, 30009, 30013, 30019, 30020, 30023, 30029, 30035, 30039, 30041, 30042, 30044, 30045, 30046, 30059, 30061, 30063, 30076, 30080, 30081, 30088, 30094, 30095, 30097, 30107, 30111, 30112, 30113, 30116, 30119], 'cluster_manager': {'host': 'localhost', 'port': 30059, 'latitude': 36.6267944, 'longitude': 127.4592355, 'altitude': 23, 'offset_m': 'lat: 21 m, lng: 65 m, alt: 23 m'}, 'simulated_delay': 0.00011911111111111111, 'distance': 75.16766649828797, 'message_size_bits': 4288}
[2025-03-12 14:44:18,232] [INFO] [30112] Broadcasting PREPARE: REQUEST 1741758258160
[2025-03-12 14:44:18,349] [INFO] [30112] PREPARE received from 30081 for REQUEST 1741758258160
[2025-03-12 14:44:18,349] [INFO] [30112] Broadcasting COMMIT: REQUEST 1741758258160
[2025-03-12 14:44:18,459] [INFO] [30112] PREPARE received from 30042 for REQUEST 1741758258160
[2025-03-12 14:44:18,475] [INFO] [30112] PREPARE received from 30107 for REQUEST 1741758258160
[2025-03-12 14:44:18,632] [INFO] [30112] PREPARE received from 30119 for REQUEST 1741758258160
[2025-03-12 14:44:18,637] [INFO] [30112] COMMIT received from 30119 for REQUEST 1741758258160
[2025-03-12 14:44:18,637] [INFO] [30112] PREPARE received from 30076 for REQUEST 1741758258160
[2025-03-12 14:44:18,652] [INFO] [30112] COMMIT received from 30107 for REQUEST 1741758258160
[2025-03-12 14:44:18,652] [INFO] [30112] COMMIT complete. Sending PRE-REPLY: REQUEST 1741758258160 directly to Manager 30059
[2025-03-12 14:44:18,652] [INFO] [30112] COMMIT received from 30081 for REQUEST 1741758258160
[2025-03-12 14:44:18,652] [INFO] [30112] COMMIT received from 30042 for REQUEST 1741758258160
[2025-03-12 14:44:18,822] [INFO] [30112] COMMIT received from 30076 for REQUEST 1741758258160
[2025-03-12 14:44:18,893] [INFO] [30112] PREPARE received from 30039 for REQUEST 1741758258160
[2025-03-12 14:44:18,898] [INFO] [30112] PREPARE received from 30020 for REQUEST 1741758258160
[2025-03-12 14:44:18,898] [INFO] [30112] PREPARE received from 30023 for REQUEST 1741758258160
[2025-03-12 14:44:18,898] [INFO] [30112] PREPARE received from 30097 for REQUEST 1741758258160
[2025-03-12 14:44:18,965] [INFO] [30112] COMMIT received from 30009 for REQUEST 1741758258160
[2025-03-12 14:44:18,965] [INFO] [30112] PREPARE received from 30046 for REQUEST 1741758258160
[2025-03-12 14:44:18,965] [INFO] [30112] PREPARE received from 30009 for REQUEST 1741758258160
[2025-03-12 14:44:18,969] [INFO] [30112] COMMIT received from 30029 for REQUEST 1741758258160
[2025-03-12 14:44:18,969] [INFO] [30112] COMMIT received from 30035 for REQUEST 1741758258160
[2025-03-12 14:44:18,969] [INFO] [30112] COMMIT received from 30039 for REQUEST 1741758258160
[2025-03-12 14:44:18,969] [INFO] [30112] COMMIT received from 30088 for REQUEST 1741758258160
[2025-03-12 14:44:18,969] [INFO] [30112] COMMIT received from 30097 for REQUEST 1741758258160
[2025-03-12 14:44:18,969] [INFO] [30112] COMMIT received from 30046 for REQUEST 1741758258160
[2025-03-12 14:44:18,969] [INFO] [30112] COMMIT received from 30020 for REQUEST 1741758258160
[2025-03-12 14:44:19,096] [INFO] [30112] PREPARE received from 30088 for REQUEST 1741758258160
[2025-03-12 14:44:19,096] [INFO] [30112] PREPARE received from 30035 for REQUEST 1741758258160
[2025-03-12 14:44:19,096] [INFO] [30112] PREPARE received from 30029 for REQUEST 1741758258160
[2025-03-12 14:44:19,096] [INFO] [30112] PREPARE received from 30116 for REQUEST 1741758258160
[2025-03-12 14:44:19,096] [INFO] [30112] PREPARE received from 30006 for REQUEST 1741758258160
[2025-03-12 14:44:19,096] [INFO] [30112] PREPARE received from 30111 for REQUEST 1741758258160
[2025-03-12 14:44:19,096] [INFO] [30112] COMMIT received from 30041 for REQUEST 1741758258160
[2025-03-12 14:44:19,132] [INFO] [30112] COMMIT received from 30113 for REQUEST 1741758258160
[2025-03-12 14:44:19,132] [INFO] [30112] COMMIT received from 30045 for REQUEST 1741758258160
[2025-03-12 14:44:19,132] [INFO] [30112] COMMIT received from 30063 for REQUEST 1741758258160
[2025-03-12 14:44:19,132] [INFO] [30112] COMMIT received from 30111 for REQUEST 1741758258160
[2025-03-12 14:44:19,132] [INFO] [30112] COMMIT received from 30116 for REQUEST 1741758258160
[2025-03-12 14:44:19,156] [INFO] [30112] PREPARE received from 30063 for REQUEST 1741758258160
[2025-03-12 14:44:19,157] [INFO] [30112] PREPARE received from 30113 for REQUEST 1741758258160
[2025-03-12 14:44:19,157] [INFO] [30112] PREPARE received from 30045 for REQUEST 1741758258160
[2025-03-12 14:44:19,181] [INFO] [30112] COMMIT received from 30006 for REQUEST 1741758258160
[2025-03-12 14:44:19,181] [INFO] [30112] PREPARE received from 30095 for REQUEST 1741758258160
[2025-03-12 14:44:19,196] [INFO] [30112] COMMIT received from 30095 for REQUEST 1741758258160
[2025-03-12 14:44:19,196] [INFO] [30112] PREPARE received from 30044 for REQUEST 1741758258160
[2025-03-12 14:44:19,196] [INFO] [30112] COMMIT received from 30044 for REQUEST 1741758258160
[2025-03-12 14:44:19,196] [INFO] [30112] COMMIT received from 30023 for REQUEST 1741758258160
[2025-03-12 14:44:19,196] [INFO] [30112] PREPARE received from 30019 for REQUEST 1741758258160
[2025-03-12 14:44:19,196] [INFO] [30112] COMMIT received from 30080 for REQUEST 1741758258160
[2025-03-12 14:44:19,196] [INFO] [30112] PREPARE received from 30080 for REQUEST 1741758258160
[2025-03-12 14:44:19,196] [INFO] [30112] COMMIT received from 30019 for REQUEST 1741758258160
[2025-03-12 14:44:19,229] [INFO] [30112] PREPARE received from 30094 for REQUEST 1741758258160
[2025-03-12 14:44:19,245] [INFO] [30112] COMMIT received from 30094 for REQUEST 1741758258160
[2025-03-12 14:44:19,283] [INFO] [30112] PREPARE received from 30061 for REQUEST 1741758258160
[2025-03-12 14:44:19,292] [INFO] [30112] COMMIT received from 30061 for REQUEST 1741758258160
[2025-03-12 14:44:19,337] [INFO] [30112] PREPARE received from 30013 for REQUEST 1741758258160
[2025-03-12 14:44:19,355] [INFO] [30112] COMMIT received from 30013 for REQUEST 1741758258160
