[2025-03-12 12:35:53,805] [INFO] Node started: localhost:30146 | index=147 | f=1, k=4
[2025-03-12 12:36:06,173] [INFO] [30146] PRE-PREPARE received: {'request_id': 1741750566115, 'data': 'llapbft_message_1741750566115', 'timestamp': 1741750566.142161, 'leader': 30175, 'cluster_id': 1, 'cluster_ports': [30004, 30006, 30014, 30017, 30020, 30024, 30027, 30035, 30038, 30048, 30051, 30053, 30059, 30067, 30068, 30069, 30070, 30083, 30088, 30090, 30093, 30095, 30097, 30099, 30101, 30105, 30107, 30108, 30122, 30123, 30124, 30126, 30132, 30135, 30138, 30139, 30146, 30149, 30153, 30164, 30174, 30175, 30182, 30183, 30184, 30185, 30186, 30189, 30191, 30196, 30199], 'cluster_manager': {'host': 'localhost', 'port': 30107, 'latitude': 36.6271864, 'longitude': 127.4587582, 'altitude': 213, 'offset_m': 'lat: 65 m, lng: 23 m, alt: 213 m'}, 'simulated_delay': 0.000304, 'distance': 162.98660528497422, 'message_size_bits': 5472}
[2025-03-12 12:36:06,186] [INFO] [30146] Broadcasting PREPARE: REQUEST 1741750566115
[2025-03-12 12:36:06,410] [INFO] [30146] PREPARE received from 30183 for REQUEST 1741750566115
[2025-03-12 12:36:06,410] [INFO] [30146] Broadcasting COMMIT: REQUEST 1741750566115
[2025-03-12 12:36:06,962] [INFO] [30146] PREPARE received from 30135 for REQUEST 1741750566115
[2025-03-12 12:36:08,149] [INFO] [30146] PREPARE received from 30069 for REQUEST 1741750566115
[2025-03-12 12:36:08,399] [INFO] [30146] PREPARE received from 30199 for REQUEST 1741750566115
[2025-03-12 12:36:08,401] [INFO] [30146] PREPARE received from 30067 for REQUEST 1741750566115
[2025-03-12 12:36:08,439] [INFO] [30146] COMMIT received from 30069 for REQUEST 1741750566115
[2025-03-12 12:36:08,439] [INFO] [30146] PREPARE received from 30164 for REQUEST 1741750566115
[2025-03-12 12:36:08,444] [INFO] [30146] COMMIT received from 30183 for REQUEST 1741750566115
[2025-03-12 12:36:08,444] [INFO] [30146] COMMIT complete. Sending PRE-REPLY: REQUEST 1741750566115 directly to Manager 30107
[2025-03-12 12:36:08,444] [INFO] [30146] COMMIT received from 30164 for REQUEST 1741750566115
[2025-03-12 12:36:08,444] [INFO] [30146] COMMIT received from 30199 for REQUEST 1741750566115
[2025-03-12 12:36:08,446] [INFO] [30146] COMMIT received from 30135 for REQUEST 1741750566115
[2025-03-12 12:36:08,504] [INFO] [30146] PREPARE received from 30088 for REQUEST 1741750566115
[2025-03-12 12:36:08,504] [INFO] [30146] COMMIT received from 30088 for REQUEST 1741750566115
[2025-03-12 12:36:08,669] [INFO] [30146] COMMIT received from 30067 for REQUEST 1741750566115
[2025-03-12 12:36:08,749] [INFO] [30146] PREPARE received from 30097 for REQUEST 1741750566115
[2025-03-12 12:36:08,749] [INFO] [30146] COMMIT received from 30097 for REQUEST 1741750566115
[2025-03-12 12:36:08,856] [INFO] [30146] PREPARE received from 30017 for REQUEST 1741750566115
[2025-03-12 12:36:08,905] [INFO] [30146] PREPARE received from 30006 for REQUEST 1741750566115
[2025-03-12 12:36:08,905] [INFO] [30146] PREPARE received from 30068 for REQUEST 1741750566115
[2025-03-12 12:36:08,913] [INFO] [30146] COMMIT received from 30068 for REQUEST 1741750566115
[2025-03-12 12:36:08,954] [INFO] [30146] COMMIT received from 30006 for REQUEST 1741750566115
[2025-03-12 12:36:09,140] [INFO] [30146] COMMIT received from 30017 for REQUEST 1741750566115
[2025-03-12 12:36:09,272] [INFO] [30146] PREPARE received from 30090 for REQUEST 1741750566115
[2025-03-12 12:36:09,274] [INFO] [30146] PREPARE received from 30185 for REQUEST 1741750566115
[2025-03-12 12:36:09,274] [INFO] [30146] COMMIT received from 30175 for REQUEST 1741750566115
[2025-03-12 12:36:09,297] [INFO] [30146] PREPARE received from 30014 for REQUEST 1741750566115
[2025-03-12 12:36:09,297] [INFO] [30146] COMMIT received from 30014 for REQUEST 1741750566115
[2025-03-12 12:36:09,331] [INFO] [30146] COMMIT received from 30185 for REQUEST 1741750566115
[2025-03-12 12:36:09,361] [INFO] [30146] PREPARE received from 30020 for REQUEST 1741750566115
[2025-03-12 12:36:09,449] [INFO] [30146] COMMIT received from 30020 for REQUEST 1741750566115
[2025-03-12 12:36:09,449] [INFO] [30146] COMMIT received from 30090 for REQUEST 1741750566115
[2025-03-12 12:36:09,702] [INFO] [30146] PREPARE received from 30132 for REQUEST 1741750566115
[2025-03-12 12:36:09,726] [INFO] [30146] COMMIT received from 30132 for REQUEST 1741750566115
[2025-03-12 12:36:09,772] [INFO] [30146] PREPARE received from 30182 for REQUEST 1741750566115
[2025-03-12 12:36:09,791] [INFO] [30146] COMMIT received from 30182 for REQUEST 1741750566115
[2025-03-12 12:36:10,079] [INFO] [30146] PREPARE received from 30124 for REQUEST 1741750566115
[2025-03-12 12:36:10,082] [INFO] [30146] COMMIT received from 30124 for REQUEST 1741750566115
[2025-03-12 12:36:10,090] [INFO] [30146] PREPARE received from 30139 for REQUEST 1741750566115
[2025-03-12 12:36:10,090] [INFO] [30146] PREPARE received from 30122 for REQUEST 1741750566115
[2025-03-12 12:36:10,123] [INFO] [30146] PREPARE received from 30099 for REQUEST 1741750566115
[2025-03-12 12:36:10,125] [INFO] [30146] COMMIT received from 30122 for REQUEST 1741750566115
[2025-03-12 12:36:10,166] [INFO] [30146] PREPARE received from 30186 for REQUEST 1741750566115
[2025-03-12 12:36:10,182] [INFO] [30146] COMMIT received from 30186 for REQUEST 1741750566115
[2025-03-12 12:36:10,230] [INFO] [30146] PREPARE received from 30196 for REQUEST 1741750566115
[2025-03-12 12:36:10,234] [INFO] [30146] PREPARE received from 30059 for REQUEST 1741750566115
[2025-03-12 12:36:10,236] [INFO] [30146] COMMIT received from 30059 for REQUEST 1741750566115
[2025-03-12 12:36:10,242] [INFO] [30146] COMMIT received from 30196 for REQUEST 1741750566115
[2025-03-12 12:36:10,293] [INFO] [30146] COMMIT received from 30139 for REQUEST 1741750566115
[2025-03-12 12:36:10,371] [INFO] [30146] COMMIT received from 30099 for REQUEST 1741750566115
[2025-03-12 12:36:10,413] [INFO] [30146] PREPARE received from 30126 for REQUEST 1741750566115
[2025-03-12 12:36:10,413] [INFO] [30146] COMMIT received from 30126 for REQUEST 1741750566115
[2025-03-12 12:36:10,418] [INFO] [30146] PREPARE received from 30004 for REQUEST 1741750566115
[2025-03-12 12:36:10,418] [INFO] [30146] PREPARE received from 30108 for REQUEST 1741750566115
[2025-03-12 12:36:10,418] [INFO] [30146] COMMIT received from 30108 for REQUEST 1741750566115
[2025-03-12 12:36:10,448] [INFO] [30146] PREPARE received from 30048 for REQUEST 1741750566115
[2025-03-12 12:36:10,450] [INFO] [30146] COMMIT received from 30048 for REQUEST 1741750566115
[2025-03-12 12:36:10,454] [INFO] [30146] PREPARE received from 30035 for REQUEST 1741750566115
[2025-03-12 12:36:10,517] [INFO] [30146] COMMIT received from 30004 for REQUEST 1741750566115
[2025-03-12 12:36:10,517] [INFO] [30146] PREPARE received from 30053 for REQUEST 1741750566115
[2025-03-12 12:36:10,517] [INFO] [30146] COMMIT received from 30035 for REQUEST 1741750566115
[2025-03-12 12:36:10,517] [INFO] [30146] COMMIT received from 30053 for REQUEST 1741750566115
[2025-03-12 12:36:10,615] [INFO] [30146] PREPARE received from 30123 for REQUEST 1741750566115
[2025-03-12 12:36:10,615] [INFO] [30146] COMMIT received from 30123 for REQUEST 1741750566115
[2025-03-12 12:36:10,751] [INFO] [30146] PREPARE received from 30153 for REQUEST 1741750566115
[2025-03-12 12:36:10,751] [INFO] [30146] COMMIT received from 30153 for REQUEST 1741750566115
[2025-03-12 12:36:10,751] [INFO] [30146] PREPARE received from 30149 for REQUEST 1741750566115
[2025-03-12 12:36:10,766] [INFO] [30146] COMMIT received from 30149 for REQUEST 1741750566115
[2025-03-12 12:36:10,892] [INFO] [30146] PREPARE received from 30095 for REQUEST 1741750566115
[2025-03-12 12:36:10,892] [INFO] [30146] PREPARE received from 30138 for REQUEST 1741750566115
[2025-03-12 12:36:10,892] [INFO] [30146] COMMIT received from 30138 for REQUEST 1741750566115
[2025-03-12 12:36:10,892] [INFO] [30146] COMMIT received from 30095 for REQUEST 1741750566115
[2025-03-12 12:54:59,119] [INFO] Node started: localhost:30146 | index=147 | f=1, k=4
[2025-03-12 12:55:50,712] [INFO] Node started: localhost:30146 | index=147 | f=1, k=4
[2025-03-12 12:55:54,231] [INFO] [30146] PRE-PREPARE received: {'request_id': 1741751754181, 'data': 'llapbft_message_1741751754181', 'timestamp': 1741751754.2060645, 'leader': 30017, 'cluster_id': 1, 'cluster_ports': [30004, 30005, 30008, 30015, 30017, 30024, 30027, 30030, 30037, 30043, 30044, 30048, 30050, 30059, 30064, 30068, 30070, 30072, 30075, 30078, 30080, 30091, 30093, 30100, 30106, 30113, 30114, 30115, 30120, 30121, 30123, 30138, 30141, 30146, 30147, 30153], 'cluster_manager': {'host': 'localhost', 'port': 30064, 'latitude': 36.6267129, 'longitude': 127.4585797, 'altitude': 211, 'offset_m': 'lat: 12 m, lng: 7 m, alt: 211 m'}, 'simulated_delay': 0.000193, 'distance': 134.9673620072888, 'message_size_bits': 4632}
[2025-03-12 12:55:54,237] [INFO] [30146] Broadcasting PREPARE: REQUEST 1741751754181
[2025-03-12 12:55:54,561] [INFO] [30146] PREPARE received from 30141 for REQUEST 1741751754181
[2025-03-12 12:55:54,563] [INFO] [30146] Broadcasting COMMIT: REQUEST 1741751754181
[2025-03-12 12:55:54,563] [INFO] [30146] PREPARE received from 30068 for REQUEST 1741751754181
[2025-03-12 12:55:54,933] [INFO] [30146] PREPARE received from 30078 for REQUEST 1741751754181
[2025-03-12 12:55:55,212] [INFO] [30146] PREPARE received from 30070 for REQUEST 1741751754181
[2025-03-12 12:55:55,217] [INFO] [30146] PREPARE received from 30037 for REQUEST 1741751754181
[2025-03-12 12:55:55,217] [INFO] [30146] PREPARE received from 30093 for REQUEST 1741751754181
[2025-03-12 12:55:55,296] [INFO] [30146] PREPARE received from 30123 for REQUEST 1741751754181
[2025-03-12 12:55:55,296] [INFO] [30146] PREPARE received from 30100 for REQUEST 1741751754181
[2025-03-12 12:55:55,502] [INFO] [30146] COMMIT received from 30080 for REQUEST 1741751754181
[2025-03-12 12:55:55,502] [INFO] [30146] COMMIT received from 30123 for REQUEST 1741751754181
[2025-03-12 12:55:55,502] [INFO] [30146] COMMIT complete. Sending PRE-REPLY: REQUEST 1741751754181 directly to Manager 30064
[2025-03-12 12:55:55,502] [INFO] [30146] PREPARE received from 30024 for REQUEST 1741751754181
[2025-03-12 12:55:55,502] [INFO] [30146] PREPARE received from 30072 for REQUEST 1741751754181
[2025-03-12 12:55:55,502] [INFO] [30146] COMMIT received from 30078 for REQUEST 1741751754181
[2025-03-12 12:55:55,502] [INFO] [30146] COMMIT received from 30068 for REQUEST 1741751754181
[2025-03-12 12:55:55,502] [INFO] [30146] PREPARE received from 30080 for REQUEST 1741751754181
[2025-03-12 12:55:55,502] [INFO] [30146] COMMIT received from 30093 for REQUEST 1741751754181
[2025-03-12 12:55:55,552] [INFO] [30146] COMMIT received from 30141 for REQUEST 1741751754181
[2025-03-12 12:55:55,581] [INFO] [30146] PREPARE received from 30005 for REQUEST 1741751754181
[2025-03-12 12:55:55,589] [INFO] [30146] COMMIT received from 30100 for REQUEST 1741751754181
[2025-03-12 12:55:55,589] [INFO] [30146] COMMIT received from 30072 for REQUEST 1741751754181
[2025-03-12 12:55:55,688] [INFO] [30146] COMMIT received from 30070 for REQUEST 1741751754181
[2025-03-12 12:55:55,688] [INFO] [30146] PREPARE received from 30059 for REQUEST 1741751754181
[2025-03-12 12:55:55,688] [INFO] [30146] COMMIT received from 30008 for REQUEST 1741751754181
[2025-03-12 12:55:55,691] [INFO] [30146] PREPARE received from 30008 for REQUEST 1741751754181
[2025-03-12 12:55:55,691] [INFO] [30146] PREPARE received from 30044 for REQUEST 1741751754181
[2025-03-12 12:55:55,691] [INFO] [30146] PREPARE received from 30091 for REQUEST 1741751754181
[2025-03-12 12:55:55,766] [INFO] [30146] COMMIT received from 30091 for REQUEST 1741751754181
[2025-03-12 12:55:55,766] [INFO] [30146] COMMIT received from 30005 for REQUEST 1741751754181
[2025-03-12 12:55:55,766] [INFO] [30146] COMMIT received from 30017 for REQUEST 1741751754181
[2025-03-12 12:55:55,766] [INFO] [30146] PREPARE received from 30048 for REQUEST 1741751754181
[2025-03-12 12:55:55,772] [INFO] [30146] COMMIT received from 30059 for REQUEST 1741751754181
[2025-03-12 12:55:55,821] [INFO] [30146] PREPARE received from 30114 for REQUEST 1741751754181
[2025-03-12 12:55:55,821] [INFO] [30146] COMMIT received from 30114 for REQUEST 1741751754181
[2025-03-12 12:55:55,821] [INFO] [30146] COMMIT received from 30044 for REQUEST 1741751754181
[2025-03-12 12:55:55,867] [INFO] [30146] COMMIT received from 30048 for REQUEST 1741751754181
[2025-03-12 12:55:55,946] [INFO] [30146] PREPARE received from 30106 for REQUEST 1741751754181
[2025-03-12 12:55:55,965] [INFO] [30146] COMMIT received from 30106 for REQUEST 1741751754181
[2025-03-12 12:55:55,996] [INFO] [30146] COMMIT received from 30037 for REQUEST 1741751754181
[2025-03-12 12:55:56,010] [INFO] [30146] PREPARE received from 30050 for REQUEST 1741751754181
[2025-03-12 12:55:56,012] [INFO] [30146] COMMIT received from 30050 for REQUEST 1741751754181
[2025-03-12 12:55:56,012] [INFO] [30146] PREPARE received from 30075 for REQUEST 1741751754181
[2025-03-12 12:55:56,037] [INFO] [30146] PREPARE received from 30004 for REQUEST 1741751754181
[2025-03-12 12:55:56,042] [INFO] [30146] COMMIT received from 30024 for REQUEST 1741751754181
[2025-03-12 12:55:56,042] [INFO] [30146] PREPARE received from 30027 for REQUEST 1741751754181
[2025-03-12 12:55:56,157] [INFO] [30146] COMMIT received from 30027 for REQUEST 1741751754181
[2025-03-12 12:55:56,159] [INFO] [30146] COMMIT received from 30004 for REQUEST 1741751754181
[2025-03-12 12:55:56,177] [INFO] [30146] COMMIT received from 30075 for REQUEST 1741751754181
[2025-03-12 12:55:56,226] [INFO] [30146] PREPARE received from 30138 for REQUEST 1741751754181
[2025-03-12 12:55:56,241] [INFO] [30146] COMMIT received from 30138 for REQUEST 1741751754181
[2025-03-12 12:55:56,247] [INFO] [30146] PREPARE received from 30121 for REQUEST 1741751754181
[2025-03-12 12:55:56,268] [INFO] [30146] COMMIT received from 30121 for REQUEST 1741751754181
[2025-03-12 12:55:56,268] [INFO] [30146] PREPARE received from 30115 for REQUEST 1741751754181
[2025-03-12 12:55:56,282] [INFO] [30146] PREPARE received from 30030 for REQUEST 1741751754181
[2025-03-12 12:55:56,285] [INFO] [30146] PREPARE received from 30113 for REQUEST 1741751754181
[2025-03-12 12:55:56,285] [INFO] [30146] COMMIT received from 30030 for REQUEST 1741751754181
[2025-03-12 12:55:56,288] [INFO] [30146] COMMIT received from 30115 for REQUEST 1741751754181
[2025-03-12 12:55:56,310] [INFO] [30146] PREPARE received from 30120 for REQUEST 1741751754181
[2025-03-12 12:55:56,317] [INFO] [30146] PREPARE received from 30043 for REQUEST 1741751754181
[2025-03-12 12:55:56,330] [INFO] [30146] COMMIT received from 30120 for REQUEST 1741751754181
[2025-03-12 12:55:56,341] [INFO] [30146] COMMIT received from 30113 for REQUEST 1741751754181
[2025-03-12 12:55:56,366] [INFO] [30146] COMMIT received from 30043 for REQUEST 1741751754181
[2025-03-12 12:55:56,429] [INFO] [30146] PREPARE received from 30147 for REQUEST 1741751754181
[2025-03-12 12:55:56,441] [INFO] [30146] PREPARE received from 30153 for REQUEST 1741751754181
[2025-03-12 12:55:56,441] [INFO] [30146] COMMIT received from 30147 for REQUEST 1741751754181
[2025-03-12 12:55:56,451] [INFO] [30146] COMMIT received from 30153 for REQUEST 1741751754181
