[2025-03-12 12:35:51,189] [INFO] Node started: localhost:30133 | index=134 | f=1, k=4
[2025-03-12 12:36:06,204] [INFO] [30133] PRE-PREPARE received: {'request_id': 1741750566115, 'data': 'llapbft_message_1741750566115', 'timestamp': 1741750566.142161, 'leader': 30022, 'cluster_id': 2, 'cluster_ports': [30000, 30007, 30013, 30018, 30021, 30022, 30030, 30031, 30049, 30050, 30052, 30055, 30057, 30058, 30060, 30062, 30071, 30077, 30078, 30091, 30096, 30100, 30104, 30110, 30121, 30129, 30131, 30133, 30134, 30140, 30141, 30143, 30148, 30152, 30155, 30157, 30158, 30159, 30160, 30161, 30167, 30168, 30169, 30170, 30171, 30172, 30173, 30177, 30178, 30179, 30190, 30192, 30193, 30195], 'cluster_manager': {'host': 'localhost', 'port': 30155, 'latitude': 36.6269898, 'longitude': 127.4587731, 'altitude': 261, 'offset_m': 'lat: 43 m, lng: 24 m, alt: 261 m'}, 'simulated_delay': 0.00094, 'distance': 280.44128649735904, 'message_size_bits': 5640}
[2025-03-12 12:36:06,216] [INFO] [30133] Broadcasting PREPARE: REQUEST 1741750566115
[2025-03-12 12:36:06,417] [INFO] [30133] PREPARE received from 30177 for REQUEST 1741750566115
[2025-03-12 12:36:06,419] [INFO] [30133] Broadcasting COMMIT: REQUEST 1741750566115
[2025-03-12 12:36:06,437] [INFO] [30133] PREPARE received from 30173 for REQUEST 1741750566115
[2025-03-12 12:36:06,522] [INFO] [30133] PREPARE received from 30171 for REQUEST 1741750566115
[2025-03-12 12:36:07,043] [INFO] [30133] PREPARE received from 30096 for REQUEST 1741750566115
[2025-03-12 12:36:07,043] [INFO] [30133] PREPARE received from 30158 for REQUEST 1741750566115
[2025-03-12 12:36:07,229] [INFO] [30133] PREPARE received from 30157 for REQUEST 1741750566115
[2025-03-12 12:36:07,340] [INFO] [30133] PREPARE received from 30121 for REQUEST 1741750566115
[2025-03-12 12:36:07,672] [INFO] [30133] PREPARE received from 30007 for REQUEST 1741750566115
[2025-03-12 12:36:07,672] [INFO] [30133] PREPARE received from 30057 for REQUEST 1741750566115
[2025-03-12 12:36:07,672] [INFO] [30133] PREPARE received from 30013 for REQUEST 1741750566115
[2025-03-12 12:36:08,383] [INFO] [30133] PREPARE received from 30100 for REQUEST 1741750566115
[2025-03-12 12:36:08,456] [INFO] [30133] COMMIT received from 30157 for REQUEST 1741750566115
[2025-03-12 12:36:08,456] [INFO] [30133] PREPARE received from 30129 for REQUEST 1741750566115
[2025-03-12 12:36:08,456] [INFO] [30133] COMMIT received from 30173 for REQUEST 1741750566115
[2025-03-12 12:36:08,456] [INFO] [30133] COMMIT complete. Sending PRE-REPLY: REQUEST 1741750566115 directly to Manager 30155
[2025-03-12 12:36:08,456] [INFO] [30133] COMMIT received from 30158 for REQUEST 1741750566115
[2025-03-12 12:36:08,456] [INFO] [30133] COMMIT received from 30177 for REQUEST 1741750566115
[2025-03-12 12:36:08,456] [INFO] [30133] COMMIT received from 30100 for REQUEST 1741750566115
[2025-03-12 12:36:08,614] [INFO] [30133] PREPARE received from 30000 for REQUEST 1741750566115
[2025-03-12 12:36:08,617] [INFO] [30133] COMMIT received from 30171 for REQUEST 1741750566115
[2025-03-12 12:36:08,617] [INFO] [30133] PREPARE received from 30104 for REQUEST 1741750566115
[2025-03-12 12:36:08,651] [INFO] [30133] COMMIT received from 30057 for REQUEST 1741750566115
[2025-03-12 12:36:08,651] [INFO] [30133] COMMIT received from 30129 for REQUEST 1741750566115
[2025-03-12 12:36:08,813] [INFO] [30133] COMMIT received from 30168 for REQUEST 1741750566115
[2025-03-12 12:36:08,813] [INFO] [30133] COMMIT received from 30172 for REQUEST 1741750566115
[2025-03-12 12:36:08,822] [INFO] [30133] PREPARE received from 30168 for REQUEST 1741750566115
[2025-03-12 12:36:08,822] [INFO] [30133] PREPARE received from 30195 for REQUEST 1741750566115
[2025-03-12 12:36:08,822] [INFO] [30133] PREPARE received from 30060 for REQUEST 1741750566115
[2025-03-12 12:36:08,822] [INFO] [30133] COMMIT received from 30104 for REQUEST 1741750566115
[2025-03-12 12:36:08,822] [INFO] [30133] COMMIT received from 30121 for REQUEST 1741750566115
[2025-03-12 12:36:08,822] [INFO] [30133] PREPARE received from 30172 for REQUEST 1741750566115
[2025-03-12 12:36:08,822] [INFO] [30133] COMMIT received from 30060 for REQUEST 1741750566115
[2025-03-12 12:36:08,954] [INFO] [30133] COMMIT received from 30195 for REQUEST 1741750566115
[2025-03-12 12:36:09,140] [INFO] [30133] COMMIT received from 30007 for REQUEST 1741750566115
[2025-03-12 12:36:09,140] [INFO] [30133] PREPARE received from 30049 for REQUEST 1741750566115
[2025-03-12 12:36:09,140] [INFO] [30133] COMMIT received from 30096 for REQUEST 1741750566115
[2025-03-12 12:36:09,140] [INFO] [30133] PREPARE received from 30161 for REQUEST 1741750566115
[2025-03-12 12:36:09,140] [INFO] [30133] COMMIT received from 30049 for REQUEST 1741750566115
[2025-03-12 12:36:09,140] [INFO] [30133] PREPARE received from 30052 for REQUEST 1741750566115
[2025-03-12 12:36:09,166] [INFO] [30133] PREPARE received from 30134 for REQUEST 1741750566115
[2025-03-12 12:36:09,166] [INFO] [30133] COMMIT received from 30134 for REQUEST 1741750566115
[2025-03-12 12:36:09,219] [INFO] [30133] COMMIT received from 30052 for REQUEST 1741750566115
[2025-03-12 12:36:09,371] [INFO] [30133] COMMIT received from 30013 for REQUEST 1741750566115
[2025-03-12 12:36:09,455] [INFO] [30133] PREPARE received from 30141 for REQUEST 1741750566115
[2025-03-12 12:36:09,455] [INFO] [30133] COMMIT received from 30161 for REQUEST 1741750566115
[2025-03-12 12:36:09,577] [INFO] [30133] COMMIT received from 30141 for REQUEST 1741750566115
[2025-03-12 12:36:09,579] [INFO] [30133] PREPARE received from 30131 for REQUEST 1741750566115
[2025-03-12 12:36:09,579] [INFO] [30133] COMMIT received from 30131 for REQUEST 1741750566115
[2025-03-12 12:36:09,728] [INFO] [30133] PREPARE received from 30169 for REQUEST 1741750566115
[2025-03-12 12:36:09,780] [INFO] [30133] COMMIT received from 30169 for REQUEST 1741750566115
[2025-03-12 12:36:09,818] [INFO] [30133] COMMIT received from 30022 for REQUEST 1741750566115
[2025-03-12 12:36:09,907] [INFO] [30133] PREPARE received from 30078 for REQUEST 1741750566115
[2025-03-12 12:36:09,930] [INFO] [30133] PREPARE received from 30178 for REQUEST 1741750566115
[2025-03-12 12:36:10,012] [INFO] [30133] PREPARE received from 30170 for REQUEST 1741750566115
[2025-03-12 12:36:10,166] [INFO] [30133] COMMIT received from 30078 for REQUEST 1741750566115
[2025-03-12 12:36:10,218] [INFO] [30133] PREPARE received from 30110 for REQUEST 1741750566115
[2025-03-12 12:36:10,246] [INFO] [30133] PREPARE received from 30143 for REQUEST 1741750566115
[2025-03-12 12:36:10,264] [INFO] [30133] COMMIT received from 30110 for REQUEST 1741750566115
[2025-03-12 12:36:10,311] [INFO] [30133] COMMIT received from 30170 for REQUEST 1741750566115
[2025-03-12 12:36:10,365] [INFO] [30133] COMMIT received from 30178 for REQUEST 1741750566115
[2025-03-12 12:36:10,371] [INFO] [30133] COMMIT received from 30143 for REQUEST 1741750566115
[2025-03-12 12:36:10,371] [INFO] [30133] PREPARE received from 30179 for REQUEST 1741750566115
[2025-03-12 12:36:10,371] [INFO] [30133] PREPARE received from 30021 for REQUEST 1741750566115
[2025-03-12 12:36:10,371] [INFO] [30133] COMMIT received from 30179 for REQUEST 1741750566115
[2025-03-12 12:36:10,453] [INFO] [30133] PREPARE received from 30159 for REQUEST 1741750566115
[2025-03-12 12:36:10,524] [INFO] [30133] COMMIT received from 30159 for REQUEST 1741750566115
[2025-03-12 12:36:10,544] [INFO] [30133] COMMIT received from 30021 for REQUEST 1741750566115
[2025-03-12 12:36:10,544] [INFO] [30133] PREPARE received from 30091 for REQUEST 1741750566115
[2025-03-12 12:36:10,544] [INFO] [30133] PREPARE received from 30140 for REQUEST 1741750566115
[2025-03-12 12:36:10,544] [INFO] [30133] COMMIT received from 30140 for REQUEST 1741750566115
[2025-03-12 12:36:10,544] [INFO] [30133] COMMIT received from 30091 for REQUEST 1741750566115
[2025-03-12 12:36:10,560] [INFO] [30133] COMMIT received from 30000 for REQUEST 1741750566115
[2025-03-12 12:36:10,734] [INFO] [30133] PREPARE received from 30018 for REQUEST 1741750566115
[2025-03-12 12:36:10,734] [INFO] [30133] COMMIT received from 30018 for REQUEST 1741750566115
[2025-03-12 12:36:10,734] [INFO] [30133] PREPARE received from 30055 for REQUEST 1741750566115
[2025-03-12 12:36:10,751] [INFO] [30133] COMMIT received from 30055 for REQUEST 1741750566115
[2025-03-12 12:36:10,792] [INFO] [30133] PREPARE received from 30160 for REQUEST 1741750566115
[2025-03-12 12:36:10,802] [INFO] [30133] COMMIT received from 30160 for REQUEST 1741750566115
[2025-03-12 12:36:10,849] [INFO] [30133] PREPARE received from 30193 for REQUEST 1741750566115
[2025-03-12 12:36:10,849] [INFO] [30133] PREPARE received from 30167 for REQUEST 1741750566115
[2025-03-12 12:36:10,849] [INFO] [30133] COMMIT received from 30167 for REQUEST 1741750566115
[2025-03-12 12:36:10,849] [INFO] [30133] COMMIT received from 30193 for REQUEST 1741750566115
[2025-03-12 12:36:11,040] [INFO] [30133] PREPARE received from 30062 for REQUEST 1741750566115
[2025-03-12 12:36:11,040] [INFO] [30133] COMMIT received from 30062 for REQUEST 1741750566115
[2025-03-12 12:36:11,052] [INFO] [30133] PREPARE received from 30152 for REQUEST 1741750566115
[2025-03-12 12:36:11,054] [INFO] [30133] COMMIT received from 30152 for REQUEST 1741750566115
[2025-03-12 12:54:56,521] [INFO] Node started: localhost:30133 | index=134 | f=1, k=4
[2025-03-12 12:55:48,096] [INFO] Node started: localhost:30133 | index=134 | f=1, k=4
[2025-03-12 12:55:54,361] [INFO] [30133] PRE-PREPARE received: {'request_id': 1741751754181, 'data': 'llapbft_message_1741751754181', 'timestamp': 1741751754.2060645, 'leader': 30118, 'cluster_id': 0, 'cluster_ports': [30001, 30002, 30016, 30019, 30023, 30025, 30032, 30041, 30046, 30049, 30052, 30057, 30058, 30066, 30077, 30079, 30088, 30092, 30094, 30095, 30096, 30098, 30102, 30108, 30110, 30116, 30118, 30126, 30129, 30132, 30133, 30137, 30143, 30144, 30149, 30150, 30151, 30155], 'cluster_manager': {'host': 'localhost', 'port': 30098, 'latitude': 36.6267518, 'longitude': 127.4591383, 'altitude': 231, 'offset_m': 'lat: 16 m, lng: 56 m, alt: 231 m'}, 'simulated_delay': 0.000396, 'distance': 241.4023193428074, 'message_size_bits': 4752}
[2025-03-12 12:55:54,361] [INFO] [30133] Broadcasting PREPARE: REQUEST 1741751754181
[2025-03-12 12:55:54,885] [INFO] [30133] PREPARE received from 30095 for REQUEST 1741751754181
[2025-03-12 12:55:54,885] [INFO] [30133] Broadcasting COMMIT: REQUEST 1741751754181
[2025-03-12 12:55:54,894] [INFO] [30133] COMMIT received from 30095 for REQUEST 1741751754181
[2025-03-12 12:55:55,296] [INFO] [30133] PREPARE received from 30046 for REQUEST 1741751754181
[2025-03-12 12:55:55,296] [INFO] [30133] COMMIT received from 30046 for REQUEST 1741751754181
[2025-03-12 12:55:55,296] [INFO] [30133] COMMIT complete. Sending PRE-REPLY: REQUEST 1741751754181 directly to Manager 30098
[2025-03-12 12:55:55,529] [INFO] [30133] PREPARE received from 30144 for REQUEST 1741751754181
[2025-03-12 12:55:55,531] [INFO] [30133] COMMIT received from 30144 for REQUEST 1741751754181
[2025-03-12 12:55:55,531] [INFO] [30133] PREPARE received from 30079 for REQUEST 1741751754181
[2025-03-12 12:55:55,531] [INFO] [30133] COMMIT received from 30079 for REQUEST 1741751754181
[2025-03-12 12:55:55,597] [INFO] [30133] PREPARE received from 30023 for REQUEST 1741751754181
[2025-03-12 12:55:55,629] [INFO] [30133] COMMIT received from 30118 for REQUEST 1741751754181
[2025-03-12 12:55:55,629] [INFO] [30133] COMMIT received from 30023 for REQUEST 1741751754181
[2025-03-12 12:55:55,749] [INFO] [30133] PREPARE received from 30052 for REQUEST 1741751754181
[2025-03-12 12:55:55,772] [INFO] [30133] COMMIT received from 30052 for REQUEST 1741751754181
[2025-03-12 12:55:55,772] [INFO] [30133] PREPARE received from 30149 for REQUEST 1741751754181
[2025-03-12 12:55:55,772] [INFO] [30133] PREPARE received from 30066 for REQUEST 1741751754181
[2025-03-12 12:55:55,816] [INFO] [30133] COMMIT received from 30149 for REQUEST 1741751754181
[2025-03-12 12:55:55,819] [INFO] [30133] COMMIT received from 30066 for REQUEST 1741751754181
[2025-03-12 12:55:55,819] [INFO] [30133] PREPARE received from 30032 for REQUEST 1741751754181
[2025-03-12 12:55:55,962] [INFO] [30133] COMMIT received from 30032 for REQUEST 1741751754181
[2025-03-12 12:55:56,199] [INFO] [30133] PREPARE received from 30129 for REQUEST 1741751754181
[2025-03-12 12:55:56,199] [INFO] [30133] COMMIT received from 30129 for REQUEST 1741751754181
[2025-03-12 12:55:56,298] [INFO] [30133] PREPARE received from 30110 for REQUEST 1741751754181
[2025-03-12 12:55:56,298] [INFO] [30133] COMMIT received from 30110 for REQUEST 1741751754181
[2025-03-12 12:55:56,330] [INFO] [30133] PREPARE received from 30151 for REQUEST 1741751754181
[2025-03-12 12:55:56,330] [INFO] [30133] COMMIT received from 30151 for REQUEST 1741751754181
[2025-03-12 12:55:56,498] [INFO] [30133] PREPARE received from 30025 for REQUEST 1741751754181
[2025-03-12 12:55:56,514] [INFO] [30133] COMMIT received from 30025 for REQUEST 1741751754181
[2025-03-12 12:55:56,639] [INFO] [30133] PREPARE received from 30096 for REQUEST 1741751754181
[2025-03-12 12:55:56,640] [INFO] [30133] PREPARE received from 30041 for REQUEST 1741751754181
[2025-03-12 12:55:56,640] [INFO] [30133] COMMIT received from 30041 for REQUEST 1741751754181
[2025-03-12 12:55:56,641] [INFO] [30133] COMMIT received from 30096 for REQUEST 1741751754181
[2025-03-12 12:55:56,646] [INFO] [30133] PREPARE received from 30132 for REQUEST 1741751754181
[2025-03-12 12:55:56,646] [INFO] [30133] PREPARE received from 30137 for REQUEST 1741751754181
[2025-03-12 12:55:56,646] [INFO] [30133] COMMIT received from 30132 for REQUEST 1741751754181
[2025-03-12 12:55:56,646] [INFO] [30133] COMMIT received from 30137 for REQUEST 1741751754181
[2025-03-12 12:55:56,646] [INFO] [30133] PREPARE received from 30155 for REQUEST 1741751754181
[2025-03-12 12:55:56,646] [INFO] [30133] COMMIT received from 30155 for REQUEST 1741751754181
[2025-03-12 12:55:56,799] [INFO] [30133] PREPARE received from 30049 for REQUEST 1741751754181
[2025-03-12 12:55:56,803] [INFO] [30133] COMMIT received from 30049 for REQUEST 1741751754181
[2025-03-12 12:55:56,815] [INFO] [30133] PREPARE received from 30002 for REQUEST 1741751754181
[2025-03-12 12:55:56,815] [INFO] [30133] COMMIT received from 30002 for REQUEST 1741751754181
[2025-03-12 12:55:56,900] [INFO] [30133] PREPARE received from 30077 for REQUEST 1741751754181
[2025-03-12 12:55:56,925] [INFO] [30133] COMMIT received from 30077 for REQUEST 1741751754181
[2025-03-12 12:55:56,925] [INFO] [30133] PREPARE received from 30126 for REQUEST 1741751754181
[2025-03-12 12:55:56,925] [INFO] [30133] COMMIT received from 30126 for REQUEST 1741751754181
[2025-03-12 12:55:57,020] [INFO] [30133] PREPARE received from 30088 for REQUEST 1741751754181
[2025-03-12 12:55:57,035] [INFO] [30133] COMMIT received from 30088 for REQUEST 1741751754181
[2025-03-12 12:55:57,057] [INFO] [30133] PREPARE received from 30094 for REQUEST 1741751754181
[2025-03-12 12:55:57,057] [INFO] [30133] COMMIT received from 30094 for REQUEST 1741751754181
[2025-03-12 12:55:57,114] [INFO] [30133] PREPARE received from 30057 for REQUEST 1741751754181
[2025-03-12 12:55:57,114] [INFO] [30133] COMMIT received from 30057 for REQUEST 1741751754181
[2025-03-12 12:55:57,132] [INFO] [30133] PREPARE received from 30001 for REQUEST 1741751754181
[2025-03-12 12:55:57,132] [INFO] [30133] COMMIT received from 30001 for REQUEST 1741751754181
[2025-03-12 12:55:57,138] [INFO] [30133] PREPARE received from 30016 for REQUEST 1741751754181
[2025-03-12 12:55:57,138] [INFO] [30133] COMMIT received from 30016 for REQUEST 1741751754181
[2025-03-12 12:55:57,146] [INFO] [30133] PREPARE received from 30102 for REQUEST 1741751754181
[2025-03-12 12:55:57,146] [INFO] [30133] COMMIT received from 30102 for REQUEST 1741751754181
