[2025-03-12 12:35:27,891] [INFO] Node started: localhost:30017 | index=18 | f=1, k=4
[2025-03-12 12:36:06,173] [INFO] [30017] PRE-PREPARE received: {'request_id': 1741750566115, 'data': 'llapbft_message_1741750566115', 'timestamp': 1741750566.142161, 'leader': 30175, 'cluster_id': 1, 'cluster_ports': [30004, 30006, 30014, 30017, 30020, 30024, 30027, 30035, 30038, 30048, 30051, 30053, 30059, 30067, 30068, 30069, 30070, 30083, 30088, 30090, 30093, 30095, 30097, 30099, 30101, 30105, 30107, 30108, 30122, 30123, 30124, 30126, 30132, 30135, 30138, 30139, 30146, 30149, 30153, 30164, 30174, 30175, 30182, 30183, 30184, 30185, 30186, 30189, 30191, 30196, 30199], 'cluster_manager': {'host': 'localhost', 'port': 30107, 'latitude': 36.6271864, 'longitude': 127.4587582, 'altitude': 213, 'offset_m': 'lat: 65 m, lng: 23 m, alt: 213 m'}, 'simulated_delay': 0.000228, 'distance': 114.72691840130857, 'message_size_bits': 5472}
[2025-03-12 12:36:06,173] [INFO] [30017] Broadcasting PREPARE: REQUEST 1741750566115
[2025-03-12 12:36:06,478] [INFO] [30017] PREPARE received from 30146 for REQUEST 1741750566115
[2025-03-12 12:36:06,478] [INFO] [30017] Broadcasting COMMIT: REQUEST 1741750566115
[2025-03-12 12:36:06,478] [INFO] [30017] PREPARE received from 30196 for REQUEST 1741750566115
[2025-03-12 12:36:06,480] [INFO] [30017] PREPARE received from 30183 for REQUEST 1741750566115
[2025-03-12 12:36:06,591] [INFO] [30017] PREPARE received from 30182 for REQUEST 1741750566115
[2025-03-12 12:36:06,591] [INFO] [30017] PREPARE received from 30164 for REQUEST 1741750566115
[2025-03-12 12:36:06,591] [INFO] [30017] PREPARE received from 30090 for REQUEST 1741750566115
[2025-03-12 12:36:06,591] [INFO] [30017] PREPARE received from 30153 for REQUEST 1741750566115
[2025-03-12 12:36:06,591] [INFO] [30017] PREPARE received from 30126 for REQUEST 1741750566115
[2025-03-12 12:36:06,591] [INFO] [30017] PREPARE received from 30199 for REQUEST 1741750566115
[2025-03-12 12:36:06,760] [INFO] [30017] PREPARE received from 30083 for REQUEST 1741750566115
[2025-03-12 12:36:06,891] [INFO] [30017] PREPARE received from 30124 for REQUEST 1741750566115
[2025-03-12 12:36:06,891] [INFO] [30017] PREPARE received from 30088 for REQUEST 1741750566115
[2025-03-12 12:36:06,891] [INFO] [30017] PREPARE received from 30014 for REQUEST 1741750566115
[2025-03-12 12:36:06,891] [INFO] [30017] PREPARE received from 30068 for REQUEST 1741750566115
[2025-03-12 12:36:07,234] [INFO] [30017] PREPARE received from 30135 for REQUEST 1741750566115
[2025-03-12 12:36:07,492] [INFO] [30017] PREPARE received from 30059 for REQUEST 1741750566115
[2025-03-12 12:36:07,492] [INFO] [30017] COMMIT received from 30146 for REQUEST 1741750566115
[2025-03-12 12:36:07,494] [INFO] [30017] PREPARE received from 30067 for REQUEST 1741750566115
[2025-03-12 12:36:08,363] [INFO] [30017] PREPARE received from 30006 for REQUEST 1741750566115
[2025-03-12 12:36:08,364] [INFO] [30017] COMMIT received from 30199 for REQUEST 1741750566115
[2025-03-12 12:36:08,364] [INFO] [30017] COMMIT complete. Sending PRE-REPLY: REQUEST 1741750566115 directly to Manager 30107
[2025-03-12 12:36:08,401] [INFO] [30017] COMMIT received from 30083 for REQUEST 1741750566115
[2025-03-12 12:36:08,749] [INFO] [30017] COMMIT received from 30153 for REQUEST 1741750566115
[2025-03-12 12:36:08,749] [INFO] [30017] COMMIT received from 30126 for REQUEST 1741750566115
[2025-03-12 12:36:08,749] [INFO] [30017] COMMIT received from 30090 for REQUEST 1741750566115
[2025-03-12 12:36:08,749] [INFO] [30017] COMMIT received from 30095 for REQUEST 1741750566115
[2025-03-12 12:36:08,749] [INFO] [30017] PREPARE received from 30095 for REQUEST 1741750566115
[2025-03-12 12:36:08,749] [INFO] [30017] PREPARE received from 30123 for REQUEST 1741750566115
[2025-03-12 12:36:08,762] [INFO] [30017] PREPARE received from 30020 for REQUEST 1741750566115
[2025-03-12 12:36:08,867] [INFO] [30017] COMMIT received from 30135 for REQUEST 1741750566115
[2025-03-12 12:36:08,867] [INFO] [30017] PREPARE received from 30138 for REQUEST 1741750566115
[2025-03-12 12:36:08,872] [INFO] [30017] PREPARE received from 30069 for REQUEST 1741750566115
[2025-03-12 12:36:08,872] [INFO] [30017] COMMIT received from 30183 for REQUEST 1741750566115
[2025-03-12 12:36:08,872] [INFO] [30017] COMMIT received from 30088 for REQUEST 1741750566115
[2025-03-12 12:36:08,872] [INFO] [30017] PREPARE received from 30122 for REQUEST 1741750566115
[2025-03-12 12:36:08,872] [INFO] [30017] COMMIT received from 30164 for REQUEST 1741750566115
[2025-03-12 12:36:09,025] [INFO] [30017] PREPARE received from 30191 for REQUEST 1741750566115
[2025-03-12 12:36:09,025] [INFO] [30017] COMMIT received from 30182 for REQUEST 1741750566115
[2025-03-12 12:36:09,025] [INFO] [30017] COMMIT received from 30067 for REQUEST 1741750566115
[2025-03-12 12:36:09,025] [INFO] [30017] COMMIT received from 30138 for REQUEST 1741750566115
[2025-03-12 12:36:09,025] [INFO] [30017] PREPARE received from 30038 for REQUEST 1741750566115
[2025-03-12 12:36:09,025] [INFO] [30017] COMMIT received from 30124 for REQUEST 1741750566115
[2025-03-12 12:36:09,025] [INFO] [30017] COMMIT received from 30069 for REQUEST 1741750566115
[2025-03-12 12:36:09,025] [INFO] [30017] COMMIT received from 30068 for REQUEST 1741750566115
[2025-03-12 12:36:09,025] [INFO] [30017] PREPARE received from 30108 for REQUEST 1741750566115
[2025-03-12 12:36:09,025] [INFO] [30017] COMMIT received from 30123 for REQUEST 1741750566115
[2025-03-12 12:36:09,160] [INFO] [30017] COMMIT received from 30038 for REQUEST 1741750566115
[2025-03-12 12:36:09,160] [INFO] [30017] COMMIT received from 30196 for REQUEST 1741750566115
[2025-03-12 12:36:09,160] [INFO] [30017] COMMIT received from 30020 for REQUEST 1741750566115
[2025-03-12 12:36:09,403] [INFO] [30017] PREPARE received from 30004 for REQUEST 1741750566115
[2025-03-12 12:36:09,403] [INFO] [30017] COMMIT received from 30122 for REQUEST 1741750566115
[2025-03-12 12:36:09,403] [INFO] [30017] COMMIT received from 30191 for REQUEST 1741750566115
[2025-03-12 12:36:09,403] [INFO] [30017] PREPARE received from 30189 for REQUEST 1741750566115
[2025-03-12 12:36:09,408] [INFO] [30017] COMMIT received from 30174 for REQUEST 1741750566115
[2025-03-12 12:36:09,408] [INFO] [30017] COMMIT received from 30189 for REQUEST 1741750566115
[2025-03-12 12:36:09,408] [INFO] [30017] PREPARE received from 30174 for REQUEST 1741750566115
[2025-03-12 12:36:09,408] [INFO] [30017] COMMIT received from 30014 for REQUEST 1741750566115
[2025-03-12 12:36:09,455] [INFO] [30017] COMMIT received from 30006 for REQUEST 1741750566115
[2025-03-12 12:36:09,645] [INFO] [30017] PREPARE received from 30070 for REQUEST 1741750566115
[2025-03-12 12:36:09,645] [INFO] [30017] COMMIT received from 30175 for REQUEST 1741750566115
[2025-03-12 12:36:09,670] [INFO] [30017] PREPARE received from 30027 for REQUEST 1741750566115
[2025-03-12 12:36:09,760] [INFO] [30017] PREPARE received from 30024 for REQUEST 1741750566115
[2025-03-12 12:36:09,760] [INFO] [30017] COMMIT received from 30070 for REQUEST 1741750566115
[2025-03-12 12:36:09,760] [INFO] [30017] COMMIT received from 30108 for REQUEST 1741750566115
[2025-03-12 12:36:09,804] [INFO] [30017] PREPARE received from 30093 for REQUEST 1741750566115
[2025-03-12 12:36:09,845] [INFO] [30017] PREPARE received from 30185 for REQUEST 1741750566115
[2025-03-12 12:36:09,845] [INFO] [30017] COMMIT received from 30132 for REQUEST 1741750566115
[2025-03-12 12:36:09,848] [INFO] [30017] PREPARE received from 30132 for REQUEST 1741750566115
[2025-03-12 12:36:09,848] [INFO] [30017] COMMIT received from 30185 for REQUEST 1741750566115
[2025-03-12 12:36:09,946] [INFO] [30017] COMMIT received from 30093 for REQUEST 1741750566115
[2025-03-12 12:36:09,946] [INFO] [30017] COMMIT received from 30059 for REQUEST 1741750566115
[2025-03-12 12:36:09,946] [INFO] [30017] COMMIT received from 30101 for REQUEST 1741750566115
[2025-03-12 12:36:09,946] [INFO] [30017] PREPARE received from 30101 for REQUEST 1741750566115
[2025-03-12 12:36:09,946] [INFO] [30017] COMMIT received from 30024 for REQUEST 1741750566115
[2025-03-12 12:36:10,090] [INFO] [30017] COMMIT received from 30027 for REQUEST 1741750566115
[2025-03-12 12:36:10,123] [INFO] [30017] PREPARE received from 30099 for REQUEST 1741750566115
[2025-03-12 12:36:10,150] [INFO] [30017] PREPARE received from 30097 for REQUEST 1741750566115
[2025-03-12 12:36:10,150] [INFO] [30017] COMMIT received from 30097 for REQUEST 1741750566115
[2025-03-12 12:36:10,166] [INFO] [30017] PREPARE received from 30186 for REQUEST 1741750566115
[2025-03-12 12:36:10,182] [INFO] [30017] COMMIT received from 30186 for REQUEST 1741750566115
[2025-03-12 12:36:10,202] [INFO] [30017] PREPARE received from 30048 for REQUEST 1741750566115
[2025-03-12 12:36:10,246] [INFO] [30017] COMMIT received from 30048 for REQUEST 1741750566115
[2025-03-12 12:36:10,348] [INFO] [30017] PREPARE received from 30051 for REQUEST 1741750566115
[2025-03-12 12:36:10,355] [INFO] [30017] COMMIT received from 30051 for REQUEST 1741750566115
[2025-03-12 12:36:10,365] [INFO] [30017] COMMIT received from 30099 for REQUEST 1741750566115
[2025-03-12 12:36:10,454] [INFO] [30017] PREPARE received from 30035 for REQUEST 1741750566115
[2025-03-12 12:36:10,468] [INFO] [30017] PREPARE received from 30053 for REQUEST 1741750566115
[2025-03-12 12:36:10,468] [INFO] [30017] COMMIT received from 30004 for REQUEST 1741750566115
[2025-03-12 12:36:10,477] [INFO] [30017] COMMIT received from 30053 for REQUEST 1741750566115
[2025-03-12 12:36:10,515] [INFO] [30017] COMMIT received from 30035 for REQUEST 1741750566115
[2025-03-12 12:36:10,560] [INFO] [30017] PREPARE received from 30139 for REQUEST 1741750566115
[2025-03-12 12:36:10,585] [INFO] [30017] COMMIT received from 30139 for REQUEST 1741750566115
[2025-03-12 12:36:10,751] [INFO] [30017] PREPARE received from 30149 for REQUEST 1741750566115
[2025-03-12 12:36:10,751] [INFO] [30017] COMMIT received from 30149 for REQUEST 1741750566115
[2025-03-12 12:54:33,208] [INFO] Node started: localhost:30017 | index=18 | f=1, k=4
[2025-03-12 12:55:24,788] [INFO] Node started: localhost:30017 | index=18 | f=1, k=4
[2025-03-12 12:55:54,206] [INFO] [CLUSTER LEADER 30017] Forwarded PRE-REQUEST received: {'request_id': 1741751754181, 'timestamp': 1741751754.1817389, 'data': 'llapbft_message_1741751754181', 'cluster_id': 1, 'cluster_ports': [30004, 30005, 30008, 30015, 30017, 30024, 30027, 30030, 30037, 30043, 30044, 30048, 30050, 30059, 30064, 30068, 30070, 30072, 30075, 30078, 30080, 30091, 30093, 30100, 30106, 30113, 30114, 30115, 30120, 30121, 30123, 30138, 30141, 30146, 30147, 30153], 'leader': 30017, 'client_port': 20001, 'origin': 'manager', 'simulated_delay': 0.00031466666666666665, 'distance': 170.67884237039812, 'message_size_bits': 5664, 'cluster_manager': {'host': 'localhost', 'port': 30064, 'latitude': 36.6267129, 'longitude': 127.4585797, 'altitude': 211, 'offset_m': 'lat: 12 m, lng: 7 m, alt: 211 m'}}
[2025-03-12 12:55:54,206] [INFO] [CLUSTER LEADER 30017] Broadcasting PRE-PREPARE: REQUEST 1741751754181
[2025-03-12 12:55:54,359] [INFO] [30017] PREPARE received from 30008 for REQUEST 1741751754181
[2025-03-12 12:55:54,543] [INFO] [30017] PREPARE received from 30091 for REQUEST 1741751754181
[2025-03-12 12:55:54,543] [INFO] [30017] Broadcasting COMMIT: REQUEST 1741751754181
[2025-03-12 12:55:54,545] [INFO] [30017] PREPARE received from 30059 for REQUEST 1741751754181
[2025-03-12 12:55:54,545] [INFO] [30017] PREPARE received from 30138 for REQUEST 1741751754181
[2025-03-12 12:55:54,545] [INFO] [30017] PREPARE received from 30141 for REQUEST 1741751754181
[2025-03-12 12:55:54,545] [INFO] [30017] PREPARE received from 30113 for REQUEST 1741751754181
[2025-03-12 12:55:54,552] [INFO] [30017] COMMIT received from 30008 for REQUEST 1741751754181
[2025-03-12 12:55:54,554] [INFO] [30017] PREPARE received from 30123 for REQUEST 1741751754181
[2025-03-12 12:55:54,554] [INFO] [30017] PREPARE received from 30121 for REQUEST 1741751754181
[2025-03-12 12:55:54,554] [INFO] [30017] PREPARE received from 30146 for REQUEST 1741751754181
[2025-03-12 12:55:54,554] [INFO] [30017] PREPARE received from 30120 for REQUEST 1741751754181
[2025-03-12 12:55:54,554] [INFO] [30017] PREPARE received from 30068 for REQUEST 1741751754181
[2025-03-12 12:55:54,565] [INFO] [30017] PREPARE received from 30093 for REQUEST 1741751754181
[2025-03-12 12:55:54,573] [INFO] [30017] PREPARE received from 30106 for REQUEST 1741751754181
[2025-03-12 12:55:54,651] [INFO] [30017] PREPARE received from 30100 for REQUEST 1741751754181
[2025-03-12 12:55:55,229] [INFO] [30017] COMMIT received from 30120 for REQUEST 1741751754181
[2025-03-12 12:55:55,229] [INFO] [30017] COMMIT complete. Sending PRE-REPLY: REQUEST 1741751754181 directly to Manager 30064
[2025-03-12 12:55:55,658] [INFO] [30017] PREPARE received from 30078 for REQUEST 1741751754181
[2025-03-12 12:55:55,658] [INFO] [30017] PREPARE received from 30115 for REQUEST 1741751754181
[2025-03-12 12:55:55,658] [INFO] [30017] COMMIT received from 30106 for REQUEST 1741751754181
[2025-03-12 12:55:55,658] [INFO] [30017] COMMIT received from 30146 for REQUEST 1741751754181
[2025-03-12 12:55:55,658] [INFO] [30017] COMMIT received from 30141 for REQUEST 1741751754181
[2025-03-12 12:55:55,658] [INFO] [30017] PREPARE received from 30153 for REQUEST 1741751754181
[2025-03-12 12:55:55,665] [INFO] [30017] PREPARE received from 30044 for REQUEST 1741751754181
[2025-03-12 12:55:55,665] [INFO] [30017] PREPARE received from 30037 for REQUEST 1741751754181
[2025-03-12 12:55:55,665] [INFO] [30017] PREPARE received from 30147 for REQUEST 1741751754181
[2025-03-12 12:55:55,665] [INFO] [30017] PREPARE received from 30043 for REQUEST 1741751754181
[2025-03-12 12:55:55,665] [INFO] [30017] PREPARE received from 30004 for REQUEST 1741751754181
[2025-03-12 12:55:55,665] [INFO] [30017] PREPARE received from 30080 for REQUEST 1741751754181
[2025-03-12 12:55:55,665] [INFO] [30017] PREPARE received from 30072 for REQUEST 1741751754181
[2025-03-12 12:55:55,665] [INFO] [30017] PREPARE received from 30114 for REQUEST 1741751754181
[2025-03-12 12:55:55,665] [INFO] [30017] PREPARE received from 30075 for REQUEST 1741751754181
[2025-03-12 12:55:55,665] [INFO] [30017] PREPARE received from 30027 for REQUEST 1741751754181
[2025-03-12 12:55:55,665] [INFO] [30017] COMMIT received from 30138 for REQUEST 1741751754181
[2025-03-12 12:55:55,665] [INFO] [30017] COMMIT received from 30091 for REQUEST 1741751754181
[2025-03-12 12:55:55,671] [INFO] [30017] PREPARE received from 30024 for REQUEST 1741751754181
[2025-03-12 12:55:55,671] [INFO] [30017] COMMIT received from 30123 for REQUEST 1741751754181
[2025-03-12 12:55:55,671] [INFO] [30017] COMMIT received from 30121 for REQUEST 1741751754181
[2025-03-12 12:55:55,671] [INFO] [30017] PREPARE received from 30050 for REQUEST 1741751754181
[2025-03-12 12:55:55,671] [INFO] [30017] PREPARE received from 30015 for REQUEST 1741751754181
[2025-03-12 12:55:55,671] [INFO] [30017] PREPARE received from 30005 for REQUEST 1741751754181
[2025-03-12 12:55:55,671] [INFO] [30017] PREPARE received from 30048 for REQUEST 1741751754181
[2025-03-12 12:55:55,677] [INFO] [30017] COMMIT received from 30059 for REQUEST 1741751754181
[2025-03-12 12:55:55,677] [INFO] [30017] COMMIT received from 30015 for REQUEST 1741751754181
[2025-03-12 12:55:55,677] [INFO] [30017] COMMIT received from 30070 for REQUEST 1741751754181
[2025-03-12 12:55:55,677] [INFO] [30017] COMMIT received from 30080 for REQUEST 1741751754181
[2025-03-12 12:55:55,682] [INFO] [30017] COMMIT received from 30114 for REQUEST 1741751754181
[2025-03-12 12:55:55,682] [INFO] [30017] COMMIT received from 30093 for REQUEST 1741751754181
[2025-03-12 12:55:55,682] [INFO] [30017] COMMIT received from 30153 for REQUEST 1741751754181
[2025-03-12 12:55:55,682] [INFO] [30017] PREPARE received from 30030 for REQUEST 1741751754181
[2025-03-12 12:55:55,682] [INFO] [30017] COMMIT received from 30068 for REQUEST 1741751754181
[2025-03-12 12:55:55,682] [INFO] [30017] PREPARE received from 30070 for REQUEST 1741751754181
[2025-03-12 12:55:55,682] [INFO] [30017] COMMIT received from 30100 for REQUEST 1741751754181
[2025-03-12 12:55:55,682] [INFO] [30017] COMMIT received from 30072 for REQUEST 1741751754181
[2025-03-12 12:55:55,682] [INFO] [30017] COMMIT received from 30005 for REQUEST 1741751754181
[2025-03-12 12:55:55,682] [INFO] [30017] COMMIT received from 30078 for REQUEST 1741751754181
[2025-03-12 12:55:55,682] [INFO] [30017] COMMIT received from 30115 for REQUEST 1741751754181
[2025-03-12 12:55:55,724] [INFO] [30017] COMMIT received from 30147 for REQUEST 1741751754181
[2025-03-12 12:55:55,766] [INFO] [30017] COMMIT received from 30044 for REQUEST 1741751754181
[2025-03-12 12:55:55,811] [INFO] [30017] COMMIT received from 30048 for REQUEST 1741751754181
[2025-03-12 12:55:55,953] [INFO] [30017] COMMIT received from 30113 for REQUEST 1741751754181
[2025-03-12 12:55:55,961] [INFO] [30017] COMMIT received from 30037 for REQUEST 1741751754181
[2025-03-12 12:55:55,996] [INFO] [30017] COMMIT received from 30050 for REQUEST 1741751754181
[2025-03-12 12:55:56,010] [INFO] [30017] COMMIT received from 30024 for REQUEST 1741751754181
[2025-03-12 12:55:56,123] [INFO] [30017] COMMIT received from 30027 for REQUEST 1741751754181
[2025-03-12 12:55:56,123] [INFO] [30017] COMMIT received from 30004 for REQUEST 1741751754181
[2025-03-12 12:55:56,134] [INFO] [30017] COMMIT received from 30030 for REQUEST 1741751754181
[2025-03-12 12:55:56,177] [INFO] [30017] COMMIT received from 30043 for REQUEST 1741751754181
[2025-03-12 12:55:56,177] [INFO] [30017] COMMIT received from 30075 for REQUEST 1741751754181
[2025-03-12 12:56:36,268] [INFO] Node started: localhost:30017 | index=18 | f=1, k=4
[2025-03-12 12:58:03,702] [INFO] [30017] PRE-PREPARE received: {'request_id': 1741751883632, 'data': 'llapbft_message_1741751883632', 'timestamp': 1741751883.6611185, 'leader': 30110, 'cluster_id': 1, 'cluster_ports': [30012, 30014, 30016, 30017, 30022, 30024, 30026, 30027, 30034, 30036, 30040, 30047, 30049, 30054, 30057, 30067, 30072, 30075, 30077, 30078, 30082, 30083, 30089, 30091, 30096, 30100, 30102, 30110, 30114, 30115], 'cluster_manager': {'host': 'localhost', 'port': 30049, 'latitude': 36.626668, 'longitude': 127.4587754, 'altitude': 52, 'offset_m': 'lat: 7 m, lng: 24 m, alt: 52 m'}, 'simulated_delay': 0.00011866666666666667, 'distance': 90.63932292920478, 'message_size_bits': 4272}
[2025-03-12 12:58:03,702] [INFO] [30017] Broadcasting PREPARE: REQUEST 1741751883632
[2025-03-12 12:58:03,874] [INFO] [30017] PREPARE received from 30083 for REQUEST 1741751883632
[2025-03-12 12:58:03,874] [INFO] [30017] Broadcasting COMMIT: REQUEST 1741751883632
[2025-03-12 12:58:03,886] [INFO] [30017] PREPARE received from 30102 for REQUEST 1741751883632
[2025-03-12 12:58:03,886] [INFO] [30017] PREPARE received from 30077 for REQUEST 1741751883632
[2025-03-12 12:58:03,886] [INFO] [30017] PREPARE received from 30082 for REQUEST 1741751883632
[2025-03-12 12:58:03,886] [INFO] [30017] PREPARE received from 30078 for REQUEST 1741751883632
[2025-03-12 12:58:04,026] [INFO] [30017] PREPARE received from 30027 for REQUEST 1741751883632
[2025-03-12 12:58:04,028] [INFO] [30017] PREPARE received from 30091 for REQUEST 1741751883632
[2025-03-12 12:58:04,061] [INFO] [30017] PREPARE received from 30040 for REQUEST 1741751883632
[2025-03-12 12:58:04,193] [INFO] [30017] PREPARE received from 30036 for REQUEST 1741751883632
[2025-03-12 12:58:04,208] [INFO] [30017] COMMIT received from 30102 for REQUEST 1741751883632
[2025-03-12 12:58:04,210] [INFO] [30017] COMMIT received from 30078 for REQUEST 1741751883632
[2025-03-12 12:58:04,210] [INFO] [30017] COMMIT complete. Sending PRE-REPLY: REQUEST 1741751883632 directly to Manager 30049
[2025-03-12 12:58:04,210] [INFO] [30017] COMMIT received from 30082 for REQUEST 1741751883632
[2025-03-12 12:58:04,329] [INFO] [30017] PREPARE received from 30047 for REQUEST 1741751883632
[2025-03-12 12:58:04,329] [INFO] [30017] PREPARE received from 30024 for REQUEST 1741751883632
[2025-03-12 12:58:04,329] [INFO] [30017] PREPARE received from 30114 for REQUEST 1741751883632
[2025-03-12 12:58:04,385] [INFO] [30017] COMMIT received from 30027 for REQUEST 1741751883632
[2025-03-12 12:58:04,385] [INFO] [30017] COMMIT received from 30083 for REQUEST 1741751883632
[2025-03-12 12:58:04,387] [INFO] [30017] COMMIT received from 30024 for REQUEST 1741751883632
[2025-03-12 12:58:04,387] [INFO] [30017] COMMIT received from 30077 for REQUEST 1741751883632
[2025-03-12 12:58:04,387] [INFO] [30017] COMMIT received from 30114 for REQUEST 1741751883632
[2025-03-12 12:58:04,432] [INFO] [30017] PREPARE received from 30014 for REQUEST 1741751883632
[2025-03-12 12:58:04,498] [INFO] [30017] COMMIT received from 30096 for REQUEST 1741751883632
[2025-03-12 12:58:04,498] [INFO] [30017] PREPARE received from 30022 for REQUEST 1741751883632
[2025-03-12 12:58:04,498] [INFO] [30017] PREPARE received from 30115 for REQUEST 1741751883632
[2025-03-12 12:58:04,498] [INFO] [30017] PREPARE received from 30054 for REQUEST 1741751883632
[2025-03-12 12:58:04,498] [INFO] [30017] PREPARE received from 30096 for REQUEST 1741751883632
[2025-03-12 12:58:04,498] [INFO] [30017] COMMIT received from 30115 for REQUEST 1741751883632
[2025-03-12 12:58:04,498] [INFO] [30017] PREPARE received from 30016 for REQUEST 1741751883632
[2025-03-12 12:58:04,498] [INFO] [30017] COMMIT received from 30040 for REQUEST 1741751883632
[2025-03-12 12:58:04,498] [INFO] [30017] COMMIT received from 30047 for REQUEST 1741751883632
[2025-03-12 12:58:04,498] [INFO] [30017] COMMIT received from 30091 for REQUEST 1741751883632
[2025-03-12 12:58:04,506] [INFO] [30017] COMMIT received from 30016 for REQUEST 1741751883632
[2025-03-12 12:58:04,506] [INFO] [30017] COMMIT received from 30036 for REQUEST 1741751883632
[2025-03-12 12:58:04,506] [INFO] [30017] COMMIT received from 30054 for REQUEST 1741751883632
[2025-03-12 12:58:04,603] [INFO] [30017] COMMIT received from 30022 for REQUEST 1741751883632
[2025-03-12 12:58:04,603] [INFO] [30017] COMMIT received from 30034 for REQUEST 1741751883632
[2025-03-12 12:58:04,634] [INFO] [30017] PREPARE received from 30067 for REQUEST 1741751883632
[2025-03-12 12:58:04,634] [INFO] [30017] PREPARE received from 30034 for REQUEST 1741751883632
[2025-03-12 12:58:04,634] [INFO] [30017] PREPARE received from 30089 for REQUEST 1741751883632
[2025-03-12 12:58:04,658] [INFO] [30017] COMMIT received from 30067 for REQUEST 1741751883632
[2025-03-12 12:58:04,680] [INFO] [30017] COMMIT received from 30110 for REQUEST 1741751883632
[2025-03-12 12:58:04,680] [INFO] [30017] PREPARE received from 30026 for REQUEST 1741751883632
[2025-03-12 12:58:04,680] [INFO] [30017] PREPARE received from 30072 for REQUEST 1741751883632
[2025-03-12 12:58:04,680] [INFO] [30017] COMMIT received from 30026 for REQUEST 1741751883632
[2025-03-12 12:58:04,682] [INFO] [30017] COMMIT received from 30072 for REQUEST 1741751883632
[2025-03-12 12:58:04,682] [INFO] [30017] COMMIT received from 30089 for REQUEST 1741751883632
[2025-03-12 12:58:04,704] [INFO] [30017] COMMIT received from 30014 for REQUEST 1741751883632
[2025-03-12 12:58:04,745] [INFO] [30017] PREPARE received from 30012 for REQUEST 1741751883632
[2025-03-12 12:58:04,745] [INFO] [30017] PREPARE received from 30057 for REQUEST 1741751883632
[2025-03-12 12:58:04,745] [INFO] [30017] COMMIT received from 30012 for REQUEST 1741751883632
[2025-03-12 12:58:04,776] [INFO] [30017] PREPARE received from 30075 for REQUEST 1741751883632
[2025-03-12 12:58:04,792] [INFO] [30017] COMMIT received from 30075 for REQUEST 1741751883632
[2025-03-12 12:58:04,792] [INFO] [30017] COMMIT received from 30057 for REQUEST 1741751883632
[2025-03-12 12:58:04,888] [INFO] [30017] PREPARE received from 30100 for REQUEST 1741751883632
[2025-03-12 12:58:04,888] [INFO] [30017] COMMIT received from 30100 for REQUEST 1741751883632
[2025-03-12 13:45:28,702] [INFO] [30017] PRE-PREPARE received: {'request_id': 1741754728638, 'data': 'llapbft_message_1741754728638', 'timestamp': 1741754728.6704988, 'leader': 30110, 'cluster_id': 1, 'cluster_ports': [30012, 30014, 30016, 30017, 30022, 30024, 30026, 30027, 30034, 30036, 30040, 30047, 30049, 30054, 30057, 30067, 30072, 30075, 30077, 30078, 30082, 30083, 30089, 30091, 30096, 30100, 30102, 30110, 30114, 30115], 'cluster_manager': {'host': 'localhost', 'port': 30049, 'latitude': 36.626668, 'longitude': 127.4587754, 'altitude': 52, 'offset_m': 'lat: 7 m, lng: 24 m, alt: 52 m'}, 'simulated_delay': 0.00011866666666666667, 'distance': 90.63932292920478, 'message_size_bits': 4272}
[2025-03-12 13:45:28,702] [INFO] [30017] Broadcasting PREPARE: REQUEST 1741754728638
[2025-03-12 13:45:29,141] [INFO] [30017] PREPARE received from 30083 for REQUEST 1741754728638
[2025-03-12 13:45:29,141] [INFO] [30017] Broadcasting COMMIT: REQUEST 1741754728638
[2025-03-12 13:45:29,237] [INFO] [30017] PREPARE received from 30027 for REQUEST 1741754728638
[2025-03-12 13:45:29,237] [INFO] [30017] PREPARE received from 30102 for REQUEST 1741754728638
[2025-03-12 13:45:29,237] [INFO] [30017] PREPARE received from 30034 for REQUEST 1741754728638
[2025-03-12 13:45:29,237] [INFO] [30017] PREPARE received from 30114 for REQUEST 1741754728638
[2025-03-12 13:45:29,237] [INFO] [30017] PREPARE received from 30016 for REQUEST 1741754728638
[2025-03-12 13:45:29,237] [INFO] [30017] PREPARE received from 30054 for REQUEST 1741754728638
[2025-03-12 13:45:29,237] [INFO] [30017] PREPARE received from 30040 for REQUEST 1741754728638
[2025-03-12 13:45:29,237] [INFO] [30017] PREPARE received from 30024 for REQUEST 1741754728638
[2025-03-12 13:45:29,241] [INFO] [30017] PREPARE received from 30091 for REQUEST 1741754728638
[2025-03-12 13:45:29,241] [INFO] [30017] PREPARE received from 30077 for REQUEST 1741754728638
[2025-03-12 13:45:29,241] [INFO] [30017] PREPARE received from 30047 for REQUEST 1741754728638
[2025-03-12 13:45:29,241] [INFO] [30017] PREPARE received from 30078 for REQUEST 1741754728638
[2025-03-12 13:45:29,241] [INFO] [30017] PREPARE received from 30036 for REQUEST 1741754728638
[2025-03-12 13:45:29,241] [INFO] [30017] PREPARE received from 30082 for REQUEST 1741754728638
[2025-03-12 13:45:29,301] [INFO] [30017] COMMIT received from 30102 for REQUEST 1741754728638
[2025-03-12 13:45:29,301] [INFO] [30017] COMMIT received from 30078 for REQUEST 1741754728638
[2025-03-12 13:45:29,301] [INFO] [30017] COMMIT complete. Sending PRE-REPLY: REQUEST 1741754728638 directly to Manager 30049
[2025-03-12 13:45:29,301] [INFO] [30017] COMMIT received from 30024 for REQUEST 1741754728638
[2025-03-12 13:45:29,301] [INFO] [30017] COMMIT received from 30083 for REQUEST 1741754728638
[2025-03-12 13:45:29,301] [INFO] [30017] COMMIT received from 30034 for REQUEST 1741754728638
[2025-03-12 13:45:29,301] [INFO] [30017] COMMIT received from 30082 for REQUEST 1741754728638
[2025-03-12 13:45:29,321] [INFO] [30017] COMMIT received from 30077 for REQUEST 1741754728638
[2025-03-12 13:45:29,321] [INFO] [30017] COMMIT received from 30091 for REQUEST 1741754728638
[2025-03-12 13:45:29,321] [INFO] [30017] PREPARE received from 30026 for REQUEST 1741754728638
[2025-03-12 13:45:29,321] [INFO] [30017] PREPARE received from 30067 for REQUEST 1741754728638
[2025-03-12 13:45:29,324] [INFO] [30017] PREPARE received from 30096 for REQUEST 1741754728638
[2025-03-12 13:45:29,324] [INFO] [30017] PREPARE received from 30115 for REQUEST 1741754728638
[2025-03-12 13:45:29,512] [INFO] [30017] PREPARE received from 30022 for REQUEST 1741754728638
[2025-03-12 13:45:29,512] [INFO] [30017] COMMIT received from 30115 for REQUEST 1741754728638
[2025-03-12 13:45:29,514] [INFO] [30017] PREPARE received from 30057 for REQUEST 1741754728638
[2025-03-12 13:45:29,610] [INFO] [30017] COMMIT received from 30012 for REQUEST 1741754728638
[2025-03-12 13:45:29,610] [INFO] [30017] COMMIT received from 30072 for REQUEST 1741754728638
[2025-03-12 13:45:29,610] [INFO] [30017] COMMIT received from 30096 for REQUEST 1741754728638
[2025-03-12 13:45:29,612] [INFO] [30017] PREPARE received from 30014 for REQUEST 1741754728638
[2025-03-12 13:45:29,612] [INFO] [30017] COMMIT received from 30054 for REQUEST 1741754728638
[2025-03-12 13:45:29,612] [INFO] [30017] COMMIT received from 30047 for REQUEST 1741754728638
[2025-03-12 13:45:29,624] [INFO] [30017] COMMIT received from 30110 for REQUEST 1741754728638
[2025-03-12 13:45:29,628] [INFO] [30017] COMMIT received from 30114 for REQUEST 1741754728638
[2025-03-12 13:45:29,628] [INFO] [30017] COMMIT received from 30027 for REQUEST 1741754728638
[2025-03-12 13:45:29,628] [INFO] [30017] PREPARE received from 30012 for REQUEST 1741754728638
[2025-03-12 13:45:29,628] [INFO] [30017] COMMIT received from 30016 for REQUEST 1741754728638
[2025-03-12 13:45:29,628] [INFO] [30017] COMMIT received from 30040 for REQUEST 1741754728638
[2025-03-12 13:45:29,628] [INFO] [30017] PREPARE received from 30072 for REQUEST 1741754728638
[2025-03-12 13:45:29,696] [INFO] [30017] COMMIT received from 30075 for REQUEST 1741754728638
[2025-03-12 13:45:29,696] [INFO] [30017] PREPARE received from 30089 for REQUEST 1741754728638
[2025-03-12 13:45:29,696] [INFO] [30017] COMMIT received from 30036 for REQUEST 1741754728638
[2025-03-12 13:45:29,696] [INFO] [30017] COMMIT received from 30089 for REQUEST 1741754728638
[2025-03-12 13:45:29,696] [INFO] [30017] PREPARE received from 30075 for REQUEST 1741754728638
[2025-03-12 13:45:29,713] [INFO] [30017] COMMIT received from 30067 for REQUEST 1741754728638
[2025-03-12 13:45:29,736] [INFO] [30017] COMMIT received from 30026 for REQUEST 1741754728638
[2025-03-12 13:45:29,762] [INFO] [30017] COMMIT received from 30057 for REQUEST 1741754728638
[2025-03-12 13:45:29,762] [INFO] [30017] COMMIT received from 30022 for REQUEST 1741754728638
[2025-03-12 13:45:29,813] [INFO] [30017] COMMIT received from 30014 for REQUEST 1741754728638
[2025-03-12 13:45:30,063] [INFO] [30017] PREPARE received from 30100 for REQUEST 1741754728638
[2025-03-12 13:45:30,063] [INFO] [30017] COMMIT received from 30100 for REQUEST 1741754728638
[2025-03-12 13:45:36,168] [INFO] [30017] PRE-PREPARE received: {'request_id': 1741754736031, 'data': 'llapbft_message_1741754736031', 'timestamp': 1741754736.063827, 'leader': 30110, 'cluster_id': 1, 'cluster_ports': [30012, 30014, 30016, 30017, 30022, 30024, 30026, 30027, 30034, 30036, 30040, 30047, 30049, 30054, 30057, 30067, 30072, 30075, 30077, 30078, 30082, 30083, 30089, 30091, 30096, 30100, 30102, 30110, 30114, 30115], 'cluster_manager': {'host': 'localhost', 'port': 30049, 'latitude': 36.626668, 'longitude': 127.4587754, 'altitude': 52, 'offset_m': 'lat: 7 m, lng: 24 m, alt: 52 m'}, 'simulated_delay': 0.00011844444444444444, 'distance': 90.63932292920478, 'message_size_bits': 4264}
[2025-03-12 13:45:36,168] [INFO] [30017] Broadcasting PREPARE: REQUEST 1741754736031
[2025-03-12 13:45:36,174] [INFO] [30017] PREPARE received from 30054 for REQUEST 1741754736031
[2025-03-12 13:45:36,174] [INFO] [30017] Broadcasting COMMIT: REQUEST 1741754736031
[2025-03-12 13:45:36,174] [INFO] [30017] PREPARE received from 30091 for REQUEST 1741754736031
[2025-03-12 13:45:36,174] [INFO] [30017] PREPARE received from 30078 for REQUEST 1741754736031
[2025-03-12 13:45:36,176] [INFO] [30017] PREPARE received from 30047 for REQUEST 1741754736031
[2025-03-12 13:45:36,176] [INFO] [30017] PREPARE received from 30034 for REQUEST 1741754736031
[2025-03-12 13:45:36,232] [INFO] [30017] PREPARE received from 30077 for REQUEST 1741754736031
[2025-03-12 13:45:36,232] [INFO] [30017] COMMIT received from 30072 for REQUEST 1741754736031
[2025-03-12 13:45:36,232] [INFO] [30017] PREPARE received from 30027 for REQUEST 1741754736031
[2025-03-12 13:45:36,234] [INFO] [30017] PREPARE received from 30024 for REQUEST 1741754736031
[2025-03-12 13:45:36,234] [INFO] [30017] PREPARE received from 30082 for REQUEST 1741754736031
[2025-03-12 13:45:36,234] [INFO] [30017] COMMIT received from 30024 for REQUEST 1741754736031
[2025-03-12 13:45:36,234] [INFO] [30017] COMMIT complete. Sending PRE-REPLY: REQUEST 1741754736031 directly to Manager 30049
[2025-03-12 13:45:36,234] [INFO] [30017] COMMIT received from 30082 for REQUEST 1741754736031
[2025-03-12 13:45:36,234] [INFO] [30017] COMMIT received from 30077 for REQUEST 1741754736031
[2025-03-12 13:45:36,234] [INFO] [30017] PREPARE received from 30072 for REQUEST 1741754736031
[2025-03-12 13:45:36,236] [INFO] [30017] PREPARE received from 30022 for REQUEST 1741754736031
[2025-03-12 13:45:36,240] [INFO] [30017] COMMIT received from 30022 for REQUEST 1741754736031
[2025-03-12 13:45:36,273] [INFO] [30017] PREPARE received from 30057 for REQUEST 1741754736031
[2025-03-12 13:45:36,276] [INFO] [30017] PREPARE received from 30115 for REQUEST 1741754736031
[2025-03-12 13:45:36,297] [INFO] [30017] COMMIT received from 30115 for REQUEST 1741754736031
[2025-03-12 13:45:36,303] [INFO] [30017] PREPARE received from 30012 for REQUEST 1741754736031
[2025-03-12 13:45:36,307] [INFO] [30017] PREPARE received from 30096 for REQUEST 1741754736031
[2025-03-12 13:45:36,310] [INFO] [30017] PREPARE received from 30100 for REQUEST 1741754736031
[2025-03-12 13:45:36,313] [INFO] [30017] PREPARE received from 30016 for REQUEST 1741754736031
[2025-03-12 13:45:36,313] [INFO] [30017] PREPARE received from 30114 for REQUEST 1741754736031
[2025-03-12 13:45:36,317] [INFO] [30017] COMMIT received from 30091 for REQUEST 1741754736031
[2025-03-12 13:45:36,334] [INFO] [30017] COMMIT received from 30047 for REQUEST 1741754736031
[2025-03-12 13:45:36,334] [INFO] [30017] PREPARE received from 30040 for REQUEST 1741754736031
[2025-03-12 13:45:36,336] [INFO] [30017] COMMIT received from 30012 for REQUEST 1741754736031
[2025-03-12 13:45:36,336] [INFO] [30017] PREPARE received from 30014 for REQUEST 1741754736031
[2025-03-12 13:45:36,336] [INFO] [30017] PREPARE received from 30036 for REQUEST 1741754736031
[2025-03-12 13:45:36,336] [INFO] [30017] PREPARE received from 30089 for REQUEST 1741754736031
[2025-03-12 13:45:36,336] [INFO] [30017] PREPARE received from 30075 for REQUEST 1741754736031
[2025-03-12 13:45:36,342] [INFO] [30017] PREPARE received from 30102 for REQUEST 1741754736031
[2025-03-12 13:45:36,343] [INFO] [30017] COMMIT received from 30100 for REQUEST 1741754736031
[2025-03-12 13:45:36,343] [INFO] [30017] COMMIT received from 30014 for REQUEST 1741754736031
[2025-03-12 13:45:36,407] [INFO] [30017] COMMIT received from 30016 for REQUEST 1741754736031
[2025-03-12 13:45:36,409] [INFO] [30017] COMMIT received from 30114 for REQUEST 1741754736031
[2025-03-12 13:45:36,409] [INFO] [30017] COMMIT received from 30040 for REQUEST 1741754736031
[2025-03-12 13:45:36,410] [INFO] [30017] PREPARE received from 30083 for REQUEST 1741754736031
[2025-03-12 13:45:36,410] [INFO] [30017] COMMIT received from 30102 for REQUEST 1741754736031
[2025-03-12 13:45:36,412] [INFO] [30017] COMMIT received from 30096 for REQUEST 1741754736031
[2025-03-12 13:45:36,413] [INFO] [30017] COMMIT received from 30027 for REQUEST 1741754736031
[2025-03-12 13:45:36,413] [INFO] [30017] COMMIT received from 30083 for REQUEST 1741754736031
[2025-03-12 13:45:36,413] [INFO] [30017] COMMIT received from 30036 for REQUEST 1741754736031
[2025-03-12 13:45:36,435] [INFO] [30017] COMMIT received from 30057 for REQUEST 1741754736031
[2025-03-12 13:45:36,467] [INFO] [30017] PREPARE received from 30067 for REQUEST 1741754736031
[2025-03-12 13:45:36,473] [INFO] [30017] COMMIT received from 30078 for REQUEST 1741754736031
[2025-03-12 13:45:36,479] [INFO] [30017] COMMIT received from 30034 for REQUEST 1741754736031
[2025-03-12 13:45:36,502] [INFO] [30017] COMMIT received from 30110 for REQUEST 1741754736031
[2025-03-12 13:45:36,509] [INFO] [30017] PREPARE received from 30026 for REQUEST 1741754736031
[2025-03-12 13:45:36,537] [INFO] [30017] COMMIT received from 30026 for REQUEST 1741754736031
[2025-03-12 13:45:36,539] [INFO] [30017] COMMIT received from 30075 for REQUEST 1741754736031
[2025-03-12 13:45:36,546] [INFO] [30017] COMMIT received from 30089 for REQUEST 1741754736031
[2025-03-12 13:45:36,562] [INFO] [30017] COMMIT received from 30067 for REQUEST 1741754736031
[2025-03-12 13:45:36,567] [INFO] [30017] COMMIT received from 30054 for REQUEST 1741754736031
[2025-03-12 13:45:47,391] [INFO] [30017] PRE-PREPARE received: {'request_id': 1741754747345, 'data': 'llapbft_message_1741754747345', 'timestamp': 1741754747.370292, 'leader': 30110, 'cluster_id': 1, 'cluster_ports': [30012, 30014, 30016, 30017, 30022, 30024, 30026, 30027, 30034, 30036, 30040, 30047, 30049, 30054, 30057, 30067, 30072, 30075, 30077, 30078, 30082, 30083, 30089, 30091, 30096, 30100, 30102, 30110, 30114, 30115], 'cluster_manager': {'host': 'localhost', 'port': 30049, 'latitude': 36.626668, 'longitude': 127.4587754, 'altitude': 52, 'offset_m': 'lat: 7 m, lng: 24 m, alt: 52 m'}, 'simulated_delay': 0.00011844444444444444, 'distance': 90.63932292920478, 'message_size_bits': 4264}
[2025-03-12 13:45:47,391] [INFO] [30017] Broadcasting PREPARE: REQUEST 1741754747345
[2025-03-12 13:45:47,409] [INFO] [30017] PREPARE received from 30075 for REQUEST 1741754747345
[2025-03-12 13:45:47,409] [INFO] [30017] Broadcasting COMMIT: REQUEST 1741754747345
[2025-03-12 13:45:47,409] [INFO] [30017] PREPARE received from 30114 for REQUEST 1741754747345
[2025-03-12 13:45:47,409] [INFO] [30017] PREPARE received from 30040 for REQUEST 1741754747345
[2025-03-12 13:45:47,409] [INFO] [30017] PREPARE received from 30024 for REQUEST 1741754747345
[2025-03-12 13:45:47,409] [INFO] [30017] PREPARE received from 30036 for REQUEST 1741754747345
[2025-03-12 13:45:47,411] [INFO] [30017] PREPARE received from 30067 for REQUEST 1741754747345
[2025-03-12 13:45:47,411] [INFO] [30017] PREPARE received from 30022 for REQUEST 1741754747345
[2025-03-12 13:45:47,411] [INFO] [30017] PREPARE received from 30014 for REQUEST 1741754747345
[2025-03-12 13:45:47,411] [INFO] [30017] PREPARE received from 30100 for REQUEST 1741754747345
[2025-03-12 13:45:47,411] [INFO] [30017] PREPARE received from 30089 for REQUEST 1741754747345
[2025-03-12 13:45:47,411] [INFO] [30017] PREPARE received from 30054 for REQUEST 1741754747345
[2025-03-12 13:45:47,411] [INFO] [30017] PREPARE received from 30091 for REQUEST 1741754747345
[2025-03-12 13:45:47,413] [INFO] [30017] PREPARE received from 30057 for REQUEST 1741754747345
[2025-03-12 13:45:47,413] [INFO] [30017] PREPARE received from 30072 for REQUEST 1741754747345
[2025-03-12 13:45:47,413] [INFO] [30017] PREPARE received from 30096 for REQUEST 1741754747345
[2025-03-12 13:45:47,413] [INFO] [30017] PREPARE received from 30026 for REQUEST 1741754747345
[2025-03-12 13:45:47,419] [INFO] [30017] PREPARE received from 30034 for REQUEST 1741754747345
[2025-03-12 13:45:47,419] [INFO] [30017] PREPARE received from 30012 for REQUEST 1741754747345
[2025-03-12 13:45:47,421] [INFO] [30017] PREPARE received from 30047 for REQUEST 1741754747345
[2025-03-12 13:45:47,421] [INFO] [30017] PREPARE received from 30016 for REQUEST 1741754747345
[2025-03-12 13:45:47,433] [INFO] [30017] COMMIT received from 30014 for REQUEST 1741754747345
[2025-03-12 13:45:47,433] [INFO] [30017] COMMIT received from 30114 for REQUEST 1741754747345
[2025-03-12 13:45:47,433] [INFO] [30017] COMMIT complete. Sending PRE-REPLY: REQUEST 1741754747345 directly to Manager 30049
[2025-03-12 13:45:47,433] [INFO] [30017] COMMIT received from 30100 for REQUEST 1741754747345
[2025-03-12 13:45:47,435] [INFO] [30017] COMMIT received from 30040 for REQUEST 1741754747345
[2025-03-12 13:45:47,435] [INFO] [30017] COMMIT received from 30036 for REQUEST 1741754747345
[2025-03-12 13:45:47,435] [INFO] [30017] COMMIT received from 30096 for REQUEST 1741754747345
[2025-03-12 13:45:47,435] [INFO] [30017] COMMIT received from 30089 for REQUEST 1741754747345
[2025-03-12 13:45:47,435] [INFO] [30017] PREPARE received from 30083 for REQUEST 1741754747345
[2025-03-12 13:45:47,437] [INFO] [30017] COMMIT received from 30075 for REQUEST 1741754747345
[2025-03-12 13:45:47,498] [INFO] [30017] PREPARE received from 30027 for REQUEST 1741754747345
[2025-03-12 13:45:47,498] [INFO] [30017] PREPARE received from 30082 for REQUEST 1741754747345
[2025-03-12 13:45:47,498] [INFO] [30017] COMMIT received from 30067 for REQUEST 1741754747345
[2025-03-12 13:45:47,498] [INFO] [30017] PREPARE received from 30115 for REQUEST 1741754747345
[2025-03-12 13:45:47,500] [INFO] [30017] PREPARE received from 30078 for REQUEST 1741754747345
[2025-03-12 13:45:47,500] [INFO] [30017] COMMIT received from 30016 for REQUEST 1741754747345
[2025-03-12 13:45:47,569] [INFO] [30017] COMMIT received from 30083 for REQUEST 1741754747345
[2025-03-12 13:45:47,571] [INFO] [30017] COMMIT received from 30082 for REQUEST 1741754747345
[2025-03-12 13:45:47,571] [INFO] [30017] COMMIT received from 30024 for REQUEST 1741754747345
[2025-03-12 13:45:47,573] [INFO] [30017] PREPARE received from 30102 for REQUEST 1741754747345
[2025-03-12 13:45:47,575] [INFO] [30017] COMMIT received from 30022 for REQUEST 1741754747345
[2025-03-12 13:45:47,575] [INFO] [30017] COMMIT received from 30110 for REQUEST 1741754747345
[2025-03-12 13:45:47,575] [INFO] [30017] COMMIT received from 30072 for REQUEST 1741754747345
[2025-03-12 13:45:47,585] [INFO] [30017] COMMIT received from 30026 for REQUEST 1741754747345
[2025-03-12 13:45:47,587] [INFO] [30017] COMMIT received from 30057 for REQUEST 1741754747345
[2025-03-12 13:45:47,597] [INFO] [30017] COMMIT received from 30054 for REQUEST 1741754747345
[2025-03-12 13:45:47,628] [INFO] [30017] COMMIT received from 30102 for REQUEST 1741754747345
[2025-03-12 13:45:47,667] [INFO] [30017] COMMIT received from 30091 for REQUEST 1741754747345
[2025-03-12 13:45:47,686] [INFO] [30017] PREPARE received from 30077 for REQUEST 1741754747345
[2025-03-12 13:45:47,719] [INFO] [30017] COMMIT received from 30077 for REQUEST 1741754747345
[2025-03-12 13:45:47,739] [INFO] [30017] COMMIT received from 30027 for REQUEST 1741754747345
[2025-03-12 13:45:47,770] [INFO] [30017] COMMIT received from 30012 for REQUEST 1741754747345
[2025-03-12 13:45:47,774] [INFO] [30017] COMMIT received from 30078 for REQUEST 1741754747345
[2025-03-12 13:45:47,792] [INFO] [30017] COMMIT received from 30115 for REQUEST 1741754747345
[2025-03-12 13:45:47,811] [INFO] [30017] COMMIT received from 30034 for REQUEST 1741754747345
[2025-03-12 13:45:47,869] [INFO] [30017] COMMIT received from 30047 for REQUEST 1741754747345
[2025-03-12 13:45:59,137] [INFO] [30017] PRE-PREPARE received: {'request_id': 1741754759008, 'data': 'llapbft_message_1741754759008', 'timestamp': 1741754759.0302613, 'leader': 30110, 'cluster_id': 1, 'cluster_ports': [30012, 30014, 30016, 30017, 30022, 30024, 30026, 30027, 30034, 30036, 30040, 30047, 30049, 30054, 30057, 30067, 30072, 30075, 30077, 30078, 30082, 30083, 30089, 30091, 30096, 30100, 30102, 30110, 30114, 30115], 'cluster_manager': {'host': 'localhost', 'port': 30049, 'latitude': 36.626668, 'longitude': 127.4587754, 'altitude': 52, 'offset_m': 'lat: 7 m, lng: 24 m, alt: 52 m'}, 'simulated_delay': 0.00011866666666666667, 'distance': 90.63932292920478, 'message_size_bits': 4272}
[2025-03-12 13:45:59,137] [INFO] [30017] Broadcasting PREPARE: REQUEST 1741754759008
[2025-03-12 13:45:59,142] [INFO] [30017] PREPARE received from 30083 for REQUEST 1741754759008
[2025-03-12 13:45:59,142] [INFO] [30017] Broadcasting COMMIT: REQUEST 1741754759008
[2025-03-12 13:45:59,142] [INFO] [30017] PREPARE received from 30082 for REQUEST 1741754759008
[2025-03-12 13:45:59,144] [INFO] [30017] PREPARE received from 30040 for REQUEST 1741754759008
[2025-03-12 13:45:59,144] [INFO] [30017] PREPARE received from 30016 for REQUEST 1741754759008
[2025-03-12 13:45:59,144] [INFO] [30017] COMMIT received from 30082 for REQUEST 1741754759008
[2025-03-12 13:45:59,144] [INFO] [30017] PREPARE received from 30077 for REQUEST 1741754759008
[2025-03-12 13:45:59,144] [INFO] [30017] PREPARE received from 30012 for REQUEST 1741754759008
[2025-03-12 13:45:59,144] [INFO] [30017] PREPARE received from 30115 for REQUEST 1741754759008
[2025-03-12 13:45:59,144] [INFO] [30017] PREPARE received from 30096 for REQUEST 1741754759008
[2025-03-12 13:45:59,162] [INFO] [30017] PREPARE received from 30078 for REQUEST 1741754759008
[2025-03-12 13:45:59,162] [INFO] [30017] PREPARE received from 30091 for REQUEST 1741754759008
[2025-03-12 13:45:59,170] [INFO] [30017] PREPARE received from 30014 for REQUEST 1741754759008
[2025-03-12 13:45:59,172] [INFO] [30017] PREPARE received from 30036 for REQUEST 1741754759008
[2025-03-12 13:45:59,172] [INFO] [30017] COMMIT received from 30078 for REQUEST 1741754759008
[2025-03-12 13:45:59,172] [INFO] [30017] COMMIT complete. Sending PRE-REPLY: REQUEST 1741754759008 directly to Manager 30049
[2025-03-12 13:45:59,172] [INFO] [30017] PREPARE received from 30057 for REQUEST 1741754759008
[2025-03-12 13:45:59,332] [INFO] [30017] PREPARE received from 30114 for REQUEST 1741754759008
[2025-03-12 13:45:59,333] [INFO] [30017] PREPARE received from 30100 for REQUEST 1741754759008
[2025-03-12 13:45:59,335] [INFO] [30017] PREPARE received from 30024 for REQUEST 1741754759008
[2025-03-12 13:45:59,434] [INFO] [30017] PREPARE received from 30047 for REQUEST 1741754759008
[2025-03-12 13:45:59,435] [INFO] [30017] PREPARE received from 30075 for REQUEST 1741754759008
[2025-03-12 13:45:59,435] [INFO] [30017] PREPARE received from 30027 for REQUEST 1741754759008
[2025-03-12 13:45:59,437] [INFO] [30017] PREPARE received from 30102 for REQUEST 1741754759008
[2025-03-12 13:45:59,442] [INFO] [30017] PREPARE received from 30022 for REQUEST 1741754759008
[2025-03-12 13:45:59,443] [INFO] [30017] COMMIT received from 30115 for REQUEST 1741754759008
[2025-03-12 13:45:59,443] [INFO] [30017] PREPARE received from 30089 for REQUEST 1741754759008
[2025-03-12 13:45:59,443] [INFO] [30017] PREPARE received from 30026 for REQUEST 1741754759008
[2025-03-12 13:45:59,443] [INFO] [30017] PREPARE received from 30067 for REQUEST 1741754759008
[2025-03-12 13:45:59,443] [INFO] [30017] PREPARE received from 30054 for REQUEST 1741754759008
[2025-03-12 13:45:59,443] [INFO] [30017] PREPARE received from 30034 for REQUEST 1741754759008
[2025-03-12 13:45:59,443] [INFO] [30017] COMMIT received from 30016 for REQUEST 1741754759008
[2025-03-12 13:45:59,494] [INFO] [30017] COMMIT received from 30027 for REQUEST 1741754759008
[2025-03-12 13:45:59,498] [INFO] [30017] COMMIT received from 30075 for REQUEST 1741754759008
[2025-03-12 13:45:59,513] [INFO] [30017] COMMIT received from 30047 for REQUEST 1741754759008
[2025-03-12 13:45:59,514] [INFO] [30017] COMMIT received from 30110 for REQUEST 1741754759008
[2025-03-12 13:45:59,514] [INFO] [30017] PREPARE received from 30072 for REQUEST 1741754759008
[2025-03-12 13:45:59,521] [INFO] [30017] COMMIT received from 30089 for REQUEST 1741754759008
[2025-03-12 13:45:59,522] [INFO] [30017] COMMIT received from 30067 for REQUEST 1741754759008
[2025-03-12 13:45:59,523] [INFO] [30017] COMMIT received from 30091 for REQUEST 1741754759008
[2025-03-12 13:45:59,523] [INFO] [30017] COMMIT received from 30036 for REQUEST 1741754759008
[2025-03-12 13:45:59,523] [INFO] [30017] COMMIT received from 30057 for REQUEST 1741754759008
[2025-03-12 13:45:59,523] [INFO] [30017] COMMIT received from 30083 for REQUEST 1741754759008
[2025-03-12 13:45:59,523] [INFO] [30017] COMMIT received from 30040 for REQUEST 1741754759008
[2025-03-12 13:45:59,523] [INFO] [30017] COMMIT received from 30034 for REQUEST 1741754759008
[2025-03-12 13:45:59,523] [INFO] [30017] COMMIT received from 30077 for REQUEST 1741754759008
[2025-03-12 13:45:59,523] [INFO] [30017] COMMIT received from 30012 for REQUEST 1741754759008
[2025-03-12 13:45:59,523] [INFO] [30017] COMMIT received from 30014 for REQUEST 1741754759008
[2025-03-12 13:45:59,543] [INFO] [30017] COMMIT received from 30102 for REQUEST 1741754759008
[2025-03-12 13:45:59,551] [INFO] [30017] COMMIT received from 30024 for REQUEST 1741754759008
[2025-03-12 13:45:59,553] [INFO] [30017] COMMIT received from 30096 for REQUEST 1741754759008
[2025-03-12 13:45:59,575] [INFO] [30017] COMMIT received from 30100 for REQUEST 1741754759008
[2025-03-12 13:45:59,587] [INFO] [30017] COMMIT received from 30054 for REQUEST 1741754759008
[2025-03-12 13:45:59,589] [INFO] [30017] COMMIT received from 30026 for REQUEST 1741754759008
[2025-03-12 13:45:59,589] [INFO] [30017] COMMIT received from 30022 for REQUEST 1741754759008
[2025-03-12 13:45:59,593] [INFO] [30017] COMMIT received from 30072 for REQUEST 1741754759008
[2025-03-12 13:45:59,603] [INFO] [30017] COMMIT received from 30114 for REQUEST 1741754759008
[2025-03-12 13:46:11,361] [INFO] [30017] PRE-PREPARE received: {'request_id': 1741754771266, 'data': 'llapbft_message_1741754771266', 'timestamp': 1741754771.2983816, 'leader': 30110, 'cluster_id': 1, 'cluster_ports': [30012, 30014, 30016, 30017, 30022, 30024, 30026, 30027, 30034, 30036, 30040, 30047, 30049, 30054, 30057, 30067, 30072, 30075, 30077, 30078, 30082, 30083, 30089, 30091, 30096, 30100, 30102, 30110, 30114, 30115], 'cluster_manager': {'host': 'localhost', 'port': 30049, 'latitude': 36.626668, 'longitude': 127.4587754, 'altitude': 52, 'offset_m': 'lat: 7 m, lng: 24 m, alt: 52 m'}, 'simulated_delay': 0.00011866666666666667, 'distance': 90.63932292920478, 'message_size_bits': 4272}
[2025-03-12 13:46:11,361] [INFO] [30017] Broadcasting PREPARE: REQUEST 1741754771266
[2025-03-12 13:46:11,367] [INFO] [30017] PREPARE received from 30083 for REQUEST 1741754771266
[2025-03-12 13:46:11,367] [INFO] [30017] Broadcasting COMMIT: REQUEST 1741754771266
[2025-03-12 13:46:11,381] [INFO] [30017] PREPARE received from 30100 for REQUEST 1741754771266
[2025-03-12 13:46:11,381] [INFO] [30017] PREPARE received from 30114 for REQUEST 1741754771266
[2025-03-12 13:46:11,383] [INFO] [30017] PREPARE received from 30024 for REQUEST 1741754771266
[2025-03-12 13:46:11,383] [INFO] [30017] PREPARE received from 30027 for REQUEST 1741754771266
[2025-03-12 13:46:11,391] [INFO] [30017] PREPARE received from 30022 for REQUEST 1741754771266
[2025-03-12 13:46:11,392] [INFO] [30017] PREPARE received from 30096 for REQUEST 1741754771266
[2025-03-12 13:46:11,392] [INFO] [30017] PREPARE received from 30102 for REQUEST 1741754771266
[2025-03-12 13:46:11,392] [INFO] [30017] COMMIT received from 30024 for REQUEST 1741754771266
[2025-03-12 13:46:11,392] [INFO] [30017] PREPARE received from 30054 for REQUEST 1741754771266
[2025-03-12 13:46:11,392] [INFO] [30017] PREPARE received from 30057 for REQUEST 1741754771266
[2025-03-12 13:46:11,392] [INFO] [30017] PREPARE received from 30040 for REQUEST 1741754771266
[2025-03-12 13:46:11,392] [INFO] [30017] PREPARE received from 30026 for REQUEST 1741754771266
[2025-03-12 13:46:11,394] [INFO] [30017] PREPARE received from 30067 for REQUEST 1741754771266
[2025-03-12 13:46:11,394] [INFO] [30017] COMMIT received from 30027 for REQUEST 1741754771266
[2025-03-12 13:46:11,394] [INFO] [30017] COMMIT complete. Sending PRE-REPLY: REQUEST 1741754771266 directly to Manager 30049
[2025-03-12 13:46:11,396] [INFO] [30017] PREPARE received from 30036 for REQUEST 1741754771266
[2025-03-12 13:46:11,396] [INFO] [30017] COMMIT received from 30114 for REQUEST 1741754771266
[2025-03-12 13:46:11,396] [INFO] [30017] COMMIT received from 30040 for REQUEST 1741754771266
[2025-03-12 13:46:11,396] [INFO] [30017] PREPARE received from 30077 for REQUEST 1741754771266
[2025-03-12 13:46:11,396] [INFO] [30017] COMMIT received from 30102 for REQUEST 1741754771266
[2025-03-12 13:46:11,396] [INFO] [30017] COMMIT received from 30022 for REQUEST 1741754771266
[2025-03-12 13:46:11,398] [INFO] [30017] PREPARE received from 30115 for REQUEST 1741754771266
[2025-03-12 13:46:11,398] [INFO] [30017] COMMIT received from 30054 for REQUEST 1741754771266
[2025-03-12 13:46:11,398] [INFO] [30017] COMMIT received from 30096 for REQUEST 1741754771266
[2025-03-12 13:46:11,400] [INFO] [30017] COMMIT received from 30067 for REQUEST 1741754771266
[2025-03-12 13:46:11,400] [INFO] [30017] PREPARE received from 30075 for REQUEST 1741754771266
[2025-03-12 13:46:11,402] [INFO] [30017] COMMIT received from 30115 for REQUEST 1741754771266
[2025-03-12 13:46:11,402] [INFO] [30017] COMMIT received from 30057 for REQUEST 1741754771266
[2025-03-12 13:46:11,402] [INFO] [30017] COMMIT received from 30026 for REQUEST 1741754771266
[2025-03-12 13:46:11,579] [INFO] [30017] COMMIT received from 30077 for REQUEST 1741754771266
[2025-03-12 13:46:11,580] [INFO] [30017] COMMIT received from 30036 for REQUEST 1741754771266
[2025-03-12 13:46:11,581] [INFO] [30017] COMMIT received from 30075 for REQUEST 1741754771266
[2025-03-12 13:46:11,584] [INFO] [30017] PREPARE received from 30082 for REQUEST 1741754771266
[2025-03-12 13:46:11,584] [INFO] [30017] PREPARE received from 30091 for REQUEST 1741754771266
[2025-03-12 13:46:11,585] [INFO] [30017] PREPARE received from 30012 for REQUEST 1741754771266
[2025-03-12 13:46:11,585] [INFO] [30017] PREPARE received from 30078 for REQUEST 1741754771266
[2025-03-12 13:46:11,586] [INFO] [30017] PREPARE received from 30014 for REQUEST 1741754771266
[2025-03-12 13:46:11,587] [INFO] [30017] PREPARE received from 30047 for REQUEST 1741754771266
[2025-03-12 13:46:11,588] [INFO] [30017] PREPARE received from 30016 for REQUEST 1741754771266
[2025-03-12 13:46:11,588] [INFO] [30017] COMMIT received from 30100 for REQUEST 1741754771266
[2025-03-12 13:46:11,588] [INFO] [30017] COMMIT received from 30078 for REQUEST 1741754771266
[2025-03-12 13:46:11,588] [INFO] [30017] PREPARE received from 30072 for REQUEST 1741754771266
[2025-03-12 13:46:11,588] [INFO] [30017] COMMIT received from 30089 for REQUEST 1741754771266
[2025-03-12 13:46:11,588] [INFO] [30017] COMMIT received from 30091 for REQUEST 1741754771266
[2025-03-12 13:46:11,588] [INFO] [30017] COMMIT received from 30047 for REQUEST 1741754771266
[2025-03-12 13:46:11,590] [INFO] [30017] COMMIT received from 30110 for REQUEST 1741754771266
[2025-03-12 13:46:11,590] [INFO] [30017] COMMIT received from 30083 for REQUEST 1741754771266
[2025-03-12 13:46:11,590] [INFO] [30017] PREPARE received from 30034 for REQUEST 1741754771266
[2025-03-12 13:46:11,590] [INFO] [30017] COMMIT received from 30014 for REQUEST 1741754771266
[2025-03-12 13:46:11,591] [INFO] [30017] COMMIT received from 30034 for REQUEST 1741754771266
[2025-03-12 13:46:11,591] [INFO] [30017] PREPARE received from 30089 for REQUEST 1741754771266
[2025-03-12 13:46:11,591] [INFO] [30017] COMMIT received from 30072 for REQUEST 1741754771266
[2025-03-12 13:46:11,592] [INFO] [30017] COMMIT received from 30082 for REQUEST 1741754771266
[2025-03-12 13:46:11,592] [INFO] [30017] COMMIT received from 30012 for REQUEST 1741754771266
[2025-03-12 13:46:11,682] [INFO] [30017] COMMIT received from 30016 for REQUEST 1741754771266
[2025-03-12 14:44:18,253] [INFO] [30017] PRE-PREPARE received: {'request_id': 1741758258160, 'data': 'llapbft_message_1741758258160', 'timestamp': 1741758258.1917994, 'leader': 30110, 'cluster_id': 1, 'cluster_ports': [30012, 30014, 30016, 30017, 30022, 30024, 30026, 30027, 30034, 30036, 30040, 30047, 30049, 30054, 30057, 30067, 30072, 30075, 30077, 30078, 30082, 30083, 30089, 30091, 30096, 30100, 30102, 30110, 30114, 30115], 'cluster_manager': {'host': 'localhost', 'port': 30049, 'latitude': 36.626668, 'longitude': 127.4587754, 'altitude': 52, 'offset_m': 'lat: 7 m, lng: 24 m, alt: 52 m'}, 'simulated_delay': 0.00011866666666666667, 'distance': 90.63932292920478, 'message_size_bits': 4272}
[2025-03-12 14:44:18,253] [INFO] [30017] Broadcasting PREPARE: REQUEST 1741758258160
[2025-03-12 14:44:18,695] [INFO] [30017] PREPARE received from 30024 for REQUEST 1741758258160
[2025-03-12 14:44:18,697] [INFO] [30017] Broadcasting COMMIT: REQUEST 1741758258160
[2025-03-12 14:44:18,697] [INFO] [30017] PREPARE received from 30077 for REQUEST 1741758258160
[2025-03-12 14:44:18,697] [INFO] [30017] PREPARE received from 30082 for REQUEST 1741758258160
[2025-03-12 14:44:18,697] [INFO] [30017] PREPARE received from 30091 for REQUEST 1741758258160
[2025-03-12 14:44:18,697] [INFO] [30017] PREPARE received from 30083 for REQUEST 1741758258160
[2025-03-12 14:44:18,697] [INFO] [30017] PREPARE received from 30036 for REQUEST 1741758258160
[2025-03-12 14:44:18,755] [INFO] [30017] COMMIT received from 30077 for REQUEST 1741758258160
[2025-03-12 14:44:18,755] [INFO] [30017] PREPARE received from 30040 for REQUEST 1741758258160
[2025-03-12 14:44:18,755] [INFO] [30017] PREPARE received from 30096 for REQUEST 1741758258160
[2025-03-12 14:44:18,755] [INFO] [30017] PREPARE received from 30078 for REQUEST 1741758258160
[2025-03-12 14:44:18,889] [INFO] [30017] COMMIT received from 30036 for REQUEST 1741758258160
[2025-03-12 14:44:18,889] [INFO] [30017] COMMIT complete. Sending PRE-REPLY: REQUEST 1741758258160 directly to Manager 30049
[2025-03-12 14:44:18,889] [INFO] [30017] PREPARE received from 30102 for REQUEST 1741758258160
[2025-03-12 14:44:18,889] [INFO] [30017] COMMIT received from 30027 for REQUEST 1741758258160
[2025-03-12 14:44:18,893] [INFO] [30017] COMMIT received from 30075 for REQUEST 1741758258160
[2025-03-12 14:44:18,893] [INFO] [30017] COMMIT received from 30096 for REQUEST 1741758258160
[2025-03-12 14:44:18,893] [INFO] [30017] PREPARE received from 30067 for REQUEST 1741758258160
[2025-03-12 14:44:18,893] [INFO] [30017] COMMIT received from 30114 for REQUEST 1741758258160
[2025-03-12 14:44:18,893] [INFO] [30017] PREPARE received from 30075 for REQUEST 1741758258160
[2025-03-12 14:44:18,893] [INFO] [30017] COMMIT received from 30078 for REQUEST 1741758258160
[2025-03-12 14:44:18,893] [INFO] [30017] PREPARE received from 30027 for REQUEST 1741758258160
[2025-03-12 14:44:18,893] [INFO] [30017] COMMIT received from 30040 for REQUEST 1741758258160
[2025-03-12 14:44:18,893] [INFO] [30017] COMMIT received from 30102 for REQUEST 1741758258160
[2025-03-12 14:44:18,893] [INFO] [30017] PREPARE received from 30014 for REQUEST 1741758258160
[2025-03-12 14:44:18,893] [INFO] [30017] PREPARE received from 30114 for REQUEST 1741758258160
[2025-03-12 14:44:18,893] [INFO] [30017] COMMIT received from 30082 for REQUEST 1741758258160
[2025-03-12 14:44:18,893] [INFO] [30017] COMMIT received from 30083 for REQUEST 1741758258160
[2025-03-12 14:44:18,893] [INFO] [30017] COMMIT received from 30024 for REQUEST 1741758258160
[2025-03-12 14:44:18,898] [INFO] [30017] COMMIT received from 30091 for REQUEST 1741758258160
[2025-03-12 14:44:18,898] [INFO] [30017] COMMIT received from 30047 for REQUEST 1741758258160
[2025-03-12 14:44:18,900] [INFO] [30017] PREPARE received from 30115 for REQUEST 1741758258160
[2025-03-12 14:44:18,900] [INFO] [30017] PREPARE received from 30047 for REQUEST 1741758258160
[2025-03-12 14:44:18,901] [INFO] [30017] PREPARE received from 30022 for REQUEST 1741758258160
[2025-03-12 14:44:19,085] [INFO] [30017] COMMIT received from 30072 for REQUEST 1741758258160
[2025-03-12 14:44:19,085] [INFO] [30017] PREPARE received from 30016 for REQUEST 1741758258160
[2025-03-12 14:44:19,085] [INFO] [30017] COMMIT received from 30115 for REQUEST 1741758258160
[2025-03-12 14:44:19,085] [INFO] [30017] COMMIT received from 30022 for REQUEST 1741758258160
[2025-03-12 14:44:19,096] [INFO] [30017] PREPARE received from 30072 for REQUEST 1741758258160
[2025-03-12 14:44:19,096] [INFO] [30017] PREPARE received from 30054 for REQUEST 1741758258160
[2025-03-12 14:44:19,110] [INFO] [30017] PREPARE received from 30100 for REQUEST 1741758258160
[2025-03-12 14:44:19,204] [INFO] [30017] COMMIT received from 30100 for REQUEST 1741758258160
[2025-03-12 14:44:19,204] [INFO] [30017] COMMIT received from 30054 for REQUEST 1741758258160
[2025-03-12 14:44:19,204] [INFO] [30017] COMMIT received from 30016 for REQUEST 1741758258160
[2025-03-12 14:44:19,245] [INFO] [30017] COMMIT received from 30110 for REQUEST 1741758258160
[2025-03-12 14:44:19,245] [INFO] [30017] COMMIT received from 30014 for REQUEST 1741758258160
[2025-03-12 14:44:19,292] [INFO] [30017] PREPARE received from 30034 for REQUEST 1741758258160
[2025-03-12 14:44:19,292] [INFO] [30017] PREPARE received from 30089 for REQUEST 1741758258160
[2025-03-12 14:44:19,292] [INFO] [30017] COMMIT received from 30057 for REQUEST 1741758258160
[2025-03-12 14:44:19,292] [INFO] [30017] COMMIT received from 30089 for REQUEST 1741758258160
[2025-03-12 14:44:19,305] [INFO] [30017] PREPARE received from 30026 for REQUEST 1741758258160
[2025-03-12 14:44:19,305] [INFO] [30017] COMMIT received from 30034 for REQUEST 1741758258160
[2025-03-12 14:44:19,305] [INFO] [30017] PREPARE received from 30057 for REQUEST 1741758258160
[2025-03-12 14:44:19,305] [INFO] [30017] COMMIT received from 30026 for REQUEST 1741758258160
[2025-03-12 14:44:19,334] [INFO] [30017] COMMIT received from 30067 for REQUEST 1741758258160
[2025-03-12 14:44:19,346] [INFO] [30017] PREPARE received from 30012 for REQUEST 1741758258160
[2025-03-12 14:44:19,349] [INFO] [30017] COMMIT received from 30012 for REQUEST 1741758258160
[2025-03-12 15:55:36,432] [INFO] Node started: localhost:30017 | index=18 | f=1, k=4
[2025-03-12 15:55:41,218] [INFO] [30017] PRE-PREPARE received: {'request_id': 1741762541162, 'data': 'llapbft_message_1741762541162', 'timestamp': 1741762541.2006335, 'leader': 30021, 'cluster_id': 0, 'cluster_ports': [30006, 30012, 30013, 30017, 30019, 30021, 30022, 30024, 30026, 30029, 30030, 30034, 30036, 30039], 'cluster_manager': {'host': 'localhost', 'port': 30012, 'latitude': 36.6267561, 'longitude': 127.4586693, 'altitude': 158, 'offset_m': 'lat: 17 m, lng: 15 m, alt: 158 m'}, 'simulated_delay': 0.000142, 'distance': 114.40678682040603, 'message_size_bits': 3408}
[2025-03-12 15:55:41,218] [INFO] [30017] Broadcasting PREPARE: REQUEST 1741762541162
[2025-03-12 15:55:41,248] [INFO] [30017] PREPARE received from 30022 for REQUEST 1741762541162
[2025-03-12 15:55:41,248] [INFO] [30017] Broadcasting COMMIT: REQUEST 1741762541162
[2025-03-12 15:55:41,248] [INFO] [30017] PREPARE received from 30039 for REQUEST 1741762541162
[2025-03-12 15:55:41,248] [INFO] [30017] PREPARE received from 30030 for REQUEST 1741762541162
[2025-03-12 15:55:41,258] [INFO] [30017] PREPARE received from 30006 for REQUEST 1741762541162
[2025-03-12 15:55:41,258] [INFO] [30017] PREPARE received from 30013 for REQUEST 1741762541162
[2025-03-12 15:55:41,280] [INFO] [30017] PREPARE received from 30029 for REQUEST 1741762541162
[2025-03-12 15:55:41,285] [INFO] [30017] COMMIT received from 30039 for REQUEST 1741762541162
[2025-03-12 15:55:41,285] [INFO] [30017] COMMIT received from 30022 for REQUEST 1741762541162
[2025-03-12 15:55:41,285] [INFO] [30017] COMMIT complete. Sending PRE-REPLY: REQUEST 1741762541162 directly to Manager 30012
[2025-03-12 15:55:41,293] [INFO] [30017] COMMIT received from 30021 for REQUEST 1741762541162
[2025-03-12 15:55:41,293] [INFO] [30017] COMMIT received from 30006 for REQUEST 1741762541162
[2025-03-12 15:55:41,293] [INFO] [30017] COMMIT received from 30030 for REQUEST 1741762541162
[2025-03-12 15:55:41,296] [INFO] [30017] PREPARE received from 30019 for REQUEST 1741762541162
[2025-03-12 15:55:41,296] [INFO] [30017] COMMIT received from 30034 for REQUEST 1741762541162
[2025-03-12 15:55:41,296] [INFO] [30017] COMMIT received from 30019 for REQUEST 1741762541162
[2025-03-12 15:55:41,296] [INFO] [30017] COMMIT received from 30024 for REQUEST 1741762541162
[2025-03-12 15:55:41,296] [INFO] [30017] COMMIT received from 30013 for REQUEST 1741762541162
[2025-03-12 15:55:41,296] [INFO] [30017] PREPARE received from 30024 for REQUEST 1741762541162
[2025-03-12 15:55:41,296] [INFO] [30017] PREPARE received from 30034 for REQUEST 1741762541162
[2025-03-12 15:55:41,296] [INFO] [30017] COMMIT received from 30029 for REQUEST 1741762541162
[2025-03-12 15:55:41,296] [INFO] [30017] PREPARE received from 30026 for REQUEST 1741762541162
[2025-03-12 15:55:41,312] [INFO] [30017] COMMIT received from 30026 for REQUEST 1741762541162
[2025-03-12 15:55:41,316] [INFO] [30017] PREPARE received from 30036 for REQUEST 1741762541162
[2025-03-12 15:55:41,316] [INFO] [30017] COMMIT received from 30036 for REQUEST 1741762541162
[2025-03-12 15:55:48,194] [INFO] [30017] PRE-PREPARE received: {'request_id': 1741762548144, 'data': 'llapbft_message_1741762548144', 'timestamp': 1741762548.176454, 'leader': 30021, 'cluster_id': 0, 'cluster_ports': [30006, 30012, 30013, 30017, 30019, 30021, 30022, 30024, 30026, 30029, 30030, 30034, 30036, 30039], 'cluster_manager': {'host': 'localhost', 'port': 30012, 'latitude': 36.6267561, 'longitude': 127.4586693, 'altitude': 158, 'offset_m': 'lat: 17 m, lng: 15 m, alt: 158 m'}, 'simulated_delay': 0.00014166666666666668, 'distance': 114.40678682040603, 'message_size_bits': 3400}
[2025-03-12 15:55:48,194] [INFO] [30017] Broadcasting PREPARE: REQUEST 1741762548144
[2025-03-12 15:55:48,213] [INFO] [30017] PREPARE received from 30024 for REQUEST 1741762548144
[2025-03-12 15:55:48,213] [INFO] [30017] Broadcasting COMMIT: REQUEST 1741762548144
[2025-03-12 15:55:48,213] [INFO] [30017] PREPARE received from 30006 for REQUEST 1741762548144
[2025-03-12 15:55:48,213] [INFO] [30017] PREPARE received from 30030 for REQUEST 1741762548144
[2025-03-12 15:55:48,215] [INFO] [30017] PREPARE received from 30013 for REQUEST 1741762548144
[2025-03-12 15:55:48,217] [INFO] [30017] PREPARE received from 30034 for REQUEST 1741762548144
[2025-03-12 15:55:48,217] [INFO] [30017] PREPARE received from 30036 for REQUEST 1741762548144
[2025-03-12 15:55:48,217] [INFO] [30017] PREPARE received from 30022 for REQUEST 1741762548144
[2025-03-12 15:55:48,219] [INFO] [30017] PREPARE received from 30026 for REQUEST 1741762548144
[2025-03-12 15:55:48,219] [INFO] [30017] PREPARE received from 30019 for REQUEST 1741762548144
[2025-03-12 15:55:48,219] [INFO] [30017] PREPARE received from 30039 for REQUEST 1741762548144
[2025-03-12 15:55:48,219] [INFO] [30017] PREPARE received from 30029 for REQUEST 1741762548144
[2025-03-12 15:55:48,226] [INFO] [30017] COMMIT received from 30022 for REQUEST 1741762548144
[2025-03-12 15:55:48,226] [INFO] [30017] COMMIT received from 30024 for REQUEST 1741762548144
[2025-03-12 15:55:48,226] [INFO] [30017] COMMIT complete. Sending PRE-REPLY: REQUEST 1741762548144 directly to Manager 30012
[2025-03-12 15:55:48,228] [INFO] [30017] COMMIT received from 30039 for REQUEST 1741762548144
[2025-03-12 15:55:48,228] [INFO] [30017] COMMIT received from 30013 for REQUEST 1741762548144
[2025-03-12 15:55:48,228] [INFO] [30017] COMMIT received from 30034 for REQUEST 1741762548144
[2025-03-12 15:55:48,228] [INFO] [30017] COMMIT received from 30006 for REQUEST 1741762548144
[2025-03-12 15:55:48,230] [INFO] [30017] COMMIT received from 30036 for REQUEST 1741762548144
[2025-03-12 15:55:48,230] [INFO] [30017] COMMIT received from 30030 for REQUEST 1741762548144
[2025-03-12 15:55:48,230] [INFO] [30017] COMMIT received from 30021 for REQUEST 1741762548144
[2025-03-12 15:55:48,230] [INFO] [30017] COMMIT received from 30026 for REQUEST 1741762548144
[2025-03-12 15:55:48,230] [INFO] [30017] COMMIT received from 30029 for REQUEST 1741762548144
[2025-03-12 15:55:48,230] [INFO] [30017] COMMIT received from 30019 for REQUEST 1741762548144
[2025-03-12 15:55:49,798] [INFO] [30017] PRE-PREPARE received: {'request_id': 1741762549751, 'data': 'llapbft_message_1741762549751', 'timestamp': 1741762549.7831283, 'leader': 30021, 'cluster_id': 0, 'cluster_ports': [30006, 30012, 30013, 30017, 30019, 30021, 30022, 30024, 30026, 30029, 30030, 30034, 30036, 30039], 'cluster_manager': {'host': 'localhost', 'port': 30012, 'latitude': 36.6267561, 'longitude': 127.4586693, 'altitude': 158, 'offset_m': 'lat: 17 m, lng: 15 m, alt: 158 m'}, 'simulated_delay': 0.000142, 'distance': 114.40678682040603, 'message_size_bits': 3408}
[2025-03-12 15:55:49,798] [INFO] [30017] Broadcasting PREPARE: REQUEST 1741762549751
[2025-03-12 15:55:49,808] [INFO] [30017] PREPARE received from 30022 for REQUEST 1741762549751
[2025-03-12 15:55:49,808] [INFO] [30017] Broadcasting COMMIT: REQUEST 1741762549751
[2025-03-12 15:55:49,808] [INFO] [30017] PREPARE received from 30039 for REQUEST 1741762549751
[2025-03-12 15:55:49,808] [INFO] [30017] PREPARE received from 30034 for REQUEST 1741762549751
[2025-03-12 15:55:49,810] [INFO] [30017] PREPARE received from 30006 for REQUEST 1741762549751
[2025-03-12 15:55:49,810] [INFO] [30017] PREPARE received from 30029 for REQUEST 1741762549751
[2025-03-12 15:55:49,810] [INFO] [30017] PREPARE received from 30036 for REQUEST 1741762549751
[2025-03-12 15:55:49,810] [INFO] [30017] PREPARE received from 30030 for REQUEST 1741762549751
[2025-03-12 15:55:49,810] [INFO] [30017] PREPARE received from 30013 for REQUEST 1741762549751
[2025-03-12 15:55:49,813] [INFO] [30017] PREPARE received from 30026 for REQUEST 1741762549751
[2025-03-12 15:55:49,814] [INFO] [30017] PREPARE received from 30019 for REQUEST 1741762549751
[2025-03-12 15:55:49,814] [INFO] [30017] PREPARE received from 30024 for REQUEST 1741762549751
[2025-03-12 15:55:49,819] [INFO] [30017] COMMIT received from 30039 for REQUEST 1741762549751
[2025-03-12 15:55:49,820] [INFO] [30017] COMMIT received from 30022 for REQUEST 1741762549751
[2025-03-12 15:55:49,820] [INFO] [30017] COMMIT complete. Sending PRE-REPLY: REQUEST 1741762549751 directly to Manager 30012
[2025-03-12 15:55:49,820] [INFO] [30017] COMMIT received from 30019 for REQUEST 1741762549751
[2025-03-12 15:55:49,820] [INFO] [30017] COMMIT received from 30006 for REQUEST 1741762549751
[2025-03-12 15:55:49,820] [INFO] [30017] COMMIT received from 30024 for REQUEST 1741762549751
[2025-03-12 15:55:49,820] [INFO] [30017] COMMIT received from 30026 for REQUEST 1741762549751
[2025-03-12 15:55:49,820] [INFO] [30017] COMMIT received from 30034 for REQUEST 1741762549751
[2025-03-12 15:55:49,820] [INFO] [30017] COMMIT received from 30030 for REQUEST 1741762549751
[2025-03-12 15:55:49,822] [INFO] [30017] COMMIT received from 30021 for REQUEST 1741762549751
[2025-03-12 15:55:49,829] [INFO] [30017] COMMIT received from 30036 for REQUEST 1741762549751
[2025-03-12 15:55:49,829] [INFO] [30017] COMMIT received from 30013 for REQUEST 1741762549751
[2025-03-12 15:55:49,831] [INFO] [30017] COMMIT received from 30029 for REQUEST 1741762549751
[2025-03-12 15:55:50,923] [INFO] [30017] PRE-PREPARE received: {'request_id': 1741762550875, 'data': 'llapbft_message_1741762550875', 'timestamp': 1741762550.9073527, 'leader': 30021, 'cluster_id': 0, 'cluster_ports': [30006, 30012, 30013, 30017, 30019, 30021, 30022, 30024, 30026, 30029, 30030, 30034, 30036, 30039], 'cluster_manager': {'host': 'localhost', 'port': 30012, 'latitude': 36.6267561, 'longitude': 127.4586693, 'altitude': 158, 'offset_m': 'lat: 17 m, lng: 15 m, alt: 158 m'}, 'simulated_delay': 0.000142, 'distance': 114.40678682040603, 'message_size_bits': 3408}
[2025-03-12 15:55:50,923] [INFO] [30017] Broadcasting PREPARE: REQUEST 1741762550875
[2025-03-12 15:55:50,938] [INFO] [30017] PREPARE received from 30026 for REQUEST 1741762550875
[2025-03-12 15:55:50,938] [INFO] [30017] Broadcasting COMMIT: REQUEST 1741762550875
[2025-03-12 15:55:50,938] [INFO] [30017] PREPARE received from 30013 for REQUEST 1741762550875
[2025-03-12 15:55:50,942] [INFO] [30017] PREPARE received from 30022 for REQUEST 1741762550875
[2025-03-12 15:55:50,942] [INFO] [30017] PREPARE received from 30024 for REQUEST 1741762550875
[2025-03-12 15:55:50,942] [INFO] [30017] PREPARE received from 30039 for REQUEST 1741762550875
[2025-03-12 15:55:50,942] [INFO] [30017] PREPARE received from 30034 for REQUEST 1741762550875
[2025-03-12 15:55:50,944] [INFO] [30017] PREPARE received from 30006 for REQUEST 1741762550875
[2025-03-12 15:55:50,944] [INFO] [30017] PREPARE received from 30029 for REQUEST 1741762550875
[2025-03-12 15:55:50,944] [INFO] [30017] PREPARE received from 30019 for REQUEST 1741762550875
[2025-03-12 15:55:50,944] [INFO] [30017] PREPARE received from 30030 for REQUEST 1741762550875
[2025-03-12 15:55:50,944] [INFO] [30017] PREPARE received from 30036 for REQUEST 1741762550875
[2025-03-12 15:55:50,950] [INFO] [30017] COMMIT received from 30013 for REQUEST 1741762550875
[2025-03-12 15:55:50,952] [INFO] [30017] COMMIT received from 30026 for REQUEST 1741762550875
[2025-03-12 15:55:50,952] [INFO] [30017] COMMIT complete. Sending PRE-REPLY: REQUEST 1741762550875 directly to Manager 30012
[2025-03-12 15:55:50,952] [INFO] [30017] COMMIT received from 30021 for REQUEST 1741762550875
[2025-03-12 15:55:50,952] [INFO] [30017] COMMIT received from 30029 for REQUEST 1741762550875
[2025-03-12 15:55:50,954] [INFO] [30017] COMMIT received from 30034 for REQUEST 1741762550875
[2025-03-12 15:55:50,954] [INFO] [30017] COMMIT received from 30022 for REQUEST 1741762550875
[2025-03-12 15:55:50,954] [INFO] [30017] COMMIT received from 30024 for REQUEST 1741762550875
[2025-03-12 15:55:50,954] [INFO] [30017] COMMIT received from 30019 for REQUEST 1741762550875
[2025-03-12 15:55:50,956] [INFO] [30017] COMMIT received from 30006 for REQUEST 1741762550875
[2025-03-12 15:55:50,956] [INFO] [30017] COMMIT received from 30039 for REQUEST 1741762550875
[2025-03-12 15:55:50,956] [INFO] [30017] COMMIT received from 30036 for REQUEST 1741762550875
[2025-03-12 15:55:50,956] [INFO] [30017] COMMIT received from 30030 for REQUEST 1741762550875
[2025-03-12 15:55:51,933] [INFO] [30017] PRE-PREPARE received: {'request_id': 1741762551886, 'data': 'llapbft_message_1741762551886', 'timestamp': 1741762551.9177837, 'leader': 30021, 'cluster_id': 0, 'cluster_ports': [30006, 30012, 30013, 30017, 30019, 30021, 30022, 30024, 30026, 30029, 30030, 30034, 30036, 30039], 'cluster_manager': {'host': 'localhost', 'port': 30012, 'latitude': 36.6267561, 'longitude': 127.4586693, 'altitude': 158, 'offset_m': 'lat: 17 m, lng: 15 m, alt: 158 m'}, 'simulated_delay': 0.000142, 'distance': 114.40678682040603, 'message_size_bits': 3408}
[2025-03-12 15:55:51,933] [INFO] [30017] Broadcasting PREPARE: REQUEST 1741762551886
[2025-03-12 15:55:51,944] [INFO] [30017] PREPARE received from 30026 for REQUEST 1741762551886
[2025-03-12 15:55:51,944] [INFO] [30017] Broadcasting COMMIT: REQUEST 1741762551886
[2025-03-12 15:55:51,944] [INFO] [30017] PREPARE received from 30034 for REQUEST 1741762551886
[2025-03-12 15:55:51,944] [INFO] [30017] PREPARE received from 30024 for REQUEST 1741762551886
[2025-03-12 15:55:51,944] [INFO] [30017] PREPARE received from 30013 for REQUEST 1741762551886
[2025-03-12 15:55:51,951] [INFO] [30017] PREPARE received from 30039 for REQUEST 1741762551886
[2025-03-12 15:55:51,951] [INFO] [30017] PREPARE received from 30030 for REQUEST 1741762551886
[2025-03-12 15:55:51,951] [INFO] [30017] PREPARE received from 30019 for REQUEST 1741762551886
[2025-03-12 15:55:51,951] [INFO] [30017] PREPARE received from 30036 for REQUEST 1741762551886
[2025-03-12 15:55:51,951] [INFO] [30017] PREPARE received from 30022 for REQUEST 1741762551886
[2025-03-12 15:55:51,951] [INFO] [30017] PREPARE received from 30006 for REQUEST 1741762551886
[2025-03-12 15:55:51,953] [INFO] [30017] PREPARE received from 30029 for REQUEST 1741762551886
[2025-03-12 15:55:51,958] [INFO] [30017] COMMIT received from 30034 for REQUEST 1741762551886
[2025-03-12 15:55:51,960] [INFO] [30017] COMMIT received from 30026 for REQUEST 1741762551886
[2025-03-12 15:55:51,960] [INFO] [30017] COMMIT complete. Sending PRE-REPLY: REQUEST 1741762551886 directly to Manager 30012
[2025-03-12 15:55:51,962] [INFO] [30017] COMMIT received from 30024 for REQUEST 1741762551886
[2025-03-12 15:55:51,962] [INFO] [30017] COMMIT received from 30006 for REQUEST 1741762551886
[2025-03-12 15:55:51,962] [INFO] [30017] COMMIT received from 30021 for REQUEST 1741762551886
[2025-03-12 15:55:51,962] [INFO] [30017] COMMIT received from 30019 for REQUEST 1741762551886
[2025-03-12 15:55:51,964] [INFO] [30017] COMMIT received from 30022 for REQUEST 1741762551886
[2025-03-12 15:55:51,967] [INFO] [30017] COMMIT received from 30030 for REQUEST 1741762551886
[2025-03-12 15:55:51,967] [INFO] [30017] COMMIT received from 30036 for REQUEST 1741762551886
[2025-03-12 15:55:51,968] [INFO] [30017] COMMIT received from 30039 for REQUEST 1741762551886
[2025-03-12 15:55:51,968] [INFO] [30017] COMMIT received from 30013 for REQUEST 1741762551886
[2025-03-12 15:55:51,968] [INFO] [30017] COMMIT received from 30029 for REQUEST 1741762551886
[2025-03-12 15:55:52,915] [INFO] [30017] PRE-PREPARE received: {'request_id': 1741762552864, 'data': 'llapbft_message_1741762552864', 'timestamp': 1741762552.8964736, 'leader': 30021, 'cluster_id': 0, 'cluster_ports': [30006, 30012, 30013, 30017, 30019, 30021, 30022, 30024, 30026, 30029, 30030, 30034, 30036, 30039], 'cluster_manager': {'host': 'localhost', 'port': 30012, 'latitude': 36.6267561, 'longitude': 127.4586693, 'altitude': 158, 'offset_m': 'lat: 17 m, lng: 15 m, alt: 158 m'}, 'simulated_delay': 0.000142, 'distance': 114.40678682040603, 'message_size_bits': 3408}
[2025-03-12 15:55:52,915] [INFO] [30017] Broadcasting PREPARE: REQUEST 1741762552864
[2025-03-12 15:55:52,932] [INFO] [30017] PREPARE received from 30034 for REQUEST 1741762552864
[2025-03-12 15:55:52,932] [INFO] [30017] Broadcasting COMMIT: REQUEST 1741762552864
[2025-03-12 15:55:52,932] [INFO] [30017] PREPARE received from 30030 for REQUEST 1741762552864
[2025-03-12 15:55:52,932] [INFO] [30017] PREPARE received from 30022 for REQUEST 1741762552864
[2025-03-12 15:55:52,932] [INFO] [30017] PREPARE received from 30024 for REQUEST 1741762552864
[2025-03-12 15:55:52,932] [INFO] [30017] PREPARE received from 30013 for REQUEST 1741762552864
[2025-03-12 15:55:52,936] [INFO] [30017] PREPARE received from 30029 for REQUEST 1741762552864
[2025-03-12 15:55:52,936] [INFO] [30017] PREPARE received from 30006 for REQUEST 1741762552864
[2025-03-12 15:55:52,938] [INFO] [30017] PREPARE received from 30026 for REQUEST 1741762552864
[2025-03-12 15:55:52,938] [INFO] [30017] PREPARE received from 30039 for REQUEST 1741762552864
[2025-03-12 15:55:52,938] [INFO] [30017] PREPARE received from 30019 for REQUEST 1741762552864
[2025-03-12 15:55:52,942] [INFO] [30017] PREPARE received from 30036 for REQUEST 1741762552864
[2025-03-12 15:55:52,944] [INFO] [30017] COMMIT received from 30030 for REQUEST 1741762552864
[2025-03-12 15:55:52,944] [INFO] [30017] COMMIT received from 30024 for REQUEST 1741762552864
[2025-03-12 15:55:52,944] [INFO] [30017] COMMIT complete. Sending PRE-REPLY: REQUEST 1741762552864 directly to Manager 30012
[2025-03-12 15:55:52,944] [INFO] [30017] COMMIT received from 30034 for REQUEST 1741762552864
[2025-03-12 15:55:52,946] [INFO] [30017] COMMIT received from 30026 for REQUEST 1741762552864
[2025-03-12 15:55:52,946] [INFO] [30017] COMMIT received from 30022 for REQUEST 1741762552864
[2025-03-12 15:55:52,946] [INFO] [30017] COMMIT received from 30013 for REQUEST 1741762552864
[2025-03-12 15:55:52,946] [INFO] [30017] COMMIT received from 30006 for REQUEST 1741762552864
[2025-03-12 15:55:52,946] [INFO] [30017] COMMIT received from 30029 for REQUEST 1741762552864
[2025-03-12 15:55:52,946] [INFO] [30017] COMMIT received from 30039 for REQUEST 1741762552864
[2025-03-12 15:55:52,948] [INFO] [30017] COMMIT received from 30036 for REQUEST 1741762552864
[2025-03-12 15:55:52,950] [INFO] [30017] COMMIT received from 30019 for REQUEST 1741762552864
[2025-03-12 15:55:52,955] [INFO] [30017] COMMIT received from 30021 for REQUEST 1741762552864
[2025-03-12 15:55:53,891] [INFO] [30017] PRE-PREPARE received: {'request_id': 1741762553846, 'data': 'llapbft_message_1741762553846', 'timestamp': 1741762553.8758993, 'leader': 30021, 'cluster_id': 0, 'cluster_ports': [30006, 30012, 30013, 30017, 30019, 30021, 30022, 30024, 30026, 30029, 30030, 30034, 30036, 30039], 'cluster_manager': {'host': 'localhost', 'port': 30012, 'latitude': 36.6267561, 'longitude': 127.4586693, 'altitude': 158, 'offset_m': 'lat: 17 m, lng: 15 m, alt: 158 m'}, 'simulated_delay': 0.000142, 'distance': 114.40678682040603, 'message_size_bits': 3408}
[2025-03-12 15:55:53,891] [INFO] [30017] Broadcasting PREPARE: REQUEST 1741762553846
[2025-03-12 15:55:53,911] [INFO] [30017] PREPARE received from 30034 for REQUEST 1741762553846
[2025-03-12 15:55:53,911] [INFO] [30017] Broadcasting COMMIT: REQUEST 1741762553846
[2025-03-12 15:55:53,911] [INFO] [30017] PREPARE received from 30024 for REQUEST 1741762553846
[2025-03-12 15:55:53,911] [INFO] [30017] PREPARE received from 30022 for REQUEST 1741762553846
[2025-03-12 15:55:53,911] [INFO] [30017] PREPARE received from 30013 for REQUEST 1741762553846
[2025-03-12 15:55:53,913] [INFO] [30017] PREPARE received from 30029 for REQUEST 1741762553846
[2025-03-12 15:55:53,913] [INFO] [30017] PREPARE received from 30036 for REQUEST 1741762553846
[2025-03-12 15:55:53,915] [INFO] [30017] PREPARE received from 30026 for REQUEST 1741762553846
[2025-03-12 15:55:53,916] [INFO] [30017] PREPARE received from 30006 for REQUEST 1741762553846
[2025-03-12 15:55:53,916] [INFO] [30017] PREPARE received from 30030 for REQUEST 1741762553846
[2025-03-12 15:55:53,916] [INFO] [30017] PREPARE received from 30019 for REQUEST 1741762553846
[2025-03-12 15:55:53,918] [INFO] [30017] PREPARE received from 30039 for REQUEST 1741762553846
[2025-03-12 15:55:53,925] [INFO] [30017] COMMIT received from 30019 for REQUEST 1741762553846
[2025-03-12 15:55:53,927] [INFO] [30017] COMMIT received from 30024 for REQUEST 1741762553846
[2025-03-12 15:55:53,927] [INFO] [30017] COMMIT complete. Sending PRE-REPLY: REQUEST 1741762553846 directly to Manager 30012
[2025-03-12 15:55:53,927] [INFO] [30017] COMMIT received from 30022 for REQUEST 1741762553846
[2025-03-12 15:55:53,927] [INFO] [30017] COMMIT received from 30013 for REQUEST 1741762553846
[2025-03-12 15:55:53,927] [INFO] [30017] COMMIT received from 30026 for REQUEST 1741762553846
[2025-03-12 15:55:53,927] [INFO] [30017] COMMIT received from 30034 for REQUEST 1741762553846
[2025-03-12 15:55:53,927] [INFO] [30017] COMMIT received from 30030 for REQUEST 1741762553846
[2025-03-12 15:55:53,927] [INFO] [30017] COMMIT received from 30029 for REQUEST 1741762553846
[2025-03-12 15:55:53,927] [INFO] [30017] COMMIT received from 30036 for REQUEST 1741762553846
[2025-03-12 15:55:53,927] [INFO] [30017] COMMIT received from 30039 for REQUEST 1741762553846
[2025-03-12 15:55:53,927] [INFO] [30017] COMMIT received from 30006 for REQUEST 1741762553846
[2025-03-12 15:55:53,927] [INFO] [30017] COMMIT received from 30021 for REQUEST 1741762553846
[2025-03-12 15:55:54,857] [INFO] [30017] PRE-PREPARE received: {'request_id': 1741762554816, 'data': 'llapbft_message_1741762554816', 'timestamp': 1741762554.841855, 'leader': 30021, 'cluster_id': 0, 'cluster_ports': [30006, 30012, 30013, 30017, 30019, 30021, 30022, 30024, 30026, 30029, 30030, 30034, 30036, 30039], 'cluster_manager': {'host': 'localhost', 'port': 30012, 'latitude': 36.6267561, 'longitude': 127.4586693, 'altitude': 158, 'offset_m': 'lat: 17 m, lng: 15 m, alt: 158 m'}, 'simulated_delay': 0.00014166666666666668, 'distance': 114.40678682040603, 'message_size_bits': 3400}
[2025-03-12 15:55:54,857] [INFO] [30017] Broadcasting PREPARE: REQUEST 1741762554816
[2025-03-12 15:55:54,881] [INFO] [30017] PREPARE received from 30034 for REQUEST 1741762554816
[2025-03-12 15:55:54,881] [INFO] [30017] Broadcasting COMMIT: REQUEST 1741762554816
[2025-03-12 15:55:54,881] [INFO] [30017] PREPARE received from 30019 for REQUEST 1741762554816
[2025-03-12 15:55:54,883] [INFO] [30017] PREPARE received from 30024 for REQUEST 1741762554816
[2025-03-12 15:55:54,883] [INFO] [30017] PREPARE received from 30022 for REQUEST 1741762554816
[2025-03-12 15:55:54,883] [INFO] [30017] PREPARE received from 30013 for REQUEST 1741762554816
[2025-03-12 15:55:54,883] [INFO] [30017] PREPARE received from 30026 for REQUEST 1741762554816
[2025-03-12 15:55:54,883] [INFO] [30017] PREPARE received from 30030 for REQUEST 1741762554816
[2025-03-12 15:55:54,883] [INFO] [30017] PREPARE received from 30029 for REQUEST 1741762554816
[2025-03-12 15:55:54,883] [INFO] [30017] PREPARE received from 30036 for REQUEST 1741762554816
[2025-03-12 15:55:54,887] [INFO] [30017] PREPARE received from 30039 for REQUEST 1741762554816
[2025-03-12 15:55:54,887] [INFO] [30017] PREPARE received from 30006 for REQUEST 1741762554816
[2025-03-12 15:55:54,889] [INFO] [30017] COMMIT received from 30022 for REQUEST 1741762554816
[2025-03-12 15:55:54,894] [INFO] [30017] COMMIT received from 30026 for REQUEST 1741762554816
[2025-03-12 15:55:54,894] [INFO] [30017] COMMIT complete. Sending PRE-REPLY: REQUEST 1741762554816 directly to Manager 30012
[2025-03-12 15:55:54,894] [INFO] [30017] COMMIT received from 30034 for REQUEST 1741762554816
[2025-03-12 15:55:54,894] [INFO] [30017] COMMIT received from 30029 for REQUEST 1741762554816
[2025-03-12 15:55:54,894] [INFO] [30017] COMMIT received from 30036 for REQUEST 1741762554816
[2025-03-12 15:55:54,894] [INFO] [30017] COMMIT received from 30019 for REQUEST 1741762554816
[2025-03-12 15:55:54,894] [INFO] [30017] COMMIT received from 30013 for REQUEST 1741762554816
[2025-03-12 15:55:54,894] [INFO] [30017] COMMIT received from 30030 for REQUEST 1741762554816
[2025-03-12 15:55:54,894] [INFO] [30017] COMMIT received from 30039 for REQUEST 1741762554816
[2025-03-12 15:55:54,894] [INFO] [30017] COMMIT received from 30024 for REQUEST 1741762554816
[2025-03-12 15:55:54,894] [INFO] [30017] COMMIT received from 30021 for REQUEST 1741762554816
[2025-03-12 15:55:54,894] [INFO] [30017] COMMIT received from 30006 for REQUEST 1741762554816
[2025-03-12 15:55:55,712] [INFO] [30017] PRE-PREPARE received: {'request_id': 1741762555667, 'data': 'llapbft_message_1741762555667', 'timestamp': 1741762555.6963875, 'leader': 30021, 'cluster_id': 0, 'cluster_ports': [30006, 30012, 30013, 30017, 30019, 30021, 30022, 30024, 30026, 30029, 30030, 30034, 30036, 30039], 'cluster_manager': {'host': 'localhost', 'port': 30012, 'latitude': 36.6267561, 'longitude': 127.4586693, 'altitude': 158, 'offset_m': 'lat: 17 m, lng: 15 m, alt: 158 m'}, 'simulated_delay': 0.000142, 'distance': 114.40678682040603, 'message_size_bits': 3408}
[2025-03-12 15:55:55,712] [INFO] [30017] Broadcasting PREPARE: REQUEST 1741762555667
[2025-03-12 15:55:55,733] [INFO] [30017] PREPARE received from 30034 for REQUEST 1741762555667
[2025-03-12 15:55:55,733] [INFO] [30017] Broadcasting COMMIT: REQUEST 1741762555667
[2025-03-12 15:55:55,733] [INFO] [30017] PREPARE received from 30039 for REQUEST 1741762555667
[2025-03-12 15:55:55,733] [INFO] [30017] PREPARE received from 30006 for REQUEST 1741762555667
[2025-03-12 15:55:55,733] [INFO] [30017] PREPARE received from 30029 for REQUEST 1741762555667
[2025-03-12 15:55:55,733] [INFO] [30017] PREPARE received from 30036 for REQUEST 1741762555667
[2025-03-12 15:55:55,733] [INFO] [30017] PREPARE received from 30022 for REQUEST 1741762555667
[2025-03-12 15:55:55,733] [INFO] [30017] PREPARE received from 30019 for REQUEST 1741762555667
[2025-03-12 15:55:55,735] [INFO] [30017] PREPARE received from 30030 for REQUEST 1741762555667
[2025-03-12 15:55:55,735] [INFO] [30017] PREPARE received from 30013 for REQUEST 1741762555667
[2025-03-12 15:55:55,737] [INFO] [30017] PREPARE received from 30026 for REQUEST 1741762555667
[2025-03-12 15:55:55,739] [INFO] [30017] PREPARE received from 30024 for REQUEST 1741762555667
[2025-03-12 15:55:55,743] [INFO] [30017] COMMIT received from 30013 for REQUEST 1741762555667
[2025-03-12 15:55:55,745] [INFO] [30017] COMMIT received from 30030 for REQUEST 1741762555667
[2025-03-12 15:55:55,745] [INFO] [30017] COMMIT complete. Sending PRE-REPLY: REQUEST 1741762555667 directly to Manager 30012
[2025-03-12 15:55:55,745] [INFO] [30017] COMMIT received from 30039 for REQUEST 1741762555667
[2025-03-12 15:55:55,745] [INFO] [30017] COMMIT received from 30006 for REQUEST 1741762555667
[2025-03-12 15:55:55,745] [INFO] [30017] COMMIT received from 30034 for REQUEST 1741762555667
[2025-03-12 15:55:55,745] [INFO] [30017] COMMIT received from 30029 for REQUEST 1741762555667
[2025-03-12 15:55:55,747] [INFO] [30017] COMMIT received from 30036 for REQUEST 1741762555667
[2025-03-12 15:55:55,747] [INFO] [30017] COMMIT received from 30022 for REQUEST 1741762555667
[2025-03-12 15:55:55,748] [INFO] [30017] COMMIT received from 30019 for REQUEST 1741762555667
[2025-03-12 15:55:55,750] [INFO] [30017] COMMIT received from 30024 for REQUEST 1741762555667
[2025-03-12 15:55:55,753] [INFO] [30017] COMMIT received from 30026 for REQUEST 1741762555667
[2025-03-12 15:55:55,755] [INFO] [30017] COMMIT received from 30021 for REQUEST 1741762555667
