[2025-03-12 12:35:42,147] [INFO] Node started: localhost:30088 | index=89 | f=1, k=4
[2025-03-12 12:36:06,173] [INFO] [30088] PRE-PREPARE received: {'request_id': 1741750566115, 'data': 'llapbft_message_1741750566115', 'timestamp': 1741750566.142161, 'leader': 30175, 'cluster_id': 1, 'cluster_ports': [30004, 30006, 30014, 30017, 30020, 30024, 30027, 30035, 30038, 30048, 30051, 30053, 30059, 30067, 30068, 30069, 30070, 30083, 30088, 30090, 30093, 30095, 30097, 30099, 30101, 30105, 30107, 30108, 30122, 30123, 30124, 30126, 30132, 30135, 30138, 30139, 30146, 30149, 30153, 30164, 30174, 30175, 30182, 30183, 30184, 30185, 30186, 30189, 30191, 30196, 30199], 'cluster_manager': {'host': 'localhost', 'port': 30107, 'latitude': 36.6271864, 'longitude': 127.4587582, 'altitude': 213, 'offset_m': 'lat: 65 m, lng: 23 m, alt: 213 m'}, 'simulated_delay': 0.000228, 'distance': 144.74692706250823, 'message_size_bits': 5472}
[2025-03-12 12:36:06,173] [INFO] [30088] Broadcasting PREPARE: REQUEST 1741750566115
[2025-03-12 12:36:06,429] [INFO] [30088] PREPARE received from 30199 for REQUEST 1741750566115
[2025-03-12 12:36:06,429] [INFO] [30088] Broadcasting COMMIT: REQUEST 1741750566115
[2025-03-12 12:36:06,579] [INFO] [30088] PREPARE received from 30183 for REQUEST 1741750566115
[2025-03-12 12:36:06,579] [INFO] [30088] PREPARE received from 30196 for REQUEST 1741750566115
[2025-03-12 12:36:06,827] [INFO] [30088] PREPARE received from 30095 for REQUEST 1741750566115
[2025-03-12 12:36:06,827] [INFO] [30088] PREPARE received from 30126 for REQUEST 1741750566115
[2025-03-12 12:36:07,476] [INFO] [30088] PREPARE received from 30146 for REQUEST 1741750566115
[2025-03-12 12:36:07,476] [INFO] [30088] PREPARE received from 30184 for REQUEST 1741750566115
[2025-03-12 12:36:07,476] [INFO] [30088] COMMIT received from 30199 for REQUEST 1741750566115
[2025-03-12 12:36:07,476] [INFO] [30088] PREPARE received from 30059 for REQUEST 1741750566115
[2025-03-12 12:36:07,476] [INFO] [30088] COMMIT received from 30146 for REQUEST 1741750566115
[2025-03-12 12:36:07,476] [INFO] [30088] COMMIT complete. Sending PRE-REPLY: REQUEST 1741750566115 directly to Manager 30107
[2025-03-12 12:36:07,476] [INFO] [30088] PREPARE received from 30006 for REQUEST 1741750566115
[2025-03-12 12:36:07,476] [INFO] [30088] COMMIT received from 30184 for REQUEST 1741750566115
[2025-03-12 12:36:07,640] [INFO] [30088] PREPARE received from 30135 for REQUEST 1741750566115
[2025-03-12 12:36:07,640] [INFO] [30088] PREPARE received from 30014 for REQUEST 1741750566115
[2025-03-12 12:36:07,707] [INFO] [30088] COMMIT received from 30126 for REQUEST 1741750566115
[2025-03-12 12:36:07,766] [INFO] [30088] COMMIT received from 30095 for REQUEST 1741750566115
[2025-03-12 12:36:07,867] [INFO] [30088] PREPARE received from 30017 for REQUEST 1741750566115
[2025-03-12 12:36:08,003] [INFO] [30088] COMMIT received from 30135 for REQUEST 1741750566115
[2025-03-12 12:36:08,151] [INFO] [30088] PREPARE received from 30153 for REQUEST 1741750566115
[2025-03-12 12:36:08,151] [INFO] [30088] COMMIT received from 30153 for REQUEST 1741750566115
[2025-03-12 12:36:08,200] [INFO] [30088] COMMIT received from 30183 for REQUEST 1741750566115
[2025-03-12 12:36:08,218] [INFO] [30088] PREPARE received from 30189 for REQUEST 1741750566115
[2025-03-12 12:36:08,220] [INFO] [30088] COMMIT received from 30189 for REQUEST 1741750566115
[2025-03-12 12:36:08,294] [INFO] [30088] PREPARE received from 30122 for REQUEST 1741750566115
[2025-03-12 12:36:08,493] [INFO] [30088] PREPARE received from 30164 for REQUEST 1741750566115
[2025-03-12 12:36:08,493] [INFO] [30088] COMMIT received from 30122 for REQUEST 1741750566115
[2025-03-12 12:36:08,498] [INFO] [30088] PREPARE received from 30069 for REQUEST 1741750566115
[2025-03-12 12:36:08,498] [INFO] [30088] COMMIT received from 30069 for REQUEST 1741750566115
[2025-03-12 12:36:08,578] [INFO] [30088] PREPARE received from 30124 for REQUEST 1741750566115
[2025-03-12 12:36:08,594] [INFO] [30088] COMMIT received from 30164 for REQUEST 1741750566115
[2025-03-12 12:36:08,683] [INFO] [30088] COMMIT received from 30014 for REQUEST 1741750566115
[2025-03-12 12:36:08,685] [INFO] [30088] COMMIT received from 30124 for REQUEST 1741750566115
[2025-03-12 12:36:08,785] [INFO] [30088] PREPARE received from 30191 for REQUEST 1741750566115
[2025-03-12 12:36:08,813] [INFO] [30088] COMMIT received from 30191 for REQUEST 1741750566115
[2025-03-12 12:36:08,841] [INFO] [30088] COMMIT received from 30196 for REQUEST 1741750566115
[2025-03-12 12:36:08,935] [INFO] [30088] COMMIT received from 30006 for REQUEST 1741750566115
[2025-03-12 12:36:08,935] [INFO] [30088] PREPARE received from 30138 for REQUEST 1741750566115
[2025-03-12 12:36:08,935] [INFO] [30088] PREPARE received from 30185 for REQUEST 1741750566115
[2025-03-12 12:36:09,029] [INFO] [30088] PREPARE received from 30004 for REQUEST 1741750566115
[2025-03-12 12:36:09,029] [INFO] [30088] COMMIT received from 30138 for REQUEST 1741750566115
[2025-03-12 12:36:09,077] [INFO] [30088] PREPARE received from 30174 for REQUEST 1741750566115
[2025-03-12 12:36:09,104] [INFO] [30088] COMMIT received from 30185 for REQUEST 1741750566115
[2025-03-12 12:36:09,148] [INFO] [30088] COMMIT received from 30017 for REQUEST 1741750566115
[2025-03-12 12:36:09,287] [INFO] [30088] COMMIT received from 30175 for REQUEST 1741750566115
[2025-03-12 12:36:09,287] [INFO] [30088] PREPARE received from 30132 for REQUEST 1741750566115
[2025-03-12 12:36:09,352] [INFO] [30088] COMMIT received from 30174 for REQUEST 1741750566115
[2025-03-12 12:36:09,449] [INFO] [30088] PREPARE received from 30070 for REQUEST 1741750566115
[2025-03-12 12:36:09,449] [INFO] [30088] COMMIT received from 30132 for REQUEST 1741750566115
[2025-03-12 12:36:09,463] [INFO] [30088] PREPARE received from 30020 for REQUEST 1741750566115
[2025-03-12 12:36:09,522] [INFO] [30088] PREPARE received from 30067 for REQUEST 1741750566115
[2025-03-12 12:36:09,531] [INFO] [30088] PREPARE received from 30090 for REQUEST 1741750566115
[2025-03-12 12:36:09,531] [INFO] [30088] COMMIT received from 30068 for REQUEST 1741750566115
[2025-03-12 12:36:09,531] [INFO] [30088] PREPARE received from 30068 for REQUEST 1741750566115
[2025-03-12 12:36:09,555] [INFO] [30088] COMMIT received from 30020 for REQUEST 1741750566115
[2025-03-12 12:36:09,661] [INFO] [30088] COMMIT received from 30070 for REQUEST 1741750566115
[2025-03-12 12:36:09,661] [INFO] [30088] COMMIT received from 30067 for REQUEST 1741750566115
[2025-03-12 12:36:09,702] [INFO] [30088] COMMIT received from 30090 for REQUEST 1741750566115
[2025-03-12 12:36:09,800] [INFO] [30088] PREPARE received from 30182 for REQUEST 1741750566115
[2025-03-12 12:36:09,802] [INFO] [30088] COMMIT received from 30182 for REQUEST 1741750566115
[2025-03-12 12:36:09,851] [INFO] [30088] COMMIT received from 30059 for REQUEST 1741750566115
[2025-03-12 12:36:09,893] [INFO] [30088] PREPARE received from 30024 for REQUEST 1741750566115
[2025-03-12 12:36:09,930] [INFO] [30088] COMMIT received from 30024 for REQUEST 1741750566115
[2025-03-12 12:36:10,090] [INFO] [30088] PREPARE received from 30139 for REQUEST 1741750566115
[2025-03-12 12:36:10,182] [INFO] [30088] PREPARE received from 30186 for REQUEST 1741750566115
[2025-03-12 12:36:10,182] [INFO] [30088] COMMIT received from 30186 for REQUEST 1741750566115
[2025-03-12 12:36:10,246] [INFO] [30088] PREPARE received from 30048 for REQUEST 1741750566115
[2025-03-12 12:36:10,246] [INFO] [30088] COMMIT received from 30048 for REQUEST 1741750566115
[2025-03-12 12:36:10,332] [INFO] [30088] COMMIT received from 30139 for REQUEST 1741750566115
[2025-03-12 12:36:10,365] [INFO] [30088] PREPARE received from 30108 for REQUEST 1741750566115
[2025-03-12 12:36:10,365] [INFO] [30088] PREPARE received from 30093 for REQUEST 1741750566115
[2025-03-12 12:36:10,371] [INFO] [30088] PREPARE received from 30051 for REQUEST 1741750566115
[2025-03-12 12:36:10,371] [INFO] [30088] COMMIT received from 30093 for REQUEST 1741750566115
[2025-03-12 12:36:10,371] [INFO] [30088] COMMIT received from 30051 for REQUEST 1741750566115
[2025-03-12 12:36:10,371] [INFO] [30088] PREPARE received from 30038 for REQUEST 1741750566115
[2025-03-12 12:36:10,371] [INFO] [30088] COMMIT received from 30038 for REQUEST 1741750566115
[2025-03-12 12:36:10,434] [INFO] [30088] COMMIT received from 30108 for REQUEST 1741750566115
[2025-03-12 12:36:10,498] [INFO] [30088] PREPARE received from 30035 for REQUEST 1741750566115
[2025-03-12 12:36:10,505] [INFO] [30088] COMMIT received from 30004 for REQUEST 1741750566115
[2025-03-12 12:36:10,505] [INFO] [30088] PREPARE received from 30053 for REQUEST 1741750566115
[2025-03-12 12:36:10,505] [INFO] [30088] PREPARE received from 30105 for REQUEST 1741750566115
[2025-03-12 12:36:10,505] [INFO] [30088] COMMIT received from 30053 for REQUEST 1741750566115
[2025-03-12 12:36:10,505] [INFO] [30088] COMMIT received from 30105 for REQUEST 1741750566115
[2025-03-12 12:36:10,544] [INFO] [30088] COMMIT received from 30035 for REQUEST 1741750566115
[2025-03-12 12:36:10,544] [INFO] [30088] PREPARE received from 30123 for REQUEST 1741750566115
[2025-03-12 12:36:10,544] [INFO] [30088] COMMIT received from 30123 for REQUEST 1741750566115
[2025-03-12 12:36:10,576] [INFO] [30088] PREPARE received from 30099 for REQUEST 1741750566115
[2025-03-12 12:36:10,624] [INFO] [30088] COMMIT received from 30099 for REQUEST 1741750566115
[2025-03-12 12:36:10,789] [INFO] [30088] PREPARE received from 30149 for REQUEST 1741750566115
[2025-03-12 12:36:10,789] [INFO] [30088] COMMIT received from 30149 for REQUEST 1741750566115
[2025-03-12 12:36:10,904] [INFO] [30088] PREPARE received from 30097 for REQUEST 1741750566115
[2025-03-12 12:36:10,906] [INFO] [30088] COMMIT received from 30097 for REQUEST 1741750566115
[2025-03-12 12:54:47,471] [INFO] Node started: localhost:30088 | index=89 | f=1, k=4
[2025-03-12 12:55:39,051] [INFO] Node started: localhost:30088 | index=89 | f=1, k=4
[2025-03-12 12:55:54,363] [INFO] [30088] PRE-PREPARE received: {'request_id': 1741751754181, 'data': 'llapbft_message_1741751754181', 'timestamp': 1741751754.2060645, 'leader': 30118, 'cluster_id': 0, 'cluster_ports': [30001, 30002, 30016, 30019, 30023, 30025, 30032, 30041, 30046, 30049, 30052, 30057, 30058, 30066, 30077, 30079, 30088, 30092, 30094, 30095, 30096, 30098, 30102, 30108, 30110, 30116, 30118, 30126, 30129, 30132, 30133, 30137, 30143, 30144, 30149, 30150, 30151, 30155], 'cluster_manager': {'host': 'localhost', 'port': 30098, 'latitude': 36.6267518, 'longitude': 127.4591383, 'altitude': 231, 'offset_m': 'lat: 16 m, lng: 56 m, alt: 231 m'}, 'simulated_delay': 0.000264, 'distance': 156.88389696017188, 'message_size_bits': 4752}
[2025-03-12 12:55:54,363] [INFO] [30088] Broadcasting PREPARE: REQUEST 1741751754181
[2025-03-12 12:55:54,452] [INFO] [30088] PREPARE received from 30049 for REQUEST 1741751754181
[2025-03-12 12:55:54,452] [INFO] [30088] Broadcasting COMMIT: REQUEST 1741751754181
[2025-03-12 12:55:54,531] [INFO] [30088] COMMIT received from 30049 for REQUEST 1741751754181
[2025-03-12 12:55:54,758] [INFO] [30088] PREPARE received from 30057 for REQUEST 1741751754181
[2025-03-12 12:55:54,761] [INFO] [30088] PREPARE received from 30002 for REQUEST 1741751754181
[2025-03-12 12:55:54,765] [INFO] [30088] COMMIT received from 30057 for REQUEST 1741751754181
[2025-03-12 12:55:54,765] [INFO] [30088] COMMIT complete. Sending PRE-REPLY: REQUEST 1741751754181 directly to Manager 30098
[2025-03-12 12:55:54,894] [INFO] [30088] COMMIT received from 30002 for REQUEST 1741751754181
[2025-03-12 12:55:54,894] [INFO] [30088] PREPARE received from 30150 for REQUEST 1741751754181
[2025-03-12 12:55:54,894] [INFO] [30088] COMMIT received from 30150 for REQUEST 1741751754181
[2025-03-12 12:55:54,996] [INFO] [30088] PREPARE received from 30058 for REQUEST 1741751754181
[2025-03-12 12:55:54,996] [INFO] [30088] PREPARE received from 30137 for REQUEST 1741751754181
[2025-03-12 12:55:55,027] [INFO] [30088] COMMIT received from 30058 for REQUEST 1741751754181
[2025-03-12 12:55:55,027] [INFO] [30088] COMMIT received from 30137 for REQUEST 1741751754181
[2025-03-12 12:55:55,027] [INFO] [30088] PREPARE received from 30001 for REQUEST 1741751754181
[2025-03-12 12:55:55,097] [INFO] [30088] PREPARE received from 30108 for REQUEST 1741751754181
[2025-03-12 12:55:55,097] [INFO] [30088] COMMIT received from 30108 for REQUEST 1741751754181
[2025-03-12 12:55:55,128] [INFO] [30088] COMMIT received from 30016 for REQUEST 1741751754181
[2025-03-12 12:55:55,128] [INFO] [30088] PREPARE received from 30016 for REQUEST 1741751754181
[2025-03-12 12:55:55,138] [INFO] [30088] PREPARE received from 30110 for REQUEST 1741751754181
[2025-03-12 12:55:55,138] [INFO] [30088] COMMIT received from 30110 for REQUEST 1741751754181
[2025-03-12 12:55:55,285] [INFO] [30088] COMMIT received from 30001 for REQUEST 1741751754181
[2025-03-12 12:55:55,361] [INFO] [30088] PREPARE received from 30092 for REQUEST 1741751754181
[2025-03-12 12:55:55,371] [INFO] [30088] COMMIT received from 30092 for REQUEST 1741751754181
[2025-03-12 12:55:55,423] [INFO] [30088] PREPARE received from 30126 for REQUEST 1741751754181
[2025-03-12 12:55:55,429] [INFO] [30088] COMMIT received from 30126 for REQUEST 1741751754181
[2025-03-12 12:55:55,552] [INFO] [30088] PREPARE received from 30025 for REQUEST 1741751754181
[2025-03-12 12:55:55,552] [INFO] [30088] PREPARE received from 30143 for REQUEST 1741751754181
[2025-03-12 12:55:55,552] [INFO] [30088] COMMIT received from 30143 for REQUEST 1741751754181
[2025-03-12 12:55:55,552] [INFO] [30088] COMMIT received from 30025 for REQUEST 1741751754181
[2025-03-12 12:55:55,629] [INFO] [30088] COMMIT received from 30118 for REQUEST 1741751754181
[2025-03-12 12:55:56,014] [INFO] [30088] PREPARE received from 30066 for REQUEST 1741751754181
[2025-03-12 12:55:56,014] [INFO] [30088] COMMIT received from 30066 for REQUEST 1741751754181
[2025-03-12 12:55:56,157] [INFO] [30088] PREPARE received from 30032 for REQUEST 1741751754181
[2025-03-12 12:55:56,159] [INFO] [30088] COMMIT received from 30032 for REQUEST 1741751754181
[2025-03-12 12:55:56,159] [INFO] [30088] PREPARE received from 30079 for REQUEST 1741751754181
[2025-03-12 12:55:56,159] [INFO] [30088] COMMIT received from 30079 for REQUEST 1741751754181
[2025-03-12 12:55:56,390] [INFO] [30088] PREPARE received from 30155 for REQUEST 1741751754181
[2025-03-12 12:55:56,390] [INFO] [30088] COMMIT received from 30155 for REQUEST 1741751754181
[2025-03-12 12:55:56,441] [INFO] [30088] PREPARE received from 30096 for REQUEST 1741751754181
[2025-03-12 12:55:56,441] [INFO] [30088] COMMIT received from 30096 for REQUEST 1741751754181
[2025-03-12 12:55:56,498] [INFO] [30088] PREPARE received from 30144 for REQUEST 1741751754181
[2025-03-12 12:55:56,504] [INFO] [30088] COMMIT received from 30144 for REQUEST 1741751754181
[2025-03-12 12:55:56,552] [INFO] [30088] PREPARE received from 30023 for REQUEST 1741751754181
[2025-03-12 12:55:56,560] [INFO] [30088] PREPARE received from 30019 for REQUEST 1741751754181
[2025-03-12 12:55:56,565] [INFO] [30088] COMMIT received from 30019 for REQUEST 1741751754181
[2025-03-12 12:55:56,565] [INFO] [30088] COMMIT received from 30023 for REQUEST 1741751754181
[2025-03-12 12:55:56,643] [INFO] [30088] PREPARE received from 30095 for REQUEST 1741751754181
[2025-03-12 12:55:56,646] [INFO] [30088] PREPARE received from 30041 for REQUEST 1741751754181
[2025-03-12 12:55:56,659] [INFO] [30088] COMMIT received from 30095 for REQUEST 1741751754181
[2025-03-12 12:55:56,659] [INFO] [30088] COMMIT received from 30041 for REQUEST 1741751754181
[2025-03-12 12:55:56,741] [INFO] [30088] PREPARE received from 30133 for REQUEST 1741751754181
[2025-03-12 12:55:56,776] [INFO] [30088] COMMIT received from 30133 for REQUEST 1741751754181
[2025-03-12 12:55:56,776] [INFO] [30088] PREPARE received from 30149 for REQUEST 1741751754181
[2025-03-12 12:55:56,776] [INFO] [30088] COMMIT received from 30149 for REQUEST 1741751754181
[2025-03-12 12:55:56,878] [INFO] [30088] PREPARE received from 30132 for REQUEST 1741751754181
[2025-03-12 12:55:56,878] [INFO] [30088] COMMIT received from 30132 for REQUEST 1741751754181
[2025-03-12 12:55:56,878] [INFO] [30088] PREPARE received from 30129 for REQUEST 1741751754181
[2025-03-12 12:55:56,878] [INFO] [30088] PREPARE received from 30046 for REQUEST 1741751754181
[2025-03-12 12:55:56,906] [INFO] [30088] COMMIT received from 30046 for REQUEST 1741751754181
[2025-03-12 12:55:56,910] [INFO] [30088] COMMIT received from 30129 for REQUEST 1741751754181
[2025-03-12 12:55:56,943] [INFO] [30088] PREPARE received from 30102 for REQUEST 1741751754181
[2025-03-12 12:55:56,943] [INFO] [30088] COMMIT received from 30102 for REQUEST 1741751754181
[2025-03-12 12:55:57,020] [INFO] [30088] PREPARE received from 30052 for REQUEST 1741751754181
[2025-03-12 12:55:57,035] [INFO] [30088] PREPARE received from 30077 for REQUEST 1741751754181
[2025-03-12 12:55:57,035] [INFO] [30088] PREPARE received from 30116 for REQUEST 1741751754181
[2025-03-12 12:55:57,035] [INFO] [30088] COMMIT received from 30052 for REQUEST 1741751754181
[2025-03-12 12:55:57,035] [INFO] [30088] COMMIT received from 30077 for REQUEST 1741751754181
[2025-03-12 12:55:57,044] [INFO] [30088] COMMIT received from 30116 for REQUEST 1741751754181
[2025-03-12 12:55:57,044] [INFO] [30088] PREPARE received from 30094 for REQUEST 1741751754181
[2025-03-12 12:55:57,049] [INFO] [30088] COMMIT received from 30094 for REQUEST 1741751754181
[2025-03-12 12:56:50,532] [INFO] Node started: localhost:30088 | index=89 | f=1, k=4
[2025-03-12 12:58:03,718] [INFO] [30088] PRE-PREPARE received: {'request_id': 1741751883632, 'data': 'llapbft_message_1741751883632', 'timestamp': 1741751883.6611185, 'leader': 30041, 'cluster_id': 2, 'cluster_ports': [30006, 30009, 30013, 30019, 30020, 30023, 30029, 30035, 30039, 30041, 30042, 30044, 30045, 30046, 30059, 30061, 30063, 30076, 30080, 30081, 30088, 30094, 30095, 30097, 30107, 30111, 30112, 30113, 30116, 30119], 'cluster_manager': {'host': 'localhost', 'port': 30059, 'latitude': 36.6267944, 'longitude': 127.4592355, 'altitude': 23, 'offset_m': 'lat: 21 m, lng: 65 m, alt: 23 m'}, 'simulated_delay': 0.0003573333333333333, 'distance': 222.82923947227232, 'message_size_bits': 4288}
[2025-03-12 12:58:03,718] [INFO] [30088] Broadcasting PREPARE: REQUEST 1741751883632
[2025-03-12 12:58:04,000] [INFO] [30088] PREPARE received from 30035 for REQUEST 1741751883632
[2025-03-12 12:58:04,000] [INFO] [30088] Broadcasting COMMIT: REQUEST 1741751883632
[2025-03-12 12:58:04,054] [INFO] [30088] PREPARE received from 30061 for REQUEST 1741751883632
[2025-03-12 12:58:04,054] [INFO] [30088] PREPARE received from 30076 for REQUEST 1741751883632
[2025-03-12 12:58:04,054] [INFO] [30088] PREPARE received from 30111 for REQUEST 1741751883632
[2025-03-12 12:58:04,054] [INFO] [30088] PREPARE received from 30081 for REQUEST 1741751883632
[2025-03-12 12:58:04,057] [INFO] [30088] PREPARE received from 30039 for REQUEST 1741751883632
[2025-03-12 12:58:04,063] [INFO] [30088] COMMIT received from 30035 for REQUEST 1741751883632
[2025-03-12 12:58:04,065] [INFO] [30088] COMMIT received from 30081 for REQUEST 1741751883632
[2025-03-12 12:58:04,065] [INFO] [30088] COMMIT complete. Sending PRE-REPLY: REQUEST 1741751883632 directly to Manager 30059
[2025-03-12 12:58:04,125] [INFO] [30088] COMMIT received from 30076 for REQUEST 1741751883632
[2025-03-12 12:58:04,238] [INFO] [30088] COMMIT received from 30111 for REQUEST 1741751883632
[2025-03-12 12:58:04,240] [INFO] [30088] COMMIT received from 30061 for REQUEST 1741751883632
[2025-03-12 12:58:04,250] [INFO] [30088] COMMIT received from 30039 for REQUEST 1741751883632
[2025-03-12 12:58:04,303] [INFO] [30088] PREPARE received from 30023 for REQUEST 1741751883632
[2025-03-12 12:58:04,312] [INFO] [30088] COMMIT received from 30107 for REQUEST 1741751883632
[2025-03-12 12:58:04,312] [INFO] [30088] PREPARE received from 30107 for REQUEST 1741751883632
[2025-03-12 12:58:04,312] [INFO] [30088] PREPARE received from 30020 for REQUEST 1741751883632
[2025-03-12 12:58:04,438] [INFO] [30088] COMMIT received from 30023 for REQUEST 1741751883632
[2025-03-12 12:58:04,438] [INFO] [30088] PREPARE received from 30019 for REQUEST 1741751883632
[2025-03-12 12:58:04,446] [INFO] [30088] COMMIT received from 30019 for REQUEST 1741751883632
[2025-03-12 12:58:04,650] [INFO] [30088] COMMIT received from 30020 for REQUEST 1741751883632
[2025-03-12 12:58:04,770] [INFO] [30088] PREPARE received from 30097 for REQUEST 1741751883632
[2025-03-12 12:58:04,770] [INFO] [30088] COMMIT received from 30041 for REQUEST 1741751883632
[2025-03-12 12:58:04,782] [INFO] [30088] COMMIT received from 30097 for REQUEST 1741751883632
[2025-03-12 12:58:04,782] [INFO] [30088] PREPARE received from 30045 for REQUEST 1741751883632
[2025-03-12 12:58:04,782] [INFO] [30088] PREPARE received from 30119 for REQUEST 1741751883632
[2025-03-12 12:58:04,782] [INFO] [30088] PREPARE received from 30080 for REQUEST 1741751883632
[2025-03-12 12:58:04,792] [INFO] [30088] COMMIT received from 30080 for REQUEST 1741751883632
[2025-03-12 12:58:04,792] [INFO] [30088] COMMIT received from 30045 for REQUEST 1741751883632
[2025-03-12 12:58:04,792] [INFO] [30088] COMMIT received from 30119 for REQUEST 1741751883632
[2025-03-12 12:58:04,824] [INFO] [30088] PREPARE received from 30042 for REQUEST 1741751883632
[2025-03-12 12:58:04,840] [INFO] [30088] COMMIT received from 30042 for REQUEST 1741751883632
[2025-03-12 12:58:04,899] [INFO] [30088] PREPARE received from 30063 for REQUEST 1741751883632
[2025-03-12 12:58:04,905] [INFO] [30088] PREPARE received from 30046 for REQUEST 1741751883632
[2025-03-12 12:58:04,905] [INFO] [30088] COMMIT received from 30046 for REQUEST 1741751883632
[2025-03-12 12:58:04,921] [INFO] [30088] COMMIT received from 30063 for REQUEST 1741751883632
[2025-03-12 12:58:04,926] [INFO] [30088] PREPARE received from 30013 for REQUEST 1741751883632
[2025-03-12 12:58:04,934] [INFO] [30088] COMMIT received from 30013 for REQUEST 1741751883632
[2025-03-12 12:58:04,948] [INFO] [30088] PREPARE received from 30006 for REQUEST 1741751883632
[2025-03-12 12:58:04,950] [INFO] [30088] COMMIT received from 30006 for REQUEST 1741751883632
[2025-03-12 12:58:04,970] [INFO] [30088] PREPARE received from 30112 for REQUEST 1741751883632
[2025-03-12 12:58:04,970] [INFO] [30088] PREPARE received from 30009 for REQUEST 1741751883632
[2025-03-12 12:58:04,995] [INFO] [30088] COMMIT received from 30112 for REQUEST 1741751883632
[2025-03-12 12:58:04,999] [INFO] [30088] COMMIT received from 30009 for REQUEST 1741751883632
[2025-03-12 12:58:05,006] [INFO] [30088] PREPARE received from 30029 for REQUEST 1741751883632
[2025-03-12 12:58:05,017] [INFO] [30088] COMMIT received from 30029 for REQUEST 1741751883632
[2025-03-12 12:58:05,040] [INFO] [30088] PREPARE received from 30095 for REQUEST 1741751883632
[2025-03-12 12:58:05,040] [INFO] [30088] COMMIT received from 30095 for REQUEST 1741751883632
[2025-03-12 12:58:05,066] [INFO] [30088] PREPARE received from 30116 for REQUEST 1741751883632
[2025-03-12 12:58:05,073] [INFO] [30088] COMMIT received from 30116 for REQUEST 1741751883632
[2025-03-12 12:58:05,073] [INFO] [30088] PREPARE received from 30044 for REQUEST 1741751883632
[2025-03-12 12:58:05,080] [INFO] [30088] COMMIT received from 30044 for REQUEST 1741751883632
[2025-03-12 13:45:28,714] [INFO] [30088] PRE-PREPARE received: {'request_id': 1741754728638, 'data': 'llapbft_message_1741754728638', 'timestamp': 1741754728.6704988, 'leader': 30041, 'cluster_id': 2, 'cluster_ports': [30006, 30009, 30013, 30019, 30020, 30023, 30029, 30035, 30039, 30041, 30042, 30044, 30045, 30046, 30059, 30061, 30063, 30076, 30080, 30081, 30088, 30094, 30095, 30097, 30107, 30111, 30112, 30113, 30116, 30119], 'cluster_manager': {'host': 'localhost', 'port': 30059, 'latitude': 36.6267944, 'longitude': 127.4592355, 'altitude': 23, 'offset_m': 'lat: 21 m, lng: 65 m, alt: 23 m'}, 'simulated_delay': 0.0003573333333333333, 'distance': 222.82923947227232, 'message_size_bits': 4288}
[2025-03-12 13:45:28,714] [INFO] [30088] Broadcasting PREPARE: REQUEST 1741754728638
[2025-03-12 13:45:28,942] [INFO] [30088] PREPARE received from 30061 for REQUEST 1741754728638
[2025-03-12 13:45:28,942] [INFO] [30088] Broadcasting COMMIT: REQUEST 1741754728638
[2025-03-12 13:45:28,942] [INFO] [30088] PREPARE received from 30076 for REQUEST 1741754728638
[2025-03-12 13:45:28,942] [INFO] [30088] PREPARE received from 30111 for REQUEST 1741754728638
[2025-03-12 13:45:28,948] [INFO] [30088] PREPARE received from 30039 for REQUEST 1741754728638
[2025-03-12 13:45:28,948] [INFO] [30088] PREPARE received from 30035 for REQUEST 1741754728638
[2025-03-12 13:45:28,948] [INFO] [30088] PREPARE received from 30081 for REQUEST 1741754728638
[2025-03-12 13:45:28,973] [INFO] [30088] COMMIT received from 30035 for REQUEST 1741754728638
[2025-03-12 13:45:28,981] [INFO] [30088] COMMIT received from 30081 for REQUEST 1741754728638
[2025-03-12 13:45:28,981] [INFO] [30088] COMMIT complete. Sending PRE-REPLY: REQUEST 1741754728638 directly to Manager 30059
[2025-03-12 13:45:28,985] [INFO] [30088] PREPARE received from 30023 for REQUEST 1741754728638
[2025-03-12 13:45:29,111] [INFO] [30088] COMMIT received from 30111 for REQUEST 1741754728638
[2025-03-12 13:45:29,111] [INFO] [30088] COMMIT received from 30076 for REQUEST 1741754728638
[2025-03-12 13:45:29,220] [INFO] [30088] COMMIT received from 30061 for REQUEST 1741754728638
[2025-03-12 13:45:29,220] [INFO] [30088] PREPARE received from 30107 for REQUEST 1741754728638
[2025-03-12 13:45:29,246] [INFO] [30088] COMMIT received from 30107 for REQUEST 1741754728638
[2025-03-12 13:45:29,246] [INFO] [30088] COMMIT received from 30039 for REQUEST 1741754728638
[2025-03-12 13:45:29,277] [INFO] [30088] PREPARE received from 30020 for REQUEST 1741754728638
[2025-03-12 13:45:29,292] [INFO] [30088] COMMIT received from 30023 for REQUEST 1741754728638
[2025-03-12 13:45:29,543] [INFO] [30088] COMMIT received from 30020 for REQUEST 1741754728638
[2025-03-12 13:45:29,543] [INFO] [30088] PREPARE received from 30019 for REQUEST 1741754728638
[2025-03-12 13:45:29,543] [INFO] [30088] COMMIT received from 30019 for REQUEST 1741754728638
[2025-03-12 13:45:29,590] [INFO] [30088] PREPARE received from 30112 for REQUEST 1741754728638
[2025-03-12 13:45:29,597] [INFO] [30088] COMMIT received from 30112 for REQUEST 1741754728638
[2025-03-12 13:45:29,607] [INFO] [30088] PREPARE received from 30046 for REQUEST 1741754728638
[2025-03-12 13:45:29,610] [INFO] [30088] PREPARE received from 30116 for REQUEST 1741754728638
[2025-03-12 13:45:29,610] [INFO] [30088] COMMIT received from 30046 for REQUEST 1741754728638
[2025-03-12 13:45:29,610] [INFO] [30088] COMMIT received from 30116 for REQUEST 1741754728638
[2025-03-12 13:45:29,618] [INFO] [30088] COMMIT received from 30041 for REQUEST 1741754728638
[2025-03-12 13:45:29,838] [INFO] [30088] COMMIT received from 30080 for REQUEST 1741754728638
[2025-03-12 13:45:29,838] [INFO] [30088] PREPARE received from 30044 for REQUEST 1741754728638
[2025-03-12 13:45:29,838] [INFO] [30088] PREPARE received from 30080 for REQUEST 1741754728638
[2025-03-12 13:45:29,838] [INFO] [30088] PREPARE received from 30042 for REQUEST 1741754728638
[2025-03-12 13:45:29,838] [INFO] [30088] PREPARE received from 30097 for REQUEST 1741754728638
[2025-03-12 13:45:29,854] [INFO] [30088] COMMIT received from 30097 for REQUEST 1741754728638
[2025-03-12 13:45:29,854] [INFO] [30088] COMMIT received from 30044 for REQUEST 1741754728638
[2025-03-12 13:45:29,854] [INFO] [30088] COMMIT received from 30119 for REQUEST 1741754728638
[2025-03-12 13:45:29,854] [INFO] [30088] COMMIT received from 30042 for REQUEST 1741754728638
[2025-03-12 13:45:29,870] [INFO] [30088] PREPARE received from 30119 for REQUEST 1741754728638
[2025-03-12 13:45:29,886] [INFO] [30088] PREPARE received from 30013 for REQUEST 1741754728638
[2025-03-12 13:45:29,905] [INFO] [30088] COMMIT received from 30013 for REQUEST 1741754728638
[2025-03-12 13:45:29,922] [INFO] [30088] PREPARE received from 30045 for REQUEST 1741754728638
[2025-03-12 13:45:29,922] [INFO] [30088] COMMIT received from 30045 for REQUEST 1741754728638
[2025-03-12 13:45:29,948] [INFO] [30088] PREPARE received from 30006 for REQUEST 1741754728638
[2025-03-12 13:45:29,950] [INFO] [30088] COMMIT received from 30006 for REQUEST 1741754728638
[2025-03-12 13:45:30,014] [INFO] [30088] PREPARE received from 30029 for REQUEST 1741754728638
[2025-03-12 13:45:30,014] [INFO] [30088] COMMIT received from 30029 for REQUEST 1741754728638
[2025-03-12 13:45:30,024] [INFO] [30088] PREPARE received from 30009 for REQUEST 1741754728638
[2025-03-12 13:45:30,024] [INFO] [30088] COMMIT received from 30009 for REQUEST 1741754728638
[2025-03-12 13:45:30,070] [INFO] [30088] PREPARE received from 30063 for REQUEST 1741754728638
[2025-03-12 13:45:30,074] [INFO] [30088] COMMIT received from 30063 for REQUEST 1741754728638
[2025-03-12 13:45:30,074] [INFO] [30088] PREPARE received from 30095 for REQUEST 1741754728638
[2025-03-12 13:45:30,074] [INFO] [30088] COMMIT received from 30095 for REQUEST 1741754728638
[2025-03-12 13:45:36,128] [INFO] [30088] PRE-PREPARE received: {'request_id': 1741754736031, 'data': 'llapbft_message_1741754736031', 'timestamp': 1741754736.063827, 'leader': 30041, 'cluster_id': 2, 'cluster_ports': [30006, 30009, 30013, 30019, 30020, 30023, 30029, 30035, 30039, 30041, 30042, 30044, 30045, 30046, 30059, 30061, 30063, 30076, 30080, 30081, 30088, 30094, 30095, 30097, 30107, 30111, 30112, 30113, 30116, 30119], 'cluster_manager': {'host': 'localhost', 'port': 30059, 'latitude': 36.6267944, 'longitude': 127.4592355, 'altitude': 23, 'offset_m': 'lat: 21 m, lng: 65 m, alt: 23 m'}, 'simulated_delay': 0.00035666666666666664, 'distance': 222.82923947227232, 'message_size_bits': 4280}
[2025-03-12 13:45:36,128] [INFO] [30088] Broadcasting PREPARE: REQUEST 1741754736031
[2025-03-12 13:45:36,138] [INFO] [30088] COMMIT received from 30063 for REQUEST 1741754736031
[2025-03-12 13:45:36,138] [INFO] [30088] PREPARE received from 30042 for REQUEST 1741754736031
[2025-03-12 13:45:36,138] [INFO] [30088] Broadcasting COMMIT: REQUEST 1741754736031
[2025-03-12 13:45:36,138] [INFO] [30088] PREPARE received from 30063 for REQUEST 1741754736031
[2025-03-12 13:45:36,138] [INFO] [30088] PREPARE received from 30081 for REQUEST 1741754736031
[2025-03-12 13:45:36,138] [INFO] [30088] COMMIT received from 30042 for REQUEST 1741754736031
[2025-03-12 13:45:36,138] [INFO] [30088] COMMIT complete. Sending PRE-REPLY: REQUEST 1741754736031 directly to Manager 30059
[2025-03-12 13:45:36,138] [INFO] [30088] PREPARE received from 30097 for REQUEST 1741754736031
[2025-03-12 13:45:36,140] [INFO] [30088] PREPARE received from 30029 for REQUEST 1741754736031
[2025-03-12 13:45:36,140] [INFO] [30088] PREPARE received from 30023 for REQUEST 1741754736031
[2025-03-12 13:45:36,140] [INFO] [30088] PREPARE received from 30076 for REQUEST 1741754736031
[2025-03-12 13:45:36,140] [INFO] [30088] COMMIT received from 30107 for REQUEST 1741754736031
[2025-03-12 13:45:36,140] [INFO] [30088] COMMIT received from 30076 for REQUEST 1741754736031
[2025-03-12 13:45:36,140] [INFO] [30088] PREPARE received from 30044 for REQUEST 1741754736031
[2025-03-12 13:45:36,142] [INFO] [30088] PREPARE received from 30116 for REQUEST 1741754736031
[2025-03-12 13:45:36,142] [INFO] [30088] PREPARE received from 30009 for REQUEST 1741754736031
[2025-03-12 13:45:36,142] [INFO] [30088] PREPARE received from 30107 for REQUEST 1741754736031
[2025-03-12 13:45:36,142] [INFO] [30088] COMMIT received from 30080 for REQUEST 1741754736031
[2025-03-12 13:45:36,142] [INFO] [30088] PREPARE received from 30020 for REQUEST 1741754736031
[2025-03-12 13:45:36,142] [INFO] [30088] PREPARE received from 30080 for REQUEST 1741754736031
[2025-03-12 13:45:36,143] [INFO] [30088] COMMIT received from 30045 for REQUEST 1741754736031
[2025-03-12 13:45:36,143] [INFO] [30088] PREPARE received from 30045 for REQUEST 1741754736031
[2025-03-12 13:45:36,143] [INFO] [30088] PREPARE received from 30013 for REQUEST 1741754736031
[2025-03-12 13:45:36,143] [INFO] [30088] COMMIT received from 30044 for REQUEST 1741754736031
[2025-03-12 13:45:36,143] [INFO] [30088] COMMIT received from 30029 for REQUEST 1741754736031
[2025-03-12 13:45:36,143] [INFO] [30088] COMMIT received from 30116 for REQUEST 1741754736031
[2025-03-12 13:45:36,143] [INFO] [30088] COMMIT received from 30081 for REQUEST 1741754736031
[2025-03-12 13:45:36,145] [INFO] [30088] COMMIT received from 30097 for REQUEST 1741754736031
[2025-03-12 13:45:36,158] [INFO] [30088] PREPARE received from 30039 for REQUEST 1741754736031
[2025-03-12 13:45:36,160] [INFO] [30088] COMMIT received from 30020 for REQUEST 1741754736031
[2025-03-12 13:45:36,161] [INFO] [30088] PREPARE received from 30095 for REQUEST 1741754736031
[2025-03-12 13:45:36,161] [INFO] [30088] PREPARE received from 30061 for REQUEST 1741754736031
[2025-03-12 13:45:36,161] [INFO] [30088] PREPARE received from 30006 for REQUEST 1741754736031
[2025-03-12 13:45:36,168] [INFO] [30088] PREPARE received from 30035 for REQUEST 1741754736031
[2025-03-12 13:45:36,170] [INFO] [30088] COMMIT received from 30035 for REQUEST 1741754736031
[2025-03-12 13:45:36,170] [INFO] [30088] COMMIT received from 30061 for REQUEST 1741754736031
[2025-03-12 13:45:36,170] [INFO] [30088] COMMIT received from 30041 for REQUEST 1741754736031
[2025-03-12 13:45:36,170] [INFO] [30088] PREPARE received from 30019 for REQUEST 1741754736031
[2025-03-12 13:45:36,172] [INFO] [30088] COMMIT received from 30006 for REQUEST 1741754736031
[2025-03-12 13:45:36,174] [INFO] [30088] COMMIT received from 30023 for REQUEST 1741754736031
[2025-03-12 13:45:36,174] [INFO] [30088] COMMIT received from 30019 for REQUEST 1741754736031
[2025-03-12 13:45:36,220] [INFO] [30088] COMMIT received from 30039 for REQUEST 1741754736031
[2025-03-12 13:45:36,224] [INFO] [30088] PREPARE received from 30119 for REQUEST 1741754736031
[2025-03-12 13:45:36,224] [INFO] [30088] COMMIT received from 30095 for REQUEST 1741754736031
[2025-03-12 13:45:36,403] [INFO] [30088] PREPARE received from 30112 for REQUEST 1741754736031
[2025-03-12 13:45:36,405] [INFO] [30088] PREPARE received from 30111 for REQUEST 1741754736031
[2025-03-12 13:45:36,405] [INFO] [30088] COMMIT received from 30013 for REQUEST 1741754736031
[2025-03-12 13:45:36,439] [INFO] [30088] COMMIT received from 30112 for REQUEST 1741754736031
[2025-03-12 13:45:36,457] [INFO] [30088] COMMIT received from 30119 for REQUEST 1741754736031
[2025-03-12 13:45:36,457] [INFO] [30088] PREPARE received from 30046 for REQUEST 1741754736031
[2025-03-12 13:45:36,527] [INFO] [30088] COMMIT received from 30111 for REQUEST 1741754736031
[2025-03-12 13:45:36,555] [INFO] [30088] COMMIT received from 30009 for REQUEST 1741754736031
[2025-03-12 13:45:36,558] [INFO] [30088] COMMIT received from 30046 for REQUEST 1741754736031
[2025-03-12 13:45:47,490] [INFO] [30088] PRE-PREPARE received: {'request_id': 1741754747345, 'data': 'llapbft_message_1741754747345', 'timestamp': 1741754747.370292, 'leader': 30041, 'cluster_id': 2, 'cluster_ports': [30006, 30009, 30013, 30019, 30020, 30023, 30029, 30035, 30039, 30041, 30042, 30044, 30045, 30046, 30059, 30061, 30063, 30076, 30080, 30081, 30088, 30094, 30095, 30097, 30107, 30111, 30112, 30113, 30116, 30119], 'cluster_manager': {'host': 'localhost', 'port': 30059, 'latitude': 36.6267944, 'longitude': 127.4592355, 'altitude': 23, 'offset_m': 'lat: 21 m, lng: 65 m, alt: 23 m'}, 'simulated_delay': 0.00035666666666666664, 'distance': 222.82923947227232, 'message_size_bits': 4280}
[2025-03-12 13:45:47,490] [INFO] [30088] Broadcasting PREPARE: REQUEST 1741754747345
[2025-03-12 13:45:47,496] [INFO] [30088] PREPARE received from 30006 for REQUEST 1741754747345
[2025-03-12 13:45:47,496] [INFO] [30088] Broadcasting COMMIT: REQUEST 1741754747345
[2025-03-12 13:45:47,498] [INFO] [30088] PREPARE received from 30095 for REQUEST 1741754747345
[2025-03-12 13:45:47,498] [INFO] [30088] PREPARE received from 30061 for REQUEST 1741754747345
[2025-03-12 13:45:47,498] [INFO] [30088] PREPARE received from 30023 for REQUEST 1741754747345
[2025-03-12 13:45:47,498] [INFO] [30088] PREPARE received from 30076 for REQUEST 1741754747345
[2025-03-12 13:45:47,498] [INFO] [30088] COMMIT received from 30020 for REQUEST 1741754747345
[2025-03-12 13:45:47,498] [INFO] [30088] PREPARE received from 30080 for REQUEST 1741754747345
[2025-03-12 13:45:47,498] [INFO] [30088] PREPARE received from 30046 for REQUEST 1741754747345
[2025-03-12 13:45:47,498] [INFO] [30088] PREPARE received from 30020 for REQUEST 1741754747345
[2025-03-12 13:45:47,500] [INFO] [30088] PREPARE received from 30009 for REQUEST 1741754747345
[2025-03-12 13:45:47,577] [INFO] [30088] PREPARE received from 30035 for REQUEST 1741754747345
[2025-03-12 13:45:47,579] [INFO] [30088] PREPARE received from 30112 for REQUEST 1741754747345
[2025-03-12 13:45:47,581] [INFO] [30088] PREPARE received from 30081 for REQUEST 1741754747345
[2025-03-12 13:45:47,665] [INFO] [30088] COMMIT received from 30035 for REQUEST 1741754747345
[2025-03-12 13:45:47,665] [INFO] [30088] COMMIT complete. Sending PRE-REPLY: REQUEST 1741754747345 directly to Manager 30059
[2025-03-12 13:45:47,665] [INFO] [30088] PREPARE received from 30063 for REQUEST 1741754747345
[2025-03-12 13:45:47,667] [INFO] [30088] PREPARE received from 30045 for REQUEST 1741754747345
[2025-03-12 13:45:47,667] [INFO] [30088] PREPARE received from 30013 for REQUEST 1741754747345
[2025-03-12 13:45:47,674] [INFO] [30088] COMMIT received from 30111 for REQUEST 1741754747345
[2025-03-12 13:45:47,674] [INFO] [30088] COMMIT received from 30095 for REQUEST 1741754747345
[2025-03-12 13:45:47,674] [INFO] [30088] PREPARE received from 30039 for REQUEST 1741754747345
[2025-03-12 13:45:47,674] [INFO] [30088] COMMIT received from 30041 for REQUEST 1741754747345
[2025-03-12 13:45:47,676] [INFO] [30088] COMMIT received from 30023 for REQUEST 1741754747345
[2025-03-12 13:45:47,676] [INFO] [30088] COMMIT received from 30076 for REQUEST 1741754747345
[2025-03-12 13:45:47,676] [INFO] [30088] PREPARE received from 30111 for REQUEST 1741754747345
[2025-03-12 13:45:47,676] [INFO] [30088] PREPARE received from 30116 for REQUEST 1741754747345
[2025-03-12 13:45:47,676] [INFO] [30088] PREPARE received from 30042 for REQUEST 1741754747345
[2025-03-12 13:45:47,678] [INFO] [30088] COMMIT received from 30006 for REQUEST 1741754747345
[2025-03-12 13:45:47,678] [INFO] [30088] COMMIT received from 30061 for REQUEST 1741754747345
[2025-03-12 13:45:47,680] [INFO] [30088] PREPARE received from 30119 for REQUEST 1741754747345
[2025-03-12 13:45:47,680] [INFO] [30088] COMMIT received from 30081 for REQUEST 1741754747345
[2025-03-12 13:45:47,680] [INFO] [30088] COMMIT received from 30097 for REQUEST 1741754747345
[2025-03-12 13:45:47,680] [INFO] [30088] COMMIT received from 30044 for REQUEST 1741754747345
[2025-03-12 13:45:47,680] [INFO] [30088] COMMIT received from 30116 for REQUEST 1741754747345
[2025-03-12 13:45:47,680] [INFO] [30088] PREPARE received from 30107 for REQUEST 1741754747345
[2025-03-12 13:45:47,680] [INFO] [30088] COMMIT received from 30080 for REQUEST 1741754747345
[2025-03-12 13:45:47,680] [INFO] [30088] PREPARE received from 30044 for REQUEST 1741754747345
[2025-03-12 13:45:47,682] [INFO] [30088] PREPARE received from 30029 for REQUEST 1741754747345
[2025-03-12 13:45:47,682] [INFO] [30088] COMMIT received from 30042 for REQUEST 1741754747345
[2025-03-12 13:45:47,682] [INFO] [30088] PREPARE received from 30097 for REQUEST 1741754747345
[2025-03-12 13:45:47,685] [INFO] [30088] PREPARE received from 30019 for REQUEST 1741754747345
[2025-03-12 13:45:47,701] [INFO] [30088] COMMIT received from 30019 for REQUEST 1741754747345
[2025-03-12 13:45:47,722] [INFO] [30088] COMMIT received from 30045 for REQUEST 1741754747345
[2025-03-12 13:45:47,756] [INFO] [30088] COMMIT received from 30063 for REQUEST 1741754747345
[2025-03-12 13:45:47,760] [INFO] [30088] COMMIT received from 30039 for REQUEST 1741754747345
[2025-03-12 13:45:47,772] [INFO] [30088] COMMIT received from 30107 for REQUEST 1741754747345
[2025-03-12 13:45:47,796] [INFO] [30088] COMMIT received from 30119 for REQUEST 1741754747345
[2025-03-12 13:45:47,814] [INFO] [30088] COMMIT received from 30013 for REQUEST 1741754747345
[2025-03-12 13:45:47,814] [INFO] [30088] COMMIT received from 30029 for REQUEST 1741754747345
[2025-03-12 13:45:47,859] [INFO] [30088] COMMIT received from 30112 for REQUEST 1741754747345
[2025-03-12 13:45:47,890] [INFO] [30088] COMMIT received from 30046 for REQUEST 1741754747345
[2025-03-12 13:45:47,891] [INFO] [30088] COMMIT received from 30009 for REQUEST 1741754747345
[2025-03-12 13:45:59,095] [INFO] [30088] PRE-PREPARE received: {'request_id': 1741754759008, 'data': 'llapbft_message_1741754759008', 'timestamp': 1741754759.0302613, 'leader': 30041, 'cluster_id': 2, 'cluster_ports': [30006, 30009, 30013, 30019, 30020, 30023, 30029, 30035, 30039, 30041, 30042, 30044, 30045, 30046, 30059, 30061, 30063, 30076, 30080, 30081, 30088, 30094, 30095, 30097, 30107, 30111, 30112, 30113, 30116, 30119], 'cluster_manager': {'host': 'localhost', 'port': 30059, 'latitude': 36.6267944, 'longitude': 127.4592355, 'altitude': 23, 'offset_m': 'lat: 21 m, lng: 65 m, alt: 23 m'}, 'simulated_delay': 0.0003573333333333333, 'distance': 222.82923947227232, 'message_size_bits': 4288}
[2025-03-12 13:45:59,095] [INFO] [30088] Broadcasting PREPARE: REQUEST 1741754759008
[2025-03-12 13:45:59,103] [INFO] [30088] COMMIT received from 30023 for REQUEST 1741754759008
[2025-03-12 13:45:59,103] [INFO] [30088] PREPARE received from 30019 for REQUEST 1741754759008
[2025-03-12 13:45:59,103] [INFO] [30088] Broadcasting COMMIT: REQUEST 1741754759008
[2025-03-12 13:45:59,105] [INFO] [30088] PREPARE received from 30112 for REQUEST 1741754759008
[2025-03-12 13:45:59,105] [INFO] [30088] PREPARE received from 30023 for REQUEST 1741754759008
[2025-03-12 13:45:59,109] [INFO] [30088] COMMIT received from 30112 for REQUEST 1741754759008
[2025-03-12 13:45:59,111] [INFO] [30088] COMMIT complete. Sending PRE-REPLY: REQUEST 1741754759008 directly to Manager 30059
[2025-03-12 13:45:59,119] [INFO] [30088] PREPARE received from 30061 for REQUEST 1741754759008
[2025-03-12 13:45:59,121] [INFO] [30088] PREPARE received from 30035 for REQUEST 1741754759008
[2025-03-12 13:45:59,129] [INFO] [30088] COMMIT received from 30035 for REQUEST 1741754759008
[2025-03-12 13:45:59,129] [INFO] [30088] COMMIT received from 30061 for REQUEST 1741754759008
[2025-03-12 13:45:59,131] [INFO] [30088] PREPARE received from 30045 for REQUEST 1741754759008
[2025-03-12 13:45:59,133] [INFO] [30088] PREPARE received from 30063 for REQUEST 1741754759008
[2025-03-12 13:45:59,133] [INFO] [30088] PREPARE received from 30076 for REQUEST 1741754759008
[2025-03-12 13:45:59,133] [INFO] [30088] PREPARE received from 30080 for REQUEST 1741754759008
[2025-03-12 13:45:59,133] [INFO] [30088] PREPARE received from 30013 for REQUEST 1741754759008
[2025-03-12 13:45:59,158] [INFO] [30088] PREPARE received from 30044 for REQUEST 1741754759008
[2025-03-12 13:45:59,160] [INFO] [30088] PREPARE received from 30039 for REQUEST 1741754759008
[2025-03-12 13:45:59,160] [INFO] [30088] PREPARE received from 30020 for REQUEST 1741754759008
[2025-03-12 13:45:59,160] [INFO] [30088] PREPARE received from 30029 for REQUEST 1741754759008
[2025-03-12 13:45:59,160] [INFO] [30088] PREPARE received from 30116 for REQUEST 1741754759008
[2025-03-12 13:45:59,164] [INFO] [30088] COMMIT received from 30020 for REQUEST 1741754759008
[2025-03-12 13:45:59,164] [INFO] [30088] PREPARE received from 30009 for REQUEST 1741754759008
[2025-03-12 13:45:59,166] [INFO] [30088] COMMIT received from 30044 for REQUEST 1741754759008
[2025-03-12 13:45:59,166] [INFO] [30088] PREPARE received from 30006 for REQUEST 1741754759008
[2025-03-12 13:45:59,166] [INFO] [30088] COMMIT received from 30029 for REQUEST 1741754759008
[2025-03-12 13:45:59,178] [INFO] [30088] COMMIT received from 30009 for REQUEST 1741754759008
[2025-03-12 13:45:59,270] [INFO] [30088] COMMIT received from 30006 for REQUEST 1741754759008
[2025-03-12 13:45:59,293] [INFO] [30088] PREPARE received from 30111 for REQUEST 1741754759008
[2025-03-12 13:45:59,295] [INFO] [30088] PREPARE received from 30081 for REQUEST 1741754759008
[2025-03-12 13:45:59,295] [INFO] [30088] PREPARE received from 30042 for REQUEST 1741754759008
[2025-03-12 13:45:59,295] [INFO] [30088] PREPARE received from 30095 for REQUEST 1741754759008
[2025-03-12 13:45:59,295] [INFO] [30088] PREPARE received from 30046 for REQUEST 1741754759008
[2025-03-12 13:45:59,295] [INFO] [30088] COMMIT received from 30041 for REQUEST 1741754759008
[2025-03-12 13:45:59,297] [INFO] [30088] PREPARE received from 30119 for REQUEST 1741754759008
[2025-03-12 13:45:59,297] [INFO] [30088] PREPARE received from 30097 for REQUEST 1741754759008
[2025-03-12 13:45:59,297] [INFO] [30088] PREPARE received from 30107 for REQUEST 1741754759008
[2025-03-12 13:45:59,297] [INFO] [30088] COMMIT received from 30046 for REQUEST 1741754759008
[2025-03-12 13:45:59,298] [INFO] [30088] COMMIT received from 30081 for REQUEST 1741754759008
[2025-03-12 13:45:59,298] [INFO] [30088] COMMIT received from 30116 for REQUEST 1741754759008
[2025-03-12 13:45:59,331] [INFO] [30088] COMMIT received from 30042 for REQUEST 1741754759008
[2025-03-12 13:45:59,332] [INFO] [30088] COMMIT received from 30063 for REQUEST 1741754759008
[2025-03-12 13:45:59,333] [INFO] [30088] COMMIT received from 30045 for REQUEST 1741754759008
[2025-03-12 13:45:59,359] [INFO] [30088] COMMIT received from 30111 for REQUEST 1741754759008
[2025-03-12 13:45:59,391] [INFO] [30088] COMMIT received from 30019 for REQUEST 1741754759008
[2025-03-12 13:45:59,395] [INFO] [30088] COMMIT received from 30039 for REQUEST 1741754759008
[2025-03-12 13:45:59,407] [INFO] [30088] COMMIT received from 30097 for REQUEST 1741754759008
[2025-03-12 13:45:59,419] [INFO] [30088] COMMIT received from 30076 for REQUEST 1741754759008
[2025-03-12 13:45:59,431] [INFO] [30088] COMMIT received from 30119 for REQUEST 1741754759008
[2025-03-12 13:45:59,474] [INFO] [30088] COMMIT received from 30013 for REQUEST 1741754759008
[2025-03-12 13:45:59,514] [INFO] [30088] COMMIT received from 30107 for REQUEST 1741754759008
[2025-03-12 13:45:59,519] [INFO] [30088] COMMIT received from 30095 for REQUEST 1741754759008
[2025-03-12 13:45:59,595] [INFO] [30088] COMMIT received from 30080 for REQUEST 1741754759008
[2025-03-12 13:46:11,335] [INFO] [30088] PRE-PREPARE received: {'request_id': 1741754771266, 'data': 'llapbft_message_1741754771266', 'timestamp': 1741754771.2983816, 'leader': 30041, 'cluster_id': 2, 'cluster_ports': [30006, 30009, 30013, 30019, 30020, 30023, 30029, 30035, 30039, 30041, 30042, 30044, 30045, 30046, 30059, 30061, 30063, 30076, 30080, 30081, 30088, 30094, 30095, 30097, 30107, 30111, 30112, 30113, 30116, 30119], 'cluster_manager': {'host': 'localhost', 'port': 30059, 'latitude': 36.6267944, 'longitude': 127.4592355, 'altitude': 23, 'offset_m': 'lat: 21 m, lng: 65 m, alt: 23 m'}, 'simulated_delay': 0.0003573333333333333, 'distance': 222.82923947227232, 'message_size_bits': 4288}
[2025-03-12 13:46:11,335] [INFO] [30088] Broadcasting PREPARE: REQUEST 1741754771266
[2025-03-12 13:46:11,414] [INFO] [30088] PREPARE received from 30039 for REQUEST 1741754771266
[2025-03-12 13:46:11,414] [INFO] [30088] Broadcasting COMMIT: REQUEST 1741754771266
[2025-03-12 13:46:11,473] [INFO] [30088] PREPARE received from 30111 for REQUEST 1741754771266
[2025-03-12 13:46:11,473] [INFO] [30088] PREPARE received from 30042 for REQUEST 1741754771266
[2025-03-12 13:46:11,473] [INFO] [30088] PREPARE received from 30061 for REQUEST 1741754771266
[2025-03-12 13:46:11,473] [INFO] [30088] PREPARE received from 30029 for REQUEST 1741754771266
[2025-03-12 13:46:11,473] [INFO] [30088] PREPARE received from 30023 for REQUEST 1741754771266
[2025-03-12 13:46:11,473] [INFO] [30088] PREPARE received from 30076 for REQUEST 1741754771266
[2025-03-12 13:46:11,475] [INFO] [30088] COMMIT received from 30061 for REQUEST 1741754771266
[2025-03-12 13:46:11,475] [INFO] [30088] PREPARE received from 30020 for REQUEST 1741754771266
[2025-03-12 13:46:11,475] [INFO] [30088] COMMIT received from 30111 for REQUEST 1741754771266
[2025-03-12 13:46:11,475] [INFO] [30088] COMMIT complete. Sending PRE-REPLY: REQUEST 1741754771266 directly to Manager 30059
[2025-03-12 13:46:11,477] [INFO] [30088] PREPARE received from 30046 for REQUEST 1741754771266
[2025-03-12 13:46:11,479] [INFO] [30088] PREPARE received from 30035 for REQUEST 1741754771266
[2025-03-12 13:46:11,479] [INFO] [30088] PREPARE received from 30107 for REQUEST 1741754771266
[2025-03-12 13:46:11,487] [INFO] [30088] PREPARE received from 30119 for REQUEST 1741754771266
[2025-03-12 13:46:11,487] [INFO] [30088] COMMIT received from 30042 for REQUEST 1741754771266
[2025-03-12 13:46:11,515] [INFO] [30088] PREPARE received from 30063 for REQUEST 1741754771266
[2025-03-12 13:46:11,515] [INFO] [30088] PREPARE received from 30019 for REQUEST 1741754771266
[2025-03-12 13:46:11,515] [INFO] [30088] COMMIT received from 30023 for REQUEST 1741754771266
[2025-03-12 13:46:11,515] [INFO] [30088] COMMIT received from 30044 for REQUEST 1741754771266
[2025-03-12 13:46:11,515] [INFO] [30088] COMMIT received from 30119 for REQUEST 1741754771266
[2025-03-12 13:46:11,517] [INFO] [30088] PREPARE received from 30116 for REQUEST 1741754771266
[2025-03-12 13:46:11,517] [INFO] [30088] COMMIT received from 30107 for REQUEST 1741754771266
[2025-03-12 13:46:11,517] [INFO] [30088] PREPARE received from 30080 for REQUEST 1741754771266
[2025-03-12 13:46:11,519] [INFO] [30088] COMMIT received from 30080 for REQUEST 1741754771266
[2025-03-12 13:46:11,519] [INFO] [30088] PREPARE received from 30112 for REQUEST 1741754771266
[2025-03-12 13:46:11,519] [INFO] [30088] PREPARE received from 30045 for REQUEST 1741754771266
[2025-03-12 13:46:11,519] [INFO] [30088] COMMIT received from 30046 for REQUEST 1741754771266
[2025-03-12 13:46:11,519] [INFO] [30088] COMMIT received from 30112 for REQUEST 1741754771266
[2025-03-12 13:46:11,519] [INFO] [30088] PREPARE received from 30013 for REQUEST 1741754771266
[2025-03-12 13:46:11,521] [INFO] [30088] PREPARE received from 30044 for REQUEST 1741754771266
[2025-03-12 13:46:11,521] [INFO] [30088] COMMIT received from 30020 for REQUEST 1741754771266
[2025-03-12 13:46:11,521] [INFO] [30088] PREPARE received from 30081 for REQUEST 1741754771266
[2025-03-12 13:46:11,523] [INFO] [30088] PREPARE received from 30009 for REQUEST 1741754771266
[2025-03-12 13:46:11,523] [INFO] [30088] PREPARE received from 30006 for REQUEST 1741754771266
[2025-03-12 13:46:11,523] [INFO] [30088] COMMIT received from 30045 for REQUEST 1741754771266
[2025-03-12 13:46:11,523] [INFO] [30088] COMMIT received from 30013 for REQUEST 1741754771266
[2025-03-12 13:46:11,525] [INFO] [30088] COMMIT received from 30009 for REQUEST 1741754771266
[2025-03-12 13:46:11,525] [INFO] [30088] PREPARE received from 30095 for REQUEST 1741754771266
[2025-03-12 13:46:11,525] [INFO] [30088] PREPARE received from 30097 for REQUEST 1741754771266
[2025-03-12 13:46:11,530] [INFO] [30088] COMMIT received from 30076 for REQUEST 1741754771266
[2025-03-12 13:46:11,532] [INFO] [30088] COMMIT received from 30097 for REQUEST 1741754771266
[2025-03-12 13:46:11,535] [INFO] [30088] COMMIT received from 30029 for REQUEST 1741754771266
[2025-03-12 13:46:11,552] [INFO] [30088] COMMIT received from 30035 for REQUEST 1741754771266
[2025-03-12 13:46:11,554] [INFO] [30088] COMMIT received from 30063 for REQUEST 1741754771266
[2025-03-12 13:46:11,554] [INFO] [30088] COMMIT received from 30041 for REQUEST 1741754771266
[2025-03-12 13:46:11,559] [INFO] [30088] COMMIT received from 30116 for REQUEST 1741754771266
[2025-03-12 13:46:11,561] [INFO] [30088] COMMIT received from 30095 for REQUEST 1741754771266
[2025-03-12 13:46:11,561] [INFO] [30088] COMMIT received from 30081 for REQUEST 1741754771266
[2025-03-12 13:46:11,566] [INFO] [30088] COMMIT received from 30006 for REQUEST 1741754771266
[2025-03-12 13:46:11,591] [INFO] [30088] COMMIT received from 30039 for REQUEST 1741754771266
[2025-03-12 13:46:11,621] [INFO] [30088] COMMIT received from 30019 for REQUEST 1741754771266
[2025-03-12 14:44:18,275] [INFO] [30088] PRE-PREPARE received: {'request_id': 1741758258160, 'data': 'llapbft_message_1741758258160', 'timestamp': 1741758258.1917994, 'leader': 30041, 'cluster_id': 2, 'cluster_ports': [30006, 30009, 30013, 30019, 30020, 30023, 30029, 30035, 30039, 30041, 30042, 30044, 30045, 30046, 30059, 30061, 30063, 30076, 30080, 30081, 30088, 30094, 30095, 30097, 30107, 30111, 30112, 30113, 30116, 30119], 'cluster_manager': {'host': 'localhost', 'port': 30059, 'latitude': 36.6267944, 'longitude': 127.4592355, 'altitude': 23, 'offset_m': 'lat: 21 m, lng: 65 m, alt: 23 m'}, 'simulated_delay': 0.0003573333333333333, 'distance': 222.82923947227232, 'message_size_bits': 4288}
[2025-03-12 14:44:18,275] [INFO] [30088] Broadcasting PREPARE: REQUEST 1741758258160
[2025-03-12 14:44:18,420] [INFO] [30088] PREPARE received from 30035 for REQUEST 1741758258160
[2025-03-12 14:44:18,420] [INFO] [30088] Broadcasting COMMIT: REQUEST 1741758258160
[2025-03-12 14:44:18,420] [INFO] [30088] PREPARE received from 30061 for REQUEST 1741758258160
[2025-03-12 14:44:18,420] [INFO] [30088] PREPARE received from 30081 for REQUEST 1741758258160
[2025-03-12 14:44:18,420] [INFO] [30088] PREPARE received from 30076 for REQUEST 1741758258160
[2025-03-12 14:44:18,423] [INFO] [30088] PREPARE received from 30023 for REQUEST 1741758258160
[2025-03-12 14:44:18,511] [INFO] [30088] COMMIT received from 30035 for REQUEST 1741758258160
[2025-03-12 14:44:18,563] [INFO] [30088] COMMIT received from 30111 for REQUEST 1741758258160
[2025-03-12 14:44:18,563] [INFO] [30088] COMMIT complete. Sending PRE-REPLY: REQUEST 1741758258160 directly to Manager 30059
[2025-03-12 14:44:18,563] [INFO] [30088] PREPARE received from 30111 for REQUEST 1741758258160
[2025-03-12 14:44:18,563] [INFO] [30088] PREPARE received from 30039 for REQUEST 1741758258160
[2025-03-12 14:44:18,563] [INFO] [30088] COMMIT received from 30076 for REQUEST 1741758258160
[2025-03-12 14:44:18,563] [INFO] [30088] PREPARE received from 30020 for REQUEST 1741758258160
[2025-03-12 14:44:18,595] [INFO] [30088] COMMIT received from 30081 for REQUEST 1741758258160
[2025-03-12 14:44:18,597] [INFO] [30088] COMMIT received from 30107 for REQUEST 1741758258160
[2025-03-12 14:44:18,597] [INFO] [30088] PREPARE received from 30107 for REQUEST 1741758258160
[2025-03-12 14:44:18,632] [INFO] [30088] COMMIT received from 30061 for REQUEST 1741758258160
[2025-03-12 14:44:18,632] [INFO] [30088] COMMIT received from 30039 for REQUEST 1741758258160
[2025-03-12 14:44:18,652] [INFO] [30088] COMMIT received from 30023 for REQUEST 1741758258160
[2025-03-12 14:44:18,815] [INFO] [30088] COMMIT received from 30020 for REQUEST 1741758258160
[2025-03-12 14:44:18,930] [INFO] [30088] COMMIT received from 30041 for REQUEST 1741758258160
[2025-03-12 14:44:18,948] [INFO] [30088] PREPARE received from 30097 for REQUEST 1741758258160
[2025-03-12 14:44:18,965] [INFO] [30088] COMMIT received from 30097 for REQUEST 1741758258160
[2025-03-12 14:44:19,196] [INFO] [30088] PREPARE received from 30116 for REQUEST 1741758258160
[2025-03-12 14:44:19,196] [INFO] [30088] COMMIT received from 30116 for REQUEST 1741758258160
[2025-03-12 14:44:19,345] [INFO] [30088] PREPARE received from 30042 for REQUEST 1741758258160
[2025-03-12 14:44:19,355] [INFO] [30088] COMMIT received from 30042 for REQUEST 1741758258160
[2025-03-12 14:44:19,395] [INFO] [30088] PREPARE received from 30006 for REQUEST 1741758258160
[2025-03-12 14:44:19,395] [INFO] [30088] COMMIT received from 30006 for REQUEST 1741758258160
[2025-03-12 14:44:19,403] [INFO] [30088] PREPARE received from 30080 for REQUEST 1741758258160
[2025-03-12 14:44:19,403] [INFO] [30088] COMMIT received from 30080 for REQUEST 1741758258160
[2025-03-12 14:44:19,471] [INFO] [30088] PREPARE received from 30019 for REQUEST 1741758258160
[2025-03-12 14:44:19,475] [INFO] [30088] PREPARE received from 30045 for REQUEST 1741758258160
[2025-03-12 14:44:19,476] [INFO] [30088] COMMIT received from 30045 for REQUEST 1741758258160
[2025-03-12 14:44:19,476] [INFO] [30088] COMMIT received from 30019 for REQUEST 1741758258160
[2025-03-12 14:44:19,476] [INFO] [30088] COMMIT received from 30119 for REQUEST 1741758258160
[2025-03-12 14:44:19,479] [INFO] [30088] PREPARE received from 30119 for REQUEST 1741758258160
[2025-03-12 14:44:19,516] [INFO] [30088] PREPARE received from 30029 for REQUEST 1741758258160
[2025-03-12 14:44:19,546] [INFO] [30088] COMMIT received from 30029 for REQUEST 1741758258160
[2025-03-12 14:44:19,546] [INFO] [30088] PREPARE received from 30046 for REQUEST 1741758258160
[2025-03-12 14:44:19,553] [INFO] [30088] COMMIT received from 30046 for REQUEST 1741758258160
[2025-03-12 14:44:19,572] [INFO] [30088] PREPARE received from 30112 for REQUEST 1741758258160
[2025-03-12 14:44:19,574] [INFO] [30088] COMMIT received from 30112 for REQUEST 1741758258160
[2025-03-12 14:44:19,611] [INFO] [30088] PREPARE received from 30013 for REQUEST 1741758258160
[2025-03-12 14:44:19,611] [INFO] [30088] COMMIT received from 30013 for REQUEST 1741758258160
[2025-03-12 14:44:19,623] [INFO] [30088] PREPARE received from 30044 for REQUEST 1741758258160
[2025-03-12 14:44:19,639] [INFO] [30088] COMMIT received from 30044 for REQUEST 1741758258160
[2025-03-12 14:44:19,654] [INFO] [30088] PREPARE received from 30009 for REQUEST 1741758258160
[2025-03-12 14:44:19,654] [INFO] [30088] COMMIT received from 30009 for REQUEST 1741758258160
[2025-03-12 14:44:19,654] [INFO] [30088] PREPARE received from 30063 for REQUEST 1741758258160
[2025-03-12 14:44:19,667] [INFO] [30088] COMMIT received from 30063 for REQUEST 1741758258160
[2025-03-12 14:44:19,667] [INFO] [30088] PREPARE received from 30095 for REQUEST 1741758258160
[2025-03-12 14:44:19,674] [INFO] [30088] COMMIT received from 30095 for REQUEST 1741758258160
