[2025-03-12 12:35:38,935] [INFO] Node started: localhost:30072 | index=73 | f=1, k=4
[2025-03-12 12:36:06,573] [INFO] [30072] PREPARE received from 30162 for REQUEST 1741750566115
[2025-03-12 12:36:06,573] [INFO] [30072] Missing PRE-PREPARE: Ignoring REQUEST 1741750566115
[2025-03-12 12:36:06,597] [INFO] [30072] PREPARE received from 30037 for REQUEST 1741750566115
[2025-03-12 12:36:06,597] [INFO] [30072] Missing PRE-PREPARE: Ignoring REQUEST 1741750566115
[2025-03-12 12:36:07,471] [INFO] [30072] COMMIT received from 30162 for REQUEST 1741750566115
[2025-03-12 12:36:07,626] [INFO] [30072] COMMIT received from 30037 for REQUEST 1741750566115
[2025-03-12 12:36:08,245] [INFO] [30072] PREPARE received from 30147 for REQUEST 1741750566115
[2025-03-12 12:36:08,288] [INFO] [30072] Missing PRE-PREPARE: Ignoring REQUEST 1741750566115
[2025-03-12 12:36:08,288] [INFO] [30072] COMMIT received from 30147 for REQUEST 1741750566115
[2025-03-12 12:36:08,306] [INFO] [30072] PREPARE received from 30032 for REQUEST 1741750566115
[2025-03-12 12:36:08,306] [INFO] [30072] Missing PRE-PREPARE: Ignoring REQUEST 1741750566115
[2025-03-12 12:36:08,348] [INFO] [30072] PREPARE received from 30188 for REQUEST 1741750566115
[2025-03-12 12:36:08,348] [INFO] [30072] Missing PRE-PREPARE: Ignoring REQUEST 1741750566115
[2025-03-12 12:36:08,367] [INFO] [30072] PREPARE received from 30116 for REQUEST 1741750566115
[2025-03-12 12:36:08,367] [INFO] [30072] Missing PRE-PREPARE: Ignoring REQUEST 1741750566115
[2025-03-12 12:36:08,430] [INFO] [30072] COMMIT received from 30116 for REQUEST 1741750566115
[2025-03-12 12:36:08,470] [INFO] [30072] COMMIT received from 30032 for REQUEST 1741750566115
[2025-03-12 12:36:08,573] [INFO] [30072] PREPARE received from 30165 for REQUEST 1741750566115
[2025-03-12 12:36:08,573] [INFO] [30072] Missing PRE-PREPARE: Ignoring REQUEST 1741750566115
[2025-03-12 12:36:08,602] [INFO] [30072] COMMIT received from 30188 for REQUEST 1741750566115
[2025-03-12 12:36:08,656] [INFO] [30072] PREPARE received from 30098 for REQUEST 1741750566115
[2025-03-12 12:36:08,656] [INFO] [30072] Missing PRE-PREPARE: Ignoring REQUEST 1741750566115
[2025-03-12 12:36:08,699] [INFO] [30072] COMMIT received from 30165 for REQUEST 1741750566115
[2025-03-12 12:36:08,879] [INFO] [30072] COMMIT received from 30098 for REQUEST 1741750566115
[2025-03-12 12:36:09,082] [INFO] [30072] PREPARE received from 30080 for REQUEST 1741750566115
[2025-03-12 12:36:09,082] [INFO] [30072] Missing PRE-PREPARE: Ignoring REQUEST 1741750566115
[2025-03-12 12:36:09,087] [INFO] [30072] COMMIT received from 30080 for REQUEST 1741750566115
[2025-03-12 12:36:09,124] [INFO] [30072] PREPARE received from 30056 for REQUEST 1741750566115
[2025-03-12 12:36:09,124] [INFO] [30072] Missing PRE-PREPARE: Ignoring REQUEST 1741750566115
[2025-03-12 12:36:09,124] [INFO] [30072] COMMIT received from 30056 for REQUEST 1741750566115
[2025-03-12 12:36:09,282] [INFO] [30072] PREPARE received from 30187 for REQUEST 1741750566115
[2025-03-12 12:36:09,282] [INFO] [30072] Missing PRE-PREPARE: Ignoring REQUEST 1741750566115
[2025-03-12 12:36:09,287] [INFO] [30072] COMMIT received from 30187 for REQUEST 1741750566115
[2025-03-12 12:36:09,297] [INFO] [30072] PREPARE received from 30075 for REQUEST 1741750566115
[2025-03-12 12:36:09,297] [INFO] [30072] Missing PRE-PREPARE: Ignoring REQUEST 1741750566115
[2025-03-12 12:36:09,449] [INFO] [30072] PREPARE received from 30111 for REQUEST 1741750566115
[2025-03-12 12:36:09,449] [INFO] [30072] Missing PRE-PREPARE: Ignoring REQUEST 1741750566115
[2025-03-12 12:36:09,449] [INFO] [30072] PREPARE received from 30084 for REQUEST 1741750566115
[2025-03-12 12:36:09,449] [INFO] [30072] Missing PRE-PREPARE: Ignoring REQUEST 1741750566115
[2025-03-12 12:36:09,449] [INFO] [30072] COMMIT received from 30084 for REQUEST 1741750566115
[2025-03-12 12:36:09,522] [INFO] [30072] COMMIT received from 30111 for REQUEST 1741750566115
[2025-03-12 12:36:09,698] [INFO] [30072] COMMIT received from 30075 for REQUEST 1741750566115
[2025-03-12 12:36:09,930] [INFO] [30072] COMMIT received from 30034 for REQUEST 1741750566115
[2025-03-12 12:36:09,930] [INFO] [30072] PREPARE received from 30034 for REQUEST 1741750566115
[2025-03-12 12:36:09,930] [INFO] [30072] Missing PRE-PREPARE: Ignoring REQUEST 1741750566115
[2025-03-12 12:36:10,166] [INFO] [30072] PREPARE received from 30066 for REQUEST 1741750566115
[2025-03-12 12:36:10,166] [INFO] [30072] Missing PRE-PREPARE: Ignoring REQUEST 1741750566115
[2025-03-12 12:36:10,182] [INFO] [30072] COMMIT received from 30066 for REQUEST 1741750566115
[2025-03-12 12:36:10,202] [INFO] [30072] PREPARE received from 30008 for REQUEST 1741750566115
[2025-03-12 12:36:10,202] [INFO] [30072] Missing PRE-PREPARE: Ignoring REQUEST 1741750566115
[2025-03-12 12:36:10,257] [INFO] [30072] COMMIT received from 30008 for REQUEST 1741750566115
[2025-03-12 12:36:10,272] [INFO] [30072] PREPARE received from 30151 for REQUEST 1741750566115
[2025-03-12 12:36:10,272] [INFO] [30072] Missing PRE-PREPARE: Ignoring REQUEST 1741750566115
[2025-03-12 12:36:10,277] [INFO] [30072] PREPARE received from 30176 for REQUEST 1741750566115
[2025-03-12 12:36:10,277] [INFO] [30072] Missing PRE-PREPARE: Ignoring REQUEST 1741750566115
[2025-03-12 12:36:10,283] [INFO] [30072] COMMIT received from 30151 for REQUEST 1741750566115
[2025-03-12 12:36:10,299] [INFO] [30072] COMMIT received from 30176 for REQUEST 1741750566115
[2025-03-12 12:36:10,624] [INFO] [30072] PREPARE received from 30033 for REQUEST 1741750566115
[2025-03-12 12:36:10,624] [INFO] [30072] Missing PRE-PREPARE: Ignoring REQUEST 1741750566115
[2025-03-12 12:36:10,624] [INFO] [30072] PREPARE received from 30085 for REQUEST 1741750566115
[2025-03-12 12:36:10,624] [INFO] [30072] Missing PRE-PREPARE: Ignoring REQUEST 1741750566115
[2025-03-12 12:36:10,624] [INFO] [30072] COMMIT received from 30085 for REQUEST 1741750566115
[2025-03-12 12:36:10,640] [INFO] [30072] COMMIT received from 30033 for REQUEST 1741750566115
[2025-03-12 12:36:10,724] [INFO] [30072] PREPARE received from 30113 for REQUEST 1741750566115
[2025-03-12 12:36:10,724] [INFO] [30072] Missing PRE-PREPARE: Ignoring REQUEST 1741750566115
[2025-03-12 12:36:10,724] [INFO] [30072] COMMIT received from 30113 for REQUEST 1741750566115
[2025-03-12 12:36:10,797] [INFO] [30072] PREPARE received from 30102 for REQUEST 1741750566115
[2025-03-12 12:36:10,797] [INFO] [30072] Missing PRE-PREPARE: Ignoring REQUEST 1741750566115
[2025-03-12 12:36:10,797] [INFO] [30072] COMMIT received from 30102 for REQUEST 1741750566115
[2025-03-12 12:36:10,845] [INFO] [30072] PREPARE received from 30041 for REQUEST 1741750566115
[2025-03-12 12:36:10,845] [INFO] [30072] Missing PRE-PREPARE: Ignoring REQUEST 1741750566115
[2025-03-12 12:36:10,849] [INFO] [30072] COMMIT received from 30041 for REQUEST 1741750566115
[2025-03-12 12:36:10,872] [INFO] [30072] PREPARE received from 30043 for REQUEST 1741750566115
[2025-03-12 12:36:10,872] [INFO] [30072] Missing PRE-PREPARE: Ignoring REQUEST 1741750566115
[2025-03-12 12:36:10,872] [INFO] [30072] COMMIT received from 30043 for REQUEST 1741750566115
[2025-03-12 12:36:10,892] [INFO] [30072] PREPARE received from 30154 for REQUEST 1741750566115
[2025-03-12 12:36:10,892] [INFO] [30072] Missing PRE-PREPARE: Ignoring REQUEST 1741750566115
[2025-03-12 12:36:10,892] [INFO] [30072] COMMIT received from 30154 for REQUEST 1741750566115
[2025-03-12 12:36:10,904] [INFO] [30072] PREPARE received from 30082 for REQUEST 1741750566115
[2025-03-12 12:36:10,904] [INFO] [30072] Missing PRE-PREPARE: Ignoring REQUEST 1741750566115
[2025-03-12 12:36:10,904] [INFO] [30072] COMMIT received from 30082 for REQUEST 1741750566115
[2025-03-12 12:36:10,955] [INFO] [30072] PREPARE received from 30061 for REQUEST 1741750566115
[2025-03-12 12:36:10,955] [INFO] [30072] Missing PRE-PREPARE: Ignoring REQUEST 1741750566115
[2025-03-12 12:36:10,955] [INFO] [30072] COMMIT received from 30061 for REQUEST 1741750566115
[2025-03-12 12:36:11,054] [INFO] [30072] PREPARE received from 30092 for REQUEST 1741750566115
[2025-03-12 12:36:11,054] [INFO] [30072] Missing PRE-PREPARE: Ignoring REQUEST 1741750566115
[2025-03-12 12:36:11,054] [INFO] [30072] COMMIT received from 30092 for REQUEST 1741750566115
[2025-03-12 12:36:11,072] [INFO] [30072] PREPARE received from 30127 for REQUEST 1741750566115
[2025-03-12 12:36:11,072] [INFO] [30072] Missing PRE-PREPARE: Ignoring REQUEST 1741750566115
[2025-03-12 12:36:11,072] [INFO] [30072] COMMIT received from 30127 for REQUEST 1741750566115
[2025-03-12 12:54:44,242] [INFO] Node started: localhost:30072 | index=73 | f=1, k=4
[2025-03-12 12:55:35,846] [INFO] Node started: localhost:30072 | index=73 | f=1, k=4
[2025-03-12 12:55:54,237] [INFO] [30072] PRE-PREPARE received: {'request_id': 1741751754181, 'data': 'llapbft_message_1741751754181', 'timestamp': 1741751754.2060645, 'leader': 30017, 'cluster_id': 1, 'cluster_ports': [30004, 30005, 30008, 30015, 30017, 30024, 30027, 30030, 30037, 30043, 30044, 30048, 30050, 30059, 30064, 30068, 30070, 30072, 30075, 30078, 30080, 30091, 30093, 30100, 30106, 30113, 30114, 30115, 30120, 30121, 30123, 30138, 30141, 30146, 30147, 30153], 'cluster_manager': {'host': 'localhost', 'port': 30064, 'latitude': 36.6267129, 'longitude': 127.4585797, 'altitude': 211, 'offset_m': 'lat: 12 m, lng: 7 m, alt: 211 m'}, 'simulated_delay': 0.000193, 'distance': 122.5468975859262, 'message_size_bits': 4632}
[2025-03-12 12:55:54,237] [INFO] [30072] Broadcasting PREPARE: REQUEST 1741751754181
[2025-03-12 12:55:54,647] [INFO] [30072] PREPARE received from 30008 for REQUEST 1741751754181
[2025-03-12 12:55:54,647] [INFO] [30072] Broadcasting COMMIT: REQUEST 1741751754181
[2025-03-12 12:55:54,647] [INFO] [30072] PREPARE received from 30059 for REQUEST 1741751754181
[2025-03-12 12:55:54,713] [INFO] [30072] PREPARE received from 30146 for REQUEST 1741751754181
[2025-03-12 12:55:54,742] [INFO] [30072] PREPARE received from 30106 for REQUEST 1741751754181
[2025-03-12 12:55:54,742] [INFO] [30072] PREPARE received from 30121 for REQUEST 1741751754181
[2025-03-12 12:55:54,742] [INFO] [30072] PREPARE received from 30123 for REQUEST 1741751754181
[2025-03-12 12:55:54,742] [INFO] [30072] PREPARE received from 30078 for REQUEST 1741751754181
[2025-03-12 12:55:54,744] [INFO] [30072] PREPARE received from 30141 for REQUEST 1741751754181
[2025-03-12 12:55:54,744] [INFO] [30072] PREPARE received from 30093 for REQUEST 1741751754181
[2025-03-12 12:55:55,311] [INFO] [30072] PREPARE received from 30037 for REQUEST 1741751754181
[2025-03-12 12:55:55,321] [INFO] [30072] PREPARE received from 30044 for REQUEST 1741751754181
[2025-03-12 12:55:55,343] [INFO] [30072] COMMIT received from 30093 for REQUEST 1741751754181
[2025-03-12 12:55:55,343] [INFO] [30072] COMMIT received from 30106 for REQUEST 1741751754181
[2025-03-12 12:55:55,343] [INFO] [30072] COMMIT complete. Sending PRE-REPLY: REQUEST 1741751754181 directly to Manager 30064
[2025-03-12 12:55:55,343] [INFO] [30072] COMMIT received from 30121 for REQUEST 1741751754181
[2025-03-12 12:55:55,343] [INFO] [30072] COMMIT received from 30078 for REQUEST 1741751754181
[2025-03-12 12:55:55,345] [INFO] [30072] PREPARE received from 30004 for REQUEST 1741751754181
[2025-03-12 12:55:55,345] [INFO] [30072] COMMIT received from 30123 for REQUEST 1741751754181
[2025-03-12 12:55:55,345] [INFO] [30072] PREPARE received from 30050 for REQUEST 1741751754181
[2025-03-12 12:55:55,442] [INFO] [30072] COMMIT received from 30008 for REQUEST 1741751754181
[2025-03-12 12:55:55,442] [INFO] [30072] PREPARE received from 30024 for REQUEST 1741751754181
[2025-03-12 12:55:55,442] [INFO] [30072] COMMIT received from 30146 for REQUEST 1741751754181
[2025-03-12 12:55:55,477] [INFO] [30072] COMMIT received from 30059 for REQUEST 1741751754181
[2025-03-12 12:55:55,552] [INFO] [30072] PREPARE received from 30138 for REQUEST 1741751754181
[2025-03-12 12:55:55,552] [INFO] [30072] COMMIT received from 30141 for REQUEST 1741751754181
[2025-03-12 12:55:55,597] [INFO] [30072] COMMIT received from 30138 for REQUEST 1741751754181
[2025-03-12 12:55:55,788] [INFO] [30072] COMMIT received from 30017 for REQUEST 1741751754181
[2025-03-12 12:55:55,788] [INFO] [30072] PREPARE received from 30070 for REQUEST 1741751754181
[2025-03-12 12:55:55,867] [INFO] [30072] COMMIT received from 30114 for REQUEST 1741751754181
[2025-03-12 12:55:55,867] [INFO] [30072] COMMIT received from 30070 for REQUEST 1741751754181
[2025-03-12 12:55:55,867] [INFO] [30072] COMMIT received from 30044 for REQUEST 1741751754181
[2025-03-12 12:55:55,867] [INFO] [30072] PREPARE received from 30114 for REQUEST 1741751754181
[2025-03-12 12:55:55,983] [INFO] [30072] PREPARE received from 30030 for REQUEST 1741751754181
[2025-03-12 12:55:55,983] [INFO] [30072] PREPARE received from 30005 for REQUEST 1741751754181
[2025-03-12 12:55:55,994] [INFO] [30072] PREPARE received from 30048 for REQUEST 1741751754181
[2025-03-12 12:55:55,994] [INFO] [30072] PREPARE received from 30100 for REQUEST 1741751754181
[2025-03-12 12:55:55,994] [INFO] [30072] COMMIT received from 30037 for REQUEST 1741751754181
[2025-03-12 12:55:56,050] [INFO] [30072] COMMIT received from 30005 for REQUEST 1741751754181
[2025-03-12 12:55:56,050] [INFO] [30072] COMMIT received from 30048 for REQUEST 1741751754181
[2025-03-12 12:55:56,053] [INFO] [30072] COMMIT received from 30050 for REQUEST 1741751754181
[2025-03-12 12:55:56,053] [INFO] [30072] COMMIT received from 30100 for REQUEST 1741751754181
[2025-03-12 12:55:56,053] [INFO] [30072] PREPARE received from 30043 for REQUEST 1741751754181
[2025-03-12 12:55:56,068] [INFO] [30072] PREPARE received from 30080 for REQUEST 1741751754181
[2025-03-12 12:55:56,068] [INFO] [30072] COMMIT received from 30024 for REQUEST 1741751754181
[2025-03-12 12:55:56,068] [INFO] [30072] PREPARE received from 30027 for REQUEST 1741751754181
[2025-03-12 12:55:56,082] [INFO] [30072] COMMIT received from 30080 for REQUEST 1741751754181
[2025-03-12 12:55:56,119] [INFO] [30072] COMMIT received from 30030 for REQUEST 1741751754181
[2025-03-12 12:55:56,123] [INFO] [30072] COMMIT received from 30027 for REQUEST 1741751754181
[2025-03-12 12:55:56,123] [INFO] [30072] COMMIT received from 30004 for REQUEST 1741751754181
[2025-03-12 12:55:56,177] [INFO] [30072] COMMIT received from 30043 for REQUEST 1741751754181
[2025-03-12 12:55:56,177] [INFO] [30072] PREPARE received from 30115 for REQUEST 1741751754181
[2025-03-12 12:55:56,238] [INFO] [30072] COMMIT received from 30115 for REQUEST 1741751754181
[2025-03-12 12:55:56,245] [INFO] [30072] PREPARE received from 30091 for REQUEST 1741751754181
[2025-03-12 12:55:56,247] [INFO] [30072] COMMIT received from 30091 for REQUEST 1741751754181
[2025-03-12 12:55:56,366] [INFO] [30072] PREPARE received from 30120 for REQUEST 1741751754181
[2025-03-12 12:55:56,381] [INFO] [30072] PREPARE received from 30075 for REQUEST 1741751754181
[2025-03-12 12:55:56,386] [INFO] [30072] COMMIT received from 30120 for REQUEST 1741751754181
[2025-03-12 12:55:56,386] [INFO] [30072] COMMIT received from 30075 for REQUEST 1741751754181
[2025-03-12 12:55:56,392] [INFO] [30072] PREPARE received from 30113 for REQUEST 1741751754181
[2025-03-12 12:55:56,392] [INFO] [30072] COMMIT received from 30113 for REQUEST 1741751754181
[2025-03-12 12:55:56,411] [INFO] [30072] PREPARE received from 30147 for REQUEST 1741751754181
[2025-03-12 12:55:56,451] [INFO] [30072] COMMIT received from 30147 for REQUEST 1741751754181
[2025-03-12 12:55:56,451] [INFO] [30072] PREPARE received from 30153 for REQUEST 1741751754181
[2025-03-12 12:55:56,451] [INFO] [30072] COMMIT received from 30153 for REQUEST 1741751754181
[2025-03-12 12:56:47,315] [INFO] Node started: localhost:30072 | index=73 | f=1, k=4
[2025-03-12 12:58:03,726] [INFO] [30072] PRE-PREPARE received: {'request_id': 1741751883632, 'data': 'llapbft_message_1741751883632', 'timestamp': 1741751883.6611185, 'leader': 30110, 'cluster_id': 1, 'cluster_ports': [30012, 30014, 30016, 30017, 30022, 30024, 30026, 30027, 30034, 30036, 30040, 30047, 30049, 30054, 30057, 30067, 30072, 30075, 30077, 30078, 30082, 30083, 30089, 30091, 30096, 30100, 30102, 30110, 30114, 30115], 'cluster_manager': {'host': 'localhost', 'port': 30049, 'latitude': 36.626668, 'longitude': 127.4587754, 'altitude': 52, 'offset_m': 'lat: 7 m, lng: 24 m, alt: 52 m'}, 'simulated_delay': 0.00023733333333333335, 'distance': 167.20458137017474, 'message_size_bits': 4272}
[2025-03-12 12:58:03,726] [INFO] [30072] Broadcasting PREPARE: REQUEST 1741751883632
[2025-03-12 12:58:03,861] [INFO] [30072] PREPARE received from 30012 for REQUEST 1741751883632
[2025-03-12 12:58:03,861] [INFO] [30072] Broadcasting COMMIT: REQUEST 1741751883632
[2025-03-12 12:58:03,893] [INFO] [30072] PREPARE received from 30034 for REQUEST 1741751883632
[2025-03-12 12:58:03,901] [INFO] [30072] PREPARE received from 30089 for REQUEST 1741751883632
[2025-03-12 12:58:04,057] [INFO] [30072] COMMIT received from 30012 for REQUEST 1741751883632
[2025-03-12 12:58:04,067] [INFO] [30072] PREPARE received from 30047 for REQUEST 1741751883632
[2025-03-12 12:58:04,177] [INFO] [30072] COMMIT received from 30034 for REQUEST 1741751883632
[2025-03-12 12:58:04,177] [INFO] [30072] COMMIT complete. Sending PRE-REPLY: REQUEST 1741751883632 directly to Manager 30049
[2025-03-12 12:58:04,186] [INFO] [30072] PREPARE received from 30115 for REQUEST 1741751883632
[2025-03-12 12:58:04,199] [INFO] [30072] COMMIT received from 30115 for REQUEST 1741751883632
[2025-03-12 12:58:04,199] [INFO] [30072] COMMIT received from 30089 for REQUEST 1741751883632
[2025-03-12 12:58:04,208] [INFO] [30072] PREPARE received from 30075 for REQUEST 1741751883632
[2025-03-12 12:58:04,256] [INFO] [30072] COMMIT received from 30075 for REQUEST 1741751883632
[2025-03-12 12:58:04,256] [INFO] [30072] COMMIT received from 30047 for REQUEST 1741751883632
[2025-03-12 12:58:04,263] [INFO] [30072] PREPARE received from 30024 for REQUEST 1741751883632
[2025-03-12 12:58:04,265] [INFO] [30072] PREPARE received from 30057 for REQUEST 1741751883632
[2025-03-12 12:58:04,265] [INFO] [30072] COMMIT received from 30024 for REQUEST 1741751883632
[2025-03-12 12:58:04,353] [INFO] [30072] PREPARE received from 30016 for REQUEST 1741751883632
[2025-03-12 12:58:04,357] [INFO] [30072] COMMIT received from 30082 for REQUEST 1741751883632
[2025-03-12 12:58:04,385] [INFO] [30072] PREPARE received from 30082 for REQUEST 1741751883632
[2025-03-12 12:58:04,385] [INFO] [30072] COMMIT received from 30016 for REQUEST 1741751883632
[2025-03-12 12:58:04,391] [INFO] [30072] PREPARE received from 30026 for REQUEST 1741751883632
[2025-03-12 12:58:04,432] [INFO] [30072] PREPARE received from 30091 for REQUEST 1741751883632
[2025-03-12 12:58:04,435] [INFO] [30072] COMMIT received from 30091 for REQUEST 1741751883632
[2025-03-12 12:58:04,446] [INFO] [30072] COMMIT received from 30026 for REQUEST 1741751883632
[2025-03-12 12:58:04,603] [INFO] [30072] COMMIT received from 30110 for REQUEST 1741751883632
[2025-03-12 12:58:04,619] [INFO] [30072] PREPARE received from 30022 for REQUEST 1741751883632
[2025-03-12 12:58:04,619] [INFO] [30072] PREPARE received from 30100 for REQUEST 1741751883632
[2025-03-12 12:58:04,619] [INFO] [30072] COMMIT received from 30100 for REQUEST 1741751883632
[2025-03-12 12:58:04,628] [INFO] [30072] COMMIT received from 30022 for REQUEST 1741751883632
[2025-03-12 12:58:04,745] [INFO] [30072] COMMIT received from 30057 for REQUEST 1741751883632
[2025-03-12 12:58:04,780] [INFO] [30072] PREPARE received from 30083 for REQUEST 1741751883632
[2025-03-12 12:58:04,792] [INFO] [30072] COMMIT received from 30083 for REQUEST 1741751883632
[2025-03-12 12:58:04,810] [INFO] [30072] PREPARE received from 30036 for REQUEST 1741751883632
[2025-03-12 12:58:04,829] [INFO] [30072] COMMIT received from 30036 for REQUEST 1741751883632
[2025-03-12 12:58:04,970] [INFO] [30072] PREPARE received from 30017 for REQUEST 1741751883632
[2025-03-12 12:58:04,981] [INFO] [30072] COMMIT received from 30017 for REQUEST 1741751883632
[2025-03-12 12:58:04,985] [INFO] [30072] PREPARE received from 30078 for REQUEST 1741751883632
[2025-03-12 12:58:04,991] [INFO] [30072] COMMIT received from 30078 for REQUEST 1741751883632
[2025-03-12 12:58:05,032] [INFO] [30072] PREPARE received from 30077 for REQUEST 1741751883632
[2025-03-12 12:58:05,032] [INFO] [30072] PREPARE received from 30096 for REQUEST 1741751883632
[2025-03-12 12:58:05,032] [INFO] [30072] COMMIT received from 30096 for REQUEST 1741751883632
[2025-03-12 12:58:05,038] [INFO] [30072] COMMIT received from 30077 for REQUEST 1741751883632
[2025-03-12 12:58:05,040] [INFO] [30072] PREPARE received from 30067 for REQUEST 1741751883632
[2025-03-12 12:58:05,040] [INFO] [30072] COMMIT received from 30067 for REQUEST 1741751883632
[2025-03-12 12:58:05,044] [INFO] [30072] PREPARE received from 30014 for REQUEST 1741751883632
[2025-03-12 12:58:05,046] [INFO] [30072] COMMIT received from 30014 for REQUEST 1741751883632
[2025-03-12 12:58:05,077] [INFO] [30072] PREPARE received from 30027 for REQUEST 1741751883632
[2025-03-12 12:58:05,077] [INFO] [30072] PREPARE received from 30040 for REQUEST 1741751883632
[2025-03-12 12:58:05,077] [INFO] [30072] COMMIT received from 30027 for REQUEST 1741751883632
[2025-03-12 12:58:05,080] [INFO] [30072] COMMIT received from 30040 for REQUEST 1741751883632
[2025-03-12 13:45:28,714] [INFO] [30072] PRE-PREPARE received: {'request_id': 1741754728638, 'data': 'llapbft_message_1741754728638', 'timestamp': 1741754728.6704988, 'leader': 30110, 'cluster_id': 1, 'cluster_ports': [30012, 30014, 30016, 30017, 30022, 30024, 30026, 30027, 30034, 30036, 30040, 30047, 30049, 30054, 30057, 30067, 30072, 30075, 30077, 30078, 30082, 30083, 30089, 30091, 30096, 30100, 30102, 30110, 30114, 30115], 'cluster_manager': {'host': 'localhost', 'port': 30049, 'latitude': 36.626668, 'longitude': 127.4587754, 'altitude': 52, 'offset_m': 'lat: 7 m, lng: 24 m, alt: 52 m'}, 'simulated_delay': 0.00023733333333333335, 'distance': 167.20458137017474, 'message_size_bits': 4272}
[2025-03-12 13:45:28,716] [INFO] [30072] Broadcasting PREPARE: REQUEST 1741754728638
[2025-03-12 13:45:28,900] [INFO] [30072] PREPARE received from 30089 for REQUEST 1741754728638
[2025-03-12 13:45:28,900] [INFO] [30072] Broadcasting COMMIT: REQUEST 1741754728638
[2025-03-12 13:45:28,910] [INFO] [30072] PREPARE received from 30047 for REQUEST 1741754728638
[2025-03-12 13:45:29,148] [INFO] [30072] PREPARE received from 30075 for REQUEST 1741754728638
[2025-03-12 13:45:29,161] [INFO] [30072] PREPARE received from 30016 for REQUEST 1741754728638
[2025-03-12 13:45:29,234] [INFO] [30072] PREPARE received from 30024 for REQUEST 1741754728638
[2025-03-12 13:45:29,234] [INFO] [30072] COMMIT received from 30075 for REQUEST 1741754728638
[2025-03-12 13:45:29,246] [INFO] [30072] PREPARE received from 30115 for REQUEST 1741754728638
[2025-03-12 13:45:29,246] [INFO] [30072] COMMIT received from 30024 for REQUEST 1741754728638
[2025-03-12 13:45:29,246] [INFO] [30072] COMMIT complete. Sending PRE-REPLY: REQUEST 1741754728638 directly to Manager 30049
[2025-03-12 13:45:29,253] [INFO] [30072] COMMIT received from 30115 for REQUEST 1741754728638
[2025-03-12 13:45:29,262] [INFO] [30072] COMMIT received from 30089 for REQUEST 1741754728638
[2025-03-12 13:45:29,269] [INFO] [30072] PREPARE received from 30026 for REQUEST 1741754728638
[2025-03-12 13:45:29,273] [INFO] [30072] COMMIT received from 30082 for REQUEST 1741754728638
[2025-03-12 13:45:29,273] [INFO] [30072] PREPARE received from 30082 for REQUEST 1741754728638
[2025-03-12 13:45:29,285] [INFO] [30072] PREPARE received from 30057 for REQUEST 1741754728638
[2025-03-12 13:45:29,318] [INFO] [30072] PREPARE received from 30022 for REQUEST 1741754728638
[2025-03-12 13:45:29,352] [INFO] [30072] COMMIT received from 30047 for REQUEST 1741754728638
[2025-03-12 13:45:29,382] [INFO] [30072] COMMIT received from 30016 for REQUEST 1741754728638
[2025-03-12 13:45:29,382] [INFO] [30072] PREPARE received from 30078 for REQUEST 1741754728638
[2025-03-12 13:45:29,390] [INFO] [30072] COMMIT received from 30078 for REQUEST 1741754728638
[2025-03-12 13:45:29,439] [INFO] [30072] PREPARE received from 30036 for REQUEST 1741754728638
[2025-03-12 13:45:29,527] [INFO] [30072] COMMIT received from 30110 for REQUEST 1741754728638
[2025-03-12 13:45:29,527] [INFO] [30072] PREPARE received from 30034 for REQUEST 1741754728638
[2025-03-12 13:45:29,577] [INFO] [30072] COMMIT received from 30034 for REQUEST 1741754728638
[2025-03-12 13:45:29,632] [INFO] [30072] PREPARE received from 30027 for REQUEST 1741754728638
[2025-03-12 13:45:29,652] [INFO] [30072] COMMIT received from 30036 for REQUEST 1741754728638
[2025-03-12 13:45:29,652] [INFO] [30072] PREPARE received from 30067 for REQUEST 1741754728638
[2025-03-12 13:45:29,652] [INFO] [30072] COMMIT received from 30067 for REQUEST 1741754728638
[2025-03-12 13:45:29,669] [INFO] [30072] COMMIT received from 30027 for REQUEST 1741754728638
[2025-03-12 13:45:29,732] [INFO] [30072] COMMIT received from 30026 for REQUEST 1741754728638
[2025-03-12 13:45:29,732] [INFO] [30072] PREPARE received from 30091 for REQUEST 1741754728638
[2025-03-12 13:45:29,736] [INFO] [30072] COMMIT received from 30091 for REQUEST 1741754728638
[2025-03-12 13:45:29,736] [INFO] [30072] COMMIT received from 30057 for REQUEST 1741754728638
[2025-03-12 13:45:29,736] [INFO] [30072] PREPARE received from 30014 for REQUEST 1741754728638
[2025-03-12 13:45:29,750] [INFO] [30072] COMMIT received from 30022 for REQUEST 1741754728638
[2025-03-12 13:45:29,797] [INFO] [30072] COMMIT received from 30014 for REQUEST 1741754728638
[2025-03-12 13:45:29,911] [INFO] [30072] PREPARE received from 30017 for REQUEST 1741754728638
[2025-03-12 13:45:29,911] [INFO] [30072] PREPARE received from 30012 for REQUEST 1741754728638
[2025-03-12 13:45:29,919] [INFO] [30072] COMMIT received from 30017 for REQUEST 1741754728638
[2025-03-12 13:45:29,919] [INFO] [30072] COMMIT received from 30012 for REQUEST 1741754728638
[2025-03-12 13:45:29,944] [INFO] [30072] PREPARE received from 30083 for REQUEST 1741754728638
[2025-03-12 13:45:29,950] [INFO] [30072] PREPARE received from 30040 for REQUEST 1741754728638
[2025-03-12 13:45:29,950] [INFO] [30072] COMMIT received from 30040 for REQUEST 1741754728638
[2025-03-12 13:45:29,958] [INFO] [30072] COMMIT received from 30083 for REQUEST 1741754728638
[2025-03-12 13:45:29,964] [INFO] [30072] PREPARE received from 30077 for REQUEST 1741754728638
[2025-03-12 13:45:29,985] [INFO] [30072] COMMIT received from 30077 for REQUEST 1741754728638
[2025-03-12 13:45:30,014] [INFO] [30072] PREPARE received from 30100 for REQUEST 1741754728638
[2025-03-12 13:45:30,024] [INFO] [30072] PREPARE received from 30096 for REQUEST 1741754728638
[2025-03-12 13:45:30,027] [INFO] [30072] COMMIT received from 30100 for REQUEST 1741754728638
[2025-03-12 13:45:30,027] [INFO] [30072] COMMIT received from 30096 for REQUEST 1741754728638
[2025-03-12 13:45:36,161] [INFO] [30072] PRE-PREPARE received: {'request_id': 1741754736031, 'data': 'llapbft_message_1741754736031', 'timestamp': 1741754736.063827, 'leader': 30110, 'cluster_id': 1, 'cluster_ports': [30012, 30014, 30016, 30017, 30022, 30024, 30026, 30027, 30034, 30036, 30040, 30047, 30049, 30054, 30057, 30067, 30072, 30075, 30077, 30078, 30082, 30083, 30089, 30091, 30096, 30100, 30102, 30110, 30114, 30115], 'cluster_manager': {'host': 'localhost', 'port': 30049, 'latitude': 36.626668, 'longitude': 127.4587754, 'altitude': 52, 'offset_m': 'lat: 7 m, lng: 24 m, alt: 52 m'}, 'simulated_delay': 0.00023688888888888889, 'distance': 167.20458137017474, 'message_size_bits': 4264}
[2025-03-12 13:45:36,161] [INFO] [30072] Broadcasting PREPARE: REQUEST 1741754736031
[2025-03-12 13:45:36,166] [INFO] [30072] PREPARE received from 30091 for REQUEST 1741754736031
[2025-03-12 13:45:36,168] [INFO] [30072] Broadcasting COMMIT: REQUEST 1741754736031
[2025-03-12 13:45:36,168] [INFO] [30072] PREPARE received from 30057 for REQUEST 1741754736031
[2025-03-12 13:45:36,168] [INFO] [30072] PREPARE received from 30034 for REQUEST 1741754736031
[2025-03-12 13:45:36,170] [INFO] [30072] PREPARE received from 30078 for REQUEST 1741754736031
[2025-03-12 13:45:36,170] [INFO] [30072] PREPARE received from 30047 for REQUEST 1741754736031
[2025-03-12 13:45:36,174] [INFO] [30072] PREPARE received from 30012 for REQUEST 1741754736031
[2025-03-12 13:45:36,193] [INFO] [30072] PREPARE received from 30082 for REQUEST 1741754736031
[2025-03-12 13:45:36,193] [INFO] [30072] PREPARE received from 30077 for REQUEST 1741754736031
[2025-03-12 13:45:36,199] [INFO] [30072] COMMIT received from 30082 for REQUEST 1741754736031
[2025-03-12 13:45:36,200] [INFO] [30072] COMMIT received from 30077 for REQUEST 1741754736031
[2025-03-12 13:45:36,200] [INFO] [30072] COMMIT complete. Sending PRE-REPLY: REQUEST 1741754736031 directly to Manager 30049
[2025-03-12 13:45:36,202] [INFO] [30072] PREPARE received from 30024 for REQUEST 1741754736031
[2025-03-12 13:45:36,232] [INFO] [30072] COMMIT received from 30024 for REQUEST 1741754736031
[2025-03-12 13:45:36,232] [INFO] [30072] PREPARE received from 30027 for REQUEST 1741754736031
[2025-03-12 13:45:36,232] [INFO] [30072] PREPARE received from 30022 for REQUEST 1741754736031
[2025-03-12 13:45:36,234] [INFO] [30072] PREPARE received from 30017 for REQUEST 1741754736031
[2025-03-12 13:45:36,237] [INFO] [30072] COMMIT received from 30017 for REQUEST 1741754736031
[2025-03-12 13:45:36,240] [INFO] [30072] COMMIT received from 30022 for REQUEST 1741754736031
[2025-03-12 13:45:36,276] [INFO] [30072] PREPARE received from 30115 for REQUEST 1741754736031
[2025-03-12 13:45:36,293] [INFO] [30072] COMMIT received from 30057 for REQUEST 1741754736031
[2025-03-12 13:45:36,297] [INFO] [30072] COMMIT received from 30115 for REQUEST 1741754736031
[2025-03-12 13:45:36,307] [INFO] [30072] PREPARE received from 30096 for REQUEST 1741754736031
[2025-03-12 13:45:36,310] [INFO] [30072] PREPARE received from 30100 for REQUEST 1741754736031
[2025-03-12 13:45:36,313] [INFO] [30072] PREPARE received from 30016 for REQUEST 1741754736031
[2025-03-12 13:45:36,317] [INFO] [30072] COMMIT received from 30091 for REQUEST 1741754736031
[2025-03-12 13:45:36,336] [INFO] [30072] COMMIT received from 30047 for REQUEST 1741754736031
[2025-03-12 13:45:36,338] [INFO] [30072] COMMIT received from 30012 for REQUEST 1741754736031
[2025-03-12 13:45:36,338] [INFO] [30072] PREPARE received from 30075 for REQUEST 1741754736031
[2025-03-12 13:45:36,338] [INFO] [30072] PREPARE received from 30089 for REQUEST 1741754736031
[2025-03-12 13:45:36,338] [INFO] [30072] PREPARE received from 30036 for REQUEST 1741754736031
[2025-03-12 13:45:36,338] [INFO] [30072] PREPARE received from 30014 for REQUEST 1741754736031
[2025-03-12 13:45:36,338] [INFO] [30072] PREPARE received from 30040 for REQUEST 1741754736031
[2025-03-12 13:45:36,343] [INFO] [30072] COMMIT received from 30100 for REQUEST 1741754736031
[2025-03-12 13:45:36,343] [INFO] [30072] COMMIT received from 30014 for REQUEST 1741754736031
[2025-03-12 13:45:36,347] [INFO] [30072] COMMIT received from 30016 for REQUEST 1741754736031
[2025-03-12 13:45:36,401] [INFO] [30072] COMMIT received from 30040 for REQUEST 1741754736031
[2025-03-12 13:45:36,401] [INFO] [30072] COMMIT received from 30096 for REQUEST 1741754736031
[2025-03-12 13:45:36,401] [INFO] [30072] PREPARE received from 30083 for REQUEST 1741754736031
[2025-03-12 13:45:36,402] [INFO] [30072] COMMIT received from 30027 for REQUEST 1741754736031
[2025-03-12 13:45:36,403] [INFO] [30072] COMMIT received from 30036 for REQUEST 1741754736031
[2025-03-12 13:45:36,469] [INFO] [30072] PREPARE received from 30067 for REQUEST 1741754736031
[2025-03-12 13:45:36,481] [INFO] [30072] COMMIT received from 30034 for REQUEST 1741754736031
[2025-03-12 13:45:36,483] [INFO] [30072] COMMIT received from 30078 for REQUEST 1741754736031
[2025-03-12 13:45:36,485] [INFO] [30072] COMMIT received from 30083 for REQUEST 1741754736031
[2025-03-12 13:45:36,502] [INFO] [30072] COMMIT received from 30110 for REQUEST 1741754736031
[2025-03-12 13:45:36,509] [INFO] [30072] PREPARE received from 30026 for REQUEST 1741754736031
[2025-03-12 13:45:36,537] [INFO] [30072] COMMIT received from 30026 for REQUEST 1741754736031
[2025-03-12 13:45:36,539] [INFO] [30072] COMMIT received from 30075 for REQUEST 1741754736031
[2025-03-12 13:45:36,546] [INFO] [30072] COMMIT received from 30089 for REQUEST 1741754736031
[2025-03-12 13:45:36,562] [INFO] [30072] COMMIT received from 30067 for REQUEST 1741754736031
[2025-03-12 13:45:47,391] [INFO] [30072] PRE-PREPARE received: {'request_id': 1741754747345, 'data': 'llapbft_message_1741754747345', 'timestamp': 1741754747.370292, 'leader': 30110, 'cluster_id': 1, 'cluster_ports': [30012, 30014, 30016, 30017, 30022, 30024, 30026, 30027, 30034, 30036, 30040, 30047, 30049, 30054, 30057, 30067, 30072, 30075, 30077, 30078, 30082, 30083, 30089, 30091, 30096, 30100, 30102, 30110, 30114, 30115], 'cluster_manager': {'host': 'localhost', 'port': 30049, 'latitude': 36.626668, 'longitude': 127.4587754, 'altitude': 52, 'offset_m': 'lat: 7 m, lng: 24 m, alt: 52 m'}, 'simulated_delay': 0.00023688888888888889, 'distance': 167.20458137017474, 'message_size_bits': 4264}
[2025-03-12 13:45:47,391] [INFO] [30072] Broadcasting PREPARE: REQUEST 1741754747345
[2025-03-12 13:45:47,405] [INFO] [30072] PREPARE received from 30057 for REQUEST 1741754747345
[2025-03-12 13:45:47,405] [INFO] [30072] Broadcasting COMMIT: REQUEST 1741754747345
[2025-03-12 13:45:47,516] [INFO] [30072] PREPARE received from 30024 for REQUEST 1741754747345
[2025-03-12 13:45:47,518] [INFO] [30072] PREPARE received from 30026 for REQUEST 1741754747345
[2025-03-12 13:45:47,518] [INFO] [30072] PREPARE received from 30100 for REQUEST 1741754747345
[2025-03-12 13:45:47,518] [INFO] [30072] PREPARE received from 30014 for REQUEST 1741754747345
[2025-03-12 13:45:47,520] [INFO] [30072] PREPARE received from 30091 for REQUEST 1741754747345
[2025-03-12 13:45:47,520] [INFO] [30072] PREPARE received from 30017 for REQUEST 1741754747345
[2025-03-12 13:45:47,520] [INFO] [30072] PREPARE received from 30040 for REQUEST 1741754747345
[2025-03-12 13:45:47,520] [INFO] [30072] PREPARE received from 30022 for REQUEST 1741754747345
[2025-03-12 13:45:47,520] [INFO] [30072] PREPARE received from 30075 for REQUEST 1741754747345
[2025-03-12 13:45:47,520] [INFO] [30072] PREPARE received from 30089 for REQUEST 1741754747345
[2025-03-12 13:45:47,524] [INFO] [30072] PREPARE received from 30115 for REQUEST 1741754747345
[2025-03-12 13:45:47,524] [INFO] [30072] PREPARE received from 30012 for REQUEST 1741754747345
[2025-03-12 13:45:47,524] [INFO] [30072] PREPARE received from 30047 for REQUEST 1741754747345
[2025-03-12 13:45:47,524] [INFO] [30072] PREPARE received from 30082 for REQUEST 1741754747345
[2025-03-12 13:45:47,524] [INFO] [30072] PREPARE received from 30036 for REQUEST 1741754747345
[2025-03-12 13:45:47,526] [INFO] [30072] PREPARE received from 30067 for REQUEST 1741754747345
[2025-03-12 13:45:47,526] [INFO] [30072] PREPARE received from 30096 for REQUEST 1741754747345
[2025-03-12 13:45:47,526] [INFO] [30072] PREPARE received from 30078 for REQUEST 1741754747345
[2025-03-12 13:45:47,528] [INFO] [30072] PREPARE received from 30034 for REQUEST 1741754747345
[2025-03-12 13:45:47,540] [INFO] [30072] PREPARE received from 30083 for REQUEST 1741754747345
[2025-03-12 13:45:47,542] [INFO] [30072] COMMIT received from 30017 for REQUEST 1741754747345
[2025-03-12 13:45:47,542] [INFO] [30072] COMMIT received from 30016 for REQUEST 1741754747345
[2025-03-12 13:45:47,542] [INFO] [30072] COMMIT complete. Sending PRE-REPLY: REQUEST 1741754747345 directly to Manager 30049
[2025-03-12 13:45:47,542] [INFO] [30072] COMMIT received from 30083 for REQUEST 1741754747345
[2025-03-12 13:45:47,542] [INFO] [30072] COMMIT received from 30082 for REQUEST 1741754747345
[2025-03-12 13:45:47,543] [INFO] [30072] PREPARE received from 30027 for REQUEST 1741754747345
[2025-03-12 13:45:47,543] [INFO] [30072] COMMIT received from 30100 for REQUEST 1741754747345
[2025-03-12 13:45:47,543] [INFO] [30072] COMMIT received from 30040 for REQUEST 1741754747345
[2025-03-12 13:45:47,545] [INFO] [30072] COMMIT received from 30096 for REQUEST 1741754747345
[2025-03-12 13:45:47,545] [INFO] [30072] COMMIT received from 30067 for REQUEST 1741754747345
[2025-03-12 13:45:47,545] [INFO] [30072] PREPARE received from 30016 for REQUEST 1741754747345
[2025-03-12 13:45:47,545] [INFO] [30072] COMMIT received from 30036 for REQUEST 1741754747345
[2025-03-12 13:45:47,545] [INFO] [30072] COMMIT received from 30024 for REQUEST 1741754747345
[2025-03-12 13:45:47,545] [INFO] [30072] COMMIT received from 30089 for REQUEST 1741754747345
[2025-03-12 13:45:47,547] [INFO] [30072] COMMIT received from 30014 for REQUEST 1741754747345
[2025-03-12 13:45:47,547] [INFO] [30072] COMMIT received from 30075 for REQUEST 1741754747345
[2025-03-12 13:45:47,549] [INFO] [30072] COMMIT received from 30110 for REQUEST 1741754747345
[2025-03-12 13:45:47,551] [INFO] [30072] COMMIT received from 30022 for REQUEST 1741754747345
[2025-03-12 13:45:47,686] [INFO] [30072] PREPARE received from 30077 for REQUEST 1741754747345
[2025-03-12 13:45:47,694] [INFO] [30072] COMMIT received from 30026 for REQUEST 1741754747345
[2025-03-12 13:45:47,720] [INFO] [30072] COMMIT received from 30077 for REQUEST 1741754747345
[2025-03-12 13:45:47,739] [INFO] [30072] COMMIT received from 30057 for REQUEST 1741754747345
[2025-03-12 13:45:47,743] [INFO] [30072] COMMIT received from 30027 for REQUEST 1741754747345
[2025-03-12 13:45:47,752] [INFO] [30072] COMMIT received from 30091 for REQUEST 1741754747345
[2025-03-12 13:45:47,777] [INFO] [30072] COMMIT received from 30078 for REQUEST 1741754747345
[2025-03-12 13:45:47,793] [INFO] [30072] COMMIT received from 30115 for REQUEST 1741754747345
[2025-03-12 13:45:47,805] [INFO] [30072] COMMIT received from 30012 for REQUEST 1741754747345
[2025-03-12 13:45:47,832] [INFO] [30072] COMMIT received from 30034 for REQUEST 1741754747345
[2025-03-12 13:45:47,869] [INFO] [30072] COMMIT received from 30047 for REQUEST 1741754747345
[2025-03-12 13:45:59,089] [INFO] [30072] PRE-PREPARE received: {'request_id': 1741754759008, 'data': 'llapbft_message_1741754759008', 'timestamp': 1741754759.0302613, 'leader': 30110, 'cluster_id': 1, 'cluster_ports': [30012, 30014, 30016, 30017, 30022, 30024, 30026, 30027, 30034, 30036, 30040, 30047, 30049, 30054, 30057, 30067, 30072, 30075, 30077, 30078, 30082, 30083, 30089, 30091, 30096, 30100, 30102, 30110, 30114, 30115], 'cluster_manager': {'host': 'localhost', 'port': 30049, 'latitude': 36.626668, 'longitude': 127.4587754, 'altitude': 52, 'offset_m': 'lat: 7 m, lng: 24 m, alt: 52 m'}, 'simulated_delay': 0.00023733333333333335, 'distance': 167.20458137017474, 'message_size_bits': 4272}
[2025-03-12 13:45:59,089] [INFO] [30072] Broadcasting PREPARE: REQUEST 1741754759008
[2025-03-12 13:45:59,095] [INFO] [30072] PREPARE received from 30115 for REQUEST 1741754759008
[2025-03-12 13:45:59,095] [INFO] [30072] Broadcasting COMMIT: REQUEST 1741754759008
[2025-03-12 13:45:59,095] [INFO] [30072] PREPARE received from 30016 for REQUEST 1741754759008
[2025-03-12 13:45:59,095] [INFO] [30072] PREPARE received from 30077 for REQUEST 1741754759008
[2025-03-12 13:45:59,331] [INFO] [30072] PREPARE received from 30012 for REQUEST 1741754759008
[2025-03-12 13:45:59,339] [INFO] [30072] PREPARE received from 30034 for REQUEST 1741754759008
[2025-03-12 13:45:59,347] [INFO] [30072] COMMIT received from 30115 for REQUEST 1741754759008
[2025-03-12 13:45:59,347] [INFO] [30072] PREPARE received from 30083 for REQUEST 1741754759008
[2025-03-12 13:45:59,347] [INFO] [30072] PREPARE received from 30017 for REQUEST 1741754759008
[2025-03-12 13:45:59,348] [INFO] [30072] PREPARE received from 30082 for REQUEST 1741754759008
[2025-03-12 13:45:59,348] [INFO] [30072] PREPARE received from 30100 for REQUEST 1741754759008
[2025-03-12 13:45:59,348] [INFO] [30072] PREPARE received from 30078 for REQUEST 1741754759008
[2025-03-12 13:45:59,348] [INFO] [30072] COMMIT received from 30036 for REQUEST 1741754759008
[2025-03-12 13:45:59,349] [INFO] [30072] COMMIT complete. Sending PRE-REPLY: REQUEST 1741754759008 directly to Manager 30049
[2025-03-12 13:45:59,349] [INFO] [30072] PREPARE received from 30040 for REQUEST 1741754759008
[2025-03-12 13:45:59,349] [INFO] [30072] PREPARE received from 30057 for REQUEST 1741754759008
[2025-03-12 13:45:59,350] [INFO] [30072] PREPARE received from 30096 for REQUEST 1741754759008
[2025-03-12 13:45:59,350] [INFO] [30072] PREPARE received from 30026 for REQUEST 1741754759008
[2025-03-12 13:45:59,350] [INFO] [30072] COMMIT received from 30014 for REQUEST 1741754759008
[2025-03-12 13:45:59,350] [INFO] [30072] PREPARE received from 30067 for REQUEST 1741754759008
[2025-03-12 13:45:59,351] [INFO] [30072] COMMIT received from 30017 for REQUEST 1741754759008
[2025-03-12 13:45:59,351] [INFO] [30072] COMMIT received from 30057 for REQUEST 1741754759008
[2025-03-12 13:45:59,351] [INFO] [30072] PREPARE received from 30047 for REQUEST 1741754759008
[2025-03-12 13:45:59,351] [INFO] [30072] COMMIT received from 30034 for REQUEST 1741754759008
[2025-03-12 13:45:59,351] [INFO] [30072] COMMIT received from 30016 for REQUEST 1741754759008
[2025-03-12 13:45:59,351] [INFO] [30072] PREPARE received from 30036 for REQUEST 1741754759008
[2025-03-12 13:45:59,351] [INFO] [30072] PREPARE received from 30024 for REQUEST 1741754759008
[2025-03-12 13:45:59,352] [INFO] [30072] PREPARE received from 30091 for REQUEST 1741754759008
[2025-03-12 13:45:59,352] [INFO] [30072] PREPARE received from 30027 for REQUEST 1741754759008
[2025-03-12 13:45:59,352] [INFO] [30072] PREPARE received from 30022 for REQUEST 1741754759008
[2025-03-12 13:45:59,352] [INFO] [30072] PREPARE received from 30014 for REQUEST 1741754759008
[2025-03-12 13:45:59,353] [INFO] [30072] PREPARE received from 30075 for REQUEST 1741754759008
[2025-03-12 13:45:59,353] [INFO] [30072] PREPARE received from 30089 for REQUEST 1741754759008
[2025-03-12 13:45:59,549] [INFO] [30072] COMMIT received from 30047 for REQUEST 1741754759008
[2025-03-12 13:45:59,551] [INFO] [30072] COMMIT received from 30083 for REQUEST 1741754759008
[2025-03-12 13:45:59,553] [INFO] [30072] COMMIT received from 30082 for REQUEST 1741754759008
[2025-03-12 13:45:59,554] [INFO] [30072] COMMIT received from 30100 for REQUEST 1741754759008
[2025-03-12 13:45:59,554] [INFO] [30072] COMMIT received from 30027 for REQUEST 1741754759008
[2025-03-12 13:45:59,554] [INFO] [30072] COMMIT received from 30040 for REQUEST 1741754759008
[2025-03-12 13:45:59,555] [INFO] [30072] COMMIT received from 30067 for REQUEST 1741754759008
[2025-03-12 13:45:59,556] [INFO] [30072] COMMIT received from 30096 for REQUEST 1741754759008
[2025-03-12 13:45:59,556] [INFO] [30072] COMMIT received from 30078 for REQUEST 1741754759008
[2025-03-12 13:45:59,557] [INFO] [30072] COMMIT received from 30075 for REQUEST 1741754759008
[2025-03-12 13:45:59,557] [INFO] [30072] COMMIT received from 30026 for REQUEST 1741754759008
[2025-03-12 13:45:59,558] [INFO] [30072] COMMIT received from 30089 for REQUEST 1741754759008
[2025-03-12 13:45:59,558] [INFO] [30072] COMMIT received from 30024 for REQUEST 1741754759008
[2025-03-12 13:45:59,559] [INFO] [30072] COMMIT received from 30110 for REQUEST 1741754759008
[2025-03-12 13:45:59,560] [INFO] [30072] COMMIT received from 30012 for REQUEST 1741754759008
[2025-03-12 13:45:59,582] [INFO] [30072] COMMIT received from 30077 for REQUEST 1741754759008
[2025-03-12 13:45:59,582] [INFO] [30072] COMMIT received from 30091 for REQUEST 1741754759008
[2025-03-12 13:45:59,595] [INFO] [30072] COMMIT received from 30022 for REQUEST 1741754759008
[2025-03-12 13:46:11,367] [INFO] [30072] PRE-PREPARE received: {'request_id': 1741754771266, 'data': 'llapbft_message_1741754771266', 'timestamp': 1741754771.2983816, 'leader': 30110, 'cluster_id': 1, 'cluster_ports': [30012, 30014, 30016, 30017, 30022, 30024, 30026, 30027, 30034, 30036, 30040, 30047, 30049, 30054, 30057, 30067, 30072, 30075, 30077, 30078, 30082, 30083, 30089, 30091, 30096, 30100, 30102, 30110, 30114, 30115], 'cluster_manager': {'host': 'localhost', 'port': 30049, 'latitude': 36.626668, 'longitude': 127.4587754, 'altitude': 52, 'offset_m': 'lat: 7 m, lng: 24 m, alt: 52 m'}, 'simulated_delay': 0.00023733333333333335, 'distance': 167.20458137017474, 'message_size_bits': 4272}
[2025-03-12 13:46:11,367] [INFO] [30072] Broadcasting PREPARE: REQUEST 1741754771266
[2025-03-12 13:46:11,373] [INFO] [30072] PREPARE received from 30083 for REQUEST 1741754771266
[2025-03-12 13:46:11,373] [INFO] [30072] Broadcasting COMMIT: REQUEST 1741754771266
[2025-03-12 13:46:11,373] [INFO] [30072] PREPARE received from 30057 for REQUEST 1741754771266
[2025-03-12 13:46:11,375] [INFO] [30072] PREPARE received from 30100 for REQUEST 1741754771266
[2025-03-12 13:46:11,456] [INFO] [30072] PREPARE received from 30027 for REQUEST 1741754771266
[2025-03-12 13:46:11,456] [INFO] [30072] PREPARE received from 30022 for REQUEST 1741754771266
[2025-03-12 13:46:11,458] [INFO] [30072] PREPARE received from 30024 for REQUEST 1741754771266
[2025-03-12 13:46:11,458] [INFO] [30072] PREPARE received from 30096 for REQUEST 1741754771266
[2025-03-12 13:46:11,458] [INFO] [30072] PREPARE received from 30026 for REQUEST 1741754771266
[2025-03-12 13:46:11,466] [INFO] [30072] COMMIT received from 30027 for REQUEST 1741754771266
[2025-03-12 13:46:11,466] [INFO] [30072] PREPARE received from 30040 for REQUEST 1741754771266
[2025-03-12 13:46:11,466] [INFO] [30072] PREPARE received from 30067 for REQUEST 1741754771266
[2025-03-12 13:46:11,468] [INFO] [30072] PREPARE received from 30012 for REQUEST 1741754771266
[2025-03-12 13:46:11,468] [INFO] [30072] PREPARE received from 30115 for REQUEST 1741754771266
[2025-03-12 13:46:11,468] [INFO] [30072] PREPARE received from 30017 for REQUEST 1741754771266
[2025-03-12 13:46:11,468] [INFO] [30072] COMMIT received from 30057 for REQUEST 1741754771266
[2025-03-12 13:46:11,468] [INFO] [30072] COMMIT complete. Sending PRE-REPLY: REQUEST 1741754771266 directly to Manager 30049
[2025-03-12 13:46:11,470] [INFO] [30072] COMMIT received from 30096 for REQUEST 1741754771266
[2025-03-12 13:46:11,470] [INFO] [30072] PREPARE received from 30075 for REQUEST 1741754771266
[2025-03-12 13:46:11,470] [INFO] [30072] PREPARE received from 30036 for REQUEST 1741754771266
[2025-03-12 13:46:11,471] [INFO] [30072] COMMIT received from 30024 for REQUEST 1741754771266
[2025-03-12 13:46:11,473] [INFO] [30072] PREPARE received from 30091 for REQUEST 1741754771266
[2025-03-12 13:46:11,475] [INFO] [30072] COMMIT received from 30115 for REQUEST 1741754771266
[2025-03-12 13:46:11,475] [INFO] [30072] COMMIT received from 30067 for REQUEST 1741754771266
[2025-03-12 13:46:11,475] [INFO] [30072] COMMIT received from 30017 for REQUEST 1741754771266
[2025-03-12 13:46:11,475] [INFO] [30072] COMMIT received from 30075 for REQUEST 1741754771266
[2025-03-12 13:46:11,475] [INFO] [30072] PREPARE received from 30082 for REQUEST 1741754771266
[2025-03-12 13:46:11,477] [INFO] [30072] COMMIT received from 30077 for REQUEST 1741754771266
[2025-03-12 13:46:11,477] [INFO] [30072] COMMIT received from 30036 for REQUEST 1741754771266
[2025-03-12 13:46:11,477] [INFO] [30072] PREPARE received from 30077 for REQUEST 1741754771266
[2025-03-12 13:46:11,477] [INFO] [30072] COMMIT received from 30040 for REQUEST 1741754771266
[2025-03-12 13:46:11,477] [INFO] [30072] COMMIT received from 30022 for REQUEST 1741754771266
[2025-03-12 13:46:11,477] [INFO] [30072] PREPARE received from 30014 for REQUEST 1741754771266
[2025-03-12 13:46:11,479] [INFO] [30072] COMMIT received from 30026 for REQUEST 1741754771266
[2025-03-12 13:46:11,479] [INFO] [30072] PREPARE received from 30078 for REQUEST 1741754771266
[2025-03-12 13:46:11,479] [INFO] [30072] COMMIT received from 30014 for REQUEST 1741754771266
[2025-03-12 13:46:11,481] [INFO] [30072] COMMIT received from 30091 for REQUEST 1741754771266
[2025-03-12 13:46:11,481] [INFO] [30072] COMMIT received from 30078 for REQUEST 1741754771266
[2025-03-12 13:46:11,489] [INFO] [30072] PREPARE received from 30016 for REQUEST 1741754771266
[2025-03-12 13:46:11,493] [INFO] [30072] PREPARE received from 30034 for REQUEST 1741754771266
[2025-03-12 13:46:11,493] [INFO] [30072] COMMIT received from 30083 for REQUEST 1741754771266
[2025-03-12 13:46:11,495] [INFO] [30072] PREPARE received from 30047 for REQUEST 1741754771266
[2025-03-12 13:46:11,509] [INFO] [30072] COMMIT received from 30034 for REQUEST 1741754771266
[2025-03-12 13:46:11,511] [INFO] [30072] COMMIT received from 30012 for REQUEST 1741754771266
[2025-03-12 13:46:11,515] [INFO] [30072] COMMIT received from 30047 for REQUEST 1741754771266
[2025-03-12 13:46:11,523] [INFO] [30072] PREPARE received from 30089 for REQUEST 1741754771266
[2025-03-12 13:46:11,528] [INFO] [30072] COMMIT received from 30100 for REQUEST 1741754771266
[2025-03-12 13:46:11,537] [INFO] [30072] COMMIT received from 30089 for REQUEST 1741754771266
[2025-03-12 13:46:11,569] [INFO] [30072] COMMIT received from 30110 for REQUEST 1741754771266
[2025-03-12 13:46:11,586] [INFO] [30072] COMMIT received from 30082 for REQUEST 1741754771266
[2025-03-12 13:46:11,682] [INFO] [30072] COMMIT received from 30016 for REQUEST 1741754771266
[2025-03-12 14:44:18,234] [INFO] [30072] PRE-PREPARE received: {'request_id': 1741758258160, 'data': 'llapbft_message_1741758258160', 'timestamp': 1741758258.1917994, 'leader': 30110, 'cluster_id': 1, 'cluster_ports': [30012, 30014, 30016, 30017, 30022, 30024, 30026, 30027, 30034, 30036, 30040, 30047, 30049, 30054, 30057, 30067, 30072, 30075, 30077, 30078, 30082, 30083, 30089, 30091, 30096, 30100, 30102, 30110, 30114, 30115], 'cluster_manager': {'host': 'localhost', 'port': 30049, 'latitude': 36.626668, 'longitude': 127.4587754, 'altitude': 52, 'offset_m': 'lat: 7 m, lng: 24 m, alt: 52 m'}, 'simulated_delay': 0.00023733333333333335, 'distance': 167.20458137017474, 'message_size_bits': 4272}
[2025-03-12 14:44:18,234] [INFO] [30072] Broadcasting PREPARE: REQUEST 1741758258160
[2025-03-12 14:44:18,382] [INFO] [30072] PREPARE received from 30034 for REQUEST 1741758258160
[2025-03-12 14:44:18,382] [INFO] [30072] Broadcasting COMMIT: REQUEST 1741758258160
[2025-03-12 14:44:18,412] [INFO] [30072] PREPARE received from 30012 for REQUEST 1741758258160
[2025-03-12 14:44:18,467] [INFO] [30072] PREPARE received from 30075 for REQUEST 1741758258160
[2025-03-12 14:44:18,625] [INFO] [30072] PREPARE received from 30089 for REQUEST 1741758258160
[2025-03-12 14:44:18,625] [INFO] [30072] PREPARE received from 30047 for REQUEST 1741758258160
[2025-03-12 14:44:18,625] [INFO] [30072] PREPARE received from 30057 for REQUEST 1741758258160
[2025-03-12 14:44:18,625] [INFO] [30072] COMMIT received from 30082 for REQUEST 1741758258160
[2025-03-12 14:44:18,625] [INFO] [30072] PREPARE received from 30082 for REQUEST 1741758258160
[2025-03-12 14:44:18,647] [INFO] [30072] COMMIT received from 30115 for REQUEST 1741758258160
[2025-03-12 14:44:18,647] [INFO] [30072] COMMIT complete. Sending PRE-REPLY: REQUEST 1741758258160 directly to Manager 30049
[2025-03-12 14:44:18,647] [INFO] [30072] COMMIT received from 30012 for REQUEST 1741758258160
[2025-03-12 14:44:18,679] [INFO] [30072] PREPARE received from 30115 for REQUEST 1741758258160
[2025-03-12 14:44:18,681] [INFO] [30072] COMMIT received from 30034 for REQUEST 1741758258160
[2025-03-12 14:44:18,729] [INFO] [30072] COMMIT received from 30089 for REQUEST 1741758258160
[2025-03-12 14:44:18,742] [INFO] [30072] COMMIT received from 30075 for REQUEST 1741758258160
[2025-03-12 14:44:18,743] [INFO] [30072] COMMIT received from 30100 for REQUEST 1741758258160
[2025-03-12 14:44:18,758] [INFO] [30072] PREPARE received from 30100 for REQUEST 1741758258160
[2025-03-12 14:44:18,806] [INFO] [30072] COMMIT received from 30047 for REQUEST 1741758258160
[2025-03-12 14:44:18,889] [INFO] [30072] PREPARE received from 30024 for REQUEST 1741758258160
[2025-03-12 14:44:18,889] [INFO] [30072] PREPARE received from 30022 for REQUEST 1741758258160
[2025-03-12 14:44:18,889] [INFO] [30072] PREPARE received from 30016 for REQUEST 1741758258160
[2025-03-12 14:44:18,893] [INFO] [30072] COMMIT received from 30024 for REQUEST 1741758258160
[2025-03-12 14:44:18,893] [INFO] [30072] COMMIT received from 30091 for REQUEST 1741758258160
[2025-03-12 14:44:18,893] [INFO] [30072] COMMIT received from 30022 for REQUEST 1741758258160
[2025-03-12 14:44:18,893] [INFO] [30072] COMMIT received from 30026 for REQUEST 1741758258160
[2025-03-12 14:44:18,898] [INFO] [30072] PREPARE received from 30026 for REQUEST 1741758258160
[2025-03-12 14:44:18,898] [INFO] [30072] PREPARE received from 30091 for REQUEST 1741758258160
[2025-03-12 14:44:18,917] [INFO] [30072] COMMIT received from 30057 for REQUEST 1741758258160
[2025-03-12 14:44:18,917] [INFO] [30072] COMMIT received from 30016 for REQUEST 1741758258160
[2025-03-12 14:44:19,196] [INFO] [30072] COMMIT received from 30110 for REQUEST 1741758258160
[2025-03-12 14:44:19,334] [INFO] [30072] PREPARE received from 30036 for REQUEST 1741758258160
[2025-03-12 14:44:19,334] [INFO] [30072] COMMIT received from 30036 for REQUEST 1741758258160
[2025-03-12 14:44:19,362] [INFO] [30072] PREPARE received from 30083 for REQUEST 1741758258160
[2025-03-12 14:44:19,362] [INFO] [30072] COMMIT received from 30083 for REQUEST 1741758258160
[2025-03-12 14:44:19,479] [INFO] [30072] PREPARE received from 30014 for REQUEST 1741758258160
[2025-03-12 14:44:19,486] [INFO] [30072] COMMIT received from 30014 for REQUEST 1741758258160
[2025-03-12 14:44:19,495] [INFO] [30072] PREPARE received from 30096 for REQUEST 1741758258160
[2025-03-12 14:44:19,516] [INFO] [30072] COMMIT received from 30096 for REQUEST 1741758258160
[2025-03-12 14:44:19,536] [INFO] [30072] PREPARE received from 30078 for REQUEST 1741758258160
[2025-03-12 14:44:19,536] [INFO] [30072] COMMIT received from 30078 for REQUEST 1741758258160
[2025-03-12 14:44:19,553] [INFO] [30072] PREPARE received from 30017 for REQUEST 1741758258160
[2025-03-12 14:44:19,555] [INFO] [30072] COMMIT received from 30017 for REQUEST 1741758258160
[2025-03-12 14:44:19,611] [INFO] [30072] PREPARE received from 30067 for REQUEST 1741758258160
[2025-03-12 14:44:19,611] [INFO] [30072] COMMIT received from 30067 for REQUEST 1741758258160
[2025-03-12 14:44:19,623] [INFO] [30072] PREPARE received from 30027 for REQUEST 1741758258160
[2025-03-12 14:44:19,623] [INFO] [30072] COMMIT received from 30027 for REQUEST 1741758258160
[2025-03-12 14:44:19,641] [INFO] [30072] PREPARE received from 30077 for REQUEST 1741758258160
[2025-03-12 14:44:19,642] [INFO] [30072] COMMIT received from 30077 for REQUEST 1741758258160
[2025-03-12 14:44:19,682] [INFO] [30072] PREPARE received from 30040 for REQUEST 1741758258160
[2025-03-12 14:44:19,683] [INFO] [30072] COMMIT received from 30040 for REQUEST 1741758258160
