[2025-03-12 12:35:36,934] [INFO] Node started: localhost:30062 | index=63 | f=1, k=4
[2025-03-12 12:36:06,206] [INFO] [30062] PRE-PREPARE received: {'request_id': 1741750566115, 'data': 'llapbft_message_1741750566115', 'timestamp': 1741750566.142161, 'leader': 30022, 'cluster_id': 2, 'cluster_ports': [30000, 30007, 30013, 30018, 30021, 30022, 30030, 30031, 30049, 30050, 30052, 30055, 30057, 30058, 30060, 30062, 30071, 30077, 30078, 30091, 30096, 30100, 30104, 30110, 30121, 30129, 30131, 30133, 30134, 30140, 30141, 30143, 30148, 30152, 30155, 30157, 30158, 30159, 30160, 30161, 30167, 30168, 30169, 30170, 30171, 30172, 30173, 30177, 30178, 30179, 30190, 30192, 30193, 30195], 'cluster_manager': {'host': 'localhost', 'port': 30155, 'latitude': 36.6269898, 'longitude': 127.4587731, 'altitude': 261, 'offset_m': 'lat: 43 m, lng: 24 m, alt: 261 m'}, 'simulated_delay': 0.00015666666666666666, 'distance': 73.7681716199016, 'message_size_bits': 5640}
[2025-03-12 12:36:06,226] [INFO] [30062] Broadcasting PREPARE: REQUEST 1741750566115
[2025-03-12 12:36:06,453] [INFO] [30062] PREPARE received from 30179 for REQUEST 1741750566115
[2025-03-12 12:36:06,453] [INFO] [30062] Broadcasting COMMIT: REQUEST 1741750566115
[2025-03-12 12:36:06,453] [INFO] [30062] PREPARE received from 30190 for REQUEST 1741750566115
[2025-03-12 12:36:06,455] [INFO] [30062] PREPARE received from 30177 for REQUEST 1741750566115
[2025-03-12 12:36:06,802] [INFO] [30062] PREPARE received from 30159 for REQUEST 1741750566115
[2025-03-12 12:36:06,802] [INFO] [30062] PREPARE received from 30134 for REQUEST 1741750566115
[2025-03-12 12:36:07,138] [INFO] [30062] PREPARE received from 30071 for REQUEST 1741750566115
[2025-03-12 12:36:07,429] [INFO] [30062] PREPARE received from 30030 for REQUEST 1741750566115
[2025-03-12 12:36:07,571] [INFO] [30062] PREPARE received from 30140 for REQUEST 1741750566115
[2025-03-12 12:36:07,798] [INFO] [30062] COMMIT received from 30167 for REQUEST 1741750566115
[2025-03-12 12:36:07,804] [INFO] [30062] COMMIT received from 30134 for REQUEST 1741750566115
[2025-03-12 12:36:07,804] [INFO] [30062] COMMIT complete. Sending PRE-REPLY: REQUEST 1741750566115 directly to Manager 30155
[2025-03-12 12:36:07,804] [INFO] [30062] PREPARE received from 30141 for REQUEST 1741750566115
[2025-03-12 12:36:07,804] [INFO] [30062] PREPARE received from 30158 for REQUEST 1741750566115
[2025-03-12 12:36:07,804] [INFO] [30062] PREPARE received from 30167 for REQUEST 1741750566115
[2025-03-12 12:36:07,804] [INFO] [30062] COMMIT received from 30190 for REQUEST 1741750566115
[2025-03-12 12:36:07,804] [INFO] [30062] PREPARE received from 30195 for REQUEST 1741750566115
[2025-03-12 12:36:07,942] [INFO] [30062] COMMIT received from 30195 for REQUEST 1741750566115
[2025-03-12 12:36:08,069] [INFO] [30062] COMMIT received from 30158 for REQUEST 1741750566115
[2025-03-12 12:36:08,075] [INFO] [30062] PREPARE received from 30192 for REQUEST 1741750566115
[2025-03-12 12:36:08,075] [INFO] [30062] PREPARE received from 30110 for REQUEST 1741750566115
[2025-03-12 12:36:08,296] [INFO] [30062] COMMIT received from 30177 for REQUEST 1741750566115
[2025-03-12 12:36:08,296] [INFO] [30062] COMMIT received from 30192 for REQUEST 1741750566115
[2025-03-12 12:36:08,401] [INFO] [30062] COMMIT received from 30141 for REQUEST 1741750566115
[2025-03-12 12:36:08,401] [INFO] [30062] COMMIT received from 30140 for REQUEST 1741750566115
[2025-03-12 12:36:08,509] [INFO] [30062] COMMIT received from 30179 for REQUEST 1741750566115
[2025-03-12 12:36:08,546] [INFO] [30062] PREPARE received from 30104 for REQUEST 1741750566115
[2025-03-12 12:36:08,546] [INFO] [30062] COMMIT received from 30159 for REQUEST 1741750566115
[2025-03-12 12:36:08,602] [INFO] [30062] COMMIT received from 30077 for REQUEST 1741750566115
[2025-03-12 12:36:08,604] [INFO] [30062] PREPARE received from 30050 for REQUEST 1741750566115
[2025-03-12 12:36:08,604] [INFO] [30062] PREPARE received from 30172 for REQUEST 1741750566115
[2025-03-12 12:36:08,604] [INFO] [30062] COMMIT received from 30104 for REQUEST 1741750566115
[2025-03-12 12:36:08,656] [INFO] [30062] PREPARE received from 30077 for REQUEST 1741750566115
[2025-03-12 12:36:08,656] [INFO] [30062] PREPARE received from 30058 for REQUEST 1741750566115
[2025-03-12 12:36:08,656] [INFO] [30062] PREPARE received from 30100 for REQUEST 1741750566115
[2025-03-12 12:36:08,683] [INFO] [30062] COMMIT received from 30100 for REQUEST 1741750566115
[2025-03-12 12:36:08,683] [INFO] [30062] COMMIT received from 30172 for REQUEST 1741750566115
[2025-03-12 12:36:08,739] [INFO] [30062] COMMIT received from 30058 for REQUEST 1741750566115
[2025-03-12 12:36:08,746] [INFO] [30062] PREPARE received from 30133 for REQUEST 1741750566115
[2025-03-12 12:36:08,746] [INFO] [30062] PREPARE received from 30171 for REQUEST 1741750566115
[2025-03-12 12:36:08,790] [INFO] [30062] COMMIT received from 30049 for REQUEST 1741750566115
[2025-03-12 12:36:08,790] [INFO] [30062] COMMIT received from 30171 for REQUEST 1741750566115
[2025-03-12 12:36:08,790] [INFO] [30062] COMMIT received from 30050 for REQUEST 1741750566115
[2025-03-12 12:36:08,927] [INFO] [30062] PREPARE received from 30049 for REQUEST 1741750566115
[2025-03-12 12:36:08,927] [INFO] [30062] PREPARE received from 30148 for REQUEST 1741750566115
[2025-03-12 12:36:08,927] [INFO] [30062] COMMIT received from 30133 for REQUEST 1741750566115
[2025-03-12 12:36:08,970] [INFO] [30062] PREPARE received from 30152 for REQUEST 1741750566115
[2025-03-12 12:36:08,970] [INFO] [30062] COMMIT received from 30030 for REQUEST 1741750566115
[2025-03-12 12:36:08,970] [INFO] [30062] COMMIT received from 30148 for REQUEST 1741750566115
[2025-03-12 12:36:08,998] [INFO] [30062] COMMIT received from 30152 for REQUEST 1741750566115
[2025-03-12 12:36:09,077] [INFO] [30062] COMMIT received from 30071 for REQUEST 1741750566115
[2025-03-12 12:36:09,096] [INFO] [30062] COMMIT received from 30173 for REQUEST 1741750566115
[2025-03-12 12:36:09,096] [INFO] [30062] PREPARE received from 30173 for REQUEST 1741750566115
[2025-03-12 12:36:09,175] [INFO] [30062] COMMIT received from 30110 for REQUEST 1741750566115
[2025-03-12 12:36:09,352] [INFO] [30062] PREPARE received from 30091 for REQUEST 1741750566115
[2025-03-12 12:36:09,420] [INFO] [30062] PREPARE received from 30193 for REQUEST 1741750566115
[2025-03-12 12:36:09,498] [INFO] [30062] COMMIT received from 30193 for REQUEST 1741750566115
[2025-03-12 12:36:09,561] [INFO] [30062] PREPARE received from 30178 for REQUEST 1741750566115
[2025-03-12 12:36:09,583] [INFO] [30062] PREPARE received from 30121 for REQUEST 1741750566115
[2025-03-12 12:36:09,599] [INFO] [30062] COMMIT received from 30121 for REQUEST 1741750566115
[2025-03-12 12:36:09,726] [INFO] [30062] COMMIT received from 30091 for REQUEST 1741750566115
[2025-03-12 12:36:09,742] [INFO] [30062] COMMIT received from 30178 for REQUEST 1741750566115
[2025-03-12 12:36:09,780] [INFO] [30062] PREPARE received from 30169 for REQUEST 1741750566115
[2025-03-12 12:36:09,809] [INFO] [30062] COMMIT received from 30169 for REQUEST 1741750566115
[2025-03-12 12:36:09,891] [INFO] [30062] COMMIT received from 30022 for REQUEST 1741750566115
[2025-03-12 12:36:09,925] [INFO] [30062] PREPARE received from 30078 for REQUEST 1741750566115
[2025-03-12 12:36:10,043] [INFO] [30062] PREPARE received from 30013 for REQUEST 1741750566115
[2025-03-12 12:36:10,043] [INFO] [30062] PREPARE received from 30170 for REQUEST 1741750566115
[2025-03-12 12:36:10,043] [INFO] [30062] PREPARE received from 30160 for REQUEST 1741750566115
[2025-03-12 12:36:10,043] [INFO] [30062] PREPARE received from 30096 for REQUEST 1741750566115
[2025-03-12 12:36:10,057] [INFO] [30062] PREPARE received from 30055 for REQUEST 1741750566115
[2025-03-12 12:36:10,104] [INFO] [30062] COMMIT received from 30013 for REQUEST 1741750566115
[2025-03-12 12:36:10,129] [INFO] [30062] PREPARE received from 30157 for REQUEST 1741750566115
[2025-03-12 12:36:10,129] [INFO] [30062] COMMIT received from 30157 for REQUEST 1741750566115
[2025-03-12 12:36:10,182] [INFO] [30062] COMMIT received from 30078 for REQUEST 1741750566115
[2025-03-12 12:36:10,236] [INFO] [30062] COMMIT received from 30096 for REQUEST 1741750566115
[2025-03-12 12:36:10,299] [INFO] [30062] PREPARE received from 30143 for REQUEST 1741750566115
[2025-03-12 12:36:10,357] [INFO] [30062] COMMIT received from 30170 for REQUEST 1741750566115
[2025-03-12 12:36:10,357] [INFO] [30062] PREPARE received from 30057 for REQUEST 1741750566115
[2025-03-12 12:36:10,361] [INFO] [30062] COMMIT received from 30055 for REQUEST 1741750566115
[2025-03-12 12:36:10,361] [INFO] [30062] COMMIT received from 30160 for REQUEST 1741750566115
[2025-03-12 12:36:10,371] [INFO] [30062] PREPARE received from 30021 for REQUEST 1741750566115
[2025-03-12 12:36:10,371] [INFO] [30062] PREPARE received from 30000 for REQUEST 1741750566115
[2025-03-12 12:36:10,371] [INFO] [30062] COMMIT received from 30057 for REQUEST 1741750566115
[2025-03-12 12:36:10,383] [INFO] [30062] PREPARE received from 30131 for REQUEST 1741750566115
[2025-03-12 12:36:10,384] [INFO] [30062] COMMIT received from 30131 for REQUEST 1741750566115
[2025-03-12 12:36:10,468] [INFO] [30062] COMMIT received from 30143 for REQUEST 1741750566115
[2025-03-12 12:36:10,485] [INFO] [30062] COMMIT received from 30021 for REQUEST 1741750566115
[2025-03-12 12:36:10,485] [INFO] [30062] PREPARE received from 30031 for REQUEST 1741750566115
[2025-03-12 12:36:10,485] [INFO] [30062] COMMIT received from 30031 for REQUEST 1741750566115
[2025-03-12 12:36:10,544] [INFO] [30062] PREPARE received from 30161 for REQUEST 1741750566115
[2025-03-12 12:36:10,544] [INFO] [30062] COMMIT received from 30161 for REQUEST 1741750566115
[2025-03-12 12:36:10,544] [INFO] [30062] COMMIT received from 30000 for REQUEST 1741750566115
[2025-03-12 12:36:10,649] [INFO] [30062] PREPARE received from 30007 for REQUEST 1741750566115
[2025-03-12 12:36:10,653] [INFO] [30062] COMMIT received from 30007 for REQUEST 1741750566115
[2025-03-12 12:36:10,741] [INFO] [30062] PREPARE received from 30018 for REQUEST 1741750566115
[2025-03-12 12:36:10,743] [INFO] [30062] COMMIT received from 30018 for REQUEST 1741750566115
[2025-03-12 12:36:10,800] [INFO] [30062] PREPARE received from 30060 for REQUEST 1741750566115
[2025-03-12 12:36:10,800] [INFO] [30062] COMMIT received from 30060 for REQUEST 1741750566115
[2025-03-12 12:36:10,892] [INFO] [30062] PREPARE received from 30052 for REQUEST 1741750566115
[2025-03-12 12:36:10,910] [INFO] [30062] COMMIT received from 30052 for REQUEST 1741750566115
[2025-03-12 12:36:10,961] [INFO] [30062] PREPARE received from 30129 for REQUEST 1741750566115
[2025-03-12 12:36:10,973] [INFO] [30062] COMMIT received from 30129 for REQUEST 1741750566115
[2025-03-12 12:36:10,989] [INFO] [30062] PREPARE received from 30168 for REQUEST 1741750566115
[2025-03-12 12:36:10,992] [INFO] [30062] COMMIT received from 30168 for REQUEST 1741750566115
[2025-03-12 12:54:42,240] [INFO] Node started: localhost:30062 | index=63 | f=1, k=4
[2025-03-12 12:55:33,845] [INFO] Node started: localhost:30062 | index=63 | f=1, k=4
[2025-03-12 12:55:54,304] [INFO] [30062] PRE-PREPARE received: {'request_id': 1741751754181, 'data': 'llapbft_message_1741751754181', 'timestamp': 1741751754.2060645, 'leader': 30003, 'cluster_id': 3, 'cluster_ports': [30003, 30010, 30012, 30013, 30020, 30021, 30022, 30028, 30033, 30034, 30035, 30038, 30039, 30047, 30051, 30056, 30060, 30061, 30062, 30067, 30071, 30073, 30074, 30076, 30082, 30084, 30090, 30105, 30107, 30111, 30117, 30119, 30127, 30134, 30135, 30136, 30139, 30142, 30154, 30156, 30157, 30159], 'cluster_manager': {'host': 'localhost', 'port': 30159, 'latitude': 36.6271038, 'longitude': 127.4587684, 'altitude': 226, 'offset_m': 'lat: 55 m, lng: 23 m, alt: 226 m'}, 'simulated_delay': 0.00027644444444444445, 'distance': 181.00084024714465, 'message_size_bits': 4976}
[2025-03-12 12:55:54,306] [INFO] [30062] Broadcasting PREPARE: REQUEST 1741751754181
[2025-03-12 12:55:54,523] [INFO] [30062] PREPARE received from 30061 for REQUEST 1741751754181
[2025-03-12 12:55:54,523] [INFO] [30062] Broadcasting COMMIT: REQUEST 1741751754181
[2025-03-12 12:55:54,529] [INFO] [30062] PREPARE received from 30056 for REQUEST 1741751754181
[2025-03-12 12:55:54,529] [INFO] [30062] PREPARE received from 30074 for REQUEST 1741751754181
[2025-03-12 12:55:54,529] [INFO] [30062] PREPARE received from 30028 for REQUEST 1741751754181
[2025-03-12 12:55:54,529] [INFO] [30062] PREPARE received from 30047 for REQUEST 1741751754181
[2025-03-12 12:55:54,537] [INFO] [30062] PREPARE received from 30013 for REQUEST 1741751754181
[2025-03-12 12:55:54,955] [INFO] [30062] COMMIT received from 30047 for REQUEST 1741751754181
[2025-03-12 12:55:54,960] [INFO] [30062] PREPARE received from 30136 for REQUEST 1741751754181
[2025-03-12 12:55:54,960] [INFO] [30062] PREPARE received from 30035 for REQUEST 1741751754181
[2025-03-12 12:55:54,991] [INFO] [30062] COMMIT received from 30056 for REQUEST 1741751754181
[2025-03-12 12:55:54,991] [INFO] [30062] COMMIT complete. Sending PRE-REPLY: REQUEST 1741751754181 directly to Manager 30159
[2025-03-12 12:55:54,991] [INFO] [30062] COMMIT received from 30074 for REQUEST 1741751754181
[2025-03-12 12:55:55,068] [INFO] [30062] COMMIT received from 30067 for REQUEST 1741751754181
[2025-03-12 12:55:55,068] [INFO] [30062] PREPARE received from 30067 for REQUEST 1741751754181
[2025-03-12 12:55:55,068] [INFO] [30062] PREPARE received from 30020 for REQUEST 1741751754181
[2025-03-12 12:55:55,068] [INFO] [30062] PREPARE received from 30082 for REQUEST 1741751754181
[2025-03-12 12:55:55,068] [INFO] [30062] COMMIT received from 30028 for REQUEST 1741751754181
[2025-03-12 12:55:55,068] [INFO] [30062] COMMIT received from 30082 for REQUEST 1741751754181
[2025-03-12 12:55:55,068] [INFO] [30062] COMMIT received from 30119 for REQUEST 1741751754181
[2025-03-12 12:55:55,068] [INFO] [30062] PREPARE received from 30127 for REQUEST 1741751754181
[2025-03-12 12:55:55,068] [INFO] [30062] COMMIT received from 30020 for REQUEST 1741751754181
[2025-03-12 12:55:55,068] [INFO] [30062] COMMIT received from 30061 for REQUEST 1741751754181
[2025-03-12 12:55:55,068] [INFO] [30062] COMMIT received from 30127 for REQUEST 1741751754181
[2025-03-12 12:55:55,068] [INFO] [30062] COMMIT received from 30013 for REQUEST 1741751754181
[2025-03-12 12:55:55,068] [INFO] [30062] COMMIT received from 30156 for REQUEST 1741751754181
[2025-03-12 12:55:55,068] [INFO] [30062] PREPARE received from 30119 for REQUEST 1741751754181
[2025-03-12 12:55:55,128] [INFO] [30062] COMMIT received from 30035 for REQUEST 1741751754181
[2025-03-12 12:55:55,128] [INFO] [30062] PREPARE received from 30156 for REQUEST 1741751754181
[2025-03-12 12:55:55,148] [INFO] [30062] COMMIT received from 30136 for REQUEST 1741751754181
[2025-03-12 12:55:55,296] [INFO] [30062] PREPARE received from 30135 for REQUEST 1741751754181
[2025-03-12 12:55:55,296] [INFO] [30062] COMMIT received from 30135 for REQUEST 1741751754181
[2025-03-12 12:55:55,462] [INFO] [30062] PREPARE received from 30154 for REQUEST 1741751754181
[2025-03-12 12:55:55,490] [INFO] [30062] COMMIT received from 30157 for REQUEST 1741751754181
[2025-03-12 12:55:55,490] [INFO] [30062] PREPARE received from 30157 for REQUEST 1741751754181
[2025-03-12 12:55:55,490] [INFO] [30062] COMMIT received from 30117 for REQUEST 1741751754181
[2025-03-12 12:55:55,490] [INFO] [30062] PREPARE received from 30117 for REQUEST 1741751754181
[2025-03-12 12:55:55,502] [INFO] [30062] COMMIT received from 30154 for REQUEST 1741751754181
[2025-03-12 12:55:55,821] [INFO] [30062] PREPARE received from 30111 for REQUEST 1741751754181
[2025-03-12 12:55:55,878] [INFO] [30062] COMMIT received from 30111 for REQUEST 1741751754181
[2025-03-12 12:55:55,946] [INFO] [30062] PREPARE received from 30090 for REQUEST 1741751754181
[2025-03-12 12:55:55,946] [INFO] [30062] COMMIT received from 30090 for REQUEST 1741751754181
[2025-03-12 12:55:56,074] [INFO] [30062] COMMIT received from 30003 for REQUEST 1741751754181
[2025-03-12 12:55:56,074] [INFO] [30062] PREPARE received from 30038 for REQUEST 1741751754181
[2025-03-12 12:55:56,082] [INFO] [30062] COMMIT received from 30038 for REQUEST 1741751754181
[2025-03-12 12:55:56,199] [INFO] [30062] PREPARE received from 30010 for REQUEST 1741751754181
[2025-03-12 12:55:56,199] [INFO] [30062] PREPARE received from 30012 for REQUEST 1741751754181
[2025-03-12 12:55:56,199] [INFO] [30062] COMMIT received from 30012 for REQUEST 1741751754181
[2025-03-12 12:55:56,209] [INFO] [30062] COMMIT received from 30010 for REQUEST 1741751754181
[2025-03-12 12:55:56,224] [INFO] [30062] PREPARE received from 30071 for REQUEST 1741751754181
[2025-03-12 12:55:56,231] [INFO] [30062] COMMIT received from 30071 for REQUEST 1741751754181
[2025-03-12 12:55:56,315] [INFO] [30062] PREPARE received from 30134 for REQUEST 1741751754181
[2025-03-12 12:55:56,317] [INFO] [30062] COMMIT received from 30134 for REQUEST 1741751754181
[2025-03-12 12:55:56,366] [INFO] [30062] PREPARE received from 30073 for REQUEST 1741751754181
[2025-03-12 12:55:56,366] [INFO] [30062] COMMIT received from 30073 for REQUEST 1741751754181
[2025-03-12 12:55:56,552] [INFO] [30062] PREPARE received from 30084 for REQUEST 1741751754181
[2025-03-12 12:55:56,576] [INFO] [30062] COMMIT received from 30084 for REQUEST 1741751754181
[2025-03-12 12:55:56,583] [INFO] [30062] PREPARE received from 30107 for REQUEST 1741751754181
[2025-03-12 12:55:56,583] [INFO] [30062] PREPARE received from 30022 for REQUEST 1741751754181
[2025-03-12 12:55:56,593] [INFO] [30062] PREPARE received from 30034 for REQUEST 1741751754181
[2025-03-12 12:55:56,593] [INFO] [30062] COMMIT received from 30034 for REQUEST 1741751754181
[2025-03-12 12:55:56,593] [INFO] [30062] COMMIT received from 30022 for REQUEST 1741751754181
[2025-03-12 12:55:56,593] [INFO] [30062] COMMIT received from 30107 for REQUEST 1741751754181
[2025-03-12 12:55:56,653] [INFO] [30062] PREPARE received from 30051 for REQUEST 1741751754181
[2025-03-12 12:55:56,653] [INFO] [30062] COMMIT received from 30051 for REQUEST 1741751754181
[2025-03-12 12:55:56,696] [INFO] [30062] PREPARE received from 30105 for REQUEST 1741751754181
[2025-03-12 12:55:56,698] [INFO] [30062] COMMIT received from 30105 for REQUEST 1741751754181
[2025-03-12 12:55:56,760] [INFO] [30062] PREPARE received from 30142 for REQUEST 1741751754181
[2025-03-12 12:55:56,760] [INFO] [30062] COMMIT received from 30142 for REQUEST 1741751754181
[2025-03-12 12:55:56,830] [INFO] [30062] PREPARE received from 30033 for REQUEST 1741751754181
[2025-03-12 12:55:56,830] [INFO] [30062] COMMIT received from 30033 for REQUEST 1741751754181
[2025-03-12 12:55:56,849] [INFO] [30062] PREPARE received from 30139 for REQUEST 1741751754181
[2025-03-12 12:55:56,849] [INFO] [30062] COMMIT received from 30139 for REQUEST 1741751754181
[2025-03-12 12:55:56,878] [INFO] [30062] PREPARE received from 30021 for REQUEST 1741751754181
[2025-03-12 12:55:56,878] [INFO] [30062] COMMIT received from 30021 for REQUEST 1741751754181
[2025-03-12 12:55:56,998] [INFO] [30062] PREPARE received from 30076 for REQUEST 1741751754181
[2025-03-12 12:55:56,998] [INFO] [30062] COMMIT received from 30076 for REQUEST 1741751754181
[2025-03-12 12:55:56,998] [INFO] [30062] PREPARE received from 30039 for REQUEST 1741751754181
[2025-03-12 12:55:57,004] [INFO] [30062] COMMIT received from 30039 for REQUEST 1741751754181
[2025-03-12 12:56:45,303] [INFO] Node started: localhost:30062 | index=63 | f=1, k=4
[2025-03-12 12:58:03,706] [INFO] [30062] PRE-PREPARE received: {'request_id': 1741751883632, 'data': 'llapbft_message_1741751883632', 'timestamp': 1741751883.6611185, 'leader': 30103, 'cluster_id': 3, 'cluster_ports': [30000, 30003, 30004, 30011, 30015, 30018, 30021, 30025, 30033, 30037, 30048, 30050, 30056, 30058, 30062, 30064, 30065, 30068, 30069, 30071, 30079, 30085, 30090, 30092, 30093, 30101, 30103, 30109, 30117], 'cluster_manager': {'host': 'localhost', 'port': 30011, 'latitude': 36.6266983, 'longitude': 127.4591083, 'altitude': 31, 'offset_m': 'lat: 10 m, lng: 54 m, alt: 31 m'}, 'simulated_delay': 0.00035266666666666666, 'distance': 207.98878814960767, 'message_size_bits': 4232}
[2025-03-12 12:58:03,706] [INFO] [30062] Broadcasting PREPARE: REQUEST 1741751883632
[2025-03-12 12:58:03,901] [INFO] [30062] PREPARE received from 30085 for REQUEST 1741751883632
[2025-03-12 12:58:03,901] [INFO] [30062] Broadcasting COMMIT: REQUEST 1741751883632
[2025-03-12 12:58:03,913] [INFO] [30062] PREPARE received from 30058 for REQUEST 1741751883632
[2025-03-12 12:58:03,997] [INFO] [30062] PREPARE received from 30056 for REQUEST 1741751883632
[2025-03-12 12:58:04,092] [INFO] [30062] COMMIT received from 30058 for REQUEST 1741751883632
[2025-03-12 12:58:04,125] [INFO] [30062] PREPARE received from 30109 for REQUEST 1741751883632
[2025-03-12 12:58:04,130] [INFO] [30062] COMMIT received from 30109 for REQUEST 1741751883632
[2025-03-12 12:58:04,130] [INFO] [30062] COMMIT complete. Sending PRE-REPLY: REQUEST 1741751883632 directly to Manager 30011
[2025-03-12 12:58:04,130] [INFO] [30062] PREPARE received from 30071 for REQUEST 1741751883632
[2025-03-12 12:58:04,166] [INFO] [30062] COMMIT received from 30071 for REQUEST 1741751883632
[2025-03-12 12:58:04,199] [INFO] [30062] PREPARE received from 30069 for REQUEST 1741751883632
[2025-03-12 12:58:04,217] [INFO] [30062] COMMIT received from 30069 for REQUEST 1741751883632
[2025-03-12 12:58:04,217] [INFO] [30062] COMMIT received from 30085 for REQUEST 1741751883632
[2025-03-12 12:58:04,217] [INFO] [30062] PREPARE received from 30018 for REQUEST 1741751883632
[2025-03-12 12:58:04,217] [INFO] [30062] COMMIT received from 30018 for REQUEST 1741751883632
[2025-03-12 12:58:04,272] [INFO] [30062] COMMIT received from 30056 for REQUEST 1741751883632
[2025-03-12 12:58:04,291] [INFO] [30062] PREPARE received from 30117 for REQUEST 1741751883632
[2025-03-12 12:58:04,316] [INFO] [30062] COMMIT received from 30117 for REQUEST 1741751883632
[2025-03-12 12:58:04,399] [INFO] [30062] PREPARE received from 30065 for REQUEST 1741751883632
[2025-03-12 12:58:04,442] [INFO] [30062] COMMIT received from 30065 for REQUEST 1741751883632
[2025-03-12 12:58:04,442] [INFO] [30062] PREPARE received from 30101 for REQUEST 1741751883632
[2025-03-12 12:58:04,448] [INFO] [30062] COMMIT received from 30101 for REQUEST 1741751883632
[2025-03-12 12:58:04,479] [INFO] [30062] PREPARE received from 30015 for REQUEST 1741751883632
[2025-03-12 12:58:04,498] [INFO] [30062] COMMIT received from 30015 for REQUEST 1741751883632
[2025-03-12 12:58:04,509] [INFO] [30062] PREPARE received from 30064 for REQUEST 1741751883632
[2025-03-12 12:58:04,509] [INFO] [30062] COMMIT received from 30064 for REQUEST 1741751883632
[2025-03-12 12:58:04,587] [INFO] [30062] PREPARE received from 30033 for REQUEST 1741751883632
[2025-03-12 12:58:04,596] [INFO] [30062] PREPARE received from 30068 for REQUEST 1741751883632
[2025-03-12 12:58:04,598] [INFO] [30062] COMMIT received from 30068 for REQUEST 1741751883632
[2025-03-12 12:58:04,608] [INFO] [30062] PREPARE received from 30021 for REQUEST 1741751883632
[2025-03-12 12:58:04,628] [INFO] [30062] COMMIT received from 30033 for REQUEST 1741751883632
[2025-03-12 12:58:04,682] [INFO] [30062] COMMIT received from 30021 for REQUEST 1741751883632
[2025-03-12 12:58:04,682] [INFO] [30062] PREPARE received from 30037 for REQUEST 1741751883632
[2025-03-12 12:58:04,745] [INFO] [30062] COMMIT received from 30037 for REQUEST 1741751883632
[2025-03-12 12:58:04,745] [INFO] [30062] COMMIT received from 30103 for REQUEST 1741751883632
[2025-03-12 12:58:04,851] [INFO] [30062] PREPARE received from 30079 for REQUEST 1741751883632
[2025-03-12 12:58:04,851] [INFO] [30062] PREPARE received from 30050 for REQUEST 1741751883632
[2025-03-12 12:58:04,851] [INFO] [30062] PREPARE received from 30090 for REQUEST 1741751883632
[2025-03-12 12:58:04,856] [INFO] [30062] PREPARE received from 30093 for REQUEST 1741751883632
[2025-03-12 12:58:04,856] [INFO] [30062] COMMIT received from 30090 for REQUEST 1741751883632
[2025-03-12 12:58:04,859] [INFO] [30062] PREPARE received from 30004 for REQUEST 1741751883632
[2025-03-12 12:58:04,859] [INFO] [30062] PREPARE received from 30000 for REQUEST 1741751883632
[2025-03-12 12:58:04,859] [INFO] [30062] COMMIT received from 30004 for REQUEST 1741751883632
[2025-03-12 12:58:04,859] [INFO] [30062] COMMIT received from 30050 for REQUEST 1741751883632
[2025-03-12 12:58:04,859] [INFO] [30062] COMMIT received from 30093 for REQUEST 1741751883632
[2025-03-12 12:58:04,859] [INFO] [30062] COMMIT received from 30092 for REQUEST 1741751883632
[2025-03-12 12:58:04,872] [INFO] [30062] PREPARE received from 30092 for REQUEST 1741751883632
[2025-03-12 12:58:04,872] [INFO] [30062] COMMIT received from 30000 for REQUEST 1741751883632
[2025-03-12 12:58:04,872] [INFO] [30062] COMMIT received from 30079 for REQUEST 1741751883632
[2025-03-12 12:58:04,916] [INFO] [30062] PREPARE received from 30025 for REQUEST 1741751883632
[2025-03-12 12:58:04,941] [INFO] [30062] COMMIT received from 30025 for REQUEST 1741751883632
[2025-03-12 13:45:28,716] [INFO] [30062] PRE-PREPARE received: {'request_id': 1741754728638, 'data': 'llapbft_message_1741754728638', 'timestamp': 1741754728.6704988, 'leader': 30103, 'cluster_id': 3, 'cluster_ports': [30000, 30003, 30004, 30011, 30015, 30018, 30021, 30025, 30033, 30037, 30048, 30050, 30056, 30058, 30062, 30064, 30065, 30068, 30069, 30071, 30079, 30085, 30090, 30092, 30093, 30101, 30103, 30109, 30117], 'cluster_manager': {'host': 'localhost', 'port': 30011, 'latitude': 36.6266983, 'longitude': 127.4591083, 'altitude': 31, 'offset_m': 'lat: 10 m, lng: 54 m, alt: 31 m'}, 'simulated_delay': 0.00035266666666666666, 'distance': 207.98878814960767, 'message_size_bits': 4232}
[2025-03-12 13:45:28,716] [INFO] [30062] Broadcasting PREPARE: REQUEST 1741754728638
[2025-03-12 13:45:28,866] [INFO] [30062] PREPARE received from 30058 for REQUEST 1741754728638
[2025-03-12 13:45:28,866] [INFO] [30062] Broadcasting COMMIT: REQUEST 1741754728638
[2025-03-12 13:45:28,873] [INFO] [30062] PREPARE received from 30085 for REQUEST 1741754728638
[2025-03-12 13:45:29,086] [INFO] [30062] COMMIT received from 30085 for REQUEST 1741754728638
[2025-03-12 13:45:29,173] [INFO] [30062] COMMIT received from 30058 for REQUEST 1741754728638
[2025-03-12 13:45:29,173] [INFO] [30062] COMMIT complete. Sending PRE-REPLY: REQUEST 1741754728638 directly to Manager 30011
[2025-03-12 13:45:29,175] [INFO] [30062] PREPARE received from 30056 for REQUEST 1741754728638
[2025-03-12 13:45:29,175] [INFO] [30062] PREPARE received from 30109 for REQUEST 1741754728638
[2025-03-12 13:45:29,175] [INFO] [30062] PREPARE received from 30069 for REQUEST 1741754728638
[2025-03-12 13:45:29,175] [INFO] [30062] COMMIT received from 30109 for REQUEST 1741754728638
[2025-03-12 13:45:29,175] [INFO] [30062] COMMIT received from 30069 for REQUEST 1741754728638
[2025-03-12 13:45:29,234] [INFO] [30062] PREPARE received from 30015 for REQUEST 1741754728638
[2025-03-12 13:45:29,237] [INFO] [30062] COMMIT received from 30101 for REQUEST 1741754728638
[2025-03-12 13:45:29,237] [INFO] [30062] PREPARE received from 30101 for REQUEST 1741754728638
[2025-03-12 13:45:29,269] [INFO] [30062] COMMIT received from 30015 for REQUEST 1741754728638
[2025-03-12 13:45:29,283] [INFO] [30062] PREPARE received from 30065 for REQUEST 1741754728638
[2025-03-12 13:45:29,285] [INFO] [30062] COMMIT received from 30065 for REQUEST 1741754728638
[2025-03-12 13:45:29,332] [INFO] [30062] PREPARE received from 30018 for REQUEST 1741754728638
[2025-03-12 13:45:29,338] [INFO] [30062] PREPARE received from 30092 for REQUEST 1741754728638
[2025-03-12 13:45:29,340] [INFO] [30062] COMMIT received from 30018 for REQUEST 1741754728638
[2025-03-12 13:45:29,398] [INFO] [30062] COMMIT received from 30092 for REQUEST 1741754728638
[2025-03-12 13:45:29,398] [INFO] [30062] PREPARE received from 30004 for REQUEST 1741754728638
[2025-03-12 13:45:29,412] [INFO] [30062] PREPARE received from 30071 for REQUEST 1741754728638
[2025-03-12 13:45:29,424] [INFO] [30062] COMMIT received from 30071 for REQUEST 1741754728638
[2025-03-12 13:45:29,427] [INFO] [30062] COMMIT received from 30056 for REQUEST 1741754728638
[2025-03-12 13:45:29,561] [INFO] [30062] PREPARE received from 30033 for REQUEST 1741754728638
[2025-03-12 13:45:29,561] [INFO] [30062] PREPARE received from 30090 for REQUEST 1741754728638
[2025-03-12 13:45:29,568] [INFO] [30062] COMMIT received from 30090 for REQUEST 1741754728638
[2025-03-12 13:45:29,568] [INFO] [30062] COMMIT received from 30033 for REQUEST 1741754728638
[2025-03-12 13:45:29,595] [INFO] [30062] COMMIT received from 30004 for REQUEST 1741754728638
[2025-03-12 13:45:29,632] [INFO] [30062] PREPARE received from 30037 for REQUEST 1741754728638
[2025-03-12 13:45:29,632] [INFO] [30062] COMMIT received from 30103 for REQUEST 1741754728638
[2025-03-12 13:45:29,632] [INFO] [30062] PREPARE received from 30117 for REQUEST 1741754728638
[2025-03-12 13:45:29,632] [INFO] [30062] COMMIT received from 30117 for REQUEST 1741754728638
[2025-03-12 13:45:29,644] [INFO] [30062] PREPARE received from 30021 for REQUEST 1741754728638
[2025-03-12 13:45:29,680] [INFO] [30062] COMMIT received from 30021 for REQUEST 1741754728638
[2025-03-12 13:45:29,705] [INFO] [30062] COMMIT received from 30037 for REQUEST 1741754728638
[2025-03-12 13:45:29,793] [INFO] [30062] PREPARE received from 30079 for REQUEST 1741754728638
[2025-03-12 13:45:29,801] [INFO] [30062] PREPARE received from 30064 for REQUEST 1741754728638
[2025-03-12 13:45:29,801] [INFO] [30062] PREPARE received from 30093 for REQUEST 1741754728638
[2025-03-12 13:45:29,803] [INFO] [30062] COMMIT received from 30093 for REQUEST 1741754728638
[2025-03-12 13:45:29,803] [INFO] [30062] COMMIT received from 30079 for REQUEST 1741754728638
[2025-03-12 13:45:29,803] [INFO] [30062] COMMIT received from 30064 for REQUEST 1741754728638
[2025-03-12 13:45:29,864] [INFO] [30062] PREPARE received from 30025 for REQUEST 1741754728638
[2025-03-12 13:45:29,870] [INFO] [30062] PREPARE received from 30000 for REQUEST 1741754728638
[2025-03-12 13:45:29,870] [INFO] [30062] COMMIT received from 30068 for REQUEST 1741754728638
[2025-03-12 13:45:29,870] [INFO] [30062] PREPARE received from 30068 for REQUEST 1741754728638
[2025-03-12 13:45:29,870] [INFO] [30062] COMMIT received from 30025 for REQUEST 1741754728638
[2025-03-12 13:45:29,870] [INFO] [30062] COMMIT received from 30000 for REQUEST 1741754728638
[2025-03-12 13:45:30,011] [INFO] [30062] PREPARE received from 30050 for REQUEST 1741754728638
[2025-03-12 13:45:30,014] [INFO] [30062] COMMIT received from 30050 for REQUEST 1741754728638
[2025-03-12 13:45:36,184] [INFO] [30062] PRE-PREPARE received: {'request_id': 1741754736031, 'data': 'llapbft_message_1741754736031', 'timestamp': 1741754736.063827, 'leader': 30103, 'cluster_id': 3, 'cluster_ports': [30000, 30003, 30004, 30011, 30015, 30018, 30021, 30025, 30033, 30037, 30048, 30050, 30056, 30058, 30062, 30064, 30065, 30068, 30069, 30071, 30079, 30085, 30090, 30092, 30093, 30101, 30103, 30109, 30117], 'cluster_manager': {'host': 'localhost', 'port': 30011, 'latitude': 36.6266983, 'longitude': 127.4591083, 'altitude': 31, 'offset_m': 'lat: 10 m, lng: 54 m, alt: 31 m'}, 'simulated_delay': 0.000352, 'distance': 207.98878814960767, 'message_size_bits': 4224}
[2025-03-12 13:45:36,184] [INFO] [30062] Broadcasting PREPARE: REQUEST 1741754736031
[2025-03-12 13:45:36,191] [INFO] [30062] PREPARE received from 30050 for REQUEST 1741754736031
[2025-03-12 13:45:36,191] [INFO] [30062] Broadcasting COMMIT: REQUEST 1741754736031
[2025-03-12 13:45:36,192] [INFO] [30062] PREPARE received from 30079 for REQUEST 1741754736031
[2025-03-12 13:45:36,192] [INFO] [30062] PREPARE received from 30093 for REQUEST 1741754736031
[2025-03-12 13:45:36,192] [INFO] [30062] PREPARE received from 30101 for REQUEST 1741754736031
[2025-03-12 13:45:36,192] [INFO] [30062] PREPARE received from 30037 for REQUEST 1741754736031
[2025-03-12 13:45:36,192] [INFO] [30062] COMMIT received from 30050 for REQUEST 1741754736031
[2025-03-12 13:45:36,197] [INFO] [30062] PREPARE received from 30056 for REQUEST 1741754736031
[2025-03-12 13:45:36,197] [INFO] [30062] COMMIT received from 30079 for REQUEST 1741754736031
[2025-03-12 13:45:36,197] [INFO] [30062] COMMIT complete. Sending PRE-REPLY: REQUEST 1741754736031 directly to Manager 30011
[2025-03-12 13:45:36,352] [INFO] [30062] COMMIT received from 30093 for REQUEST 1741754736031
[2025-03-12 13:45:36,361] [INFO] [30062] PREPARE received from 30109 for REQUEST 1741754736031
[2025-03-12 13:45:36,361] [INFO] [30062] PREPARE received from 30018 for REQUEST 1741754736031
[2025-03-12 13:45:36,361] [INFO] [30062] PREPARE received from 30069 for REQUEST 1741754736031
[2025-03-12 13:45:36,497] [INFO] [30062] COMMIT received from 30056 for REQUEST 1741754736031
[2025-03-12 13:45:36,497] [INFO] [30062] PREPARE received from 30085 for REQUEST 1741754736031
[2025-03-12 13:45:36,499] [INFO] [30062] PREPARE received from 30092 for REQUEST 1741754736031
[2025-03-12 13:45:36,499] [INFO] [30062] COMMIT received from 30109 for REQUEST 1741754736031
[2025-03-12 13:45:36,499] [INFO] [30062] PREPARE received from 30021 for REQUEST 1741754736031
[2025-03-12 13:45:36,500] [INFO] [30062] COMMIT received from 30015 for REQUEST 1741754736031
[2025-03-12 13:45:36,500] [INFO] [30062] PREPARE received from 30004 for REQUEST 1741754736031
[2025-03-12 13:45:36,501] [INFO] [30062] COMMIT received from 30069 for REQUEST 1741754736031
[2025-03-12 13:45:36,501] [INFO] [30062] COMMIT received from 30064 for REQUEST 1741754736031
[2025-03-12 13:45:36,501] [INFO] [30062] COMMIT received from 30025 for REQUEST 1741754736031
[2025-03-12 13:45:36,501] [INFO] [30062] PREPARE received from 30064 for REQUEST 1741754736031
[2025-03-12 13:45:36,502] [INFO] [30062] COMMIT received from 30103 for REQUEST 1741754736031
[2025-03-12 13:45:36,502] [INFO] [30062] COMMIT received from 30058 for REQUEST 1741754736031
[2025-03-12 13:45:36,502] [INFO] [30062] COMMIT received from 30004 for REQUEST 1741754736031
[2025-03-12 13:45:36,502] [INFO] [30062] PREPARE received from 30068 for REQUEST 1741754736031
[2025-03-12 13:45:36,502] [INFO] [30062] COMMIT received from 30021 for REQUEST 1741754736031
[2025-03-12 13:45:36,502] [INFO] [30062] PREPARE received from 30065 for REQUEST 1741754736031
[2025-03-12 13:45:36,502] [INFO] [30062] PREPARE received from 30090 for REQUEST 1741754736031
[2025-03-12 13:45:36,502] [INFO] [30062] COMMIT received from 30018 for REQUEST 1741754736031
[2025-03-12 13:45:36,502] [INFO] [30062] COMMIT received from 30090 for REQUEST 1741754736031
[2025-03-12 13:45:36,502] [INFO] [30062] PREPARE received from 30025 for REQUEST 1741754736031
[2025-03-12 13:45:36,504] [INFO] [30062] PREPARE received from 30000 for REQUEST 1741754736031
[2025-03-12 13:45:36,504] [INFO] [30062] COMMIT received from 30101 for REQUEST 1741754736031
[2025-03-12 13:45:36,505] [INFO] [30062] PREPARE received from 30117 for REQUEST 1741754736031
[2025-03-12 13:45:36,505] [INFO] [30062] PREPARE received from 30058 for REQUEST 1741754736031
[2025-03-12 13:45:36,505] [INFO] [30062] COMMIT received from 30068 for REQUEST 1741754736031
[2025-03-12 13:45:36,505] [INFO] [30062] COMMIT received from 30065 for REQUEST 1741754736031
[2025-03-12 13:45:36,505] [INFO] [30062] PREPARE received from 30071 for REQUEST 1741754736031
[2025-03-12 13:45:36,505] [INFO] [30062] COMMIT received from 30092 for REQUEST 1741754736031
[2025-03-12 13:45:36,505] [INFO] [30062] PREPARE received from 30015 for REQUEST 1741754736031
[2025-03-12 13:45:36,508] [INFO] [30062] COMMIT received from 30071 for REQUEST 1741754736031
[2025-03-12 13:45:36,509] [INFO] [30062] COMMIT received from 30117 for REQUEST 1741754736031
[2025-03-12 13:45:36,509] [INFO] [30062] PREPARE received from 30033 for REQUEST 1741754736031
[2025-03-12 13:45:36,512] [INFO] [30062] COMMIT received from 30037 for REQUEST 1741754736031
[2025-03-12 13:45:36,513] [INFO] [30062] COMMIT received from 30085 for REQUEST 1741754736031
[2025-03-12 13:45:36,513] [INFO] [30062] COMMIT received from 30000 for REQUEST 1741754736031
[2025-03-12 13:45:36,514] [INFO] [30062] COMMIT received from 30033 for REQUEST 1741754736031
[2025-03-12 13:45:47,399] [INFO] [30062] PRE-PREPARE received: {'request_id': 1741754747345, 'data': 'llapbft_message_1741754747345', 'timestamp': 1741754747.370292, 'leader': 30103, 'cluster_id': 3, 'cluster_ports': [30000, 30003, 30004, 30011, 30015, 30018, 30021, 30025, 30033, 30037, 30048, 30050, 30056, 30058, 30062, 30064, 30065, 30068, 30069, 30071, 30079, 30085, 30090, 30092, 30093, 30101, 30103, 30109, 30117], 'cluster_manager': {'host': 'localhost', 'port': 30011, 'latitude': 36.6266983, 'longitude': 127.4591083, 'altitude': 31, 'offset_m': 'lat: 10 m, lng: 54 m, alt: 31 m'}, 'simulated_delay': 0.000352, 'distance': 207.98878814960767, 'message_size_bits': 4224}
[2025-03-12 13:45:47,399] [INFO] [30062] Broadcasting PREPARE: REQUEST 1741754747345
[2025-03-12 13:45:47,492] [INFO] [30062] PREPARE received from 30069 for REQUEST 1741754747345
[2025-03-12 13:45:47,492] [INFO] [30062] Broadcasting COMMIT: REQUEST 1741754747345
[2025-03-12 13:45:47,618] [INFO] [30062] COMMIT received from 30064 for REQUEST 1741754747345
[2025-03-12 13:45:47,618] [INFO] [30062] PREPARE received from 30071 for REQUEST 1741754747345
[2025-03-12 13:45:47,618] [INFO] [30062] PREPARE received from 30064 for REQUEST 1741754747345
[2025-03-12 13:45:47,618] [INFO] [30062] COMMIT received from 30071 for REQUEST 1741754747345
[2025-03-12 13:45:47,618] [INFO] [30062] COMMIT complete. Sending PRE-REPLY: REQUEST 1741754747345 directly to Manager 30011
[2025-03-12 13:45:47,620] [INFO] [30062] PREPARE received from 30117 for REQUEST 1741754747345
[2025-03-12 13:45:47,620] [INFO] [30062] COMMIT received from 30068 for REQUEST 1741754747345
[2025-03-12 13:45:47,620] [INFO] [30062] PREPARE received from 30068 for REQUEST 1741754747345
[2025-03-12 13:45:47,622] [INFO] [30062] PREPARE received from 30018 for REQUEST 1741754747345
[2025-03-12 13:45:47,628] [INFO] [30062] PREPARE received from 30056 for REQUEST 1741754747345
[2025-03-12 13:45:47,630] [INFO] [30062] PREPARE received from 30101 for REQUEST 1741754747345
[2025-03-12 13:45:47,630] [INFO] [30062] PREPARE received from 30021 for REQUEST 1741754747345
[2025-03-12 13:45:47,632] [INFO] [30062] COMMIT received from 30117 for REQUEST 1741754747345
[2025-03-12 13:45:47,632] [INFO] [30062] PREPARE received from 30037 for REQUEST 1741754747345
[2025-03-12 13:45:47,632] [INFO] [30062] PREPARE received from 30085 for REQUEST 1741754747345
[2025-03-12 13:45:47,632] [INFO] [30062] COMMIT received from 30018 for REQUEST 1741754747345
[2025-03-12 13:45:47,634] [INFO] [30062] COMMIT received from 30056 for REQUEST 1741754747345
[2025-03-12 13:45:47,634] [INFO] [30062] PREPARE received from 30050 for REQUEST 1741754747345
[2025-03-12 13:45:47,636] [INFO] [30062] PREPARE received from 30109 for REQUEST 1741754747345
[2025-03-12 13:45:47,636] [INFO] [30062] COMMIT received from 30004 for REQUEST 1741754747345
[2025-03-12 13:45:47,636] [INFO] [30062] COMMIT received from 30033 for REQUEST 1741754747345
[2025-03-12 13:45:47,636] [INFO] [30062] COMMIT received from 30109 for REQUEST 1741754747345
[2025-03-12 13:45:47,636] [INFO] [30062] COMMIT received from 30103 for REQUEST 1741754747345
[2025-03-12 13:45:47,636] [INFO] [30062] COMMIT received from 30090 for REQUEST 1741754747345
[2025-03-12 13:45:47,638] [INFO] [30062] COMMIT received from 30093 for REQUEST 1741754747345
[2025-03-12 13:45:47,638] [INFO] [30062] PREPARE received from 30015 for REQUEST 1741754747345
[2025-03-12 13:45:47,638] [INFO] [30062] COMMIT received from 30101 for REQUEST 1741754747345
[2025-03-12 13:45:47,638] [INFO] [30062] COMMIT received from 30025 for REQUEST 1741754747345
[2025-03-12 13:45:47,638] [INFO] [30062] PREPARE received from 30004 for REQUEST 1741754747345
[2025-03-12 13:45:47,638] [INFO] [30062] PREPARE received from 30000 for REQUEST 1741754747345
[2025-03-12 13:45:47,638] [INFO] [30062] PREPARE received from 30090 for REQUEST 1741754747345
[2025-03-12 13:45:47,640] [INFO] [30062] PREPARE received from 30093 for REQUEST 1741754747345
[2025-03-12 13:45:47,640] [INFO] [30062] PREPARE received from 30033 for REQUEST 1741754747345
[2025-03-12 13:45:47,640] [INFO] [30062] PREPARE received from 30025 for REQUEST 1741754747345
[2025-03-12 13:45:47,640] [INFO] [30062] COMMIT received from 30000 for REQUEST 1741754747345
[2025-03-12 13:45:47,640] [INFO] [30062] COMMIT received from 30050 for REQUEST 1741754747345
[2025-03-12 13:45:47,651] [INFO] [30062] COMMIT received from 30021 for REQUEST 1741754747345
[2025-03-12 13:45:47,652] [INFO] [30062] COMMIT received from 30015 for REQUEST 1741754747345
[2025-03-12 13:45:47,653] [INFO] [30062] COMMIT received from 30069 for REQUEST 1741754747345
[2025-03-12 13:45:47,653] [INFO] [30062] PREPARE received from 30058 for REQUEST 1741754747345
[2025-03-12 13:45:47,669] [INFO] [30062] COMMIT received from 30058 for REQUEST 1741754747345
[2025-03-12 13:45:47,697] [INFO] [30062] PREPARE received from 30065 for REQUEST 1741754747345
[2025-03-12 13:45:47,697] [INFO] [30062] PREPARE received from 30092 for REQUEST 1741754747345
[2025-03-12 13:45:47,717] [INFO] [30062] COMMIT received from 30065 for REQUEST 1741754747345
[2025-03-12 13:45:47,718] [INFO] [30062] COMMIT received from 30092 for REQUEST 1741754747345
[2025-03-12 13:45:47,738] [INFO] [30062] PREPARE received from 30079 for REQUEST 1741754747345
[2025-03-12 13:45:47,746] [INFO] [30062] COMMIT received from 30037 for REQUEST 1741754747345
[2025-03-12 13:45:47,761] [INFO] [30062] COMMIT received from 30079 for REQUEST 1741754747345
[2025-03-12 13:45:47,764] [INFO] [30062] COMMIT received from 30085 for REQUEST 1741754747345
[2025-03-12 13:45:59,055] [INFO] [30062] PRE-PREPARE received: {'request_id': 1741754759008, 'data': 'llapbft_message_1741754759008', 'timestamp': 1741754759.0302613, 'leader': 30103, 'cluster_id': 3, 'cluster_ports': [30000, 30003, 30004, 30011, 30015, 30018, 30021, 30025, 30033, 30037, 30048, 30050, 30056, 30058, 30062, 30064, 30065, 30068, 30069, 30071, 30079, 30085, 30090, 30092, 30093, 30101, 30103, 30109, 30117], 'cluster_manager': {'host': 'localhost', 'port': 30011, 'latitude': 36.6266983, 'longitude': 127.4591083, 'altitude': 31, 'offset_m': 'lat: 10 m, lng: 54 m, alt: 31 m'}, 'simulated_delay': 0.00035266666666666666, 'distance': 207.98878814960767, 'message_size_bits': 4232}
[2025-03-12 13:45:59,055] [INFO] [30062] Broadcasting PREPARE: REQUEST 1741754759008
[2025-03-12 13:45:59,070] [INFO] [30062] PREPARE received from 30058 for REQUEST 1741754759008
[2025-03-12 13:45:59,070] [INFO] [30062] Broadcasting COMMIT: REQUEST 1741754759008
[2025-03-12 13:45:59,070] [INFO] [30062] PREPARE received from 30056 for REQUEST 1741754759008
[2025-03-12 13:45:59,072] [INFO] [30062] PREPARE received from 30015 for REQUEST 1741754759008
[2025-03-12 13:45:59,072] [INFO] [30062] PREPARE received from 30033 for REQUEST 1741754759008
[2025-03-12 13:45:59,072] [INFO] [30062] PREPARE received from 30069 for REQUEST 1741754759008
[2025-03-12 13:45:59,072] [INFO] [30062] PREPARE received from 30101 for REQUEST 1741754759008
[2025-03-12 13:45:59,072] [INFO] [30062] PREPARE received from 30064 for REQUEST 1741754759008
[2025-03-12 13:45:59,076] [INFO] [30062] PREPARE received from 30004 for REQUEST 1741754759008
[2025-03-12 13:45:59,076] [INFO] [30062] PREPARE received from 30021 for REQUEST 1741754759008
[2025-03-12 13:45:59,077] [INFO] [30062] PREPARE received from 30065 for REQUEST 1741754759008
[2025-03-12 13:45:59,077] [INFO] [30062] PREPARE received from 30050 for REQUEST 1741754759008
[2025-03-12 13:45:59,077] [INFO] [30062] PREPARE received from 30090 for REQUEST 1741754759008
[2025-03-12 13:45:59,077] [INFO] [30062] PREPARE received from 30085 for REQUEST 1741754759008
[2025-03-12 13:45:59,077] [INFO] [30062] PREPARE received from 30093 for REQUEST 1741754759008
[2025-03-12 13:45:59,077] [INFO] [30062] PREPARE received from 30025 for REQUEST 1741754759008
[2025-03-12 13:45:59,077] [INFO] [30062] PREPARE received from 30000 for REQUEST 1741754759008
[2025-03-12 13:45:59,077] [INFO] [30062] PREPARE received from 30068 for REQUEST 1741754759008
[2025-03-12 13:45:59,077] [INFO] [30062] PREPARE received from 30071 for REQUEST 1741754759008
[2025-03-12 13:45:59,077] [INFO] [30062] PREPARE received from 30092 for REQUEST 1741754759008
[2025-03-12 13:45:59,087] [INFO] [30062] PREPARE received from 30109 for REQUEST 1741754759008
[2025-03-12 13:45:59,087] [INFO] [30062] PREPARE received from 30037 for REQUEST 1741754759008
[2025-03-12 13:45:59,089] [INFO] [30062] PREPARE received from 30079 for REQUEST 1741754759008
[2025-03-12 13:45:59,523] [INFO] [30062] COMMIT received from 30056 for REQUEST 1741754759008
[2025-03-12 13:45:59,523] [INFO] [30062] COMMIT received from 30050 for REQUEST 1741754759008
[2025-03-12 13:45:59,523] [INFO] [30062] COMMIT complete. Sending PRE-REPLY: REQUEST 1741754759008 directly to Manager 30011
[2025-03-12 13:45:59,525] [INFO] [30062] COMMIT received from 30085 for REQUEST 1741754759008
[2025-03-12 13:45:59,525] [INFO] [30062] COMMIT received from 30033 for REQUEST 1741754759008
[2025-03-12 13:45:59,527] [INFO] [30062] PREPARE received from 30117 for REQUEST 1741754759008
[2025-03-12 13:45:59,528] [INFO] [30062] PREPARE received from 30018 for REQUEST 1741754759008
[2025-03-12 13:45:59,530] [INFO] [30062] COMMIT received from 30015 for REQUEST 1741754759008
[2025-03-12 13:45:59,530] [INFO] [30062] COMMIT received from 30069 for REQUEST 1741754759008
[2025-03-12 13:45:59,530] [INFO] [30062] COMMIT received from 30109 for REQUEST 1741754759008
[2025-03-12 13:45:59,530] [INFO] [30062] COMMIT received from 30103 for REQUEST 1741754759008
[2025-03-12 13:45:59,530] [INFO] [30062] COMMIT received from 30021 for REQUEST 1741754759008
[2025-03-12 13:45:59,530] [INFO] [30062] COMMIT received from 30079 for REQUEST 1741754759008
[2025-03-12 13:45:59,532] [INFO] [30062] COMMIT received from 30117 for REQUEST 1741754759008
[2025-03-12 13:45:59,532] [INFO] [30062] COMMIT received from 30092 for REQUEST 1741754759008
[2025-03-12 13:45:59,532] [INFO] [30062] COMMIT received from 30101 for REQUEST 1741754759008
[2025-03-12 13:45:59,532] [INFO] [30062] COMMIT received from 30064 for REQUEST 1741754759008
[2025-03-12 13:45:59,533] [INFO] [30062] COMMIT received from 30004 for REQUEST 1741754759008
[2025-03-12 13:45:59,533] [INFO] [30062] COMMIT received from 30065 for REQUEST 1741754759008
[2025-03-12 13:45:59,533] [INFO] [30062] COMMIT received from 30018 for REQUEST 1741754759008
[2025-03-12 13:45:59,533] [INFO] [30062] COMMIT received from 30090 for REQUEST 1741754759008
[2025-03-12 13:45:59,533] [INFO] [30062] COMMIT received from 30037 for REQUEST 1741754759008
[2025-03-12 13:45:59,534] [INFO] [30062] COMMIT received from 30093 for REQUEST 1741754759008
[2025-03-12 13:45:59,534] [INFO] [30062] COMMIT received from 30025 for REQUEST 1741754759008
[2025-03-12 13:45:59,534] [INFO] [30062] COMMIT received from 30000 for REQUEST 1741754759008
[2025-03-12 13:45:59,534] [INFO] [30062] COMMIT received from 30058 for REQUEST 1741754759008
[2025-03-12 13:45:59,534] [INFO] [30062] COMMIT received from 30068 for REQUEST 1741754759008
[2025-03-12 13:45:59,534] [INFO] [30062] COMMIT received from 30071 for REQUEST 1741754759008
[2025-03-12 13:46:11,321] [INFO] [30062] PRE-PREPARE received: {'request_id': 1741754771266, 'data': 'llapbft_message_1741754771266', 'timestamp': 1741754771.2983816, 'leader': 30103, 'cluster_id': 3, 'cluster_ports': [30000, 30003, 30004, 30011, 30015, 30018, 30021, 30025, 30033, 30037, 30048, 30050, 30056, 30058, 30062, 30064, 30065, 30068, 30069, 30071, 30079, 30085, 30090, 30092, 30093, 30101, 30103, 30109, 30117], 'cluster_manager': {'host': 'localhost', 'port': 30011, 'latitude': 36.6266983, 'longitude': 127.4591083, 'altitude': 31, 'offset_m': 'lat: 10 m, lng: 54 m, alt: 31 m'}, 'simulated_delay': 0.00035266666666666666, 'distance': 207.98878814960767, 'message_size_bits': 4232}
[2025-03-12 13:46:11,321] [INFO] [30062] Broadcasting PREPARE: REQUEST 1741754771266
[2025-03-12 13:46:11,335] [INFO] [30062] PREPARE received from 30058 for REQUEST 1741754771266
[2025-03-12 13:46:11,335] [INFO] [30062] Broadcasting COMMIT: REQUEST 1741754771266
[2025-03-12 13:46:11,335] [INFO] [30062] PREPARE received from 30056 for REQUEST 1741754771266
[2025-03-12 13:46:11,335] [INFO] [30062] PREPARE received from 30050 for REQUEST 1741754771266
[2025-03-12 13:46:11,337] [INFO] [30062] PREPARE received from 30015 for REQUEST 1741754771266
[2025-03-12 13:46:11,337] [INFO] [30062] PREPARE received from 30069 for REQUEST 1741754771266
[2025-03-12 13:46:11,337] [INFO] [30062] PREPARE received from 30064 for REQUEST 1741754771266
[2025-03-12 13:46:11,337] [INFO] [30062] PREPARE received from 30004 for REQUEST 1741754771266
[2025-03-12 13:46:11,341] [INFO] [30062] PREPARE received from 30065 for REQUEST 1741754771266
[2025-03-12 13:46:11,343] [INFO] [30062] PREPARE received from 30018 for REQUEST 1741754771266
[2025-03-12 13:46:11,343] [INFO] [30062] PREPARE received from 30085 for REQUEST 1741754771266
[2025-03-12 13:46:11,343] [INFO] [30062] PREPARE received from 30093 for REQUEST 1741754771266
[2025-03-12 13:46:11,343] [INFO] [30062] PREPARE received from 30025 for REQUEST 1741754771266
[2025-03-12 13:46:11,343] [INFO] [30062] PREPARE received from 30068 for REQUEST 1741754771266
[2025-03-12 13:46:11,343] [INFO] [30062] PREPARE received from 30071 for REQUEST 1741754771266
[2025-03-12 13:46:11,343] [INFO] [30062] PREPARE received from 30117 for REQUEST 1741754771266
[2025-03-12 13:46:11,345] [INFO] [30062] PREPARE received from 30101 for REQUEST 1741754771266
[2025-03-12 13:46:11,545] [INFO] [30062] COMMIT received from 30056 for REQUEST 1741754771266
[2025-03-12 13:46:11,545] [INFO] [30062] COMMIT received from 30050 for REQUEST 1741754771266
[2025-03-12 13:46:11,545] [INFO] [30062] COMMIT complete. Sending PRE-REPLY: REQUEST 1741754771266 directly to Manager 30011
[2025-03-12 13:46:11,554] [INFO] [30062] PREPARE received from 30033 for REQUEST 1741754771266
[2025-03-12 13:46:11,556] [INFO] [30062] PREPARE received from 30109 for REQUEST 1741754771266
[2025-03-12 13:46:11,556] [INFO] [30062] COMMIT received from 30103 for REQUEST 1741754771266
[2025-03-12 13:46:11,556] [INFO] [30062] PREPARE received from 30021 for REQUEST 1741754771266
[2025-03-12 13:46:11,556] [INFO] [30062] PREPARE received from 30079 for REQUEST 1741754771266
[2025-03-12 13:46:11,556] [INFO] [30062] PREPARE received from 30092 for REQUEST 1741754771266
[2025-03-12 13:46:11,556] [INFO] [30062] COMMIT received from 30101 for REQUEST 1741754771266
[2025-03-12 13:46:11,558] [INFO] [30062] COMMIT received from 30004 for REQUEST 1741754771266
[2025-03-12 13:46:11,558] [INFO] [30062] COMMIT received from 30018 for REQUEST 1741754771266
[2025-03-12 13:46:11,558] [INFO] [30062] PREPARE received from 30090 for REQUEST 1741754771266
[2025-03-12 13:46:11,559] [INFO] [30062] PREPARE received from 30037 for REQUEST 1741754771266
[2025-03-12 13:46:11,559] [INFO] [30062] COMMIT received from 30025 for REQUEST 1741754771266
[2025-03-12 13:46:11,559] [INFO] [30062] PREPARE received from 30000 for REQUEST 1741754771266
[2025-03-12 13:46:11,559] [INFO] [30062] COMMIT received from 30068 for REQUEST 1741754771266
[2025-03-12 13:46:11,569] [INFO] [30062] COMMIT received from 30092 for REQUEST 1741754771266
[2025-03-12 13:46:11,570] [INFO] [30062] COMMIT received from 30109 for REQUEST 1741754771266
[2025-03-12 13:46:11,598] [INFO] [30062] COMMIT received from 30064 for REQUEST 1741754771266
[2025-03-12 13:46:11,598] [INFO] [30062] COMMIT received from 30058 for REQUEST 1741754771266
[2025-03-12 13:46:11,598] [INFO] [30062] COMMIT received from 30021 for REQUEST 1741754771266
[2025-03-12 13:46:11,603] [INFO] [30062] COMMIT received from 30071 for REQUEST 1741754771266
[2025-03-12 13:46:11,605] [INFO] [30062] COMMIT received from 30093 for REQUEST 1741754771266
[2025-03-12 13:46:11,607] [INFO] [30062] COMMIT received from 30065 for REQUEST 1741754771266
[2025-03-12 13:46:11,612] [INFO] [30062] COMMIT received from 30015 for REQUEST 1741754771266
[2025-03-12 13:46:11,618] [INFO] [30062] COMMIT received from 30090 for REQUEST 1741754771266
[2025-03-12 13:46:11,626] [INFO] [30062] COMMIT received from 30069 for REQUEST 1741754771266
[2025-03-12 13:46:11,628] [INFO] [30062] COMMIT received from 30079 for REQUEST 1741754771266
[2025-03-12 13:46:11,631] [INFO] [30062] COMMIT received from 30117 for REQUEST 1741754771266
[2025-03-12 13:46:11,664] [INFO] [30062] COMMIT received from 30085 for REQUEST 1741754771266
[2025-03-12 13:46:11,682] [INFO] [30062] COMMIT received from 30033 for REQUEST 1741754771266
[2025-03-12 13:46:11,682] [INFO] [30062] COMMIT received from 30000 for REQUEST 1741754771266
[2025-03-12 13:46:11,682] [INFO] [30062] COMMIT received from 30037 for REQUEST 1741754771266
[2025-03-12 14:44:18,245] [INFO] [30062] PRE-PREPARE received: {'request_id': 1741758258160, 'data': 'llapbft_message_1741758258160', 'timestamp': 1741758258.1917994, 'leader': 30103, 'cluster_id': 3, 'cluster_ports': [30000, 30003, 30004, 30011, 30015, 30018, 30021, 30025, 30033, 30037, 30048, 30050, 30056, 30058, 30062, 30064, 30065, 30068, 30069, 30071, 30079, 30085, 30090, 30092, 30093, 30101, 30103, 30109, 30117], 'cluster_manager': {'host': 'localhost', 'port': 30011, 'latitude': 36.6266983, 'longitude': 127.4591083, 'altitude': 31, 'offset_m': 'lat: 10 m, lng: 54 m, alt: 31 m'}, 'simulated_delay': 0.00035266666666666666, 'distance': 207.98878814960767, 'message_size_bits': 4232}
[2025-03-12 14:44:18,245] [INFO] [30062] Broadcasting PREPARE: REQUEST 1741758258160
[2025-03-12 14:44:18,344] [INFO] [30062] PREPARE received from 30058 for REQUEST 1741758258160
[2025-03-12 14:44:18,344] [INFO] [30062] Broadcasting COMMIT: REQUEST 1741758258160
[2025-03-12 14:44:18,604] [INFO] [30062] PREPARE received from 30056 for REQUEST 1741758258160
[2025-03-12 14:44:18,604] [INFO] [30062] PREPARE received from 30085 for REQUEST 1741758258160
[2025-03-12 14:44:18,672] [INFO] [30062] COMMIT received from 30085 for REQUEST 1741758258160
[2025-03-12 14:44:18,681] [INFO] [30062] COMMIT received from 30058 for REQUEST 1741758258160
[2025-03-12 14:44:18,681] [INFO] [30062] COMMIT complete. Sending PRE-REPLY: REQUEST 1741758258160 directly to Manager 30011
[2025-03-12 14:44:18,714] [INFO] [30062] PREPARE received from 30109 for REQUEST 1741758258160
[2025-03-12 14:44:18,714] [INFO] [30062] COMMIT received from 30071 for REQUEST 1741758258160
[2025-03-12 14:44:18,714] [INFO] [30062] PREPARE received from 30071 for REQUEST 1741758258160
[2025-03-12 14:44:18,743] [INFO] [30062] PREPARE received from 30069 for REQUEST 1741758258160
[2025-03-12 14:44:18,743] [INFO] [30062] COMMIT received from 30109 for REQUEST 1741758258160
[2025-03-12 14:44:18,743] [INFO] [30062] COMMIT received from 30069 for REQUEST 1741758258160
[2025-03-12 14:44:18,784] [INFO] [30062] PREPARE received from 30018 for REQUEST 1741758258160
[2025-03-12 14:44:18,784] [INFO] [30062] COMMIT received from 30018 for REQUEST 1741758258160
[2025-03-12 14:44:18,784] [INFO] [30062] PREPARE received from 30117 for REQUEST 1741758258160
[2025-03-12 14:44:18,784] [INFO] [30062] COMMIT received from 30117 for REQUEST 1741758258160
[2025-03-12 14:44:18,864] [INFO] [30062] PREPARE received from 30015 for REQUEST 1741758258160
[2025-03-12 14:44:18,864] [INFO] [30062] COMMIT received from 30015 for REQUEST 1741758258160
[2025-03-12 14:44:18,920] [INFO] [30062] PREPARE received from 30065 for REQUEST 1741758258160
[2025-03-12 14:44:18,920] [INFO] [30062] COMMIT received from 30065 for REQUEST 1741758258160
[2025-03-12 14:44:19,003] [INFO] [30062] COMMIT received from 30056 for REQUEST 1741758258160
[2025-03-12 14:44:19,039] [INFO] [30062] COMMIT received from 30103 for REQUEST 1741758258160
[2025-03-12 14:44:19,039] [INFO] [30062] PREPARE received from 30064 for REQUEST 1741758258160
[2025-03-12 14:44:19,041] [INFO] [30062] COMMIT received from 30064 for REQUEST 1741758258160
[2025-03-12 14:44:19,041] [INFO] [30062] PREPARE received from 30021 for REQUEST 1741758258160
[2025-03-12 14:44:19,041] [INFO] [30062] COMMIT received from 30021 for REQUEST 1741758258160
[2025-03-12 14:44:19,181] [INFO] [30062] PREPARE received from 30033 for REQUEST 1741758258160
[2025-03-12 14:44:19,181] [INFO] [30062] PREPARE received from 30037 for REQUEST 1741758258160
[2025-03-12 14:44:19,181] [INFO] [30062] PREPARE received from 30090 for REQUEST 1741758258160
[2025-03-12 14:44:19,181] [INFO] [30062] COMMIT received from 30037 for REQUEST 1741758258160
[2025-03-12 14:44:19,181] [INFO] [30062] COMMIT received from 30090 for REQUEST 1741758258160
[2025-03-12 14:44:19,229] [INFO] [30062] COMMIT received from 30033 for REQUEST 1741758258160
[2025-03-12 14:44:19,251] [INFO] [30062] PREPARE received from 30093 for REQUEST 1741758258160
[2025-03-12 14:44:19,260] [INFO] [30062] COMMIT received from 30093 for REQUEST 1741758258160
[2025-03-12 14:44:19,260] [INFO] [30062] PREPARE received from 30000 for REQUEST 1741758258160
[2025-03-12 14:44:19,260] [INFO] [30062] COMMIT received from 30000 for REQUEST 1741758258160
[2025-03-12 14:44:19,337] [INFO] [30062] PREPARE received from 30004 for REQUEST 1741758258160
[2025-03-12 14:44:19,355] [INFO] [30062] COMMIT received from 30004 for REQUEST 1741758258160
[2025-03-12 14:44:19,400] [INFO] [30062] PREPARE received from 30101 for REQUEST 1741758258160
[2025-03-12 14:44:19,400] [INFO] [30062] PREPARE received from 30079 for REQUEST 1741758258160
[2025-03-12 14:44:19,403] [INFO] [30062] COMMIT received from 30101 for REQUEST 1741758258160
[2025-03-12 14:44:19,403] [INFO] [30062] COMMIT received from 30079 for REQUEST 1741758258160
[2025-03-12 14:44:19,437] [INFO] [30062] PREPARE received from 30068 for REQUEST 1741758258160
[2025-03-12 14:44:19,437] [INFO] [30062] COMMIT received from 30068 for REQUEST 1741758258160
[2025-03-12 14:44:19,437] [INFO] [30062] COMMIT received from 30025 for REQUEST 1741758258160
[2025-03-12 14:44:19,437] [INFO] [30062] PREPARE received from 30025 for REQUEST 1741758258160
[2025-03-12 14:44:19,495] [INFO] [30062] PREPARE received from 30092 for REQUEST 1741758258160
[2025-03-12 14:44:19,495] [INFO] [30062] PREPARE received from 30050 for REQUEST 1741758258160
[2025-03-12 14:44:19,495] [INFO] [30062] COMMIT received from 30092 for REQUEST 1741758258160
[2025-03-12 14:44:19,495] [INFO] [30062] COMMIT received from 30050 for REQUEST 1741758258160
