[2025-03-12 12:35:30,898] [INFO] Node started: localhost:30032 | index=33 | f=1, k=4
[2025-03-12 12:36:06,232] [INFO] [30032] PRE-PREPARE received: {'request_id': 1741750566115, 'data': 'llapbft_message_1741750566115', 'timestamp': 1741750566.1577926, 'leader': 30194, 'cluster_id': 3, 'cluster_ports': [30002, 30005, 30008, 30010, 30012, 30016, 30019, 30023, 30029, 30032, 30033, 30034, 30037, 30040, 30041, 30043, 30054, 30056, 30061, 30064, 30066, 30072, 30075, 30076, 30080, 30082, 30084, 30085, 30092, 30098, 30102, 30111, 30113, 30116, 30119, 30120, 30127, 30137, 30144, 30147, 30151, 30154, 30162, 30165, 30176, 30187, 30188, 30194], 'cluster_manager': {'host': 'localhost', 'port': 30029, 'latitude': 36.6266259, 'longitude': 127.4590111, 'altitude': 13, 'offset_m': 'lat: 2 m, lng: 45 m, alt: 13 m'}, 'fault': True, 'simulated_delay': 0.00045066666666666665, 'distance': 209.0511806613548, 'message_size_bits': 5408}
[2025-03-12 12:36:06,242] [INFO] [30032] Broadcasting PREPARE: REQUEST 1741750566115
[2025-03-12 12:36:06,394] [INFO] [30032] PREPARE received from 30188 for REQUEST 1741750566115
[2025-03-12 12:36:06,394] [INFO] [30032] Broadcasting COMMIT: REQUEST 1741750566115
[2025-03-12 12:36:07,263] [INFO] [30032] PREPARE received from 30084 for REQUEST 1741750566115
[2025-03-12 12:36:07,263] [INFO] [30032] PREPARE received from 30033 for REQUEST 1741750566115
[2025-03-12 12:36:07,263] [INFO] [30032] PREPARE received from 30080 for REQUEST 1741750566115
[2025-03-12 12:36:07,266] [INFO] [30032] PREPARE received from 30098 for REQUEST 1741750566115
[2025-03-12 12:36:08,157] [INFO] [30032] PREPARE received from 30154 for REQUEST 1741750566115
[2025-03-12 12:36:08,157] [INFO] [30032] COMMIT received from 30080 for REQUEST 1741750566115
[2025-03-12 12:36:08,161] [INFO] [30032] PREPARE received from 30147 for REQUEST 1741750566115
[2025-03-12 12:36:08,161] [INFO] [30032] PREPARE received from 30019 for REQUEST 1741750566115
[2025-03-12 12:36:08,161] [INFO] [30032] COMMIT received from 30147 for REQUEST 1741750566115
[2025-03-12 12:36:08,161] [INFO] [30032] COMMIT complete. Sending PRE-REPLY: REQUEST 1741750566115 directly to Manager 30029
[2025-03-12 12:36:08,161] [INFO] [30032] PREPARE received from 30162 for REQUEST 1741750566115
[2025-03-12 12:36:08,306] [INFO] [30032] COMMIT received from 30154 for REQUEST 1741750566115
[2025-03-12 12:36:08,306] [INFO] [30032] COMMIT received from 30033 for REQUEST 1741750566115
[2025-03-12 12:36:08,306] [INFO] [30032] COMMIT received from 30019 for REQUEST 1741750566115
[2025-03-12 12:36:08,306] [INFO] [30032] COMMIT received from 30084 for REQUEST 1741750566115
[2025-03-12 12:36:08,306] [INFO] [30032] COMMIT received from 30188 for REQUEST 1741750566115
[2025-03-12 12:36:08,493] [INFO] [30032] PREPARE received from 30102 for REQUEST 1741750566115
[2025-03-12 12:36:08,498] [INFO] [30032] COMMIT received from 30098 for REQUEST 1741750566115
[2025-03-12 12:36:08,604] [INFO] [30032] PREPARE received from 30056 for REQUEST 1741750566115
[2025-03-12 12:36:08,651] [INFO] [30032] COMMIT received from 30056 for REQUEST 1741750566115
[2025-03-12 12:36:08,656] [INFO] [30032] COMMIT received from 30064 for REQUEST 1741750566115
[2025-03-12 12:36:08,656] [INFO] [30032] COMMIT received from 30102 for REQUEST 1741750566115
[2025-03-12 12:36:08,768] [INFO] [30032] PREPARE received from 30064 for REQUEST 1741750566115
[2025-03-12 12:36:08,856] [INFO] [30032] COMMIT received from 30162 for REQUEST 1741750566115
[2025-03-12 12:36:08,879] [INFO] [30032] PREPARE received from 30151 for REQUEST 1741750566115
[2025-03-12 12:36:08,905] [INFO] [30032] PREPARE received from 30165 for REQUEST 1741750566115
[2025-03-12 12:36:09,045] [INFO] [30032] COMMIT received from 30165 for REQUEST 1741750566115
[2025-03-12 12:36:09,048] [INFO] [30032] PREPARE received from 30085 for REQUEST 1741750566115
[2025-03-12 12:36:09,177] [INFO] [30032] COMMIT received from 30194 for REQUEST 1741750566115
[2025-03-12 12:36:09,202] [INFO] [30032] COMMIT received from 30085 for REQUEST 1741750566115
[2025-03-12 12:36:09,315] [INFO] [30032] PREPARE received from 30034 for REQUEST 1741750566115
[2025-03-12 12:36:09,352] [INFO] [30032] PREPARE received from 30075 for REQUEST 1741750566115
[2025-03-12 12:36:09,392] [INFO] [30032] COMMIT received from 30034 for REQUEST 1741750566115
[2025-03-12 12:36:09,392] [INFO] [30032] PREPARE received from 30066 for REQUEST 1741750566115
[2025-03-12 12:36:09,395] [INFO] [30032] PREPARE received from 30116 for REQUEST 1741750566115
[2025-03-12 12:36:09,395] [INFO] [30032] COMMIT received from 30116 for REQUEST 1741750566115
[2025-03-12 12:36:09,403] [INFO] [30032] PREPARE received from 30187 for REQUEST 1741750566115
[2025-03-12 12:36:09,408] [INFO] [30032] COMMIT received from 30187 for REQUEST 1741750566115
[2025-03-12 12:36:09,463] [INFO] [30032] PREPARE received from 30111 for REQUEST 1741750566115
[2025-03-12 12:36:09,500] [INFO] [30032] PREPARE received from 30010 for REQUEST 1741750566115
[2025-03-12 12:36:09,544] [INFO] [30032] COMMIT received from 30066 for REQUEST 1741750566115
[2025-03-12 12:36:09,544] [INFO] [30032] COMMIT received from 30111 for REQUEST 1741750566115
[2025-03-12 12:36:09,583] [INFO] [30032] PREPARE received from 30137 for REQUEST 1741750566115
[2025-03-12 12:36:09,588] [INFO] [30032] COMMIT received from 30137 for REQUEST 1741750566115
[2025-03-12 12:36:09,606] [INFO] [30032] COMMIT received from 30151 for REQUEST 1741750566115
[2025-03-12 12:36:09,642] [INFO] [30032] COMMIT received from 30010 for REQUEST 1741750566115
[2025-03-12 12:36:09,692] [INFO] [30032] COMMIT received from 30075 for REQUEST 1741750566115
[2025-03-12 12:36:10,259] [INFO] [30032] PREPARE received from 30008 for REQUEST 1741750566115
[2025-03-12 12:36:10,262] [INFO] [30032] PREPARE received from 30176 for REQUEST 1741750566115
[2025-03-12 12:36:10,277] [INFO] [30032] COMMIT received from 30176 for REQUEST 1741750566115
[2025-03-12 12:36:10,281] [INFO] [30032] COMMIT received from 30008 for REQUEST 1741750566115
[2025-03-12 12:36:10,334] [INFO] [30032] PREPARE received from 30120 for REQUEST 1741750566115
[2025-03-12 12:36:10,340] [INFO] [30032] COMMIT received from 30120 for REQUEST 1741750566115
[2025-03-12 12:36:10,612] [INFO] [30032] PREPARE received from 30040 for REQUEST 1741750566115
[2025-03-12 12:36:10,615] [INFO] [30032] COMMIT received from 30040 for REQUEST 1741750566115
[2025-03-12 12:36:10,655] [INFO] [30032] PREPARE received from 30113 for REQUEST 1741750566115
[2025-03-12 12:36:10,655] [INFO] [30032] COMMIT received from 30113 for REQUEST 1741750566115
[2025-03-12 12:36:10,675] [INFO] [30032] PREPARE received from 30023 for REQUEST 1741750566115
[2025-03-12 12:36:10,675] [INFO] [30032] COMMIT received from 30023 for REQUEST 1741750566115
[2025-03-12 12:36:10,713] [INFO] [30032] PREPARE received from 30082 for REQUEST 1741750566115
[2025-03-12 12:36:10,715] [INFO] [30032] COMMIT received from 30082 for REQUEST 1741750566115
[2025-03-12 12:36:10,792] [INFO] [30032] PREPARE received from 30119 for REQUEST 1741750566115
[2025-03-12 12:36:10,792] [INFO] [30032] COMMIT received from 30119 for REQUEST 1741750566115
[2025-03-12 12:36:10,813] [INFO] [30032] PREPARE received from 30144 for REQUEST 1741750566115
[2025-03-12 12:36:10,813] [INFO] [30032] COMMIT received from 30144 for REQUEST 1741750566115
[2025-03-12 12:36:10,841] [INFO] [30032] PREPARE received from 30054 for REQUEST 1741750566115
[2025-03-12 12:36:10,843] [INFO] [30032] COMMIT received from 30054 for REQUEST 1741750566115
[2025-03-12 12:36:10,872] [INFO] [30032] PREPARE received from 30061 for REQUEST 1741750566115
[2025-03-12 12:36:10,872] [INFO] [30032] COMMIT received from 30061 for REQUEST 1741750566115
[2025-03-12 12:36:10,892] [INFO] [30032] PREPARE received from 30041 for REQUEST 1741750566115
[2025-03-12 12:36:10,892] [INFO] [30032] COMMIT received from 30041 for REQUEST 1741750566115
[2025-03-12 12:36:10,914] [INFO] [30032] PREPARE received from 30037 for REQUEST 1741750566115
[2025-03-12 12:36:10,918] [INFO] [30032] COMMIT received from 30037 for REQUEST 1741750566115
[2025-03-12 12:36:10,992] [INFO] [30032] PREPARE received from 30043 for REQUEST 1741750566115
[2025-03-12 12:36:11,003] [INFO] [30032] COMMIT received from 30043 for REQUEST 1741750566115
[2025-03-12 12:54:36,221] [INFO] Node started: localhost:30032 | index=33 | f=1, k=4
[2025-03-12 12:55:27,814] [INFO] Node started: localhost:30032 | index=33 | f=1, k=4
[2025-03-12 12:55:54,347] [INFO] [30032] PRE-PREPARE received: {'request_id': 1741751754181, 'data': 'llapbft_message_1741751754181', 'timestamp': 1741751754.2060645, 'leader': 30118, 'cluster_id': 0, 'cluster_ports': [30001, 30002, 30016, 30019, 30023, 30025, 30032, 30041, 30046, 30049, 30052, 30057, 30058, 30066, 30077, 30079, 30088, 30092, 30094, 30095, 30096, 30098, 30102, 30108, 30110, 30116, 30118, 30126, 30129, 30132, 30133, 30137, 30143, 30144, 30149, 30150, 30151, 30155], 'cluster_manager': {'host': 'localhost', 'port': 30098, 'latitude': 36.6267518, 'longitude': 127.4591383, 'altitude': 231, 'offset_m': 'lat: 16 m, lng: 56 m, alt: 231 m'}, 'simulated_delay': 0.000198, 'distance': 121.53550400969, 'message_size_bits': 4752}
[2025-03-12 12:55:54,347] [INFO] [30032] Broadcasting PREPARE: REQUEST 1741751754181
[2025-03-12 12:55:54,473] [INFO] [30032] PREPARE received from 30144 for REQUEST 1741751754181
[2025-03-12 12:55:54,473] [INFO] [30032] Broadcasting COMMIT: REQUEST 1741751754181
[2025-03-12 12:55:54,473] [INFO] [30032] PREPARE received from 30133 for REQUEST 1741751754181
[2025-03-12 12:55:54,474] [INFO] [30032] PREPARE received from 30023 for REQUEST 1741751754181
[2025-03-12 12:55:54,474] [INFO] [30032] PREPARE received from 30132 for REQUEST 1741751754181
[2025-03-12 12:55:54,474] [INFO] [30032] PREPARE received from 30079 for REQUEST 1741751754181
[2025-03-12 12:55:54,541] [INFO] [30032] PREPARE received from 30149 for REQUEST 1741751754181
[2025-03-12 12:55:54,594] [INFO] [30032] COMMIT received from 30149 for REQUEST 1741751754181
[2025-03-12 12:55:54,600] [INFO] [30032] COMMIT received from 30079 for REQUEST 1741751754181
[2025-03-12 12:55:54,600] [INFO] [30032] COMMIT complete. Sending PRE-REPLY: REQUEST 1741751754181 directly to Manager 30098
[2025-03-12 12:55:54,679] [INFO] [30032] COMMIT received from 30132 for REQUEST 1741751754181
[2025-03-12 12:55:54,735] [INFO] [30032] PREPARE received from 30110 for REQUEST 1741751754181
[2025-03-12 12:55:54,735] [INFO] [30032] PREPARE received from 30095 for REQUEST 1741751754181
[2025-03-12 12:55:54,735] [INFO] [30032] PREPARE received from 30066 for REQUEST 1741751754181
[2025-03-12 12:55:54,741] [INFO] [30032] COMMIT received from 30066 for REQUEST 1741751754181
[2025-03-12 12:55:54,742] [INFO] [30032] COMMIT received from 30110 for REQUEST 1741751754181
[2025-03-12 12:55:54,742] [INFO] [30032] COMMIT received from 30095 for REQUEST 1741751754181
[2025-03-12 12:55:54,786] [INFO] [30032] COMMIT received from 30023 for REQUEST 1741751754181
[2025-03-12 12:55:54,802] [INFO] [30032] PREPARE received from 30137 for REQUEST 1741751754181
[2025-03-12 12:55:54,802] [INFO] [30032] COMMIT received from 30137 for REQUEST 1741751754181
[2025-03-12 12:55:54,901] [INFO] [30032] COMMIT received from 30133 for REQUEST 1741751754181
[2025-03-12 12:55:54,905] [INFO] [30032] PREPARE received from 30002 for REQUEST 1741751754181
[2025-03-12 12:55:54,905] [INFO] [30032] PREPARE received from 30046 for REQUEST 1741751754181
[2025-03-12 12:55:54,907] [INFO] [30032] COMMIT received from 30046 for REQUEST 1741751754181
[2025-03-12 12:55:55,106] [INFO] [30032] PREPARE received from 30041 for REQUEST 1741751754181
[2025-03-12 12:55:55,106] [INFO] [30032] COMMIT received from 30002 for REQUEST 1741751754181
[2025-03-12 12:55:55,106] [INFO] [30032] COMMIT received from 30041 for REQUEST 1741751754181
[2025-03-12 12:55:55,239] [INFO] [30032] PREPARE received from 30052 for REQUEST 1741751754181
[2025-03-12 12:55:55,263] [INFO] [30032] COMMIT received from 30052 for REQUEST 1741751754181
[2025-03-12 12:55:55,275] [INFO] [30032] PREPARE received from 30129 for REQUEST 1741751754181
[2025-03-12 12:55:55,275] [INFO] [30032] COMMIT received from 30129 for REQUEST 1741751754181
[2025-03-12 12:55:55,321] [INFO] [30032] PREPARE received from 30094 for REQUEST 1741751754181
[2025-03-12 12:55:55,321] [INFO] [30032] PREPARE received from 30049 for REQUEST 1741751754181
[2025-03-12 12:55:55,321] [INFO] [30032] COMMIT received from 30094 for REQUEST 1741751754181
[2025-03-12 12:55:55,321] [INFO] [30032] COMMIT received from 30049 for REQUEST 1741751754181
[2025-03-12 12:55:55,650] [INFO] [30032] PREPARE received from 30077 for REQUEST 1741751754181
[2025-03-12 12:55:55,650] [INFO] [30032] PREPARE received from 30088 for REQUEST 1741751754181
[2025-03-12 12:55:55,650] [INFO] [30032] PREPARE received from 30057 for REQUEST 1741751754181
[2025-03-12 12:55:55,688] [INFO] [30032] COMMIT received from 30144 for REQUEST 1741751754181
[2025-03-12 12:55:55,688] [INFO] [30032] COMMIT received from 30001 for REQUEST 1741751754181
[2025-03-12 12:55:55,688] [INFO] [30032] COMMIT received from 30088 for REQUEST 1741751754181
[2025-03-12 12:55:55,688] [INFO] [30032] COMMIT received from 30057 for REQUEST 1741751754181
[2025-03-12 12:55:55,688] [INFO] [30032] COMMIT received from 30077 for REQUEST 1741751754181
[2025-03-12 12:55:55,749] [INFO] [30032] PREPARE received from 30151 for REQUEST 1741751754181
[2025-03-12 12:55:55,751] [INFO] [30032] COMMIT received from 30118 for REQUEST 1741751754181
[2025-03-12 12:55:55,751] [INFO] [30032] PREPARE received from 30016 for REQUEST 1741751754181
[2025-03-12 12:55:55,751] [INFO] [30032] PREPARE received from 30001 for REQUEST 1741751754181
[2025-03-12 12:55:55,772] [INFO] [30032] COMMIT received from 30016 for REQUEST 1741751754181
[2025-03-12 12:55:55,772] [INFO] [30032] COMMIT received from 30151 for REQUEST 1741751754181
[2025-03-12 12:55:55,788] [INFO] [30032] PREPARE received from 30108 for REQUEST 1741751754181
[2025-03-12 12:55:55,804] [INFO] [30032] COMMIT received from 30126 for REQUEST 1741751754181
[2025-03-12 12:55:55,804] [INFO] [30032] COMMIT received from 30108 for REQUEST 1741751754181
[2025-03-12 12:55:55,835] [INFO] [30032] PREPARE received from 30126 for REQUEST 1741751754181
[2025-03-12 12:55:55,835] [INFO] [30032] PREPARE received from 30025 for REQUEST 1741751754181
[2025-03-12 12:55:55,939] [INFO] [30032] COMMIT received from 30025 for REQUEST 1741751754181
[2025-03-12 12:55:55,965] [INFO] [30032] PREPARE received from 30058 for REQUEST 1741751754181
[2025-03-12 12:55:55,978] [INFO] [30032] PREPARE received from 30096 for REQUEST 1741751754181
[2025-03-12 12:55:55,978] [INFO] [30032] PREPARE received from 30150 for REQUEST 1741751754181
[2025-03-12 12:55:55,978] [INFO] [30032] COMMIT received from 30096 for REQUEST 1741751754181
[2025-03-12 12:55:55,978] [INFO] [30032] PREPARE received from 30116 for REQUEST 1741751754181
[2025-03-12 12:55:55,978] [INFO] [30032] COMMIT received from 30058 for REQUEST 1741751754181
[2025-03-12 12:55:55,978] [INFO] [30032] COMMIT received from 30155 for REQUEST 1741751754181
[2025-03-12 12:55:55,978] [INFO] [30032] PREPARE received from 30155 for REQUEST 1741751754181
[2025-03-12 12:55:55,978] [INFO] [30032] COMMIT received from 30150 for REQUEST 1741751754181
[2025-03-12 12:55:56,017] [INFO] [30032] COMMIT received from 30116 for REQUEST 1741751754181
[2025-03-12 12:55:56,074] [INFO] [30032] COMMIT received from 30019 for REQUEST 1741751754181
[2025-03-12 12:55:56,074] [INFO] [30032] PREPARE received from 30019 for REQUEST 1741751754181
[2025-03-12 12:55:56,172] [INFO] [30032] PREPARE received from 30092 for REQUEST 1741751754181
[2025-03-12 12:55:56,192] [INFO] [30032] COMMIT received from 30092 for REQUEST 1741751754181
[2025-03-12 12:55:56,356] [INFO] [30032] PREPARE received from 30143 for REQUEST 1741751754181
[2025-03-12 12:55:56,356] [INFO] [30032] COMMIT received from 30143 for REQUEST 1741751754181
[2025-03-12 12:55:56,878] [INFO] [30032] PREPARE received from 30102 for REQUEST 1741751754181
[2025-03-12 12:55:56,878] [INFO] [30032] COMMIT received from 30102 for REQUEST 1741751754181
[2025-03-12 12:56:39,276] [INFO] Node started: localhost:30032 | index=33 | f=1, k=4
[2025-03-12 12:58:03,720] [INFO] [30032] PRE-PREPARE received: {'request_id': 1741751883632, 'data': 'llapbft_message_1741751883632', 'timestamp': 1741751883.6611185, 'leader': 30099, 'cluster_id': 0, 'cluster_ports': [30001, 30002, 30005, 30007, 30008, 30010, 30028, 30030, 30031, 30032, 30038, 30043, 30051, 30052, 30053, 30055, 30060, 30066, 30070, 30073, 30074, 30084, 30086, 30087, 30098, 30099, 30104, 30105, 30106, 30108, 30118], 'cluster_manager': {'host': 'localhost', 'port': 30105, 'latitude': 36.6269638, 'longitude': 127.4588073, 'altitude': 211, 'offset_m': 'lat: 40 m, lng: 27 m, alt: 211 m'}, 'simulated_delay': 0.0007266666666666667, 'distance': 251.6442685438617, 'message_size_bits': 4360}
[2025-03-12 12:58:03,722] [INFO] [30032] Broadcasting PREPARE: REQUEST 1741751883632
[2025-03-12 12:58:03,819] [INFO] [30032] PREPARE received from 30060 for REQUEST 1741751883632
[2025-03-12 12:58:03,819] [INFO] [30032] Broadcasting COMMIT: REQUEST 1741751883632
[2025-03-12 12:58:03,882] [INFO] [30032] PREPARE received from 30118 for REQUEST 1741751883632
[2025-03-12 12:58:03,973] [INFO] [30032] PREPARE received from 30053 for REQUEST 1741751883632
[2025-03-12 12:58:04,127] [INFO] [30032] PREPARE received from 30001 for REQUEST 1741751883632
[2025-03-12 12:58:04,217] [INFO] [30032] PREPARE received from 30007 for REQUEST 1741751883632
[2025-03-12 12:58:04,217] [INFO] [30032] PREPARE received from 30028 for REQUEST 1741751883632
[2025-03-12 12:58:04,217] [INFO] [30032] PREPARE received from 30104 for REQUEST 1741751883632
[2025-03-12 12:58:04,217] [INFO] [30032] PREPARE received from 30106 for REQUEST 1741751883632
[2025-03-12 12:58:04,217] [INFO] [30032] PREPARE received from 30108 for REQUEST 1741751883632
[2025-03-12 12:58:04,217] [INFO] [30032] PREPARE received from 30073 for REQUEST 1741751883632
[2025-03-12 12:58:04,272] [INFO] [30032] COMMIT received from 30053 for REQUEST 1741751883632
[2025-03-12 12:58:04,272] [INFO] [30032] COMMIT received from 30106 for REQUEST 1741751883632
[2025-03-12 12:58:04,272] [INFO] [30032] COMMIT complete. Sending PRE-REPLY: REQUEST 1741751883632 directly to Manager 30105
[2025-03-12 12:58:04,272] [INFO] [30032] COMMIT received from 30108 for REQUEST 1741751883632
[2025-03-12 12:58:04,272] [INFO] [30032] COMMIT received from 30073 for REQUEST 1741751883632
[2025-03-12 12:58:04,272] [INFO] [30032] COMMIT received from 30104 for REQUEST 1741751883632
[2025-03-12 12:58:04,272] [INFO] [30032] COMMIT received from 30118 for REQUEST 1741751883632
[2025-03-12 12:58:04,272] [INFO] [30032] COMMIT received from 30060 for REQUEST 1741751883632
[2025-03-12 12:58:04,312] [INFO] [30032] PREPARE received from 30084 for REQUEST 1741751883632
[2025-03-12 12:58:04,329] [INFO] [30032] COMMIT received from 30084 for REQUEST 1741751883632
[2025-03-12 12:58:04,357] [INFO] [30032] COMMIT received from 30001 for REQUEST 1741751883632
[2025-03-12 12:58:04,357] [INFO] [30032] PREPARE received from 30008 for REQUEST 1741751883632
[2025-03-12 12:58:04,370] [INFO] [30032] PREPARE received from 30030 for REQUEST 1741751883632
[2025-03-12 12:58:04,391] [INFO] [30032] COMMIT received from 30099 for REQUEST 1741751883632
[2025-03-12 12:58:04,440] [INFO] [30032] COMMIT received from 30008 for REQUEST 1741751883632
[2025-03-12 12:58:04,462] [INFO] [30032] PREPARE received from 30002 for REQUEST 1741751883632
[2025-03-12 12:58:04,462] [INFO] [30032] COMMIT received from 30028 for REQUEST 1741751883632
[2025-03-12 12:58:04,462] [INFO] [30032] COMMIT received from 30007 for REQUEST 1741751883632
[2025-03-12 12:58:04,462] [INFO] [30032] COMMIT received from 30030 for REQUEST 1741751883632
[2025-03-12 12:58:04,481] [INFO] [30032] PREPARE received from 30055 for REQUEST 1741751883632
[2025-03-12 12:58:04,552] [INFO] [30032] COMMIT received from 30055 for REQUEST 1741751883632
[2025-03-12 12:58:04,563] [INFO] [30032] PREPARE received from 30052 for REQUEST 1741751883632
[2025-03-12 12:58:04,613] [INFO] [30032] COMMIT received from 30052 for REQUEST 1741751883632
[2025-03-12 12:58:04,689] [INFO] [30032] PREPARE received from 30066 for REQUEST 1741751883632
[2025-03-12 12:58:04,689] [INFO] [30032] COMMIT received from 30066 for REQUEST 1741751883632
[2025-03-12 12:58:04,761] [INFO] [30032] PREPARE received from 30074 for REQUEST 1741751883632
[2025-03-12 12:58:04,767] [INFO] [30032] COMMIT received from 30074 for REQUEST 1741751883632
[2025-03-12 12:58:04,782] [INFO] [30032] COMMIT received from 30002 for REQUEST 1741751883632
[2025-03-12 12:58:04,899] [INFO] [30032] PREPARE received from 30043 for REQUEST 1741751883632
[2025-03-12 12:58:04,899] [INFO] [30032] COMMIT received from 30043 for REQUEST 1741751883632
[2025-03-12 12:58:04,912] [INFO] [30032] PREPARE received from 30086 for REQUEST 1741751883632
[2025-03-12 12:58:04,912] [INFO] [30032] PREPARE received from 30070 for REQUEST 1741751883632
[2025-03-12 12:58:04,941] [INFO] [30032] COMMIT received from 30086 for REQUEST 1741751883632
[2025-03-12 12:58:04,941] [INFO] [30032] COMMIT received from 30070 for REQUEST 1741751883632
[2025-03-12 12:58:05,032] [INFO] [30032] PREPARE received from 30098 for REQUEST 1741751883632
[2025-03-12 12:58:05,036] [INFO] [30032] PREPARE received from 30051 for REQUEST 1741751883632
[2025-03-12 12:58:05,036] [INFO] [30032] COMMIT received from 30051 for REQUEST 1741751883632
[2025-03-12 12:58:05,036] [INFO] [30032] COMMIT received from 30098 for REQUEST 1741751883632
[2025-03-12 13:45:28,724] [INFO] [30032] PRE-PREPARE received: {'request_id': 1741754728638, 'data': 'llapbft_message_1741754728638', 'timestamp': 1741754728.6704988, 'leader': 30099, 'cluster_id': 0, 'cluster_ports': [30001, 30002, 30005, 30007, 30008, 30010, 30028, 30030, 30031, 30032, 30038, 30043, 30051, 30052, 30053, 30055, 30060, 30066, 30070, 30073, 30074, 30084, 30086, 30087, 30098, 30099, 30104, 30105, 30106, 30108, 30118], 'cluster_manager': {'host': 'localhost', 'port': 30105, 'latitude': 36.6269638, 'longitude': 127.4588073, 'altitude': 211, 'offset_m': 'lat: 40 m, lng: 27 m, alt: 211 m'}, 'simulated_delay': 0.0007266666666666667, 'distance': 251.6442685438617, 'message_size_bits': 4360}
[2025-03-12 13:45:28,724] [INFO] [30032] Broadcasting PREPARE: REQUEST 1741754728638
[2025-03-12 13:45:28,869] [INFO] [30032] PREPARE received from 30001 for REQUEST 1741754728638
[2025-03-12 13:45:28,869] [INFO] [30032] Broadcasting COMMIT: REQUEST 1741754728638
[2025-03-12 13:45:28,879] [INFO] [30032] PREPARE received from 30008 for REQUEST 1741754728638
[2025-03-12 13:45:28,879] [INFO] [30032] PREPARE received from 30118 for REQUEST 1741754728638
[2025-03-12 13:45:28,883] [INFO] [30032] PREPARE received from 30073 for REQUEST 1741754728638
[2025-03-12 13:45:28,973] [INFO] [30032] COMMIT received from 30118 for REQUEST 1741754728638
[2025-03-12 13:45:28,985] [INFO] [30032] PREPARE received from 30007 for REQUEST 1741754728638
[2025-03-12 13:45:28,985] [INFO] [30032] COMMIT received from 30008 for REQUEST 1741754728638
[2025-03-12 13:45:28,985] [INFO] [30032] COMMIT complete. Sending PRE-REPLY: REQUEST 1741754728638 directly to Manager 30105
[2025-03-12 13:45:29,022] [INFO] [30032] PREPARE received from 30108 for REQUEST 1741754728638
[2025-03-12 13:45:29,111] [INFO] [30032] PREPARE received from 30084 for REQUEST 1741754728638
[2025-03-12 13:45:29,111] [INFO] [30032] COMMIT received from 30073 for REQUEST 1741754728638
[2025-03-12 13:45:29,136] [INFO] [30032] PREPARE received from 30030 for REQUEST 1741754728638
[2025-03-12 13:45:29,136] [INFO] [30032] PREPARE received from 30053 for REQUEST 1741754728638
[2025-03-12 13:45:29,136] [INFO] [30032] COMMIT received from 30007 for REQUEST 1741754728638
[2025-03-12 13:45:29,136] [INFO] [30032] COMMIT received from 30001 for REQUEST 1741754728638
[2025-03-12 13:45:29,136] [INFO] [30032] COMMIT received from 30084 for REQUEST 1741754728638
[2025-03-12 13:45:29,141] [INFO] [30032] COMMIT received from 30053 for REQUEST 1741754728638
[2025-03-12 13:45:29,212] [INFO] [30032] COMMIT received from 30030 for REQUEST 1741754728638
[2025-03-12 13:45:29,262] [INFO] [30032] PREPARE received from 30104 for REQUEST 1741754728638
[2025-03-12 13:45:29,275] [INFO] [30032] COMMIT received from 30104 for REQUEST 1741754728638
[2025-03-12 13:45:29,301] [INFO] [30032] COMMIT received from 30108 for REQUEST 1741754728638
[2025-03-12 13:45:29,301] [INFO] [30032] PREPARE received from 30028 for REQUEST 1741754728638
[2025-03-12 13:45:29,301] [INFO] [30032] COMMIT received from 30028 for REQUEST 1741754728638
[2025-03-12 13:45:29,301] [INFO] [30032] PREPARE received from 30060 for REQUEST 1741754728638
[2025-03-12 13:45:29,316] [INFO] [30032] COMMIT received from 30060 for REQUEST 1741754728638
[2025-03-12 13:45:29,376] [INFO] [30032] PREPARE received from 30055 for REQUEST 1741754728638
[2025-03-12 13:45:29,376] [INFO] [30032] PREPARE received from 30106 for REQUEST 1741754728638
[2025-03-12 13:45:29,380] [INFO] [30032] COMMIT received from 30055 for REQUEST 1741754728638
[2025-03-12 13:45:29,398] [INFO] [30032] COMMIT received from 30106 for REQUEST 1741754728638
[2025-03-12 13:45:29,561] [INFO] [30032] COMMIT received from 30099 for REQUEST 1741754728638
[2025-03-12 13:45:29,590] [INFO] [30032] PREPARE received from 30002 for REQUEST 1741754728638
[2025-03-12 13:45:29,680] [INFO] [30032] COMMIT received from 30002 for REQUEST 1741754728638
[2025-03-12 13:45:29,729] [INFO] [30032] PREPARE received from 30086 for REQUEST 1741754728638
[2025-03-12 13:45:29,762] [INFO] [30032] COMMIT received from 30086 for REQUEST 1741754728638
[2025-03-12 13:45:29,803] [INFO] [30032] PREPARE received from 30066 for REQUEST 1741754728638
[2025-03-12 13:45:29,807] [INFO] [30032] COMMIT received from 30066 for REQUEST 1741754728638
[2025-03-12 13:45:29,870] [INFO] [30032] PREPARE received from 30098 for REQUEST 1741754728638
[2025-03-12 13:45:29,905] [INFO] [30032] COMMIT received from 30098 for REQUEST 1741754728638
[2025-03-12 13:45:29,911] [INFO] [30032] PREPARE received from 30074 for REQUEST 1741754728638
[2025-03-12 13:45:29,913] [INFO] [30032] PREPARE received from 30052 for REQUEST 1741754728638
[2025-03-12 13:45:29,913] [INFO] [30032] COMMIT received from 30052 for REQUEST 1741754728638
[2025-03-12 13:45:29,913] [INFO] [30032] COMMIT received from 30074 for REQUEST 1741754728638
[2025-03-12 13:45:29,928] [INFO] [30032] PREPARE received from 30043 for REQUEST 1741754728638
[2025-03-12 13:45:29,928] [INFO] [30032] COMMIT received from 30043 for REQUEST 1741754728638
[2025-03-12 13:45:30,014] [INFO] [30032] PREPARE received from 30051 for REQUEST 1741754728638
[2025-03-12 13:45:30,014] [INFO] [30032] COMMIT received from 30051 for REQUEST 1741754728638
[2025-03-12 13:45:30,063] [INFO] [30032] PREPARE received from 30070 for REQUEST 1741754728638
[2025-03-12 13:45:30,063] [INFO] [30032] COMMIT received from 30070 for REQUEST 1741754728638
[2025-03-12 13:45:36,092] [INFO] [30032] PRE-PREPARE received: {'request_id': 1741754736031, 'data': 'llapbft_message_1741754736031', 'timestamp': 1741754736.063827, 'leader': 30099, 'cluster_id': 0, 'cluster_ports': [30001, 30002, 30005, 30007, 30008, 30010, 30028, 30030, 30031, 30032, 30038, 30043, 30051, 30052, 30053, 30055, 30060, 30066, 30070, 30073, 30074, 30084, 30086, 30087, 30098, 30099, 30104, 30105, 30106, 30108, 30118], 'cluster_manager': {'host': 'localhost', 'port': 30105, 'latitude': 36.6269638, 'longitude': 127.4588073, 'altitude': 211, 'offset_m': 'lat: 40 m, lng: 27 m, alt: 211 m'}, 'simulated_delay': 0.0007253333333333334, 'distance': 251.6442685438617, 'message_size_bits': 4352}
[2025-03-12 13:45:36,092] [INFO] [30032] Broadcasting PREPARE: REQUEST 1741754736031
[2025-03-12 13:45:36,134] [INFO] [30032] PREPARE received from 30001 for REQUEST 1741754736031
[2025-03-12 13:45:36,134] [INFO] [30032] Broadcasting COMMIT: REQUEST 1741754736031
[2025-03-12 13:45:36,140] [INFO] [30032] PREPARE received from 30073 for REQUEST 1741754736031
[2025-03-12 13:45:36,140] [INFO] [30032] PREPARE received from 30084 for REQUEST 1741754736031
[2025-03-12 13:45:36,142] [INFO] [30032] PREPARE received from 30053 for REQUEST 1741754736031
[2025-03-12 13:45:36,142] [INFO] [30032] PREPARE received from 30008 for REQUEST 1741754736031
[2025-03-12 13:45:36,143] [INFO] [30032] PREPARE received from 30028 for REQUEST 1741754736031
[2025-03-12 13:45:36,143] [INFO] [30032] COMMIT received from 30053 for REQUEST 1741754736031
[2025-03-12 13:45:36,143] [INFO] [30032] COMMIT received from 30073 for REQUEST 1741754736031
[2025-03-12 13:45:36,143] [INFO] [30032] COMMIT complete. Sending PRE-REPLY: REQUEST 1741754736031 directly to Manager 30105
[2025-03-12 13:45:36,143] [INFO] [30032] PREPARE received from 30118 for REQUEST 1741754736031
[2025-03-12 13:45:36,145] [INFO] [30032] COMMIT received from 30001 for REQUEST 1741754736031
[2025-03-12 13:45:36,145] [INFO] [30032] COMMIT received from 30084 for REQUEST 1741754736031
[2025-03-12 13:45:36,154] [INFO] [30032] PREPARE received from 30055 for REQUEST 1741754736031
[2025-03-12 13:45:36,214] [INFO] [30032] PREPARE received from 30104 for REQUEST 1741754736031
[2025-03-12 13:45:36,215] [INFO] [30032] COMMIT received from 30055 for REQUEST 1741754736031
[2025-03-12 13:45:36,215] [INFO] [30032] PREPARE received from 30051 for REQUEST 1741754736031
[2025-03-12 13:45:36,215] [INFO] [30032] COMMIT received from 30051 for REQUEST 1741754736031
[2025-03-12 13:45:36,215] [INFO] [30032] PREPARE received from 30086 for REQUEST 1741754736031
[2025-03-12 13:45:36,217] [INFO] [30032] COMMIT received from 30104 for REQUEST 1741754736031
[2025-03-12 13:45:36,246] [INFO] [30032] PREPARE received from 30030 for REQUEST 1741754736031
[2025-03-12 13:45:36,252] [INFO] [30032] PREPARE received from 30066 for REQUEST 1741754736031
[2025-03-12 13:45:36,258] [INFO] [30032] PREPARE received from 30060 for REQUEST 1741754736031
[2025-03-12 13:45:36,262] [INFO] [30032] COMMIT received from 30008 for REQUEST 1741754736031
[2025-03-12 13:45:36,271] [INFO] [30032] COMMIT received from 30030 for REQUEST 1741754736031
[2025-03-12 13:45:36,279] [INFO] [30032] PREPARE received from 30052 for REQUEST 1741754736031
[2025-03-12 13:45:36,279] [INFO] [30032] PREPARE received from 30007 for REQUEST 1741754736031
[2025-03-12 13:45:36,279] [INFO] [30032] PREPARE received from 30070 for REQUEST 1741754736031
[2025-03-12 13:45:36,280] [INFO] [30032] PREPARE received from 30098 for REQUEST 1741754736031
[2025-03-12 13:45:36,289] [INFO] [30032] PREPARE received from 30002 for REQUEST 1741754736031
[2025-03-12 13:45:36,293] [INFO] [30032] PREPARE received from 30043 for REQUEST 1741754736031
[2025-03-12 13:45:36,295] [INFO] [30032] PREPARE received from 30074 for REQUEST 1741754736031
[2025-03-12 13:45:36,297] [INFO] [30032] COMMIT received from 30052 for REQUEST 1741754736031
[2025-03-12 13:45:36,302] [INFO] [30032] PREPARE received from 30106 for REQUEST 1741754736031
[2025-03-12 13:45:36,340] [INFO] [30032] COMMIT received from 30070 for REQUEST 1741754736031
[2025-03-12 13:45:36,340] [INFO] [30032] COMMIT received from 30099 for REQUEST 1741754736031
[2025-03-12 13:45:36,399] [INFO] [30032] COMMIT received from 30007 for REQUEST 1741754736031
[2025-03-12 13:45:36,422] [INFO] [30032] COMMIT received from 30060 for REQUEST 1741754736031
[2025-03-12 13:45:36,425] [INFO] [30032] COMMIT received from 30098 for REQUEST 1741754736031
[2025-03-12 13:45:36,432] [INFO] [30032] COMMIT received from 30118 for REQUEST 1741754736031
[2025-03-12 13:45:36,463] [INFO] [30032] COMMIT received from 30074 for REQUEST 1741754736031
[2025-03-12 13:45:36,464] [INFO] [30032] COMMIT received from 30106 for REQUEST 1741754736031
[2025-03-12 13:45:36,465] [INFO] [30032] COMMIT received from 30086 for REQUEST 1741754736031
[2025-03-12 13:45:36,476] [INFO] [30032] COMMIT received from 30043 for REQUEST 1741754736031
[2025-03-12 13:45:36,494] [INFO] [30032] PREPARE received from 30108 for REQUEST 1741754736031
[2025-03-12 13:45:36,499] [INFO] [30032] COMMIT received from 30002 for REQUEST 1741754736031
[2025-03-12 13:45:36,526] [INFO] [30032] COMMIT received from 30066 for REQUEST 1741754736031
[2025-03-12 13:45:36,530] [INFO] [30032] COMMIT received from 30108 for REQUEST 1741754736031
[2025-03-12 13:45:36,567] [INFO] [30032] COMMIT received from 30028 for REQUEST 1741754736031
[2025-03-12 13:45:47,480] [INFO] [30032] PRE-PREPARE received: {'request_id': 1741754747345, 'data': 'llapbft_message_1741754747345', 'timestamp': 1741754747.370292, 'leader': 30099, 'cluster_id': 0, 'cluster_ports': [30001, 30002, 30005, 30007, 30008, 30010, 30028, 30030, 30031, 30032, 30038, 30043, 30051, 30052, 30053, 30055, 30060, 30066, 30070, 30073, 30074, 30084, 30086, 30087, 30098, 30099, 30104, 30105, 30106, 30108, 30118], 'cluster_manager': {'host': 'localhost', 'port': 30105, 'latitude': 36.6269638, 'longitude': 127.4588073, 'altitude': 211, 'offset_m': 'lat: 40 m, lng: 27 m, alt: 211 m'}, 'simulated_delay': 0.0007253333333333334, 'distance': 251.6442685438617, 'message_size_bits': 4352}
[2025-03-12 13:45:47,480] [INFO] [30032] Broadcasting PREPARE: REQUEST 1741754747345
[2025-03-12 13:45:47,484] [INFO] [30032] PREPARE received from 30043 for REQUEST 1741754747345
[2025-03-12 13:45:47,486] [INFO] [30032] Broadcasting COMMIT: REQUEST 1741754747345
[2025-03-12 13:45:47,486] [INFO] [30032] PREPARE received from 30028 for REQUEST 1741754747345
[2025-03-12 13:45:47,486] [INFO] [30032] PREPARE received from 30060 for REQUEST 1741754747345
[2025-03-12 13:45:47,486] [INFO] [30032] PREPARE received from 30066 for REQUEST 1741754747345
[2025-03-12 13:45:47,486] [INFO] [30032] COMMIT received from 30118 for REQUEST 1741754747345
[2025-03-12 13:45:47,486] [INFO] [30032] PREPARE received from 30086 for REQUEST 1741754747345
[2025-03-12 13:45:47,488] [INFO] [30032] COMMIT received from 30051 for REQUEST 1741754747345
[2025-03-12 13:45:47,488] [INFO] [30032] COMMIT complete. Sending PRE-REPLY: REQUEST 1741754747345 directly to Manager 30105
[2025-03-12 13:45:47,488] [INFO] [30032] PREPARE received from 30118 for REQUEST 1741754747345
[2025-03-12 13:45:47,488] [INFO] [30032] PREPARE received from 30055 for REQUEST 1741754747345
[2025-03-12 13:45:47,488] [INFO] [30032] PREPARE received from 30051 for REQUEST 1741754747345
[2025-03-12 13:45:47,488] [INFO] [30032] PREPARE received from 30008 for REQUEST 1741754747345
[2025-03-12 13:45:47,496] [INFO] [30032] COMMIT received from 30043 for REQUEST 1741754747345
[2025-03-12 13:45:47,567] [INFO] [30032] COMMIT received from 30055 for REQUEST 1741754747345
[2025-03-12 13:45:47,861] [INFO] [30032] PREPARE received from 30007 for REQUEST 1741754747345
[2025-03-12 13:45:47,862] [INFO] [30032] PREPARE received from 30002 for REQUEST 1741754747345
[2025-03-12 13:45:47,862] [INFO] [30032] COMMIT received from 30060 for REQUEST 1741754747345
[2025-03-12 13:45:47,862] [INFO] [30032] PREPARE received from 30053 for REQUEST 1741754747345
[2025-03-12 13:45:47,862] [INFO] [30032] PREPARE received from 30001 for REQUEST 1741754747345
[2025-03-12 13:45:47,864] [INFO] [30032] PREPARE received from 30108 for REQUEST 1741754747345
[2025-03-12 13:45:47,864] [INFO] [30032] PREPARE received from 30084 for REQUEST 1741754747345
[2025-03-12 13:45:47,865] [INFO] [30032] PREPARE received from 30052 for REQUEST 1741754747345
[2025-03-12 13:45:47,865] [INFO] [30032] PREPARE received from 30098 for REQUEST 1741754747345
[2025-03-12 13:45:47,865] [INFO] [30032] COMMIT received from 30007 for REQUEST 1741754747345
[2025-03-12 13:45:47,865] [INFO] [30032] COMMIT received from 30028 for REQUEST 1741754747345
[2025-03-12 13:45:47,867] [INFO] [30032] COMMIT received from 30084 for REQUEST 1741754747345
[2025-03-12 13:45:47,867] [INFO] [30032] COMMIT received from 30108 for REQUEST 1741754747345
[2025-03-12 13:45:47,867] [INFO] [30032] COMMIT received from 30099 for REQUEST 1741754747345
[2025-03-12 13:45:47,867] [INFO] [30032] PREPARE received from 30104 for REQUEST 1741754747345
[2025-03-12 13:45:47,868] [INFO] [30032] COMMIT received from 30052 for REQUEST 1741754747345
[2025-03-12 13:45:47,868] [INFO] [30032] COMMIT received from 30001 for REQUEST 1741754747345
[2025-03-12 13:45:47,868] [INFO] [30032] COMMIT received from 30002 for REQUEST 1741754747345
[2025-03-12 13:45:47,868] [INFO] [30032] COMMIT received from 30066 for REQUEST 1741754747345
[2025-03-12 13:45:47,871] [INFO] [30032] PREPARE received from 30073 for REQUEST 1741754747345
[2025-03-12 13:45:47,872] [INFO] [30032] COMMIT received from 30098 for REQUEST 1741754747345
[2025-03-12 13:45:47,872] [INFO] [30032] COMMIT received from 30073 for REQUEST 1741754747345
[2025-03-12 13:45:47,872] [INFO] [30032] PREPARE received from 30030 for REQUEST 1741754747345
[2025-03-12 13:45:47,872] [INFO] [30032] PREPARE received from 30070 for REQUEST 1741754747345
[2025-03-12 13:45:47,872] [INFO] [30032] COMMIT received from 30106 for REQUEST 1741754747345
[2025-03-12 13:45:47,872] [INFO] [30032] PREPARE received from 30074 for REQUEST 1741754747345
[2025-03-12 13:45:47,874] [INFO] [30032] COMMIT received from 30104 for REQUEST 1741754747345
[2025-03-12 13:45:47,874] [INFO] [30032] PREPARE received from 30106 for REQUEST 1741754747345
[2025-03-12 13:45:47,875] [INFO] [30032] COMMIT received from 30074 for REQUEST 1741754747345
[2025-03-12 13:45:47,875] [INFO] [30032] COMMIT received from 30053 for REQUEST 1741754747345
[2025-03-12 13:45:47,883] [INFO] [30032] COMMIT received from 30030 for REQUEST 1741754747345
[2025-03-12 13:45:47,883] [INFO] [30032] COMMIT received from 30070 for REQUEST 1741754747345
[2025-03-12 13:45:47,883] [INFO] [30032] COMMIT received from 30008 for REQUEST 1741754747345
[2025-03-12 13:45:47,886] [INFO] [30032] COMMIT received from 30086 for REQUEST 1741754747345
[2025-03-12 13:45:59,060] [INFO] [30032] PRE-PREPARE received: {'request_id': 1741754759008, 'data': 'llapbft_message_1741754759008', 'timestamp': 1741754759.0302613, 'leader': 30099, 'cluster_id': 0, 'cluster_ports': [30001, 30002, 30005, 30007, 30008, 30010, 30028, 30030, 30031, 30032, 30038, 30043, 30051, 30052, 30053, 30055, 30060, 30066, 30070, 30073, 30074, 30084, 30086, 30087, 30098, 30099, 30104, 30105, 30106, 30108, 30118], 'cluster_manager': {'host': 'localhost', 'port': 30105, 'latitude': 36.6269638, 'longitude': 127.4588073, 'altitude': 211, 'offset_m': 'lat: 40 m, lng: 27 m, alt: 211 m'}, 'simulated_delay': 0.0007266666666666667, 'distance': 251.6442685438617, 'message_size_bits': 4360}
[2025-03-12 13:45:59,060] [INFO] [30032] Broadcasting PREPARE: REQUEST 1741754759008
[2025-03-12 13:45:59,109] [INFO] [30032] COMMIT received from 30007 for REQUEST 1741754759008
[2025-03-12 13:45:59,109] [INFO] [30032] PREPARE received from 30118 for REQUEST 1741754759008
[2025-03-12 13:45:59,109] [INFO] [30032] Broadcasting COMMIT: REQUEST 1741754759008
[2025-03-12 13:45:59,111] [INFO] [30032] PREPARE received from 30007 for REQUEST 1741754759008
[2025-03-12 13:45:59,111] [INFO] [30032] PREPARE received from 30002 for REQUEST 1741754759008
[2025-03-12 13:45:59,111] [INFO] [30032] PREPARE received from 30030 for REQUEST 1741754759008
[2025-03-12 13:45:59,111] [INFO] [30032] PREPARE received from 30066 for REQUEST 1741754759008
[2025-03-12 13:45:59,117] [INFO] [30032] PREPARE received from 30060 for REQUEST 1741754759008
[2025-03-12 13:45:59,307] [INFO] [30032] PREPARE received from 30098 for REQUEST 1741754759008
[2025-03-12 13:45:59,412] [INFO] [30032] COMMIT received from 30060 for REQUEST 1741754759008
[2025-03-12 13:45:59,414] [INFO] [30032] COMMIT complete. Sending PRE-REPLY: REQUEST 1741754759008 directly to Manager 30105
[2025-03-12 13:45:59,414] [INFO] [30032] PREPARE received from 30108 for REQUEST 1741754759008
[2025-03-12 13:45:59,415] [INFO] [30032] COMMIT received from 30030 for REQUEST 1741754759008
[2025-03-12 13:45:59,417] [INFO] [30032] COMMIT received from 30002 for REQUEST 1741754759008
[2025-03-12 13:45:59,418] [INFO] [30032] PREPARE received from 30008 for REQUEST 1741754759008
[2025-03-12 13:45:59,418] [INFO] [30032] PREPARE received from 30028 for REQUEST 1741754759008
[2025-03-12 13:45:59,419] [INFO] [30032] PREPARE received from 30084 for REQUEST 1741754759008
[2025-03-12 13:45:59,419] [INFO] [30032] PREPARE received from 30073 for REQUEST 1741754759008
[2025-03-12 13:45:59,421] [INFO] [30032] COMMIT received from 30001 for REQUEST 1741754759008
[2025-03-12 13:45:59,421] [INFO] [30032] COMMIT received from 30108 for REQUEST 1741754759008
[2025-03-12 13:45:59,421] [INFO] [30032] COMMIT received from 30118 for REQUEST 1741754759008
[2025-03-12 13:45:59,421] [INFO] [30032] COMMIT received from 30086 for REQUEST 1741754759008
[2025-03-12 13:45:59,421] [INFO] [30032] COMMIT received from 30104 for REQUEST 1741754759008
[2025-03-12 13:45:59,421] [INFO] [30032] COMMIT received from 30070 for REQUEST 1741754759008
[2025-03-12 13:45:59,422] [INFO] [30032] PREPARE received from 30104 for REQUEST 1741754759008
[2025-03-12 13:45:59,422] [INFO] [30032] COMMIT received from 30055 for REQUEST 1741754759008
[2025-03-12 13:45:59,422] [INFO] [30032] PREPARE received from 30051 for REQUEST 1741754759008
[2025-03-12 13:45:59,422] [INFO] [30032] PREPARE received from 30001 for REQUEST 1741754759008
[2025-03-12 13:45:59,423] [INFO] [30032] PREPARE received from 30070 for REQUEST 1741754759008
[2025-03-12 13:45:59,423] [INFO] [30032] PREPARE received from 30086 for REQUEST 1741754759008
[2025-03-12 13:45:59,423] [INFO] [30032] PREPARE received from 30055 for REQUEST 1741754759008
[2025-03-12 13:45:59,423] [INFO] [30032] COMMIT received from 30066 for REQUEST 1741754759008
[2025-03-12 13:45:59,424] [INFO] [30032] COMMIT received from 30008 for REQUEST 1741754759008
[2025-03-12 13:45:59,424] [INFO] [30032] COMMIT received from 30073 for REQUEST 1741754759008
[2025-03-12 13:45:59,424] [INFO] [30032] COMMIT received from 30052 for REQUEST 1741754759008
[2025-03-12 13:45:59,424] [INFO] [30032] PREPARE received from 30043 for REQUEST 1741754759008
[2025-03-12 13:45:59,424] [INFO] [30032] COMMIT received from 30098 for REQUEST 1741754759008
[2025-03-12 13:45:59,424] [INFO] [30032] COMMIT received from 30099 for REQUEST 1741754759008
[2025-03-12 13:45:59,426] [INFO] [30032] COMMIT received from 30051 for REQUEST 1741754759008
[2025-03-12 13:45:59,426] [INFO] [30032] COMMIT received from 30074 for REQUEST 1741754759008
[2025-03-12 13:45:59,426] [INFO] [30032] PREPARE received from 30052 for REQUEST 1741754759008
[2025-03-12 13:45:59,426] [INFO] [30032] PREPARE received from 30106 for REQUEST 1741754759008
[2025-03-12 13:45:59,427] [INFO] [30032] PREPARE received from 30074 for REQUEST 1741754759008
[2025-03-12 13:45:59,427] [INFO] [30032] COMMIT received from 30084 for REQUEST 1741754759008
[2025-03-12 13:45:59,428] [INFO] [30032] PREPARE received from 30053 for REQUEST 1741754759008
[2025-03-12 13:45:59,428] [INFO] [30032] COMMIT received from 30053 for REQUEST 1741754759008
[2025-03-12 13:45:59,472] [INFO] [30032] COMMIT received from 30106 for REQUEST 1741754759008
[2025-03-12 13:45:59,472] [INFO] [30032] COMMIT received from 30043 for REQUEST 1741754759008
[2025-03-12 13:45:59,580] [INFO] [30032] COMMIT received from 30028 for REQUEST 1741754759008
[2025-03-12 13:46:11,400] [INFO] [30032] PRE-PREPARE received: {'request_id': 1741754771266, 'data': 'llapbft_message_1741754771266', 'timestamp': 1741754771.2983816, 'leader': 30099, 'cluster_id': 0, 'cluster_ports': [30001, 30002, 30005, 30007, 30008, 30010, 30028, 30030, 30031, 30032, 30038, 30043, 30051, 30052, 30053, 30055, 30060, 30066, 30070, 30073, 30074, 30084, 30086, 30087, 30098, 30099, 30104, 30105, 30106, 30108, 30118], 'cluster_manager': {'host': 'localhost', 'port': 30105, 'latitude': 36.6269638, 'longitude': 127.4588073, 'altitude': 211, 'offset_m': 'lat: 40 m, lng: 27 m, alt: 211 m'}, 'simulated_delay': 0.0007266666666666667, 'distance': 251.6442685438617, 'message_size_bits': 4360}
[2025-03-12 13:46:11,400] [INFO] [30032] Broadcasting PREPARE: REQUEST 1741754771266
[2025-03-12 13:46:11,408] [INFO] [30032] PREPARE received from 30051 for REQUEST 1741754771266
[2025-03-12 13:46:11,408] [INFO] [30032] Broadcasting COMMIT: REQUEST 1741754771266
[2025-03-12 13:46:11,408] [INFO] [30032] COMMIT received from 30104 for REQUEST 1741754771266
[2025-03-12 13:46:11,410] [INFO] [30032] PREPARE received from 30106 for REQUEST 1741754771266
[2025-03-12 13:46:11,410] [INFO] [30032] PREPARE received from 30118 for REQUEST 1741754771266
[2025-03-12 13:46:11,410] [INFO] [30032] PREPARE received from 30104 for REQUEST 1741754771266
[2025-03-12 13:46:11,410] [INFO] [30032] COMMIT received from 30001 for REQUEST 1741754771266
[2025-03-12 13:46:11,410] [INFO] [30032] COMMIT complete. Sending PRE-REPLY: REQUEST 1741754771266 directly to Manager 30105
[2025-03-12 13:46:11,410] [INFO] [30032] COMMIT received from 30055 for REQUEST 1741754771266
[2025-03-12 13:46:11,410] [INFO] [30032] COMMIT received from 30051 for REQUEST 1741754771266
[2025-03-12 13:46:11,412] [INFO] [30032] PREPARE received from 30001 for REQUEST 1741754771266
[2025-03-12 13:46:11,412] [INFO] [30032] PREPARE received from 30074 for REQUEST 1741754771266
[2025-03-12 13:46:11,412] [INFO] [30032] PREPARE received from 30070 for REQUEST 1741754771266
[2025-03-12 13:46:11,412] [INFO] [30032] PREPARE received from 30043 for REQUEST 1741754771266
[2025-03-12 13:46:11,412] [INFO] [30032] PREPARE received from 30055 for REQUEST 1741754771266
[2025-03-12 13:46:11,434] [INFO] [30032] COMMIT received from 30074 for REQUEST 1741754771266
[2025-03-12 13:46:11,434] [INFO] [30032] PREPARE received from 30073 for REQUEST 1741754771266
[2025-03-12 13:46:11,436] [INFO] [30032] COMMIT received from 30073 for REQUEST 1741754771266
[2025-03-12 13:46:11,436] [INFO] [30032] PREPARE received from 30084 for REQUEST 1741754771266
[2025-03-12 13:46:11,436] [INFO] [30032] PREPARE received from 30053 for REQUEST 1741754771266
[2025-03-12 13:46:11,436] [INFO] [30032] PREPARE received from 30086 for REQUEST 1741754771266
[2025-03-12 13:46:11,438] [INFO] [30032] PREPARE received from 30052 for REQUEST 1741754771266
[2025-03-12 13:46:11,438] [INFO] [30032] PREPARE received from 30060 for REQUEST 1741754771266
[2025-03-12 13:46:11,438] [INFO] [30032] COMMIT received from 30053 for REQUEST 1741754771266
[2025-03-12 13:46:11,440] [INFO] [30032] PREPARE received from 30008 for REQUEST 1741754771266
[2025-03-12 13:46:11,442] [INFO] [30032] COMMIT received from 30084 for REQUEST 1741754771266
[2025-03-12 13:46:11,444] [INFO] [30032] PREPARE received from 30108 for REQUEST 1741754771266
[2025-03-12 13:46:11,446] [INFO] [30032] COMMIT received from 30060 for REQUEST 1741754771266
[2025-03-12 13:46:11,446] [INFO] [30032] COMMIT received from 30118 for REQUEST 1741754771266
[2025-03-12 13:46:11,448] [INFO] [30032] COMMIT received from 30052 for REQUEST 1741754771266
[2025-03-12 13:46:11,452] [INFO] [30032] PREPARE received from 30098 for REQUEST 1741754771266
[2025-03-12 13:46:11,452] [INFO] [30032] COMMIT received from 30099 for REQUEST 1741754771266
[2025-03-12 13:46:11,456] [INFO] [30032] COMMIT received from 30106 for REQUEST 1741754771266
[2025-03-12 13:46:11,462] [INFO] [30032] COMMIT received from 30008 for REQUEST 1741754771266
[2025-03-12 13:46:11,497] [INFO] [30032] COMMIT received from 30098 for REQUEST 1741754771266
[2025-03-12 13:46:11,497] [INFO] [30032] COMMIT received from 30108 for REQUEST 1741754771266
[2025-03-12 13:46:11,497] [INFO] [30032] COMMIT received from 30070 for REQUEST 1741754771266
[2025-03-12 13:46:11,499] [INFO] [30032] PREPARE received from 30007 for REQUEST 1741754771266
[2025-03-12 13:46:11,499] [INFO] [30032] PREPARE received from 30002 for REQUEST 1741754771266
[2025-03-12 13:46:11,499] [INFO] [30032] PREPARE received from 30030 for REQUEST 1741754771266
[2025-03-12 13:46:11,499] [INFO] [30032] PREPARE received from 30066 for REQUEST 1741754771266
[2025-03-12 13:46:11,517] [INFO] [30032] PREPARE received from 30028 for REQUEST 1741754771266
[2025-03-12 13:46:11,519] [INFO] [30032] COMMIT received from 30030 for REQUEST 1741754771266
[2025-03-12 13:46:11,535] [INFO] [30032] COMMIT received from 30086 for REQUEST 1741754771266
[2025-03-12 13:46:11,539] [INFO] [30032] COMMIT received from 30028 for REQUEST 1741754771266
[2025-03-12 13:46:11,552] [INFO] [30032] COMMIT received from 30043 for REQUEST 1741754771266
[2025-03-12 13:46:11,572] [INFO] [30032] COMMIT received from 30002 for REQUEST 1741754771266
[2025-03-12 13:46:11,572] [INFO] [30032] COMMIT received from 30007 for REQUEST 1741754771266
[2025-03-12 13:46:11,687] [INFO] [30032] COMMIT received from 30066 for REQUEST 1741754771266
[2025-03-12 14:44:18,253] [INFO] [30032] PRE-PREPARE received: {'request_id': 1741758258160, 'data': 'llapbft_message_1741758258160', 'timestamp': 1741758258.1917994, 'leader': 30099, 'cluster_id': 0, 'cluster_ports': [30001, 30002, 30005, 30007, 30008, 30010, 30028, 30030, 30031, 30032, 30038, 30043, 30051, 30052, 30053, 30055, 30060, 30066, 30070, 30073, 30074, 30084, 30086, 30087, 30098, 30099, 30104, 30105, 30106, 30108, 30118], 'cluster_manager': {'host': 'localhost', 'port': 30105, 'latitude': 36.6269638, 'longitude': 127.4588073, 'altitude': 211, 'offset_m': 'lat: 40 m, lng: 27 m, alt: 211 m'}, 'simulated_delay': 0.0007266666666666667, 'distance': 251.6442685438617, 'message_size_bits': 4360}
[2025-03-12 14:44:18,253] [INFO] [30032] Broadcasting PREPARE: REQUEST 1741758258160
[2025-03-12 14:44:18,327] [INFO] [30032] PREPARE received from 30118 for REQUEST 1741758258160
[2025-03-12 14:44:18,327] [INFO] [30032] Broadcasting COMMIT: REQUEST 1741758258160
[2025-03-12 14:44:18,461] [INFO] [30032] COMMIT received from 30118 for REQUEST 1741758258160
[2025-03-12 14:44:18,522] [INFO] [30032] PREPARE received from 30007 for REQUEST 1741758258160
[2025-03-12 14:44:18,538] [INFO] [30032] PREPARE received from 30108 for REQUEST 1741758258160
[2025-03-12 14:44:18,694] [INFO] [30032] PREPARE received from 30104 for REQUEST 1741758258160
[2025-03-12 14:44:18,695] [INFO] [30032] PREPARE received from 30008 for REQUEST 1741758258160
[2025-03-12 14:44:18,743] [INFO] [30032] COMMIT received from 30073 for REQUEST 1741758258160
[2025-03-12 14:44:18,743] [INFO] [30032] COMMIT complete. Sending PRE-REPLY: REQUEST 1741758258160 directly to Manager 30105
[2025-03-12 14:44:18,743] [INFO] [30032] COMMIT received from 30104 for REQUEST 1741758258160
[2025-03-12 14:44:18,743] [INFO] [30032] PREPARE received from 30086 for REQUEST 1741758258160
[2025-03-12 14:44:18,743] [INFO] [30032] PREPARE received from 30084 for REQUEST 1741758258160
[2025-03-12 14:44:18,743] [INFO] [30032] PREPARE received from 30073 for REQUEST 1741758258160
[2025-03-12 14:44:18,776] [INFO] [30032] COMMIT received from 30086 for REQUEST 1741758258160
[2025-03-12 14:44:18,776] [INFO] [30032] COMMIT received from 30084 for REQUEST 1741758258160
[2025-03-12 14:44:18,776] [INFO] [30032] PREPARE received from 30001 for REQUEST 1741758258160
[2025-03-12 14:44:18,792] [INFO] [30032] COMMIT received from 30099 for REQUEST 1741758258160
[2025-03-12 14:44:18,792] [INFO] [30032] COMMIT received from 30108 for REQUEST 1741758258160
[2025-03-12 14:44:18,792] [INFO] [30032] PREPARE received from 30055 for REQUEST 1741758258160
[2025-03-12 14:44:18,828] [INFO] [30032] COMMIT received from 30001 for REQUEST 1741758258160
[2025-03-12 14:44:18,854] [INFO] [30032] COMMIT received from 30055 for REQUEST 1741758258160
[2025-03-12 14:44:18,854] [INFO] [30032] PREPARE received from 30030 for REQUEST 1741758258160
[2025-03-12 14:44:18,889] [INFO] [30032] PREPARE received from 30053 for REQUEST 1741758258160
[2025-03-12 14:44:18,889] [INFO] [30032] COMMIT received from 30007 for REQUEST 1741758258160
[2025-03-12 14:44:18,889] [INFO] [30032] PREPARE received from 30074 for REQUEST 1741758258160
[2025-03-12 14:44:18,889] [INFO] [30032] COMMIT received from 30053 for REQUEST 1741758258160
[2025-03-12 14:44:18,905] [INFO] [30032] COMMIT received from 30074 for REQUEST 1741758258160
[2025-03-12 14:44:18,920] [INFO] [30032] PREPARE received from 30028 for REQUEST 1741758258160
[2025-03-12 14:44:18,939] [INFO] [30032] COMMIT received from 30008 for REQUEST 1741758258160
[2025-03-12 14:44:18,961] [INFO] [30032] COMMIT received from 30030 for REQUEST 1741758258160
[2025-03-12 14:44:19,014] [INFO] [30032] COMMIT received from 30028 for REQUEST 1741758258160
[2025-03-12 14:44:19,025] [INFO] [30032] PREPARE received from 30106 for REQUEST 1741758258160
[2025-03-12 14:44:19,026] [INFO] [30032] PREPARE received from 30002 for REQUEST 1741758258160
[2025-03-12 14:44:19,044] [INFO] [30032] COMMIT received from 30060 for REQUEST 1741758258160
[2025-03-12 14:44:19,048] [INFO] [30032] PREPARE received from 30060 for REQUEST 1741758258160
[2025-03-12 14:44:19,048] [INFO] [30032] COMMIT received from 30106 for REQUEST 1741758258160
[2025-03-12 14:44:19,085] [INFO] [30032] PREPARE received from 30066 for REQUEST 1741758258160
[2025-03-12 14:44:19,096] [INFO] [30032] COMMIT received from 30066 for REQUEST 1741758258160
[2025-03-12 14:44:19,096] [INFO] [30032] PREPARE received from 30052 for REQUEST 1741758258160
[2025-03-12 14:44:19,181] [INFO] [30032] COMMIT received from 30052 for REQUEST 1741758258160
[2025-03-12 14:44:19,181] [INFO] [30032] PREPARE received from 30051 for REQUEST 1741758258160
[2025-03-12 14:44:19,196] [INFO] [30032] COMMIT received from 30051 for REQUEST 1741758258160
[2025-03-12 14:44:19,292] [INFO] [30032] COMMIT received from 30002 for REQUEST 1741758258160
[2025-03-12 14:44:19,337] [INFO] [30032] PREPARE received from 30043 for REQUEST 1741758258160
[2025-03-12 14:44:19,337] [INFO] [30032] COMMIT received from 30043 for REQUEST 1741758258160
[2025-03-12 14:44:19,449] [INFO] [30032] PREPARE received from 30070 for REQUEST 1741758258160
[2025-03-12 14:44:19,449] [INFO] [30032] COMMIT received from 30070 for REQUEST 1741758258160
[2025-03-12 14:44:19,558] [INFO] [30032] PREPARE received from 30098 for REQUEST 1741758258160
[2025-03-12 14:44:19,558] [INFO] [30032] COMMIT received from 30098 for REQUEST 1741758258160
[2025-03-12 15:55:39,441] [INFO] Node started: localhost:30032 | index=33 | f=1, k=4
[2025-03-12 15:55:41,226] [INFO] [30032] PRE-PREPARE received: {'request_id': 1741762541162, 'data': 'llapbft_message_1741762541162', 'timestamp': 1741762541.2006335, 'leader': 30020, 'cluster_id': 1, 'cluster_ports': [30000, 30001, 30003, 30007, 30008, 30009, 30010, 30018, 30020, 30023, 30027, 30028, 30031, 30032, 30037, 30038], 'cluster_manager': {'host': 'localhost', 'port': 30038, 'latitude': 36.6270164, 'longitude': 127.4586442, 'altitude': 158, 'offset_m': 'lat: 46 m, lng: 12 m, alt: 158 m'}, 'simulated_delay': 0.00014666666666666666, 'distance': 111.05249439356375, 'message_size_bits': 3520}
[2025-03-12 15:55:41,226] [INFO] [30032] Broadcasting PREPARE: REQUEST 1741762541162
[2025-03-12 15:55:41,280] [INFO] [30032] PREPARE received from 30028 for REQUEST 1741762541162
[2025-03-12 15:55:41,280] [INFO] [30032] Broadcasting COMMIT: REQUEST 1741762541162
[2025-03-12 15:55:41,280] [INFO] [30032] PREPARE received from 30008 for REQUEST 1741762541162
[2025-03-12 15:55:41,285] [INFO] [30032] COMMIT received from 30008 for REQUEST 1741762541162
[2025-03-12 15:55:41,285] [INFO] [30032] COMMIT received from 30028 for REQUEST 1741762541162
[2025-03-12 15:55:41,285] [INFO] [30032] COMMIT complete. Sending PRE-REPLY: REQUEST 1741762541162 directly to Manager 30038
[2025-03-12 15:55:41,312] [INFO] [30032] PREPARE received from 30007 for REQUEST 1741762541162
[2025-03-12 15:55:41,314] [INFO] [30032] PREPARE received from 30023 for REQUEST 1741762541162
[2025-03-12 15:55:41,316] [INFO] [30032] COMMIT received from 30020 for REQUEST 1741762541162
[2025-03-12 15:55:41,316] [INFO] [30032] COMMIT received from 30023 for REQUEST 1741762541162
[2025-03-12 15:55:41,316] [INFO] [30032] COMMIT received from 30007 for REQUEST 1741762541162
[2025-03-12 15:55:41,319] [INFO] [30032] PREPARE received from 30010 for REQUEST 1741762541162
[2025-03-12 15:55:41,322] [INFO] [30032] PREPARE received from 30000 for REQUEST 1741762541162
[2025-03-12 15:55:41,324] [INFO] [30032] PREPARE received from 30037 for REQUEST 1741762541162
[2025-03-12 15:55:41,324] [INFO] [30032] COMMIT received from 30010 for REQUEST 1741762541162
[2025-03-12 15:55:41,326] [INFO] [30032] COMMIT received from 30000 for REQUEST 1741762541162
[2025-03-12 15:55:41,328] [INFO] [30032] COMMIT received from 30037 for REQUEST 1741762541162
[2025-03-12 15:55:41,330] [INFO] [30032] PREPARE received from 30009 for REQUEST 1741762541162
[2025-03-12 15:55:41,330] [INFO] [30032] PREPARE received from 30027 for REQUEST 1741762541162
[2025-03-12 15:55:41,332] [INFO] [30032] PREPARE received from 30031 for REQUEST 1741762541162
[2025-03-12 15:55:41,332] [INFO] [30032] PREPARE received from 30003 for REQUEST 1741762541162
[2025-03-12 15:55:41,332] [INFO] [30032] COMMIT received from 30009 for REQUEST 1741762541162
[2025-03-12 15:55:41,332] [INFO] [30032] COMMIT received from 30027 for REQUEST 1741762541162
[2025-03-12 15:55:41,332] [INFO] [30032] PREPARE received from 30001 for REQUEST 1741762541162
[2025-03-12 15:55:41,334] [INFO] [30032] COMMIT received from 30003 for REQUEST 1741762541162
[2025-03-12 15:55:41,335] [INFO] [30032] COMMIT received from 30001 for REQUEST 1741762541162
[2025-03-12 15:55:41,335] [INFO] [30032] COMMIT received from 30031 for REQUEST 1741762541162
[2025-03-12 15:55:41,335] [INFO] [30032] PREPARE received from 30018 for REQUEST 1741762541162
[2025-03-12 15:55:41,337] [INFO] [30032] COMMIT received from 30018 for REQUEST 1741762541162
[2025-03-12 15:55:48,194] [INFO] [30032] PRE-PREPARE received: {'request_id': 1741762548144, 'data': 'llapbft_message_1741762548144', 'timestamp': 1741762548.176454, 'leader': 30020, 'cluster_id': 1, 'cluster_ports': [30000, 30001, 30003, 30007, 30008, 30009, 30010, 30018, 30020, 30023, 30027, 30028, 30031, 30032, 30037, 30038], 'cluster_manager': {'host': 'localhost', 'port': 30038, 'latitude': 36.6270164, 'longitude': 127.4586442, 'altitude': 158, 'offset_m': 'lat: 46 m, lng: 12 m, alt: 158 m'}, 'simulated_delay': 0.00014633333333333333, 'distance': 111.05249439356375, 'message_size_bits': 3512}
[2025-03-12 15:55:48,194] [INFO] [30032] Broadcasting PREPARE: REQUEST 1741762548144
[2025-03-12 15:55:48,205] [INFO] [30032] PREPARE received from 30037 for REQUEST 1741762548144
[2025-03-12 15:55:48,205] [INFO] [30032] Broadcasting COMMIT: REQUEST 1741762548144
[2025-03-12 15:55:48,205] [INFO] [30032] PREPARE received from 30028 for REQUEST 1741762548144
[2025-03-12 15:55:48,205] [INFO] [30032] PREPARE received from 30000 for REQUEST 1741762548144
[2025-03-12 15:55:48,205] [INFO] [30032] PREPARE received from 30001 for REQUEST 1741762548144
[2025-03-12 15:55:48,205] [INFO] [30032] PREPARE received from 30023 for REQUEST 1741762548144
[2025-03-12 15:55:48,205] [INFO] [30032] PREPARE received from 30031 for REQUEST 1741762548144
[2025-03-12 15:55:48,205] [INFO] [30032] PREPARE received from 30010 for REQUEST 1741762548144
[2025-03-12 15:55:48,205] [INFO] [30032] PREPARE received from 30007 for REQUEST 1741762548144
[2025-03-12 15:55:48,205] [INFO] [30032] PREPARE received from 30018 for REQUEST 1741762548144
[2025-03-12 15:55:48,209] [INFO] [30032] PREPARE received from 30009 for REQUEST 1741762548144
[2025-03-12 15:55:48,211] [INFO] [30032] PREPARE received from 30027 for REQUEST 1741762548144
[2025-03-12 15:55:48,211] [INFO] [30032] PREPARE received from 30008 for REQUEST 1741762548144
[2025-03-12 15:55:48,211] [INFO] [30032] PREPARE received from 30003 for REQUEST 1741762548144
[2025-03-12 15:55:48,213] [INFO] [30032] COMMIT received from 30037 for REQUEST 1741762548144
[2025-03-12 15:55:48,219] [INFO] [30032] COMMIT received from 30010 for REQUEST 1741762548144
[2025-03-12 15:55:48,219] [INFO] [30032] COMMIT complete. Sending PRE-REPLY: REQUEST 1741762548144 directly to Manager 30038
[2025-03-12 15:55:48,219] [INFO] [30032] COMMIT received from 30028 for REQUEST 1741762548144
[2025-03-12 15:55:48,223] [INFO] [30032] COMMIT received from 30020 for REQUEST 1741762548144
[2025-03-12 15:55:48,223] [INFO] [30032] COMMIT received from 30000 for REQUEST 1741762548144
[2025-03-12 15:55:48,224] [INFO] [30032] COMMIT received from 30007 for REQUEST 1741762548144
[2025-03-12 15:55:48,224] [INFO] [30032] COMMIT received from 30023 for REQUEST 1741762548144
[2025-03-12 15:55:48,226] [INFO] [30032] COMMIT received from 30008 for REQUEST 1741762548144
[2025-03-12 15:55:48,226] [INFO] [30032] COMMIT received from 30009 for REQUEST 1741762548144
[2025-03-12 15:55:48,226] [INFO] [30032] COMMIT received from 30001 for REQUEST 1741762548144
[2025-03-12 15:55:48,226] [INFO] [30032] COMMIT received from 30027 for REQUEST 1741762548144
[2025-03-12 15:55:48,226] [INFO] [30032] COMMIT received from 30031 for REQUEST 1741762548144
[2025-03-12 15:55:48,228] [INFO] [30032] COMMIT received from 30003 for REQUEST 1741762548144
[2025-03-12 15:55:48,230] [INFO] [30032] COMMIT received from 30018 for REQUEST 1741762548144
[2025-03-12 15:55:49,798] [INFO] [30032] PRE-PREPARE received: {'request_id': 1741762549751, 'data': 'llapbft_message_1741762549751', 'timestamp': 1741762549.7831283, 'leader': 30020, 'cluster_id': 1, 'cluster_ports': [30000, 30001, 30003, 30007, 30008, 30009, 30010, 30018, 30020, 30023, 30027, 30028, 30031, 30032, 30037, 30038], 'cluster_manager': {'host': 'localhost', 'port': 30038, 'latitude': 36.6270164, 'longitude': 127.4586442, 'altitude': 158, 'offset_m': 'lat: 46 m, lng: 12 m, alt: 158 m'}, 'simulated_delay': 0.00014666666666666666, 'distance': 111.05249439356375, 'message_size_bits': 3520}
[2025-03-12 15:55:49,798] [INFO] [30032] Broadcasting PREPARE: REQUEST 1741762549751
[2025-03-12 15:55:49,825] [INFO] [30032] PREPARE received from 30000 for REQUEST 1741762549751
[2025-03-12 15:55:49,825] [INFO] [30032] Broadcasting COMMIT: REQUEST 1741762549751
[2025-03-12 15:55:49,827] [INFO] [30032] PREPARE received from 30007 for REQUEST 1741762549751
[2025-03-12 15:55:49,829] [INFO] [30032] PREPARE received from 30023 for REQUEST 1741762549751
[2025-03-12 15:55:49,829] [INFO] [30032] COMMIT received from 30031 for REQUEST 1741762549751
[2025-03-12 15:55:49,829] [INFO] [30032] PREPARE received from 30008 for REQUEST 1741762549751
[2025-03-12 15:55:49,829] [INFO] [30032] PREPARE received from 30009 for REQUEST 1741762549751
[2025-03-12 15:55:49,829] [INFO] [30032] PREPARE received from 30001 for REQUEST 1741762549751
[2025-03-12 15:55:49,829] [INFO] [30032] PREPARE received from 30018 for REQUEST 1741762549751
[2025-03-12 15:55:49,829] [INFO] [30032] PREPARE received from 30027 for REQUEST 1741762549751
[2025-03-12 15:55:49,830] [INFO] [30032] COMMIT received from 30000 for REQUEST 1741762549751
[2025-03-12 15:55:49,830] [INFO] [30032] COMMIT complete. Sending PRE-REPLY: REQUEST 1741762549751 directly to Manager 30038
[2025-03-12 15:55:49,830] [INFO] [30032] PREPARE received from 30031 for REQUEST 1741762549751
[2025-03-12 15:55:49,830] [INFO] [30032] PREPARE received from 30037 for REQUEST 1741762549751
[2025-03-12 15:55:49,831] [INFO] [30032] PREPARE received from 30010 for REQUEST 1741762549751
[2025-03-12 15:55:49,831] [INFO] [30032] PREPARE received from 30003 for REQUEST 1741762549751
[2025-03-12 15:55:49,831] [INFO] [30032] COMMIT received from 30037 for REQUEST 1741762549751
[2025-03-12 15:55:49,831] [INFO] [30032] COMMIT received from 30001 for REQUEST 1741762549751
[2025-03-12 15:55:49,831] [INFO] [30032] COMMIT received from 30007 for REQUEST 1741762549751
[2025-03-12 15:55:49,831] [INFO] [30032] COMMIT received from 30009 for REQUEST 1741762549751
[2025-03-12 15:55:49,831] [INFO] [30032] COMMIT received from 30003 for REQUEST 1741762549751
[2025-03-12 15:55:49,833] [INFO] [30032] PREPARE received from 30028 for REQUEST 1741762549751
[2025-03-12 15:55:49,835] [INFO] [30032] COMMIT received from 30023 for REQUEST 1741762549751
[2025-03-12 15:55:49,838] [INFO] [30032] COMMIT received from 30018 for REQUEST 1741762549751
[2025-03-12 15:55:49,838] [INFO] [30032] COMMIT received from 30027 for REQUEST 1741762549751
[2025-03-12 15:55:49,838] [INFO] [30032] COMMIT received from 30008 for REQUEST 1741762549751
[2025-03-12 15:55:49,838] [INFO] [30032] COMMIT received from 30028 for REQUEST 1741762549751
[2025-03-12 15:55:49,843] [INFO] [30032] COMMIT received from 30020 for REQUEST 1741762549751
[2025-03-12 15:55:49,843] [INFO] [30032] COMMIT received from 30010 for REQUEST 1741762549751
[2025-03-12 15:55:50,923] [INFO] [30032] PRE-PREPARE received: {'request_id': 1741762550875, 'data': 'llapbft_message_1741762550875', 'timestamp': 1741762550.9073527, 'leader': 30020, 'cluster_id': 1, 'cluster_ports': [30000, 30001, 30003, 30007, 30008, 30009, 30010, 30018, 30020, 30023, 30027, 30028, 30031, 30032, 30037, 30038], 'cluster_manager': {'host': 'localhost', 'port': 30038, 'latitude': 36.6270164, 'longitude': 127.4586442, 'altitude': 158, 'offset_m': 'lat: 46 m, lng: 12 m, alt: 158 m'}, 'simulated_delay': 0.00014666666666666666, 'distance': 111.05249439356375, 'message_size_bits': 3520}
[2025-03-12 15:55:50,923] [INFO] [30032] Broadcasting PREPARE: REQUEST 1741762550875
[2025-03-12 15:55:50,934] [INFO] [30032] PREPARE received from 30028 for REQUEST 1741762550875
[2025-03-12 15:55:50,934] [INFO] [30032] Broadcasting COMMIT: REQUEST 1741762550875
[2025-03-12 15:55:50,934] [INFO] [30032] PREPARE received from 30000 for REQUEST 1741762550875
[2025-03-12 15:55:50,934] [INFO] [30032] PREPARE received from 30037 for REQUEST 1741762550875
[2025-03-12 15:55:50,934] [INFO] [30032] PREPARE received from 30003 for REQUEST 1741762550875
[2025-03-12 15:55:50,938] [INFO] [30032] PREPARE received from 30010 for REQUEST 1741762550875
[2025-03-12 15:55:50,938] [INFO] [30032] PREPARE received from 30007 for REQUEST 1741762550875
[2025-03-12 15:55:50,938] [INFO] [30032] PREPARE received from 30031 for REQUEST 1741762550875
[2025-03-12 15:55:50,938] [INFO] [30032] PREPARE received from 30009 for REQUEST 1741762550875
[2025-03-12 15:55:50,938] [INFO] [30032] PREPARE received from 30027 for REQUEST 1741762550875
[2025-03-12 15:55:50,938] [INFO] [30032] PREPARE received from 30008 for REQUEST 1741762550875
[2025-03-12 15:55:50,938] [INFO] [30032] PREPARE received from 30023 for REQUEST 1741762550875
[2025-03-12 15:55:50,942] [INFO] [30032] PREPARE received from 30018 for REQUEST 1741762550875
[2025-03-12 15:55:50,942] [INFO] [30032] PREPARE received from 30001 for REQUEST 1741762550875
[2025-03-12 15:55:50,950] [INFO] [30032] COMMIT received from 30020 for REQUEST 1741762550875
[2025-03-12 15:55:50,952] [INFO] [30032] COMMIT received from 30000 for REQUEST 1741762550875
[2025-03-12 15:55:50,952] [INFO] [30032] COMMIT complete. Sending PRE-REPLY: REQUEST 1741762550875 directly to Manager 30038
[2025-03-12 15:55:50,954] [INFO] [30032] COMMIT received from 30007 for REQUEST 1741762550875
[2025-03-12 15:55:50,954] [INFO] [30032] COMMIT received from 30009 for REQUEST 1741762550875
[2025-03-12 15:55:50,954] [INFO] [30032] COMMIT received from 30028 for REQUEST 1741762550875
[2025-03-12 15:55:50,954] [INFO] [30032] COMMIT received from 30008 for REQUEST 1741762550875
[2025-03-12 15:55:50,954] [INFO] [30032] COMMIT received from 30003 for REQUEST 1741762550875
[2025-03-12 15:55:50,954] [INFO] [30032] COMMIT received from 30027 for REQUEST 1741762550875
[2025-03-12 15:55:50,956] [INFO] [30032] COMMIT received from 30018 for REQUEST 1741762550875
[2025-03-12 15:55:50,956] [INFO] [30032] COMMIT received from 30031 for REQUEST 1741762550875
[2025-03-12 15:55:50,956] [INFO] [30032] COMMIT received from 30037 for REQUEST 1741762550875
[2025-03-12 15:55:50,956] [INFO] [30032] COMMIT received from 30010 for REQUEST 1741762550875
[2025-03-12 15:55:50,956] [INFO] [30032] COMMIT received from 30001 for REQUEST 1741762550875
[2025-03-12 15:55:50,956] [INFO] [30032] COMMIT received from 30023 for REQUEST 1741762550875
[2025-03-12 15:55:51,933] [INFO] [30032] PRE-PREPARE received: {'request_id': 1741762551886, 'data': 'llapbft_message_1741762551886', 'timestamp': 1741762551.9177837, 'leader': 30020, 'cluster_id': 1, 'cluster_ports': [30000, 30001, 30003, 30007, 30008, 30009, 30010, 30018, 30020, 30023, 30027, 30028, 30031, 30032, 30037, 30038], 'cluster_manager': {'host': 'localhost', 'port': 30038, 'latitude': 36.6270164, 'longitude': 127.4586442, 'altitude': 158, 'offset_m': 'lat: 46 m, lng: 12 m, alt: 158 m'}, 'simulated_delay': 0.00014666666666666666, 'distance': 111.05249439356375, 'message_size_bits': 3520}
[2025-03-12 15:55:51,933] [INFO] [30032] Broadcasting PREPARE: REQUEST 1741762551886
[2025-03-12 15:55:51,944] [INFO] [30032] PREPARE received from 30028 for REQUEST 1741762551886
[2025-03-12 15:55:51,944] [INFO] [30032] Broadcasting COMMIT: REQUEST 1741762551886
[2025-03-12 15:55:51,949] [INFO] [30032] PREPARE received from 30000 for REQUEST 1741762551886
[2025-03-12 15:55:51,949] [INFO] [30032] PREPARE received from 30023 for REQUEST 1741762551886
[2025-03-12 15:55:51,949] [INFO] [30032] PREPARE received from 30001 for REQUEST 1741762551886
[2025-03-12 15:55:51,949] [INFO] [30032] PREPARE received from 30007 for REQUEST 1741762551886
[2025-03-12 15:55:51,953] [INFO] [30032] PREPARE received from 30037 for REQUEST 1741762551886
[2025-03-12 15:55:51,953] [INFO] [30032] PREPARE received from 30018 for REQUEST 1741762551886
[2025-03-12 15:55:51,955] [INFO] [30032] PREPARE received from 30010 for REQUEST 1741762551886
[2025-03-12 15:55:51,955] [INFO] [30032] PREPARE received from 30031 for REQUEST 1741762551886
[2025-03-12 15:55:51,962] [INFO] [30032] PREPARE received from 30009 for REQUEST 1741762551886
[2025-03-12 15:55:51,962] [INFO] [30032] PREPARE received from 30027 for REQUEST 1741762551886
[2025-03-12 15:55:51,962] [INFO] [30032] PREPARE received from 30008 for REQUEST 1741762551886
[2025-03-12 15:55:51,964] [INFO] [30032] PREPARE received from 30003 for REQUEST 1741762551886
[2025-03-12 15:55:51,968] [INFO] [30032] COMMIT received from 30020 for REQUEST 1741762551886
[2025-03-12 15:55:51,968] [INFO] [30032] COMMIT received from 30028 for REQUEST 1741762551886
[2025-03-12 15:55:51,968] [INFO] [30032] COMMIT complete. Sending PRE-REPLY: REQUEST 1741762551886 directly to Manager 30038
[2025-03-12 15:55:51,968] [INFO] [30032] COMMIT received from 30000 for REQUEST 1741762551886
[2025-03-12 15:55:51,972] [INFO] [30032] COMMIT received from 30001 for REQUEST 1741762551886
[2025-03-12 15:55:51,972] [INFO] [30032] COMMIT received from 30037 for REQUEST 1741762551886
[2025-03-12 15:55:51,972] [INFO] [30032] COMMIT received from 30031 for REQUEST 1741762551886
[2025-03-12 15:55:51,972] [INFO] [30032] COMMIT received from 30008 for REQUEST 1741762551886
[2025-03-12 15:55:51,972] [INFO] [30032] COMMIT received from 30018 for REQUEST 1741762551886
[2025-03-12 15:55:51,972] [INFO] [30032] COMMIT received from 30010 for REQUEST 1741762551886
[2025-03-12 15:55:51,972] [INFO] [30032] COMMIT received from 30009 for REQUEST 1741762551886
[2025-03-12 15:55:51,972] [INFO] [30032] COMMIT received from 30027 for REQUEST 1741762551886
[2025-03-12 15:55:51,974] [INFO] [30032] COMMIT received from 30003 for REQUEST 1741762551886
[2025-03-12 15:55:51,974] [INFO] [30032] COMMIT received from 30023 for REQUEST 1741762551886
[2025-03-12 15:55:51,976] [INFO] [30032] COMMIT received from 30007 for REQUEST 1741762551886
[2025-03-12 15:55:52,915] [INFO] [30032] PRE-PREPARE received: {'request_id': 1741762552864, 'data': 'llapbft_message_1741762552864', 'timestamp': 1741762552.8964736, 'leader': 30020, 'cluster_id': 1, 'cluster_ports': [30000, 30001, 30003, 30007, 30008, 30009, 30010, 30018, 30020, 30023, 30027, 30028, 30031, 30032, 30037, 30038], 'cluster_manager': {'host': 'localhost', 'port': 30038, 'latitude': 36.6270164, 'longitude': 127.4586442, 'altitude': 158, 'offset_m': 'lat: 46 m, lng: 12 m, alt: 158 m'}, 'simulated_delay': 0.00014666666666666666, 'distance': 111.05249439356375, 'message_size_bits': 3520}
[2025-03-12 15:55:52,915] [INFO] [30032] Broadcasting PREPARE: REQUEST 1741762552864
[2025-03-12 15:55:52,926] [INFO] [30032] PREPARE received from 30037 for REQUEST 1741762552864
[2025-03-12 15:55:52,926] [INFO] [30032] Broadcasting COMMIT: REQUEST 1741762552864
[2025-03-12 15:55:52,926] [INFO] [30032] PREPARE received from 30028 for REQUEST 1741762552864
[2025-03-12 15:55:52,928] [INFO] [30032] PREPARE received from 30000 for REQUEST 1741762552864
[2025-03-12 15:55:52,930] [INFO] [30032] PREPARE received from 30001 for REQUEST 1741762552864
[2025-03-12 15:55:52,930] [INFO] [30032] PREPARE received from 30031 for REQUEST 1741762552864
[2025-03-12 15:55:52,930] [INFO] [30032] PREPARE received from 30008 for REQUEST 1741762552864
[2025-03-12 15:55:52,930] [INFO] [30032] PREPARE received from 30018 for REQUEST 1741762552864
[2025-03-12 15:55:52,932] [INFO] [30032] PREPARE received from 30010 for REQUEST 1741762552864
[2025-03-12 15:55:52,932] [INFO] [30032] PREPARE received from 30009 for REQUEST 1741762552864
[2025-03-12 15:55:52,932] [INFO] [30032] PREPARE received from 30007 for REQUEST 1741762552864
[2025-03-12 15:55:52,932] [INFO] [30032] PREPARE received from 30027 for REQUEST 1741762552864
[2025-03-12 15:55:52,932] [INFO] [30032] PREPARE received from 30003 for REQUEST 1741762552864
[2025-03-12 15:55:52,932] [INFO] [30032] PREPARE received from 30023 for REQUEST 1741762552864
[2025-03-12 15:55:52,944] [INFO] [30032] COMMIT received from 30000 for REQUEST 1741762552864
[2025-03-12 15:55:52,944] [INFO] [30032] COMMIT received from 30001 for REQUEST 1741762552864
[2025-03-12 15:55:52,944] [INFO] [30032] COMMIT complete. Sending PRE-REPLY: REQUEST 1741762552864 directly to Manager 30038
[2025-03-12 15:55:52,944] [INFO] [30032] COMMIT received from 30020 for REQUEST 1741762552864
[2025-03-12 15:55:52,946] [INFO] [30032] COMMIT received from 30007 for REQUEST 1741762552864
[2025-03-12 15:55:52,946] [INFO] [30032] COMMIT received from 30031 for REQUEST 1741762552864
[2025-03-12 15:55:52,946] [INFO] [30032] COMMIT received from 30018 for REQUEST 1741762552864
[2025-03-12 15:55:52,946] [INFO] [30032] COMMIT received from 30027 for REQUEST 1741762552864
[2025-03-12 15:55:52,946] [INFO] [30032] COMMIT received from 30037 for REQUEST 1741762552864
[2025-03-12 15:55:52,946] [INFO] [30032] COMMIT received from 30010 for REQUEST 1741762552864
[2025-03-12 15:55:52,946] [INFO] [30032] COMMIT received from 30009 for REQUEST 1741762552864
[2025-03-12 15:55:52,946] [INFO] [30032] COMMIT received from 30008 for REQUEST 1741762552864
[2025-03-12 15:55:52,946] [INFO] [30032] COMMIT received from 30003 for REQUEST 1741762552864
[2025-03-12 15:55:52,948] [INFO] [30032] COMMIT received from 30028 for REQUEST 1741762552864
[2025-03-12 15:55:52,948] [INFO] [30032] COMMIT received from 30023 for REQUEST 1741762552864
[2025-03-12 15:55:53,891] [INFO] [30032] PRE-PREPARE received: {'request_id': 1741762553846, 'data': 'llapbft_message_1741762553846', 'timestamp': 1741762553.8758993, 'leader': 30020, 'cluster_id': 1, 'cluster_ports': [30000, 30001, 30003, 30007, 30008, 30009, 30010, 30018, 30020, 30023, 30027, 30028, 30031, 30032, 30037, 30038], 'cluster_manager': {'host': 'localhost', 'port': 30038, 'latitude': 36.6270164, 'longitude': 127.4586442, 'altitude': 158, 'offset_m': 'lat: 46 m, lng: 12 m, alt: 158 m'}, 'simulated_delay': 0.00014666666666666666, 'distance': 111.05249439356375, 'message_size_bits': 3520}
[2025-03-12 15:55:53,891] [INFO] [30032] Broadcasting PREPARE: REQUEST 1741762553846
[2025-03-12 15:55:53,902] [INFO] [30032] PREPARE received from 30037 for REQUEST 1741762553846
[2025-03-12 15:55:53,902] [INFO] [30032] Broadcasting COMMIT: REQUEST 1741762553846
[2025-03-12 15:55:53,902] [INFO] [30032] PREPARE received from 30018 for REQUEST 1741762553846
[2025-03-12 15:55:53,902] [INFO] [30032] PREPARE received from 30028 for REQUEST 1741762553846
[2025-03-12 15:55:53,902] [INFO] [30032] PREPARE received from 30010 for REQUEST 1741762553846
[2025-03-12 15:55:53,902] [INFO] [30032] PREPARE received from 30008 for REQUEST 1741762553846
[2025-03-12 15:55:53,907] [INFO] [30032] PREPARE received from 30009 for REQUEST 1741762553846
[2025-03-12 15:55:53,907] [INFO] [30032] PREPARE received from 30031 for REQUEST 1741762553846
[2025-03-12 15:55:53,907] [INFO] [30032] PREPARE received from 30003 for REQUEST 1741762553846
[2025-03-12 15:55:53,907] [INFO] [30032] PREPARE received from 30000 for REQUEST 1741762553846
[2025-03-12 15:55:53,907] [INFO] [30032] PREPARE received from 30007 for REQUEST 1741762553846
[2025-03-12 15:55:53,909] [INFO] [30032] PREPARE received from 30023 for REQUEST 1741762553846
[2025-03-12 15:55:53,913] [INFO] [30032] PREPARE received from 30001 for REQUEST 1741762553846
[2025-03-12 15:55:53,915] [INFO] [30032] PREPARE received from 30027 for REQUEST 1741762553846
[2025-03-12 15:55:53,920] [INFO] [30032] COMMIT received from 30037 for REQUEST 1741762553846
[2025-03-12 15:55:53,923] [INFO] [30032] COMMIT received from 30000 for REQUEST 1741762553846
[2025-03-12 15:55:53,923] [INFO] [30032] COMMIT complete. Sending PRE-REPLY: REQUEST 1741762553846 directly to Manager 30038
[2025-03-12 15:55:53,925] [INFO] [30032] COMMIT received from 30020 for REQUEST 1741762553846
[2025-03-12 15:55:53,925] [INFO] [30032] COMMIT received from 30010 for REQUEST 1741762553846
[2025-03-12 15:55:53,925] [INFO] [30032] COMMIT received from 30018 for REQUEST 1741762553846
[2025-03-12 15:55:53,925] [INFO] [30032] COMMIT received from 30028 for REQUEST 1741762553846
[2025-03-12 15:55:53,925] [INFO] [30032] COMMIT received from 30008 for REQUEST 1741762553846
[2025-03-12 15:55:53,927] [INFO] [30032] COMMIT received from 30009 for REQUEST 1741762553846
[2025-03-12 15:55:53,927] [INFO] [30032] COMMIT received from 30031 for REQUEST 1741762553846
[2025-03-12 15:55:53,927] [INFO] [30032] COMMIT received from 30027 for REQUEST 1741762553846
[2025-03-12 15:55:53,927] [INFO] [30032] COMMIT received from 30023 for REQUEST 1741762553846
[2025-03-12 15:55:53,927] [INFO] [30032] COMMIT received from 30003 for REQUEST 1741762553846
[2025-03-12 15:55:53,927] [INFO] [30032] COMMIT received from 30001 for REQUEST 1741762553846
[2025-03-12 15:55:53,927] [INFO] [30032] COMMIT received from 30007 for REQUEST 1741762553846
[2025-03-12 15:55:54,857] [INFO] [30032] PRE-PREPARE received: {'request_id': 1741762554816, 'data': 'llapbft_message_1741762554816', 'timestamp': 1741762554.841855, 'leader': 30020, 'cluster_id': 1, 'cluster_ports': [30000, 30001, 30003, 30007, 30008, 30009, 30010, 30018, 30020, 30023, 30027, 30028, 30031, 30032, 30037, 30038], 'cluster_manager': {'host': 'localhost', 'port': 30038, 'latitude': 36.6270164, 'longitude': 127.4586442, 'altitude': 158, 'offset_m': 'lat: 46 m, lng: 12 m, alt: 158 m'}, 'simulated_delay': 0.00014633333333333333, 'distance': 111.05249439356375, 'message_size_bits': 3512}
[2025-03-12 15:55:54,857] [INFO] [30032] Broadcasting PREPARE: REQUEST 1741762554816
[2025-03-12 15:55:54,870] [INFO] [30032] PREPARE received from 30037 for REQUEST 1741762554816
[2025-03-12 15:55:54,870] [INFO] [30032] Broadcasting COMMIT: REQUEST 1741762554816
[2025-03-12 15:55:54,870] [INFO] [30032] PREPARE received from 30000 for REQUEST 1741762554816
[2025-03-12 15:55:54,873] [INFO] [30032] PREPARE received from 30007 for REQUEST 1741762554816
[2025-03-12 15:55:54,873] [INFO] [30032] PREPARE received from 30001 for REQUEST 1741762554816
[2025-03-12 15:55:54,873] [INFO] [30032] PREPARE received from 30009 for REQUEST 1741762554816
[2025-03-12 15:55:54,873] [INFO] [30032] PREPARE received from 30008 for REQUEST 1741762554816
[2025-03-12 15:55:54,873] [INFO] [30032] PREPARE received from 30028 for REQUEST 1741762554816
[2025-03-12 15:55:54,873] [INFO] [30032] PREPARE received from 30018 for REQUEST 1741762554816
[2025-03-12 15:55:54,875] [INFO] [30032] PREPARE received from 30023 for REQUEST 1741762554816
[2025-03-12 15:55:54,875] [INFO] [30032] PREPARE received from 30003 for REQUEST 1741762554816
[2025-03-12 15:55:54,875] [INFO] [30032] PREPARE received from 30010 for REQUEST 1741762554816
[2025-03-12 15:55:54,879] [INFO] [30032] PREPARE received from 30031 for REQUEST 1741762554816
[2025-03-12 15:55:54,881] [INFO] [30032] PREPARE received from 30027 for REQUEST 1741762554816
[2025-03-12 15:55:54,883] [INFO] [30032] COMMIT received from 30000 for REQUEST 1741762554816
[2025-03-12 15:55:54,883] [INFO] [30032] COMMIT received from 30001 for REQUEST 1741762554816
[2025-03-12 15:55:54,883] [INFO] [30032] COMMIT complete. Sending PRE-REPLY: REQUEST 1741762554816 directly to Manager 30038
[2025-03-12 15:55:54,885] [INFO] [30032] COMMIT received from 30028 for REQUEST 1741762554816
[2025-03-12 15:55:54,885] [INFO] [30032] COMMIT received from 30003 for REQUEST 1741762554816
[2025-03-12 15:55:54,887] [INFO] [30032] COMMIT received from 30020 for REQUEST 1741762554816
[2025-03-12 15:55:54,887] [INFO] [30032] COMMIT received from 30010 for REQUEST 1741762554816
[2025-03-12 15:55:54,887] [INFO] [30032] COMMIT received from 30018 for REQUEST 1741762554816
[2025-03-12 15:55:54,887] [INFO] [30032] COMMIT received from 30027 for REQUEST 1741762554816
[2025-03-12 15:55:54,889] [INFO] [30032] COMMIT received from 30031 for REQUEST 1741762554816
[2025-03-12 15:55:54,889] [INFO] [30032] COMMIT received from 30008 for REQUEST 1741762554816
[2025-03-12 15:55:54,889] [INFO] [30032] COMMIT received from 30023 for REQUEST 1741762554816
[2025-03-12 15:55:54,889] [INFO] [30032] COMMIT received from 30037 for REQUEST 1741762554816
[2025-03-12 15:55:54,889] [INFO] [30032] COMMIT received from 30007 for REQUEST 1741762554816
[2025-03-12 15:55:54,894] [INFO] [30032] COMMIT received from 30009 for REQUEST 1741762554816
[2025-03-12 15:55:55,717] [INFO] [30032] PRE-PREPARE received: {'request_id': 1741762555667, 'data': 'llapbft_message_1741762555667', 'timestamp': 1741762555.6963875, 'leader': 30020, 'cluster_id': 1, 'cluster_ports': [30000, 30001, 30003, 30007, 30008, 30009, 30010, 30018, 30020, 30023, 30027, 30028, 30031, 30032, 30037, 30038], 'cluster_manager': {'host': 'localhost', 'port': 30038, 'latitude': 36.6270164, 'longitude': 127.4586442, 'altitude': 158, 'offset_m': 'lat: 46 m, lng: 12 m, alt: 158 m'}, 'simulated_delay': 0.00014666666666666666, 'distance': 111.05249439356375, 'message_size_bits': 3520}
[2025-03-12 15:55:55,717] [INFO] [30032] Broadcasting PREPARE: REQUEST 1741762555667
[2025-03-12 15:55:55,729] [INFO] [30032] PREPARE received from 30009 for REQUEST 1741762555667
[2025-03-12 15:55:55,729] [INFO] [30032] Broadcasting COMMIT: REQUEST 1741762555667
[2025-03-12 15:55:55,729] [INFO] [30032] PREPARE received from 30007 for REQUEST 1741762555667
[2025-03-12 15:55:55,731] [INFO] [30032] PREPARE received from 30037 for REQUEST 1741762555667
[2025-03-12 15:55:55,733] [INFO] [30032] PREPARE received from 30023 for REQUEST 1741762555667
[2025-03-12 15:55:55,733] [INFO] [30032] PREPARE received from 30008 for REQUEST 1741762555667
[2025-03-12 15:55:55,733] [INFO] [30032] PREPARE received from 30001 for REQUEST 1741762555667
[2025-03-12 15:55:55,733] [INFO] [30032] PREPARE received from 30018 for REQUEST 1741762555667
[2025-03-12 15:55:55,733] [INFO] [30032] PREPARE received from 30031 for REQUEST 1741762555667
[2025-03-12 15:55:55,733] [INFO] [30032] PREPARE received from 30027 for REQUEST 1741762555667
[2025-03-12 15:55:55,733] [INFO] [30032] PREPARE received from 30000 for REQUEST 1741762555667
[2025-03-12 15:55:55,735] [INFO] [30032] PREPARE received from 30010 for REQUEST 1741762555667
[2025-03-12 15:55:55,735] [INFO] [30032] PREPARE received from 30028 for REQUEST 1741762555667
[2025-03-12 15:55:55,735] [INFO] [30032] PREPARE received from 30003 for REQUEST 1741762555667
[2025-03-12 15:55:55,750] [INFO] [30032] COMMIT received from 30009 for REQUEST 1741762555667
[2025-03-12 15:55:55,750] [INFO] [30032] COMMIT received from 30020 for REQUEST 1741762555667
[2025-03-12 15:55:55,750] [INFO] [30032] COMMIT complete. Sending PRE-REPLY: REQUEST 1741762555667 directly to Manager 30038
[2025-03-12 15:55:55,752] [INFO] [30032] COMMIT received from 30023 for REQUEST 1741762555667
[2025-03-12 15:55:55,752] [INFO] [30032] COMMIT received from 30031 for REQUEST 1741762555667
[2025-03-12 15:55:55,752] [INFO] [30032] COMMIT received from 30003 for REQUEST 1741762555667
[2025-03-12 15:55:55,752] [INFO] [30032] COMMIT received from 30010 for REQUEST 1741762555667
[2025-03-12 15:55:55,753] [INFO] [30032] COMMIT received from 30027 for REQUEST 1741762555667
[2025-03-12 15:55:55,753] [INFO] [30032] COMMIT received from 30028 for REQUEST 1741762555667
[2025-03-12 15:55:55,753] [INFO] [30032] COMMIT received from 30000 for REQUEST 1741762555667
[2025-03-12 15:55:55,753] [INFO] [30032] COMMIT received from 30008 for REQUEST 1741762555667
[2025-03-12 15:55:55,753] [INFO] [30032] COMMIT received from 30007 for REQUEST 1741762555667
[2025-03-12 15:55:55,753] [INFO] [30032] COMMIT received from 30001 for REQUEST 1741762555667
[2025-03-12 15:55:55,753] [INFO] [30032] COMMIT received from 30037 for REQUEST 1741762555667
[2025-03-12 15:55:55,755] [INFO] [30032] COMMIT received from 30018 for REQUEST 1741762555667
