[2025-03-12 12:35:54,014] [INFO] Node started: localhost:30147 | index=148 | f=1, k=4
[2025-03-12 12:36:06,230] [INFO] [30147] PRE-PREPARE received: {'request_id': 1741750566115, 'data': 'llapbft_message_1741750566115', 'timestamp': 1741750566.1577926, 'leader': 30194, 'cluster_id': 3, 'cluster_ports': [30002, 30005, 30008, 30010, 30012, 30016, 30019, 30023, 30029, 30032, 30033, 30034, 30037, 30040, 30041, 30043, 30054, 30056, 30061, 30064, 30066, 30072, 30075, 30076, 30080, 30082, 30084, 30085, 30092, 30098, 30102, 30111, 30113, 30116, 30119, 30120, 30127, 30137, 30144, 30147, 30151, 30154, 30162, 30165, 30176, 30187, 30188, 30194], 'cluster_manager': {'host': 'localhost', 'port': 30029, 'latitude': 36.6266259, 'longitude': 127.4590111, 'altitude': 13, 'offset_m': 'lat: 2 m, lng: 45 m, alt: 13 m'}, 'fault': True, 'simulated_delay': 0.00030044444444444443, 'distance': 199.41121909649806, 'message_size_bits': 5408}
[2025-03-12 12:36:06,251] [INFO] [30147] Broadcasting PREPARE: REQUEST 1741750566115
[2025-03-12 12:36:06,480] [INFO] [30147] PREPARE received from 30162 for REQUEST 1741750566115
[2025-03-12 12:36:06,480] [INFO] [30147] Broadcasting COMMIT: REQUEST 1741750566115
[2025-03-12 12:36:06,682] [INFO] [30147] PREPARE received from 30043 for REQUEST 1741750566115
[2025-03-12 12:36:07,395] [INFO] [30147] PREPARE received from 30037 for REQUEST 1741750566115
[2025-03-12 12:36:07,450] [INFO] [30147] PREPARE received from 30092 for REQUEST 1741750566115
[2025-03-12 12:36:07,501] [INFO] [30147] COMMIT received from 30092 for REQUEST 1741750566115
[2025-03-12 12:36:07,734] [INFO] [30147] COMMIT received from 30037 for REQUEST 1741750566115
[2025-03-12 12:36:07,734] [INFO] [30147] COMMIT complete. Sending PRE-REPLY: REQUEST 1741750566115 directly to Manager 30029
[2025-03-12 12:36:07,784] [INFO] [30147] PREPARE received from 30019 for REQUEST 1741750566115
[2025-03-12 12:36:08,075] [INFO] [30147] COMMIT received from 30019 for REQUEST 1741750566115
[2025-03-12 12:36:08,075] [INFO] [30147] PREPARE received from 30154 for REQUEST 1741750566115
[2025-03-12 12:36:08,075] [INFO] [30147] COMMIT received from 30154 for REQUEST 1741750566115
[2025-03-12 12:36:08,146] [INFO] [30147] PREPARE received from 30113 for REQUEST 1741750566115
[2025-03-12 12:36:08,259] [INFO] [30147] PREPARE received from 30144 for REQUEST 1741750566115
[2025-03-12 12:36:08,444] [INFO] [30147] COMMIT received from 30144 for REQUEST 1741750566115
[2025-03-12 12:36:08,578] [INFO] [30147] COMMIT received from 30043 for REQUEST 1741750566115
[2025-03-12 12:36:08,578] [INFO] [30147] PREPARE received from 30116 for REQUEST 1741750566115
[2025-03-12 12:36:08,585] [INFO] [30147] PREPARE received from 30080 for REQUEST 1741750566115
[2025-03-12 12:36:08,585] [INFO] [30147] COMMIT received from 30080 for REQUEST 1741750566115
[2025-03-12 12:36:08,631] [INFO] [30147] COMMIT received from 30113 for REQUEST 1741750566115
[2025-03-12 12:36:08,631] [INFO] [30147] COMMIT received from 30116 for REQUEST 1741750566115
[2025-03-12 12:36:08,631] [INFO] [30147] COMMIT received from 30162 for REQUEST 1741750566115
[2025-03-12 12:36:08,749] [INFO] [30147] PREPARE received from 30188 for REQUEST 1741750566115
[2025-03-12 12:36:08,825] [INFO] [30147] PREPARE received from 30056 for REQUEST 1741750566115
[2025-03-12 12:36:08,856] [INFO] [30147] PREPARE received from 30032 for REQUEST 1741750566115
[2025-03-12 12:36:08,879] [INFO] [30147] PREPARE received from 30005 for REQUEST 1741750566115
[2025-03-12 12:36:08,879] [INFO] [30147] COMMIT received from 30188 for REQUEST 1741750566115
[2025-03-12 12:36:08,891] [INFO] [30147] COMMIT received from 30056 for REQUEST 1741750566115
[2025-03-12 12:36:08,905] [INFO] [30147] COMMIT received from 30032 for REQUEST 1741750566115
[2025-03-12 12:36:08,905] [INFO] [30147] PREPARE received from 30098 for REQUEST 1741750566115
[2025-03-12 12:36:08,986] [INFO] [30147] PREPARE received from 30102 for REQUEST 1741750566115
[2025-03-12 12:36:08,993] [INFO] [30147] PREPARE received from 30165 for REQUEST 1741750566115
[2025-03-12 12:36:09,015] [INFO] [30147] COMMIT received from 30005 for REQUEST 1741750566115
[2025-03-12 12:36:09,015] [INFO] [30147] COMMIT received from 30102 for REQUEST 1741750566115
[2025-03-12 12:36:09,029] [INFO] [30147] COMMIT received from 30165 for REQUEST 1741750566115
[2025-03-12 12:36:09,038] [INFO] [30147] COMMIT received from 30098 for REQUEST 1741750566115
[2025-03-12 12:36:09,124] [INFO] [30147] COMMIT received from 30194 for REQUEST 1741750566115
[2025-03-12 12:36:09,220] [INFO] [30147] PREPARE received from 30064 for REQUEST 1741750566115
[2025-03-12 12:36:09,228] [INFO] [30147] COMMIT received from 30064 for REQUEST 1741750566115
[2025-03-12 12:36:09,373] [INFO] [30147] PREPARE received from 30075 for REQUEST 1741750566115
[2025-03-12 12:36:09,590] [INFO] [30147] PREPARE received from 30033 for REQUEST 1741750566115
[2025-03-12 12:36:09,597] [INFO] [30147] COMMIT received from 30033 for REQUEST 1741750566115
[2025-03-12 12:36:09,597] [INFO] [30147] PREPARE received from 30176 for REQUEST 1741750566115
[2025-03-12 12:36:09,728] [INFO] [30147] PREPARE received from 30034 for REQUEST 1741750566115
[2025-03-12 12:36:09,728] [INFO] [30147] PREPARE received from 30111 for REQUEST 1741750566115
[2025-03-12 12:36:09,728] [INFO] [30147] COMMIT received from 30111 for REQUEST 1741750566115
[2025-03-12 12:36:09,728] [INFO] [30147] COMMIT received from 30034 for REQUEST 1741750566115
[2025-03-12 12:36:09,728] [INFO] [30147] COMMIT received from 30075 for REQUEST 1741750566115
[2025-03-12 12:36:09,728] [INFO] [30147] PREPARE received from 30002 for REQUEST 1741750566115
[2025-03-12 12:36:09,742] [INFO] [30147] PREPARE received from 30076 for REQUEST 1741750566115
[2025-03-12 12:36:09,742] [INFO] [30147] COMMIT received from 30076 for REQUEST 1741750566115
[2025-03-12 12:36:09,742] [INFO] [30147] COMMIT received from 30002 for REQUEST 1741750566115
[2025-03-12 12:36:09,779] [INFO] [30147] PREPARE received from 30016 for REQUEST 1741750566115
[2025-03-12 12:36:09,780] [INFO] [30147] COMMIT received from 30016 for REQUEST 1741750566115
[2025-03-12 12:36:09,916] [INFO] [30147] COMMIT received from 30176 for REQUEST 1741750566115
[2025-03-12 12:36:10,043] [INFO] [30147] PREPARE received from 30187 for REQUEST 1741750566115
[2025-03-12 12:36:10,043] [INFO] [30147] COMMIT received from 30187 for REQUEST 1741750566115
[2025-03-12 12:36:10,057] [INFO] [30147] COMMIT received from 30041 for REQUEST 1741750566115
[2025-03-12 12:36:10,057] [INFO] [30147] PREPARE received from 30041 for REQUEST 1741750566115
[2025-03-12 12:36:10,156] [INFO] [30147] PREPARE received from 30066 for REQUEST 1741750566115
[2025-03-12 12:36:10,156] [INFO] [30147] PREPARE received from 30119 for REQUEST 1741750566115
[2025-03-12 12:36:10,156] [INFO] [30147] COMMIT received from 30119 for REQUEST 1741750566115
[2025-03-12 12:36:10,166] [INFO] [30147] COMMIT received from 30066 for REQUEST 1741750566115
[2025-03-12 12:36:10,259] [INFO] [30147] PREPARE received from 30008 for REQUEST 1741750566115
[2025-03-12 12:36:10,266] [INFO] [30147] PREPARE received from 30151 for REQUEST 1741750566115
[2025-03-12 12:36:10,277] [INFO] [30147] COMMIT received from 30151 for REQUEST 1741750566115
[2025-03-12 12:36:10,283] [INFO] [30147] COMMIT received from 30008 for REQUEST 1741750566115
[2025-03-12 12:36:10,334] [INFO] [30147] PREPARE received from 30120 for REQUEST 1741750566115
[2025-03-12 12:36:10,340] [INFO] [30147] COMMIT received from 30120 for REQUEST 1741750566115
[2025-03-12 12:36:10,468] [INFO] [30147] PREPARE received from 30040 for REQUEST 1741750566115
[2025-03-12 12:36:10,468] [INFO] [30147] COMMIT received from 30040 for REQUEST 1741750566115
[2025-03-12 12:36:10,646] [INFO] [30147] PREPARE received from 30054 for REQUEST 1741750566115
[2025-03-12 12:36:10,649] [INFO] [30147] COMMIT received from 30054 for REQUEST 1741750566115
[2025-03-12 12:36:10,876] [INFO] [30147] PREPARE received from 30023 for REQUEST 1741750566115
[2025-03-12 12:36:10,876] [INFO] [30147] COMMIT received from 30023 for REQUEST 1741750566115
[2025-03-12 12:36:10,876] [INFO] [30147] PREPARE received from 30082 for REQUEST 1741750566115
[2025-03-12 12:36:10,876] [INFO] [30147] PREPARE received from 30085 for REQUEST 1741750566115
[2025-03-12 12:36:10,876] [INFO] [30147] COMMIT received from 30085 for REQUEST 1741750566115
[2025-03-12 12:36:10,876] [INFO] [30147] COMMIT received from 30082 for REQUEST 1741750566115
[2025-03-12 12:36:10,912] [INFO] [30147] PREPARE received from 30061 for REQUEST 1741750566115
[2025-03-12 12:36:10,912] [INFO] [30147] COMMIT received from 30061 for REQUEST 1741750566115
[2025-03-12 12:36:10,989] [INFO] [30147] PREPARE received from 30084 for REQUEST 1741750566115
[2025-03-12 12:36:10,989] [INFO] [30147] COMMIT received from 30084 for REQUEST 1741750566115
[2025-03-12 12:36:11,003] [INFO] [30147] PREPARE received from 30127 for REQUEST 1741750566115
[2025-03-12 12:36:11,003] [INFO] [30147] COMMIT received from 30127 for REQUEST 1741750566115
[2025-03-12 12:54:59,324] [INFO] Node started: localhost:30147 | index=148 | f=1, k=4
[2025-03-12 12:55:50,917] [INFO] Node started: localhost:30147 | index=148 | f=1, k=4
[2025-03-12 12:55:54,237] [INFO] [30147] PRE-PREPARE received: {'request_id': 1741751754181, 'data': 'llapbft_message_1741751754181', 'timestamp': 1741751754.2060645, 'leader': 30017, 'cluster_id': 1, 'cluster_ports': [30004, 30005, 30008, 30015, 30017, 30024, 30027, 30030, 30037, 30043, 30044, 30048, 30050, 30059, 30064, 30068, 30070, 30072, 30075, 30078, 30080, 30091, 30093, 30100, 30106, 30113, 30114, 30115, 30120, 30121, 30123, 30138, 30141, 30146, 30147, 30153], 'cluster_manager': {'host': 'localhost', 'port': 30064, 'latitude': 36.6267129, 'longitude': 127.4585797, 'altitude': 211, 'offset_m': 'lat: 12 m, lng: 7 m, alt: 211 m'}, 'simulated_delay': 0.000193, 'distance': 128.0469417362379, 'message_size_bits': 4632}
[2025-03-12 12:55:54,237] [INFO] [30147] Broadcasting PREPARE: REQUEST 1741751754181
[2025-03-12 12:55:54,651] [INFO] [30147] PREPARE received from 30068 for REQUEST 1741751754181
[2025-03-12 12:55:54,651] [INFO] [30147] Broadcasting COMMIT: REQUEST 1741751754181
[2025-03-12 12:55:54,697] [INFO] [30147] PREPARE received from 30015 for REQUEST 1741751754181
[2025-03-12 12:55:54,756] [INFO] [30147] PREPARE received from 30114 for REQUEST 1741751754181
[2025-03-12 12:55:54,756] [INFO] [30147] PREPARE received from 30113 for REQUEST 1741751754181
[2025-03-12 12:55:54,756] [INFO] [30147] PREPARE received from 30091 for REQUEST 1741751754181
[2025-03-12 12:55:54,758] [INFO] [30147] PREPARE received from 30080 for REQUEST 1741751754181
[2025-03-12 12:55:54,765] [INFO] [30147] PREPARE received from 30115 for REQUEST 1741751754181
[2025-03-12 12:55:55,171] [INFO] [30147] PREPARE received from 30070 for REQUEST 1741751754181
[2025-03-12 12:55:55,527] [INFO] [30147] COMMIT received from 30080 for REQUEST 1741751754181
[2025-03-12 12:55:55,567] [INFO] [30147] COMMIT received from 30015 for REQUEST 1741751754181
[2025-03-12 12:55:55,567] [INFO] [30147] COMMIT complete. Sending PRE-REPLY: REQUEST 1741751754181 directly to Manager 30064
[2025-03-12 12:55:55,571] [INFO] [30147] PREPARE received from 30153 for REQUEST 1741751754181
[2025-03-12 12:55:55,571] [INFO] [30147] PREPARE received from 30048 for REQUEST 1741751754181
[2025-03-12 12:55:55,571] [INFO] [30147] COMMIT received from 30068 for REQUEST 1741751754181
[2025-03-12 12:55:55,677] [INFO] [30147] PREPARE received from 30059 for REQUEST 1741751754181
[2025-03-12 12:55:55,677] [INFO] [30147] COMMIT received from 30114 for REQUEST 1741751754181
[2025-03-12 12:55:55,677] [INFO] [30147] COMMIT received from 30153 for REQUEST 1741751754181
[2025-03-12 12:55:55,895] [INFO] [30147] PREPARE received from 30008 for REQUEST 1741751754181
[2025-03-12 12:55:55,895] [INFO] [30147] COMMIT received from 30059 for REQUEST 1741751754181
[2025-03-12 12:55:55,895] [INFO] [30147] COMMIT received from 30091 for REQUEST 1741751754181
[2025-03-12 12:55:55,897] [INFO] [30147] PREPARE received from 30005 for REQUEST 1741751754181
[2025-03-12 12:55:55,897] [INFO] [30147] COMMIT received from 30138 for REQUEST 1741751754181
[2025-03-12 12:55:55,897] [INFO] [30147] PREPARE received from 30138 for REQUEST 1741751754181
[2025-03-12 12:55:55,897] [INFO] [30147] COMMIT received from 30120 for REQUEST 1741751754181
[2025-03-12 12:55:55,897] [INFO] [30147] COMMIT received from 30123 for REQUEST 1741751754181
[2025-03-12 12:55:55,897] [INFO] [30147] COMMIT received from 30070 for REQUEST 1741751754181
[2025-03-12 12:55:55,897] [INFO] [30147] COMMIT received from 30008 for REQUEST 1741751754181
[2025-03-12 12:55:55,897] [INFO] [30147] PREPARE received from 30120 for REQUEST 1741751754181
[2025-03-12 12:55:55,897] [INFO] [30147] COMMIT received from 30078 for REQUEST 1741751754181
[2025-03-12 12:55:55,899] [INFO] [30147] PREPARE received from 30030 for REQUEST 1741751754181
[2025-03-12 12:55:55,899] [INFO] [30147] COMMIT received from 30115 for REQUEST 1741751754181
[2025-03-12 12:55:55,899] [INFO] [30147] PREPARE received from 30123 for REQUEST 1741751754181
[2025-03-12 12:55:56,062] [INFO] [30147] COMMIT received from 30017 for REQUEST 1741751754181
[2025-03-12 12:55:56,064] [INFO] [30147] COMMIT received from 30005 for REQUEST 1741751754181
[2025-03-12 12:55:56,064] [INFO] [30147] PREPARE received from 30078 for REQUEST 1741751754181
[2025-03-12 12:55:56,184] [INFO] [30147] PREPARE received from 30024 for REQUEST 1741751754181
[2025-03-12 12:55:56,184] [INFO] [30147] PREPARE received from 30100 for REQUEST 1741751754181
[2025-03-12 12:55:56,184] [INFO] [30147] COMMIT received from 30121 for REQUEST 1741751754181
[2025-03-12 12:55:56,184] [INFO] [30147] PREPARE received from 30121 for REQUEST 1741751754181
[2025-03-12 12:55:56,184] [INFO] [30147] COMMIT received from 30048 for REQUEST 1741751754181
[2025-03-12 12:55:56,184] [INFO] [30147] COMMIT received from 30100 for REQUEST 1741751754181
[2025-03-12 12:55:56,238] [INFO] [30147] COMMIT received from 30113 for REQUEST 1741751754181
[2025-03-12 12:55:56,238] [INFO] [30147] PREPARE received from 30141 for REQUEST 1741751754181
[2025-03-12 12:55:56,238] [INFO] [30147] PREPARE received from 30093 for REQUEST 1741751754181
[2025-03-12 12:55:56,241] [INFO] [30147] PREPARE received from 30027 for REQUEST 1741751754181
[2025-03-12 12:55:56,241] [INFO] [30147] PREPARE received from 30075 for REQUEST 1741751754181
[2025-03-12 12:55:56,241] [INFO] [30147] PREPARE received from 30043 for REQUEST 1741751754181
[2025-03-12 12:55:56,280] [INFO] [30147] COMMIT received from 30106 for REQUEST 1741751754181
[2025-03-12 12:55:56,280] [INFO] [30147] COMMIT received from 30075 for REQUEST 1741751754181
[2025-03-12 12:55:56,280] [INFO] [30147] COMMIT received from 30024 for REQUEST 1741751754181
[2025-03-12 12:55:56,280] [INFO] [30147] COMMIT received from 30043 for REQUEST 1741751754181
[2025-03-12 12:55:56,280] [INFO] [30147] COMMIT received from 30093 for REQUEST 1741751754181
[2025-03-12 12:55:56,280] [INFO] [30147] COMMIT received from 30141 for REQUEST 1741751754181
[2025-03-12 12:55:56,282] [INFO] [30147] COMMIT received from 30146 for REQUEST 1741751754181
[2025-03-12 12:55:56,282] [INFO] [30147] COMMIT received from 30027 for REQUEST 1741751754181
[2025-03-12 12:55:56,330] [INFO] [30147] PREPARE received from 30044 for REQUEST 1741751754181
[2025-03-12 12:55:56,330] [INFO] [30147] PREPARE received from 30106 for REQUEST 1741751754181
[2025-03-12 12:55:56,330] [INFO] [30147] PREPARE received from 30146 for REQUEST 1741751754181
[2025-03-12 12:55:56,330] [INFO] [30147] PREPARE received from 30050 for REQUEST 1741751754181
[2025-03-12 12:55:56,330] [INFO] [30147] PREPARE received from 30072 for REQUEST 1741751754181
[2025-03-12 12:55:56,330] [INFO] [30147] PREPARE received from 30037 for REQUEST 1741751754181
[2025-03-12 12:55:56,351] [INFO] [30147] COMMIT received from 30037 for REQUEST 1741751754181
[2025-03-12 12:55:56,351] [INFO] [30147] COMMIT received from 30030 for REQUEST 1741751754181
[2025-03-12 12:55:56,351] [INFO] [30147] COMMIT received from 30050 for REQUEST 1741751754181
[2025-03-12 12:55:56,351] [INFO] [30147] COMMIT received from 30004 for REQUEST 1741751754181
[2025-03-12 12:55:56,356] [INFO] [30147] COMMIT received from 30072 for REQUEST 1741751754181
[2025-03-12 12:55:56,356] [INFO] [30147] COMMIT received from 30044 for REQUEST 1741751754181
[2025-03-12 12:55:56,394] [INFO] [30147] PREPARE received from 30004 for REQUEST 1741751754181
