[2025-03-12 12:35:37,729] [INFO] Node started: localhost:30066 | index=67 | f=1, k=4
[2025-03-12 12:36:06,230] [INFO] [30066] PRE-PREPARE received: {'request_id': 1741750566115, 'data': 'llapbft_message_1741750566115', 'timestamp': 1741750566.1577926, 'leader': 30194, 'cluster_id': 3, 'cluster_ports': [30002, 30005, 30008, 30010, 30012, 30016, 30019, 30023, 30029, 30032, 30033, 30034, 30037, 30040, 30041, 30043, 30054, 30056, 30061, 30064, 30066, 30072, 30075, 30076, 30080, 30082, 30084, 30085, 30092, 30098, 30102, 30111, 30113, 30116, 30119, 30120, 30127, 30137, 30144, 30147, 30151, 30154, 30162, 30165, 30176, 30187, 30188, 30194], 'cluster_manager': {'host': 'localhost', 'port': 30029, 'latitude': 36.6266259, 'longitude': 127.4590111, 'altitude': 13, 'offset_m': 'lat: 2 m, lng: 45 m, alt: 13 m'}, 'fault': True, 'simulated_delay': 0.00030044444444444443, 'distance': 177.80404195541942, 'message_size_bits': 5408}
[2025-03-12 12:36:06,234] [INFO] [30066] Broadcasting PREPARE: REQUEST 1741750566115
[2025-03-12 12:36:06,459] [INFO] [30066] PREPARE received from 30111 for REQUEST 1741750566115
[2025-03-12 12:36:06,461] [INFO] [30066] Broadcasting COMMIT: REQUEST 1741750566115
[2025-03-12 12:36:06,670] [INFO] [30066] PREPARE received from 30188 for REQUEST 1741750566115
[2025-03-12 12:36:06,670] [INFO] [30066] PREPARE received from 30162 for REQUEST 1741750566115
[2025-03-12 12:36:06,743] [INFO] [30066] PREPARE received from 30033 for REQUEST 1741750566115
[2025-03-12 12:36:07,935] [INFO] [30066] PREPARE received from 30075 for REQUEST 1741750566115
[2025-03-12 12:36:09,219] [INFO] [30066] PREPARE received from 30037 for REQUEST 1741750566115
[2025-03-12 12:36:09,220] [INFO] [30066] COMMIT received from 30033 for REQUEST 1741750566115
[2025-03-12 12:36:09,220] [INFO] [30066] COMMIT received from 30162 for REQUEST 1741750566115
[2025-03-12 12:36:09,220] [INFO] [30066] COMMIT complete. Sending PRE-REPLY: REQUEST 1741750566115 directly to Manager 30029
[2025-03-12 12:36:09,540] [INFO] [30066] COMMIT received from 30019 for REQUEST 1741750566115
[2025-03-12 12:36:09,542] [INFO] [30066] COMMIT received from 30188 for REQUEST 1741750566115
[2025-03-12 12:36:09,542] [INFO] [30066] COMMIT received from 30111 for REQUEST 1741750566115
[2025-03-12 12:36:09,542] [INFO] [30066] PREPARE received from 30098 for REQUEST 1741750566115
[2025-03-12 12:36:09,542] [INFO] [30066] COMMIT received from 30147 for REQUEST 1741750566115
[2025-03-12 12:36:09,542] [INFO] [30066] COMMIT received from 30194 for REQUEST 1741750566115
[2025-03-12 12:36:09,542] [INFO] [30066] PREPARE received from 30113 for REQUEST 1741750566115
[2025-03-12 12:36:09,544] [INFO] [30066] PREPARE received from 30116 for REQUEST 1741750566115
[2025-03-12 12:36:09,544] [INFO] [30066] COMMIT received from 30098 for REQUEST 1741750566115
[2025-03-12 12:36:09,544] [INFO] [30066] PREPARE received from 30019 for REQUEST 1741750566115
[2025-03-12 12:36:09,544] [INFO] [30066] COMMIT received from 30037 for REQUEST 1741750566115
[2025-03-12 12:36:09,544] [INFO] [30066] PREPARE received from 30147 for REQUEST 1741750566115
[2025-03-12 12:36:09,544] [INFO] [30066] COMMIT received from 30187 for REQUEST 1741750566115
[2025-03-12 12:36:09,544] [INFO] [30066] PREPARE received from 30092 for REQUEST 1741750566115
[2025-03-12 12:36:09,544] [INFO] [30066] COMMIT received from 30102 for REQUEST 1741750566115
[2025-03-12 12:36:09,544] [INFO] [30066] COMMIT received from 30113 for REQUEST 1741750566115
[2025-03-12 12:36:09,544] [INFO] [30066] COMMIT received from 30154 for REQUEST 1741750566115
[2025-03-12 12:36:09,544] [INFO] [30066] PREPARE received from 30032 for REQUEST 1741750566115
[2025-03-12 12:36:09,544] [INFO] [30066] COMMIT received from 30056 for REQUEST 1741750566115
[2025-03-12 12:36:09,544] [INFO] [30066] PREPARE received from 30187 for REQUEST 1741750566115
[2025-03-12 12:36:09,544] [INFO] [30066] COMMIT received from 30165 for REQUEST 1741750566115
[2025-03-12 12:36:09,544] [INFO] [30066] PREPARE received from 30154 for REQUEST 1741750566115
[2025-03-12 12:36:09,544] [INFO] [30066] COMMIT received from 30041 for REQUEST 1741750566115
[2025-03-12 12:36:09,544] [INFO] [30066] PREPARE received from 30056 for REQUEST 1741750566115
[2025-03-12 12:36:09,544] [INFO] [30066] PREPARE received from 30102 for REQUEST 1741750566115
[2025-03-12 12:36:09,549] [INFO] [30066] COMMIT received from 30092 for REQUEST 1741750566115
[2025-03-12 12:36:09,549] [INFO] [30066] COMMIT received from 30032 for REQUEST 1741750566115
[2025-03-12 12:36:09,549] [INFO] [30066] COMMIT received from 30116 for REQUEST 1741750566115
[2025-03-12 12:36:09,549] [INFO] [30066] PREPARE received from 30165 for REQUEST 1741750566115
[2025-03-12 12:36:09,549] [INFO] [30066] COMMIT received from 30082 for REQUEST 1741750566115
[2025-03-12 12:36:09,549] [INFO] [30066] COMMIT received from 30023 for REQUEST 1741750566115
[2025-03-12 12:36:09,549] [INFO] [30066] PREPARE received from 30041 for REQUEST 1741750566115
[2025-03-12 12:36:09,549] [INFO] [30066] COMMIT received from 30034 for REQUEST 1741750566115
[2025-03-12 12:36:09,549] [INFO] [30066] PREPARE received from 30034 for REQUEST 1741750566115
[2025-03-12 12:36:09,549] [INFO] [30066] COMMIT received from 30064 for REQUEST 1741750566115
[2025-03-12 12:36:09,553] [INFO] [30066] COMMIT received from 30119 for REQUEST 1741750566115
[2025-03-12 12:36:09,553] [INFO] [30066] PREPARE received from 30023 for REQUEST 1741750566115
[2025-03-12 12:36:09,553] [INFO] [30066] COMMIT received from 30043 for REQUEST 1741750566115
[2025-03-12 12:36:09,553] [INFO] [30066] PREPARE received from 30082 for REQUEST 1741750566115
[2025-03-12 12:36:09,553] [INFO] [30066] COMMIT received from 30080 for REQUEST 1741750566115
[2025-03-12 12:36:09,553] [INFO] [30066] COMMIT received from 30144 for REQUEST 1741750566115
[2025-03-12 12:36:09,972] [INFO] [30066] PREPARE received from 30080 for REQUEST 1741750566115
[2025-03-12 12:36:09,972] [INFO] [30066] PREPARE received from 30043 for REQUEST 1741750566115
[2025-03-12 12:36:09,972] [INFO] [30066] PREPARE received from 30064 for REQUEST 1741750566115
[2025-03-12 12:36:09,972] [INFO] [30066] PREPARE received from 30144 for REQUEST 1741750566115
[2025-03-12 12:36:09,972] [INFO] [30066] PREPARE received from 30085 for REQUEST 1741750566115
[2025-03-12 12:36:09,972] [INFO] [30066] PREPARE received from 30137 for REQUEST 1741750566115
[2025-03-12 12:36:09,972] [INFO] [30066] PREPARE received from 30061 for REQUEST 1741750566115
[2025-03-12 12:36:09,972] [INFO] [30066] PREPARE received from 30119 for REQUEST 1741750566115
[2025-03-12 12:36:09,977] [INFO] [30066] PREPARE received from 30151 for REQUEST 1741750566115
[2025-03-12 12:36:10,057] [INFO] [30066] COMMIT received from 30137 for REQUEST 1741750566115
[2025-03-12 12:36:10,057] [INFO] [30066] COMMIT received from 30151 for REQUEST 1741750566115
[2025-03-12 12:36:10,057] [INFO] [30066] COMMIT received from 30061 for REQUEST 1741750566115
[2025-03-12 12:36:10,057] [INFO] [30066] PREPARE received from 30176 for REQUEST 1741750566115
[2025-03-12 12:36:10,156] [INFO] [30066] COMMIT received from 30085 for REQUEST 1741750566115
[2025-03-12 12:36:10,156] [INFO] [30066] PREPARE received from 30120 for REQUEST 1741750566115
[2025-03-12 12:36:10,156] [INFO] [30066] PREPARE received from 30010 for REQUEST 1741750566115
[2025-03-12 12:36:10,156] [INFO] [30066] COMMIT received from 30016 for REQUEST 1741750566115
[2025-03-12 12:36:10,156] [INFO] [30066] PREPARE received from 30016 for REQUEST 1741750566115
[2025-03-12 12:36:10,166] [INFO] [30066] COMMIT received from 30010 for REQUEST 1741750566115
[2025-03-12 12:36:10,166] [INFO] [30066] COMMIT received from 30176 for REQUEST 1741750566115
[2025-03-12 12:36:10,166] [INFO] [30066] COMMIT received from 30075 for REQUEST 1741750566115
[2025-03-12 12:36:10,166] [INFO] [30066] COMMIT received from 30008 for REQUEST 1741750566115
[2025-03-12 12:36:10,166] [INFO] [30066] COMMIT received from 30120 for REQUEST 1741750566115
[2025-03-12 12:36:10,166] [INFO] [30066] PREPARE received from 30008 for REQUEST 1741750566115
[2025-03-12 12:36:10,166] [INFO] [30066] PREPARE received from 30054 for REQUEST 1741750566115
[2025-03-12 12:36:10,166] [INFO] [30066] PREPARE received from 30127 for REQUEST 1741750566115
[2025-03-12 12:36:10,166] [INFO] [30066] COMMIT received from 30054 for REQUEST 1741750566115
[2025-03-12 12:36:10,166] [INFO] [30066] COMMIT received from 30127 for REQUEST 1741750566115
[2025-03-12 12:36:10,182] [INFO] [30066] PREPARE received from 30002 for REQUEST 1741750566115
[2025-03-12 12:36:10,182] [INFO] [30066] PREPARE received from 30084 for REQUEST 1741750566115
[2025-03-12 12:36:10,182] [INFO] [30066] PREPARE received from 30040 for REQUEST 1741750566115
[2025-03-12 12:36:10,182] [INFO] [30066] PREPARE received from 30005 for REQUEST 1741750566115
[2025-03-12 12:36:10,182] [INFO] [30066] COMMIT received from 30084 for REQUEST 1741750566115
[2025-03-12 12:36:10,182] [INFO] [30066] COMMIT received from 30005 for REQUEST 1741750566115
[2025-03-12 12:36:10,182] [INFO] [30066] COMMIT received from 30040 for REQUEST 1741750566115
[2025-03-12 12:36:10,182] [INFO] [30066] COMMIT received from 30002 for REQUEST 1741750566115
[2025-03-12 12:36:10,299] [INFO] [30066] PREPARE received from 30076 for REQUEST 1741750566115
[2025-03-12 12:36:10,299] [INFO] [30066] COMMIT received from 30076 for REQUEST 1741750566115
[2025-03-12 12:54:43,044] [INFO] Node started: localhost:30066 | index=67 | f=1, k=4
[2025-03-12 12:55:34,645] [INFO] Node started: localhost:30066 | index=67 | f=1, k=4
[2025-03-12 12:55:54,355] [INFO] [30066] PRE-PREPARE received: {'request_id': 1741751754181, 'data': 'llapbft_message_1741751754181', 'timestamp': 1741751754.2060645, 'leader': 30118, 'cluster_id': 0, 'cluster_ports': [30001, 30002, 30016, 30019, 30023, 30025, 30032, 30041, 30046, 30049, 30052, 30057, 30058, 30066, 30077, 30079, 30088, 30092, 30094, 30095, 30096, 30098, 30102, 30108, 30110, 30116, 30118, 30126, 30129, 30132, 30133, 30137, 30143, 30144, 30149, 30150, 30151, 30155], 'cluster_manager': {'host': 'localhost', 'port': 30098, 'latitude': 36.6267518, 'longitude': 127.4591383, 'altitude': 231, 'offset_m': 'lat: 16 m, lng: 56 m, alt: 231 m'}, 'simulated_delay': 0.000264, 'distance': 152.608179714522, 'message_size_bits': 4752}
[2025-03-12 12:55:54,355] [INFO] [30066] Broadcasting PREPARE: REQUEST 1741751754181
[2025-03-12 12:55:54,426] [INFO] [30066] PREPARE received from 30095 for REQUEST 1741751754181
[2025-03-12 12:55:54,426] [INFO] [30066] Broadcasting COMMIT: REQUEST 1741751754181
[2025-03-12 12:55:54,452] [INFO] [30066] PREPARE received from 30046 for REQUEST 1741751754181
[2025-03-12 12:55:54,498] [INFO] [30066] COMMIT received from 30095 for REQUEST 1741751754181
[2025-03-12 12:55:54,505] [INFO] [30066] PREPARE received from 30079 for REQUEST 1741751754181
[2025-03-12 12:55:54,529] [INFO] [30066] COMMIT received from 30079 for REQUEST 1741751754181
[2025-03-12 12:55:54,529] [INFO] [30066] COMMIT complete. Sending PRE-REPLY: REQUEST 1741751754181 directly to Manager 30098
[2025-03-12 12:55:54,529] [INFO] [30066] COMMIT received from 30046 for REQUEST 1741751754181
[2025-03-12 12:55:54,590] [INFO] [30066] PREPARE received from 30077 for REQUEST 1741751754181
[2025-03-12 12:55:54,600] [INFO] [30066] COMMIT received from 30077 for REQUEST 1741751754181
[2025-03-12 12:55:54,695] [INFO] [30066] PREPARE received from 30032 for REQUEST 1741751754181
[2025-03-12 12:55:54,697] [INFO] [30066] COMMIT received from 30032 for REQUEST 1741751754181
[2025-03-12 12:55:54,806] [INFO] [30066] PREPARE received from 30110 for REQUEST 1741751754181
[2025-03-12 12:55:54,806] [INFO] [30066] COMMIT received from 30023 for REQUEST 1741751754181
[2025-03-12 12:55:54,806] [INFO] [30066] PREPARE received from 30023 for REQUEST 1741751754181
[2025-03-12 12:55:54,806] [INFO] [30066] COMMIT received from 30110 for REQUEST 1741751754181
[2025-03-12 12:55:54,837] [INFO] [30066] PREPARE received from 30041 for REQUEST 1741751754181
[2025-03-12 12:55:54,837] [INFO] [30066] PREPARE received from 30129 for REQUEST 1741751754181
[2025-03-12 12:55:54,837] [INFO] [30066] COMMIT received from 30041 for REQUEST 1741751754181
[2025-03-12 12:55:54,853] [INFO] [30066] COMMIT received from 30129 for REQUEST 1741751754181
[2025-03-12 12:55:54,952] [INFO] [30066] PREPARE received from 30052 for REQUEST 1741751754181
[2025-03-12 12:55:54,952] [INFO] [30066] COMMIT received from 30052 for REQUEST 1741751754181
[2025-03-12 12:55:54,996] [INFO] [30066] PREPARE received from 30137 for REQUEST 1741751754181
[2025-03-12 12:55:54,996] [INFO] [30066] COMMIT received from 30137 for REQUEST 1741751754181
[2025-03-12 12:55:55,122] [INFO] [30066] PREPARE received from 30096 for REQUEST 1741751754181
[2025-03-12 12:55:55,122] [INFO] [30066] COMMIT received from 30096 for REQUEST 1741751754181
[2025-03-12 12:55:55,148] [INFO] [30066] PREPARE received from 30132 for REQUEST 1741751754181
[2025-03-12 12:55:55,148] [INFO] [30066] COMMIT received from 30132 for REQUEST 1741751754181
[2025-03-12 12:55:55,319] [INFO] [30066] PREPARE received from 30155 for REQUEST 1741751754181
[2025-03-12 12:55:55,319] [INFO] [30066] PREPARE received from 30116 for REQUEST 1741751754181
[2025-03-12 12:55:55,321] [INFO] [30066] COMMIT received from 30155 for REQUEST 1741751754181
[2025-03-12 12:55:55,321] [INFO] [30066] COMMIT received from 30116 for REQUEST 1741751754181
[2025-03-12 12:55:55,615] [INFO] [30066] COMMIT received from 30133 for REQUEST 1741751754181
[2025-03-12 12:55:55,615] [INFO] [30066] PREPARE received from 30088 for REQUEST 1741751754181
[2025-03-12 12:55:55,615] [INFO] [30066] PREPARE received from 30002 for REQUEST 1741751754181
[2025-03-12 12:55:55,615] [INFO] [30066] PREPARE received from 30151 for REQUEST 1741751754181
[2025-03-12 12:55:55,615] [INFO] [30066] PREPARE received from 30149 for REQUEST 1741751754181
[2025-03-12 12:55:55,621] [INFO] [30066] PREPARE received from 30133 for REQUEST 1741751754181
[2025-03-12 12:55:55,650] [INFO] [30066] COMMIT received from 30126 for REQUEST 1741751754181
[2025-03-12 12:55:55,650] [INFO] [30066] COMMIT received from 30151 for REQUEST 1741751754181
[2025-03-12 12:55:55,650] [INFO] [30066] COMMIT received from 30002 for REQUEST 1741751754181
[2025-03-12 12:55:55,650] [INFO] [30066] COMMIT received from 30149 for REQUEST 1741751754181
[2025-03-12 12:55:55,650] [INFO] [30066] COMMIT received from 30088 for REQUEST 1741751754181
[2025-03-12 12:55:55,650] [INFO] [30066] PREPARE received from 30126 for REQUEST 1741751754181
[2025-03-12 12:55:55,665] [INFO] [30066] COMMIT received from 30118 for REQUEST 1741751754181
[2025-03-12 12:55:55,665] [INFO] [30066] PREPARE received from 30094 for REQUEST 1741751754181
[2025-03-12 12:55:55,699] [INFO] [30066] COMMIT received from 30094 for REQUEST 1741751754181
[2025-03-12 12:55:55,803] [INFO] [30066] PREPARE received from 30102 for REQUEST 1741751754181
[2025-03-12 12:55:55,804] [INFO] [30066] COMMIT received from 30102 for REQUEST 1741751754181
[2025-03-12 12:55:55,923] [INFO] [30066] PREPARE received from 30025 for REQUEST 1741751754181
[2025-03-12 12:55:55,923] [INFO] [30066] COMMIT received from 30025 for REQUEST 1741751754181
[2025-03-12 12:55:56,026] [INFO] [30066] PREPARE received from 30049 for REQUEST 1741751754181
[2025-03-12 12:55:56,058] [INFO] [30066] PREPARE received from 30144 for REQUEST 1741751754181
[2025-03-12 12:55:56,062] [INFO] [30066] COMMIT received from 30144 for REQUEST 1741751754181
[2025-03-12 12:55:56,095] [INFO] [30066] COMMIT received from 30049 for REQUEST 1741751754181
[2025-03-12 12:55:56,411] [INFO] [30066] PREPARE received from 30108 for REQUEST 1741751754181
[2025-03-12 12:55:56,423] [INFO] [30066] COMMIT received from 30108 for REQUEST 1741751754181
[2025-03-12 12:55:56,486] [INFO] [30066] PREPARE received from 30057 for REQUEST 1741751754181
[2025-03-12 12:55:56,525] [INFO] [30066] COMMIT received from 30057 for REQUEST 1741751754181
[2025-03-12 12:55:56,733] [INFO] [30066] PREPARE received from 30001 for REQUEST 1741751754181
[2025-03-12 12:55:56,741] [INFO] [30066] COMMIT received from 30001 for REQUEST 1741751754181
[2025-03-12 12:55:56,849] [INFO] [30066] PREPARE received from 30019 for REQUEST 1741751754181
[2025-03-12 12:55:56,849] [INFO] [30066] COMMIT received from 30019 for REQUEST 1741751754181
[2025-03-12 12:55:57,088] [INFO] [30066] PREPARE received from 30016 for REQUEST 1741751754181
[2025-03-12 12:55:57,088] [INFO] [30066] COMMIT received from 30016 for REQUEST 1741751754181
[2025-03-12 12:55:57,152] [INFO] [30066] PREPARE received from 30058 for REQUEST 1741751754181
[2025-03-12 12:55:57,154] [INFO] [30066] COMMIT received from 30058 for REQUEST 1741751754181
[2025-03-12 12:56:46,173] [INFO] Node started: localhost:30066 | index=67 | f=1, k=4
[2025-03-12 12:58:03,710] [INFO] [30066] PRE-PREPARE received: {'request_id': 1741751883632, 'data': 'llapbft_message_1741751883632', 'timestamp': 1741751883.6611185, 'leader': 30099, 'cluster_id': 0, 'cluster_ports': [30001, 30002, 30005, 30007, 30008, 30010, 30028, 30030, 30031, 30032, 30038, 30043, 30051, 30052, 30053, 30055, 30060, 30066, 30070, 30073, 30074, 30084, 30086, 30087, 30098, 30099, 30104, 30105, 30106, 30108, 30118], 'cluster_manager': {'host': 'localhost', 'port': 30105, 'latitude': 36.6269638, 'longitude': 127.4588073, 'altitude': 211, 'offset_m': 'lat: 40 m, lng: 27 m, alt: 211 m'}, 'simulated_delay': 0.00024222222222222223, 'distance': 171.4789800585976, 'message_size_bits': 4360}
[2025-03-12 12:58:03,710] [INFO] [30066] Broadcasting PREPARE: REQUEST 1741751883632
[2025-03-12 12:58:03,886] [INFO] [30066] PREPARE received from 30104 for REQUEST 1741751883632
[2025-03-12 12:58:03,886] [INFO] [30066] Broadcasting COMMIT: REQUEST 1741751883632
[2025-03-12 12:58:04,107] [INFO] [30066] PREPARE received from 30031 for REQUEST 1741751883632
[2025-03-12 12:58:04,186] [INFO] [30066] COMMIT received from 30104 for REQUEST 1741751883632
[2025-03-12 12:58:04,227] [INFO] [30066] PREPARE received from 30055 for REQUEST 1741751883632
[2025-03-12 12:58:04,227] [INFO] [30066] PREPARE received from 30060 for REQUEST 1741751883632
[2025-03-12 12:58:04,227] [INFO] [30066] COMMIT received from 30060 for REQUEST 1741751883632
[2025-03-12 12:58:04,227] [INFO] [30066] COMMIT complete. Sending PRE-REPLY: REQUEST 1741751883632 directly to Manager 30105
[2025-03-12 12:58:04,244] [INFO] [30066] COMMIT received from 30055 for REQUEST 1741751883632
[2025-03-12 12:58:04,364] [INFO] [30066] COMMIT received from 30099 for REQUEST 1741751883632
[2025-03-12 12:58:04,370] [INFO] [30066] COMMIT received from 30031 for REQUEST 1741751883632
[2025-03-12 12:58:04,440] [INFO] [30066] PREPARE received from 30053 for REQUEST 1741751883632
[2025-03-12 12:58:04,442] [INFO] [30066] COMMIT received from 30053 for REQUEST 1741751883632
[2025-03-12 12:58:04,498] [INFO] [30066] PREPARE received from 30010 for REQUEST 1741751883632
[2025-03-12 12:58:04,498] [INFO] [30066] COMMIT received from 30010 for REQUEST 1741751883632
[2025-03-12 12:58:04,573] [INFO] [30066] PREPARE received from 30118 for REQUEST 1741751883632
[2025-03-12 12:58:04,577] [INFO] [30066] PREPARE received from 30106 for REQUEST 1741751883632
[2025-03-12 12:58:04,579] [INFO] [30066] COMMIT received from 30118 for REQUEST 1741751883632
[2025-03-12 12:58:04,587] [INFO] [30066] COMMIT received from 30106 for REQUEST 1741751883632
[2025-03-12 12:58:04,698] [INFO] [30066] PREPARE received from 30001 for REQUEST 1741751883632
[2025-03-12 12:58:04,704] [INFO] [30066] COMMIT received from 30001 for REQUEST 1741751883632
[2025-03-12 12:58:04,740] [INFO] [30066] PREPARE received from 30032 for REQUEST 1741751883632
[2025-03-12 12:58:04,745] [INFO] [30066] COMMIT received from 30032 for REQUEST 1741751883632
[2025-03-12 12:58:04,778] [INFO] [30066] PREPARE received from 30086 for REQUEST 1741751883632
[2025-03-12 12:58:04,792] [INFO] [30066] PREPARE received from 30052 for REQUEST 1741751883632
[2025-03-12 12:58:04,829] [INFO] [30066] COMMIT received from 30052 for REQUEST 1741751883632
[2025-03-12 12:58:04,840] [INFO] [30066] PREPARE received from 30070 for REQUEST 1741751883632
[2025-03-12 12:58:04,851] [INFO] [30066] COMMIT received from 30086 for REQUEST 1741751883632
[2025-03-12 12:58:04,870] [INFO] [30066] COMMIT received from 30070 for REQUEST 1741751883632
[2025-03-12 12:58:04,888] [INFO] [30066] PREPARE received from 30051 for REQUEST 1741751883632
[2025-03-12 12:58:04,888] [INFO] [30066] COMMIT received from 30051 for REQUEST 1741751883632
[2025-03-12 12:58:04,903] [INFO] [30066] PREPARE received from 30007 for REQUEST 1741751883632
[2025-03-12 12:58:04,905] [INFO] [30066] COMMIT received from 30007 for REQUEST 1741751883632
[2025-03-12 12:58:04,951] [INFO] [30066] PREPARE received from 30002 for REQUEST 1741751883632
[2025-03-12 12:58:04,951] [INFO] [30066] COMMIT received from 30002 for REQUEST 1741751883632
[2025-03-12 12:58:04,955] [INFO] [30066] PREPARE received from 30108 for REQUEST 1741751883632
[2025-03-12 12:58:04,955] [INFO] [30066] PREPARE received from 30008 for REQUEST 1741751883632
[2025-03-12 12:58:04,955] [INFO] [30066] COMMIT received from 30108 for REQUEST 1741751883632
[2025-03-12 12:58:04,955] [INFO] [30066] COMMIT received from 30008 for REQUEST 1741751883632
[2025-03-12 12:58:04,963] [INFO] [30066] PREPARE received from 30074 for REQUEST 1741751883632
[2025-03-12 12:58:04,970] [INFO] [30066] COMMIT received from 30074 for REQUEST 1741751883632
[2025-03-12 12:58:05,002] [INFO] [30066] PREPARE received from 30043 for REQUEST 1741751883632
[2025-03-12 12:58:05,002] [INFO] [30066] COMMIT received from 30043 for REQUEST 1741751883632
[2025-03-12 13:45:28,716] [INFO] [30066] PRE-PREPARE received: {'request_id': 1741754728638, 'data': 'llapbft_message_1741754728638', 'timestamp': 1741754728.6704988, 'leader': 30099, 'cluster_id': 0, 'cluster_ports': [30001, 30002, 30005, 30007, 30008, 30010, 30028, 30030, 30031, 30032, 30038, 30043, 30051, 30052, 30053, 30055, 30060, 30066, 30070, 30073, 30074, 30084, 30086, 30087, 30098, 30099, 30104, 30105, 30106, 30108, 30118], 'cluster_manager': {'host': 'localhost', 'port': 30105, 'latitude': 36.6269638, 'longitude': 127.4588073, 'altitude': 211, 'offset_m': 'lat: 40 m, lng: 27 m, alt: 211 m'}, 'simulated_delay': 0.00024222222222222223, 'distance': 171.4789800585976, 'message_size_bits': 4360}
[2025-03-12 13:45:28,716] [INFO] [30066] Broadcasting PREPARE: REQUEST 1741754728638
[2025-03-12 13:45:28,877] [INFO] [30066] PREPARE received from 30104 for REQUEST 1741754728638
[2025-03-12 13:45:28,877] [INFO] [30066] Broadcasting COMMIT: REQUEST 1741754728638
[2025-03-12 13:45:28,890] [INFO] [30066] PREPARE received from 30060 for REQUEST 1741754728638
[2025-03-12 13:45:28,890] [INFO] [30066] PREPARE received from 30106 for REQUEST 1741754728638
[2025-03-12 13:45:28,963] [INFO] [30066] COMMIT received from 30106 for REQUEST 1741754728638
[2025-03-12 13:45:29,124] [INFO] [30066] PREPARE received from 30055 for REQUEST 1741754728638
[2025-03-12 13:45:29,175] [INFO] [30066] COMMIT received from 30060 for REQUEST 1741754728638
[2025-03-12 13:45:29,175] [INFO] [30066] COMMIT complete. Sending PRE-REPLY: REQUEST 1741754728638 directly to Manager 30105
[2025-03-12 13:45:29,175] [INFO] [30066] COMMIT received from 30104 for REQUEST 1741754728638
[2025-03-12 13:45:29,326] [INFO] [30066] PREPARE received from 30031 for REQUEST 1741754728638
[2025-03-12 13:45:29,328] [INFO] [30066] COMMIT received from 30031 for REQUEST 1741754728638
[2025-03-12 13:45:29,380] [INFO] [30066] COMMIT received from 30055 for REQUEST 1741754728638
[2025-03-12 13:45:29,398] [INFO] [30066] PREPARE received from 30118 for REQUEST 1741754728638
[2025-03-12 13:45:29,398] [INFO] [30066] COMMIT received from 30118 for REQUEST 1741754728638
[2025-03-12 13:45:29,572] [INFO] [30066] COMMIT received from 30099 for REQUEST 1741754728638
[2025-03-12 13:45:29,579] [INFO] [30066] PREPARE received from 30053 for REQUEST 1741754728638
[2025-03-12 13:45:29,590] [INFO] [30066] COMMIT received from 30053 for REQUEST 1741754728638
[2025-03-12 13:45:29,705] [INFO] [30066] PREPARE received from 30086 for REQUEST 1741754728638
[2025-03-12 13:45:29,729] [INFO] [30066] COMMIT received from 30086 for REQUEST 1741754728638
[2025-03-12 13:45:29,762] [INFO] [30066] PREPARE received from 30010 for REQUEST 1741754728638
[2025-03-12 13:45:29,762] [INFO] [30066] COMMIT received from 30010 for REQUEST 1741754728638
[2025-03-12 13:45:29,784] [INFO] [30066] PREPARE received from 30001 for REQUEST 1741754728638
[2025-03-12 13:45:29,801] [INFO] [30066] COMMIT received from 30001 for REQUEST 1741754728638
[2025-03-12 13:45:29,824] [INFO] [30066] PREPARE received from 30108 for REQUEST 1741754728638
[2025-03-12 13:45:29,831] [INFO] [30066] COMMIT received from 30108 for REQUEST 1741754728638
[2025-03-12 13:45:29,932] [INFO] [30066] PREPARE received from 30008 for REQUEST 1741754728638
[2025-03-12 13:45:29,932] [INFO] [30066] PREPARE received from 30002 for REQUEST 1741754728638
[2025-03-12 13:45:29,932] [INFO] [30066] PREPARE received from 30051 for REQUEST 1741754728638
[2025-03-12 13:45:29,937] [INFO] [30066] COMMIT received from 30051 for REQUEST 1741754728638
[2025-03-12 13:45:29,937] [INFO] [30066] COMMIT received from 30002 for REQUEST 1741754728638
[2025-03-12 13:45:29,937] [INFO] [30066] COMMIT received from 30008 for REQUEST 1741754728638
[2025-03-12 13:45:29,958] [INFO] [30066] PREPARE received from 30052 for REQUEST 1741754728638
[2025-03-12 13:45:29,958] [INFO] [30066] PREPARE received from 30074 for REQUEST 1741754728638
[2025-03-12 13:45:29,958] [INFO] [30066] COMMIT received from 30052 for REQUEST 1741754728638
[2025-03-12 13:45:29,960] [INFO] [30066] COMMIT received from 30074 for REQUEST 1741754728638
[2025-03-12 13:45:29,970] [INFO] [30066] PREPARE received from 30032 for REQUEST 1741754728638
[2025-03-12 13:45:29,973] [INFO] [30066] COMMIT received from 30032 for REQUEST 1741754728638
[2025-03-12 13:45:29,985] [INFO] [30066] PREPARE received from 30007 for REQUEST 1741754728638
[2025-03-12 13:45:29,996] [INFO] [30066] PREPARE received from 30070 for REQUEST 1741754728638
[2025-03-12 13:45:29,998] [INFO] [30066] COMMIT received from 30070 for REQUEST 1741754728638
[2025-03-12 13:45:29,998] [INFO] [30066] COMMIT received from 30007 for REQUEST 1741754728638
[2025-03-12 13:45:30,094] [INFO] [30066] PREPARE received from 30043 for REQUEST 1741754728638
[2025-03-12 13:45:30,094] [INFO] [30066] COMMIT received from 30043 for REQUEST 1741754728638
[2025-03-12 13:45:36,103] [INFO] [30066] PRE-PREPARE received: {'request_id': 1741754736031, 'data': 'llapbft_message_1741754736031', 'timestamp': 1741754736.063827, 'leader': 30099, 'cluster_id': 0, 'cluster_ports': [30001, 30002, 30005, 30007, 30008, 30010, 30028, 30030, 30031, 30032, 30038, 30043, 30051, 30052, 30053, 30055, 30060, 30066, 30070, 30073, 30074, 30084, 30086, 30087, 30098, 30099, 30104, 30105, 30106, 30108, 30118], 'cluster_manager': {'host': 'localhost', 'port': 30105, 'latitude': 36.6269638, 'longitude': 127.4588073, 'altitude': 211, 'offset_m': 'lat: 40 m, lng: 27 m, alt: 211 m'}, 'simulated_delay': 0.00024177777777777777, 'distance': 171.4789800585976, 'message_size_bits': 4352}
[2025-03-12 13:45:36,103] [INFO] [30066] Broadcasting PREPARE: REQUEST 1741754736031
[2025-03-12 13:45:36,111] [INFO] [30066] PREPARE received from 30010 for REQUEST 1741754736031
[2025-03-12 13:45:36,111] [INFO] [30066] Broadcasting COMMIT: REQUEST 1741754736031
[2025-03-12 13:45:36,113] [INFO] [30066] PREPARE received from 30031 for REQUEST 1741754736031
[2025-03-12 13:45:36,247] [INFO] [30066] PREPARE received from 30032 for REQUEST 1741754736031
[2025-03-12 13:45:36,248] [INFO] [30066] PREPARE received from 30001 for REQUEST 1741754736031
[2025-03-12 13:45:36,248] [INFO] [30066] PREPARE received from 30053 for REQUEST 1741754736031
[2025-03-12 13:45:36,253] [INFO] [30066] PREPARE received from 30008 for REQUEST 1741754736031
[2025-03-12 13:45:36,273] [INFO] [30066] COMMIT received from 30055 for REQUEST 1741754736031
[2025-03-12 13:45:36,273] [INFO] [30066] COMMIT received from 30053 for REQUEST 1741754736031
[2025-03-12 13:45:36,273] [INFO] [30066] COMMIT complete. Sending PRE-REPLY: REQUEST 1741754736031 directly to Manager 30105
[2025-03-12 13:45:36,273] [INFO] [30066] PREPARE received from 30104 for REQUEST 1741754736031
[2025-03-12 13:45:36,275] [INFO] [30066] COMMIT received from 30032 for REQUEST 1741754736031
[2025-03-12 13:45:36,275] [INFO] [30066] PREPARE received from 30086 for REQUEST 1741754736031
[2025-03-12 13:45:36,276] [INFO] [30066] PREPARE received from 30051 for REQUEST 1741754736031
[2025-03-12 13:45:36,521] [INFO] [30066] PREPARE received from 30055 for REQUEST 1741754736031
[2025-03-12 13:45:36,523] [INFO] [30066] COMMIT received from 30104 for REQUEST 1741754736031
[2025-03-12 13:45:36,523] [INFO] [30066] COMMIT received from 30001 for REQUEST 1741754736031
[2025-03-12 13:45:36,524] [INFO] [30066] COMMIT received from 30051 for REQUEST 1741754736031
[2025-03-12 13:45:36,525] [INFO] [30066] PREPARE received from 30118 for REQUEST 1741754736031
[2025-03-12 13:45:36,526] [INFO] [30066] PREPARE received from 30060 for REQUEST 1741754736031
[2025-03-12 13:45:36,528] [INFO] [30066] COMMIT received from 30118 for REQUEST 1741754736031
[2025-03-12 13:45:36,528] [INFO] [30066] COMMIT received from 30008 for REQUEST 1741754736031
[2025-03-12 13:45:36,528] [INFO] [30066] COMMIT received from 30060 for REQUEST 1741754736031
[2025-03-12 13:45:36,530] [INFO] [30066] PREPARE received from 30070 for REQUEST 1741754736031
[2025-03-12 13:45:36,532] [INFO] [30066] COMMIT received from 30052 for REQUEST 1741754736031
[2025-03-12 13:45:36,532] [INFO] [30066] COMMIT received from 30074 for REQUEST 1741754736031
[2025-03-12 13:45:36,532] [INFO] [30066] PREPARE received from 30106 for REQUEST 1741754736031
[2025-03-12 13:45:36,532] [INFO] [30066] PREPARE received from 30007 for REQUEST 1741754736031
[2025-03-12 13:45:36,533] [INFO] [30066] COMMIT received from 30043 for REQUEST 1741754736031
[2025-03-12 13:45:36,533] [INFO] [30066] PREPARE received from 30043 for REQUEST 1741754736031
[2025-03-12 13:45:36,533] [INFO] [30066] COMMIT received from 30108 for REQUEST 1741754736031
[2025-03-12 13:45:36,534] [INFO] [30066] PREPARE received from 30108 for REQUEST 1741754736031
[2025-03-12 13:45:36,534] [INFO] [30066] COMMIT received from 30007 for REQUEST 1741754736031
[2025-03-12 13:45:36,534] [INFO] [30066] COMMIT received from 30031 for REQUEST 1741754736031
[2025-03-12 13:45:36,534] [INFO] [30066] COMMIT received from 30086 for REQUEST 1741754736031
[2025-03-12 13:45:36,535] [INFO] [30066] COMMIT received from 30010 for REQUEST 1741754736031
[2025-03-12 13:45:36,535] [INFO] [30066] COMMIT received from 30099 for REQUEST 1741754736031
[2025-03-12 13:45:36,535] [INFO] [30066] PREPARE received from 30052 for REQUEST 1741754736031
[2025-03-12 13:45:36,535] [INFO] [30066] COMMIT received from 30002 for REQUEST 1741754736031
[2025-03-12 13:45:36,536] [INFO] [30066] PREPARE received from 30002 for REQUEST 1741754736031
[2025-03-12 13:45:36,536] [INFO] [30066] PREPARE received from 30074 for REQUEST 1741754736031
[2025-03-12 13:45:36,536] [INFO] [30066] COMMIT received from 30070 for REQUEST 1741754736031
[2025-03-12 13:45:36,537] [INFO] [30066] COMMIT received from 30106 for REQUEST 1741754736031
[2025-03-12 13:45:47,431] [INFO] [30066] PRE-PREPARE received: {'request_id': 1741754747345, 'data': 'llapbft_message_1741754747345', 'timestamp': 1741754747.370292, 'leader': 30099, 'cluster_id': 0, 'cluster_ports': [30001, 30002, 30005, 30007, 30008, 30010, 30028, 30030, 30031, 30032, 30038, 30043, 30051, 30052, 30053, 30055, 30060, 30066, 30070, 30073, 30074, 30084, 30086, 30087, 30098, 30099, 30104, 30105, 30106, 30108, 30118], 'cluster_manager': {'host': 'localhost', 'port': 30105, 'latitude': 36.6269638, 'longitude': 127.4588073, 'altitude': 211, 'offset_m': 'lat: 40 m, lng: 27 m, alt: 211 m'}, 'simulated_delay': 0.00024177777777777777, 'distance': 171.4789800585976, 'message_size_bits': 4352}
[2025-03-12 13:45:47,431] [INFO] [30066] Broadcasting PREPARE: REQUEST 1741754747345
[2025-03-12 13:45:47,502] [INFO] [30066] PREPARE received from 30060 for REQUEST 1741754747345
[2025-03-12 13:45:47,502] [INFO] [30066] Broadcasting COMMIT: REQUEST 1741754747345
[2025-03-12 13:45:47,508] [INFO] [30066] COMMIT received from 30055 for REQUEST 1741754747345
[2025-03-12 13:45:47,508] [INFO] [30066] PREPARE received from 30086 for REQUEST 1741754747345
[2025-03-12 13:45:47,508] [INFO] [30066] PREPARE received from 30008 for REQUEST 1741754747345
[2025-03-12 13:45:47,508] [INFO] [30066] PREPARE received from 30055 for REQUEST 1741754747345
[2025-03-12 13:45:47,510] [INFO] [30066] COMMIT received from 30043 for REQUEST 1741754747345
[2025-03-12 13:45:47,510] [INFO] [30066] COMMIT complete. Sending PRE-REPLY: REQUEST 1741754747345 directly to Manager 30105
[2025-03-12 13:45:47,510] [INFO] [30066] PREPARE received from 30051 for REQUEST 1741754747345
[2025-03-12 13:45:47,510] [INFO] [30066] PREPARE received from 30043 for REQUEST 1741754747345
[2025-03-12 13:45:47,510] [INFO] [30066] COMMIT received from 30051 for REQUEST 1741754747345
[2025-03-12 13:45:47,510] [INFO] [30066] COMMIT received from 30118 for REQUEST 1741754747345
[2025-03-12 13:45:47,512] [INFO] [30066] PREPARE received from 30118 for REQUEST 1741754747345
[2025-03-12 13:45:47,512] [INFO] [30066] COMMIT received from 30060 for REQUEST 1741754747345
[2025-03-12 13:45:47,520] [INFO] [30066] COMMIT received from 30099 for REQUEST 1741754747345
[2025-03-12 13:45:47,526] [INFO] [30066] PREPARE received from 30007 for REQUEST 1741754747345
[2025-03-12 13:45:47,589] [INFO] [30066] PREPARE received from 30104 for REQUEST 1741754747345
[2025-03-12 13:45:47,589] [INFO] [30066] COMMIT received from 30052 for REQUEST 1741754747345
[2025-03-12 13:45:47,591] [INFO] [30066] PREPARE received from 30052 for REQUEST 1741754747345
[2025-03-12 13:45:47,591] [INFO] [30066] COMMIT received from 30002 for REQUEST 1741754747345
[2025-03-12 13:45:47,591] [INFO] [30066] COMMIT received from 30007 for REQUEST 1741754747345
[2025-03-12 13:45:47,591] [INFO] [30066] PREPARE received from 30053 for REQUEST 1741754747345
[2025-03-12 13:45:47,591] [INFO] [30066] COMMIT received from 30108 for REQUEST 1741754747345
[2025-03-12 13:45:47,591] [INFO] [30066] PREPARE received from 30001 for REQUEST 1741754747345
[2025-03-12 13:45:47,591] [INFO] [30066] PREPARE received from 30108 for REQUEST 1741754747345
[2025-03-12 13:45:47,593] [INFO] [30066] PREPARE received from 30002 for REQUEST 1741754747345
[2025-03-12 13:45:47,593] [INFO] [30066] PREPARE received from 30010 for REQUEST 1741754747345
[2025-03-12 13:45:47,595] [INFO] [30066] COMMIT received from 30001 for REQUEST 1741754747345
[2025-03-12 13:45:47,595] [INFO] [30066] PREPARE received from 30032 for REQUEST 1741754747345
[2025-03-12 13:45:47,606] [INFO] [30066] PREPARE received from 30070 for REQUEST 1741754747345
[2025-03-12 13:45:47,618] [INFO] [30066] PREPARE received from 30031 for REQUEST 1741754747345
[2025-03-12 13:45:47,634] [INFO] [30066] PREPARE received from 30106 for REQUEST 1741754747345
[2025-03-12 13:45:47,676] [INFO] [30066] PREPARE received from 30074 for REQUEST 1741754747345
[2025-03-12 13:45:47,678] [INFO] [30066] COMMIT received from 30106 for REQUEST 1741754747345
[2025-03-12 13:45:47,686] [INFO] [30066] COMMIT received from 30070 for REQUEST 1741754747345
[2025-03-12 13:45:47,692] [INFO] [30066] COMMIT received from 30074 for REQUEST 1741754747345
[2025-03-12 13:45:47,699] [INFO] [30066] COMMIT received from 30104 for REQUEST 1741754747345
[2025-03-12 13:45:47,734] [INFO] [30066] COMMIT received from 30053 for REQUEST 1741754747345
[2025-03-12 13:45:47,784] [INFO] [30066] COMMIT received from 30008 for REQUEST 1741754747345
[2025-03-12 13:45:47,850] [INFO] [30066] COMMIT received from 30031 for REQUEST 1741754747345
[2025-03-12 13:45:47,855] [INFO] [30066] COMMIT received from 30010 for REQUEST 1741754747345
[2025-03-12 13:45:47,857] [INFO] [30066] COMMIT received from 30032 for REQUEST 1741754747345
[2025-03-12 13:45:47,884] [INFO] [30066] COMMIT received from 30086 for REQUEST 1741754747345
[2025-03-12 13:45:59,087] [INFO] [30066] PRE-PREPARE received: {'request_id': 1741754759008, 'data': 'llapbft_message_1741754759008', 'timestamp': 1741754759.0302613, 'leader': 30099, 'cluster_id': 0, 'cluster_ports': [30001, 30002, 30005, 30007, 30008, 30010, 30028, 30030, 30031, 30032, 30038, 30043, 30051, 30052, 30053, 30055, 30060, 30066, 30070, 30073, 30074, 30084, 30086, 30087, 30098, 30099, 30104, 30105, 30106, 30108, 30118], 'cluster_manager': {'host': 'localhost', 'port': 30105, 'latitude': 36.6269638, 'longitude': 127.4588073, 'altitude': 211, 'offset_m': 'lat: 40 m, lng: 27 m, alt: 211 m'}, 'simulated_delay': 0.00024222222222222223, 'distance': 171.4789800585976, 'message_size_bits': 4360}
[2025-03-12 13:45:59,087] [INFO] [30066] Broadcasting PREPARE: REQUEST 1741754759008
[2025-03-12 13:45:59,099] [INFO] [30066] PREPARE received from 30007 for REQUEST 1741754759008
[2025-03-12 13:45:59,099] [INFO] [30066] Broadcasting COMMIT: REQUEST 1741754759008
[2025-03-12 13:45:59,291] [INFO] [30066] PREPARE received from 30032 for REQUEST 1741754759008
[2025-03-12 13:45:59,292] [INFO] [30066] PREPARE received from 30031 for REQUEST 1741754759008
[2025-03-12 13:45:59,292] [INFO] [30066] COMMIT received from 30060 for REQUEST 1741754759008
[2025-03-12 13:45:59,292] [INFO] [30066] PREPARE received from 30001 for REQUEST 1741754759008
[2025-03-12 13:45:59,292] [INFO] [30066] PREPARE received from 30108 for REQUEST 1741754759008
[2025-03-12 13:45:59,292] [INFO] [30066] COMMIT received from 30001 for REQUEST 1741754759008
[2025-03-12 13:45:59,292] [INFO] [30066] COMMIT complete. Sending PRE-REPLY: REQUEST 1741754759008 directly to Manager 30105
[2025-03-12 13:45:59,293] [INFO] [30066] COMMIT received from 30108 for REQUEST 1741754759008
[2025-03-12 13:45:59,293] [INFO] [30066] COMMIT received from 30007 for REQUEST 1741754759008
[2025-03-12 13:45:59,293] [INFO] [30066] COMMIT received from 30031 for REQUEST 1741754759008
[2025-03-12 13:45:59,293] [INFO] [30066] COMMIT received from 30099 for REQUEST 1741754759008
[2025-03-12 13:45:59,293] [INFO] [30066] COMMIT received from 30002 for REQUEST 1741754759008
[2025-03-12 13:45:59,295] [INFO] [30066] COMMIT received from 30051 for REQUEST 1741754759008
[2025-03-12 13:45:59,295] [INFO] [30066] PREPARE received from 30008 for REQUEST 1741754759008
[2025-03-12 13:45:59,295] [INFO] [30066] PREPARE received from 30060 for REQUEST 1741754759008
[2025-03-12 13:45:59,295] [INFO] [30066] PREPARE received from 30051 for REQUEST 1741754759008
[2025-03-12 13:45:59,295] [INFO] [30066] PREPARE received from 30002 for REQUEST 1741754759008
[2025-03-12 13:45:59,295] [INFO] [30066] PREPARE received from 30118 for REQUEST 1741754759008
[2025-03-12 13:45:59,414] [INFO] [30066] COMMIT received from 30055 for REQUEST 1741754759008
[2025-03-12 13:45:59,415] [INFO] [30066] PREPARE received from 30052 for REQUEST 1741754759008
[2025-03-12 13:45:59,417] [INFO] [30066] PREPARE received from 30043 for REQUEST 1741754759008
[2025-03-12 13:45:59,418] [INFO] [30066] PREPARE received from 30104 for REQUEST 1741754759008
[2025-03-12 13:45:59,419] [INFO] [30066] PREPARE received from 30074 for REQUEST 1741754759008
[2025-03-12 13:45:59,419] [INFO] [30066] PREPARE received from 30106 for REQUEST 1741754759008
[2025-03-12 13:45:59,419] [INFO] [30066] COMMIT received from 30008 for REQUEST 1741754759008
[2025-03-12 13:45:59,421] [INFO] [30066] PREPARE received from 30055 for REQUEST 1741754759008
[2025-03-12 13:45:59,421] [INFO] [30066] PREPARE received from 30070 for REQUEST 1741754759008
[2025-03-12 13:45:59,422] [INFO] [30066] COMMIT received from 30070 for REQUEST 1741754759008
[2025-03-12 13:45:59,422] [INFO] [30066] PREPARE received from 30086 for REQUEST 1741754759008
[2025-03-12 13:45:59,428] [INFO] [30066] COMMIT received from 30074 for REQUEST 1741754759008
[2025-03-12 13:45:59,428] [INFO] [30066] COMMIT received from 30052 for REQUEST 1741754759008
[2025-03-12 13:45:59,433] [INFO] [30066] COMMIT received from 30032 for REQUEST 1741754759008
[2025-03-12 13:45:59,437] [INFO] [30066] COMMIT received from 30086 for REQUEST 1741754759008
[2025-03-12 13:45:59,437] [INFO] [30066] COMMIT received from 30010 for REQUEST 1741754759008
[2025-03-12 13:45:59,437] [INFO] [30066] PREPARE received from 30053 for REQUEST 1741754759008
[2025-03-12 13:45:59,437] [INFO] [30066] COMMIT received from 30053 for REQUEST 1741754759008
[2025-03-12 13:45:59,438] [INFO] [30066] PREPARE received from 30010 for REQUEST 1741754759008
[2025-03-12 13:45:59,438] [INFO] [30066] COMMIT received from 30104 for REQUEST 1741754759008
[2025-03-12 13:45:59,438] [INFO] [30066] COMMIT received from 30118 for REQUEST 1741754759008
[2025-03-12 13:45:59,470] [INFO] [30066] COMMIT received from 30043 for REQUEST 1741754759008
[2025-03-12 13:45:59,470] [INFO] [30066] COMMIT received from 30106 for REQUEST 1741754759008
[2025-03-12 13:46:11,406] [INFO] [30066] PRE-PREPARE received: {'request_id': 1741754771266, 'data': 'llapbft_message_1741754771266', 'timestamp': 1741754771.2983816, 'leader': 30099, 'cluster_id': 0, 'cluster_ports': [30001, 30002, 30005, 30007, 30008, 30010, 30028, 30030, 30031, 30032, 30038, 30043, 30051, 30052, 30053, 30055, 30060, 30066, 30070, 30073, 30074, 30084, 30086, 30087, 30098, 30099, 30104, 30105, 30106, 30108, 30118], 'cluster_manager': {'host': 'localhost', 'port': 30105, 'latitude': 36.6269638, 'longitude': 127.4588073, 'altitude': 211, 'offset_m': 'lat: 40 m, lng: 27 m, alt: 211 m'}, 'simulated_delay': 0.00024222222222222223, 'distance': 171.4789800585976, 'message_size_bits': 4360}
[2025-03-12 13:46:11,406] [INFO] [30066] Broadcasting PREPARE: REQUEST 1741754771266
[2025-03-12 13:46:11,412] [INFO] [30066] COMMIT received from 30055 for REQUEST 1741754771266
[2025-03-12 13:46:11,412] [INFO] [30066] PREPARE received from 30031 for REQUEST 1741754771266
[2025-03-12 13:46:11,412] [INFO] [30066] Broadcasting COMMIT: REQUEST 1741754771266
[2025-03-12 13:46:11,414] [INFO] [30066] COMMIT received from 30010 for REQUEST 1741754771266
[2025-03-12 13:46:11,414] [INFO] [30066] COMMIT complete. Sending PRE-REPLY: REQUEST 1741754771266 directly to Manager 30105
[2025-03-12 13:46:11,414] [INFO] [30066] PREPARE received from 30055 for REQUEST 1741754771266
[2025-03-12 13:46:11,414] [INFO] [30066] COMMIT received from 30051 for REQUEST 1741754771266
[2025-03-12 13:46:11,414] [INFO] [30066] PREPARE received from 30043 for REQUEST 1741754771266
[2025-03-12 13:46:11,414] [INFO] [30066] COMMIT received from 30001 for REQUEST 1741754771266
[2025-03-12 13:46:11,414] [INFO] [30066] COMMIT received from 30104 for REQUEST 1741754771266
[2025-03-12 13:46:11,416] [INFO] [30066] PREPARE received from 30106 for REQUEST 1741754771266
[2025-03-12 13:46:11,416] [INFO] [30066] PREPARE received from 30051 for REQUEST 1741754771266
[2025-03-12 13:46:11,416] [INFO] [30066] PREPARE received from 30104 for REQUEST 1741754771266
[2025-03-12 13:46:11,416] [INFO] [30066] PREPARE received from 30001 for REQUEST 1741754771266
[2025-03-12 13:46:11,416] [INFO] [30066] PREPARE received from 30074 for REQUEST 1741754771266
[2025-03-12 13:46:11,416] [INFO] [30066] PREPARE received from 30010 for REQUEST 1741754771266
[2025-03-12 13:46:11,416] [INFO] [30066] PREPARE received from 30070 for REQUEST 1741754771266
[2025-03-12 13:46:11,471] [INFO] [30066] COMMIT received from 30074 for REQUEST 1741754771266
[2025-03-12 13:46:11,471] [INFO] [30066] PREPARE received from 30108 for REQUEST 1741754771266
[2025-03-12 13:46:11,471] [INFO] [30066] PREPARE received from 30118 for REQUEST 1741754771266
[2025-03-12 13:46:11,481] [INFO] [30066] COMMIT received from 30052 for REQUEST 1741754771266
[2025-03-12 13:46:11,481] [INFO] [30066] PREPARE received from 30086 for REQUEST 1741754771266
[2025-03-12 13:46:11,481] [INFO] [30066] COMMIT received from 30032 for REQUEST 1741754771266
[2025-03-12 13:46:11,481] [INFO] [30066] COMMIT received from 30099 for REQUEST 1741754771266
[2025-03-12 13:46:11,483] [INFO] [30066] PREPARE received from 30052 for REQUEST 1741754771266
[2025-03-12 13:46:11,483] [INFO] [30066] PREPARE received from 30008 for REQUEST 1741754771266
[2025-03-12 13:46:11,483] [INFO] [30066] COMMIT received from 30053 for REQUEST 1741754771266
[2025-03-12 13:46:11,483] [INFO] [30066] COMMIT received from 30060 for REQUEST 1741754771266
[2025-03-12 13:46:11,483] [INFO] [30066] PREPARE received from 30053 for REQUEST 1741754771266
[2025-03-12 13:46:11,527] [INFO] [30066] COMMIT received from 30008 for REQUEST 1741754771266
[2025-03-12 13:46:11,527] [INFO] [30066] COMMIT received from 30106 for REQUEST 1741754771266
[2025-03-12 13:46:11,527] [INFO] [30066] PREPARE received from 30032 for REQUEST 1741754771266
[2025-03-12 13:46:11,528] [INFO] [30066] PREPARE received from 30060 for REQUEST 1741754771266
[2025-03-12 13:46:11,528] [INFO] [30066] COMMIT received from 30118 for REQUEST 1741754771266
[2025-03-12 13:46:11,662] [INFO] [30066] COMMIT received from 30070 for REQUEST 1741754771266
[2025-03-12 13:46:11,663] [INFO] [30066] COMMIT received from 30108 for REQUEST 1741754771266
[2025-03-12 13:46:11,672] [INFO] [30066] COMMIT received from 30086 for REQUEST 1741754771266
[2025-03-12 13:46:11,674] [INFO] [30066] PREPARE received from 30007 for REQUEST 1741754771266
[2025-03-12 13:46:11,674] [INFO] [30066] COMMIT received from 30031 for REQUEST 1741754771266
[2025-03-12 13:46:11,675] [INFO] [30066] COMMIT received from 30043 for REQUEST 1741754771266
[2025-03-12 13:46:11,675] [INFO] [30066] COMMIT received from 30007 for REQUEST 1741754771266
[2025-03-12 13:46:11,675] [INFO] [30066] PREPARE received from 30002 for REQUEST 1741754771266
[2025-03-12 13:46:11,676] [INFO] [30066] COMMIT received from 30002 for REQUEST 1741754771266
[2025-03-12 14:44:18,247] [INFO] [30066] PRE-PREPARE received: {'request_id': 1741758258160, 'data': 'llapbft_message_1741758258160', 'timestamp': 1741758258.1917994, 'leader': 30099, 'cluster_id': 0, 'cluster_ports': [30001, 30002, 30005, 30007, 30008, 30010, 30028, 30030, 30031, 30032, 30038, 30043, 30051, 30052, 30053, 30055, 30060, 30066, 30070, 30073, 30074, 30084, 30086, 30087, 30098, 30099, 30104, 30105, 30106, 30108, 30118], 'cluster_manager': {'host': 'localhost', 'port': 30105, 'latitude': 36.6269638, 'longitude': 127.4588073, 'altitude': 211, 'offset_m': 'lat: 40 m, lng: 27 m, alt: 211 m'}, 'simulated_delay': 0.00024222222222222223, 'distance': 171.4789800585976, 'message_size_bits': 4360}
[2025-03-12 14:44:18,247] [INFO] [30066] Broadcasting PREPARE: REQUEST 1741758258160
[2025-03-12 14:44:18,357] [INFO] [30066] PREPARE received from 30106 for REQUEST 1741758258160
[2025-03-12 14:44:18,357] [INFO] [30066] Broadcasting COMMIT: REQUEST 1741758258160
[2025-03-12 14:44:18,497] [INFO] [30066] PREPARE received from 30055 for REQUEST 1741758258160
[2025-03-12 14:44:18,497] [INFO] [30066] PREPARE received from 30060 for REQUEST 1741758258160
[2025-03-12 14:44:18,600] [INFO] [30066] COMMIT received from 30106 for REQUEST 1741758258160
[2025-03-12 14:44:18,611] [INFO] [30066] COMMIT received from 30060 for REQUEST 1741758258160
[2025-03-12 14:44:18,611] [INFO] [30066] COMMIT complete. Sending PRE-REPLY: REQUEST 1741758258160 directly to Manager 30105
[2025-03-12 14:44:18,613] [INFO] [30066] PREPARE received from 30010 for REQUEST 1741758258160
[2025-03-12 14:44:18,729] [INFO] [30066] COMMIT received from 30099 for REQUEST 1741758258160
[2025-03-12 14:44:18,729] [INFO] [30066] PREPARE received from 30031 for REQUEST 1741758258160
[2025-03-12 14:44:18,764] [INFO] [30066] COMMIT received from 30031 for REQUEST 1741758258160
[2025-03-12 14:44:18,792] [INFO] [30066] COMMIT received from 30055 for REQUEST 1741758258160
[2025-03-12 14:44:18,879] [INFO] [30066] COMMIT received from 30010 for REQUEST 1741758258160
[2025-03-12 14:44:18,879] [INFO] [30066] PREPARE received from 30104 for REQUEST 1741758258160
[2025-03-12 14:44:18,879] [INFO] [30066] COMMIT received from 30104 for REQUEST 1741758258160
[2025-03-12 14:44:18,905] [INFO] [30066] PREPARE received from 30108 for REQUEST 1741758258160
[2025-03-12 14:44:18,920] [INFO] [30066] COMMIT received from 30108 for REQUEST 1741758258160
[2025-03-12 14:44:19,251] [INFO] [30066] PREPARE received from 30051 for REQUEST 1741758258160
[2025-03-12 14:44:19,251] [INFO] [30066] COMMIT received from 30001 for REQUEST 1741758258160
[2025-03-12 14:44:19,251] [INFO] [30066] COMMIT received from 30051 for REQUEST 1741758258160
[2025-03-12 14:44:19,251] [INFO] [30066] PREPARE received from 30001 for REQUEST 1741758258160
[2025-03-12 14:44:19,258] [INFO] [30066] PREPARE received from 30007 for REQUEST 1741758258160
[2025-03-12 14:44:19,268] [INFO] [30066] COMMIT received from 30007 for REQUEST 1741758258160
[2025-03-12 14:44:19,283] [INFO] [30066] PREPARE received from 30052 for REQUEST 1741758258160
[2025-03-12 14:44:19,310] [INFO] [30066] PREPARE received from 30070 for REQUEST 1741758258160
[2025-03-12 14:44:19,310] [INFO] [30066] COMMIT received from 30070 for REQUEST 1741758258160
[2025-03-12 14:44:19,310] [INFO] [30066] COMMIT received from 30052 for REQUEST 1741758258160
[2025-03-12 14:44:19,373] [INFO] [30066] PREPARE received from 30032 for REQUEST 1741758258160
[2025-03-12 14:44:19,373] [INFO] [30066] COMMIT received from 30032 for REQUEST 1741758258160
[2025-03-12 14:44:19,395] [INFO] [30066] PREPARE received from 30053 for REQUEST 1741758258160
[2025-03-12 14:44:19,395] [INFO] [30066] COMMIT received from 30053 for REQUEST 1741758258160
[2025-03-12 14:44:19,467] [INFO] [30066] PREPARE received from 30008 for REQUEST 1741758258160
[2025-03-12 14:44:19,467] [INFO] [30066] COMMIT received from 30008 for REQUEST 1741758258160
[2025-03-12 14:44:19,512] [INFO] [30066] PREPARE received from 30086 for REQUEST 1741758258160
[2025-03-12 14:44:19,516] [INFO] [30066] COMMIT received from 30086 for REQUEST 1741758258160
[2025-03-12 14:44:19,558] [INFO] [30066] PREPARE received from 30118 for REQUEST 1741758258160
[2025-03-12 14:44:19,558] [INFO] [30066] COMMIT received from 30118 for REQUEST 1741758258160
[2025-03-12 14:44:19,595] [INFO] [30066] PREPARE received from 30074 for REQUEST 1741758258160
[2025-03-12 14:44:19,595] [INFO] [30066] COMMIT received from 30074 for REQUEST 1741758258160
[2025-03-12 14:44:19,654] [INFO] [30066] PREPARE received from 30002 for REQUEST 1741758258160
[2025-03-12 14:44:19,654] [INFO] [30066] COMMIT received from 30002 for REQUEST 1741758258160
[2025-03-12 14:44:19,674] [INFO] [30066] PREPARE received from 30043 for REQUEST 1741758258160
[2025-03-12 14:44:19,677] [INFO] [30066] COMMIT received from 30043 for REQUEST 1741758258160
