[2025-03-12 12:35:43,550] [INFO] Node started: localhost:30095 | index=96 | f=1, k=4
[2025-03-12 12:36:06,173] [INFO] [30095] PRE-PREPARE received: {'request_id': 1741750566115, 'data': 'llapbft_message_1741750566115', 'timestamp': 1741750566.142161, 'leader': 30175, 'cluster_id': 1, 'cluster_ports': [30004, 30006, 30014, 30017, 30020, 30024, 30027, 30035, 30038, 30048, 30051, 30053, 30059, 30067, 30068, 30069, 30070, 30083, 30088, 30090, 30093, 30095, 30097, 30099, 30101, 30105, 30107, 30108, 30122, 30123, 30124, 30126, 30132, 30135, 30138, 30139, 30146, 30149, 30153, 30164, 30174, 30175, 30182, 30183, 30184, 30185, 30186, 30189, 30191, 30196, 30199], 'cluster_manager': {'host': 'localhost', 'port': 30107, 'latitude': 36.6271864, 'longitude': 127.4587582, 'altitude': 213, 'offset_m': 'lat: 65 m, lng: 23 m, alt: 213 m'}, 'simulated_delay': 0.000152, 'distance': 95.57917929427558, 'message_size_bits': 5472}
[2025-03-12 12:36:06,173] [INFO] [30095] Broadcasting PREPARE: REQUEST 1741750566115
[2025-03-12 12:36:06,427] [INFO] [30095] PREPARE received from 30199 for REQUEST 1741750566115
[2025-03-12 12:36:06,429] [INFO] [30095] Broadcasting COMMIT: REQUEST 1741750566115
[2025-03-12 12:36:06,534] [INFO] [30095] PREPARE received from 30196 for REQUEST 1741750566115
[2025-03-12 12:36:06,536] [INFO] [30095] PREPARE received from 30183 for REQUEST 1741750566115
[2025-03-12 12:36:06,760] [INFO] [30095] PREPARE received from 30184 for REQUEST 1741750566115
[2025-03-12 12:36:06,761] [INFO] [30095] PREPARE received from 30126 for REQUEST 1741750566115
[2025-03-12 12:36:06,761] [INFO] [30095] PREPARE received from 30122 for REQUEST 1741750566115
[2025-03-12 12:36:07,138] [INFO] [30095] COMMIT received from 30183 for REQUEST 1741750566115
[2025-03-12 12:36:07,168] [INFO] [30095] COMMIT received from 30199 for REQUEST 1741750566115
[2025-03-12 12:36:07,168] [INFO] [30095] COMMIT complete. Sending PRE-REPLY: REQUEST 1741750566115 directly to Manager 30107
[2025-03-12 12:36:07,168] [INFO] [30095] PREPARE received from 30124 for REQUEST 1741750566115
[2025-03-12 12:36:07,168] [INFO] [30095] COMMIT received from 30184 for REQUEST 1741750566115
[2025-03-12 12:36:07,531] [INFO] [30095] PREPARE received from 30006 for REQUEST 1741750566115
[2025-03-12 12:36:07,531] [INFO] [30095] PREPARE received from 30017 for REQUEST 1741750566115
[2025-03-12 12:36:07,531] [INFO] [30095] PREPARE received from 30185 for REQUEST 1741750566115
[2025-03-12 12:36:07,624] [INFO] [30095] PREPARE received from 30014 for REQUEST 1741750566115
[2025-03-12 12:36:07,707] [INFO] [30095] COMMIT received from 30185 for REQUEST 1741750566115
[2025-03-12 12:36:07,707] [INFO] [30095] COMMIT received from 30126 for REQUEST 1741750566115
[2025-03-12 12:36:08,161] [INFO] [30095] COMMIT received from 30135 for REQUEST 1741750566115
[2025-03-12 12:36:08,161] [INFO] [30095] PREPARE received from 30135 for REQUEST 1741750566115
[2025-03-12 12:36:08,161] [INFO] [30095] COMMIT received from 30088 for REQUEST 1741750566115
[2025-03-12 12:36:08,171] [INFO] [30095] PREPARE received from 30088 for REQUEST 1741750566115
[2025-03-12 12:36:08,346] [INFO] [30095] COMMIT received from 30122 for REQUEST 1741750566115
[2025-03-12 12:36:08,348] [INFO] [30095] PREPARE received from 30189 for REQUEST 1741750566115
[2025-03-12 12:36:08,380] [INFO] [30095] COMMIT received from 30105 for REQUEST 1741750566115
[2025-03-12 12:36:08,380] [INFO] [30095] COMMIT received from 30189 for REQUEST 1741750566115
[2025-03-12 12:36:08,380] [INFO] [30095] PREPARE received from 30132 for REQUEST 1741750566115
[2025-03-12 12:36:08,430] [INFO] [30095] PREPARE received from 30138 for REQUEST 1741750566115
[2025-03-12 12:36:08,430] [INFO] [30095] PREPARE received from 30083 for REQUEST 1741750566115
[2025-03-12 12:36:08,430] [INFO] [30095] PREPARE received from 30105 for REQUEST 1741750566115
[2025-03-12 12:36:08,466] [INFO] [30095] COMMIT received from 30138 for REQUEST 1741750566115
[2025-03-12 12:36:08,532] [INFO] [30095] PREPARE received from 30090 for REQUEST 1741750566115
[2025-03-12 12:36:08,532] [INFO] [30095] PREPARE received from 30146 for REQUEST 1741750566115
[2025-03-12 12:36:08,535] [INFO] [30095] PREPARE received from 30164 for REQUEST 1741750566115
[2025-03-12 12:36:08,535] [INFO] [30095] COMMIT received from 30132 for REQUEST 1741750566115
[2025-03-12 12:36:08,594] [INFO] [30095] COMMIT received from 30146 for REQUEST 1741750566115
[2025-03-12 12:36:08,594] [INFO] [30095] COMMIT received from 30083 for REQUEST 1741750566115
[2025-03-12 12:36:08,614] [INFO] [30095] COMMIT received from 30164 for REQUEST 1741750566115
[2025-03-12 12:36:08,687] [INFO] [30095] COMMIT received from 30014 for REQUEST 1741750566115
[2025-03-12 12:36:08,687] [INFO] [30095] COMMIT received from 30124 for REQUEST 1741750566115
[2025-03-12 12:36:08,749] [INFO] [30095] PREPARE received from 30191 for REQUEST 1741750566115
[2025-03-12 12:36:08,749] [INFO] [30095] COMMIT received from 30090 for REQUEST 1741750566115
[2025-03-12 12:36:08,749] [INFO] [30095] COMMIT received from 30191 for REQUEST 1741750566115
[2025-03-12 12:36:08,809] [INFO] [30095] PREPARE received from 30070 for REQUEST 1741750566115
[2025-03-12 12:36:08,830] [INFO] [30095] COMMIT received from 30196 for REQUEST 1741750566115
[2025-03-12 12:36:08,841] [INFO] [30095] PREPARE received from 30174 for REQUEST 1741750566115
[2025-03-12 12:36:09,104] [INFO] [30095] PREPARE received from 30067 for REQUEST 1741750566115
[2025-03-12 12:36:09,107] [INFO] [30095] COMMIT received from 30006 for REQUEST 1741750566115
[2025-03-12 12:36:09,107] [INFO] [30095] PREPARE received from 30004 for REQUEST 1741750566115
[2025-03-12 12:36:09,154] [INFO] [30095] PREPARE received from 30053 for REQUEST 1741750566115
[2025-03-12 12:36:09,156] [INFO] [30095] COMMIT received from 30070 for REQUEST 1741750566115
[2025-03-12 12:36:09,266] [INFO] [30095] COMMIT received from 30067 for REQUEST 1741750566115
[2025-03-12 12:36:09,269] [INFO] [30095] COMMIT received from 30017 for REQUEST 1741750566115
[2025-03-12 12:36:09,269] [INFO] [30095] COMMIT received from 30174 for REQUEST 1741750566115
[2025-03-12 12:36:09,287] [INFO] [30095] PREPARE received from 30069 for REQUEST 1741750566115
[2025-03-12 12:36:09,287] [INFO] [30095] COMMIT received from 30069 for REQUEST 1741750566115
[2025-03-12 12:36:09,322] [INFO] [30095] PREPARE received from 30068 for REQUEST 1741750566115
[2025-03-12 12:36:09,322] [INFO] [30095] COMMIT received from 30175 for REQUEST 1741750566115
[2025-03-12 12:36:09,324] [INFO] [30095] COMMIT received from 30068 for REQUEST 1741750566115
[2025-03-12 12:36:09,345] [INFO] [30095] PREPARE received from 30059 for REQUEST 1741750566115
[2025-03-12 12:36:09,345] [INFO] [30095] PREPARE received from 30020 for REQUEST 1741750566115
[2025-03-12 12:36:09,420] [INFO] [30095] PREPARE received from 30038 for REQUEST 1741750566115
[2025-03-12 12:36:09,426] [INFO] [30095] COMMIT received from 30020 for REQUEST 1741750566115
[2025-03-12 12:36:09,439] [INFO] [30095] COMMIT received from 30038 for REQUEST 1741750566115
[2025-03-12 12:36:09,680] [INFO] [30095] PREPARE received from 30024 for REQUEST 1741750566115
[2025-03-12 12:36:09,680] [INFO] [30095] PREPARE received from 30093 for REQUEST 1741750566115
[2025-03-12 12:36:09,724] [INFO] [30095] PREPARE received from 30097 for REQUEST 1741750566115
[2025-03-12 12:36:09,740] [INFO] [30095] COMMIT received from 30097 for REQUEST 1741750566115
[2025-03-12 12:36:09,772] [INFO] [30095] PREPARE received from 30182 for REQUEST 1741750566115
[2025-03-12 12:36:09,779] [INFO] [30095] PREPARE received from 30123 for REQUEST 1741750566115
[2025-03-12 12:36:09,839] [INFO] [30095] COMMIT received from 30182 for REQUEST 1741750566115
[2025-03-12 12:36:09,841] [INFO] [30095] COMMIT received from 30093 for REQUEST 1741750566115
[2025-03-12 12:36:09,841] [INFO] [30095] PREPARE received from 30048 for REQUEST 1741750566115
[2025-03-12 12:36:09,843] [INFO] [30095] COMMIT received from 30024 for REQUEST 1741750566115
[2025-03-12 12:36:09,850] [INFO] [30095] COMMIT received from 30059 for REQUEST 1741750566115
[2025-03-12 12:36:09,885] [INFO] [30095] PREPARE received from 30101 for REQUEST 1741750566115
[2025-03-12 12:36:09,891] [INFO] [30095] COMMIT received from 30101 for REQUEST 1741750566115
[2025-03-12 12:36:09,946] [INFO] [30095] COMMIT received from 30123 for REQUEST 1741750566115
[2025-03-12 12:36:10,099] [INFO] [30095] PREPARE received from 30139 for REQUEST 1741750566115
[2025-03-12 12:36:10,166] [INFO] [30095] PREPARE received from 30099 for REQUEST 1741750566115
[2025-03-12 12:36:10,166] [INFO] [30095] PREPARE received from 30186 for REQUEST 1741750566115
[2025-03-12 12:36:10,166] [INFO] [30095] COMMIT received from 30186 for REQUEST 1741750566115
[2025-03-12 12:36:10,182] [INFO] [30095] PREPARE received from 30051 for REQUEST 1741750566115
[2025-03-12 12:36:10,202] [INFO] [30095] PREPARE received from 30108 for REQUEST 1741750566115
[2025-03-12 12:36:10,266] [INFO] [30095] PREPARE received from 30027 for REQUEST 1741750566115
[2025-03-12 12:36:10,270] [INFO] [30095] COMMIT received from 30048 for REQUEST 1741750566115
[2025-03-12 12:36:10,270] [INFO] [30095] COMMIT received from 30027 for REQUEST 1741750566115
[2025-03-12 12:36:10,334] [INFO] [30095] COMMIT received from 30108 for REQUEST 1741750566115
[2025-03-12 12:36:10,334] [INFO] [30095] COMMIT received from 30139 for REQUEST 1741750566115
[2025-03-12 12:36:10,334] [INFO] [30095] COMMIT received from 30051 for REQUEST 1741750566115
[2025-03-12 12:36:10,365] [INFO] [30095] COMMIT received from 30099 for REQUEST 1741750566115
[2025-03-12 12:36:10,468] [INFO] [30095] PREPARE received from 30035 for REQUEST 1741750566115
[2025-03-12 12:36:10,477] [INFO] [30095] COMMIT received from 30004 for REQUEST 1741750566115
[2025-03-12 12:36:10,477] [INFO] [30095] COMMIT received from 30053 for REQUEST 1741750566115
[2025-03-12 12:36:10,515] [INFO] [30095] COMMIT received from 30035 for REQUEST 1741750566115
[2025-03-12 12:36:10,751] [INFO] [30095] PREPARE received from 30149 for REQUEST 1741750566115
[2025-03-12 12:36:10,784] [INFO] [30095] COMMIT received from 30149 for REQUEST 1741750566115
[2025-03-12 12:36:10,902] [INFO] [30095] PREPARE received from 30153 for REQUEST 1741750566115
[2025-03-12 12:36:10,933] [INFO] [30095] COMMIT received from 30153 for REQUEST 1741750566115
[2025-03-12 12:54:48,879] [INFO] Node started: localhost:30095 | index=96 | f=1, k=4
[2025-03-12 12:55:40,469] [INFO] Node started: localhost:30095 | index=96 | f=1, k=4
[2025-03-12 12:55:54,355] [INFO] [30095] PRE-PREPARE received: {'request_id': 1741751754181, 'data': 'llapbft_message_1741751754181', 'timestamp': 1741751754.2060645, 'leader': 30118, 'cluster_id': 0, 'cluster_ports': [30001, 30002, 30016, 30019, 30023, 30025, 30032, 30041, 30046, 30049, 30052, 30057, 30058, 30066, 30077, 30079, 30088, 30092, 30094, 30095, 30096, 30098, 30102, 30108, 30110, 30116, 30118, 30126, 30129, 30132, 30133, 30137, 30143, 30144, 30149, 30150, 30151, 30155], 'cluster_manager': {'host': 'localhost', 'port': 30098, 'latitude': 36.6267518, 'longitude': 127.4591383, 'altitude': 231, 'offset_m': 'lat: 16 m, lng: 56 m, alt: 231 m'}, 'simulated_delay': 0.000264, 'distance': 167.83407548702186, 'message_size_bits': 4752}
[2025-03-12 12:55:54,355] [INFO] [30095] Broadcasting PREPARE: REQUEST 1741751754181
[2025-03-12 12:55:54,426] [INFO] [30095] PREPARE received from 30066 for REQUEST 1741751754181
[2025-03-12 12:55:54,426] [INFO] [30095] Broadcasting COMMIT: REQUEST 1741751754181
[2025-03-12 12:55:54,509] [INFO] [30095] COMMIT received from 30066 for REQUEST 1741751754181
[2025-03-12 12:55:54,545] [INFO] [30095] PREPARE received from 30046 for REQUEST 1741751754181
[2025-03-12 12:55:54,545] [INFO] [30095] COMMIT received from 30046 for REQUEST 1741751754181
[2025-03-12 12:55:54,545] [INFO] [30095] COMMIT complete. Sending PRE-REPLY: REQUEST 1741751754181 directly to Manager 30098
[2025-03-12 12:55:54,703] [INFO] [30095] PREPARE received from 30079 for REQUEST 1741751754181
[2025-03-12 12:55:54,713] [INFO] [30095] COMMIT received from 30079 for REQUEST 1741751754181
[2025-03-12 12:55:55,050] [INFO] [30095] PREPARE received from 30032 for REQUEST 1741751754181
[2025-03-12 12:55:55,148] [INFO] [30095] COMMIT received from 30032 for REQUEST 1741751754181
[2025-03-12 12:55:55,171] [INFO] [30095] PREPARE received from 30133 for REQUEST 1741751754181
[2025-03-12 12:55:55,171] [INFO] [30095] PREPARE received from 30129 for REQUEST 1741751754181
[2025-03-12 12:55:55,171] [INFO] [30095] PREPARE received from 30052 for REQUEST 1741751754181
[2025-03-12 12:55:55,171] [INFO] [30095] PREPARE received from 30151 for REQUEST 1741751754181
[2025-03-12 12:55:55,192] [INFO] [30095] COMMIT received from 30151 for REQUEST 1741751754181
[2025-03-12 12:55:55,192] [INFO] [30095] COMMIT received from 30052 for REQUEST 1741751754181
[2025-03-12 12:55:55,194] [INFO] [30095] COMMIT received from 30133 for REQUEST 1741751754181
[2025-03-12 12:55:55,212] [INFO] [30095] COMMIT received from 30129 for REQUEST 1741751754181
[2025-03-12 12:55:55,212] [INFO] [30095] PREPARE received from 30023 for REQUEST 1741751754181
[2025-03-12 12:55:55,280] [INFO] [30095] COMMIT received from 30023 for REQUEST 1741751754181
[2025-03-12 12:55:55,280] [INFO] [30095] PREPARE received from 30149 for REQUEST 1741751754181
[2025-03-12 12:55:55,280] [INFO] [30095] COMMIT received from 30149 for REQUEST 1741751754181
[2025-03-12 12:55:55,502] [INFO] [30095] PREPARE received from 30077 for REQUEST 1741751754181
[2025-03-12 12:55:55,502] [INFO] [30095] COMMIT received from 30077 for REQUEST 1741751754181
[2025-03-12 12:55:55,621] [INFO] [30095] COMMIT received from 30118 for REQUEST 1741751754181
[2025-03-12 12:55:55,708] [INFO] [30095] PREPARE received from 30144 for REQUEST 1741751754181
[2025-03-12 12:55:55,719] [INFO] [30095] COMMIT received from 30144 for REQUEST 1741751754181
[2025-03-12 12:55:55,865] [INFO] [30095] PREPARE received from 30116 for REQUEST 1741751754181
[2025-03-12 12:55:55,865] [INFO] [30095] COMMIT received from 30116 for REQUEST 1741751754181
[2025-03-12 12:55:55,965] [INFO] [30095] PREPARE received from 30094 for REQUEST 1741751754181
[2025-03-12 12:55:55,965] [INFO] [30095] COMMIT received from 30094 for REQUEST 1741751754181
[2025-03-12 12:55:55,996] [INFO] [30095] PREPARE received from 30002 for REQUEST 1741751754181
[2025-03-12 12:55:55,996] [INFO] [30095] COMMIT received from 30002 for REQUEST 1741751754181
[2025-03-12 12:55:56,074] [INFO] [30095] PREPARE received from 30132 for REQUEST 1741751754181
[2025-03-12 12:55:56,074] [INFO] [30095] COMMIT received from 30132 for REQUEST 1741751754181
[2025-03-12 12:55:56,172] [INFO] [30095] PREPARE received from 30137 for REQUEST 1741751754181
[2025-03-12 12:55:56,172] [INFO] [30095] COMMIT received from 30137 for REQUEST 1741751754181
[2025-03-12 12:55:56,319] [INFO] [30095] PREPARE received from 30041 for REQUEST 1741751754181
[2025-03-12 12:55:56,323] [INFO] [30095] COMMIT received from 30041 for REQUEST 1741751754181
[2025-03-12 12:55:56,330] [INFO] [30095] PREPARE received from 30155 for REQUEST 1741751754181
[2025-03-12 12:55:56,381] [INFO] [30095] COMMIT received from 30155 for REQUEST 1741751754181
[2025-03-12 12:55:56,404] [INFO] [30095] PREPARE received from 30110 for REQUEST 1741751754181
[2025-03-12 12:55:56,411] [INFO] [30095] PREPARE received from 30096 for REQUEST 1741751754181
[2025-03-12 12:55:56,411] [INFO] [30095] COMMIT received from 30110 for REQUEST 1741751754181
[2025-03-12 12:55:56,441] [INFO] [30095] COMMIT received from 30096 for REQUEST 1741751754181
[2025-03-12 12:55:56,530] [INFO] [30095] PREPARE received from 30126 for REQUEST 1741751754181
[2025-03-12 12:55:56,530] [INFO] [30095] COMMIT received from 30126 for REQUEST 1741751754181
[2025-03-12 12:55:56,646] [INFO] [30095] PREPARE received from 30049 for REQUEST 1741751754181
[2025-03-12 12:55:56,646] [INFO] [30095] COMMIT received from 30049 for REQUEST 1741751754181
[2025-03-12 12:55:56,743] [INFO] [30095] PREPARE received from 30102 for REQUEST 1741751754181
[2025-03-12 12:55:56,743] [INFO] [30095] COMMIT received from 30102 for REQUEST 1741751754181
[2025-03-12 12:55:56,830] [INFO] [30095] PREPARE received from 30025 for REQUEST 1741751754181
[2025-03-12 12:55:56,830] [INFO] [30095] COMMIT received from 30025 for REQUEST 1741751754181
[2025-03-12 12:55:56,921] [INFO] [30095] PREPARE received from 30001 for REQUEST 1741751754181
[2025-03-12 12:55:56,958] [INFO] [30095] COMMIT received from 30001 for REQUEST 1741751754181
[2025-03-12 12:55:56,965] [INFO] [30095] PREPARE received from 30058 for REQUEST 1741751754181
[2025-03-12 12:55:56,965] [INFO] [30095] PREPARE received from 30057 for REQUEST 1741751754181
[2025-03-12 12:55:56,979] [INFO] [30095] COMMIT received from 30057 for REQUEST 1741751754181
[2025-03-12 12:55:56,992] [INFO] [30095] COMMIT received from 30058 for REQUEST 1741751754181
[2025-03-12 12:55:56,992] [INFO] [30095] COMMIT received from 30108 for REQUEST 1741751754181
[2025-03-12 12:55:56,992] [INFO] [30095] PREPARE received from 30108 for REQUEST 1741751754181
[2025-03-12 12:55:56,998] [INFO] [30095] PREPARE received from 30016 for REQUEST 1741751754181
[2025-03-12 12:55:56,998] [INFO] [30095] COMMIT received from 30016 for REQUEST 1741751754181
[2025-03-12 12:55:57,109] [INFO] [30095] PREPARE received from 30019 for REQUEST 1741751754181
[2025-03-12 12:55:57,114] [INFO] [30095] COMMIT received from 30019 for REQUEST 1741751754181
[2025-03-12 12:55:57,114] [INFO] [30095] PREPARE received from 30088 for REQUEST 1741751754181
[2025-03-12 12:55:57,114] [INFO] [30095] COMMIT received from 30088 for REQUEST 1741751754181
[2025-03-12 12:56:51,944] [INFO] Node started: localhost:30095 | index=96 | f=1, k=4
[2025-03-12 12:58:03,720] [INFO] [30095] PRE-PREPARE received: {'request_id': 1741751883632, 'data': 'llapbft_message_1741751883632', 'timestamp': 1741751883.6611185, 'leader': 30041, 'cluster_id': 2, 'cluster_ports': [30006, 30009, 30013, 30019, 30020, 30023, 30029, 30035, 30039, 30041, 30042, 30044, 30045, 30046, 30059, 30061, 30063, 30076, 30080, 30081, 30088, 30094, 30095, 30097, 30107, 30111, 30112, 30113, 30116, 30119], 'cluster_manager': {'host': 'localhost', 'port': 30059, 'latitude': 36.6267944, 'longitude': 127.4592355, 'altitude': 23, 'offset_m': 'lat: 21 m, lng: 65 m, alt: 23 m'}, 'simulated_delay': 0.00023822222222222222, 'distance': 198.0624915658134, 'message_size_bits': 4288}
[2025-03-12 12:58:03,720] [INFO] [30095] Broadcasting PREPARE: REQUEST 1741751883632
[2025-03-12 12:58:03,864] [INFO] [30095] PREPARE received from 30061 for REQUEST 1741751883632
[2025-03-12 12:58:03,864] [INFO] [30095] Broadcasting COMMIT: REQUEST 1741751883632
[2025-03-12 12:58:03,874] [INFO] [30095] PREPARE received from 30019 for REQUEST 1741751883632
[2025-03-12 12:58:04,054] [INFO] [30095] COMMIT received from 30019 for REQUEST 1741751883632
[2025-03-12 12:58:04,101] [INFO] [30095] COMMIT received from 30061 for REQUEST 1741751883632
[2025-03-12 12:58:04,101] [INFO] [30095] COMMIT complete. Sending PRE-REPLY: REQUEST 1741751883632 directly to Manager 30059
[2025-03-12 12:58:04,186] [INFO] [30095] PREPARE received from 30063 for REQUEST 1741751883632
[2025-03-12 12:58:04,186] [INFO] [30095] COMMIT received from 30063 for REQUEST 1741751883632
[2025-03-12 12:58:04,272] [INFO] [30095] PREPARE received from 30116 for REQUEST 1741751883632
[2025-03-12 12:58:04,272] [INFO] [30095] COMMIT received from 30116 for REQUEST 1741751883632
[2025-03-12 12:58:04,339] [INFO] [30095] PREPARE received from 30119 for REQUEST 1741751883632
[2025-03-12 12:58:04,391] [INFO] [30095] COMMIT received from 30119 for REQUEST 1741751883632
[2025-03-12 12:58:04,391] [INFO] [30095] PREPARE received from 30013 for REQUEST 1741751883632
[2025-03-12 12:58:04,406] [INFO] [30095] PREPARE received from 30111 for REQUEST 1741751883632
[2025-03-12 12:58:04,411] [INFO] [30095] COMMIT received from 30013 for REQUEST 1741751883632
[2025-03-12 12:58:04,411] [INFO] [30095] COMMIT received from 30111 for REQUEST 1741751883632
[2025-03-12 12:58:04,411] [INFO] [30095] PREPARE received from 30006 for REQUEST 1741751883632
[2025-03-12 12:58:04,427] [INFO] [30095] PREPARE received from 30045 for REQUEST 1741751883632
[2025-03-12 12:58:04,430] [INFO] [30095] PREPARE received from 30046 for REQUEST 1741751883632
[2025-03-12 12:58:04,440] [INFO] [30095] PREPARE received from 30042 for REQUEST 1741751883632
[2025-03-12 12:58:04,462] [INFO] [30095] COMMIT received from 30045 for REQUEST 1741751883632
[2025-03-12 12:58:04,462] [INFO] [30095] COMMIT received from 30046 for REQUEST 1741751883632
[2025-03-12 12:58:04,462] [INFO] [30095] COMMIT received from 30042 for REQUEST 1741751883632
[2025-03-12 12:58:04,552] [INFO] [30095] COMMIT received from 30035 for REQUEST 1741751883632
[2025-03-12 12:58:04,552] [INFO] [30095] PREPARE received from 30035 for REQUEST 1741751883632
[2025-03-12 12:58:04,552] [INFO] [30095] PREPARE received from 30094 for REQUEST 1741751883632
[2025-03-12 12:58:04,579] [INFO] [30095] COMMIT received from 30094 for REQUEST 1741751883632
[2025-03-12 12:58:04,658] [INFO] [30095] PREPARE received from 30009 for REQUEST 1741751883632
[2025-03-12 12:58:04,704] [INFO] [30095] PREPARE received from 30044 for REQUEST 1741751883632
[2025-03-12 12:58:04,731] [INFO] [30095] COMMIT received from 30044 for REQUEST 1741751883632
[2025-03-12 12:58:04,731] [INFO] [30095] COMMIT received from 30009 for REQUEST 1741751883632
[2025-03-12 12:58:04,735] [INFO] [30095] COMMIT received from 30006 for REQUEST 1741751883632
[2025-03-12 12:58:04,758] [INFO] [30095] PREPARE received from 30039 for REQUEST 1741751883632
[2025-03-12 12:58:04,761] [INFO] [30095] PREPARE received from 30097 for REQUEST 1741751883632
[2025-03-12 12:58:04,761] [INFO] [30095] PREPARE received from 30076 for REQUEST 1741751883632
[2025-03-12 12:58:04,761] [INFO] [30095] COMMIT received from 30097 for REQUEST 1741751883632
[2025-03-12 12:58:04,761] [INFO] [30095] COMMIT received from 30039 for REQUEST 1741751883632
[2025-03-12 12:58:04,801] [INFO] [30095] PREPARE received from 30029 for REQUEST 1741751883632
[2025-03-12 12:58:04,801] [INFO] [30095] PREPARE received from 30020 for REQUEST 1741751883632
[2025-03-12 12:58:04,801] [INFO] [30095] COMMIT received from 30041 for REQUEST 1741751883632
[2025-03-12 12:58:04,804] [INFO] [30095] COMMIT received from 30076 for REQUEST 1741751883632
[2025-03-12 12:58:04,804] [INFO] [30095] PREPARE received from 30023 for REQUEST 1741751883632
[2025-03-12 12:58:04,804] [INFO] [30095] COMMIT received from 30029 for REQUEST 1741751883632
[2025-03-12 12:58:04,804] [INFO] [30095] COMMIT received from 30020 for REQUEST 1741751883632
[2025-03-12 12:58:04,829] [INFO] [30095] PREPARE received from 30112 for REQUEST 1741751883632
[2025-03-12 12:58:04,829] [INFO] [30095] COMMIT received from 30023 for REQUEST 1741751883632
[2025-03-12 12:58:04,851] [INFO] [30095] COMMIT received from 30112 for REQUEST 1741751883632
[2025-03-12 12:58:04,851] [INFO] [30095] PREPARE received from 30113 for REQUEST 1741751883632
[2025-03-12 12:58:04,851] [INFO] [30095] COMMIT received from 30113 for REQUEST 1741751883632
[2025-03-12 12:58:04,929] [INFO] [30095] PREPARE received from 30107 for REQUEST 1741751883632
[2025-03-12 12:58:04,929] [INFO] [30095] PREPARE received from 30080 for REQUEST 1741751883632
[2025-03-12 12:58:04,941] [INFO] [30095] COMMIT received from 30080 for REQUEST 1741751883632
[2025-03-12 12:58:04,941] [INFO] [30095] COMMIT received from 30107 for REQUEST 1741751883632
[2025-03-12 12:58:04,963] [INFO] [30095] PREPARE received from 30088 for REQUEST 1741751883632
[2025-03-12 12:58:04,963] [INFO] [30095] COMMIT received from 30088 for REQUEST 1741751883632
[2025-03-12 12:58:05,098] [INFO] [30095] PREPARE received from 30081 for REQUEST 1741751883632
[2025-03-12 12:58:05,098] [INFO] [30095] COMMIT received from 30081 for REQUEST 1741751883632
[2025-03-12 13:45:28,732] [INFO] [30095] PRE-PREPARE received: {'request_id': 1741754728638, 'data': 'llapbft_message_1741754728638', 'timestamp': 1741754728.6704988, 'leader': 30041, 'cluster_id': 2, 'cluster_ports': [30006, 30009, 30013, 30019, 30020, 30023, 30029, 30035, 30039, 30041, 30042, 30044, 30045, 30046, 30059, 30061, 30063, 30076, 30080, 30081, 30088, 30094, 30095, 30097, 30107, 30111, 30112, 30113, 30116, 30119], 'cluster_manager': {'host': 'localhost', 'port': 30059, 'latitude': 36.6267944, 'longitude': 127.4592355, 'altitude': 23, 'offset_m': 'lat: 21 m, lng: 65 m, alt: 23 m'}, 'simulated_delay': 0.00023822222222222222, 'distance': 198.0624915658134, 'message_size_bits': 4288}
[2025-03-12 13:45:28,744] [INFO] [30095] Broadcasting PREPARE: REQUEST 1741754728638
[2025-03-12 13:45:28,859] [INFO] [30095] PREPARE received from 30061 for REQUEST 1741754728638
[2025-03-12 13:45:28,859] [INFO] [30095] Broadcasting COMMIT: REQUEST 1741754728638
[2025-03-12 13:45:28,919] [INFO] [30095] PREPARE received from 30019 for REQUEST 1741754728638
[2025-03-12 13:45:28,983] [INFO] [30095] PREPARE received from 30116 for REQUEST 1741754728638
[2025-03-12 13:45:28,985] [INFO] [30095] PREPARE received from 30045 for REQUEST 1741754728638
[2025-03-12 13:45:29,119] [INFO] [30095] PREPARE received from 30006 for REQUEST 1741754728638
[2025-03-12 13:45:29,209] [INFO] [30095] COMMIT received from 30045 for REQUEST 1741754728638
[2025-03-12 13:45:29,212] [INFO] [30095] COMMIT received from 30116 for REQUEST 1741754728638
[2025-03-12 13:45:29,212] [INFO] [30095] COMMIT complete. Sending PRE-REPLY: REQUEST 1741754728638 directly to Manager 30059
[2025-03-12 13:45:29,222] [INFO] [30095] PREPARE received from 30094 for REQUEST 1741754728638
[2025-03-12 13:45:29,262] [INFO] [30095] COMMIT received from 30061 for REQUEST 1741754728638
[2025-03-12 13:45:29,281] [INFO] [30095] COMMIT received from 30094 for REQUEST 1741754728638
[2025-03-12 13:45:29,328] [INFO] [30095] PREPARE received from 30113 for REQUEST 1741754728638
[2025-03-12 13:45:29,352] [INFO] [30095] COMMIT received from 30113 for REQUEST 1741754728638
[2025-03-12 13:45:29,352] [INFO] [30095] COMMIT received from 30019 for REQUEST 1741754728638
[2025-03-12 13:45:29,352] [INFO] [30095] PREPARE received from 30013 for REQUEST 1741754728638
[2025-03-12 13:45:29,352] [INFO] [30095] PREPARE received from 30063 for REQUEST 1741754728638
[2025-03-12 13:45:29,411] [INFO] [30095] COMMIT received from 30013 for REQUEST 1741754728638
[2025-03-12 13:45:29,412] [INFO] [30095] COMMIT received from 30063 for REQUEST 1741754728638
[2025-03-12 13:45:29,412] [INFO] [30095] PREPARE received from 30119 for REQUEST 1741754728638
[2025-03-12 13:45:29,424] [INFO] [30095] COMMIT received from 30119 for REQUEST 1741754728638
[2025-03-12 13:45:29,430] [INFO] [30095] PREPARE received from 30042 for REQUEST 1741754728638
[2025-03-12 13:45:29,430] [INFO] [30095] COMMIT received from 30042 for REQUEST 1741754728638
[2025-03-12 13:45:29,474] [INFO] [30095] COMMIT received from 30006 for REQUEST 1741754728638
[2025-03-12 13:45:29,474] [INFO] [30095] PREPARE received from 30044 for REQUEST 1741754728638
[2025-03-12 13:45:29,487] [INFO] [30095] PREPARE received from 30009 for REQUEST 1741754728638
[2025-03-12 13:45:29,514] [INFO] [30095] COMMIT received from 30044 for REQUEST 1741754728638
[2025-03-12 13:45:29,561] [INFO] [30095] COMMIT received from 30009 for REQUEST 1741754728638
[2025-03-12 13:45:29,568] [INFO] [30095] PREPARE received from 30029 for REQUEST 1741754728638
[2025-03-12 13:45:29,568] [INFO] [30095] COMMIT received from 30029 for REQUEST 1741754728638
[2025-03-12 13:45:29,628] [INFO] [30095] PREPARE received from 30023 for REQUEST 1741754728638
[2025-03-12 13:45:29,628] [INFO] [30095] COMMIT received from 30041 for REQUEST 1741754728638
[2025-03-12 13:45:29,628] [INFO] [30095] COMMIT received from 30023 for REQUEST 1741754728638
[2025-03-12 13:45:29,648] [INFO] [30095] PREPARE received from 30097 for REQUEST 1741754728638
[2025-03-12 13:45:29,652] [INFO] [30095] COMMIT received from 30097 for REQUEST 1741754728638
[2025-03-12 13:45:29,732] [INFO] [30095] COMMIT received from 30080 for REQUEST 1741754728638
[2025-03-12 13:45:29,732] [INFO] [30095] PREPARE received from 30080 for REQUEST 1741754728638
[2025-03-12 13:45:29,736] [INFO] [30095] PREPARE received from 30112 for REQUEST 1741754728638
[2025-03-12 13:45:29,762] [INFO] [30095] PREPARE received from 30020 for REQUEST 1741754728638
[2025-03-12 13:45:29,762] [INFO] [30095] COMMIT received from 30112 for REQUEST 1741754728638
[2025-03-12 13:45:29,762] [INFO] [30095] COMMIT received from 30020 for REQUEST 1741754728638
[2025-03-12 13:45:29,791] [INFO] [30095] PREPARE received from 30046 for REQUEST 1741754728638
[2025-03-12 13:45:29,791] [INFO] [30095] COMMIT received from 30046 for REQUEST 1741754728638
[2025-03-12 13:45:29,803] [INFO] [30095] PREPARE received from 30076 for REQUEST 1741754728638
[2025-03-12 13:45:29,838] [INFO] [30095] COMMIT received from 30076 for REQUEST 1741754728638
[2025-03-12 13:45:29,838] [INFO] [30095] PREPARE received from 30111 for REQUEST 1741754728638
[2025-03-12 13:45:29,847] [INFO] [30095] COMMIT received from 30111 for REQUEST 1741754728638
[2025-03-12 13:45:29,924] [INFO] [30095] PREPARE received from 30088 for REQUEST 1741754728638
[2025-03-12 13:45:29,924] [INFO] [30095] PREPARE received from 30107 for REQUEST 1741754728638
[2025-03-12 13:45:29,932] [INFO] [30095] COMMIT received from 30088 for REQUEST 1741754728638
[2025-03-12 13:45:29,932] [INFO] [30095] COMMIT received from 30107 for REQUEST 1741754728638
[2025-03-12 13:45:29,963] [INFO] [30095] PREPARE received from 30035 for REQUEST 1741754728638
[2025-03-12 13:45:29,963] [INFO] [30095] COMMIT received from 30035 for REQUEST 1741754728638
[2025-03-12 13:45:30,074] [INFO] [30095] PREPARE received from 30039 for REQUEST 1741754728638
[2025-03-12 13:45:30,081] [INFO] [30095] COMMIT received from 30039 for REQUEST 1741754728638
[2025-03-12 13:45:30,092] [INFO] [30095] PREPARE received from 30081 for REQUEST 1741754728638
[2025-03-12 13:45:30,094] [INFO] [30095] COMMIT received from 30081 for REQUEST 1741754728638
[2025-03-12 13:45:36,090] [INFO] [30095] PRE-PREPARE received: {'request_id': 1741754736031, 'data': 'llapbft_message_1741754736031', 'timestamp': 1741754736.063827, 'leader': 30041, 'cluster_id': 2, 'cluster_ports': [30006, 30009, 30013, 30019, 30020, 30023, 30029, 30035, 30039, 30041, 30042, 30044, 30045, 30046, 30059, 30061, 30063, 30076, 30080, 30081, 30088, 30094, 30095, 30097, 30107, 30111, 30112, 30113, 30116, 30119], 'cluster_manager': {'host': 'localhost', 'port': 30059, 'latitude': 36.6267944, 'longitude': 127.4592355, 'altitude': 23, 'offset_m': 'lat: 21 m, lng: 65 m, alt: 23 m'}, 'simulated_delay': 0.00023777777777777778, 'distance': 198.0624915658134, 'message_size_bits': 4280}
[2025-03-12 13:45:36,090] [INFO] [30095] Broadcasting PREPARE: REQUEST 1741754736031
[2025-03-12 13:45:36,143] [INFO] [30095] PREPARE received from 30063 for REQUEST 1741754736031
[2025-03-12 13:45:36,143] [INFO] [30095] Broadcasting COMMIT: REQUEST 1741754736031
[2025-03-12 13:45:36,143] [INFO] [30095] PREPARE received from 30044 for REQUEST 1741754736031
[2025-03-12 13:45:36,143] [INFO] [30095] PREPARE received from 30023 for REQUEST 1741754736031
[2025-03-12 13:45:36,143] [INFO] [30095] PREPARE received from 30013 for REQUEST 1741754736031
[2025-03-12 13:45:36,143] [INFO] [30095] PREPARE received from 30116 for REQUEST 1741754736031
[2025-03-12 13:45:36,143] [INFO] [30095] PREPARE received from 30009 for REQUEST 1741754736031
[2025-03-12 13:45:36,145] [INFO] [30095] COMMIT received from 30063 for REQUEST 1741754736031
[2025-03-12 13:45:36,145] [INFO] [30095] PREPARE received from 30045 for REQUEST 1741754736031
[2025-03-12 13:45:36,145] [INFO] [30095] PREPARE received from 30094 for REQUEST 1741754736031
[2025-03-12 13:45:36,145] [INFO] [30095] PREPARE received from 30107 for REQUEST 1741754736031
[2025-03-12 13:45:36,145] [INFO] [30095] PREPARE received from 30097 for REQUEST 1741754736031
[2025-03-12 13:45:36,145] [INFO] [30095] COMMIT received from 30081 for REQUEST 1741754736031
[2025-03-12 13:45:36,145] [INFO] [30095] COMMIT complete. Sending PRE-REPLY: REQUEST 1741754736031 directly to Manager 30059
[2025-03-12 13:45:36,145] [INFO] [30095] COMMIT received from 30045 for REQUEST 1741754736031
[2025-03-12 13:45:36,145] [INFO] [30095] PREPARE received from 30081 for REQUEST 1741754736031
[2025-03-12 13:45:36,148] [INFO] [30095] COMMIT received from 30094 for REQUEST 1741754736031
[2025-03-12 13:45:36,148] [INFO] [30095] COMMIT received from 30097 for REQUEST 1741754736031
[2025-03-12 13:45:36,148] [INFO] [30095] PREPARE received from 30076 for REQUEST 1741754736031
[2025-03-12 13:45:36,148] [INFO] [30095] PREPARE received from 30080 for REQUEST 1741754736031
[2025-03-12 13:45:36,148] [INFO] [30095] COMMIT received from 30042 for REQUEST 1741754736031
[2025-03-12 13:45:36,148] [INFO] [30095] PREPARE received from 30020 for REQUEST 1741754736031
[2025-03-12 13:45:36,148] [INFO] [30095] COMMIT received from 30080 for REQUEST 1741754736031
[2025-03-12 13:45:36,148] [INFO] [30095] COMMIT received from 30107 for REQUEST 1741754736031
[2025-03-12 13:45:36,150] [INFO] [30095] COMMIT received from 30044 for REQUEST 1741754736031
[2025-03-12 13:45:36,150] [INFO] [30095] COMMIT received from 30076 for REQUEST 1741754736031
[2025-03-12 13:45:36,150] [INFO] [30095] COMMIT received from 30116 for REQUEST 1741754736031
[2025-03-12 13:45:36,150] [INFO] [30095] COMMIT received from 30113 for REQUEST 1741754736031
[2025-03-12 13:45:36,150] [INFO] [30095] COMMIT received from 30029 for REQUEST 1741754736031
[2025-03-12 13:45:36,150] [INFO] [30095] PREPARE received from 30042 for REQUEST 1741754736031
[2025-03-12 13:45:36,150] [INFO] [30095] PREPARE received from 30113 for REQUEST 1741754736031
[2025-03-12 13:45:36,150] [INFO] [30095] PREPARE received from 30029 for REQUEST 1741754736031
[2025-03-12 13:45:36,150] [INFO] [30095] PREPARE received from 30006 for REQUEST 1741754736031
[2025-03-12 13:45:36,157] [INFO] [30095] PREPARE received from 30039 for REQUEST 1741754736031
[2025-03-12 13:45:36,158] [INFO] [30095] COMMIT received from 30020 for REQUEST 1741754736031
[2025-03-12 13:45:36,158] [INFO] [30095] COMMIT received from 30023 for REQUEST 1741754736031
[2025-03-12 13:45:36,184] [INFO] [30095] PREPARE received from 30035 for REQUEST 1741754736031
[2025-03-12 13:45:36,186] [INFO] [30095] COMMIT received from 30041 for REQUEST 1741754736031
[2025-03-12 13:45:36,186] [INFO] [30095] PREPARE received from 30061 for REQUEST 1741754736031
[2025-03-12 13:45:36,186] [INFO] [30095] PREPARE received from 30088 for REQUEST 1741754736031
[2025-03-12 13:45:36,188] [INFO] [30095] PREPARE received from 30019 for REQUEST 1741754736031
[2025-03-12 13:45:36,188] [INFO] [30095] COMMIT received from 30035 for REQUEST 1741754736031
[2025-03-12 13:45:36,188] [INFO] [30095] COMMIT received from 30088 for REQUEST 1741754736031
[2025-03-12 13:45:36,188] [INFO] [30095] COMMIT received from 30006 for REQUEST 1741754736031
[2025-03-12 13:45:36,188] [INFO] [30095] COMMIT received from 30061 for REQUEST 1741754736031
[2025-03-12 13:45:36,188] [INFO] [30095] COMMIT received from 30019 for REQUEST 1741754736031
[2025-03-12 13:45:36,188] [INFO] [30095] COMMIT received from 30039 for REQUEST 1741754736031
[2025-03-12 13:45:36,224] [INFO] [30095] PREPARE received from 30119 for REQUEST 1741754736031
[2025-03-12 13:45:36,241] [INFO] [30095] PREPARE received from 30112 for REQUEST 1741754736031
[2025-03-12 13:45:36,385] [INFO] [30095] COMMIT received from 30013 for REQUEST 1741754736031
[2025-03-12 13:45:36,397] [INFO] [30095] PREPARE received from 30111 for REQUEST 1741754736031
[2025-03-12 13:45:36,439] [INFO] [30095] COMMIT received from 30112 for REQUEST 1741754736031
[2025-03-12 13:45:36,460] [INFO] [30095] COMMIT received from 30119 for REQUEST 1741754736031
[2025-03-12 13:45:36,460] [INFO] [30095] PREPARE received from 30046 for REQUEST 1741754736031
[2025-03-12 13:45:36,528] [INFO] [30095] COMMIT received from 30111 for REQUEST 1741754736031
[2025-03-12 13:45:36,553] [INFO] [30095] COMMIT received from 30009 for REQUEST 1741754736031
[2025-03-12 13:45:36,559] [INFO] [30095] COMMIT received from 30046 for REQUEST 1741754736031
[2025-03-12 13:45:47,413] [INFO] [30095] PRE-PREPARE received: {'request_id': 1741754747345, 'data': 'llapbft_message_1741754747345', 'timestamp': 1741754747.370292, 'leader': 30041, 'cluster_id': 2, 'cluster_ports': [30006, 30009, 30013, 30019, 30020, 30023, 30029, 30035, 30039, 30041, 30042, 30044, 30045, 30046, 30059, 30061, 30063, 30076, 30080, 30081, 30088, 30094, 30095, 30097, 30107, 30111, 30112, 30113, 30116, 30119], 'cluster_manager': {'host': 'localhost', 'port': 30059, 'latitude': 36.6267944, 'longitude': 127.4592355, 'altitude': 23, 'offset_m': 'lat: 21 m, lng: 65 m, alt: 23 m'}, 'simulated_delay': 0.00023777777777777778, 'distance': 198.0624915658134, 'message_size_bits': 4280}
[2025-03-12 13:45:47,413] [INFO] [30095] Broadcasting PREPARE: REQUEST 1741754747345
[2025-03-12 13:45:47,429] [INFO] [30095] PREPARE received from 30080 for REQUEST 1741754747345
[2025-03-12 13:45:47,429] [INFO] [30095] Broadcasting COMMIT: REQUEST 1741754747345
[2025-03-12 13:45:47,543] [INFO] [30095] COMMIT received from 30111 for REQUEST 1741754747345
[2025-03-12 13:45:47,543] [INFO] [30095] PREPARE received from 30009 for REQUEST 1741754747345
[2025-03-12 13:45:47,543] [INFO] [30095] PREPARE received from 30094 for REQUEST 1741754747345
[2025-03-12 13:45:47,543] [INFO] [30095] COMMIT received from 30041 for REQUEST 1741754747345
[2025-03-12 13:45:47,545] [INFO] [30095] COMMIT complete. Sending PRE-REPLY: REQUEST 1741754747345 directly to Manager 30059
[2025-03-12 13:45:47,545] [INFO] [30095] PREPARE received from 30081 for REQUEST 1741754747345
[2025-03-12 13:45:47,545] [INFO] [30095] PREPARE received from 30039 for REQUEST 1741754747345
[2025-03-12 13:45:47,545] [INFO] [30095] PREPARE received from 30006 for REQUEST 1741754747345
[2025-03-12 13:45:47,545] [INFO] [30095] COMMIT received from 30035 for REQUEST 1741754747345
[2025-03-12 13:45:47,547] [INFO] [30095] PREPARE received from 30111 for REQUEST 1741754747345
[2025-03-12 13:45:47,547] [INFO] [30095] PREPARE received from 30035 for REQUEST 1741754747345
[2025-03-12 13:45:47,547] [INFO] [30095] PREPARE received from 30112 for REQUEST 1741754747345
[2025-03-12 13:45:47,547] [INFO] [30095] PREPARE received from 30046 for REQUEST 1741754747345
[2025-03-12 13:45:47,547] [INFO] [30095] PREPARE received from 30020 for REQUEST 1741754747345
[2025-03-12 13:45:47,603] [INFO] [30095] COMMIT received from 30094 for REQUEST 1741754747345
[2025-03-12 13:45:47,603] [INFO] [30095] PREPARE received from 30063 for REQUEST 1741754747345
[2025-03-12 13:45:47,603] [INFO] [30095] PREPARE received from 30013 for REQUEST 1741754747345
[2025-03-12 13:45:47,603] [INFO] [30095] PREPARE received from 30045 for REQUEST 1741754747345
[2025-03-12 13:45:47,605] [INFO] [30095] PREPARE received from 30023 for REQUEST 1741754747345
[2025-03-12 13:45:47,606] [INFO] [30095] COMMIT received from 30080 for REQUEST 1741754747345
[2025-03-12 13:45:47,606] [INFO] [30095] PREPARE received from 30076 for REQUEST 1741754747345
[2025-03-12 13:45:47,606] [INFO] [30095] PREPARE received from 30113 for REQUEST 1741754747345
[2025-03-12 13:45:47,610] [INFO] [30095] PREPARE received from 30107 for REQUEST 1741754747345
[2025-03-12 13:45:47,673] [INFO] [30095] COMMIT received from 30023 for REQUEST 1741754747345
[2025-03-12 13:45:47,674] [INFO] [30095] COMMIT received from 30076 for REQUEST 1741754747345
[2025-03-12 13:45:47,674] [INFO] [30095] PREPARE received from 30042 for REQUEST 1741754747345
[2025-03-12 13:45:47,674] [INFO] [30095] PREPARE received from 30061 for REQUEST 1741754747345
[2025-03-12 13:45:47,674] [INFO] [30095] PREPARE received from 30116 for REQUEST 1741754747345
[2025-03-12 13:45:47,674] [INFO] [30095] PREPARE received from 30097 for REQUEST 1741754747345
[2025-03-12 13:45:47,676] [INFO] [30095] COMMIT received from 30061 for REQUEST 1741754747345
[2025-03-12 13:45:47,676] [INFO] [30095] COMMIT received from 30097 for REQUEST 1741754747345
[2025-03-12 13:45:47,676] [INFO] [30095] COMMIT received from 30081 for REQUEST 1741754747345
[2025-03-12 13:45:47,676] [INFO] [30095] PREPARE received from 30044 for REQUEST 1741754747345
[2025-03-12 13:45:47,676] [INFO] [30095] PREPARE received from 30119 for REQUEST 1741754747345
[2025-03-12 13:45:47,676] [INFO] [30095] COMMIT received from 30042 for REQUEST 1741754747345
[2025-03-12 13:45:47,676] [INFO] [30095] COMMIT received from 30044 for REQUEST 1741754747345
[2025-03-12 13:45:47,676] [INFO] [30095] COMMIT received from 30116 for REQUEST 1741754747345
[2025-03-12 13:45:47,678] [INFO] [30095] PREPARE received from 30088 for REQUEST 1741754747345
[2025-03-12 13:45:47,678] [INFO] [30095] PREPARE received from 30029 for REQUEST 1741754747345
[2025-03-12 13:45:47,678] [INFO] [30095] PREPARE received from 30019 for REQUEST 1741754747345
[2025-03-12 13:45:47,678] [INFO] [30095] COMMIT received from 30088 for REQUEST 1741754747345
[2025-03-12 13:45:47,678] [INFO] [30095] COMMIT received from 30006 for REQUEST 1741754747345
[2025-03-12 13:45:47,685] [INFO] [30095] COMMIT received from 30020 for REQUEST 1741754747345
[2025-03-12 13:45:47,701] [INFO] [30095] COMMIT received from 30019 for REQUEST 1741754747345
[2025-03-12 13:45:47,713] [INFO] [30095] COMMIT received from 30045 for REQUEST 1741754747345
[2025-03-12 13:45:47,756] [INFO] [30095] COMMIT received from 30063 for REQUEST 1741754747345
[2025-03-12 13:45:47,760] [INFO] [30095] COMMIT received from 30039 for REQUEST 1741754747345
[2025-03-12 13:45:47,772] [INFO] [30095] COMMIT received from 30107 for REQUEST 1741754747345
[2025-03-12 13:45:47,794] [INFO] [30095] COMMIT received from 30119 for REQUEST 1741754747345
[2025-03-12 13:45:47,812] [INFO] [30095] COMMIT received from 30029 for REQUEST 1741754747345
[2025-03-12 13:45:47,814] [INFO] [30095] COMMIT received from 30013 for REQUEST 1741754747345
[2025-03-12 13:45:47,816] [INFO] [30095] COMMIT received from 30113 for REQUEST 1741754747345
[2025-03-12 13:45:47,857] [INFO] [30095] COMMIT received from 30112 for REQUEST 1741754747345
[2025-03-12 13:45:47,890] [INFO] [30095] COMMIT received from 30046 for REQUEST 1741754747345
[2025-03-12 13:45:47,891] [INFO] [30095] COMMIT received from 30009 for REQUEST 1741754747345
[2025-03-12 13:45:59,125] [INFO] [30095] PRE-PREPARE received: {'request_id': 1741754759008, 'data': 'llapbft_message_1741754759008', 'timestamp': 1741754759.0302613, 'leader': 30041, 'cluster_id': 2, 'cluster_ports': [30006, 30009, 30013, 30019, 30020, 30023, 30029, 30035, 30039, 30041, 30042, 30044, 30045, 30046, 30059, 30061, 30063, 30076, 30080, 30081, 30088, 30094, 30095, 30097, 30107, 30111, 30112, 30113, 30116, 30119], 'cluster_manager': {'host': 'localhost', 'port': 30059, 'latitude': 36.6267944, 'longitude': 127.4592355, 'altitude': 23, 'offset_m': 'lat: 21 m, lng: 65 m, alt: 23 m'}, 'simulated_delay': 0.00023822222222222222, 'distance': 198.0624915658134, 'message_size_bits': 4288}
[2025-03-12 13:45:59,125] [INFO] [30095] Broadcasting PREPARE: REQUEST 1741754759008
[2025-03-12 13:45:59,131] [INFO] [30095] PREPARE received from 30035 for REQUEST 1741754759008
[2025-03-12 13:45:59,131] [INFO] [30095] Broadcasting COMMIT: REQUEST 1741754759008
[2025-03-12 13:45:59,131] [INFO] [30095] PREPARE received from 30013 for REQUEST 1741754759008
[2025-03-12 13:45:59,131] [INFO] [30095] COMMIT received from 30061 for REQUEST 1741754759008
[2025-03-12 13:45:59,131] [INFO] [30095] PREPARE received from 30023 for REQUEST 1741754759008
[2025-03-12 13:45:59,131] [INFO] [30095] COMMIT received from 30112 for REQUEST 1741754759008
[2025-03-12 13:45:59,131] [INFO] [30095] COMMIT complete. Sending PRE-REPLY: REQUEST 1741754759008 directly to Manager 30059
[2025-03-12 13:45:59,133] [INFO] [30095] PREPARE received from 30063 for REQUEST 1741754759008
[2025-03-12 13:45:59,133] [INFO] [30095] PREPARE received from 30061 for REQUEST 1741754759008
[2025-03-12 13:45:59,133] [INFO] [30095] PREPARE received from 30088 for REQUEST 1741754759008
[2025-03-12 13:45:59,133] [INFO] [30095] PREPARE received from 30045 for REQUEST 1741754759008
[2025-03-12 13:45:59,133] [INFO] [30095] PREPARE received from 30019 for REQUEST 1741754759008
[2025-03-12 13:45:59,133] [INFO] [30095] PREPARE received from 30112 for REQUEST 1741754759008
[2025-03-12 13:45:59,133] [INFO] [30095] COMMIT received from 30023 for REQUEST 1741754759008
[2025-03-12 13:45:59,133] [INFO] [30095] COMMIT received from 30035 for REQUEST 1741754759008
[2025-03-12 13:45:59,139] [INFO] [30095] PREPARE received from 30080 for REQUEST 1741754759008
[2025-03-12 13:45:59,247] [INFO] [30095] COMMIT received from 30088 for REQUEST 1741754759008
[2025-03-12 13:45:59,251] [INFO] [30095] PREPARE received from 30042 for REQUEST 1741754759008
[2025-03-12 13:45:59,451] [INFO] [30095] PREPARE received from 30111 for REQUEST 1741754759008
[2025-03-12 13:45:59,451] [INFO] [30095] COMMIT received from 30044 for REQUEST 1741754759008
[2025-03-12 13:45:59,451] [INFO] [30095] COMMIT received from 30116 for REQUEST 1741754759008
[2025-03-12 13:45:59,451] [INFO] [30095] COMMIT received from 30009 for REQUEST 1741754759008
[2025-03-12 13:45:59,451] [INFO] [30095] PREPARE received from 30094 for REQUEST 1741754759008
[2025-03-12 13:45:59,451] [INFO] [30095] PREPARE received from 30097 for REQUEST 1741754759008
[2025-03-12 13:45:59,453] [INFO] [30095] PREPARE received from 30006 for REQUEST 1741754759008
[2025-03-12 13:45:59,453] [INFO] [30095] COMMIT received from 30094 for REQUEST 1741754759008
[2025-03-12 13:45:59,453] [INFO] [30095] COMMIT received from 30006 for REQUEST 1741754759008
[2025-03-12 13:45:59,453] [INFO] [30095] PREPARE received from 30076 for REQUEST 1741754759008
[2025-03-12 13:45:59,453] [INFO] [30095] COMMIT received from 30029 for REQUEST 1741754759008
[2025-03-12 13:45:59,454] [INFO] [30095] PREPARE received from 30020 for REQUEST 1741754759008
[2025-03-12 13:45:59,454] [INFO] [30095] PREPARE received from 30044 for REQUEST 1741754759008
[2025-03-12 13:45:59,454] [INFO] [30095] PREPARE received from 30116 for REQUEST 1741754759008
[2025-03-12 13:45:59,454] [INFO] [30095] PREPARE received from 30113 for REQUEST 1741754759008
[2025-03-12 13:45:59,454] [INFO] [30095] PREPARE received from 30039 for REQUEST 1741754759008
[2025-03-12 13:45:59,454] [INFO] [30095] PREPARE received from 30029 for REQUEST 1741754759008
[2025-03-12 13:45:59,456] [INFO] [30095] COMMIT received from 30020 for REQUEST 1741754759008
[2025-03-12 13:45:59,456] [INFO] [30095] PREPARE received from 30009 for REQUEST 1741754759008
[2025-03-12 13:45:59,486] [INFO] [30095] PREPARE received from 30046 for REQUEST 1741754759008
[2025-03-12 13:45:59,489] [INFO] [30095] COMMIT received from 30063 for REQUEST 1741754759008
[2025-03-12 13:45:59,492] [INFO] [30095] COMMIT received from 30111 for REQUEST 1741754759008
[2025-03-12 13:45:59,494] [INFO] [30095] COMMIT received from 30045 for REQUEST 1741754759008
[2025-03-12 13:45:59,498] [INFO] [30095] COMMIT received from 30097 for REQUEST 1741754759008
[2025-03-12 13:45:59,500] [INFO] [30095] COMMIT received from 30113 for REQUEST 1741754759008
[2025-03-12 13:45:59,503] [INFO] [30095] PREPARE received from 30107 for REQUEST 1741754759008
[2025-03-12 13:45:59,503] [INFO] [30095] COMMIT received from 30081 for REQUEST 1741754759008
[2025-03-12 13:45:59,503] [INFO] [30095] PREPARE received from 30081 for REQUEST 1741754759008
[2025-03-12 13:45:59,505] [INFO] [30095] COMMIT received from 30042 for REQUEST 1741754759008
[2025-03-12 13:45:59,506] [INFO] [30095] COMMIT received from 30076 for REQUEST 1741754759008
[2025-03-12 13:45:59,507] [INFO] [30095] COMMIT received from 30046 for REQUEST 1741754759008
[2025-03-12 13:45:59,508] [INFO] [30095] COMMIT received from 30119 for REQUEST 1741754759008
[2025-03-12 13:45:59,508] [INFO] [30095] COMMIT received from 30041 for REQUEST 1741754759008
[2025-03-12 13:45:59,510] [INFO] [30095] COMMIT received from 30039 for REQUEST 1741754759008
[2025-03-12 13:45:59,510] [INFO] [30095] COMMIT received from 30019 for REQUEST 1741754759008
[2025-03-12 13:45:59,510] [INFO] [30095] PREPARE received from 30119 for REQUEST 1741754759008
[2025-03-12 13:45:59,511] [INFO] [30095] COMMIT received from 30013 for REQUEST 1741754759008
[2025-03-12 13:45:59,518] [INFO] [30095] COMMIT received from 30107 for REQUEST 1741754759008
[2025-03-12 13:45:59,561] [INFO] [30095] COMMIT received from 30080 for REQUEST 1741754759008
[2025-03-12 13:46:11,383] [INFO] [30095] PRE-PREPARE received: {'request_id': 1741754771266, 'data': 'llapbft_message_1741754771266', 'timestamp': 1741754771.2983816, 'leader': 30041, 'cluster_id': 2, 'cluster_ports': [30006, 30009, 30013, 30019, 30020, 30023, 30029, 30035, 30039, 30041, 30042, 30044, 30045, 30046, 30059, 30061, 30063, 30076, 30080, 30081, 30088, 30094, 30095, 30097, 30107, 30111, 30112, 30113, 30116, 30119], 'cluster_manager': {'host': 'localhost', 'port': 30059, 'latitude': 36.6267944, 'longitude': 127.4592355, 'altitude': 23, 'offset_m': 'lat: 21 m, lng: 65 m, alt: 23 m'}, 'simulated_delay': 0.00023822222222222222, 'distance': 198.0624915658134, 'message_size_bits': 4288}
[2025-03-12 13:46:11,383] [INFO] [30095] Broadcasting PREPARE: REQUEST 1741754771266
[2025-03-12 13:46:11,389] [INFO] [30095] PREPARE received from 30088 for REQUEST 1741754771266
[2025-03-12 13:46:11,389] [INFO] [30095] Broadcasting COMMIT: REQUEST 1741754771266
[2025-03-12 13:46:11,389] [INFO] [30095] PREPARE received from 30039 for REQUEST 1741754771266
[2025-03-12 13:46:11,396] [INFO] [30095] PREPARE received from 30061 for REQUEST 1741754771266
[2025-03-12 13:46:11,481] [INFO] [30095] PREPARE received from 30013 for REQUEST 1741754771266
[2025-03-12 13:46:11,481] [INFO] [30095] PREPARE received from 30111 for REQUEST 1741754771266
[2025-03-12 13:46:11,481] [INFO] [30095] PREPARE received from 30045 for REQUEST 1741754771266
[2025-03-12 13:46:11,550] [INFO] [30095] PREPARE received from 30063 for REQUEST 1741754771266
[2025-03-12 13:46:11,550] [INFO] [30095] COMMIT received from 30107 for REQUEST 1741754771266
[2025-03-12 13:46:11,552] [INFO] [30095] COMMIT received from 30112 for REQUEST 1741754771266
[2025-03-12 13:46:11,552] [INFO] [30095] COMMIT complete. Sending PRE-REPLY: REQUEST 1741754771266 directly to Manager 30059
[2025-03-12 13:46:11,552] [INFO] [30095] PREPARE received from 30081 for REQUEST 1741754771266
[2025-03-12 13:46:11,552] [INFO] [30095] COMMIT received from 30013 for REQUEST 1741754771266
[2025-03-12 13:46:11,554] [INFO] [30095] COMMIT received from 30080 for REQUEST 1741754771266
[2025-03-12 13:46:11,554] [INFO] [30095] PREPARE received from 30042 for REQUEST 1741754771266
[2025-03-12 13:46:11,554] [INFO] [30095] PREPARE received from 30080 for REQUEST 1741754771266
[2025-03-12 13:46:11,554] [INFO] [30095] COMMIT received from 30061 for REQUEST 1741754771266
[2025-03-12 13:46:11,554] [INFO] [30095] PREPARE received from 30044 for REQUEST 1741754771266
[2025-03-12 13:46:11,554] [INFO] [30095] PREPARE received from 30116 for REQUEST 1741754771266
[2025-03-12 13:46:11,554] [INFO] [30095] PREPARE received from 30046 for REQUEST 1741754771266
[2025-03-12 13:46:11,554] [INFO] [30095] COMMIT received from 30119 for REQUEST 1741754771266
[2025-03-12 13:46:11,554] [INFO] [30095] COMMIT received from 30042 for REQUEST 1741754771266
[2025-03-12 13:46:11,554] [INFO] [30095] PREPARE received from 30009 for REQUEST 1741754771266
[2025-03-12 13:46:11,556] [INFO] [30095] COMMIT received from 30111 for REQUEST 1741754771266
[2025-03-12 13:46:11,556] [INFO] [30095] COMMIT received from 30044 for REQUEST 1741754771266
[2025-03-12 13:46:11,556] [INFO] [30095] COMMIT received from 30094 for REQUEST 1741754771266
[2025-03-12 13:46:11,556] [INFO] [30095] COMMIT received from 30046 for REQUEST 1741754771266
[2025-03-12 13:46:11,556] [INFO] [30095] PREPARE received from 30023 for REQUEST 1741754771266
[2025-03-12 13:46:11,556] [INFO] [30095] PREPARE received from 30094 for REQUEST 1741754771266
[2025-03-12 13:46:11,556] [INFO] [30095] PREPARE received from 30006 for REQUEST 1741754771266
[2025-03-12 13:46:11,556] [INFO] [30095] PREPARE received from 30035 for REQUEST 1741754771266
[2025-03-12 13:46:11,558] [INFO] [30095] PREPARE received from 30107 for REQUEST 1741754771266
[2025-03-12 13:46:11,558] [INFO] [30095] PREPARE received from 30112 for REQUEST 1741754771266
[2025-03-12 13:46:11,558] [INFO] [30095] COMMIT received from 30113 for REQUEST 1741754771266
[2025-03-12 13:46:11,558] [INFO] [30095] PREPARE received from 30019 for REQUEST 1741754771266
[2025-03-12 13:46:11,558] [INFO] [30095] PREPARE received from 30029 for REQUEST 1741754771266
[2025-03-12 13:46:11,559] [INFO] [30095] PREPARE received from 30113 for REQUEST 1741754771266
[2025-03-12 13:46:11,559] [INFO] [30095] PREPARE received from 30020 for REQUEST 1741754771266
[2025-03-12 13:46:11,559] [INFO] [30095] PREPARE received from 30119 for REQUEST 1741754771266
[2025-03-12 13:46:11,561] [INFO] [30095] COMMIT received from 30023 for REQUEST 1741754771266
[2025-03-12 13:46:11,561] [INFO] [30095] COMMIT received from 30045 for REQUEST 1741754771266
[2025-03-12 13:46:11,561] [INFO] [30095] COMMIT received from 30039 for REQUEST 1741754771266
[2025-03-12 13:46:11,563] [INFO] [30095] PREPARE received from 30097 for REQUEST 1741754771266
[2025-03-12 13:46:11,563] [INFO] [30095] COMMIT received from 30029 for REQUEST 1741754771266
[2025-03-12 13:46:11,563] [INFO] [30095] COMMIT received from 30097 for REQUEST 1741754771266
[2025-03-12 13:46:11,563] [INFO] [30095] COMMIT received from 30076 for REQUEST 1741754771266
[2025-03-12 13:46:11,563] [INFO] [30095] PREPARE received from 30076 for REQUEST 1741754771266
[2025-03-12 13:46:11,563] [INFO] [30095] COMMIT received from 30116 for REQUEST 1741754771266
[2025-03-12 13:46:11,563] [INFO] [30095] COMMIT received from 30009 for REQUEST 1741754771266
[2025-03-12 13:46:11,563] [INFO] [30095] COMMIT received from 30041 for REQUEST 1741754771266
[2025-03-12 13:46:11,565] [INFO] [30095] COMMIT received from 30088 for REQUEST 1741754771266
[2025-03-12 13:46:11,565] [INFO] [30095] COMMIT received from 30035 for REQUEST 1741754771266
[2025-03-12 13:46:11,565] [INFO] [30095] COMMIT received from 30063 for REQUEST 1741754771266
[2025-03-12 13:46:11,566] [INFO] [30095] COMMIT received from 30081 for REQUEST 1741754771266
[2025-03-12 13:46:11,566] [INFO] [30095] COMMIT received from 30006 for REQUEST 1741754771266
[2025-03-12 13:46:11,566] [INFO] [30095] COMMIT received from 30020 for REQUEST 1741754771266
[2025-03-12 13:46:11,679] [INFO] [30095] COMMIT received from 30019 for REQUEST 1741754771266
[2025-03-12 14:44:18,243] [INFO] [30095] PRE-PREPARE received: {'request_id': 1741758258160, 'data': 'llapbft_message_1741758258160', 'timestamp': 1741758258.1917994, 'leader': 30041, 'cluster_id': 2, 'cluster_ports': [30006, 30009, 30013, 30019, 30020, 30023, 30029, 30035, 30039, 30041, 30042, 30044, 30045, 30046, 30059, 30061, 30063, 30076, 30080, 30081, 30088, 30094, 30095, 30097, 30107, 30111, 30112, 30113, 30116, 30119], 'cluster_manager': {'host': 'localhost', 'port': 30059, 'latitude': 36.6267944, 'longitude': 127.4592355, 'altitude': 23, 'offset_m': 'lat: 21 m, lng: 65 m, alt: 23 m'}, 'simulated_delay': 0.00023822222222222222, 'distance': 198.0624915658134, 'message_size_bits': 4288}
[2025-03-12 14:44:18,243] [INFO] [30095] Broadcasting PREPARE: REQUEST 1741758258160
[2025-03-12 14:44:18,368] [INFO] [30095] PREPARE received from 30061 for REQUEST 1741758258160
[2025-03-12 14:44:18,368] [INFO] [30095] Broadcasting COMMIT: REQUEST 1741758258160
[2025-03-12 14:44:18,482] [INFO] [30095] PREPARE received from 30019 for REQUEST 1741758258160
[2025-03-12 14:44:18,495] [INFO] [30095] COMMIT received from 30019 for REQUEST 1741758258160
[2025-03-12 14:44:18,554] [INFO] [30095] COMMIT received from 30061 for REQUEST 1741758258160
[2025-03-12 14:44:18,554] [INFO] [30095] COMMIT complete. Sending PRE-REPLY: REQUEST 1741758258160 directly to Manager 30059
[2025-03-12 14:44:18,764] [INFO] [30095] COMMIT received from 30042 for REQUEST 1741758258160
[2025-03-12 14:44:18,792] [INFO] [30095] PREPARE received from 30042 for REQUEST 1741758258160
[2025-03-12 14:44:18,792] [INFO] [30095] PREPARE received from 30045 for REQUEST 1741758258160
[2025-03-12 14:44:18,822] [INFO] [30095] COMMIT received from 30045 for REQUEST 1741758258160
[2025-03-12 14:44:18,920] [INFO] [30095] PREPARE received from 30006 for REQUEST 1741758258160
[2025-03-12 14:44:18,920] [INFO] [30095] PREPARE received from 30113 for REQUEST 1741758258160
[2025-03-12 14:44:18,937] [INFO] [30095] PREPARE received from 30046 for REQUEST 1741758258160
[2025-03-12 14:44:18,937] [INFO] [30095] PREPARE received from 30116 for REQUEST 1741758258160
[2025-03-12 14:44:18,937] [INFO] [30095] COMMIT received from 30041 for REQUEST 1741758258160
[2025-03-12 14:44:18,946] [INFO] [30095] PREPARE received from 30097 for REQUEST 1741758258160
[2025-03-12 14:44:18,946] [INFO] [30095] COMMIT received from 30094 for REQUEST 1741758258160
[2025-03-12 14:44:18,946] [INFO] [30095] PREPARE received from 30094 for REQUEST 1741758258160
[2025-03-12 14:44:18,946] [INFO] [30095] PREPARE received from 30044 for REQUEST 1741758258160
[2025-03-12 14:44:18,946] [INFO] [30095] COMMIT received from 30113 for REQUEST 1741758258160
[2025-03-12 14:44:18,965] [INFO] [30095] COMMIT received from 30044 for REQUEST 1741758258160
[2025-03-12 14:44:19,015] [INFO] [30095] COMMIT received from 30097 for REQUEST 1741758258160
[2025-03-12 14:44:19,016] [INFO] [30095] COMMIT received from 30116 for REQUEST 1741758258160
[2025-03-12 14:44:19,096] [INFO] [30095] COMMIT received from 30046 for REQUEST 1741758258160
[2025-03-12 14:44:19,096] [INFO] [30095] PREPARE received from 30009 for REQUEST 1741758258160
[2025-03-12 14:44:19,096] [INFO] [30095] COMMIT received from 30006 for REQUEST 1741758258160
[2025-03-12 14:44:19,121] [INFO] [30095] PREPARE received from 30063 for REQUEST 1741758258160
[2025-03-12 14:44:19,121] [INFO] [30095] PREPARE received from 30119 for REQUEST 1741758258160
[2025-03-12 14:44:19,121] [INFO] [30095] PREPARE received from 30076 for REQUEST 1741758258160
[2025-03-12 14:44:19,121] [INFO] [30095] PREPARE received from 30013 for REQUEST 1741758258160
[2025-03-12 14:44:19,141] [INFO] [30095] COMMIT received from 30063 for REQUEST 1741758258160
[2025-03-12 14:44:19,142] [INFO] [30095] COMMIT received from 30009 for REQUEST 1741758258160
[2025-03-12 14:44:19,142] [INFO] [30095] COMMIT received from 30013 for REQUEST 1741758258160
[2025-03-12 14:44:19,142] [INFO] [30095] COMMIT received from 30076 for REQUEST 1741758258160
[2025-03-12 14:44:19,143] [INFO] [30095] COMMIT received from 30119 for REQUEST 1741758258160
[2025-03-12 14:44:19,143] [INFO] [30095] COMMIT received from 30029 for REQUEST 1741758258160
[2025-03-12 14:44:19,160] [INFO] [30095] PREPARE received from 30029 for REQUEST 1741758258160
[2025-03-12 14:44:19,245] [INFO] [30095] PREPARE received from 30020 for REQUEST 1741758258160
[2025-03-12 14:44:19,245] [INFO] [30095] COMMIT received from 30020 for REQUEST 1741758258160
[2025-03-12 14:44:19,268] [INFO] [30095] PREPARE received from 30023 for REQUEST 1741758258160
[2025-03-12 14:44:19,270] [INFO] [30095] COMMIT received from 30023 for REQUEST 1741758258160
[2025-03-12 14:44:19,355] [INFO] [30095] PREPARE received from 30112 for REQUEST 1741758258160
[2025-03-12 14:44:19,355] [INFO] [30095] COMMIT received from 30112 for REQUEST 1741758258160
[2025-03-12 14:44:19,446] [INFO] [30095] PREPARE received from 30035 for REQUEST 1741758258160
[2025-03-12 14:44:19,446] [INFO] [30095] COMMIT received from 30035 for REQUEST 1741758258160
[2025-03-12 14:44:19,531] [INFO] [30095] PREPARE received from 30111 for REQUEST 1741758258160
[2025-03-12 14:44:19,536] [INFO] [30095] PREPARE received from 30107 for REQUEST 1741758258160
[2025-03-12 14:44:19,542] [INFO] [30095] PREPARE received from 30080 for REQUEST 1741758258160
[2025-03-12 14:44:19,542] [INFO] [30095] COMMIT received from 30107 for REQUEST 1741758258160
[2025-03-12 14:44:19,542] [INFO] [30095] COMMIT received from 30111 for REQUEST 1741758258160
[2025-03-12 14:44:19,542] [INFO] [30095] COMMIT received from 30080 for REQUEST 1741758258160
[2025-03-12 14:44:19,674] [INFO] [30095] PREPARE received from 30081 for REQUEST 1741758258160
[2025-03-12 14:44:19,677] [INFO] [30095] COMMIT received from 30081 for REQUEST 1741758258160
[2025-03-12 14:44:19,677] [INFO] [30095] PREPARE received from 30088 for REQUEST 1741758258160
[2025-03-12 14:44:19,681] [INFO] [30095] COMMIT received from 30088 for REQUEST 1741758258160
[2025-03-12 14:44:19,683] [INFO] [30095] PREPARE received from 30039 for REQUEST 1741758258160
[2025-03-12 14:44:19,683] [INFO] [30095] COMMIT received from 30039 for REQUEST 1741758258160
