[2025-03-24 11:40:08,131] [INFO] [Node_ 18] Starting node at localhost:30017 | index= 18 | f=1, k=4
[2025-03-24 11:47:33,331] [INFO] [Node_ 18] Starting node at localhost:30017 | index= 18 | f=1, k=4
[2025-03-24 11:47:35,946] [INFO] [Node_ 18] Received PRE-PREPARE: id:1742784455847, from:30000, delay:0.1554s, distance:0022.05m (Euclidean), mes_siz_bit:8390248
[2025-03-24 11:47:36,075] [INFO] [Node_ 18] Received PREPARE: id:1742784455847, from:30005, delay:0.1554s, distance:0003.68m (Euclidean), mes_siz_bit:8390240
[2025-03-24 11:47:36,077] [INFO] [Node_ 18] Received PREPARE: id:1742784455847, from:30006, delay:0.1554s, distance:0010.68m (Euclidean), mes_siz_bit:8390248
[2025-03-24 11:47:36,228] [INFO] [Node_ 18] Received PREPARE: id:1742784455847, from:30013, delay:0.1554s, distance:0004.44m (Euclidean), mes_siz_bit:8390248
[2025-03-24 11:47:36,263] [INFO] [Node_ 18] Received PREPARE: id:1742784455847, from:30016, delay:0.1554s, distance:0006.64m (Euclidean), mes_siz_bit:8390240
[2025-03-24 11:47:36,283] [INFO] [Node_ 18] Received PREPARE: id:1742784455847, from:30015, delay:0.1554s, distance:0010.36m (Euclidean), mes_siz_bit:8390248
[2025-03-24 11:47:36,330] [INFO] [Node_ 18] Received PREPARE: id:1742784455847, from:30007, delay:0.1554s, distance:0005.46m (Euclidean), mes_siz_bit:8390240
[2025-03-24 11:47:36,334] [INFO] [Node_ 18] Received PREPARE: id:1742784455847, from:30018, delay:0.1554s, distance:0021.77m (Euclidean), mes_siz_bit:8390248
[2025-03-24 11:47:36,340] [INFO] [Node_ 18] Received PREPARE: id:1742784455847, from:30002, delay:0.1554s, distance:0011.71m (Euclidean), mes_siz_bit:8390248
[2025-03-24 11:47:36,344] [INFO] [Node_ 18] Received PREPARE: id:1742784455847, from:30012, delay:0.1554s, distance:0011.57m (Euclidean), mes_siz_bit:8390240
[2025-03-24 11:47:36,349] [INFO] [Node_ 18] Received PREPARE: id:1742784455847, from:30008, delay:0.1554s, distance:0012.47m (Euclidean), mes_siz_bit:8390248
[2025-03-24 11:47:36,364] [INFO] [Node_ 18] Received PREPARE: id:1742784455847, from:30001, delay:0.1554s, distance:0009.52m (Euclidean), mes_siz_bit:8390232
[2025-03-24 11:47:36,381] [INFO] [Node_ 18] Received PREPARE: id:1742784455847, from:30019, delay:0.1554s, distance:0014.04m (Euclidean), mes_siz_bit:8390248
[2025-03-24 11:47:36,387] [INFO] [Node_ 18] Received COMMIT: id:1742784455847, from:30005, delay:0.1554s, distance:0003.68m (Euclidean), mes_siz_bit:8390240
[2025-03-24 11:47:36,391] [INFO] [Node_ 18] Received PREPARE: id:1742784455847, from:30003, delay:0.1554s, distance:0013.40m (Euclidean), mes_siz_bit:8390240
[2025-03-24 11:47:36,397] [INFO] [Node_ 18] Received COMMIT: id:1742784455847, from:30000, delay:0.1554s, distance:0022.05m (Euclidean), mes_siz_bit:8390240
[2025-03-24 11:47:36,407] [INFO] [Node_ 18] Received PREPARE: id:1742784455847, from:30004, delay:0.1554s, distance:0010.58m (Euclidean), mes_siz_bit:8390232
[2025-03-24 11:47:36,412] [INFO] [Node_ 18] Received COMMIT: id:1742784455847, from:30015, delay:0.1554s, distance:0010.36m (Euclidean), mes_siz_bit:8390248
[2025-03-24 11:47:36,418] [INFO] [Node_ 18] Received PREPARE: id:1742784455847, from:30014, delay:0.1554s, distance:0017.78m (Euclidean), mes_siz_bit:8390248
[2025-03-24 11:47:36,424] [INFO] [Node_ 18] Received COMMIT: id:1742784455847, from:30006, delay:0.1554s, distance:0010.68m (Euclidean), mes_siz_bit:8390248
[2025-03-24 11:47:36,430] [INFO] [Node_ 18] Received PREPARE: id:1742784455847, from:30009, delay:0.1554s, distance:0021.83m (Euclidean), mes_siz_bit:8390232
[2025-03-24 11:47:36,432] [INFO] [Node_ 18] Received PREPARE: id:1742784455847, from:30010, delay:0.1554s, distance:0015.82m (Euclidean), mes_siz_bit:8390240
[2025-03-24 11:47:36,432] [INFO] [Node_ 18] Received PREPARE: id:1742784455847, from:30011, delay:0.1554s, distance:0019.00m (Euclidean), mes_siz_bit:8390240
[2025-03-24 11:47:36,454] [INFO] [Node_ 18] Received COMMIT: id:1742784455847, from:30013, delay:0.1554s, distance:0004.44m (Euclidean), mes_siz_bit:8390248
[2025-03-24 11:47:36,472] [INFO] [Node_ 18] Received COMMIT: id:1742784455847, from:30008, delay:0.1554s, distance:0012.47m (Euclidean), mes_siz_bit:8390248
[2025-03-24 11:47:36,480] [INFO] [Node_ 18] Received COMMIT: id:1742784455847, from:30016, delay:0.1554s, distance:0006.64m (Euclidean), mes_siz_bit:8390248
[2025-03-24 11:47:36,490] [INFO] [Node_ 18] Received COMMIT: id:1742784455847, from:30003, delay:0.1554s, distance:0013.40m (Euclidean), mes_siz_bit:8390248
[2025-03-24 11:47:36,496] [INFO] [Node_ 18] Received COMMIT: id:1742784455847, from:30012, delay:0.1554s, distance:0011.57m (Euclidean), mes_siz_bit:8390240
[2025-03-24 11:47:36,506] [INFO] [Node_ 18] Received COMMIT: id:1742784455847, from:30018, delay:0.1554s, distance:0021.77m (Euclidean), mes_siz_bit:8390248
[2025-03-24 11:47:36,511] [INFO] [Node_ 18] Received COMMIT: id:1742784455847, from:30001, delay:0.1554s, distance:0009.52m (Euclidean), mes_siz_bit:8390240
[2025-03-24 11:47:36,511] [INFO] [Node_ 18] Received COMMIT: id:1742784455847, from:30002, delay:0.1554s, distance:0011.71m (Euclidean), mes_siz_bit:8390248
[2025-03-24 11:47:36,527] [INFO] [Node_ 18] Received COMMIT: id:1742784455847, from:30007, delay:0.1554s, distance:0005.46m (Euclidean), mes_siz_bit:8390248
[2025-03-24 11:47:36,539] [INFO] [Node_ 18] Received COMMIT: id:1742784455847, from:30019, delay:0.1554s, distance:0014.04m (Euclidean), mes_siz_bit:8390248
[2025-03-24 11:47:36,545] [INFO] [Node_ 18] Received COMMIT: id:1742784455847, from:30011, delay:0.1554s, distance:0019.00m (Euclidean), mes_siz_bit:8390248
[2025-03-24 11:47:36,581] [INFO] [Node_ 18] Cleaned up 1 finished statuses
[2025-03-24 11:47:36,587] [INFO] [Node_ 18] Received COMMIT: id:1742784455847, from:30004, delay:0.1554s, distance:0010.58m (Euclidean), mes_siz_bit:8390240
[2025-03-24 11:47:36,595] [INFO] [Node_ 18] Received COMMIT: id:1742784455847, from:30009, delay:0.1554s, distance:0021.83m (Euclidean), mes_siz_bit:8390232
[2025-03-24 11:47:36,597] [INFO] [Node_ 18] Received COMMIT: id:1742784455847, from:30010, delay:0.1554s, distance:0015.82m (Euclidean), mes_siz_bit:8390240
[2025-03-24 11:47:36,597] [INFO] [Node_ 18] Received COMMIT: id:1742784455847, from:30014, delay:0.1554s, distance:0017.78m (Euclidean), mes_siz_bit:8390240
[2025-03-24 11:47:36,607] [INFO] [Node_ 18] Cleaned up 1 finished statuses
[2025-03-24 11:47:38,759] [INFO] [Node_ 18] Received PRE-PREPARE: id:1742784458645, from:30000, delay:0.1554s, distance:0022.05m (Euclidean), mes_siz_bit:8390248
[2025-03-24 11:47:38,946] [INFO] [Node_ 18] Received PREPARE: id:1742784458645, from:30008, delay:0.1554s, distance:0012.47m (Euclidean), mes_siz_bit:8390248
[2025-03-24 11:47:38,950] [INFO] [Node_ 18] Received PREPARE: id:1742784458645, from:30011, delay:0.1554s, distance:0019.00m (Euclidean), mes_siz_bit:8390248
[2025-03-24 11:47:38,954] [INFO] [Node_ 18] Received PREPARE: id:1742784458645, from:30016, delay:0.1554s, distance:0006.64m (Euclidean), mes_siz_bit:8390248
[2025-03-24 11:47:38,962] [INFO] [Node_ 18] Received PREPARE: id:1742784458645, from:30019, delay:0.1554s, distance:0014.04m (Euclidean), mes_siz_bit:8390248
[2025-03-24 11:47:38,969] [INFO] [Node_ 18] Received PREPARE: id:1742784458645, from:30006, delay:0.1554s, distance:0010.68m (Euclidean), mes_siz_bit:8390248
[2025-03-24 11:47:38,969] [INFO] [Node_ 18] Received PREPARE: id:1742784458645, from:30018, delay:0.1554s, distance:0021.77m (Euclidean), mes_siz_bit:8390248
[2025-03-24 11:47:39,117] [INFO] [Node_ 18] Received PREPARE: id:1742784458645, from:30015, delay:0.1554s, distance:0010.36m (Euclidean), mes_siz_bit:8390248
[2025-03-24 11:47:39,125] [INFO] [Node_ 18] Received PREPARE: id:1742784458645, from:30013, delay:0.1554s, distance:0004.44m (Euclidean), mes_siz_bit:8390248
[2025-03-24 11:47:39,161] [INFO] [Node_ 18] Received PREPARE: id:1742784458645, from:30009, delay:0.1554s, distance:0021.83m (Euclidean), mes_siz_bit:8390240
[2025-03-24 11:47:39,181] [INFO] [Node_ 18] Received PREPARE: id:1742784458645, from:30007, delay:0.1554s, distance:0005.46m (Euclidean), mes_siz_bit:8390248
[2025-03-24 11:47:39,200] [INFO] [Node_ 18] Received PREPARE: id:1742784458645, from:30002, delay:0.1554s, distance:0011.71m (Euclidean), mes_siz_bit:8390248
[2025-03-24 11:47:39,200] [INFO] [Node_ 18] Received PREPARE: id:1742784458645, from:30014, delay:0.1554s, distance:0017.78m (Euclidean), mes_siz_bit:8390248
[2025-03-24 11:47:39,229] [INFO] [Node_ 18] Received PREPARE: id:1742784458645, from:30001, delay:0.1554s, distance:0009.52m (Euclidean), mes_siz_bit:8390240
[2025-03-24 11:47:39,240] [INFO] [Node_ 18] Received PREPARE: id:1742784458645, from:30012, delay:0.1554s, distance:0011.57m (Euclidean), mes_siz_bit:8390240
[2025-03-24 11:47:39,251] [INFO] [Node_ 18] Received PREPARE: id:1742784458645, from:30010, delay:0.1554s, distance:0015.82m (Euclidean), mes_siz_bit:8390248
[2025-03-24 11:47:39,269] [INFO] [Node_ 18] Received PREPARE: id:1742784458645, from:30005, delay:0.1554s, distance:0003.68m (Euclidean), mes_siz_bit:8390240
[2025-03-24 11:47:39,277] [INFO] [Node_ 18] Received PREPARE: id:1742784458645, from:30004, delay:0.1554s, distance:0010.58m (Euclidean), mes_siz_bit:8390240
[2025-03-24 11:47:39,284] [INFO] [Node_ 18] Received PREPARE: id:1742784458645, from:30003, delay:0.1554s, distance:0013.40m (Euclidean), mes_siz_bit:8390248
[2025-03-24 11:47:39,309] [INFO] [Node_ 18] Received COMMIT: id:1742784458645, from:30019, delay:0.1554s, distance:0014.04m (Euclidean), mes_siz_bit:8390248
[2025-03-24 11:47:39,313] [INFO] [Node_ 18] Received COMMIT: id:1742784458645, from:30018, delay:0.1554s, distance:0021.77m (Euclidean), mes_siz_bit:8390248
[2025-03-24 11:47:39,331] [INFO] [Node_ 18] Received COMMIT: id:1742784458645, from:30000, delay:0.1554s, distance:0022.05m (Euclidean), mes_siz_bit:8390248
[2025-03-24 11:47:39,335] [INFO] [Node_ 18] Received COMMIT: id:1742784458645, from:30016, delay:0.1554s, distance:0006.64m (Euclidean), mes_siz_bit:8390232
[2025-03-24 11:47:39,343] [INFO] [Node_ 18] Received COMMIT: id:1742784458645, from:30011, delay:0.1554s, distance:0019.00m (Euclidean), mes_siz_bit:8390240
[2025-03-24 11:47:39,343] [INFO] [Node_ 18] Received COMMIT: id:1742784458645, from:30013, delay:0.1554s, distance:0004.44m (Euclidean), mes_siz_bit:8390240
[2025-03-24 11:47:39,343] [INFO] [Node_ 18] Received COMMIT: id:1742784458645, from:30015, delay:0.1554s, distance:0010.36m (Euclidean), mes_siz_bit:8390240
[2025-03-24 11:47:39,361] [INFO] [Node_ 18] Received COMMIT: id:1742784458645, from:30006, delay:0.1554s, distance:0010.68m (Euclidean), mes_siz_bit:8390248
[2025-03-24 11:47:39,361] [INFO] [Node_ 18] Received COMMIT: id:1742784458645, from:30009, delay:0.1554s, distance:0021.83m (Euclidean), mes_siz_bit:8390232
[2025-03-24 11:47:39,361] [INFO] [Node_ 18] Received COMMIT: id:1742784458645, from:30008, delay:0.1554s, distance:0012.47m (Euclidean), mes_siz_bit:8390248
[2025-03-24 11:47:39,393] [INFO] [Node_ 18] Received COMMIT: id:1742784458645, from:30007, delay:0.1554s, distance:0005.46m (Euclidean), mes_siz_bit:8390240
[2025-03-24 11:47:39,405] [INFO] [Node_ 18] Received COMMIT: id:1742784458645, from:30014, delay:0.1554s, distance:0017.78m (Euclidean), mes_siz_bit:8390248
[2025-03-24 11:47:39,409] [INFO] [Node_ 18] Received COMMIT: id:1742784458645, from:30012, delay:0.1554s, distance:0011.57m (Euclidean), mes_siz_bit:8390240
[2025-03-24 11:47:39,413] [INFO] [Node_ 18] Received COMMIT: id:1742784458645, from:30010, delay:0.1554s, distance:0015.82m (Euclidean), mes_siz_bit:8390248
[2025-03-24 11:47:39,452] [INFO] [Node_ 18] Cleaned up 1 finished statuses
[2025-03-24 11:47:39,470] [INFO] [Node_ 18] Received COMMIT: id:1742784458645, from:30005, delay:0.1554s, distance:0003.68m (Euclidean), mes_siz_bit:8390240
[2025-03-24 11:47:39,470] [INFO] [Node_ 18] Received COMMIT: id:1742784458645, from:30002, delay:0.1554s, distance:0011.71m (Euclidean), mes_siz_bit:8390248
[2025-03-24 11:47:39,483] [INFO] [Node_ 18] Received COMMIT: id:1742784458645, from:30003, delay:0.1554s, distance:0013.40m (Euclidean), mes_siz_bit:8390240
[2025-03-24 11:47:39,483] [INFO] [Node_ 18] Received COMMIT: id:1742784458645, from:30001, delay:0.1554s, distance:0009.52m (Euclidean), mes_siz_bit:8390240
[2025-03-24 11:47:39,499] [INFO] [Node_ 18] Received COMMIT: id:1742784458645, from:30004, delay:0.1554s, distance:0010.58m (Euclidean), mes_siz_bit:8390232
[2025-03-24 11:47:39,515] [INFO] [Node_ 18] Cleaned up 1 finished statuses
[2025-03-24 11:47:56,780] [INFO] [Node_ 18] Starting node at localhost:30017 | index= 18 | f=1, k=4
[2025-03-24 11:50:16,154] [INFO] [Node_ 18] Starting node at localhost:30017 | index= 18 | f=1, k=4
[2025-03-24 11:52:25,266] [INFO] [Node_ 18] Starting node at localhost:30017 | index= 18 | f=1, k=4
[2025-03-24 12:08:12,675] [INFO] [Node_ 18] Starting node at localhost:30017 | index= 18 | f=1, k=4
[2025-03-24 12:10:09,693] [INFO] [Node_ 18] Starting node at localhost:30017 | index= 18 | f=1, k=4
[2025-03-24 12:12:00,246] [INFO] [Node_ 18] Starting node at localhost:30017 | index= 18 | f=1, k=4
[2025-03-24 12:14:12,588] [INFO] [Node_ 18] Starting node at localhost:30017 | index= 18 | f=1, k=4
[2025-03-24 12:15:37,625] [INFO] [Node_ 18] Received PRE-PREPARE: id:1742786137492, from:30000, delay:0.1554s, distance:0022.05m (Euclidean), mes_siz_bit:8390240
[2025-03-24 12:15:37,819] [INFO] [Node_ 18] Received PREPARE: id:1742786137492, from:30008, delay:0.1554s, distance:0012.47m (Euclidean), mes_siz_bit:8390240
[2025-03-24 12:15:37,825] [INFO] [Node_ 18] Received PREPARE: id:1742786137492, from:30004, delay:0.1554s, distance:0010.58m (Euclidean), mes_siz_bit:8390240
[2025-03-24 12:15:37,825] [INFO] [Node_ 18] Received PREPARE: id:1742786137492, from:30005, delay:0.1554s, distance:0003.68m (Euclidean), mes_siz_bit:8390240
[2025-03-24 12:15:38,069] [INFO] [Node_ 18] Received PREPARE: id:1742786137492, from:30007, delay:0.1554s, distance:0005.46m (Euclidean), mes_siz_bit:8390240
[2025-03-24 12:15:38,098] [INFO] [Node_ 18] Received PREPARE: id:1742786137492, from:30011, delay:0.1554s, distance:0019.00m (Euclidean), mes_siz_bit:8390248
[2025-03-24 12:15:38,110] [INFO] [Node_ 18] Received PREPARE: id:1742786137492, from:30010, delay:0.1554s, distance:0015.82m (Euclidean), mes_siz_bit:8390248
[2025-03-24 12:15:38,112] [INFO] [Node_ 18] Received PREPARE: id:1742786137492, from:30013, delay:0.1554s, distance:0004.44m (Euclidean), mes_siz_bit:8390240
[2025-03-24 12:15:38,166] [INFO] [Node_ 18] Received PREPARE: id:1742786137492, from:30016, delay:0.1554s, distance:0006.64m (Euclidean), mes_siz_bit:8390240
[2025-03-24 12:15:38,203] [INFO] [Node_ 18] Received PREPARE: id:1742786137492, from:30002, delay:0.1554s, distance:0011.71m (Euclidean), mes_siz_bit:8390248
[2025-03-24 12:15:38,220] [INFO] [Node_ 18] Received PREPARE: id:1742786137492, from:30018, delay:0.1554s, distance:0021.77m (Euclidean), mes_siz_bit:8390240
[2025-03-24 12:15:38,236] [INFO] [Node_ 18] Received PREPARE: id:1742786137492, from:30014, delay:0.1554s, distance:0017.78m (Euclidean), mes_siz_bit:8390240
[2025-03-24 12:15:38,245] [INFO] [Node_ 18] Received PREPARE: id:1742786137492, from:30001, delay:0.1554s, distance:0009.52m (Euclidean), mes_siz_bit:8390232
[2025-03-24 12:15:38,252] [INFO] [Node_ 18] Received PREPARE: id:1742786137492, from:30012, delay:0.1554s, distance:0011.57m (Euclidean), mes_siz_bit:8390232
[2025-03-24 12:15:38,252] [INFO] [Node_ 18] Received PREPARE: id:1742786137492, from:30019, delay:0.1554s, distance:0014.04m (Euclidean), mes_siz_bit:8390240
[2025-03-24 12:15:38,269] [INFO] [Node_ 18] Received PREPARE: id:1742786137492, from:30006, delay:0.1554s, distance:0010.68m (Euclidean), mes_siz_bit:8390248
[2025-03-24 12:15:38,283] [INFO] [Node_ 18] Received COMMIT: id:1742786137492, from:30011, delay:0.1554s, distance:0019.00m (Euclidean), mes_siz_bit:8390248
[2025-03-24 12:15:38,283] [INFO] [Node_ 18] Received PREPARE: id:1742786137492, from:30015, delay:0.1554s, distance:0010.36m (Euclidean), mes_siz_bit:8390240
[2025-03-24 12:15:38,299] [INFO] [Node_ 18] Received COMMIT: id:1742786137492, from:30010, delay:0.1554s, distance:0015.82m (Euclidean), mes_siz_bit:8390232
[2025-03-24 12:15:38,317] [INFO] [Node_ 18] Received PREPARE: id:1742786137492, from:30003, delay:0.1554s, distance:0013.40m (Euclidean), mes_siz_bit:8390240
[2025-03-24 12:15:38,317] [INFO] [Node_ 18] Received COMMIT: id:1742786137492, from:30005, delay:0.1554s, distance:0003.68m (Euclidean), mes_siz_bit:8390240
[2025-03-24 12:15:38,331] [INFO] [Node_ 18] Received COMMIT: id:1742786137492, from:30004, delay:0.1554s, distance:0010.58m (Euclidean), mes_siz_bit:8390240
[2025-03-24 12:15:38,338] [INFO] [Node_ 18] Received COMMIT: id:1742786137492, from:30008, delay:0.1554s, distance:0012.47m (Euclidean), mes_siz_bit:8390248
[2025-03-24 12:15:38,342] [INFO] [Node_ 18] Received COMMIT: id:1742786137492, from:30000, delay:0.1554s, distance:0022.05m (Euclidean), mes_siz_bit:8390248
[2025-03-24 12:15:38,356] [INFO] [Node_ 18] Received COMMIT: id:1742786137492, from:30007, delay:0.1554s, distance:0005.46m (Euclidean), mes_siz_bit:8390248
[2025-03-24 12:15:38,368] [INFO] [Node_ 18] Received COMMIT: id:1742786137492, from:30016, delay:0.1554s, distance:0006.64m (Euclidean), mes_siz_bit:8390248
[2025-03-24 12:15:38,380] [INFO] [Node_ 18] Received COMMIT: id:1742786137492, from:30018, delay:0.1554s, distance:0021.77m (Euclidean), mes_siz_bit:8390248
[2025-03-24 12:15:38,385] [INFO] [Node_ 18] Received COMMIT: id:1742786137492, from:30015, delay:0.1554s, distance:0010.36m (Euclidean), mes_siz_bit:8390248
[2025-03-24 12:15:38,385] [INFO] [Node_ 18] Received PREPARE: id:1742786137492, from:30009, delay:0.1554s, distance:0021.83m (Euclidean), mes_siz_bit:8390232
[2025-03-24 12:15:38,396] [INFO] [Node_ 18] Received COMMIT: id:1742786137492, from:30013, delay:0.1554s, distance:0004.44m (Euclidean), mes_siz_bit:8390232
[2025-03-24 12:15:38,402] [INFO] [Node_ 18] Received COMMIT: id:1742786137492, from:30019, delay:0.1554s, distance:0014.04m (Euclidean), mes_siz_bit:8390248
[2025-03-24 12:15:38,414] [INFO] [Node_ 18] Received COMMIT: id:1742786137492, from:30014, delay:0.1554s, distance:0017.78m (Euclidean), mes_siz_bit:8390248
[2025-03-24 12:15:38,427] [INFO] [Node_ 18] Received COMMIT: id:1742786137492, from:30006, delay:0.1554s, distance:0010.68m (Euclidean), mes_siz_bit:8390248
[2025-03-24 12:15:38,432] [INFO] [Node_ 18] Received COMMIT: id:1742786137492, from:30012, delay:0.1554s, distance:0011.57m (Euclidean), mes_siz_bit:8390240
[2025-03-24 12:15:38,436] [INFO] [Node_ 18] Received COMMIT: id:1742786137492, from:30003, delay:0.1554s, distance:0013.40m (Euclidean), mes_siz_bit:8390248
[2025-03-24 12:15:38,441] [INFO] [Node_ 18] Received COMMIT: id:1742786137492, from:30009, delay:0.1554s, distance:0021.83m (Euclidean), mes_siz_bit:8390240
[2025-03-24 12:15:38,441] [INFO] [Node_ 18] Received COMMIT: id:1742786137492, from:30002, delay:0.1554s, distance:0011.71m (Euclidean), mes_siz_bit:8390248
[2025-03-24 12:15:38,441] [INFO] [Node_ 18] Received COMMIT: id:1742786137492, from:30001, delay:0.1554s, distance:0009.52m (Euclidean), mes_siz_bit:8390240
[2025-03-24 12:15:38,473] [INFO] [Node_ 18] Cleaned up 1 finished statuses
[2025-03-24 12:15:38,584] [INFO] [Node_ 18] Starting node at localhost:30017 | index= 18 | f=1, k=4
[2025-03-24 12:15:40,588] [INFO] [Node_ 18] Received PRE-PREPARE: id:1742786140497, from:30000, delay:0.1554s, distance:0022.05m (Euclidean), mes_siz_bit:8390248
[2025-03-24 12:15:40,735] [INFO] [Node_ 18] Received PREPARE: id:1742786140497, from:30009, delay:0.1554s, distance:0021.83m (Euclidean), mes_siz_bit:8390240
[2025-03-24 12:15:40,738] [INFO] [Node_ 18] Received PREPARE: id:1742786140497, from:30015, delay:0.1554s, distance:0010.36m (Euclidean), mes_siz_bit:8390248
[2025-03-24 12:15:40,744] [INFO] [Node_ 18] Received PREPARE: id:1742786140497, from:30006, delay:0.1554s, distance:0010.68m (Euclidean), mes_siz_bit:8390248
[2025-03-24 12:15:40,750] [INFO] [Node_ 18] Received PREPARE: id:1742786140497, from:30002, delay:0.1554s, distance:0011.71m (Euclidean), mes_siz_bit:8390248
[2025-03-24 12:15:40,756] [INFO] [Node_ 18] Received PREPARE: id:1742786140497, from:30003, delay:0.1554s, distance:0013.40m (Euclidean), mes_siz_bit:8390248
[2025-03-24 12:15:40,760] [INFO] [Node_ 18] Received PREPARE: id:1742786140497, from:30008, delay:0.1554s, distance:0012.47m (Euclidean), mes_siz_bit:8390248
[2025-03-24 12:15:40,927] [INFO] [Node_ 18] Received PREPARE: id:1742786140497, from:30018, delay:0.1554s, distance:0021.77m (Euclidean), mes_siz_bit:8390248
[2025-03-24 12:15:40,988] [INFO] [Node_ 18] Received PREPARE: id:1742786140497, from:30010, delay:0.1554s, distance:0015.82m (Euclidean), mes_siz_bit:8390248
[2025-03-24 12:15:41,002] [INFO] [Node_ 18] Received PREPARE: id:1742786140497, from:30007, delay:0.1554s, distance:0005.46m (Euclidean), mes_siz_bit:8390248
[2025-03-24 12:15:41,019] [INFO] [Node_ 18] Received PREPARE: id:1742786140497, from:30012, delay:0.1554s, distance:0011.57m (Euclidean), mes_siz_bit:8390240
[2025-03-24 12:15:41,029] [INFO] [Node_ 18] Received PREPARE: id:1742786140497, from:30016, delay:0.1554s, distance:0006.64m (Euclidean), mes_siz_bit:8390248
[2025-03-24 12:15:41,039] [INFO] [Node_ 18] Received PREPARE: id:1742786140497, from:30011, delay:0.1554s, distance:0019.00m (Euclidean), mes_siz_bit:8390248
[2025-03-24 12:15:41,045] [INFO] [Node_ 18] Received PREPARE: id:1742786140497, from:30001, delay:0.1554s, distance:0009.52m (Euclidean), mes_siz_bit:8390240
[2025-03-24 12:15:41,051] [INFO] [Node_ 18] Received PREPARE: id:1742786140497, from:30014, delay:0.1554s, distance:0017.78m (Euclidean), mes_siz_bit:8390248
[2025-03-24 12:15:41,057] [INFO] [Node_ 18] Received PREPARE: id:1742786140497, from:30004, delay:0.1554s, distance:0010.58m (Euclidean), mes_siz_bit:8390240
[2025-03-24 12:15:41,063] [INFO] [Node_ 18] Received PREPARE: id:1742786140497, from:30005, delay:0.1554s, distance:0003.68m (Euclidean), mes_siz_bit:8390240
[2025-03-24 12:15:41,067] [INFO] [Node_ 18] Received PREPARE: id:1742786140497, from:30013, delay:0.1554s, distance:0004.44m (Euclidean), mes_siz_bit:8390248
[2025-03-24 12:15:41,077] [INFO] [Node_ 18] Received PREPARE: id:1742786140497, from:30019, delay:0.1554s, distance:0014.04m (Euclidean), mes_siz_bit:8390248
[2025-03-24 12:15:41,085] [INFO] [Node_ 18] Received COMMIT: id:1742786140497, from:30000, delay:0.1554s, distance:0022.05m (Euclidean), mes_siz_bit:8390240
[2025-03-24 12:15:41,091] [INFO] [Node_ 18] Received COMMIT: id:1742786140497, from:30003, delay:0.1554s, distance:0013.40m (Euclidean), mes_siz_bit:8390248
[2025-03-24 12:15:41,100] [INFO] [Node_ 18] Received COMMIT: id:1742786140497, from:30009, delay:0.1554s, distance:0021.83m (Euclidean), mes_siz_bit:8390240
[2025-03-24 12:15:41,106] [INFO] [Node_ 18] Received COMMIT: id:1742786140497, from:30006, delay:0.1554s, distance:0010.68m (Euclidean), mes_siz_bit:8390248
[2025-03-24 12:15:41,112] [INFO] [Node_ 18] Received COMMIT: id:1742786140497, from:30008, delay:0.1554s, distance:0012.47m (Euclidean), mes_siz_bit:8390248
[2025-03-24 12:15:41,124] [INFO] [Node_ 18] Received COMMIT: id:1742786140497, from:30002, delay:0.1554s, distance:0011.71m (Euclidean), mes_siz_bit:8390248
[2025-03-24 12:15:41,132] [INFO] [Node_ 18] Received COMMIT: id:1742786140497, from:30015, delay:0.1554s, distance:0010.36m (Euclidean), mes_siz_bit:8390248
[2025-03-24 12:15:41,140] [INFO] [Node_ 18] Received COMMIT: id:1742786140497, from:30018, delay:0.1554s, distance:0021.77m (Euclidean), mes_siz_bit:8390240
[2025-03-24 12:15:41,200] [INFO] [Node_ 18] Cleaned up 1 finished statuses
[2025-03-24 12:15:41,230] [INFO] [Node_ 18] Received COMMIT: id:1742786140497, from:30010, delay:0.1554s, distance:0015.82m (Euclidean), mes_siz_bit:8390240
[2025-03-24 12:15:41,238] [INFO] [Node_ 18] Received COMMIT: id:1742786140497, from:30016, delay:0.1554s, distance:0006.64m (Euclidean), mes_siz_bit:8390248
[2025-03-24 12:15:41,245] [INFO] [Node_ 18] Received COMMIT: id:1742786140497, from:30004, delay:0.1554s, distance:0010.58m (Euclidean), mes_siz_bit:8390240
[2025-03-24 12:15:41,257] [INFO] [Node_ 18] Received COMMIT: id:1742786140497, from:30012, delay:0.1554s, distance:0011.57m (Euclidean), mes_siz_bit:8390240
[2025-03-24 12:15:41,263] [INFO] [Node_ 18] Received COMMIT: id:1742786140497, from:30007, delay:0.1554s, distance:0005.46m (Euclidean), mes_siz_bit:8390248
[2025-03-24 12:15:41,303] [INFO] [Node_ 18] Cleaned up 1 finished statuses
[2025-03-24 12:15:41,309] [INFO] [Node_ 18] Received COMMIT: id:1742786140497, from:30001, delay:0.1554s, distance:0009.52m (Euclidean), mes_siz_bit:8390240
[2025-03-24 12:15:41,315] [INFO] [Node_ 18] Received COMMIT: id:1742786140497, from:30013, delay:0.1554s, distance:0004.44m (Euclidean), mes_siz_bit:8390248
[2025-03-24 12:15:41,320] [INFO] [Node_ 18] Received COMMIT: id:1742786140497, from:30019, delay:0.1554s, distance:0014.04m (Euclidean), mes_siz_bit:8390248
[2025-03-24 12:15:41,326] [INFO] [Node_ 18] Received COMMIT: id:1742786140497, from:30011, delay:0.1554s, distance:0019.00m (Euclidean), mes_siz_bit:8390248
[2025-03-24 12:15:41,330] [INFO] [Node_ 18] Received COMMIT: id:1742786140497, from:30014, delay:0.1554s, distance:0017.78m (Euclidean), mes_siz_bit:8390240
[2025-03-24 12:15:41,338] [INFO] [Node_ 18] Received COMMIT: id:1742786140497, from:30005, delay:0.1554s, distance:0003.68m (Euclidean), mes_siz_bit:8390240
[2025-03-24 12:15:41,366] [INFO] [Node_ 18] Cleaned up 1 finished statuses
[2025-03-24 12:15:45,654] [INFO] [Node_ 18] Received PRE-PREPARE: id:1742786145549, from:30000, delay:0.1554s, distance:0022.05m (Euclidean), mes_siz_bit:8390248
[2025-03-24 12:15:45,829] [INFO] [Node_ 18] Received PREPARE: id:1742786145549, from:30011, delay:0.1554s, distance:0019.00m (Euclidean), mes_siz_bit:8390248
[2025-03-24 12:15:45,835] [INFO] [Node_ 18] Received PREPARE: id:1742786145549, from:30007, delay:0.1554s, distance:0005.46m (Euclidean), mes_siz_bit:8390248
[2025-03-24 12:15:45,845] [INFO] [Node_ 18] Received PREPARE: id:1742786145549, from:30002, delay:0.1554s, distance:0011.71m (Euclidean), mes_siz_bit:8390248
[2025-03-24 12:15:45,853] [INFO] [Node_ 18] Received PREPARE: id:1742786145549, from:30005, delay:0.1554s, distance:0003.68m (Euclidean), mes_siz_bit:8390240
[2025-03-24 12:15:45,859] [INFO] [Node_ 18] Received PREPARE: id:1742786145549, from:30003, delay:0.1554s, distance:0013.40m (Euclidean), mes_siz_bit:8390248
[2025-03-24 12:15:45,864] [INFO] [Node_ 18] Received PREPARE: id:1742786145549, from:30018, delay:0.1554s, distance:0021.77m (Euclidean), mes_siz_bit:8390240
[2025-03-24 12:15:45,870] [INFO] [Node_ 18] Received PREPARE: id:1742786145549, from:30006, delay:0.1554s, distance:0010.68m (Euclidean), mes_siz_bit:8390248
[2025-03-24 12:15:45,876] [INFO] [Node_ 18] Received PREPARE: id:1742786145549, from:30001, delay:0.1554s, distance:0009.52m (Euclidean), mes_siz_bit:8390240
[2025-03-24 12:15:45,884] [INFO] [Node_ 18] Received PREPARE: id:1742786145549, from:30004, delay:0.1554s, distance:0010.58m (Euclidean), mes_siz_bit:8390240
[2025-03-24 12:15:46,098] [INFO] [Node_ 18] Received PREPARE: id:1742786145549, from:30019, delay:0.1554s, distance:0014.04m (Euclidean), mes_siz_bit:8390248
[2025-03-24 12:15:46,109] [INFO] [Node_ 18] Received PREPARE: id:1742786145549, from:30015, delay:0.1554s, distance:0010.36m (Euclidean), mes_siz_bit:8390240
[2025-03-24 12:15:46,115] [INFO] [Node_ 18] Received PREPARE: id:1742786145549, from:30008, delay:0.1554s, distance:0012.47m (Euclidean), mes_siz_bit:8390240
[2025-03-24 12:15:46,141] [INFO] [Node_ 18] Received PREPARE: id:1742786145549, from:30016, delay:0.1554s, distance:0006.64m (Euclidean), mes_siz_bit:8390240
[2025-03-24 12:15:46,172] [INFO] [Node_ 18] Received PREPARE: id:1742786145549, from:30009, delay:0.1554s, distance:0021.83m (Euclidean), mes_siz_bit:8390240
[2025-03-24 12:15:46,181] [INFO] [Node_ 18] Received PREPARE: id:1742786145549, from:30012, delay:0.1554s, distance:0011.57m (Euclidean), mes_siz_bit:8390232
[2025-03-24 12:15:46,191] [INFO] [Node_ 18] Received PREPARE: id:1742786145549, from:30010, delay:0.1554s, distance:0015.82m (Euclidean), mes_siz_bit:8390248
[2025-03-24 12:15:46,199] [INFO] [Node_ 18] Received PREPARE: id:1742786145549, from:30014, delay:0.1554s, distance:0017.78m (Euclidean), mes_siz_bit:8390240
[2025-03-24 12:15:46,205] [INFO] [Node_ 18] Received PREPARE: id:1742786145549, from:30013, delay:0.1554s, distance:0004.44m (Euclidean), mes_siz_bit:8390240
[2025-03-24 12:15:46,234] [INFO] [Node_ 18] Received COMMIT: id:1742786145549, from:30000, delay:0.1554s, distance:0022.05m (Euclidean), mes_siz_bit:8390248
[2025-03-24 12:15:46,242] [INFO] [Node_ 18] Received COMMIT: id:1742786145549, from:30018, delay:0.1554s, distance:0021.77m (Euclidean), mes_siz_bit:8390240
[2025-03-24 12:15:46,254] [INFO] [Node_ 18] Received COMMIT: id:1742786145549, from:30015, delay:0.1554s, distance:0010.36m (Euclidean), mes_siz_bit:8390248
[2025-03-24 12:15:46,262] [INFO] [Node_ 18] Received COMMIT: id:1742786145549, from:30019, delay:0.1554s, distance:0014.04m (Euclidean), mes_siz_bit:8390248
[2025-03-24 12:15:46,268] [INFO] [Node_ 18] Received COMMIT: id:1742786145549, from:30006, delay:0.1554s, distance:0010.68m (Euclidean), mes_siz_bit:8390240
[2025-03-24 12:15:46,275] [INFO] [Node_ 18] Received COMMIT: id:1742786145549, from:30002, delay:0.1554s, distance:0011.71m (Euclidean), mes_siz_bit:8390240
[2025-03-24 12:15:46,284] [INFO] [Node_ 18] Received COMMIT: id:1742786145549, from:30004, delay:0.1554s, distance:0010.58m (Euclidean), mes_siz_bit:8390240
[2025-03-24 12:15:46,291] [INFO] [Node_ 18] Received COMMIT: id:1742786145549, from:30011, delay:0.1554s, distance:0019.00m (Euclidean), mes_siz_bit:8390248
[2025-03-24 12:15:46,297] [INFO] [Node_ 18] Received COMMIT: id:1742786145549, from:30007, delay:0.1554s, distance:0005.46m (Euclidean), mes_siz_bit:8390248
[2025-03-24 12:15:46,303] [INFO] [Node_ 18] Received COMMIT: id:1742786145549, from:30005, delay:0.1554s, distance:0003.68m (Euclidean), mes_siz_bit:8390240
[2025-03-24 12:15:46,323] [INFO] [Node_ 18] Received COMMIT: id:1742786145549, from:30008, delay:0.1554s, distance:0012.47m (Euclidean), mes_siz_bit:8390240
[2025-03-24 12:15:46,329] [INFO] [Node_ 18] Received COMMIT: id:1742786145549, from:30012, delay:0.1554s, distance:0011.57m (Euclidean), mes_siz_bit:8390232
[2025-03-24 12:15:46,343] [INFO] [Node_ 18] Received COMMIT: id:1742786145549, from:30014, delay:0.1554s, distance:0017.78m (Euclidean), mes_siz_bit:8390248
[2025-03-24 12:15:46,349] [INFO] [Node_ 18] Received COMMIT: id:1742786145549, from:30003, delay:0.1554s, distance:0013.40m (Euclidean), mes_siz_bit:8390240
[2025-03-24 12:15:46,361] [INFO] [Node_ 18] Received COMMIT: id:1742786145549, from:30001, delay:0.1554s, distance:0009.52m (Euclidean), mes_siz_bit:8390240
[2025-03-24 12:15:46,369] [INFO] [Node_ 18] Received COMMIT: id:1742786145549, from:30016, delay:0.1554s, distance:0006.64m (Euclidean), mes_siz_bit:8390240
[2025-03-24 12:15:46,378] [INFO] [Node_ 18] Received COMMIT: id:1742786145549, from:30009, delay:0.1554s, distance:0021.83m (Euclidean), mes_siz_bit:8390240
[2025-03-24 12:15:46,386] [INFO] [Node_ 18] Received COMMIT: id:1742786145549, from:30010, delay:0.1554s, distance:0015.82m (Euclidean), mes_siz_bit:8390248
[2025-03-24 12:15:46,392] [INFO] [Node_ 18] Received COMMIT: id:1742786145549, from:30013, delay:0.1554s, distance:0004.44m (Euclidean), mes_siz_bit:8390248
[2025-03-24 12:15:46,435] [INFO] [Node_ 18] Cleaned up 1 finished statuses
[2025-03-24 12:15:48,120] [INFO] [Node_ 18] Received PRE-PREPARE: id:1742786148027, from:30000, delay:0.1554s, distance:0022.05m (Euclidean), mes_siz_bit:8390248
[2025-03-24 12:15:48,378] [INFO] [Node_ 18] Received PREPARE: id:1742786148027, from:30015, delay:0.1554s, distance:0010.36m (Euclidean), mes_siz_bit:8390240
[2025-03-24 12:15:48,383] [INFO] [Node_ 18] Received PREPARE: id:1742786148027, from:30019, delay:0.1554s, distance:0014.04m (Euclidean), mes_siz_bit:8390240
[2025-03-24 12:15:48,392] [INFO] [Node_ 18] Received PREPARE: id:1742786148027, from:30014, delay:0.1554s, distance:0017.78m (Euclidean), mes_siz_bit:8390240
[2025-03-24 12:15:48,399] [INFO] [Node_ 18] Received PREPARE: id:1742786148027, from:30006, delay:0.1554s, distance:0010.68m (Euclidean), mes_siz_bit:8390240
[2025-03-24 12:15:48,405] [INFO] [Node_ 18] Received PREPARE: id:1742786148027, from:30002, delay:0.1554s, distance:0011.71m (Euclidean), mes_siz_bit:8390240
[2025-03-24 12:15:48,411] [INFO] [Node_ 18] Received PREPARE: id:1742786148027, from:30004, delay:0.1554s, distance:0010.58m (Euclidean), mes_siz_bit:8390232
[2025-03-24 12:15:48,416] [INFO] [Node_ 18] Received PREPARE: id:1742786148027, from:30003, delay:0.1554s, distance:0013.40m (Euclidean), mes_siz_bit:8390240
[2025-03-24 12:15:48,422] [INFO] [Node_ 18] Received PREPARE: id:1742786148027, from:30012, delay:0.1554s, distance:0011.57m (Euclidean), mes_siz_bit:8390232
[2025-03-24 12:15:48,429] [INFO] [Node_ 18] Received PREPARE: id:1742786148027, from:30008, delay:0.1554s, distance:0012.47m (Euclidean), mes_siz_bit:8390240
[2025-03-24 12:15:48,435] [INFO] [Node_ 18] Received PREPARE: id:1742786148027, from:30011, delay:0.1554s, distance:0019.00m (Euclidean), mes_siz_bit:8390240
[2025-03-24 12:15:48,440] [INFO] [Node_ 18] Received PREPARE: id:1742786148027, from:30009, delay:0.1554s, distance:0021.83m (Euclidean), mes_siz_bit:8390232
[2025-03-24 12:15:48,445] [INFO] [Node_ 18] Received PREPARE: id:1742786148027, from:30007, delay:0.1554s, distance:0005.46m (Euclidean), mes_siz_bit:8390240
[2025-03-24 12:15:48,452] [INFO] [Node_ 18] Received PREPARE: id:1742786148027, from:30001, delay:0.1554s, distance:0009.52m (Euclidean), mes_siz_bit:8390232
[2025-03-24 12:15:48,458] [INFO] [Node_ 18] Received PREPARE: id:1742786148027, from:30010, delay:0.1554s, distance:0015.82m (Euclidean), mes_siz_bit:8390240
[2025-03-24 12:15:48,462] [INFO] [Node_ 18] Received PREPARE: id:1742786148027, from:30016, delay:0.1554s, distance:0006.64m (Euclidean), mes_siz_bit:8390248
[2025-03-24 12:15:48,468] [INFO] [Node_ 18] Received PREPARE: id:1742786148027, from:30018, delay:0.1554s, distance:0021.77m (Euclidean), mes_siz_bit:8390248
[2025-03-24 12:15:48,475] [INFO] [Node_ 18] Received PREPARE: id:1742786148027, from:30005, delay:0.1554s, distance:0003.68m (Euclidean), mes_siz_bit:8390232
[2025-03-24 12:15:48,481] [INFO] [Node_ 18] Received PREPARE: id:1742786148027, from:30013, delay:0.1554s, distance:0004.44m (Euclidean), mes_siz_bit:8390240
[2025-03-24 12:15:48,738] [INFO] [Node_ 18] Received COMMIT: id:1742786148027, from:30004, delay:0.1554s, distance:0010.58m (Euclidean), mes_siz_bit:8390240
[2025-03-24 12:15:48,748] [INFO] [Node_ 18] Received COMMIT: id:1742786148027, from:30016, delay:0.1554s, distance:0006.64m (Euclidean), mes_siz_bit:8390248
[2025-03-24 12:15:48,758] [INFO] [Node_ 18] Received COMMIT: id:1742786148027, from:30009, delay:0.1554s, distance:0021.83m (Euclidean), mes_siz_bit:8390240
[2025-03-24 12:15:48,762] [INFO] [Node_ 18] Received COMMIT: id:1742786148027, from:30006, delay:0.1554s, distance:0010.68m (Euclidean), mes_siz_bit:8390248
[2025-03-24 12:15:48,768] [INFO] [Node_ 18] Received COMMIT: id:1742786148027, from:30008, delay:0.1554s, distance:0012.47m (Euclidean), mes_siz_bit:8390248
[2025-03-24 12:15:48,773] [INFO] [Node_ 18] Received COMMIT: id:1742786148027, from:30005, delay:0.1554s, distance:0003.68m (Euclidean), mes_siz_bit:8390240
[2025-03-24 12:15:48,782] [INFO] [Node_ 18] Received COMMIT: id:1742786148027, from:30011, delay:0.1554s, distance:0019.00m (Euclidean), mes_siz_bit:8390248
[2025-03-24 12:15:48,788] [INFO] [Node_ 18] Received COMMIT: id:1742786148027, from:30015, delay:0.1554s, distance:0010.36m (Euclidean), mes_siz_bit:8390248
[2025-03-24 12:15:48,792] [INFO] [Node_ 18] Received COMMIT: id:1742786148027, from:30014, delay:0.1554s, distance:0017.78m (Euclidean), mes_siz_bit:8390248
[2025-03-24 12:15:48,796] [INFO] [Node_ 18] Received COMMIT: id:1742786148027, from:30010, delay:0.1554s, distance:0015.82m (Euclidean), mes_siz_bit:8390248
[2025-03-24 12:15:48,804] [INFO] [Node_ 18] Received COMMIT: id:1742786148027, from:30002, delay:0.1554s, distance:0011.71m (Euclidean), mes_siz_bit:8390248
[2025-03-24 12:15:48,808] [INFO] [Node_ 18] Received COMMIT: id:1742786148027, from:30003, delay:0.1554s, distance:0013.40m (Euclidean), mes_siz_bit:8390248
[2025-03-24 12:15:48,814] [INFO] [Node_ 18] Received COMMIT: id:1742786148027, from:30001, delay:0.1554s, distance:0009.52m (Euclidean), mes_siz_bit:8390240
[2025-03-24 12:15:48,816] [INFO] [Node_ 18] Received COMMIT: id:1742786148027, from:30013, delay:0.1554s, distance:0004.44m (Euclidean), mes_siz_bit:8390248
[2025-03-24 12:15:48,824] [INFO] [Node_ 18] Received COMMIT: id:1742786148027, from:30012, delay:0.1554s, distance:0011.57m (Euclidean), mes_siz_bit:8390240
[2025-03-24 12:15:48,826] [INFO] [Node_ 18] Received COMMIT: id:1742786148027, from:30019, delay:0.1554s, distance:0014.04m (Euclidean), mes_siz_bit:8390248
[2025-03-24 12:15:48,830] [INFO] [Node_ 18] Received COMMIT: id:1742786148027, from:30000, delay:0.1554s, distance:0022.05m (Euclidean), mes_siz_bit:8390248
[2025-03-24 12:15:48,843] [INFO] [Node_ 18] Cleaned up 1 finished statuses
[2025-03-24 12:15:48,845] [INFO] [Node_ 18] Received COMMIT: id:1742786148027, from:30007, delay:0.1554s, distance:0005.46m (Euclidean), mes_siz_bit:8390248
[2025-03-24 12:15:48,849] [INFO] [Node_ 18] Received COMMIT: id:1742786148027, from:30018, delay:0.1554s, distance:0021.77m (Euclidean), mes_siz_bit:8390248
[2025-03-24 12:15:48,986] [INFO] [Node_ 18] Received PRE-PREPARE: id:1742786148853, from:30000, delay:0.1554s, distance:0022.05m (Euclidean), mes_siz_bit:8390248
[2025-03-24 12:15:49,249] [INFO] [Node_ 18] Received PREPARE: id:1742786148853, from:30011, delay:0.1554s, distance:0019.00m (Euclidean), mes_siz_bit:8390248
[2025-03-24 12:15:49,257] [INFO] [Node_ 18] Received PREPARE: id:1742786148853, from:30014, delay:0.1554s, distance:0017.78m (Euclidean), mes_siz_bit:8390248
[2025-03-24 12:15:49,268] [INFO] [Node_ 18] Received PREPARE: id:1742786148853, from:30015, delay:0.1554s, distance:0010.36m (Euclidean), mes_siz_bit:8390240
[2025-03-24 12:15:49,274] [INFO] [Node_ 18] Received PREPARE: id:1742786148853, from:30010, delay:0.1554s, distance:0015.82m (Euclidean), mes_siz_bit:8390248
[2025-03-24 12:15:49,281] [INFO] [Node_ 18] Received PREPARE: id:1742786148853, from:30003, delay:0.1554s, distance:0013.40m (Euclidean), mes_siz_bit:8390248
[2025-03-24 12:15:49,287] [INFO] [Node_ 18] Received PREPARE: id:1742786148853, from:30009, delay:0.1554s, distance:0021.83m (Euclidean), mes_siz_bit:8390240
[2025-03-24 12:15:49,293] [INFO] [Node_ 18] Received PREPARE: id:1742786148853, from:30001, delay:0.1554s, distance:0009.52m (Euclidean), mes_siz_bit:8390240
[2025-03-24 12:15:49,297] [INFO] [Node_ 18] Received PREPARE: id:1742786148853, from:30013, delay:0.1554s, distance:0004.44m (Euclidean), mes_siz_bit:8390248
[2025-03-24 12:15:49,305] [INFO] [Node_ 18] Received PREPARE: id:1742786148853, from:30004, delay:0.1554s, distance:0010.58m (Euclidean), mes_siz_bit:8390240
[2025-03-24 12:15:49,309] [INFO] [Node_ 18] Received PREPARE: id:1742786148853, from:30002, delay:0.1554s, distance:0011.71m (Euclidean), mes_siz_bit:8390248
[2025-03-24 12:15:49,314] [INFO] [Node_ 18] Received PREPARE: id:1742786148853, from:30005, delay:0.1554s, distance:0003.68m (Euclidean), mes_siz_bit:8390240
[2025-03-24 12:15:49,318] [INFO] [Node_ 18] Received PREPARE: id:1742786148853, from:30016, delay:0.1554s, distance:0006.64m (Euclidean), mes_siz_bit:8390232
[2025-03-24 12:15:49,322] [INFO] [Node_ 18] Received PREPARE: id:1742786148853, from:30006, delay:0.1554s, distance:0010.68m (Euclidean), mes_siz_bit:8390248
[2025-03-24 12:15:49,328] [INFO] [Node_ 18] Received PREPARE: id:1742786148853, from:30012, delay:0.1554s, distance:0011.57m (Euclidean), mes_siz_bit:8390240
[2025-03-24 12:15:49,332] [INFO] [Node_ 18] Received PREPARE: id:1742786148853, from:30019, delay:0.1554s, distance:0014.04m (Euclidean), mes_siz_bit:8390232
[2025-03-24 12:15:49,339] [INFO] [Node_ 18] Received PREPARE: id:1742786148853, from:30007, delay:0.1554s, distance:0005.46m (Euclidean), mes_siz_bit:8390248
[2025-03-24 12:15:49,528] [INFO] [Node_ 18] Received PREPARE: id:1742786148853, from:30008, delay:0.1554s, distance:0012.47m (Euclidean), mes_siz_bit:8390248
[2025-03-24 12:15:49,543] [INFO] [Node_ 18] Received PREPARE: id:1742786148853, from:30018, delay:0.1554s, distance:0021.77m (Euclidean), mes_siz_bit:8390232
[2025-03-24 12:15:49,646] [INFO] [Node_ 18] Received COMMIT: id:1742786148853, from:30009, delay:0.1554s, distance:0021.83m (Euclidean), mes_siz_bit:8390232
[2025-03-24 12:15:49,655] [INFO] [Node_ 18] Received COMMIT: id:1742786148853, from:30000, delay:0.1554s, distance:0022.05m (Euclidean), mes_siz_bit:8390248
[2025-03-24 12:15:49,674] [INFO] [Node_ 18] Received COMMIT: id:1742786148853, from:30004, delay:0.1554s, distance:0010.58m (Euclidean), mes_siz_bit:8390240
[2025-03-24 12:15:49,690] [INFO] [Node_ 18] Received COMMIT: id:1742786148853, from:30007, delay:0.1554s, distance:0005.46m (Euclidean), mes_siz_bit:8390248
[2025-03-24 12:15:49,697] [INFO] [Node_ 18] Received COMMIT: id:1742786148853, from:30015, delay:0.1554s, distance:0010.36m (Euclidean), mes_siz_bit:8390248
[2025-03-24 12:15:49,703] [INFO] [Node_ 18] Received COMMIT: id:1742786148853, from:30010, delay:0.1554s, distance:0015.82m (Euclidean), mes_siz_bit:8390248
[2025-03-24 12:15:49,709] [INFO] [Node_ 18] Received COMMIT: id:1742786148853, from:30014, delay:0.1554s, distance:0017.78m (Euclidean), mes_siz_bit:8390248
[2025-03-24 12:15:49,715] [INFO] [Node_ 18] Received COMMIT: id:1742786148853, from:30012, delay:0.1554s, distance:0011.57m (Euclidean), mes_siz_bit:8390240
[2025-03-24 12:15:49,720] [INFO] [Node_ 18] Received COMMIT: id:1742786148853, from:30003, delay:0.1554s, distance:0013.40m (Euclidean), mes_siz_bit:8390248
[2025-03-24 12:15:49,728] [INFO] [Node_ 18] Received COMMIT: id:1742786148853, from:30013, delay:0.1554s, distance:0004.44m (Euclidean), mes_siz_bit:8390232
[2025-03-24 12:15:49,735] [INFO] [Node_ 18] Received COMMIT: id:1742786148853, from:30011, delay:0.1554s, distance:0019.00m (Euclidean), mes_siz_bit:8390240
[2025-03-24 12:15:49,744] [INFO] [Node_ 18] Received COMMIT: id:1742786148853, from:30001, delay:0.1554s, distance:0009.52m (Euclidean), mes_siz_bit:8390240
[2025-03-24 12:15:49,787] [INFO] [Node_ 18] Cleaned up 1 finished statuses
[2025-03-24 12:15:49,797] [INFO] [Node_ 18] Received COMMIT: id:1742786148853, from:30002, delay:0.1554s, distance:0011.71m (Euclidean), mes_siz_bit:8390248
[2025-03-24 12:15:49,802] [INFO] [Node_ 18] Received COMMIT: id:1742786148853, from:30005, delay:0.1554s, distance:0003.68m (Euclidean), mes_siz_bit:8390240
[2025-03-24 12:15:49,808] [INFO] [Node_ 18] Received COMMIT: id:1742786148853, from:30006, delay:0.1554s, distance:0010.68m (Euclidean), mes_siz_bit:8390248
[2025-03-24 12:15:49,817] [INFO] [Node_ 18] Received COMMIT: id:1742786148853, from:30016, delay:0.1554s, distance:0006.64m (Euclidean), mes_siz_bit:8390232
[2025-03-24 12:15:49,825] [INFO] [Node_ 18] Received COMMIT: id:1742786148853, from:30018, delay:0.1554s, distance:0021.77m (Euclidean), mes_siz_bit:8390248
[2025-03-24 12:15:49,831] [INFO] [Node_ 18] Received COMMIT: id:1742786148853, from:30008, delay:0.1554s, distance:0012.47m (Euclidean), mes_siz_bit:8390240
[2025-03-24 12:15:49,862] [INFO] [Node_ 18] Cleaned up 1 finished statuses
[2025-03-24 12:15:49,868] [INFO] [Node_ 18] Received COMMIT: id:1742786148853, from:30019, delay:0.1554s, distance:0014.04m (Euclidean), mes_siz_bit:8390248
[2025-03-24 12:15:50,992] [INFO] [Node_ 18] Received PRE-PREPARE: id:1742786150899, from:30000, delay:0.1554s, distance:0022.05m (Euclidean), mes_siz_bit:8390248
[2025-03-24 12:15:51,086] [INFO] [Node_ 18] Received PREPARE: id:1742786150899, from:30004, delay:0.1554s, distance:0010.58m (Euclidean), mes_siz_bit:8390240
[2025-03-24 12:15:51,100] [INFO] [Node_ 18] Received PREPARE: id:1742786150899, from:30012, delay:0.1554s, distance:0011.57m (Euclidean), mes_siz_bit:8390232
[2025-03-24 12:15:51,328] [INFO] [Node_ 18] Received PREPARE: id:1742786150899, from:30001, delay:0.1554s, distance:0009.52m (Euclidean), mes_siz_bit:8390240
[2025-03-24 12:15:51,335] [INFO] [Node_ 18] Received PREPARE: id:1742786150899, from:30007, delay:0.1554s, distance:0005.46m (Euclidean), mes_siz_bit:8390240
[2025-03-24 12:15:51,341] [INFO] [Node_ 18] Received PREPARE: id:1742786150899, from:30015, delay:0.1554s, distance:0010.36m (Euclidean), mes_siz_bit:8390248
[2025-03-24 12:15:51,347] [INFO] [Node_ 18] Received PREPARE: id:1742786150899, from:30019, delay:0.1554s, distance:0014.04m (Euclidean), mes_siz_bit:8390248
[2025-03-24 12:15:51,349] [INFO] [Node_ 18] Received PREPARE: id:1742786150899, from:30002, delay:0.1554s, distance:0011.71m (Euclidean), mes_siz_bit:8390248
[2025-03-24 12:15:51,357] [INFO] [Node_ 18] Received PREPARE: id:1742786150899, from:30005, delay:0.1554s, distance:0003.68m (Euclidean), mes_siz_bit:8390240
[2025-03-24 12:15:51,357] [INFO] [Node_ 18] Received PREPARE: id:1742786150899, from:30018, delay:0.1554s, distance:0021.77m (Euclidean), mes_siz_bit:8390248
[2025-03-24 12:15:51,357] [INFO] [Node_ 18] Received COMMIT: id:1742786150899, from:30000, delay:0.1554s, distance:0022.05m (Euclidean), mes_siz_bit:8390248
[2025-03-24 12:15:51,374] [INFO] [Node_ 18] Received PREPARE: id:1742786150899, from:30009, delay:0.1554s, distance:0021.83m (Euclidean), mes_siz_bit:8390232
[2025-03-24 12:15:51,380] [INFO] [Node_ 18] Received PREPARE: id:1742786150899, from:30011, delay:0.1554s, distance:0019.00m (Euclidean), mes_siz_bit:8390248
[2025-03-24 12:15:51,383] [INFO] [Node_ 18] Received PREPARE: id:1742786150899, from:30016, delay:0.1554s, distance:0006.64m (Euclidean), mes_siz_bit:8390240
[2025-03-24 12:15:51,389] [INFO] [Node_ 18] Received PREPARE: id:1742786150899, from:30010, delay:0.1554s, distance:0015.82m (Euclidean), mes_siz_bit:8390240
[2025-03-24 12:15:51,394] [INFO] [Node_ 18] Received PREPARE: id:1742786150899, from:30014, delay:0.1554s, distance:0017.78m (Euclidean), mes_siz_bit:8390248
[2025-03-24 12:15:51,399] [INFO] [Node_ 18] Received PREPARE: id:1742786150899, from:30008, delay:0.1554s, distance:0012.47m (Euclidean), mes_siz_bit:8390248
[2025-03-24 12:15:51,403] [INFO] [Node_ 18] Received PREPARE: id:1742786150899, from:30006, delay:0.1554s, distance:0010.68m (Euclidean), mes_siz_bit:8390248
[2025-03-24 12:15:51,408] [INFO] [Node_ 18] Received PREPARE: id:1742786150899, from:30003, delay:0.1554s, distance:0013.40m (Euclidean), mes_siz_bit:8390248
[2025-03-24 12:15:51,413] [INFO] [Node_ 18] Received COMMIT: id:1742786150899, from:30012, delay:0.1554s, distance:0011.57m (Euclidean), mes_siz_bit:8390224
[2025-03-24 12:15:51,424] [INFO] [Node_ 18] Received PREPARE: id:1742786150899, from:30013, delay:0.1554s, distance:0004.44m (Euclidean), mes_siz_bit:8390248
[2025-03-24 12:15:51,432] [INFO] [Node_ 18] Received COMMIT: id:1742786150899, from:30004, delay:0.1554s, distance:0010.58m (Euclidean), mes_siz_bit:8390240
[2025-03-24 12:15:51,474] [INFO] [Node_ 18] Cleaned up 1 finished statuses
[2025-03-24 12:15:51,482] [INFO] [Node_ 18] Received COMMIT: id:1742786150899, from:30019, delay:0.1554s, distance:0014.04m (Euclidean), mes_siz_bit:8390248
[2025-03-24 12:15:51,502] [INFO] [Node_ 18] Received COMMIT: id:1742786150899, from:30015, delay:0.1554s, distance:0010.36m (Euclidean), mes_siz_bit:8390232
[2025-03-24 12:15:51,527] [INFO] [Node_ 18] Received COMMIT: id:1742786150899, from:30005, delay:0.1554s, distance:0003.68m (Euclidean), mes_siz_bit:8390240
[2025-03-24 12:15:51,540] [INFO] [Node_ 18] Received COMMIT: id:1742786150899, from:30002, delay:0.1554s, distance:0011.71m (Euclidean), mes_siz_bit:8390248
[2025-03-24 12:15:51,561] [INFO] [Node_ 18] Received COMMIT: id:1742786150899, from:30003, delay:0.1554s, distance:0013.40m (Euclidean), mes_siz_bit:8390248
[2025-03-24 12:15:51,598] [INFO] [Node_ 18] Cleaned up 1 finished statuses
[2025-03-24 12:15:51,604] [INFO] [Node_ 18] Received COMMIT: id:1742786150899, from:30018, delay:0.1554s, distance:0021.77m (Euclidean), mes_siz_bit:8390248
[2025-03-24 12:15:51,610] [INFO] [Node_ 18] Received COMMIT: id:1742786150899, from:30007, delay:0.1554s, distance:0005.46m (Euclidean), mes_siz_bit:8390248
[2025-03-24 12:15:51,612] [INFO] [Node_ 18] Received COMMIT: id:1742786150899, from:30011, delay:0.1554s, distance:0019.00m (Euclidean), mes_siz_bit:8390248
[2025-03-24 12:15:51,612] [INFO] [Node_ 18] Received COMMIT: id:1742786150899, from:30001, delay:0.1554s, distance:0009.52m (Euclidean), mes_siz_bit:8390224
[2025-03-24 12:15:51,631] [INFO] [Node_ 18] Received COMMIT: id:1742786150899, from:30013, delay:0.1554s, distance:0004.44m (Euclidean), mes_siz_bit:8390248
[2025-03-24 12:15:51,637] [INFO] [Node_ 18] Received COMMIT: id:1742786150899, from:30014, delay:0.1554s, distance:0017.78m (Euclidean), mes_siz_bit:8390248
[2025-03-24 12:15:51,641] [INFO] [Node_ 18] Received COMMIT: id:1742786150899, from:30010, delay:0.1554s, distance:0015.82m (Euclidean), mes_siz_bit:8390248
[2025-03-24 12:15:51,647] [INFO] [Node_ 18] Received COMMIT: id:1742786150899, from:30016, delay:0.1554s, distance:0006.64m (Euclidean), mes_siz_bit:8390248
[2025-03-24 12:15:51,675] [INFO] [Node_ 18] Cleaned up 1 finished statuses
[2025-03-24 12:15:51,679] [INFO] [Node_ 18] Received COMMIT: id:1742786150899, from:30008, delay:0.1554s, distance:0012.47m (Euclidean), mes_siz_bit:8390248
[2025-03-24 12:15:51,683] [INFO] [Node_ 18] Received COMMIT: id:1742786150899, from:30009, delay:0.1554s, distance:0021.83m (Euclidean), mes_siz_bit:8390240
[2025-03-24 12:15:51,688] [INFO] [Node_ 18] Received COMMIT: id:1742786150899, from:30006, delay:0.1554s, distance:0010.68m (Euclidean), mes_siz_bit:8390240
[2025-03-24 12:15:51,712] [INFO] [Node_ 18] Cleaned up 1 finished statuses
[2025-03-27 11:51:58,414] [INFO] [Node_ 18] Starting node at localhost:30017 | index= 18 | f=1, k=4
[2025-03-27 11:52:01,376] [INFO] [Node_ 18] Received PRE-PREPARE: id:1743043921359, from:30000, delay:0.0000s, distance:0022.05m (Euclidean)
[2025-03-27 11:52:01,407] [INFO] [Node_ 18] Received PREPARE: id:1743043921359, from:30018, delay:0.0000s, distance:0021.77m (Euclidean)
[2025-03-27 11:52:01,415] [INFO] [Node_ 18] Received PREPARE: id:1743043921359, from:30013, delay:0.0000s, distance:0004.44m (Euclidean)
[2025-03-27 11:52:01,440] [INFO] [Node_ 18] Received PREPARE: id:1743043921359, from:30012, delay:0.0000s, distance:0011.57m (Euclidean)
[2025-03-27 11:52:01,449] [INFO] [Node_ 18] Received COMMIT: id:1743043921359, from:30018, delay:0.0000s, distance:0021.77m (Euclidean)
[2025-03-27 11:52:01,449] [INFO] [Node_ 18] Received COMMIT: id:1743043921359, from:30012, delay:0.0000s, distance:0011.57m (Euclidean)
[2025-03-27 11:52:01,453] [INFO] [Node_ 18] Received COMMIT: id:1743043921359, from:30000, delay:0.0000s, distance:0022.05m (Euclidean)
[2025-03-27 11:52:01,459] [INFO] [Node_ 18] Received PREPARE: id:1743043921359, from:30009, delay:0.0000s, distance:0021.83m (Euclidean)
[2025-03-27 11:52:01,462] [INFO] [Node_ 18] Received COMMIT: id:1743043921359, from:30013, delay:0.0000s, distance:0004.44m (Euclidean)
[2025-03-27 11:52:01,462] [INFO] [Node_ 18] Received PREPARE: id:1743043921359, from:30016, delay:0.0000s, distance:0006.64m (Euclidean)
[2025-03-27 11:52:01,465] [INFO] [Node_ 18] Received COMMIT: id:1743043921359, from:30009, delay:0.0000s, distance:0021.83m (Euclidean)
[2025-03-27 11:52:01,465] [INFO] [Node_ 18] Received PREPARE: id:1743043921359, from:30001, delay:0.0000s, distance:0009.52m (Euclidean)
[2025-03-27 11:52:01,467] [INFO] [Node_ 18] Received PREPARE: id:1743043921359, from:30015, delay:0.0000s, distance:0010.36m (Euclidean)
[2025-03-27 11:52:01,468] [INFO] [Node_ 18] Received PREPARE: id:1743043921359, from:30019, delay:0.0000s, distance:0014.04m (Euclidean)
[2025-03-27 11:52:01,468] [INFO] [Node_ 18] Received COMMIT: id:1743043921359, from:30016, delay:0.0000s, distance:0006.64m (Euclidean)
[2025-03-27 11:52:01,470] [INFO] [Node_ 18] Received COMMIT: id:1743043921359, from:30001, delay:0.0000s, distance:0009.52m (Euclidean)
[2025-03-27 11:52:01,470] [INFO] [Node_ 18] Received PREPARE: id:1743043921359, from:30014, delay:0.0000s, distance:0017.78m (Euclidean)
[2025-03-27 11:52:01,470] [INFO] [Node_ 18] Received COMMIT: id:1743043921359, from:30019, delay:0.0000s, distance:0014.04m (Euclidean)
[2025-03-27 11:52:01,472] [INFO] [Node_ 18] Received COMMIT: id:1743043921359, from:30015, delay:0.0000s, distance:0010.36m (Euclidean)
[2025-03-27 11:52:01,472] [INFO] [Node_ 18] Received PREPARE: id:1743043921359, from:30005, delay:0.0000s, distance:0003.68m (Euclidean)
[2025-03-27 11:52:01,472] [INFO] [Node_ 18] Received PREPARE: id:1743043921359, from:30011, delay:0.0000s, distance:0019.00m (Euclidean)
[2025-03-27 11:52:01,473] [INFO] [Node_ 18] Received COMMIT: id:1743043921359, from:30005, delay:0.0000s, distance:0003.68m (Euclidean)
[2025-03-27 11:52:01,474] [INFO] [Node_ 18] Received PREPARE: id:1743043921359, from:30008, delay:0.0000s, distance:0012.47m (Euclidean)
[2025-03-27 11:52:01,474] [INFO] [Node_ 18] Received COMMIT: id:1743043921359, from:30014, delay:0.0000s, distance:0017.78m (Euclidean)
[2025-03-27 11:52:01,475] [INFO] [Node_ 18] Received PREPARE: id:1743043921359, from:30003, delay:0.0000s, distance:0013.40m (Euclidean)
[2025-03-27 11:52:01,475] [INFO] [Node_ 18] Received COMMIT: id:1743043921359, from:30011, delay:0.0000s, distance:0019.00m (Euclidean)
[2025-03-27 11:52:01,475] [INFO] [Node_ 18] Received PREPARE: id:1743043921359, from:30007, delay:0.0000s, distance:0005.46m (Euclidean)
[2025-03-27 11:52:01,475] [INFO] [Node_ 18] Received PREPARE: id:1743043921359, from:30002, delay:0.0000s, distance:0011.71m (Euclidean)
[2025-03-27 11:52:01,475] [INFO] [Node_ 18] Received PREPARE: id:1743043921359, from:30010, delay:0.0000s, distance:0015.82m (Euclidean)
[2025-03-27 11:52:01,477] [INFO] [Node_ 18] Received PREPARE: id:1743043921359, from:30004, delay:0.0000s, distance:0010.58m (Euclidean)
[2025-03-27 11:52:01,477] [INFO] [Node_ 18] Received COMMIT: id:1743043921359, from:30003, delay:0.0000s, distance:0013.40m (Euclidean)
[2025-03-27 11:52:01,478] [INFO] [Node_ 18] Received PREPARE: id:1743043921359, from:30006, delay:0.0000s, distance:0010.68m (Euclidean)
[2025-03-27 11:52:01,478] [INFO] [Node_ 18] Received COMMIT: id:1743043921359, from:30008, delay:0.0000s, distance:0012.47m (Euclidean)
[2025-03-27 11:52:01,478] [INFO] [Node_ 18] Received COMMIT: id:1743043921359, from:30007, delay:0.0000s, distance:0005.46m (Euclidean)
[2025-03-27 11:52:01,478] [INFO] [Node_ 18] Received COMMIT: id:1743043921359, from:30002, delay:0.0000s, distance:0011.71m (Euclidean)
[2025-03-27 11:52:01,479] [INFO] [Node_ 18] Received COMMIT: id:1743043921359, from:30004, delay:0.0000s, distance:0010.58m (Euclidean)
[2025-03-27 11:52:01,479] [INFO] [Node_ 18] Received COMMIT: id:1743043921359, from:30006, delay:0.0000s, distance:0010.68m (Euclidean)
[2025-03-27 11:52:01,489] [INFO] [Node_ 18] Cleaned up 1 finished statuses
[2025-03-27 11:52:01,490] [INFO] [Node_ 18] Received COMMIT: id:1743043921359, from:30010, delay:0.0000s, distance:0015.82m (Euclidean)
[2025-03-27 11:52:03,517] [INFO] [Node_ 18] Received PRE-PREPARE: id:1743043923506, from:30000, delay:0.0000s, distance:0022.05m (Euclidean)
[2025-03-27 11:52:03,532] [INFO] [Node_ 18] Received PREPARE: id:1743043923506, from:30012, delay:0.0000s, distance:0011.57m (Euclidean)
[2025-03-27 11:52:03,532] [INFO] [Node_ 18] Received PREPARE: id:1743043923506, from:30009, delay:0.0000s, distance:0021.83m (Euclidean)
[2025-03-27 11:52:03,535] [INFO] [Node_ 18] Received PREPARE: id:1743043923506, from:30010, delay:0.0000s, distance:0015.82m (Euclidean)
[2025-03-27 11:52:03,535] [INFO] [Node_ 18] Received PREPARE: id:1743043923506, from:30018, delay:0.0000s, distance:0021.77m (Euclidean)
[2025-03-27 11:52:03,536] [INFO] [Node_ 18] Received PREPARE: id:1743043923506, from:30005, delay:0.0000s, distance:0003.68m (Euclidean)
[2025-03-27 11:52:03,536] [INFO] [Node_ 18] Received PREPARE: id:1743043923506, from:30011, delay:0.0000s, distance:0019.00m (Euclidean)
[2025-03-27 11:52:03,536] [INFO] [Node_ 18] Received PREPARE: id:1743043923506, from:30004, delay:0.0000s, distance:0010.58m (Euclidean)
[2025-03-27 11:52:03,536] [INFO] [Node_ 18] Received PREPARE: id:1743043923506, from:30006, delay:0.0000s, distance:0010.68m (Euclidean)
[2025-03-27 11:52:03,537] [INFO] [Node_ 18] Received PREPARE: id:1743043923506, from:30019, delay:0.0000s, distance:0014.04m (Euclidean)
[2025-03-27 11:52:03,537] [INFO] [Node_ 18] Received PREPARE: id:1743043923506, from:30013, delay:0.0000s, distance:0004.44m (Euclidean)
[2025-03-27 11:52:03,537] [INFO] [Node_ 18] Received PREPARE: id:1743043923506, from:30014, delay:0.0000s, distance:0017.78m (Euclidean)
[2025-03-27 11:52:03,537] [INFO] [Node_ 18] Received PREPARE: id:1743043923506, from:30015, delay:0.0000s, distance:0010.36m (Euclidean)
[2025-03-27 11:52:03,538] [INFO] [Node_ 18] Received PREPARE: id:1743043923506, from:30007, delay:0.0000s, distance:0005.46m (Euclidean)
[2025-03-27 11:52:03,538] [INFO] [Node_ 18] Received PREPARE: id:1743043923506, from:30002, delay:0.0000s, distance:0011.71m (Euclidean)
[2025-03-27 11:52:03,538] [INFO] [Node_ 18] Received PREPARE: id:1743043923506, from:30003, delay:0.0000s, distance:0013.40m (Euclidean)
[2025-03-27 11:52:03,538] [INFO] [Node_ 18] Received PREPARE: id:1743043923506, from:30008, delay:0.0000s, distance:0012.47m (Euclidean)
[2025-03-27 11:52:03,538] [INFO] [Node_ 18] Received PREPARE: id:1743043923506, from:30001, delay:0.0000s, distance:0009.52m (Euclidean)
[2025-03-27 11:52:03,539] [INFO] [Node_ 18] Received PREPARE: id:1743043923506, from:30016, delay:0.0000s, distance:0006.64m (Euclidean)
[2025-03-27 11:52:03,550] [INFO] [Node_ 18] Received COMMIT: id:1743043923506, from:30004, delay:0.0000s, distance:0010.58m (Euclidean)
[2025-03-27 11:52:03,550] [INFO] [Node_ 18] Received COMMIT: id:1743043923506, from:30013, delay:0.0000s, distance:0004.44m (Euclidean)
[2025-03-27 11:52:03,551] [INFO] [Node_ 18] Received COMMIT: id:1743043923506, from:30016, delay:0.0000s, distance:0006.64m (Euclidean)
[2025-03-27 11:52:03,551] [INFO] [Node_ 18] Received COMMIT: id:1743043923506, from:30014, delay:0.0000s, distance:0017.78m (Euclidean)
[2025-03-27 11:52:03,552] [INFO] [Node_ 18] Received COMMIT: id:1743043923506, from:30000, delay:0.0000s, distance:0022.05m (Euclidean)
[2025-03-27 11:52:03,552] [INFO] [Node_ 18] Received COMMIT: id:1743043923506, from:30012, delay:0.0000s, distance:0011.57m (Euclidean)
[2025-03-27 11:52:03,552] [INFO] [Node_ 18] Received COMMIT: id:1743043923506, from:30011, delay:0.0000s, distance:0019.00m (Euclidean)
[2025-03-27 11:52:03,556] [INFO] [Node_ 18] Received COMMIT: id:1743043923506, from:30005, delay:0.0000s, distance:0003.68m (Euclidean)
[2025-03-27 11:52:03,556] [INFO] [Node_ 18] Received COMMIT: id:1743043923506, from:30015, delay:0.0000s, distance:0010.36m (Euclidean)
[2025-03-27 11:52:03,556] [INFO] [Node_ 18] Received COMMIT: id:1743043923506, from:30007, delay:0.0000s, distance:0005.46m (Euclidean)
[2025-03-27 11:52:03,556] [INFO] [Node_ 18] Received COMMIT: id:1743043923506, from:30008, delay:0.0000s, distance:0012.47m (Euclidean)
[2025-03-27 11:52:03,557] [INFO] [Node_ 18] Received COMMIT: id:1743043923506, from:30010, delay:0.0000s, distance:0015.82m (Euclidean)
[2025-03-27 11:52:03,557] [INFO] [Node_ 18] Received COMMIT: id:1743043923506, from:30019, delay:0.0000s, distance:0014.04m (Euclidean)
[2025-03-27 11:52:03,557] [INFO] [Node_ 18] Received COMMIT: id:1743043923506, from:30009, delay:0.0000s, distance:0021.83m (Euclidean)
[2025-03-27 11:52:03,557] [INFO] [Node_ 18] Received COMMIT: id:1743043923506, from:30003, delay:0.0000s, distance:0013.40m (Euclidean)
[2025-03-27 11:52:03,557] [INFO] [Node_ 18] Received COMMIT: id:1743043923506, from:30006, delay:0.0000s, distance:0010.68m (Euclidean)
[2025-03-27 11:52:03,558] [INFO] [Node_ 18] Received COMMIT: id:1743043923506, from:30001, delay:0.0000s, distance:0009.52m (Euclidean)
[2025-03-27 11:52:03,558] [INFO] [Node_ 18] Received COMMIT: id:1743043923506, from:30002, delay:0.0000s, distance:0011.71m (Euclidean)
[2025-03-27 11:52:03,571] [INFO] [Node_ 18] Cleaned up 1 finished statuses
[2025-03-27 11:52:03,584] [INFO] [Node_ 18] Received COMMIT: id:1743043923506, from:30018, delay:0.0000s, distance:0021.77m (Euclidean)
