[2025-03-20 12:41:55,549] [INFO] [Node_104] Starting node at localhost:30103 | index=104 | f=1, k=4
[2025-03-20 12:42:02,107] [INFO] [Node_104] Received PRE-PREPARE: id:1742442121036, from:30000, delay:0.6991s, distance:0143.26m (Euclidean), mes_siz_bit:16778848
[2025-03-20 12:42:56,720] [INFO] [Node_104] Received PREPARE: id:1742442121036, from:30023, delay:0.4661s, distance:0099.29m (Euclidean), mes_siz_bit:16778856
[2025-03-20 12:42:56,734] [INFO] [Node_104] Received PREPARE: id:1742442121036, from:30083, delay:0.4661s, distance:0075.11m (Euclidean), mes_siz_bit:16778864
[2025-03-20 12:42:56,769] [INFO] [Node_104] Received PREPARE: id:1742442121036, from:30020, delay:0.6991s, distance:0118.19m (Euclidean), mes_siz_bit:16778856
[2025-03-20 12:42:56,934] [INFO] [Node_104] Received PREPARE: id:1742442121036, from:30079, delay:0.0000s, distance:0050.98m (Euclidean), mes_siz_bit:16778848
[2025-03-20 12:42:56,953] [INFO] [Node_104] Received PREPARE: id:1742442121036, from:30010, delay:0.9322s, distance:0152.62m (Euclidean), mes_siz_bit:16778848
[2025-03-20 12:42:56,971] [INFO] [Node_104] Received PREPARE: id:1742442121036, from:30022, delay:0.6991s, distance:0123.98m (Euclidean), mes_siz_bit:16778864
[2025-03-20 12:42:56,989] [INFO] [Node_104] Received PREPARE: id:1742442121036, from:30081, delay:0.3107s, distance:0043.00m (Euclidean), mes_siz_bit:16778856
[2025-03-20 12:42:57,003] [INFO] [Node_104] Received PREPARE: id:1742442121036, from:30021, delay:0.4661s, distance:0066.38m (Euclidean), mes_siz_bit:16778864
[2025-03-20 12:42:57,015] [INFO] [Node_104] Received PREPARE: id:1742442121036, from:30084, delay:0.4661s, distance:0067.92m (Euclidean), mes_siz_bit:16778864
[2025-03-20 12:42:57,028] [INFO] [Node_104] Received PREPARE: id:1742442121036, from:30086, delay:0.9322s, distance:0179.82m (Euclidean), mes_siz_bit:16778864
[2025-03-20 12:42:57,040] [INFO] [Node_104] Received PREPARE: id:1742442121036, from:30080, delay:0.6991s, distance:0146.04m (Euclidean), mes_siz_bit:16778864
[2025-03-20 12:42:57,048] [INFO] [Node_104] Received PREPARE: id:1742442121036, from:30018, delay:0.6991s, distance:0108.12m (Euclidean), mes_siz_bit:16778864
[2025-03-20 12:42:57,064] [INFO] [Node_104] Received PREPARE: id:1742442121036, from:30041, delay:0.4661s, distance:0053.39m (Euclidean), mes_siz_bit:16778856
[2025-03-20 12:42:57,080] [INFO] [Node_104] Received PREPARE: id:1742442121036, from:30085, delay:0.9322s, distance:0188.12m (Euclidean), mes_siz_bit:16778864
[2025-03-20 12:42:57,093] [INFO] [Node_104] Received PREPARE: id:1742442121036, from:30011, delay:0.6991s, distance:0108.34m (Euclidean), mes_siz_bit:16778864
[2025-03-20 12:42:57,111] [INFO] [Node_104] Received PREPARE: id:1742442121036, from:30039, delay:0.6991s, distance:0112.07m (Euclidean), mes_siz_bit:16778856
[2025-03-20 12:42:57,125] [INFO] [Node_104] Received PREPARE: id:1742442121036, from:30030, delay:0.4661s, distance:0092.79m (Euclidean), mes_siz_bit:16778864
[2025-03-20 12:42:57,139] [INFO] [Node_104] Received PREPARE: id:1742442121036, from:30007, delay:0.6991s, distance:0149.39m (Euclidean), mes_siz_bit:16778848
[2025-03-20 12:42:57,153] [INFO] [Node_104] Received PREPARE: id:1742442121036, from:30082, delay:0.9322s, distance:0171.50m (Euclidean), mes_siz_bit:16778856
[2025-03-20 12:42:57,173] [INFO] [Node_104] Received PREPARE: id:1742442121036, from:30002, delay:0.4661s, distance:0069.69m (Euclidean), mes_siz_bit:16778864
[2025-03-20 12:42:57,192] [INFO] [Node_104] Received PREPARE: id:1742442121036, from:30091, delay:0.9322s, distance:0179.19m (Euclidean), mes_siz_bit:16778840
[2025-03-20 12:42:57,209] [INFO] [Node_104] Received PREPARE: id:1742442121036, from:30048, delay:0.4661s, distance:0075.39m (Euclidean), mes_siz_bit:16778864
[2025-03-20 12:42:57,228] [INFO] [Node_104] Received PREPARE: id:1742442121036, from:30037, delay:0.6991s, distance:0145.41m (Euclidean), mes_siz_bit:16778848
[2025-03-20 12:42:57,246] [INFO] [Node_104] Received PREPARE: id:1742442121036, from:30009, delay:0.6991s, distance:0131.58m (Euclidean), mes_siz_bit:16778856
[2025-03-20 12:42:57,260] [INFO] [Node_104] Received PREPARE: id:1742442121036, from:30096, delay:0.9322s, distance:0167.36m (Euclidean), mes_siz_bit:16778864
[2025-03-20 12:42:57,276] [INFO] [Node_104] Received PREPARE: id:1742442121036, from:30115, delay:0.9322s, distance:0157.21m (Euclidean), mes_siz_bit:16778864
[2025-03-20 12:42:57,286] [INFO] [Node_104] Received PREPARE: id:1742442121036, from:30114, delay:0.6991s, distance:0116.22m (Euclidean), mes_siz_bit:16778856
[2025-03-20 12:42:57,300] [INFO] [Node_104] Received PREPARE: id:1742442121036, from:30109, delay:0.6991s, distance:0104.30m (Euclidean), mes_siz_bit:16778864
[2025-03-20 12:42:57,322] [INFO] [Node_104] Received PREPARE: id:1742442121036, from:30117, delay:0.9322s, distance:0176.89m (Euclidean), mes_siz_bit:16778856
[2025-03-20 12:42:57,343] [INFO] [Node_104] Received PREPARE: id:1742442121036, from:30093, delay:0.6991s, distance:0128.20m (Euclidean), mes_siz_bit:16778864
[2025-03-20 12:42:57,364] [INFO] [Node_104] Received PREPARE: id:1742442121036, from:30113, delay:0.9322s, distance:0151.18m (Euclidean), mes_siz_bit:16778856
[2025-03-20 12:42:57,383] [INFO] [Node_104] Received PREPARE: id:1742442121036, from:30066, delay:0.9322s, distance:0152.01m (Euclidean), mes_siz_bit:16778864
[2025-03-20 12:42:57,391] [INFO] [Node_104] Received PREPARE: id:1742442121036, from:30119, delay:0.9322s, distance:0194.26m (Euclidean), mes_siz_bit:16778864
[2025-03-20 12:42:57,410] [INFO] [Node_104] Received PREPARE: id:1742442121036, from:30033, delay:0.3107s, distance:0042.06m (Euclidean), mes_siz_bit:16778864
[2025-03-20 12:42:57,466] [INFO] [Node_104] Received PREPARE: id:1742442121036, from:30057, delay:0.9322s, distance:0180.29m (Euclidean), mes_siz_bit:16778840
[2025-03-20 12:42:57,466] [INFO] [Node_104] Received PREPARE: id:1742442121036, from:30004, delay:0.4661s, distance:0076.49m (Euclidean), mes_siz_bit:16778864
[2025-03-20 12:42:57,497] [INFO] [Node_104] Received PREPARE: id:1742442121036, from:30105, delay:0.6991s, distance:0110.42m (Euclidean), mes_siz_bit:16778864
[2025-03-20 12:42:57,516] [INFO] [Node_104] Received PREPARE: id:1742442121036, from:30060, delay:0.4661s, distance:0090.37m (Euclidean), mes_siz_bit:16778856
[2025-03-20 12:42:57,532] [INFO] [Node_104] Received PREPARE: id:1742442121036, from:30058, delay:0.4661s, distance:0080.74m (Euclidean), mes_siz_bit:16778848
[2025-03-20 12:42:57,550] [INFO] [Node_104] Received PREPARE: id:1742442121036, from:30045, delay:0.6991s, distance:0127.30m (Euclidean), mes_siz_bit:16778864
[2025-03-20 12:42:57,566] [INFO] [Node_104] Received PREPARE: id:1742442121036, from:30075, delay:0.4661s, distance:0060.63m (Euclidean), mes_siz_bit:16778856
[2025-03-20 12:42:57,579] [INFO] [Node_104] Received PREPARE: id:1742442121036, from:30106, delay:0.4661s, distance:0091.37m (Euclidean), mes_siz_bit:16778840
[2025-03-20 12:42:57,593] [INFO] [Node_104] Received PREPARE: id:1742442121036, from:30042, delay:0.6991s, distance:0128.92m (Euclidean), mes_siz_bit:16778856
[2025-03-20 12:42:57,604] [INFO] [Node_104] Received PREPARE: id:1742442121036, from:30050, delay:0.6991s, distance:0112.18m (Euclidean), mes_siz_bit:16778864
[2025-03-20 12:42:57,609] [INFO] [Node_104] Received PREPARE: id:1742442121036, from:30070, delay:0.3107s, distance:0031.34m (Euclidean), mes_siz_bit:16778856
[2025-03-20 12:42:57,633] [INFO] [Node_104] Received PREPARE: id:1742442121036, from:30104, delay:0.6991s, distance:0137.12m (Euclidean), mes_siz_bit:16778856
[2025-03-20 12:42:59,992] [INFO] [Node_104] Received PREPARE: id:1742442121036, from:30087, delay:0.9322s, distance:0156.11m (Euclidean), mes_siz_bit:16778864
[2025-03-20 12:43:00,013] [INFO] [Node_104] Received PREPARE: id:1742442121036, from:30100, delay:0.9322s, distance:0185.43m (Euclidean), mes_siz_bit:16778864
[2025-03-20 12:43:00,556] [INFO] [Node_104] Received PREPARE: id:1742442121036, from:30027, delay:0.6991s, distance:0138.17m (Euclidean), mes_siz_bit:16778864
[2025-03-20 12:43:00,564] [INFO] [Node_104] Received PREPARE: id:1742442121036, from:30006, delay:0.6991s, distance:0135.79m (Euclidean), mes_siz_bit:16778856
[2025-03-20 12:43:00,579] [INFO] [Node_104] Received PREPARE: id:1742442121036, from:30031, delay:0.6991s, distance:0109.80m (Euclidean), mes_siz_bit:16778840
[2025-03-20 12:43:00,605] [INFO] [Node_104] Received PREPARE: id:1742442121036, from:30068, delay:0.4661s, distance:0079.66m (Euclidean), mes_siz_bit:16778856
[2025-03-20 12:43:00,617] [INFO] [Node_104] Received PREPARE: id:1742442121036, from:30108, delay:0.3107s, distance:0038.34m (Euclidean), mes_siz_bit:16778856
[2025-03-20 12:43:00,635] [INFO] [Node_104] Received PREPARE: id:1742442121036, from:30019, delay:0.9322s, distance:0167.12m (Euclidean), mes_siz_bit:16778864
[2025-03-20 12:43:00,649] [INFO] [Node_104] Received PREPARE: id:1742442121036, from:30095, delay:0.9322s, distance:0181.05m (Euclidean), mes_siz_bit:16778864
[2025-03-20 12:43:00,977] [INFO] [Node_104] Received PREPARE: id:1742442121036, from:30088, delay:0.6991s, distance:0117.78m (Euclidean), mes_siz_bit:16778856
[2025-03-20 12:43:01,042] [INFO] [Node_104] Received PREPARE: id:1742442121036, from:30043, delay:0.6991s, distance:0122.21m (Euclidean), mes_siz_bit:16778856
[2025-03-20 12:43:01,065] [INFO] [Node_104] Received PREPARE: id:1742442121036, from:30077, delay:0.6991s, distance:0149.41m (Euclidean), mes_siz_bit:16778864
[2025-03-20 12:43:01,132] [INFO] [Node_104] Received PREPARE: id:1742442121036, from:30076, delay:0.6991s, distance:0144.81m (Euclidean), mes_siz_bit:16778864
[2025-03-20 12:43:01,256] [INFO] [Node_104] Received PREPARE: id:1742442121036, from:30015, delay:0.6991s, distance:0127.29m (Euclidean), mes_siz_bit:16778864
[2025-03-20 12:43:01,414] [INFO] [Node_104] Received PREPARE: id:1742442121036, from:30040, delay:0.6991s, distance:0116.39m (Euclidean), mes_siz_bit:16778864
[2025-03-20 12:43:01,446] [INFO] [Node_104] Received PREPARE: id:1742442121036, from:30014, delay:0.4661s, distance:0077.90m (Euclidean), mes_siz_bit:16778848
[2025-03-20 12:43:01,483] [INFO] [Node_104] Received PREPARE: id:1742442121036, from:30090, delay:0.4661s, distance:0091.83m (Euclidean), mes_siz_bit:16778856
[2025-03-20 12:43:01,593] [INFO] [Node_104] Received COMMIT: id:1742442121036, from:30022, delay:0.6991s, distance:0123.98m (Euclidean), mes_siz_bit:16778864
[2025-03-20 12:43:01,611] [INFO] [Node_104] Received COMMIT: id:1742442121036, from:30083, delay:0.4661s, distance:0075.11m (Euclidean), mes_siz_bit:16778864
[2025-03-20 12:43:01,821] [INFO] [Node_104] Received COMMIT: id:1742442121036, from:30010, delay:0.9322s, distance:0152.62m (Euclidean), mes_siz_bit:16778856
[2025-03-20 12:43:01,869] [INFO] [Node_104] Received PREPARE: id:1742442121036, from:30008, delay:0.6991s, distance:0138.46m (Euclidean), mes_siz_bit:16778864
[2025-03-20 12:43:01,895] [INFO] [Node_104] Received COMMIT: id:1742442121036, from:30096, delay:0.9322s, distance:0167.36m (Euclidean), mes_siz_bit:16778856
[2025-03-20 12:43:01,904] [INFO] [Node_104] Received COMMIT: id:1742442121036, from:30048, delay:0.4661s, distance:0075.39m (Euclidean), mes_siz_bit:16778864
[2025-03-20 12:43:01,924] [INFO] [Node_104] Received COMMIT: id:1742442121036, from:30084, delay:0.4661s, distance:0067.92m (Euclidean), mes_siz_bit:16778864
[2025-03-20 12:43:01,952] [INFO] [Node_104] Received COMMIT: id:1742442121036, from:30018, delay:0.6991s, distance:0108.12m (Euclidean), mes_siz_bit:16778864
[2025-03-20 12:43:01,970] [INFO] [Node_104] Received COMMIT: id:1742442121036, from:30020, delay:0.6991s, distance:0118.19m (Euclidean), mes_siz_bit:16778856
[2025-03-20 12:43:02,001] [INFO] [Node_104] Received COMMIT: id:1742442121036, from:30079, delay:0.0000s, distance:0050.98m (Euclidean), mes_siz_bit:16778848
[2025-03-20 12:43:02,016] [INFO] [Node_104] Received COMMIT: id:1742442121036, from:30007, delay:0.6991s, distance:0149.39m (Euclidean), mes_siz_bit:16778848
[2025-03-20 12:43:02,033] [INFO] [Node_104] Received COMMIT: id:1742442121036, from:30081, delay:0.3107s, distance:0043.00m (Euclidean), mes_siz_bit:16778856
[2025-03-20 12:43:02,104] [INFO] [Node_104] Received COMMIT: id:1742442121036, from:30085, delay:0.9322s, distance:0188.12m (Euclidean), mes_siz_bit:16778864
[2025-03-20 12:43:02,123] [INFO] [Node_104] Received COMMIT: id:1742442121036, from:30109, delay:0.6991s, distance:0104.30m (Euclidean), mes_siz_bit:16778864
[2025-03-20 12:43:02,164] [INFO] [Node_104] Received COMMIT: id:1742442121036, from:30011, delay:0.6991s, distance:0108.34m (Euclidean), mes_siz_bit:16778864
[2025-03-20 12:43:02,214] [INFO] [Node_104] Received COMMIT: id:1742442121036, from:30033, delay:0.3107s, distance:0042.06m (Euclidean), mes_siz_bit:16778864
[2025-03-20 12:43:02,235] [INFO] [Node_104] Received COMMIT: id:1742442121036, from:30093, delay:0.6991s, distance:0128.20m (Euclidean), mes_siz_bit:16778864
[2025-03-20 12:43:02,257] [INFO] [Node_104] Received COMMIT: id:1742442121036, from:30115, delay:0.9322s, distance:0157.21m (Euclidean), mes_siz_bit:16778864
[2025-03-20 12:43:02,271] [INFO] [Node_104] Received COMMIT: id:1742442121036, from:30114, delay:0.6991s, distance:0116.22m (Euclidean), mes_siz_bit:16778864
[2025-03-20 12:43:02,282] [INFO] [Node_104] Received COMMIT: id:1742442121036, from:30080, delay:0.6991s, distance:0146.04m (Euclidean), mes_siz_bit:16778864
[2025-03-20 12:43:02,298] [INFO] [Node_104] Received COMMIT: id:1742442121036, from:30002, delay:0.4661s, distance:0069.69m (Euclidean), mes_siz_bit:16778864
[2025-03-20 12:43:02,316] [INFO] [Node_104] Received COMMIT: id:1742442121036, from:30091, delay:0.9322s, distance:0179.19m (Euclidean), mes_siz_bit:16778840
[2025-03-20 12:43:02,330] [INFO] [Node_104] Received COMMIT: id:1742442121036, from:30037, delay:0.6991s, distance:0145.41m (Euclidean), mes_siz_bit:16778856
[2025-03-20 12:43:02,340] [INFO] [Node_104] Received PREPARE: id:1742442121036, from:30038, delay:0.4661s, distance:0070.81m (Euclidean), mes_siz_bit:16778856
[2025-03-20 12:43:02,352] [INFO] [Node_104] Received COMMIT: id:1742442121036, from:30117, delay:0.9322s, distance:0176.89m (Euclidean), mes_siz_bit:16778848
[2025-03-20 12:43:02,366] [INFO] [Node_104] Received COMMIT: id:1742442121036, from:30113, delay:0.9322s, distance:0151.18m (Euclidean), mes_siz_bit:16778856
[2025-03-20 12:43:02,377] [INFO] [Node_104] Received COMMIT: id:1742442121036, from:30021, delay:0.4661s, distance:0066.38m (Euclidean), mes_siz_bit:16778864
[2025-03-20 12:43:02,848] [INFO] [Node_104] Received COMMIT: id:1742442121036, from:30009, delay:0.6991s, distance:0131.58m (Euclidean), mes_siz_bit:16778864
[2025-03-20 12:43:02,866] [INFO] [Node_104] Received COMMIT: id:1742442121036, from:30030, delay:0.4661s, distance:0092.79m (Euclidean), mes_siz_bit:16778864
[2025-03-20 12:43:02,881] [INFO] [Node_104] Received COMMIT: id:1742442121036, from:30039, delay:0.6991s, distance:0112.07m (Euclidean), mes_siz_bit:16778856
[2025-03-20 12:43:02,973] [INFO] [Node_104] Received COMMIT: id:1742442121036, from:30041, delay:0.4661s, distance:0053.39m (Euclidean), mes_siz_bit:16778840
[2025-03-20 12:43:02,986] [INFO] [Node_104] Received COMMIT: id:1742442121036, from:30082, delay:0.9322s, distance:0171.50m (Euclidean), mes_siz_bit:16778864
[2025-03-20 12:43:03,003] [INFO] [Node_104] Received COMMIT: id:1742442121036, from:30086, delay:0.9322s, distance:0179.82m (Euclidean), mes_siz_bit:16778856
[2025-03-20 12:43:03,023] [INFO] [Node_104] Received PREPARE: id:1742442121036, from:30110, delay:0.9322s, distance:0171.68m (Euclidean), mes_siz_bit:16778864
[2025-03-20 12:43:03,040] [INFO] [Node_104] Received COMMIT: id:1742442121036, from:30023, delay:0.4661s, distance:0099.29m (Euclidean), mes_siz_bit:16778856
[2025-03-20 12:43:03,060] [INFO] [Node_104] Received COMMIT: id:1742442121036, from:30057, delay:0.9322s, distance:0180.29m (Euclidean), mes_siz_bit:16778856
[2025-03-20 12:43:03,077] [INFO] [Node_104] Received COMMIT: id:1742442121036, from:30105, delay:0.6991s, distance:0110.42m (Euclidean), mes_siz_bit:16778856
[2025-03-20 12:43:03,093] [INFO] [Node_104] Received PREPARE: id:1742442121036, from:30051, delay:0.4661s, distance:0080.27m (Euclidean), mes_siz_bit:16778864
[2025-03-20 12:43:03,108] [INFO] [Node_104] Received PREPARE: id:1742442121036, from:30025, delay:0.6991s, distance:0105.19m (Euclidean), mes_siz_bit:16778864
[2025-03-20 12:43:03,215] [INFO] [Node_104] Received PREPARE: id:1742442121036, from:30107, delay:0.9322s, distance:0167.30m (Euclidean), mes_siz_bit:16778856
[2025-03-20 12:43:03,223] [INFO] [Node_104] Received PREPARE: id:1742442121036, from:30067, delay:0.9322s, distance:0168.06m (Euclidean), mes_siz_bit:16778856
[2025-03-20 12:43:03,233] [INFO] [Node_104] Received PREPARE: id:1742442121036, from:30047, delay:0.6991s, distance:0112.81m (Euclidean), mes_siz_bit:16778864
[2025-03-20 12:43:03,297] [INFO] [Node_104] Received PREPARE: id:1742442121036, from:30049, delay:0.4661s, distance:0082.60m (Euclidean), mes_siz_bit:16778864
[2025-03-20 12:43:03,312] [INFO] [Node_104] Received PREPARE: id:1742442121036, from:30118, delay:0.6991s, distance:0142.22m (Euclidean), mes_siz_bit:16778864
[2025-03-20 12:43:03,338] [INFO] [Node_104] Received PREPARE: id:1742442121036, from:30024, delay:0.9322s, distance:0152.34m (Euclidean), mes_siz_bit:16778856
[2025-03-20 12:43:03,351] [INFO] [Node_104] Received PREPARE: id:1742442121036, from:30069, delay:1.3982s, distance:0203.84m (Euclidean), mes_siz_bit:16778864
[2025-03-20 12:43:03,368] [INFO] [Node_104] Received COMMIT: id:1742442121036, from:30119, delay:0.9322s, distance:0194.26m (Euclidean), mes_siz_bit:16778856
[2025-03-20 12:43:03,388] [INFO] [Node_104] Received PREPARE: id:1742442121036, from:30102, delay:0.6991s, distance:0108.30m (Euclidean), mes_siz_bit:16778848
[2025-03-20 12:43:03,404] [INFO] [Node_104] Received PREPARE: id:1742442121036, from:30054, delay:0.6991s, distance:0124.96m (Euclidean), mes_siz_bit:16778864
[2025-03-20 12:43:03,418] [INFO] [Node_104] Received PREPARE: id:1742442121036, from:30001, delay:0.6991s, distance:0121.49m (Euclidean), mes_siz_bit:16778864
[2025-03-20 12:43:03,427] [INFO] [Node_104] Received PREPARE: id:1742442121036, from:30003, delay:0.4661s, distance:0089.35m (Euclidean), mes_siz_bit:16778848
[2025-03-20 12:43:03,435] [INFO] [Node_104] Received PREPARE: id:1742442121036, from:30063, delay:0.6991s, distance:0109.15m (Euclidean), mes_siz_bit:16778864
[2025-03-20 12:43:03,451] [INFO] [Node_104] Received PREPARE: id:1742442121036, from:30017, delay:0.4661s, distance:0059.80m (Euclidean), mes_siz_bit:16778848
[2025-03-20 12:43:03,461] [INFO] [Node_104] Received PREPARE: id:1742442121036, from:30094, delay:0.6991s, distance:0120.93m (Euclidean), mes_siz_bit:16778864
[2025-03-20 12:43:03,473] [INFO] [Node_104] Received PREPARE: id:1742442121036, from:30032, delay:0.6991s, distance:0107.00m (Euclidean), mes_siz_bit:16778856
[2025-03-20 12:43:03,651] [INFO] [Node_104] Received PREPARE: id:1742442121036, from:30089, delay:0.6991s, distance:0102.84m (Euclidean), mes_siz_bit:16778856
[2025-03-20 12:43:03,669] [INFO] [Node_104] Received PREPARE: id:1742442121036, from:30061, delay:0.4661s, distance:0080.43m (Euclidean), mes_siz_bit:16778864
[2025-03-20 12:43:03,685] [INFO] [Node_104] Received PREPARE: id:1742442121036, from:30064, delay:0.6991s, distance:0134.83m (Euclidean), mes_siz_bit:16778864
[2025-03-20 12:43:03,695] [INFO] [Node_104] Received PREPARE: id:1742442121036, from:30056, delay:0.4661s, distance:0063.51m (Euclidean), mes_siz_bit:16778856
[2025-03-20 12:43:03,705] [INFO] [Node_104] Received PREPARE: id:1742442121036, from:30116, delay:0.9322s, distance:0164.17m (Euclidean), mes_siz_bit:16778864
[2025-03-20 12:43:03,717] [INFO] [Node_104] Received PREPARE: id:1742442121036, from:30065, delay:0.3107s, distance:0049.33m (Euclidean), mes_siz_bit:16778864
[2025-03-20 12:43:03,721] [INFO] [Node_104] Received PREPARE: id:1742442121036, from:30026, delay:0.6991s, distance:0128.56m (Euclidean), mes_siz_bit:16778856
[2025-03-20 12:43:03,735] [INFO] [Node_104] Received PREPARE: id:1742442121036, from:30053, delay:0.0000s, distance:0100.75m (Euclidean), mes_siz_bit:16778856
[2025-03-20 12:43:03,739] [INFO] [Node_104] Received PREPARE: id:1742442121036, from:30052, delay:0.6991s, distance:0145.36m (Euclidean), mes_siz_bit:16778848
[2025-03-20 12:43:03,753] [INFO] [Node_104] Received PREPARE: id:1742442121036, from:30046, delay:0.4661s, distance:0084.64m (Euclidean), mes_siz_bit:16778856
[2025-03-20 12:43:03,759] [INFO] [Node_104] Received PREPARE: id:1742442121036, from:30071, delay:0.6991s, distance:0109.19m (Euclidean), mes_siz_bit:16778856
[2025-03-20 12:43:03,769] [INFO] [Node_104] Received PREPARE: id:1742442121036, from:30034, delay:0.3107s, distance:0031.62m (Euclidean), mes_siz_bit:16778864
[2025-03-20 12:43:03,783] [INFO] [Node_104] Received PREPARE: id:1742442121036, from:30062, delay:0.9322s, distance:0153.61m (Euclidean), mes_siz_bit:16778856
[2025-03-20 12:43:03,786] [INFO] [Node_104] Received PREPARE: id:1742442121036, from:30078, delay:0.6991s, distance:0104.62m (Euclidean), mes_siz_bit:16778864
[2025-03-20 12:43:03,800] [INFO] [Node_104] Received PREPARE: id:1742442121036, from:30059, delay:0.6991s, distance:0108.15m (Euclidean), mes_siz_bit:16778864
[2025-03-20 12:43:03,800] [INFO] [Node_104] Received PREPARE: id:1742442121036, from:30035, delay:0.6991s, distance:0122.01m (Euclidean), mes_siz_bit:16778856
[2025-03-20 12:43:03,820] [INFO] [Node_104] Received PREPARE: id:1742442121036, from:30044, delay:0.6991s, distance:0146.02m (Euclidean), mes_siz_bit:16778856
[2025-03-20 12:43:03,832] [INFO] [Node_104] Received PREPARE: id:1742442121036, from:30074, delay:0.6991s, distance:0139.34m (Euclidean), mes_siz_bit:16778856
[2025-03-20 12:43:03,846] [INFO] [Node_104] Received PREPARE: id:1742442121036, from:30073, delay:0.6991s, distance:0139.30m (Euclidean), mes_siz_bit:16778856
[2025-03-20 12:43:03,847] [INFO] [Node_104] Received PREPARE: id:1742442121036, from:30072, delay:0.4661s, distance:0080.02m (Euclidean), mes_siz_bit:16778864
[2025-03-20 12:43:03,863] [INFO] [Node_104] Received PREPARE: id:1742442121036, from:30029, delay:0.9322s, distance:0164.99m (Euclidean), mes_siz_bit:16778864
[2025-03-20 12:43:03,881] [INFO] [Node_104] Received PREPARE: id:1742442121036, from:30055, delay:0.3107s, distance:0048.05m (Euclidean), mes_siz_bit:16778856
[2025-03-20 12:43:03,887] [INFO] [Node_104] Received PREPARE: id:1742442121036, from:30036, delay:0.4661s, distance:0091.97m (Euclidean), mes_siz_bit:16778864
[2025-03-20 12:43:03,905] [INFO] [Node_104] Received PREPARE: id:1742442121036, from:30098, delay:0.6991s, distance:0119.67m (Euclidean), mes_siz_bit:16778856
[2025-03-20 12:43:04,103] [INFO] [Node_104] Received PREPARE: id:1742442121036, from:30101, delay:0.6991s, distance:0125.00m (Euclidean), mes_siz_bit:16778848
[2025-03-20 12:43:04,115] [INFO] [Node_104] Received PREPARE: id:1742442121036, from:30012, delay:0.6991s, distance:0113.76m (Euclidean), mes_siz_bit:16778848
[2025-03-20 12:43:04,125] [INFO] [Node_104] Received COMMIT: id:1742442121036, from:30072, delay:0.4661s, distance:0080.02m (Euclidean), mes_siz_bit:16778856
[2025-03-20 12:43:04,137] [INFO] [Node_104] Received PREPARE: id:1742442121036, from:30005, delay:0.6991s, distance:0129.34m (Euclidean), mes_siz_bit:16778864
[2025-03-20 12:43:04,147] [INFO] [Node_104] Received COMMIT: id:1742442121036, from:30116, delay:0.9322s, distance:0164.17m (Euclidean), mes_siz_bit:16778864
[2025-03-20 12:43:04,162] [INFO] [Node_104] Received COMMIT: id:1742442121036, from:30053, delay:0.0000s, distance:0100.75m (Euclidean), mes_siz_bit:16778856
[2025-03-20 12:43:04,166] [INFO] [Node_104] Received PREPARE: id:1742442121036, from:30099, delay:0.6991s, distance:0101.68m (Euclidean), mes_siz_bit:16778864
[2025-03-20 12:43:04,231] [INFO] [Node_104] Received COMMIT: id:1742442121036, from:30061, delay:0.4661s, distance:0080.43m (Euclidean), mes_siz_bit:16778864
[2025-03-20 12:43:04,540] [INFO] [Node_104] Received PREPARE: id:1742442121036, from:30111, delay:0.6991s, distance:0140.93m (Euclidean), mes_siz_bit:16778856
[2025-03-20 12:43:04,565] [INFO] [Node_104] Received COMMIT: id:1742442121036, from:30092, delay:0.9322s, distance:0190.50m (Euclidean), mes_siz_bit:16778864
[2025-03-20 12:43:04,577] [INFO] [Node_104] Received PREPARE: id:1742442121036, from:30092, delay:0.9322s, distance:0190.50m (Euclidean), mes_siz_bit:16778864
[2025-03-20 12:43:04,816] [INFO] [Node_104] Received COMMIT: id:1742442121036, from:30101, delay:0.6991s, distance:0125.00m (Euclidean), mes_siz_bit:16778848
[2025-03-20 12:43:04,839] [INFO] [Node_104] Received COMMIT: id:1742442121036, from:30099, delay:0.6991s, distance:0101.68m (Euclidean), mes_siz_bit:16778856
[2025-03-20 12:43:04,878] [INFO] [Node_104] Received PREPARE: id:1742442121036, from:30112, delay:0.4661s, distance:0064.20m (Euclidean), mes_siz_bit:16778864
[2025-03-20 12:43:04,884] [INFO] [Node_104] Received COMMIT: id:1742442121036, from:30044, delay:0.6991s, distance:0146.02m (Euclidean), mes_siz_bit:16778864
[2025-03-20 12:43:04,894] [INFO] [Node_104] Received COMMIT: id:1742442121036, from:30066, delay:0.9322s, distance:0152.01m (Euclidean), mes_siz_bit:16778864
[2025-03-20 12:43:05,655] [INFO] [Node_104] Received PREPARE: id:1742442121036, from:30028, delay:0.6991s, distance:0114.49m (Euclidean), mes_siz_bit:16778856
[2025-03-20 12:43:05,686] [INFO] [Node_104] Received COMMIT: id:1742442121036, from:30004, delay:0.4661s, distance:0076.49m (Euclidean), mes_siz_bit:16778864
[2025-03-20 12:43:05,699] [INFO] [Node_104] Received COMMIT: id:1742442121036, from:30106, delay:0.4661s, distance:0091.37m (Euclidean), mes_siz_bit:16778856
[2025-03-20 12:43:05,705] [INFO] [Node_104] Received COMMIT: id:1742442121036, from:30104, delay:0.6991s, distance:0137.12m (Euclidean), mes_siz_bit:16778856
[2025-03-20 12:43:05,721] [INFO] [Node_104] Received COMMIT: id:1742442121036, from:30112, delay:0.4661s, distance:0064.20m (Euclidean), mes_siz_bit:16778864
[2025-03-20 12:43:06,126] [INFO] [Node_104] Received COMMIT: id:1742442121036, from:30028, delay:0.6991s, distance:0114.49m (Euclidean), mes_siz_bit:16778856
[2025-03-20 12:43:06,698] [INFO] [Node_104] Received COMMIT: id:1742442121036, from:30042, delay:0.6991s, distance:0128.92m (Euclidean), mes_siz_bit:16778856
[2025-03-20 12:43:06,736] [INFO] [Node_104] Received PREPARE: id:1742442121036, from:30016, delay:0.4661s, distance:0093.75m (Euclidean), mes_siz_bit:16778856
[2025-03-20 12:43:06,910] [INFO] [Node_104] Received PREPARE: id:1742442121036, from:30097, delay:0.6991s, distance:0147.93m (Euclidean), mes_siz_bit:16778864
[2025-03-20 12:43:07,944] [INFO] [Node_104] Received COMMIT: id:1742442121036, from:30032, delay:0.6991s, distance:0107.00m (Euclidean), mes_siz_bit:16778848
[2025-03-20 12:43:07,976] [INFO] [Node_104] Received COMMIT: id:1742442121036, from:30016, delay:0.4661s, distance:0093.75m (Euclidean), mes_siz_bit:16778856
[2025-03-20 12:43:07,986] [INFO] [Node_104] Received COMMIT: id:1742442121036, from:30060, delay:0.4661s, distance:0090.37m (Euclidean), mes_siz_bit:16778864
[2025-03-20 12:43:08,572] [INFO] [Node_104] Received COMMIT: id:1742442121036, from:30017, delay:0.4661s, distance:0059.80m (Euclidean), mes_siz_bit:16778856
[2025-03-20 12:43:09,418] [INFO] [Node_104] Received COMMIT: id:1742442121036, from:30031, delay:0.6991s, distance:0109.80m (Euclidean), mes_siz_bit:16778856
[2025-03-20 12:43:16,680] [INFO] [Node_104] Received COMMIT: id:1742442121036, from:30075, delay:0.4661s, distance:0060.63m (Euclidean), mes_siz_bit:16778856
[2025-03-20 12:43:16,710] [INFO] [Node_104] Received COMMIT: id:1742442121036, from:30118, delay:0.6991s, distance:0142.22m (Euclidean), mes_siz_bit:16778864
[2025-03-20 12:43:16,761] [INFO] [Node_104] Received COMMIT: id:1742442121036, from:30054, delay:0.6991s, distance:0124.96m (Euclidean), mes_siz_bit:16778864
[2025-03-20 12:43:16,856] [INFO] [Node_104] Received COMMIT: id:1742442121036, from:30035, delay:0.6991s, distance:0122.01m (Euclidean), mes_siz_bit:16778856
[2025-03-20 12:43:16,924] [INFO] [Node_104] Received COMMIT: id:1742442121036, from:30036, delay:0.4661s, distance:0091.97m (Euclidean), mes_siz_bit:16778856
[2025-03-20 12:43:16,941] [INFO] [Node_104] Received COMMIT: id:1742442121036, from:30001, delay:0.6991s, distance:0121.49m (Euclidean), mes_siz_bit:16778864
[2025-03-20 12:43:17,099] [INFO] [Node_104] Received COMMIT: id:1742442121036, from:30097, delay:0.6991s, distance:0147.93m (Euclidean), mes_siz_bit:16778864
[2025-03-20 12:43:17,119] [INFO] [Node_104] Received COMMIT: id:1742442121036, from:30000, delay:0.6991s, distance:0143.26m (Euclidean), mes_siz_bit:16778856
[2025-03-20 12:43:17,139] [INFO] [Node_104] Received COMMIT: id:1742442121036, from:30034, delay:0.3107s, distance:0031.62m (Euclidean), mes_siz_bit:16778856
[2025-03-20 12:43:17,160] [INFO] [Node_104] Received COMMIT: id:1742442121036, from:30046, delay:0.4661s, distance:0084.64m (Euclidean), mes_siz_bit:16778856
[2025-03-20 12:43:17,383] [INFO] [Node_104] Cleaned up 1 finished statuses
[2025-03-20 12:43:17,413] [INFO] [Node_104] Received COMMIT: id:1742442121036, from:30045, delay:0.6991s, distance:0127.30m (Euclidean), mes_siz_bit:16778864
[2025-03-20 12:43:17,541] [INFO] [Node_104] Received COMMIT: id:1742442121036, from:30100, delay:0.9322s, distance:0185.43m (Euclidean), mes_siz_bit:16778864
[2025-03-20 12:43:17,572] [INFO] [Node_104] Received COMMIT: id:1742442121036, from:30003, delay:0.4661s, distance:0089.35m (Euclidean), mes_siz_bit:16778864
[2025-03-20 12:43:17,607] [INFO] [Node_104] Received COMMIT: id:1742442121036, from:30070, delay:0.3107s, distance:0031.34m (Euclidean), mes_siz_bit:16778856
[2025-03-20 12:43:17,627] [INFO] [Node_104] Received COMMIT: id:1742442121036, from:30047, delay:0.6991s, distance:0112.81m (Euclidean), mes_siz_bit:16778864
[2025-03-20 12:43:17,683] [INFO] [Node_104] Received COMMIT: id:1742442121036, from:30067, delay:0.9322s, distance:0168.06m (Euclidean), mes_siz_bit:16778856
[2025-03-20 12:43:17,834] [INFO] [Node_104] Cleaned up 1 finished statuses
[2025-03-20 12:43:17,869] [INFO] [Node_104] Received COMMIT: id:1742442121036, from:30027, delay:0.6991s, distance:0138.17m (Euclidean), mes_siz_bit:16778864
[2025-03-20 12:43:17,873] [INFO] [Node_104] Received COMMIT: id:1742442121036, from:30069, delay:1.3982s, distance:0203.84m (Euclidean), mes_siz_bit:16778856
[2025-03-20 12:43:17,887] [INFO] [Node_104] Received COMMIT: id:1742442121036, from:30019, delay:0.9322s, distance:0167.12m (Euclidean), mes_siz_bit:16778864
[2025-03-20 12:43:17,887] [INFO] [Node_104] Received COMMIT: id:1742442121036, from:30014, delay:0.4661s, distance:0077.90m (Euclidean), mes_siz_bit:16778848
[2025-03-20 12:43:17,907] [INFO] [Node_104] Received COMMIT: id:1742442121036, from:30043, delay:0.6991s, distance:0122.21m (Euclidean), mes_siz_bit:16778864
[2025-03-20 12:43:17,918] [INFO] [Node_104] Received COMMIT: id:1742442121036, from:30102, delay:0.6991s, distance:0108.30m (Euclidean), mes_siz_bit:16778840
[2025-03-20 12:43:17,927] [INFO] [Node_104] Received COMMIT: id:1742442121036, from:30024, delay:0.9322s, distance:0152.34m (Euclidean), mes_siz_bit:16778864
[2025-03-20 12:43:17,936] [INFO] [Node_104] Received COMMIT: id:1742442121036, from:30008, delay:0.6991s, distance:0138.46m (Euclidean), mes_siz_bit:16778864
[2025-03-20 12:43:17,937] [INFO] [Node_104] Received COMMIT: id:1742442121036, from:30058, delay:0.4661s, distance:0080.74m (Euclidean), mes_siz_bit:16778864
[2025-03-20 12:43:17,960] [INFO] [Node_104] Received COMMIT: id:1742442121036, from:30068, delay:0.4661s, distance:0079.66m (Euclidean), mes_siz_bit:16778864
[2025-03-20 12:43:17,973] [INFO] [Node_104] Received COMMIT: id:1742442121036, from:30026, delay:0.6991s, distance:0128.56m (Euclidean), mes_siz_bit:16778864
[2025-03-20 12:43:17,986] [INFO] [Node_104] Received COMMIT: id:1742442121036, from:30025, delay:0.6991s, distance:0105.19m (Euclidean), mes_siz_bit:16778864
[2025-03-20 12:43:18,000] [INFO] [Node_104] Received COMMIT: id:1742442121036, from:30064, delay:0.6991s, distance:0134.83m (Euclidean), mes_siz_bit:16778856
[2025-03-20 12:43:18,003] [INFO] [Node_104] Received COMMIT: id:1742442121036, from:30073, delay:0.6991s, distance:0139.30m (Euclidean), mes_siz_bit:16778848
[2025-03-20 12:43:18,019] [INFO] [Node_104] Received COMMIT: id:1742442121036, from:30063, delay:0.6991s, distance:0109.15m (Euclidean), mes_siz_bit:16778864
[2025-03-20 12:43:18,019] [INFO] [Node_104] Received COMMIT: id:1742442121036, from:30015, delay:0.6991s, distance:0127.29m (Euclidean), mes_siz_bit:16778864
[2025-03-20 12:43:18,035] [INFO] [Node_104] Received COMMIT: id:1742442121036, from:30006, delay:0.6991s, distance:0135.79m (Euclidean), mes_siz_bit:16778856
[2025-03-20 12:43:18,052] [INFO] [Node_104] Received COMMIT: id:1742442121036, from:30110, delay:0.9322s, distance:0171.68m (Euclidean), mes_siz_bit:16778856
[2025-03-20 12:43:18,060] [INFO] [Node_104] Received COMMIT: id:1742442121036, from:30051, delay:0.4661s, distance:0080.27m (Euclidean), mes_siz_bit:16778856
[2025-03-20 12:43:18,068] [INFO] [Node_104] Received COMMIT: id:1742442121036, from:30040, delay:0.6991s, distance:0116.39m (Euclidean), mes_siz_bit:16778864
[2025-03-20 12:43:18,076] [INFO] [Node_104] Received COMMIT: id:1742442121036, from:30055, delay:0.3107s, distance:0048.05m (Euclidean), mes_siz_bit:16778864
[2025-03-20 12:43:18,083] [INFO] [Node_104] Received COMMIT: id:1742442121036, from:30049, delay:0.4661s, distance:0082.60m (Euclidean), mes_siz_bit:16778864
[2025-03-20 12:43:18,091] [INFO] [Node_104] Received COMMIT: id:1742442121036, from:30078, delay:0.6991s, distance:0104.62m (Euclidean), mes_siz_bit:16778864
[2025-03-20 12:43:18,099] [INFO] [Node_104] Received COMMIT: id:1742442121036, from:30050, delay:0.6991s, distance:0112.18m (Euclidean), mes_siz_bit:16778856
[2025-03-20 12:43:18,103] [INFO] [Node_104] Received COMMIT: id:1742442121036, from:30089, delay:0.6991s, distance:0102.84m (Euclidean), mes_siz_bit:16778856
[2025-03-20 12:43:18,119] [INFO] [Node_104] Received COMMIT: id:1742442121036, from:30076, delay:0.6991s, distance:0144.81m (Euclidean), mes_siz_bit:16778864
[2025-03-20 12:43:18,137] [INFO] [Node_104] Received COMMIT: id:1742442121036, from:30095, delay:0.9322s, distance:0181.05m (Euclidean), mes_siz_bit:16778864
[2025-03-20 12:43:18,210] [INFO] [Node_104] Cleaned up 1 finished statuses
[2025-03-20 12:43:18,236] [INFO] [Node_104] Received COMMIT: id:1742442121036, from:30094, delay:0.6991s, distance:0120.93m (Euclidean), mes_siz_bit:16778864
[2025-03-20 12:43:18,252] [INFO] [Node_104] Received COMMIT: id:1742442121036, from:30038, delay:0.4661s, distance:0070.81m (Euclidean), mes_siz_bit:16778864
[2025-03-20 12:43:18,270] [INFO] [Node_104] Received COMMIT: id:1742442121036, from:30005, delay:0.6991s, distance:0129.34m (Euclidean), mes_siz_bit:16778864
[2025-03-20 12:43:18,284] [INFO] [Node_104] Received COMMIT: id:1742442121036, from:30107, delay:0.9322s, distance:0167.30m (Euclidean), mes_siz_bit:16778856
[2025-03-20 12:43:18,298] [INFO] [Node_104] Received COMMIT: id:1742442121036, from:30077, delay:0.6991s, distance:0149.41m (Euclidean), mes_siz_bit:16778864
[2025-03-20 12:43:18,311] [INFO] [Node_104] Received COMMIT: id:1742442121036, from:30052, delay:0.6991s, distance:0145.36m (Euclidean), mes_siz_bit:16778856
[2025-03-20 12:43:18,321] [INFO] [Node_104] Received COMMIT: id:1742442121036, from:30059, delay:0.6991s, distance:0108.15m (Euclidean), mes_siz_bit:16778864
[2025-03-20 12:43:18,330] [INFO] [Node_104] Received COMMIT: id:1742442121036, from:30090, delay:0.4661s, distance:0091.83m (Euclidean), mes_siz_bit:16778848
[2025-03-20 12:43:18,338] [INFO] [Node_104] Received COMMIT: id:1742442121036, from:30098, delay:0.6991s, distance:0119.67m (Euclidean), mes_siz_bit:16778864
[2025-03-20 12:43:18,345] [INFO] [Node_104] Received COMMIT: id:1742442121036, from:30087, delay:0.9322s, distance:0156.11m (Euclidean), mes_siz_bit:16778864
[2025-03-20 12:43:18,354] [INFO] [Node_104] Received COMMIT: id:1742442121036, from:30071, delay:0.6991s, distance:0109.19m (Euclidean), mes_siz_bit:16778856
[2025-03-20 12:43:18,354] [INFO] [Node_104] Received COMMIT: id:1742442121036, from:30088, delay:0.6991s, distance:0117.78m (Euclidean), mes_siz_bit:16778848
[2025-03-20 12:43:18,354] [INFO] [Node_104] Received COMMIT: id:1742442121036, from:30111, delay:0.6991s, distance:0140.93m (Euclidean), mes_siz_bit:16778864
[2025-03-20 12:43:18,374] [INFO] [Node_104] Received COMMIT: id:1742442121036, from:30074, delay:0.6991s, distance:0139.34m (Euclidean), mes_siz_bit:16778864
[2025-03-20 12:43:18,378] [INFO] [Node_104] Received COMMIT: id:1742442121036, from:30065, delay:0.3107s, distance:0049.33m (Euclidean), mes_siz_bit:16778856
[2025-03-20 12:43:18,386] [INFO] [Node_104] Received COMMIT: id:1742442121036, from:30108, delay:0.3107s, distance:0038.34m (Euclidean), mes_siz_bit:16778856
[2025-03-20 12:43:18,426] [INFO] [Node_104] Cleaned up 1 finished statuses
[2025-03-20 12:43:18,436] [INFO] [Node_104] Received COMMIT: id:1742442121036, from:30029, delay:0.9322s, distance:0164.99m (Euclidean), mes_siz_bit:16778864
[2025-03-20 12:43:18,444] [INFO] [Node_104] Received COMMIT: id:1742442121036, from:30056, delay:0.4661s, distance:0063.51m (Euclidean), mes_siz_bit:16778856
[2025-03-20 12:43:18,453] [INFO] [Node_104] Received COMMIT: id:1742442121036, from:30062, delay:0.9322s, distance:0153.61m (Euclidean), mes_siz_bit:16778856
[2025-03-20 12:43:18,472] [INFO] [Node_104] Received COMMIT: id:1742442121036, from:30012, delay:0.6991s, distance:0113.76m (Euclidean), mes_siz_bit:16778856
[2025-03-20 12:43:18,487] [INFO] [Node_104] Received PREPARE: id:1742442121036, from:30013, delay:0.3107s, distance:0037.68m (Euclidean), mes_siz_bit:16778856
[2025-03-20 12:43:18,520] [INFO] [Node_104] Cleaned up 1 finished statuses
[2025-03-20 12:43:18,535] [INFO] [Node_104] Received COMMIT: id:1742442121036, from:30013, delay:0.3107s, distance:0037.68m (Euclidean), mes_siz_bit:16778856
[2025-03-20 12:43:22,875] [INFO] [Node_104] Received PRE-PREPARE: id:1742442201625, from:30000, delay:0.6991s, distance:0143.26m (Euclidean), mes_siz_bit:16778856
[2025-03-20 12:43:44,949] [INFO] [Node_104] Received PREPARE: id:1742442201625, from:30038, delay:0.4661s, distance:0070.81m (Euclidean), mes_siz_bit:16778864
[2025-03-20 12:43:44,960] [INFO] [Node_104] Received PREPARE: id:1742442201625, from:30069, delay:1.3982s, distance:0203.84m (Euclidean), mes_siz_bit:16778864
[2025-03-20 12:43:44,990] [INFO] [Node_104] Received COMMIT: id:1742442201625, from:30013, delay:0.3107s, distance:0037.68m (Euclidean), mes_siz_bit:16778856
[2025-03-20 12:43:45,004] [INFO] [Node_104] Received PREPARE: id:1742442201625, from:30012, delay:0.6991s, distance:0113.76m (Euclidean), mes_siz_bit:16778856
[2025-03-20 12:43:45,020] [INFO] [Node_104] Received PREPARE: id:1742442201625, from:30019, delay:0.9322s, distance:0167.12m (Euclidean), mes_siz_bit:16778864
[2025-03-20 12:43:45,030] [INFO] [Node_104] Received PREPARE: id:1742442201625, from:30067, delay:0.9322s, distance:0168.06m (Euclidean), mes_siz_bit:16778864
[2025-03-20 12:43:45,043] [INFO] [Node_104] Received PREPARE: id:1742442201625, from:30014, delay:0.4661s, distance:0077.90m (Euclidean), mes_siz_bit:16778848
[2025-03-20 12:43:45,054] [INFO] [Node_104] Received PREPARE: id:1742442201625, from:30089, delay:0.6991s, distance:0102.84m (Euclidean), mes_siz_bit:16778856
[2025-03-20 12:43:45,067] [INFO] [Node_104] Received PREPARE: id:1742442201625, from:30075, delay:0.4661s, distance:0060.63m (Euclidean), mes_siz_bit:16778856
[2025-03-20 12:43:45,079] [INFO] [Node_104] Received PREPARE: id:1742442201625, from:30097, delay:0.6991s, distance:0147.93m (Euclidean), mes_siz_bit:16778864
[2025-03-20 12:43:45,089] [INFO] [Node_104] Received PREPARE: id:1742442201625, from:30102, delay:0.6991s, distance:0108.30m (Euclidean), mes_siz_bit:16778848
[2025-03-20 12:43:45,097] [INFO] [Node_104] Received PREPARE: id:1742442201625, from:30024, delay:0.9322s, distance:0152.34m (Euclidean), mes_siz_bit:16778864
[2025-03-20 12:43:45,111] [INFO] [Node_104] Received PREPARE: id:1742442201625, from:30083, delay:0.4661s, distance:0075.11m (Euclidean), mes_siz_bit:16778864
[2025-03-20 12:43:45,119] [INFO] [Node_104] Received PREPARE: id:1742442201625, from:30008, delay:0.6991s, distance:0138.46m (Euclidean), mes_siz_bit:16778864
[2025-03-20 12:43:45,137] [INFO] [Node_104] Received PREPARE: id:1742442201625, from:30058, delay:0.4661s, distance:0080.74m (Euclidean), mes_siz_bit:16778864
[2025-03-20 12:43:45,147] [INFO] [Node_104] Received PREPARE: id:1742442201625, from:30045, delay:0.6991s, distance:0127.30m (Euclidean), mes_siz_bit:16778864
[2025-03-20 12:43:45,156] [INFO] [Node_104] Received PREPARE: id:1742442201625, from:30068, delay:0.4661s, distance:0079.66m (Euclidean), mes_siz_bit:16778856
[2025-03-20 12:43:45,164] [INFO] [Node_104] Received PREPARE: id:1742442201625, from:30026, delay:0.6991s, distance:0128.56m (Euclidean), mes_siz_bit:16778864
[2025-03-20 12:43:45,172] [INFO] [Node_104] Received PREPARE: id:1742442201625, from:30025, delay:0.6991s, distance:0105.19m (Euclidean), mes_siz_bit:16778864
[2025-03-20 12:43:45,186] [INFO] [Node_104] Received PREPARE: id:1742442201625, from:30098, delay:0.6991s, distance:0119.67m (Euclidean), mes_siz_bit:16778864
[2025-03-20 12:43:45,196] [INFO] [Node_104] Received PREPARE: id:1742442201625, from:30034, delay:0.3107s, distance:0031.62m (Euclidean), mes_siz_bit:16778864
[2025-03-20 12:43:45,206] [INFO] [Node_104] Received PREPARE: id:1742442201625, from:30073, delay:0.6991s, distance:0139.30m (Euclidean), mes_siz_bit:16778864
[2025-03-20 12:43:45,217] [INFO] [Node_104] Received PREPARE: id:1742442201625, from:30063, delay:0.6991s, distance:0109.15m (Euclidean), mes_siz_bit:16778864
[2025-03-20 12:43:45,226] [INFO] [Node_104] Received PREPARE: id:1742442201625, from:30094, delay:0.6991s, distance:0120.93m (Euclidean), mes_siz_bit:16778856
[2025-03-20 12:43:45,235] [INFO] [Node_104] Received PREPARE: id:1742442201625, from:30088, delay:0.6991s, distance:0117.78m (Euclidean), mes_siz_bit:16778856
[2025-03-20 12:43:45,245] [INFO] [Node_104] Received PREPARE: id:1742442201625, from:30015, delay:0.6991s, distance:0127.29m (Euclidean), mes_siz_bit:16778864
[2025-03-20 12:43:45,255] [INFO] [Node_104] Received PREPARE: id:1742442201625, from:30047, delay:0.6991s, distance:0112.81m (Euclidean), mes_siz_bit:16778864
[2025-03-20 12:43:45,273] [INFO] [Node_104] Received PREPARE: id:1742442201625, from:30095, delay:0.9322s, distance:0181.05m (Euclidean), mes_siz_bit:16778864
[2025-03-20 12:43:45,285] [INFO] [Node_104] Received PREPARE: id:1742442201625, from:30076, delay:0.6991s, distance:0144.81m (Euclidean), mes_siz_bit:16778864
[2025-03-20 12:43:45,296] [INFO] [Node_104] Received PREPARE: id:1742442201625, from:30062, delay:0.9322s, distance:0153.61m (Euclidean), mes_siz_bit:16778856
[2025-03-20 12:43:45,308] [INFO] [Node_104] Received PREPARE: id:1742442201625, from:30111, delay:0.6991s, distance:0140.93m (Euclidean), mes_siz_bit:16778864
[2025-03-20 12:43:45,326] [INFO] [Node_104] Received PREPARE: id:1742442201625, from:30003, delay:0.4661s, distance:0089.35m (Euclidean), mes_siz_bit:16778864
[2025-03-20 12:43:45,336] [INFO] [Node_104] Received PREPARE: id:1742442201625, from:30005, delay:0.6991s, distance:0129.34m (Euclidean), mes_siz_bit:16778864
[2025-03-20 12:43:45,348] [INFO] [Node_104] Received PREPARE: id:1742442201625, from:30071, delay:0.6991s, distance:0109.19m (Euclidean), mes_siz_bit:16778856
[2025-03-20 12:43:45,359] [INFO] [Node_104] Received PREPARE: id:1742442201625, from:30074, delay:0.6991s, distance:0139.34m (Euclidean), mes_siz_bit:16778864
[2025-03-20 12:43:45,371] [INFO] [Node_104] Received PREPARE: id:1742442201625, from:30107, delay:0.9322s, distance:0167.30m (Euclidean), mes_siz_bit:16778856
[2025-03-20 12:43:45,381] [INFO] [Node_104] Received PREPARE: id:1742442201625, from:30006, delay:0.6991s, distance:0135.79m (Euclidean), mes_siz_bit:16778848
[2025-03-20 12:43:45,391] [INFO] [Node_104] Received PREPARE: id:1742442201625, from:30077, delay:0.6991s, distance:0149.41m (Euclidean), mes_siz_bit:16778864
[2025-03-20 12:43:45,405] [INFO] [Node_104] Received PREPARE: id:1742442201625, from:30052, delay:0.6991s, distance:0145.36m (Euclidean), mes_siz_bit:16778856
[2025-03-20 12:43:45,415] [INFO] [Node_104] Received PREPARE: id:1742442201625, from:30110, delay:0.9322s, distance:0171.68m (Euclidean), mes_siz_bit:16778856
[2025-03-20 12:43:45,429] [INFO] [Node_104] Received PREPARE: id:1742442201625, from:30013, delay:0.3107s, distance:0037.68m (Euclidean), mes_siz_bit:16778856
[2025-03-20 12:43:45,438] [INFO] [Node_104] Received PREPARE: id:1742442201625, from:30051, delay:0.4661s, distance:0080.27m (Euclidean), mes_siz_bit:16778864
[2025-03-20 12:43:45,450] [INFO] [Node_104] Received PREPARE: id:1742442201625, from:30040, delay:0.6991s, distance:0116.39m (Euclidean), mes_siz_bit:16778864
[2025-03-20 12:43:45,460] [INFO] [Node_104] Received PREPARE: id:1742442201625, from:30055, delay:0.3107s, distance:0048.05m (Euclidean), mes_siz_bit:16778864
[2025-03-20 12:43:45,496] [INFO] [Node_104] Received PREPARE: id:1742442201625, from:30108, delay:0.3107s, distance:0038.34m (Euclidean), mes_siz_bit:16778856
[2025-03-20 12:43:45,512] [INFO] [Node_104] Received PREPARE: id:1742442201625, from:30049, delay:0.4661s, distance:0082.60m (Euclidean), mes_siz_bit:16778856
[2025-03-20 12:43:45,522] [INFO] [Node_104] Received PREPARE: id:1742442201625, from:30078, delay:0.6991s, distance:0104.62m (Euclidean), mes_siz_bit:16778864
[2025-03-20 12:43:45,535] [INFO] [Node_104] Received PREPARE: id:1742442201625, from:30050, delay:0.6991s, distance:0112.18m (Euclidean), mes_siz_bit:16778864
[2025-03-20 12:43:45,545] [INFO] [Node_104] Received PREPARE: id:1742442201625, from:30029, delay:0.9322s, distance:0164.99m (Euclidean), mes_siz_bit:16778856
[2025-03-20 12:43:51,305] [INFO] [Node_104] Received COMMIT: id:1742442201625, from:30019, delay:0.9322s, distance:0167.12m (Euclidean), mes_siz_bit:16778864
[2025-03-20 12:43:51,781] [INFO] [Node_104] Received COMMIT: id:1742442201625, from:30040, delay:0.6991s, distance:0116.39m (Euclidean), mes_siz_bit:16778864
[2025-03-20 12:43:51,979] [INFO] [Node_104] Received PREPARE: id:1742442201625, from:30092, delay:0.9322s, distance:0190.50m (Euclidean), mes_siz_bit:16778864
[2025-03-20 12:43:51,987] [INFO] [Node_104] Received COMMIT: id:1742442201625, from:30092, delay:0.9322s, distance:0190.50m (Euclidean), mes_siz_bit:16778864
[2025-03-20 12:43:52,213] [INFO] [Node_104] Received PREPARE: id:1742442201625, from:30099, delay:0.6991s, distance:0101.68m (Euclidean), mes_siz_bit:16778856
[2025-03-20 12:43:52,285] [INFO] [Node_104] Received PREPARE: id:1742442201625, from:30112, delay:0.4661s, distance:0064.20m (Euclidean), mes_siz_bit:16778864
[2025-03-20 12:43:52,424] [INFO] [Node_104] Received COMMIT: id:1742442201625, from:30112, delay:0.4661s, distance:0064.20m (Euclidean), mes_siz_bit:16778856
[2025-03-20 12:43:52,461] [INFO] [Node_104] Received COMMIT: id:1742442201625, from:30099, delay:0.6991s, distance:0101.68m (Euclidean), mes_siz_bit:16778864
[2025-03-20 12:43:52,548] [INFO] [Node_104] Received COMMIT: id:1742442201625, from:30077, delay:0.6991s, distance:0149.41m (Euclidean), mes_siz_bit:16778864
[2025-03-20 12:43:52,934] [INFO] [Node_104] Received PREPARE: id:1742442201625, from:30072, delay:0.4661s, distance:0080.02m (Euclidean), mes_siz_bit:16778864
[2025-03-20 12:43:53,002] [INFO] [Node_104] Received COMMIT: id:1742442201625, from:30072, delay:0.4661s, distance:0080.02m (Euclidean), mes_siz_bit:16778856
[2025-03-20 12:43:53,235] [INFO] [Node_104] Received COMMIT: id:1742442201625, from:30071, delay:0.6991s, distance:0109.19m (Euclidean), mes_siz_bit:16778856
[2025-03-20 12:43:53,262] [INFO] [Node_104] Received COMMIT: id:1742442201625, from:30088, delay:0.6991s, distance:0117.78m (Euclidean), mes_siz_bit:16778856
[2025-03-20 12:43:53,924] [INFO] [Node_104] Received PREPARE: id:1742442201625, from:30016, delay:0.4661s, distance:0093.75m (Euclidean), mes_siz_bit:16778856
[2025-03-20 12:43:54,222] [INFO] [Node_104] Received COMMIT: id:1742442201625, from:30005, delay:0.6991s, distance:0129.34m (Euclidean), mes_siz_bit:16778856
[2025-03-20 12:43:56,825] [INFO] [Node_104] Received COMMIT: id:1742442201625, from:30108, delay:0.3107s, distance:0038.34m (Euclidean), mes_siz_bit:16778856
[2025-03-20 12:43:57,127] [INFO] [Node_104] Received COMMIT: id:1742442201625, from:30029, delay:0.9322s, distance:0164.99m (Euclidean), mes_siz_bit:16778864
[2025-03-20 12:43:57,415] [INFO] [Node_104] Received COMMIT: id:1742442201625, from:30110, delay:0.9322s, distance:0171.68m (Euclidean), mes_siz_bit:16778864
[2025-03-20 12:43:57,867] [INFO] [Node_104] Received PREPARE: id:1742442201625, from:30116, delay:0.9322s, distance:0164.17m (Euclidean), mes_siz_bit:16778864
[2025-03-20 12:43:59,489] [INFO] [Node_104] Received COMMIT: id:1742442201625, from:30116, delay:0.9322s, distance:0164.17m (Euclidean), mes_siz_bit:16778864
[2025-03-20 12:44:00,098] [INFO] [Node_104] Received PREPARE: id:1742442201625, from:30017, delay:0.4661s, distance:0059.80m (Euclidean), mes_siz_bit:16778856
[2025-03-20 12:44:02,104] [INFO] [Node_104] Received PREPARE: id:1742442201625, from:30022, delay:0.6991s, distance:0123.98m (Euclidean), mes_siz_bit:16778864
[2025-03-20 12:44:02,276] [INFO] [Node_104] Received PREPARE: id:1742442201625, from:30101, delay:0.6991s, distance:0125.00m (Euclidean), mes_siz_bit:16778848
[2025-03-20 12:44:02,379] [INFO] [Node_104] Received COMMIT: id:1742442201625, from:30000, delay:0.6991s, distance:0143.26m (Euclidean), mes_siz_bit:16778856
[2025-03-20 12:44:02,411] [INFO] [Node_104] Received PREPARE: id:1742442201625, from:30119, delay:0.9322s, distance:0194.26m (Euclidean), mes_siz_bit:16778864
[2025-03-20 12:44:02,437] [INFO] [Node_104] Received COMMIT: id:1742442201625, from:30015, delay:0.6991s, distance:0127.29m (Euclidean), mes_siz_bit:16778864
[2025-03-20 12:44:02,459] [INFO] [Node_104] Received COMMIT: id:1742442201625, from:30101, delay:0.6991s, distance:0125.00m (Euclidean), mes_siz_bit:16778840
[2025-03-20 12:44:02,688] [INFO] [Node_104] Received COMMIT: id:1742442201625, from:30097, delay:0.6991s, distance:0147.93m (Euclidean), mes_siz_bit:16778864
[2025-03-20 12:44:02,722] [INFO] [Node_104] Received COMMIT: id:1742442201625, from:30107, delay:0.9322s, distance:0167.30m (Euclidean), mes_siz_bit:16778856
[2025-03-20 12:44:02,744] [INFO] [Node_104] Received COMMIT: id:1742442201625, from:30012, delay:0.6991s, distance:0113.76m (Euclidean), mes_siz_bit:16778856
[2025-03-20 12:44:02,882] [INFO] [Node_104] Cleaned up 1 finished statuses
[2025-03-20 12:44:02,923] [INFO] [Node_104] Received PREPARE: id:1742442201625, from:30113, delay:0.9322s, distance:0151.18m (Euclidean), mes_siz_bit:16778856
[2025-03-20 12:44:02,941] [INFO] [Node_104] Received COMMIT: id:1742442201625, from:30119, delay:0.9322s, distance:0194.26m (Euclidean), mes_siz_bit:16778856
[2025-03-20 12:44:02,983] [INFO] [Node_104] Received COMMIT: id:1742442201625, from:30026, delay:0.6991s, distance:0128.56m (Euclidean), mes_siz_bit:16778864
[2025-03-20 12:44:03,026] [INFO] [Node_104] Received PREPARE: id:1742442201625, from:30061, delay:0.4661s, distance:0080.43m (Euclidean), mes_siz_bit:16778856
[2025-03-20 12:44:03,102] [INFO] [Node_104] Received COMMIT: id:1742442201625, from:30111, delay:0.6991s, distance:0140.93m (Euclidean), mes_siz_bit:16778864
[2025-03-20 12:44:03,159] [INFO] [Node_104] Received COMMIT: id:1742442201625, from:30113, delay:0.9322s, distance:0151.18m (Euclidean), mes_siz_bit:16778856
[2025-03-20 12:44:03,825] [INFO] [Node_104] Received PREPARE: id:1742442201625, from:30118, delay:0.6991s, distance:0142.22m (Euclidean), mes_siz_bit:16778864
[2025-03-20 12:44:03,851] [INFO] [Node_104] Received PREPARE: id:1742442201625, from:30109, delay:0.6991s, distance:0104.30m (Euclidean), mes_siz_bit:16778856
[2025-03-20 12:44:03,875] [INFO] [Node_104] Received PREPARE: id:1742442201625, from:30117, delay:0.9322s, distance:0176.89m (Euclidean), mes_siz_bit:16778856
[2025-03-20 12:44:03,906] [INFO] [Node_104] Received PREPARE: id:1742442201625, from:30106, delay:0.4661s, distance:0091.37m (Euclidean), mes_siz_bit:16778856
[2025-03-20 12:44:03,936] [INFO] [Node_104] Received COMMIT: id:1742442201625, from:30118, delay:0.6991s, distance:0142.22m (Euclidean), mes_siz_bit:16778864
[2025-03-20 12:44:03,995] [INFO] [Node_104] Received PREPARE: id:1742442201625, from:30104, delay:0.6991s, distance:0137.12m (Euclidean), mes_siz_bit:16778856
[2025-03-20 12:44:04,023] [INFO] [Node_104] Received PREPARE: id:1742442201625, from:30100, delay:0.9322s, distance:0185.43m (Euclidean), mes_siz_bit:16778864
[2025-03-20 12:44:04,149] [INFO] [Node_104] Cleaned up 1 finished statuses
[2025-03-20 12:44:05,047] [INFO] [Node_104] Received COMMIT: id:1742442201625, from:30109, delay:0.6991s, distance:0104.30m (Euclidean), mes_siz_bit:16778864
[2025-03-20 12:44:05,293] [INFO] [Node_104] Received COMMIT: id:1742442201625, from:30098, delay:0.6991s, distance:0119.67m (Euclidean), mes_siz_bit:16778864
[2025-03-20 12:44:06,283] [INFO] [Node_104] Received PREPARE: id:1742442201625, from:30011, delay:0.6991s, distance:0108.34m (Euclidean), mes_siz_bit:16778864
[2025-03-20 12:44:14,198] [INFO] [Node_104] Received COMMIT: id:1742442201625, from:30117, delay:0.9322s, distance:0176.89m (Euclidean), mes_siz_bit:16778848
[2025-03-20 12:44:14,466] [INFO] [Node_104] Received COMMIT: id:1742442201625, from:30090, delay:0.4661s, distance:0091.83m (Euclidean), mes_siz_bit:16778856
[2025-03-20 12:44:14,687] [INFO] [Node_104] Received PREPARE: id:1742442201625, from:30090, delay:0.4661s, distance:0091.83m (Euclidean), mes_siz_bit:16778856
[2025-03-20 12:44:17,222] [INFO] [Node_104] Received COMMIT: id:1742442201625, from:30076, delay:0.6991s, distance:0144.81m (Euclidean), mes_siz_bit:16778864
[2025-03-20 12:44:20,187] [INFO] [Node_104] Received COMMIT: id:1742442201625, from:30055, delay:0.3107s, distance:0048.05m (Euclidean), mes_siz_bit:16778864
[2025-03-20 12:44:20,498] [INFO] [Node_104] Received COMMIT: id:1742442201625, from:30102, delay:0.6991s, distance:0108.30m (Euclidean), mes_siz_bit:16778848
[2025-03-20 12:44:24,443] [INFO] [Node_104] Received PREPARE: id:1742442201625, from:30002, delay:0.4661s, distance:0069.69m (Euclidean), mes_siz_bit:16778864
[2025-03-20 12:44:27,086] [INFO] [Node_104] Cleaned up 1 finished statuses
