[2025-03-07 10:05:21,681] [INFO] Starting node at localhost:30011 | index= 12 | f=1, k=6 | Role: Replica
[2025-03-07 10:06:14,016] [INFO] Starting node at localhost:30011 | index= 12 | f=1, k=6 | Role: Replica
[2025-03-07 10:06:43,207] [INFO] Starting node at localhost:30011 | index= 12 | f=1, k=6 | Role: Replica
[2025-03-07 10:06:43,834] [INFO] [30011] Received PRE-PREPARE: id:1741309603800, from:Leader(30000), delay:0.0001s, distance:224.55m (Euclidean)
[2025-03-07 10:06:43,834] [INFO] [30011] Broadcasting PREPARE for REQUEST 1741309603800
[2025-03-07 10:06:43,847] [INFO] [30011] Received PREPARE: id:1741309603800, from:30007, delay:0.0000s, distance:112.77m (Euclidean)
[2025-03-07 10:06:43,847] [INFO] [30011] Received PREPARE: id:1741309603800, from:30008, delay:0.0002s, distance:269.03m (Euclidean)
[2025-03-07 10:06:43,847] [INFO] [30011] Broadcasting COMMIT for REQUEST 1741309603800
[2025-03-07 10:06:43,847] [INFO] [30011] Received PREPARE: id:1741309603800, from:30010, delay:0.0002s, distance:267.24m (Euclidean)
[2025-03-07 10:06:43,866] [INFO] [30011] Received PREPARE: id:1741309603800, from:30006, delay:0.0001s, distance:226.34m (Euclidean)
[2025-03-07 10:06:43,866] [INFO] [30011] Received PREPARE: id:1741309603800, from:30002, delay:0.0001s, distance:163.31m (Euclidean)
[2025-03-07 10:06:43,866] [INFO] [30011] Received COMMIT: id:1741309603800, from:30007, delay:0.0000s, distance:112.77m (Euclidean)
[2025-03-07 10:06:43,866] [INFO] [30011] Received COMMIT: id:1741309603800, from:30000, delay:0.0001s, distance:224.55m (Euclidean)
[2025-03-07 10:06:43,866] [INFO] [LEADER 30011] Sending REPLY for REQUEST 1741309603800 to CLIENT
[2025-03-07 10:06:43,873] [INFO] [30011] Received PREPARE: id:1741309603800, from:30001, delay:0.0001s, distance:174.82m (Euclidean)
[2025-03-07 10:06:43,873] [INFO] [30011] Received PREPARE: id:1741309603800, from:30009, delay:0.0001s, distance:241.50m (Euclidean)
[2025-03-07 10:06:43,873] [INFO] [30011] Received COMMIT: id:1741309603800, from:30010, delay:0.0002s, distance:267.24m (Euclidean)
[2025-03-07 10:06:43,873] [INFO] [30011] Received PREPARE: id:1741309603800, from:30004, delay:0.0000s, distance:149.23m (Euclidean)
[2025-03-07 10:06:43,873] [INFO] [30011] Received COMMIT: id:1741309603800, from:30002, delay:0.0001s, distance:163.31m (Euclidean)
[2025-03-07 10:06:43,873] [INFO] [30011] Received COMMIT: id:1741309603800, from:30001, delay:0.0001s, distance:174.82m (Euclidean)
[2025-03-07 10:06:43,873] [INFO] [30011] Received COMMIT: id:1741309603800, from:30003, delay:0.0001s, distance:203.04m (Euclidean)
[2025-03-07 10:06:43,873] [INFO] [30011] Received PREPARE: id:1741309603800, from:30003, delay:0.0001s, distance:203.04m (Euclidean)
[2025-03-07 10:06:43,873] [INFO] [30011] Received COMMIT: id:1741309603800, from:30004, delay:0.0000s, distance:149.23m (Euclidean)
[2025-03-07 10:06:43,873] [INFO] [30011] Received COMMIT: id:1741309603800, from:30009, delay:0.0001s, distance:241.50m (Euclidean)
[2025-03-07 10:06:43,873] [INFO] [30011] Received COMMIT: id:1741309603800, from:30008, delay:0.0002s, distance:269.03m (Euclidean)
[2025-03-07 10:06:43,873] [INFO] [30011] Received COMMIT: id:1741309603800, from:30006, delay:0.0001s, distance:226.34m (Euclidean)
[2025-03-07 10:07:28,079] [INFO] Starting node at localhost:30011 | index= 12 | f=1, k=6 | Role: Replica
[2025-03-07 10:35:06,083] [INFO] Starting node at localhost:30011 | index= 12 | f=1, k=6 | Role: Replica
[2025-03-07 10:35:08,582] [INFO] [30011] Received PRE-PREPARE: id:1741311308551, from:Leader(30000), delay:0.0001s, distance:231.50m (Euclidean)
[2025-03-07 10:35:08,582] [INFO] [30011] Broadcasting PREPARE for REQUEST 1741311308551
[2025-03-07 10:35:08,602] [INFO] [30011] Received PREPARE: id:1741311308551, from:30009, delay:0.0001s, distance:163.32m (Euclidean)
[2025-03-07 10:35:08,602] [INFO] [30011] Received PREPARE: id:1741311308551, from:30013, delay:0.0000s, distance:76.06m (Euclidean)
[2025-03-07 10:35:08,602] [INFO] [30011] Broadcasting COMMIT for REQUEST 1741311308551
[2025-03-07 10:35:08,618] [INFO] [30011] Received PREPARE: id:1741311308551, from:30004, delay:0.0000s, distance:118.03m (Euclidean)
[2025-03-07 10:35:08,622] [INFO] [30011] Received PREPARE: id:1741311308551, from:30015, delay:0.0002s, distance:290.69m (Euclidean)
[2025-03-07 10:35:08,627] [INFO] [30011] Received COMMIT: id:1741311308551, from:30000, delay:0.0001s, distance:231.50m (Euclidean)
[2025-03-07 10:35:08,631] [INFO] [30011] Received COMMIT: id:1741311308551, from:30013, delay:0.0000s, distance:76.06m (Euclidean)
[2025-03-07 10:35:08,631] [INFO] [LEADER 30011] Sending REPLY for REQUEST 1741311308551 to CLIENT
[2025-03-07 10:35:08,631] [INFO] [30011] Received PREPARE: id:1741311308551, from:30001, delay:0.0001s, distance:216.39m (Euclidean)
[2025-03-07 10:35:08,631] [INFO] [30011] Received COMMIT: id:1741311308551, from:30012, delay:0.0001s, distance:179.90m (Euclidean)
[2025-03-07 10:35:08,631] [INFO] [30011] Received PREPARE: id:1741311308551, from:30012, delay:0.0001s, distance:179.90m (Euclidean)
[2025-03-07 10:35:08,636] [INFO] [30011] Received COMMIT: id:1741311308551, from:30001, delay:0.0001s, distance:216.39m (Euclidean)
[2025-03-07 10:35:08,636] [INFO] [30011] Received PREPARE: id:1741311308551, from:30003, delay:0.0001s, distance:239.68m (Euclidean)
[2025-03-07 10:35:08,641] [INFO] [30011] Received COMMIT: id:1741311308551, from:30004, delay:0.0000s, distance:118.03m (Euclidean)
[2025-03-07 10:35:08,641] [INFO] [30011] Received COMMIT: id:1741311308551, from:30003, delay:0.0001s, distance:239.68m (Euclidean)
[2025-03-07 10:35:08,641] [INFO] [30011] Received COMMIT: id:1741311308551, from:30009, delay:0.0001s, distance:163.32m (Euclidean)
[2025-03-07 10:35:08,641] [INFO] [30011] Received COMMIT: id:1741311308551, from:30015, delay:0.0002s, distance:290.69m (Euclidean)
[2025-03-07 10:35:08,641] [INFO] [30011] Received PREPARE: id:1741311308551, from:30006, delay:0.0002s, distance:295.77m (Euclidean)
[2025-03-07 10:35:08,641] [INFO] [30011] Received PREPARE: id:1741311308551, from:30002, delay:0.0002s, distance:280.27m (Euclidean)
[2025-03-07 10:35:08,641] [INFO] [30011] Received PREPARE: id:1741311308551, from:30010, delay:0.0001s, distance:260.94m (Euclidean)
[2025-03-07 10:35:08,644] [INFO] [30011] Received COMMIT: id:1741311308551, from:30002, delay:0.0002s, distance:280.27m (Euclidean)
[2025-03-07 10:35:08,644] [INFO] [30011] Received PREPARE: id:1741311308551, from:30008, delay:0.0001s, distance:250.92m (Euclidean)
[2025-03-07 10:35:08,644] [INFO] [30011] Received COMMIT: id:1741311308551, from:30010, delay:0.0001s, distance:260.94m (Euclidean)
[2025-03-07 10:35:08,644] [INFO] [30011] Received COMMIT: id:1741311308551, from:30006, delay:0.0002s, distance:295.77m (Euclidean)
[2025-03-07 10:35:08,644] [INFO] [30011] Received PREPARE: id:1741311308551, from:30014, delay:0.0002s, distance:292.63m (Euclidean)
[2025-03-07 10:35:08,644] [INFO] [30011] Received COMMIT: id:1741311308551, from:30014, delay:0.0002s, distance:292.63m (Euclidean)
[2025-03-07 10:35:08,644] [INFO] [30011] Received COMMIT: id:1741311308551, from:30008, delay:0.0001s, distance:250.92m (Euclidean)
[2025-03-07 10:35:08,644] [INFO] [30011] Received PREPARE: id:1741311308551, from:30007, delay:0.0001s, distance:230.49m (Euclidean)
[2025-03-07 10:35:08,644] [INFO] [30011] Received PREPARE: id:1741311308551, from:30005, delay:0.0001s, distance:207.01m (Euclidean)
[2025-03-07 10:35:08,644] [INFO] [30011] Received COMMIT: id:1741311308551, from:30007, delay:0.0001s, distance:230.49m (Euclidean)
[2025-03-07 10:35:08,644] [INFO] [30011] Received COMMIT: id:1741311308551, from:30005, delay:0.0001s, distance:207.01m (Euclidean)
