[2025-03-06 11:02:42,541] [INFO] Starting node at localhost:30002 | index=  3 | f=1, k=6 | Role: Replica
[2025-03-06 11:02:43,683] [INFO] [30002] Received PRE-PREPARE: id:1741226563647, from:Leader(30000), delay:0.0000s, distance:29.55m (Euclidean)
[2025-03-06 11:02:43,683] [INFO] [30002] Broadcasting PREPARE for REQUEST 1741226563647
[2025-03-06 11:02:43,683] [INFO] [30002] Not broadcasting to fault node: 30003
[2025-03-06 11:02:43,698] [INFO] [30002] Received PREPARE: id:1741226563647, from:30001, delay:0.0000s, distance:187.58m (Euclidean)
[2025-03-06 11:02:43,698] [INFO] [30002] Received COMMIT: id:1741226563647, from:30000, delay:0.0000s, distance:29.55m (Euclidean)
[2025-03-06 11:05:50,820] [INFO] Starting node at localhost:30002 | index=  3 | f=1, k=6 | Role: Replica
[2025-03-06 11:05:52,642] [INFO] [30002] Received PRE-PREPARE: id:1741226752589, from:Leader(30000), delay:0.0001s, distance:260.91m (Euclidean)
[2025-03-06 11:05:52,642] [INFO] [30002] Broadcasting PREPARE for REQUEST 1741226752589
[2025-03-06 11:05:52,642] [INFO] [30002] Not broadcasting to fault node: 30003
[2025-03-06 11:05:52,642] [INFO] [30002] Received COMMIT: id:1741226752589, from:30000, delay:0.0001s, distance:260.91m (Euclidean)
[2025-03-06 11:06:09,288] [INFO] Starting node at localhost:30002 | index=  3 | f=1, k=6 | Role: Replica
[2025-03-06 11:06:10,962] [INFO] [30002] Received PRE-PREPARE: id:1741226770925, from:Leader(30000), delay:0.0001s, distance:290.81m (Euclidean)
[2025-03-06 11:06:10,962] [INFO] [30002] Broadcasting PREPARE for REQUEST 1741226770925
[2025-03-06 11:06:10,962] [INFO] [30002] Not broadcasting to fault node: 30003
[2025-03-06 11:06:10,962] [INFO] [30002] Received COMMIT: id:1741226770925, from:30000, delay:0.0001s, distance:290.81m (Euclidean)
[2025-03-06 11:06:54,173] [INFO] Starting node at localhost:30002 | index=  3 | f=1, k=6 | Role: Replica
[2025-03-06 11:07:02,071] [INFO] [30002] Received PRE-PREPARE: id:1741226822039, from:Leader(30000), delay:0.0001s, distance:290.81m (Euclidean)
[2025-03-06 11:07:02,071] [INFO] [30002] Broadcasting PREPARE for REQUEST 1741226822039
[2025-03-06 11:07:02,071] [INFO] [30002] Not broadcasting to fault node: 30003
[2025-03-06 11:07:02,087] [INFO] [30002] Received COMMIT: id:1741226822039, from:30000, delay:0.0001s, distance:290.81m (Euclidean)
[2025-03-06 11:10:25,552] [INFO] Starting node at localhost:30002 | index=  3 | f=1, k=6 | Role: Replica
