[2025-03-11 13:24:15,381] [INFO] Starting node at localhost:30072 | index= 73 | f=1, k=4 | Role: Replica
[2025-03-11 13:24:42,713] [INFO] [30072] Received PREPARE: id:1741667081917, from:30078, delay:0.0000s, distance:104.64m (Euclidean)
[2025-03-11 13:24:42,713] [INFO] [30072] Missing PRE-PREPARE for REQUEST 1741667081917; ignoring PREPARE
[2025-03-11 13:24:42,738] [INFO] [30072] Received PREPARE: id:1741667081917, from:30029, delay:0.0000s, distance:249.60m (Euclidean)
[2025-03-11 13:24:42,738] [INFO] [30072] Missing PRE-PREPARE for REQUEST 1741667081917; ignoring PREPARE
[2025-03-11 13:24:42,788] [INFO] [30072] Received PREPARE: id:1741667081917, from:30006, delay:0.0000s, distance:89.78m (Euclidean)
[2025-03-11 13:24:42,788] [INFO] [30072] Missing PRE-PREPARE for REQUEST 1741667081917; ignoring PREPARE
[2025-03-11 13:24:42,872] [INFO] [30072] Received PREPARE: id:1741667081917, from:30100, delay:0.0001s, distance:213.54m (Euclidean)
[2025-03-11 13:24:42,872] [INFO] [30072] Missing PRE-PREPARE for REQUEST 1741667081917; ignoring PREPARE
[2025-03-11 13:24:42,900] [INFO] [30072] Received PREPARE: id:1741667081917, from:30047, delay:0.0000s, distance:146.07m (Euclidean)
[2025-03-11 13:24:42,902] [INFO] [30072] Missing PRE-PREPARE for REQUEST 1741667081917; ignoring PREPARE
[2025-03-11 13:24:43,063] [INFO] [30072] Received PREPARE: id:1741667081917, from:30075, delay:0.0000s, distance:111.87m (Euclidean)
[2025-03-11 13:24:43,063] [INFO] [30072] Missing PRE-PREPARE for REQUEST 1741667081917; ignoring PREPARE
[2025-03-11 13:24:43,110] [INFO] [30072] Received PREPARE: id:1741667081917, from:30037, delay:0.0000s, distance:200.54m (Euclidean)
[2025-03-11 13:24:43,110] [INFO] [30072] Missing PRE-PREPARE for REQUEST 1741667081917; ignoring PREPARE
[2025-03-11 13:24:43,121] [INFO] [30072] Received COMMIT: id:1741667081917, from:30075, delay:0.0000s, distance:111.87m (Euclidean)
[2025-03-11 13:24:43,279] [INFO] [30072] Received COMMIT: id:1741667081917, from:30029, delay:0.0000s, distance:249.60m (Euclidean)
[2025-03-11 13:24:43,312] [INFO] [30072] Received PREPARE: id:1741667081917, from:30169, delay:0.0001s, distance:176.07m (Euclidean)
[2025-03-11 13:24:43,312] [INFO] [30072] Missing PRE-PREPARE for REQUEST 1741667081917; ignoring PREPARE
[2025-03-11 13:24:43,330] [INFO] [30072] Received PREPARE: id:1741667081917, from:30012, delay:0.0000s, distance:46.42m (Euclidean)
[2025-03-11 13:24:43,330] [INFO] [30072] Missing PRE-PREPARE for REQUEST 1741667081917; ignoring PREPARE
[2025-03-11 13:24:43,339] [INFO] [30072] Received PREPARE: id:1741667081917, from:30096, delay:0.0000s, distance:139.44m (Euclidean)
[2025-03-11 13:24:43,339] [INFO] [30072] Missing PRE-PREPARE for REQUEST 1741667081917; ignoring PREPARE
[2025-03-11 13:24:43,356] [INFO] [30072] Received PREPARE: id:1741667081917, from:30095, delay:0.0000s, distance:133.95m (Euclidean)
[2025-03-11 13:24:43,356] [INFO] [30072] Missing PRE-PREPARE for REQUEST 1741667081917; ignoring PREPARE
[2025-03-11 13:24:43,366] [INFO] [30072] Received PREPARE: id:1741667081917, from:30052, delay:0.0000s, distance:149.94m (Euclidean)
[2025-03-11 13:24:43,366] [INFO] [30072] Missing PRE-PREPARE for REQUEST 1741667081917; ignoring PREPARE
[2025-03-11 13:24:43,388] [INFO] [30072] Received PREPARE: id:1741667081917, from:30088, delay:0.0000s, distance:88.65m (Euclidean)
[2025-03-11 13:24:43,388] [INFO] [30072] Missing PRE-PREPARE for REQUEST 1741667081917; ignoring PREPARE
[2025-03-11 13:24:43,436] [INFO] [30072] Received PREPARE: id:1741667081917, from:30079, delay:0.0001s, distance:163.46m (Euclidean)
[2025-03-11 13:24:43,436] [INFO] [30072] Missing PRE-PREPARE for REQUEST 1741667081917; ignoring PREPARE
[2025-03-11 13:24:43,446] [INFO] [30072] Received PREPARE: id:1741667081917, from:30098, delay:0.0000s, distance:139.50m (Euclidean)
[2025-03-11 13:24:43,446] [INFO] [30072] Missing PRE-PREPARE for REQUEST 1741667081917; ignoring PREPARE
[2025-03-11 13:24:43,464] [INFO] [30072] Received PREPARE: id:1741667081917, from:30087, delay:0.0001s, distance:225.48m (Euclidean)
[2025-03-11 13:24:43,464] [INFO] [30072] Missing PRE-PREPARE for REQUEST 1741667081917; ignoring PREPARE
[2025-03-11 13:24:43,562] [INFO] [30072] Received COMMIT: id:1741667081917, from:30006, delay:0.0000s, distance:89.78m (Euclidean)
[2025-03-11 13:24:43,609] [INFO] [30072] Received COMMIT: id:1741667081917, from:30087, delay:0.0001s, distance:225.48m (Euclidean)
[2025-03-11 13:24:43,626] [INFO] [30072] Received PREPARE: id:1741667081917, from:30080, delay:0.0002s, distance:270.60m (Euclidean)
[2025-03-11 13:24:43,626] [INFO] [30072] Missing PRE-PREPARE for REQUEST 1741667081917; ignoring PREPARE
[2025-03-11 13:24:43,628] [INFO] [30072] Received COMMIT: id:1741667081917, from:30080, delay:0.0002s, distance:270.60m (Euclidean)
[2025-03-11 13:24:43,638] [INFO] [30072] Received COMMIT: id:1741667081917, from:30095, delay:0.0000s, distance:133.95m (Euclidean)
[2025-03-11 13:24:43,650] [INFO] [30072] Received PREPARE: id:1741667081917, from:30014, delay:0.0000s, distance:123.44m (Euclidean)
[2025-03-11 13:24:43,650] [INFO] [30072] Missing PRE-PREPARE for REQUEST 1741667081917; ignoring PREPARE
[2025-03-11 13:24:43,851] [INFO] [30072] Received PREPARE: id:1741667081917, from:30073, delay:0.0000s, distance:69.27m (Euclidean)
[2025-03-11 13:24:43,851] [INFO] [30072] Missing PRE-PREPARE for REQUEST 1741667081917; ignoring PREPARE
[2025-03-11 13:24:43,923] [INFO] [30072] Received COMMIT: id:1741667081917, from:30014, delay:0.0000s, distance:123.44m (Euclidean)
[2025-03-11 13:24:43,929] [INFO] [30072] Received PREPARE: id:1741667081917, from:30058, delay:0.0002s, distance:276.48m (Euclidean)
[2025-03-11 13:24:43,929] [INFO] [30072] Missing PRE-PREPARE for REQUEST 1741667081917; ignoring PREPARE
[2025-03-11 13:24:44,032] [INFO] [30072] Received PREPARE: id:1741667081917, from:30018, delay:0.0000s, distance:171.19m (Euclidean)
[2025-03-11 13:24:44,032] [INFO] [30072] Missing PRE-PREPARE for REQUEST 1741667081917; ignoring PREPARE
[2025-03-11 13:24:44,117] [INFO] [30072] Received PREPARE: id:1741667081917, from:30092, delay:0.0002s, distance:258.98m (Euclidean)
[2025-03-11 13:24:44,117] [INFO] [30072] Missing PRE-PREPARE for REQUEST 1741667081917; ignoring PREPARE
[2025-03-11 13:24:44,123] [INFO] [30072] Received PREPARE: id:1741667081917, from:30084, delay:0.0001s, distance:158.96m (Euclidean)
[2025-03-11 13:24:44,123] [INFO] [30072] Missing PRE-PREPARE for REQUEST 1741667081917; ignoring PREPARE
[2025-03-11 13:24:44,218] [INFO] [30072] Received PREPARE: id:1741667081917, from:30008, delay:0.0001s, distance:244.81m (Euclidean)
[2025-03-11 13:24:44,218] [INFO] [30072] Missing PRE-PREPARE for REQUEST 1741667081917; ignoring PREPARE
[2025-03-11 13:24:44,233] [INFO] [30072] Received COMMIT: id:1741667081917, from:30100, delay:0.0001s, distance:213.54m (Euclidean)
[2025-03-11 13:24:44,354] [INFO] [30072] Received PREPARE: id:1741667081917, from:30017, delay:0.0001s, distance:197.37m (Euclidean)
[2025-03-11 13:24:44,354] [INFO] [30072] Missing PRE-PREPARE for REQUEST 1741667081917; ignoring PREPARE
[2025-03-11 13:24:44,360] [INFO] [30072] Received COMMIT: id:1741667081917, from:30092, delay:0.0002s, distance:258.98m (Euclidean)
[2025-03-11 13:24:44,372] [INFO] [30072] Received COMMIT: id:1741667081917, from:30008, delay:0.0001s, distance:244.81m (Euclidean)
[2025-03-11 13:24:44,377] [INFO] [30072] Received PREPARE: id:1741667081917, from:30059, delay:0.0000s, distance:145.50m (Euclidean)
[2025-03-11 13:24:44,377] [INFO] [30072] Missing PRE-PREPARE for REQUEST 1741667081917; ignoring PREPARE
[2025-03-11 13:24:44,394] [INFO] [30072] Received PREPARE: id:1741667081917, from:30013, delay:0.0001s, distance:165.66m (Euclidean)
[2025-03-11 13:24:44,394] [INFO] [30072] Missing PRE-PREPARE for REQUEST 1741667081917; ignoring PREPARE
[2025-03-11 13:24:44,425] [INFO] [30072] Received PREPARE: id:1741667081917, from:30004, delay:0.0001s, distance:208.20m (Euclidean)
[2025-03-11 13:24:44,425] [INFO] [30072] Missing PRE-PREPARE for REQUEST 1741667081917; ignoring PREPARE
[2025-03-11 13:24:44,570] [INFO] [30072] Received PREPARE: id:1741667081917, from:30060, delay:0.0002s, distance:260.73m (Euclidean)
[2025-03-11 13:24:44,570] [INFO] [30072] Missing PRE-PREPARE for REQUEST 1741667081917; ignoring PREPARE
[2025-03-11 13:24:44,594] [INFO] [30072] Received COMMIT: id:1741667081917, from:30169, delay:0.0001s, distance:176.07m (Euclidean)
[2025-03-11 13:24:44,605] [INFO] [30072] Received COMMIT: id:1741667081917, from:30059, delay:0.0000s, distance:145.50m (Euclidean)
[2025-03-11 13:24:44,645] [INFO] [30072] Received PREPARE: id:1741667081917, from:30091, delay:0.0001s, distance:183.04m (Euclidean)
[2025-03-11 13:24:44,645] [INFO] [30072] Missing PRE-PREPARE for REQUEST 1741667081917; ignoring PREPARE
[2025-03-11 13:24:44,666] [INFO] [30072] Received PREPARE: id:1741667081917, from:30025, delay:0.0001s, distance:194.49m (Euclidean)
[2025-03-11 13:24:44,666] [INFO] [30072] Missing PRE-PREPARE for REQUEST 1741667081917; ignoring PREPARE
[2025-03-11 13:24:44,683] [INFO] [30072] Received COMMIT: id:1741667081917, from:30058, delay:0.0002s, distance:276.48m (Euclidean)
[2025-03-11 13:24:44,715] [INFO] [30072] Received PREPARE: id:1741667081917, from:30048, delay:0.0001s, distance:254.21m (Euclidean)
[2025-03-11 13:24:44,716] [INFO] [30072] Missing PRE-PREPARE for REQUEST 1741667081917; ignoring PREPARE
[2025-03-11 13:24:44,716] [INFO] [30072] Received COMMIT: id:1741667081917, from:30088, delay:0.0000s, distance:88.65m (Euclidean)
[2025-03-11 13:24:44,841] [INFO] [30072] Received COMMIT: id:1741667081917, from:30012, delay:0.0000s, distance:46.42m (Euclidean)
[2025-03-11 13:24:44,867] [INFO] [30072] Received COMMIT: id:1741667081917, from:30018, delay:0.0000s, distance:171.19m (Euclidean)
[2025-03-11 13:24:44,899] [INFO] [30072] Received PREPARE: id:1741667081917, from:30001, delay:0.0001s, distance:170.76m (Euclidean)
[2025-03-11 13:24:44,899] [INFO] [30072] Missing PRE-PREPARE for REQUEST 1741667081917; ignoring PREPARE
[2025-03-11 13:24:44,954] [INFO] [30072] Received PREPARE: id:1741667081917, from:30093, delay:0.0001s, distance:241.56m (Euclidean)
[2025-03-11 13:24:44,954] [INFO] [30072] Missing PRE-PREPARE for REQUEST 1741667081917; ignoring PREPARE
[2025-03-11 13:24:44,967] [INFO] [30072] Received COMMIT: id:1741667081917, from:30013, delay:0.0001s, distance:165.66m (Euclidean)
[2025-03-11 13:24:45,008] [INFO] [30072] Received PREPARE: id:1741667081917, from:30015, delay:0.0001s, distance:284.92m (Euclidean)
[2025-03-11 13:24:45,008] [INFO] [30072] Missing PRE-PREPARE for REQUEST 1741667081917; ignoring PREPARE
[2025-03-11 13:24:45,141] [INFO] [30072] Received COMMIT: id:1741667081917, from:30079, delay:0.0001s, distance:163.46m (Euclidean)
[2025-03-11 13:24:45,215] [INFO] [30072] Received PREPARE: id:1741667081917, from:30057, delay:0.0001s, distance:243.94m (Euclidean)
[2025-03-11 13:24:45,215] [INFO] [30072] Missing PRE-PREPARE for REQUEST 1741667081917; ignoring PREPARE
[2025-03-11 13:24:45,217] [INFO] [30072] Received PREPARE: id:1741667081917, from:30074, delay:0.0001s, distance:247.47m (Euclidean)
[2025-03-11 13:24:45,217] [INFO] [30072] Missing PRE-PREPARE for REQUEST 1741667081917; ignoring PREPARE
[2025-03-11 13:24:45,224] [INFO] [30072] Received COMMIT: id:1741667081917, from:30060, delay:0.0002s, distance:260.73m (Euclidean)
[2025-03-11 13:24:45,251] [INFO] [30072] Received COMMIT: id:1741667081917, from:30074, delay:0.0001s, distance:247.47m (Euclidean)
[2025-03-11 13:24:45,345] [INFO] [30072] Received COMMIT: id:1741667081917, from:30004, delay:0.0001s, distance:208.20m (Euclidean)
[2025-03-11 13:24:45,389] [INFO] [30072] Received COMMIT: id:1741667081917, from:30015, delay:0.0001s, distance:284.92m (Euclidean)
[2025-03-11 13:24:45,568] [INFO] [30072] Received COMMIT: id:1741667081917, from:30017, delay:0.0001s, distance:197.37m (Euclidean)
[2025-03-11 13:24:45,585] [INFO] [30072] Received PREPARE: id:1741667081917, from:30085, delay:0.0000s, distance:163.67m (Euclidean)
[2025-03-11 13:24:45,585] [INFO] [30072] Missing PRE-PREPARE for REQUEST 1741667081917; ignoring PREPARE
[2025-03-11 13:24:45,591] [INFO] [30072] Received COMMIT: id:1741667081917, from:30085, delay:0.0000s, distance:163.67m (Euclidean)
[2025-03-11 13:24:45,644] [INFO] [30072] Received COMMIT: id:1741667081917, from:30001, delay:0.0001s, distance:170.76m (Euclidean)
[2025-03-11 13:24:45,644] [INFO] [30072] Received COMMIT: id:1741667081917, from:30052, delay:0.0000s, distance:149.94m (Euclidean)
[2025-03-11 13:24:45,677] [INFO] [30072] Received PREPARE: id:1741667081917, from:30089, delay:0.0002s, distance:292.95m (Euclidean)
[2025-03-11 13:24:45,679] [INFO] [30072] Missing PRE-PREPARE for REQUEST 1741667081917; ignoring PREPARE
[2025-03-11 13:24:45,679] [INFO] [30072] Received COMMIT: id:1741667081917, from:30089, delay:0.0002s, distance:292.95m (Euclidean)
[2025-03-11 13:24:45,822] [INFO] [30072] Received COMMIT: id:1741667081917, from:30037, delay:0.0000s, distance:200.54m (Euclidean)
[2025-03-11 13:24:45,890] [INFO] [30072] Received COMMIT: id:1741667081917, from:30084, delay:0.0001s, distance:158.96m (Euclidean)
[2025-03-11 13:24:45,913] [INFO] [30072] Received PREPARE: id:1741667081917, from:30039, delay:0.0001s, distance:214.02m (Euclidean)
[2025-03-11 13:24:45,913] [INFO] [30072] Missing PRE-PREPARE for REQUEST 1741667081917; ignoring PREPARE
[2025-03-11 13:24:45,944] [INFO] [30072] Received PREPARE: id:1741667081917, from:30061, delay:0.0002s, distance:289.99m (Euclidean)
[2025-03-11 13:24:45,944] [INFO] [30072] Missing PRE-PREPARE for REQUEST 1741667081917; ignoring PREPARE
[2025-03-11 13:24:45,990] [INFO] [30072] Received COMMIT: id:1741667081917, from:30061, delay:0.0002s, distance:289.99m (Euclidean)
[2025-03-11 13:24:46,125] [INFO] [30072] Received PREPARE: id:1741667081917, from:30042, delay:0.0000s, distance:185.72m (Euclidean)
[2025-03-11 13:24:46,125] [INFO] [30072] Missing PRE-PREPARE for REQUEST 1741667081917; ignoring PREPARE
[2025-03-11 13:24:46,136] [INFO] [30072] Received PREPARE: id:1741667081917, from:30011, delay:0.0000s, distance:177.45m (Euclidean)
[2025-03-11 13:24:46,136] [INFO] [30072] Missing PRE-PREPARE for REQUEST 1741667081917; ignoring PREPARE
[2025-03-11 13:24:46,136] [INFO] [30072] Received COMMIT: id:1741667081917, from:30011, delay:0.0000s, distance:177.45m (Euclidean)
[2025-03-11 13:24:46,195] [INFO] [30072] Received PREPARE: id:1741667081917, from:30056, delay:0.0001s, distance:189.39m (Euclidean)
[2025-03-11 13:24:46,195] [INFO] [30072] Missing PRE-PREPARE for REQUEST 1741667081917; ignoring PREPARE
[2025-03-11 13:24:46,203] [INFO] [30072] Received COMMIT: id:1741667081917, from:30056, delay:0.0001s, distance:189.39m (Euclidean)
[2025-03-11 13:24:46,268] [INFO] [30072] Received PREPARE: id:1741667081917, from:30190, delay:0.0001s, distance:240.76m (Euclidean)
[2025-03-11 13:24:46,268] [INFO] [30072] Missing PRE-PREPARE for REQUEST 1741667081917; ignoring PREPARE
[2025-03-11 13:24:46,268] [INFO] [30072] Received COMMIT: id:1741667081917, from:30190, delay:0.0001s, distance:240.76m (Euclidean)
[2025-03-11 13:24:46,296] [INFO] [30072] Received PREPARE: id:1741667081917, from:30066, delay:0.0000s, distance:173.56m (Euclidean)
[2025-03-11 13:24:46,296] [INFO] [30072] Missing PRE-PREPARE for REQUEST 1741667081917; ignoring PREPARE
[2025-03-11 13:24:46,592] [INFO] [30072] Received PREPARE: id:1741667081917, from:30043, delay:0.0001s, distance:291.07m (Euclidean)
[2025-03-11 13:24:46,592] [INFO] [30072] Missing PRE-PREPARE for REQUEST 1741667081917; ignoring PREPARE
[2025-03-11 13:24:46,592] [INFO] [30072] Received COMMIT: id:1741667081917, from:30043, delay:0.0001s, distance:291.07m (Euclidean)
[2025-03-11 13:24:46,669] [INFO] [30072] Received COMMIT: id:1741667081917, from:30047, delay:0.0000s, distance:146.07m (Euclidean)
[2025-03-11 13:24:46,743] [INFO] [30072] Received PREPARE: id:1741667081917, from:30094, delay:0.0000s, distance:143.49m (Euclidean)
[2025-03-11 13:24:46,743] [INFO] [30072] Missing PRE-PREPARE for REQUEST 1741667081917; ignoring PREPARE
[2025-03-11 13:24:46,774] [INFO] [30072] Received COMMIT: id:1741667081917, from:30042, delay:0.0000s, distance:185.72m (Euclidean)
[2025-03-11 13:24:46,802] [INFO] [30072] Received COMMIT: id:1741667081917, from:30073, delay:0.0000s, distance:69.27m (Euclidean)
[2025-03-11 13:24:46,844] [INFO] [30072] Received COMMIT: id:1741667081917, from:30039, delay:0.0001s, distance:214.02m (Euclidean)
[2025-03-11 13:24:46,931] [INFO] [30072] Received COMMIT: id:1741667081917, from:30093, delay:0.0001s, distance:241.56m (Euclidean)
[2025-03-11 13:24:47,162] [INFO] [30072] Received PREPARE: id:1741667081917, from:30033, delay:0.0002s, distance:270.90m (Euclidean)
[2025-03-11 13:24:47,162] [INFO] [30072] Missing PRE-PREPARE for REQUEST 1741667081917; ignoring PREPARE
[2025-03-11 13:24:47,162] [INFO] [30072] Received COMMIT: id:1741667081917, from:30033, delay:0.0002s, distance:270.90m (Euclidean)
[2025-03-11 13:24:47,270] [INFO] [30072] Received COMMIT: id:1741667081917, from:30025, delay:0.0001s, distance:194.49m (Euclidean)
[2025-03-11 13:24:47,415] [INFO] [30072] Received COMMIT: id:1741667081917, from:30098, delay:0.0000s, distance:139.50m (Euclidean)
[2025-03-11 13:24:47,503] [INFO] [30072] Received COMMIT: id:1741667081917, from:30048, delay:0.0001s, distance:254.21m (Euclidean)
[2025-03-11 13:24:47,504] [INFO] [30072] Received PREPARE: id:1741667081917, from:30102, delay:0.0001s, distance:225.99m (Euclidean)
[2025-03-11 13:24:47,504] [INFO] [30072] Missing PRE-PREPARE for REQUEST 1741667081917; ignoring PREPARE
[2025-03-11 13:24:47,504] [INFO] [30072] Received COMMIT: id:1741667081917, from:30102, delay:0.0001s, distance:225.99m (Euclidean)
[2025-03-11 13:24:47,562] [INFO] [30072] Received PREPARE: id:1741667081917, from:30090, delay:0.0001s, distance:223.96m (Euclidean)
[2025-03-11 13:24:47,562] [INFO] [30072] Missing PRE-PREPARE for REQUEST 1741667081917; ignoring PREPARE
[2025-03-11 13:24:47,562] [INFO] [30072] Received COMMIT: id:1741667081917, from:30090, delay:0.0001s, distance:223.96m (Euclidean)
[2025-03-11 13:24:47,756] [INFO] [30072] Received COMMIT: id:1741667081917, from:30096, delay:0.0000s, distance:139.44m (Euclidean)
[2025-03-11 13:24:47,901] [INFO] [30072] Received COMMIT: id:1741667081917, from:30091, delay:0.0001s, distance:183.04m (Euclidean)
[2025-03-11 13:24:48,329] [INFO] [30072] Received COMMIT: id:1741667081917, from:30078, delay:0.0000s, distance:104.64m (Euclidean)
[2025-03-11 13:24:48,507] [INFO] [30072] Received PREPARE: id:1741667081917, from:30082, delay:0.0002s, distance:250.59m (Euclidean)
[2025-03-11 13:24:48,507] [INFO] [30072] Missing PRE-PREPARE for REQUEST 1741667081917; ignoring PREPARE
[2025-03-11 13:24:48,507] [INFO] [30072] Received COMMIT: id:1741667081917, from:30082, delay:0.0002s, distance:250.59m (Euclidean)
[2025-03-11 13:24:48,616] [INFO] [30072] Received COMMIT: id:1741667081917, from:30057, delay:0.0001s, distance:243.94m (Euclidean)
[2025-03-11 13:24:48,723] [INFO] [30072] Received PREPARE: id:1741667081917, from:30044, delay:0.0002s, distance:265.83m (Euclidean)
[2025-03-11 13:24:48,723] [INFO] [30072] Missing PRE-PREPARE for REQUEST 1741667081917; ignoring PREPARE
[2025-03-11 13:24:48,731] [INFO] [30072] Received COMMIT: id:1741667081917, from:30044, delay:0.0002s, distance:265.83m (Euclidean)
[2025-03-11 13:24:48,745] [INFO] [30072] Received PREPARE: id:1741667081917, from:30038, delay:0.0002s, distance:296.14m (Euclidean)
[2025-03-11 13:24:48,745] [INFO] [30072] Missing PRE-PREPARE for REQUEST 1741667081917; ignoring PREPARE
[2025-03-11 13:24:48,745] [INFO] [30072] Received COMMIT: id:1741667081917, from:30038, delay:0.0002s, distance:296.14m (Euclidean)
[2025-03-11 13:24:48,957] [INFO] [30072] Received PREPARE: id:1741667081917, from:30053, delay:0.0001s, distance:280.95m (Euclidean)
[2025-03-11 13:24:48,957] [INFO] [30072] Missing PRE-PREPARE for REQUEST 1741667081917; ignoring PREPARE
[2025-03-11 13:24:48,958] [INFO] [30072] Received COMMIT: id:1741667081917, from:30053, delay:0.0001s, distance:280.95m (Euclidean)
[2025-03-11 13:24:49,106] [INFO] [30072] Received PREPARE: id:1741667081917, from:30022, delay:0.0002s, distance:264.65m (Euclidean)
[2025-03-11 13:24:49,108] [INFO] [30072] Missing PRE-PREPARE for REQUEST 1741667081917; ignoring PREPARE
[2025-03-11 13:24:49,108] [INFO] [30072] Received COMMIT: id:1741667081917, from:30022, delay:0.0002s, distance:264.65m (Euclidean)
[2025-03-11 13:24:49,360] [INFO] [30072] Received PREPARE: id:1741667081917, from:30034, delay:0.0001s, distance:263.84m (Euclidean)
[2025-03-11 13:24:49,360] [INFO] [30072] Missing PRE-PREPARE for REQUEST 1741667081917; ignoring PREPARE
[2025-03-11 13:24:49,360] [INFO] [30072] Received COMMIT: id:1741667081917, from:30034, delay:0.0001s, distance:263.84m (Euclidean)
[2025-03-11 13:24:49,450] [INFO] [30072] Received PREPARE: id:1741667081917, from:30068, delay:0.0002s, distance:284.91m (Euclidean)
[2025-03-11 13:24:49,450] [INFO] [30072] Missing PRE-PREPARE for REQUEST 1741667081917; ignoring PREPARE
[2025-03-11 13:24:49,450] [INFO] [30072] Received COMMIT: id:1741667081917, from:30068, delay:0.0002s, distance:284.91m (Euclidean)
[2025-03-11 13:24:49,671] [INFO] [30072] Received COMMIT: id:1741667081917, from:30094, delay:0.0000s, distance:143.49m (Euclidean)
[2025-03-11 13:24:49,677] [INFO] [30072] Received PREPARE: id:1741667081917, from:30103, delay:0.0001s, distance:255.61m (Euclidean)
[2025-03-11 13:24:49,677] [INFO] [30072] Missing PRE-PREPARE for REQUEST 1741667081917; ignoring PREPARE
[2025-03-11 13:24:49,677] [INFO] [30072] Received COMMIT: id:1741667081917, from:30103, delay:0.0001s, distance:255.61m (Euclidean)
[2025-03-11 13:24:50,422] [INFO] [30072] Received PREPARE: id:1741667081917, from:30041, delay:0.0001s, distance:292.56m (Euclidean)
[2025-03-11 13:24:50,422] [INFO] [30072] Missing PRE-PREPARE for REQUEST 1741667081917; ignoring PREPARE
[2025-03-11 13:24:50,428] [INFO] [30072] Received COMMIT: id:1741667081917, from:30041, delay:0.0001s, distance:292.56m (Euclidean)
[2025-03-11 13:24:51,076] [INFO] [30072] Received PREPARE: id:1741667081917, from:30049, delay:0.0001s, distance:290.75m (Euclidean)
[2025-03-11 13:24:51,076] [INFO] [30072] Missing PRE-PREPARE for REQUEST 1741667081917; ignoring PREPARE
[2025-03-11 13:24:51,076] [INFO] [30072] Received COMMIT: id:1741667081917, from:30049, delay:0.0001s, distance:290.75m (Euclidean)
[2025-03-11 13:24:51,119] [INFO] [30072] Received PREPARE: id:1741667081917, from:30161, delay:0.0001s, distance:254.83m (Euclidean)
[2025-03-11 13:24:51,119] [INFO] [30072] Missing PRE-PREPARE for REQUEST 1741667081917; ignoring PREPARE
[2025-03-11 13:24:51,119] [INFO] [30072] Received COMMIT: id:1741667081917, from:30161, delay:0.0001s, distance:254.83m (Euclidean)
[2025-03-11 13:24:51,182] [INFO] [30072] Received COMMIT: id:1741667081917, from:30066, delay:0.0000s, distance:173.56m (Euclidean)
[2025-03-11 13:24:51,234] [INFO] [30072] Received PREPARE: id:1741667081917, from:30007, delay:0.0001s, distance:274.59m (Euclidean)
[2025-03-11 13:24:51,234] [INFO] [30072] Missing PRE-PREPARE for REQUEST 1741667081917; ignoring PREPARE
[2025-03-11 13:24:51,236] [INFO] [30072] Received COMMIT: id:1741667081917, from:30007, delay:0.0001s, distance:274.59m (Euclidean)
[2025-03-11 13:24:51,278] [INFO] [30072] Received PREPARE: id:1741667081917, from:30063, delay:0.0001s, distance:197.97m (Euclidean)
[2025-03-11 13:24:51,278] [INFO] [30072] Missing PRE-PREPARE for REQUEST 1741667081917; ignoring PREPARE
[2025-03-11 13:24:51,282] [INFO] [30072] Received COMMIT: id:1741667081917, from:30063, delay:0.0001s, distance:197.97m (Euclidean)
[2025-03-11 13:24:51,445] [INFO] [30072] Received PREPARE: id:1741667081917, from:30021, delay:0.0001s, distance:215.94m (Euclidean)
[2025-03-11 13:24:51,445] [INFO] [30072] Missing PRE-PREPARE for REQUEST 1741667081917; ignoring PREPARE
[2025-03-11 13:24:51,445] [INFO] [30072] Received COMMIT: id:1741667081917, from:30021, delay:0.0001s, distance:215.94m (Euclidean)
[2025-03-11 13:24:53,097] [INFO] [30072] Received PREPARE: id:1741667081917, from:30152, delay:0.0001s, distance:176.72m (Euclidean)
[2025-03-11 13:24:53,097] [INFO] [30072] Missing PRE-PREPARE for REQUEST 1741667081917; ignoring PREPARE
[2025-03-11 13:24:53,104] [INFO] [30072] Received PREPARE: id:1741667081917, from:30185, delay:0.0000s, distance:249.52m (Euclidean)
[2025-03-11 13:24:53,104] [INFO] [30072] Missing PRE-PREPARE for REQUEST 1741667081917; ignoring PREPARE
[2025-03-11 13:24:53,257] [INFO] [30072] Received PREPARE: id:1741667081917, from:30183, delay:0.0000s, distance:149.04m (Euclidean)
[2025-03-11 13:24:53,257] [INFO] [30072] Missing PRE-PREPARE for REQUEST 1741667081917; ignoring PREPARE
[2025-03-11 13:24:53,354] [INFO] [30072] Received PREPARE: id:1741667081917, from:30133, delay:0.0002s, distance:285.13m (Euclidean)
[2025-03-11 13:24:53,354] [INFO] [30072] Missing PRE-PREPARE for REQUEST 1741667081917; ignoring PREPARE
[2025-03-11 13:24:53,354] [INFO] [30072] Received COMMIT: id:1741667081917, from:30133, delay:0.0002s, distance:285.13m (Euclidean)
[2025-03-11 13:24:53,361] [INFO] [30072] Received COMMIT: id:1741667081917, from:30183, delay:0.0000s, distance:149.04m (Euclidean)
[2025-03-11 13:24:53,482] [INFO] [30072] Received PREPARE: id:1741667081917, from:30145, delay:0.0000s, distance:65.35m (Euclidean)
[2025-03-11 13:24:53,482] [INFO] [30072] Missing PRE-PREPARE for REQUEST 1741667081917; ignoring PREPARE
[2025-03-11 13:24:53,482] [INFO] [30072] Received COMMIT: id:1741667081917, from:30145, delay:0.0000s, distance:65.35m (Euclidean)
[2025-03-11 13:24:53,761] [INFO] [30072] Received PREPARE: id:1741667081917, from:30114, delay:0.0001s, distance:230.88m (Euclidean)
[2025-03-11 13:24:53,761] [INFO] [30072] Missing PRE-PREPARE for REQUEST 1741667081917; ignoring PREPARE
[2025-03-11 13:24:54,061] [INFO] [30072] Received PREPARE: id:1741667081917, from:30164, delay:0.0001s, distance:160.28m (Euclidean)
[2025-03-11 13:24:54,061] [INFO] [30072] Missing PRE-PREPARE for REQUEST 1741667081917; ignoring PREPARE
[2025-03-11 13:24:54,069] [INFO] [30072] Received PREPARE: id:1741667081917, from:30116, delay:0.0000s, distance:160.34m (Euclidean)
[2025-03-11 13:24:54,069] [INFO] [30072] Missing PRE-PREPARE for REQUEST 1741667081917; ignoring PREPARE
[2025-03-11 13:24:54,176] [INFO] [30072] Received PREPARE: id:1741667081917, from:30121, delay:0.0001s, distance:170.85m (Euclidean)
[2025-03-11 13:24:54,176] [INFO] [30072] Missing PRE-PREPARE for REQUEST 1741667081917; ignoring PREPARE
[2025-03-11 13:24:54,176] [INFO] [30072] Received COMMIT: id:1741667081917, from:30121, delay:0.0001s, distance:170.85m (Euclidean)
[2025-03-11 13:24:54,191] [INFO] [30072] Received PREPARE: id:1741667081917, from:30109, delay:0.0001s, distance:223.14m (Euclidean)
[2025-03-11 13:24:54,191] [INFO] [30072] Missing PRE-PREPARE for REQUEST 1741667081917; ignoring PREPARE
[2025-03-11 13:24:54,244] [INFO] [30072] Received PREPARE: id:1741667081917, from:30188, delay:0.0001s, distance:169.80m (Euclidean)
[2025-03-11 13:24:54,244] [INFO] [30072] Missing PRE-PREPARE for REQUEST 1741667081917; ignoring PREPARE
[2025-03-11 13:24:54,267] [INFO] [30072] Received PRE-PREPARE: id:1741667081917, from:Leader(30000), delay:0.0001s, distance:273.04m (Euclidean)
[2025-03-11 13:24:54,267] [INFO] [30072] Broadcasting PREPARE for REQUEST 1741667081917
[2025-03-11 13:24:54,277] [INFO] [30072] Not broadcasting to fault node: 30077
[2025-03-11 13:24:54,292] [INFO] [30072] Not broadcasting to fault node: 30184
[2025-03-11 13:24:54,327] [INFO] [30072] Received COMMIT: id:1741667081917, from:30000, delay:0.0001s, distance:273.04m (Euclidean)
[2025-03-11 13:24:54,376] [INFO] [30072] Received PREPARE: id:1741667081917, from:30110, delay:0.0000s, distance:170.17m (Euclidean)
[2025-03-11 13:24:54,376] [INFO] [30072] Broadcasting COMMIT for REQUEST 1741667081917
[2025-03-11 13:24:54,386] [INFO] [30072] Not broadcasting to fault node: 30077
[2025-03-11 13:24:54,398] [INFO] [30072] Not broadcasting to fault node: 30184
[2025-03-11 13:24:54,398] [INFO] [30072] Received COMMIT: id:1741667081917, from:30110, delay:0.0000s, distance:170.17m (Euclidean)
[2025-03-11 13:24:54,584] [INFO] [30072] Received COMMIT: id:1741667081917, from:30188, delay:0.0001s, distance:169.80m (Euclidean)
[2025-03-11 13:24:54,584] [INFO] [30072] Received PREPARE: id:1741667081917, from:30131, delay:0.0000s, distance:109.51m (Euclidean)
[2025-03-11 13:24:54,596] [INFO] [30072] Received COMMIT: id:1741667081917, from:30152, delay:0.0001s, distance:176.72m (Euclidean)
[2025-03-11 13:24:55,122] [INFO] [30072] Received PREPARE: id:1741667081917, from:30192, delay:0.0002s, distance:267.44m (Euclidean)
[2025-03-11 13:24:55,122] [INFO] [30072] Received COMMIT: id:1741667081917, from:30192, delay:0.0002s, distance:267.44m (Euclidean)
[2025-03-11 13:24:55,191] [INFO] [30072] Received PREPARE: id:1741667081917, from:30122, delay:0.0001s, distance:206.81m (Euclidean)
[2025-03-11 13:24:55,191] [INFO] [30072] Received COMMIT: id:1741667081917, from:30122, delay:0.0001s, distance:206.81m (Euclidean)
[2025-03-11 13:24:55,216] [INFO] [30072] Received COMMIT: id:1741667081917, from:30131, delay:0.0000s, distance:109.51m (Euclidean)
[2025-03-11 13:24:55,324] [INFO] [30072] Received COMMIT: id:1741667081917, from:30109, delay:0.0001s, distance:223.14m (Euclidean)
[2025-03-11 13:24:55,403] [INFO] [30072] Received PREPARE: id:1741667081917, from:30193, delay:0.0001s, distance:210.28m (Euclidean)
[2025-03-11 13:24:55,415] [INFO] [30072] Received PREPARE: id:1741667081917, from:30158, delay:0.0001s, distance:204.99m (Euclidean)
[2025-03-11 13:24:55,415] [INFO] [30072] Received COMMIT: id:1741667081917, from:30158, delay:0.0001s, distance:204.99m (Euclidean)
[2025-03-11 13:24:55,455] [INFO] [30072] Received PREPARE: id:1741667081917, from:30129, delay:0.0001s, distance:263.34m (Euclidean)
[2025-03-11 13:24:55,506] [INFO] [30072] Received COMMIT: id:1741667081917, from:30116, delay:0.0000s, distance:160.34m (Euclidean)
[2025-03-11 13:24:55,600] [INFO] [30072] Received COMMIT: id:1741667081917, from:30185, delay:0.0000s, distance:249.52m (Euclidean)
[2025-03-11 13:24:55,655] [INFO] [30072] Received PREPARE: id:1741667081917, from:30172, delay:0.0000s, distance:83.02m (Euclidean)
[2025-03-11 13:24:55,891] [INFO] [30072] Received PREPARE: id:1741667081917, from:30196, delay:0.0001s, distance:205.42m (Euclidean)
[2025-03-11 13:24:55,891] [INFO] [30072] Received PREPARE: id:1741667081917, from:30146, delay:0.0001s, distance:198.43m (Euclidean)
[2025-03-11 13:24:55,891] [INFO] [30072] Received COMMIT: id:1741667081917, from:30196, delay:0.0001s, distance:205.42m (Euclidean)
[2025-03-11 13:24:55,995] [INFO] [30072] Received PREPARE: id:1741667081917, from:30187, delay:0.0001s, distance:224.89m (Euclidean)
[2025-03-11 13:24:56,014] [INFO] [30072] Received COMMIT: id:1741667081917, from:30187, delay:0.0001s, distance:224.89m (Euclidean)
[2025-03-11 13:24:56,014] [INFO] [30072] Received COMMIT: id:1741667081917, from:30114, delay:0.0001s, distance:230.88m (Euclidean)
[2025-03-11 13:24:56,108] [INFO] [30072] Received PREPARE: id:1741667081917, from:30118, delay:0.0001s, distance:211.35m (Euclidean)
[2025-03-11 13:24:56,371] [INFO] [30072] Received PREPARE: id:1741667081917, from:30032, delay:0.0001s, distance:199.78m (Euclidean)
[2025-03-11 13:24:56,507] [INFO] [30072] Received COMMIT: id:1741667081917, from:30164, delay:0.0001s, distance:160.28m (Euclidean)
[2025-03-11 13:24:56,656] [INFO] [30072] Received PREPARE: id:1741667081917, from:30126, delay:0.0000s, distance:130.98m (Euclidean)
[2025-03-11 13:24:56,727] [INFO] [30072] Received PREPARE: id:1741667081917, from:30150, delay:0.0000s, distance:196.70m (Euclidean)
[2025-03-11 13:24:56,727] [INFO] [30072] Received COMMIT: id:1741667081917, from:30150, delay:0.0000s, distance:196.70m (Euclidean)
[2025-03-11 13:24:56,962] [INFO] [30072] Received PREPARE: id:1741667081917, from:30127, delay:0.0002s, distance:271.54m (Euclidean)
[2025-03-11 13:24:56,964] [INFO] [30072] Received COMMIT: id:1741667081917, from:30127, delay:0.0002s, distance:271.54m (Euclidean)
[2025-03-11 13:24:57,111] [INFO] [30072] Received COMMIT: id:1741667081917, from:30129, delay:0.0001s, distance:263.34m (Euclidean)
[2025-03-11 13:24:57,437] [INFO] [30072] Received PREPARE: id:1741667081917, from:30148, delay:0.0001s, distance:219.25m (Euclidean)
[2025-03-11 13:24:57,574] [INFO] [30072] Received PREPARE: id:1741667081917, from:30067, delay:0.0001s, distance:204.25m (Euclidean)
[2025-03-11 13:24:57,600] [INFO] [30072] Received PREPARE: id:1741667081917, from:30173, delay:0.0001s, distance:221.79m (Euclidean)
[2025-03-11 13:24:57,604] [INFO] [30072] Received PREPARE: id:1741667081917, from:30163, delay:0.0002s, distance:275.42m (Euclidean)
[2025-03-11 13:24:57,604] [INFO] [30072] Received COMMIT: id:1741667081917, from:30163, delay:0.0002s, distance:275.42m (Euclidean)
[2025-03-11 13:24:57,671] [INFO] [30072] Received COMMIT: id:1741667081917, from:30067, delay:0.0001s, distance:204.25m (Euclidean)
[2025-03-11 13:24:57,976] [INFO] [30072] Received COMMIT: id:1741667081917, from:30146, delay:0.0001s, distance:198.43m (Euclidean)
[2025-03-11 13:24:58,140] [INFO] [30072] Received PREPARE: id:1741667081917, from:30108, delay:0.0001s, distance:296.01m (Euclidean)
[2025-03-11 13:24:58,142] [INFO] [30072] Received COMMIT: id:1741667081917, from:30108, delay:0.0001s, distance:296.01m (Euclidean)
[2025-03-11 13:24:58,502] [INFO] [30072] Received COMMIT: id:1741667081917, from:30148, delay:0.0001s, distance:219.25m (Euclidean)
[2025-03-11 13:24:58,578] [INFO] [30072] Received COMMIT: id:1741667081917, from:30032, delay:0.0001s, distance:199.78m (Euclidean)
[2025-03-11 13:24:58,716] [INFO] [30072] Received COMMIT: id:1741667081917, from:30154, delay:0.0001s, distance:284.71m (Euclidean)
[2025-03-11 13:24:58,716] [INFO] [30072] Received PREPARE: id:1741667081917, from:30154, delay:0.0001s, distance:284.71m (Euclidean)
[2025-03-11 13:24:58,735] [INFO] [30072] Received COMMIT: id:1741667081917, from:30126, delay:0.0000s, distance:130.98m (Euclidean)
[2025-03-11 13:24:59,004] [INFO] [30072] Received PREPARE: id:1741667081917, from:30139, delay:0.0001s, distance:202.30m (Euclidean)
[2025-03-11 13:24:59,093] [INFO] [30072] Received PREPARE: id:1741667081917, from:30138, delay:0.0000s, distance:149.33m (Euclidean)
[2025-03-11 13:24:59,187] [INFO] [30072] Received PREPARE: id:1741667081917, from:30113, delay:0.0001s, distance:277.46m (Euclidean)
[2025-03-11 13:24:59,187] [INFO] [30072] Received COMMIT: id:1741667081917, from:30113, delay:0.0001s, distance:277.46m (Euclidean)
[2025-03-11 13:24:59,207] [INFO] [30072] Received PREPARE: id:1741667081917, from:30186, delay:0.0001s, distance:287.19m (Euclidean)
[2025-03-11 13:24:59,244] [INFO] [30072] Received COMMIT: id:1741667081917, from:30193, delay:0.0001s, distance:210.28m (Euclidean)
[2025-03-11 13:24:59,456] [INFO] [30072] Received PREPARE: id:1741667081917, from:30140, delay:0.0001s, distance:237.77m (Euclidean)
[2025-03-11 13:24:59,569] [INFO] [30072] Received COMMIT: id:1741667081917, from:30186, delay:0.0001s, distance:287.19m (Euclidean)
[2025-03-11 13:24:59,990] [INFO] [30072] Received COMMIT: id:1741667081917, from:30128, delay:0.0002s, distance:275.00m (Euclidean)
[2025-03-11 13:24:59,990] [INFO] [30072] Received PREPARE: id:1741667081917, from:30128, delay:0.0002s, distance:275.00m (Euclidean)
[2025-03-11 13:25:00,486] [INFO] [30072] Received COMMIT: id:1741667081917, from:30138, delay:0.0000s, distance:149.33m (Euclidean)
[2025-03-11 13:25:00,517] [INFO] [30072] Received COMMIT: id:1741667081917, from:30173, delay:0.0001s, distance:221.79m (Euclidean)
[2025-03-11 13:25:00,571] [INFO] [30072] Received COMMIT: id:1741667081917, from:30118, delay:0.0001s, distance:211.35m (Euclidean)
[2025-03-11 13:25:01,357] [INFO] [30072] Received PREPARE: id:1741667081917, from:30142, delay:0.0001s, distance:180.64m (Euclidean)
[2025-03-11 13:25:01,357] [INFO] [30072] Received COMMIT: id:1741667081917, from:30142, delay:0.0001s, distance:180.64m (Euclidean)
[2025-03-11 13:25:01,454] [INFO] [30072] Received PREPARE: id:1741667081917, from:30111, delay:0.0001s, distance:202.00m (Euclidean)
[2025-03-11 13:25:01,456] [INFO] [30072] Received COMMIT: id:1741667081917, from:30111, delay:0.0001s, distance:202.00m (Euclidean)
[2025-03-11 13:25:01,717] [INFO] [30072] Received PREPARE: id:1741667081917, from:30132, delay:0.0002s, distance:265.19m (Euclidean)
[2025-03-11 13:25:01,717] [INFO] [30072] Received COMMIT: id:1741667081917, from:30132, delay:0.0002s, distance:265.19m (Euclidean)
[2025-03-11 13:25:01,832] [INFO] [30072] Received PREPARE: id:1741667081917, from:30106, delay:0.0002s, distance:281.52m (Euclidean)
[2025-03-11 13:25:01,834] [INFO] [30072] Received COMMIT: id:1741667081917, from:30106, delay:0.0002s, distance:281.52m (Euclidean)
[2025-03-11 13:25:01,949] [INFO] [30072] Received COMMIT: id:1741667081917, from:30172, delay:0.0000s, distance:83.02m (Euclidean)
[2025-03-11 13:25:02,521] [INFO] [30072] Received PREPARE: id:1741667081917, from:30176, delay:0.0001s, distance:296.18m (Euclidean)
[2025-03-11 13:25:02,530] [INFO] [30072] Received COMMIT: id:1741667081917, from:30176, delay:0.0001s, distance:296.18m (Euclidean)
[2025-03-11 13:25:02,953] [INFO] [30072] Received PREPARE: id:1741667081917, from:30151, delay:0.0000s, distance:157.90m (Euclidean)
[2025-03-11 13:25:02,953] [INFO] [30072] Received PREPARE: id:1741667081917, from:30143, delay:0.0001s, distance:232.61m (Euclidean)
[2025-03-11 13:25:02,955] [INFO] [30072] Received COMMIT: id:1741667081917, from:30151, delay:0.0000s, distance:157.90m (Euclidean)
[2025-03-11 13:25:02,955] [INFO] [30072] Received COMMIT: id:1741667081917, from:30143, delay:0.0001s, distance:232.61m (Euclidean)
[2025-03-11 13:25:03,248] [INFO] [30072] Received COMMIT: id:1741667081917, from:30140, delay:0.0001s, distance:237.77m (Euclidean)
[2025-03-11 13:25:03,508] [INFO] [30072] Received COMMIT: id:1741667081917, from:30139, delay:0.0001s, distance:202.30m (Euclidean)
[2025-03-11 13:25:03,685] [INFO] [30072] Received PREPARE: id:1741667081917, from:30157, delay:0.0002s, distance:295.35m (Euclidean)
[2025-03-11 13:25:03,700] [INFO] [30072] Received COMMIT: id:1741667081917, from:30157, delay:0.0002s, distance:295.35m (Euclidean)
[2025-03-11 13:25:04,115] [INFO] [30072] Received PREPARE: id:1741667081917, from:30130, delay:0.0002s, distance:292.74m (Euclidean)
[2025-03-11 13:25:04,115] [INFO] [30072] Received COMMIT: id:1741667081917, from:30130, delay:0.0002s, distance:292.74m (Euclidean)
[2025-03-11 13:25:04,173] [INFO] [30072] Received PREPARE: id:1741667081917, from:30125, delay:0.0002s, distance:265.81m (Euclidean)
[2025-03-11 13:25:04,173] [INFO] [30072] Received COMMIT: id:1741667081917, from:30125, delay:0.0002s, distance:265.81m (Euclidean)
[2025-03-11 13:25:04,367] [INFO] [30072] Received PREPARE: id:1741667081917, from:30124, delay:0.0001s, distance:162.59m (Euclidean)
[2025-03-11 13:25:04,369] [INFO] [30072] Received COMMIT: id:1741667081917, from:30124, delay:0.0001s, distance:162.59m (Euclidean)
[2025-03-11 13:25:05,218] [INFO] [30072] Received PREPARE: id:1741667081917, from:30171, delay:0.0002s, distance:293.31m (Euclidean)
[2025-03-11 13:25:05,221] [INFO] [30072] Received COMMIT: id:1741667081917, from:30171, delay:0.0002s, distance:293.31m (Euclidean)
[2025-03-11 13:25:05,350] [INFO] [30072] Received PREPARE: id:1741667081917, from:30135, delay:0.0001s, distance:163.41m (Euclidean)
[2025-03-11 13:25:05,352] [INFO] [30072] Received COMMIT: id:1741667081917, from:30135, delay:0.0001s, distance:163.41m (Euclidean)
[2025-03-11 13:25:05,708] [INFO] [30072] Received PREPARE: id:1741667081917, from:30036, delay:0.0002s, distance:278.19m (Euclidean)
[2025-03-11 13:25:05,708] [INFO] [30072] Received COMMIT: id:1741667081917, from:30036, delay:0.0002s, distance:278.19m (Euclidean)
[2025-03-11 13:25:05,829] [INFO] [30072] Received PREPARE: id:1741667081917, from:30170, delay:0.0000s, distance:158.71m (Euclidean)
[2025-03-11 13:25:05,829] [INFO] [30072] Received COMMIT: id:1741667081917, from:30170, delay:0.0000s, distance:158.71m (Euclidean)
[2025-03-11 13:25:05,932] [INFO] [30072] Received PREPARE: id:1741667081917, from:30147, delay:0.0001s, distance:245.24m (Euclidean)
[2025-03-11 13:25:05,932] [INFO] [30072] Received COMMIT: id:1741667081917, from:30147, delay:0.0001s, distance:245.24m (Euclidean)
[2025-03-11 13:25:07,554] [INFO] [30072] Received PREPARE: id:1741667081917, from:30166, delay:0.0001s, distance:177.80m (Euclidean)
[2025-03-11 13:25:07,554] [INFO] [30072] Received COMMIT: id:1741667081917, from:30166, delay:0.0001s, distance:177.80m (Euclidean)
[2025-03-11 13:25:07,594] [INFO] [30072] Received PREPARE: id:1741667081917, from:30156, delay:0.0002s, distance:284.44m (Euclidean)
[2025-03-11 13:25:08,099] [INFO] [30072] Received PREPARE: id:1741667081917, from:30162, delay:0.0001s, distance:160.42m (Euclidean)
[2025-03-11 13:25:08,433] [INFO] [30072] Received COMMIT: id:1741667081917, from:30162, delay:0.0001s, distance:160.42m (Euclidean)
[2025-03-11 13:25:08,482] [INFO] [30072] Received COMMIT: id:1741667081917, from:30156, delay:0.0002s, distance:284.44m (Euclidean)
[2025-03-11 13:25:08,879] [INFO] [30072] Received PREPARE: id:1741667081917, from:30112, delay:0.0001s, distance:234.58m (Euclidean)
[2025-03-11 13:25:09,395] [INFO] [30072] Received COMMIT: id:1741667081917, from:30112, delay:0.0001s, distance:234.58m (Euclidean)
[2025-03-11 13:27:07,580] [INFO] Starting node at localhost:30072 | index= 73 | f=1, k=4 | Role: Replica
[2025-03-11 13:27:34,140] [INFO] [30072] Received PRE-PREPARE: id:1741667253959, from:Leader(30000), delay:0.0001s, distance:273.04m (Euclidean)
[2025-03-11 13:27:34,140] [INFO] [30072] Broadcasting PREPARE for REQUEST 1741667253959
[2025-03-11 13:27:34,150] [INFO] [30072] Not broadcasting to fault node: 30077
[2025-03-11 13:27:34,236] [INFO] [30072] Not broadcasting to fault node: 30184
[2025-03-11 13:27:34,993] [INFO] [30072] Received PREPARE: id:1741667253959, from:30029, delay:0.0000s, distance:249.60m (Euclidean)
[2025-03-11 13:27:35,127] [INFO] [30072] Received PREPARE: id:1741667253959, from:30078, delay:0.0000s, distance:104.64m (Euclidean)
[2025-03-11 13:27:35,127] [INFO] [30072] Broadcasting COMMIT for REQUEST 1741667253959
[2025-03-11 13:27:35,139] [INFO] [30072] Not broadcasting to fault node: 30077
[2025-03-11 13:27:35,154] [INFO] [30072] Not broadcasting to fault node: 30184
[2025-03-11 13:27:35,413] [INFO] [30072] Received PREPARE: id:1741667253959, from:30059, delay:0.0000s, distance:145.50m (Euclidean)
[2025-03-11 13:27:35,413] [INFO] [30072] Received PREPARE: id:1741667253959, from:30075, delay:0.0000s, distance:111.87m (Euclidean)
[2025-03-11 13:27:35,413] [INFO] [30072] Received PREPARE: id:1741667253959, from:30095, delay:0.0000s, distance:133.95m (Euclidean)
[2025-03-11 13:27:35,413] [INFO] [30072] Received PREPARE: id:1741667253959, from:30169, delay:0.0001s, distance:176.07m (Euclidean)
[2025-03-11 13:27:35,435] [INFO] [30072] Received COMMIT: id:1741667253959, from:30078, delay:0.0000s, distance:104.64m (Euclidean)
[2025-03-11 13:27:35,461] [INFO] [30072] Received PREPARE: id:1741667253959, from:30080, delay:0.0002s, distance:270.60m (Euclidean)
[2025-03-11 13:27:35,461] [INFO] [30072] Received PREPARE: id:1741667253959, from:30084, delay:0.0001s, distance:158.96m (Euclidean)
[2025-03-11 13:27:35,461] [INFO] [30072] Received PREPARE: id:1741667253959, from:30012, delay:0.0000s, distance:46.42m (Euclidean)
[2025-03-11 13:27:35,492] [INFO] [30072] Received PREPARE: id:1741667253959, from:30037, delay:0.0000s, distance:200.54m (Euclidean)
[2025-03-11 13:27:35,573] [INFO] [30072] Received COMMIT: id:1741667253959, from:30012, delay:0.0000s, distance:46.42m (Euclidean)
[2025-03-11 13:27:35,573] [INFO] [LEADER 30072] Sending REPLY for REQUEST 1741667253959 to CLIENT
[2025-03-11 13:27:35,606] [INFO] [30072] Received PREPARE: id:1741667253959, from:30073, delay:0.0000s, distance:69.27m (Euclidean)
[2025-03-11 13:27:35,621] [INFO] [30072] Received COMMIT: id:1741667253959, from:30073, delay:0.0000s, distance:69.27m (Euclidean)
[2025-03-11 13:27:35,654] [INFO] [30072] Received PREPARE: id:1741667253959, from:30161, delay:0.0001s, distance:254.83m (Euclidean)
[2025-03-11 13:27:35,654] [INFO] [30072] Received PREPARE: id:1741667253959, from:30157, delay:0.0002s, distance:295.35m (Euclidean)
[2025-03-11 13:27:35,709] [INFO] [30072] Received PREPARE: id:1741667253959, from:30092, delay:0.0002s, distance:258.98m (Euclidean)
[2025-03-11 13:27:35,736] [INFO] [30072] Received COMMIT: id:1741667253959, from:30157, delay:0.0002s, distance:295.35m (Euclidean)
[2025-03-11 13:27:35,736] [INFO] [30072] Received PREPARE: id:1741667253959, from:30014, delay:0.0000s, distance:123.44m (Euclidean)
[2025-03-11 13:27:35,806] [INFO] [30072] Received PREPARE: id:1741667253959, from:30013, delay:0.0001s, distance:165.66m (Euclidean)
[2025-03-11 13:27:35,810] [INFO] [30072] Received PREPARE: id:1741667253959, from:30085, delay:0.0000s, distance:163.67m (Euclidean)
[2025-03-11 13:27:35,810] [INFO] [30072] Received COMMIT: id:1741667253959, from:30018, delay:0.0000s, distance:171.19m (Euclidean)
[2025-03-11 13:27:35,810] [INFO] [30072] Received PREPARE: id:1741667253959, from:30018, delay:0.0000s, distance:171.19m (Euclidean)
[2025-03-11 13:27:35,839] [INFO] [30072] Received COMMIT: id:1741667253959, from:30080, delay:0.0002s, distance:270.60m (Euclidean)
[2025-03-11 13:27:35,863] [INFO] [30072] Received COMMIT: id:1741667253959, from:30088, delay:0.0000s, distance:88.65m (Euclidean)
[2025-03-11 13:27:35,863] [INFO] [30072] Received PREPARE: id:1741667253959, from:30088, delay:0.0000s, distance:88.65m (Euclidean)
[2025-03-11 13:27:36,021] [INFO] [30072] Received COMMIT: id:1741667253959, from:30014, delay:0.0000s, distance:123.44m (Euclidean)
[2025-03-11 13:27:36,029] [INFO] [30072] Received COMMIT: id:1741667253959, from:30085, delay:0.0000s, distance:163.67m (Euclidean)
[2025-03-11 13:27:36,060] [INFO] [30072] Received PREPARE: id:1741667253959, from:30058, delay:0.0002s, distance:276.48m (Euclidean)
[2025-03-11 13:27:36,061] [INFO] [30072] Received PREPARE: id:1741667253959, from:30017, delay:0.0001s, distance:197.37m (Euclidean)
[2025-03-11 13:27:36,061] [INFO] [30072] Received PREPARE: id:1741667253959, from:30032, delay:0.0001s, distance:199.78m (Euclidean)
[2025-03-11 13:27:36,116] [INFO] [30072] Received COMMIT: id:1741667253959, from:30039, delay:0.0001s, distance:214.02m (Euclidean)
[2025-03-11 13:27:36,116] [INFO] [30072] Received COMMIT: id:1741667253959, from:30058, delay:0.0002s, distance:276.48m (Euclidean)
[2025-03-11 13:27:36,116] [INFO] [30072] Received COMMIT: id:1741667253959, from:30017, delay:0.0001s, distance:197.37m (Euclidean)
[2025-03-11 13:27:36,123] [INFO] [30072] Received COMMIT: id:1741667253959, from:30013, delay:0.0001s, distance:165.66m (Euclidean)
[2025-03-11 13:27:36,127] [INFO] [30072] Received PREPARE: id:1741667253959, from:30039, delay:0.0001s, distance:214.02m (Euclidean)
[2025-03-11 13:27:36,127] [INFO] [30072] Received COMMIT: id:1741667253959, from:30029, delay:0.0000s, distance:249.60m (Euclidean)
[2025-03-11 13:27:36,203] [INFO] [30072] Received PREPARE: id:1741667253959, from:30057, delay:0.0001s, distance:243.94m (Euclidean)
[2025-03-11 13:27:36,214] [INFO] [30072] Received PREPARE: id:1741667253959, from:30006, delay:0.0000s, distance:89.78m (Euclidean)
[2025-03-11 13:27:36,297] [INFO] [30072] Received PREPARE: id:1741667253959, from:30001, delay:0.0001s, distance:170.76m (Euclidean)
[2025-03-11 13:27:36,299] [INFO] [30072] Received PREPARE: id:1741667253959, from:30079, delay:0.0001s, distance:163.46m (Euclidean)
[2025-03-11 13:27:36,316] [INFO] [30072] Received COMMIT: id:1741667253959, from:30161, delay:0.0001s, distance:254.83m (Euclidean)
[2025-03-11 13:27:36,318] [INFO] [30072] Received PREPARE: id:1741667253959, from:30056, delay:0.0001s, distance:189.39m (Euclidean)
[2025-03-11 13:27:36,366] [INFO] [30072] Received COMMIT: id:1741667253959, from:30001, delay:0.0001s, distance:170.76m (Euclidean)
[2025-03-11 13:27:36,386] [INFO] [30072] Received PREPARE: id:1741667253959, from:30052, delay:0.0000s, distance:149.94m (Euclidean)
[2025-03-11 13:27:36,467] [INFO] [30072] Received PREPARE: id:1741667253959, from:30087, delay:0.0001s, distance:225.48m (Euclidean)
[2025-03-11 13:27:36,467] [INFO] [30072] Received COMMIT: id:1741667253959, from:30087, delay:0.0001s, distance:225.48m (Euclidean)
[2025-03-11 13:27:36,511] [INFO] [30072] Received PREPARE: id:1741667253959, from:30033, delay:0.0002s, distance:270.90m (Euclidean)
[2025-03-11 13:27:36,609] [INFO] [30072] Received COMMIT: id:1741667253959, from:30052, delay:0.0000s, distance:149.94m (Euclidean)
[2025-03-11 13:27:36,616] [INFO] [30072] Received COMMIT: id:1741667253959, from:30033, delay:0.0002s, distance:270.90m (Euclidean)
[2025-03-11 13:27:36,688] [INFO] [30072] Received COMMIT: id:1741667253959, from:30032, delay:0.0001s, distance:199.78m (Euclidean)
[2025-03-11 13:27:36,688] [INFO] [30072] Received PREPARE: id:1741667253959, from:30094, delay:0.0000s, distance:143.49m (Euclidean)
[2025-03-11 13:27:36,829] [INFO] [30072] Received PREPARE: id:1741667253959, from:30082, delay:0.0002s, distance:250.59m (Euclidean)
[2025-03-11 13:27:36,829] [INFO] [30072] Received COMMIT: id:1741667253959, from:30082, delay:0.0002s, distance:250.59m (Euclidean)
[2025-03-11 13:27:36,919] [INFO] [30072] Received COMMIT: id:1741667253959, from:30095, delay:0.0000s, distance:133.95m (Euclidean)
[2025-03-11 13:27:37,016] [INFO] [30072] Received PREPARE: id:1741667253959, from:30044, delay:0.0002s, distance:265.83m (Euclidean)
[2025-03-11 13:27:37,016] [INFO] [30072] Received COMMIT: id:1741667253959, from:30044, delay:0.0002s, distance:265.83m (Euclidean)
[2025-03-11 13:27:37,066] [INFO] [30072] Received PREPARE: id:1741667253959, from:30048, delay:0.0001s, distance:254.21m (Euclidean)
[2025-03-11 13:27:37,066] [INFO] [30072] Received PREPARE: id:1741667253959, from:30154, delay:0.0001s, distance:284.71m (Euclidean)
[2025-03-11 13:27:37,066] [INFO] [30072] Received PREPARE: id:1741667253959, from:30011, delay:0.0000s, distance:177.45m (Euclidean)
[2025-03-11 13:27:37,078] [INFO] [30072] Received COMMIT: id:1741667253959, from:30154, delay:0.0001s, distance:284.71m (Euclidean)
[2025-03-11 13:27:37,323] [INFO] [30072] Received PREPARE: id:1741667253959, from:30047, delay:0.0000s, distance:146.07m (Euclidean)
[2025-03-11 13:27:37,323] [INFO] [30072] Received COMMIT: id:1741667253959, from:30047, delay:0.0000s, distance:146.07m (Euclidean)
[2025-03-11 13:27:37,406] [INFO] [30072] Received COMMIT: id:1741667253959, from:30011, delay:0.0000s, distance:177.45m (Euclidean)
[2025-03-11 13:27:37,434] [INFO] [30072] Received PREPARE: id:1741667253959, from:30063, delay:0.0001s, distance:197.97m (Euclidean)
[2025-03-11 13:27:37,434] [INFO] [30072] Received COMMIT: id:1741667253959, from:30048, delay:0.0001s, distance:254.21m (Euclidean)
[2025-03-11 13:27:37,518] [INFO] [30072] Received COMMIT: id:1741667253959, from:30057, delay:0.0001s, distance:243.94m (Euclidean)
[2025-03-11 13:27:37,524] [INFO] [30072] Received PREPARE: id:1741667253959, from:30049, delay:0.0001s, distance:290.75m (Euclidean)
[2025-03-11 13:27:37,524] [INFO] [30072] Received COMMIT: id:1741667253959, from:30049, delay:0.0001s, distance:290.75m (Euclidean)
[2025-03-11 13:27:37,524] [INFO] [30072] Received COMMIT: id:1741667253959, from:30063, delay:0.0001s, distance:197.97m (Euclidean)
[2025-03-11 13:27:37,533] [INFO] [30072] Received COMMIT: id:1741667253959, from:30169, delay:0.0001s, distance:176.07m (Euclidean)
[2025-03-11 13:27:37,545] [INFO] [30072] Received PREPARE: id:1741667253959, from:30022, delay:0.0002s, distance:264.65m (Euclidean)
[2025-03-11 13:27:37,578] [INFO] [30072] Received COMMIT: id:1741667253959, from:30037, delay:0.0000s, distance:200.54m (Euclidean)
[2025-03-11 13:27:37,803] [INFO] [30072] Received PREPARE: id:1741667253959, from:30053, delay:0.0001s, distance:280.95m (Euclidean)
[2025-03-11 13:27:37,803] [INFO] [30072] Received COMMIT: id:1741667253959, from:30053, delay:0.0001s, distance:280.95m (Euclidean)
[2025-03-11 13:27:37,803] [INFO] [30072] Received COMMIT: id:1741667253959, from:30079, delay:0.0001s, distance:163.46m (Euclidean)
[2025-03-11 13:27:38,321] [INFO] [30072] Received PREPARE: id:1741667253959, from:30043, delay:0.0001s, distance:291.07m (Euclidean)
[2025-03-11 13:27:38,321] [INFO] [30072] Received COMMIT: id:1741667253959, from:30043, delay:0.0001s, distance:291.07m (Euclidean)
[2025-03-11 13:27:38,371] [INFO] [30072] Received PREPARE: id:1741667253959, from:30021, delay:0.0001s, distance:215.94m (Euclidean)
[2025-03-11 13:27:38,371] [INFO] [30072] Received COMMIT: id:1741667253959, from:30021, delay:0.0001s, distance:215.94m (Euclidean)
[2025-03-11 13:27:38,495] [INFO] [30072] Received PREPARE: id:1741667253959, from:30041, delay:0.0001s, distance:292.56m (Euclidean)
[2025-03-11 13:27:38,495] [INFO] [30072] Received COMMIT: id:1741667253959, from:30041, delay:0.0001s, distance:292.56m (Euclidean)
[2025-03-11 13:27:38,562] [INFO] [30072] Received COMMIT: id:1741667253959, from:30056, delay:0.0001s, distance:189.39m (Euclidean)
[2025-03-11 13:27:38,562] [INFO] [30072] Received PREPARE: id:1741667253959, from:30190, delay:0.0001s, distance:240.76m (Euclidean)
[2025-03-11 13:27:38,562] [INFO] [30072] Received COMMIT: id:1741667253959, from:30190, delay:0.0001s, distance:240.76m (Euclidean)
[2025-03-11 13:27:38,693] [INFO] [30072] Received COMMIT: id:1741667253959, from:30022, delay:0.0002s, distance:264.65m (Euclidean)
[2025-03-11 13:27:38,699] [INFO] [30072] Received COMMIT: id:1741667253959, from:30092, delay:0.0002s, distance:258.98m (Euclidean)
[2025-03-11 13:27:38,823] [INFO] [30072] Received PREPARE: id:1741667253959, from:30060, delay:0.0002s, distance:260.73m (Euclidean)
[2025-03-11 13:27:38,825] [INFO] [30072] Received COMMIT: id:1741667253959, from:30084, delay:0.0001s, distance:158.96m (Euclidean)
[2025-03-11 13:27:38,825] [INFO] [30072] Received COMMIT: id:1741667253959, from:30060, delay:0.0002s, distance:260.73m (Euclidean)
[2025-03-11 13:27:38,872] [INFO] [30072] Received PREPARE: id:1741667253959, from:30089, delay:0.0002s, distance:292.95m (Euclidean)
[2025-03-11 13:27:38,888] [INFO] [30072] Received COMMIT: id:1741667253959, from:30059, delay:0.0000s, distance:145.50m (Euclidean)
[2025-03-11 13:27:39,057] [INFO] [30072] Received PREPARE: id:1741667253959, from:30090, delay:0.0001s, distance:223.96m (Euclidean)
[2025-03-11 13:27:39,057] [INFO] [30072] Received COMMIT: id:1741667253959, from:30090, delay:0.0001s, distance:223.96m (Euclidean)
[2025-03-11 13:27:39,114] [INFO] [30072] Received COMMIT: id:1741667253959, from:30075, delay:0.0000s, distance:111.87m (Euclidean)
[2025-03-11 13:27:39,463] [INFO] [30072] Received PREPARE: id:1741667253959, from:30066, delay:0.0000s, distance:173.56m (Euclidean)
[2025-03-11 13:27:39,463] [INFO] [30072] Received COMMIT: id:1741667253959, from:30066, delay:0.0000s, distance:173.56m (Euclidean)
[2025-03-11 13:27:39,655] [INFO] [30072] Received PREPARE: id:1741667253959, from:30061, delay:0.0002s, distance:289.99m (Euclidean)
[2025-03-11 13:27:39,663] [INFO] [30072] Received COMMIT: id:1741667253959, from:30061, delay:0.0002s, distance:289.99m (Euclidean)
[2025-03-11 13:27:40,150] [INFO] [30072] Received COMMIT: id:1741667253959, from:30006, delay:0.0000s, distance:89.78m (Euclidean)
[2025-03-11 13:27:40,588] [INFO] [30072] Received PREPARE: id:1741667253959, from:30025, delay:0.0001s, distance:194.49m (Euclidean)
[2025-03-11 13:27:40,590] [INFO] [30072] Received COMMIT: id:1741667253959, from:30025, delay:0.0001s, distance:194.49m (Euclidean)
[2025-03-11 13:27:40,735] [INFO] [30072] Received COMMIT: id:1741667253959, from:30094, delay:0.0000s, distance:143.49m (Euclidean)
[2025-03-11 13:27:40,796] [INFO] [30072] Received PREPARE: id:1741667253959, from:30042, delay:0.0000s, distance:185.72m (Euclidean)
[2025-03-11 13:27:40,803] [INFO] [30072] Received COMMIT: id:1741667253959, from:30042, delay:0.0000s, distance:185.72m (Euclidean)
[2025-03-11 13:27:40,803] [INFO] [30072] Received PREPARE: id:1741667253959, from:30067, delay:0.0001s, distance:204.25m (Euclidean)
[2025-03-11 13:27:40,803] [INFO] [30072] Received COMMIT: id:1741667253959, from:30067, delay:0.0001s, distance:204.25m (Euclidean)
[2025-03-11 13:27:40,834] [INFO] [30072] Received PREPARE: id:1741667253959, from:30091, delay:0.0001s, distance:183.04m (Euclidean)
[2025-03-11 13:27:40,834] [INFO] [30072] Received PREPARE: id:1741667253959, from:30071, delay:0.0002s, distance:262.36m (Euclidean)
[2025-03-11 13:27:40,834] [INFO] [30072] Received COMMIT: id:1741667253959, from:30091, delay:0.0001s, distance:183.04m (Euclidean)
[2025-03-11 13:27:40,834] [INFO] [30072] Received COMMIT: id:1741667253959, from:30071, delay:0.0002s, distance:262.36m (Euclidean)
[2025-03-11 13:27:41,101] [INFO] [30072] Received PREPARE: id:1741667253959, from:30074, delay:0.0001s, distance:247.47m (Euclidean)
[2025-03-11 13:27:41,101] [INFO] [30072] Received COMMIT: id:1741667253959, from:30074, delay:0.0001s, distance:247.47m (Euclidean)
[2025-03-11 13:27:41,193] [INFO] [30072] Received PREPARE: id:1741667253959, from:30004, delay:0.0001s, distance:208.20m (Euclidean)
[2025-03-11 13:27:41,193] [INFO] [30072] Received COMMIT: id:1741667253959, from:30004, delay:0.0001s, distance:208.20m (Euclidean)
[2025-03-11 13:27:41,260] [INFO] [30072] Received PREPARE: id:1741667253959, from:30113, delay:0.0001s, distance:277.46m (Euclidean)
[2025-03-11 13:27:41,260] [INFO] [30072] Received COMMIT: id:1741667253959, from:30113, delay:0.0001s, distance:277.46m (Euclidean)
[2025-03-11 13:27:41,271] [INFO] [30072] Received PREPARE: id:1741667253959, from:30007, delay:0.0001s, distance:274.59m (Euclidean)
[2025-03-11 13:27:41,287] [INFO] [30072] Received COMMIT: id:1741667253959, from:30007, delay:0.0001s, distance:274.59m (Euclidean)
[2025-03-11 13:27:41,433] [INFO] [30072] Received PREPARE: id:1741667253959, from:30093, delay:0.0001s, distance:241.56m (Euclidean)
[2025-03-11 13:27:41,433] [INFO] [30072] Received COMMIT: id:1741667253959, from:30093, delay:0.0001s, distance:241.56m (Euclidean)
[2025-03-11 13:27:41,988] [INFO] [30072] Received PREPARE: id:1741667253959, from:30036, delay:0.0002s, distance:278.19m (Euclidean)
[2025-03-11 13:27:41,988] [INFO] [30072] Received COMMIT: id:1741667253959, from:30036, delay:0.0002s, distance:278.19m (Euclidean)
[2025-03-11 13:27:42,075] [INFO] [30072] Received PREPARE: id:1741667253959, from:30015, delay:0.0001s, distance:284.92m (Euclidean)
[2025-03-11 13:27:42,077] [INFO] [30072] Received COMMIT: id:1741667253959, from:30015, delay:0.0001s, distance:284.92m (Euclidean)
[2025-03-11 13:27:42,226] [INFO] [30072] Received PREPARE: id:1741667253959, from:30008, delay:0.0001s, distance:244.81m (Euclidean)
[2025-03-11 13:27:42,226] [INFO] [30072] Received COMMIT: id:1741667253959, from:30008, delay:0.0001s, distance:244.81m (Euclidean)
[2025-03-11 13:27:42,480] [INFO] [30072] Received COMMIT: id:1741667253959, from:30089, delay:0.0002s, distance:292.95m (Euclidean)
[2025-03-11 13:27:43,706] [INFO] [30072] Received PREPARE: id:1741667253959, from:30038, delay:0.0002s, distance:296.14m (Euclidean)
[2025-03-11 13:27:43,708] [INFO] [30072] Received COMMIT: id:1741667253959, from:30038, delay:0.0002s, distance:296.14m (Euclidean)
[2025-03-11 13:27:43,916] [INFO] [30072] Received PREPARE: id:1741667253959, from:30068, delay:0.0002s, distance:284.91m (Euclidean)
[2025-03-11 13:27:43,955] [INFO] [30072] Received COMMIT: id:1741667253959, from:30068, delay:0.0002s, distance:284.91m (Euclidean)
[2025-03-11 13:27:44,600] [INFO] [30072] Received PREPARE: id:1741667253959, from:30034, delay:0.0001s, distance:263.84m (Euclidean)
[2025-03-11 13:27:44,600] [INFO] [30072] Received COMMIT: id:1741667253959, from:30034, delay:0.0001s, distance:263.84m (Euclidean)
[2025-03-11 13:27:44,977] [INFO] [30072] Received PREPARE: id:1741667253959, from:30185, delay:0.0000s, distance:249.52m (Euclidean)
[2025-03-11 13:27:45,150] [INFO] [30072] Received PREPARE: id:1741667253959, from:30183, delay:0.0000s, distance:149.04m (Euclidean)
[2025-03-11 13:27:45,216] [INFO] [30072] Received PREPARE: id:1741667253959, from:30199, delay:0.0001s, distance:210.46m (Euclidean)
[2025-03-11 13:27:45,315] [INFO] [30072] Received PREPARE: id:1741667253959, from:30152, delay:0.0001s, distance:176.72m (Euclidean)
[2025-03-11 13:27:45,452] [INFO] [30072] Received PREPARE: id:1741667253959, from:30158, delay:0.0001s, distance:204.99m (Euclidean)
[2025-03-11 13:27:45,452] [INFO] [30072] Received COMMIT: id:1741667253959, from:30158, delay:0.0001s, distance:204.99m (Euclidean)
[2025-03-11 13:27:45,595] [INFO] [30072] Received PREPARE: id:1741667253959, from:30187, delay:0.0001s, distance:224.89m (Euclidean)
[2025-03-11 13:27:45,625] [INFO] [30072] Received PREPARE: id:1741667253959, from:30135, delay:0.0001s, distance:163.41m (Euclidean)
[2025-03-11 13:27:45,625] [INFO] [30072] Received COMMIT: id:1741667253959, from:30135, delay:0.0001s, distance:163.41m (Euclidean)
[2025-03-11 13:27:45,656] [INFO] [30072] Received COMMIT: id:1741667253959, from:30183, delay:0.0000s, distance:149.04m (Euclidean)
[2025-03-11 13:27:45,798] [INFO] [30072] Received PREPARE: id:1741667253959, from:30165, delay:0.0001s, distance:218.36m (Euclidean)
[2025-03-11 13:27:45,798] [INFO] [30072] Received COMMIT: id:1741667253959, from:30165, delay:0.0001s, distance:218.36m (Euclidean)
[2025-03-11 13:27:45,830] [INFO] [30072] Received PREPARE: id:1741667253959, from:30172, delay:0.0000s, distance:83.02m (Euclidean)
[2025-03-11 13:27:45,909] [INFO] [30072] Received COMMIT: id:1741667253959, from:30000, delay:0.0001s, distance:273.04m (Euclidean)
[2025-03-11 13:27:46,098] [INFO] [30072] Received COMMIT: id:1741667253959, from:30152, delay:0.0001s, distance:176.72m (Euclidean)
[2025-03-11 13:27:46,176] [INFO] [30072] Received PREPARE: id:1741667253959, from:30114, delay:0.0001s, distance:230.88m (Euclidean)
[2025-03-11 13:27:46,192] [INFO] [30072] Received COMMIT: id:1741667253959, from:30199, delay:0.0001s, distance:210.46m (Euclidean)
[2025-03-11 13:27:46,305] [INFO] [30072] Received PREPARE: id:1741667253959, from:30170, delay:0.0000s, distance:158.71m (Euclidean)
[2025-03-11 13:27:46,461] [INFO] [30072] Received COMMIT: id:1741667253959, from:30187, delay:0.0001s, distance:224.89m (Euclidean)
[2025-03-11 13:27:46,625] [INFO] [30072] Received PREPARE: id:1741667253959, from:30176, delay:0.0001s, distance:296.18m (Euclidean)
[2025-03-11 13:27:46,625] [INFO] [30072] Received COMMIT: id:1741667253959, from:30176, delay:0.0001s, distance:296.18m (Euclidean)
[2025-03-11 13:27:46,650] [INFO] [30072] Received PREPARE: id:1741667253959, from:30136, delay:0.0002s, distance:290.07m (Euclidean)
[2025-03-11 13:27:46,872] [INFO] [30072] Received PREPARE: id:1741667253959, from:30164, delay:0.0001s, distance:160.28m (Euclidean)
[2025-03-11 13:27:46,872] [INFO] [30072] Received COMMIT: id:1741667253959, from:30164, delay:0.0001s, distance:160.28m (Euclidean)
[2025-03-11 13:27:46,998] [INFO] [30072] Received PREPARE: id:1741667253959, from:30196, delay:0.0001s, distance:205.42m (Euclidean)
[2025-03-11 13:27:47,202] [INFO] [30072] Received PREPARE: id:1741667253959, from:30166, delay:0.0001s, distance:177.80m (Euclidean)
[2025-03-11 13:27:47,202] [INFO] [30072] Received COMMIT: id:1741667253959, from:30166, delay:0.0001s, distance:177.80m (Euclidean)
[2025-03-11 13:27:47,288] [INFO] [30072] Received COMMIT: id:1741667253959, from:30114, delay:0.0001s, distance:230.88m (Euclidean)
[2025-03-11 13:27:47,315] [INFO] [30072] Received COMMIT: id:1741667253959, from:30185, delay:0.0000s, distance:249.52m (Euclidean)
[2025-03-11 13:27:47,328] [INFO] [30072] Received COMMIT: id:1741667253959, from:30136, delay:0.0002s, distance:290.07m (Euclidean)
[2025-03-11 13:27:47,422] [INFO] [30072] Received PREPARE: id:1741667253959, from:30121, delay:0.0001s, distance:170.85m (Euclidean)
[2025-03-11 13:27:47,422] [INFO] [30072] Received COMMIT: id:1741667253959, from:30121, delay:0.0001s, distance:170.85m (Euclidean)
[2025-03-11 13:27:47,485] [INFO] [30072] Received COMMIT: id:1741667253959, from:30170, delay:0.0000s, distance:158.71m (Euclidean)
[2025-03-11 13:27:47,552] [INFO] [30072] Received PREPARE: id:1741667253959, from:30193, delay:0.0001s, distance:210.28m (Euclidean)
[2025-03-11 13:27:47,568] [INFO] [30072] Received PREPARE: id:1741667253959, from:30148, delay:0.0001s, distance:219.25m (Euclidean)
[2025-03-11 13:27:47,568] [INFO] [30072] Received PREPARE: id:1741667253959, from:30150, delay:0.0000s, distance:196.70m (Euclidean)
[2025-03-11 13:27:47,958] [INFO] [30072] Received PREPARE: id:1741667253959, from:30098, delay:0.0000s, distance:139.50m (Euclidean)
[2025-03-11 13:27:48,258] [INFO] [30072] Received PREPARE: id:1741667253959, from:30130, delay:0.0002s, distance:292.74m (Euclidean)
[2025-03-11 13:27:48,274] [INFO] [30072] Received COMMIT: id:1741667253959, from:30130, delay:0.0002s, distance:292.74m (Euclidean)
[2025-03-11 13:27:48,337] [INFO] [30072] Received PREPARE: id:1741667253959, from:30147, delay:0.0001s, distance:245.24m (Euclidean)
[2025-03-11 13:27:48,337] [INFO] [30072] Received COMMIT: id:1741667253959, from:30147, delay:0.0001s, distance:245.24m (Euclidean)
[2025-03-11 13:27:48,447] [INFO] [30072] Received COMMIT: id:1741667253959, from:30150, delay:0.0000s, distance:196.70m (Euclidean)
[2025-03-11 13:27:48,944] [INFO] [30072] Received PREPARE: id:1741667253959, from:30126, delay:0.0000s, distance:130.98m (Euclidean)
[2025-03-11 13:27:49,382] [INFO] [30072] Received COMMIT: id:1741667253959, from:30098, delay:0.0000s, distance:139.50m (Euclidean)
[2025-03-11 13:27:49,445] [INFO] [30072] Received PREPARE: id:1741667253959, from:30171, delay:0.0002s, distance:293.31m (Euclidean)
[2025-03-11 13:27:49,593] [INFO] [30072] Received PREPARE: id:1741667253959, from:30112, delay:0.0001s, distance:234.58m (Euclidean)
[2025-03-11 13:27:49,593] [INFO] [30072] Received COMMIT: id:1741667253959, from:30112, delay:0.0001s, distance:234.58m (Euclidean)
[2025-03-11 13:27:49,666] [INFO] [30072] Received PREPARE: id:1741667253959, from:30106, delay:0.0002s, distance:281.52m (Euclidean)
[2025-03-11 13:27:49,666] [INFO] [30072] Received COMMIT: id:1741667253959, from:30106, delay:0.0002s, distance:281.52m (Euclidean)
[2025-03-11 13:27:49,780] [INFO] [30072] Received PREPARE: id:1741667253959, from:30124, delay:0.0001s, distance:162.59m (Euclidean)
[2025-03-11 13:27:49,833] [INFO] [30072] Received COMMIT: id:1741667253959, from:30196, delay:0.0001s, distance:205.42m (Euclidean)
[2025-03-11 13:27:49,875] [INFO] [30072] Received COMMIT: id:1741667253959, from:30172, delay:0.0000s, distance:83.02m (Euclidean)
[2025-03-11 13:27:50,731] [INFO] [30072] Received PREPARE: id:1741667253959, from:30111, delay:0.0001s, distance:202.00m (Euclidean)
[2025-03-11 13:27:50,733] [INFO] [30072] Received COMMIT: id:1741667253959, from:30111, delay:0.0001s, distance:202.00m (Euclidean)
[2025-03-11 13:27:50,752] [INFO] [30072] Received PREPARE: id:1741667253959, from:30143, delay:0.0001s, distance:232.61m (Euclidean)
[2025-03-11 13:27:50,752] [INFO] [30072] Received COMMIT: id:1741667253959, from:30143, delay:0.0001s, distance:232.61m (Euclidean)
[2025-03-11 13:27:50,946] [INFO] [30072] Received PREPARE: id:1741667253959, from:30153, delay:0.0002s, distance:298.54m (Euclidean)
[2025-03-11 13:27:50,946] [INFO] [30072] Received COMMIT: id:1741667253959, from:30153, delay:0.0002s, distance:298.54m (Euclidean)
[2025-03-11 13:27:51,263] [INFO] [30072] Received PREPARE: id:1741667253959, from:30133, delay:0.0002s, distance:285.13m (Euclidean)
[2025-03-11 13:27:51,418] [INFO] [30072] Received COMMIT: id:1741667253959, from:30148, delay:0.0001s, distance:219.25m (Euclidean)
[2025-03-11 13:27:51,485] [INFO] [30072] Received PREPARE: id:1741667253959, from:30109, delay:0.0001s, distance:223.14m (Euclidean)
[2025-03-11 13:27:51,485] [INFO] [30072] Received COMMIT: id:1741667253959, from:30109, delay:0.0001s, distance:223.14m (Euclidean)
[2025-03-11 13:27:51,756] [INFO] [30072] Received PREPARE: id:1741667253959, from:30186, delay:0.0001s, distance:287.19m (Euclidean)
[2025-03-11 13:27:51,912] [INFO] [30072] Received COMMIT: id:1741667253959, from:30186, delay:0.0001s, distance:287.19m (Euclidean)
[2025-03-11 13:27:52,465] [INFO] [30072] Received COMMIT: id:1741667253959, from:30171, delay:0.0002s, distance:293.31m (Euclidean)
[2025-03-11 13:27:52,608] [INFO] [30072] Received PREPARE: id:1741667253959, from:30140, delay:0.0001s, distance:237.77m (Euclidean)
[2025-03-11 13:27:53,096] [INFO] [30072] Received COMMIT: id:1741667253959, from:30133, delay:0.0002s, distance:285.13m (Euclidean)
[2025-03-11 13:27:53,167] [INFO] [30072] Received PREPARE: id:1741667253959, from:30173, delay:0.0001s, distance:221.79m (Euclidean)
[2025-03-11 13:27:53,167] [INFO] [30072] Received COMMIT: id:1741667253959, from:30173, delay:0.0001s, distance:221.79m (Euclidean)
[2025-03-11 13:27:53,245] [INFO] [30072] Received COMMIT: id:1741667253959, from:30126, delay:0.0000s, distance:130.98m (Euclidean)
[2025-03-11 13:27:53,392] [INFO] [30072] Received COMMIT: id:1741667253959, from:30193, delay:0.0001s, distance:210.28m (Euclidean)
[2025-03-11 13:27:53,412] [INFO] [30072] Received PREPARE: id:1741667253959, from:30103, delay:0.0001s, distance:255.61m (Euclidean)
[2025-03-11 13:27:53,414] [INFO] [30072] Received COMMIT: id:1741667253959, from:30103, delay:0.0001s, distance:255.61m (Euclidean)
[2025-03-11 13:27:53,606] [INFO] [30072] Received COMMIT: id:1741667253959, from:30140, delay:0.0001s, distance:237.77m (Euclidean)
[2025-03-11 13:27:54,623] [INFO] [30072] Received PREPARE: id:1741667253959, from:30151, delay:0.0000s, distance:157.90m (Euclidean)
[2025-03-11 13:27:54,638] [INFO] [30072] Received COMMIT: id:1741667253959, from:30151, delay:0.0000s, distance:157.90m (Euclidean)
[2025-03-11 13:27:54,911] [INFO] [30072] Received PREPARE: id:1741667253959, from:30163, delay:0.0002s, distance:275.42m (Euclidean)
[2025-03-11 13:27:54,911] [INFO] [30072] Received COMMIT: id:1741667253959, from:30163, delay:0.0002s, distance:275.42m (Euclidean)
[2025-03-11 13:27:55,279] [INFO] [30072] Received PREPARE: id:1741667253959, from:30118, delay:0.0001s, distance:211.35m (Euclidean)
[2025-03-11 13:27:55,279] [INFO] [30072] Received COMMIT: id:1741667253959, from:30118, delay:0.0001s, distance:211.35m (Euclidean)
[2025-03-11 13:27:55,672] [INFO] [30072] Received PREPARE: id:1741667253959, from:30146, delay:0.0001s, distance:198.43m (Euclidean)
[2025-03-11 13:27:55,672] [INFO] [30072] Received COMMIT: id:1741667253959, from:30146, delay:0.0001s, distance:198.43m (Euclidean)
[2025-03-11 13:27:55,865] [INFO] [30072] Received PREPARE: id:1741667253959, from:30132, delay:0.0002s, distance:265.19m (Euclidean)
[2025-03-11 13:27:55,865] [INFO] [30072] Received COMMIT: id:1741667253959, from:30132, delay:0.0002s, distance:265.19m (Euclidean)
[2025-03-11 13:27:55,960] [INFO] [30072] Received COMMIT: id:1741667253959, from:30124, delay:0.0001s, distance:162.59m (Euclidean)
[2025-03-11 13:27:56,116] [INFO] [30072] Received PREPARE: id:1741667253959, from:30108, delay:0.0001s, distance:296.01m (Euclidean)
[2025-03-11 13:27:56,118] [INFO] [30072] Received COMMIT: id:1741667253959, from:30108, delay:0.0001s, distance:296.01m (Euclidean)
[2025-03-11 13:27:56,239] [INFO] [30072] Received PREPARE: id:1741667253959, from:30100, delay:0.0001s, distance:213.54m (Euclidean)
[2025-03-11 13:27:56,239] [INFO] [30072] Received COMMIT: id:1741667253959, from:30100, delay:0.0001s, distance:213.54m (Euclidean)
[2025-03-11 13:27:56,588] [INFO] [30072] Received PREPARE: id:1741667253959, from:30138, delay:0.0000s, distance:149.33m (Euclidean)
[2025-03-11 13:27:56,733] [INFO] [30072] Received PREPARE: id:1741667253959, from:30145, delay:0.0000s, distance:65.35m (Euclidean)
[2025-03-11 13:27:56,828] [INFO] [30072] Received PREPARE: id:1741667253959, from:30129, delay:0.0001s, distance:263.34m (Euclidean)
[2025-03-11 13:27:56,828] [INFO] [30072] Received COMMIT: id:1741667253959, from:30129, delay:0.0001s, distance:263.34m (Euclidean)
[2025-03-11 13:27:56,847] [INFO] [30072] Received PREPARE: id:1741667253959, from:30131, delay:0.0000s, distance:109.51m (Euclidean)
[2025-03-11 13:27:56,908] [INFO] [30072] Received PREPARE: id:1741667253959, from:30175, delay:0.0001s, distance:203.42m (Euclidean)
[2025-03-11 13:27:56,965] [INFO] [30072] Received COMMIT: id:1741667253959, from:30175, delay:0.0001s, distance:203.42m (Euclidean)
[2025-03-11 13:27:57,205] [INFO] [30072] Received PREPARE: id:1741667253959, from:30139, delay:0.0001s, distance:202.30m (Euclidean)
[2025-03-11 13:27:57,214] [INFO] [30072] Received PREPARE: id:1741667253959, from:30156, delay:0.0002s, distance:284.44m (Euclidean)
[2025-03-11 13:27:57,214] [INFO] [30072] Received COMMIT: id:1741667253959, from:30156, delay:0.0002s, distance:284.44m (Euclidean)
[2025-03-11 13:27:57,653] [INFO] [30072] Received PREPARE: id:1741667253959, from:30188, delay:0.0001s, distance:169.80m (Euclidean)
[2025-03-11 13:27:57,798] [INFO] [30072] Received PREPARE: id:1741667253959, from:30116, delay:0.0000s, distance:160.34m (Euclidean)
[2025-03-11 13:27:57,806] [INFO] [30072] Received COMMIT: id:1741667253959, from:30116, delay:0.0000s, distance:160.34m (Euclidean)
[2025-03-11 13:27:57,823] [INFO] [30072] Received COMMIT: id:1741667253959, from:30145, delay:0.0000s, distance:65.35m (Euclidean)
[2025-03-11 13:27:58,291] [INFO] [30072] Received PREPARE: id:1741667253959, from:30162, delay:0.0001s, distance:160.42m (Euclidean)
[2025-03-11 13:27:58,293] [INFO] [30072] Received COMMIT: id:1741667253959, from:30162, delay:0.0001s, distance:160.42m (Euclidean)
[2025-03-11 13:27:58,330] [INFO] [30072] Received PREPARE: id:1741667253959, from:30096, delay:0.0000s, distance:139.44m (Euclidean)
[2025-03-11 13:27:58,926] [INFO] [30072] Received COMMIT: id:1741667253959, from:30138, delay:0.0000s, distance:149.33m (Euclidean)
[2025-03-11 13:27:59,290] [INFO] [30072] Received PREPARE: id:1741667253959, from:30142, delay:0.0001s, distance:180.64m (Euclidean)
[2025-03-11 13:27:59,294] [INFO] [30072] Received COMMIT: id:1741667253959, from:30142, delay:0.0001s, distance:180.64m (Euclidean)
[2025-03-11 13:27:59,634] [INFO] [30072] Received PREPARE: id:1741667253959, from:30102, delay:0.0001s, distance:225.99m (Euclidean)
[2025-03-11 13:27:59,634] [INFO] [30072] Received COMMIT: id:1741667253959, from:30102, delay:0.0001s, distance:225.99m (Euclidean)
[2025-03-11 13:27:59,764] [INFO] [30072] Received COMMIT: id:1741667253959, from:30139, delay:0.0001s, distance:202.30m (Euclidean)
[2025-03-11 13:27:59,805] [INFO] [30072] Received PREPARE: id:1741667253959, from:30122, delay:0.0001s, distance:206.81m (Euclidean)
[2025-03-11 13:27:59,811] [INFO] [30072] Received COMMIT: id:1741667253959, from:30122, delay:0.0001s, distance:206.81m (Euclidean)
[2025-03-11 13:28:00,516] [INFO] [30072] Received COMMIT: id:1741667253959, from:30096, delay:0.0000s, distance:139.44m (Euclidean)
[2025-03-11 13:28:00,603] [INFO] [30072] Received PREPARE: id:1741667253959, from:30192, delay:0.0002s, distance:267.44m (Euclidean)
[2025-03-11 13:28:00,603] [INFO] [30072] Received PREPARE: id:1741667253959, from:30178, delay:0.0001s, distance:283.58m (Euclidean)
[2025-03-11 13:28:00,603] [INFO] [30072] Received COMMIT: id:1741667253959, from:30192, delay:0.0002s, distance:267.44m (Euclidean)
[2025-03-11 13:28:00,603] [INFO] [30072] Received COMMIT: id:1741667253959, from:30178, delay:0.0001s, distance:283.58m (Euclidean)
[2025-03-11 13:28:00,676] [INFO] [30072] Received COMMIT: id:1741667253959, from:30188, delay:0.0001s, distance:169.80m (Euclidean)
[2025-03-11 13:28:01,225] [INFO] [30072] Received COMMIT: id:1741667253959, from:30131, delay:0.0000s, distance:109.51m (Euclidean)
[2025-03-11 13:28:01,225] [INFO] [30072] Received PREPARE: id:1741667253959, from:30125, delay:0.0002s, distance:265.81m (Euclidean)
[2025-03-11 13:28:01,246] [INFO] [30072] Received COMMIT: id:1741667253959, from:30125, delay:0.0002s, distance:265.81m (Euclidean)
[2025-03-11 13:28:09,661] [INFO] [30072] Received PREPARE: id:1741667289123, from:30131, delay:0.0000s, distance:109.51m (Euclidean)
[2025-03-11 13:28:09,661] [INFO] [30072] Missing PRE-PREPARE for REQUEST 1741667289123; ignoring PREPARE
[2025-03-11 13:28:09,698] [INFO] [30072] Received PREPARE: id:1741667289123, from:30102, delay:0.0001s, distance:225.99m (Euclidean)
[2025-03-11 13:28:09,698] [INFO] [30072] Missing PRE-PREPARE for REQUEST 1741667289123; ignoring PREPARE
[2025-03-11 13:28:09,862] [INFO] [30072] Received PREPARE: id:1741667289123, from:30100, delay:0.0001s, distance:213.54m (Euclidean)
[2025-03-11 13:28:09,862] [INFO] [30072] Missing PRE-PREPARE for REQUEST 1741667289123; ignoring PREPARE
[2025-03-11 13:28:10,345] [INFO] [30072] Received PREPARE: id:1741667289123, from:30108, delay:0.0001s, distance:296.01m (Euclidean)
[2025-03-11 13:28:10,345] [INFO] [30072] Missing PRE-PREPARE for REQUEST 1741667289123; ignoring PREPARE
[2025-03-11 13:28:11,905] [INFO] [30072] Received PREPARE: id:1741667289123, from:30110, delay:0.0000s, distance:170.17m (Euclidean)
[2025-03-11 13:28:11,905] [INFO] [30072] Missing PRE-PREPARE for REQUEST 1741667289123; ignoring PREPARE
[2025-03-11 13:28:14,518] [INFO] [30072] Received PREPARE: id:1741667289123, from:30037, delay:0.0000s, distance:200.54m (Euclidean)
[2025-03-11 13:28:14,518] [INFO] [30072] Missing PRE-PREPARE for REQUEST 1741667289123; ignoring PREPARE
[2025-03-11 13:28:15,511] [INFO] [30072] Received COMMIT: id:1741667289123, from:30110, delay:0.0000s, distance:170.17m (Euclidean)
[2025-03-11 13:28:16,006] [INFO] [30072] Received COMMIT: id:1741667289123, from:30102, delay:0.0001s, distance:225.99m (Euclidean)
[2025-03-11 13:28:19,171] [INFO] [30072] Received PREPARE: id:1741667289123, from:30029, delay:0.0000s, distance:249.60m (Euclidean)
[2025-03-11 13:28:19,171] [INFO] [30072] Missing PRE-PREPARE for REQUEST 1741667289123; ignoring PREPARE
[2025-03-11 13:28:20,083] [INFO] [30072] Received COMMIT: id:1741667289123, from:30131, delay:0.0000s, distance:109.51m (Euclidean)
[2025-03-11 13:28:25,001] [INFO] [30072] Received PREPARE: id:1741667289123, from:30169, delay:0.0001s, distance:176.07m (Euclidean)
[2025-03-11 13:28:25,001] [INFO] [30072] Missing PRE-PREPARE for REQUEST 1741667289123; ignoring PREPARE
[2025-03-11 13:28:25,674] [INFO] [30072] Received PREPARE: id:1741667289123, from:30098, delay:0.0000s, distance:139.50m (Euclidean)
[2025-03-11 13:28:25,674] [INFO] [30072] Missing PRE-PREPARE for REQUEST 1741667289123; ignoring PREPARE
[2025-03-11 13:28:30,073] [INFO] [30072] Received PREPARE: id:1741667289123, from:30006, delay:0.0000s, distance:89.78m (Euclidean)
[2025-03-11 13:28:30,073] [INFO] [30072] Missing PRE-PREPARE for REQUEST 1741667289123; ignoring PREPARE
[2025-03-11 13:28:38,835] [INFO] [30072] Received PREPARE: id:1741667289123, from:30109, delay:0.0001s, distance:223.14m (Euclidean)
[2025-03-11 13:28:38,835] [INFO] [30072] Missing PRE-PREPARE for REQUEST 1741667289123; ignoring PREPARE
[2025-03-11 13:28:39,898] [INFO] [30072] Received PREPARE: id:1741667289123, from:30032, delay:0.0001s, distance:199.78m (Euclidean)
[2025-03-11 13:28:39,898] [INFO] [30072] Missing PRE-PREPARE for REQUEST 1741667289123; ignoring PREPARE
[2025-03-11 13:28:41,439] [INFO] [30072] Received PREPARE: id:1741667289123, from:30088, delay:0.0000s, distance:88.65m (Euclidean)
[2025-03-11 13:28:41,439] [INFO] [30072] Missing PRE-PREPARE for REQUEST 1741667289123; ignoring PREPARE
[2025-03-11 13:28:44,728] [INFO] [30072] Received PREPARE: id:1741667289123, from:30012, delay:0.0000s, distance:46.42m (Euclidean)
[2025-03-11 13:28:44,728] [INFO] [30072] Missing PRE-PREPARE for REQUEST 1741667289123; ignoring PREPARE
[2025-03-11 13:28:45,158] [INFO] [30072] Received PREPARE: id:1741667289123, from:30014, delay:0.0000s, distance:123.44m (Euclidean)
[2025-03-11 13:28:45,158] [INFO] [30072] Missing PRE-PREPARE for REQUEST 1741667289123; ignoring PREPARE
[2025-03-11 13:28:58,193] [INFO] [30072] Received COMMIT: id:1741667289123, from:30014, delay:0.0000s, distance:123.44m (Euclidean)
[2025-03-11 13:29:00,297] [INFO] [30072] Received PREPARE: id:1741667289123, from:30063, delay:0.0001s, distance:197.97m (Euclidean)
[2025-03-11 13:29:00,297] [INFO] [30072] Missing PRE-PREPARE for REQUEST 1741667289123; ignoring PREPARE
[2025-03-11 13:29:01,230] [INFO] [30072] Received PREPARE: id:1741667289123, from:30085, delay:0.0000s, distance:163.67m (Euclidean)
[2025-03-11 13:29:01,230] [INFO] [30072] Missing PRE-PREPARE for REQUEST 1741667289123; ignoring PREPARE
[2025-03-11 13:29:01,230] [INFO] [30072] Received COMMIT: id:1741667289123, from:30085, delay:0.0000s, distance:163.67m (Euclidean)
[2025-03-11 13:29:15,525] [INFO] [30072] Received PREPARE: id:1741667289123, from:30095, delay:0.0000s, distance:133.95m (Euclidean)
[2025-03-11 13:29:15,525] [INFO] [30072] Missing PRE-PREPARE for REQUEST 1741667289123; ignoring PREPARE
[2025-03-11 13:29:16,473] [INFO] [30072] Received PREPARE: id:1741667289123, from:30075, delay:0.0000s, distance:111.87m (Euclidean)
[2025-03-11 13:29:16,473] [INFO] [30072] Missing PRE-PREPARE for REQUEST 1741667289123; ignoring PREPARE
[2025-03-11 13:29:16,475] [INFO] [30072] Received COMMIT: id:1741667289123, from:30075, delay:0.0000s, distance:111.87m (Euclidean)
[2025-03-11 13:29:16,763] [INFO] [30072] Received PREPARE: id:1741667289123, from:30017, delay:0.0001s, distance:197.37m (Euclidean)
[2025-03-11 13:29:16,763] [INFO] [30072] Missing PRE-PREPARE for REQUEST 1741667289123; ignoring PREPARE
[2025-03-11 13:29:19,502] [INFO] [30072] Received PREPARE: id:1741667289123, from:30140, delay:0.0001s, distance:237.77m (Euclidean)
[2025-03-11 13:29:19,502] [INFO] [30072] Missing PRE-PREPARE for REQUEST 1741667289123; ignoring PREPARE
[2025-03-11 13:29:20,753] [INFO] [30072] Received COMMIT: id:1741667289123, from:30017, delay:0.0001s, distance:197.37m (Euclidean)
[2025-03-11 13:29:22,570] [INFO] [30072] Received PREPARE: id:1741667289123, from:30190, delay:0.0001s, distance:240.76m (Euclidean)
[2025-03-11 13:29:22,570] [INFO] [30072] Missing PRE-PREPARE for REQUEST 1741667289123; ignoring PREPARE
[2025-03-11 13:29:22,572] [INFO] [30072] Received COMMIT: id:1741667289123, from:30190, delay:0.0001s, distance:240.76m (Euclidean)
[2025-03-11 13:29:22,572] [INFO] [30072] Received PREPARE: id:1741667289123, from:30121, delay:0.0001s, distance:170.85m (Euclidean)
[2025-03-11 13:29:22,572] [INFO] [30072] Missing PRE-PREPARE for REQUEST 1741667289123; ignoring PREPARE
[2025-03-11 13:29:22,572] [INFO] [30072] Received COMMIT: id:1741667289123, from:30121, delay:0.0001s, distance:170.85m (Euclidean)
[2025-03-11 13:29:24,030] [INFO] [30072] Received PREPARE: id:1741667289123, from:30059, delay:0.0000s, distance:145.50m (Euclidean)
[2025-03-11 13:29:24,030] [INFO] [30072] Missing PRE-PREPARE for REQUEST 1741667289123; ignoring PREPARE
[2025-03-11 13:29:25,531] [INFO] [30072] Received COMMIT: id:1741667289123, from:30140, delay:0.0001s, distance:237.77m (Euclidean)
[2025-03-11 13:29:26,018] [INFO] [30072] Received PREPARE: id:1741667289123, from:30078, delay:0.0000s, distance:104.64m (Euclidean)
[2025-03-11 13:29:26,018] [INFO] [30072] Missing PRE-PREPARE for REQUEST 1741667289123; ignoring PREPARE
[2025-03-11 13:29:26,508] [INFO] [30072] Received PREPARE: id:1741667289123, from:30011, delay:0.0000s, distance:177.45m (Euclidean)
[2025-03-11 13:29:26,508] [INFO] [30072] Missing PRE-PREPARE for REQUEST 1741667289123; ignoring PREPARE
[2025-03-11 13:29:27,362] [INFO] [30072] Received PREPARE: id:1741667289123, from:30136, delay:0.0002s, distance:290.07m (Euclidean)
[2025-03-11 13:29:27,362] [INFO] [30072] Missing PRE-PREPARE for REQUEST 1741667289123; ignoring PREPARE
[2025-03-11 13:29:27,366] [INFO] [30072] Received COMMIT: id:1741667289123, from:30136, delay:0.0002s, distance:290.07m (Euclidean)
[2025-03-11 13:29:34,806] [INFO] [30072] Received PREPARE: id:1741667289123, from:30092, delay:0.0002s, distance:258.98m (Euclidean)
[2025-03-11 13:29:34,806] [INFO] [30072] Missing PRE-PREPARE for REQUEST 1741667289123; ignoring PREPARE
[2025-03-11 13:29:36,058] [INFO] [30072] Received PREPARE: id:1741667289123, from:30018, delay:0.0000s, distance:171.19m (Euclidean)
[2025-03-11 13:29:36,074] [INFO] [30072] Missing PRE-PREPARE for REQUEST 1741667289123; ignoring PREPARE
[2025-03-11 13:29:36,074] [INFO] [30072] Received PREPARE: id:1741667289123, from:30042, delay:0.0000s, distance:185.72m (Euclidean)
[2025-03-11 13:29:36,074] [INFO] [30072] Missing PRE-PREPARE for REQUEST 1741667289123; ignoring PREPARE
[2025-03-11 13:29:36,074] [INFO] [30072] Received PREPARE: id:1741667289123, from:30013, delay:0.0001s, distance:165.66m (Euclidean)
[2025-03-11 13:29:36,074] [INFO] [30072] Missing PRE-PREPARE for REQUEST 1741667289123; ignoring PREPARE
[2025-03-11 13:29:36,074] [INFO] [30072] Received COMMIT: id:1741667289123, from:30013, delay:0.0001s, distance:165.66m (Euclidean)
[2025-03-11 13:29:37,118] [INFO] [30072] Received COMMIT: id:1741667289123, from:30042, delay:0.0000s, distance:185.72m (Euclidean)
[2025-03-11 13:29:39,828] [INFO] [30072] Received PREPARE: id:1741667289123, from:30080, delay:0.0002s, distance:270.60m (Euclidean)
[2025-03-11 13:29:39,828] [INFO] [30072] Missing PRE-PREPARE for REQUEST 1741667289123; ignoring PREPARE
[2025-03-11 13:29:39,828] [INFO] [30072] Received COMMIT: id:1741667289123, from:30080, delay:0.0002s, distance:270.60m (Euclidean)
[2025-03-11 13:29:40,466] [INFO] [30072] Received COMMIT: id:1741667289123, from:30092, delay:0.0002s, distance:258.98m (Euclidean)
[2025-03-11 13:29:41,278] [INFO] [30072] Received PREPARE: id:1741667289123, from:30056, delay:0.0001s, distance:189.39m (Euclidean)
[2025-03-11 13:29:41,278] [INFO] [30072] Missing PRE-PREPARE for REQUEST 1741667289123; ignoring PREPARE
[2025-03-11 13:29:44,837] [INFO] [30072] Received PREPARE: id:1741667289123, from:30039, delay:0.0001s, distance:214.02m (Euclidean)
[2025-03-11 13:29:44,837] [INFO] [30072] Missing PRE-PREPARE for REQUEST 1741667289123; ignoring PREPARE
[2025-03-11 13:29:47,141] [INFO] [30072] Received PREPARE: id:1741667289123, from:30091, delay:0.0001s, distance:183.04m (Euclidean)
[2025-03-11 13:29:47,141] [INFO] [30072] Missing PRE-PREPARE for REQUEST 1741667289123; ignoring PREPARE
[2025-03-11 13:29:47,141] [INFO] [30072] Received COMMIT: id:1741667289123, from:30091, delay:0.0001s, distance:183.04m (Euclidean)
[2025-03-11 13:29:50,926] [INFO] [30072] Received PREPARE: id:1741667289123, from:30007, delay:0.0001s, distance:274.59m (Euclidean)
[2025-03-11 13:29:50,926] [INFO] [30072] Missing PRE-PREPARE for REQUEST 1741667289123; ignoring PREPARE
[2025-03-11 13:29:50,926] [INFO] [30072] Received COMMIT: id:1741667289123, from:30007, delay:0.0001s, distance:274.59m (Euclidean)
[2025-03-11 13:29:52,770] [INFO] [30072] Received PREPARE: id:1741667289123, from:30130, delay:0.0002s, distance:292.74m (Euclidean)
[2025-03-11 13:29:52,770] [INFO] [30072] Missing PRE-PREPARE for REQUEST 1741667289123; ignoring PREPARE
[2025-03-11 13:29:52,788] [INFO] [30072] Received COMMIT: id:1741667289123, from:30130, delay:0.0002s, distance:292.74m (Euclidean)
[2025-03-11 13:29:55,407] [INFO] [30072] Received PREPARE: id:1741667289123, from:30113, delay:0.0001s, distance:277.46m (Euclidean)
[2025-03-11 13:29:55,407] [INFO] [30072] Missing PRE-PREPARE for REQUEST 1741667289123; ignoring PREPARE
[2025-03-11 13:29:55,407] [INFO] [30072] Received COMMIT: id:1741667289123, from:30113, delay:0.0001s, distance:277.46m (Euclidean)
[2025-03-11 13:29:59,793] [INFO] [30072] Received PREPARE: id:1741667289123, from:30044, delay:0.0002s, distance:265.83m (Euclidean)
[2025-03-11 13:29:59,793] [INFO] [30072] Missing PRE-PREPARE for REQUEST 1741667289123; ignoring PREPARE
[2025-03-11 13:30:00,349] [INFO] [30072] Received PREPARE: id:1741667289123, from:30089, delay:0.0002s, distance:292.95m (Euclidean)
[2025-03-11 13:30:00,349] [INFO] [30072] Missing PRE-PREPARE for REQUEST 1741667289123; ignoring PREPARE
