[2025-03-11 13:24:01,517] [INFO] Starting node at localhost:30003 | index=  4 | f=1, k=4 | Role: Replica
[2025-03-11 13:24:42,062] [INFO] [30003] Received PRE-PREPARE: id:1741667081917, from:Leader(30000), delay:0.0000s, distance:181.89m (Euclidean)
[2025-03-11 13:24:42,066] [INFO] [30003] Broadcasting PREPARE for REQUEST 1741667081917
[2025-03-11 13:24:42,087] [INFO] [30003] Not broadcasting to fault node: 30077
[2025-03-11 13:24:42,125] [INFO] [30003] Not broadcasting to fault node: 30184
[2025-03-11 13:24:42,904] [INFO] [30003] Received PREPARE: id:1741667081917, from:30103, delay:0.0000s, distance:150.43m (Euclidean)
[2025-03-11 13:24:42,904] [INFO] [30003] Received PREPARE: id:1741667081917, from:30080, delay:0.0001s, distance:178.09m (Euclidean)
[2025-03-11 13:24:42,906] [INFO] [30003] Broadcasting COMMIT for REQUEST 1741667081917
[2025-03-11 13:24:42,916] [INFO] [30003] Not broadcasting to fault node: 30077
[2025-03-11 13:24:42,965] [INFO] [30003] Not broadcasting to fault node: 30184
[2025-03-11 13:24:42,985] [INFO] [30003] Received PREPARE: id:1741667081917, from:30068, delay:0.0000s, distance:98.17m (Euclidean)
[2025-03-11 13:24:43,084] [INFO] [30003] Received PREPARE: id:1741667081917, from:30004, delay:0.0000s, distance:249.99m (Euclidean)
[2025-03-11 13:24:43,123] [INFO] [30003] Received PREPARE: id:1741667081917, from:30076, delay:0.0001s, distance:255.39m (Euclidean)
[2025-03-11 13:24:43,123] [INFO] [30003] Received PREPARE: id:1741667081917, from:30035, delay:0.0000s, distance:192.20m (Euclidean)
[2025-03-11 13:24:43,125] [INFO] [30003] Received PREPARE: id:1741667081917, from:30091, delay:0.0001s, distance:222.84m (Euclidean)
[2025-03-11 13:24:43,125] [INFO] [30003] Received PREPARE: id:1741667081917, from:30026, delay:0.0002s, distance:278.10m (Euclidean)
[2025-03-11 13:24:43,125] [INFO] [30003] Received PREPARE: id:1741667081917, from:30043, delay:0.0001s, distance:220.04m (Euclidean)
[2025-03-11 13:24:43,125] [INFO] [30003] Received PREPARE: id:1741667081917, from:30088, delay:0.0001s, distance:260.27m (Euclidean)
[2025-03-11 13:24:43,125] [INFO] [30003] Received PREPARE: id:1741667081917, from:30033, delay:0.0000s, distance:195.07m (Euclidean)
[2025-03-11 13:24:43,127] [INFO] [30003] Received PREPARE: id:1741667081917, from:30099, delay:0.0001s, distance:276.18m (Euclidean)
[2025-03-11 13:24:43,127] [INFO] [30003] Received PREPARE: id:1741667081917, from:30100, delay:0.0000s, distance:144.77m (Euclidean)
[2025-03-11 13:24:43,127] [INFO] [30003] Received PREPARE: id:1741667081917, from:30006, delay:0.0002s, distance:284.60m (Euclidean)
[2025-03-11 13:24:43,127] [INFO] [30003] Received PREPARE: id:1741667081917, from:30024, delay:0.0001s, distance:238.01m (Euclidean)
[2025-03-11 13:24:43,127] [INFO] [30003] Received PREPARE: id:1741667081917, from:30041, delay:0.0001s, distance:230.96m (Euclidean)
[2025-03-11 13:24:43,129] [INFO] [30003] Received PREPARE: id:1741667081917, from:30102, delay:0.0000s, distance:163.18m (Euclidean)
[2025-03-11 13:24:43,129] [INFO] [30003] Received PREPARE: id:1741667081917, from:30034, delay:0.0001s, distance:256.25m (Euclidean)
[2025-03-11 13:24:43,129] [INFO] [30003] Received PREPARE: id:1741667081917, from:30190, delay:0.0001s, distance:225.28m (Euclidean)
[2025-03-11 13:24:43,129] [INFO] [30003] Received PREPARE: id:1741667081917, from:30019, delay:0.0000s, distance:34.40m (Euclidean)
[2025-03-11 13:24:43,129] [INFO] [30003] Received PREPARE: id:1741667081917, from:30040, delay:0.0001s, distance:278.57m (Euclidean)
[2025-03-11 13:24:43,129] [INFO] [30003] Received PREPARE: id:1741667081917, from:30161, delay:0.0001s, distance:207.19m (Euclidean)
[2025-03-11 13:24:43,129] [INFO] [30003] Received PREPARE: id:1741667081917, from:30046, delay:0.0001s, distance:264.97m (Euclidean)
[2025-03-11 13:24:43,129] [INFO] [30003] Received PREPARE: id:1741667081917, from:30090, delay:0.0000s, distance:142.46m (Euclidean)
[2025-03-11 13:24:43,129] [INFO] [30003] Received PREPARE: id:1741667081917, from:30092, delay:0.0001s, distance:242.50m (Euclidean)
[2025-03-11 13:24:43,129] [INFO] [30003] Received PREPARE: id:1741667081917, from:30059, delay:0.0001s, distance:257.83m (Euclidean)
[2025-03-11 13:24:43,129] [INFO] [30003] Received PREPARE: id:1741667081917, from:30029, delay:0.0001s, distance:240.07m (Euclidean)
[2025-03-11 13:24:43,129] [INFO] [30003] Received PREPARE: id:1741667081917, from:30049, delay:0.0001s, distance:248.46m (Euclidean)
[2025-03-11 13:24:43,133] [INFO] [30003] Received PREPARE: id:1741667081917, from:30056, delay:0.0000s, distance:191.16m (Euclidean)
[2025-03-11 13:24:43,133] [INFO] [30003] Received PREPARE: id:1741667081917, from:30078, delay:0.0001s, distance:234.86m (Euclidean)
[2025-03-11 13:24:43,133] [INFO] [30003] Received PREPARE: id:1741667081917, from:30095, delay:0.0001s, distance:254.27m (Euclidean)
[2025-03-11 13:24:43,133] [INFO] [30003] Received PREPARE: id:1741667081917, from:30086, delay:0.0000s, distance:66.07m (Euclidean)
[2025-03-11 13:24:43,133] [INFO] [30003] Received PREPARE: id:1741667081917, from:30093, delay:0.0001s, distance:266.89m (Euclidean)
[2025-03-11 13:24:43,133] [INFO] [30003] Received PREPARE: id:1741667081917, from:30062, delay:0.0000s, distance:141.11m (Euclidean)
[2025-03-11 13:24:43,135] [INFO] [30003] Received PREPARE: id:1741667081917, from:30074, delay:0.0000s, distance:169.51m (Euclidean)
[2025-03-11 13:24:43,135] [INFO] [30003] Received PREPARE: id:1741667081917, from:30101, delay:0.0001s, distance:286.64m (Euclidean)
[2025-03-11 13:24:43,135] [INFO] [30003] Received PREPARE: id:1741667081917, from:30075, delay:0.0001s, distance:272.34m (Euclidean)
[2025-03-11 13:24:43,135] [INFO] [30003] Received PREPARE: id:1741667081917, from:30081, delay:0.0001s, distance:266.75m (Euclidean)
[2025-03-11 13:24:43,224] [INFO] [30003] Received PREPARE: id:1741667081917, from:30098, delay:0.0001s, distance:223.98m (Euclidean)
[2025-03-11 13:24:43,330] [INFO] [30003] Received PREPARE: id:1741667081917, from:30028, delay:0.0002s, distance:251.47m (Euclidean)
[2025-03-11 13:24:43,398] [INFO] [30003] Received PREPARE: id:1741667081917, from:30021, delay:0.0000s, distance:171.71m (Euclidean)
[2025-03-11 13:24:43,398] [INFO] [30003] Received PREPARE: id:1741667081917, from:30037, delay:0.0000s, distance:191.32m (Euclidean)
[2025-03-11 13:24:43,398] [INFO] [30003] Received PREPARE: id:1741667081917, from:30097, delay:0.0001s, distance:292.52m (Euclidean)
[2025-03-11 13:24:43,398] [INFO] [30003] Received PREPARE: id:1741667081917, from:30065, delay:0.0001s, distance:225.33m (Euclidean)
[2025-03-11 13:24:43,401] [INFO] [30003] Received PREPARE: id:1741667081917, from:30048, delay:0.0000s, distance:135.42m (Euclidean)
[2025-03-11 13:24:43,401] [INFO] [30003] Received PREPARE: id:1741667081917, from:30017, delay:0.0000s, distance:136.75m (Euclidean)
[2025-03-11 13:24:43,401] [INFO] [30003] Received PREPARE: id:1741667081917, from:30015, delay:0.0000s, distance:199.52m (Euclidean)
[2025-03-11 13:24:43,404] [INFO] [30003] Received PREPARE: id:1741667081917, from:30013, delay:0.0001s, distance:286.61m (Euclidean)
[2025-03-11 13:24:43,406] [INFO] [30003] Received PREPARE: id:1741667081917, from:30018, delay:0.0001s, distance:267.82m (Euclidean)
[2025-03-11 13:24:43,442] [INFO] [30003] Received PREPARE: id:1741667081917, from:30008, delay:0.0001s, distance:287.24m (Euclidean)
[2025-03-11 13:24:43,442] [INFO] [30003] Received PREPARE: id:1741667081917, from:30002, delay:0.0001s, distance:278.28m (Euclidean)
[2025-03-11 13:24:43,446] [INFO] [30003] Received PREPARE: id:1741667081917, from:30096, delay:0.0001s, distance:207.50m (Euclidean)
[2025-03-11 13:24:43,446] [INFO] [30003] Received PREPARE: id:1741667081917, from:30084, delay:0.0001s, distance:242.67m (Euclidean)
[2025-03-11 13:24:43,446] [INFO] [30003] Received PREPARE: id:1741667081917, from:30054, delay:0.0001s, distance:293.68m (Euclidean)
[2025-03-11 13:24:43,486] [INFO] [30003] Received COMMIT: id:1741667081917, from:30103, delay:0.0000s, distance:150.43m (Euclidean)
[2025-03-11 13:24:43,491] [INFO] [30003] Received COMMIT: id:1741667081917, from:30086, delay:0.0000s, distance:66.07m (Euclidean)
[2025-03-11 13:24:43,491] [INFO] [LEADER 30003] Sending REPLY for REQUEST 1741667081917 to CLIENT
[2025-03-11 13:24:43,491] [INFO] [30003] Received PREPARE: id:1741667081917, from:30042, delay:0.0001s, distance:298.30m (Euclidean)
[2025-03-11 13:24:43,491] [INFO] [30003] Received COMMIT: id:1741667081917, from:30068, delay:0.0000s, distance:98.17m (Euclidean)
[2025-03-11 13:24:43,491] [INFO] [30003] Received PREPARE: id:1741667081917, from:30030, delay:0.0001s, distance:271.82m (Euclidean)
[2025-03-11 13:24:43,496] [INFO] [30003] Received COMMIT: id:1741667081917, from:30100, delay:0.0000s, distance:144.77m (Euclidean)
[2025-03-11 13:24:43,515] [INFO] [30003] Received COMMIT: id:1741667081917, from:30091, delay:0.0001s, distance:222.84m (Euclidean)
[2025-03-11 13:24:43,515] [INFO] [30003] Received COMMIT: id:1741667081917, from:30095, delay:0.0001s, distance:254.27m (Euclidean)
[2025-03-11 13:24:43,515] [INFO] [30003] Received PREPARE: id:1741667081917, from:30094, delay:0.0001s, distance:293.20m (Euclidean)
[2025-03-11 13:24:43,515] [INFO] [30003] Received COMMIT: id:1741667081917, from:30101, delay:0.0001s, distance:286.64m (Euclidean)
[2025-03-11 13:24:43,562] [INFO] [30003] Received COMMIT: id:1741667081917, from:30088, delay:0.0001s, distance:260.27m (Euclidean)
[2025-03-11 13:24:43,562] [INFO] [30003] Received COMMIT: id:1741667081917, from:30080, delay:0.0001s, distance:178.09m (Euclidean)
[2025-03-11 13:24:43,634] [INFO] [30003] Received PREPARE: id:1741667081917, from:30020, delay:0.0000s, distance:161.87m (Euclidean)
[2025-03-11 13:24:43,672] [INFO] [30003] Received PREPARE: id:1741667081917, from:30070, delay:0.0001s, distance:251.33m (Euclidean)
[2025-03-11 13:24:43,730] [INFO] [30003] Received COMMIT: id:1741667081917, from:30033, delay:0.0000s, distance:195.07m (Euclidean)
[2025-03-11 13:24:43,730] [INFO] [30003] Received PREPARE: id:1741667081917, from:30085, delay:0.0001s, distance:250.89m (Euclidean)
[2025-03-11 13:24:43,733] [INFO] [30003] Received PREPARE: id:1741667081917, from:30066, delay:0.0001s, distance:225.58m (Euclidean)
[2025-03-11 13:24:43,755] [INFO] [30003] Received PREPARE: id:1741667081917, from:30073, delay:0.0001s, distance:275.08m (Euclidean)
[2025-03-11 13:24:43,755] [INFO] [30003] Received COMMIT: id:1741667081917, from:30029, delay:0.0001s, distance:240.07m (Euclidean)
[2025-03-11 13:24:44,032] [INFO] [30003] Received COMMIT: id:1741667081917, from:30059, delay:0.0001s, distance:257.83m (Euclidean)
[2025-03-11 13:24:44,187] [INFO] [30003] Received COMMIT: id:1741667081917, from:30073, delay:0.0001s, distance:275.08m (Euclidean)
[2025-03-11 13:24:44,187] [INFO] [30003] Received COMMIT: id:1741667081917, from:30090, delay:0.0000s, distance:142.46m (Euclidean)
[2025-03-11 13:24:44,187] [INFO] [30003] Received COMMIT: id:1741667081917, from:30092, delay:0.0001s, distance:242.50m (Euclidean)
[2025-03-11 13:24:44,187] [INFO] [30003] Received COMMIT: id:1741667081917, from:30099, delay:0.0001s, distance:276.18m (Euclidean)
[2025-03-11 13:24:44,187] [INFO] [30003] Received PREPARE: id:1741667081917, from:30022, delay:0.0000s, distance:177.19m (Euclidean)
[2025-03-11 13:24:44,187] [INFO] [30003] Received COMMIT: id:1741667081917, from:30002, delay:0.0001s, distance:278.28m (Euclidean)
[2025-03-11 13:24:44,187] [INFO] [30003] Received COMMIT: id:1741667081917, from:30008, delay:0.0001s, distance:287.24m (Euclidean)
[2025-03-11 13:24:44,229] [INFO] [30003] Received COMMIT: id:1741667081917, from:30161, delay:0.0001s, distance:207.19m (Euclidean)
[2025-03-11 13:24:44,406] [INFO] [30003] Received COMMIT: id:1741667081917, from:30049, delay:0.0001s, distance:248.46m (Euclidean)
[2025-03-11 13:24:44,406] [INFO] [30003] Received COMMIT: id:1741667081917, from:30004, delay:0.0000s, distance:249.99m (Euclidean)
[2025-03-11 13:24:44,406] [INFO] [30003] Received PREPARE: id:1741667081917, from:30011, delay:0.0000s, distance:189.72m (Euclidean)
[2025-03-11 13:24:44,457] [INFO] [30003] Received COMMIT: id:1741667081917, from:30043, delay:0.0001s, distance:220.04m (Euclidean)
[2025-03-11 13:24:44,457] [INFO] [30003] Received PREPARE: id:1741667081917, from:30064, delay:0.0001s, distance:256.40m (Euclidean)
[2025-03-11 13:24:44,457] [INFO] [30003] Received COMMIT: id:1741667081917, from:30006, delay:0.0002s, distance:284.60m (Euclidean)
[2025-03-11 13:24:44,457] [INFO] [30003] Received COMMIT: id:1741667081917, from:30085, delay:0.0001s, distance:250.89m (Euclidean)
[2025-03-11 13:24:44,609] [INFO] [30003] Received PREPARE: id:1741667081917, from:30007, delay:0.0001s, distance:216.85m (Euclidean)
[2025-03-11 13:24:44,645] [INFO] [30003] Received COMMIT: id:1741667081917, from:30026, delay:0.0002s, distance:278.10m (Euclidean)
[2025-03-11 13:24:44,647] [INFO] [30003] Received PREPARE: id:1741667081917, from:30005, delay:0.0000s, distance:190.67m (Euclidean)
[2025-03-11 13:24:44,729] [INFO] [30003] Received COMMIT: id:1741667081917, from:30093, delay:0.0001s, distance:266.89m (Euclidean)
[2025-03-11 13:24:44,732] [INFO] [30003] Received COMMIT: id:1741667081917, from:30017, delay:0.0000s, distance:136.75m (Euclidean)
[2025-03-11 13:24:44,769] [INFO] [30003] Received PREPARE: id:1741667081917, from:30063, delay:0.0001s, distance:218.42m (Euclidean)
[2025-03-11 13:24:44,771] [INFO] [30003] Received COMMIT: id:1741667081917, from:30028, delay:0.0002s, distance:251.47m (Euclidean)
[2025-03-11 13:24:44,771] [INFO] [30003] Received COMMIT: id:1741667081917, from:30065, delay:0.0001s, distance:225.33m (Euclidean)
[2025-03-11 13:24:44,891] [INFO] [30003] Received COMMIT: id:1741667081917, from:30022, delay:0.0000s, distance:177.19m (Euclidean)
[2025-03-11 13:24:45,032] [INFO] [30003] Received COMMIT: id:1741667081917, from:30074, delay:0.0000s, distance:169.51m (Euclidean)
[2025-03-11 13:24:45,034] [INFO] [30003] Received COMMIT: id:1741667081917, from:30037, delay:0.0000s, distance:191.32m (Euclidean)
[2025-03-11 13:24:45,063] [INFO] [30003] Received COMMIT: id:1741667081917, from:30084, delay:0.0001s, distance:242.67m (Euclidean)
[2025-03-11 13:24:45,103] [INFO] [30003] Received COMMIT: id:1741667081917, from:30054, delay:0.0001s, distance:293.68m (Euclidean)
[2025-03-11 13:24:45,183] [INFO] [30003] Received COMMIT: id:1741667081917, from:30018, delay:0.0001s, distance:267.82m (Euclidean)
[2025-03-11 13:24:45,198] [INFO] [30003] Received COMMIT: id:1741667081917, from:30048, delay:0.0000s, distance:135.42m (Euclidean)
[2025-03-11 13:24:45,198] [INFO] [30003] Received COMMIT: id:1741667081917, from:30013, delay:0.0001s, distance:286.61m (Euclidean)
[2025-03-11 13:24:45,198] [INFO] [30003] Received PREPARE: id:1741667081917, from:30025, delay:0.0001s, distance:257.34m (Euclidean)
[2025-03-11 13:24:45,220] [INFO] [30003] Received COMMIT: id:1741667081917, from:30007, delay:0.0001s, distance:216.85m (Euclidean)
[2025-03-11 13:24:45,222] [INFO] [30003] Received COMMIT: id:1741667081917, from:30005, delay:0.0000s, distance:190.67m (Euclidean)
[2025-03-11 13:24:45,251] [INFO] [30003] Received COMMIT: id:1741667081917, from:30024, delay:0.0001s, distance:238.01m (Euclidean)
[2025-03-11 13:24:45,300] [INFO] [30003] Received COMMIT: id:1741667081917, from:30020, delay:0.0000s, distance:161.87m (Euclidean)
[2025-03-11 13:24:45,343] [INFO] [30003] Received COMMIT: id:1741667081917, from:30034, delay:0.0001s, distance:256.25m (Euclidean)
[2025-03-11 13:24:45,394] [INFO] [30003] Received COMMIT: id:1741667081917, from:30075, delay:0.0001s, distance:272.34m (Euclidean)
[2025-03-11 13:24:45,414] [INFO] [30003] Received COMMIT: id:1741667081917, from:30063, delay:0.0001s, distance:218.42m (Euclidean)
[2025-03-11 13:24:45,551] [INFO] [30003] Received COMMIT: id:1741667081917, from:30025, delay:0.0001s, distance:257.34m (Euclidean)
[2025-03-11 13:24:45,585] [INFO] [30003] Received COMMIT: id:1741667081917, from:30035, delay:0.0000s, distance:192.20m (Euclidean)
[2025-03-11 13:24:45,708] [INFO] [30003] Received COMMIT: id:1741667081917, from:30064, delay:0.0001s, distance:256.40m (Euclidean)
[2025-03-11 13:24:45,791] [INFO] [30003] Received PREPARE: id:1741667081917, from:30053, delay:0.0001s, distance:260.69m (Euclidean)
[2025-03-11 13:24:45,846] [INFO] [30003] Received COMMIT: id:1741667081917, from:30056, delay:0.0000s, distance:191.16m (Euclidean)
[2025-03-11 13:24:45,878] [INFO] [30003] Received COMMIT: id:1741667081917, from:30076, delay:0.0001s, distance:255.39m (Euclidean)
[2025-03-11 13:24:46,100] [INFO] [30003] Received COMMIT: id:1741667081917, from:30097, delay:0.0001s, distance:292.52m (Euclidean)
[2025-03-11 13:24:46,148] [INFO] [30003] Received COMMIT: id:1741667081917, from:30070, delay:0.0001s, distance:251.33m (Euclidean)
[2025-03-11 13:24:46,164] [INFO] [30003] Received COMMIT: id:1741667081917, from:30081, delay:0.0001s, distance:266.75m (Euclidean)
[2025-03-11 13:24:46,211] [INFO] [30003] Received COMMIT: id:1741667081917, from:30041, delay:0.0001s, distance:230.96m (Euclidean)
[2025-03-11 13:24:46,296] [INFO] [30003] Received COMMIT: id:1741667081917, from:30040, delay:0.0001s, distance:278.57m (Euclidean)
[2025-03-11 13:24:46,369] [INFO] [30003] Received COMMIT: id:1741667081917, from:30053, delay:0.0001s, distance:260.69m (Euclidean)
[2025-03-11 13:24:46,704] [INFO] [30003] Received COMMIT: id:1741667081917, from:30190, delay:0.0001s, distance:225.28m (Euclidean)
[2025-03-11 13:24:46,809] [INFO] [30003] Received COMMIT: id:1741667081917, from:30042, delay:0.0001s, distance:298.30m (Euclidean)
[2025-03-11 13:24:46,995] [INFO] [30003] Received COMMIT: id:1741667081917, from:30030, delay:0.0001s, distance:271.82m (Euclidean)
[2025-03-11 13:24:47,085] [INFO] [30003] Received COMMIT: id:1741667081917, from:30062, delay:0.0000s, distance:141.11m (Euclidean)
[2025-03-11 13:24:47,183] [INFO] [30003] Received COMMIT: id:1741667081917, from:30098, delay:0.0001s, distance:223.98m (Euclidean)
[2025-03-11 13:24:47,352] [INFO] [30003] Received COMMIT: id:1741667081917, from:30019, delay:0.0000s, distance:34.40m (Euclidean)
[2025-03-11 13:24:47,444] [INFO] [30003] Received COMMIT: id:1741667081917, from:30046, delay:0.0001s, distance:264.97m (Euclidean)
[2025-03-11 13:24:47,444] [INFO] [30003] Received COMMIT: id:1741667081917, from:30011, delay:0.0000s, distance:189.72m (Euclidean)
[2025-03-11 13:24:47,486] [INFO] [30003] Received COMMIT: id:1741667081917, from:30066, delay:0.0001s, distance:225.58m (Euclidean)
[2025-03-11 13:24:47,598] [INFO] [30003] Received COMMIT: id:1741667081917, from:30015, delay:0.0000s, distance:199.52m (Euclidean)
[2025-03-11 13:24:47,729] [INFO] [30003] Received COMMIT: id:1741667081917, from:30102, delay:0.0000s, distance:163.18m (Euclidean)
[2025-03-11 13:24:47,752] [INFO] [30003] Received COMMIT: id:1741667081917, from:30096, delay:0.0001s, distance:207.50m (Euclidean)
[2025-03-11 13:24:47,785] [INFO] [30003] Received COMMIT: id:1741667081917, from:30094, delay:0.0001s, distance:293.20m (Euclidean)
[2025-03-11 13:24:48,376] [INFO] [30003] Received COMMIT: id:1741667081917, from:30078, delay:0.0001s, distance:234.86m (Euclidean)
[2025-03-11 13:24:48,943] [INFO] [30003] Received COMMIT: id:1741667081917, from:30021, delay:0.0000s, distance:171.71m (Euclidean)
[2025-03-11 13:24:49,080] [INFO] [30003] Received PREPARE: id:1741667081917, from:30152, delay:0.0000s, distance:184.80m (Euclidean)
[2025-03-11 13:24:50,406] [INFO] [30003] Received PREPARE: id:1741667081917, from:30108, delay:0.0001s, distance:268.02m (Euclidean)
[2025-03-11 13:24:50,515] [INFO] [30003] Received PREPARE: id:1741667081917, from:30177, delay:0.0000s, distance:196.35m (Euclidean)
[2025-03-11 13:24:51,336] [INFO] [30003] Received COMMIT: id:1741667081917, from:30000, delay:0.0000s, distance:181.89m (Euclidean)
[2025-03-11 13:24:52,044] [INFO] [30003] Received PREPARE: id:1741667081917, from:30107, delay:0.0000s, distance:73.03m (Euclidean)
[2025-03-11 13:24:52,110] [INFO] [30003] Received PREPARE: id:1741667081917, from:30133, delay:0.0001s, distance:242.10m (Euclidean)
[2025-03-11 13:24:52,110] [INFO] [30003] Received COMMIT: id:1741667081917, from:30133, delay:0.0001s, distance:242.10m (Euclidean)
[2025-03-11 13:24:52,218] [INFO] [30003] Received PREPARE: id:1741667081917, from:30111, delay:0.0001s, distance:204.01m (Euclidean)
[2025-03-11 13:24:52,378] [INFO] [30003] Received PREPARE: id:1741667081917, from:30116, delay:0.0001s, distance:261.00m (Euclidean)
[2025-03-11 13:24:52,460] [INFO] [30003] Received COMMIT: id:1741667081917, from:30177, delay:0.0000s, distance:196.35m (Euclidean)
[2025-03-11 13:24:52,638] [INFO] [30003] Received PREPARE: id:1741667081917, from:30144, delay:0.0000s, distance:119.34m (Euclidean)
[2025-03-11 13:24:52,724] [INFO] [30003] Received PREPARE: id:1741667081917, from:30164, delay:0.0001s, distance:231.81m (Euclidean)
[2025-03-11 13:24:52,724] [INFO] [30003] Received PREPARE: id:1741667081917, from:30109, delay:0.0000s, distance:125.74m (Euclidean)
[2025-03-11 13:24:52,887] [INFO] [30003] Received PREPARE: id:1741667081917, from:30183, delay:0.0000s, distance:184.67m (Euclidean)
[2025-03-11 13:24:53,034] [INFO] [30003] Received PREPARE: id:1741667081917, from:30191, delay:0.0000s, distance:177.48m (Euclidean)
[2025-03-11 13:24:53,090] [INFO] [30003] Received PREPARE: id:1741667081917, from:30154, delay:0.0000s, distance:180.91m (Euclidean)
[2025-03-11 13:24:53,122] [INFO] [30003] Received COMMIT: id:1741667081917, from:30191, delay:0.0000s, distance:177.48m (Euclidean)
[2025-03-11 13:24:53,142] [INFO] [30003] Received PREPARE: id:1741667081917, from:30196, delay:0.0000s, distance:249.46m (Euclidean)
[2025-03-11 13:24:53,211] [INFO] [30003] Received COMMIT: id:1741667081917, from:30164, delay:0.0001s, distance:231.81m (Euclidean)
[2025-03-11 13:24:53,227] [INFO] [30003] Received PREPARE: id:1741667081917, from:30159, delay:0.0000s, distance:194.44m (Euclidean)
[2025-03-11 13:24:53,275] [INFO] [30003] Received COMMIT: id:1741667081917, from:30107, delay:0.0000s, distance:73.03m (Euclidean)
[2025-03-11 13:24:53,314] [INFO] [30003] Received PREPARE: id:1741667081917, from:30188, delay:0.0001s, distance:220.03m (Euclidean)
[2025-03-11 13:24:53,324] [INFO] [30003] Received PREPARE: id:1741667081917, from:30197, delay:0.0000s, distance:12.26m (Euclidean)
[2025-03-11 13:24:53,377] [INFO] [30003] Received COMMIT: id:1741667081917, from:30108, delay:0.0001s, distance:268.02m (Euclidean)
[2025-03-11 13:24:53,409] [INFO] [30003] Received PREPARE: id:1741667081917, from:30110, delay:0.0000s, distance:170.11m (Euclidean)
[2025-03-11 13:24:53,455] [INFO] [30003] Received PREPARE: id:1741667081917, from:30158, delay:0.0000s, distance:126.47m (Euclidean)
[2025-03-11 13:24:53,495] [INFO] [30003] Received COMMIT: id:1741667081917, from:30111, delay:0.0001s, distance:204.01m (Euclidean)
[2025-03-11 13:24:53,572] [INFO] [30003] Received COMMIT: id:1741667081917, from:30159, delay:0.0000s, distance:194.44m (Euclidean)
[2025-03-11 13:24:53,714] [INFO] [30003] Received PREPARE: id:1741667081917, from:30176, delay:0.0000s, distance:249.22m (Euclidean)
[2025-03-11 13:24:53,750] [INFO] [30003] Received PREPARE: id:1741667081917, from:30117, delay:0.0001s, distance:244.11m (Euclidean)
[2025-03-11 13:24:53,750] [INFO] [30003] Received COMMIT: id:1741667081917, from:30117, delay:0.0001s, distance:244.11m (Euclidean)
[2025-03-11 13:24:53,793] [INFO] [30003] Received PREPARE: id:1741667081917, from:30121, delay:0.0001s, distance:274.11m (Euclidean)
[2025-03-11 13:24:53,904] [INFO] [30003] Received PREPARE: id:1741667081917, from:30167, delay:0.0000s, distance:80.50m (Euclidean)
[2025-03-11 13:24:53,949] [INFO] [30003] Received PREPARE: id:1741667081917, from:30131, delay:0.0001s, distance:244.02m (Euclidean)
[2025-03-11 13:24:54,050] [INFO] [30003] Received PREPARE: id:1741667081917, from:30069, delay:0.0001s, distance:293.01m (Euclidean)
[2025-03-11 13:24:54,075] [INFO] [30003] Received PREPARE: id:1741667081917, from:30129, delay:0.0001s, distance:263.47m (Euclidean)
[2025-03-11 13:24:54,108] [INFO] [30003] Received COMMIT: id:1741667081917, from:30167, delay:0.0000s, distance:80.50m (Euclidean)
[2025-03-11 13:24:54,144] [INFO] [30003] Received PREPARE: id:1741667081917, from:30148, delay:0.0001s, distance:238.13m (Euclidean)
[2025-03-11 13:24:54,165] [INFO] [30003] Received PREPARE: id:1741667081917, from:30125, delay:0.0000s, distance:115.08m (Euclidean)
[2025-03-11 13:24:54,247] [INFO] [30003] Received PREPARE: id:1741667081917, from:30126, delay:0.0001s, distance:221.30m (Euclidean)
[2025-03-11 13:24:54,402] [INFO] [30003] Received PREPARE: id:1741667081917, from:30157, delay:0.0001s, distance:264.72m (Euclidean)
[2025-03-11 13:24:54,442] [INFO] [30003] Received PREPARE: id:1741667081917, from:30118, delay:0.0001s, distance:288.81m (Euclidean)
[2025-03-11 13:24:54,498] [INFO] [30003] Received COMMIT: id:1741667081917, from:30188, delay:0.0001s, distance:220.03m (Euclidean)
[2025-03-11 13:24:54,556] [INFO] [30003] Received COMMIT: id:1741667081917, from:30129, delay:0.0001s, distance:263.47m (Euclidean)
[2025-03-11 13:24:54,580] [INFO] [30003] Received COMMIT: id:1741667081917, from:30144, delay:0.0000s, distance:119.34m (Euclidean)
[2025-03-11 13:24:54,580] [INFO] [30003] Received PREPARE: id:1741667081917, from:30128, delay:0.0000s, distance:51.36m (Euclidean)
[2025-03-11 13:24:54,580] [INFO] [30003] Received PREPARE: id:1741667081917, from:30032, delay:0.0001s, distance:248.86m (Euclidean)
[2025-03-11 13:24:54,750] [INFO] [30003] Received PREPARE: id:1741667081917, from:30140, delay:0.0000s, distance:136.24m (Euclidean)
[2025-03-11 13:24:54,759] [INFO] [30003] Received PREPARE: id:1741667081917, from:30174, delay:0.0001s, distance:244.87m (Euclidean)
[2025-03-11 13:24:54,839] [INFO] [30003] Received PREPARE: id:1741667081917, from:30180, delay:0.0000s, distance:104.03m (Euclidean)
[2025-03-11 13:24:54,869] [INFO] [30003] Received COMMIT: id:1741667081917, from:30121, delay:0.0001s, distance:274.11m (Euclidean)
[2025-03-11 13:24:54,884] [INFO] [30003] Received PREPARE: id:1741667081917, from:30141, delay:0.0001s, distance:227.73m (Euclidean)
[2025-03-11 13:24:54,899] [INFO] [30003] Received PREPARE: id:1741667081917, from:30182, delay:0.0000s, distance:183.48m (Euclidean)
[2025-03-11 13:24:54,903] [INFO] [30003] Received PREPARE: id:1741667081917, from:30067, delay:0.0001s, distance:279.03m (Euclidean)
[2025-03-11 13:24:54,945] [INFO] [30003] Received PREPARE: id:1741667081917, from:30194, delay:0.0000s, distance:191.16m (Euclidean)
[2025-03-11 13:24:55,018] [INFO] [30003] Received COMMIT: id:1741667081917, from:30174, delay:0.0001s, distance:244.87m (Euclidean)
[2025-03-11 13:24:55,041] [INFO] [30003] Received PREPARE: id:1741667081917, from:30172, delay:0.0001s, distance:260.20m (Euclidean)
[2025-03-11 13:24:55,248] [INFO] [30003] Received COMMIT: id:1741667081917, from:30116, delay:0.0001s, distance:261.00m (Euclidean)
[2025-03-11 13:24:55,340] [INFO] [30003] Received COMMIT: id:1741667081917, from:30197, delay:0.0000s, distance:12.26m (Euclidean)
[2025-03-11 13:24:55,340] [INFO] [30003] Received PREPARE: id:1741667081917, from:30151, delay:0.0001s, distance:256.34m (Euclidean)
[2025-03-11 13:24:55,340] [INFO] [30003] Received PREPARE: id:1741667081917, from:30193, delay:0.0001s, distance:248.96m (Euclidean)
[2025-03-11 13:24:55,389] [INFO] [30003] Received COMMIT: id:1741667081917, from:30148, delay:0.0001s, distance:238.13m (Euclidean)
[2025-03-11 13:24:55,466] [INFO] [30003] Received PREPARE: id:1741667081917, from:30179, delay:0.0000s, distance:143.39m (Euclidean)
[2025-03-11 13:24:55,466] [INFO] [30003] Received COMMIT: id:1741667081917, from:30179, delay:0.0000s, distance:143.39m (Euclidean)
[2025-03-11 13:24:55,676] [INFO] [30003] Received COMMIT: id:1741667081917, from:30140, delay:0.0000s, distance:136.24m (Euclidean)
[2025-03-11 13:24:55,765] [INFO] [30003] Received COMMIT: id:1741667081917, from:30152, delay:0.0000s, distance:184.80m (Euclidean)
[2025-03-11 13:24:55,796] [INFO] [30003] Received COMMIT: id:1741667081917, from:30151, delay:0.0001s, distance:256.34m (Euclidean)
[2025-03-11 13:24:55,820] [INFO] [30003] Received PREPARE: id:1741667081917, from:30186, delay:0.0001s, distance:262.49m (Euclidean)
[2025-03-11 13:24:55,820] [INFO] [30003] Received COMMIT: id:1741667081917, from:30186, delay:0.0001s, distance:262.49m (Euclidean)
[2025-03-11 13:24:55,867] [INFO] [30003] Received PREPARE: id:1741667081917, from:30160, delay:0.0001s, distance:243.81m (Euclidean)
[2025-03-11 13:24:55,886] [INFO] [30003] Received COMMIT: id:1741667081917, from:30110, delay:0.0000s, distance:170.11m (Euclidean)
[2025-03-11 13:24:55,909] [INFO] [30003] Received COMMIT: id:1741667081917, from:30158, delay:0.0000s, distance:126.47m (Euclidean)
[2025-03-11 13:24:55,995] [INFO] [30003] Received PREPARE: id:1741667081917, from:30115, delay:0.0001s, distance:254.45m (Euclidean)
[2025-03-11 13:24:55,995] [INFO] [30003] Received PREPARE: id:1741667081917, from:30119, delay:0.0001s, distance:189.85m (Euclidean)
[2025-03-11 13:24:56,035] [INFO] [30003] Received COMMIT: id:1741667081917, from:30176, delay:0.0000s, distance:249.22m (Euclidean)
[2025-03-11 13:24:56,086] [INFO] [30003] Received COMMIT: id:1741667081917, from:30115, delay:0.0001s, distance:254.45m (Euclidean)
[2025-03-11 13:24:56,289] [INFO] [30003] Received PREPARE: id:1741667081917, from:30150, delay:0.0000s, distance:167.20m (Euclidean)
[2025-03-11 13:24:56,547] [INFO] [30003] Received COMMIT: id:1741667081917, from:30193, delay:0.0001s, distance:248.96m (Euclidean)
[2025-03-11 13:24:56,809] [INFO] [30003] Received COMMIT: id:1741667081917, from:30126, delay:0.0001s, distance:221.30m (Euclidean)
[2025-03-11 13:24:56,984] [INFO] [30003] Received PREPARE: id:1741667081917, from:30189, delay:0.0001s, distance:273.06m (Euclidean)
[2025-03-11 13:24:57,005] [INFO] [30003] Received COMMIT: id:1741667081917, from:30183, delay:0.0000s, distance:184.67m (Euclidean)
[2025-03-11 13:24:57,034] [INFO] [30003] Received COMMIT: id:1741667081917, from:30150, delay:0.0000s, distance:167.20m (Euclidean)
[2025-03-11 13:24:57,163] [INFO] [30003] Received PREPARE: id:1741667081917, from:30146, delay:0.0001s, distance:242.28m (Euclidean)
[2025-03-11 13:24:57,431] [INFO] [30003] Received COMMIT: id:1741667081917, from:30109, delay:0.0000s, distance:125.74m (Euclidean)
[2025-03-11 13:24:57,441] [INFO] [30003] Received PREPARE: id:1741667081917, from:30120, delay:0.0001s, distance:234.77m (Euclidean)
[2025-03-11 13:24:57,441] [INFO] [30003] Received COMMIT: id:1741667081917, from:30120, delay:0.0001s, distance:234.77m (Euclidean)
[2025-03-11 13:24:57,576] [INFO] [30003] Received PREPARE: id:1741667081917, from:30171, delay:0.0001s, distance:259.67m (Euclidean)
[2025-03-11 13:24:57,691] [INFO] [30003] Received COMMIT: id:1741667081917, from:30194, delay:0.0000s, distance:191.16m (Euclidean)
[2025-03-11 13:24:57,721] [INFO] [30003] Received COMMIT: id:1741667081917, from:30032, delay:0.0001s, distance:248.86m (Euclidean)
[2025-03-11 13:24:57,960] [INFO] [30003] Received PREPARE: id:1741667081917, from:30113, delay:0.0000s, distance:189.68m (Euclidean)
[2025-03-11 13:24:58,012] [INFO] [30003] Received COMMIT: id:1741667081917, from:30113, delay:0.0000s, distance:189.68m (Euclidean)
[2025-03-11 13:24:58,255] [INFO] [30003] Received COMMIT: id:1741667081917, from:30160, delay:0.0001s, distance:243.81m (Euclidean)
[2025-03-11 13:24:58,622] [INFO] [30003] Received COMMIT: id:1741667081917, from:30067, delay:0.0001s, distance:279.03m (Euclidean)
[2025-03-11 13:24:58,665] [INFO] [30003] Received COMMIT: id:1741667081917, from:30141, delay:0.0001s, distance:227.73m (Euclidean)
[2025-03-11 13:24:58,716] [INFO] [30003] Received COMMIT: id:1741667081917, from:30154, delay:0.0000s, distance:180.91m (Euclidean)
[2025-03-11 13:24:58,835] [INFO] [30003] Received COMMIT: id:1741667081917, from:30119, delay:0.0001s, distance:189.85m (Euclidean)
[2025-03-11 13:24:58,998] [INFO] [30003] Received COMMIT: id:1741667081917, from:30171, delay:0.0001s, distance:259.67m (Euclidean)
[2025-03-11 13:24:59,019] [INFO] [30003] Received COMMIT: id:1741667081917, from:30125, delay:0.0000s, distance:115.08m (Euclidean)
[2025-03-11 13:24:59,614] [INFO] [30003] Received COMMIT: id:1741667081917, from:30146, delay:0.0001s, distance:242.28m (Euclidean)
[2025-03-11 13:24:59,650] [INFO] [30003] Received COMMIT: id:1741667081917, from:30172, delay:0.0001s, distance:260.20m (Euclidean)
[2025-03-11 13:24:59,836] [INFO] [30003] Received COMMIT: id:1741667081917, from:30118, delay:0.0001s, distance:288.81m (Euclidean)
[2025-03-11 13:25:00,191] [INFO] [30003] Received COMMIT: id:1741667081917, from:30180, delay:0.0000s, distance:104.03m (Euclidean)
[2025-03-11 13:25:00,573] [INFO] [30003] Received PREPARE: id:1741667081917, from:30147, delay:0.0000s, distance:128.88m (Euclidean)
[2025-03-11 13:25:00,593] [INFO] [30003] Received COMMIT: id:1741667081917, from:30196, delay:0.0000s, distance:249.46m (Euclidean)
[2025-03-11 13:25:00,797] [INFO] [30003] Received COMMIT: id:1741667081917, from:30069, delay:0.0001s, distance:293.01m (Euclidean)
[2025-03-11 13:25:00,848] [INFO] [30003] Received COMMIT: id:1741667081917, from:30157, delay:0.0001s, distance:264.72m (Euclidean)
[2025-03-11 13:25:01,417] [INFO] [30003] Received COMMIT: id:1741667081917, from:30147, delay:0.0000s, distance:128.88m (Euclidean)
[2025-03-11 13:25:01,427] [INFO] [30003] Received COMMIT: id:1741667081917, from:30131, delay:0.0001s, distance:244.02m (Euclidean)
[2025-03-11 13:25:01,542] [INFO] [30003] Received COMMIT: id:1741667081917, from:30128, delay:0.0000s, distance:51.36m (Euclidean)
[2025-03-11 13:25:01,928] [INFO] [30003] Received COMMIT: id:1741667081917, from:30189, delay:0.0001s, distance:273.06m (Euclidean)
[2025-03-11 13:25:02,280] [INFO] [30003] Received COMMIT: id:1741667081917, from:30182, delay:0.0000s, distance:183.48m (Euclidean)
[2025-03-11 13:25:03,512] [INFO] [30003] Received PREPARE: id:1741667081917, from:30175, delay:0.0001s, distance:212.30m (Euclidean)
[2025-03-11 13:25:03,680] [INFO] [30003] Received PREPARE: id:1741667081917, from:30136, delay:0.0000s, distance:106.54m (Euclidean)
[2025-03-11 13:25:03,740] [INFO] [30003] Received PREPARE: id:1741667081917, from:30153, delay:0.0000s, distance:114.83m (Euclidean)
[2025-03-11 13:25:03,908] [INFO] [30003] Received PREPARE: id:1741667081917, from:30162, delay:0.0000s, distance:166.09m (Euclidean)
[2025-03-11 13:25:03,908] [INFO] [30003] Received PREPARE: id:1741667081917, from:30124, delay:0.0000s, distance:180.48m (Euclidean)
[2025-03-11 13:25:04,266] [INFO] [30003] Received PREPARE: id:1741667081917, from:30071, delay:0.0001s, distance:247.71m (Euclidean)
[2025-03-11 13:25:04,371] [INFO] [30003] Received COMMIT: id:1741667081917, from:30124, delay:0.0000s, distance:180.48m (Euclidean)
[2025-03-11 13:25:04,560] [INFO] [30003] Received PREPARE: id:1741667081917, from:30155, delay:0.0000s, distance:41.02m (Euclidean)
[2025-03-11 13:25:05,208] [INFO] [30003] Received COMMIT: id:1741667081917, from:30155, delay:0.0000s, distance:41.02m (Euclidean)
[2025-03-11 13:25:05,432] [INFO] [30003] Received PREPARE: id:1741667081917, from:30134, delay:0.0001s, distance:214.65m (Euclidean)
[2025-03-11 13:25:05,647] [INFO] [30003] Received COMMIT: id:1741667081917, from:30153, delay:0.0000s, distance:114.83m (Euclidean)
[2025-03-11 13:25:05,733] [INFO] [30003] Received COMMIT: id:1741667081917, from:30134, delay:0.0001s, distance:214.65m (Euclidean)
[2025-03-11 13:25:06,143] [INFO] [30003] Received PREPARE: id:1741667081917, from:30199, delay:0.0001s, distance:221.00m (Euclidean)
[2025-03-11 13:25:06,606] [INFO] [30003] Received PREPARE: id:1741667081917, from:30149, delay:0.0001s, distance:242.92m (Euclidean)
[2025-03-11 13:25:06,689] [INFO] [30003] Received PREPARE: id:1741667081917, from:30178, delay:0.0000s, distance:174.18m (Euclidean)
[2025-03-11 13:25:06,690] [INFO] [30003] Received COMMIT: id:1741667081917, from:30178, delay:0.0000s, distance:174.18m (Euclidean)
[2025-03-11 13:25:07,025] [INFO] [30003] Received PREPARE: id:1741667081917, from:30170, delay:0.0000s, distance:197.37m (Euclidean)
[2025-03-11 13:25:07,429] [INFO] [30003] Received COMMIT: id:1741667081917, from:30149, delay:0.0001s, distance:242.92m (Euclidean)
[2025-03-11 13:25:07,502] [INFO] [30003] Received PREPARE: id:1741667081917, from:30135, delay:0.0002s, distance:268.07m (Euclidean)
[2025-03-11 13:25:07,596] [INFO] [30003] Received PREPARE: id:1741667081917, from:30156, delay:0.0001s, distance:280.11m (Euclidean)
[2025-03-11 13:25:07,598] [INFO] [30003] Received COMMIT: id:1741667081917, from:30156, delay:0.0001s, distance:280.11m (Euclidean)
[2025-03-11 13:25:07,881] [INFO] [30003] Received COMMIT: id:1741667081917, from:30175, delay:0.0001s, distance:212.30m (Euclidean)
[2025-03-11 13:25:07,881] [INFO] [30003] Received COMMIT: id:1741667081917, from:30136, delay:0.0000s, distance:106.54m (Euclidean)
[2025-03-11 13:25:07,891] [INFO] [30003] Received COMMIT: id:1741667081917, from:30170, delay:0.0000s, distance:197.37m (Euclidean)
[2025-03-11 13:25:08,192] [INFO] [30003] Received COMMIT: id:1741667081917, from:30135, delay:0.0002s, distance:268.07m (Euclidean)
[2025-03-11 13:25:08,233] [INFO] [30003] Received PREPARE: id:1741667081917, from:30195, delay:0.0001s, distance:227.44m (Euclidean)
[2025-03-11 13:25:08,255] [INFO] [30003] Received COMMIT: id:1741667081917, from:30195, delay:0.0001s, distance:227.44m (Euclidean)
[2025-03-11 13:25:08,556] [INFO] [30003] Received COMMIT: id:1741667081917, from:30162, delay:0.0000s, distance:166.09m (Euclidean)
[2025-03-11 13:25:08,697] [INFO] [30003] Received COMMIT: id:1741667081917, from:30199, delay:0.0001s, distance:221.00m (Euclidean)
[2025-03-11 13:25:09,217] [INFO] [30003] Received COMMIT: id:1741667081917, from:30071, delay:0.0001s, distance:247.71m (Euclidean)
[2025-03-11 13:26:53,704] [INFO] Starting node at localhost:30003 | index=  4 | f=1, k=4 | Role: Replica
[2025-03-11 13:27:34,154] [INFO] [30003] Received PRE-PREPARE: id:1741667253959, from:Leader(30000), delay:0.0000s, distance:181.89m (Euclidean)
[2025-03-11 13:27:34,154] [INFO] [30003] Broadcasting PREPARE for REQUEST 1741667253959
[2025-03-11 13:27:34,166] [INFO] [30003] Not broadcasting to fault node: 30077
[2025-03-11 13:27:34,251] [INFO] [30003] Not broadcasting to fault node: 30184
[2025-03-11 13:27:34,752] [INFO] [30003] Received PREPARE: id:1741667253959, from:30090, delay:0.0000s, distance:142.46m (Euclidean)
[2025-03-11 13:27:34,752] [INFO] [30003] Received PREPARE: id:1741667253959, from:30190, delay:0.0001s, distance:225.28m (Euclidean)
[2025-03-11 13:27:34,752] [INFO] [30003] Broadcasting COMMIT for REQUEST 1741667253959
[2025-03-11 13:27:34,788] [INFO] [30003] Not broadcasting to fault node: 30077
[2025-03-11 13:27:34,806] [INFO] [30003] Not broadcasting to fault node: 30184
[2025-03-11 13:27:34,810] [INFO] [30003] Received PREPARE: id:1741667253959, from:30093, delay:0.0001s, distance:266.89m (Euclidean)
[2025-03-11 13:27:34,810] [INFO] [30003] Received PREPARE: id:1741667253959, from:30074, delay:0.0000s, distance:169.51m (Euclidean)
[2025-03-11 13:27:34,810] [INFO] [30003] Received PREPARE: id:1741667253959, from:30075, delay:0.0001s, distance:272.34m (Euclidean)
[2025-03-11 13:27:34,812] [INFO] [30003] Received PREPARE: id:1741667253959, from:30092, delay:0.0001s, distance:242.50m (Euclidean)
[2025-03-11 13:27:34,950] [INFO] [30003] Received PREPARE: id:1741667253959, from:30085, delay:0.0001s, distance:250.89m (Euclidean)
[2025-03-11 13:27:34,950] [INFO] [30003] Received PREPARE: id:1741667253959, from:30076, delay:0.0001s, distance:255.39m (Euclidean)
[2025-03-11 13:27:34,950] [INFO] [30003] Received PREPARE: id:1741667253959, from:30080, delay:0.0001s, distance:178.09m (Euclidean)
[2025-03-11 13:27:34,952] [INFO] [30003] Received PREPARE: id:1741667253959, from:30084, delay:0.0001s, distance:242.67m (Euclidean)
[2025-03-11 13:27:34,960] [INFO] [30003] Received PREPARE: id:1741667253959, from:30078, delay:0.0001s, distance:234.86m (Euclidean)
[2025-03-11 13:27:35,046] [INFO] [30003] Received PREPARE: id:1741667253959, from:30015, delay:0.0000s, distance:199.52m (Euclidean)
[2025-03-11 13:27:35,046] [INFO] [30003] Received PREPARE: id:1741667253959, from:30033, delay:0.0000s, distance:195.07m (Euclidean)
[2025-03-11 13:27:35,072] [INFO] [30003] Received PREPARE: id:1741667253959, from:30029, delay:0.0001s, distance:240.07m (Euclidean)
[2025-03-11 13:27:35,072] [INFO] [30003] Received PREPARE: id:1741667253959, from:30068, delay:0.0000s, distance:98.17m (Euclidean)
[2025-03-11 13:27:35,072] [INFO] [30003] Received PREPARE: id:1741667253959, from:30071, delay:0.0001s, distance:247.71m (Euclidean)
[2025-03-11 13:27:35,072] [INFO] [30003] Received PREPARE: id:1741667253959, from:30019, delay:0.0000s, distance:34.40m (Euclidean)
[2025-03-11 13:27:35,074] [INFO] [30003] Received PREPARE: id:1741667253959, from:30113, delay:0.0000s, distance:189.68m (Euclidean)
[2025-03-11 13:27:35,074] [INFO] [30003] Received PREPARE: id:1741667253959, from:30086, delay:0.0000s, distance:66.07m (Euclidean)
[2025-03-11 13:27:35,076] [INFO] [30003] Received PREPARE: id:1741667253959, from:30022, delay:0.0000s, distance:177.19m (Euclidean)
[2025-03-11 13:27:35,110] [INFO] [30003] Received PREPARE: id:1741667253959, from:30026, delay:0.0002s, distance:278.10m (Euclidean)
[2025-03-11 13:27:35,113] [INFO] [30003] Received PREPARE: id:1741667253959, from:30041, delay:0.0001s, distance:230.96m (Euclidean)
[2025-03-11 13:27:35,116] [INFO] [30003] Received PREPARE: id:1741667253959, from:30030, delay:0.0001s, distance:271.82m (Euclidean)
[2025-03-11 13:27:35,119] [INFO] [30003] Received PREPARE: id:1741667253959, from:30008, delay:0.0001s, distance:287.24m (Euclidean)
[2025-03-11 13:27:35,125] [INFO] [30003] Received PREPARE: id:1741667253959, from:30032, delay:0.0001s, distance:248.86m (Euclidean)
[2025-03-11 13:27:35,137] [INFO] [30003] Received PREPARE: id:1741667253959, from:30020, delay:0.0000s, distance:161.87m (Euclidean)
[2025-03-11 13:27:35,139] [INFO] [30003] Received PREPARE: id:1741667253959, from:30062, delay:0.0000s, distance:141.11m (Euclidean)
[2025-03-11 13:27:35,139] [INFO] [30003] Received PREPARE: id:1741667253959, from:30054, delay:0.0001s, distance:293.68m (Euclidean)
[2025-03-11 13:27:35,143] [INFO] [30003] Received PREPARE: id:1741667253959, from:30002, delay:0.0001s, distance:278.28m (Euclidean)
[2025-03-11 13:27:35,156] [INFO] [30003] Received PREPARE: id:1741667253959, from:30095, delay:0.0001s, distance:254.27m (Euclidean)
[2025-03-11 13:27:35,178] [INFO] [30003] Received PREPARE: id:1741667253959, from:30017, delay:0.0000s, distance:136.75m (Euclidean)
[2025-03-11 13:27:35,233] [INFO] [30003] Received PREPARE: id:1741667253959, from:30069, delay:0.0001s, distance:293.01m (Euclidean)
[2025-03-11 13:27:35,236] [INFO] [30003] Received COMMIT: id:1741667253959, from:30090, delay:0.0000s, distance:142.46m (Euclidean)
[2025-03-11 13:27:35,236] [INFO] [30003] Received PREPARE: id:1741667253959, from:30035, delay:0.0000s, distance:192.20m (Euclidean)
[2025-03-11 13:27:35,236] [INFO] [30003] Received PREPARE: id:1741667253959, from:30046, delay:0.0001s, distance:264.97m (Euclidean)
[2025-03-11 13:27:35,236] [INFO] [30003] Received PREPARE: id:1741667253959, from:30004, delay:0.0000s, distance:249.99m (Euclidean)
[2025-03-11 13:27:35,236] [INFO] [30003] Received PREPARE: id:1741667253959, from:30073, delay:0.0001s, distance:275.08m (Euclidean)
[2025-03-11 13:27:35,246] [INFO] [30003] Received COMMIT: id:1741667253959, from:30071, delay:0.0001s, distance:247.71m (Euclidean)
[2025-03-11 13:27:35,246] [INFO] [LEADER 30003] Sending REPLY for REQUEST 1741667253959 to CLIENT
[2025-03-11 13:27:35,255] [INFO] [30003] Received COMMIT: id:1741667253959, from:30080, delay:0.0001s, distance:178.09m (Euclidean)
[2025-03-11 13:27:35,255] [INFO] [30003] Received PREPARE: id:1741667253959, from:30005, delay:0.0000s, distance:190.67m (Euclidean)
[2025-03-11 13:27:35,263] [INFO] [30003] Received PREPARE: id:1741667253959, from:30157, delay:0.0001s, distance:264.72m (Euclidean)
[2025-03-11 13:27:35,267] [INFO] [30003] Received PREPARE: id:1741667253959, from:30021, delay:0.0000s, distance:171.71m (Euclidean)
[2025-03-11 13:27:35,269] [INFO] [30003] Received PREPARE: id:1741667253959, from:30048, delay:0.0000s, distance:135.42m (Euclidean)
[2025-03-11 13:27:35,281] [INFO] [30003] Received COMMIT: id:1741667253959, from:30068, delay:0.0000s, distance:98.17m (Euclidean)
[2025-03-11 13:27:35,281] [INFO] [30003] Received PREPARE: id:1741667253959, from:30081, delay:0.0001s, distance:266.75m (Euclidean)
[2025-03-11 13:27:35,289] [INFO] [30003] Received COMMIT: id:1741667253959, from:30190, delay:0.0001s, distance:225.28m (Euclidean)
[2025-03-11 13:27:35,295] [INFO] [30003] Received PREPARE: id:1741667253959, from:30154, delay:0.0000s, distance:180.91m (Euclidean)
[2025-03-11 13:27:35,309] [INFO] [30003] Received PREPARE: id:1741667253959, from:30094, delay:0.0001s, distance:293.20m (Euclidean)
[2025-03-11 13:27:35,318] [INFO] [30003] Received PREPARE: id:1741667253959, from:30067, delay:0.0001s, distance:279.03m (Euclidean)
[2025-03-11 13:27:35,331] [INFO] [30003] Received PREPARE: id:1741667253959, from:30161, delay:0.0001s, distance:207.19m (Euclidean)
[2025-03-11 13:27:35,333] [INFO] [30003] Received PREPARE: id:1741667253959, from:30091, delay:0.0001s, distance:222.84m (Euclidean)
[2025-03-11 13:27:35,367] [INFO] [30003] Received COMMIT: id:1741667253959, from:30091, delay:0.0001s, distance:222.84m (Euclidean)
[2025-03-11 13:27:35,380] [INFO] [30003] Received COMMIT: id:1741667253959, from:30086, delay:0.0000s, distance:66.07m (Euclidean)
[2025-03-11 13:27:35,380] [INFO] [30003] Received PREPARE: id:1741667253959, from:30024, delay:0.0001s, distance:238.01m (Euclidean)
[2025-03-11 13:27:35,382] [INFO] [30003] Received PREPARE: id:1741667253959, from:30088, delay:0.0001s, distance:260.27m (Euclidean)
[2025-03-11 13:27:35,397] [INFO] [30003] Received COMMIT: id:1741667253959, from:30088, delay:0.0001s, distance:260.27m (Euclidean)
[2025-03-11 13:27:35,429] [INFO] [30003] Received COMMIT: id:1741667253959, from:30095, delay:0.0001s, distance:254.27m (Euclidean)
[2025-03-11 13:27:35,432] [INFO] [30003] Received COMMIT: id:1741667253959, from:30157, delay:0.0001s, distance:264.72m (Euclidean)
[2025-03-11 13:27:35,445] [INFO] [30003] Received COMMIT: id:1741667253959, from:30073, delay:0.0001s, distance:275.08m (Euclidean)
[2025-03-11 13:27:35,477] [INFO] [30003] Received PREPARE: id:1741667253959, from:30042, delay:0.0001s, distance:298.30m (Euclidean)
[2025-03-11 13:27:35,483] [INFO] [30003] Received COMMIT: id:1741667253959, from:30081, delay:0.0001s, distance:266.75m (Euclidean)
[2025-03-11 13:27:35,528] [INFO] [30003] Received PREPARE: id:1741667253959, from:30025, delay:0.0001s, distance:257.34m (Euclidean)
[2025-03-11 13:27:35,579] [INFO] [30003] Received PREPARE: id:1741667253959, from:30049, delay:0.0001s, distance:248.46m (Euclidean)
[2025-03-11 13:27:35,587] [INFO] [30003] Received PREPARE: id:1741667253959, from:30065, delay:0.0001s, distance:225.33m (Euclidean)
[2025-03-11 13:27:35,647] [INFO] [30003] Received COMMIT: id:1741667253959, from:30067, delay:0.0001s, distance:279.03m (Euclidean)
[2025-03-11 13:27:35,647] [INFO] [30003] Received PREPARE: id:1741667253959, from:30028, delay:0.0002s, distance:251.47m (Euclidean)
[2025-03-11 13:27:35,650] [INFO] [30003] Received COMMIT: id:1741667253959, from:30026, delay:0.0002s, distance:278.10m (Euclidean)
[2025-03-11 13:27:35,662] [INFO] [30003] Received COMMIT: id:1741667253959, from:30078, delay:0.0001s, distance:234.86m (Euclidean)
[2025-03-11 13:27:35,662] [INFO] [30003] Received COMMIT: id:1741667253959, from:30030, delay:0.0001s, distance:271.82m (Euclidean)
[2025-03-11 13:27:35,709] [INFO] [30003] Received COMMIT: id:1741667253959, from:30021, delay:0.0000s, distance:171.71m (Euclidean)
[2025-03-11 13:27:35,713] [INFO] [30003] Received COMMIT: id:1741667253959, from:30035, delay:0.0000s, distance:192.20m (Euclidean)
[2025-03-11 13:27:35,736] [INFO] [30003] Received COMMIT: id:1741667253959, from:30032, delay:0.0001s, distance:248.86m (Euclidean)
[2025-03-11 13:27:35,736] [INFO] [30003] Received COMMIT: id:1741667253959, from:30024, delay:0.0001s, distance:238.01m (Euclidean)
[2025-03-11 13:27:35,748] [INFO] [30003] Received COMMIT: id:1741667253959, from:30002, delay:0.0001s, distance:278.28m (Euclidean)
[2025-03-11 13:27:35,750] [INFO] [30003] Received PREPARE: id:1741667253959, from:30066, delay:0.0001s, distance:225.58m (Euclidean)
[2025-03-11 13:27:35,754] [INFO] [30003] Received COMMIT: id:1741667253959, from:30029, delay:0.0001s, distance:240.07m (Euclidean)
[2025-03-11 13:27:35,761] [INFO] [30003] Received PREPARE: id:1741667253959, from:30006, delay:0.0002s, distance:284.60m (Euclidean)
[2025-03-11 13:27:35,780] [INFO] [30003] Received PREPARE: id:1741667253959, from:30037, delay:0.0000s, distance:191.32m (Euclidean)
[2025-03-11 13:27:35,789] [INFO] [30003] Received COMMIT: id:1741667253959, from:30019, delay:0.0000s, distance:34.40m (Euclidean)
[2025-03-11 13:27:35,801] [INFO] [30003] Received COMMIT: id:1741667253959, from:30005, delay:0.0000s, distance:190.67m (Euclidean)
[2025-03-11 13:27:35,842] [INFO] [30003] Received PREPARE: id:1741667253959, from:30013, delay:0.0001s, distance:286.61m (Euclidean)
[2025-03-11 13:27:35,842] [INFO] [30003] Received COMMIT: id:1741667253959, from:30006, delay:0.0002s, distance:284.60m (Euclidean)
[2025-03-11 13:27:35,895] [INFO] [30003] Received PREPARE: id:1741667253959, from:30070, delay:0.0001s, distance:251.33m (Euclidean)
[2025-03-11 13:27:35,918] [INFO] [30003] Received COMMIT: id:1741667253959, from:30028, delay:0.0002s, distance:251.47m (Euclidean)
[2025-03-11 13:27:35,961] [INFO] [30003] Received COMMIT: id:1741667253959, from:30017, delay:0.0000s, distance:136.75m (Euclidean)
[2025-03-11 13:27:36,082] [INFO] [30003] Received COMMIT: id:1741667253959, from:30062, delay:0.0000s, distance:141.11m (Euclidean)
[2025-03-11 13:27:36,082] [INFO] [30003] Received PREPARE: id:1741667253959, from:30007, delay:0.0001s, distance:216.85m (Euclidean)
[2025-03-11 13:27:36,082] [INFO] [30003] Received COMMIT: id:1741667253959, from:30066, delay:0.0001s, distance:225.58m (Euclidean)
[2025-03-11 13:27:36,116] [INFO] [30003] Received COMMIT: id:1741667253959, from:30070, delay:0.0001s, distance:251.33m (Euclidean)
[2025-03-11 13:27:36,150] [INFO] [30003] Received PREPARE: id:1741667253959, from:30056, delay:0.0000s, distance:191.16m (Euclidean)
[2025-03-11 13:27:36,212] [INFO] [30003] Received COMMIT: id:1741667253959, from:30020, delay:0.0000s, distance:161.87m (Euclidean)
[2025-03-11 13:27:36,219] [INFO] [30003] Received COMMIT: id:1741667253959, from:30076, delay:0.0001s, distance:255.39m (Euclidean)
[2025-03-11 13:27:36,239] [INFO] [30003] Received COMMIT: id:1741667253959, from:30074, delay:0.0000s, distance:169.51m (Euclidean)
[2025-03-11 13:27:36,241] [INFO] [30003] Received COMMIT: id:1741667253959, from:30033, delay:0.0000s, distance:195.07m (Euclidean)
[2025-03-11 13:27:36,366] [INFO] [30003] Received PREPARE: id:1741667253959, from:30040, delay:0.0001s, distance:278.57m (Euclidean)
[2025-03-11 13:27:36,378] [INFO] [30003] Received COMMIT: id:1741667253959, from:30040, delay:0.0001s, distance:278.57m (Euclidean)
[2025-03-11 13:27:36,386] [INFO] [30003] Received PREPARE: id:1741667253959, from:30043, delay:0.0001s, distance:220.04m (Euclidean)
[2025-03-11 13:27:36,458] [INFO] [30003] Received PREPARE: id:1741667253959, from:30034, delay:0.0001s, distance:256.25m (Euclidean)
[2025-03-11 13:27:36,458] [INFO] [30003] Received COMMIT: id:1741667253959, from:30069, delay:0.0001s, distance:293.01m (Euclidean)
[2025-03-11 13:27:36,469] [INFO] [30003] Received PREPARE: id:1741667253959, from:30018, delay:0.0001s, distance:267.82m (Euclidean)
[2025-03-11 13:27:36,597] [INFO] [30003] Received PREPARE: id:1741667253959, from:30011, delay:0.0000s, distance:189.72m (Euclidean)
[2025-03-11 13:27:36,605] [INFO] [30003] Received COMMIT: id:1741667253959, from:30042, delay:0.0001s, distance:298.30m (Euclidean)
[2025-03-11 13:27:36,655] [INFO] [30003] Received COMMIT: id:1741667253959, from:30013, delay:0.0001s, distance:286.61m (Euclidean)
[2025-03-11 13:27:36,666] [INFO] [30003] Received COMMIT: id:1741667253959, from:30037, delay:0.0000s, distance:191.32m (Euclidean)
[2025-03-11 13:27:36,666] [INFO] [30003] Received PREPARE: id:1741667253959, from:30063, delay:0.0001s, distance:218.42m (Euclidean)
[2025-03-11 13:27:36,727] [INFO] [30003] Received PREPARE: id:1741667253959, from:30064, delay:0.0001s, distance:256.40m (Euclidean)
[2025-03-11 13:27:36,727] [INFO] [30003] Received PREPARE: id:1741667253959, from:30059, delay:0.0001s, distance:257.83m (Euclidean)
[2025-03-11 13:27:36,780] [INFO] [30003] Received COMMIT: id:1741667253959, from:30041, delay:0.0001s, distance:230.96m (Euclidean)
[2025-03-11 13:27:36,819] [INFO] [30003] Received COMMIT: id:1741667253959, from:30015, delay:0.0000s, distance:199.52m (Euclidean)
[2025-03-11 13:27:36,925] [INFO] [30003] Received COMMIT: id:1741667253959, from:30004, delay:0.0000s, distance:249.99m (Euclidean)
[2025-03-11 13:27:36,925] [INFO] [30003] Received COMMIT: id:1741667253959, from:30059, delay:0.0001s, distance:257.83m (Euclidean)
[2025-03-11 13:27:37,043] [INFO] [30003] Received COMMIT: id:1741667253959, from:30154, delay:0.0000s, distance:180.91m (Euclidean)
[2025-03-11 13:27:37,147] [INFO] [30003] Received COMMIT: id:1741667253959, from:30054, delay:0.0001s, distance:293.68m (Euclidean)
[2025-03-11 13:27:37,154] [INFO] [30003] Received COMMIT: id:1741667253959, from:30063, delay:0.0001s, distance:218.42m (Euclidean)
[2025-03-11 13:27:37,160] [INFO] [30003] Received COMMIT: id:1741667253959, from:30064, delay:0.0001s, distance:256.40m (Euclidean)
[2025-03-11 13:27:37,205] [INFO] [30003] Received COMMIT: id:1741667253959, from:30048, delay:0.0000s, distance:135.42m (Euclidean)
[2025-03-11 13:27:37,218] [INFO] [30003] Received COMMIT: id:1741667253959, from:30043, delay:0.0001s, distance:220.04m (Euclidean)
[2025-03-11 13:27:37,323] [INFO] [30003] Received COMMIT: id:1741667253959, from:30093, delay:0.0001s, distance:266.89m (Euclidean)
[2025-03-11 13:27:37,337] [INFO] [30003] Received COMMIT: id:1741667253959, from:30011, delay:0.0000s, distance:189.72m (Euclidean)
[2025-03-11 13:27:37,398] [INFO] [30003] Received COMMIT: id:1741667253959, from:30094, delay:0.0001s, distance:293.20m (Euclidean)
[2025-03-11 13:27:37,656] [INFO] [30003] Received COMMIT: id:1741667253959, from:30092, delay:0.0001s, distance:242.50m (Euclidean)
[2025-03-11 13:27:37,759] [INFO] [30003] Received PREPARE: id:1741667253959, from:30053, delay:0.0001s, distance:260.69m (Euclidean)
[2025-03-11 13:27:37,761] [INFO] [30003] Received COMMIT: id:1741667253959, from:30053, delay:0.0001s, distance:260.69m (Euclidean)
[2025-03-11 13:27:37,901] [INFO] [30003] Received COMMIT: id:1741667253959, from:30085, delay:0.0001s, distance:250.89m (Euclidean)
[2025-03-11 13:27:37,992] [INFO] [30003] Received COMMIT: id:1741667253959, from:30022, delay:0.0000s, distance:177.19m (Euclidean)
[2025-03-11 13:27:38,084] [INFO] [30003] Received COMMIT: id:1741667253959, from:30161, delay:0.0001s, distance:207.19m (Euclidean)
[2025-03-11 13:27:38,371] [INFO] [30003] Received COMMIT: id:1741667253959, from:30049, delay:0.0001s, distance:248.46m (Euclidean)
[2025-03-11 13:27:38,448] [INFO] [30003] Received COMMIT: id:1741667253959, from:30084, delay:0.0001s, distance:242.67m (Euclidean)
[2025-03-11 13:27:38,723] [INFO] [30003] Received COMMIT: id:1741667253959, from:30008, delay:0.0001s, distance:287.24m (Euclidean)
[2025-03-11 13:27:38,790] [INFO] [30003] Received COMMIT: id:1741667253959, from:30007, delay:0.0001s, distance:216.85m (Euclidean)
[2025-03-11 13:27:39,212] [INFO] [30003] Received COMMIT: id:1741667253959, from:30034, delay:0.0001s, distance:256.25m (Euclidean)
[2025-03-11 13:27:39,699] [INFO] [30003] Received COMMIT: id:1741667253959, from:30075, delay:0.0001s, distance:272.34m (Euclidean)
[2025-03-11 13:27:39,739] [INFO] [30003] Received COMMIT: id:1741667253959, from:30018, delay:0.0001s, distance:267.82m (Euclidean)
[2025-03-11 13:27:39,741] [INFO] [30003] Received COMMIT: id:1741667253959, from:30113, delay:0.0000s, distance:189.68m (Euclidean)
[2025-03-11 13:27:39,826] [INFO] [30003] Received COMMIT: id:1741667253959, from:30065, delay:0.0001s, distance:225.33m (Euclidean)
[2025-03-11 13:27:40,355] [INFO] [30003] Received COMMIT: id:1741667253959, from:30046, delay:0.0001s, distance:264.97m (Euclidean)
[2025-03-11 13:27:40,378] [INFO] [30003] Received COMMIT: id:1741667253959, from:30025, delay:0.0001s, distance:257.34m (Euclidean)
[2025-03-11 13:27:41,130] [INFO] [30003] Received COMMIT: id:1741667253959, from:30056, delay:0.0000s, distance:191.16m (Euclidean)
[2025-03-11 13:27:41,433] [INFO] [30003] Received PREPARE: id:1741667253959, from:30199, delay:0.0001s, distance:221.00m (Euclidean)
[2025-03-11 13:27:41,778] [INFO] [30003] Received PREPARE: id:1741667253959, from:30195, delay:0.0001s, distance:227.44m (Euclidean)
[2025-03-11 13:27:42,918] [INFO] [30003] Received PREPARE: id:1741667253959, from:30176, delay:0.0000s, distance:249.22m (Euclidean)
[2025-03-11 13:27:43,178] [INFO] [30003] Received PREPARE: id:1741667253959, from:30153, delay:0.0000s, distance:114.83m (Euclidean)
[2025-03-11 13:27:43,374] [INFO] [30003] Received PREPARE: id:1741667253959, from:30147, delay:0.0000s, distance:128.88m (Euclidean)
[2025-03-11 13:27:43,397] [INFO] [30003] Received PREPARE: id:1741667253959, from:30158, delay:0.0000s, distance:126.47m (Euclidean)
[2025-03-11 13:27:43,526] [INFO] [30003] Received PREPARE: id:1741667253959, from:30141, delay:0.0001s, distance:227.73m (Euclidean)
[2025-03-11 13:27:43,694] [INFO] [30003] Received PREPARE: id:1741667253959, from:30136, delay:0.0000s, distance:106.54m (Euclidean)
[2025-03-11 13:27:44,118] [INFO] [30003] Received PREPARE: id:1741667253959, from:30103, delay:0.0000s, distance:150.43m (Euclidean)
[2025-03-11 13:27:44,461] [INFO] [30003] Received COMMIT: id:1741667253959, from:30195, delay:0.0001s, distance:227.44m (Euclidean)
[2025-03-11 13:27:44,463] [INFO] [30003] Received COMMIT: id:1741667253959, from:30158, delay:0.0000s, distance:126.47m (Euclidean)
[2025-03-11 13:27:44,487] [INFO] [30003] Received PREPARE: id:1741667253959, from:30155, delay:0.0000s, distance:41.02m (Euclidean)
[2025-03-11 13:27:44,519] [INFO] [30003] Received COMMIT: id:1741667253959, from:30155, delay:0.0000s, distance:41.02m (Euclidean)
[2025-03-11 13:27:44,719] [INFO] [30003] Received PREPARE: id:1741667253959, from:30119, delay:0.0001s, distance:189.85m (Euclidean)
[2025-03-11 13:27:44,803] [INFO] [30003] Received PREPARE: id:1741667253959, from:30135, delay:0.0002s, distance:268.07m (Euclidean)
[2025-03-11 13:27:44,938] [INFO] [30003] Received PREPARE: id:1741667253959, from:30134, delay:0.0001s, distance:214.65m (Euclidean)
[2025-03-11 13:27:44,977] [INFO] [30003] Received PREPARE: id:1741667253959, from:30170, delay:0.0000s, distance:197.37m (Euclidean)
[2025-03-11 13:27:45,009] [INFO] [30003] Received PREPARE: id:1741667253959, from:30196, delay:0.0000s, distance:249.46m (Euclidean)
[2025-03-11 13:27:45,150] [INFO] [30003] Received PREPARE: id:1741667253959, from:30152, delay:0.0000s, distance:184.80m (Euclidean)
[2025-03-11 13:27:45,166] [INFO] [30003] Received PREPARE: id:1741667253959, from:30115, delay:0.0001s, distance:254.45m (Euclidean)
[2025-03-11 13:27:45,176] [INFO] [30003] Received PREPARE: id:1741667253959, from:30174, delay:0.0001s, distance:244.87m (Euclidean)
[2025-03-11 13:27:45,202] [INFO] [30003] Received COMMIT: id:1741667253959, from:30134, delay:0.0001s, distance:214.65m (Euclidean)
[2025-03-11 13:27:45,216] [INFO] [30003] Received PREPARE: id:1741667253959, from:30107, delay:0.0000s, distance:73.03m (Euclidean)
[2025-03-11 13:27:45,325] [INFO] [30003] Received COMMIT: id:1741667253959, from:30107, delay:0.0000s, distance:73.03m (Euclidean)
[2025-03-11 13:27:45,325] [INFO] [30003] Received PREPARE: id:1741667253959, from:30164, delay:0.0001s, distance:231.81m (Euclidean)
[2025-03-11 13:27:45,386] [INFO] [30003] Received PREPARE: id:1741667253959, from:30183, delay:0.0000s, distance:184.67m (Euclidean)
[2025-03-11 13:27:45,394] [INFO] [30003] Received COMMIT: id:1741667253959, from:30199, delay:0.0001s, distance:221.00m (Euclidean)
[2025-03-11 13:27:45,452] [INFO] [30003] Received PREPARE: id:1741667253959, from:30150, delay:0.0000s, distance:167.20m (Euclidean)
[2025-03-11 13:27:45,475] [INFO] [30003] Received PREPARE: id:1741667253959, from:30166, delay:0.0001s, distance:296.15m (Euclidean)
[2025-03-11 13:27:45,499] [INFO] [30003] Received PREPARE: id:1741667253959, from:30189, delay:0.0001s, distance:273.06m (Euclidean)
[2025-03-11 13:27:45,567] [INFO] [30003] Received COMMIT: id:1741667253959, from:30103, delay:0.0000s, distance:150.43m (Euclidean)
[2025-03-11 13:27:45,595] [INFO] [30003] Received COMMIT: id:1741667253959, from:30147, delay:0.0000s, distance:128.88m (Euclidean)
[2025-03-11 13:27:45,608] [INFO] [30003] Received PREPARE: id:1741667253959, from:30172, delay:0.0001s, distance:260.20m (Euclidean)
[2025-03-11 13:27:45,682] [INFO] [30003] Received PREPARE: id:1741667253959, from:30197, delay:0.0000s, distance:12.26m (Euclidean)
[2025-03-11 13:27:45,715] [INFO] [30003] Received COMMIT: id:1741667253959, from:30189, delay:0.0001s, distance:273.06m (Euclidean)
[2025-03-11 13:27:45,715] [INFO] [30003] Received PREPARE: id:1741667253959, from:30180, delay:0.0000s, distance:104.03m (Euclidean)
[2025-03-11 13:27:45,715] [INFO] [30003] Received COMMIT: id:1741667253959, from:30180, delay:0.0000s, distance:104.03m (Euclidean)
[2025-03-11 13:27:45,719] [INFO] [30003] Received COMMIT: id:1741667253959, from:30152, delay:0.0000s, distance:184.80m (Euclidean)
[2025-03-11 13:27:45,747] [INFO] [30003] Received PREPARE: id:1741667253959, from:30109, delay:0.0000s, distance:125.74m (Euclidean)
[2025-03-11 13:27:45,772] [INFO] [30003] Received COMMIT: id:1741667253959, from:30119, delay:0.0001s, distance:189.85m (Euclidean)
[2025-03-11 13:27:45,798] [INFO] [30003] Received COMMIT: id:1741667253959, from:30115, delay:0.0001s, distance:254.45m (Euclidean)
[2025-03-11 13:27:45,862] [INFO] [30003] Received COMMIT: id:1741667253959, from:30153, delay:0.0000s, distance:114.83m (Euclidean)
[2025-03-11 13:27:45,957] [INFO] [30003] Received COMMIT: id:1741667253959, from:30166, delay:0.0001s, distance:296.15m (Euclidean)
[2025-03-11 13:27:46,192] [INFO] [30003] Received PREPARE: id:1741667253959, from:30126, delay:0.0001s, distance:221.30m (Euclidean)
[2025-03-11 13:27:46,192] [INFO] [30003] Received PREPARE: id:1741667253959, from:30133, delay:0.0001s, distance:242.10m (Euclidean)
[2025-03-11 13:27:46,305] [INFO] [30003] Received PREPARE: id:1741667253959, from:30100, delay:0.0000s, distance:144.77m (Euclidean)
[2025-03-11 13:27:46,334] [INFO] [30003] Received COMMIT: id:1741667253959, from:30136, delay:0.0000s, distance:106.54m (Euclidean)
[2025-03-11 13:27:46,399] [INFO] [30003] Received PREPARE: id:1741667253959, from:30121, delay:0.0001s, distance:274.11m (Euclidean)
[2025-03-11 13:27:46,492] [INFO] [30003] Received COMMIT: id:1741667253959, from:30196, delay:0.0000s, distance:249.46m (Euclidean)
[2025-03-11 13:27:46,607] [INFO] [30003] Received COMMIT: id:1741667253959, from:30135, delay:0.0002s, distance:268.07m (Euclidean)
[2025-03-11 13:27:46,629] [INFO] [30003] Received PREPARE: id:1741667253959, from:30144, delay:0.0000s, distance:119.34m (Euclidean)
[2025-03-11 13:27:46,650] [INFO] [30003] Received COMMIT: id:1741667253959, from:30141, delay:0.0001s, distance:227.73m (Euclidean)
[2025-03-11 13:27:46,729] [INFO] [30003] Received PREPARE: id:1741667253959, from:30179, delay:0.0000s, distance:143.39m (Euclidean)
[2025-03-11 13:27:46,842] [INFO] [30003] Received PREPARE: id:1741667253959, from:30182, delay:0.0000s, distance:183.48m (Euclidean)
[2025-03-11 13:27:46,842] [INFO] [30003] Received PREPARE: id:1741667253959, from:30129, delay:0.0001s, distance:263.47m (Euclidean)
[2025-03-11 13:27:46,856] [INFO] [30003] Received COMMIT: id:1741667253959, from:30129, delay:0.0001s, distance:263.47m (Euclidean)
[2025-03-11 13:27:46,872] [INFO] [30003] Received COMMIT: id:1741667253959, from:30197, delay:0.0000s, distance:12.26m (Euclidean)
[2025-03-11 13:27:46,998] [INFO] [30003] Received COMMIT: id:1741667253959, from:30170, delay:0.0000s, distance:197.37m (Euclidean)
[2025-03-11 13:27:47,060] [INFO] [30003] Received PREPARE: id:1741667253959, from:30140, delay:0.0000s, distance:136.24m (Euclidean)
[2025-03-11 13:27:47,075] [INFO] [30003] Received PREPARE: id:1741667253959, from:30108, delay:0.0001s, distance:268.02m (Euclidean)
[2025-03-11 13:27:47,282] [INFO] [30003] Received PREPARE: id:1741667253959, from:30098, delay:0.0001s, distance:223.98m (Euclidean)
[2025-03-11 13:27:47,311] [INFO] [30003] Received COMMIT: id:1741667253959, from:30176, delay:0.0000s, distance:249.22m (Euclidean)
[2025-03-11 13:27:47,378] [INFO] [30003] Received PREPARE: id:1741667253959, from:30162, delay:0.0000s, distance:166.09m (Euclidean)
[2025-03-11 13:27:47,453] [INFO] [30003] Received PREPARE: id:1741667253959, from:30193, delay:0.0001s, distance:248.96m (Euclidean)
[2025-03-11 13:27:47,819] [INFO] [30003] Received PREPARE: id:1741667253959, from:30097, delay:0.0001s, distance:292.52m (Euclidean)
[2025-03-11 13:27:47,910] [INFO] [30003] Received PREPARE: id:1741667253959, from:30117, delay:0.0001s, distance:244.11m (Euclidean)
[2025-03-11 13:27:47,926] [INFO] [30003] Received PREPARE: id:1741667253959, from:30111, delay:0.0001s, distance:204.01m (Euclidean)
[2025-03-11 13:27:47,942] [INFO] [30003] Received PREPARE: id:1741667253959, from:30160, delay:0.0001s, distance:243.81m (Euclidean)
[2025-03-11 13:27:48,037] [INFO] [30003] Received COMMIT: id:1741667253959, from:30117, delay:0.0001s, distance:244.11m (Euclidean)
[2025-03-11 13:27:48,069] [INFO] [30003] Received COMMIT: id:1741667253959, from:30172, delay:0.0001s, distance:260.20m (Euclidean)
[2025-03-11 13:27:48,398] [INFO] [30003] Received PREPARE: id:1741667253959, from:30148, delay:0.0001s, distance:238.13m (Euclidean)
[2025-03-11 13:27:48,408] [INFO] [30003] Received PREPARE: id:1741667253959, from:30124, delay:0.0000s, distance:180.48m (Euclidean)
[2025-03-11 13:27:48,437] [INFO] [30003] Received COMMIT: id:1741667253959, from:30183, delay:0.0000s, distance:184.67m (Euclidean)
[2025-03-11 13:27:48,589] [INFO] [30003] Received COMMIT: id:1741667253959, from:30126, delay:0.0001s, distance:221.30m (Euclidean)
[2025-03-11 13:27:48,747] [INFO] [30003] Received COMMIT: id:1741667253959, from:30179, delay:0.0000s, distance:143.39m (Euclidean)
[2025-03-11 13:27:48,785] [INFO] [30003] Received COMMIT: id:1741667253959, from:30100, delay:0.0000s, distance:144.77m (Euclidean)
[2025-03-11 13:27:48,826] [INFO] [30003] Received PREPARE: id:1741667253959, from:30171, delay:0.0001s, distance:259.67m (Euclidean)
[2025-03-11 13:27:48,826] [INFO] [30003] Received COMMIT: id:1741667253959, from:30171, delay:0.0001s, distance:259.67m (Euclidean)
[2025-03-11 13:27:48,906] [INFO] [30003] Received COMMIT: id:1741667253959, from:30174, delay:0.0001s, distance:244.87m (Euclidean)
[2025-03-11 13:27:49,049] [INFO] [30003] Received COMMIT: id:1741667253959, from:30098, delay:0.0001s, distance:223.98m (Euclidean)
[2025-03-11 13:27:49,081] [INFO] [30003] Received COMMIT: id:1741667253959, from:30097, delay:0.0001s, distance:292.52m (Euclidean)
[2025-03-11 13:27:49,112] [INFO] [30003] Received PREPARE: id:1741667253959, from:30101, delay:0.0001s, distance:286.64m (Euclidean)
[2025-03-11 13:27:49,350] [INFO] [30003] Received PREPARE: id:1741667253959, from:30194, delay:0.0000s, distance:191.16m (Euclidean)
[2025-03-11 13:27:49,639] [INFO] [30003] Received PREPARE: id:1741667253959, from:30118, delay:0.0001s, distance:288.81m (Euclidean)
[2025-03-11 13:27:49,792] [INFO] [30003] Received COMMIT: id:1741667253959, from:30109, delay:0.0000s, distance:125.74m (Euclidean)
[2025-03-11 13:27:49,808] [INFO] [30003] Received COMMIT: id:1741667253959, from:30160, delay:0.0001s, distance:243.81m (Euclidean)
[2025-03-11 13:27:50,284] [INFO] [30003] Received COMMIT: id:1741667253959, from:30150, delay:0.0000s, distance:167.20m (Euclidean)
[2025-03-11 13:27:50,377] [INFO] [30003] Received COMMIT: id:1741667253959, from:30121, delay:0.0001s, distance:274.11m (Euclidean)
[2025-03-11 13:27:50,704] [INFO] [30003] Received COMMIT: id:1741667253959, from:30101, delay:0.0001s, distance:286.64m (Euclidean)
[2025-03-11 13:27:51,006] [INFO] [30003] Received COMMIT: id:1741667253959, from:30124, delay:0.0000s, distance:180.48m (Euclidean)
[2025-03-11 13:27:51,043] [INFO] [30003] Received COMMIT: id:1741667253959, from:30164, delay:0.0001s, distance:231.81m (Euclidean)
[2025-03-11 13:27:51,073] [INFO] [30003] Received PREPARE: id:1741667253959, from:30156, delay:0.0001s, distance:280.11m (Euclidean)
[2025-03-11 13:27:51,503] [INFO] [30003] Received COMMIT: id:1741667253959, from:30194, delay:0.0000s, distance:191.16m (Euclidean)
[2025-03-11 13:27:51,685] [INFO] [30003] Received PREPARE: id:1741667253959, from:30186, delay:0.0001s, distance:262.49m (Euclidean)
[2025-03-11 13:27:51,689] [INFO] [30003] Received COMMIT: id:1741667253959, from:30186, delay:0.0001s, distance:262.49m (Euclidean)
[2025-03-11 13:27:51,702] [INFO] [30003] Received COMMIT: id:1741667253959, from:30148, delay:0.0001s, distance:238.13m (Euclidean)
[2025-03-11 13:27:51,864] [INFO] [30003] Received COMMIT: id:1741667253959, from:30133, delay:0.0001s, distance:242.10m (Euclidean)
[2025-03-11 13:27:52,007] [INFO] [30003] Received COMMIT: id:1741667253959, from:30193, delay:0.0001s, distance:248.96m (Euclidean)
[2025-03-11 13:27:52,686] [INFO] [30003] Received COMMIT: id:1741667253959, from:30111, delay:0.0001s, distance:204.01m (Euclidean)
[2025-03-11 13:27:52,726] [INFO] [30003] Received PREPARE: id:1741667253959, from:30146, delay:0.0001s, distance:242.28m (Euclidean)
[2025-03-11 13:27:52,726] [INFO] [30003] Received COMMIT: id:1741667253959, from:30146, delay:0.0001s, distance:242.28m (Euclidean)
[2025-03-11 13:27:52,823] [INFO] [30003] Received COMMIT: id:1741667253959, from:30108, delay:0.0001s, distance:268.02m (Euclidean)
[2025-03-11 13:27:53,350] [INFO] [30003] Received COMMIT: id:1741667253959, from:30140, delay:0.0000s, distance:136.24m (Euclidean)
[2025-03-11 13:27:53,410] [INFO] [30003] Received COMMIT: id:1741667253959, from:30000, delay:0.0000s, distance:181.89m (Euclidean)
[2025-03-11 13:27:53,764] [INFO] [30003] Received PREPARE: id:1741667253959, from:30167, delay:0.0000s, distance:80.50m (Euclidean)
[2025-03-11 13:27:54,025] [INFO] [30003] Received COMMIT: id:1741667253959, from:30144, delay:0.0000s, distance:119.34m (Euclidean)
[2025-03-11 13:27:54,442] [INFO] [30003] Received COMMIT: id:1741667253959, from:30156, delay:0.0001s, distance:280.11m (Euclidean)
[2025-03-11 13:27:54,769] [INFO] [30003] Received PREPARE: id:1741667253959, from:30151, delay:0.0001s, distance:256.34m (Euclidean)
[2025-03-11 13:27:54,769] [INFO] [30003] Received COMMIT: id:1741667253959, from:30151, delay:0.0001s, distance:256.34m (Euclidean)
[2025-03-11 13:27:55,162] [INFO] [30003] Received COMMIT: id:1741667253959, from:30118, delay:0.0001s, distance:288.81m (Euclidean)
[2025-03-11 13:27:55,174] [INFO] [30003] Received COMMIT: id:1741667253959, from:30182, delay:0.0000s, distance:183.48m (Euclidean)
[2025-03-11 13:27:55,515] [INFO] [30003] Received PREPARE: id:1741667253959, from:30177, delay:0.0000s, distance:196.35m (Euclidean)
[2025-03-11 13:27:55,732] [INFO] [30003] Received PREPARE: id:1741667253959, from:30178, delay:0.0000s, distance:174.18m (Euclidean)
[2025-03-11 13:27:55,919] [INFO] [30003] Received PREPARE: id:1741667253959, from:30128, delay:0.0000s, distance:51.36m (Euclidean)
[2025-03-11 13:27:56,017] [INFO] [30003] Received PREPARE: id:1741667253959, from:30096, delay:0.0001s, distance:207.50m (Euclidean)
[2025-03-11 13:27:56,400] [INFO] [30003] Received PREPARE: id:1741667253959, from:30125, delay:0.0000s, distance:115.08m (Euclidean)
[2025-03-11 13:27:56,444] [INFO] [30003] Received COMMIT: id:1741667253959, from:30162, delay:0.0000s, distance:166.09m (Euclidean)
[2025-03-11 13:27:56,679] [INFO] [30003] Received PREPARE: id:1741667253959, from:30159, delay:0.0000s, distance:194.44m (Euclidean)
[2025-03-11 13:27:56,795] [INFO] [30003] Received PREPARE: id:1741667253959, from:30191, delay:0.0000s, distance:177.48m (Euclidean)
[2025-03-11 13:27:56,891] [INFO] [30003] Received COMMIT: id:1741667253959, from:30177, delay:0.0000s, distance:196.35m (Euclidean)
[2025-03-11 13:27:57,126] [INFO] [30003] Received COMMIT: id:1741667253959, from:30128, delay:0.0000s, distance:51.36m (Euclidean)
[2025-03-11 13:27:57,130] [INFO] [30003] Received PREPARE: id:1741667253959, from:30110, delay:0.0000s, distance:170.11m (Euclidean)
[2025-03-11 13:27:57,286] [INFO] [30003] Received PREPARE: id:1741667253959, from:30149, delay:0.0001s, distance:242.92m (Euclidean)
[2025-03-11 13:27:57,538] [INFO] [30003] Received COMMIT: id:1741667253959, from:30125, delay:0.0000s, distance:115.08m (Euclidean)
[2025-03-11 13:27:57,554] [INFO] [30003] Received COMMIT: id:1741667253959, from:30149, delay:0.0001s, distance:242.92m (Euclidean)
[2025-03-11 13:27:57,808] [INFO] [30003] Received COMMIT: id:1741667253959, from:30159, delay:0.0000s, distance:194.44m (Euclidean)
[2025-03-11 13:27:57,883] [INFO] [30003] Received PREPARE: id:1741667253959, from:30102, delay:0.0000s, distance:163.18m (Euclidean)
[2025-03-11 13:27:57,889] [INFO] [30003] Received COMMIT: id:1741667253959, from:30102, delay:0.0000s, distance:163.18m (Euclidean)
[2025-03-11 13:27:58,633] [INFO] [30003] Received PREPARE: id:1741667253959, from:30131, delay:0.0001s, distance:244.02m (Euclidean)
[2025-03-11 13:27:58,866] [INFO] [30003] Received COMMIT: id:1741667253959, from:30096, delay:0.0001s, distance:207.50m (Euclidean)
[2025-03-11 13:27:58,900] [INFO] [30003] Received COMMIT: id:1741667253959, from:30167, delay:0.0000s, distance:80.50m (Euclidean)
[2025-03-11 13:27:58,913] [INFO] [30003] Received PREPARE: id:1741667253959, from:30099, delay:0.0001s, distance:276.18m (Euclidean)
[2025-03-11 13:27:58,913] [INFO] [30003] Received COMMIT: id:1741667253959, from:30099, delay:0.0001s, distance:276.18m (Euclidean)
[2025-03-11 13:27:58,982] [INFO] [30003] Received PREPARE: id:1741667253959, from:30116, delay:0.0001s, distance:261.00m (Euclidean)
[2025-03-11 13:27:59,005] [INFO] [30003] Received PREPARE: id:1741667253959, from:30188, delay:0.0001s, distance:220.03m (Euclidean)
[2025-03-11 13:27:59,387] [INFO] [30003] Received PREPARE: id:1741667253959, from:30120, delay:0.0001s, distance:234.77m (Euclidean)
[2025-03-11 13:27:59,387] [INFO] [30003] Received COMMIT: id:1741667253959, from:30120, delay:0.0001s, distance:234.77m (Euclidean)
[2025-03-11 13:27:59,558] [INFO] [30003] Received PREPARE: id:1741667253959, from:30175, delay:0.0001s, distance:212.30m (Euclidean)
[2025-03-11 13:27:59,580] [INFO] [30003] Received COMMIT: id:1741667253959, from:30175, delay:0.0001s, distance:212.30m (Euclidean)
[2025-03-11 13:27:59,805] [INFO] [30003] Received COMMIT: id:1741667253959, from:30131, delay:0.0001s, distance:244.02m (Euclidean)
[2025-03-11 13:27:59,875] [INFO] [30003] Received COMMIT: id:1741667253959, from:30116, delay:0.0001s, distance:261.00m (Euclidean)
[2025-03-11 13:28:00,001] [INFO] [30003] Received COMMIT: id:1741667253959, from:30178, delay:0.0000s, distance:174.18m (Euclidean)
[2025-03-11 13:28:00,191] [INFO] [30003] Received COMMIT: id:1741667253959, from:30188, delay:0.0001s, distance:220.03m (Euclidean)
[2025-03-11 13:28:00,901] [INFO] [30003] Received COMMIT: id:1741667253959, from:30110, delay:0.0000s, distance:170.11m (Euclidean)
[2025-03-11 13:28:01,099] [INFO] [30003] Received COMMIT: id:1741667253959, from:30191, delay:0.0000s, distance:177.48m (Euclidean)
[2025-03-11 13:28:09,735] [INFO] [30003] Received PREPARE: id:1741667289123, from:30110, delay:0.0000s, distance:170.11m (Euclidean)
[2025-03-11 13:28:09,735] [INFO] [30003] Missing PRE-PREPARE for REQUEST 1741667289123; ignoring PREPARE
[2025-03-11 13:28:09,735] [INFO] [30003] Received PREPARE: id:1741667289123, from:30120, delay:0.0001s, distance:234.77m (Euclidean)
[2025-03-11 13:28:09,735] [INFO] [30003] Missing PRE-PREPARE for REQUEST 1741667289123; ignoring PREPARE
[2025-03-11 13:28:09,739] [INFO] [30003] Received PREPARE: id:1741667289123, from:30131, delay:0.0001s, distance:244.02m (Euclidean)
[2025-03-11 13:28:09,739] [INFO] [30003] Missing PRE-PREPARE for REQUEST 1741667289123; ignoring PREPARE
[2025-03-11 13:28:09,741] [INFO] [30003] Received PREPARE: id:1741667289123, from:30118, delay:0.0001s, distance:288.81m (Euclidean)
[2025-03-11 13:28:09,741] [INFO] [30003] Missing PRE-PREPARE for REQUEST 1741667289123; ignoring PREPARE
[2025-03-11 13:28:09,741] [INFO] [30003] Received PREPARE: id:1741667289123, from:30102, delay:0.0000s, distance:163.18m (Euclidean)
[2025-03-11 13:28:09,741] [INFO] [30003] Missing PRE-PREPARE for REQUEST 1741667289123; ignoring PREPARE
[2025-03-11 13:28:10,070] [INFO] [30003] Received PREPARE: id:1741667289123, from:30004, delay:0.0000s, distance:249.99m (Euclidean)
[2025-03-11 13:28:10,070] [INFO] [30003] Missing PRE-PREPARE for REQUEST 1741667289123; ignoring PREPARE
[2025-03-11 13:28:10,173] [INFO] [30003] Received PREPARE: id:1741667289123, from:30103, delay:0.0000s, distance:150.43m (Euclidean)
[2025-03-11 13:28:10,173] [INFO] [30003] Missing PRE-PREPARE for REQUEST 1741667289123; ignoring PREPARE
[2025-03-11 13:28:10,525] [INFO] [30003] Received PREPARE: id:1741667289123, from:30107, delay:0.0000s, distance:73.03m (Euclidean)
[2025-03-11 13:28:10,525] [INFO] [30003] Missing PRE-PREPARE for REQUEST 1741667289123; ignoring PREPARE
[2025-03-11 13:28:11,251] [INFO] [30003] Received PREPARE: id:1741667289123, from:30136, delay:0.0000s, distance:106.54m (Euclidean)
[2025-03-11 13:28:11,251] [INFO] [30003] Missing PRE-PREPARE for REQUEST 1741667289123; ignoring PREPARE
[2025-03-11 13:28:11,509] [INFO] [30003] Received PREPARE: id:1741667289123, from:30017, delay:0.0000s, distance:136.75m (Euclidean)
[2025-03-11 13:28:11,509] [INFO] [30003] Missing PRE-PREPARE for REQUEST 1741667289123; ignoring PREPARE
[2025-03-11 13:28:11,625] [INFO] [30003] Received PREPARE: id:1741667289123, from:30140, delay:0.0000s, distance:136.24m (Euclidean)
[2025-03-11 13:28:11,625] [INFO] [30003] Missing PRE-PREPARE for REQUEST 1741667289123; ignoring PREPARE
[2025-03-11 13:28:12,376] [INFO] [30003] Received PREPARE: id:1741667289123, from:30109, delay:0.0000s, distance:125.74m (Euclidean)
[2025-03-11 13:28:12,376] [INFO] [30003] Missing PRE-PREPARE for REQUEST 1741667289123; ignoring PREPARE
[2025-03-11 13:28:12,485] [INFO] [30003] Received PREPARE: id:1741667289123, from:30100, delay:0.0000s, distance:144.77m (Euclidean)
[2025-03-11 13:28:12,485] [INFO] [30003] Missing PRE-PREPARE for REQUEST 1741667289123; ignoring PREPARE
[2025-03-11 13:28:13,317] [INFO] [30003] Received PREPARE: id:1741667289123, from:30022, delay:0.0000s, distance:177.19m (Euclidean)
[2025-03-11 13:28:13,317] [INFO] [30003] Missing PRE-PREPARE for REQUEST 1741667289123; ignoring PREPARE
[2025-03-11 13:28:13,874] [INFO] [30003] Received PREPARE: id:1741667289123, from:30098, delay:0.0001s, distance:223.98m (Euclidean)
[2025-03-11 13:28:13,874] [INFO] [30003] Missing PRE-PREPARE for REQUEST 1741667289123; ignoring PREPARE
[2025-03-11 13:28:13,874] [INFO] [30003] Received PREPARE: id:1741667289123, from:30133, delay:0.0001s, distance:242.10m (Euclidean)
[2025-03-11 13:28:13,874] [INFO] [30003] Missing PRE-PREPARE for REQUEST 1741667289123; ignoring PREPARE
[2025-03-11 13:28:15,220] [INFO] [30003] Received COMMIT: id:1741667289123, from:30110, delay:0.0000s, distance:170.11m (Euclidean)
[2025-03-11 13:28:15,984] [INFO] [30003] Received COMMIT: id:1741667289123, from:30100, delay:0.0000s, distance:144.77m (Euclidean)
[2025-03-11 13:28:16,655] [INFO] [30003] Received PREPARE: id:1741667289123, from:30074, delay:0.0000s, distance:169.51m (Euclidean)
[2025-03-11 13:28:16,655] [INFO] [30003] Missing PRE-PREPARE for REQUEST 1741667289123; ignoring PREPARE
[2025-03-11 13:28:18,105] [INFO] [30003] Received COMMIT: id:1741667289123, from:30120, delay:0.0001s, distance:234.77m (Euclidean)
[2025-03-11 13:28:18,249] [INFO] [30003] Received COMMIT: id:1741667289123, from:30102, delay:0.0000s, distance:163.18m (Euclidean)
[2025-03-11 13:28:18,300] [INFO] [30003] Received COMMIT: id:1741667289123, from:30074, delay:0.0000s, distance:169.51m (Euclidean)
[2025-03-11 13:28:20,316] [INFO] [30003] Received COMMIT: id:1741667289123, from:30107, delay:0.0000s, distance:73.03m (Euclidean)
[2025-03-11 13:28:20,452] [INFO] [30003] Received COMMIT: id:1741667289123, from:30131, delay:0.0001s, distance:244.02m (Euclidean)
[2025-03-11 13:28:21,432] [INFO] [30003] Received PREPARE: id:1741667289123, from:30043, delay:0.0001s, distance:220.04m (Euclidean)
[2025-03-11 13:28:21,432] [INFO] [30003] Missing PRE-PREPARE for REQUEST 1741667289123; ignoring PREPARE
[2025-03-11 13:28:21,685] [INFO] [30003] Received PREPARE: id:1741667289123, from:30019, delay:0.0000s, distance:34.40m (Euclidean)
[2025-03-11 13:28:21,685] [INFO] [30003] Missing PRE-PREPARE for REQUEST 1741667289123; ignoring PREPARE
[2025-03-11 13:28:21,811] [INFO] [30003] Received PRE-PREPARE: id:1741667289123, from:Leader(30000), delay:0.0000s, distance:181.89m (Euclidean)
[2025-03-11 13:28:21,811] [INFO] [30003] Broadcasting PREPARE for REQUEST 1741667289123
[2025-03-11 13:28:21,829] [INFO] [30003] Not broadcasting to fault node: 30077
[2025-03-11 13:28:21,843] [INFO] [30003] Not broadcasting to fault node: 30184
[2025-03-11 13:28:23,971] [INFO] [30003] Received PREPARE: id:1741667289123, from:30028, delay:0.0002s, distance:251.47m (Euclidean)
[2025-03-11 13:28:23,971] [INFO] [30003] Broadcasting COMMIT for REQUEST 1741667289123
[2025-03-11 13:28:23,985] [INFO] [30003] Not broadcasting to fault node: 30077
[2025-03-11 13:28:23,993] [INFO] [30003] Not broadcasting to fault node: 30184
[2025-03-11 13:28:24,648] [INFO] [30003] Received PREPARE: id:1741667289123, from:30078, delay:0.0001s, distance:234.86m (Euclidean)
[2025-03-11 13:28:24,858] [INFO] [30003] Received PREPARE: id:1741667289123, from:30034, delay:0.0001s, distance:256.25m (Euclidean)
[2025-03-11 13:28:28,525] [INFO] [30003] Received PREPARE: id:1741667289123, from:30081, delay:0.0001s, distance:266.75m (Euclidean)
[2025-03-11 13:28:28,525] [INFO] [30003] Received PREPARE: id:1741667289123, from:30011, delay:0.0000s, distance:189.72m (Euclidean)
[2025-03-11 13:28:28,525] [INFO] [30003] Received PREPARE: id:1741667289123, from:30015, delay:0.0000s, distance:199.52m (Euclidean)
[2025-03-11 13:28:28,526] [INFO] [30003] Received COMMIT: id:1741667289123, from:30011, delay:0.0000s, distance:189.72m (Euclidean)
[2025-03-11 13:28:29,680] [INFO] [30003] Received PREPARE: id:1741667289123, from:30020, delay:0.0000s, distance:161.87m (Euclidean)
[2025-03-11 13:28:30,558] [INFO] [30003] Received PREPARE: id:1741667289123, from:30088, delay:0.0001s, distance:260.27m (Euclidean)
[2025-03-11 13:28:32,225] [INFO] [30003] Received PREPARE: id:1741667289123, from:30005, delay:0.0000s, distance:190.67m (Euclidean)
[2025-03-11 13:28:37,072] [INFO] [30003] Received PREPARE: id:1741667289123, from:30048, delay:0.0000s, distance:135.42m (Euclidean)
[2025-03-11 13:28:38,423] [INFO] [30003] Received PREPARE: id:1741667289123, from:30075, delay:0.0001s, distance:272.34m (Euclidean)
[2025-03-11 13:28:38,423] [INFO] [30003] Received PREPARE: id:1741667289123, from:30121, delay:0.0001s, distance:274.11m (Euclidean)
[2025-03-11 13:28:38,423] [INFO] [30003] Received COMMIT: id:1741667289123, from:30121, delay:0.0001s, distance:274.11m (Euclidean)
[2025-03-11 13:28:40,280] [INFO] [30003] Received PREPARE: id:1741667289123, from:30108, delay:0.0001s, distance:268.02m (Euclidean)
[2025-03-11 13:28:41,175] [INFO] [30003] Received COMMIT: id:1741667289123, from:30081, delay:0.0001s, distance:266.75m (Euclidean)
[2025-03-11 13:28:41,430] [INFO] [30003] Received PREPARE: id:1741667289123, from:30115, delay:0.0001s, distance:254.45m (Euclidean)
[2025-03-11 13:28:41,548] [INFO] [30003] Received PREPARE: id:1741667289123, from:30059, delay:0.0001s, distance:257.83m (Euclidean)
[2025-03-11 13:28:41,611] [INFO] [30003] Received PREPARE: id:1741667289123, from:30033, delay:0.0000s, distance:195.07m (Euclidean)
[2025-03-11 13:28:44,010] [INFO] [30003] Received PREPARE: id:1741667289123, from:30035, delay:0.0000s, distance:192.20m (Euclidean)
[2025-03-11 13:28:44,205] [INFO] [30003] Received PREPARE: id:1741667289123, from:30018, delay:0.0001s, distance:267.82m (Euclidean)
[2025-03-11 13:28:45,571] [INFO] [30003] Received PREPARE: id:1741667289123, from:30037, delay:0.0000s, distance:191.32m (Euclidean)
[2025-03-11 13:28:45,571] [INFO] [30003] Received COMMIT: id:1741667289123, from:30037, delay:0.0000s, distance:191.32m (Euclidean)
[2025-03-11 13:28:48,025] [INFO] [30003] Received PREPARE: id:1741667289123, from:30086, delay:0.0000s, distance:66.07m (Euclidean)
[2025-03-11 13:28:48,025] [INFO] [30003] Received PREPARE: id:1741667289123, from:30080, delay:0.0001s, distance:178.09m (Euclidean)
[2025-03-11 13:28:48,025] [INFO] [30003] Received PREPARE: id:1741667289123, from:30111, delay:0.0001s, distance:204.01m (Euclidean)
[2025-03-11 13:28:48,025] [INFO] [30003] Received COMMIT: id:1741667289123, from:30080, delay:0.0001s, distance:178.09m (Euclidean)
[2025-03-11 13:28:48,025] [INFO] [30003] Received COMMIT: id:1741667289123, from:30111, delay:0.0001s, distance:204.01m (Euclidean)
[2025-03-11 13:28:48,025] [INFO] [30003] Received PREPARE: id:1741667289123, from:30068, delay:0.0000s, distance:98.17m (Euclidean)
[2025-03-11 13:28:49,089] [INFO] [30003] Received COMMIT: id:1741667289123, from:30086, delay:0.0000s, distance:66.07m (Euclidean)
[2025-03-11 13:28:49,089] [INFO] [30003] Received PREPARE: id:1741667289123, from:30029, delay:0.0001s, distance:240.07m (Euclidean)
[2025-03-11 13:28:50,435] [INFO] [30003] Received PREPARE: id:1741667289123, from:30049, delay:0.0001s, distance:248.46m (Euclidean)
[2025-03-11 13:28:51,506] [INFO] [30003] Received PREPARE: id:1741667289123, from:30013, delay:0.0001s, distance:286.61m (Euclidean)
[2025-03-11 13:28:52,699] [INFO] [30003] Received PREPARE: id:1741667289123, from:30002, delay:0.0001s, distance:278.28m (Euclidean)
[2025-03-11 13:28:54,652] [INFO] [30003] Received PREPARE: id:1741667289123, from:30062, delay:0.0000s, distance:141.11m (Euclidean)
[2025-03-11 13:28:58,356] [INFO] [30003] Received PREPARE: id:1741667289123, from:30076, delay:0.0001s, distance:255.39m (Euclidean)
[2025-03-11 13:29:00,097] [INFO] [30003] Received PREPARE: id:1741667289123, from:30129, delay:0.0001s, distance:263.47m (Euclidean)
[2025-03-11 13:29:00,097] [INFO] [30003] Received PREPARE: id:1741667289123, from:30070, delay:0.0001s, distance:251.33m (Euclidean)
[2025-03-11 13:29:00,097] [INFO] [30003] Received PREPARE: id:1741667289123, from:30092, delay:0.0001s, distance:242.50m (Euclidean)
[2025-03-11 13:29:00,097] [INFO] [30003] Received COMMIT: id:1741667289123, from:30070, delay:0.0001s, distance:251.33m (Euclidean)
[2025-03-11 13:29:02,582] [INFO] [30003] Received PREPARE: id:1741667289123, from:30113, delay:0.0000s, distance:189.68m (Euclidean)
[2025-03-11 13:29:02,582] [INFO] [30003] Received PREPARE: id:1741667289123, from:30090, delay:0.0000s, distance:142.46m (Euclidean)
[2025-03-11 13:29:02,582] [INFO] [30003] Received COMMIT: id:1741667289123, from:30090, delay:0.0000s, distance:142.46m (Euclidean)
[2025-03-11 13:29:03,462] [INFO] [30003] Received PREPARE: id:1741667289123, from:30095, delay:0.0001s, distance:254.27m (Euclidean)
[2025-03-11 13:29:04,562] [INFO] [30003] Received PREPARE: id:1741667289123, from:30190, delay:0.0001s, distance:225.28m (Euclidean)
[2025-03-11 13:29:06,081] [INFO] [30003] Received PREPARE: id:1741667289123, from:30026, delay:0.0002s, distance:278.10m (Euclidean)
[2025-03-11 13:29:07,457] [INFO] [30003] Received PREPARE: id:1741667289123, from:30025, delay:0.0001s, distance:257.34m (Euclidean)
[2025-03-11 13:29:07,758] [INFO] [30003] Received COMMIT: id:1741667289123, from:30025, delay:0.0001s, distance:257.34m (Euclidean)
[2025-03-11 13:29:09,065] [INFO] [30003] Received PREPARE: id:1741667289123, from:30032, delay:0.0001s, distance:248.86m (Euclidean)
[2025-03-11 13:29:09,065] [INFO] [30003] Received PREPARE: id:1741667289123, from:30021, delay:0.0000s, distance:171.71m (Euclidean)
[2025-03-11 13:29:11,606] [INFO] [30003] Received PREPARE: id:1741667289123, from:30030, delay:0.0001s, distance:271.82m (Euclidean)
[2025-03-11 13:29:13,008] [INFO] [30003] Received PREPARE: id:1741667289123, from:30054, delay:0.0001s, distance:293.68m (Euclidean)
[2025-03-11 13:29:15,182] [INFO] [30003] Received PREPARE: id:1741667289123, from:30024, delay:0.0001s, distance:238.01m (Euclidean)
[2025-03-11 13:29:16,631] [INFO] [30003] Received PREPARE: id:1741667289123, from:30046, delay:0.0001s, distance:264.97m (Euclidean)
[2025-03-11 13:29:18,421] [INFO] [30003] Received PREPARE: id:1741667289123, from:30041, delay:0.0001s, distance:230.96m (Euclidean)
[2025-03-11 13:29:18,421] [INFO] [30003] Received PREPARE: id:1741667289123, from:30063, delay:0.0001s, distance:218.42m (Euclidean)
[2025-03-11 13:29:26,293] [INFO] [30003] Received PREPARE: id:1741667289123, from:30066, delay:0.0001s, distance:225.58m (Euclidean)
[2025-03-11 13:29:28,491] [INFO] [30003] Received PREPARE: id:1741667289123, from:30007, delay:0.0001s, distance:216.85m (Euclidean)
[2025-03-11 13:29:31,926] [INFO] [30003] Received PREPARE: id:1741667289123, from:30085, delay:0.0001s, distance:250.89m (Euclidean)
[2025-03-11 13:29:31,926] [INFO] [30003] Received COMMIT: id:1741667289123, from:30085, delay:0.0001s, distance:250.89m (Euclidean)
[2025-03-11 13:29:39,156] [INFO] [30003] Received PREPARE: id:1741667289123, from:30056, delay:0.0000s, distance:191.16m (Euclidean)
[2025-03-11 13:29:47,275] [INFO] [30003] Received PREPARE: id:1741667289123, from:30040, delay:0.0001s, distance:278.57m (Euclidean)
[2025-03-11 13:29:47,503] [INFO] [30003] Received COMMIT: id:1741667289123, from:30040, delay:0.0001s, distance:278.57m (Euclidean)
