[2025-03-07 13:55:03,302] [INFO] Starting node at localhost:30177 | index=178 | f=1, k=4 | Role: Replica
[2025-03-07 13:57:49,751] [INFO] Starting node at localhost:30177 | index=178 | f=1, k=4 | Role: Replica
[2025-03-07 13:58:52,174] [INFO] Starting node at localhost:30177 | index=178 | f=1, k=4 | Role: Replica
[2025-03-07 13:59:02,502] [INFO] [30177] Received PRE-PREPARE: id:1741323542381, from:Leader(30000), delay:0.0000s, distance:52.39m (Euclidean)
[2025-03-07 13:59:02,502] [INFO] [30177] Broadcasting PREPARE for REQUEST 1741323542381
[2025-03-07 13:59:02,512] [INFO] [30177] Not broadcasting to fault node: 30077
[2025-03-07 13:59:02,528] [INFO] [30177] Not broadcasting to fault node: 30184
[2025-03-07 13:59:03,347] [INFO] [30177] Received PREPARE: id:1741323542381, from:30023, delay:0.0000s, distance:200.91m (Euclidean)
[2025-03-07 13:59:05,719] [INFO] [30177] Received PREPARE: id:1741323542381, from:30005, delay:0.0000s, distance:100.14m (Euclidean)
[2025-03-07 13:59:05,719] [INFO] [30177] Broadcasting COMMIT for REQUEST 1741323542381
[2025-03-07 13:59:05,730] [INFO] [30177] Not broadcasting to fault node: 30077
[2025-03-07 13:59:05,743] [INFO] [30177] Not broadcasting to fault node: 30184
[2025-03-07 13:59:06,320] [INFO] [30177] Received PREPARE: id:1741323542381, from:30147, delay:0.0000s, distance:134.40m (Euclidean)
[2025-03-07 13:59:06,322] [INFO] [30177] Received COMMIT: id:1741323542381, from:30005, delay:0.0000s, distance:100.14m (Euclidean)
[2025-03-07 13:59:06,322] [INFO] [30177] Received PREPARE: id:1741323542381, from:30154, delay:0.0000s, distance:40.90m (Euclidean)
[2025-03-07 13:59:06,322] [INFO] [30177] Received COMMIT: id:1741323542381, from:30023, delay:0.0000s, distance:200.91m (Euclidean)
[2025-03-07 13:59:06,322] [INFO] [LEADER 30177] Sending REPLY for REQUEST 1741323542381 to CLIENT
[2025-03-07 13:59:06,322] [INFO] [30177] Received PREPARE: id:1741323542381, from:30144, delay:0.0000s, distance:87.91m (Euclidean)
[2025-03-07 13:59:06,333] [INFO] [30177] Received PREPARE: id:1741323542381, from:30107, delay:0.0000s, distance:125.14m (Euclidean)
[2025-03-07 13:59:06,812] [INFO] [30177] Received COMMIT: id:1741323542381, from:30195, delay:0.0000s, distance:108.75m (Euclidean)
[2025-03-07 13:59:06,812] [INFO] [30177] Received PREPARE: id:1741323542381, from:30195, delay:0.0000s, distance:108.75m (Euclidean)
[2025-03-07 13:59:06,812] [INFO] [30177] Received COMMIT: id:1741323542381, from:30046, delay:0.0000s, distance:99.24m (Euclidean)
[2025-03-07 13:59:06,812] [INFO] [30177] Received COMMIT: id:1741323542381, from:30041, delay:0.0000s, distance:83.83m (Euclidean)
[2025-03-07 13:59:06,812] [INFO] [30177] Received PREPARE: id:1741323542381, from:30041, delay:0.0000s, distance:83.83m (Euclidean)
[2025-03-07 13:59:06,815] [INFO] [30177] Received COMMIT: id:1741323542381, from:30167, delay:0.0001s, distance:183.78m (Euclidean)
[2025-03-07 13:59:06,815] [INFO] [30177] Received PREPARE: id:1741323542381, from:30127, delay:0.0001s, distance:173.46m (Euclidean)
[2025-03-07 13:59:06,815] [INFO] [30177] Received PREPARE: id:1741323542381, from:30112, delay:0.0001s, distance:218.67m (Euclidean)
[2025-03-07 13:59:06,815] [INFO] [30177] Received COMMIT: id:1741323542381, from:30144, delay:0.0000s, distance:87.91m (Euclidean)
[2025-03-07 13:59:06,817] [INFO] [30177] Received PREPARE: id:1741323542381, from:30167, delay:0.0001s, distance:183.78m (Euclidean)
[2025-03-07 13:59:06,817] [INFO] [30177] Received COMMIT: id:1741323542381, from:30100, delay:0.0001s, distance:153.26m (Euclidean)
[2025-03-07 13:59:06,817] [INFO] [30177] Received COMMIT: id:1741323542381, from:30127, delay:0.0001s, distance:173.46m (Euclidean)
[2025-03-07 13:59:06,817] [INFO] [30177] Received PREPARE: id:1741323542381, from:30149, delay:0.0000s, distance:153.53m (Euclidean)
[2025-03-07 13:59:06,817] [INFO] [30177] Received PREPARE: id:1741323542381, from:30100, delay:0.0001s, distance:153.26m (Euclidean)
[2025-03-07 13:59:06,817] [INFO] [30177] Received COMMIT: id:1741323542381, from:30147, delay:0.0000s, distance:134.40m (Euclidean)
[2025-03-07 13:59:06,819] [INFO] [30177] Received COMMIT: id:1741323542381, from:30149, delay:0.0000s, distance:153.53m (Euclidean)
[2025-03-07 13:59:06,821] [INFO] [30177] Received PREPARE: id:1741323542381, from:30021, delay:0.0000s, distance:137.79m (Euclidean)
[2025-03-07 13:59:06,821] [INFO] [30177] Received COMMIT: id:1741323542381, from:30130, delay:0.0000s, distance:129.99m (Euclidean)
[2025-03-07 13:59:06,821] [INFO] [30177] Received COMMIT: id:1741323542381, from:30126, delay:0.0001s, distance:229.19m (Euclidean)
[2025-03-07 13:59:06,821] [INFO] [30177] Received COMMIT: id:1741323542381, from:30015, delay:0.0000s, distance:47.81m (Euclidean)
[2025-03-07 13:59:06,821] [INFO] [30177] Received COMMIT: id:1741323542381, from:30027, delay:0.0001s, distance:171.81m (Euclidean)
[2025-03-07 13:59:06,823] [INFO] [30177] Received PREPARE: id:1741323542381, from:30027, delay:0.0001s, distance:171.81m (Euclidean)
[2025-03-07 13:59:06,823] [INFO] [30177] Received PREPARE: id:1741323542381, from:30015, delay:0.0000s, distance:47.81m (Euclidean)
[2025-03-07 13:59:06,823] [INFO] [30177] Received COMMIT: id:1741323542381, from:30037, delay:0.0001s, distance:172.33m (Euclidean)
[2025-03-07 13:59:06,823] [INFO] [30177] Received PREPARE: id:1741323542381, from:30074, delay:0.0000s, distance:116.32m (Euclidean)
[2025-03-07 13:59:06,825] [INFO] [30177] Received COMMIT: id:1741323542381, from:30028, delay:0.0001s, distance:171.52m (Euclidean)
[2025-03-07 13:59:06,825] [INFO] [30177] Received PREPARE: id:1741323542381, from:30037, delay:0.0001s, distance:172.33m (Euclidean)
[2025-03-07 13:59:06,825] [INFO] [30177] Received COMMIT: id:1741323542381, from:30043, delay:0.0000s, distance:60.01m (Euclidean)
[2025-03-07 13:59:06,825] [INFO] [30177] Received PREPARE: id:1741323542381, from:30176, delay:0.0000s, distance:98.43m (Euclidean)
[2025-03-07 13:59:06,825] [INFO] [30177] Received PREPARE: id:1741323542381, from:30028, delay:0.0001s, distance:171.52m (Euclidean)
[2025-03-07 13:59:06,825] [INFO] [30177] Received COMMIT: id:1741323542381, from:30029, delay:0.0001s, distance:183.64m (Euclidean)
[2025-03-07 13:59:06,825] [INFO] [30177] Received PREPARE: id:1741323542381, from:30046, delay:0.0000s, distance:99.24m (Euclidean)
[2025-03-07 13:59:06,825] [INFO] [30177] Received PREPARE: id:1741323542381, from:30130, delay:0.0000s, distance:129.99m (Euclidean)
[2025-03-07 13:59:06,825] [INFO] [30177] Received PREPARE: id:1741323542381, from:30124, delay:0.0001s, distance:203.18m (Euclidean)
[2025-03-07 13:59:06,825] [INFO] [30177] Received PREPARE: id:1741323542381, from:30043, delay:0.0000s, distance:60.01m (Euclidean)
[2025-03-07 13:59:06,825] [INFO] [30177] Received PREPARE: id:1741323542381, from:30095, delay:0.0001s, distance:198.65m (Euclidean)
[2025-03-07 13:59:06,825] [INFO] [30177] Received PREPARE: id:1741323542381, from:30029, delay:0.0001s, distance:183.64m (Euclidean)
[2025-03-07 13:59:06,825] [INFO] [30177] Received PREPARE: id:1741323542381, from:30128, delay:0.0001s, distance:186.20m (Euclidean)
[2025-03-07 13:59:06,825] [INFO] [30177] Received PREPARE: id:1741323542381, from:30170, delay:0.0000s, distance:171.73m (Euclidean)
[2025-03-07 13:59:06,825] [INFO] [30177] Received PREPARE: id:1741323542381, from:30199, delay:0.0001s, distance:175.10m (Euclidean)
[2025-03-07 13:59:06,830] [INFO] [30177] Received PREPARE: id:1741323542381, from:30155, delay:0.0001s, distance:176.10m (Euclidean)
[2025-03-07 13:59:06,830] [INFO] [30177] Received COMMIT: id:1741323542381, from:30154, delay:0.0000s, distance:40.90m (Euclidean)
[2025-03-07 13:59:06,830] [INFO] [30177] Received PREPARE: id:1741323542381, from:30136, delay:0.0000s, distance:97.63m (Euclidean)
[2025-03-07 13:59:06,831] [INFO] [30177] Received COMMIT: id:1741323542381, from:30155, delay:0.0001s, distance:176.10m (Euclidean)
[2025-03-07 13:59:06,831] [INFO] [30177] Received PREPARE: id:1741323542381, from:30126, delay:0.0001s, distance:229.19m (Euclidean)
[2025-03-07 13:59:06,831] [INFO] [30177] Received COMMIT: id:1741323542381, from:30124, delay:0.0001s, distance:203.18m (Euclidean)
[2025-03-07 13:59:06,831] [INFO] [30177] Received COMMIT: id:1741323542381, from:30128, delay:0.0001s, distance:186.20m (Euclidean)
[2025-03-07 13:59:06,831] [INFO] [30177] Received COMMIT: id:1741323542381, from:30136, delay:0.0000s, distance:97.63m (Euclidean)
[2025-03-07 13:59:06,840] [INFO] [30177] Received PREPARE: id:1741323542381, from:30020, delay:0.0001s, distance:154.82m (Euclidean)
[2025-03-07 13:59:06,840] [INFO] [30177] Received PREPARE: id:1741323542381, from:30133, delay:0.0000s, distance:103.12m (Euclidean)
[2025-03-07 13:59:06,840] [INFO] [30177] Received PREPARE: id:1741323542381, from:30048, delay:0.0000s, distance:106.96m (Euclidean)
[2025-03-07 13:59:06,842] [INFO] [30177] Received PREPARE: id:1741323542381, from:30115, delay:0.0000s, distance:74.62m (Euclidean)
[2025-03-07 13:59:06,842] [INFO] [30177] Received PREPARE: id:1741323542381, from:30053, delay:0.0000s, distance:143.11m (Euclidean)
[2025-03-07 13:59:06,842] [INFO] [30177] Received PREPARE: id:1741323542381, from:30056, delay:0.0001s, distance:202.40m (Euclidean)
[2025-03-07 13:59:06,878] [INFO] [30177] Received PREPARE: id:1741323542381, from:30065, delay:0.0000s, distance:58.69m (Euclidean)
[2025-03-07 13:59:06,878] [INFO] [30177] Received PREPARE: id:1741323542381, from:30051, delay:0.0000s, distance:120.30m (Euclidean)
[2025-03-07 13:59:07,045] [INFO] [30177] Received PREPARE: id:1741323542381, from:30106, delay:0.0001s, distance:183.55m (Euclidean)
[2025-03-07 13:59:07,047] [INFO] [30177] Received PREPARE: id:1741323542381, from:30196, delay:0.0000s, distance:146.71m (Euclidean)
[2025-03-07 13:59:07,089] [INFO] [30177] Received COMMIT: id:1741323542381, from:30106, delay:0.0001s, distance:183.55m (Euclidean)
[2025-03-07 13:59:07,089] [INFO] [30177] Received COMMIT: id:1741323542381, from:30095, delay:0.0001s, distance:198.65m (Euclidean)
[2025-03-07 13:59:07,089] [INFO] [30177] Received COMMIT: id:1741323542381, from:30020, delay:0.0001s, distance:154.82m (Euclidean)
[2025-03-07 13:59:07,089] [INFO] [30177] Received COMMIT: id:1741323542381, from:30065, delay:0.0000s, distance:58.69m (Euclidean)
[2025-03-07 13:59:07,089] [INFO] [30177] Received COMMIT: id:1741323542381, from:30170, delay:0.0000s, distance:171.73m (Euclidean)
[2025-03-07 13:59:07,092] [INFO] [30177] Received COMMIT: id:1741323542381, from:30053, delay:0.0000s, distance:143.11m (Euclidean)
[2025-03-07 13:59:07,092] [INFO] [30177] Received PREPARE: id:1741323542381, from:30158, delay:0.0001s, distance:182.40m (Euclidean)
[2025-03-07 13:59:07,094] [INFO] [30177] Received PREPARE: id:1741323542381, from:30119, delay:0.0001s, distance:179.82m (Euclidean)
[2025-03-07 13:59:07,534] [INFO] [30177] Received COMMIT: id:1741323542381, from:30196, delay:0.0000s, distance:146.71m (Euclidean)
[2025-03-07 13:59:07,534] [INFO] [30177] Received PREPARE: id:1741323542381, from:30070, delay:0.0000s, distance:73.16m (Euclidean)
[2025-03-07 13:59:07,541] [INFO] [30177] Received PREPARE: id:1741323542381, from:30110, delay:0.0000s, distance:179.41m (Euclidean)
[2025-03-07 13:59:07,541] [INFO] [30177] Received COMMIT: id:1741323542381, from:30107, delay:0.0000s, distance:125.14m (Euclidean)
[2025-03-07 13:59:07,741] [INFO] [30177] Received COMMIT: id:1741323542381, from:30115, delay:0.0000s, distance:74.62m (Euclidean)
[2025-03-07 13:59:07,741] [INFO] [30177] Received PREPARE: id:1741323542381, from:30180, delay:0.0000s, distance:144.29m (Euclidean)
[2025-03-07 13:59:07,741] [INFO] [30177] Received COMMIT: id:1741323542381, from:30074, delay:0.0000s, distance:116.32m (Euclidean)
[2025-03-07 13:59:07,758] [INFO] [30177] Received COMMIT: id:1741323542381, from:30176, delay:0.0000s, distance:98.43m (Euclidean)
[2025-03-07 13:59:07,758] [INFO] [30177] Received PREPARE: id:1741323542381, from:30103, delay:0.0000s, distance:94.62m (Euclidean)
[2025-03-07 13:59:07,760] [INFO] [30177] Received PREPARE: id:1741323542381, from:30118, delay:0.0001s, distance:162.21m (Euclidean)
[2025-03-07 13:59:07,760] [INFO] [30177] Received COMMIT: id:1741323542381, from:30199, delay:0.0001s, distance:175.10m (Euclidean)
[2025-03-07 13:59:07,760] [INFO] [30177] Received COMMIT: id:1741323542381, from:30048, delay:0.0000s, distance:106.96m (Euclidean)
[2025-03-07 13:59:07,760] [INFO] [30177] Received COMMIT: id:1741323542381, from:30180, delay:0.0000s, distance:144.29m (Euclidean)
[2025-03-07 13:59:07,762] [INFO] [30177] Received COMMIT: id:1741323542381, from:30133, delay:0.0000s, distance:103.12m (Euclidean)
[2025-03-07 13:59:07,857] [INFO] [30177] Received PREPARE: id:1741323542381, from:30116, delay:0.0001s, distance:219.49m (Euclidean)
[2025-03-07 13:59:07,857] [INFO] [30177] Received PREPARE: id:1741323542381, from:30098, delay:0.0001s, distance:190.52m (Euclidean)
[2025-03-07 13:59:07,857] [INFO] [30177] Received COMMIT: id:1741323542381, from:30051, delay:0.0000s, distance:120.30m (Euclidean)
[2025-03-07 13:59:07,857] [INFO] [30177] Received COMMIT: id:1741323542381, from:30056, delay:0.0001s, distance:202.40m (Euclidean)
[2025-03-07 13:59:07,857] [INFO] [30177] Received COMMIT: id:1741323542381, from:30116, delay:0.0001s, distance:219.49m (Euclidean)
[2025-03-07 13:59:07,857] [INFO] [30177] Received COMMIT: id:1741323542381, from:30098, delay:0.0001s, distance:190.52m (Euclidean)
[2025-03-07 13:59:07,951] [INFO] [30177] Received COMMIT: id:1741323542381, from:30110, delay:0.0000s, distance:179.41m (Euclidean)
[2025-03-07 13:59:07,951] [INFO] [30177] Received PREPARE: id:1741323542381, from:30157, delay:0.0000s, distance:87.76m (Euclidean)
[2025-03-07 13:59:07,951] [INFO] [30177] Received COMMIT: id:1741323542381, from:30157, delay:0.0000s, distance:87.76m (Euclidean)
[2025-03-07 13:59:07,951] [INFO] [30177] Received COMMIT: id:1741323542381, from:30059, delay:0.0001s, distance:194.86m (Euclidean)
[2025-03-07 13:59:07,951] [INFO] [30177] Received PREPARE: id:1741323542381, from:30059, delay:0.0001s, distance:194.86m (Euclidean)
[2025-03-07 13:59:07,951] [INFO] [30177] Received PREPARE: id:1741323542381, from:30178, delay:0.0000s, distance:127.97m (Euclidean)
[2025-03-07 13:59:07,951] [INFO] [30177] Received COMMIT: id:1741323542381, from:30119, delay:0.0001s, distance:179.82m (Euclidean)
[2025-03-07 13:59:08,109] [INFO] [30177] Received COMMIT: id:1741323542381, from:30070, delay:0.0000s, distance:73.16m (Euclidean)
[2025-03-07 13:59:08,195] [INFO] [30177] Received COMMIT: id:1741323542381, from:30103, delay:0.0000s, distance:94.62m (Euclidean)
[2025-03-07 13:59:08,195] [INFO] [30177] Received PREPARE: id:1741323542381, from:30040, delay:0.0001s, distance:183.18m (Euclidean)
[2025-03-07 13:59:08,400] [INFO] [30177] Received PREPARE: id:1741323542381, from:30066, delay:0.0000s, distance:154.19m (Euclidean)
[2025-03-07 13:59:08,400] [INFO] [30177] Received COMMIT: id:1741323542381, from:30066, delay:0.0000s, distance:154.19m (Euclidean)
[2025-03-07 13:59:08,483] [INFO] [30177] Received COMMIT: id:1741323542381, from:30158, delay:0.0001s, distance:182.40m (Euclidean)
[2025-03-07 13:59:08,483] [INFO] [30177] Received COMMIT: id:1741323542381, from:30118, delay:0.0001s, distance:162.21m (Euclidean)
[2025-03-07 13:59:08,483] [INFO] [30177] Received PREPARE: id:1741323542381, from:30080, delay:0.0002s, distance:278.92m (Euclidean)
[2025-03-07 13:59:08,485] [INFO] [30177] Received COMMIT: id:1741323542381, from:30080, delay:0.0002s, distance:278.92m (Euclidean)
[2025-03-07 13:59:08,485] [INFO] [30177] Received COMMIT: id:1741323542381, from:30004, delay:0.0000s, distance:181.43m (Euclidean)
[2025-03-07 13:59:08,487] [INFO] [30177] Received COMMIT: id:1741323542381, from:30040, delay:0.0001s, distance:183.18m (Euclidean)
[2025-03-07 13:59:08,590] [INFO] [30177] Received PREPARE: id:1741323542381, from:30057, delay:0.0001s, distance:202.67m (Euclidean)
[2025-03-07 13:59:08,590] [INFO] [30177] Received PREPARE: id:1741323542381, from:30004, delay:0.0000s, distance:181.43m (Euclidean)
[2025-03-07 13:59:08,608] [INFO] [30177] Received COMMIT: id:1741323542381, from:30112, delay:0.0001s, distance:218.67m (Euclidean)
[2025-03-07 13:59:08,608] [INFO] [30177] Received COMMIT: id:1741323542381, from:30057, delay:0.0001s, distance:202.67m (Euclidean)
[2025-03-07 13:59:08,711] [INFO] [30177] Received COMMIT: id:1741323542381, from:30025, delay:0.0001s, distance:154.77m (Euclidean)
[2025-03-07 13:59:08,711] [INFO] [30177] Received PREPARE: id:1741323542381, from:30025, delay:0.0001s, distance:154.77m (Euclidean)
[2025-03-07 13:59:08,726] [INFO] [30177] Received PREPARE: id:1741323542381, from:30191, delay:0.0000s, distance:66.87m (Euclidean)
[2025-03-07 13:59:08,793] [INFO] [30177] Received PREPARE: id:1741323542381, from:30179, delay:0.0001s, distance:192.56m (Euclidean)
[2025-03-07 13:59:08,793] [INFO] [30177] Received COMMIT: id:1741323542381, from:30021, delay:0.0000s, distance:137.79m (Euclidean)
[2025-03-07 13:59:08,808] [INFO] [30177] Received COMMIT: id:1741323542381, from:30179, delay:0.0001s, distance:192.56m (Euclidean)
[2025-03-07 13:59:08,859] [INFO] [30177] Received PREPARE: id:1741323542381, from:30168, delay:0.0000s, distance:113.33m (Euclidean)
[2025-03-07 13:59:08,932] [INFO] [30177] Received COMMIT: id:1741323542381, from:30191, delay:0.0000s, distance:66.87m (Euclidean)
[2025-03-07 13:59:08,932] [INFO] [30177] Received PREPARE: id:1741323542381, from:30169, delay:0.0002s, distance:286.72m (Euclidean)
[2025-03-07 13:59:08,948] [INFO] [30177] Received COMMIT: id:1741323542381, from:30169, delay:0.0002s, distance:286.72m (Euclidean)
[2025-03-07 13:59:08,980] [INFO] [30177] Received COMMIT: id:1741323542381, from:30178, delay:0.0000s, distance:127.97m (Euclidean)
[2025-03-07 13:59:08,980] [INFO] [30177] Received COMMIT: id:1741323542381, from:30168, delay:0.0000s, distance:113.33m (Euclidean)
[2025-03-07 13:59:09,307] [INFO] [30177] Received PREPARE: id:1741323542381, from:30123, delay:0.0001s, distance:202.38m (Euclidean)
[2025-03-07 13:59:09,307] [INFO] [30177] Received COMMIT: id:1741323542381, from:30123, delay:0.0001s, distance:202.38m (Euclidean)
[2025-03-07 13:59:09,307] [INFO] [30177] Received PREPARE: id:1741323542381, from:30060, delay:0.0001s, distance:159.89m (Euclidean)
[2025-03-07 13:59:09,310] [INFO] [30177] Received COMMIT: id:1741323542381, from:30060, delay:0.0001s, distance:159.89m (Euclidean)
[2025-03-07 13:59:09,310] [INFO] [30177] Received PREPARE: id:1741323542381, from:30181, delay:0.0000s, distance:145.16m (Euclidean)
[2025-03-07 13:59:09,310] [INFO] [30177] Received PREPARE: id:1741323542381, from:30150, delay:0.0000s, distance:141.25m (Euclidean)
[2025-03-07 13:59:09,310] [INFO] [30177] Received COMMIT: id:1741323542381, from:30150, delay:0.0000s, distance:141.25m (Euclidean)
[2025-03-07 13:59:09,314] [INFO] [30177] Received COMMIT: id:1741323542381, from:30181, delay:0.0000s, distance:145.16m (Euclidean)
[2025-03-07 13:59:09,424] [INFO] [30177] Received PREPARE: id:1741323542381, from:30189, delay:0.0000s, distance:101.90m (Euclidean)
[2025-03-07 13:59:09,424] [INFO] [30177] Received PREPARE: id:1741323542381, from:30013, delay:0.0001s, distance:195.37m (Euclidean)
[2025-03-07 13:59:09,436] [INFO] [30177] Received COMMIT: id:1741323542381, from:30013, delay:0.0001s, distance:195.37m (Euclidean)
[2025-03-07 13:59:09,521] [INFO] [30177] Received PREPARE: id:1741323542381, from:30049, delay:0.0000s, distance:120.19m (Euclidean)
[2025-03-07 13:59:09,521] [INFO] [30177] Received PREPARE: id:1741323542381, from:30109, delay:0.0001s, distance:156.66m (Euclidean)
[2025-03-07 13:59:09,523] [INFO] [30177] Received COMMIT: id:1741323542381, from:30109, delay:0.0001s, distance:156.66m (Euclidean)
[2025-03-07 13:59:09,523] [INFO] [30177] Received COMMIT: id:1741323542381, from:30049, delay:0.0000s, distance:120.19m (Euclidean)
[2025-03-07 13:59:09,608] [INFO] [30177] Received PREPARE: id:1741323542381, from:30102, delay:0.0000s, distance:105.32m (Euclidean)
[2025-03-07 13:59:09,608] [INFO] [30177] Received PREPARE: id:1741323542381, from:30182, delay:0.0000s, distance:125.25m (Euclidean)
[2025-03-07 13:59:09,625] [INFO] [30177] Received PREPARE: id:1741323542381, from:30035, delay:0.0000s, distance:116.05m (Euclidean)
[2025-03-07 13:59:09,625] [INFO] [30177] Received COMMIT: id:1741323542381, from:30035, delay:0.0000s, distance:116.05m (Euclidean)
[2025-03-07 13:59:09,625] [INFO] [30177] Received COMMIT: id:1741323542381, from:30102, delay:0.0000s, distance:105.32m (Euclidean)
[2025-03-07 13:59:09,626] [INFO] [30177] Received COMMIT: id:1741323542381, from:30189, delay:0.0000s, distance:101.90m (Euclidean)
[2025-03-07 13:59:09,657] [INFO] [30177] Received COMMIT: id:1741323542381, from:30182, delay:0.0000s, distance:125.25m (Euclidean)
[2025-03-07 13:59:09,765] [INFO] [30177] Received PREPARE: id:1741323542381, from:30113, delay:0.0000s, distance:49.14m (Euclidean)
[2025-03-07 13:59:09,765] [INFO] [30177] Received COMMIT: id:1741323542381, from:30113, delay:0.0000s, distance:49.14m (Euclidean)
[2025-03-07 13:59:09,878] [INFO] [30177] Received PREPARE: id:1741323542381, from:30085, delay:0.0000s, distance:175.25m (Euclidean)
[2025-03-07 13:59:09,878] [INFO] [30177] Received COMMIT: id:1741323542381, from:30085, delay:0.0000s, distance:175.25m (Euclidean)
[2025-03-07 13:59:10,120] [INFO] [30177] Received PREPARE: id:1741323542381, from:30190, delay:0.0002s, distance:281.87m (Euclidean)
[2025-03-07 13:59:10,120] [INFO] [30177] Received PREPARE: id:1741323542381, from:30062, delay:0.0001s, distance:188.04m (Euclidean)
[2025-03-07 13:59:10,120] [INFO] [30177] Received COMMIT: id:1741323542381, from:30062, delay:0.0001s, distance:188.04m (Euclidean)
[2025-03-07 13:59:10,120] [INFO] [30177] Received COMMIT: id:1741323542381, from:30190, delay:0.0002s, distance:281.87m (Euclidean)
[2025-03-07 13:59:10,211] [INFO] [30177] Received PREPARE: id:1741323542381, from:30054, delay:0.0001s, distance:192.95m (Euclidean)
[2025-03-07 13:59:10,211] [INFO] [30177] Received COMMIT: id:1741323542381, from:30054, delay:0.0001s, distance:192.95m (Euclidean)
[2025-03-07 13:59:10,355] [INFO] [30177] Received PREPARE: id:1741323542381, from:30161, delay:0.0000s, distance:83.12m (Euclidean)
[2025-03-07 13:59:10,363] [INFO] [30177] Received COMMIT: id:1741323542381, from:30161, delay:0.0000s, distance:83.12m (Euclidean)
[2025-03-07 13:59:10,398] [INFO] [30177] Received PREPARE: id:1741323542381, from:30092, delay:0.0000s, distance:114.53m (Euclidean)
[2025-03-07 13:59:10,398] [INFO] [30177] Received COMMIT: id:1741323542381, from:30092, delay:0.0000s, distance:114.53m (Euclidean)
[2025-03-07 13:59:10,656] [INFO] [30177] Received PREPARE: id:1741323542381, from:30108, delay:0.0000s, distance:108.40m (Euclidean)
[2025-03-07 13:59:10,658] [INFO] [30177] Received COMMIT: id:1741323542381, from:30108, delay:0.0000s, distance:108.40m (Euclidean)
[2025-03-07 13:59:10,903] [INFO] [30177] Received PREPARE: id:1741323542381, from:30096, delay:0.0001s, distance:203.41m (Euclidean)
[2025-03-07 13:59:10,914] [INFO] [30177] Received COMMIT: id:1741323542381, from:30096, delay:0.0001s, distance:203.41m (Euclidean)
[2025-03-07 13:59:11,033] [INFO] [30177] Received COMMIT: id:1741323542381, from:30000, delay:0.0000s, distance:52.39m (Euclidean)
[2025-03-07 13:59:11,044] [INFO] [30177] Received PREPARE: id:1741323542381, from:30063, delay:0.0000s, distance:134.99m (Euclidean)
[2025-03-07 13:59:11,046] [INFO] [30177] Received COMMIT: id:1741323542381, from:30063, delay:0.0000s, distance:134.99m (Euclidean)
[2025-03-07 13:59:11,269] [INFO] [30177] Received PREPARE: id:1741323542381, from:30089, delay:0.0001s, distance:173.33m (Euclidean)
[2025-03-07 13:59:11,288] [INFO] [30177] Received COMMIT: id:1741323542381, from:30089, delay:0.0001s, distance:173.33m (Euclidean)
[2025-03-07 13:59:11,354] [INFO] [30177] Received PREPARE: id:1741323542381, from:30175, delay:0.0000s, distance:173.18m (Euclidean)
[2025-03-07 13:59:11,356] [INFO] [30177] Received COMMIT: id:1741323542381, from:30175, delay:0.0000s, distance:173.18m (Euclidean)
[2025-03-07 13:59:11,419] [INFO] [30177] Received PREPARE: id:1741323542381, from:30007, delay:0.0000s, distance:94.56m (Euclidean)
[2025-03-07 13:59:11,425] [INFO] [30177] Received COMMIT: id:1741323542381, from:30007, delay:0.0000s, distance:94.56m (Euclidean)
[2025-03-07 13:59:11,541] [INFO] [30177] Received PREPARE: id:1741323542381, from:30174, delay:0.0000s, distance:117.39m (Euclidean)
[2025-03-07 13:59:11,543] [INFO] [30177] Received PREPARE: id:1741323542381, from:30129, delay:0.0000s, distance:110.25m (Euclidean)
[2025-03-07 13:59:11,543] [INFO] [30177] Received COMMIT: id:1741323542381, from:30129, delay:0.0000s, distance:110.25m (Euclidean)
[2025-03-07 13:59:11,545] [INFO] [30177] Received COMMIT: id:1741323542381, from:30174, delay:0.0000s, distance:117.39m (Euclidean)
[2025-03-07 13:59:11,612] [INFO] [30177] Received PREPARE: id:1741323542381, from:30111, delay:0.0000s, distance:124.92m (Euclidean)
[2025-03-07 13:59:11,612] [INFO] [30177] Received COMMIT: id:1741323542381, from:30111, delay:0.0000s, distance:124.92m (Euclidean)
[2025-03-07 13:59:11,669] [INFO] [30177] Received PREPARE: id:1741323542381, from:30076, delay:0.0000s, distance:123.47m (Euclidean)
[2025-03-07 13:59:11,669] [INFO] [30177] Received COMMIT: id:1741323542381, from:30076, delay:0.0000s, distance:123.47m (Euclidean)
[2025-03-07 13:59:11,749] [INFO] [30177] Received PREPARE: id:1741323542381, from:30120, delay:0.0001s, distance:152.23m (Euclidean)
[2025-03-07 13:59:11,749] [INFO] [30177] Received COMMIT: id:1741323542381, from:30171, delay:0.0000s, distance:84.83m (Euclidean)
[2025-03-07 13:59:11,749] [INFO] [30177] Received PREPARE: id:1741323542381, from:30171, delay:0.0000s, distance:84.83m (Euclidean)
[2025-03-07 13:59:11,749] [INFO] [30177] Received COMMIT: id:1741323542381, from:30120, delay:0.0001s, distance:152.23m (Euclidean)
[2025-03-07 13:59:11,784] [INFO] [30177] Received PREPARE: id:1741323542381, from:30121, delay:0.0001s, distance:180.97m (Euclidean)
[2025-03-07 13:59:11,784] [INFO] [30177] Received COMMIT: id:1741323542381, from:30121, delay:0.0001s, distance:180.97m (Euclidean)
[2025-03-07 13:59:12,338] [INFO] [30177] Received PREPARE: id:1741323542381, from:30093, delay:0.0000s, distance:124.66m (Euclidean)
[2025-03-07 13:59:12,339] [INFO] [30177] Received COMMIT: id:1741323542381, from:30093, delay:0.0000s, distance:124.66m (Euclidean)
[2025-03-07 13:59:12,358] [INFO] [30177] Received PREPARE: id:1741323542381, from:30090, delay:0.0000s, distance:164.50m (Euclidean)
[2025-03-07 13:59:12,360] [INFO] [30177] Received COMMIT: id:1741323542381, from:30090, delay:0.0000s, distance:164.50m (Euclidean)
[2025-03-07 13:59:12,437] [INFO] [30177] Received PREPARE: id:1741323542381, from:30011, delay:0.0000s, distance:149.99m (Euclidean)
[2025-03-07 13:59:12,439] [INFO] [30177] Received COMMIT: id:1741323542381, from:30011, delay:0.0000s, distance:149.99m (Euclidean)
[2025-03-07 13:59:12,516] [INFO] [30177] Received PREPARE: id:1741323542381, from:30024, delay:0.0000s, distance:78.80m (Euclidean)
[2025-03-07 13:59:12,518] [INFO] [30177] Received COMMIT: id:1741323542381, from:30024, delay:0.0000s, distance:78.80m (Euclidean)
[2025-03-07 13:59:13,767] [INFO] [30177] Received PREPARE: id:1741323542381, from:30142, delay:0.0000s, distance:249.47m (Euclidean)
[2025-03-07 13:59:15,296] [INFO] [30177] Received PREPARE: id:1741323542381, from:30194, delay:0.0001s, distance:165.23m (Euclidean)
[2025-03-07 13:59:15,941] [INFO] [30177] Received PREPARE: id:1741323542381, from:30010, delay:0.0002s, distance:258.54m (Euclidean)
[2025-03-07 13:59:15,943] [INFO] [30177] Received COMMIT: id:1741323542381, from:30010, delay:0.0002s, distance:258.54m (Euclidean)
[2025-03-07 13:59:16,137] [INFO] [30177] Received PREPARE: id:1741323542381, from:30132, delay:0.0002s, distance:255.47m (Euclidean)
[2025-03-07 13:59:16,137] [INFO] [30177] Received COMMIT: id:1741323542381, from:30132, delay:0.0002s, distance:255.47m (Euclidean)
[2025-03-07 13:59:16,151] [INFO] [30177] Received PREPARE: id:1741323542381, from:30026, delay:0.0001s, distance:219.29m (Euclidean)
[2025-03-07 13:59:16,151] [INFO] [30177] Received COMMIT: id:1741323542381, from:30026, delay:0.0001s, distance:219.29m (Euclidean)
[2025-03-07 13:59:16,302] [INFO] [30177] Received PREPARE: id:1741323542381, from:30034, delay:0.0000s, distance:194.66m (Euclidean)
[2025-03-07 13:59:16,306] [INFO] [30177] Received COMMIT: id:1741323542381, from:30034, delay:0.0000s, distance:194.66m (Euclidean)
[2025-03-07 13:59:16,371] [INFO] [30177] Received PREPARE: id:1741323542381, from:30086, delay:0.0001s, distance:170.66m (Euclidean)
[2025-03-07 13:59:16,371] [INFO] [30177] Received COMMIT: id:1741323542381, from:30086, delay:0.0001s, distance:170.66m (Euclidean)
[2025-03-07 13:59:16,690] [INFO] [30177] Received COMMIT: id:1741323542381, from:30194, delay:0.0001s, distance:165.23m (Euclidean)
[2025-03-07 13:59:17,219] [INFO] [30177] Received PREPARE: id:1741323542381, from:30131, delay:0.0001s, distance:221.43m (Euclidean)
[2025-03-07 13:59:17,313] [INFO] [30177] Received PREPARE: id:1741323542381, from:30193, delay:0.0002s, distance:265.01m (Euclidean)
[2025-03-07 13:59:17,313] [INFO] [30177] Received COMMIT: id:1741323542381, from:30193, delay:0.0002s, distance:265.01m (Euclidean)
[2025-03-07 13:59:17,338] [INFO] [30177] Received PREPARE: id:1741323542381, from:30079, delay:0.0002s, distance:282.43m (Euclidean)
[2025-03-07 13:59:17,340] [INFO] [30177] Received COMMIT: id:1741323542381, from:30079, delay:0.0002s, distance:282.43m (Euclidean)
[2025-03-07 13:59:17,523] [INFO] [30177] Received PREPARE: id:1741323542381, from:30016, delay:0.0001s, distance:166.57m (Euclidean)
[2025-03-07 13:59:17,523] [INFO] [30177] Received COMMIT: id:1741323542381, from:30016, delay:0.0001s, distance:166.57m (Euclidean)
[2025-03-07 13:59:17,600] [INFO] [30177] Received PREPARE: id:1741323542381, from:30061, delay:0.0001s, distance:221.68m (Euclidean)
[2025-03-07 13:59:17,602] [INFO] [30177] Received COMMIT: id:1741323542381, from:30061, delay:0.0001s, distance:221.68m (Euclidean)
[2025-03-07 13:59:17,751] [INFO] [30177] Received PREPARE: id:1741323542381, from:30134, delay:0.0001s, distance:178.49m (Euclidean)
[2025-03-07 13:59:17,753] [INFO] [30177] Received COMMIT: id:1741323542381, from:30134, delay:0.0001s, distance:178.49m (Euclidean)
[2025-03-07 13:59:17,775] [INFO] [30177] Received PREPARE: id:1741323542381, from:30125, delay:0.0002s, distance:253.05m (Euclidean)
[2025-03-07 13:59:17,775] [INFO] [30177] Received COMMIT: id:1741323542381, from:30125, delay:0.0002s, distance:253.05m (Euclidean)
[2025-03-07 13:59:18,249] [INFO] [30177] Received PREPARE: id:1741323542381, from:30052, delay:0.0002s, distance:256.59m (Euclidean)
[2025-03-07 13:59:18,253] [INFO] [30177] Received COMMIT: id:1741323542381, from:30052, delay:0.0002s, distance:256.59m (Euclidean)
[2025-03-07 13:59:18,438] [INFO] [30177] Received COMMIT: id:1741323542381, from:30131, delay:0.0001s, distance:221.43m (Euclidean)
[2025-03-07 13:59:18,462] [INFO] [30177] Received PREPARE: id:1741323542381, from:30114, delay:0.0002s, distance:290.00m (Euclidean)
[2025-03-07 13:59:18,463] [INFO] [30177] Received COMMIT: id:1741323542381, from:30114, delay:0.0002s, distance:290.00m (Euclidean)
[2025-03-07 13:59:18,484] [INFO] [30177] Received PREPARE: id:1741323542381, from:30137, delay:0.0001s, distance:241.62m (Euclidean)
[2025-03-07 13:59:18,484] [INFO] [30177] Received COMMIT: id:1741323542381, from:30137, delay:0.0001s, distance:241.62m (Euclidean)
[2025-03-07 13:59:18,666] [INFO] [30177] Received PREPARE: id:1741323542381, from:30088, delay:0.0001s, distance:238.25m (Euclidean)
[2025-03-07 13:59:18,666] [INFO] [30177] Received COMMIT: id:1741323542381, from:30088, delay:0.0001s, distance:238.25m (Euclidean)
[2025-03-07 13:59:18,735] [INFO] [30177] Received PREPARE: id:1741323542381, from:30055, delay:0.0001s, distance:229.19m (Euclidean)
[2025-03-07 13:59:18,737] [INFO] [30177] Received COMMIT: id:1741323542381, from:30055, delay:0.0001s, distance:229.19m (Euclidean)
[2025-03-07 13:59:18,863] [INFO] [30177] Received PREPARE: id:1741323542381, from:30001, delay:0.0001s, distance:246.38m (Euclidean)
[2025-03-07 13:59:18,863] [INFO] [30177] Received COMMIT: id:1741323542381, from:30001, delay:0.0001s, distance:246.38m (Euclidean)
[2025-03-07 13:59:19,066] [INFO] [30177] Received PREPARE: id:1741323542381, from:30073, delay:0.0002s, distance:258.56m (Euclidean)
[2025-03-07 13:59:19,066] [INFO] [30177] Received COMMIT: id:1741323542381, from:30073, delay:0.0002s, distance:258.56m (Euclidean)
[2025-03-07 13:59:19,082] [INFO] [30177] Received PREPARE: id:1741323542381, from:30003, delay:0.0001s, distance:196.35m (Euclidean)
[2025-03-07 13:59:19,082] [INFO] [30177] Received COMMIT: id:1741323542381, from:30003, delay:0.0001s, distance:196.35m (Euclidean)
[2025-03-07 13:59:19,273] [INFO] [30177] Received PREPARE: id:1741323542381, from:30038, delay:0.0001s, distance:214.08m (Euclidean)
[2025-03-07 13:59:19,275] [INFO] [30177] Received COMMIT: id:1741323542381, from:30038, delay:0.0001s, distance:214.08m (Euclidean)
[2025-03-07 13:59:19,669] [INFO] [30177] Received PREPARE: id:1741323542381, from:30006, delay:0.0002s, distance:287.66m (Euclidean)
[2025-03-07 13:59:19,700] [INFO] [30177] Received COMMIT: id:1741323542381, from:30006, delay:0.0002s, distance:287.66m (Euclidean)
[2025-03-07 13:59:19,734] [INFO] [30177] Received PREPARE: id:1741323542381, from:30081, delay:0.0000s, distance:138.47m (Euclidean)
[2025-03-07 13:59:19,736] [INFO] [30177] Received COMMIT: id:1741323542381, from:30081, delay:0.0000s, distance:138.47m (Euclidean)
[2025-03-07 13:59:19,744] [INFO] [30177] Received PREPARE: id:1741323542381, from:30160, delay:0.0001s, distance:204.78m (Euclidean)
[2025-03-07 13:59:19,756] [INFO] [30177] Received COMMIT: id:1741323542381, from:30160, delay:0.0001s, distance:204.78m (Euclidean)
[2025-03-07 13:59:19,791] [INFO] [30177] Received PREPARE: id:1741323542381, from:30173, delay:0.0002s, distance:273.10m (Euclidean)
[2025-03-07 13:59:19,811] [INFO] [30177] Received COMMIT: id:1741323542381, from:30173, delay:0.0002s, distance:273.10m (Euclidean)
[2025-03-07 13:59:19,832] [INFO] [30177] Received PREPARE: id:1741323542381, from:30105, delay:0.0001s, distance:226.92m (Euclidean)
[2025-03-07 13:59:19,833] [INFO] [30177] Received COMMIT: id:1741323542381, from:30105, delay:0.0001s, distance:226.92m (Euclidean)
[2025-03-07 13:59:20,289] [INFO] [30177] Received PREPARE: id:1741323542381, from:30165, delay:0.0002s, distance:278.19m (Euclidean)
[2025-03-07 13:59:20,289] [INFO] [30177] Received COMMIT: id:1741323542381, from:30165, delay:0.0002s, distance:278.19m (Euclidean)
[2025-03-07 13:59:20,575] [INFO] [30177] Received PREPARE: id:1741323542381, from:30198, delay:0.0000s, distance:133.80m (Euclidean)
[2025-03-07 13:59:20,575] [INFO] [30177] Received COMMIT: id:1741323542381, from:30198, delay:0.0000s, distance:133.80m (Euclidean)
[2025-03-07 13:59:20,854] [INFO] [30177] Received PREPARE: id:1741323542381, from:30068, delay:0.0001s, distance:181.06m (Euclidean)
[2025-03-07 13:59:21,071] [INFO] [30177] Received PREPARE: id:1741323542381, from:30151, delay:0.0001s, distance:216.64m (Euclidean)
[2025-03-07 13:59:21,072] [INFO] [30177] Received PREPARE: id:1741323542381, from:30145, delay:0.0002s, distance:278.68m (Euclidean)
[2025-03-07 13:59:21,072] [INFO] [30177] Received COMMIT: id:1741323542381, from:30145, delay:0.0002s, distance:278.68m (Euclidean)
[2025-03-07 13:59:21,073] [INFO] [30177] Received COMMIT: id:1741323542381, from:30151, delay:0.0001s, distance:216.64m (Euclidean)
[2025-03-07 13:59:21,284] [INFO] [30177] Received PREPARE: id:1741323542381, from:30188, delay:0.0001s, distance:244.07m (Euclidean)
[2025-03-07 13:59:21,323] [INFO] [30177] Received COMMIT: id:1741323542381, from:30188, delay:0.0001s, distance:244.07m (Euclidean)
[2025-03-07 13:59:21,482] [INFO] [30177] Received COMMIT: id:1741323542381, from:30068, delay:0.0001s, distance:181.06m (Euclidean)
[2025-03-07 13:59:21,609] [INFO] [30177] Received PREPARE: id:1741323542381, from:30042, delay:0.0001s, distance:231.74m (Euclidean)
[2025-03-07 13:59:21,611] [INFO] [30177] Received COMMIT: id:1741323542381, from:30042, delay:0.0001s, distance:231.74m (Euclidean)
[2025-03-07 13:59:21,704] [INFO] [30177] Received PREPARE: id:1741323542381, from:30117, delay:0.0001s, distance:229.26m (Euclidean)
[2025-03-07 13:59:21,706] [INFO] [30177] Received COMMIT: id:1741323542381, from:30117, delay:0.0001s, distance:229.26m (Euclidean)
[2025-03-07 13:59:21,790] [INFO] [30177] Received PREPARE: id:1741323542381, from:30159, delay:0.0001s, distance:163.66m (Euclidean)
[2025-03-07 13:59:21,790] [INFO] [30177] Received COMMIT: id:1741323542381, from:30159, delay:0.0001s, distance:163.66m (Euclidean)
[2025-03-07 13:59:21,949] [INFO] [30177] Received PREPARE: id:1741323542381, from:30019, delay:0.0001s, distance:168.42m (Euclidean)
[2025-03-07 13:59:21,949] [INFO] [30177] Received COMMIT: id:1741323542381, from:30019, delay:0.0001s, distance:168.42m (Euclidean)
[2025-03-07 13:59:22,021] [INFO] [30177] Received PREPARE: id:1741323542381, from:30140, delay:0.0001s, distance:217.63m (Euclidean)
[2025-03-07 13:59:22,021] [INFO] [30177] Received COMMIT: id:1741323542381, from:30140, delay:0.0001s, distance:217.63m (Euclidean)
[2025-03-07 13:59:22,538] [INFO] [30177] Received COMMIT: id:1741323542381, from:30142, delay:0.0000s, distance:249.47m (Euclidean)
[2025-03-07 13:59:22,685] [INFO] [30177] Received PREPARE: id:1741323542381, from:30008, delay:0.0001s, distance:211.57m (Euclidean)
[2025-03-07 13:59:22,784] [INFO] [30177] Received COMMIT: id:1741323542381, from:30008, delay:0.0001s, distance:211.57m (Euclidean)
[2025-03-07 13:59:22,934] [INFO] [30177] Received PREPARE: id:1741323542381, from:30197, delay:0.0001s, distance:206.45m (Euclidean)
[2025-03-07 13:59:22,934] [INFO] [30177] Received COMMIT: id:1741323542381, from:30197, delay:0.0001s, distance:206.45m (Euclidean)
[2025-03-07 13:59:23,046] [INFO] [30177] Received PREPARE: id:1741323542381, from:30033, delay:0.0001s, distance:245.85m (Euclidean)
[2025-03-07 13:59:23,046] [INFO] [30177] Received COMMIT: id:1741323542381, from:30033, delay:0.0001s, distance:245.85m (Euclidean)
[2025-03-07 13:59:23,124] [INFO] [30177] Received PREPARE: id:1741323542381, from:30122, delay:0.0002s, distance:288.51m (Euclidean)
[2025-03-07 13:59:23,124] [INFO] [30177] Received COMMIT: id:1741323542381, from:30122, delay:0.0002s, distance:288.51m (Euclidean)
[2025-03-07 13:59:23,225] [INFO] [30177] Received PREPARE: id:1741323542381, from:30153, delay:0.0001s, distance:171.27m (Euclidean)
[2025-03-07 13:59:23,225] [INFO] [30177] Received COMMIT: id:1741323542381, from:30153, delay:0.0001s, distance:171.27m (Euclidean)
[2025-03-07 13:59:23,367] [INFO] [30177] Received PREPARE: id:1741323542381, from:30064, delay:0.0001s, distance:217.88m (Euclidean)
[2025-03-07 13:59:23,367] [INFO] [30177] Received COMMIT: id:1741323542381, from:30064, delay:0.0001s, distance:217.88m (Euclidean)
[2025-03-07 13:59:23,465] [INFO] [30177] Received PREPARE: id:1741323542381, from:30166, delay:0.0002s, distance:272.70m (Euclidean)
[2025-03-07 13:59:23,471] [INFO] [30177] Received PREPARE: id:1741323542381, from:30091, delay:0.0001s, distance:226.92m (Euclidean)
[2025-03-07 13:59:23,473] [INFO] [30177] Received COMMIT: id:1741323542381, from:30091, delay:0.0001s, distance:226.92m (Euclidean)
[2025-03-07 13:59:23,482] [INFO] [30177] Received COMMIT: id:1741323542381, from:30166, delay:0.0002s, distance:272.70m (Euclidean)
[2025-03-07 13:59:23,484] [INFO] [30177] Received PREPARE: id:1741323542381, from:30014, delay:0.0002s, distance:284.84m (Euclidean)
[2025-03-07 13:59:23,484] [INFO] [30177] Received COMMIT: id:1741323542381, from:30014, delay:0.0002s, distance:284.84m (Euclidean)
[2025-03-07 13:59:23,986] [INFO] [30177] Received PREPARE: id:1741323542381, from:30141, delay:0.0000s, distance:143.96m (Euclidean)
[2025-03-07 13:59:23,986] [INFO] [30177] Received COMMIT: id:1741323542381, from:30141, delay:0.0000s, distance:143.96m (Euclidean)
[2025-03-07 13:59:24,035] [INFO] [30177] Received PREPARE: id:1741323542381, from:30099, delay:0.0002s, distance:252.12m (Euclidean)
[2025-03-07 13:59:24,035] [INFO] [30177] Received COMMIT: id:1741323542381, from:30099, delay:0.0002s, distance:252.12m (Euclidean)
[2025-03-07 13:59:24,057] [INFO] [30177] Received PREPARE: id:1741323542381, from:30143, delay:0.0002s, distance:257.51m (Euclidean)
[2025-03-07 13:59:24,060] [INFO] [30177] Received COMMIT: id:1741323542381, from:30143, delay:0.0002s, distance:257.51m (Euclidean)
[2025-03-07 13:59:24,247] [INFO] [30177] Received PREPARE: id:1741323542381, from:30078, delay:0.0000s, distance:249.26m (Euclidean)
[2025-03-07 13:59:24,421] [INFO] [30177] Received PREPARE: id:1741323542381, from:30039, delay:0.0002s, distance:273.24m (Euclidean)
[2025-03-07 13:59:24,423] [INFO] [30177] Received COMMIT: id:1741323542381, from:30039, delay:0.0002s, distance:273.24m (Euclidean)
[2025-03-07 13:59:24,861] [INFO] [30177] Received PREPARE: id:1741323542381, from:30094, delay:0.0001s, distance:230.70m (Euclidean)
[2025-03-07 13:59:24,861] [INFO] [30177] Received COMMIT: id:1741323542381, from:30094, delay:0.0001s, distance:230.70m (Euclidean)
[2025-03-07 13:59:25,062] [INFO] [30177] Received PREPARE: id:1741323542381, from:30138, delay:0.0001s, distance:239.50m (Euclidean)
[2025-03-07 13:59:25,062] [INFO] [30177] Received COMMIT: id:1741323542381, from:30138, delay:0.0001s, distance:239.50m (Euclidean)
[2025-03-07 13:59:25,145] [INFO] [30177] Received PREPARE: id:1741323542381, from:30084, delay:0.0002s, distance:273.58m (Euclidean)
[2025-03-07 13:59:25,145] [INFO] [30177] Received COMMIT: id:1741323542381, from:30084, delay:0.0002s, distance:273.58m (Euclidean)
[2025-03-07 13:59:25,207] [INFO] [30177] Received PREPARE: id:1741323542381, from:30156, delay:0.0001s, distance:196.49m (Euclidean)
[2025-03-07 13:59:25,215] [INFO] [30177] Received COMMIT: id:1741323542381, from:30156, delay:0.0001s, distance:196.49m (Euclidean)
[2025-03-07 13:59:25,604] [INFO] [30177] Received PREPARE: id:1741323542381, from:30083, delay:0.0000s, distance:120.88m (Euclidean)
[2025-03-07 13:59:25,610] [INFO] [30177] Received COMMIT: id:1741323542381, from:30083, delay:0.0000s, distance:120.88m (Euclidean)
[2025-03-07 13:59:25,697] [INFO] [30177] Received PREPARE: id:1741323542381, from:30017, delay:0.0001s, distance:206.45m (Euclidean)
[2025-03-07 13:59:25,697] [INFO] [30177] Received PREPARE: id:1741323542381, from:30187, delay:0.0002s, distance:278.07m (Euclidean)
[2025-03-07 13:59:25,697] [INFO] [30177] Received COMMIT: id:1741323542381, from:30017, delay:0.0001s, distance:206.45m (Euclidean)
[2025-03-07 13:59:25,697] [INFO] [30177] Received COMMIT: id:1741323542381, from:30187, delay:0.0002s, distance:278.07m (Euclidean)
[2025-03-07 13:59:26,198] [INFO] [30177] Received PREPARE: id:1741323542381, from:30075, delay:0.0001s, distance:220.50m (Euclidean)
[2025-03-07 13:59:26,198] [INFO] [30177] Received COMMIT: id:1741323542381, from:30075, delay:0.0001s, distance:220.50m (Euclidean)
[2025-03-07 13:59:26,434] [INFO] [30177] Received PREPARE: id:1741323542381, from:30162, delay:0.0001s, distance:205.84m (Euclidean)
[2025-03-07 13:59:26,434] [INFO] [30177] Received COMMIT: id:1741323542381, from:30162, delay:0.0001s, distance:205.84m (Euclidean)
[2025-03-07 13:59:26,748] [INFO] [30177] Received PREPARE: id:1741323542381, from:30101, delay:0.0001s, distance:152.18m (Euclidean)
[2025-03-07 13:59:26,760] [INFO] [30177] Received COMMIT: id:1741323542381, from:30101, delay:0.0001s, distance:152.18m (Euclidean)
[2025-03-07 13:59:26,999] [INFO] [30177] Received PREPARE: id:1741323542381, from:30152, delay:0.0001s, distance:241.14m (Euclidean)
[2025-03-07 13:59:27,000] [INFO] [30177] Received COMMIT: id:1741323542381, from:30152, delay:0.0001s, distance:241.14m (Euclidean)
[2025-03-07 13:59:27,041] [INFO] [30177] Received PREPARE: id:1741323542381, from:30022, delay:0.0001s, distance:225.12m (Euclidean)
[2025-03-07 13:59:27,049] [INFO] [30177] Received COMMIT: id:1741323542381, from:30022, delay:0.0001s, distance:225.12m (Euclidean)
[2025-03-07 13:59:27,068] [INFO] [30177] Received PREPARE: id:1741323542381, from:30104, delay:0.0001s, distance:231.92m (Euclidean)
[2025-03-07 13:59:27,078] [INFO] [30177] Received COMMIT: id:1741323542381, from:30104, delay:0.0001s, distance:231.92m (Euclidean)
[2025-03-07 13:59:27,265] [INFO] [30177] Received PREPARE: id:1741323542381, from:30186, delay:0.0000s, distance:167.01m (Euclidean)
[2025-03-07 13:59:27,302] [INFO] [30177] Received COMMIT: id:1741323542381, from:30186, delay:0.0000s, distance:167.01m (Euclidean)
[2025-03-07 13:59:27,346] [INFO] [30177] Received COMMIT: id:1741323542381, from:30078, delay:0.0000s, distance:249.26m (Euclidean)
[2025-03-07 13:59:27,395] [INFO] [30177] Received PREPARE: id:1741323542381, from:30045, delay:0.0002s, distance:292.94m (Euclidean)
[2025-03-07 13:59:27,395] [INFO] [30177] Received COMMIT: id:1741323542381, from:30045, delay:0.0002s, distance:292.94m (Euclidean)
[2025-03-07 13:59:27,526] [INFO] [30177] Received PREPARE: id:1741323542381, from:30139, delay:0.0002s, distance:261.50m (Euclidean)
[2025-03-07 13:59:27,548] [INFO] [30177] Received COMMIT: id:1741323542381, from:30139, delay:0.0002s, distance:261.50m (Euclidean)
[2025-03-07 13:59:27,858] [INFO] [30177] Received PREPARE: id:1741323542381, from:30009, delay:0.0001s, distance:158.70m (Euclidean)
[2025-03-07 13:59:27,859] [INFO] [30177] Received COMMIT: id:1741323542381, from:30009, delay:0.0001s, distance:158.70m (Euclidean)
[2025-03-07 13:59:28,628] [INFO] [30177] Received PREPARE: id:1741323542381, from:30163, delay:0.0002s, distance:266.07m (Euclidean)
[2025-03-07 13:59:28,706] [INFO] [30177] Received COMMIT: id:1741323542381, from:30163, delay:0.0002s, distance:266.07m (Euclidean)
[2025-03-07 13:59:33,283] [INFO] [30177] Received PREPARE: id:1741323542381, from:30192, delay:0.0002s, distance:298.80m (Euclidean)
[2025-03-07 13:59:33,358] [INFO] [30177] Received PREPARE: id:1741323542381, from:30030, delay:0.0002s, distance:272.80m (Euclidean)
[2025-03-07 13:59:33,866] [INFO] [30177] Received COMMIT: id:1741323542381, from:30192, delay:0.0002s, distance:298.80m (Euclidean)
[2025-03-07 13:59:37,289] [INFO] [30177] Received COMMIT: id:1741323542381, from:30030, delay:0.0002s, distance:272.80m (Euclidean)
[2025-03-07 13:59:38,015] [INFO] [30177] Received PREPARE: id:1741323542381, from:30018, delay:0.0001s, distance:204.79m (Euclidean)
[2025-03-07 13:59:38,094] [INFO] [30177] Received COMMIT: id:1741323542381, from:30018, delay:0.0001s, distance:204.79m (Euclidean)
[2025-03-07 13:59:38,111] [INFO] [30177] Received PREPARE: id:1741323542381, from:30047, delay:0.0002s, distance:291.34m (Euclidean)
[2025-03-07 13:59:38,119] [INFO] [30177] Received COMMIT: id:1741323542381, from:30002, delay:0.0000s, distance:131.26m (Euclidean)
[2025-03-07 13:59:38,156] [INFO] [30177] Received COMMIT: id:1741323542381, from:30047, delay:0.0002s, distance:291.34m (Euclidean)
[2025-03-07 13:59:38,156] [INFO] [30177] Received PREPARE: id:1741323542381, from:30185, delay:0.0002s, distance:252.15m (Euclidean)
[2025-03-07 13:59:38,202] [INFO] [30177] Received COMMIT: id:1741323542381, from:30082, delay:0.0001s, distance:236.92m (Euclidean)
[2025-03-07 13:59:38,264] [INFO] [30177] Received COMMIT: id:1741323542381, from:30185, delay:0.0002s, distance:252.15m (Euclidean)
[2025-03-07 13:59:38,525] [INFO] [30177] Received PREPARE: id:1741323542381, from:30183, delay:0.0001s, distance:221.26m (Euclidean)
[2025-03-07 13:59:38,531] [INFO] [30177] Received COMMIT: id:1741323542381, from:30183, delay:0.0001s, distance:221.26m (Euclidean)
[2025-03-07 13:59:38,543] [INFO] [30177] Received PREPARE: id:1741323542381, from:30164, delay:0.0002s, distance:261.05m (Euclidean)
[2025-03-07 13:59:38,651] [INFO] [30177] Received PREPARE: id:1741323542381, from:30097, delay:0.0001s, distance:238.15m (Euclidean)
[2025-03-07 13:59:38,653] [INFO] [30177] Received PREPARE: id:1741323542381, from:30172, delay:0.0001s, distance:247.27m (Euclidean)
[2025-03-07 13:59:38,673] [INFO] [30177] Received COMMIT: id:1741323542381, from:30097, delay:0.0001s, distance:238.15m (Euclidean)
[2025-03-07 13:59:38,675] [INFO] [30177] Received COMMIT: id:1741323542381, from:30164, delay:0.0002s, distance:261.05m (Euclidean)
[2025-03-07 13:59:38,750] [INFO] [30177] Received COMMIT: id:1741323542381, from:30172, delay:0.0001s, distance:247.27m (Euclidean)
