[2025-03-07 13:53:30,271] [INFO] Starting node at localhost:30137 | index=138 | f=1, k=4 | Role: Replica
[2025-03-07 13:53:30,281] [ERROR] Unexpected error in main loop:
Traceback (most recent call last):
  File "pbft.py", line 440, in main
    runner = await serve_app(app, node_addr['host'], node_addr['port'], logger)
  File "pbft.py", line 388, in serve_app
    await site.start()
  File "D:\anaconda\envs\PBFT\lib\site-packages\aiohttp\web_runner.py", line 128, in start
    reuse_port=self._reuse_port,
  File "D:\anaconda\envs\PBFT\lib\asyncio\base_events.py", line 1386, in create_server
    server._start_serving()
  File "D:\anaconda\envs\PBFT\lib\asyncio\base_events.py", line 276, in _start_serving
    sock.listen(self._backlog)
OSError: [WinError 10014] 호출에 대한 포인터 인수를 사용하려는 동안 시스템에서 잘못된 포인터 주소를 감지했습니다
[2025-03-07 13:53:30,281] [ERROR] Error during cleanup.
Traceback (most recent call last):
  File "pbft.py", line 453, in main
    await runner.cleanup()
UnboundLocalError: local variable 'runner' referenced before assignment
[2025-03-07 13:54:55,266] [INFO] Starting node at localhost:30137 | index=138 | f=1, k=4 | Role: Replica
[2025-03-07 13:54:55,276] [ERROR] Unexpected error in main loop:
Traceback (most recent call last):
  File "pbft.py", line 440, in main
    runner = await serve_app(app, node_addr['host'], node_addr['port'], logger)
  File "pbft.py", line 388, in serve_app
    await site.start()
  File "D:\anaconda\envs\PBFT\lib\site-packages\aiohttp\web_runner.py", line 128, in start
    reuse_port=self._reuse_port,
  File "D:\anaconda\envs\PBFT\lib\asyncio\base_events.py", line 1386, in create_server
    server._start_serving()
  File "D:\anaconda\envs\PBFT\lib\asyncio\base_events.py", line 276, in _start_serving
    sock.listen(self._backlog)
OSError: [WinError 10014] 호출에 대한 포인터 인수를 사용하려는 동안 시스템에서 잘못된 포인터 주소를 감지했습니다
[2025-03-07 13:54:55,276] [ERROR] Error during cleanup.
Traceback (most recent call last):
  File "pbft.py", line 453, in main
    await runner.cleanup()
UnboundLocalError: local variable 'runner' referenced before assignment
[2025-03-07 13:57:41,707] [INFO] Starting node at localhost:30137 | index=138 | f=1, k=4 | Role: Replica
[2025-03-07 13:58:44,131] [INFO] Starting node at localhost:30137 | index=138 | f=1, k=4 | Role: Replica
[2025-03-07 13:59:03,106] [INFO] [30137] Received PREPARE: id:1741323542381, from:30119, delay:0.0000s, distance:200.45m (Euclidean)
[2025-03-07 13:59:03,106] [INFO] [30137] Missing PRE-PREPARE for REQUEST 1741323542381; ignoring PREPARE
[2025-03-07 13:59:03,106] [INFO] [30137] Received PREPARE: id:1741323542381, from:30180, delay:0.0000s, distance:249.39m (Euclidean)
[2025-03-07 13:59:03,106] [INFO] [30137] Missing PRE-PREPARE for REQUEST 1741323542381; ignoring PREPARE
[2025-03-07 13:59:03,613] [INFO] [30137] Received PREPARE: id:1741323542381, from:30053, delay:0.0000s, distance:100.18m (Euclidean)
[2025-03-07 13:59:03,613] [INFO] [30137] Missing PRE-PREPARE for REQUEST 1741323542381; ignoring PREPARE
[2025-03-07 13:59:03,865] [INFO] [30137] Received PREPARE: id:1741323542381, from:30169, delay:0.0001s, distance:164.32m (Euclidean)
[2025-03-07 13:59:03,865] [INFO] [30137] Missing PRE-PREPARE for REQUEST 1741323542381; ignoring PREPARE
[2025-03-07 13:59:04,103] [INFO] [30137] Received PREPARE: id:1741323542381, from:30123, delay:0.0000s, distance:41.27m (Euclidean)
[2025-03-07 13:59:04,103] [INFO] [30137] Missing PRE-PREPARE for REQUEST 1741323542381; ignoring PREPARE
[2025-03-07 13:59:04,119] [INFO] [30137] Received PREPARE: id:1741323542381, from:30154, delay:0.0001s, distance:229.98m (Euclidean)
[2025-03-07 13:59:04,119] [INFO] [30137] Missing PRE-PREPARE for REQUEST 1741323542381; ignoring PREPARE
[2025-03-07 13:59:04,135] [INFO] [30137] Received COMMIT: id:1741323542381, from:30154, delay:0.0001s, distance:229.98m (Euclidean)
[2025-03-07 13:59:04,197] [INFO] [30137] Received PREPARE: id:1741323542381, from:30110, delay:0.0001s, distance:236.33m (Euclidean)
[2025-03-07 13:59:04,245] [INFO] [30137] Missing PRE-PREPARE for REQUEST 1741323542381; ignoring PREPARE
[2025-03-07 13:59:04,245] [INFO] [30137] Received PREPARE: id:1741323542381, from:30127, delay:0.0000s, distance:140.93m (Euclidean)
[2025-03-07 13:59:04,245] [INFO] [30137] Missing PRE-PREPARE for REQUEST 1741323542381; ignoring PREPARE
[2025-03-07 13:59:04,285] [INFO] [30137] Received PREPARE: id:1741323542381, from:30023, delay:0.0000s, distance:44.00m (Euclidean)
[2025-03-07 13:59:04,285] [INFO] [30137] Missing PRE-PREPARE for REQUEST 1741323542381; ignoring PREPARE
[2025-03-07 13:59:04,338] [INFO] [30137] Received COMMIT: id:1741323542381, from:30053, delay:0.0000s, distance:100.18m (Euclidean)
[2025-03-07 13:59:04,473] [INFO] [30137] Received PREPARE: id:1741323542381, from:30126, delay:0.0001s, distance:223.73m (Euclidean)
[2025-03-07 13:59:04,473] [INFO] [30137] Missing PRE-PREPARE for REQUEST 1741323542381; ignoring PREPARE
[2025-03-07 13:59:04,475] [INFO] [30137] Received COMMIT: id:1741323542381, from:30127, delay:0.0000s, distance:140.93m (Euclidean)
[2025-03-07 13:59:04,501] [INFO] [30137] Received COMMIT: id:1741323542381, from:30119, delay:0.0000s, distance:200.45m (Euclidean)
[2025-03-07 13:59:04,515] [INFO] [30137] Received PREPARE: id:1741323542381, from:30190, delay:0.0001s, distance:223.58m (Euclidean)
[2025-03-07 13:59:04,515] [INFO] [30137] Missing PRE-PREPARE for REQUEST 1741323542381; ignoring PREPARE
[2025-03-07 13:59:04,515] [INFO] [30137] Received COMMIT: id:1741323542381, from:30190, delay:0.0001s, distance:223.58m (Euclidean)
[2025-03-07 13:59:04,543] [INFO] [30137] Received PREPARE: id:1741323542381, from:30007, delay:0.0000s, distance:152.99m (Euclidean)
[2025-03-07 13:59:04,543] [INFO] [30137] Missing PRE-PREPARE for REQUEST 1741323542381; ignoring PREPARE
[2025-03-07 13:59:04,776] [INFO] [30137] Received COMMIT: id:1741323542381, from:30007, delay:0.0000s, distance:152.99m (Euclidean)
[2025-03-07 13:59:04,875] [INFO] [30137] Received PREPARE: id:1741323542381, from:30136, delay:0.0002s, distance:252.97m (Euclidean)
[2025-03-07 13:59:04,875] [INFO] [30137] Missing PRE-PREPARE for REQUEST 1741323542381; ignoring PREPARE
[2025-03-07 13:59:04,907] [INFO] [30137] Received COMMIT: id:1741323542381, from:30136, delay:0.0002s, distance:252.97m (Euclidean)
[2025-03-07 13:59:04,919] [INFO] [30137] Received PREPARE: id:1741323542381, from:30195, delay:0.0000s, distance:142.94m (Euclidean)
[2025-03-07 13:59:04,919] [INFO] [30137] Missing PRE-PREPARE for REQUEST 1741323542381; ignoring PREPARE
[2025-03-07 13:59:04,919] [INFO] [30137] Received COMMIT: id:1741323542381, from:30195, delay:0.0000s, distance:142.94m (Euclidean)
[2025-03-07 13:59:04,944] [INFO] [30137] Received PREPARE: id:1741323542381, from:30161, delay:0.0000s, distance:181.99m (Euclidean)
[2025-03-07 13:59:04,944] [INFO] [30137] Missing PRE-PREPARE for REQUEST 1741323542381; ignoring PREPARE
[2025-03-07 13:59:04,953] [INFO] [30137] Received PREPARE: id:1741323542381, from:30174, delay:0.0001s, distance:161.32m (Euclidean)
[2025-03-07 13:59:04,953] [INFO] [30137] Missing PRE-PREPARE for REQUEST 1741323542381; ignoring PREPARE
[2025-03-07 13:59:04,982] [INFO] [30137] Received COMMIT: id:1741323542381, from:30180, delay:0.0000s, distance:249.39m (Euclidean)
[2025-03-07 13:59:04,983] [INFO] [30137] Received PREPARE: id:1741323542381, from:30196, delay:0.0002s, distance:256.21m (Euclidean)
[2025-03-07 13:59:04,983] [INFO] [30137] Missing PRE-PREPARE for REQUEST 1741323542381; ignoring PREPARE
[2025-03-07 13:59:05,032] [INFO] [30137] Received PREPARE: id:1741323542381, from:30133, delay:0.0002s, distance:288.20m (Euclidean)
[2025-03-07 13:59:05,032] [INFO] [30137] Missing PRE-PREPARE for REQUEST 1741323542381; ignoring PREPARE
[2025-03-07 13:59:05,156] [INFO] [30137] Received PREPARE: id:1741323542381, from:30181, delay:0.0000s, distance:119.05m (Euclidean)
[2025-03-07 13:59:05,158] [INFO] [30137] Missing PRE-PREPARE for REQUEST 1741323542381; ignoring PREPARE
[2025-03-07 13:59:05,326] [INFO] [30137] Received PREPARE: id:1741323542381, from:30157, delay:0.0001s, distance:230.64m (Euclidean)
[2025-03-07 13:59:05,328] [INFO] [30137] Missing PRE-PREPARE for REQUEST 1741323542381; ignoring PREPARE
[2025-03-07 13:59:05,421] [INFO] [30137] Received PREPARE: id:1741323542381, from:30116, delay:0.0000s, distance:159.80m (Euclidean)
[2025-03-07 13:59:05,423] [INFO] [30137] Missing PRE-PREPARE for REQUEST 1741323542381; ignoring PREPARE
[2025-03-07 13:59:05,460] [INFO] [30137] Received PREPARE: id:1741323542381, from:30057, delay:0.0000s, distance:130.21m (Euclidean)
[2025-03-07 13:59:05,460] [INFO] [30137] Missing PRE-PREPARE for REQUEST 1741323542381; ignoring PREPARE
[2025-03-07 13:59:05,460] [INFO] [30137] Received PREPARE: id:1741323542381, from:30095, delay:0.0001s, distance:210.24m (Euclidean)
[2025-03-07 13:59:05,460] [INFO] [30137] Missing PRE-PREPARE for REQUEST 1741323542381; ignoring PREPARE
[2025-03-07 13:59:05,460] [INFO] [30137] Received COMMIT: id:1741323542381, from:30095, delay:0.0001s, distance:210.24m (Euclidean)
[2025-03-07 13:59:05,626] [INFO] [30137] Received PREPARE: id:1741323542381, from:30168, delay:0.0001s, distance:204.12m (Euclidean)
[2025-03-07 13:59:05,626] [INFO] [30137] Missing PRE-PREPARE for REQUEST 1741323542381; ignoring PREPARE
[2025-03-07 13:59:05,645] [INFO] [30137] Received COMMIT: id:1741323542381, from:30110, delay:0.0001s, distance:236.33m (Euclidean)
[2025-03-07 13:59:05,676] [INFO] [30137] Received COMMIT: id:1741323542381, from:30157, delay:0.0001s, distance:230.64m (Euclidean)
[2025-03-07 13:59:05,687] [INFO] [30137] Received PREPARE: id:1741323542381, from:30054, delay:0.0000s, distance:60.40m (Euclidean)
[2025-03-07 13:59:05,687] [INFO] [30137] Missing PRE-PREPARE for REQUEST 1741323542381; ignoring PREPARE
[2025-03-07 13:59:05,843] [INFO] [30137] Received COMMIT: id:1741323542381, from:30133, delay:0.0002s, distance:288.20m (Euclidean)
[2025-03-07 13:59:05,846] [INFO] [30137] Received PREPARE: id:1741323542381, from:30098, delay:0.0001s, distance:215.13m (Euclidean)
[2025-03-07 13:59:05,846] [INFO] [30137] Missing PRE-PREPARE for REQUEST 1741323542381; ignoring PREPARE
[2025-03-07 13:59:05,904] [INFO] [30137] Received PREPARE: id:1741323542381, from:30027, delay:0.0000s, distance:115.90m (Euclidean)
[2025-03-07 13:59:05,904] [INFO] [30137] Missing PRE-PREPARE for REQUEST 1741323542381; ignoring PREPARE
[2025-03-07 13:59:05,926] [INFO] [30137] Received PREPARE: id:1741323542381, from:30090, delay:0.0001s, distance:214.30m (Euclidean)
[2025-03-07 13:59:05,926] [INFO] [30137] Missing PRE-PREPARE for REQUEST 1741323542381; ignoring PREPARE
[2025-03-07 13:59:05,938] [INFO] [30137] Received COMMIT: id:1741323542381, from:30168, delay:0.0001s, distance:204.12m (Euclidean)
[2025-03-07 13:59:05,964] [INFO] [30137] Received COMMIT: id:1741323542381, from:30090, delay:0.0001s, distance:214.30m (Euclidean)
[2025-03-07 13:59:06,005] [INFO] [30137] Received PREPARE: id:1741323542381, from:30015, delay:0.0001s, distance:203.86m (Euclidean)
[2025-03-07 13:59:06,005] [INFO] [30137] Missing PRE-PREPARE for REQUEST 1741323542381; ignoring PREPARE
[2025-03-07 13:59:06,005] [INFO] [30137] Received COMMIT: id:1741323542381, from:30057, delay:0.0000s, distance:130.21m (Euclidean)
[2025-03-07 13:59:06,036] [INFO] [30137] Received PREPARE: id:1741323542381, from:30046, delay:0.0001s, distance:155.71m (Euclidean)
[2025-03-07 13:59:06,036] [INFO] [30137] Missing PRE-PREPARE for REQUEST 1741323542381; ignoring PREPARE
[2025-03-07 13:59:06,042] [INFO] [30137] Received COMMIT: id:1741323542381, from:30023, delay:0.0000s, distance:44.00m (Euclidean)
[2025-03-07 13:59:06,044] [INFO] [30137] Received PREPARE: id:1741323542381, from:30124, delay:0.0001s, distance:231.58m (Euclidean)
[2025-03-07 13:59:06,044] [INFO] [30137] Missing PRE-PREPARE for REQUEST 1741323542381; ignoring PREPARE
[2025-03-07 13:59:06,056] [INFO] [30137] Received COMMIT: id:1741323542381, from:30126, delay:0.0001s, distance:223.73m (Euclidean)
[2025-03-07 13:59:06,179] [INFO] [30137] Received PREPARE: id:1741323542381, from:30005, delay:0.0001s, distance:217.80m (Euclidean)
[2025-03-07 13:59:06,179] [INFO] [30137] Missing PRE-PREPARE for REQUEST 1741323542381; ignoring PREPARE
[2025-03-07 13:59:06,205] [INFO] [30137] Received COMMIT: id:1741323542381, from:30015, delay:0.0001s, distance:203.86m (Euclidean)
[2025-03-07 13:59:06,245] [INFO] [30137] Received COMMIT: id:1741323542381, from:30046, delay:0.0001s, distance:155.71m (Euclidean)
[2025-03-07 13:59:06,284] [INFO] [30137] Received COMMIT: id:1741323542381, from:30005, delay:0.0001s, distance:217.80m (Euclidean)
[2025-03-07 13:59:06,284] [INFO] [30137] Received COMMIT: id:1741323542381, from:30054, delay:0.0000s, distance:60.40m (Euclidean)
[2025-03-07 13:59:06,316] [INFO] [30137] Received PREPARE: id:1741323542381, from:30035, delay:0.0001s, distance:162.65m (Euclidean)
[2025-03-07 13:59:06,316] [INFO] [30137] Missing PRE-PREPARE for REQUEST 1741323542381; ignoring PREPARE
[2025-03-07 13:59:06,331] [INFO] [30137] Received COMMIT: id:1741323542381, from:30035, delay:0.0001s, distance:162.65m (Euclidean)
[2025-03-07 13:59:06,420] [INFO] [30137] Received PREPARE: id:1741323542381, from:30048, delay:0.0001s, distance:218.21m (Euclidean)
[2025-03-07 13:59:06,420] [INFO] [30137] Missing PRE-PREPARE for REQUEST 1741323542381; ignoring PREPARE
[2025-03-07 13:59:06,420] [INFO] [30137] Received COMMIT: id:1741323542381, from:30115, delay:0.0001s, distance:187.45m (Euclidean)
[2025-03-07 13:59:06,422] [INFO] [30137] Received PREPARE: id:1741323542381, from:30115, delay:0.0001s, distance:187.45m (Euclidean)
[2025-03-07 13:59:06,422] [INFO] [30137] Missing PRE-PREPARE for REQUEST 1741323542381; ignoring PREPARE
[2025-03-07 13:59:06,484] [INFO] [30137] Received PREPARE: id:1741323542381, from:30049, delay:0.0000s, distance:121.61m (Euclidean)
[2025-03-07 13:59:06,484] [INFO] [30137] Missing PRE-PREPARE for REQUEST 1741323542381; ignoring PREPARE
[2025-03-07 13:59:06,511] [INFO] [30137] Received COMMIT: id:1741323542381, from:30027, delay:0.0000s, distance:115.90m (Euclidean)
[2025-03-07 13:59:06,531] [INFO] [30137] Received COMMIT: id:1741323542381, from:30048, delay:0.0001s, distance:218.21m (Euclidean)
[2025-03-07 13:59:06,539] [INFO] [30137] Received PREPARE: id:1741323542381, from:30175, delay:0.0000s, distance:154.18m (Euclidean)
[2025-03-07 13:59:06,539] [INFO] [30137] Missing PRE-PREPARE for REQUEST 1741323542381; ignoring PREPARE
[2025-03-07 13:59:06,588] [INFO] [30137] Received PREPARE: id:1741323542381, from:30113, delay:0.0001s, distance:214.44m (Euclidean)
[2025-03-07 13:59:06,588] [INFO] [30137] Missing PRE-PREPARE for REQUEST 1741323542381; ignoring PREPARE
[2025-03-07 13:59:06,594] [INFO] [30137] Received COMMIT: id:1741323542381, from:30169, delay:0.0001s, distance:164.32m (Euclidean)
[2025-03-07 13:59:06,594] [INFO] [30137] Received COMMIT: id:1741323542381, from:30049, delay:0.0000s, distance:121.61m (Euclidean)
[2025-03-07 13:59:06,645] [INFO] [30137] Received PREPARE: id:1741323542381, from:30065, delay:0.0001s, distance:194.62m (Euclidean)
[2025-03-07 13:59:06,645] [INFO] [30137] Missing PRE-PREPARE for REQUEST 1741323542381; ignoring PREPARE
[2025-03-07 13:59:06,645] [INFO] [30137] Received COMMIT: id:1741323542381, from:30124, delay:0.0001s, distance:231.58m (Euclidean)
[2025-03-07 13:59:06,688] [INFO] [30137] Received PREPARE: id:1741323542381, from:30102, delay:0.0001s, distance:235.72m (Euclidean)
[2025-03-07 13:59:06,688] [INFO] [30137] Missing PRE-PREPARE for REQUEST 1741323542381; ignoring PREPARE
[2025-03-07 13:59:06,688] [INFO] [30137] Received COMMIT: id:1741323542381, from:30181, delay:0.0000s, distance:119.05m (Euclidean)
[2025-03-07 13:59:06,704] [INFO] [30137] Received COMMIT: id:1741323542381, from:30116, delay:0.0000s, distance:159.80m (Euclidean)
[2025-03-07 13:59:06,801] [INFO] [30137] Received PREPARE: id:1741323542381, from:30020, delay:0.0001s, distance:185.75m (Euclidean)
[2025-03-07 13:59:06,801] [INFO] [30137] Missing PRE-PREPARE for REQUEST 1741323542381; ignoring PREPARE
[2025-03-07 13:59:06,821] [INFO] [30137] Received COMMIT: id:1741323542381, from:30113, delay:0.0001s, distance:214.44m (Euclidean)
[2025-03-07 13:59:06,823] [INFO] [30137] Received PREPARE: id:1741323542381, from:30130, delay:0.0001s, distance:216.83m (Euclidean)
[2025-03-07 13:59:06,823] [INFO] [30137] Missing PRE-PREPARE for REQUEST 1741323542381; ignoring PREPARE
[2025-03-07 13:59:06,823] [INFO] [30137] Received PREPARE: id:1741323542381, from:30060, delay:0.0001s, distance:196.33m (Euclidean)
[2025-03-07 13:59:06,823] [INFO] [30137] Missing PRE-PREPARE for REQUEST 1741323542381; ignoring PREPARE
[2025-03-07 13:59:06,910] [INFO] [30137] Received COMMIT: id:1741323542381, from:30196, delay:0.0002s, distance:256.21m (Euclidean)
[2025-03-07 13:59:06,915] [INFO] [30137] Received PREPARE: id:1741323542381, from:30041, delay:0.0000s, distance:158.79m (Euclidean)
[2025-03-07 13:59:06,915] [INFO] [30137] Missing PRE-PREPARE for REQUEST 1741323542381; ignoring PREPARE
[2025-03-07 13:59:06,915] [INFO] [30137] Received PREPARE: id:1741323542381, from:30028, delay:0.0001s, distance:178.24m (Euclidean)
[2025-03-07 13:59:06,915] [INFO] [30137] Missing PRE-PREPARE for REQUEST 1741323542381; ignoring PREPARE
[2025-03-07 13:59:06,915] [INFO] [30137] Received PREPARE: id:1741323542381, from:30085, delay:0.0000s, distance:189.32m (Euclidean)
[2025-03-07 13:59:06,915] [INFO] [30137] Missing PRE-PREPARE for REQUEST 1741323542381; ignoring PREPARE
[2025-03-07 13:59:06,915] [INFO] [30137] Received COMMIT: id:1741323542381, from:30028, delay:0.0001s, distance:178.24m (Euclidean)
[2025-03-07 13:59:06,937] [INFO] [30137] Received COMMIT: id:1741323542381, from:30065, delay:0.0001s, distance:194.62m (Euclidean)
[2025-03-07 13:59:06,964] [INFO] [30137] Received COMMIT: id:1741323542381, from:30102, delay:0.0001s, distance:235.72m (Euclidean)
[2025-03-07 13:59:06,985] [INFO] [30137] Received PREPARE: id:1741323542381, from:30004, delay:0.0000s, distance:123.67m (Euclidean)
[2025-03-07 13:59:06,985] [INFO] [30137] Missing PRE-PREPARE for REQUEST 1741323542381; ignoring PREPARE
[2025-03-07 13:59:06,987] [INFO] [30137] Received COMMIT: id:1741323542381, from:30004, delay:0.0000s, distance:123.67m (Euclidean)
[2025-03-07 13:59:07,011] [INFO] [30137] Received COMMIT: id:1741323542381, from:30020, delay:0.0001s, distance:185.75m (Euclidean)
[2025-03-07 13:59:07,130] [INFO] [30137] Received PREPARE: id:1741323542381, from:30179, delay:0.0001s, distance:229.84m (Euclidean)
[2025-03-07 13:59:07,130] [INFO] [30137] Missing PRE-PREPARE for REQUEST 1741323542381; ignoring PREPARE
[2025-03-07 13:59:07,202] [INFO] [30137] Received PREPARE: id:1741323542381, from:30107, delay:0.0002s, distance:293.03m (Euclidean)
[2025-03-07 13:59:07,202] [INFO] [30137] Missing PRE-PREPARE for REQUEST 1741323542381; ignoring PREPARE
[2025-03-07 13:59:07,321] [INFO] [30137] Received COMMIT: id:1741323542381, from:30085, delay:0.0000s, distance:189.32m (Euclidean)
[2025-03-07 13:59:07,321] [INFO] [30137] Received COMMIT: id:1741323542381, from:30060, delay:0.0001s, distance:196.33m (Euclidean)
[2025-03-07 13:59:07,323] [INFO] [30137] Received PREPARE: id:1741323542381, from:30076, delay:0.0001s, distance:165.15m (Euclidean)
[2025-03-07 13:59:07,323] [INFO] [30137] Missing PRE-PREPARE for REQUEST 1741323542381; ignoring PREPARE
[2025-03-07 13:59:07,331] [INFO] [30137] Received COMMIT: id:1741323542381, from:30098, delay:0.0001s, distance:215.13m (Euclidean)
[2025-03-07 13:59:07,331] [INFO] [30137] Received COMMIT: id:1741323542381, from:30041, delay:0.0000s, distance:158.79m (Euclidean)
[2025-03-07 13:59:07,352] [INFO] [30137] Received COMMIT: id:1741323542381, from:30107, delay:0.0002s, distance:293.03m (Euclidean)
[2025-03-07 13:59:07,457] [INFO] [30137] Received COMMIT: id:1741323542381, from:30171, delay:0.0001s, distance:191.05m (Euclidean)
[2025-03-07 13:59:07,462] [INFO] [30137] Received PREPARE: id:1741323542381, from:30171, delay:0.0001s, distance:191.05m (Euclidean)
[2025-03-07 13:59:07,462] [INFO] [30137] Missing PRE-PREPARE for REQUEST 1741323542381; ignoring PREPARE
[2025-03-07 13:59:07,462] [INFO] [30137] Received PREPARE: id:1741323542381, from:30024, delay:0.0001s, distance:197.67m (Euclidean)
[2025-03-07 13:59:07,462] [INFO] [30137] Missing PRE-PREPARE for REQUEST 1741323542381; ignoring PREPARE
[2025-03-07 13:59:07,463] [INFO] [30137] Received COMMIT: id:1741323542381, from:30024, delay:0.0001s, distance:197.67m (Euclidean)
[2025-03-07 13:59:07,541] [INFO] [30137] Received PREPARE: id:1741323542381, from:30120, delay:0.0000s, distance:110.63m (Euclidean)
[2025-03-07 13:59:07,541] [INFO] [30137] Missing PRE-PREPARE for REQUEST 1741323542381; ignoring PREPARE
[2025-03-07 13:59:07,541] [INFO] [30137] Received PREPARE: id:1741323542381, from:30182, delay:0.0001s, distance:187.45m (Euclidean)
[2025-03-07 13:59:07,541] [INFO] [30137] Missing PRE-PREPARE for REQUEST 1741323542381; ignoring PREPARE
[2025-03-07 13:59:07,543] [INFO] [30137] Received PREPARE: id:1741323542381, from:30176, delay:0.0000s, distance:146.56m (Euclidean)
[2025-03-07 13:59:07,543] [INFO] [30137] Missing PRE-PREPARE for REQUEST 1741323542381; ignoring PREPARE
[2025-03-07 13:59:07,543] [INFO] [30137] Received COMMIT: id:1741323542381, from:30176, delay:0.0000s, distance:146.56m (Euclidean)
[2025-03-07 13:59:07,577] [INFO] [30137] Received COMMIT: id:1741323542381, from:30161, delay:0.0000s, distance:181.99m (Euclidean)
[2025-03-07 13:59:07,705] [INFO] [30137] Received PREPARE: id:1741323542381, from:30109, delay:0.0002s, distance:297.13m (Euclidean)
[2025-03-07 13:59:07,705] [INFO] [30137] Missing PRE-PREPARE for REQUEST 1741323542381; ignoring PREPARE
[2025-03-07 13:59:07,723] [INFO] [30137] Received COMMIT: id:1741323542381, from:30179, delay:0.0001s, distance:229.84m (Euclidean)
[2025-03-07 13:59:07,825] [INFO] [30137] Received PREPARE: id:1741323542381, from:30013, delay:0.0002s, distance:251.77m (Euclidean)
[2025-03-07 13:59:07,825] [INFO] [30137] Missing PRE-PREPARE for REQUEST 1741323542381; ignoring PREPARE
[2025-03-07 13:59:07,825] [INFO] [30137] Received COMMIT: id:1741323542381, from:30076, delay:0.0001s, distance:165.15m (Euclidean)
[2025-03-07 13:59:07,825] [INFO] [30137] Received COMMIT: id:1741323542381, from:30013, delay:0.0002s, distance:251.77m (Euclidean)
[2025-03-07 13:59:07,825] [INFO] [30137] Received PREPARE: id:1741323542381, from:30080, delay:0.0002s, distance:270.52m (Euclidean)
[2025-03-07 13:59:07,825] [INFO] [30137] Missing PRE-PREPARE for REQUEST 1741323542381; ignoring PREPARE
[2025-03-07 13:59:07,825] [INFO] [30137] Received COMMIT: id:1741323542381, from:30080, delay:0.0002s, distance:270.52m (Euclidean)
[2025-03-07 13:59:07,825] [INFO] [30137] Received COMMIT: id:1741323542381, from:30167, delay:0.0002s, distance:288.60m (Euclidean)
[2025-03-07 13:59:07,825] [INFO] [30137] Received PREPARE: id:1741323542381, from:30167, delay:0.0002s, distance:288.60m (Euclidean)
[2025-03-07 13:59:07,825] [INFO] [30137] Missing PRE-PREPARE for REQUEST 1741323542381; ignoring PREPARE
[2025-03-07 13:59:07,894] [INFO] [30137] Received COMMIT: id:1741323542381, from:30175, delay:0.0000s, distance:154.18m (Euclidean)
[2025-03-07 13:59:07,899] [INFO] [30137] Received PREPARE: id:1741323542381, from:30096, delay:0.0001s, distance:223.99m (Euclidean)
[2025-03-07 13:59:07,899] [INFO] [30137] Missing PRE-PREPARE for REQUEST 1741323542381; ignoring PREPARE
[2025-03-07 13:59:07,901] [INFO] [30137] Received COMMIT: id:1741323542381, from:30130, delay:0.0001s, distance:216.83m (Euclidean)
[2025-03-07 13:59:07,924] [INFO] [30137] Received PREPARE: id:1741323542381, from:30118, delay:0.0001s, distance:205.75m (Euclidean)
[2025-03-07 13:59:07,924] [INFO] [30137] Missing PRE-PREPARE for REQUEST 1741323542381; ignoring PREPARE
[2025-03-07 13:59:07,937] [INFO] [30137] Received COMMIT: id:1741323542381, from:30123, delay:0.0000s, distance:41.27m (Euclidean)
[2025-03-07 13:59:07,951] [INFO] [30137] Received COMMIT: id:1741323542381, from:30096, delay:0.0001s, distance:223.99m (Euclidean)
[2025-03-07 13:59:07,989] [INFO] [30137] Received PREPARE: id:1741323542381, from:30092, delay:0.0002s, distance:277.44m (Euclidean)
[2025-03-07 13:59:07,989] [INFO] [30137] Missing PRE-PREPARE for REQUEST 1741323542381; ignoring PREPARE
[2025-03-07 13:59:07,989] [INFO] [30137] Received PREPARE: id:1741323542381, from:30063, delay:0.0001s, distance:246.31m (Euclidean)
[2025-03-07 13:59:07,989] [INFO] [30137] Missing PRE-PREPARE for REQUEST 1741323542381; ignoring PREPARE
[2025-03-07 13:59:07,989] [INFO] [30137] Received COMMIT: id:1741323542381, from:30063, delay:0.0001s, distance:246.31m (Euclidean)
[2025-03-07 13:59:08,021] [INFO] [30137] Received COMMIT: id:1741323542381, from:30182, delay:0.0001s, distance:187.45m (Euclidean)
[2025-03-07 13:59:08,090] [INFO] [30137] Received COMMIT: id:1741323542381, from:30092, delay:0.0002s, distance:277.44m (Euclidean)
[2025-03-07 13:59:08,131] [INFO] [30137] Received PREPARE: id:1741323542381, from:30112, delay:0.0000s, distance:105.11m (Euclidean)
[2025-03-07 13:59:08,131] [INFO] [30137] Missing PRE-PREPARE for REQUEST 1741323542381; ignoring PREPARE
[2025-03-07 13:59:08,131] [INFO] [30137] Received PREPARE: id:1741323542381, from:30021, delay:0.0000s, distance:189.68m (Euclidean)
[2025-03-07 13:59:08,131] [INFO] [30137] Missing PRE-PREPARE for REQUEST 1741323542381; ignoring PREPARE
[2025-03-07 13:59:08,131] [INFO] [30137] Received COMMIT: id:1741323542381, from:30021, delay:0.0000s, distance:189.68m (Euclidean)
[2025-03-07 13:59:08,329] [INFO] [30137] Received COMMIT: id:1741323542381, from:30118, delay:0.0001s, distance:205.75m (Euclidean)
[2025-03-07 13:59:08,396] [INFO] [30137] Received PREPARE: id:1741323542381, from:30025, delay:0.0001s, distance:242.97m (Euclidean)
[2025-03-07 13:59:08,396] [INFO] [30137] Missing PRE-PREPARE for REQUEST 1741323542381; ignoring PREPARE
[2025-03-07 13:59:08,398] [INFO] [30137] Received COMMIT: id:1741323542381, from:30025, delay:0.0001s, distance:242.97m (Euclidean)
[2025-03-07 13:59:08,427] [INFO] [30137] Received COMMIT: id:1741323542381, from:30109, delay:0.0002s, distance:297.13m (Euclidean)
[2025-03-07 13:59:08,460] [INFO] [30137] Received COMMIT: id:1741323542381, from:30112, delay:0.0000s, distance:105.11m (Euclidean)
[2025-03-07 13:59:08,532] [INFO] [30137] Received PREPARE: id:1741323542381, from:30089, delay:0.0000s, distance:113.63m (Euclidean)
[2025-03-07 13:59:08,532] [INFO] [30137] Missing PRE-PREPARE for REQUEST 1741323542381; ignoring PREPARE
[2025-03-07 13:59:08,537] [INFO] [30137] Received COMMIT: id:1741323542381, from:30089, delay:0.0000s, distance:113.63m (Euclidean)
[2025-03-07 13:59:08,577] [INFO] [30137] Received PREPARE: id:1741323542381, from:30158, delay:0.0002s, distance:261.18m (Euclidean)
[2025-03-07 13:59:08,577] [INFO] [30137] Missing PRE-PREPARE for REQUEST 1741323542381; ignoring PREPARE
[2025-03-07 13:59:08,590] [INFO] [30137] Received COMMIT: id:1741323542381, from:30120, delay:0.0000s, distance:110.63m (Euclidean)
[2025-03-07 13:59:08,776] [INFO] [30137] Received PREPARE: id:1741323542381, from:30103, delay:0.0001s, distance:208.85m (Euclidean)
[2025-03-07 13:59:08,776] [INFO] [30137] Missing PRE-PREPARE for REQUEST 1741323542381; ignoring PREPARE
[2025-03-07 13:59:08,776] [INFO] [30137] Received COMMIT: id:1741323542381, from:30103, delay:0.0001s, distance:208.85m (Euclidean)
[2025-03-07 13:59:08,778] [INFO] [30137] Received COMMIT: id:1741323542381, from:30158, delay:0.0002s, distance:261.18m (Euclidean)
[2025-03-07 13:59:08,819] [INFO] [30137] Received COMMIT: id:1741323542381, from:30174, delay:0.0001s, distance:161.32m (Euclidean)
[2025-03-07 13:59:08,885] [INFO] [30137] Received PREPARE: id:1741323542381, from:30150, delay:0.0001s, distance:219.96m (Euclidean)
[2025-03-07 13:59:08,885] [INFO] [30137] Missing PRE-PREPARE for REQUEST 1741323542381; ignoring PREPARE
[2025-03-07 13:59:08,950] [INFO] [30137] Received COMMIT: id:1741323542381, from:30150, delay:0.0001s, distance:219.96m (Euclidean)
[2025-03-07 13:59:08,976] [INFO] [30137] Received PREPARE: id:1741323542381, from:30106, delay:0.0001s, distance:166.55m (Euclidean)
[2025-03-07 13:59:08,976] [INFO] [30137] Missing PRE-PREPARE for REQUEST 1741323542381; ignoring PREPARE
[2025-03-07 13:59:08,978] [INFO] [30137] Received COMMIT: id:1741323542381, from:30106, delay:0.0001s, distance:166.55m (Euclidean)
[2025-03-07 13:59:09,328] [INFO] [30137] Received PREPARE: id:1741323542381, from:30149, delay:0.0000s, distance:100.00m (Euclidean)
[2025-03-07 13:59:09,328] [INFO] [30137] Missing PRE-PREPARE for REQUEST 1741323542381; ignoring PREPARE
[2025-03-07 13:59:09,328] [INFO] [30137] Received COMMIT: id:1741323542381, from:30149, delay:0.0000s, distance:100.00m (Euclidean)
[2025-03-07 13:59:09,490] [INFO] [30137] Received PREPARE: id:1741323542381, from:30144, delay:0.0001s, distance:246.50m (Euclidean)
[2025-03-07 13:59:09,490] [INFO] [30137] Missing PRE-PREPARE for REQUEST 1741323542381; ignoring PREPARE
[2025-03-07 13:59:09,490] [INFO] [30137] Received COMMIT: id:1741323542381, from:30144, delay:0.0001s, distance:246.50m (Euclidean)
[2025-03-07 13:59:09,569] [INFO] [30137] Received PREPARE: id:1741323542381, from:30129, delay:0.0000s, distance:170.44m (Euclidean)
[2025-03-07 13:59:09,569] [INFO] [30137] Missing PRE-PREPARE for REQUEST 1741323542381; ignoring PREPARE
[2025-03-07 13:59:09,569] [INFO] [30137] Received COMMIT: id:1741323542381, from:30129, delay:0.0000s, distance:170.44m (Euclidean)
[2025-03-07 13:59:09,643] [INFO] [30137] Received PREPARE: id:1741323542381, from:30062, delay:0.0001s, distance:223.06m (Euclidean)
[2025-03-07 13:59:09,643] [INFO] [30137] Missing PRE-PREPARE for REQUEST 1741323542381; ignoring PREPARE
[2025-03-07 13:59:09,643] [INFO] [30137] Received COMMIT: id:1741323542381, from:30062, delay:0.0001s, distance:223.06m (Euclidean)
[2025-03-07 13:59:09,799] [INFO] [30137] Received PREPARE: id:1741323542381, from:30170, delay:0.0001s, distance:224.99m (Euclidean)
[2025-03-07 13:59:09,799] [INFO] [30137] Missing PRE-PREPARE for REQUEST 1741323542381; ignoring PREPARE
[2025-03-07 13:59:09,799] [INFO] [30137] Received COMMIT: id:1741323542381, from:30170, delay:0.0001s, distance:224.99m (Euclidean)
[2025-03-07 13:59:09,963] [INFO] [30137] Received PREPARE: id:1741323542381, from:30100, delay:0.0002s, distance:293.31m (Euclidean)
[2025-03-07 13:59:09,963] [INFO] [30137] Missing PRE-PREPARE for REQUEST 1741323542381; ignoring PREPARE
[2025-03-07 13:59:09,963] [INFO] [30137] Received COMMIT: id:1741323542381, from:30100, delay:0.0002s, distance:293.31m (Euclidean)
[2025-03-07 13:59:10,116] [INFO] [30137] Received PREPARE: id:1741323542381, from:30189, delay:0.0001s, distance:186.15m (Euclidean)
[2025-03-07 13:59:10,116] [INFO] [30137] Missing PRE-PREPARE for REQUEST 1741323542381; ignoring PREPARE
[2025-03-07 13:59:10,116] [INFO] [30137] Received COMMIT: id:1741323542381, from:30189, delay:0.0001s, distance:186.15m (Euclidean)
[2025-03-07 13:59:10,139] [INFO] [30137] Received PREPARE: id:1741323542381, from:30040, delay:0.0000s, distance:105.97m (Euclidean)
[2025-03-07 13:59:10,139] [INFO] [30137] Missing PRE-PREPARE for REQUEST 1741323542381; ignoring PREPARE
[2025-03-07 13:59:10,139] [INFO] [30137] Received COMMIT: id:1741323542381, from:30040, delay:0.0000s, distance:105.97m (Euclidean)
[2025-03-07 13:59:10,349] [INFO] [30137] Received PREPARE: id:1741323542381, from:30043, delay:0.0000s, distance:186.04m (Euclidean)
[2025-03-07 13:59:10,349] [INFO] [30137] Missing PRE-PREPARE for REQUEST 1741323542381; ignoring PREPARE
[2025-03-07 13:59:10,351] [INFO] [30137] Received COMMIT: id:1741323542381, from:30043, delay:0.0000s, distance:186.04m (Euclidean)
[2025-03-07 13:59:10,494] [INFO] [30137] Received PREPARE: id:1741323542381, from:30108, delay:0.0000s, distance:147.85m (Euclidean)
[2025-03-07 13:59:10,494] [INFO] [30137] Missing PRE-PREPARE for REQUEST 1741323542381; ignoring PREPARE
[2025-03-07 13:59:10,494] [INFO] [30137] Received COMMIT: id:1741323542381, from:30108, delay:0.0000s, distance:147.85m (Euclidean)
[2025-03-07 13:59:10,656] [INFO] [30137] Received PREPARE: id:1741323542381, from:30056, delay:0.0001s, distance:194.55m (Euclidean)
[2025-03-07 13:59:10,656] [INFO] [30137] Missing PRE-PREPARE for REQUEST 1741323542381; ignoring PREPARE
[2025-03-07 13:59:10,656] [INFO] [30137] Received COMMIT: id:1741323542381, from:30056, delay:0.0001s, distance:194.55m (Euclidean)
[2025-03-07 13:59:10,936] [INFO] [30137] Received PREPARE: id:1741323542381, from:30066, delay:0.0001s, distance:207.05m (Euclidean)
[2025-03-07 13:59:10,936] [INFO] [30137] Missing PRE-PREPARE for REQUEST 1741323542381; ignoring PREPARE
[2025-03-07 13:59:10,936] [INFO] [30137] Received COMMIT: id:1741323542381, from:30066, delay:0.0001s, distance:207.05m (Euclidean)
[2025-03-07 13:59:11,388] [INFO] [30137] Received PREPARE: id:1741323542381, from:30093, delay:0.0001s, distance:226.35m (Euclidean)
[2025-03-07 13:59:11,388] [INFO] [30137] Missing PRE-PREPARE for REQUEST 1741323542381; ignoring PREPARE
[2025-03-07 13:59:11,388] [INFO] [30137] Received COMMIT: id:1741323542381, from:30093, delay:0.0001s, distance:226.35m (Euclidean)
[2025-03-07 13:59:11,425] [INFO] [30137] Received PREPARE: id:1741323542381, from:30191, delay:0.0001s, distance:231.19m (Euclidean)
[2025-03-07 13:59:11,425] [INFO] [30137] Missing PRE-PREPARE for REQUEST 1741323542381; ignoring PREPARE
[2025-03-07 13:59:11,425] [INFO] [30137] Received COMMIT: id:1741323542381, from:30191, delay:0.0001s, distance:231.19m (Euclidean)
[2025-03-07 13:59:11,488] [INFO] [30137] Received PREPARE: id:1741323542381, from:30121, delay:0.0001s, distance:239.96m (Euclidean)
[2025-03-07 13:59:11,488] [INFO] [30137] Missing PRE-PREPARE for REQUEST 1741323542381; ignoring PREPARE
[2025-03-07 13:59:11,490] [INFO] [30137] Received COMMIT: id:1741323542381, from:30121, delay:0.0001s, distance:239.96m (Euclidean)
[2025-03-07 13:59:11,529] [INFO] [30137] Received PREPARE: id:1741323542381, from:30178, delay:0.0000s, distance:167.14m (Euclidean)
[2025-03-07 13:59:11,529] [INFO] [30137] Missing PRE-PREPARE for REQUEST 1741323542381; ignoring PREPARE
[2025-03-07 13:59:11,529] [INFO] [30137] Received COMMIT: id:1741323542381, from:30178, delay:0.0000s, distance:167.14m (Euclidean)
[2025-03-07 13:59:11,603] [INFO] [30137] Received PREPARE: id:1741323542381, from:30074, delay:0.0002s, distance:294.24m (Euclidean)
[2025-03-07 13:59:11,603] [INFO] [30137] Missing PRE-PREPARE for REQUEST 1741323542381; ignoring PREPARE
[2025-03-07 13:59:11,610] [INFO] [30137] Received PRE-PREPARE: id:1741323542381, from:Leader(30000), delay:0.0001s, distance:231.13m (Euclidean)
[2025-03-07 13:59:11,610] [INFO] [30137] Broadcasting PREPARE for REQUEST 1741323542381
[2025-03-07 13:59:11,615] [INFO] [30137] Not broadcasting to fault node: 30077
[2025-03-07 13:59:11,630] [INFO] [30137] Not broadcasting to fault node: 30184
[2025-03-07 13:59:11,677] [INFO] [30137] Received COMMIT: id:1741323542381, from:30074, delay:0.0002s, distance:294.24m (Euclidean)
[2025-03-07 13:59:11,747] [INFO] [30137] Received PREPARE: id:1741323542381, from:30135, delay:0.0000s, distance:249.50m (Euclidean)
[2025-03-07 13:59:11,747] [INFO] [30137] Broadcasting COMMIT for REQUEST 1741323542381
[2025-03-07 13:59:11,758] [INFO] [30137] Not broadcasting to fault node: 30077
[2025-03-07 13:59:11,771] [INFO] [30137] Not broadcasting to fault node: 30184
[2025-03-07 13:59:11,928] [INFO] [30137] Received PREPARE: id:1741323542381, from:30111, delay:0.0001s, distance:202.64m (Euclidean)
[2025-03-07 13:59:11,931] [INFO] [30137] Received COMMIT: id:1741323542381, from:30111, delay:0.0001s, distance:202.64m (Euclidean)
[2025-03-07 13:59:11,969] [INFO] [30137] Received PREPARE: id:1741323542381, from:30070, delay:0.0001s, distance:184.15m (Euclidean)
[2025-03-07 13:59:11,969] [INFO] [30137] Received COMMIT: id:1741323542381, from:30070, delay:0.0001s, distance:184.15m (Euclidean)
[2025-03-07 13:59:12,045] [INFO] [30137] Received PREPARE: id:1741323542381, from:30177, delay:0.0001s, distance:241.62m (Euclidean)
[2025-03-07 13:59:12,045] [INFO] [30137] Received PREPARE: id:1741323542381, from:30059, delay:0.0001s, distance:192.84m (Euclidean)
[2025-03-07 13:59:12,045] [INFO] [30137] Received COMMIT: id:1741323542381, from:30177, delay:0.0001s, distance:241.62m (Euclidean)
[2025-03-07 13:59:12,050] [INFO] [30137] Received COMMIT: id:1741323542381, from:30059, delay:0.0001s, distance:192.84m (Euclidean)
[2025-03-07 13:59:12,203] [INFO] [30137] Received COMMIT: id:1741323542381, from:30000, delay:0.0001s, distance:231.13m (Euclidean)
[2025-03-07 13:59:12,265] [INFO] [30137] Received PREPARE: id:1741323542381, from:30051, delay:0.0001s, distance:203.88m (Euclidean)
[2025-03-07 13:59:12,265] [INFO] [30137] Received COMMIT: id:1741323542381, from:30051, delay:0.0001s, distance:203.88m (Euclidean)
[2025-03-07 13:59:13,053] [INFO] [30137] Received PREPARE: id:1741323542381, from:30011, delay:0.0001s, distance:231.39m (Euclidean)
[2025-03-07 13:59:13,057] [INFO] [30137] Received COMMIT: id:1741323542381, from:30011, delay:0.0001s, distance:231.39m (Euclidean)
[2025-03-07 13:59:13,057] [INFO] [30137] Received PREPARE: id:1741323542381, from:30105, delay:0.0000s, distance:150.87m (Euclidean)
[2025-03-07 13:59:13,134] [INFO] [30137] Received PREPARE: id:1741323542381, from:30026, delay:0.0001s, distance:193.69m (Euclidean)
[2025-03-07 13:59:13,134] [INFO] [30137] Received PREPARE: id:1741323542381, from:30010, delay:0.0000s, distance:55.82m (Euclidean)
[2025-03-07 13:59:13,465] [INFO] [30137] Received PREPARE: id:1741323542381, from:30165, delay:0.0000s, distance:147.07m (Euclidean)
[2025-03-07 13:59:13,465] [INFO] [30137] Received COMMIT: id:1741323542381, from:30165, delay:0.0000s, distance:147.07m (Euclidean)
[2025-03-07 13:59:13,527] [INFO] [30137] Received PREPARE: id:1741323542381, from:30034, delay:0.0000s, distance:87.93m (Euclidean)
[2025-03-07 13:59:13,527] [INFO] [30137] Received COMMIT: id:1741323542381, from:30034, delay:0.0000s, distance:87.93m (Euclidean)
[2025-03-07 13:59:13,622] [INFO] [30137] Received COMMIT: id:1741323542381, from:30010, delay:0.0000s, distance:55.82m (Euclidean)
[2025-03-07 13:59:13,638] [INFO] [30137] Received COMMIT: id:1741323542381, from:30026, delay:0.0001s, distance:193.69m (Euclidean)
[2025-03-07 13:59:13,828] [INFO] [30137] Received PREPARE: id:1741323542381, from:30069, delay:0.0001s, distance:174.58m (Euclidean)
[2025-03-07 13:59:14,514] [INFO] [30137] Received COMMIT: id:1741323542381, from:30069, delay:0.0001s, distance:174.58m (Euclidean)
[2025-03-07 13:59:14,950] [INFO] [30137] Received PREPARE: id:1741323542381, from:30055, delay:0.0000s, distance:64.85m (Euclidean)
[2025-03-07 13:59:15,272] [INFO] [30137] Received PREPARE: id:1741323542381, from:30117, delay:0.0001s, distance:154.37m (Euclidean)
[2025-03-07 13:59:15,276] [INFO] [30137] Received COMMIT: id:1741323542381, from:30117, delay:0.0001s, distance:154.37m (Euclidean)
[2025-03-07 13:59:15,390] [INFO] [30137] Received PREPARE: id:1741323542381, from:30016, delay:0.0001s, distance:161.94m (Euclidean)
[2025-03-07 13:59:15,445] [INFO] [30137] Received COMMIT: id:1741323542381, from:30105, delay:0.0000s, distance:150.87m (Euclidean)
[2025-03-07 13:59:15,545] [INFO] [30137] Received PREPARE: id:1741323542381, from:30031, delay:0.0000s, distance:89.61m (Euclidean)
[2025-03-07 13:59:15,545] [INFO] [30137] Received COMMIT: id:1741323542381, from:30135, delay:0.0000s, distance:249.50m (Euclidean)
[2025-03-07 13:59:15,545] [INFO] [30137] Received COMMIT: id:1741323542381, from:30031, delay:0.0000s, distance:89.61m (Euclidean)
[2025-03-07 13:59:15,661] [INFO] [30137] Received PREPARE: id:1741323542381, from:30042, delay:0.0000s, distance:127.49m (Euclidean)
[2025-03-07 13:59:15,661] [INFO] [30137] Received COMMIT: id:1741323542381, from:30042, delay:0.0000s, distance:127.49m (Euclidean)
[2025-03-07 13:59:15,964] [INFO] [30137] Received PREPARE: id:1741323542381, from:30114, delay:0.0001s, distance:159.56m (Euclidean)
[2025-03-07 13:59:15,964] [INFO] [30137] Received COMMIT: id:1741323542381, from:30114, delay:0.0001s, distance:159.56m (Euclidean)
[2025-03-07 13:59:16,056] [INFO] [30137] Received PREPARE: id:1741323542381, from:30058, delay:0.0000s, distance:119.58m (Euclidean)
[2025-03-07 13:59:16,056] [INFO] [30137] Received COMMIT: id:1741323542381, from:30058, delay:0.0000s, distance:119.58m (Euclidean)
[2025-03-07 13:59:16,215] [INFO] [30137] Received PREPARE: id:1741323542381, from:30052, delay:0.0001s, distance:174.84m (Euclidean)
[2025-03-07 13:59:16,403] [INFO] [30137] Received PREPARE: id:1741323542381, from:30087, delay:0.0001s, distance:182.60m (Euclidean)
[2025-03-07 13:59:16,419] [INFO] [30137] Received COMMIT: id:1741323542381, from:30087, delay:0.0001s, distance:182.60m (Euclidean)
[2025-03-07 13:59:16,463] [INFO] [30137] Received PREPARE: id:1741323542381, from:30001, delay:0.0001s, distance:187.65m (Euclidean)
[2025-03-07 13:59:16,491] [INFO] [30137] Received PREPARE: id:1741323542381, from:30146, delay:0.0002s, distance:272.16m (Euclidean)
[2025-03-07 13:59:16,491] [INFO] [30137] Received COMMIT: id:1741323542381, from:30146, delay:0.0002s, distance:272.16m (Euclidean)
[2025-03-07 13:59:16,920] [INFO] [30137] Received PREPARE: id:1741323542381, from:30187, delay:0.0000s, distance:111.10m (Euclidean)
[2025-03-07 13:59:17,190] [INFO] [30137] Received PREPARE: id:1741323542381, from:30156, delay:0.0000s, distance:59.56m (Euclidean)
[2025-03-07 13:59:17,190] [INFO] [30137] Received COMMIT: id:1741323542381, from:30156, delay:0.0000s, distance:59.56m (Euclidean)
[2025-03-07 13:59:17,271] [INFO] [30137] Received PREPARE: id:1741323542381, from:30038, delay:0.0000s, distance:97.53m (Euclidean)
[2025-03-07 13:59:17,348] [INFO] [30137] Received PREPARE: id:1741323542381, from:30033, delay:0.0001s, distance:207.23m (Euclidean)
[2025-03-07 13:59:17,442] [INFO] [30137] Received COMMIT: id:1741323542381, from:30052, delay:0.0001s, distance:174.84m (Euclidean)
[2025-03-07 13:59:17,447] [INFO] [30137] Received PREPARE: id:1741323542381, from:30193, delay:0.0001s, distance:180.15m (Euclidean)
[2025-03-07 13:59:17,745] [INFO] [30137] Received COMMIT: id:1741323542381, from:30016, delay:0.0001s, distance:161.94m (Euclidean)
[2025-03-07 13:59:17,996] [INFO] [30137] Received PREPARE: id:1741323542381, from:30061, delay:0.0000s, distance:71.02m (Euclidean)
[2025-03-07 13:59:18,001] [INFO] [30137] Received COMMIT: id:1741323542381, from:30061, delay:0.0000s, distance:71.02m (Euclidean)
[2025-03-07 13:59:18,124] [INFO] [30137] Received COMMIT: id:1741323542381, from:30001, delay:0.0001s, distance:187.65m (Euclidean)
[2025-03-07 13:59:18,447] [INFO] [30137] Received COMMIT: id:1741323542381, from:30038, delay:0.0000s, distance:97.53m (Euclidean)
[2025-03-07 13:59:18,447] [INFO] [30137] Received PREPARE: id:1741323542381, from:30198, delay:0.0001s, distance:232.00m (Euclidean)
[2025-03-07 13:59:18,449] [INFO] [30137] Received PREPARE: id:1741323542381, from:30081, delay:0.0000s, distance:131.21m (Euclidean)
[2025-03-07 13:59:18,449] [INFO] [30137] Received PREPARE: id:1741323542381, from:30067, delay:0.0001s, distance:214.34m (Euclidean)
[2025-03-07 13:59:18,449] [INFO] [30137] Received PREPARE: id:1741323542381, from:30159, delay:0.0001s, distance:162.69m (Euclidean)
[2025-03-07 13:59:18,449] [INFO] [30137] Received COMMIT: id:1741323542381, from:30073, delay:0.0002s, distance:255.84m (Euclidean)
[2025-03-07 13:59:18,449] [INFO] [30137] Received COMMIT: id:1741323542381, from:30198, delay:0.0001s, distance:232.00m (Euclidean)
[2025-03-07 13:59:18,449] [INFO] [30137] Received PREPARE: id:1741323542381, from:30073, delay:0.0002s, distance:255.84m (Euclidean)
[2025-03-07 13:59:18,449] [INFO] [30137] Received COMMIT: id:1741323542381, from:30067, delay:0.0001s, distance:214.34m (Euclidean)
[2025-03-07 13:59:18,476] [INFO] [30137] Received COMMIT: id:1741323542381, from:30081, delay:0.0000s, distance:131.21m (Euclidean)
[2025-03-07 13:59:18,477] [INFO] [30137] Received COMMIT: id:1741323542381, from:30159, delay:0.0001s, distance:162.69m (Euclidean)
[2025-03-07 13:59:18,645] [INFO] [30137] Received PREPARE: id:1741323542381, from:30153, delay:0.0001s, distance:233.80m (Euclidean)
[2025-03-07 13:59:18,645] [INFO] [30137] Received COMMIT: id:1741323542381, from:30153, delay:0.0001s, distance:233.80m (Euclidean)
[2025-03-07 13:59:19,129] [INFO] [30137] Received COMMIT: id:1741323542381, from:30193, delay:0.0001s, distance:180.15m (Euclidean)
[2025-03-07 13:59:19,159] [INFO] [30137] Received PREPARE: id:1741323542381, from:30091, delay:0.0001s, distance:180.65m (Euclidean)
[2025-03-07 13:59:19,159] [INFO] [30137] Received COMMIT: id:1741323542381, from:30091, delay:0.0001s, distance:180.65m (Euclidean)
[2025-03-07 13:59:19,194] [INFO] [30137] Received PREPARE: id:1741323542381, from:30139, delay:0.0000s, distance:118.92m (Euclidean)
[2025-03-07 13:59:19,263] [INFO] [30137] Received PREPARE: id:1741323542381, from:30188, delay:0.0001s, distance:208.26m (Euclidean)
[2025-03-07 13:59:19,263] [INFO] [30137] Received COMMIT: id:1741323542381, from:30188, delay:0.0001s, distance:208.26m (Euclidean)
[2025-03-07 13:59:19,537] [INFO] [30137] Received COMMIT: id:1741323542381, from:30006, delay:0.0001s, distance:241.74m (Euclidean)
[2025-03-07 13:59:19,537] [INFO] [30137] Received PREPARE: id:1741323542381, from:30006, delay:0.0001s, distance:241.74m (Euclidean)
[2025-03-07 13:59:19,803] [INFO] [30137] Received COMMIT: id:1741323542381, from:30055, delay:0.0000s, distance:64.85m (Euclidean)
[2025-03-07 13:59:19,954] [INFO] [30137] Received PREPARE: id:1741323542381, from:30079, delay:0.0001s, distance:192.92m (Euclidean)
[2025-03-07 13:59:19,965] [INFO] [30137] Received COMMIT: id:1741323542381, from:30079, delay:0.0001s, distance:192.92m (Euclidean)
[2025-03-07 13:59:20,033] [INFO] [30137] Received COMMIT: id:1741323542381, from:30033, delay:0.0001s, distance:207.23m (Euclidean)
[2025-03-07 13:59:20,176] [INFO] [30137] Received COMMIT: id:1741323542381, from:30140, delay:0.0001s, distance:248.39m (Euclidean)
[2025-03-07 13:59:20,176] [INFO] [30137] Received PREPARE: id:1741323542381, from:30140, delay:0.0001s, distance:248.39m (Euclidean)
[2025-03-07 13:59:20,363] [INFO] [30137] Received PREPARE: id:1741323542381, from:30032, delay:0.0002s, distance:266.38m (Euclidean)
[2025-03-07 13:59:20,363] [INFO] [30137] Received COMMIT: id:1741323542381, from:30032, delay:0.0002s, distance:266.38m (Euclidean)
[2025-03-07 13:59:20,624] [INFO] [30137] Received PREPARE: id:1741323542381, from:30143, delay:0.0000s, distance:122.95m (Euclidean)
[2025-03-07 13:59:20,624] [INFO] [30137] Received COMMIT: id:1741323542381, from:30143, delay:0.0000s, distance:122.95m (Euclidean)
[2025-03-07 13:59:20,675] [INFO] [30137] Received PREPARE: id:1741323542381, from:30094, delay:0.0001s, distance:173.92m (Euclidean)
[2025-03-07 13:59:20,677] [INFO] [30137] Received COMMIT: id:1741323542381, from:30094, delay:0.0001s, distance:173.92m (Euclidean)
[2025-03-07 13:59:20,837] [INFO] [30137] Received PREPARE: id:1741323542381, from:30145, delay:0.0002s, distance:280.83m (Euclidean)
[2025-03-07 13:59:20,839] [INFO] [30137] Received COMMIT: id:1741323542381, from:30145, delay:0.0002s, distance:280.83m (Euclidean)
[2025-03-07 13:59:21,075] [INFO] [30137] Received COMMIT: id:1741323542381, from:30139, delay:0.0000s, distance:118.92m (Euclidean)
[2025-03-07 13:59:21,217] [INFO] [30137] Received COMMIT: id:1741323542381, from:30187, delay:0.0000s, distance:111.10m (Euclidean)
[2025-03-07 13:59:21,305] [INFO] [30137] Received PREPARE: id:1741323542381, from:30014, delay:0.0001s, distance:226.54m (Euclidean)
[2025-03-07 13:59:21,305] [INFO] [30137] Received COMMIT: id:1741323542381, from:30014, delay:0.0001s, distance:226.54m (Euclidean)
[2025-03-07 13:59:21,323] [INFO] [30137] Received PREPARE: id:1741323542381, from:30194, delay:0.0001s, distance:159.63m (Euclidean)
[2025-03-07 13:59:21,327] [INFO] [30137] Received COMMIT: id:1741323542381, from:30194, delay:0.0001s, distance:159.63m (Euclidean)
[2025-03-07 13:59:21,498] [INFO] [30137] Received PREPARE: id:1741323542381, from:30151, delay:0.0000s, distance:164.07m (Euclidean)
[2025-03-07 13:59:21,500] [INFO] [30137] Received COMMIT: id:1741323542381, from:30151, delay:0.0000s, distance:164.07m (Euclidean)
[2025-03-07 13:59:21,625] [INFO] [30137] Received COMMIT: id:1741323542381, from:30008, delay:0.0000s, distance:73.95m (Euclidean)
[2025-03-07 13:59:21,625] [INFO] [30137] Received COMMIT: id:1741323542381, from:30142, delay:0.0001s, distance:192.96m (Euclidean)
[2025-03-07 13:59:21,625] [INFO] [30137] Received PREPARE: id:1741323542381, from:30008, delay:0.0000s, distance:73.95m (Euclidean)
[2025-03-07 13:59:21,627] [INFO] [30137] Received PREPARE: id:1741323542381, from:30142, delay:0.0001s, distance:192.96m (Euclidean)
[2025-03-07 13:59:21,675] [INFO] [30137] Received PREPARE: id:1741323542381, from:30084, delay:0.0001s, distance:223.84m (Euclidean)
[2025-03-07 13:59:21,740] [INFO] [30137] Received PREPARE: id:1741323542381, from:30088, delay:0.0002s, distance:271.25m (Euclidean)
[2025-03-07 13:59:21,759] [INFO] [30137] Received COMMIT: id:1741323542381, from:30088, delay:0.0002s, distance:271.25m (Euclidean)
[2025-03-07 13:59:21,887] [INFO] [30137] Received PREPARE: id:1741323542381, from:30134, delay:0.0001s, distance:220.67m (Euclidean)
[2025-03-07 13:59:21,887] [INFO] [30137] Received COMMIT: id:1741323542381, from:30134, delay:0.0001s, distance:220.67m (Euclidean)
[2025-03-07 13:59:21,936] [INFO] [30137] Received PREPARE: id:1741323542381, from:30132, delay:0.0000s, distance:81.00m (Euclidean)
[2025-03-07 13:59:21,936] [INFO] [30137] Received COMMIT: id:1741323542381, from:30132, delay:0.0000s, distance:81.00m (Euclidean)
[2025-03-07 13:59:22,173] [INFO] [30137] Received PREPARE: id:1741323542381, from:30045, delay:0.0000s, distance:125.84m (Euclidean)
[2025-03-07 13:59:22,176] [INFO] [30137] Received COMMIT: id:1741323542381, from:30045, delay:0.0000s, distance:125.84m (Euclidean)
[2025-03-07 13:59:22,218] [INFO] [30137] Received PREPARE: id:1741323542381, from:30122, delay:0.0001s, distance:170.27m (Euclidean)
[2025-03-07 13:59:22,218] [INFO] [30137] Received COMMIT: id:1741323542381, from:30122, delay:0.0001s, distance:170.27m (Euclidean)
[2025-03-07 13:59:22,222] [INFO] [30137] Received PREPARE: id:1741323542381, from:30104, delay:0.0000s, distance:74.08m (Euclidean)
[2025-03-07 13:59:22,224] [INFO] [30137] Received COMMIT: id:1741323542381, from:30104, delay:0.0000s, distance:74.08m (Euclidean)
[2025-03-07 13:59:22,687] [INFO] [30137] Received COMMIT: id:1741323542381, from:30084, delay:0.0001s, distance:223.84m (Euclidean)
[2025-03-07 13:59:22,797] [INFO] [30137] Received PREPARE: id:1741323542381, from:30138, delay:0.0001s, distance:178.37m (Euclidean)
[2025-03-07 13:59:22,797] [INFO] [30137] Received PREPARE: id:1741323542381, from:30160, delay:0.0000s, distance:121.43m (Euclidean)
[2025-03-07 13:59:22,813] [INFO] [30137] Received COMMIT: id:1741323542381, from:30138, delay:0.0001s, distance:178.37m (Euclidean)
[2025-03-07 13:59:22,813] [INFO] [30137] Received COMMIT: id:1741323542381, from:30160, delay:0.0000s, distance:121.43m (Euclidean)
[2025-03-07 13:59:22,907] [INFO] [30137] Received COMMIT: id:1741323542381, from:30064, delay:0.0000s, distance:131.93m (Euclidean)
[2025-03-07 13:59:22,907] [INFO] [30137] Received PREPARE: id:1741323542381, from:30064, delay:0.0000s, distance:131.93m (Euclidean)
[2025-03-07 13:59:23,044] [INFO] [30137] Received PREPARE: id:1741323542381, from:30131, delay:0.0001s, distance:228.34m (Euclidean)
[2025-03-07 13:59:23,044] [INFO] [30137] Received COMMIT: id:1741323542381, from:30131, delay:0.0001s, distance:228.34m (Euclidean)
[2025-03-07 13:59:23,193] [INFO] [30137] Received PREPARE: id:1741323542381, from:30050, delay:0.0001s, distance:159.30m (Euclidean)
[2025-03-07 13:59:23,193] [INFO] [30137] Received COMMIT: id:1741323542381, from:30050, delay:0.0001s, distance:159.30m (Euclidean)
[2025-03-07 13:59:23,443] [INFO] [30137] Received PREPARE: id:1741323542381, from:30141, delay:0.0001s, distance:160.36m (Euclidean)
[2025-03-07 13:59:23,443] [INFO] [30137] Received COMMIT: id:1741323542381, from:30141, delay:0.0001s, distance:160.36m (Euclidean)
[2025-03-07 13:59:23,475] [INFO] [30137] Received PREPARE: id:1741323542381, from:30162, delay:0.0002s, distance:274.00m (Euclidean)
[2025-03-07 13:59:23,753] [INFO] [30137] Received PREPARE: id:1741323542381, from:30075, delay:0.0001s, distance:241.94m (Euclidean)
[2025-03-07 13:59:23,753] [INFO] [30137] Received COMMIT: id:1741323542381, from:30075, delay:0.0001s, distance:241.94m (Euclidean)
[2025-03-07 13:59:23,849] [INFO] [30137] Received PREPARE: id:1741323542381, from:30071, delay:0.0001s, distance:221.23m (Euclidean)
[2025-03-07 13:59:23,849] [INFO] [30137] Received COMMIT: id:1741323542381, from:30071, delay:0.0001s, distance:221.23m (Euclidean)
[2025-03-07 13:59:23,906] [INFO] [30137] Received PREPARE: id:1741323542381, from:30009, delay:0.0001s, distance:236.25m (Euclidean)
[2025-03-07 13:59:23,906] [INFO] [30137] Received COMMIT: id:1741323542381, from:30009, delay:0.0001s, distance:236.25m (Euclidean)
[2025-03-07 13:59:24,275] [INFO] [30137] Received PREPARE: id:1741323542381, from:30186, delay:0.0000s, distance:81.01m (Euclidean)
[2025-03-07 13:59:24,277] [INFO] [30137] Received COMMIT: id:1741323542381, from:30186, delay:0.0000s, distance:81.01m (Euclidean)
[2025-03-07 13:59:24,893] [INFO] [30137] Received PREPARE: id:1741323542381, from:30099, delay:0.0000s, distance:126.11m (Euclidean)
[2025-03-07 13:59:24,893] [INFO] [30137] Received COMMIT: id:1741323542381, from:30099, delay:0.0000s, distance:126.11m (Euclidean)
[2025-03-07 13:59:24,940] [INFO] [30137] Received COMMIT: id:1741323542381, from:30162, delay:0.0002s, distance:274.00m (Euclidean)
[2025-03-07 13:59:25,049] [INFO] [30137] Received PREPARE: id:1741323542381, from:30036, delay:0.0000s, distance:114.83m (Euclidean)
[2025-03-07 13:59:25,049] [INFO] [30137] Received COMMIT: id:1741323542381, from:30036, delay:0.0000s, distance:114.83m (Euclidean)
[2025-03-07 13:59:25,111] [INFO] [30137] Received PREPARE: id:1741323542381, from:30022, delay:0.0001s, distance:205.36m (Euclidean)
[2025-03-07 13:59:25,111] [INFO] [30137] Received COMMIT: id:1741323542381, from:30022, delay:0.0001s, distance:205.36m (Euclidean)
[2025-03-07 13:59:25,131] [INFO] [30137] Received PREPARE: id:1741323542381, from:30173, delay:0.0000s, distance:116.99m (Euclidean)
[2025-03-07 13:59:25,131] [INFO] [30137] Received COMMIT: id:1741323542381, from:30173, delay:0.0000s, distance:116.99m (Euclidean)
[2025-03-07 13:59:25,197] [INFO] [30137] Received PREPARE: id:1741323542381, from:30039, delay:0.0000s, distance:114.79m (Euclidean)
[2025-03-07 13:59:25,197] [INFO] [30137] Received COMMIT: id:1741323542381, from:30039, delay:0.0000s, distance:114.79m (Euclidean)
[2025-03-07 13:59:25,478] [INFO] [30137] Received PREPARE: id:1741323542381, from:30068, delay:0.0002s, distance:251.40m (Euclidean)
[2025-03-07 13:59:25,478] [INFO] [30137] Received COMMIT: id:1741323542381, from:30068, delay:0.0002s, distance:251.40m (Euclidean)
[2025-03-07 13:59:25,510] [INFO] [30137] Received PREPARE: id:1741323542381, from:30185, delay:0.0000s, distance:84.93m (Euclidean)
[2025-03-07 13:59:25,510] [INFO] [30137] Received COMMIT: id:1741323542381, from:30185, delay:0.0000s, distance:84.93m (Euclidean)
[2025-03-07 13:59:25,807] [INFO] [30137] Received PREPARE: id:1741323542381, from:30082, delay:0.0000s, distance:114.74m (Euclidean)
[2025-03-07 13:59:25,886] [INFO] [30137] Received PREPARE: id:1741323542381, from:30152, delay:0.0001s, distance:245.95m (Euclidean)
[2025-03-07 13:59:25,895] [INFO] [30137] Received COMMIT: id:1741323542381, from:30101, delay:0.0000s, distance:143.76m (Euclidean)
[2025-03-07 13:59:25,895] [INFO] [30137] Received COMMIT: id:1741323542381, from:30152, delay:0.0001s, distance:245.95m (Euclidean)
[2025-03-07 13:59:25,895] [INFO] [30137] Received PREPARE: id:1741323542381, from:30101, delay:0.0000s, distance:143.76m (Euclidean)
[2025-03-07 13:59:25,944] [INFO] [30137] Received PREPARE: id:1741323542381, from:30083, delay:0.0001s, distance:208.71m (Euclidean)
[2025-03-07 13:59:25,944] [INFO] [30137] Received COMMIT: id:1741323542381, from:30083, delay:0.0001s, distance:208.71m (Euclidean)
[2025-03-07 13:59:26,372] [INFO] [30137] Received PREPARE: id:1741323542381, from:30163, delay:0.0000s, distance:59.35m (Euclidean)
[2025-03-07 13:59:26,716] [INFO] [30137] Received PREPARE: id:1741323542381, from:30166, delay:0.0001s, distance:158.06m (Euclidean)
[2025-03-07 13:59:26,727] [INFO] [30137] Received COMMIT: id:1741323542381, from:30166, delay:0.0001s, distance:158.06m (Euclidean)
[2025-03-07 13:59:27,245] [INFO] [30137] Received PREPARE: id:1741323542381, from:30017, delay:0.0002s, distance:265.64m (Euclidean)
[2025-03-07 13:59:27,245] [INFO] [30137] Received COMMIT: id:1741323542381, from:30017, delay:0.0002s, distance:265.64m (Euclidean)
[2025-03-07 13:59:27,710] [INFO] [30137] Received PREPARE: id:1741323542381, from:30148, delay:0.0002s, distance:253.21m (Euclidean)
[2025-03-07 13:59:27,720] [INFO] [30137] Received COMMIT: id:1741323542381, from:30148, delay:0.0002s, distance:253.21m (Euclidean)
[2025-03-07 13:59:27,720] [INFO] [30137] Received COMMIT: id:1741323542381, from:30163, delay:0.0000s, distance:59.35m (Euclidean)
[2025-03-07 13:59:27,900] [INFO] [30137] Received COMMIT: id:1741323542381, from:30082, delay:0.0000s, distance:114.74m (Euclidean)
[2025-03-07 13:59:27,920] [INFO] [30137] Received PREPARE: id:1741323542381, from:30044, delay:0.0000s, distance:93.04m (Euclidean)
[2025-03-07 13:59:27,980] [INFO] [30137] Received PREPARE: id:1741323542381, from:30047, delay:0.0001s, distance:190.71m (Euclidean)
[2025-03-07 13:59:28,089] [INFO] [30137] Received COMMIT: id:1741323542381, from:30047, delay:0.0001s, distance:190.71m (Euclidean)
[2025-03-07 13:59:28,192] [INFO] [30137] Received PREPARE: id:1741323542381, from:30192, delay:0.0000s, distance:139.98m (Euclidean)
[2025-03-07 13:59:28,231] [INFO] [30137] Received COMMIT: id:1741323542381, from:30044, delay:0.0000s, distance:93.04m (Euclidean)
[2025-03-07 13:59:28,247] [INFO] [30137] Received PREPARE: id:1741323542381, from:30097, delay:0.0000s, distance:89.25m (Euclidean)
[2025-03-07 13:59:28,274] [INFO] [30137] Received PREPARE: id:1741323542381, from:30030, delay:0.0001s, distance:151.81m (Euclidean)
[2025-03-07 13:59:28,274] [INFO] [30137] Received COMMIT: id:1741323542381, from:30030, delay:0.0001s, distance:151.81m (Euclidean)
[2025-03-07 13:59:28,301] [INFO] [30137] Received PREPARE: id:1741323542381, from:30172, delay:0.0001s, distance:247.36m (Euclidean)
[2025-03-07 13:59:28,341] [INFO] [30137] Received COMMIT: id:1741323542381, from:30172, delay:0.0001s, distance:247.36m (Euclidean)
[2025-03-07 13:59:33,366] [INFO] [30137] Received COMMIT: id:1741323542381, from:30192, delay:0.0000s, distance:139.98m (Euclidean)
[2025-03-07 13:59:37,592] [INFO] [30137] Received PREPARE: id:1741323542381, from:30012, delay:0.0002s, distance:294.77m (Euclidean)
[2025-03-07 13:59:37,592] [INFO] [30137] Received COMMIT: id:1741323542381, from:30012, delay:0.0002s, distance:294.77m (Euclidean)
[2025-03-07 13:59:38,015] [INFO] [30137] Received COMMIT: id:1741323542381, from:30018, delay:0.0000s, distance:148.83m (Euclidean)
[2025-03-07 13:59:38,119] [INFO] [30137] Received PREPARE: id:1741323542381, from:30002, delay:0.0000s, distance:149.60m (Euclidean)
[2025-03-07 13:59:38,172] [INFO] [30137] Received COMMIT: id:1741323542381, from:30002, delay:0.0000s, distance:149.60m (Euclidean)
[2025-03-07 13:59:38,420] [INFO] [30137] Received COMMIT: id:1741323542381, from:30097, delay:0.0000s, distance:89.25m (Euclidean)
[2025-03-07 13:59:38,460] [INFO] [30137] Received COMMIT: id:1741323542381, from:30078, delay:0.0001s, distance:248.46m (Euclidean)
[2025-03-07 13:59:38,526] [INFO] [30137] Received COMMIT: id:1741323542381, from:30183, delay:0.0002s, distance:253.62m (Euclidean)
[2025-03-07 13:59:38,543] [INFO] [30137] Received PREPARE: id:1741323542381, from:30164, delay:0.0001s, distance:219.71m (Euclidean)
[2025-03-07 13:59:38,709] [INFO] [30137] Received COMMIT: id:1741323542381, from:30164, delay:0.0001s, distance:219.71m (Euclidean)
