[2025-03-11 13:24:18,186] [INFO] Starting node at localhost:30086 | index= 87 | f=1, k=4 | Role: Replica
[2025-03-11 13:24:42,062] [INFO] [30086] Received PRE-PREPARE: id:1741667081917, from:Leader(30000), delay:0.0000s, distance:171.14m (Euclidean)
[2025-03-11 13:24:42,066] [INFO] [30086] Broadcasting PREPARE for REQUEST 1741667081917
[2025-03-11 13:24:42,083] [INFO] [30086] Not broadcasting to fault node: 30077
[2025-03-11 13:24:42,115] [INFO] [30086] Not broadcasting to fault node: 30184
[2025-03-11 13:24:42,691] [INFO] [30086] Received PREPARE: id:1741667081917, from:30073, delay:0.0000s, distance:299.59m (Euclidean)
[2025-03-11 13:24:42,843] [INFO] [30086] Received PREPARE: id:1741667081917, from:30013, delay:0.0000s, distance:299.60m (Euclidean)
[2025-03-11 13:24:42,843] [INFO] [30086] Broadcasting COMMIT for REQUEST 1741667081917
[2025-03-11 13:24:42,855] [INFO] [30086] Not broadcasting to fault node: 30077
[2025-03-11 13:24:42,872] [INFO] [30086] Not broadcasting to fault node: 30184
[2025-03-11 13:24:43,141] [INFO] [30086] Received PREPARE: id:1741667081917, from:30100, delay:0.0001s, distance:175.05m (Euclidean)
[2025-03-11 13:24:43,203] [INFO] [30086] Received PREPARE: id:1741667081917, from:30010, delay:0.0000s, distance:299.36m (Euclidean)
[2025-03-11 13:24:43,230] [INFO] [30086] Received PREPARE: id:1741667081917, from:30080, delay:0.0001s, distance:187.92m (Euclidean)
[2025-03-11 13:24:43,244] [INFO] [30086] Received PREPARE: id:1741667081917, from:30026, delay:0.0001s, distance:219.82m (Euclidean)
[2025-03-11 13:24:43,244] [INFO] [30086] Received PREPARE: id:1741667081917, from:30020, delay:0.0000s, distance:127.40m (Euclidean)
[2025-03-11 13:24:43,265] [INFO] [30086] Received PREPARE: id:1741667081917, from:30068, delay:0.0000s, distance:92.01m (Euclidean)
[2025-03-11 13:24:43,317] [INFO] [30086] Received PREPARE: id:1741667081917, from:30099, delay:0.0001s, distance:242.56m (Euclidean)
[2025-03-11 13:24:43,339] [INFO] [30086] Received PREPARE: id:1741667081917, from:30090, delay:0.0000s, distance:146.61m (Euclidean)
[2025-03-11 13:24:43,388] [INFO] [30086] Received PREPARE: id:1741667081917, from:30019, delay:0.0000s, distance:49.28m (Euclidean)
[2025-03-11 13:24:43,469] [INFO] [30086] Received COMMIT: id:1741667081917, from:30090, delay:0.0000s, distance:146.61m (Euclidean)
[2025-03-11 13:24:43,484] [INFO] [30086] Received COMMIT: id:1741667081917, from:30080, delay:0.0001s, distance:187.92m (Euclidean)
[2025-03-11 13:24:43,484] [INFO] [LEADER 30086] Sending REPLY for REQUEST 1741667081917 to CLIENT
[2025-03-11 13:24:43,511] [INFO] [30086] Received PREPARE: id:1741667081917, from:30003, delay:0.0000s, distance:66.07m (Euclidean)
[2025-03-11 13:24:43,591] [INFO] [30086] Received PREPARE: id:1741667081917, from:30064, delay:0.0001s, distance:214.70m (Euclidean)
[2025-03-11 13:24:43,616] [INFO] [30086] Received PREPARE: id:1741667081917, from:30161, delay:0.0000s, distance:192.42m (Euclidean)
[2025-03-11 13:24:43,616] [INFO] [30086] Received COMMIT: id:1741667081917, from:30161, delay:0.0000s, distance:192.42m (Euclidean)
[2025-03-11 13:24:43,687] [INFO] [30086] Received COMMIT: id:1741667081917, from:30099, delay:0.0001s, distance:242.56m (Euclidean)
[2025-03-11 13:24:43,730] [INFO] [30086] Received PREPARE: id:1741667081917, from:30040, delay:0.0001s, distance:233.90m (Euclidean)
[2025-03-11 13:24:43,805] [INFO] [30086] Received PREPARE: id:1741667081917, from:30062, delay:0.0000s, distance:109.19m (Euclidean)
[2025-03-11 13:24:44,119] [INFO] [30086] Received PREPARE: id:1741667081917, from:30092, delay:0.0001s, distance:246.32m (Euclidean)
[2025-03-11 13:24:44,119] [INFO] [30086] Received PREPARE: id:1741667081917, from:30078, delay:0.0002s, distance:260.29m (Euclidean)
[2025-03-11 13:24:44,123] [INFO] [30086] Received COMMIT: id:1741667081917, from:30078, delay:0.0002s, distance:260.29m (Euclidean)
[2025-03-11 13:24:44,265] [INFO] [30086] Received PREPARE: id:1741667081917, from:30043, delay:0.0000s, distance:196.10m (Euclidean)
[2025-03-11 13:24:44,279] [INFO] [30086] Received PREPARE: id:1741667081917, from:30008, delay:0.0001s, distance:269.49m (Euclidean)
[2025-03-11 13:24:44,312] [INFO] [30086] Received PREPARE: id:1741667081917, from:30088, delay:0.0002s, distance:287.39m (Euclidean)
[2025-03-11 13:24:44,312] [INFO] [30086] Received PREPARE: id:1741667081917, from:30024, delay:0.0001s, distance:194.52m (Euclidean)
[2025-03-11 13:24:44,386] [INFO] [30086] Received PREPARE: id:1741667081917, from:30074, delay:0.0001s, distance:186.16m (Euclidean)
[2025-03-11 13:24:44,404] [INFO] [30086] Received COMMIT: id:1741667081917, from:30043, delay:0.0000s, distance:196.10m (Euclidean)
[2025-03-11 13:24:44,404] [INFO] [30086] Received PREPARE: id:1741667081917, from:30017, delay:0.0001s, distance:166.32m (Euclidean)
[2025-03-11 13:24:44,437] [INFO] [30086] Received COMMIT: id:1741667081917, from:30008, delay:0.0001s, distance:269.49m (Euclidean)
[2025-03-11 13:24:44,508] [INFO] [30086] Received COMMIT: id:1741667081917, from:30019, delay:0.0000s, distance:49.28m (Euclidean)
[2025-03-11 13:24:44,576] [INFO] [30086] Received PREPARE: id:1741667081917, from:30029, delay:0.0002s, distance:266.10m (Euclidean)
[2025-03-11 13:24:44,621] [INFO] [30086] Received PREPARE: id:1741667081917, from:30093, delay:0.0002s, distance:263.82m (Euclidean)
[2025-03-11 13:24:44,621] [INFO] [30086] Received COMMIT: id:1741667081917, from:30068, delay:0.0000s, distance:92.01m (Euclidean)
[2025-03-11 13:24:44,653] [INFO] [30086] Received PREPARE: id:1741667081917, from:30030, delay:0.0001s, distance:245.87m (Euclidean)
[2025-03-11 13:24:44,661] [INFO] [30086] Received COMMIT: id:1741667081917, from:30013, delay:0.0000s, distance:299.60m (Euclidean)
[2025-03-11 13:24:44,700] [INFO] [30086] Received COMMIT: id:1741667081917, from:30030, delay:0.0001s, distance:245.87m (Euclidean)
[2025-03-11 13:24:44,703] [INFO] [30086] Received PREPARE: id:1741667081917, from:30005, delay:0.0000s, distance:137.74m (Euclidean)
[2025-03-11 13:24:44,703] [INFO] [30086] Received PREPARE: id:1741667081917, from:30022, delay:0.0001s, distance:168.79m (Euclidean)
[2025-03-11 13:24:44,782] [INFO] [30086] Received COMMIT: id:1741667081917, from:30024, delay:0.0001s, distance:194.52m (Euclidean)
[2025-03-11 13:24:44,798] [INFO] [30086] Received COMMIT: id:1741667081917, from:30010, delay:0.0000s, distance:299.36m (Euclidean)
[2025-03-11 13:24:44,798] [INFO] [30086] Received COMMIT: id:1741667081917, from:30003, delay:0.0000s, distance:66.07m (Euclidean)
[2025-03-11 13:24:44,808] [INFO] [30086] Received PREPARE: id:1741667081917, from:30065, delay:0.0001s, distance:188.17m (Euclidean)
[2025-03-11 13:24:44,808] [INFO] [30086] Received COMMIT: id:1741667081917, from:30065, delay:0.0001s, distance:188.17m (Euclidean)
[2025-03-11 13:24:44,883] [INFO] [30086] Received COMMIT: id:1741667081917, from:30093, delay:0.0002s, distance:263.82m (Euclidean)
[2025-03-11 13:24:44,886] [INFO] [30086] Received PREPARE: id:1741667081917, from:30015, delay:0.0000s, distance:179.26m (Euclidean)
[2025-03-11 13:24:44,886] [INFO] [30086] Received PREPARE: id:1741667081917, from:30050, delay:0.0002s, distance:295.93m (Euclidean)
[2025-03-11 13:24:44,989] [INFO] [30086] Received PREPARE: id:1741667081917, from:30081, delay:0.0001s, distance:222.79m (Euclidean)
[2025-03-11 13:24:44,989] [INFO] [30086] Received PREPARE: id:1741667081917, from:30101, delay:0.0001s, distance:238.97m (Euclidean)
[2025-03-11 13:24:45,008] [INFO] [30086] Received COMMIT: id:1741667081917, from:30081, delay:0.0001s, distance:222.79m (Euclidean)
[2025-03-11 13:24:45,016] [INFO] [30086] Received COMMIT: id:1741667081917, from:30029, delay:0.0002s, distance:266.10m (Euclidean)
[2025-03-11 13:24:45,016] [INFO] [30086] Received PREPARE: id:1741667081917, from:30037, delay:0.0001s, distance:222.52m (Euclidean)
[2025-03-11 13:24:45,135] [INFO] [30086] Received COMMIT: id:1741667081917, from:30005, delay:0.0000s, distance:137.74m (Euclidean)
[2025-03-11 13:24:45,135] [INFO] [30086] Received COMMIT: id:1741667081917, from:30026, delay:0.0001s, distance:219.82m (Euclidean)
[2025-03-11 13:24:45,137] [INFO] [30086] Received PREPARE: id:1741667081917, from:30095, delay:0.0002s, distance:266.72m (Euclidean)
[2025-03-11 13:24:45,137] [INFO] [30086] Received PREPARE: id:1741667081917, from:30033, delay:0.0001s, distance:186.60m (Euclidean)
[2025-03-11 13:24:45,137] [INFO] [30086] Received COMMIT: id:1741667081917, from:30033, delay:0.0001s, distance:186.60m (Euclidean)
[2025-03-11 13:24:45,143] [INFO] [30086] Received PREPARE: id:1741667081917, from:30007, delay:0.0000s, distance:192.54m (Euclidean)
[2025-03-11 13:24:45,163] [INFO] [30086] Received COMMIT: id:1741667081917, from:30064, delay:0.0001s, distance:214.70m (Euclidean)
[2025-03-11 13:24:45,242] [INFO] [30086] Received COMMIT: id:1741667081917, from:30095, delay:0.0002s, distance:266.72m (Euclidean)
[2025-03-11 13:24:45,315] [INFO] [30086] Received COMMIT: id:1741667081917, from:30040, delay:0.0001s, distance:233.90m (Euclidean)
[2025-03-11 13:24:45,362] [INFO] [30086] Received PREPARE: id:1741667081917, from:30096, delay:0.0001s, distance:226.25m (Euclidean)
[2025-03-11 13:24:45,383] [INFO] [30086] Received COMMIT: id:1741667081917, from:30017, delay:0.0001s, distance:166.32m (Euclidean)
[2025-03-11 13:24:45,402] [INFO] [30086] Received PREPARE: id:1741667081917, from:30041, delay:0.0001s, distance:203.41m (Euclidean)
[2025-03-11 13:24:45,467] [INFO] [30086] Received COMMIT: id:1741667081917, from:30100, delay:0.0001s, distance:175.05m (Euclidean)
[2025-03-11 13:24:45,495] [INFO] [30086] Received PREPARE: id:1741667081917, from:30027, delay:0.0002s, distance:275.03m (Euclidean)
[2025-03-11 13:24:45,495] [INFO] [30086] Received PREPARE: id:1741667081917, from:30089, delay:0.0002s, distance:298.71m (Euclidean)
[2025-03-11 13:24:45,519] [INFO] [30086] Received COMMIT: id:1741667081917, from:30027, delay:0.0002s, distance:275.03m (Euclidean)
[2025-03-11 13:24:45,601] [INFO] [30086] Received COMMIT: id:1741667081917, from:30007, delay:0.0000s, distance:192.54m (Euclidean)
[2025-03-11 13:24:45,644] [INFO] [30086] Received COMMIT: id:1741667081917, from:30020, delay:0.0000s, distance:127.40m (Euclidean)
[2025-03-11 13:24:45,710] [INFO] [30086] Received PREPARE: id:1741667081917, from:30083, delay:0.0002s, distance:273.97m (Euclidean)
[2025-03-11 13:24:45,726] [INFO] [30086] Received COMMIT: id:1741667081917, from:30083, delay:0.0002s, distance:273.97m (Euclidean)
[2025-03-11 13:24:45,726] [INFO] [30086] Received PREPARE: id:1741667081917, from:30056, delay:0.0001s, distance:197.87m (Euclidean)
[2025-03-11 13:24:45,804] [INFO] [30086] Received PREPARE: id:1741667081917, from:30070, delay:0.0001s, distance:223.60m (Euclidean)
[2025-03-11 13:24:45,938] [INFO] [30086] Received PREPARE: id:1741667081917, from:30054, delay:0.0002s, distance:257.93m (Euclidean)
[2025-03-11 13:24:45,990] [INFO] [30086] Received COMMIT: id:1741667081917, from:30018, delay:0.0001s, distance:267.44m (Euclidean)
[2025-03-11 13:24:45,990] [INFO] [30086] Received COMMIT: id:1741667081917, from:30054, delay:0.0002s, distance:257.93m (Euclidean)
[2025-03-11 13:24:45,990] [INFO] [30086] Received PREPARE: id:1741667081917, from:30018, delay:0.0001s, distance:267.44m (Euclidean)
[2025-03-11 13:24:46,002] [INFO] [30086] Received COMMIT: id:1741667081917, from:30041, delay:0.0001s, distance:203.41m (Euclidean)
[2025-03-11 13:24:46,037] [INFO] [30086] Received COMMIT: id:1741667081917, from:30070, delay:0.0001s, distance:223.60m (Euclidean)
[2025-03-11 13:24:46,055] [INFO] [30086] Received COMMIT: id:1741667081917, from:30015, delay:0.0000s, distance:179.26m (Euclidean)
[2025-03-11 13:24:46,057] [INFO] [30086] Received COMMIT: id:1741667081917, from:30037, delay:0.0001s, distance:222.52m (Euclidean)
[2025-03-11 13:24:46,089] [INFO] [30086] Received PREPARE: id:1741667081917, from:30084, delay:0.0002s, distance:258.37m (Euclidean)
[2025-03-11 13:24:46,089] [INFO] [30086] Received COMMIT: id:1741667081917, from:30084, delay:0.0002s, distance:258.37m (Euclidean)
[2025-03-11 13:24:46,115] [INFO] [30086] Received COMMIT: id:1741667081917, from:30062, delay:0.0000s, distance:109.19m (Euclidean)
[2025-03-11 13:24:46,134] [INFO] [30086] Received COMMIT: id:1741667081917, from:30085, delay:0.0001s, distance:256.31m (Euclidean)
[2025-03-11 13:24:46,136] [INFO] [30086] Received PREPARE: id:1741667081917, from:30085, delay:0.0001s, distance:256.31m (Euclidean)
[2025-03-11 13:24:46,205] [INFO] [30086] Received PREPARE: id:1741667081917, from:30021, delay:0.0000s, distance:169.79m (Euclidean)
[2025-03-11 13:24:46,205] [INFO] [30086] Received COMMIT: id:1741667081917, from:30021, delay:0.0000s, distance:169.79m (Euclidean)
[2025-03-11 13:24:46,207] [INFO] [30086] Received COMMIT: id:1741667081917, from:30089, delay:0.0002s, distance:298.71m (Euclidean)
[2025-03-11 13:24:46,247] [INFO] [30086] Received PREPARE: id:1741667081917, from:30063, delay:0.0001s, distance:229.53m (Euclidean)
[2025-03-11 13:24:46,266] [INFO] [30086] Received PREPARE: id:1741667081917, from:30049, delay:0.0001s, distance:219.13m (Euclidean)
[2025-03-11 13:24:46,266] [INFO] [30086] Received COMMIT: id:1741667081917, from:30049, delay:0.0001s, distance:219.13m (Euclidean)
[2025-03-11 13:24:46,314] [INFO] [30086] Received COMMIT: id:1741667081917, from:30063, delay:0.0001s, distance:229.53m (Euclidean)
[2025-03-11 13:24:46,356] [INFO] [30086] Received PREPARE: id:1741667081917, from:30046, delay:0.0001s, distance:235.69m (Euclidean)
[2025-03-11 13:24:46,369] [INFO] [30086] Received COMMIT: id:1741667081917, from:30046, delay:0.0001s, distance:235.69m (Euclidean)
[2025-03-11 13:24:46,445] [INFO] [30086] Received COMMIT: id:1741667081917, from:30050, delay:0.0002s, distance:295.93m (Euclidean)
[2025-03-11 13:24:46,492] [INFO] [30086] Received COMMIT: id:1741667081917, from:30092, delay:0.0001s, distance:246.32m (Euclidean)
[2025-03-11 13:24:46,532] [INFO] [30086] Received PREPARE: id:1741667081917, from:30103, delay:0.0000s, distance:139.40m (Euclidean)
[2025-03-11 13:24:46,567] [INFO] [30086] Received COMMIT: id:1741667081917, from:30103, delay:0.0000s, distance:139.40m (Euclidean)
[2025-03-11 13:24:46,687] [INFO] [30086] Received COMMIT: id:1741667081917, from:30101, delay:0.0001s, distance:238.97m (Euclidean)
[2025-03-11 13:24:46,799] [INFO] [30086] Received PREPARE: id:1741667081917, from:30055, delay:0.0002s, distance:265.60m (Euclidean)
[2025-03-11 13:24:46,812] [INFO] [30086] Received COMMIT: id:1741667081917, from:30055, delay:0.0002s, distance:265.60m (Euclidean)
[2025-03-11 13:24:47,081] [INFO] [30086] Received PREPARE: id:1741667081917, from:30097, delay:0.0002s, distance:256.53m (Euclidean)
[2025-03-11 13:24:47,081] [INFO] [30086] Received COMMIT: id:1741667081917, from:30097, delay:0.0002s, distance:256.53m (Euclidean)
[2025-03-11 13:24:47,139] [INFO] [30086] Received PREPARE: id:1741667081917, from:30091, delay:0.0001s, distance:227.53m (Euclidean)
[2025-03-11 13:24:47,139] [INFO] [30086] Received COMMIT: id:1741667081917, from:30091, delay:0.0001s, distance:227.53m (Euclidean)
[2025-03-11 13:24:47,148] [INFO] [30086] Received COMMIT: id:1741667081917, from:30074, delay:0.0001s, distance:186.16m (Euclidean)
[2025-03-11 13:24:47,211] [INFO] [30086] Received PREPARE: id:1741667081917, from:30023, delay:0.0002s, distance:281.97m (Euclidean)
[2025-03-11 13:24:47,219] [INFO] [30086] Received COMMIT: id:1741667081917, from:30023, delay:0.0002s, distance:281.97m (Euclidean)
[2025-03-11 13:24:47,230] [INFO] [30086] Received COMMIT: id:1741667081917, from:30073, delay:0.0000s, distance:299.59m (Euclidean)
[2025-03-11 13:24:47,278] [INFO] [30086] Received PREPARE: id:1741667081917, from:30045, delay:0.0002s, distance:288.56m (Euclidean)
[2025-03-11 13:24:47,278] [INFO] [30086] Received COMMIT: id:1741667081917, from:30045, delay:0.0002s, distance:288.56m (Euclidean)
[2025-03-11 13:24:47,292] [INFO] [30086] Received COMMIT: id:1741667081917, from:30056, delay:0.0001s, distance:197.87m (Euclidean)
[2025-03-11 13:24:47,715] [INFO] [30086] Received COMMIT: id:1741667081917, from:30022, delay:0.0001s, distance:168.79m (Euclidean)
[2025-03-11 13:24:47,854] [INFO] [30086] Received COMMIT: id:1741667081917, from:30096, delay:0.0001s, distance:226.25m (Euclidean)
[2025-03-11 13:24:47,880] [INFO] [30086] Received PREPARE: id:1741667081917, from:30076, delay:0.0001s, distance:207.08m (Euclidean)
[2025-03-11 13:24:47,882] [INFO] [30086] Received COMMIT: id:1741667081917, from:30076, delay:0.0001s, distance:207.08m (Euclidean)
[2025-03-11 13:24:48,184] [INFO] [30086] Received PREPARE: id:1741667081917, from:30098, delay:0.0001s, distance:238.93m (Euclidean)
[2025-03-11 13:24:48,187] [INFO] [30086] Received COMMIT: id:1741667081917, from:30098, delay:0.0001s, distance:238.93m (Euclidean)
[2025-03-11 13:24:48,927] [INFO] [30086] Received PREPARE: id:1741667081917, from:30094, delay:0.0002s, distance:298.52m (Euclidean)
[2025-03-11 13:24:48,927] [INFO] [30086] Received COMMIT: id:1741667081917, from:30094, delay:0.0002s, distance:298.52m (Euclidean)
[2025-03-11 13:24:48,975] [INFO] [30086] Received COMMIT: id:1741667081917, from:30088, delay:0.0002s, distance:287.39m (Euclidean)
[2025-03-11 13:24:49,185] [INFO] [30086] Received PREPARE: id:1741667081917, from:30051, delay:0.0002s, distance:282.55m (Euclidean)
[2025-03-11 13:24:49,185] [INFO] [30086] Received COMMIT: id:1741667081917, from:30051, delay:0.0002s, distance:282.55m (Euclidean)
[2025-03-11 13:24:49,296] [INFO] [30086] Received PREPARE: id:1741667081917, from:30004, delay:0.0001s, distance:240.89m (Euclidean)
[2025-03-11 13:24:49,296] [INFO] [30086] Received COMMIT: id:1741667081917, from:30004, delay:0.0001s, distance:240.89m (Euclidean)
[2025-03-11 13:24:49,355] [INFO] [30086] Received PREPARE: id:1741667081917, from:30035, delay:0.0001s, distance:153.13m (Euclidean)
[2025-03-11 13:24:49,355] [INFO] [30086] Received COMMIT: id:1741667081917, from:30035, delay:0.0001s, distance:153.13m (Euclidean)
[2025-03-11 13:24:49,685] [INFO] [30086] Received PREPARE: id:1741667081917, from:30048, delay:0.0000s, distance:127.71m (Euclidean)
[2025-03-11 13:24:49,685] [INFO] [30086] Received COMMIT: id:1741667081917, from:30048, delay:0.0000s, distance:127.71m (Euclidean)
[2025-03-11 13:24:49,796] [INFO] [30086] Received PREPARE: id:1741667081917, from:30042, delay:0.0001s, distance:294.16m (Euclidean)
[2025-03-11 13:24:49,796] [INFO] [30086] Received COMMIT: id:1741667081917, from:30042, delay:0.0001s, distance:294.16m (Euclidean)
[2025-03-11 13:24:49,865] [INFO] [30086] Received PREPARE: id:1741667081917, from:30002, delay:0.0001s, distance:233.64m (Euclidean)
[2025-03-11 13:24:49,865] [INFO] [30086] Received COMMIT: id:1741667081917, from:30002, delay:0.0001s, distance:233.64m (Euclidean)
[2025-03-11 13:24:49,893] [INFO] [30086] Received PREPARE: id:1741667081917, from:30028, delay:0.0001s, distance:195.42m (Euclidean)
[2025-03-11 13:24:49,893] [INFO] [30086] Received COMMIT: id:1741667081917, from:30028, delay:0.0001s, distance:195.42m (Euclidean)
[2025-03-11 13:24:50,393] [INFO] [30086] Received PREPARE: id:1741667081917, from:30034, delay:0.0001s, distance:233.48m (Euclidean)
[2025-03-11 13:24:50,393] [INFO] [30086] Received COMMIT: id:1741667081917, from:30034, delay:0.0001s, distance:233.48m (Euclidean)
[2025-03-11 13:24:50,499] [INFO] [30086] Received PREPARE: id:1741667081917, from:30190, delay:0.0001s, distance:228.95m (Euclidean)
[2025-03-11 13:24:50,501] [INFO] [30086] Received COMMIT: id:1741667081917, from:30190, delay:0.0001s, distance:228.95m (Euclidean)
[2025-03-11 13:24:50,680] [INFO] [30086] Received PREPARE: id:1741667081917, from:30053, delay:0.0001s, distance:233.50m (Euclidean)
[2025-03-11 13:24:50,680] [INFO] [30086] Received COMMIT: id:1741667081917, from:30053, delay:0.0001s, distance:233.50m (Euclidean)
[2025-03-11 13:24:50,751] [INFO] [30086] Received PREPARE: id:1741667081917, from:30066, delay:0.0001s, distance:233.27m (Euclidean)
[2025-03-11 13:24:50,751] [INFO] [30086] Received COMMIT: id:1741667081917, from:30066, delay:0.0001s, distance:233.27m (Euclidean)
[2025-03-11 13:24:51,282] [INFO] [30086] Received PREPARE: id:1741667081917, from:30059, delay:0.0002s, distance:266.14m (Euclidean)
[2025-03-11 13:24:51,282] [INFO] [30086] Received COMMIT: id:1741667081917, from:30059, delay:0.0002s, distance:266.14m (Euclidean)
[2025-03-11 13:24:51,459] [INFO] [30086] Received PREPARE: id:1741667081917, from:30102, delay:0.0000s, distance:169.10m (Euclidean)
[2025-03-11 13:24:51,459] [INFO] [30086] Received COMMIT: id:1741667081917, from:30102, delay:0.0000s, distance:169.10m (Euclidean)
[2025-03-11 13:24:52,167] [INFO] [30086] Received PREPARE: id:1741667081917, from:30025, delay:0.0002s, distance:266.08m (Euclidean)
[2025-03-11 13:24:52,167] [INFO] [30086] Received COMMIT: id:1741667081917, from:30025, delay:0.0002s, distance:266.08m (Euclidean)
[2025-03-11 13:24:52,265] [INFO] [30086] Received PREPARE: id:1741667081917, from:30011, delay:0.0001s, distance:204.30m (Euclidean)
[2025-03-11 13:24:52,265] [INFO] [30086] Received COMMIT: id:1741667081917, from:30011, delay:0.0001s, distance:204.30m (Euclidean)
[2025-03-11 13:24:52,747] [INFO] [30086] Received PREPARE: id:1741667081917, from:30075, delay:0.0002s, distance:290.87m (Euclidean)
[2025-03-11 13:24:52,747] [INFO] [30086] Received COMMIT: id:1741667081917, from:30075, delay:0.0002s, distance:290.87m (Euclidean)
[2025-03-11 13:24:52,891] [INFO] [30086] Received COMMIT: id:1741667081917, from:30000, delay:0.0000s, distance:171.14m (Euclidean)
[2025-03-11 13:24:53,099] [INFO] [30086] Received PREPARE: id:1741667081917, from:30193, delay:0.0000s, distance:249.58m (Euclidean)
[2025-03-11 13:24:53,154] [INFO] [30086] Received PREPARE: id:1741667081917, from:30133, delay:0.0001s, distance:242.19m (Euclidean)
[2025-03-11 13:24:53,572] [INFO] [30086] Received PREPARE: id:1741667081917, from:30109, delay:0.0001s, distance:159.04m (Euclidean)
[2025-03-11 13:24:53,600] [INFO] [30086] Received PREPARE: id:1741667081917, from:30152, delay:0.0001s, distance:207.12m (Euclidean)
[2025-03-11 13:24:53,600] [INFO] [30086] Received COMMIT: id:1741667081917, from:30152, delay:0.0001s, distance:207.12m (Euclidean)
[2025-03-11 13:24:53,635] [INFO] [30086] Received PREPARE: id:1741667081917, from:30144, delay:0.0000s, distance:88.58m (Euclidean)
[2025-03-11 13:24:53,888] [INFO] [30086] Received PREPARE: id:1741667081917, from:30117, delay:0.0001s, distance:204.32m (Euclidean)
[2025-03-11 13:24:53,927] [INFO] [30086] Received PREPARE: id:1741667081917, from:30108, delay:0.0001s, distance:241.67m (Euclidean)
[2025-03-11 13:24:53,939] [INFO] [30086] Received COMMIT: id:1741667081917, from:30108, delay:0.0001s, distance:241.67m (Euclidean)
[2025-03-11 13:24:53,946] [INFO] [30086] Received COMMIT: id:1741667081917, from:30133, delay:0.0001s, distance:242.19m (Euclidean)
[2025-03-11 13:24:54,030] [INFO] [30086] Received PREPARE: id:1741667081917, from:30107, delay:0.0000s, distance:57.10m (Euclidean)
[2025-03-11 13:24:54,114] [INFO] [30086] Received PREPARE: id:1741667081917, from:30191, delay:0.0000s, distance:132.41m (Euclidean)
[2025-03-11 13:24:54,171] [INFO] [30086] Received COMMIT: id:1741667081917, from:30109, delay:0.0001s, distance:159.04m (Euclidean)
[2025-03-11 13:24:54,244] [INFO] [30086] Received PREPARE: id:1741667081917, from:30183, delay:0.0001s, distance:212.20m (Euclidean)
[2025-03-11 13:24:54,482] [INFO] [30086] Received PREPARE: id:1741667081917, from:30180, delay:0.0000s, distance:60.80m (Euclidean)
[2025-03-11 13:24:54,566] [INFO] [30086] Received COMMIT: id:1741667081917, from:30193, delay:0.0000s, distance:249.58m (Euclidean)
[2025-03-11 13:24:54,598] [INFO] [30086] Received PREPARE: id:1741667081917, from:30120, delay:0.0000s, distance:200.69m (Euclidean)
[2025-03-11 13:24:54,756] [INFO] [30086] Received PREPARE: id:1741667081917, from:30128, delay:0.0000s, distance:95.61m (Euclidean)
[2025-03-11 13:24:54,884] [INFO] [30086] Received PREPARE: id:1741667081917, from:30159, delay:0.0001s, distance:153.87m (Euclidean)
[2025-03-11 13:24:54,903] [INFO] [30086] Received PREPARE: id:1741667081917, from:30188, delay:0.0001s, distance:232.24m (Euclidean)
[2025-03-11 13:24:54,970] [INFO] [30086] Received PREPARE: id:1741667081917, from:30179, delay:0.0000s, distance:106.17m (Euclidean)
[2025-03-11 13:24:55,018] [INFO] [30086] Received PREPARE: id:1741667081917, from:30192, delay:0.0002s, distance:297.10m (Euclidean)
[2025-03-11 13:24:55,018] [INFO] [30086] Received COMMIT: id:1741667081917, from:30192, delay:0.0002s, distance:297.10m (Euclidean)
[2025-03-11 13:24:55,034] [INFO] [30086] Received PREPARE: id:1741667081917, from:30164, delay:0.0001s, distance:247.07m (Euclidean)
[2025-03-11 13:24:55,034] [INFO] [30086] Received COMMIT: id:1741667081917, from:30164, delay:0.0001s, distance:247.07m (Euclidean)
[2025-03-11 13:24:55,065] [INFO] [30086] Received COMMIT: id:1741667081917, from:30188, delay:0.0001s, distance:232.24m (Euclidean)
[2025-03-11 13:24:55,065] [INFO] [30086] Received PREPARE: id:1741667081917, from:30197, delay:0.0000s, distance:68.14m (Euclidean)
[2025-03-11 13:24:55,084] [INFO] [30086] Received PREPARE: id:1741667081917, from:30158, delay:0.0001s, distance:153.49m (Euclidean)
[2025-03-11 13:24:55,175] [INFO] [30086] Received COMMIT: id:1741667081917, from:30183, delay:0.0001s, distance:212.20m (Euclidean)
[2025-03-11 13:24:55,216] [INFO] [30086] Received COMMIT: id:1741667081917, from:30144, delay:0.0000s, distance:88.58m (Euclidean)
[2025-03-11 13:24:55,361] [INFO] [30086] Received PREPARE: id:1741667081917, from:30181, delay:0.0002s, distance:269.15m (Euclidean)
[2025-03-11 13:24:55,362] [INFO] [30086] Received COMMIT: id:1741667081917, from:30181, delay:0.0002s, distance:269.15m (Euclidean)
[2025-03-11 13:24:55,433] [INFO] [30086] Received COMMIT: id:1741667081917, from:30117, delay:0.0001s, distance:204.32m (Euclidean)
[2025-03-11 13:24:55,490] [INFO] [30086] Received PREPARE: id:1741667081917, from:30167, delay:0.0000s, distance:38.65m (Euclidean)
[2025-03-11 13:24:55,547] [INFO] [30086] Received COMMIT: id:1741667081917, from:30167, delay:0.0000s, distance:38.65m (Euclidean)
[2025-03-11 13:24:55,684] [INFO] [30086] Received COMMIT: id:1741667081917, from:30107, delay:0.0000s, distance:57.10m (Euclidean)
[2025-03-11 13:24:55,790] [INFO] [30086] Received PREPARE: id:1741667081917, from:30154, delay:0.0000s, distance:165.75m (Euclidean)
[2025-03-11 13:24:55,790] [INFO] [30086] Received COMMIT: id:1741667081917, from:30154, delay:0.0000s, distance:165.75m (Euclidean)
[2025-03-11 13:24:56,014] [INFO] [30086] Received PREPARE: id:1741667081917, from:30177, delay:0.0001s, distance:170.66m (Euclidean)
[2025-03-11 13:24:56,014] [INFO] [30086] Received COMMIT: id:1741667081917, from:30177, delay:0.0001s, distance:170.66m (Euclidean)
[2025-03-11 13:24:56,035] [INFO] [30086] Received COMMIT: id:1741667081917, from:30191, delay:0.0000s, distance:132.41m (Euclidean)
[2025-03-11 13:24:56,295] [INFO] [30086] Received PREPARE: id:1741667081917, from:30125, delay:0.0000s, distance:147.02m (Euclidean)
[2025-03-11 13:24:56,295] [INFO] [30086] Received COMMIT: id:1741667081917, from:30125, delay:0.0000s, distance:147.02m (Euclidean)
[2025-03-11 13:24:56,424] [INFO] [30086] Received PREPARE: id:1741667081917, from:30150, delay:0.0000s, distance:177.19m (Euclidean)
[2025-03-11 13:24:56,424] [INFO] [30086] Received COMMIT: id:1741667081917, from:30150, delay:0.0000s, distance:177.19m (Euclidean)
[2025-03-11 13:24:56,482] [INFO] [30086] Received PREPARE: id:1741667081917, from:30140, delay:0.0000s, distance:149.83m (Euclidean)
[2025-03-11 13:24:56,507] [INFO] [30086] Received PREPARE: id:1741667081917, from:30196, delay:0.0002s, distance:259.27m (Euclidean)
[2025-03-11 13:24:56,592] [INFO] [30086] Received COMMIT: id:1741667081917, from:30197, delay:0.0000s, distance:68.14m (Euclidean)
[2025-03-11 13:24:56,635] [INFO] [30086] Received PREPARE: id:1741667081917, from:30174, delay:0.0001s, distance:198.00m (Euclidean)
[2025-03-11 13:24:56,635] [INFO] [30086] Received COMMIT: id:1741667081917, from:30174, delay:0.0001s, distance:198.00m (Euclidean)
[2025-03-11 13:24:57,013] [INFO] [30086] Received PREPARE: id:1741667081917, from:30119, delay:0.0000s, distance:138.31m (Euclidean)
[2025-03-11 13:24:57,184] [INFO] [30086] Received COMMIT: id:1741667081917, from:30159, delay:0.0001s, distance:153.87m (Euclidean)
[2025-03-11 13:24:57,524] [INFO] [30086] Received PREPARE: id:1741667081917, from:30148, delay:0.0002s, distance:252.07m (Euclidean)
[2025-03-11 13:24:57,561] [INFO] [30086] Received COMMIT: id:1741667081917, from:30128, delay:0.0000s, distance:95.61m (Euclidean)
[2025-03-11 13:24:57,726] [INFO] [30086] Received PREPARE: id:1741667081917, from:30146, delay:0.0002s, distance:263.43m (Euclidean)
[2025-03-11 13:24:57,800] [INFO] [30086] Received PREPARE: id:1741667081917, from:30182, delay:0.0000s, distance:134.90m (Euclidean)
[2025-03-11 13:24:57,828] [INFO] [30086] Received PREPARE: id:1741667081917, from:30141, delay:0.0001s, distance:177.80m (Euclidean)
[2025-03-11 13:24:57,854] [INFO] [30086] Received PREPARE: id:1741667081917, from:30121, delay:0.0002s, distance:285.09m (Euclidean)
[2025-03-11 13:24:57,911] [INFO] [30086] Received COMMIT: id:1741667081917, from:30121, delay:0.0002s, distance:285.09m (Euclidean)
[2025-03-11 13:24:57,945] [INFO] [30086] Received COMMIT: id:1741667081917, from:30182, delay:0.0000s, distance:134.90m (Euclidean)
[2025-03-11 13:24:57,966] [INFO] [30086] Received PREPARE: id:1741667081917, from:30198, delay:0.0002s, distance:297.38m (Euclidean)
[2025-03-11 13:24:58,614] [INFO] [30086] Received PREPARE: id:1741667081917, from:30069, delay:0.0002s, distance:271.89m (Euclidean)
[2025-03-11 13:24:58,614] [INFO] [30086] Received COMMIT: id:1741667081917, from:30069, delay:0.0002s, distance:271.89m (Euclidean)
[2025-03-11 13:24:58,756] [INFO] [30086] Received PREPARE: id:1741667081917, from:30186, delay:0.0001s, distance:233.16m (Euclidean)
[2025-03-11 13:24:58,763] [INFO] [30086] Received COMMIT: id:1741667081917, from:30186, delay:0.0001s, distance:233.16m (Euclidean)
[2025-03-11 13:24:58,872] [INFO] [30086] Received COMMIT: id:1741667081917, from:30148, delay:0.0002s, distance:252.07m (Euclidean)
[2025-03-11 13:24:58,899] [INFO] [30086] Received COMMIT: id:1741667081917, from:30158, delay:0.0001s, distance:153.49m (Euclidean)
[2025-03-11 13:24:59,008] [INFO] [30086] Received COMMIT: id:1741667081917, from:30141, delay:0.0001s, distance:177.80m (Euclidean)
[2025-03-11 13:24:59,187] [INFO] [30086] Received COMMIT: id:1741667081917, from:30179, delay:0.0000s, distance:106.17m (Euclidean)
[2025-03-11 13:24:59,258] [INFO] [30086] Received COMMIT: id:1741667081917, from:30196, delay:0.0002s, distance:259.27m (Euclidean)
[2025-03-11 13:24:59,553] [INFO] [30086] Received PREPARE: id:1741667081917, from:30110, delay:0.0000s, distance:190.52m (Euclidean)
[2025-03-11 13:24:59,553] [INFO] [30086] Received COMMIT: id:1741667081917, from:30110, delay:0.0000s, distance:190.52m (Euclidean)
[2025-03-11 13:24:59,634] [INFO] [30086] Received PREPARE: id:1741667081917, from:30116, delay:0.0001s, distance:263.99m (Euclidean)
[2025-03-11 13:24:59,634] [INFO] [30086] Received COMMIT: id:1741667081917, from:30116, delay:0.0001s, distance:263.99m (Euclidean)
[2025-03-11 13:24:59,696] [INFO] [30086] Received COMMIT: id:1741667081917, from:30198, delay:0.0002s, distance:297.38m (Euclidean)
[2025-03-11 13:24:59,720] [INFO] [30086] Received PREPARE: id:1741667081917, from:30067, delay:0.0002s, distance:286.13m (Euclidean)
[2025-03-11 13:24:59,720] [INFO] [30086] Received COMMIT: id:1741667081917, from:30067, delay:0.0002s, distance:286.13m (Euclidean)
[2025-03-11 13:24:59,846] [INFO] [30086] Received PREPARE: id:1741667081917, from:30032, delay:0.0002s, distance:268.08m (Euclidean)
[2025-03-11 13:24:59,846] [INFO] [30086] Received COMMIT: id:1741667081917, from:30032, delay:0.0002s, distance:268.08m (Euclidean)
[2025-03-11 13:25:00,380] [INFO] [30086] Received COMMIT: id:1741667081917, from:30119, delay:0.0000s, distance:138.31m (Euclidean)
[2025-03-11 13:25:00,554] [INFO] [30086] Received PREPARE: id:1741667081917, from:30168, delay:0.0002s, distance:273.81m (Euclidean)
[2025-03-11 13:25:00,587] [INFO] [30086] Received COMMIT: id:1741667081917, from:30168, delay:0.0002s, distance:273.81m (Euclidean)
[2025-03-11 13:25:00,693] [INFO] [30086] Received PREPARE: id:1741667081917, from:30111, delay:0.0001s, distance:206.34m (Euclidean)
[2025-03-11 13:25:00,693] [INFO] [30086] Received COMMIT: id:1741667081917, from:30111, delay:0.0001s, distance:206.34m (Euclidean)
[2025-03-11 13:25:00,860] [INFO] [30086] Received PREPARE: id:1741667081917, from:30189, delay:0.0001s, distance:231.00m (Euclidean)
[2025-03-11 13:25:00,860] [INFO] [30086] Received COMMIT: id:1741667081917, from:30189, delay:0.0001s, distance:231.00m (Euclidean)
[2025-03-11 13:25:00,989] [INFO] [30086] Received PREPARE: id:1741667081917, from:30131, delay:0.0002s, distance:263.36m (Euclidean)
[2025-03-11 13:25:01,036] [INFO] [30086] Received COMMIT: id:1741667081917, from:30131, delay:0.0002s, distance:263.36m (Euclidean)
[2025-03-11 13:25:01,036] [INFO] [30086] Received PREPARE: id:1741667081917, from:30124, delay:0.0000s, distance:200.73m (Euclidean)
[2025-03-11 13:25:01,565] [INFO] [30086] Received COMMIT: id:1741667081917, from:30146, delay:0.0002s, distance:263.43m (Euclidean)
[2025-03-11 13:25:01,780] [INFO] [30086] Received PREPARE: id:1741667081917, from:30194, delay:0.0001s, distance:155.16m (Euclidean)
[2025-03-11 13:25:01,780] [INFO] [30086] Received COMMIT: id:1741667081917, from:30194, delay:0.0001s, distance:155.16m (Euclidean)
[2025-03-11 13:25:01,812] [INFO] [30086] Received PREPARE: id:1741667081917, from:30157, delay:0.0002s, distance:250.30m (Euclidean)
[2025-03-11 13:25:01,814] [INFO] [30086] Received COMMIT: id:1741667081917, from:30157, delay:0.0002s, distance:250.30m (Euclidean)
[2025-03-11 13:25:01,919] [INFO] [30086] Received COMMIT: id:1741667081917, from:30180, delay:0.0000s, distance:60.80m (Euclidean)
[2025-03-11 13:25:02,693] [INFO] [30086] Received COMMIT: id:1741667081917, from:30140, delay:0.0000s, distance:149.83m (Euclidean)
[2025-03-11 13:25:03,442] [INFO] [30086] Received PREPARE: id:1741667081917, from:30176, delay:0.0001s, distance:220.95m (Euclidean)
[2025-03-11 13:25:03,442] [INFO] [30086] Received COMMIT: id:1741667081917, from:30176, delay:0.0001s, distance:220.95m (Euclidean)
[2025-03-11 13:25:03,521] [INFO] [30086] Received PREPARE: id:1741667081917, from:30129, delay:0.0001s, distance:247.36m (Euclidean)
[2025-03-11 13:25:03,521] [INFO] [30086] Received COMMIT: id:1741667081917, from:30129, delay:0.0001s, distance:247.36m (Euclidean)
[2025-03-11 13:25:03,641] [INFO] [30086] Received PREPARE: id:1741667081917, from:30126, delay:0.0001s, distance:240.49m (Euclidean)
[2025-03-11 13:25:03,655] [INFO] [30086] Received COMMIT: id:1741667081917, from:30126, delay:0.0001s, distance:240.49m (Euclidean)
[2025-03-11 13:25:03,655] [INFO] [30086] Received PREPARE: id:1741667081917, from:30113, delay:0.0000s, distance:173.62m (Euclidean)
[2025-03-11 13:25:03,657] [INFO] [30086] Received COMMIT: id:1741667081917, from:30113, delay:0.0000s, distance:173.62m (Euclidean)
[2025-03-11 13:25:04,115] [INFO] [30086] Received PREPARE: id:1741667081917, from:30160, delay:0.0001s, distance:207.54m (Euclidean)
[2025-03-11 13:25:04,120] [INFO] [30086] Received COMMIT: id:1741667081917, from:30160, delay:0.0001s, distance:207.54m (Euclidean)
[2025-03-11 13:25:04,145] [INFO] [30086] Received PREPARE: id:1741667081917, from:30147, delay:0.0001s, distance:155.06m (Euclidean)
[2025-03-11 13:25:04,333] [INFO] [30086] Received COMMIT: id:1741667081917, from:30120, delay:0.0000s, distance:200.69m (Euclidean)
[2025-03-11 13:25:04,722] [INFO] [30086] Received COMMIT: id:1741667081917, from:30124, delay:0.0000s, distance:200.73m (Euclidean)
[2025-03-11 13:25:05,292] [INFO] [30086] Received PREPARE: id:1741667081917, from:30155, delay:0.0000s, distance:25.76m (Euclidean)
[2025-03-11 13:25:05,602] [INFO] [30086] Received PREPARE: id:1741667081917, from:30151, delay:0.0001s, distance:260.25m (Euclidean)
[2025-03-11 13:25:05,602] [INFO] [30086] Received COMMIT: id:1741667081917, from:30151, delay:0.0001s, distance:260.25m (Euclidean)
[2025-03-11 13:25:05,643] [INFO] [30086] Received PREPARE: id:1741667081917, from:30115, delay:0.0001s, distance:228.09m (Euclidean)
[2025-03-11 13:25:05,645] [INFO] [30086] Received COMMIT: id:1741667081917, from:30115, delay:0.0001s, distance:228.09m (Euclidean)
[2025-03-11 13:25:05,746] [INFO] [30086] Received PREPARE: id:1741667081917, from:30171, delay:0.0001s, distance:238.94m (Euclidean)
[2025-03-11 13:25:05,746] [INFO] [30086] Received COMMIT: id:1741667081917, from:30171, delay:0.0001s, distance:238.94m (Euclidean)
[2025-03-11 13:25:06,094] [INFO] [30086] Received PREPARE: id:1741667081917, from:30130, delay:0.0002s, distance:289.94m (Euclidean)
[2025-03-11 13:25:06,100] [INFO] [30086] Received COMMIT: id:1741667081917, from:30130, delay:0.0002s, distance:289.94m (Euclidean)
[2025-03-11 13:25:06,122] [INFO] [30086] Received PREPARE: id:1741667081917, from:30172, delay:0.0002s, distance:283.82m (Euclidean)
[2025-03-11 13:25:06,124] [INFO] [30086] Received COMMIT: id:1741667081917, from:30172, delay:0.0002s, distance:283.82m (Euclidean)
[2025-03-11 13:25:06,124] [INFO] [30086] Received PREPARE: id:1741667081917, from:30195, delay:0.0001s, distance:189.46m (Euclidean)
[2025-03-11 13:25:06,302] [INFO] [30086] Received PREPARE: id:1741667081917, from:30118, delay:0.0002s, distance:287.94m (Euclidean)
[2025-03-11 13:25:06,302] [INFO] [30086] Received COMMIT: id:1741667081917, from:30118, delay:0.0002s, distance:287.94m (Euclidean)
[2025-03-11 13:25:06,346] [INFO] [30086] Received PREPARE: id:1741667081917, from:30134, delay:0.0001s, distance:153.93m (Euclidean)
[2025-03-11 13:25:07,219] [INFO] [30086] Received COMMIT: id:1741667081917, from:30147, delay:0.0001s, distance:155.06m (Euclidean)
[2025-03-11 13:25:07,252] [INFO] [30086] Received PREPARE: id:1741667081917, from:30170, delay:0.0001s, distance:213.59m (Euclidean)
[2025-03-11 13:25:07,252] [INFO] [30086] Received COMMIT: id:1741667081917, from:30170, delay:0.0001s, distance:213.59m (Euclidean)
[2025-03-11 13:25:07,623] [INFO] [30086] Received PREPARE: id:1741667081917, from:30153, delay:0.0000s, distance:92.12m (Euclidean)
[2025-03-11 13:25:07,625] [INFO] [30086] Received COMMIT: id:1741667081917, from:30153, delay:0.0000s, distance:92.12m (Euclidean)
[2025-03-11 13:25:07,816] [INFO] [30086] Received PREPARE: id:1741667081917, from:30135, delay:0.0002s, distance:286.92m (Euclidean)
[2025-03-11 13:25:07,817] [INFO] [30086] Received COMMIT: id:1741667081917, from:30135, delay:0.0002s, distance:286.92m (Euclidean)
[2025-03-11 13:25:07,854] [INFO] [30086] Received PREPARE: id:1741667081917, from:30071, delay:0.0001s, distance:246.47m (Euclidean)
[2025-03-11 13:25:07,854] [INFO] [30086] Received COMMIT: id:1741667081917, from:30071, delay:0.0001s, distance:246.47m (Euclidean)
[2025-03-11 13:25:07,860] [INFO] [30086] Received PREPARE: id:1741667081917, from:30136, delay:0.0000s, distance:93.06m (Euclidean)
[2025-03-11 13:25:07,864] [INFO] [30086] Received COMMIT: id:1741667081917, from:30136, delay:0.0000s, distance:93.06m (Euclidean)
[2025-03-11 13:25:08,051] [INFO] [30086] Received PREPARE: id:1741667081917, from:30162, delay:0.0001s, distance:199.49m (Euclidean)
[2025-03-11 13:25:08,051] [INFO] [30086] Received COMMIT: id:1741667081917, from:30162, delay:0.0001s, distance:199.49m (Euclidean)
[2025-03-11 13:25:08,295] [INFO] [30086] Received COMMIT: id:1741667081917, from:30155, delay:0.0000s, distance:25.76m (Euclidean)
[2025-03-11 13:25:08,305] [INFO] [30086] Received COMMIT: id:1741667081917, from:30195, delay:0.0001s, distance:189.46m (Euclidean)
[2025-03-11 13:25:08,654] [INFO] [30086] Received COMMIT: id:1741667081917, from:30134, delay:0.0001s, distance:153.93m (Euclidean)
[2025-03-11 13:25:08,795] [INFO] [30086] Received PREPARE: id:1741667081917, from:30149, delay:0.0001s, distance:214.44m (Euclidean)
[2025-03-11 13:25:09,186] [INFO] [30086] Received COMMIT: id:1741667081917, from:30149, delay:0.0001s, distance:214.44m (Euclidean)
[2025-03-11 13:27:10,390] [INFO] Starting node at localhost:30086 | index= 87 | f=1, k=4 | Role: Replica
[2025-03-11 13:27:34,152] [INFO] [30086] Received PRE-PREPARE: id:1741667253959, from:Leader(30000), delay:0.0000s, distance:171.14m (Euclidean)
[2025-03-11 13:27:34,152] [INFO] [30086] Broadcasting PREPARE for REQUEST 1741667253959
[2025-03-11 13:27:34,162] [INFO] [30086] Not broadcasting to fault node: 30077
[2025-03-11 13:27:34,174] [INFO] [30086] Not broadcasting to fault node: 30184
[2025-03-11 13:27:35,023] [INFO] [30086] Received PREPARE: id:1741667253959, from:30073, delay:0.0000s, distance:299.59m (Euclidean)
[2025-03-11 13:27:35,031] [INFO] [30086] Received PREPARE: id:1741667253959, from:30010, delay:0.0000s, distance:299.36m (Euclidean)
[2025-03-11 13:27:35,031] [INFO] [30086] Broadcasting COMMIT for REQUEST 1741667253959
[2025-03-11 13:27:35,068] [INFO] [30086] Not broadcasting to fault node: 30077
[2025-03-11 13:27:35,090] [INFO] [30086] Not broadcasting to fault node: 30184
[2025-03-11 13:27:35,094] [INFO] [30086] Received PREPARE: id:1741667253959, from:30019, delay:0.0000s, distance:49.28m (Euclidean)
[2025-03-11 13:27:35,094] [INFO] [30086] Received PREPARE: id:1741667253959, from:30013, delay:0.0000s, distance:299.60m (Euclidean)
[2025-03-11 13:27:35,371] [INFO] [30086] Received PREPARE: id:1741667253959, from:30080, delay:0.0001s, distance:187.92m (Euclidean)
[2025-03-11 13:27:35,530] [INFO] [30086] Received PREPARE: id:1741667253959, from:30161, delay:0.0000s, distance:192.42m (Euclidean)
[2025-03-11 13:27:35,531] [INFO] [30086] Received PREPARE: id:1741667253959, from:30024, delay:0.0001s, distance:194.52m (Euclidean)
[2025-03-11 13:27:35,531] [INFO] [30086] Received PREPARE: id:1741667253959, from:30154, delay:0.0000s, distance:165.75m (Euclidean)
[2025-03-11 13:27:35,532] [INFO] [30086] Received PREPARE: id:1741667253959, from:30003, delay:0.0000s, distance:66.07m (Euclidean)
[2025-03-11 13:27:35,556] [INFO] [30086] Received COMMIT: id:1741667253959, from:30010, delay:0.0000s, distance:299.36m (Euclidean)
[2025-03-11 13:27:35,666] [INFO] [30086] Received PREPARE: id:1741667253959, from:30157, delay:0.0002s, distance:250.30m (Euclidean)
[2025-03-11 13:27:35,713] [INFO] [30086] Received COMMIT: id:1741667253959, from:30157, delay:0.0002s, distance:250.30m (Euclidean)
[2025-03-11 13:27:35,713] [INFO] [LEADER 30086] Sending REPLY for REQUEST 1741667253959 to CLIENT
[2025-03-11 13:27:35,772] [INFO] [30086] Received PREPARE: id:1741667253959, from:30026, delay:0.0001s, distance:219.82m (Euclidean)
[2025-03-11 13:27:35,772] [INFO] [30086] Received PREPARE: id:1741667253959, from:30092, delay:0.0001s, distance:246.32m (Euclidean)
[2025-03-11 13:27:35,851] [INFO] [30086] Received PREPARE: id:1741667253959, from:30020, delay:0.0000s, distance:127.40m (Euclidean)
[2025-03-11 13:27:35,851] [INFO] [30086] Received COMMIT: id:1741667253959, from:30003, delay:0.0000s, distance:66.07m (Euclidean)
[2025-03-11 13:27:35,964] [INFO] [30086] Received COMMIT: id:1741667253959, from:30013, delay:0.0000s, distance:299.60m (Euclidean)
[2025-03-11 13:27:35,964] [INFO] [30086] Received PREPARE: id:1741667253959, from:30068, delay:0.0000s, distance:92.01m (Euclidean)
[2025-03-11 13:27:36,015] [INFO] [30086] Received COMMIT: id:1741667253959, from:30080, delay:0.0001s, distance:187.92m (Euclidean)
[2025-03-11 13:27:36,015] [INFO] [30086] Received PREPARE: id:1741667253959, from:30065, delay:0.0001s, distance:188.17m (Euclidean)
[2025-03-11 13:27:36,015] [INFO] [30086] Received PREPARE: id:1741667253959, from:30033, delay:0.0001s, distance:186.60m (Euclidean)
[2025-03-11 13:27:36,029] [INFO] [30086] Received COMMIT: id:1741667253959, from:30020, delay:0.0000s, distance:127.40m (Euclidean)
[2025-03-11 13:27:36,037] [INFO] [30086] Received COMMIT: id:1741667253959, from:30083, delay:0.0002s, distance:273.97m (Euclidean)
[2025-03-11 13:27:36,037] [INFO] [30086] Received PREPARE: id:1741667253959, from:30005, delay:0.0000s, distance:137.74m (Euclidean)
[2025-03-11 13:27:36,037] [INFO] [30086] Received COMMIT: id:1741667253959, from:30092, delay:0.0001s, distance:246.32m (Euclidean)
[2025-03-11 13:27:36,092] [INFO] [30086] Received PREPARE: id:1741667253959, from:30022, delay:0.0001s, distance:168.79m (Euclidean)
[2025-03-11 13:27:36,092] [INFO] [30086] Received PREPARE: id:1741667253959, from:30017, delay:0.0001s, distance:166.32m (Euclidean)
[2025-03-11 13:27:36,092] [INFO] [30086] Received PREPARE: id:1741667253959, from:30083, delay:0.0002s, distance:273.97m (Euclidean)
[2025-03-11 13:27:36,092] [INFO] [30086] Received PREPARE: id:1741667253959, from:30078, delay:0.0002s, distance:260.29m (Euclidean)
[2025-03-11 13:27:36,150] [INFO] [30086] Received COMMIT: id:1741667253959, from:30017, delay:0.0001s, distance:166.32m (Euclidean)
[2025-03-11 13:27:36,172] [INFO] [30086] Received COMMIT: id:1741667253959, from:30161, delay:0.0000s, distance:192.42m (Euclidean)
[2025-03-11 13:27:36,181] [INFO] [30086] Received PREPARE: id:1741667253959, from:30090, delay:0.0000s, distance:146.61m (Euclidean)
[2025-03-11 13:27:36,219] [INFO] [30086] Received PREPARE: id:1741667253959, from:30028, delay:0.0001s, distance:195.42m (Euclidean)
[2025-03-11 13:27:36,219] [INFO] [30086] Received PREPARE: id:1741667253959, from:30064, delay:0.0001s, distance:214.70m (Euclidean)
[2025-03-11 13:27:36,262] [INFO] [30086] Received COMMIT: id:1741667253959, from:30022, delay:0.0001s, distance:168.79m (Euclidean)
[2025-03-11 13:27:36,305] [INFO] [30086] Received COMMIT: id:1741667253959, from:30028, delay:0.0001s, distance:195.42m (Euclidean)
[2025-03-11 13:27:36,359] [INFO] [30086] Received PREPARE: id:1741667253959, from:30056, delay:0.0001s, distance:197.87m (Euclidean)
[2025-03-11 13:27:36,359] [INFO] [30086] Received PREPARE: id:1741667253959, from:30050, delay:0.0002s, distance:295.93m (Euclidean)
[2025-03-11 13:27:36,359] [INFO] [30086] Received PREPARE: id:1741667253959, from:30037, delay:0.0001s, distance:222.52m (Euclidean)
[2025-03-11 13:27:36,377] [INFO] [30086] Received PREPARE: id:1741667253959, from:30076, delay:0.0001s, distance:207.08m (Euclidean)
[2025-03-11 13:27:36,391] [INFO] [30086] Received COMMIT: id:1741667253959, from:30076, delay:0.0001s, distance:207.08m (Euclidean)
[2025-03-11 13:27:36,412] [INFO] [30086] Received PREPARE: id:1741667253959, from:30074, delay:0.0001s, distance:186.16m (Euclidean)
[2025-03-11 13:27:36,494] [INFO] [30086] Received PREPARE: id:1741667253959, from:30062, delay:0.0000s, distance:109.19m (Euclidean)
[2025-03-11 13:27:36,539] [INFO] [30086] Received COMMIT: id:1741667253959, from:30056, delay:0.0001s, distance:197.87m (Euclidean)
[2025-03-11 13:27:36,539] [INFO] [30086] Received COMMIT: id:1741667253959, from:30019, delay:0.0000s, distance:49.28m (Euclidean)
[2025-03-11 13:27:36,579] [INFO] [30086] Received COMMIT: id:1741667253959, from:30026, delay:0.0001s, distance:219.82m (Euclidean)
[2025-03-11 13:27:36,638] [INFO] [30086] Received PREPARE: id:1741667253959, from:30046, delay:0.0001s, distance:235.69m (Euclidean)
[2025-03-11 13:27:36,638] [INFO] [30086] Received COMMIT: id:1741667253959, from:30046, delay:0.0001s, distance:235.69m (Euclidean)
[2025-03-11 13:27:36,650] [INFO] [30086] Received COMMIT: id:1741667253959, from:30024, delay:0.0001s, distance:194.52m (Euclidean)
[2025-03-11 13:27:36,681] [INFO] [30086] Received COMMIT: id:1741667253959, from:30065, delay:0.0001s, distance:188.17m (Euclidean)
[2025-03-11 13:27:36,735] [INFO] [30086] Received PREPARE: id:1741667253959, from:30053, delay:0.0001s, distance:233.50m (Euclidean)
[2025-03-11 13:27:36,743] [INFO] [30086] Received COMMIT: id:1741667253959, from:30053, delay:0.0001s, distance:233.50m (Euclidean)
[2025-03-11 13:27:36,780] [INFO] [30086] Received PREPARE: id:1741667253959, from:30041, delay:0.0001s, distance:203.41m (Euclidean)
[2025-03-11 13:27:36,800] [INFO] [30086] Received COMMIT: id:1741667253959, from:30005, delay:0.0000s, distance:137.74m (Euclidean)
[2025-03-11 13:27:36,800] [INFO] [30086] Received COMMIT: id:1741667253959, from:30090, delay:0.0000s, distance:146.61m (Euclidean)
[2025-03-11 13:27:36,874] [INFO] [30086] Received PREPARE: id:1741667253959, from:30007, delay:0.0000s, distance:192.54m (Euclidean)
[2025-03-11 13:27:36,919] [INFO] [30086] Received PREPARE: id:1741667253959, from:30059, delay:0.0002s, distance:266.14m (Euclidean)
[2025-03-11 13:27:36,919] [INFO] [30086] Received COMMIT: id:1741667253959, from:30059, delay:0.0002s, distance:266.14m (Euclidean)
[2025-03-11 13:27:37,032] [INFO] [30086] Received COMMIT: id:1741667253959, from:30068, delay:0.0000s, distance:92.01m (Euclidean)
[2025-03-11 13:27:37,130] [INFO] [30086] Received COMMIT: id:1741667253959, from:30062, delay:0.0000s, distance:109.19m (Euclidean)
[2025-03-11 13:27:37,134] [INFO] [30086] Received COMMIT: id:1741667253959, from:30007, delay:0.0000s, distance:192.54m (Euclidean)
[2025-03-11 13:27:37,160] [INFO] [30086] Received COMMIT: id:1741667253959, from:30041, delay:0.0001s, distance:203.41m (Euclidean)
[2025-03-11 13:27:37,165] [INFO] [30086] Received PREPARE: id:1741667253959, from:30043, delay:0.0000s, distance:196.10m (Euclidean)
[2025-03-11 13:27:37,165] [INFO] [30086] Received COMMIT: id:1741667253959, from:30037, delay:0.0001s, distance:222.52m (Euclidean)
[2025-03-11 13:27:37,314] [INFO] [30086] Received COMMIT: id:1741667253959, from:30050, delay:0.0002s, distance:295.93m (Euclidean)
[2025-03-11 13:27:37,323] [INFO] [30086] Received PREPARE: id:1741667253959, from:30011, delay:0.0001s, distance:204.30m (Euclidean)
[2025-03-11 13:27:37,418] [INFO] [30086] Received PREPARE: id:1741667253959, from:30055, delay:0.0002s, distance:265.60m (Euclidean)
[2025-03-11 13:27:37,434] [INFO] [30086] Received COMMIT: id:1741667253959, from:30055, delay:0.0002s, distance:265.60m (Euclidean)
[2025-03-11 13:27:37,450] [INFO] [30086] Received COMMIT: id:1741667253959, from:30011, delay:0.0001s, distance:204.30m (Euclidean)
[2025-03-11 13:27:37,533] [INFO] [30086] Received COMMIT: id:1741667253959, from:30074, delay:0.0001s, distance:186.16m (Euclidean)
[2025-03-11 13:27:37,719] [INFO] [30086] Received PREPARE: id:1741667253959, from:30048, delay:0.0000s, distance:127.71m (Euclidean)
[2025-03-11 13:27:37,719] [INFO] [30086] Received COMMIT: id:1741667253959, from:30048, delay:0.0000s, distance:127.71m (Euclidean)
[2025-03-11 13:27:37,884] [INFO] [30086] Received PREPARE: id:1741667253959, from:30030, delay:0.0001s, distance:245.87m (Euclidean)
[2025-03-11 13:27:37,884] [INFO] [30086] Received PREPARE: id:1741667253959, from:30091, delay:0.0001s, distance:227.53m (Euclidean)
[2025-03-11 13:27:37,894] [INFO] [30086] Received COMMIT: id:1741667253959, from:30030, delay:0.0001s, distance:245.87m (Euclidean)
[2025-03-11 13:27:37,894] [INFO] [30086] Received COMMIT: id:1741667253959, from:30091, delay:0.0001s, distance:227.53m (Euclidean)
[2025-03-11 13:27:37,950] [INFO] [30086] Received PREPARE: id:1741667253959, from:30002, delay:0.0001s, distance:233.64m (Euclidean)
[2025-03-11 13:27:38,100] [INFO] [30086] Received PREPARE: id:1741667253959, from:30190, delay:0.0001s, distance:228.95m (Euclidean)
[2025-03-11 13:27:38,100] [INFO] [30086] Received COMMIT: id:1741667253959, from:30064, delay:0.0001s, distance:214.70m (Euclidean)
[2025-03-11 13:27:38,100] [INFO] [30086] Received COMMIT: id:1741667253959, from:30190, delay:0.0001s, distance:228.95m (Euclidean)
[2025-03-11 13:27:38,210] [INFO] [30086] Received PREPARE: id:1741667253959, from:30051, delay:0.0002s, distance:282.55m (Euclidean)
[2025-03-11 13:27:38,210] [INFO] [30086] Received COMMIT: id:1741667253959, from:30051, delay:0.0002s, distance:282.55m (Euclidean)
[2025-03-11 13:27:38,235] [INFO] [30086] Received COMMIT: id:1741667253959, from:30002, delay:0.0001s, distance:233.64m (Euclidean)
[2025-03-11 13:27:38,257] [INFO] [30086] Received PREPARE: id:1741667253959, from:30069, delay:0.0002s, distance:271.89m (Euclidean)
[2025-03-11 13:27:38,273] [INFO] [30086] Received COMMIT: id:1741667253959, from:30069, delay:0.0002s, distance:271.89m (Euclidean)
[2025-03-11 13:27:38,289] [INFO] [30086] Received PREPARE: id:1741667253959, from:30081, delay:0.0001s, distance:222.79m (Euclidean)
[2025-03-11 13:27:38,365] [INFO] [30086] Received COMMIT: id:1741667253959, from:30033, delay:0.0001s, distance:186.60m (Euclidean)
[2025-03-11 13:27:38,699] [INFO] [30086] Received COMMIT: id:1741667253959, from:30078, delay:0.0002s, distance:260.29m (Euclidean)
[2025-03-11 13:27:38,721] [INFO] [30086] Received PREPARE: id:1741667253959, from:30045, delay:0.0002s, distance:288.56m (Euclidean)
[2025-03-11 13:27:38,721] [INFO] [30086] Received PREPARE: id:1741667253959, from:30023, delay:0.0002s, distance:281.97m (Euclidean)
[2025-03-11 13:27:38,721] [INFO] [30086] Received COMMIT: id:1741667253959, from:30045, delay:0.0002s, distance:288.56m (Euclidean)
[2025-03-11 13:27:38,721] [INFO] [30086] Received COMMIT: id:1741667253959, from:30023, delay:0.0002s, distance:281.97m (Euclidean)
[2025-03-11 13:27:38,721] [INFO] [30086] Received PREPARE: id:1741667253959, from:30008, delay:0.0001s, distance:269.49m (Euclidean)
[2025-03-11 13:27:38,721] [INFO] [30086] Received COMMIT: id:1741667253959, from:30008, delay:0.0001s, distance:269.49m (Euclidean)
[2025-03-11 13:27:38,721] [INFO] [30086] Received PREPARE: id:1741667253959, from:30089, delay:0.0002s, distance:298.71m (Euclidean)
[2025-03-11 13:27:39,187] [INFO] [30086] Received PREPARE: id:1741667253959, from:30029, delay:0.0002s, distance:266.10m (Euclidean)
[2025-03-11 13:27:39,187] [INFO] [30086] Received COMMIT: id:1741667253959, from:30029, delay:0.0002s, distance:266.10m (Euclidean)
[2025-03-11 13:27:39,327] [INFO] [30086] Received COMMIT: id:1741667253959, from:30043, delay:0.0000s, distance:196.10m (Euclidean)
[2025-03-11 13:27:39,355] [INFO] [30086] Received PREPARE: id:1741667253959, from:30040, delay:0.0001s, distance:233.90m (Euclidean)
[2025-03-11 13:27:39,355] [INFO] [30086] Received COMMIT: id:1741667253959, from:30040, delay:0.0001s, distance:233.90m (Euclidean)
[2025-03-11 13:27:39,495] [INFO] [30086] Received COMMIT: id:1741667253959, from:30081, delay:0.0001s, distance:222.79m (Euclidean)
[2025-03-11 13:27:39,862] [INFO] [30086] Received PREPARE: id:1741667253959, from:30071, delay:0.0001s, distance:246.47m (Euclidean)
[2025-03-11 13:27:39,862] [INFO] [30086] Received COMMIT: id:1741667253959, from:30071, delay:0.0001s, distance:246.47m (Euclidean)
[2025-03-11 13:27:39,882] [INFO] [30086] Received PREPARE: id:1741667253959, from:30088, delay:0.0002s, distance:287.39m (Euclidean)
[2025-03-11 13:27:39,882] [INFO] [30086] Received COMMIT: id:1741667253959, from:30088, delay:0.0002s, distance:287.39m (Euclidean)
[2025-03-11 13:27:40,041] [INFO] [30086] Received PREPARE: id:1741667253959, from:30032, delay:0.0002s, distance:268.08m (Euclidean)
[2025-03-11 13:27:40,041] [INFO] [30086] Received COMMIT: id:1741667253959, from:30032, delay:0.0002s, distance:268.08m (Euclidean)
[2025-03-11 13:27:40,371] [INFO] [30086] Received COMMIT: id:1741667253959, from:30089, delay:0.0002s, distance:298.71m (Euclidean)
[2025-03-11 13:27:40,436] [INFO] [30086] Received PREPARE: id:1741667253959, from:30049, delay:0.0001s, distance:219.13m (Euclidean)
[2025-03-11 13:27:40,436] [INFO] [30086] Received COMMIT: id:1741667253959, from:30049, delay:0.0001s, distance:219.13m (Euclidean)
[2025-03-11 13:27:40,838] [INFO] [30086] Received PREPARE: id:1741667253959, from:30027, delay:0.0002s, distance:275.03m (Euclidean)
[2025-03-11 13:27:40,838] [INFO] [30086] Received COMMIT: id:1741667253959, from:30027, delay:0.0002s, distance:275.03m (Euclidean)
[2025-03-11 13:27:40,945] [INFO] [30086] Received COMMIT: id:1741667253959, from:30073, delay:0.0000s, distance:299.59m (Euclidean)
[2025-03-11 13:27:41,203] [INFO] [30086] Received COMMIT: id:1741667253959, from:30154, delay:0.0000s, distance:165.75m (Euclidean)
[2025-03-11 13:27:41,260] [INFO] [30086] Received PREPARE: id:1741667253959, from:30085, delay:0.0001s, distance:256.31m (Euclidean)
[2025-03-11 13:27:41,260] [INFO] [30086] Received COMMIT: id:1741667253959, from:30085, delay:0.0001s, distance:256.31m (Euclidean)
[2025-03-11 13:27:41,350] [INFO] [30086] Received PREPARE: id:1741667253959, from:30075, delay:0.0002s, distance:290.87m (Euclidean)
[2025-03-11 13:27:41,350] [INFO] [30086] Received COMMIT: id:1741667253959, from:30075, delay:0.0002s, distance:290.87m (Euclidean)
[2025-03-11 13:27:41,585] [INFO] [30086] Received PREPARE: id:1741667253959, from:30063, delay:0.0001s, distance:229.53m (Euclidean)
[2025-03-11 13:27:41,587] [INFO] [30086] Received COMMIT: id:1741667253959, from:30063, delay:0.0001s, distance:229.53m (Euclidean)
[2025-03-11 13:27:41,871] [INFO] [30086] Received PREPARE: id:1741667253959, from:30070, delay:0.0001s, distance:223.60m (Euclidean)
[2025-03-11 13:27:41,871] [INFO] [30086] Received COMMIT: id:1741667253959, from:30070, delay:0.0001s, distance:223.60m (Euclidean)
[2025-03-11 13:27:41,996] [INFO] [30086] Received PREPARE: id:1741667253959, from:30095, delay:0.0002s, distance:266.72m (Euclidean)
[2025-03-11 13:27:41,998] [INFO] [30086] Received COMMIT: id:1741667253959, from:30095, delay:0.0002s, distance:266.72m (Euclidean)
[2025-03-11 13:27:42,502] [INFO] [30086] Received PREPARE: id:1741667253959, from:30067, delay:0.0002s, distance:286.13m (Euclidean)
[2025-03-11 13:27:42,502] [INFO] [30086] Received COMMIT: id:1741667253959, from:30067, delay:0.0002s, distance:286.13m (Euclidean)
[2025-03-11 13:27:42,816] [INFO] [30086] Received PREPARE: id:1741667253959, from:30113, delay:0.0000s, distance:173.62m (Euclidean)
[2025-03-11 13:27:42,816] [INFO] [30086] Received COMMIT: id:1741667253959, from:30113, delay:0.0000s, distance:173.62m (Euclidean)
[2025-03-11 13:27:43,219] [INFO] [30086] Received PREPARE: id:1741667253959, from:30119, delay:0.0000s, distance:138.31m (Euclidean)
[2025-03-11 13:27:43,251] [INFO] [30086] Received PREPARE: id:1741667253959, from:30035, delay:0.0001s, distance:153.13m (Euclidean)
[2025-03-11 13:27:43,252] [INFO] [30086] Received COMMIT: id:1741667253959, from:30035, delay:0.0001s, distance:153.13m (Euclidean)
[2025-03-11 13:27:43,304] [INFO] [30086] Received PREPARE: id:1741667253959, from:30025, delay:0.0002s, distance:266.08m (Euclidean)
[2025-03-11 13:27:43,304] [INFO] [30086] Received COMMIT: id:1741667253959, from:30025, delay:0.0002s, distance:266.08m (Euclidean)
[2025-03-11 13:27:43,519] [INFO] [30086] Received COMMIT: id:1741667253959, from:30119, delay:0.0000s, distance:138.31m (Euclidean)
[2025-03-11 13:27:43,557] [INFO] [30086] Received PREPARE: id:1741667253959, from:30136, delay:0.0000s, distance:93.06m (Euclidean)
[2025-03-11 13:27:44,401] [INFO] [30086] Received PREPARE: id:1741667253959, from:30015, delay:0.0000s, distance:179.26m (Euclidean)
[2025-03-11 13:27:44,401] [INFO] [30086] Received COMMIT: id:1741667253959, from:30015, delay:0.0000s, distance:179.26m (Euclidean)
[2025-03-11 13:27:44,480] [INFO] [30086] Received PREPARE: id:1741667253959, from:30021, delay:0.0000s, distance:169.79m (Euclidean)
[2025-03-11 13:27:44,480] [INFO] [30086] Received COMMIT: id:1741667253959, from:30021, delay:0.0000s, distance:169.79m (Euclidean)
[2025-03-11 13:27:44,487] [INFO] [30086] Received PREPARE: id:1741667253959, from:30066, delay:0.0001s, distance:233.27m (Euclidean)
[2025-03-11 13:27:44,487] [INFO] [30086] Received COMMIT: id:1741667253959, from:30066, delay:0.0001s, distance:233.27m (Euclidean)
[2025-03-11 13:27:44,549] [INFO] [30086] Received PREPARE: id:1741667253959, from:30018, delay:0.0001s, distance:267.44m (Euclidean)
[2025-03-11 13:27:44,549] [INFO] [30086] Received COMMIT: id:1741667253959, from:30018, delay:0.0001s, distance:267.44m (Euclidean)
[2025-03-11 13:27:44,555] [INFO] [30086] Received PREPARE: id:1741667253959, from:30084, delay:0.0002s, distance:258.37m (Euclidean)
[2025-03-11 13:27:44,555] [INFO] [30086] Received COMMIT: id:1741667253959, from:30084, delay:0.0002s, distance:258.37m (Euclidean)
[2025-03-11 13:27:44,787] [INFO] [30086] Received PREPARE: id:1741667253959, from:30042, delay:0.0001s, distance:294.16m (Euclidean)
[2025-03-11 13:27:44,787] [INFO] [30086] Received COMMIT: id:1741667253959, from:30042, delay:0.0001s, distance:294.16m (Euclidean)
[2025-03-11 13:27:44,839] [INFO] [30086] Received PREPARE: id:1741667253959, from:30094, delay:0.0002s, distance:298.52m (Euclidean)
[2025-03-11 13:27:44,839] [INFO] [30086] Received COMMIT: id:1741667253959, from:30094, delay:0.0002s, distance:298.52m (Euclidean)
[2025-03-11 13:27:44,866] [INFO] [30086] Received PREPARE: id:1741667253959, from:30158, delay:0.0001s, distance:153.49m (Euclidean)
[2025-03-11 13:27:45,024] [INFO] [30086] Received PREPARE: id:1741667253959, from:30155, delay:0.0000s, distance:25.76m (Euclidean)
[2025-03-11 13:27:45,135] [INFO] [30086] Received PREPARE: id:1741667253959, from:30004, delay:0.0001s, distance:240.89m (Euclidean)
[2025-03-11 13:27:45,135] [INFO] [30086] Received COMMIT: id:1741667253959, from:30004, delay:0.0001s, distance:240.89m (Euclidean)
[2025-03-11 13:27:45,141] [INFO] [30086] Received PREPARE: id:1741667253959, from:30199, delay:0.0001s, distance:248.27m (Euclidean)
[2025-03-11 13:27:45,141] [INFO] [30086] Received COMMIT: id:1741667253959, from:30199, delay:0.0001s, distance:248.27m (Euclidean)
[2025-03-11 13:27:45,216] [INFO] [30086] Received PREPARE: id:1741667253959, from:30093, delay:0.0002s, distance:263.82m (Euclidean)
[2025-03-11 13:27:45,216] [INFO] [30086] Received COMMIT: id:1741667253959, from:30093, delay:0.0002s, distance:263.82m (Euclidean)
[2025-03-11 13:27:45,420] [INFO] [30086] Received PREPARE: id:1741667253959, from:30034, delay:0.0001s, distance:233.48m (Euclidean)
[2025-03-11 13:27:45,420] [INFO] [30086] Received COMMIT: id:1741667253959, from:30034, delay:0.0001s, distance:233.48m (Euclidean)
[2025-03-11 13:27:45,420] [INFO] [30086] Received PREPARE: id:1741667253959, from:30193, delay:0.0000s, distance:249.58m (Euclidean)
[2025-03-11 13:27:45,475] [INFO] [30086] Received PREPARE: id:1741667253959, from:30054, delay:0.0002s, distance:257.93m (Euclidean)
[2025-03-11 13:27:45,480] [INFO] [30086] Received COMMIT: id:1741667253959, from:30054, delay:0.0002s, distance:257.93m (Euclidean)
[2025-03-11 13:27:45,485] [INFO] [30086] Received PREPARE: id:1741667253959, from:30195, delay:0.0001s, distance:189.46m (Euclidean)
[2025-03-11 13:27:45,485] [INFO] [30086] Received COMMIT: id:1741667253959, from:30195, delay:0.0001s, distance:189.46m (Euclidean)
[2025-03-11 13:27:45,561] [INFO] [30086] Received COMMIT: id:1741667253959, from:30136, delay:0.0000s, distance:93.06m (Euclidean)
[2025-03-11 13:27:45,608] [INFO] [30086] Received PREPARE: id:1741667253959, from:30141, delay:0.0001s, distance:177.80m (Euclidean)
[2025-03-11 13:27:45,656] [INFO] [30086] Received PREPARE: id:1741667253959, from:30107, delay:0.0000s, distance:57.10m (Euclidean)
[2025-03-11 13:27:45,656] [INFO] [30086] Received COMMIT: id:1741667253959, from:30107, delay:0.0000s, distance:57.10m (Euclidean)
[2025-03-11 13:27:45,724] [INFO] [30086] Received PREPARE: id:1741667253959, from:30197, delay:0.0000s, distance:68.14m (Euclidean)
[2025-03-11 13:27:45,742] [INFO] [30086] Received PREPARE: id:1741667253959, from:30153, delay:0.0000s, distance:92.12m (Euclidean)
[2025-03-11 13:27:45,856] [INFO] [30086] Received PREPARE: id:1741667253959, from:30103, delay:0.0000s, distance:139.40m (Euclidean)
[2025-03-11 13:27:45,904] [INFO] [30086] Received PREPARE: id:1741667253959, from:30152, delay:0.0001s, distance:207.12m (Euclidean)
[2025-03-11 13:27:45,944] [INFO] [30086] Received PREPARE: id:1741667253959, from:30147, delay:0.0001s, distance:155.06m (Euclidean)
[2025-03-11 13:27:46,034] [INFO] [30086] Received COMMIT: id:1741667253959, from:30000, delay:0.0000s, distance:171.14m (Euclidean)
[2025-03-11 13:27:46,034] [INFO] [30086] Received COMMIT: id:1741667253959, from:30147, delay:0.0001s, distance:155.06m (Euclidean)
[2025-03-11 13:27:46,066] [INFO] [30086] Received COMMIT: id:1741667253959, from:30152, delay:0.0001s, distance:207.12m (Euclidean)
[2025-03-11 13:27:46,150] [INFO] [30086] Received PREPARE: id:1741667253959, from:30183, delay:0.0001s, distance:212.20m (Euclidean)
[2025-03-11 13:27:46,150] [INFO] [30086] Received COMMIT: id:1741667253959, from:30183, delay:0.0001s, distance:212.20m (Euclidean)
[2025-03-11 13:27:46,212] [INFO] [30086] Received COMMIT: id:1741667253959, from:30141, delay:0.0001s, distance:177.80m (Euclidean)
[2025-03-11 13:27:46,334] [INFO] [30086] Received PREPARE: id:1741667253959, from:30176, delay:0.0001s, distance:220.95m (Euclidean)
[2025-03-11 13:27:46,334] [INFO] [30086] Received COMMIT: id:1741667253959, from:30176, delay:0.0001s, distance:220.95m (Euclidean)
[2025-03-11 13:27:46,384] [INFO] [30086] Received PREPARE: id:1741667253959, from:30168, delay:0.0002s, distance:273.81m (Euclidean)
[2025-03-11 13:27:46,384] [INFO] [30086] Received COMMIT: id:1741667253959, from:30168, delay:0.0002s, distance:273.81m (Euclidean)
[2025-03-11 13:27:46,384] [INFO] [30086] Received PREPARE: id:1741667253959, from:30174, delay:0.0001s, distance:198.00m (Euclidean)
[2025-03-11 13:27:46,537] [INFO] [30086] Received COMMIT: id:1741667253959, from:30158, delay:0.0001s, distance:153.49m (Euclidean)
[2025-03-11 13:27:46,722] [INFO] [30086] Received COMMIT: id:1741667253959, from:30153, delay:0.0000s, distance:92.12m (Euclidean)
[2025-03-11 13:27:46,776] [INFO] [30086] Received PREPARE: id:1741667253959, from:30124, delay:0.0000s, distance:200.73m (Euclidean)
[2025-03-11 13:27:46,934] [INFO] [30086] Received PREPARE: id:1741667253959, from:30180, delay:0.0000s, distance:60.80m (Euclidean)
[2025-03-11 13:27:46,934] [INFO] [30086] Received COMMIT: id:1741667253959, from:30180, delay:0.0000s, distance:60.80m (Euclidean)
[2025-03-11 13:27:47,186] [INFO] [30086] Received PREPARE: id:1741667253959, from:30170, delay:0.0001s, distance:213.59m (Euclidean)
[2025-03-11 13:27:47,218] [INFO] [30086] Received COMMIT: id:1741667253959, from:30155, delay:0.0000s, distance:25.76m (Euclidean)
[2025-03-11 13:27:47,341] [INFO] [30086] Received PREPARE: id:1741667253959, from:30196, delay:0.0002s, distance:259.27m (Euclidean)
[2025-03-11 13:27:47,532] [INFO] [30086] Received PREPARE: id:1741667253959, from:30134, delay:0.0001s, distance:153.93m (Euclidean)
[2025-03-11 13:27:47,532] [INFO] [30086] Received COMMIT: id:1741667253959, from:30134, delay:0.0001s, distance:153.93m (Euclidean)
[2025-03-11 13:27:47,548] [INFO] [30086] Received PREPARE: id:1741667253959, from:30166, delay:0.0002s, distance:297.42m (Euclidean)
[2025-03-11 13:27:47,548] [INFO] [30086] Received COMMIT: id:1741667253959, from:30166, delay:0.0002s, distance:297.42m (Euclidean)
[2025-03-11 13:27:47,633] [INFO] [30086] Received PREPARE: id:1741667253959, from:30135, delay:0.0002s, distance:286.92m (Euclidean)
[2025-03-11 13:27:47,633] [INFO] [30086] Received COMMIT: id:1741667253959, from:30135, delay:0.0002s, distance:286.92m (Euclidean)
[2025-03-11 13:27:47,731] [INFO] [30086] Received COMMIT: id:1741667253959, from:30103, delay:0.0000s, distance:139.40m (Euclidean)
[2025-03-11 13:27:47,800] [INFO] [30086] Received COMMIT: id:1741667253959, from:30174, delay:0.0001s, distance:198.00m (Euclidean)
[2025-03-11 13:27:47,875] [INFO] [30086] Received PREPARE: id:1741667253959, from:30121, delay:0.0002s, distance:285.09m (Euclidean)
[2025-03-11 13:27:47,898] [INFO] [30086] Received COMMIT: id:1741667253959, from:30121, delay:0.0002s, distance:285.09m (Euclidean)
[2025-03-11 13:27:48,132] [INFO] [30086] Received PREPARE: id:1741667253959, from:30164, delay:0.0001s, distance:247.07m (Euclidean)
[2025-03-11 13:27:48,132] [INFO] [30086] Received COMMIT: id:1741667253959, from:30181, delay:0.0002s, distance:269.15m (Euclidean)
[2025-03-11 13:27:48,132] [INFO] [30086] Received COMMIT: id:1741667253959, from:30164, delay:0.0001s, distance:247.07m (Euclidean)
[2025-03-11 13:27:48,132] [INFO] [30086] Received PREPARE: id:1741667253959, from:30097, delay:0.0002s, distance:256.53m (Euclidean)
[2025-03-11 13:27:48,132] [INFO] [30086] Received PREPARE: id:1741667253959, from:30181, delay:0.0002s, distance:269.15m (Euclidean)
[2025-03-11 13:27:48,180] [INFO] [30086] Received PREPARE: id:1741667253959, from:30144, delay:0.0000s, distance:88.58m (Euclidean)
[2025-03-11 13:27:48,315] [INFO] [30086] Received COMMIT: id:1741667253959, from:30097, delay:0.0002s, distance:256.53m (Euclidean)
[2025-03-11 13:27:48,510] [INFO] [30086] Received COMMIT: id:1741667253959, from:30197, delay:0.0000s, distance:68.14m (Euclidean)
[2025-03-11 13:27:48,605] [INFO] [30086] Received PREPARE: id:1741667253959, from:30179, delay:0.0000s, distance:106.17m (Euclidean)
[2025-03-11 13:27:48,605] [INFO] [30086] Received COMMIT: id:1741667253959, from:30179, delay:0.0000s, distance:106.17m (Euclidean)
[2025-03-11 13:27:48,684] [INFO] [30086] Received PREPARE: id:1741667253959, from:30150, delay:0.0000s, distance:177.19m (Euclidean)
[2025-03-11 13:27:48,795] [INFO] [30086] Received PREPARE: id:1741667253959, from:30115, delay:0.0001s, distance:228.09m (Euclidean)
[2025-03-11 13:27:48,795] [INFO] [30086] Received COMMIT: id:1741667253959, from:30115, delay:0.0001s, distance:228.09m (Euclidean)
[2025-03-11 13:27:48,933] [INFO] [30086] Received COMMIT: id:1741667253959, from:30170, delay:0.0001s, distance:213.59m (Euclidean)
[2025-03-11 13:27:48,938] [INFO] [30086] Received PREPARE: id:1741667253959, from:30133, delay:0.0001s, distance:242.19m (Euclidean)
[2025-03-11 13:27:48,985] [INFO] [30086] Received COMMIT: id:1741667253959, from:30196, delay:0.0002s, distance:259.27m (Euclidean)
[2025-03-11 13:27:49,434] [INFO] [30086] Received PREPARE: id:1741667253959, from:30182, delay:0.0000s, distance:134.90m (Euclidean)
[2025-03-11 13:27:49,434] [INFO] [30086] Received COMMIT: id:1741667253959, from:30182, delay:0.0000s, distance:134.90m (Euclidean)
[2025-03-11 13:27:50,083] [INFO] [30086] Received PREPARE: id:1741667253959, from:30140, delay:0.0000s, distance:149.83m (Euclidean)
[2025-03-11 13:27:50,284] [INFO] [30086] Received PREPARE: id:1741667253959, from:30109, delay:0.0001s, distance:159.04m (Euclidean)
[2025-03-11 13:27:50,284] [INFO] [30086] Received COMMIT: id:1741667253959, from:30109, delay:0.0001s, distance:159.04m (Euclidean)
[2025-03-11 13:27:50,303] [INFO] [30086] Received PREPARE: id:1741667253959, from:30111, delay:0.0001s, distance:206.34m (Euclidean)
[2025-03-11 13:27:50,303] [INFO] [30086] Received COMMIT: id:1741667253959, from:30111, delay:0.0001s, distance:206.34m (Euclidean)
[2025-03-11 13:27:50,678] [INFO] [30086] Received PREPARE: id:1741667253959, from:30194, delay:0.0001s, distance:155.16m (Euclidean)
[2025-03-11 13:27:50,678] [INFO] [30086] Received COMMIT: id:1741667253959, from:30194, delay:0.0001s, distance:155.16m (Euclidean)
[2025-03-11 13:27:50,772] [INFO] [30086] Received PREPARE: id:1741667253959, from:30186, delay:0.0001s, distance:233.16m (Euclidean)
[2025-03-11 13:27:50,974] [INFO] [30086] Received COMMIT: id:1741667253959, from:30133, delay:0.0001s, distance:242.19m (Euclidean)
[2025-03-11 13:27:51,073] [INFO] [30086] Received PREPARE: id:1741667253959, from:30100, delay:0.0001s, distance:175.05m (Euclidean)
[2025-03-11 13:27:51,073] [INFO] [30086] Received COMMIT: id:1741667253959, from:30100, delay:0.0001s, distance:175.05m (Euclidean)
[2025-03-11 13:27:51,327] [INFO] [30086] Received COMMIT: id:1741667253959, from:30140, delay:0.0000s, distance:149.83m (Euclidean)
[2025-03-11 13:27:51,770] [INFO] [30086] Received PREPARE: id:1741667253959, from:30189, delay:0.0001s, distance:231.00m (Euclidean)
[2025-03-11 13:27:51,770] [INFO] [30086] Received COMMIT: id:1741667253959, from:30124, delay:0.0000s, distance:200.73m (Euclidean)
[2025-03-11 13:27:51,770] [INFO] [30086] Received COMMIT: id:1741667253959, from:30189, delay:0.0001s, distance:231.00m (Euclidean)
[2025-03-11 13:27:51,795] [INFO] [30086] Received COMMIT: id:1741667253959, from:30144, delay:0.0000s, distance:88.58m (Euclidean)
[2025-03-11 13:27:52,222] [INFO] [30086] Received PREPARE: id:1741667253959, from:30198, delay:0.0002s, distance:297.38m (Euclidean)
[2025-03-11 13:27:52,222] [INFO] [30086] Received COMMIT: id:1741667253959, from:30198, delay:0.0002s, distance:297.38m (Euclidean)
[2025-03-11 13:27:52,272] [INFO] [30086] Received PREPARE: id:1741667253959, from:30172, delay:0.0002s, distance:283.82m (Euclidean)
[2025-03-11 13:27:52,281] [INFO] [30086] Received COMMIT: id:1741667253959, from:30193, delay:0.0000s, distance:249.58m (Euclidean)
[2025-03-11 13:27:52,943] [INFO] [30086] Received COMMIT: id:1741667253959, from:30150, delay:0.0000s, distance:177.19m (Euclidean)
[2025-03-11 13:27:53,002] [INFO] [30086] Received PREPARE: id:1741667253959, from:30101, delay:0.0001s, distance:238.97m (Euclidean)
[2025-03-11 13:27:53,002] [INFO] [30086] Received COMMIT: id:1741667253959, from:30101, delay:0.0001s, distance:238.97m (Euclidean)
[2025-03-11 13:27:53,071] [INFO] [30086] Received COMMIT: id:1741667253959, from:30172, delay:0.0002s, distance:283.82m (Euclidean)
[2025-03-11 13:27:53,324] [INFO] [30086] Received PREPARE: id:1741667253959, from:30167, delay:0.0000s, distance:38.65m (Euclidean)
[2025-03-11 13:27:53,560] [INFO] [30086] Received PREPARE: id:1741667253959, from:30171, delay:0.0001s, distance:238.94m (Euclidean)
[2025-03-11 13:27:53,560] [INFO] [30086] Received COMMIT: id:1741667253959, from:30171, delay:0.0001s, distance:238.94m (Euclidean)
[2025-03-11 13:27:53,715] [INFO] [30086] Received PREPARE: id:1741667253959, from:30120, delay:0.0000s, distance:200.69m (Euclidean)
[2025-03-11 13:27:53,924] [INFO] [30086] Received PREPARE: id:1741667253959, from:30160, delay:0.0001s, distance:207.54m (Euclidean)
[2025-03-11 13:27:53,924] [INFO] [30086] Received COMMIT: id:1741667253959, from:30160, delay:0.0001s, distance:207.54m (Euclidean)
[2025-03-11 13:27:54,133] [INFO] [30086] Received PREPARE: id:1741667253959, from:30130, delay:0.0002s, distance:289.94m (Euclidean)
[2025-03-11 13:27:54,135] [INFO] [30086] Received COMMIT: id:1741667253959, from:30130, delay:0.0002s, distance:289.94m (Euclidean)
[2025-03-11 13:27:54,168] [INFO] [30086] Received COMMIT: id:1741667253959, from:30186, delay:0.0001s, distance:233.16m (Euclidean)
[2025-03-11 13:27:56,132] [INFO] [30086] Received PREPARE: id:1741667253959, from:30191, delay:0.0000s, distance:132.41m (Euclidean)
[2025-03-11 13:27:56,255] [INFO] [30086] Received COMMIT: id:1741667253959, from:30167, delay:0.0000s, distance:38.65m (Euclidean)
[2025-03-11 13:27:56,336] [INFO] [30086] Received PREPARE: id:1741667253959, from:30108, delay:0.0001s, distance:241.67m (Euclidean)
[2025-03-11 13:27:56,339] [INFO] [30086] Received COMMIT: id:1741667253959, from:30108, delay:0.0001s, distance:241.67m (Euclidean)
[2025-03-11 13:27:56,400] [INFO] [30086] Received PREPARE: id:1741667253959, from:30098, delay:0.0001s, distance:238.93m (Euclidean)
[2025-03-11 13:27:56,400] [INFO] [30086] Received COMMIT: id:1741667253959, from:30098, delay:0.0001s, distance:238.93m (Euclidean)
[2025-03-11 13:27:56,505] [INFO] [30086] Received PREPARE: id:1741667253959, from:30156, delay:0.0002s, distance:252.61m (Euclidean)
[2025-03-11 13:27:56,537] [INFO] [30086] Received COMMIT: id:1741667253959, from:30156, delay:0.0002s, distance:252.61m (Euclidean)
[2025-03-11 13:27:57,046] [INFO] [30086] Received PREPARE: id:1741667253959, from:30125, delay:0.0000s, distance:147.02m (Euclidean)
[2025-03-11 13:27:57,234] [INFO] [30086] Received PREPARE: id:1741667253959, from:30148, delay:0.0002s, distance:252.07m (Euclidean)
[2025-03-11 13:27:57,246] [INFO] [30086] Received COMMIT: id:1741667253959, from:30148, delay:0.0002s, distance:252.07m (Euclidean)
[2025-03-11 13:27:57,299] [INFO] [30086] Received PREPARE: id:1741667253959, from:30177, delay:0.0001s, distance:170.66m (Euclidean)
[2025-03-11 13:27:57,844] [INFO] [30086] Received PREPARE: id:1741667253959, from:30151, delay:0.0001s, distance:260.25m (Euclidean)
[2025-03-11 13:27:57,846] [INFO] [30086] Received COMMIT: id:1741667253959, from:30151, delay:0.0001s, distance:260.25m (Euclidean)
[2025-03-11 13:27:58,018] [INFO] [30086] Received PREPARE: id:1741667253959, from:30118, delay:0.0002s, distance:287.94m (Euclidean)
[2025-03-11 13:27:58,018] [INFO] [30086] Received COMMIT: id:1741667253959, from:30118, delay:0.0002s, distance:287.94m (Euclidean)
[2025-03-11 13:27:58,018] [INFO] [30086] Received PREPARE: id:1741667253959, from:30102, delay:0.0000s, distance:169.10m (Euclidean)
[2025-03-11 13:27:58,037] [INFO] [30086] Received PREPARE: id:1741667253959, from:30129, delay:0.0001s, distance:247.36m (Euclidean)
[2025-03-11 13:27:58,042] [INFO] [30086] Received COMMIT: id:1741667253959, from:30129, delay:0.0001s, distance:247.36m (Euclidean)
[2025-03-11 13:27:58,161] [INFO] [30086] Received PREPARE: id:1741667253959, from:30178, delay:0.0000s, distance:145.33m (Euclidean)
[2025-03-11 13:27:58,203] [INFO] [30086] Received PREPARE: id:1741667253959, from:30126, delay:0.0001s, distance:240.49m (Euclidean)
[2025-03-11 13:27:58,203] [INFO] [30086] Received COMMIT: id:1741667253959, from:30126, delay:0.0001s, distance:240.49m (Euclidean)
[2025-03-11 13:27:58,330] [INFO] [30086] Received PREPARE: id:1741667253959, from:30128, delay:0.0000s, distance:95.61m (Euclidean)
[2025-03-11 13:27:58,388] [INFO] [30086] Received PREPARE: id:1741667253959, from:30146, delay:0.0002s, distance:263.43m (Euclidean)
[2025-03-11 13:27:58,390] [INFO] [30086] Received COMMIT: id:1741667253959, from:30146, delay:0.0002s, distance:263.43m (Euclidean)
[2025-03-11 13:27:58,469] [INFO] [30086] Received PREPARE: id:1741667253959, from:30117, delay:0.0001s, distance:204.32m (Euclidean)
[2025-03-11 13:27:58,469] [INFO] [30086] Received COMMIT: id:1741667253959, from:30117, delay:0.0001s, distance:204.32m (Euclidean)
[2025-03-11 13:27:58,655] [INFO] [30086] Received COMMIT: id:1741667253959, from:30125, delay:0.0000s, distance:147.02m (Euclidean)
[2025-03-11 13:27:58,811] [INFO] [30086] Received PREPARE: id:1741667253959, from:30162, delay:0.0001s, distance:199.49m (Euclidean)
[2025-03-11 13:27:58,811] [INFO] [30086] Received COMMIT: id:1741667253959, from:30162, delay:0.0001s, distance:199.49m (Euclidean)
[2025-03-11 13:27:59,133] [INFO] [30086] Received COMMIT: id:1741667253959, from:30120, delay:0.0000s, distance:200.69m (Euclidean)
[2025-03-11 13:27:59,582] [INFO] [30086] Received PREPARE: id:1741667253959, from:30175, delay:0.0001s, distance:207.58m (Euclidean)
[2025-03-11 13:27:59,582] [INFO] [30086] Received COMMIT: id:1741667253959, from:30175, delay:0.0001s, distance:207.58m (Euclidean)
[2025-03-11 13:27:59,683] [INFO] [30086] Received COMMIT: id:1741667253959, from:30128, delay:0.0000s, distance:95.61m (Euclidean)
[2025-03-11 13:28:00,232] [INFO] [30086] Received COMMIT: id:1741667253959, from:30191, delay:0.0000s, distance:132.41m (Euclidean)
[2025-03-11 13:28:00,538] [INFO] [30086] Received COMMIT: id:1741667253959, from:30177, delay:0.0001s, distance:170.66m (Euclidean)
[2025-03-11 13:28:00,758] [INFO] [30086] Received COMMIT: id:1741667253959, from:30102, delay:0.0000s, distance:169.10m (Euclidean)
[2025-03-11 13:28:01,206] [INFO] [30086] Received PREPARE: id:1741667253959, from:30123, delay:0.0002s, distance:274.44m (Euclidean)
[2025-03-11 13:28:01,238] [INFO] [30086] Received COMMIT: id:1741667253959, from:30123, delay:0.0002s, distance:274.44m (Euclidean)
[2025-03-11 13:28:03,898] [INFO] [30086] Received COMMIT: id:1741667253959, from:30178, delay:0.0000s, distance:145.33m (Euclidean)
[2025-03-11 13:28:09,554] [INFO] [30086] Received PREPARE: id:1741667289123, from:30120, delay:0.0000s, distance:200.69m (Euclidean)
[2025-03-11 13:28:09,554] [INFO] [30086] Missing PRE-PREPARE for REQUEST 1741667289123; ignoring PREPARE
[2025-03-11 13:28:09,696] [INFO] [30086] Received PREPARE: id:1741667289123, from:30102, delay:0.0000s, distance:169.10m (Euclidean)
[2025-03-11 13:28:09,696] [INFO] [30086] Missing PRE-PREPARE for REQUEST 1741667289123; ignoring PREPARE
[2025-03-11 13:28:09,864] [INFO] [30086] Received PREPARE: id:1741667289123, from:30129, delay:0.0001s, distance:247.36m (Euclidean)
[2025-03-11 13:28:09,864] [INFO] [30086] Missing PRE-PREPARE for REQUEST 1741667289123; ignoring PREPARE
[2025-03-11 13:28:10,250] [INFO] [30086] Received PREPARE: id:1741667289123, from:30118, delay:0.0002s, distance:287.94m (Euclidean)
[2025-03-11 13:28:10,250] [INFO] [30086] Missing PRE-PREPARE for REQUEST 1741667289123; ignoring PREPARE
[2025-03-11 13:28:10,664] [INFO] [30086] Received PREPARE: id:1741667289123, from:30108, delay:0.0001s, distance:241.67m (Euclidean)
[2025-03-11 13:28:10,664] [INFO] [30086] Missing PRE-PREPARE for REQUEST 1741667289123; ignoring PREPARE
[2025-03-11 13:28:11,353] [INFO] [30086] Received COMMIT: id:1741667289123, from:30108, delay:0.0001s, distance:241.67m (Euclidean)
[2025-03-11 13:28:14,119] [INFO] [30086] Received COMMIT: id:1741667289123, from:30118, delay:0.0002s, distance:287.94m (Euclidean)
[2025-03-11 13:28:15,199] [INFO] [30086] Received COMMIT: id:1741667289123, from:30120, delay:0.0000s, distance:200.69m (Euclidean)
[2025-03-11 13:28:15,218] [INFO] [30086] Received PREPARE: id:1741667289123, from:30110, delay:0.0000s, distance:190.52m (Euclidean)
[2025-03-11 13:28:15,218] [INFO] [30086] Missing PRE-PREPARE for REQUEST 1741667289123; ignoring PREPARE
[2025-03-11 13:28:16,127] [INFO] [30086] Received COMMIT: id:1741667289123, from:30102, delay:0.0000s, distance:169.10m (Euclidean)
[2025-03-11 13:28:18,924] [INFO] [30086] Received PREPARE: id:1741667289123, from:30107, delay:0.0000s, distance:57.10m (Euclidean)
[2025-03-11 13:28:18,924] [INFO] [30086] Missing PRE-PREPARE for REQUEST 1741667289123; ignoring PREPARE
[2025-03-11 13:28:19,814] [INFO] [30086] Received PREPARE: id:1741667289123, from:30131, delay:0.0002s, distance:263.36m (Euclidean)
[2025-03-11 13:28:19,814] [INFO] [30086] Missing PRE-PREPARE for REQUEST 1741667289123; ignoring PREPARE
[2025-03-11 13:28:20,195] [INFO] [30086] Received PREPARE: id:1741667289123, from:30013, delay:0.0000s, distance:299.60m (Euclidean)
[2025-03-11 13:28:20,195] [INFO] [30086] Missing PRE-PREPARE for REQUEST 1741667289123; ignoring PREPARE
[2025-03-11 13:28:20,962] [INFO] [30086] Received COMMIT: id:1741667289123, from:30131, delay:0.0002s, distance:263.36m (Euclidean)
[2025-03-11 13:28:26,287] [INFO] [30086] Received PREPARE: id:1741667289123, from:30010, delay:0.0000s, distance:299.36m (Euclidean)
[2025-03-11 13:28:26,287] [INFO] [30086] Missing PRE-PREPARE for REQUEST 1741667289123; ignoring PREPARE
[2025-03-11 13:28:36,539] [INFO] [30086] Received PRE-PREPARE: id:1741667289123, from:Leader(30000), delay:0.0000s, distance:171.14m (Euclidean)
[2025-03-11 13:28:36,539] [INFO] [30086] Broadcasting PREPARE for REQUEST 1741667289123
[2025-03-11 13:28:36,542] [INFO] [30086] Not broadcasting to fault node: 30077
[2025-03-11 13:28:36,551] [INFO] [30086] Not broadcasting to fault node: 30184
[2025-03-11 13:28:36,884] [INFO] [30086] Received PREPARE: id:1741667289123, from:30003, delay:0.0000s, distance:66.07m (Euclidean)
[2025-03-11 13:28:36,884] [INFO] [30086] Broadcasting COMMIT for REQUEST 1741667289123
[2025-03-11 13:28:36,895] [INFO] [30086] Not broadcasting to fault node: 30077
[2025-03-11 13:28:36,897] [INFO] [30086] Not broadcasting to fault node: 30184
[2025-03-11 13:28:37,399] [INFO] [30086] Received COMMIT: id:1741667289123, from:30110, delay:0.0000s, distance:190.52m (Euclidean)
[2025-03-11 13:28:38,703] [INFO] [30086] Received PREPARE: id:1741667289123, from:30080, delay:0.0001s, distance:187.92m (Euclidean)
[2025-03-11 13:28:38,703] [INFO] [30086] Received COMMIT: id:1741667289123, from:30080, delay:0.0001s, distance:187.92m (Euclidean)
[2025-03-11 13:28:49,223] [INFO] [30086] Received PREPARE: id:1741667289123, from:30090, delay:0.0000s, distance:146.61m (Euclidean)
[2025-03-11 13:28:51,318] [INFO] [30086] Received PREPARE: id:1741667289123, from:30140, delay:0.0000s, distance:149.83m (Euclidean)
[2025-03-11 13:28:51,318] [INFO] [30086] Received PREPARE: id:1741667289123, from:30068, delay:0.0000s, distance:92.01m (Euclidean)
[2025-03-11 13:28:51,318] [INFO] [30086] Received PREPARE: id:1741667289123, from:30028, delay:0.0001s, distance:195.42m (Euclidean)
[2025-03-11 13:28:51,318] [INFO] [30086] Received COMMIT: id:1741667289123, from:30140, delay:0.0000s, distance:149.83m (Euclidean)
[2025-03-11 13:28:56,402] [INFO] [30086] Received PREPARE: id:1741667289123, from:30103, delay:0.0000s, distance:139.40m (Euclidean)
[2025-03-11 13:28:56,412] [INFO] [30086] Received COMMIT: id:1741667289123, from:30103, delay:0.0000s, distance:139.40m (Euclidean)
[2025-03-11 13:28:59,542] [INFO] [30086] Received PREPARE: id:1741667289123, from:30062, delay:0.0000s, distance:109.19m (Euclidean)
[2025-03-11 13:29:04,725] [INFO] [30086] Received PREPARE: id:1741667289123, from:30092, delay:0.0001s, distance:246.32m (Euclidean)
[2025-03-11 13:29:09,283] [INFO] [30086] Received PREPARE: id:1741667289123, from:30007, delay:0.0000s, distance:192.54m (Euclidean)
[2025-03-11 13:29:09,415] [INFO] [30086] Received COMMIT: id:1741667289123, from:30007, delay:0.0000s, distance:192.54m (Euclidean)
[2025-03-11 13:29:09,415] [INFO] [30086] Received PREPARE: id:1741667289123, from:30113, delay:0.0000s, distance:173.62m (Euclidean)
[2025-03-11 13:29:14,709] [INFO] [30086] Received PREPARE: id:1741667289123, from:30037, delay:0.0001s, distance:222.52m (Euclidean)
[2025-03-11 13:29:15,705] [INFO] [30086] Received PREPARE: id:1741667289123, from:30020, delay:0.0000s, distance:127.40m (Euclidean)
[2025-03-11 13:29:15,705] [INFO] [30086] Received COMMIT: id:1741667289123, from:30020, delay:0.0000s, distance:127.40m (Euclidean)
[2025-03-11 13:29:19,224] [INFO] [30086] Received PREPARE: id:1741667289123, from:30190, delay:0.0001s, distance:228.95m (Euclidean)
[2025-03-11 13:29:25,471] [INFO] [30086] Received PREPARE: id:1741667289123, from:30100, delay:0.0001s, distance:175.05m (Euclidean)
[2025-03-11 13:29:25,480] [INFO] [30086] Received COMMIT: id:1741667289123, from:30100, delay:0.0001s, distance:175.05m (Euclidean)
[2025-03-11 13:29:27,121] [INFO] [30086] Received PREPARE: id:1741667289123, from:30063, delay:0.0001s, distance:229.53m (Euclidean)
[2025-03-11 13:29:27,121] [INFO] [30086] Received COMMIT: id:1741667289123, from:30063, delay:0.0001s, distance:229.53m (Euclidean)
[2025-03-11 13:29:27,952] [INFO] [30086] Received PREPARE: id:1741667289123, from:30109, delay:0.0001s, distance:159.04m (Euclidean)
[2025-03-11 13:29:29,130] [INFO] [30086] Received PREPARE: id:1741667289123, from:30017, delay:0.0001s, distance:166.32m (Euclidean)
[2025-03-11 13:29:29,130] [INFO] [30086] Received COMMIT: id:1741667289123, from:30017, delay:0.0001s, distance:166.32m (Euclidean)
[2025-03-11 13:29:33,854] [INFO] [30086] Received PREPARE: id:1741667289123, from:30111, delay:0.0001s, distance:206.34m (Euclidean)
[2025-03-11 13:29:34,736] [INFO] [30086] Received PREPARE: id:1741667289123, from:30161, delay:0.0000s, distance:192.42m (Euclidean)
[2025-03-11 13:29:36,416] [INFO] [30086] Received PREPARE: id:1741667289123, from:30035, delay:0.0001s, distance:153.13m (Euclidean)
[2025-03-11 13:29:36,420] [INFO] [30086] Received COMMIT: id:1741667289123, from:30035, delay:0.0001s, distance:153.13m (Euclidean)
[2025-03-11 13:29:37,793] [INFO] [30086] Received PREPARE: id:1741667289123, from:30136, delay:0.0000s, distance:93.06m (Euclidean)
[2025-03-11 13:29:37,795] [INFO] [30086] Received PREPARE: id:1741667289123, from:30022, delay:0.0001s, distance:168.79m (Euclidean)
[2025-03-11 13:29:37,795] [INFO] [30086] Received COMMIT: id:1741667289123, from:30022, delay:0.0001s, distance:168.79m (Euclidean)
[2025-03-11 13:29:37,795] [INFO] [30086] Received PREPARE: id:1741667289123, from:30029, delay:0.0002s, distance:266.10m (Euclidean)
[2025-03-11 13:29:37,795] [INFO] [30086] Received COMMIT: id:1741667289123, from:30029, delay:0.0002s, distance:266.10m (Euclidean)
[2025-03-11 13:29:37,795] [INFO] [30086] Received PREPARE: id:1741667289123, from:30019, delay:0.0000s, distance:49.28m (Euclidean)
[2025-03-11 13:29:39,212] [INFO] [30086] Received PREPARE: id:1741667289123, from:30005, delay:0.0000s, distance:137.74m (Euclidean)
[2025-03-11 13:29:39,212] [INFO] [30086] Received PREPARE: id:1741667289123, from:30133, delay:0.0001s, distance:242.19m (Euclidean)
[2025-03-11 13:29:40,226] [INFO] [30086] Received PREPARE: id:1741667289123, from:30011, delay:0.0001s, distance:204.30m (Euclidean)
[2025-03-11 13:29:40,226] [INFO] [30086] Received PREPARE: id:1741667289123, from:30074, delay:0.0001s, distance:186.16m (Euclidean)
[2025-03-11 13:29:40,226] [INFO] [30086] Received COMMIT: id:1741667289123, from:30074, delay:0.0001s, distance:186.16m (Euclidean)
[2025-03-11 13:29:42,486] [INFO] [30086] Received COMMIT: id:1741667289123, from:30111, delay:0.0001s, distance:206.34m (Euclidean)
[2025-03-11 13:29:42,486] [INFO] [30086] Received PREPARE: id:1741667289123, from:30075, delay:0.0002s, distance:290.87m (Euclidean)
