[2025-03-07 13:54:56,061] [INFO] Starting node at localhost:30141 | index=142 | f=1, k=4 | Role: Replica
[2025-03-07 13:57:42,517] [INFO] Starting node at localhost:30141 | index=142 | f=1, k=4 | Role: Replica
[2025-03-07 13:58:44,922] [INFO] Starting node at localhost:30141 | index=142 | f=1, k=4 | Role: Replica
[2025-03-07 13:59:03,097] [INFO] [30141] Received PREPARE: id:1741323542381, from:30054, delay:0.0000s, distance:100.36m (Euclidean)
[2025-03-07 13:59:03,097] [INFO] [30141] Missing PRE-PREPARE for REQUEST 1741323542381; ignoring PREPARE
[2025-03-07 13:59:03,173] [INFO] [30141] Received PREPARE: id:1741323542381, from:30107, delay:0.0001s, distance:172.18m (Euclidean)
[2025-03-07 13:59:03,173] [INFO] [30141] Missing PRE-PREPARE for REQUEST 1741323542381; ignoring PREPARE
[2025-03-07 13:59:03,495] [INFO] [30141] Received PREPARE: id:1741323542381, from:30161, delay:0.0000s, distance:137.34m (Euclidean)
[2025-03-07 13:59:03,495] [INFO] [30141] Missing PRE-PREPARE for REQUEST 1741323542381; ignoring PREPARE
[2025-03-07 13:59:03,704] [INFO] [30141] Received PREPARE: id:1741323542381, from:30119, delay:0.0000s, distance:71.38m (Euclidean)
[2025-03-07 13:59:03,704] [INFO] [30141] Missing PRE-PREPARE for REQUEST 1741323542381; ignoring PREPARE
[2025-03-07 13:59:03,819] [INFO] [30141] Received PREPARE: id:1741323542381, from:30155, delay:0.0001s, distance:196.84m (Euclidean)
[2025-03-07 13:59:03,819] [INFO] [30141] Missing PRE-PREPARE for REQUEST 1741323542381; ignoring PREPARE
[2025-03-07 13:59:03,980] [INFO] [30141] Received PREPARE: id:1741323542381, from:30182, delay:0.0000s, distance:44.29m (Euclidean)
[2025-03-07 13:59:03,980] [INFO] [30141] Missing PRE-PREPARE for REQUEST 1741323542381; ignoring PREPARE
[2025-03-07 13:59:03,998] [INFO] [30141] Received PREPARE: id:1741323542381, from:30136, delay:0.0000s, distance:147.90m (Euclidean)
[2025-03-07 13:59:03,998] [INFO] [30141] Missing PRE-PREPARE for REQUEST 1741323542381; ignoring PREPARE
[2025-03-07 13:59:04,184] [INFO] [30141] Received PREPARE: id:1741323542381, from:30128, delay:0.0001s, distance:218.77m (Euclidean)
[2025-03-07 13:59:04,184] [INFO] [30141] Missing PRE-PREPARE for REQUEST 1741323542381; ignoring PREPARE
[2025-03-07 13:59:04,190] [INFO] [30141] Received COMMIT: id:1741323542381, from:30128, delay:0.0001s, distance:218.77m (Euclidean)
[2025-03-07 13:59:04,209] [INFO] [30141] Received PREPARE: id:1741323542381, from:30196, delay:0.0001s, distance:243.86m (Euclidean)
[2025-03-07 13:59:04,209] [INFO] [30141] Missing PRE-PREPARE for REQUEST 1741323542381; ignoring PREPARE
[2025-03-07 13:59:04,267] [INFO] [30141] Received PREPARE: id:1741323542381, from:30005, delay:0.0000s, distance:67.11m (Euclidean)
[2025-03-07 13:59:04,269] [INFO] [30141] Missing PRE-PREPARE for REQUEST 1741323542381; ignoring PREPARE
[2025-03-07 13:59:04,306] [INFO] [30141] Received COMMIT: id:1741323542381, from:30005, delay:0.0000s, distance:67.11m (Euclidean)
[2025-03-07 13:59:04,325] [INFO] [30141] Received PREPARE: id:1741323542381, from:30133, delay:0.0001s, distance:236.30m (Euclidean)
[2025-03-07 13:59:04,325] [INFO] [30141] Missing PRE-PREPARE for REQUEST 1741323542381; ignoring PREPARE
[2025-03-07 13:59:04,325] [INFO] [30141] Received PREPARE: id:1741323542381, from:30195, delay:0.0000s, distance:57.95m (Euclidean)
[2025-03-07 13:59:04,325] [INFO] [30141] Missing PRE-PREPARE for REQUEST 1741323542381; ignoring PREPARE
[2025-03-07 13:59:04,325] [INFO] [30141] Received COMMIT: id:1741323542381, from:30133, delay:0.0001s, distance:236.30m (Euclidean)
[2025-03-07 13:59:04,411] [INFO] [30141] Received COMMIT: id:1741323542381, from:30155, delay:0.0001s, distance:196.84m (Euclidean)
[2025-03-07 13:59:04,501] [INFO] [30141] Received PREPARE: id:1741323542381, from:30035, delay:0.0000s, distance:51.93m (Euclidean)
[2025-03-07 13:59:04,501] [INFO] [30141] Missing PRE-PREPARE for REQUEST 1741323542381; ignoring PREPARE
[2025-03-07 13:59:04,582] [INFO] [30141] Received PREPARE: id:1741323542381, from:30169, delay:0.0002s, distance:275.54m (Euclidean)
[2025-03-07 13:59:04,582] [INFO] [30141] Missing PRE-PREPARE for REQUEST 1741323542381; ignoring PREPARE
[2025-03-07 13:59:04,594] [INFO] [30141] Received COMMIT: id:1741323542381, from:30182, delay:0.0000s, distance:44.29m (Euclidean)
[2025-03-07 13:59:04,650] [INFO] [30141] Received COMMIT: id:1741323542381, from:30035, delay:0.0000s, distance:51.93m (Euclidean)
[2025-03-07 13:59:04,730] [INFO] [30141] Received PREPARE: id:1741323542381, from:30046, delay:0.0000s, distance:122.52m (Euclidean)
[2025-03-07 13:59:04,730] [INFO] [30141] Missing PRE-PREPARE for REQUEST 1741323542381; ignoring PREPARE
[2025-03-07 13:59:04,776] [INFO] [30141] Received COMMIT: id:1741323542381, from:30046, delay:0.0000s, distance:122.52m (Euclidean)
[2025-03-07 13:59:04,838] [INFO] [30141] Received PREPARE: id:1741323542381, from:30110, delay:0.0001s, distance:212.30m (Euclidean)
[2025-03-07 13:59:04,838] [INFO] [30141] Missing PRE-PREPARE for REQUEST 1741323542381; ignoring PREPARE
[2025-03-07 13:59:04,853] [INFO] [30141] Received COMMIT: id:1741323542381, from:30110, delay:0.0001s, distance:212.30m (Euclidean)
[2025-03-07 13:59:04,955] [INFO] [30141] Received PREPARE: id:1741323542381, from:30167, delay:0.0001s, distance:164.62m (Euclidean)
[2025-03-07 13:59:04,955] [INFO] [30141] Missing PRE-PREPARE for REQUEST 1741323542381; ignoring PREPARE
[2025-03-07 13:59:05,103] [INFO] [30141] Received PREPARE: id:1741323542381, from:30025, delay:0.0001s, distance:241.56m (Euclidean)
[2025-03-07 13:59:05,103] [INFO] [30141] Missing PRE-PREPARE for REQUEST 1741323542381; ignoring PREPARE
[2025-03-07 13:59:05,156] [INFO] [30141] Received PREPARE: id:1741323542381, from:30181, delay:0.0000s, distance:129.93m (Euclidean)
[2025-03-07 13:59:05,156] [INFO] [30141] Missing PRE-PREPARE for REQUEST 1741323542381; ignoring PREPARE
[2025-03-07 13:59:05,195] [INFO] [30141] Received PREPARE: id:1741323542381, from:30053, delay:0.0000s, distance:107.25m (Euclidean)
[2025-03-07 13:59:05,195] [INFO] [30141] Missing PRE-PREPARE for REQUEST 1741323542381; ignoring PREPARE
[2025-03-07 13:59:05,210] [INFO] [30141] Received COMMIT: id:1741323542381, from:30167, delay:0.0001s, distance:164.62m (Euclidean)
[2025-03-07 13:59:05,238] [INFO] [30141] Received PREPARE: id:1741323542381, from:30112, delay:0.0001s, distance:205.06m (Euclidean)
[2025-03-07 13:59:05,238] [INFO] [30141] Missing PRE-PREPARE for REQUEST 1741323542381; ignoring PREPARE
[2025-03-07 13:59:05,238] [INFO] [30141] Received COMMIT: id:1741323542381, from:30112, delay:0.0001s, distance:205.06m (Euclidean)
[2025-03-07 13:59:05,270] [INFO] [30141] Received PREPARE: id:1741323542381, from:30120, delay:0.0000s, distance:68.17m (Euclidean)
[2025-03-07 13:59:05,272] [INFO] [30141] Missing PRE-PREPARE for REQUEST 1741323542381; ignoring PREPARE
[2025-03-07 13:59:05,302] [INFO] [30141] Received PREPARE: id:1741323542381, from:30189, delay:0.0000s, distance:106.47m (Euclidean)
[2025-03-07 13:59:05,302] [INFO] [30141] Missing PRE-PREPARE for REQUEST 1741323542381; ignoring PREPARE
[2025-03-07 13:59:05,376] [INFO] [30141] Received PREPARE: id:1741323542381, from:30174, delay:0.0000s, distance:46.86m (Euclidean)
[2025-03-07 13:59:05,376] [INFO] [30141] Missing PRE-PREPARE for REQUEST 1741323542381; ignoring PREPARE
[2025-03-07 13:59:05,469] [INFO] [30141] Received COMMIT: id:1741323542381, from:30025, delay:0.0001s, distance:241.56m (Euclidean)
[2025-03-07 13:59:05,485] [INFO] [30141] Received PREPARE: id:1741323542381, from:30170, delay:0.0001s, distance:214.96m (Euclidean)
[2025-03-07 13:59:05,485] [INFO] [30141] Missing PRE-PREPARE for REQUEST 1741323542381; ignoring PREPARE
[2025-03-07 13:59:05,541] [INFO] [30141] Received PREPARE: id:1741323542381, from:30180, delay:0.0000s, distance:125.06m (Euclidean)
[2025-03-07 13:59:05,541] [INFO] [30141] Missing PRE-PREPARE for REQUEST 1741323542381; ignoring PREPARE
[2025-03-07 13:59:05,691] [INFO] [30141] Received PREPARE: id:1741323542381, from:30013, delay:0.0002s, distance:272.06m (Euclidean)
[2025-03-07 13:59:05,691] [INFO] [30141] Missing PRE-PREPARE for REQUEST 1741323542381; ignoring PREPARE
[2025-03-07 13:59:05,765] [INFO] [30141] Received COMMIT: id:1741323542381, from:30196, delay:0.0001s, distance:243.86m (Euclidean)
[2025-03-07 13:59:05,804] [INFO] [30141] Received COMMIT: id:1741323542381, from:30107, delay:0.0001s, distance:172.18m (Euclidean)
[2025-03-07 13:59:05,811] [INFO] [30141] Received PREPARE: id:1741323542381, from:30015, delay:0.0000s, distance:132.31m (Euclidean)
[2025-03-07 13:59:05,811] [INFO] [30141] Missing PRE-PREPARE for REQUEST 1741323542381; ignoring PREPARE
[2025-03-07 13:59:05,820] [INFO] [30141] Received PREPARE: id:1741323542381, from:30027, delay:0.0000s, distance:108.42m (Euclidean)
[2025-03-07 13:59:05,820] [INFO] [30141] Missing PRE-PREPARE for REQUEST 1741323542381; ignoring PREPARE
[2025-03-07 13:59:05,830] [INFO] [30141] Received PREPARE: id:1741323542381, from:30106, delay:0.0001s, distance:216.61m (Euclidean)
[2025-03-07 13:59:05,830] [INFO] [30141] Missing PRE-PREPARE for REQUEST 1741323542381; ignoring PREPARE
[2025-03-07 13:59:05,875] [INFO] [30141] Received COMMIT: id:1741323542381, from:30180, delay:0.0000s, distance:125.06m (Euclidean)
[2025-03-07 13:59:05,875] [INFO] [30141] Received COMMIT: id:1741323542381, from:30053, delay:0.0000s, distance:107.25m (Euclidean)
[2025-03-07 13:59:05,911] [INFO] [30141] Received PREPARE: id:1741323542381, from:30080, delay:0.0001s, distance:231.62m (Euclidean)
[2025-03-07 13:59:05,911] [INFO] [30141] Missing PRE-PREPARE for REQUEST 1741323542381; ignoring PREPARE
[2025-03-07 13:59:05,922] [INFO] [30141] Received PREPARE: id:1741323542381, from:30021, delay:0.0000s, distance:152.82m (Euclidean)
[2025-03-07 13:59:05,922] [INFO] [30141] Missing PRE-PREPARE for REQUEST 1741323542381; ignoring PREPARE
[2025-03-07 13:59:05,922] [INFO] [30141] Received PREPARE: id:1741323542381, from:30004, delay:0.0000s, distance:162.46m (Euclidean)
[2025-03-07 13:59:05,922] [INFO] [30141] Missing PRE-PREPARE for REQUEST 1741323542381; ignoring PREPARE
[2025-03-07 13:59:06,058] [INFO] [30141] Received COMMIT: id:1741323542381, from:30106, delay:0.0001s, distance:216.61m (Euclidean)
[2025-03-07 13:59:06,058] [INFO] [30141] Received COMMIT: id:1741323542381, from:30004, delay:0.0000s, distance:162.46m (Euclidean)
[2025-03-07 13:59:06,268] [INFO] [30141] Received COMMIT: id:1741323542381, from:30080, delay:0.0001s, distance:231.62m (Euclidean)
[2025-03-07 13:59:06,268] [INFO] [30141] Received PREPARE: id:1741323542381, from:30098, delay:0.0001s, distance:225.73m (Euclidean)
[2025-03-07 13:59:06,268] [INFO] [30141] Missing PRE-PREPARE for REQUEST 1741323542381; ignoring PREPARE
[2025-03-07 13:59:06,270] [INFO] [30141] Received PREPARE: id:1741323542381, from:30147, delay:0.0001s, distance:226.75m (Euclidean)
[2025-03-07 13:59:06,270] [INFO] [30141] Missing PRE-PREPARE for REQUEST 1741323542381; ignoring PREPARE
[2025-03-07 13:59:06,270] [INFO] [30141] Received PREPARE: id:1741323542381, from:30037, delay:0.0002s, distance:271.84m (Euclidean)
[2025-03-07 13:59:06,270] [INFO] [30141] Missing PRE-PREPARE for REQUEST 1741323542381; ignoring PREPARE
[2025-03-07 13:59:06,294] [INFO] [30141] Received COMMIT: id:1741323542381, from:30161, delay:0.0000s, distance:137.34m (Euclidean)
[2025-03-07 13:59:06,294] [INFO] [30141] Received PREPARE: id:1741323542381, from:30028, delay:0.0000s, distance:39.57m (Euclidean)
[2025-03-07 13:59:06,294] [INFO] [30141] Missing PRE-PREPARE for REQUEST 1741323542381; ignoring PREPARE
[2025-03-07 13:59:06,314] [INFO] [30141] Received PREPARE: id:1741323542381, from:30063, delay:0.0001s, distance:224.18m (Euclidean)
[2025-03-07 13:59:06,314] [INFO] [30141] Missing PRE-PREPARE for REQUEST 1741323542381; ignoring PREPARE
[2025-03-07 13:59:06,329] [INFO] [30141] Received COMMIT: id:1741323542381, from:30028, delay:0.0000s, distance:39.57m (Euclidean)
[2025-03-07 13:59:06,361] [INFO] [30141] Received COMMIT: id:1741323542381, from:30147, delay:0.0001s, distance:226.75m (Euclidean)
[2025-03-07 13:59:06,361] [INFO] [30141] Received COMMIT: id:1741323542381, from:30037, delay:0.0002s, distance:271.84m (Euclidean)
[2025-03-07 13:59:06,417] [INFO] [30141] Received PREPARE: id:1741323542381, from:30178, delay:0.0000s, distance:84.39m (Euclidean)
[2025-03-07 13:59:06,417] [INFO] [30141] Missing PRE-PREPARE for REQUEST 1741323542381; ignoring PREPARE
[2025-03-07 13:59:06,419] [INFO] [30141] Received PREPARE: id:1741323542381, from:30116, delay:0.0001s, distance:210.60m (Euclidean)
[2025-03-07 13:59:06,419] [INFO] [30141] Missing PRE-PREPARE for REQUEST 1741323542381; ignoring PREPARE
[2025-03-07 13:59:06,419] [INFO] [30141] Received COMMIT: id:1741323542381, from:30116, delay:0.0001s, distance:210.60m (Euclidean)
[2025-03-07 13:59:06,486] [INFO] [30141] Received COMMIT: id:1741323542381, from:30181, delay:0.0000s, distance:129.93m (Euclidean)
[2025-03-07 13:59:06,499] [INFO] [30141] Received PREPARE: id:1741323542381, from:30041, delay:0.0000s, distance:106.27m (Euclidean)
[2025-03-07 13:59:06,499] [INFO] [30141] Missing PRE-PREPARE for REQUEST 1741323542381; ignoring PREPARE
[2025-03-07 13:59:06,555] [INFO] [30141] Received COMMIT: id:1741323542381, from:30054, delay:0.0000s, distance:100.36m (Euclidean)
[2025-03-07 13:59:06,560] [INFO] [30141] Received PREPARE: id:1741323542381, from:30076, delay:0.0000s, distance:54.09m (Euclidean)
[2025-03-07 13:59:06,560] [INFO] [30141] Missing PRE-PREPARE for REQUEST 1741323542381; ignoring PREPARE
[2025-03-07 13:59:06,643] [INFO] [30141] Received COMMIT: id:1741323542381, from:30063, delay:0.0001s, distance:224.18m (Euclidean)
[2025-03-07 13:59:06,731] [INFO] [30141] Received COMMIT: id:1741323542381, from:30015, delay:0.0000s, distance:132.31m (Euclidean)
[2025-03-07 13:59:06,751] [INFO] [30141] Received PREPARE: id:1741323542381, from:30062, delay:0.0000s, distance:124.32m (Euclidean)
[2025-03-07 13:59:06,751] [INFO] [30141] Missing PRE-PREPARE for REQUEST 1741323542381; ignoring PREPARE
[2025-03-07 13:59:06,805] [INFO] [30141] Received PREPARE: id:1741323542381, from:30049, delay:0.0000s, distance:96.46m (Euclidean)
[2025-03-07 13:59:06,805] [INFO] [30141] Missing PRE-PREPARE for REQUEST 1741323542381; ignoring PREPARE
[2025-03-07 13:59:06,805] [INFO] [30141] Received COMMIT: id:1741323542381, from:30021, delay:0.0000s, distance:152.82m (Euclidean)
[2025-03-07 13:59:06,812] [INFO] [30141] Received COMMIT: id:1741323542381, from:30195, delay:0.0000s, distance:57.95m (Euclidean)
[2025-03-07 13:59:06,842] [INFO] [30141] Received PREPARE: id:1741323542381, from:30096, delay:0.0001s, distance:227.45m (Euclidean)
[2025-03-07 13:59:06,842] [INFO] [30141] Missing PRE-PREPARE for REQUEST 1741323542381; ignoring PREPARE
[2025-03-07 13:59:06,847] [INFO] [30141] Received PREPARE: id:1741323542381, from:30175, delay:0.0000s, distance:158.47m (Euclidean)
[2025-03-07 13:59:06,847] [INFO] [30141] Missing PRE-PREPARE for REQUEST 1741323542381; ignoring PREPARE
[2025-03-07 13:59:06,926] [INFO] [30141] Received COMMIT: id:1741323542381, from:30049, delay:0.0000s, distance:96.46m (Euclidean)
[2025-03-07 13:59:06,926] [INFO] [30141] Received PREPARE: id:1741323542381, from:30070, delay:0.0000s, distance:131.57m (Euclidean)
[2025-03-07 13:59:06,926] [INFO] [30141] Missing PRE-PREPARE for REQUEST 1741323542381; ignoring PREPARE
[2025-03-07 13:59:06,934] [INFO] [30141] Received COMMIT: id:1741323542381, from:30027, delay:0.0000s, distance:108.42m (Euclidean)
[2025-03-07 13:59:06,991] [INFO] [30141] Received PREPARE: id:1741323542381, from:30060, delay:0.0001s, distance:221.61m (Euclidean)
[2025-03-07 13:59:06,991] [INFO] [30141] Missing PRE-PREPARE for REQUEST 1741323542381; ignoring PREPARE
[2025-03-07 13:59:06,991] [INFO] [30141] Received COMMIT: id:1741323542381, from:30041, delay:0.0000s, distance:106.27m (Euclidean)
[2025-03-07 13:59:07,052] [INFO] [30141] Received PREPARE: id:1741323542381, from:30127, delay:0.0001s, distance:192.84m (Euclidean)
[2025-03-07 13:59:07,052] [INFO] [30141] Missing PRE-PREPARE for REQUEST 1741323542381; ignoring PREPARE
[2025-03-07 13:59:07,052] [INFO] [30141] Received COMMIT: id:1741323542381, from:30013, delay:0.0002s, distance:272.06m (Euclidean)
[2025-03-07 13:59:07,052] [INFO] [30141] Received COMMIT: id:1741323542381, from:30098, delay:0.0001s, distance:225.73m (Euclidean)
[2025-03-07 13:59:07,079] [INFO] [30141] Received COMMIT: id:1741323542381, from:30062, delay:0.0000s, distance:124.32m (Euclidean)
[2025-03-07 13:59:07,101] [INFO] [30141] Received COMMIT: id:1741323542381, from:30127, delay:0.0001s, distance:192.84m (Euclidean)
[2025-03-07 13:59:07,118] [INFO] [30141] Received COMMIT: id:1741323542381, from:30175, delay:0.0000s, distance:158.47m (Euclidean)
[2025-03-07 13:59:07,156] [INFO] [30141] Received PREPARE: id:1741323542381, from:30059, delay:0.0001s, distance:226.21m (Euclidean)
[2025-03-07 13:59:07,163] [INFO] [30141] Missing PRE-PREPARE for REQUEST 1741323542381; ignoring PREPARE
[2025-03-07 13:59:07,163] [INFO] [30141] Received PREPARE: id:1741323542381, from:30190, delay:0.0001s, distance:224.54m (Euclidean)
[2025-03-07 13:59:07,163] [INFO] [30141] Missing PRE-PREPARE for REQUEST 1741323542381; ignoring PREPARE
[2025-03-07 13:59:07,182] [INFO] [30141] Received COMMIT: id:1741323542381, from:30070, delay:0.0000s, distance:131.57m (Euclidean)
[2025-03-07 13:59:07,189] [INFO] [30141] Received COMMIT: id:1741323542381, from:30059, delay:0.0001s, distance:226.21m (Euclidean)
[2025-03-07 13:59:07,329] [INFO] [30141] Received COMMIT: id:1741323542381, from:30178, delay:0.0000s, distance:84.39m (Euclidean)
[2025-03-07 13:59:07,331] [INFO] [30141] Received COMMIT: id:1741323542381, from:30060, delay:0.0001s, distance:221.61m (Euclidean)
[2025-03-07 13:59:07,377] [INFO] [30141] Received PREPARE: id:1741323542381, from:30191, delay:0.0000s, distance:95.61m (Euclidean)
[2025-03-07 13:59:07,377] [INFO] [30141] Missing PRE-PREPARE for REQUEST 1741323542381; ignoring PREPARE
[2025-03-07 13:59:07,415] [INFO] [30141] Received COMMIT: id:1741323542381, from:30169, delay:0.0002s, distance:275.54m (Euclidean)
[2025-03-07 13:59:07,447] [INFO] [30141] Received PREPARE: id:1741323542381, from:30123, delay:0.0000s, distance:122.31m (Euclidean)
[2025-03-07 13:59:07,447] [INFO] [30141] Missing PRE-PREPARE for REQUEST 1741323542381; ignoring PREPARE
[2025-03-07 13:59:07,534] [INFO] [30141] Received PREPARE: id:1741323542381, from:30074, delay:0.0001s, distance:229.56m (Euclidean)
[2025-03-07 13:59:07,534] [INFO] [30141] Missing PRE-PREPARE for REQUEST 1741323542381; ignoring PREPARE
[2025-03-07 13:59:07,579] [INFO] [30141] Received PREPARE: id:1741323542381, from:30118, delay:0.0001s, distance:228.43m (Euclidean)
[2025-03-07 13:59:07,584] [INFO] [30141] Missing PRE-PREPARE for REQUEST 1741323542381; ignoring PREPARE
[2025-03-07 13:59:07,612] [INFO] [30141] Received COMMIT: id:1741323542381, from:30119, delay:0.0000s, distance:71.38m (Euclidean)
[2025-03-07 13:59:07,618] [INFO] [30141] Received PREPARE: id:1741323542381, from:30111, delay:0.0000s, distance:181.82m (Euclidean)
[2025-03-07 13:59:07,620] [INFO] [30141] Missing PRE-PREPARE for REQUEST 1741323542381; ignoring PREPARE
[2025-03-07 13:59:07,695] [INFO] [30141] Received PREPARE: id:1741323542381, from:30124, delay:0.0001s, distance:218.21m (Euclidean)
[2025-03-07 13:59:07,695] [INFO] [30141] Missing PRE-PREPARE for REQUEST 1741323542381; ignoring PREPARE
[2025-03-07 13:59:07,695] [INFO] [30141] Received COMMIT: id:1741323542381, from:30170, delay:0.0001s, distance:214.96m (Euclidean)
[2025-03-07 13:59:07,719] [INFO] [30141] Received PREPARE: id:1741323542381, from:30011, delay:0.0001s, distance:208.99m (Euclidean)
[2025-03-07 13:59:07,719] [INFO] [30141] Missing PRE-PREPARE for REQUEST 1741323542381; ignoring PREPARE
[2025-03-07 13:59:07,719] [INFO] [30141] Received COMMIT: id:1741323542381, from:30011, delay:0.0001s, distance:208.99m (Euclidean)
[2025-03-07 13:59:07,735] [INFO] [30141] Received COMMIT: id:1741323542381, from:30120, delay:0.0000s, distance:68.17m (Euclidean)
[2025-03-07 13:59:07,739] [INFO] [30141] Received PREPARE: id:1741323542381, from:30177, delay:0.0000s, distance:143.96m (Euclidean)
[2025-03-07 13:59:07,739] [INFO] [30141] Missing PRE-PREPARE for REQUEST 1741323542381; ignoring PREPARE
[2025-03-07 13:59:07,762] [INFO] [30141] Received COMMIT: id:1741323542381, from:30123, delay:0.0000s, distance:122.31m (Euclidean)
[2025-03-07 13:59:07,825] [INFO] [30141] Received COMMIT: id:1741323542381, from:30118, delay:0.0001s, distance:228.43m (Euclidean)
[2025-03-07 13:59:07,854] [INFO] [30141] Received COMMIT: id:1741323542381, from:30111, delay:0.0000s, distance:181.82m (Euclidean)
[2025-03-07 13:59:07,918] [INFO] [30141] Received COMMIT: id:1741323542381, from:30096, delay:0.0001s, distance:227.45m (Euclidean)
[2025-03-07 13:59:07,930] [INFO] [30141] Received COMMIT: id:1741323542381, from:30190, delay:0.0001s, distance:224.54m (Euclidean)
[2025-03-07 13:59:07,937] [INFO] [30141] Received COMMIT: id:1741323542381, from:30136, delay:0.0000s, distance:147.90m (Euclidean)
[2025-03-07 13:59:08,236] [INFO] [30141] Received COMMIT: id:1741323542381, from:30174, delay:0.0000s, distance:46.86m (Euclidean)
[2025-03-07 13:59:08,236] [INFO] [30141] Received COMMIT: id:1741323542381, from:30074, delay:0.0001s, distance:229.56m (Euclidean)
[2025-03-07 13:59:08,236] [INFO] [30141] Received PREPARE: id:1741323542381, from:30102, delay:0.0000s, distance:181.32m (Euclidean)
[2025-03-07 13:59:08,236] [INFO] [30141] Missing PRE-PREPARE for REQUEST 1741323542381; ignoring PREPARE
[2025-03-07 13:59:08,236] [INFO] [30141] Received PREPARE: id:1741323542381, from:30085, delay:0.0001s, distance:213.52m (Euclidean)
[2025-03-07 13:59:08,236] [INFO] [30141] Missing PRE-PREPARE for REQUEST 1741323542381; ignoring PREPARE
[2025-03-07 13:59:08,236] [INFO] [30141] Received PREPARE: id:1741323542381, from:30144, delay:0.0000s, distance:126.63m (Euclidean)
[2025-03-07 13:59:08,236] [INFO] [30141] Missing PRE-PREPARE for REQUEST 1741323542381; ignoring PREPARE
[2025-03-07 13:59:08,236] [INFO] [30141] Received PREPARE: id:1741323542381, from:30007, delay:0.0000s, distance:104.64m (Euclidean)
[2025-03-07 13:59:08,236] [INFO] [30141] Missing PRE-PREPARE for REQUEST 1741323542381; ignoring PREPARE
[2025-03-07 13:59:08,236] [INFO] [30141] Received PREPARE: id:1741323542381, from:30154, delay:0.0000s, distance:149.62m (Euclidean)
[2025-03-07 13:59:08,236] [INFO] [30141] Missing PRE-PREPARE for REQUEST 1741323542381; ignoring PREPARE
[2025-03-07 13:59:08,236] [INFO] [30141] Received PREPARE: id:1741323542381, from:30171, delay:0.0001s, distance:157.77m (Euclidean)
[2025-03-07 13:59:08,236] [INFO] [30141] Missing PRE-PREPARE for REQUEST 1741323542381; ignoring PREPARE
[2025-03-07 13:59:08,236] [INFO] [30141] Received PREPARE: id:1741323542381, from:30130, delay:0.0001s, distance:211.48m (Euclidean)
[2025-03-07 13:59:08,236] [INFO] [30141] Missing PRE-PREPARE for REQUEST 1741323542381; ignoring PREPARE
[2025-03-07 13:59:08,236] [INFO] [30141] Received COMMIT: id:1741323542381, from:30130, delay:0.0001s, distance:211.48m (Euclidean)
[2025-03-07 13:59:08,236] [INFO] [30141] Received COMMIT: id:1741323542381, from:30085, delay:0.0001s, distance:213.52m (Euclidean)
[2025-03-07 13:59:08,236] [INFO] [30141] Received COMMIT: id:1741323542381, from:30144, delay:0.0000s, distance:126.63m (Euclidean)
[2025-03-07 13:59:08,246] [INFO] [30141] Received COMMIT: id:1741323542381, from:30154, delay:0.0000s, distance:149.62m (Euclidean)
[2025-03-07 13:59:08,246] [INFO] [30141] Received COMMIT: id:1741323542381, from:30102, delay:0.0000s, distance:181.32m (Euclidean)
[2025-03-07 13:59:08,246] [INFO] [30141] Received COMMIT: id:1741323542381, from:30007, delay:0.0000s, distance:104.64m (Euclidean)
[2025-03-07 13:59:08,246] [INFO] [30141] Received COMMIT: id:1741323542381, from:30171, delay:0.0001s, distance:157.77m (Euclidean)
[2025-03-07 13:59:08,252] [INFO] [30141] Received COMMIT: id:1741323542381, from:30177, delay:0.0000s, distance:143.96m (Euclidean)
[2025-03-07 13:59:08,347] [INFO] [30141] Received PREPARE: id:1741323542381, from:30129, delay:0.0000s, distance:163.32m (Euclidean)
[2025-03-07 13:59:08,347] [INFO] [30141] Missing PRE-PREPARE for REQUEST 1741323542381; ignoring PREPARE
[2025-03-07 13:59:08,347] [INFO] [30141] Received COMMIT: id:1741323542381, from:30129, delay:0.0000s, distance:163.32m (Euclidean)
[2025-03-07 13:59:08,378] [INFO] [30141] Received COMMIT: id:1741323542381, from:30076, delay:0.0000s, distance:54.09m (Euclidean)
[2025-03-07 13:59:08,525] [INFO] [30141] Received PREPARE: id:1741323542381, from:30157, delay:0.0001s, distance:193.27m (Euclidean)
[2025-03-07 13:59:08,525] [INFO] [30141] Missing PRE-PREPARE for REQUEST 1741323542381; ignoring PREPARE
[2025-03-07 13:59:08,525] [INFO] [30141] Received PREPARE: id:1741323542381, from:30023, delay:0.0000s, distance:127.62m (Euclidean)
[2025-03-07 13:59:08,525] [INFO] [30141] Missing PRE-PREPARE for REQUEST 1741323542381; ignoring PREPARE
[2025-03-07 13:59:08,527] [INFO] [30141] Received COMMIT: id:1741323542381, from:30157, delay:0.0001s, distance:193.27m (Euclidean)
[2025-03-07 13:59:08,527] [INFO] [30141] Received COMMIT: id:1741323542381, from:30023, delay:0.0000s, distance:127.62m (Euclidean)
[2025-03-07 13:59:08,778] [INFO] [30141] Received PREPARE: id:1741323542381, from:30126, delay:0.0001s, distance:238.79m (Euclidean)
[2025-03-07 13:59:08,778] [INFO] [30141] Missing PRE-PREPARE for REQUEST 1741323542381; ignoring PREPARE
[2025-03-07 13:59:08,778] [INFO] [30141] Received COMMIT: id:1741323542381, from:30126, delay:0.0001s, distance:238.79m (Euclidean)
[2025-03-07 13:59:08,793] [INFO] [30141] Received PREPARE: id:1741323542381, from:30168, delay:0.0001s, distance:167.64m (Euclidean)
[2025-03-07 13:59:08,793] [INFO] [30141] Missing PRE-PREPARE for REQUEST 1741323542381; ignoring PREPARE
[2025-03-07 13:59:08,865] [INFO] [30141] Received COMMIT: id:1741323542381, from:30124, delay:0.0001s, distance:218.21m (Euclidean)
[2025-03-07 13:59:08,903] [INFO] [30141] Received COMMIT: id:1741323542381, from:30168, delay:0.0001s, distance:167.64m (Euclidean)
[2025-03-07 13:59:08,907] [INFO] [30141] Received PREPARE: id:1741323542381, from:30158, delay:0.0001s, distance:210.94m (Euclidean)
[2025-03-07 13:59:08,907] [INFO] [30141] Missing PRE-PREPARE for REQUEST 1741323542381; ignoring PREPARE
[2025-03-07 13:59:08,922] [INFO] [30141] Received COMMIT: id:1741323542381, from:30191, delay:0.0000s, distance:95.61m (Euclidean)
[2025-03-07 13:59:08,968] [INFO] [30141] Received PREPARE: id:1741323542381, from:30095, delay:0.0001s, distance:237.91m (Euclidean)
[2025-03-07 13:59:08,968] [INFO] [30141] Missing PRE-PREPARE for REQUEST 1741323542381; ignoring PREPARE
[2025-03-07 13:59:08,970] [INFO] [30141] Received COMMIT: id:1741323542381, from:30095, delay:0.0001s, distance:237.91m (Euclidean)
[2025-03-07 13:59:09,058] [INFO] [30141] Received COMMIT: id:1741323542381, from:30158, delay:0.0001s, distance:210.94m (Euclidean)
[2025-03-07 13:59:09,190] [INFO] [30141] Received PREPARE: id:1741323542381, from:30103, delay:0.0000s, distance:134.36m (Euclidean)
[2025-03-07 13:59:09,190] [INFO] [30141] Missing PRE-PREPARE for REQUEST 1741323542381; ignoring PREPARE
[2025-03-07 13:59:09,190] [INFO] [30141] Received COMMIT: id:1741323542381, from:30103, delay:0.0000s, distance:134.36m (Euclidean)
[2025-03-07 13:59:09,231] [INFO] [30141] Received PREPARE: id:1741323542381, from:30115, delay:0.0000s, distance:138.74m (Euclidean)
[2025-03-07 13:59:09,231] [INFO] [30141] Missing PRE-PREPARE for REQUEST 1741323542381; ignoring PREPARE
[2025-03-07 13:59:09,238] [INFO] [30141] Received COMMIT: id:1741323542381, from:30115, delay:0.0000s, distance:138.74m (Euclidean)
[2025-03-07 13:59:09,238] [INFO] [30141] Received COMMIT: id:1741323542381, from:30189, delay:0.0000s, distance:106.47m (Euclidean)
[2025-03-07 13:59:09,328] [INFO] [30141] Received PREPARE: id:1741323542381, from:30066, delay:0.0001s, distance:207.57m (Euclidean)
[2025-03-07 13:59:09,328] [INFO] [30141] Missing PRE-PREPARE for REQUEST 1741323542381; ignoring PREPARE
[2025-03-07 13:59:09,328] [INFO] [30141] Received COMMIT: id:1741323542381, from:30066, delay:0.0001s, distance:207.57m (Euclidean)
[2025-03-07 13:59:09,452] [INFO] [30141] Received PREPARE: id:1741323542381, from:30048, delay:0.0000s, distance:140.63m (Euclidean)
[2025-03-07 13:59:09,452] [INFO] [30141] Missing PRE-PREPARE for REQUEST 1741323542381; ignoring PREPARE
[2025-03-07 13:59:09,452] [INFO] [30141] Received COMMIT: id:1741323542381, from:30048, delay:0.0000s, distance:140.63m (Euclidean)
[2025-03-07 13:59:09,523] [INFO] [30141] Received PREPARE: id:1741323542381, from:30179, delay:0.0000s, distance:123.47m (Euclidean)
[2025-03-07 13:59:09,523] [INFO] [30141] Missing PRE-PREPARE for REQUEST 1741323542381; ignoring PREPARE
[2025-03-07 13:59:09,523] [INFO] [30141] Received COMMIT: id:1741323542381, from:30179, delay:0.0000s, distance:123.47m (Euclidean)
[2025-03-07 13:59:09,774] [INFO] [30141] Received PREPARE: id:1741323542381, from:30057, delay:0.0001s, distance:210.31m (Euclidean)
[2025-03-07 13:59:09,774] [INFO] [30141] Missing PRE-PREPARE for REQUEST 1741323542381; ignoring PREPARE
[2025-03-07 13:59:09,774] [INFO] [30141] Received COMMIT: id:1741323542381, from:30057, delay:0.0001s, distance:210.31m (Euclidean)
[2025-03-07 13:59:09,831] [INFO] [30141] Received PREPARE: id:1741323542381, from:30199, delay:0.0002s, distance:286.00m (Euclidean)
[2025-03-07 13:59:09,831] [INFO] [30141] Missing PRE-PREPARE for REQUEST 1741323542381; ignoring PREPARE
[2025-03-07 13:59:09,831] [INFO] [30141] Received COMMIT: id:1741323542381, from:30199, delay:0.0002s, distance:286.00m (Euclidean)
[2025-03-07 13:59:09,847] [INFO] [30141] Received PREPARE: id:1741323542381, from:30100, delay:0.0001s, distance:236.47m (Euclidean)
[2025-03-07 13:59:09,847] [INFO] [30141] Missing PRE-PREPARE for REQUEST 1741323542381; ignoring PREPARE
[2025-03-07 13:59:09,847] [INFO] [30141] Received COMMIT: id:1741323542381, from:30100, delay:0.0001s, distance:236.47m (Euclidean)
[2025-03-07 13:59:09,859] [INFO] [30141] Received PREPARE: id:1741323542381, from:30043, delay:0.0000s, distance:124.06m (Euclidean)
[2025-03-07 13:59:09,859] [INFO] [30141] Missing PRE-PREPARE for REQUEST 1741323542381; ignoring PREPARE
[2025-03-07 13:59:09,861] [INFO] [30141] Received COMMIT: id:1741323542381, from:30043, delay:0.0000s, distance:124.06m (Euclidean)
[2025-03-07 13:59:09,901] [INFO] [30141] Received PREPARE: id:1741323542381, from:30024, delay:0.0000s, distance:88.78m (Euclidean)
[2025-03-07 13:59:09,901] [INFO] [30141] Missing PRE-PREPARE for REQUEST 1741323542381; ignoring PREPARE
[2025-03-07 13:59:09,901] [INFO] [30141] Received COMMIT: id:1741323542381, from:30024, delay:0.0000s, distance:88.78m (Euclidean)
[2025-03-07 13:59:10,278] [INFO] [30141] Received PREPARE: id:1741323542381, from:30051, delay:0.0001s, distance:190.12m (Euclidean)
[2025-03-07 13:59:10,278] [INFO] [30141] Missing PRE-PREPARE for REQUEST 1741323542381; ignoring PREPARE
[2025-03-07 13:59:10,278] [INFO] [30141] Received COMMIT: id:1741323542381, from:30051, delay:0.0001s, distance:190.12m (Euclidean)
[2025-03-07 13:59:10,382] [INFO] [30141] Received PREPARE: id:1741323542381, from:30109, delay:0.0001s, distance:232.96m (Euclidean)
[2025-03-07 13:59:10,382] [INFO] [30141] Missing PRE-PREPARE for REQUEST 1741323542381; ignoring PREPARE
[2025-03-07 13:59:10,382] [INFO] [30141] Received COMMIT: id:1741323542381, from:30109, delay:0.0001s, distance:232.96m (Euclidean)
[2025-03-07 13:59:10,909] [INFO] [30141] Received PREPARE: id:1741323542381, from:30121, delay:0.0002s, distance:255.83m (Euclidean)
[2025-03-07 13:59:10,909] [INFO] [30141] Missing PRE-PREPARE for REQUEST 1741323542381; ignoring PREPARE
[2025-03-07 13:59:10,911] [INFO] [30141] Received COMMIT: id:1741323542381, from:30121, delay:0.0002s, distance:255.83m (Euclidean)
[2025-03-07 13:59:11,160] [INFO] [30141] Received PREPARE: id:1741323542381, from:30092, delay:0.0001s, distance:237.85m (Euclidean)
[2025-03-07 13:59:11,160] [INFO] [30141] Missing PRE-PREPARE for REQUEST 1741323542381; ignoring PREPARE
[2025-03-07 13:59:11,160] [INFO] [30141] Received COMMIT: id:1741323542381, from:30092, delay:0.0001s, distance:237.85m (Euclidean)
[2025-03-07 13:59:11,310] [INFO] [30141] Received PREPARE: id:1741323542381, from:30149, delay:0.0000s, distance:91.47m (Euclidean)
[2025-03-07 13:59:11,310] [INFO] [30141] Missing PRE-PREPARE for REQUEST 1741323542381; ignoring PREPARE
[2025-03-07 13:59:11,310] [INFO] [30141] Received COMMIT: id:1741323542381, from:30149, delay:0.0000s, distance:91.47m (Euclidean)
[2025-03-07 13:59:11,411] [INFO] [30141] Received PREPARE: id:1741323542381, from:30150, delay:0.0000s, distance:184.43m (Euclidean)
[2025-03-07 13:59:11,411] [INFO] [30141] Missing PRE-PREPARE for REQUEST 1741323542381; ignoring PREPARE
[2025-03-07 13:59:11,411] [INFO] [30141] Received COMMIT: id:1741323542381, from:30150, delay:0.0000s, distance:184.43m (Euclidean)
[2025-03-07 13:59:11,447] [INFO] [30141] Received PRE-PREPARE: id:1741323542381, from:Leader(30000), delay:0.0000s, distance:158.53m (Euclidean)
[2025-03-07 13:59:11,448] [INFO] [30141] Broadcasting PREPARE for REQUEST 1741323542381
[2025-03-07 13:59:11,459] [INFO] [30141] Not broadcasting to fault node: 30077
[2025-03-07 13:59:11,472] [INFO] [30141] Not broadcasting to fault node: 30184
[2025-03-07 13:59:11,705] [INFO] [30141] Received PREPARE: id:1741323542381, from:30090, delay:0.0000s, distance:164.29m (Euclidean)
[2025-03-07 13:59:11,705] [INFO] [30141] Broadcasting COMMIT for REQUEST 1741323542381
[2025-03-07 13:59:11,722] [INFO] [30141] Not broadcasting to fault node: 30077
[2025-03-07 13:59:11,734] [INFO] [30141] Not broadcasting to fault node: 30184
[2025-03-07 13:59:11,734] [INFO] [30141] Received PREPARE: id:1741323542381, from:30020, delay:0.0000s, distance:87.78m (Euclidean)
[2025-03-07 13:59:11,741] [INFO] [30141] Received PREPARE: id:1741323542381, from:30176, delay:0.0000s, distance:110.41m (Euclidean)
[2025-03-07 13:59:11,741] [INFO] [30141] Received PREPARE: id:1741323542381, from:30108, delay:0.0000s, distance:130.09m (Euclidean)
[2025-03-07 13:59:11,772] [INFO] [30141] Received COMMIT: id:1741323542381, from:30108, delay:0.0000s, distance:130.09m (Euclidean)
[2025-03-07 13:59:11,772] [INFO] [30141] Received COMMIT: id:1741323542381, from:30065, delay:0.0000s, distance:97.73m (Euclidean)
[2025-03-07 13:59:11,774] [INFO] [30141] Received COMMIT: id:1741323542381, from:30020, delay:0.0000s, distance:87.78m (Euclidean)
[2025-03-07 13:59:11,774] [INFO] [30141] Received COMMIT: id:1741323542381, from:30176, delay:0.0000s, distance:110.41m (Euclidean)
[2025-03-07 13:59:11,774] [INFO] [30141] Received COMMIT: id:1741323542381, from:30090, delay:0.0000s, distance:164.29m (Euclidean)
[2025-03-07 13:59:11,780] [INFO] [30141] Received PREPARE: id:1741323542381, from:30065, delay:0.0000s, distance:97.73m (Euclidean)
[2025-03-07 13:59:11,813] [INFO] [30141] Received PREPARE: id:1741323542381, from:30089, delay:0.0001s, distance:168.29m (Euclidean)
[2025-03-07 13:59:11,813] [INFO] [30141] Received COMMIT: id:1741323542381, from:30089, delay:0.0001s, distance:168.29m (Euclidean)
[2025-03-07 13:59:11,813] [INFO] [30141] Received PREPARE: id:1741323542381, from:30113, delay:0.0000s, distance:142.57m (Euclidean)
[2025-03-07 13:59:11,818] [INFO] [30141] Received COMMIT: id:1741323542381, from:30113, delay:0.0000s, distance:142.57m (Euclidean)
[2025-03-07 13:59:11,977] [INFO] [30141] Received PREPARE: id:1741323542381, from:30093, delay:0.0001s, distance:216.71m (Euclidean)
[2025-03-07 13:59:11,977] [INFO] [30141] Received COMMIT: id:1741323542381, from:30093, delay:0.0001s, distance:216.71m (Euclidean)
[2025-03-07 13:59:12,101] [INFO] [30141] Received PREPARE: id:1741323542381, from:30056, delay:0.0001s, distance:187.82m (Euclidean)
[2025-03-07 13:59:12,101] [INFO] [30141] Received COMMIT: id:1741323542381, from:30056, delay:0.0001s, distance:187.82m (Euclidean)
[2025-03-07 13:59:12,255] [INFO] [30141] Received COMMIT: id:1741323542381, from:30000, delay:0.0000s, distance:158.53m (Euclidean)
[2025-03-07 13:59:12,560] [INFO] [30141] Received PREPARE: id:1741323542381, from:30026, delay:0.0000s, distance:82.79m (Euclidean)
[2025-03-07 13:59:12,658] [INFO] [30141] Received PREPARE: id:1741323542381, from:30040, delay:0.0000s, distance:61.57m (Euclidean)
[2025-03-07 13:59:12,660] [INFO] [30141] Received COMMIT: id:1741323542381, from:30040, delay:0.0000s, distance:61.57m (Euclidean)
[2025-03-07 13:59:12,957] [INFO] [30141] Received PREPARE: id:1741323542381, from:30069, delay:0.0000s, distance:200.27m (Euclidean)
[2025-03-07 13:59:13,150] [INFO] [30141] Received PREPARE: id:1741323542381, from:30086, delay:0.0001s, distance:177.80m (Euclidean)
[2025-03-07 13:59:13,150] [INFO] [30141] Received COMMIT: id:1741323542381, from:30086, delay:0.0001s, distance:177.80m (Euclidean)
[2025-03-07 13:59:13,433] [INFO] [30141] Received PREPARE: id:1741323542381, from:30010, delay:0.0000s, distance:147.68m (Euclidean)
[2025-03-07 13:59:14,302] [INFO] [30141] Received COMMIT: id:1741323542381, from:30026, delay:0.0000s, distance:82.79m (Euclidean)
[2025-03-07 13:59:14,696] [INFO] [30141] Received PREPARE: id:1741323542381, from:30153, delay:0.0000s, distance:136.09m (Euclidean)
[2025-03-07 13:59:14,984] [INFO] [30141] Received COMMIT: id:1741323542381, from:30010, delay:0.0000s, distance:147.68m (Euclidean)
[2025-03-07 13:59:15,011] [INFO] [30141] Received PREPARE: id:1741323542381, from:30061, delay:0.0001s, distance:185.16m (Euclidean)
[2025-03-07 13:59:15,056] [INFO] [30141] Received PREPARE: id:1741323542381, from:30034, delay:0.0000s, distance:123.65m (Euclidean)
[2025-03-07 13:59:15,056] [INFO] [30141] Received COMMIT: id:1741323542381, from:30034, delay:0.0000s, distance:123.65m (Euclidean)
[2025-03-07 13:59:15,248] [INFO] [30141] Received PREPARE: id:1741323542381, from:30016, delay:0.0001s, distance:189.55m (Euclidean)
[2025-03-07 13:59:15,267] [INFO] [30141] Received COMMIT: id:1741323542381, from:30016, delay:0.0001s, distance:189.55m (Euclidean)
[2025-03-07 13:59:15,267] [INFO] [30141] Received COMMIT: id:1741323542381, from:30061, delay:0.0001s, distance:185.16m (Euclidean)
[2025-03-07 13:59:15,286] [INFO] [30141] Received PREPARE: id:1741323542381, from:30134, delay:0.0000s, distance:69.28m (Euclidean)
[2025-03-07 13:59:15,286] [INFO] [30141] Received COMMIT: id:1741323542381, from:30134, delay:0.0000s, distance:69.28m (Euclidean)
[2025-03-07 13:59:15,392] [INFO] [30141] Received PREPARE: id:1741323542381, from:30146, delay:0.0002s, distance:283.21m (Euclidean)
[2025-03-07 13:59:15,392] [INFO] [30141] Received COMMIT: id:1741323542381, from:30137, delay:0.0001s, distance:160.36m (Euclidean)
[2025-03-07 13:59:15,392] [INFO] [30141] Received PREPARE: id:1741323542381, from:30137, delay:0.0001s, distance:160.36m (Euclidean)
[2025-03-07 13:59:15,392] [INFO] [30141] Received COMMIT: id:1741323542381, from:30146, delay:0.0002s, distance:283.21m (Euclidean)
[2025-03-07 13:59:15,533] [INFO] [30141] Received PREPARE: id:1741323542381, from:30055, delay:0.0000s, distance:117.63m (Euclidean)
[2025-03-07 13:59:15,964] [INFO] [30141] Received PREPARE: id:1741323542381, from:30159, delay:0.0000s, distance:62.37m (Euclidean)
[2025-03-07 13:59:15,964] [INFO] [30141] Received COMMIT: id:1741323542381, from:30159, delay:0.0000s, distance:62.37m (Euclidean)
[2025-03-07 13:59:16,060] [INFO] [30141] Received COMMIT: id:1741323542381, from:30153, delay:0.0000s, distance:136.09m (Euclidean)
[2025-03-07 13:59:16,074] [INFO] [30141] Received PREPARE: id:1741323542381, from:30006, delay:0.0002s, distance:291.45m (Euclidean)
[2025-03-07 13:59:16,378] [INFO] [30141] Received PREPARE: id:1741323542381, from:30052, delay:0.0002s, distance:261.71m (Euclidean)
[2025-03-07 13:59:16,381] [INFO] [30141] Received COMMIT: id:1741323542381, from:30052, delay:0.0002s, distance:261.71m (Euclidean)
[2025-03-07 13:59:16,703] [INFO] [30141] Received PREPARE: id:1741323542381, from:30125, delay:0.0001s, distance:243.67m (Euclidean)
[2025-03-07 13:59:16,703] [INFO] [30141] Received COMMIT: id:1741323542381, from:30125, delay:0.0001s, distance:243.67m (Euclidean)
[2025-03-07 13:59:17,062] [INFO] [30141] Received PREPARE: id:1741323542381, from:30088, delay:0.0002s, distance:291.39m (Euclidean)
[2025-03-07 13:59:17,064] [INFO] [30141] Received COMMIT: id:1741323542381, from:30088, delay:0.0002s, distance:291.39m (Euclidean)
[2025-03-07 13:59:17,075] [INFO] [30141] Received COMMIT: id:1741323542381, from:30069, delay:0.0000s, distance:200.27m (Euclidean)
[2025-03-07 13:59:17,117] [INFO] [30141] Received PREPARE: id:1741323542381, from:30068, delay:0.0001s, distance:161.70m (Euclidean)
[2025-03-07 13:59:17,117] [INFO] [30141] Received COMMIT: id:1741323542381, from:30068, delay:0.0001s, distance:161.70m (Euclidean)
[2025-03-07 13:59:17,259] [INFO] [30141] Received PREPARE: id:1741323542381, from:30003, delay:0.0001s, distance:227.73m (Euclidean)
[2025-03-07 13:59:17,259] [INFO] [30141] Received COMMIT: id:1741323542381, from:30003, delay:0.0001s, distance:227.73m (Euclidean)
[2025-03-07 13:59:17,348] [INFO] [30141] Received PREPARE: id:1741323542381, from:30067, delay:0.0002s, distance:259.12m (Euclidean)
[2025-03-07 13:59:17,458] [INFO] [30141] Received COMMIT: id:1741323542381, from:30067, delay:0.0002s, distance:259.12m (Euclidean)
[2025-03-07 13:59:17,521] [INFO] [30141] Received PREPARE: id:1741323542381, from:30131, delay:0.0002s, distance:252.50m (Euclidean)
[2025-03-07 13:59:17,521] [INFO] [30141] Received COMMIT: id:1741323542381, from:30131, delay:0.0002s, distance:252.50m (Euclidean)
[2025-03-07 13:59:17,523] [INFO] [30141] Received PREPARE: id:1741323542381, from:30033, delay:0.0001s, distance:178.05m (Euclidean)
[2025-03-07 13:59:17,523] [INFO] [30141] Received COMMIT: id:1741323542381, from:30033, delay:0.0001s, distance:178.05m (Euclidean)
[2025-03-07 13:59:17,588] [INFO] [30141] Received PREPARE: id:1741323542381, from:30079, delay:0.0002s, distance:292.79m (Euclidean)
[2025-03-07 13:59:17,588] [INFO] [30141] Received COMMIT: id:1741323542381, from:30079, delay:0.0002s, distance:292.79m (Euclidean)
[2025-03-07 13:59:17,651] [INFO] [30141] Received COMMIT: id:1741323542381, from:30006, delay:0.0002s, distance:291.45m (Euclidean)
[2025-03-07 13:59:17,802] [INFO] [30141] Received PREPARE: id:1741323542381, from:30197, delay:0.0001s, distance:235.29m (Euclidean)
[2025-03-07 13:59:17,802] [INFO] [30141] Received COMMIT: id:1741323542381, from:30197, delay:0.0001s, distance:235.29m (Euclidean)
[2025-03-07 13:59:17,912] [INFO] [30141] Received PREPARE: id:1741323542381, from:30019, delay:0.0001s, distance:194.23m (Euclidean)
[2025-03-07 13:59:17,912] [INFO] [30141] Received COMMIT: id:1741323542381, from:30019, delay:0.0001s, distance:194.23m (Euclidean)
[2025-03-07 13:59:18,328] [INFO] [30141] Received PREPARE: id:1741323542381, from:30050, delay:0.0001s, distance:211.13m (Euclidean)
[2025-03-07 13:59:18,329] [INFO] [30141] Received COMMIT: id:1741323542381, from:30050, delay:0.0001s, distance:211.13m (Euclidean)
[2025-03-07 13:59:18,438] [INFO] [30141] Received PREPARE: id:1741323542381, from:30143, delay:0.0001s, distance:242.75m (Euclidean)
[2025-03-07 13:59:18,438] [INFO] [30141] Received COMMIT: id:1741323542381, from:30143, delay:0.0001s, distance:242.75m (Euclidean)
[2025-03-07 13:59:18,660] [INFO] [30141] Received PREPARE: id:1741323542381, from:30173, delay:0.0001s, distance:216.04m (Euclidean)
[2025-03-07 13:59:18,670] [INFO] [30141] Received COMMIT: id:1741323542381, from:30173, delay:0.0001s, distance:216.04m (Euclidean)
[2025-03-07 13:59:18,702] [INFO] [30141] Received PREPARE: id:1741323542381, from:30031, delay:0.0001s, distance:227.08m (Euclidean)
[2025-03-07 13:59:18,702] [INFO] [30141] Received COMMIT: id:1741323542381, from:30031, delay:0.0001s, distance:227.08m (Euclidean)
[2025-03-07 13:59:19,018] [INFO] [30141] Received COMMIT: id:1741323542381, from:30055, delay:0.0000s, distance:117.63m (Euclidean)
[2025-03-07 13:59:19,022] [INFO] [30141] Received PREPARE: id:1741323542381, from:30135, delay:0.0002s, distance:284.45m (Euclidean)
[2025-03-07 13:59:19,023] [INFO] [30141] Received COMMIT: id:1741323542381, from:30135, delay:0.0002s, distance:284.45m (Euclidean)
[2025-03-07 13:59:19,339] [INFO] [30141] Received PREPARE: id:1741323542381, from:30165, delay:0.0002s, distance:268.24m (Euclidean)
[2025-03-07 13:59:19,339] [INFO] [30141] Received COMMIT: id:1741323542381, from:30165, delay:0.0002s, distance:268.24m (Euclidean)
[2025-03-07 13:59:19,783] [INFO] [30141] Received PREPARE: id:1741323542381, from:30105, delay:0.0001s, distance:234.78m (Euclidean)
[2025-03-07 13:59:19,785] [INFO] [30141] Received COMMIT: id:1741323542381, from:30105, delay:0.0001s, distance:234.78m (Euclidean)
[2025-03-07 13:59:19,785] [INFO] [30141] Received PREPARE: id:1741323542381, from:30132, delay:0.0001s, distance:217.41m (Euclidean)
[2025-03-07 13:59:19,785] [INFO] [30141] Received COMMIT: id:1741323542381, from:30132, delay:0.0001s, distance:217.41m (Euclidean)
[2025-03-07 13:59:19,940] [INFO] [30141] Received PREPARE: id:1741323542381, from:30117, delay:0.0000s, distance:103.48m (Euclidean)
[2025-03-07 13:59:19,963] [INFO] [30141] Received COMMIT: id:1741323542381, from:30117, delay:0.0000s, distance:103.48m (Euclidean)
[2025-03-07 13:59:20,123] [INFO] [30141] Received PREPARE: id:1741323542381, from:30122, delay:0.0002s, distance:287.24m (Euclidean)
[2025-03-07 13:59:20,123] [INFO] [30141] Received COMMIT: id:1741323542381, from:30122, delay:0.0002s, distance:287.24m (Euclidean)
[2025-03-07 13:59:20,273] [INFO] [30141] Received PREPARE: id:1741323542381, from:30032, delay:0.0002s, distance:281.88m (Euclidean)
[2025-03-07 13:59:20,273] [INFO] [30141] Received PREPARE: id:1741323542381, from:30071, delay:0.0001s, distance:230.01m (Euclidean)
[2025-03-07 13:59:20,273] [INFO] [30141] Received COMMIT: id:1741323542381, from:30071, delay:0.0001s, distance:230.01m (Euclidean)
[2025-03-07 13:59:20,273] [INFO] [30141] Received COMMIT: id:1741323542381, from:30032, delay:0.0002s, distance:281.88m (Euclidean)
[2025-03-07 13:59:20,464] [INFO] [30141] Received PREPARE: id:1741323542381, from:30101, delay:0.0000s, distance:71.02m (Euclidean)
[2025-03-07 13:59:20,873] [INFO] [30141] Received PREPARE: id:1741323542381, from:30083, delay:0.0001s, distance:159.22m (Euclidean)
[2025-03-07 13:59:20,933] [INFO] [30141] Received COMMIT: id:1741323542381, from:30083, delay:0.0001s, distance:159.22m (Euclidean)
[2025-03-07 13:59:20,966] [INFO] [30141] Received PREPARE: id:1741323542381, from:30160, delay:0.0000s, distance:88.38m (Euclidean)
[2025-03-07 13:59:20,966] [INFO] [30141] Received PREPARE: id:1741323542381, from:30114, delay:0.0002s, distance:283.42m (Euclidean)
[2025-03-07 13:59:20,966] [INFO] [30141] Received COMMIT: id:1741323542381, from:30114, delay:0.0002s, distance:283.42m (Euclidean)
[2025-03-07 13:59:20,966] [INFO] [30141] Received COMMIT: id:1741323542381, from:30160, delay:0.0000s, distance:88.38m (Euclidean)
[2025-03-07 13:59:21,142] [INFO] [30141] Received PREPARE: id:1741323542381, from:30042, delay:0.0001s, distance:211.90m (Euclidean)
[2025-03-07 13:59:21,169] [INFO] [30141] Received PREPARE: id:1741323542381, from:30091, delay:0.0001s, distance:199.74m (Euclidean)
[2025-03-07 13:59:21,169] [INFO] [30141] Received COMMIT: id:1741323542381, from:30091, delay:0.0001s, distance:199.74m (Euclidean)
[2025-03-07 13:59:21,169] [INFO] [30141] Received COMMIT: id:1741323542381, from:30042, delay:0.0001s, distance:211.90m (Euclidean)
[2025-03-07 13:59:21,235] [INFO] [30141] Received PREPARE: id:1741323542381, from:30008, delay:0.0000s, distance:158.26m (Euclidean)
[2025-03-07 13:59:21,321] [INFO] [30141] Received PREPARE: id:1741323542381, from:30193, delay:0.0001s, distance:212.79m (Euclidean)
[2025-03-07 13:59:21,321] [INFO] [30141] Received COMMIT: id:1741323542381, from:30193, delay:0.0001s, distance:212.79m (Euclidean)
[2025-03-07 13:59:21,332] [INFO] [30141] Received COMMIT: id:1741323542381, from:30008, delay:0.0000s, distance:158.26m (Euclidean)
[2025-03-07 13:59:21,566] [INFO] [30141] Received PREPARE: id:1741323542381, from:30036, delay:0.0002s, distance:267.98m (Euclidean)
[2025-03-07 13:59:21,569] [INFO] [30141] Received COMMIT: id:1741323542381, from:30036, delay:0.0002s, distance:267.98m (Euclidean)
[2025-03-07 13:59:21,788] [INFO] [30141] Received PREPARE: id:1741323542381, from:30058, delay:0.0001s, distance:224.91m (Euclidean)
[2025-03-07 13:59:21,788] [INFO] [30141] Received COMMIT: id:1741323542381, from:30058, delay:0.0001s, distance:224.91m (Euclidean)
[2025-03-07 13:59:21,829] [INFO] [30141] Received PREPARE: id:1741323542381, from:30073, delay:0.0002s, distance:292.37m (Euclidean)
[2025-03-07 13:59:21,829] [INFO] [30141] Received COMMIT: id:1741323542381, from:30073, delay:0.0002s, distance:292.37m (Euclidean)
[2025-03-07 13:59:22,030] [INFO] [30141] Received PREPARE: id:1741323542381, from:30198, delay:0.0001s, distance:194.37m (Euclidean)
[2025-03-07 13:59:22,030] [INFO] [30141] Received COMMIT: id:1741323542381, from:30198, delay:0.0001s, distance:194.37m (Euclidean)
[2025-03-07 13:59:22,233] [INFO] [30141] Received PREPARE: id:1741323542381, from:30017, delay:0.0001s, distance:223.74m (Euclidean)
[2025-03-07 13:59:22,235] [INFO] [30141] Received COMMIT: id:1741323542381, from:30017, delay:0.0001s, distance:223.74m (Euclidean)
[2025-03-07 13:59:22,235] [INFO] [30141] Received COMMIT: id:1741323542381, from:30101, delay:0.0000s, distance:71.02m (Euclidean)
[2025-03-07 13:59:22,342] [INFO] [30141] Received PREPARE: id:1741323542381, from:30064, delay:0.0000s, distance:86.93m (Euclidean)
[2025-03-07 13:59:22,342] [INFO] [30141] Received COMMIT: id:1741323542381, from:30064, delay:0.0000s, distance:86.93m (Euclidean)
[2025-03-07 13:59:22,531] [INFO] [30141] Received PREPARE: id:1741323542381, from:30045, delay:0.0001s, distance:187.53m (Euclidean)
[2025-03-07 13:59:22,531] [INFO] [30141] Received COMMIT: id:1741323542381, from:30045, delay:0.0001s, distance:187.53m (Euclidean)
[2025-03-07 13:59:22,604] [INFO] [30141] Received PREPARE: id:1741323542381, from:30162, delay:0.0001s, distance:246.84m (Euclidean)
[2025-03-07 13:59:22,604] [INFO] [30141] Received PREPARE: id:1741323542381, from:30140, delay:0.0001s, distance:198.29m (Euclidean)
[2025-03-07 13:59:22,612] [INFO] [30141] Received COMMIT: id:1741323542381, from:30162, delay:0.0001s, distance:246.84m (Euclidean)
[2025-03-07 13:59:22,612] [INFO] [30141] Received COMMIT: id:1741323542381, from:30140, delay:0.0001s, distance:198.29m (Euclidean)
[2025-03-07 13:59:22,777] [INFO] [30141] Received PREPARE: id:1741323542381, from:30001, delay:0.0002s, distance:270.18m (Euclidean)
[2025-03-07 13:59:22,780] [INFO] [30141] Received COMMIT: id:1741323542381, from:30001, delay:0.0002s, distance:270.18m (Euclidean)
[2025-03-07 13:59:22,999] [INFO] [30141] Received PREPARE: id:1741323542381, from:30194, delay:0.0000s, distance:74.25m (Euclidean)
[2025-03-07 13:59:23,002] [INFO] [30141] Received COMMIT: id:1741323542381, from:30194, delay:0.0000s, distance:74.25m (Euclidean)
[2025-03-07 13:59:23,173] [INFO] [30141] Received PREPARE: id:1741323542381, from:30142, delay:0.0002s, distance:276.67m (Euclidean)
[2025-03-07 13:59:23,173] [INFO] [30141] Received COMMIT: id:1741323542381, from:30142, delay:0.0002s, distance:276.67m (Euclidean)
[2025-03-07 13:59:23,318] [INFO] [30141] Received PREPARE: id:1741323542381, from:30188, delay:0.0001s, distance:223.42m (Euclidean)
[2025-03-07 13:59:23,318] [INFO] [30141] Received COMMIT: id:1741323542381, from:30188, delay:0.0001s, distance:223.42m (Euclidean)
[2025-03-07 13:59:23,450] [INFO] [30141] Received PREPARE: id:1741323542381, from:30022, delay:0.0001s, distance:165.84m (Euclidean)
[2025-03-07 13:59:23,450] [INFO] [30141] Received COMMIT: id:1741323542381, from:30022, delay:0.0001s, distance:165.84m (Euclidean)
[2025-03-07 13:59:23,609] [INFO] [30141] Received PREPARE: id:1741323542381, from:30139, delay:0.0001s, distance:221.61m (Euclidean)
[2025-03-07 13:59:23,609] [INFO] [30141] Received COMMIT: id:1741323542381, from:30139, delay:0.0001s, distance:221.61m (Euclidean)
[2025-03-07 13:59:23,849] [INFO] [30141] Received PREPARE: id:1741323542381, from:30039, delay:0.0001s, distance:225.86m (Euclidean)
[2025-03-07 13:59:23,860] [INFO] [30141] Received COMMIT: id:1741323542381, from:30039, delay:0.0001s, distance:225.86m (Euclidean)
[2025-03-07 13:59:24,208] [INFO] [30141] Received PREPARE: id:1741323542381, from:30138, delay:0.0002s, distance:254.25m (Euclidean)
[2025-03-07 13:59:24,211] [INFO] [30141] Received COMMIT: id:1741323542381, from:30138, delay:0.0002s, distance:254.25m (Euclidean)
[2025-03-07 13:59:24,249] [INFO] [30141] Received PREPARE: id:1741323542381, from:30156, delay:0.0000s, distance:119.66m (Euclidean)
[2025-03-07 13:59:24,249] [INFO] [30141] Received COMMIT: id:1741323542381, from:30156, delay:0.0000s, distance:119.66m (Euclidean)
[2025-03-07 13:59:24,490] [INFO] [30141] Received PREPARE: id:1741323542381, from:30151, delay:0.0001s, distance:210.51m (Euclidean)
[2025-03-07 13:59:24,490] [INFO] [30141] Received COMMIT: id:1741323542381, from:30151, delay:0.0001s, distance:210.51m (Euclidean)
[2025-03-07 13:59:24,703] [INFO] [30141] Received PREPARE: id:1741323542381, from:30081, delay:0.0000s, distance:58.28m (Euclidean)
[2025-03-07 13:59:24,703] [INFO] [30141] Received COMMIT: id:1741323542381, from:30081, delay:0.0000s, distance:58.28m (Euclidean)
[2025-03-07 13:59:24,870] [INFO] [30141] Received PREPARE: id:1741323542381, from:30166, delay:0.0001s, distance:235.48m (Euclidean)
[2025-03-07 13:59:24,877] [INFO] [30141] Received COMMIT: id:1741323542381, from:30166, delay:0.0001s, distance:235.48m (Euclidean)
[2025-03-07 13:59:24,925] [INFO] [30141] Received PREPARE: id:1741323542381, from:30187, delay:0.0001s, distance:240.99m (Euclidean)
[2025-03-07 13:59:24,925] [INFO] [30141] Received COMMIT: id:1741323542381, from:30187, delay:0.0001s, distance:240.99m (Euclidean)
[2025-03-07 13:59:25,190] [INFO] [30141] Received PREPARE: id:1741323542381, from:30094, delay:0.0001s, distance:240.03m (Euclidean)
[2025-03-07 13:59:25,191] [INFO] [30141] Received COMMIT: id:1741323542381, from:30094, delay:0.0001s, distance:240.03m (Euclidean)
[2025-03-07 13:59:25,813] [INFO] [30141] Received PREPARE: id:1741323542381, from:30038, delay:0.0001s, distance:193.50m (Euclidean)
[2025-03-07 13:59:25,820] [INFO] [30141] Received COMMIT: id:1741323542381, from:30038, delay:0.0001s, distance:193.50m (Euclidean)
[2025-03-07 13:59:26,552] [INFO] [30141] Received PREPARE: id:1741323542381, from:30084, delay:0.0002s, distance:251.16m (Euclidean)
[2025-03-07 13:59:26,552] [INFO] [30141] Received COMMIT: id:1741323542381, from:30084, delay:0.0002s, distance:251.16m (Euclidean)
[2025-03-07 13:59:26,604] [INFO] [30141] Received PREPARE: id:1741323542381, from:30104, delay:0.0001s, distance:190.10m (Euclidean)
[2025-03-07 13:59:26,606] [INFO] [30141] Received COMMIT: id:1741323542381, from:30104, delay:0.0001s, distance:190.10m (Euclidean)
[2025-03-07 13:59:26,644] [INFO] [30141] Received PREPARE: id:1741323542381, from:30099, delay:0.0000s, distance:131.67m (Euclidean)
[2025-03-07 13:59:26,644] [INFO] [30141] Received COMMIT: id:1741323542381, from:30099, delay:0.0000s, distance:131.67m (Euclidean)
[2025-03-07 13:59:26,944] [INFO] [30141] Received PREPARE: id:1741323542381, from:30148, delay:0.0002s, distance:262.01m (Euclidean)
[2025-03-07 13:59:26,944] [INFO] [30141] Received COMMIT: id:1741323542381, from:30148, delay:0.0002s, distance:262.01m (Euclidean)
[2025-03-07 13:59:26,994] [INFO] [30141] Received PREPARE: id:1741323542381, from:30075, delay:0.0002s, distance:272.09m (Euclidean)
[2025-03-07 13:59:26,995] [INFO] [30141] Received COMMIT: id:1741323542381, from:30075, delay:0.0002s, distance:272.09m (Euclidean)
[2025-03-07 13:59:27,114] [INFO] [30141] Received PREPARE: id:1741323542381, from:30152, delay:0.0001s, distance:234.34m (Euclidean)
[2025-03-07 13:59:27,114] [INFO] [30141] Received COMMIT: id:1741323542381, from:30152, delay:0.0001s, distance:234.34m (Euclidean)
[2025-03-07 13:59:27,139] [INFO] [30141] Received PREPARE: id:1741323542381, from:30009, delay:0.0001s, distance:211.12m (Euclidean)
[2025-03-07 13:59:27,140] [INFO] [30141] Received COMMIT: id:1741323542381, from:30009, delay:0.0001s, distance:211.12m (Euclidean)
[2025-03-07 13:59:27,286] [INFO] [30141] Received PREPARE: id:1741323542381, from:30186, delay:0.0000s, distance:99.23m (Euclidean)
[2025-03-07 13:59:27,286] [INFO] [30141] Received COMMIT: id:1741323542381, from:30186, delay:0.0000s, distance:99.23m (Euclidean)
[2025-03-07 13:59:27,946] [INFO] [30141] Received PREPARE: id:1741323542381, from:30082, delay:0.0001s, distance:225.50m (Euclidean)
[2025-03-07 13:59:27,947] [INFO] [30141] Received COMMIT: id:1741323542381, from:30082, delay:0.0001s, distance:225.50m (Euclidean)
[2025-03-07 13:59:28,020] [INFO] [30141] Received PREPARE: id:1741323542381, from:30163, delay:0.0001s, distance:189.99m (Euclidean)
[2025-03-07 13:59:28,024] [INFO] [30141] Received COMMIT: id:1741323542381, from:30163, delay:0.0001s, distance:189.99m (Euclidean)
[2025-03-07 13:59:28,401] [INFO] [30141] Received PREPARE: id:1741323542381, from:30030, delay:0.0001s, distance:163.23m (Euclidean)
[2025-03-07 13:59:28,407] [INFO] [30141] Received COMMIT: id:1741323542381, from:30030, delay:0.0001s, distance:163.23m (Euclidean)
[2025-03-07 13:59:28,577] [INFO] [30141] Received PREPARE: id:1741323542381, from:30044, delay:0.0001s, distance:238.11m (Euclidean)
[2025-03-07 13:59:28,577] [INFO] [30141] Received COMMIT: id:1741323542381, from:30044, delay:0.0001s, distance:238.11m (Euclidean)
[2025-03-07 13:59:28,612] [INFO] [30141] Received PREPARE: id:1741323542381, from:30183, delay:0.0001s, distance:241.93m (Euclidean)
[2025-03-07 13:59:28,621] [INFO] [30141] Received COMMIT: id:1741323542381, from:30183, delay:0.0001s, distance:241.93m (Euclidean)
[2025-03-07 13:59:33,328] [INFO] [30141] Received PREPARE: id:1741323542381, from:30018, delay:0.0001s, distance:202.82m (Euclidean)
[2025-03-07 13:59:34,071] [INFO] [30141] Received PREPARE: id:1741323542381, from:30047, delay:0.0002s, distance:290.27m (Euclidean)
[2025-03-07 13:59:36,989] [INFO] [30141] Received COMMIT: id:1741323542381, from:30018, delay:0.0001s, distance:202.82m (Euclidean)
[2025-03-07 13:59:37,509] [INFO] [30141] Received PREPARE: id:1741323542381, from:30172, delay:0.0002s, distance:278.25m (Euclidean)
[2025-03-07 13:59:38,117] [INFO] [30141] Received PREPARE: id:1741323542381, from:30002, delay:0.0000s, distance:78.17m (Euclidean)
[2025-03-07 13:59:38,266] [INFO] [30141] Received COMMIT: id:1741323542381, from:30185, delay:0.0001s, distance:215.99m (Euclidean)
[2025-03-07 13:59:38,281] [INFO] [30141] Received COMMIT: id:1741323542381, from:30002, delay:0.0000s, distance:78.17m (Euclidean)
[2025-03-07 13:59:38,338] [INFO] [30141] Received PREPARE: id:1741323542381, from:30078, delay:0.0002s, distance:267.49m (Euclidean)
[2025-03-07 13:59:38,502] [INFO] [30141] Received COMMIT: id:1741323542381, from:30097, delay:0.0000s, distance:118.38m (Euclidean)
[2025-03-07 13:59:38,533] [INFO] [30141] Received PREPARE: id:1741323542381, from:30192, delay:0.0001s, distance:214.14m (Euclidean)
[2025-03-07 13:59:38,538] [INFO] [30141] Received COMMIT: id:1741323542381, from:30078, delay:0.0002s, distance:267.49m (Euclidean)
[2025-03-07 13:59:38,664] [INFO] [30141] Received COMMIT: id:1741323542381, from:30192, delay:0.0001s, distance:214.14m (Euclidean)
[2025-03-07 13:59:38,675] [INFO] [30141] Received PREPARE: id:1741323542381, from:30164, delay:0.0001s, distance:241.27m (Euclidean)
[2025-03-07 13:59:38,835] [INFO] [30141] Received COMMIT: id:1741323542381, from:30164, delay:0.0001s, distance:241.27m (Euclidean)
