[2025-03-11 17:49:30,771] [INFO] Node started: localhost:30172 | index=173 | f=1, k=4
[2025-03-11 17:49:38,427] [INFO] [30172] PRE-PREPARE received: {'request_id': 1741682977666, 'data': 'llapbft_message_1741682977666', 'timestamp': 1741682977.7055552, 'leader': 30004, 'cluster_id': 0, 'cluster_ports': [30000, 30004, 30006, 30007, 30011, 30015, 30018, 30023, 30027, 30036, 30039, 30041, 30042, 30043, 30044, 30046, 30049, 30053, 30059, 30061, 30065, 30066, 30070, 30074, 30078, 30083, 30094, 30096, 30098, 30100, 30102, 30104, 30108, 30109, 30110, 30111, 30113, 30115, 30116, 30126, 30131, 30132, 30139, 30147, 30150, 30151, 30154, 30161, 30162, 30170, 30172, 30176, 30177, 30181, 30185, 30187, 30189], 'cluster_manager': {'host': 'localhost', 'port': 30074, 'latitude': 36.6269982, 'longitude': 127.4590819, 'altitude': 88, 'offset_m': 'lat: 44 m, lng: 51 m, alt: 88 m'}, 'simulated_delay': 0.00024166666666666667, 'distance': 131.75188897530793, 'message_size_bits': 5800}
[2025-03-11 17:49:38,439] [INFO] [30172] Broadcasting PREPARE: REQUEST 1741682977666
[2025-03-11 17:49:38,735] [INFO] [30172] PREPARE received from 30078 for REQUEST 1741682977666
[2025-03-11 17:49:38,735] [INFO] [30172] Broadcasting COMMIT: REQUEST 1741682977666
[2025-03-11 17:49:38,735] [INFO] [30172] PREPARE received from 30100 for REQUEST 1741682977666
[2025-03-11 17:49:38,935] [INFO] [30172] COMMIT received from 30100 for REQUEST 1741682977666
[2025-03-11 17:49:39,164] [INFO] [30172] COMMIT received from 30078 for REQUEST 1741682977666
[2025-03-11 17:49:39,164] [INFO] [30172] COMMIT complete. Sending PRE-REPLY: REQUEST 1741682977666 directly to Manager 30074
[2025-03-11 17:49:39,164] [INFO] [30172] PREPARE received from 30011 for REQUEST 1741682977666
[2025-03-11 17:49:39,739] [INFO] [30172] PREPARE received from 30006 for REQUEST 1741682977666
[2025-03-11 17:49:39,739] [INFO] [30172] COMMIT received from 30006 for REQUEST 1741682977666
[2025-03-11 17:49:39,929] [INFO] [30172] COMMIT received from 30011 for REQUEST 1741682977666
[2025-03-11 17:49:40,142] [INFO] [30172] PREPARE received from 30126 for REQUEST 1741682977666
[2025-03-11 17:49:40,142] [INFO] [30172] COMMIT received from 30126 for REQUEST 1741682977666
[2025-03-11 17:49:40,294] [INFO] [30172] PREPARE received from 30162 for REQUEST 1741682977666
[2025-03-11 17:49:40,294] [INFO] [30172] COMMIT received from 30162 for REQUEST 1741682977666
[2025-03-11 17:49:40,385] [INFO] [30172] PREPARE received from 30110 for REQUEST 1741682977666
[2025-03-11 17:49:40,385] [INFO] [30172] COMMIT received from 30110 for REQUEST 1741682977666
[2025-03-11 17:49:40,590] [INFO] [30172] PREPARE received from 30116 for REQUEST 1741682977666
[2025-03-11 17:49:40,590] [INFO] [30172] COMMIT received from 30116 for REQUEST 1741682977666
[2025-03-11 17:49:40,643] [INFO] [30172] PREPARE received from 30151 for REQUEST 1741682977666
[2025-03-11 17:49:40,643] [INFO] [30172] COMMIT received from 30151 for REQUEST 1741682977666
[2025-03-11 17:49:40,779] [INFO] [30172] PREPARE received from 30096 for REQUEST 1741682977666
[2025-03-11 17:49:40,779] [INFO] [30172] COMMIT received from 30096 for REQUEST 1741682977666
[2025-03-11 17:49:40,897] [INFO] [30172] PREPARE received from 30059 for REQUEST 1741682977666
[2025-03-11 17:49:40,899] [INFO] [30172] COMMIT received from 30059 for REQUEST 1741682977666
[2025-03-11 17:49:41,217] [INFO] [30172] PREPARE received from 30170 for REQUEST 1741682977666
[2025-03-11 17:49:41,217] [INFO] [30172] COMMIT received from 30170 for REQUEST 1741682977666
[2025-03-11 17:49:41,919] [INFO] [30172] COMMIT received from 30004 for REQUEST 1741682977666
[2025-03-11 17:49:42,581] [INFO] [30172] PREPARE received from 30018 for REQUEST 1741682977666
[2025-03-11 17:49:42,581] [INFO] [30172] COMMIT received from 30018 for REQUEST 1741682977666
[2025-03-11 17:49:42,609] [INFO] [30172] PREPARE received from 30187 for REQUEST 1741682977666
[2025-03-11 17:49:42,611] [INFO] [30172] COMMIT received from 30187 for REQUEST 1741682977666
[2025-03-11 17:49:42,996] [INFO] [30172] PREPARE received from 30139 for REQUEST 1741682977666
[2025-03-11 17:49:42,996] [INFO] [30172] COMMIT received from 30139 for REQUEST 1741682977666
[2025-03-11 17:49:43,104] [INFO] [30172] PREPARE received from 30039 for REQUEST 1741682977666
[2025-03-11 17:49:43,104] [INFO] [30172] COMMIT received from 30039 for REQUEST 1741682977666
[2025-03-11 17:49:43,302] [INFO] [30172] PREPARE received from 30042 for REQUEST 1741682977666
[2025-03-11 17:49:43,307] [INFO] [30172] COMMIT received from 30042 for REQUEST 1741682977666
[2025-03-11 17:49:43,452] [INFO] [30172] PREPARE received from 30111 for REQUEST 1741682977666
[2025-03-11 17:49:43,481] [INFO] [30172] COMMIT received from 30111 for REQUEST 1741682977666
[2025-03-11 17:49:43,488] [INFO] [30172] PREPARE received from 30147 for REQUEST 1741682977666
[2025-03-11 17:49:43,488] [INFO] [30172] COMMIT received from 30147 for REQUEST 1741682977666
[2025-03-11 17:49:43,488] [INFO] [30172] PREPARE received from 30109 for REQUEST 1741682977666
[2025-03-11 17:49:43,488] [INFO] [30172] COMMIT received from 30109 for REQUEST 1741682977666
[2025-03-11 17:49:43,560] [INFO] [30172] PREPARE received from 30185 for REQUEST 1741682977666
[2025-03-11 17:49:43,571] [INFO] [30172] COMMIT received from 30185 for REQUEST 1741682977666
[2025-03-11 17:49:43,699] [INFO] [30172] PREPARE received from 30036 for REQUEST 1741682977666
[2025-03-11 17:49:43,699] [INFO] [30172] COMMIT received from 30036 for REQUEST 1741682977666
[2025-03-11 17:49:43,814] [INFO] [30172] PREPARE received from 30000 for REQUEST 1741682977666
[2025-03-11 17:49:43,814] [INFO] [30172] COMMIT received from 30000 for REQUEST 1741682977666
[2025-03-11 17:49:43,884] [INFO] [30172] PREPARE received from 30102 for REQUEST 1741682977666
[2025-03-11 17:49:43,884] [INFO] [30172] COMMIT received from 30102 for REQUEST 1741682977666
[2025-03-11 17:49:43,998] [INFO] [30172] PREPARE received from 30150 for REQUEST 1741682977666
[2025-03-11 17:49:44,008] [INFO] [30172] COMMIT received from 30150 for REQUEST 1741682977666
[2025-03-11 17:49:44,053] [INFO] [30172] PREPARE received from 30044 for REQUEST 1741682977666
[2025-03-11 17:49:44,061] [INFO] [30172] COMMIT received from 30044 for REQUEST 1741682977666
[2025-03-11 17:49:44,061] [INFO] [30172] PREPARE received from 30113 for REQUEST 1741682977666
[2025-03-11 17:49:44,088] [INFO] [30172] COMMIT received from 30113 for REQUEST 1741682977666
[2025-03-11 17:49:44,193] [INFO] [30172] PREPARE received from 30177 for REQUEST 1741682977666
[2025-03-11 17:49:44,193] [INFO] [30172] COMMIT received from 30177 for REQUEST 1741682977666
[2025-03-11 17:49:44,295] [INFO] [30172] PREPARE received from 30007 for REQUEST 1741682977666
[2025-03-11 17:49:44,295] [INFO] [30172] COMMIT received from 30007 for REQUEST 1741682977666
[2025-03-11 17:49:44,305] [INFO] [30172] PREPARE received from 30154 for REQUEST 1741682977666
[2025-03-11 17:49:44,305] [INFO] [30172] COMMIT received from 30154 for REQUEST 1741682977666
[2025-03-11 17:49:44,317] [INFO] [30172] PREPARE received from 30131 for REQUEST 1741682977666
[2025-03-11 17:49:44,345] [INFO] [30172] COMMIT received from 30131 for REQUEST 1741682977666
[2025-03-11 17:49:44,386] [INFO] [30172] PREPARE received from 30066 for REQUEST 1741682977666
[2025-03-11 17:49:44,387] [INFO] [30172] COMMIT received from 30066 for REQUEST 1741682977666
[2025-03-11 17:49:44,389] [INFO] [30172] PREPARE received from 30161 for REQUEST 1741682977666
[2025-03-11 17:49:44,389] [INFO] [30172] COMMIT received from 30161 for REQUEST 1741682977666
[2025-03-11 17:49:44,487] [INFO] [30172] PREPARE received from 30132 for REQUEST 1741682977666
[2025-03-11 17:49:44,487] [INFO] [30172] COMMIT received from 30132 for REQUEST 1741682977666
[2025-03-11 17:49:44,580] [INFO] [30172] PREPARE received from 30094 for REQUEST 1741682977666
[2025-03-11 17:49:44,580] [INFO] [30172] COMMIT received from 30094 for REQUEST 1741682977666
[2025-03-11 17:49:44,614] [INFO] [30172] PREPARE received from 30098 for REQUEST 1741682977666
[2025-03-11 17:49:44,624] [INFO] [30172] COMMIT received from 30098 for REQUEST 1741682977666
[2025-03-11 17:49:44,659] [INFO] [30172] PREPARE received from 30043 for REQUEST 1741682977666
[2025-03-11 17:49:44,659] [INFO] [30172] PREPARE received from 30108 for REQUEST 1741682977666
[2025-03-11 17:49:44,659] [INFO] [30172] PREPARE received from 30041 for REQUEST 1741682977666
[2025-03-11 17:49:44,661] [INFO] [30172] COMMIT received from 30041 for REQUEST 1741682977666
[2025-03-11 17:49:44,661] [INFO] [30172] COMMIT received from 30043 for REQUEST 1741682977666
[2025-03-11 17:49:44,661] [INFO] [30172] COMMIT received from 30108 for REQUEST 1741682977666
[2025-03-11 17:49:44,740] [INFO] [30172] PREPARE received from 30115 for REQUEST 1741682977666
[2025-03-11 17:49:44,746] [INFO] [30172] COMMIT received from 30115 for REQUEST 1741682977666
[2025-03-11 17:49:44,782] [INFO] [30172] PREPARE received from 30181 for REQUEST 1741682977666
[2025-03-11 17:49:44,838] [INFO] [30172] PREPARE received from 30065 for REQUEST 1741682977666
[2025-03-11 17:49:44,840] [INFO] [30172] PREPARE received from 30070 for REQUEST 1741682977666
[2025-03-11 17:49:44,840] [INFO] [30172] COMMIT received from 30181 for REQUEST 1741682977666
[2025-03-11 17:49:44,868] [INFO] [30172] COMMIT received from 30070 for REQUEST 1741682977666
[2025-03-11 17:49:44,868] [INFO] [30172] COMMIT received from 30053 for REQUEST 1741682977666
[2025-03-11 17:49:44,868] [INFO] [30172] PREPARE received from 30053 for REQUEST 1741682977666
[2025-03-11 17:49:44,870] [INFO] [30172] COMMIT received from 30065 for REQUEST 1741682977666
[2025-03-11 17:49:44,872] [INFO] [30172] PREPARE received from 30027 for REQUEST 1741682977666
[2025-03-11 17:49:44,872] [INFO] [30172] COMMIT received from 30027 for REQUEST 1741682977666
[2025-03-11 17:49:44,884] [INFO] [30172] PREPARE received from 30176 for REQUEST 1741682977666
[2025-03-11 17:49:44,884] [INFO] [30172] PREPARE received from 30061 for REQUEST 1741682977666
[2025-03-11 17:49:44,884] [INFO] [30172] COMMIT received from 30061 for REQUEST 1741682977666
[2025-03-11 17:49:44,884] [INFO] [30172] COMMIT received from 30176 for REQUEST 1741682977666
[2025-03-11 17:49:44,897] [INFO] [30172] PREPARE received from 30023 for REQUEST 1741682977666
[2025-03-11 17:49:44,897] [INFO] [30172] COMMIT received from 30023 for REQUEST 1741682977666
[2025-03-11 17:49:44,949] [INFO] [30172] COMMIT received from 30046 for REQUEST 1741682977666
[2025-03-11 17:49:44,949] [INFO] [30172] PREPARE received from 30046 for REQUEST 1741682977666
[2025-03-11 17:49:44,957] [INFO] [30172] PREPARE received from 30015 for REQUEST 1741682977666
[2025-03-11 17:49:44,957] [INFO] [30172] COMMIT received from 30015 for REQUEST 1741682977666
[2025-03-11 17:49:44,969] [INFO] [30172] PREPARE received from 30049 for REQUEST 1741682977666
[2025-03-11 17:49:44,976] [INFO] [30172] COMMIT received from 30049 for REQUEST 1741682977666
[2025-03-11 17:49:44,976] [INFO] [30172] PREPARE received from 30104 for REQUEST 1741682977666
[2025-03-11 17:49:44,976] [INFO] [30172] COMMIT received from 30104 for REQUEST 1741682977666
[2025-03-11 17:49:44,976] [INFO] [30172] PREPARE received from 30189 for REQUEST 1741682977666
[2025-03-11 17:49:44,992] [INFO] [30172] COMMIT received from 30189 for REQUEST 1741682977666
