[2025-03-07 14:05:11,268] [INFO] Node started: localhost:30123 | index=124 | f=1, k=4
[2025-03-07 14:05:29,834] [INFO] [30123] PRE-PREPARE received: {'request_id': 1741323929740, 'data': 'llapbft_message_1741323929740', 'timestamp': 1741323929.772654, 'leader': 30149, 'cluster_id': 3, 'cluster_ports': [30002, 30005, 30008, 30010, 30017, 30021, 30024, 30031, 30034, 30035, 30040, 30048, 30054, 30055, 30056, 30058, 30076, 30081, 30084, 30090, 30091, 30101, 30103, 30107, 30120, 30123, 30124, 30135, 30136, 30137, 30144, 30149, 30152, 30156, 30158, 30163, 30164, 30166, 30173, 30174, 30175, 30178, 30183, 30186, 30188, 30191, 30193, 30195], 'cluster_manager': {'host': 'localhost', 'port': 30136, 'latitude': 36.6273945, 'longitude': 127.4590786, 'altitude': 185, 'offset_m': 'lat: 88 m, lng: 51 m, alt: 185 m'}, 'simulated_delay': 0.00014733333333333333, 'distance': 64.83307732923916, 'message_size_bits': 5304}
[2025-03-07 14:05:29,874] [INFO] [30123] Broadcasting PREPARE: REQUEST 1741323929740
[2025-03-07 14:05:30,081] [INFO] [30123] PREPARE received from 30186 for REQUEST 1741323929740
[2025-03-07 14:05:30,081] [INFO] [30123] Broadcasting COMMIT: REQUEST 1741323929740
[2025-03-07 14:05:30,081] [INFO] [30123] PREPARE received from 30101 for REQUEST 1741323929740
[2025-03-07 14:05:30,083] [INFO] [30123] PREPARE received from 30135 for REQUEST 1741323929740
[2025-03-07 14:05:30,322] [INFO] [30123] PREPARE received from 30156 for REQUEST 1741323929740
[2025-03-07 14:05:30,322] [INFO] [30123] COMMIT received from 30135 for REQUEST 1741323929740
[2025-03-07 14:05:30,399] [INFO] [30123] PREPARE received from 30137 for REQUEST 1741323929740
[2025-03-07 14:05:30,401] [INFO] [30123] PREPARE received from 30054 for REQUEST 1741323929740
[2025-03-07 14:05:30,683] [INFO] [30123] PREPARE received from 30040 for REQUEST 1741323929740
[2025-03-07 14:05:30,767] [INFO] [30123] PREPARE received from 30178 for REQUEST 1741323929740
[2025-03-07 14:05:30,769] [INFO] [30123] PREPARE received from 30163 for REQUEST 1741323929740
[2025-03-07 14:05:30,769] [INFO] [30123] PREPARE received from 30010 for REQUEST 1741323929740
[2025-03-07 14:05:30,922] [INFO] [30123] PREPARE received from 30008 for REQUEST 1741323929740
[2025-03-07 14:05:31,320] [INFO] [30123] PREPARE received from 30076 for REQUEST 1741323929740
[2025-03-07 14:05:31,372] [INFO] [30123] COMMIT received from 30076 for REQUEST 1741323929740
[2025-03-07 14:05:31,372] [INFO] [30123] COMMIT complete. Sending PRE-REPLY: REQUEST 1741323929740 directly to Manager 30136
[2025-03-07 14:05:31,372] [INFO] [30123] COMMIT received from 30186 for REQUEST 1741323929740
[2025-03-07 14:05:31,372] [INFO] [30123] COMMIT received from 30101 for REQUEST 1741323929740
[2025-03-07 14:05:31,372] [INFO] [30123] COMMIT received from 30156 for REQUEST 1741323929740
[2025-03-07 14:05:31,512] [INFO] [30123] PREPARE received from 30173 for REQUEST 1741323929740
[2025-03-07 14:05:31,513] [INFO] [30123] COMMIT received from 30173 for REQUEST 1741323929740
[2025-03-07 14:05:31,513] [INFO] [30123] PREPARE received from 30055 for REQUEST 1741323929740
[2025-03-07 14:05:31,513] [INFO] [30123] COMMIT received from 30137 for REQUEST 1741323929740
[2025-03-07 14:05:31,598] [INFO] [30123] COMMIT received from 30163 for REQUEST 1741323929740
[2025-03-07 14:05:31,783] [INFO] [30123] PREPARE received from 30058 for REQUEST 1741323929740
[2025-03-07 14:05:31,921] [INFO] [30123] PREPARE received from 30191 for REQUEST 1741323929740
[2025-03-07 14:05:31,997] [INFO] [30123] PREPARE received from 30195 for REQUEST 1741323929740
[2025-03-07 14:05:31,997] [INFO] [30123] COMMIT received from 30040 for REQUEST 1741323929740
[2025-03-07 14:05:32,034] [INFO] [30123] COMMIT received from 30191 for REQUEST 1741323929740
[2025-03-07 14:05:32,059] [INFO] [30123] PREPARE received from 30031 for REQUEST 1741323929740
[2025-03-07 14:05:32,160] [INFO] [30123] PREPARE received from 30081 for REQUEST 1741323929740
[2025-03-07 14:05:32,160] [INFO] [30123] COMMIT received from 30031 for REQUEST 1741323929740
[2025-03-07 14:05:32,250] [INFO] [30123] COMMIT received from 30195 for REQUEST 1741323929740
[2025-03-07 14:05:32,324] [INFO] [30123] COMMIT received from 30081 for REQUEST 1741323929740
[2025-03-07 14:05:32,367] [INFO] [30123] COMMIT received from 30054 for REQUEST 1741323929740
[2025-03-07 14:05:32,522] [INFO] [30123] PREPARE received from 30107 for REQUEST 1741323929740
[2025-03-07 14:05:32,543] [INFO] [30123] COMMIT received from 30107 for REQUEST 1741323929740
[2025-03-07 14:05:32,860] [INFO] [30123] PREPARE received from 30005 for REQUEST 1741323929740
[2025-03-07 14:05:32,860] [INFO] [30123] PREPARE received from 30166 for REQUEST 1741323929740
[2025-03-07 14:05:32,862] [INFO] [30123] COMMIT received from 30166 for REQUEST 1741323929740
[2025-03-07 14:05:32,862] [INFO] [30123] COMMIT received from 30005 for REQUEST 1741323929740
[2025-03-07 14:05:32,862] [INFO] [30123] COMMIT received from 30188 for REQUEST 1741323929740
[2025-03-07 14:05:32,893] [INFO] [30123] PREPARE received from 30188 for REQUEST 1741323929740
[2025-03-07 14:05:32,967] [INFO] [30123] COMMIT received from 30178 for REQUEST 1741323929740
[2025-03-07 14:05:33,108] [INFO] [30123] PREPARE received from 30174 for REQUEST 1741323929740
[2025-03-07 14:05:33,108] [INFO] [30123] PREPARE received from 30021 for REQUEST 1741323929740
[2025-03-07 14:05:33,111] [INFO] [30123] COMMIT received from 30174 for REQUEST 1741323929740
[2025-03-07 14:05:33,111] [INFO] [30123] PREPARE received from 30175 for REQUEST 1741323929740
[2025-03-07 14:05:33,111] [INFO] [30123] COMMIT received from 30175 for REQUEST 1741323929740
[2025-03-07 14:05:33,142] [INFO] [30123] COMMIT received from 30002 for REQUEST 1741323929740
[2025-03-07 14:05:33,231] [INFO] [30123] PREPARE received from 30002 for REQUEST 1741323929740
[2025-03-07 14:05:33,231] [INFO] [30123] PREPARE received from 30164 for REQUEST 1741323929740
[2025-03-07 14:05:33,242] [INFO] [30123] COMMIT received from 30164 for REQUEST 1741323929740
[2025-03-07 14:05:33,377] [INFO] [30123] COMMIT received from 30008 for REQUEST 1741323929740
[2025-03-07 14:05:33,377] [INFO] [30123] PREPARE received from 30024 for REQUEST 1741323929740
[2025-03-07 14:05:33,405] [INFO] [30123] COMMIT received from 30024 for REQUEST 1741323929740
[2025-03-07 14:05:33,543] [INFO] [30123] PREPARE received from 30034 for REQUEST 1741323929740
[2025-03-07 14:05:33,596] [INFO] [30123] COMMIT received from 30021 for REQUEST 1741323929740
[2025-03-07 14:05:33,778] [INFO] [30123] PREPARE received from 30120 for REQUEST 1741323929740
[2025-03-07 14:05:33,778] [INFO] [30123] PREPARE received from 30193 for REQUEST 1741323929740
[2025-03-07 14:05:33,778] [INFO] [30123] COMMIT received from 30193 for REQUEST 1741323929740
[2025-03-07 14:05:33,817] [INFO] [30123] COMMIT received from 30010 for REQUEST 1741323929740
[2025-03-07 14:05:33,908] [INFO] [30123] PREPARE received from 30035 for REQUEST 1741323929740
[2025-03-07 14:05:33,934] [INFO] [30123] COMMIT received from 30149 for REQUEST 1741323929740
[2025-03-07 14:05:33,979] [INFO] [30123] COMMIT received from 30035 for REQUEST 1741323929740
[2025-03-07 14:05:34,039] [INFO] [30123] COMMIT received from 30058 for REQUEST 1741323929740
[2025-03-07 14:05:34,136] [INFO] [30123] COMMIT received from 30034 for REQUEST 1741323929740
[2025-03-07 14:05:34,138] [INFO] [30123] PREPARE received from 30017 for REQUEST 1741323929740
[2025-03-07 14:05:34,275] [INFO] [30123] PREPARE received from 30103 for REQUEST 1741323929740
[2025-03-07 14:05:34,275] [INFO] [30123] COMMIT received from 30103 for REQUEST 1741323929740
[2025-03-07 14:05:34,315] [INFO] [30123] COMMIT received from 30017 for REQUEST 1741323929740
[2025-03-07 14:05:34,422] [INFO] [30123] COMMIT received from 30055 for REQUEST 1741323929740
[2025-03-07 14:05:34,661] [INFO] [30123] PREPARE received from 30090 for REQUEST 1741323929740
[2025-03-07 14:05:34,679] [INFO] [30123] PREPARE received from 30084 for REQUEST 1741323929740
[2025-03-07 14:05:34,679] [INFO] [30123] COMMIT received from 30084 for REQUEST 1741323929740
[2025-03-07 14:05:34,679] [INFO] [30123] COMMIT received from 30090 for REQUEST 1741323929740
[2025-03-07 14:05:34,766] [INFO] [30123] COMMIT received from 30120 for REQUEST 1741323929740
[2025-03-07 14:05:34,874] [INFO] [30123] PREPARE received from 30091 for REQUEST 1741323929740
[2025-03-07 14:05:34,874] [INFO] [30123] COMMIT received from 30091 for REQUEST 1741323929740
[2025-03-07 14:05:35,093] [INFO] [30123] PREPARE received from 30183 for REQUEST 1741323929740
[2025-03-07 14:05:35,093] [INFO] [30123] PREPARE received from 30144 for REQUEST 1741323929740
[2025-03-07 14:05:35,095] [INFO] [30123] PREPARE received from 30152 for REQUEST 1741323929740
[2025-03-07 14:05:35,095] [INFO] [30123] COMMIT received from 30183 for REQUEST 1741323929740
[2025-03-07 14:05:35,095] [INFO] [30123] COMMIT received from 30144 for REQUEST 1741323929740
[2025-03-07 14:05:35,141] [INFO] [30123] COMMIT received from 30152 for REQUEST 1741323929740
[2025-03-07 14:05:35,247] [INFO] [30123] PREPARE received from 30158 for REQUEST 1741323929740
[2025-03-07 14:05:35,265] [INFO] [30123] COMMIT received from 30158 for REQUEST 1741323929740
[2025-03-07 14:05:35,595] [INFO] [30123] PREPARE received from 30056 for REQUEST 1741323929740
[2025-03-07 14:05:35,775] [INFO] [30123] COMMIT received from 30056 for REQUEST 1741323929740
[2025-03-07 14:05:35,857] [INFO] [30123] PREPARE received from 30048 for REQUEST 1741323929740
[2025-03-07 14:05:35,891] [INFO] [30123] COMMIT received from 30048 for REQUEST 1741323929740
[2025-03-07 14:05:36,216] [INFO] [30123] PREPARE received from 30124 for REQUEST 1741323929740
[2025-03-07 14:05:36,218] [INFO] [30123] COMMIT received from 30124 for REQUEST 1741323929740
[2025-03-07 14:06:53,475] [INFO] Node started: localhost:30123 | index=124 | f=1, k=4
[2025-03-07 14:07:02,349] [INFO] [30123] PRE-PREPARE received: {'request_id': 1741324022032, 'data': 'llapbft_message_1741324022032', 'timestamp': 1741324022.0687447, 'leader': 30029, 'cluster_id': 0, 'cluster_ports': [30000, 30004, 30009, 30013, 30017, 30026, 30029, 30033, 30036, 30037, 30041, 30043, 30054, 30062, 30064, 30065, 30067, 30071, 30075, 30077, 30080, 30081, 30087, 30089, 30090, 30097, 30099, 30101, 30102, 30105, 30109, 30111, 30115, 30117, 30118, 30121, 30123, 30128, 30141, 30146, 30149, 30152, 30154, 30156], 'cluster_manager': {'host': 'localhost', 'port': 30043, 'latitude': 36.6268641, 'longitude': 127.459297, 'altitude': 143, 'offset_m': 'lat: 29 m, lng: 70 m, alt: 143 m'}, 'simulated_delay': 0.00021166666666666667, 'distance': 130.22670791202165, 'message_size_bits': 5080}
[2025-03-07 14:07:02,349] [INFO] [30123] Broadcasting PREPARE: REQUEST 1741324022032
[2025-03-07 14:07:02,534] [INFO] [30123] COMMIT received from 30097 for REQUEST 1741324022032
[2025-03-07 14:07:02,536] [INFO] [30123] PREPARE received from 30097 for REQUEST 1741324022032
[2025-03-07 14:07:02,536] [INFO] [30123] Broadcasting COMMIT: REQUEST 1741324022032
[2025-03-07 14:07:02,563] [INFO] [30123] PREPARE received from 30087 for REQUEST 1741324022032
[2025-03-07 14:07:02,673] [INFO] [30123] COMMIT received from 30026 for REQUEST 1741324022032
[2025-03-07 14:07:02,673] [INFO] [30123] COMMIT complete. Sending PRE-REPLY: REQUEST 1741324022032 directly to Manager 30043
[2025-03-07 14:07:02,673] [INFO] [30123] COMMIT received from 30154 for REQUEST 1741324022032
[2025-03-07 14:07:02,675] [INFO] [30123] PREPARE received from 30154 for REQUEST 1741324022032
[2025-03-07 14:07:02,675] [INFO] [30123] PREPARE received from 30026 for REQUEST 1741324022032
[2025-03-07 14:07:02,693] [INFO] [30123] PREPARE received from 30111 for REQUEST 1741324022032
[2025-03-07 14:07:02,695] [INFO] [30123] COMMIT received from 30111 for REQUEST 1741324022032
[2025-03-07 14:07:02,704] [INFO] [30123] COMMIT received from 30087 for REQUEST 1741324022032
[2025-03-07 14:07:02,746] [INFO] [30123] PREPARE received from 30062 for REQUEST 1741324022032
[2025-03-07 14:07:02,750] [INFO] [30123] COMMIT received from 30062 for REQUEST 1741324022032
[2025-03-07 14:07:02,902] [INFO] [30123] COMMIT received from 30029 for REQUEST 1741324022032
[2025-03-07 14:07:03,159] [INFO] [30123] PREPARE received from 30080 for REQUEST 1741324022032
[2025-03-07 14:07:03,159] [INFO] [30123] COMMIT received from 30080 for REQUEST 1741324022032
[2025-03-07 14:07:03,242] [INFO] [30123] PREPARE received from 30128 for REQUEST 1741324022032
[2025-03-07 14:07:03,242] [INFO] [30123] COMMIT received from 30128 for REQUEST 1741324022032
[2025-03-07 14:07:03,330] [INFO] [30123] PREPARE received from 30071 for REQUEST 1741324022032
[2025-03-07 14:07:03,330] [INFO] [30123] COMMIT received from 30071 for REQUEST 1741324022032
[2025-03-07 14:07:03,362] [INFO] [30123] PREPARE received from 30075 for REQUEST 1741324022032
[2025-03-07 14:07:03,362] [INFO] [30123] COMMIT received from 30075 for REQUEST 1741324022032
[2025-03-07 14:07:03,615] [INFO] [30123] PREPARE received from 30037 for REQUEST 1741324022032
[2025-03-07 14:07:03,615] [INFO] [30123] COMMIT received from 30037 for REQUEST 1741324022032
[2025-03-07 14:07:03,695] [INFO] [30123] COMMIT received from 30146 for REQUEST 1741324022032
[2025-03-07 14:07:03,695] [INFO] [30123] PREPARE received from 30146 for REQUEST 1741324022032
[2025-03-07 14:07:03,860] [INFO] [30123] PREPARE received from 30013 for REQUEST 1741324022032
[2025-03-07 14:07:03,860] [INFO] [30123] COMMIT received from 30013 for REQUEST 1741324022032
[2025-03-07 14:07:04,375] [INFO] [30123] PREPARE received from 30121 for REQUEST 1741324022032
[2025-03-07 14:07:04,395] [INFO] [30123] COMMIT received from 30121 for REQUEST 1741324022032
[2025-03-07 14:07:04,406] [INFO] [30123] PREPARE received from 30118 for REQUEST 1741324022032
[2025-03-07 14:07:04,406] [INFO] [30123] COMMIT received from 30118 for REQUEST 1741324022032
[2025-03-07 14:07:04,406] [INFO] [30123] PREPARE received from 30105 for REQUEST 1741324022032
[2025-03-07 14:07:04,406] [INFO] [30123] COMMIT received from 30105 for REQUEST 1741324022032
[2025-03-07 14:07:04,454] [INFO] [30123] PREPARE received from 30067 for REQUEST 1741324022032
[2025-03-07 14:07:04,454] [INFO] [30123] COMMIT received from 30067 for REQUEST 1741324022032
[2025-03-07 14:07:04,454] [INFO] [30123] PREPARE received from 30156 for REQUEST 1741324022032
[2025-03-07 14:07:04,454] [INFO] [30123] COMMIT received from 30156 for REQUEST 1741324022032
[2025-03-07 14:07:04,629] [INFO] [30123] PREPARE received from 30090 for REQUEST 1741324022032
[2025-03-07 14:07:04,629] [INFO] [30123] COMMIT received from 30090 for REQUEST 1741324022032
[2025-03-07 14:07:04,929] [INFO] [30123] PREPARE received from 30149 for REQUEST 1741324022032
[2025-03-07 14:07:04,934] [INFO] [30123] COMMIT received from 30149 for REQUEST 1741324022032
[2025-03-07 14:07:04,934] [INFO] [30123] PREPARE received from 30004 for REQUEST 1741324022032
[2025-03-07 14:07:04,945] [INFO] [30123] COMMIT received from 30004 for REQUEST 1741324022032
[2025-03-07 14:07:04,960] [INFO] [30123] PREPARE received from 30102 for REQUEST 1741324022032
[2025-03-07 14:07:04,960] [INFO] [30123] COMMIT received from 30102 for REQUEST 1741324022032
[2025-03-07 14:07:04,997] [INFO] [30123] PREPARE received from 30081 for REQUEST 1741324022032
[2025-03-07 14:07:04,997] [INFO] [30123] COMMIT received from 30081 for REQUEST 1741324022032
[2025-03-07 14:07:05,308] [INFO] [30123] PREPARE received from 30033 for REQUEST 1741324022032
[2025-03-07 14:07:05,308] [INFO] [30123] COMMIT received from 30033 for REQUEST 1741324022032
[2025-03-07 14:07:05,339] [INFO] [30123] PREPARE received from 30109 for REQUEST 1741324022032
[2025-03-07 14:07:05,387] [INFO] [30123] COMMIT received from 30109 for REQUEST 1741324022032
[2025-03-07 14:07:05,466] [INFO] [30123] PREPARE received from 30036 for REQUEST 1741324022032
[2025-03-07 14:07:05,466] [INFO] [30123] COMMIT received from 30036 for REQUEST 1741324022032
[2025-03-07 14:07:05,489] [INFO] [30123] PREPARE received from 30117 for REQUEST 1741324022032
[2025-03-07 14:07:05,489] [INFO] [30123] COMMIT received from 30117 for REQUEST 1741324022032
[2025-03-07 14:07:05,561] [INFO] [30123] PREPARE received from 30065 for REQUEST 1741324022032
[2025-03-07 14:07:05,561] [INFO] [30123] PREPARE received from 30077 for REQUEST 1741324022032
[2025-03-07 14:07:05,561] [INFO] [30123] COMMIT received from 30041 for REQUEST 1741324022032
[2025-03-07 14:07:05,561] [INFO] [30123] COMMIT received from 30017 for REQUEST 1741324022032
[2025-03-07 14:07:05,561] [INFO] [30123] COMMIT received from 30065 for REQUEST 1741324022032
[2025-03-07 14:07:05,561] [INFO] [30123] PREPARE received from 30041 for REQUEST 1741324022032
[2025-03-07 14:07:05,561] [INFO] [30123] COMMIT received from 30000 for REQUEST 1741324022032
[2025-03-07 14:07:05,561] [INFO] [30123] PREPARE received from 30017 for REQUEST 1741324022032
[2025-03-07 14:07:05,576] [INFO] [30123] COMMIT received from 30054 for REQUEST 1741324022032
[2025-03-07 14:07:05,576] [INFO] [30123] PREPARE received from 30000 for REQUEST 1741324022032
[2025-03-07 14:07:05,576] [INFO] [30123] PREPARE received from 30054 for REQUEST 1741324022032
[2025-03-07 14:07:05,576] [INFO] [30123] COMMIT received from 30077 for REQUEST 1741324022032
[2025-03-07 14:07:05,576] [INFO] [30123] PREPARE received from 30141 for REQUEST 1741324022032
[2025-03-07 14:07:05,576] [INFO] [30123] COMMIT received from 30141 for REQUEST 1741324022032
[2025-03-07 14:07:05,703] [INFO] [30123] PREPARE received from 30089 for REQUEST 1741324022032
[2025-03-07 14:07:05,703] [INFO] [30123] COMMIT received from 30101 for REQUEST 1741324022032
[2025-03-07 14:07:05,703] [INFO] [30123] PREPARE received from 30101 for REQUEST 1741324022032
[2025-03-07 14:07:05,703] [INFO] [30123] COMMIT received from 30089 for REQUEST 1741324022032
[2025-03-07 14:07:05,789] [INFO] [30123] PREPARE received from 30099 for REQUEST 1741324022032
[2025-03-07 14:07:05,789] [INFO] [30123] COMMIT received from 30099 for REQUEST 1741324022032
[2025-03-07 14:07:05,812] [INFO] [30123] PREPARE received from 30152 for REQUEST 1741324022032
[2025-03-07 14:07:05,812] [INFO] [30123] COMMIT received from 30152 for REQUEST 1741324022032
[2025-03-07 14:07:06,018] [INFO] [30123] PREPARE received from 30115 for REQUEST 1741324022032
[2025-03-07 14:07:06,018] [INFO] [30123] COMMIT received from 30115 for REQUEST 1741324022032
