[2025-03-20 12:12:13,427] [INFO] Node started: localhost:30006 | index=  7 | f=1, k=4
[2025-03-20 12:12:22,031] [INFO] Phase: PRE-REQUEST | Receiver: 30006 | Sender: 20001 | Distance:    0.00 m | Delay: N/A | Size: 16780088 bit
[2025-03-20 12:12:22,036] [INFO] Phase: REQUEST | Receiver: 30003 | Sender: 20001(FWDR: 30006) | Distance:  121.13 m | Delay: 0.6992s | Size: 16781448 bit
[2025-03-20 12:12:24,552] [INFO] Phase: PRE-REPLY | Receiver: 30006 | Sender: 30000 | Distance:   24.57 m | Delay: 0.3107s | Size: 16779000 bit
[2025-03-20 12:12:24,552] [INFO] PRE-REPLY senders for req_id 1742440341541: [30000]
[2025-03-20 12:12:24,669] [INFO] Phase: PRE-REPLY | Receiver: 30006 | Sender: 30021 | Distance:   89.73 m | Delay: 0.4661s | Size: 16778992 bit
[2025-03-20 12:12:24,669] [INFO] PRE-REPLY senders for req_id 1742440341541: [30000, 30021]
[2025-03-20 12:12:24,669] [INFO] Phase: FINAL REPLY | Receiver: 20001 | Sender: 30006 | Distance:   89.73 m | Delay: 0.4661s | Size: 16778992 bit
[2025-03-20 12:12:24,764] [INFO] Phase: PRE-REPLY | Receiver: 30006 | Sender: 30009 | Distance:   64.58 m | Delay: 0.4661s | Size: 16778992 bit
[2025-03-20 12:12:24,764] [INFO] PRE-REPLY senders for req_id 1742440341541: [30000, 30021, 30009]
[2025-03-20 12:12:24,907] [INFO] Phase: PRE-REPLY | Receiver: 30006 | Sender: 30003 | Distance:  121.13 m | Delay: 0.6991s | Size: 16779000 bit
[2025-03-20 12:12:24,907] [INFO] PRE-REPLY senders for req_id 1742440341541: [30000, 30021, 30009, 30003]
[2025-03-20 12:12:24,923] [INFO] Phase: PRE-REPLY | Receiver: 30006 | Sender: 30026 | Distance:  108.54 m | Delay: 0.6991s | Size: 16779000 bit
[2025-03-20 12:12:24,923] [INFO] PRE-REPLY senders for req_id 1742440341541: [30000, 30021, 30009, 30003, 30026]
[2025-03-20 12:12:25,001] [INFO] Phase: PRE-REPLY | Receiver: 30006 | Sender: 30033 | Distance:  165.25 m | Delay: 0.9321s | Size: 16778992 bit
[2025-03-20 12:12:25,001] [INFO] PRE-REPLY senders for req_id 1742440341541: [30000, 30021, 30009, 30003, 30026, 30033]
[2025-03-20 12:12:25,001] [INFO] Phase: PRE-REPLY | Receiver: 30006 | Sender: 30018 | Distance:  161.20 m | Delay: 0.9321s | Size: 16778992 bit
[2025-03-20 12:12:25,001] [INFO] PRE-REPLY senders for req_id 1742440341541: [30000, 30021, 30009, 30003, 30026, 30033, 30018]
[2025-03-20 12:12:25,017] [INFO] Phase: PRE-REPLY | Receiver: 30006 | Sender: 30015 | Distance:  174.27 m | Delay: 0.9321s | Size: 16779000 bit
[2025-03-20 12:12:25,017] [INFO] PRE-REPLY senders for req_id 1742440341541: [30000, 30021, 30009, 30003, 30026, 30033, 30018, 30015]
[2025-03-20 12:12:25,130] [INFO] Phase: PRE-REPLY | Receiver: 30006 | Sender: 30019 | Distance:  156.27 m | Delay: 0.9321s | Size: 16779000 bit
[2025-03-20 12:12:25,130] [INFO] PRE-REPLY senders for req_id 1742440341541: [30000, 30021, 30009, 30003, 30026, 30033, 30018, 30015, 30019]
[2025-03-20 12:12:25,130] [INFO] Phase: PRE-REPLY | Receiver: 30006 | Sender: 30011 | Distance:  155.97 m | Delay: 0.9321s | Size: 16778992 bit
[2025-03-20 12:12:25,130] [INFO] PRE-REPLY senders for req_id 1742440341541: [30000, 30021, 30009, 30003, 30026, 30033, 30018, 30015, 30019, 30011]
[2025-03-20 12:12:25,665] [INFO] Phase: PRE-REQUEST | Receiver: 30006 | Sender: 20001 | Distance:    0.00 m | Delay: N/A | Size: 16780088 bit
[2025-03-20 12:12:25,665] [INFO] Phase: REQUEST | Receiver: 30003 | Sender: 20001(FWDR: 30006) | Distance:  121.13 m | Delay: 0.6992s | Size: 16781448 bit
[2025-03-20 12:12:29,010] [INFO] Phase: PRE-REPLY | Receiver: 30006 | Sender: 30021 | Distance:   89.73 m | Delay: 0.4661s | Size: 16778992 bit
[2025-03-20 12:12:29,012] [INFO] PRE-REPLY senders for req_id 1742440345176: [30021]
[2025-03-20 12:12:29,035] [INFO] Phase: PRE-REPLY | Receiver: 30006 | Sender: 30003 | Distance:  121.13 m | Delay: 0.6991s | Size: 16779000 bit
[2025-03-20 12:12:29,035] [INFO] PRE-REPLY senders for req_id 1742440345176: [30021, 30003]
[2025-03-20 12:12:29,044] [INFO] Phase: FINAL REPLY | Receiver: 20001 | Sender: 30006 | Distance:  121.13 m | Delay: 0.6991s | Size: 16779000 bit
[2025-03-20 12:12:29,083] [INFO] Phase: PRE-REPLY | Receiver: 30006 | Sender: 30009 | Distance:   64.58 m | Delay: 0.4661s | Size: 16778992 bit
[2025-03-20 12:12:29,083] [INFO] PRE-REPLY senders for req_id 1742440345176: [30021, 30003, 30009]
[2025-03-20 12:12:29,099] [INFO] Phase: PRE-REPLY | Receiver: 30006 | Sender: 30000 | Distance:   24.57 m | Delay: 0.3107s | Size: 16779000 bit
[2025-03-20 12:12:29,099] [INFO] PRE-REPLY senders for req_id 1742440345176: [30021, 30003, 30009, 30000]
[2025-03-20 12:12:29,114] [INFO] Phase: PRE-REPLY | Receiver: 30006 | Sender: 30033 | Distance:  165.25 m | Delay: 0.9321s | Size: 16778992 bit
[2025-03-20 12:12:29,114] [INFO] PRE-REPLY senders for req_id 1742440345176: [30021, 30003, 30009, 30000, 30033]
[2025-03-20 12:12:29,146] [INFO] Phase: PRE-REPLY | Receiver: 30006 | Sender: 30018 | Distance:  161.20 m | Delay: 0.9321s | Size: 16779000 bit
[2025-03-20 12:12:29,146] [INFO] PRE-REPLY senders for req_id 1742440345176: [30021, 30003, 30009, 30000, 30033, 30018]
[2025-03-20 12:12:29,257] [INFO] Phase: PRE-REPLY | Receiver: 30006 | Sender: 30015 | Distance:  174.27 m | Delay: 0.9321s | Size: 16779000 bit
[2025-03-20 12:12:29,257] [INFO] PRE-REPLY senders for req_id 1742440345176: [30021, 30003, 30009, 30000, 30033, 30018, 30015]
[2025-03-20 12:12:29,272] [INFO] Phase: PRE-REPLY | Receiver: 30006 | Sender: 30026 | Distance:  108.54 m | Delay: 0.6991s | Size: 16779000 bit
[2025-03-20 12:12:29,272] [INFO] PRE-REPLY senders for req_id 1742440345176: [30021, 30003, 30009, 30000, 30033, 30018, 30015, 30026]
[2025-03-20 12:12:29,336] [INFO] Phase: PRE-REPLY | Receiver: 30006 | Sender: 30019 | Distance:  156.27 m | Delay: 0.9321s | Size: 16778992 bit
[2025-03-20 12:12:29,336] [INFO] PRE-REPLY senders for req_id 1742440345176: [30021, 30003, 30009, 30000, 30033, 30018, 30015, 30026, 30019]
[2025-03-20 12:12:29,590] [INFO] Phase: PRE-REPLY | Receiver: 30006 | Sender: 30011 | Distance:  155.97 m | Delay: 0.9321s | Size: 16778992 bit
[2025-03-20 12:12:29,590] [INFO] PRE-REPLY senders for req_id 1742440345176: [30021, 30003, 30009, 30000, 30033, 30018, 30015, 30026, 30019, 30011]
[2025-03-20 12:12:33,655] [INFO] Phase: PRE-REQUEST | Receiver: 30006 | Sender: 20001 | Distance:    0.00 m | Delay: N/A | Size: 16780088 bit
[2025-03-20 12:12:33,669] [INFO] Phase: REQUEST | Receiver: 30003 | Sender: 20001(FWDR: 30006) | Distance:  121.13 m | Delay: 0.6992s | Size: 16781448 bit
[2025-03-20 12:12:36,978] [INFO] Phase: PRE-REPLY | Receiver: 30006 | Sender: 30000 | Distance:   24.57 m | Delay: 0.3107s | Size: 16779000 bit
[2025-03-20 12:12:36,978] [INFO] PRE-REPLY senders for req_id 1742440353173: [30000]
[2025-03-20 12:12:37,032] [INFO] Phase: PRE-REPLY | Receiver: 30006 | Sender: 30021 | Distance:   89.73 m | Delay: 0.4661s | Size: 16778992 bit
[2025-03-20 12:12:37,032] [INFO] PRE-REPLY senders for req_id 1742440353173: [30000, 30021]
[2025-03-20 12:12:37,042] [INFO] Phase: FINAL REPLY | Receiver: 20001 | Sender: 30006 | Distance:   89.73 m | Delay: 0.4661s | Size: 16778992 bit
[2025-03-20 12:12:37,089] [INFO] Phase: PRE-REPLY | Receiver: 30006 | Sender: 30003 | Distance:  121.13 m | Delay: 0.6991s | Size: 16778992 bit
[2025-03-20 12:12:37,089] [INFO] PRE-REPLY senders for req_id 1742440353173: [30000, 30021, 30003]
[2025-03-20 12:12:37,184] [INFO] Phase: PRE-REPLY | Receiver: 30006 | Sender: 30009 | Distance:   64.58 m | Delay: 0.4661s | Size: 16778992 bit
[2025-03-20 12:12:37,184] [INFO] PRE-REPLY senders for req_id 1742440353173: [30000, 30021, 30003, 30009]
[2025-03-20 12:12:37,311] [INFO] Phase: PRE-REPLY | Receiver: 30006 | Sender: 30018 | Distance:  161.20 m | Delay: 0.9321s | Size: 16779000 bit
[2025-03-20 12:12:37,311] [INFO] PRE-REPLY senders for req_id 1742440353173: [30000, 30021, 30003, 30009, 30018]
[2025-03-20 12:12:37,358] [INFO] Phase: PRE-REPLY | Receiver: 30006 | Sender: 30015 | Distance:  174.27 m | Delay: 0.9321s | Size: 16778992 bit
[2025-03-20 12:12:37,358] [INFO] PRE-REPLY senders for req_id 1742440353173: [30000, 30021, 30003, 30009, 30018, 30015]
[2025-03-20 12:12:37,406] [INFO] Phase: PRE-REPLY | Receiver: 30006 | Sender: 30026 | Distance:  108.54 m | Delay: 0.6991s | Size: 16779000 bit
[2025-03-20 12:12:37,406] [INFO] PRE-REPLY senders for req_id 1742440353173: [30000, 30021, 30003, 30009, 30018, 30015, 30026]
[2025-03-20 12:12:37,438] [INFO] Phase: PRE-REPLY | Receiver: 30006 | Sender: 30033 | Distance:  165.25 m | Delay: 0.9321s | Size: 16778992 bit
[2025-03-20 12:12:37,438] [INFO] PRE-REPLY senders for req_id 1742440353173: [30000, 30021, 30003, 30009, 30018, 30015, 30026, 30033]
[2025-03-20 12:12:37,612] [INFO] Phase: PRE-REPLY | Receiver: 30006 | Sender: 30019 | Distance:  156.27 m | Delay: 0.9321s | Size: 16778984 bit
[2025-03-20 12:12:37,612] [INFO] PRE-REPLY senders for req_id 1742440353173: [30000, 30021, 30003, 30009, 30018, 30015, 30026, 30033, 30019]
[2025-03-20 12:12:37,612] [INFO] Phase: PRE-REPLY | Receiver: 30006 | Sender: 30011 | Distance:  155.97 m | Delay: 0.9321s | Size: 16778976 bit
[2025-03-20 12:12:37,612] [INFO] PRE-REPLY senders for req_id 1742440353173: [30000, 30021, 30003, 30009, 30018, 30015, 30026, 30033, 30019, 30011]
[2025-03-20 12:12:41,674] [INFO] Phase: PRE-REQUEST | Receiver: 30006 | Sender: 20001 | Distance:    0.00 m | Delay: N/A | Size: 16780088 bit
[2025-03-20 12:12:41,674] [INFO] Phase: REQUEST | Receiver: 30003 | Sender: 20001(FWDR: 30006) | Distance:  121.13 m | Delay: 0.6992s | Size: 16781448 bit
[2025-03-20 12:12:45,041] [INFO] Phase: PRE-REPLY | Receiver: 30006 | Sender: 30000 | Distance:   24.57 m | Delay: 0.3107s | Size: 16779000 bit
[2025-03-20 12:12:45,041] [INFO] PRE-REPLY senders for req_id 1742440361184: [30000]
[2025-03-20 12:12:45,131] [INFO] Phase: PRE-REPLY | Receiver: 30006 | Sender: 30021 | Distance:   89.73 m | Delay: 0.4661s | Size: 16778992 bit
[2025-03-20 12:12:45,131] [INFO] PRE-REPLY senders for req_id 1742440361184: [30000, 30021]
[2025-03-20 12:12:45,135] [INFO] Phase: FINAL REPLY | Receiver: 20001 | Sender: 30006 | Distance:   89.73 m | Delay: 0.4661s | Size: 16778992 bit
[2025-03-20 12:12:45,178] [INFO] Phase: PRE-REPLY | Receiver: 30006 | Sender: 30003 | Distance:  121.13 m | Delay: 0.6991s | Size: 16779000 bit
[2025-03-20 12:12:45,178] [INFO] PRE-REPLY senders for req_id 1742440361184: [30000, 30021, 30003]
[2025-03-20 12:12:45,208] [INFO] Phase: PRE-REPLY | Receiver: 30006 | Sender: 30026 | Distance:  108.54 m | Delay: 0.6991s | Size: 16779000 bit
[2025-03-20 12:12:45,208] [INFO] PRE-REPLY senders for req_id 1742440361184: [30000, 30021, 30003, 30026]
[2025-03-20 12:12:45,223] [INFO] Phase: PRE-REPLY | Receiver: 30006 | Sender: 30009 | Distance:   64.58 m | Delay: 0.4661s | Size: 16778992 bit
[2025-03-20 12:12:45,223] [INFO] PRE-REPLY senders for req_id 1742440361184: [30000, 30021, 30003, 30026, 30009]
[2025-03-20 12:12:45,291] [INFO] Phase: PRE-REPLY | Receiver: 30006 | Sender: 30033 | Distance:  165.25 m | Delay: 0.9321s | Size: 16779000 bit
[2025-03-20 12:12:45,291] [INFO] PRE-REPLY senders for req_id 1742440361184: [30000, 30021, 30003, 30026, 30009, 30033]
[2025-03-20 12:12:45,308] [INFO] Phase: PRE-REPLY | Receiver: 30006 | Sender: 30018 | Distance:  161.20 m | Delay: 0.9321s | Size: 16779000 bit
[2025-03-20 12:12:45,308] [INFO] PRE-REPLY senders for req_id 1742440361184: [30000, 30021, 30003, 30026, 30009, 30033, 30018]
[2025-03-20 12:12:45,317] [INFO] Phase: PRE-REPLY | Receiver: 30006 | Sender: 30019 | Distance:  156.27 m | Delay: 0.9321s | Size: 16779000 bit
[2025-03-20 12:12:45,317] [INFO] PRE-REPLY senders for req_id 1742440361184: [30000, 30021, 30003, 30026, 30009, 30033, 30018, 30019]
[2025-03-20 12:12:45,324] [INFO] Phase: PRE-REPLY | Receiver: 30006 | Sender: 30015 | Distance:  174.27 m | Delay: 0.9321s | Size: 16779000 bit
[2025-03-20 12:12:45,324] [INFO] PRE-REPLY senders for req_id 1742440361184: [30000, 30021, 30003, 30026, 30009, 30033, 30018, 30019, 30015]
[2025-03-20 12:12:45,613] [INFO] Phase: PRE-REPLY | Receiver: 30006 | Sender: 30011 | Distance:  155.97 m | Delay: 0.9321s | Size: 16778992 bit
[2025-03-20 12:12:45,613] [INFO] PRE-REPLY senders for req_id 1742440361184: [30000, 30021, 30003, 30026, 30009, 30033, 30018, 30019, 30015, 30011]
[2025-03-20 12:19:38,284] [INFO] Node started: localhost:30006 | index=  7 | f=1, k=4
[2025-03-20 12:20:44,889] [INFO] Phase: PRE-REQUEST | Receiver: 30006 | Sender: 20001 | Distance:    0.00 m | Delay: N/A | Size: 16780080 bit
[2025-03-20 12:20:44,901] [INFO] Phase: REQUEST | Receiver: 30003 | Sender: 20001(FWDR: 30006) | Distance:  121.13 m | Delay: 0.6992s | Size: 16781440 bit
[2025-03-20 12:20:47,376] [INFO] Phase: PRE-REPLY | Receiver: 30006 | Sender: 30000 | Distance:   24.57 m | Delay: 0.3107s | Size: 16778984 bit
[2025-03-20 12:20:47,376] [INFO] PRE-REPLY senders for req_id 1742440844406: [30000]
[2025-03-20 12:20:47,503] [INFO] Phase: PRE-REPLY | Receiver: 30006 | Sender: 30021 | Distance:   89.73 m | Delay: 0.4661s | Size: 16778992 bit
[2025-03-20 12:20:47,503] [INFO] PRE-REPLY senders for req_id 1742440844406: [30000, 30021]
[2025-03-20 12:20:47,507] [INFO] Phase: FINAL REPLY | Receiver: 20001 | Sender: 30006 | Distance:   89.73 m | Delay: 0.4661s | Size: 16778992 bit
[2025-03-20 12:20:47,605] [INFO] Phase: PRE-REPLY | Receiver: 30006 | Sender: 30009 | Distance:   64.58 m | Delay: 0.4661s | Size: 16778992 bit
[2025-03-20 12:20:47,605] [INFO] PRE-REPLY senders for req_id 1742440844406: [30000, 30021, 30009]
[2025-03-20 12:20:47,726] [INFO] Phase: PRE-REPLY | Receiver: 30006 | Sender: 30003 | Distance:  121.13 m | Delay: 0.6991s | Size: 16779000 bit
[2025-03-20 12:20:47,726] [INFO] PRE-REPLY senders for req_id 1742440844406: [30000, 30021, 30009, 30003]
[2025-03-20 12:20:47,736] [INFO] Phase: PRE-REPLY | Receiver: 30006 | Sender: 30026 | Distance:  108.54 m | Delay: 0.6991s | Size: 16779000 bit
[2025-03-20 12:20:47,736] [INFO] PRE-REPLY senders for req_id 1742440844406: [30000, 30021, 30009, 30003, 30026]
[2025-03-20 12:20:47,859] [INFO] Phase: PRE-REPLY | Receiver: 30006 | Sender: 30033 | Distance:  165.25 m | Delay: 0.9321s | Size: 16779000 bit
[2025-03-20 12:20:47,859] [INFO] PRE-REPLY senders for req_id 1742440844406: [30000, 30021, 30009, 30003, 30026, 30033]
[2025-03-20 12:20:47,968] [INFO] Phase: PRE-REPLY | Receiver: 30006 | Sender: 30015 | Distance:  174.27 m | Delay: 0.9321s | Size: 16778992 bit
[2025-03-20 12:20:47,968] [INFO] PRE-REPLY senders for req_id 1742440844406: [30000, 30021, 30009, 30003, 30026, 30033, 30015]
[2025-03-20 12:20:47,977] [INFO] Phase: PRE-REPLY | Receiver: 30006 | Sender: 30019 | Distance:  156.27 m | Delay: 0.9321s | Size: 16778984 bit
[2025-03-20 12:20:47,977] [INFO] PRE-REPLY senders for req_id 1742440844406: [30000, 30021, 30009, 30003, 30026, 30033, 30015, 30019]
[2025-03-20 12:20:47,996] [INFO] Phase: PRE-REPLY | Receiver: 30006 | Sender: 30018 | Distance:  161.20 m | Delay: 0.9321s | Size: 16779000 bit
[2025-03-20 12:20:47,996] [INFO] PRE-REPLY senders for req_id 1742440844406: [30000, 30021, 30009, 30003, 30026, 30033, 30015, 30019, 30018]
[2025-03-20 12:20:48,002] [INFO] Phase: PRE-REPLY | Receiver: 30006 | Sender: 30011 | Distance:  155.97 m | Delay: 0.9321s | Size: 16778992 bit
[2025-03-20 12:20:48,003] [INFO] PRE-REPLY senders for req_id 1742440844406: [30000, 30021, 30009, 30003, 30026, 30033, 30015, 30019, 30018, 30011]
[2025-03-20 12:20:48,492] [INFO] Phase: PRE-REQUEST | Receiver: 30006 | Sender: 20001 | Distance:    0.00 m | Delay: N/A | Size: 16780088 bit
[2025-03-20 12:20:48,508] [INFO] Phase: REQUEST | Receiver: 30003 | Sender: 20001(FWDR: 30006) | Distance:  121.13 m | Delay: 0.6992s | Size: 16781448 bit
[2025-03-20 12:20:51,299] [INFO] Phase: PRE-REPLY | Receiver: 30006 | Sender: 30000 | Distance:   24.57 m | Delay: 0.3107s | Size: 16778992 bit
[2025-03-20 12:20:51,299] [INFO] PRE-REPLY senders for req_id 1742440848005: [30000]
[2025-03-20 12:20:51,623] [INFO] Phase: PRE-REPLY | Receiver: 30006 | Sender: 30003 | Distance:  121.13 m | Delay: 0.6991s | Size: 16779000 bit
[2025-03-20 12:20:51,623] [INFO] PRE-REPLY senders for req_id 1742440848005: [30000, 30003]
[2025-03-20 12:20:51,636] [INFO] Phase: FINAL REPLY | Receiver: 20001 | Sender: 30006 | Distance:  121.13 m | Delay: 0.6991s | Size: 16779000 bit
[2025-03-20 12:20:51,669] [INFO] Phase: PRE-REPLY | Receiver: 30006 | Sender: 30021 | Distance:   89.73 m | Delay: 0.4661s | Size: 16778992 bit
[2025-03-20 12:20:51,669] [INFO] PRE-REPLY senders for req_id 1742440848005: [30000, 30003, 30021]
[2025-03-20 12:20:51,829] [INFO] Phase: PRE-REPLY | Receiver: 30006 | Sender: 30009 | Distance:   64.58 m | Delay: 0.4661s | Size: 16778992 bit
[2025-03-20 12:20:51,829] [INFO] PRE-REPLY senders for req_id 1742440848005: [30000, 30003, 30021, 30009]
[2025-03-20 12:20:51,903] [INFO] Phase: PRE-REPLY | Receiver: 30006 | Sender: 30033 | Distance:  165.25 m | Delay: 0.9321s | Size: 16779000 bit
[2025-03-20 12:20:51,903] [INFO] PRE-REPLY senders for req_id 1742440848005: [30000, 30003, 30021, 30009, 30033]
[2025-03-20 12:20:52,027] [INFO] Phase: PRE-REPLY | Receiver: 30006 | Sender: 30019 | Distance:  156.27 m | Delay: 0.9321s | Size: 16779000 bit
[2025-03-20 12:20:52,027] [INFO] PRE-REPLY senders for req_id 1742440848005: [30000, 30003, 30021, 30009, 30033, 30019]
[2025-03-20 12:20:52,027] [INFO] Phase: PRE-REPLY | Receiver: 30006 | Sender: 30018 | Distance:  161.20 m | Delay: 0.9321s | Size: 16779000 bit
[2025-03-20 12:20:52,027] [INFO] PRE-REPLY senders for req_id 1742440848005: [30000, 30003, 30021, 30009, 30033, 30019, 30018]
[2025-03-20 12:20:52,073] [INFO] Phase: PRE-REPLY | Receiver: 30006 | Sender: 30026 | Distance:  108.54 m | Delay: 0.6991s | Size: 16779000 bit
[2025-03-20 12:20:52,074] [INFO] PRE-REPLY senders for req_id 1742440848005: [30000, 30003, 30021, 30009, 30033, 30019, 30018, 30026]
[2025-03-20 12:20:52,112] [INFO] Phase: PRE-REPLY | Receiver: 30006 | Sender: 30015 | Distance:  174.27 m | Delay: 0.9321s | Size: 16779000 bit
[2025-03-20 12:20:52,112] [INFO] PRE-REPLY senders for req_id 1742440848005: [30000, 30003, 30021, 30009, 30033, 30019, 30018, 30026, 30015]
[2025-03-20 12:20:52,339] [INFO] Phase: PRE-REPLY | Receiver: 30006 | Sender: 30011 | Distance:  155.97 m | Delay: 0.9321s | Size: 16778992 bit
[2025-03-20 12:20:52,339] [INFO] PRE-REPLY senders for req_id 1742440848005: [30000, 30003, 30021, 30009, 30033, 30019, 30018, 30026, 30015, 30011]
[2025-03-20 12:20:56,445] [INFO] Phase: PRE-REQUEST | Receiver: 30006 | Sender: 20001 | Distance:    0.00 m | Delay: N/A | Size: 16780088 bit
[2025-03-20 12:20:56,450] [INFO] Phase: REQUEST | Receiver: 30003 | Sender: 20001(FWDR: 30006) | Distance:  121.13 m | Delay: 0.6992s | Size: 16781448 bit
[2025-03-20 12:20:59,658] [INFO] Phase: PRE-REPLY | Receiver: 30006 | Sender: 30021 | Distance:   89.73 m | Delay: 0.4661s | Size: 16778992 bit
[2025-03-20 12:20:59,659] [INFO] PRE-REPLY senders for req_id 1742440855956: [30021]
[2025-03-20 12:20:59,693] [INFO] Phase: PRE-REPLY | Receiver: 30006 | Sender: 30000 | Distance:   24.57 m | Delay: 0.3107s | Size: 16779000 bit
[2025-03-20 12:20:59,694] [INFO] PRE-REPLY senders for req_id 1742440855956: [30021, 30000]
[2025-03-20 12:20:59,702] [INFO] Phase: FINAL REPLY | Receiver: 20001 | Sender: 30006 | Distance:   24.57 m | Delay: 0.3107s | Size: 16779000 bit
[2025-03-20 12:20:59,900] [INFO] Phase: PRE-REPLY | Receiver: 30006 | Sender: 30009 | Distance:   64.58 m | Delay: 0.4661s | Size: 16778992 bit
[2025-03-20 12:20:59,900] [INFO] PRE-REPLY senders for req_id 1742440855956: [30021, 30000, 30009]
[2025-03-20 12:20:59,909] [INFO] Phase: PRE-REPLY | Receiver: 30006 | Sender: 30003 | Distance:  121.13 m | Delay: 0.6991s | Size: 16778992 bit
[2025-03-20 12:20:59,909] [INFO] PRE-REPLY senders for req_id 1742440855956: [30021, 30000, 30009, 30003]
[2025-03-20 12:20:59,956] [INFO] Phase: PRE-REPLY | Receiver: 30006 | Sender: 30019 | Distance:  156.27 m | Delay: 0.9321s | Size: 16779000 bit
[2025-03-20 12:20:59,956] [INFO] PRE-REPLY senders for req_id 1742440855956: [30021, 30000, 30009, 30003, 30019]
[2025-03-20 12:21:00,001] [INFO] Phase: PRE-REPLY | Receiver: 30006 | Sender: 30018 | Distance:  161.20 m | Delay: 0.9321s | Size: 16778984 bit
[2025-03-20 12:21:00,001] [INFO] PRE-REPLY senders for req_id 1742440855956: [30021, 30000, 30009, 30003, 30019, 30018]
[2025-03-20 12:21:00,090] [INFO] Phase: PRE-REPLY | Receiver: 30006 | Sender: 30033 | Distance:  165.25 m | Delay: 0.9321s | Size: 16778992 bit
[2025-03-20 12:21:00,090] [INFO] PRE-REPLY senders for req_id 1742440855956: [30021, 30000, 30009, 30003, 30019, 30018, 30033]
[2025-03-20 12:21:00,119] [INFO] Phase: PRE-REPLY | Receiver: 30006 | Sender: 30015 | Distance:  174.27 m | Delay: 0.9321s | Size: 16778992 bit
[2025-03-20 12:21:00,119] [INFO] PRE-REPLY senders for req_id 1742440855956: [30021, 30000, 30009, 30003, 30019, 30018, 30033, 30015]
[2025-03-20 12:21:00,186] [INFO] Phase: PRE-REPLY | Receiver: 30006 | Sender: 30026 | Distance:  108.54 m | Delay: 0.6991s | Size: 16778992 bit
[2025-03-20 12:21:00,186] [INFO] PRE-REPLY senders for req_id 1742440855956: [30021, 30000, 30009, 30003, 30019, 30018, 30033, 30015, 30026]
[2025-03-20 12:21:00,281] [INFO] Phase: PRE-REPLY | Receiver: 30006 | Sender: 30011 | Distance:  155.97 m | Delay: 0.9321s | Size: 16778992 bit
[2025-03-20 12:21:00,281] [INFO] PRE-REPLY senders for req_id 1742440855956: [30021, 30000, 30009, 30003, 30019, 30018, 30033, 30015, 30026, 30011]
[2025-03-20 12:21:04,424] [INFO] Phase: PRE-REQUEST | Receiver: 30006 | Sender: 20001 | Distance:    0.00 m | Delay: N/A | Size: 16780080 bit
[2025-03-20 12:21:04,441] [INFO] Phase: REQUEST | Receiver: 30003 | Sender: 20001(FWDR: 30006) | Distance:  121.13 m | Delay: 0.6992s | Size: 16781440 bit
[2025-03-20 12:21:07,740] [INFO] Phase: PRE-REPLY | Receiver: 30006 | Sender: 30021 | Distance:   89.73 m | Delay: 0.4661s | Size: 16778992 bit
[2025-03-20 12:21:07,740] [INFO] PRE-REPLY senders for req_id 1742440863953: [30021]
[2025-03-20 12:21:07,756] [INFO] Phase: PRE-REPLY | Receiver: 30006 | Sender: 30003 | Distance:  121.13 m | Delay: 0.6991s | Size: 16779000 bit
[2025-03-20 12:21:07,756] [INFO] PRE-REPLY senders for req_id 1742440863953: [30021, 30003]
[2025-03-20 12:21:07,772] [INFO] Phase: FINAL REPLY | Receiver: 20001 | Sender: 30006 | Distance:  121.13 m | Delay: 0.6991s | Size: 16779000 bit
[2025-03-20 12:21:07,807] [INFO] Phase: PRE-REPLY | Receiver: 30006 | Sender: 30000 | Distance:   24.57 m | Delay: 0.3107s | Size: 16779000 bit
[2025-03-20 12:21:07,807] [INFO] PRE-REPLY senders for req_id 1742440863953: [30021, 30003, 30000]
[2025-03-20 12:21:07,926] [INFO] Phase: PRE-REPLY | Receiver: 30006 | Sender: 30018 | Distance:  161.20 m | Delay: 0.9321s | Size: 16779000 bit
[2025-03-20 12:21:07,926] [INFO] PRE-REPLY senders for req_id 1742440863953: [30021, 30003, 30000, 30018]
[2025-03-20 12:21:07,942] [INFO] Phase: PRE-REPLY | Receiver: 30006 | Sender: 30009 | Distance:   64.58 m | Delay: 0.4661s | Size: 16778984 bit
[2025-03-20 12:21:07,942] [INFO] PRE-REPLY senders for req_id 1742440863953: [30021, 30003, 30000, 30018, 30009]
[2025-03-20 12:21:07,960] [INFO] Phase: PRE-REPLY | Receiver: 30006 | Sender: 30019 | Distance:  156.27 m | Delay: 0.9321s | Size: 16779000 bit
[2025-03-20 12:21:07,960] [INFO] PRE-REPLY senders for req_id 1742440863953: [30021, 30003, 30000, 30018, 30009, 30019]
[2025-03-20 12:21:08,047] [INFO] Phase: PRE-REPLY | Receiver: 30006 | Sender: 30015 | Distance:  174.27 m | Delay: 0.9321s | Size: 16779000 bit
[2025-03-20 12:21:08,047] [INFO] PRE-REPLY senders for req_id 1742440863953: [30021, 30003, 30000, 30018, 30009, 30019, 30015]
[2025-03-20 12:21:08,092] [INFO] Phase: PRE-REPLY | Receiver: 30006 | Sender: 30033 | Distance:  165.25 m | Delay: 0.9321s | Size: 16779000 bit
[2025-03-20 12:21:08,092] [INFO] PRE-REPLY senders for req_id 1742440863953: [30021, 30003, 30000, 30018, 30009, 30019, 30015, 30033]
[2025-03-20 12:21:08,112] [INFO] Phase: PRE-REPLY | Receiver: 30006 | Sender: 30026 | Distance:  108.54 m | Delay: 0.6991s | Size: 16778992 bit
[2025-03-20 12:21:08,112] [INFO] PRE-REPLY senders for req_id 1742440863953: [30021, 30003, 30000, 30018, 30009, 30019, 30015, 30033, 30026]
[2025-03-20 12:21:08,112] [INFO] Phase: PRE-REPLY | Receiver: 30006 | Sender: 30011 | Distance:  155.97 m | Delay: 0.9321s | Size: 16778984 bit
[2025-03-20 12:21:08,112] [INFO] PRE-REPLY senders for req_id 1742440863953: [30021, 30003, 30000, 30018, 30009, 30019, 30015, 30033, 30026, 30011]
[2025-03-20 12:37:26,500] [INFO] Node started: localhost:30006 | index=  7 | f=1, k=4
[2025-03-20 12:37:53,577] [INFO] Phase: PRE-PREPARE | Receiver: 30006 | Sender: 30015 | Distance:   61.46 m | Delay: 0.4662s | Size: 16782240 bit
[2025-03-20 12:37:53,588] [INFO] Phase: PREPARE-BROADCAST | Receiver: ALL | Sender: 30006 | Distance:   61.46 m | Delay: 0.4662s | Size: 16778160 bit
[2025-03-20 12:37:54,030] [INFO] Phase: PREPARE | Receiver: 30006 | Sender: 30052 | Distance:   86.28 m | Delay: 0.4661s | Size: 16778992 bit
[2025-03-20 12:37:54,040] [INFO] Phase: COMMIT-BROADCAST | Receiver: ALL | Sender: 30006 | Distance:   86.28 m | Delay: 0.4661s | Size: 16778160 bit
[2025-03-20 12:37:54,457] [INFO] Phase: PREPARE | Receiver: 30006 | Sender: 30064 | Distance:  102.37 m | Delay: 0.6991s | Size: 16779000 bit
[2025-03-20 12:37:56,073] [INFO] Phase: PREPARE | Receiver: 30006 | Sender: 30020 | Distance:   34.07 m | Delay: 0.3107s | Size: 16779000 bit
[2025-03-20 12:37:57,451] [INFO] Phase: PREPARE | Receiver: 30006 | Sender: 30094 | Distance:   42.30 m | Delay: 0.3107s | Size: 16778992 bit
[2025-03-20 12:37:57,491] [INFO] Phase: PREPARE | Receiver: 30006 | Sender: 30093 | Distance:   43.40 m | Delay: 0.3107s | Size: 16778992 bit
[2025-03-20 12:37:57,520] [INFO] Phase: PREPARE | Receiver: 30006 | Sender: 30054 | Distance:   45.15 m | Delay: 0.3107s | Size: 16778992 bit
[2025-03-20 12:37:57,586] [INFO] Phase: PREPARE | Receiver: 30006 | Sender: 30039 | Distance:   64.18 m | Delay: 0.4661s | Size: 16778992 bit
[2025-03-20 12:37:57,855] [INFO] Phase: PREPARE | Receiver: 30006 | Sender: 30059 | Distance:   47.73 m | Delay: 0.3107s | Size: 16779000 bit
[2025-03-20 12:37:57,898] [INFO] Phase: PREPARE | Receiver: 30006 | Sender: 30088 | Distance:  102.65 m | Delay: 0.6991s | Size: 16779000 bit
[2025-03-20 12:37:58,024] [INFO] Phase: COMMIT | Receiver: 30006 | Sender: 30015 | Distance:   61.46 m | Delay: 0.4661s | Size: 16778992 bit
[2025-03-20 12:37:58,050] [INFO] Phase: COMMIT | Receiver: 30006 | Sender: 30059 | Distance:   47.73 m | Delay: 0.3107s | Size: 16779000 bit
[2025-03-20 12:37:58,062] [INFO] Phase: PRE-REPLY | Receiver: 30022 | Sender: 30006 | Distance:   47.73 m | Delay: 0.3107s | Size: 16778160 bit
[2025-03-20 12:37:58,111] [INFO] Phase: COMMIT | Receiver: 30006 | Sender: 30060 | Distance:   93.38 m | Delay: 0.4661s | Size: 16778984 bit
[2025-03-20 12:37:58,206] [INFO] Phase: PREPARE | Receiver: 30006 | Sender: 30060 | Distance:   93.38 m | Delay: 0.4661s | Size: 16778992 bit
[2025-03-20 12:37:58,234] [INFO] Phase: PREPARE | Receiver: 30006 | Sender: 30118 | Distance:  147.03 m | Delay: 0.6991s | Size: 16778992 bit
[2025-03-20 12:37:58,287] [INFO] Phase: COMMIT | Receiver: 30006 | Sender: 30039 | Distance:   64.18 m | Delay: 0.4661s | Size: 16778992 bit
[2025-03-20 12:37:58,315] [INFO] Phase: COMMIT | Receiver: 30006 | Sender: 30032 | Distance:  119.36 m | Delay: 0.6991s | Size: 16779000 bit
[2025-03-20 12:37:58,338] [INFO] Phase: COMMIT | Receiver: 30006 | Sender: 30045 | Distance:  130.31 m | Delay: 0.6991s | Size: 16778992 bit
[2025-03-20 12:37:58,372] [INFO] Phase: COMMIT | Receiver: 30006 | Sender: 30020 | Distance:   34.07 m | Delay: 0.3107s | Size: 16779000 bit
[2025-03-20 12:37:58,402] [INFO] Phase: COMMIT | Receiver: 30006 | Sender: 30093 | Distance:   43.40 m | Delay: 0.3107s | Size: 16778992 bit
[2025-03-20 12:37:58,427] [INFO] Phase: COMMIT | Receiver: 30006 | Sender: 30064 | Distance:  102.37 m | Delay: 0.6991s | Size: 16778984 bit
[2025-03-20 12:37:58,453] [INFO] Phase: COMMIT | Receiver: 30006 | Sender: 30114 | Distance:  147.03 m | Delay: 0.6991s | Size: 16779000 bit
[2025-03-20 12:37:58,481] [INFO] Phase: COMMIT | Receiver: 30006 | Sender: 30094 | Distance:   42.30 m | Delay: 0.3107s | Size: 16778992 bit
[2025-03-20 12:37:58,514] [INFO] Phase: COMMIT | Receiver: 30006 | Sender: 30047 | Distance:  104.81 m | Delay: 0.6991s | Size: 16779000 bit
[2025-03-20 12:37:58,550] [INFO] Phase: COMMIT | Receiver: 30006 | Sender: 30088 | Distance:  102.65 m | Delay: 0.6991s | Size: 16779000 bit
[2025-03-20 12:37:58,581] [INFO] Phase: COMMIT | Receiver: 30006 | Sender: 30018 | Distance:  126.98 m | Delay: 0.6991s | Size: 16778992 bit
[2025-03-20 12:37:58,605] [INFO] Phase: COMMIT | Receiver: 30006 | Sender: 30118 | Distance:  147.03 m | Delay: 0.6991s | Size: 16779000 bit
[2025-03-20 12:37:58,630] [INFO] Phase: COMMIT | Receiver: 30006 | Sender: 30054 | Distance:   45.15 m | Delay: 0.3107s | Size: 16778992 bit
[2025-03-20 12:37:58,656] [INFO] Phase: COMMIT | Receiver: 30006 | Sender: 30042 | Distance:  117.24 m | Delay: 0.6991s | Size: 16778992 bit
[2025-03-20 12:37:58,688] [INFO] Phase: PREPARE | Receiver: 30006 | Sender: 30114 | Distance:  147.03 m | Delay: 0.6991s | Size: 16778992 bit
[2025-03-20 12:37:58,718] [INFO] Phase: PREPARE | Receiver: 30006 | Sender: 30001 | Distance:   52.29 m | Delay: 0.4661s | Size: 16778992 bit
[2025-03-20 12:37:58,742] [INFO] Phase: PREPARE | Receiver: 30006 | Sender: 30032 | Distance:  119.36 m | Delay: 0.6991s | Size: 16779000 bit
[2025-03-20 12:37:58,773] [INFO] Phase: COMMIT | Receiver: 30006 | Sender: 30111 | Distance:   33.82 m | Delay: 0.3107s | Size: 16778992 bit
[2025-03-20 12:37:58,797] [INFO] Phase: PREPARE | Receiver: 30006 | Sender: 30042 | Distance:  117.24 m | Delay: 0.6991s | Size: 16779000 bit
[2025-03-20 12:37:58,830] [INFO] Phase: PREPARE | Receiver: 30006 | Sender: 30018 | Distance:  126.98 m | Delay: 0.6991s | Size: 16779000 bit
[2025-03-20 12:37:58,854] [INFO] Phase: PREPARE | Receiver: 30006 | Sender: 30062 | Distance:  162.73 m | Delay: 0.9322s | Size: 16779000 bit
[2025-03-20 12:37:58,880] [INFO] Phase: PREPARE | Receiver: 30006 | Sender: 30110 | Distance:  146.25 m | Delay: 0.6991s | Size: 16779000 bit
[2025-03-20 12:37:58,907] [INFO] Phase: PREPARE | Receiver: 30006 | Sender: 30111 | Distance:   33.82 m | Delay: 0.3107s | Size: 16778992 bit
[2025-03-20 12:37:58,931] [INFO] Phase: PREPARE | Receiver: 30006 | Sender: 30043 | Distance:  157.03 m | Delay: 0.9322s | Size: 16778992 bit
[2025-03-20 12:37:58,959] [INFO] Phase: PREPARE | Receiver: 30006 | Sender: 30009 | Distance:   49.61 m | Delay: 0.3107s | Size: 16778992 bit
[2025-03-20 12:37:58,986] [INFO] Phase: PREPARE | Receiver: 30006 | Sender: 30045 | Distance:  130.31 m | Delay: 0.6991s | Size: 16778992 bit
[2025-03-20 12:37:59,029] [INFO] Phase: COMMIT | Receiver: 30006 | Sender: 30001 | Distance:   52.29 m | Delay: 0.4661s | Size: 16778992 bit
[2025-03-20 12:37:59,061] [INFO] Phase: COMMIT | Receiver: 30006 | Sender: 30052 | Distance:   86.28 m | Delay: 0.4661s | Size: 16778984 bit
[2025-03-20 12:37:59,091] [INFO] Phase: COMMIT | Receiver: 30006 | Sender: 30043 | Distance:  157.03 m | Delay: 0.9322s | Size: 16778992 bit
[2025-03-20 12:37:59,126] [INFO] Phase: COMMIT | Receiver: 30006 | Sender: 30009 | Distance:   49.61 m | Delay: 0.3107s | Size: 16778984 bit
[2025-03-20 12:37:59,156] [INFO] Phase: COMMIT | Receiver: 30006 | Sender: 30099 | Distance:   88.80 m | Delay: 0.4661s | Size: 16778984 bit
[2025-03-20 12:37:59,190] [INFO] Phase: PREPARE | Receiver: 30006 | Sender: 30047 | Distance:  104.81 m | Delay: 0.6991s | Size: 16778992 bit
[2025-03-20 12:37:59,245] [INFO] Phase: PREPARE | Receiver: 30006 | Sender: 30008 | Distance:  151.31 m | Delay: 0.9322s | Size: 16778992 bit
[2025-03-20 12:37:59,284] [INFO] Phase: PREPARE | Receiver: 30006 | Sender: 30099 | Distance:   88.80 m | Delay: 0.4661s | Size: 16778984 bit
[2025-03-20 12:37:59,316] [INFO] Phase: COMMIT | Receiver: 30006 | Sender: 30008 | Distance:  151.31 m | Delay: 0.9322s | Size: 16778992 bit
[2025-03-20 12:37:59,389] [INFO] Phase: PREPARE | Receiver: 30006 | Sender: 30078 | Distance:   76.87 m | Delay: 0.4661s | Size: 16778992 bit
[2025-03-20 12:37:59,413] [INFO] Phase: PREPARE | Receiver: 30006 | Sender: 30037 | Distance:  170.57 m | Delay: 0.9322s | Size: 16778992 bit
[2025-03-20 12:37:59,444] [INFO] Phase: PREPARE | Receiver: 30006 | Sender: 30010 | Distance:  155.18 m | Delay: 0.9322s | Size: 16779000 bit
[2025-03-20 12:37:59,476] [INFO] Phase: COMMIT | Receiver: 30006 | Sender: 30037 | Distance:  170.57 m | Delay: 0.9322s | Size: 16778992 bit
[2025-03-20 12:37:59,500] [INFO] Phase: COMMIT | Receiver: 30006 | Sender: 30078 | Distance:   76.87 m | Delay: 0.4661s | Size: 16778992 bit
[2025-03-20 12:37:59,521] [INFO] Phase: COMMIT | Receiver: 30006 | Sender: 30010 | Distance:  155.18 m | Delay: 0.9322s | Size: 16779000 bit
[2025-03-20 12:37:59,588] [INFO] Phase: COMMIT | Receiver: 30006 | Sender: 30062 | Distance:  162.73 m | Delay: 0.9322s | Size: 16779000 bit
[2025-03-20 12:37:59,612] [INFO] Phase: COMMIT | Receiver: 30006 | Sender: 30110 | Distance:  146.25 m | Delay: 0.6991s | Size: 16778992 bit
[2025-03-20 12:38:01,760] [INFO] Phase: PRE-PREPARE | Receiver: 30006 | Sender: 30015 | Distance:   61.46 m | Delay: 0.4662s | Size: 16782240 bit
[2025-03-20 12:38:01,772] [INFO] Phase: PREPARE-BROADCAST | Receiver: ALL | Sender: 30006 | Distance:   61.46 m | Delay: 0.4662s | Size: 16778160 bit
[2025-03-20 12:38:02,593] [INFO] Phase: PREPARE | Receiver: 30006 | Sender: 30039 | Distance:   64.18 m | Delay: 0.4661s | Size: 16778984 bit
[2025-03-20 12:38:02,607] [INFO] Phase: COMMIT-BROADCAST | Receiver: ALL | Sender: 30006 | Distance:   64.18 m | Delay: 0.4661s | Size: 16778152 bit
[2025-03-20 12:38:02,642] [INFO] Phase: PREPARE | Receiver: 30006 | Sender: 30093 | Distance:   43.40 m | Delay: 0.3107s | Size: 16778992 bit
[2025-03-20 12:38:02,682] [INFO] Phase: PREPARE | Receiver: 30006 | Sender: 30054 | Distance:   45.15 m | Delay: 0.3107s | Size: 16778992 bit
[2025-03-20 12:38:02,716] [INFO] Phase: PREPARE | Receiver: 30006 | Sender: 30094 | Distance:   42.30 m | Delay: 0.3107s | Size: 16778992 bit
[2025-03-20 12:38:04,336] [INFO] Phase: PREPARE | Receiver: 30006 | Sender: 30088 | Distance:  102.65 m | Delay: 0.6991s | Size: 16779000 bit
[2025-03-20 12:38:04,678] [INFO] Phase: PREPARE | Receiver: 30006 | Sender: 30059 | Distance:   47.73 m | Delay: 0.3107s | Size: 16779000 bit
[2025-03-20 12:38:04,786] [INFO] Phase: PREPARE | Receiver: 30006 | Sender: 30020 | Distance:   34.07 m | Delay: 0.3107s | Size: 16778992 bit
[2025-03-20 12:38:05,011] [INFO] Phase: PREPARE | Receiver: 30006 | Sender: 30064 | Distance:  102.37 m | Delay: 0.6991s | Size: 16779000 bit
[2025-03-20 12:38:05,307] [INFO] Phase: PREPARE | Receiver: 30006 | Sender: 30032 | Distance:  119.36 m | Delay: 0.6991s | Size: 16779000 bit
[2025-03-20 12:38:05,386] [INFO] Phase: PREPARE | Receiver: 30006 | Sender: 30052 | Distance:   86.28 m | Delay: 0.4661s | Size: 16778992 bit
[2025-03-20 12:38:05,504] [INFO] Phase: PREPARE | Receiver: 30006 | Sender: 30045 | Distance:  130.31 m | Delay: 0.6991s | Size: 16778984 bit
[2025-03-20 12:38:05,635] [INFO] Phase: PREPARE | Receiver: 30006 | Sender: 30099 | Distance:   88.80 m | Delay: 0.4661s | Size: 16778992 bit
[2025-03-20 12:38:05,686] [INFO] Phase: PREPARE | Receiver: 30006 | Sender: 30042 | Distance:  117.24 m | Delay: 0.6991s | Size: 16779000 bit
[2025-03-20 12:38:05,733] [INFO] Phase: PREPARE | Receiver: 30006 | Sender: 30060 | Distance:   93.38 m | Delay: 0.4661s | Size: 16778992 bit
[2025-03-20 12:38:05,771] [INFO] Phase: COMMIT | Receiver: 30006 | Sender: 30015 | Distance:   61.46 m | Delay: 0.4661s | Size: 16778992 bit
[2025-03-20 12:38:05,804] [INFO] Phase: PREPARE | Receiver: 30006 | Sender: 30110 | Distance:  146.25 m | Delay: 0.6991s | Size: 16779000 bit
[2025-03-20 12:38:05,841] [INFO] Phase: PREPARE | Receiver: 30006 | Sender: 30062 | Distance:  162.73 m | Delay: 0.9322s | Size: 16779000 bit
[2025-03-20 12:38:05,877] [INFO] Phase: PREPARE | Receiver: 30006 | Sender: 30008 | Distance:  151.31 m | Delay: 0.9322s | Size: 16779000 bit
[2025-03-20 12:38:05,922] [INFO] Phase: PREPARE | Receiver: 30006 | Sender: 30114 | Distance:  147.03 m | Delay: 0.6991s | Size: 16779000 bit
[2025-03-20 12:38:05,956] [INFO] Phase: PREPARE | Receiver: 30006 | Sender: 30001 | Distance:   52.29 m | Delay: 0.4661s | Size: 16778992 bit
[2025-03-20 12:38:05,999] [INFO] Phase: PREPARE | Receiver: 30006 | Sender: 30009 | Distance:   49.61 m | Delay: 0.3107s | Size: 16778984 bit
[2025-03-20 12:38:06,049] [INFO] Phase: PREPARE | Receiver: 30006 | Sender: 30078 | Distance:   76.87 m | Delay: 0.4661s | Size: 16778984 bit
[2025-03-20 12:38:06,083] [INFO] Phase: PREPARE | Receiver: 30006 | Sender: 30018 | Distance:  126.98 m | Delay: 0.6991s | Size: 16779000 bit
[2025-03-20 12:38:06,120] [INFO] Phase: COMMIT | Receiver: 30006 | Sender: 30008 | Distance:  151.31 m | Delay: 0.9322s | Size: 16779000 bit
[2025-03-20 12:38:06,136] [INFO] Phase: PRE-REPLY | Receiver: 30022 | Sender: 30006 | Distance:  151.31 m | Delay: 0.9322s | Size: 16778152 bit
[2025-03-20 12:38:06,201] [INFO] Phase: COMMIT | Receiver: 30006 | Sender: 30060 | Distance:   93.38 m | Delay: 0.4661s | Size: 16778984 bit
[2025-03-20 12:38:06,233] [INFO] Phase: PREPARE | Receiver: 30006 | Sender: 30111 | Distance:   33.82 m | Delay: 0.3107s | Size: 16778992 bit
[2025-03-20 12:38:06,266] [INFO] Phase: COMMIT | Receiver: 30006 | Sender: 30018 | Distance:  126.98 m | Delay: 0.6991s | Size: 16779000 bit
[2025-03-20 12:38:06,302] [INFO] Phase: COMMIT | Receiver: 30006 | Sender: 30064 | Distance:  102.37 m | Delay: 0.6991s | Size: 16778992 bit
[2025-03-20 12:38:06,334] [INFO] Phase: COMMIT | Receiver: 30006 | Sender: 30039 | Distance:   64.18 m | Delay: 0.4661s | Size: 16778992 bit
[2025-03-20 12:38:06,385] [INFO] Phase: COMMIT | Receiver: 30006 | Sender: 30111 | Distance:   33.82 m | Delay: 0.3107s | Size: 16778992 bit
[2025-03-20 12:38:06,417] [INFO] Phase: COMMIT | Receiver: 30006 | Sender: 30093 | Distance:   43.40 m | Delay: 0.3107s | Size: 16778992 bit
[2025-03-20 12:38:06,450] [INFO] Phase: COMMIT | Receiver: 30006 | Sender: 30094 | Distance:   42.30 m | Delay: 0.3107s | Size: 16778992 bit
[2025-03-20 12:38:06,482] [INFO] Phase: COMMIT | Receiver: 30006 | Sender: 30088 | Distance:  102.65 m | Delay: 0.6991s | Size: 16779000 bit
[2025-03-20 12:38:06,529] [INFO] Phase: COMMIT | Receiver: 30006 | Sender: 30042 | Distance:  117.24 m | Delay: 0.6991s | Size: 16778984 bit
[2025-03-20 12:38:06,571] [INFO] Phase: COMMIT | Receiver: 30006 | Sender: 30052 | Distance:   86.28 m | Delay: 0.4661s | Size: 16778992 bit
[2025-03-20 12:38:06,602] [INFO] Phase: COMMIT | Receiver: 30006 | Sender: 30059 | Distance:   47.73 m | Delay: 0.3107s | Size: 16778992 bit
[2025-03-20 12:38:06,631] [INFO] Phase: COMMIT | Receiver: 30006 | Sender: 30110 | Distance:  146.25 m | Delay: 0.6991s | Size: 16778992 bit
[2025-03-20 12:38:06,665] [INFO] Phase: COMMIT | Receiver: 30006 | Sender: 30054 | Distance:   45.15 m | Delay: 0.3107s | Size: 16778992 bit
[2025-03-20 12:38:06,703] [INFO] Phase: COMMIT | Receiver: 30006 | Sender: 30062 | Distance:  162.73 m | Delay: 0.9322s | Size: 16779000 bit
[2025-03-20 12:38:06,736] [INFO] Phase: COMMIT | Receiver: 30006 | Sender: 30099 | Distance:   88.80 m | Delay: 0.4661s | Size: 16778992 bit
[2025-03-20 12:38:06,772] [INFO] Phase: COMMIT | Receiver: 30006 | Sender: 30001 | Distance:   52.29 m | Delay: 0.4661s | Size: 16778992 bit
[2025-03-20 12:38:06,807] [INFO] Phase: COMMIT | Receiver: 30006 | Sender: 30045 | Distance:  130.31 m | Delay: 0.6991s | Size: 16778992 bit
[2025-03-20 12:38:06,839] [INFO] Phase: COMMIT | Receiver: 30006 | Sender: 30114 | Distance:  147.03 m | Delay: 0.6991s | Size: 16779000 bit
[2025-03-20 12:38:06,876] [INFO] Phase: COMMIT | Receiver: 30006 | Sender: 30032 | Distance:  119.36 m | Delay: 0.6991s | Size: 16779000 bit
[2025-03-20 12:38:06,942] [INFO] Phase: COMMIT | Receiver: 30006 | Sender: 30078 | Distance:   76.87 m | Delay: 0.4661s | Size: 16778984 bit
[2025-03-20 12:38:06,995] [INFO] Phase: PREPARE | Receiver: 30006 | Sender: 30118 | Distance:  147.03 m | Delay: 0.6991s | Size: 16779000 bit
[2025-03-20 12:38:07,064] [INFO] Phase: PREPARE | Receiver: 30006 | Sender: 30043 | Distance:  157.03 m | Delay: 0.9322s | Size: 16779000 bit
[2025-03-20 12:38:07,106] [INFO] Phase: PREPARE | Receiver: 30006 | Sender: 30047 | Distance:  104.81 m | Delay: 0.6991s | Size: 16779000 bit
[2025-03-20 12:38:07,601] [INFO] Phase: PREPARE | Receiver: 30006 | Sender: 30037 | Distance:  170.57 m | Delay: 0.9322s | Size: 16778992 bit
[2025-03-20 12:38:07,832] [INFO] Phase: PREPARE | Receiver: 30006 | Sender: 30010 | Distance:  155.18 m | Delay: 0.9322s | Size: 16779000 bit
[2025-03-20 12:38:08,660] [INFO] Phase: COMMIT | Receiver: 30006 | Sender: 30118 | Distance:  147.03 m | Delay: 0.6991s | Size: 16778992 bit
[2025-03-20 12:38:09,122] [INFO] Phase: COMMIT | Receiver: 30006 | Sender: 30009 | Distance:   49.61 m | Delay: 0.3107s | Size: 16778984 bit
[2025-03-20 12:38:11,181] [INFO] Phase: COMMIT | Receiver: 30006 | Sender: 30043 | Distance:  157.03 m | Delay: 0.9322s | Size: 16779000 bit
[2025-03-20 12:38:11,729] [INFO] Phase: COMMIT | Receiver: 30006 | Sender: 30020 | Distance:   34.07 m | Delay: 0.3107s | Size: 16779000 bit
[2025-03-20 12:38:12,245] [INFO] Phase: COMMIT | Receiver: 30006 | Sender: 30010 | Distance:  155.18 m | Delay: 0.9322s | Size: 16779000 bit
[2025-03-20 12:38:12,783] [INFO] Phase: COMMIT | Receiver: 30006 | Sender: 30047 | Distance:  104.81 m | Delay: 0.6991s | Size: 16779000 bit
[2025-03-20 12:38:12,832] [INFO] Phase: COMMIT | Receiver: 30006 | Sender: 30037 | Distance:  170.57 m | Delay: 0.9322s | Size: 16778984 bit
[2025-03-20 12:38:28,735] [INFO] Phase: PRE-PREPARE | Receiver: 30006 | Sender: 30015 | Distance:   61.46 m | Delay: 0.4662s | Size: 16782232 bit
[2025-03-20 12:38:29,075] [INFO] Phase: PREPARE-BROADCAST | Receiver: ALL | Sender: 30006 | Distance:   61.46 m | Delay: 0.4662s | Size: 16778160 bit
[2025-03-20 12:38:43,030] [INFO] Phase: PREPARE | Receiver: 30006 | Sender: 30020 | Distance:   34.07 m | Delay: 0.3107s | Size: 16779000 bit
[2025-03-20 12:38:43,050] [INFO] Phase: COMMIT-BROADCAST | Receiver: ALL | Sender: 30006 | Distance:   34.07 m | Delay: 0.3107s | Size: 16778160 bit
[2025-03-20 12:38:43,756] [INFO] Phase: PREPARE | Receiver: 30006 | Sender: 30060 | Distance:   93.38 m | Delay: 0.4661s | Size: 16778992 bit
[2025-03-20 12:38:43,783] [INFO] Phase: PREPARE | Receiver: 30006 | Sender: 30010 | Distance:  155.18 m | Delay: 0.9322s | Size: 16778992 bit
[2025-03-20 12:38:43,813] [INFO] Phase: PREPARE | Receiver: 30006 | Sender: 30009 | Distance:   49.61 m | Delay: 0.3107s | Size: 16778992 bit
[2025-03-20 12:38:43,847] [INFO] Phase: PREPARE | Receiver: 30006 | Sender: 30093 | Distance:   43.40 m | Delay: 0.3107s | Size: 16778992 bit
[2025-03-20 12:38:43,878] [INFO] Phase: PREPARE | Receiver: 30006 | Sender: 30064 | Distance:  102.37 m | Delay: 0.6991s | Size: 16779000 bit
[2025-03-20 12:38:43,910] [INFO] Phase: PREPARE | Receiver: 30006 | Sender: 30088 | Distance:  102.65 m | Delay: 0.6991s | Size: 16779000 bit
[2025-03-20 12:38:43,939] [INFO] Phase: COMMIT | Receiver: 30006 | Sender: 30015 | Distance:   61.46 m | Delay: 0.4661s | Size: 16778992 bit
[2025-03-20 12:38:43,989] [INFO] Phase: PREPARE | Receiver: 30006 | Sender: 30118 | Distance:  147.03 m | Delay: 0.6991s | Size: 16778984 bit
[2025-03-20 12:38:44,056] [INFO] Phase: PREPARE | Receiver: 30006 | Sender: 30047 | Distance:  104.81 m | Delay: 0.6991s | Size: 16778992 bit
[2025-03-20 12:38:44,116] [INFO] Phase: PREPARE | Receiver: 30006 | Sender: 30094 | Distance:   42.30 m | Delay: 0.3107s | Size: 16778992 bit
[2025-03-20 12:38:44,276] [INFO] Phase: PREPARE | Receiver: 30006 | Sender: 30052 | Distance:   86.28 m | Delay: 0.4661s | Size: 16778992 bit
[2025-03-20 12:38:44,312] [INFO] Phase: PREPARE | Receiver: 30006 | Sender: 30099 | Distance:   88.80 m | Delay: 0.4661s | Size: 16778992 bit
[2025-03-20 12:38:44,345] [INFO] Phase: PREPARE | Receiver: 30006 | Sender: 30032 | Distance:  119.36 m | Delay: 0.6991s | Size: 16779000 bit
[2025-03-20 12:38:44,379] [INFO] Phase: COMMIT | Receiver: 30006 | Sender: 30118 | Distance:  147.03 m | Delay: 0.6991s | Size: 16779000 bit
[2025-03-20 12:38:44,394] [INFO] Phase: PRE-REPLY | Receiver: 30022 | Sender: 30006 | Distance:  147.03 m | Delay: 0.6991s | Size: 16778160 bit
[2025-03-20 12:38:44,456] [INFO] Phase: COMMIT | Receiver: 30006 | Sender: 30059 | Distance:   47.73 m | Delay: 0.3107s | Size: 16778992 bit
[2025-03-20 12:38:44,488] [INFO] Phase: COMMIT | Receiver: 30006 | Sender: 30093 | Distance:   43.40 m | Delay: 0.3107s | Size: 16778992 bit
[2025-03-20 12:38:44,517] [INFO] Phase: PREPARE | Receiver: 30006 | Sender: 30059 | Distance:   47.73 m | Delay: 0.3107s | Size: 16779000 bit
[2025-03-20 12:38:44,549] [INFO] Phase: PREPARE | Receiver: 30006 | Sender: 30008 | Distance:  151.31 m | Delay: 0.9322s | Size: 16779000 bit
[2025-03-20 12:38:44,579] [INFO] Phase: COMMIT | Receiver: 30006 | Sender: 30047 | Distance:  104.81 m | Delay: 0.6991s | Size: 16778992 bit
[2025-03-20 12:38:44,610] [INFO] Phase: COMMIT | Receiver: 30006 | Sender: 30020 | Distance:   34.07 m | Delay: 0.3107s | Size: 16779000 bit
[2025-03-20 12:38:44,644] [INFO] Phase: COMMIT | Receiver: 30006 | Sender: 30010 | Distance:  155.18 m | Delay: 0.9322s | Size: 16779000 bit
[2025-03-20 12:38:44,678] [INFO] Phase: PREPARE | Receiver: 30006 | Sender: 30111 | Distance:   33.82 m | Delay: 0.3107s | Size: 16778992 bit
[2025-03-20 12:38:44,717] [INFO] Phase: PREPARE | Receiver: 30006 | Sender: 30045 | Distance:  130.31 m | Delay: 0.6991s | Size: 16778992 bit
[2025-03-20 12:38:44,751] [INFO] Phase: PREPARE | Receiver: 30006 | Sender: 30078 | Distance:   76.87 m | Delay: 0.4661s | Size: 16778984 bit
[2025-03-20 12:38:44,780] [INFO] Phase: PREPARE | Receiver: 30006 | Sender: 30039 | Distance:   64.18 m | Delay: 0.4661s | Size: 16778992 bit
[2025-03-20 12:38:44,815] [INFO] Phase: PREPARE | Receiver: 30006 | Sender: 30037 | Distance:  170.57 m | Delay: 0.9322s | Size: 16778992 bit
[2025-03-20 12:38:44,855] [INFO] Phase: PREPARE | Receiver: 30006 | Sender: 30062 | Distance:  162.73 m | Delay: 0.9322s | Size: 16779000 bit
[2025-03-20 12:38:44,891] [INFO] Phase: PREPARE | Receiver: 30006 | Sender: 30114 | Distance:  147.03 m | Delay: 0.6991s | Size: 16779000 bit
[2025-03-20 12:38:44,924] [INFO] Phase: PREPARE | Receiver: 30006 | Sender: 30054 | Distance:   45.15 m | Delay: 0.3107s | Size: 16778992 bit
[2025-03-20 12:38:44,956] [INFO] Phase: PREPARE | Receiver: 30006 | Sender: 30018 | Distance:  126.98 m | Delay: 0.6991s | Size: 16779000 bit
[2025-03-20 12:38:44,990] [INFO] Phase: COMMIT | Receiver: 30006 | Sender: 30088 | Distance:  102.65 m | Delay: 0.6991s | Size: 16779000 bit
[2025-03-20 12:38:45,023] [INFO] Phase: PREPARE | Receiver: 30006 | Sender: 30043 | Distance:  157.03 m | Delay: 0.9322s | Size: 16779000 bit
[2025-03-20 12:38:45,057] [INFO] Phase: PREPARE | Receiver: 30006 | Sender: 30001 | Distance:   52.29 m | Delay: 0.4661s | Size: 16778992 bit
[2025-03-20 12:38:45,502] [INFO] Phase: COMMIT | Receiver: 30006 | Sender: 30008 | Distance:  151.31 m | Delay: 0.9322s | Size: 16778992 bit
[2025-03-20 12:38:45,524] [INFO] Phase: PREPARE | Receiver: 30006 | Sender: 30110 | Distance:  146.25 m | Delay: 0.6991s | Size: 16779000 bit
[2025-03-20 12:38:45,556] [INFO] Phase: PREPARE | Receiver: 30006 | Sender: 30042 | Distance:  117.24 m | Delay: 0.6991s | Size: 16779000 bit
[2025-03-20 12:38:45,586] [INFO] Phase: COMMIT | Receiver: 30006 | Sender: 30094 | Distance:   42.30 m | Delay: 0.3107s | Size: 16778992 bit
[2025-03-20 12:38:45,612] [INFO] Phase: COMMIT | Receiver: 30006 | Sender: 30064 | Distance:  102.37 m | Delay: 0.6991s | Size: 16779000 bit
[2025-03-20 12:38:45,641] [INFO] Phase: COMMIT | Receiver: 30006 | Sender: 30060 | Distance:   93.38 m | Delay: 0.4661s | Size: 16778992 bit
[2025-03-20 12:38:45,671] [INFO] Phase: COMMIT | Receiver: 30006 | Sender: 30054 | Distance:   45.15 m | Delay: 0.3107s | Size: 16778984 bit
[2025-03-20 12:38:45,695] [INFO] Phase: COMMIT | Receiver: 30006 | Sender: 30043 | Distance:  157.03 m | Delay: 0.9322s | Size: 16779000 bit
[2025-03-20 12:38:45,720] [INFO] Phase: COMMIT | Receiver: 30006 | Sender: 30001 | Distance:   52.29 m | Delay: 0.4661s | Size: 16778992 bit
[2025-03-20 12:38:45,831] [INFO] Phase: COMMIT | Receiver: 30006 | Sender: 30018 | Distance:  126.98 m | Delay: 0.6991s | Size: 16779000 bit
[2025-03-20 12:38:45,895] [INFO] Phase: COMMIT | Receiver: 30006 | Sender: 30042 | Distance:  117.24 m | Delay: 0.6991s | Size: 16779000 bit
[2025-03-20 12:38:45,955] [INFO] Phase: COMMIT | Receiver: 30006 | Sender: 30045 | Distance:  130.31 m | Delay: 0.6991s | Size: 16778992 bit
[2025-03-20 12:38:46,006] [INFO] Phase: COMMIT | Receiver: 30006 | Sender: 30110 | Distance:  146.25 m | Delay: 0.6991s | Size: 16779000 bit
[2025-03-20 12:38:46,038] [INFO] Phase: COMMIT | Receiver: 30006 | Sender: 30032 | Distance:  119.36 m | Delay: 0.6991s | Size: 16779000 bit
[2025-03-20 12:38:46,070] [INFO] Phase: COMMIT | Receiver: 30006 | Sender: 30037 | Distance:  170.57 m | Delay: 0.9322s | Size: 16778992 bit
[2025-03-20 12:38:46,086] [INFO] Phase: COMMIT | Receiver: 30006 | Sender: 30009 | Distance:   49.61 m | Delay: 0.3107s | Size: 16778992 bit
[2025-03-20 12:38:46,101] [INFO] Phase: COMMIT | Receiver: 30006 | Sender: 30062 | Distance:  162.73 m | Delay: 0.9322s | Size: 16779000 bit
[2025-03-20 12:38:46,117] [INFO] Phase: COMMIT | Receiver: 30006 | Sender: 30039 | Distance:   64.18 m | Delay: 0.4661s | Size: 16778992 bit
[2025-03-20 12:38:46,135] [INFO] Phase: COMMIT | Receiver: 30006 | Sender: 30099 | Distance:   88.80 m | Delay: 0.4661s | Size: 16778992 bit
[2025-03-20 12:38:46,137] [INFO] Phase: COMMIT | Receiver: 30006 | Sender: 30114 | Distance:  147.03 m | Delay: 0.6991s | Size: 16778992 bit
[2025-03-20 12:38:46,149] [INFO] Phase: COMMIT | Receiver: 30006 | Sender: 30078 | Distance:   76.87 m | Delay: 0.4661s | Size: 16778992 bit
[2025-03-20 12:38:46,215] [INFO] Phase: COMMIT | Receiver: 30006 | Sender: 30052 | Distance:   86.28 m | Delay: 0.4661s | Size: 16778984 bit
[2025-03-20 12:38:46,244] [INFO] Phase: COMMIT | Receiver: 30006 | Sender: 30111 | Distance:   33.82 m | Delay: 0.3107s | Size: 16778984 bit
[2025-03-20 12:38:51,548] [INFO] Phase: PRE-PREPARE | Receiver: 30006 | Sender: 30015 | Distance:   61.46 m | Delay: 0.4662s | Size: 16782240 bit
[2025-03-20 12:38:51,564] [INFO] Phase: PREPARE-BROADCAST | Receiver: ALL | Sender: 30006 | Distance:   61.46 m | Delay: 0.4662s | Size: 16778160 bit
[2025-03-20 12:38:51,995] [INFO] Phase: PREPARE | Receiver: 30006 | Sender: 30059 | Distance:   47.73 m | Delay: 0.3107s | Size: 16779000 bit
[2025-03-20 12:38:52,005] [INFO] Phase: COMMIT-BROADCAST | Receiver: ALL | Sender: 30006 | Distance:   47.73 m | Delay: 0.3107s | Size: 16778160 bit
[2025-03-20 12:38:57,811] [INFO] Phase: PREPARE | Receiver: 30006 | Sender: 30020 | Distance:   34.07 m | Delay: 0.3107s | Size: 16778992 bit
[2025-03-20 12:38:57,859] [INFO] Phase: PREPARE | Receiver: 30006 | Sender: 30093 | Distance:   43.40 m | Delay: 0.3107s | Size: 16778992 bit
[2025-03-20 12:38:58,082] [INFO] Phase: PREPARE | Receiver: 30006 | Sender: 30088 | Distance:  102.65 m | Delay: 0.6991s | Size: 16779000 bit
[2025-03-20 12:38:58,190] [INFO] Phase: PREPARE | Receiver: 30006 | Sender: 30009 | Distance:   49.61 m | Delay: 0.3107s | Size: 16778992 bit
[2025-03-20 12:38:58,222] [INFO] Phase: PREPARE | Receiver: 30006 | Sender: 30039 | Distance:   64.18 m | Delay: 0.4661s | Size: 16778992 bit
[2025-03-20 12:38:58,309] [INFO] Phase: PREPARE | Receiver: 30006 | Sender: 30064 | Distance:  102.37 m | Delay: 0.6991s | Size: 16779000 bit
[2025-03-20 12:38:58,348] [INFO] Phase: PREPARE | Receiver: 30006 | Sender: 30110 | Distance:  146.25 m | Delay: 0.6991s | Size: 16779000 bit
[2025-03-20 12:38:58,465] [INFO] Phase: PREPARE | Receiver: 30006 | Sender: 30037 | Distance:  170.57 m | Delay: 0.9322s | Size: 16778992 bit
[2025-03-20 12:38:58,515] [INFO] Phase: PREPARE | Receiver: 30006 | Sender: 30001 | Distance:   52.29 m | Delay: 0.4661s | Size: 16778992 bit
[2025-03-20 12:38:58,558] [INFO] Phase: PREPARE | Receiver: 30006 | Sender: 30008 | Distance:  151.31 m | Delay: 0.9322s | Size: 16779000 bit
[2025-03-20 12:38:58,595] [INFO] Phase: PREPARE | Receiver: 30006 | Sender: 30114 | Distance:  147.03 m | Delay: 0.6991s | Size: 16779000 bit
[2025-03-20 12:38:58,645] [INFO] Phase: PREPARE | Receiver: 30006 | Sender: 30060 | Distance:   93.38 m | Delay: 0.4661s | Size: 16778992 bit
[2025-03-20 12:38:58,684] [INFO] Phase: COMMIT | Receiver: 30006 | Sender: 30015 | Distance:   61.46 m | Delay: 0.4661s | Size: 16778984 bit
[2025-03-20 12:38:58,720] [INFO] Phase: COMMIT | Receiver: 30006 | Sender: 30059 | Distance:   47.73 m | Delay: 0.3107s | Size: 16778992 bit
[2025-03-20 12:38:58,738] [INFO] Phase: PRE-REPLY | Receiver: 30022 | Sender: 30006 | Distance:   47.73 m | Delay: 0.3107s | Size: 16778160 bit
[2025-03-20 12:38:58,802] [INFO] Phase: PREPARE | Receiver: 30006 | Sender: 30054 | Distance:   45.15 m | Delay: 0.3107s | Size: 16778984 bit
[2025-03-20 12:38:58,839] [INFO] Phase: PREPARE | Receiver: 30006 | Sender: 30047 | Distance:  104.81 m | Delay: 0.6991s | Size: 16778992 bit
[2025-03-20 12:38:58,883] [INFO] Phase: COMMIT | Receiver: 30006 | Sender: 30110 | Distance:  146.25 m | Delay: 0.6991s | Size: 16779000 bit
[2025-03-20 12:38:58,920] [INFO] Phase: PREPARE | Receiver: 30006 | Sender: 30018 | Distance:  126.98 m | Delay: 0.6991s | Size: 16779000 bit
[2025-03-20 12:38:58,954] [INFO] Phase: PREPARE | Receiver: 30006 | Sender: 30052 | Distance:   86.28 m | Delay: 0.4661s | Size: 16778992 bit
[2025-03-20 12:38:58,994] [INFO] Phase: COMMIT | Receiver: 30006 | Sender: 30037 | Distance:  170.57 m | Delay: 0.9322s | Size: 16778992 bit
[2025-03-20 12:38:59,021] [INFO] Phase: COMMIT | Receiver: 30006 | Sender: 30009 | Distance:   49.61 m | Delay: 0.3107s | Size: 16778992 bit
[2025-03-20 12:38:59,051] [INFO] Phase: COMMIT | Receiver: 30006 | Sender: 30047 | Distance:  104.81 m | Delay: 0.6991s | Size: 16779000 bit
[2025-03-20 12:38:59,083] [INFO] Phase: COMMIT | Receiver: 30006 | Sender: 30093 | Distance:   43.40 m | Delay: 0.3107s | Size: 16778992 bit
[2025-03-20 12:38:59,112] [INFO] Phase: COMMIT | Receiver: 30006 | Sender: 30064 | Distance:  102.37 m | Delay: 0.6991s | Size: 16779000 bit
[2025-03-20 12:38:59,146] [INFO] Phase: COMMIT | Receiver: 30006 | Sender: 30088 | Distance:  102.65 m | Delay: 0.6991s | Size: 16779000 bit
[2025-03-20 12:38:59,179] [INFO] Phase: PREPARE | Receiver: 30006 | Sender: 30032 | Distance:  119.36 m | Delay: 0.6991s | Size: 16778992 bit
[2025-03-20 12:38:59,221] [INFO] Phase: COMMIT | Receiver: 30006 | Sender: 30008 | Distance:  151.31 m | Delay: 0.9322s | Size: 16779000 bit
[2025-03-20 12:38:59,256] [INFO] Phase: COMMIT | Receiver: 30006 | Sender: 30001 | Distance:   52.29 m | Delay: 0.4661s | Size: 16778992 bit
[2025-03-20 12:38:59,290] [INFO] Phase: PREPARE | Receiver: 30006 | Sender: 30042 | Distance:  117.24 m | Delay: 0.6991s | Size: 16778992 bit
[2025-03-20 12:38:59,325] [INFO] Phase: PREPARE | Receiver: 30006 | Sender: 30078 | Distance:   76.87 m | Delay: 0.4661s | Size: 16778992 bit
[2025-03-20 12:38:59,375] [INFO] Phase: COMMIT | Receiver: 30006 | Sender: 30020 | Distance:   34.07 m | Delay: 0.3107s | Size: 16778992 bit
[2025-03-20 12:38:59,406] [INFO] Phase: PREPARE | Receiver: 30006 | Sender: 30111 | Distance:   33.82 m | Delay: 0.3107s | Size: 16778984 bit
[2025-03-20 12:38:59,442] [INFO] Phase: COMMIT | Receiver: 30006 | Sender: 30039 | Distance:   64.18 m | Delay: 0.4661s | Size: 16778984 bit
[2025-03-20 12:38:59,486] [INFO] Phase: PREPARE | Receiver: 30006 | Sender: 30043 | Distance:  157.03 m | Delay: 0.9322s | Size: 16778984 bit
[2025-03-20 12:38:59,520] [INFO] Phase: PREPARE | Receiver: 30006 | Sender: 30045 | Distance:  130.31 m | Delay: 0.6991s | Size: 16778984 bit
[2025-03-20 12:38:59,551] [INFO] Phase: PREPARE | Receiver: 30006 | Sender: 30010 | Distance:  155.18 m | Delay: 0.9322s | Size: 16779000 bit
[2025-03-20 12:38:59,587] [INFO] Phase: PREPARE | Receiver: 30006 | Sender: 30099 | Distance:   88.80 m | Delay: 0.4661s | Size: 16778992 bit
[2025-03-20 12:38:59,621] [INFO] Phase: COMMIT | Receiver: 30006 | Sender: 30060 | Distance:   93.38 m | Delay: 0.4661s | Size: 16778992 bit
[2025-03-20 12:38:59,656] [INFO] Phase: PREPARE | Receiver: 30006 | Sender: 30094 | Distance:   42.30 m | Delay: 0.3107s | Size: 16778992 bit
[2025-03-20 12:38:59,696] [INFO] Phase: COMMIT | Receiver: 30006 | Sender: 30052 | Distance:   86.28 m | Delay: 0.4661s | Size: 16778984 bit
[2025-03-20 12:38:59,728] [INFO] Phase: PREPARE | Receiver: 30006 | Sender: 30062 | Distance:  162.73 m | Delay: 0.9322s | Size: 16779000 bit
[2025-03-20 12:38:59,763] [INFO] Phase: COMMIT | Receiver: 30006 | Sender: 30114 | Distance:  147.03 m | Delay: 0.6991s | Size: 16778992 bit
[2025-03-20 12:38:59,795] [INFO] Phase: COMMIT | Receiver: 30006 | Sender: 30032 | Distance:  119.36 m | Delay: 0.6991s | Size: 16778992 bit
[2025-03-20 12:38:59,909] [INFO] Phase: PREPARE | Receiver: 30006 | Sender: 30118 | Distance:  147.03 m | Delay: 0.6991s | Size: 16779000 bit
[2025-03-20 12:38:59,957] [INFO] Phase: COMMIT | Receiver: 30006 | Sender: 30042 | Distance:  117.24 m | Delay: 0.6991s | Size: 16779000 bit
[2025-03-20 12:38:59,993] [INFO] Phase: COMMIT | Receiver: 30006 | Sender: 30045 | Distance:  130.31 m | Delay: 0.6991s | Size: 16778992 bit
[2025-03-20 12:39:00,024] [INFO] Phase: COMMIT | Receiver: 30006 | Sender: 30054 | Distance:   45.15 m | Delay: 0.3107s | Size: 16778992 bit
[2025-03-20 12:39:00,078] [INFO] Phase: COMMIT | Receiver: 30006 | Sender: 30078 | Distance:   76.87 m | Delay: 0.4661s | Size: 16778992 bit
[2025-03-20 12:39:00,111] [INFO] Phase: COMMIT | Receiver: 30006 | Sender: 30018 | Distance:  126.98 m | Delay: 0.6991s | Size: 16779000 bit
[2025-03-20 12:39:01,701] [INFO] Phase: COMMIT | Receiver: 30006 | Sender: 30111 | Distance:   33.82 m | Delay: 0.3107s | Size: 16778992 bit
[2025-03-20 12:39:03,331] [INFO] Phase: COMMIT | Receiver: 30006 | Sender: 30099 | Distance:   88.80 m | Delay: 0.4661s | Size: 16778992 bit
[2025-03-20 12:39:03,644] [INFO] Phase: COMMIT | Receiver: 30006 | Sender: 30062 | Distance:  162.73 m | Delay: 0.9322s | Size: 16779000 bit
[2025-03-20 12:39:03,907] [INFO] Phase: COMMIT | Receiver: 30006 | Sender: 30118 | Distance:  147.03 m | Delay: 0.6991s | Size: 16779000 bit
[2025-03-20 12:39:03,960] [INFO] Phase: COMMIT | Receiver: 30006 | Sender: 30010 | Distance:  155.18 m | Delay: 0.9322s | Size: 16778984 bit
[2025-03-20 12:39:04,269] [INFO] Phase: COMMIT | Receiver: 30006 | Sender: 30043 | Distance:  157.03 m | Delay: 0.9322s | Size: 16779000 bit
[2025-03-20 12:39:06,951] [INFO] Phase: COMMIT | Receiver: 30006 | Sender: 30094 | Distance:   42.30 m | Delay: 0.3107s | Size: 16778992 bit
