[2025-03-11 16:53:04,317] [INFO] Node started: localhost:30005 | index=6 | f=1, k=4
[2025-03-11 16:53:11,776] [INFO] [30005] PRE-PREPARE received: {'request_id': 1741679591723, 'data': 'llapbft_message_1741679591723', 'timestamp': 1741679591.7554615, 'leader': 30034, 'cluster_id': 3, 'cluster_ports': [30001, 30005, 30012, 30027, 30033, 30034, 30039], 'cluster_manager': {'host': 'localhost', 'port': 30012, 'latitude': 36.6273309, 'longitude': 127.4598022, 'altitude': 25, 'offset_m': 'lat: 81 m, lng: 116 m, alt: 25 m'}, 'simulated_delay': 0.00012533333333333334, 'distance': 139.08767425261465, 'message_size_bits': 3008}
[2025-03-11 16:53:11,776] [INFO] [30005] Broadcasting PREPARE: REQUEST 1741679591723
[2025-03-11 16:53:11,789] [INFO] [30005] PREPARE received from 30033 for REQUEST 1741679591723
[2025-03-11 16:53:11,789] [INFO] [30005] Broadcasting COMMIT: REQUEST 1741679591723
[2025-03-11 16:53:11,802] [INFO] [30005] COMMIT received from 30033 for REQUEST 1741679591723
[2025-03-11 16:53:11,818] [INFO] [30005] PREPARE received from 30039 for REQUEST 1741679591723
[2025-03-11 16:53:11,826] [INFO] [30005] COMMIT received from 30039 for REQUEST 1741679591723
[2025-03-11 16:53:11,826] [INFO] [30005] COMMIT complete. Sending PRE-REPLY: REQUEST 1741679591723 directly to Manager 30012
[2025-03-11 16:53:11,826] [INFO] [30005] PREPARE received from 30001 for REQUEST 1741679591723
[2025-03-11 16:53:11,829] [INFO] [30005] COMMIT received from 30001 for REQUEST 1741679591723
[2025-03-11 16:53:11,834] [INFO] [30005] PREPARE received from 30027 for REQUEST 1741679591723
[2025-03-11 16:53:11,834] [INFO] [30005] COMMIT received from 30027 for REQUEST 1741679591723
[2025-03-11 16:53:11,834] [INFO] [30005] COMMIT received from 30034 for REQUEST 1741679591723
[2025-03-11 17:06:43,351] [INFO] Node started: localhost:30005 | index=6 | f=1, k=4
[2025-03-11 17:06:51,027] [INFO] [30005] PRE-PREPARE received: {'request_id': 1741680410987, 'data': 'llapbft_message_1741680410987', 'timestamp': 1741680411.012009, 'leader': 30034, 'cluster_id': 3, 'cluster_ports': [30001, 30005, 30012, 30027, 30033, 30034, 30039], 'cluster_manager': {'host': 'localhost', 'port': 30012, 'latitude': 36.6273309, 'longitude': 127.4598022, 'altitude': 25, 'offset_m': 'lat: 81 m, lng: 116 m, alt: 25 m'}, 'simulated_delay': 0.000125, 'distance': 139.08767425261465, 'message_size_bits': 3000}
[2025-03-11 17:06:51,027] [INFO] [30005] Broadcasting PREPARE: REQUEST 1741680410987
[2025-03-11 17:06:51,043] [INFO] [30005] PREPARE received from 30033 for REQUEST 1741680410987
[2025-03-11 17:06:51,043] [INFO] [30005] Broadcasting COMMIT: REQUEST 1741680410987
[2025-03-11 17:06:51,060] [INFO] [30005] COMMIT received from 30033 for REQUEST 1741680410987
[2025-03-11 17:06:51,074] [INFO] [30005] PREPARE received from 30027 for REQUEST 1741680410987
[2025-03-11 17:06:51,074] [INFO] [30005] COMMIT received from 30027 for REQUEST 1741680410987
[2025-03-11 17:06:51,074] [INFO] [30005] COMMIT complete. Sending PRE-REPLY: REQUEST 1741680410987 directly to Manager 30012
[2025-03-11 17:06:51,074] [INFO] [30005] PREPARE received from 30039 for REQUEST 1741680410987
[2025-03-11 17:06:51,074] [INFO] [30005] PREPARE received from 30001 for REQUEST 1741680410987
[2025-03-11 17:06:51,074] [INFO] [30005] COMMIT received from 30001 for REQUEST 1741680410987
[2025-03-11 17:06:51,081] [INFO] [30005] COMMIT received from 30039 for REQUEST 1741680410987
[2025-03-11 17:06:51,081] [INFO] [30005] COMMIT received from 30034 for REQUEST 1741680410987
[2025-03-11 17:06:55,711] [INFO] [30005] PRE-PREPARE received: {'request_id': 1741680415666, 'data': 'llapbft_message_1741680415666', 'timestamp': 1741680415.6957743, 'leader': 30034, 'cluster_id': 3, 'cluster_ports': [30001, 30005, 30012, 30027, 30033, 30034, 30039], 'cluster_manager': {'host': 'localhost', 'port': 30012, 'latitude': 36.6273309, 'longitude': 127.4598022, 'altitude': 25, 'offset_m': 'lat: 81 m, lng: 116 m, alt: 25 m'}, 'simulated_delay': 0.00012533333333333334, 'distance': 139.08767425261465, 'message_size_bits': 3008}
[2025-03-11 17:06:55,711] [INFO] [30005] Broadcasting PREPARE: REQUEST 1741680415666
[2025-03-11 17:06:55,729] [INFO] [30005] PREPARE received from 30033 for REQUEST 1741680415666
[2025-03-11 17:06:55,729] [INFO] [30005] Broadcasting COMMIT: REQUEST 1741680415666
[2025-03-11 17:06:55,729] [INFO] [30005] PREPARE received from 30039 for REQUEST 1741680415666
[2025-03-11 17:06:55,729] [INFO] [30005] PREPARE received from 30001 for REQUEST 1741680415666
[2025-03-11 17:06:55,729] [INFO] [30005] PREPARE received from 30027 for REQUEST 1741680415666
[2025-03-11 17:06:55,733] [INFO] [30005] COMMIT received from 30027 for REQUEST 1741680415666
[2025-03-11 17:06:55,735] [INFO] [30005] COMMIT received from 30034 for REQUEST 1741680415666
[2025-03-11 17:06:55,735] [INFO] [30005] COMMIT complete. Sending PRE-REPLY: REQUEST 1741680415666 directly to Manager 30012
[2025-03-11 17:06:55,735] [INFO] [30005] COMMIT received from 30001 for REQUEST 1741680415666
[2025-03-11 17:06:55,735] [INFO] [30005] COMMIT received from 30039 for REQUEST 1741680415666
[2025-03-11 17:06:55,736] [INFO] [30005] COMMIT received from 30033 for REQUEST 1741680415666
[2025-03-11 17:07:10,309] [INFO] Node started: localhost:30005 | index=6 | f=1, k=4
[2025-03-11 17:07:26,708] [INFO] [30005] PRE-PREPARE received: {'request_id': 1741680446655, 'data': 'llapbft_message_1741680446655', 'timestamp': 1741680446.6876225, 'leader': 30034, 'cluster_id': 3, 'cluster_ports': [30001, 30005, 30012, 30027, 30033, 30034, 30039], 'cluster_manager': {'host': 'localhost', 'port': 30012, 'latitude': 36.6273309, 'longitude': 127.4598022, 'altitude': 25, 'offset_m': 'lat: 81 m, lng: 116 m, alt: 25 m'}, 'simulated_delay': 0.00012533333333333334, 'distance': 139.08767425261465, 'message_size_bits': 3008}
[2025-03-11 17:07:26,708] [INFO] [30005] Broadcasting PREPARE: REQUEST 1741680446655
[2025-03-11 17:07:26,723] [INFO] [30005] PREPARE received from 30033 for REQUEST 1741680446655
[2025-03-11 17:07:26,723] [INFO] [30005] Broadcasting COMMIT: REQUEST 1741680446655
[2025-03-11 17:07:26,735] [INFO] [30005] COMMIT received from 30033 for REQUEST 1741680446655
[2025-03-11 17:07:26,735] [INFO] [30005] PREPARE received from 30001 for REQUEST 1741680446655
[2025-03-11 17:07:26,735] [INFO] [30005] COMMIT received from 30001 for REQUEST 1741680446655
[2025-03-11 17:07:26,735] [INFO] [30005] COMMIT complete. Sending PRE-REPLY: REQUEST 1741680446655 directly to Manager 30012
[2025-03-11 17:07:26,750] [INFO] [30005] PREPARE received from 30027 for REQUEST 1741680446655
[2025-03-11 17:07:26,750] [INFO] [30005] COMMIT received from 30027 for REQUEST 1741680446655
[2025-03-11 17:07:26,759] [INFO] [30005] PREPARE received from 30039 for REQUEST 1741680446655
[2025-03-11 17:07:26,759] [INFO] [30005] COMMIT received from 30034 for REQUEST 1741680446655
[2025-03-11 17:07:26,759] [INFO] [30005] COMMIT received from 30039 for REQUEST 1741680446655
[2025-03-11 17:09:38,134] [INFO] Node started: localhost:30005 | index=6 | f=1, k=4
[2025-03-11 17:09:47,319] [INFO] [30005] PRE-PREPARE received: {'request_id': 1741680587271, 'data': 'llapbft_message_1741680587271', 'timestamp': 1741680587.3035572, 'leader': 30034, 'cluster_id': 3, 'cluster_ports': [30001, 30005, 30012, 30027, 30033, 30034, 30039], 'cluster_manager': {'host': 'localhost', 'port': 30012, 'latitude': 36.6273309, 'longitude': 127.4598022, 'altitude': 25, 'offset_m': 'lat: 81 m, lng: 116 m, alt: 25 m'}, 'simulated_delay': 0.00012533333333333334, 'distance': 139.08767425261465, 'message_size_bits': 3008}
[2025-03-11 17:09:47,319] [INFO] [30005] Broadcasting PREPARE: REQUEST 1741680587271
[2025-03-11 17:09:47,335] [INFO] [30005] PREPARE received from 30033 for REQUEST 1741680587271
[2025-03-11 17:09:47,335] [INFO] [30005] Broadcasting COMMIT: REQUEST 1741680587271
[2025-03-11 17:09:47,351] [INFO] [30005] COMMIT received from 30033 for REQUEST 1741680587271
[2025-03-11 17:09:47,362] [INFO] [30005] PREPARE received from 30027 for REQUEST 1741680587271
[2025-03-11 17:09:47,362] [INFO] [30005] COMMIT received from 30027 for REQUEST 1741680587271
[2025-03-11 17:09:47,362] [INFO] [30005] COMMIT complete. Sending PRE-REPLY: REQUEST 1741680587271 directly to Manager 30012
[2025-03-11 17:09:47,370] [INFO] [30005] PREPARE received from 30039 for REQUEST 1741680587271
[2025-03-11 17:09:47,370] [INFO] [30005] COMMIT received from 30039 for REQUEST 1741680587271
[2025-03-11 17:09:47,370] [INFO] [30005] COMMIT received from 30034 for REQUEST 1741680587271
[2025-03-11 17:09:47,370] [INFO] [30005] PREPARE received from 30001 for REQUEST 1741680587271
[2025-03-11 17:09:47,377] [INFO] [30005] COMMIT received from 30001 for REQUEST 1741680587271
[2025-03-11 17:36:26,804] [INFO] Node started: localhost:30005 | index=6 | f=1, k=4
[2025-03-11 17:37:20,077] [INFO] [30005] PRE-PREPARE received: {'request_id': 1741682240025, 'data': 'llapbft_message_1741682240025', 'timestamp': 1741682240.0565877, 'leader': 30034, 'cluster_id': 3, 'cluster_ports': [30001, 30005, 30012, 30027, 30033, 30034, 30039], 'cluster_manager': {'host': 'localhost', 'port': 30012, 'latitude': 36.6273309, 'longitude': 127.4598022, 'altitude': 25, 'offset_m': 'lat: 81 m, lng: 116 m, alt: 25 m'}, 'simulated_delay': 0.00012533333333333334, 'distance': 139.08767425261465, 'message_size_bits': 3008}
[2025-03-11 17:37:20,077] [INFO] [30005] Broadcasting PREPARE: REQUEST 1741682240025
[2025-03-11 17:37:20,099] [INFO] [30005] PREPARE received from 30033 for REQUEST 1741682240025
[2025-03-11 17:37:20,099] [INFO] [30005] Broadcasting COMMIT: REQUEST 1741682240025
[2025-03-11 17:37:20,104] [INFO] [30005] COMMIT received from 30033 for REQUEST 1741682240025
[2025-03-11 17:37:20,119] [INFO] [30005] PREPARE received from 30001 for REQUEST 1741682240025
[2025-03-11 17:37:20,119] [INFO] [30005] COMMIT received from 30001 for REQUEST 1741682240025
[2025-03-11 17:37:20,119] [INFO] [30005] COMMIT complete. Sending PRE-REPLY: REQUEST 1741682240025 directly to Manager 30012
[2025-03-11 17:37:20,129] [INFO] [30005] PREPARE received from 30039 for REQUEST 1741682240025
[2025-03-11 17:37:20,129] [INFO] [30005] COMMIT received from 30039 for REQUEST 1741682240025
[2025-03-11 17:37:20,129] [INFO] [30005] PREPARE received from 30027 for REQUEST 1741682240025
[2025-03-11 17:37:20,129] [INFO] [30005] COMMIT received from 30034 for REQUEST 1741682240025
[2025-03-11 17:37:20,129] [INFO] [30005] COMMIT received from 30027 for REQUEST 1741682240025
[2025-03-11 17:37:32,249] [INFO] Node started: localhost:30005 | index=6 | f=1, k=4
[2025-03-11 17:37:41,269] [INFO] [30005] PRE-PREPARE received: {'request_id': 1741682261221, 'data': 'llapbft_message_1741682261221', 'timestamp': 1741682261.2498083, 'leader': 30034, 'cluster_id': 3, 'cluster_ports': [30001, 30005, 30012, 30027, 30033, 30034, 30039], 'cluster_manager': {'host': 'localhost', 'port': 30012, 'latitude': 36.6273309, 'longitude': 127.4598022, 'altitude': 25, 'offset_m': 'lat: 81 m, lng: 116 m, alt: 25 m'}, 'simulated_delay': 0.00012533333333333334, 'distance': 139.08767425261465, 'message_size_bits': 3008}
[2025-03-11 17:37:41,269] [INFO] [30005] Broadcasting PREPARE: REQUEST 1741682261221
[2025-03-11 17:37:41,285] [INFO] [30005] PREPARE received from 30033 for REQUEST 1741682261221
[2025-03-11 17:37:41,285] [INFO] [30005] Broadcasting COMMIT: REQUEST 1741682261221
[2025-03-11 17:37:41,300] [INFO] [30005] COMMIT received from 30033 for REQUEST 1741682261221
[2025-03-11 17:37:41,318] [INFO] [30005] PREPARE received from 30027 for REQUEST 1741682261221
[2025-03-11 17:37:41,318] [INFO] [30005] PREPARE received from 30039 for REQUEST 1741682261221
[2025-03-11 17:37:41,318] [INFO] [30005] COMMIT received from 30027 for REQUEST 1741682261221
[2025-03-11 17:37:41,318] [INFO] [30005] COMMIT complete. Sending PRE-REPLY: REQUEST 1741682261221 directly to Manager 30012
[2025-03-11 17:37:41,318] [INFO] [30005] COMMIT received from 30039 for REQUEST 1741682261221
[2025-03-11 17:37:41,318] [INFO] [30005] PREPARE received from 30001 for REQUEST 1741682261221
[2025-03-11 17:37:41,318] [INFO] [30005] COMMIT received from 30001 for REQUEST 1741682261221
[2025-03-11 17:37:41,330] [INFO] [30005] COMMIT received from 30034 for REQUEST 1741682261221
[2025-03-11 17:38:48,981] [INFO] Node started: localhost:30005 | index=6 | f=1, k=4
[2025-03-11 17:39:04,584] [INFO] [30005] PRE-PREPARE received: {'request_id': 1741682344536, 'data': 'llapbft_message_1741682344536', 'timestamp': 1741682344.566875, 'leader': 30055, 'cluster_id': 3, 'cluster_ports': [30000, 30005, 30009, 30015, 30017, 30018, 30019, 30020, 30025, 30031, 30032, 30035, 30037, 30039, 30040, 30042, 30044, 30049, 30054, 30055, 30057, 30058, 30060, 30062, 30067, 30068, 30075, 30076], 'cluster_manager': {'host': 'localhost', 'port': 30057, 'latitude': 36.6273996, 'longitude': 127.4585655, 'altitude': 108, 'offset_m': 'lat: 88 m, lng: 5 m, alt: 108 m'}, 'simulated_delay': 0.000174, 'distance': 107.09572641939882, 'message_size_bits': 4176}
[2025-03-11 17:39:04,584] [INFO] [30005] Broadcasting PREPARE: REQUEST 1741682344536
[2025-03-11 17:39:04,677] [INFO] [30005] PREPARE received from 30019 for REQUEST 1741682344536
[2025-03-11 17:39:04,677] [INFO] [30005] Broadcasting COMMIT: REQUEST 1741682344536
[2025-03-11 17:39:04,677] [INFO] [30005] PREPARE received from 30035 for REQUEST 1741682344536
[2025-03-11 17:39:04,677] [INFO] [30005] PREPARE received from 30054 for REQUEST 1741682344536
[2025-03-11 17:39:04,677] [INFO] [30005] PREPARE received from 30032 for REQUEST 1741682344536
[2025-03-11 17:39:04,711] [INFO] [30005] PREPARE received from 30060 for REQUEST 1741682344536
[2025-03-11 17:39:04,711] [INFO] [30005] PREPARE received from 30058 for REQUEST 1741682344536
[2025-03-11 17:39:04,711] [INFO] [30005] PREPARE received from 30017 for REQUEST 1741682344536
[2025-03-11 17:39:04,711] [INFO] [30005] PREPARE received from 30000 for REQUEST 1741682344536
[2025-03-11 17:39:04,756] [INFO] [30005] COMMIT received from 30054 for REQUEST 1741682344536
[2025-03-11 17:39:04,789] [INFO] [30005] PREPARE received from 30025 for REQUEST 1741682344536
[2025-03-11 17:39:04,789] [INFO] [30005] PREPARE received from 30075 for REQUEST 1741682344536
[2025-03-11 17:39:04,789] [INFO] [30005] PREPARE received from 30037 for REQUEST 1741682344536
[2025-03-11 17:39:04,789] [INFO] [30005] COMMIT received from 30075 for REQUEST 1741682344536
[2025-03-11 17:39:04,789] [INFO] [30005] COMMIT complete. Sending PRE-REPLY: REQUEST 1741682344536 directly to Manager 30057
[2025-03-11 17:39:04,789] [INFO] [30005] COMMIT received from 30060 for REQUEST 1741682344536
[2025-03-11 17:39:04,799] [INFO] [30005] PREPARE received from 30031 for REQUEST 1741682344536
[2025-03-11 17:39:04,799] [INFO] [30005] PREPARE received from 30039 for REQUEST 1741682344536
[2025-03-11 17:39:04,799] [INFO] [30005] COMMIT received from 30035 for REQUEST 1741682344536
[2025-03-11 17:39:04,847] [INFO] [30005] COMMIT received from 30000 for REQUEST 1741682344536
[2025-03-11 17:39:04,847] [INFO] [30005] COMMIT received from 30019 for REQUEST 1741682344536
[2025-03-11 17:39:04,847] [INFO] [30005] PREPARE received from 30067 for REQUEST 1741682344536
[2025-03-11 17:39:04,847] [INFO] [30005] COMMIT received from 30031 for REQUEST 1741682344536
[2025-03-11 17:39:04,847] [INFO] [30005] COMMIT received from 30032 for REQUEST 1741682344536
[2025-03-11 17:39:04,847] [INFO] [30005] COMMIT received from 30067 for REQUEST 1741682344536
[2025-03-11 17:39:04,847] [INFO] [30005] PREPARE received from 30076 for REQUEST 1741682344536
[2025-03-11 17:39:04,847] [INFO] [30005] COMMIT received from 30058 for REQUEST 1741682344536
[2025-03-11 17:39:04,847] [INFO] [30005] PREPARE received from 30018 for REQUEST 1741682344536
[2025-03-11 17:39:04,863] [INFO] [30005] PREPARE received from 30015 for REQUEST 1741682344536
[2025-03-11 17:39:04,863] [INFO] [30005] PREPARE received from 30049 for REQUEST 1741682344536
[2025-03-11 17:39:04,894] [INFO] [30005] COMMIT received from 30015 for REQUEST 1741682344536
[2025-03-11 17:39:04,894] [INFO] [30005] PREPARE received from 30062 for REQUEST 1741682344536
[2025-03-11 17:39:04,894] [INFO] [30005] COMMIT received from 30076 for REQUEST 1741682344536
[2025-03-11 17:39:04,894] [INFO] [30005] COMMIT received from 30049 for REQUEST 1741682344536
[2025-03-11 17:39:04,894] [INFO] [30005] COMMIT received from 30062 for REQUEST 1741682344536
[2025-03-11 17:39:04,894] [INFO] [30005] COMMIT received from 30044 for REQUEST 1741682344536
[2025-03-11 17:39:04,894] [INFO] [30005] COMMIT received from 30009 for REQUEST 1741682344536
[2025-03-11 17:39:04,894] [INFO] [30005] PREPARE received from 30009 for REQUEST 1741682344536
[2025-03-11 17:39:04,894] [INFO] [30005] PREPARE received from 30044 for REQUEST 1741682344536
[2025-03-11 17:39:04,904] [INFO] [30005] COMMIT received from 30042 for REQUEST 1741682344536
[2025-03-11 17:39:04,904] [INFO] [30005] PREPARE received from 30042 for REQUEST 1741682344536
[2025-03-11 17:39:04,904] [INFO] [30005] COMMIT received from 30039 for REQUEST 1741682344536
[2025-03-11 17:39:04,904] [INFO] [30005] PREPARE received from 30020 for REQUEST 1741682344536
[2025-03-11 17:39:04,925] [INFO] [30005] COMMIT received from 30020 for REQUEST 1741682344536
[2025-03-11 17:39:04,929] [INFO] [30005] COMMIT received from 30037 for REQUEST 1741682344536
[2025-03-11 17:39:04,929] [INFO] [30005] COMMIT received from 30055 for REQUEST 1741682344536
[2025-03-11 17:39:04,929] [INFO] [30005] COMMIT received from 30017 for REQUEST 1741682344536
[2025-03-11 17:39:04,929] [INFO] [30005] PREPARE received from 30040 for REQUEST 1741682344536
[2025-03-11 17:39:04,929] [INFO] [30005] PREPARE received from 30068 for REQUEST 1741682344536
[2025-03-11 17:39:04,929] [INFO] [30005] COMMIT received from 30025 for REQUEST 1741682344536
[2025-03-11 17:39:04,929] [INFO] [30005] COMMIT received from 30040 for REQUEST 1741682344536
[2025-03-11 17:39:04,941] [INFO] [30005] COMMIT received from 30068 for REQUEST 1741682344536
[2025-03-11 17:39:04,946] [INFO] [30005] COMMIT received from 30018 for REQUEST 1741682344536
[2025-03-11 17:42:05,634] [INFO] Node started: localhost:30005 | index=6 | f=1, k=4
[2025-03-11 17:42:52,429] [INFO] [30005] PREPARE received from 30090 for REQUEST 1741682572224
[2025-03-11 17:42:52,429] [INFO] [30005] Missing PRE-PREPARE: Ignoring REQUEST 1741682572224
[2025-03-11 17:42:52,486] [INFO] [30005] PREPARE received from 30057 for REQUEST 1741682572224
[2025-03-11 17:42:52,486] [INFO] [30005] Missing PRE-PREPARE: Ignoring REQUEST 1741682572224
[2025-03-11 17:42:52,513] [INFO] [30005] PREPARE received from 30051 for REQUEST 1741682572224
[2025-03-11 17:42:52,513] [INFO] [30005] Missing PRE-PREPARE: Ignoring REQUEST 1741682572224
[2025-03-11 17:42:52,546] [INFO] [30005] PREPARE received from 30067 for REQUEST 1741682572224
[2025-03-11 17:42:52,546] [INFO] [30005] Missing PRE-PREPARE: Ignoring REQUEST 1741682572224
[2025-03-11 17:42:52,597] [INFO] [30005] PREPARE received from 30093 for REQUEST 1741682572224
[2025-03-11 17:42:52,597] [INFO] [30005] Missing PRE-PREPARE: Ignoring REQUEST 1741682572224
[2025-03-11 17:42:52,599] [INFO] [30005] COMMIT received from 30093 for REQUEST 1741682572224
[2025-03-11 17:42:52,606] [INFO] [30005] COMMIT received from 30057 for REQUEST 1741682572224
[2025-03-11 17:42:52,635] [INFO] [30005] COMMIT received from 30090 for REQUEST 1741682572224
[2025-03-11 17:42:52,662] [INFO] [30005] COMMIT received from 30051 for REQUEST 1741682572224
[2025-03-11 17:42:52,752] [INFO] [30005] COMMIT received from 30067 for REQUEST 1741682572224
[2025-03-11 17:42:52,752] [INFO] [30005] PREPARE received from 30109 for REQUEST 1741682572224
[2025-03-11 17:42:52,752] [INFO] [30005] Missing PRE-PREPARE: Ignoring REQUEST 1741682572224
[2025-03-11 17:42:52,754] [INFO] [30005] COMMIT received from 30109 for REQUEST 1741682572224
[2025-03-11 17:42:52,764] [INFO] [30005] PREPARE received from 30046 for REQUEST 1741682572224
[2025-03-11 17:42:52,764] [INFO] [30005] Missing PRE-PREPARE: Ignoring REQUEST 1741682572224
[2025-03-11 17:42:52,778] [INFO] [30005] COMMIT received from 30046 for REQUEST 1741682572224
[2025-03-11 17:42:52,875] [INFO] [30005] PREPARE received from 30110 for REQUEST 1741682572224
[2025-03-11 17:42:52,875] [INFO] [30005] Missing PRE-PREPARE: Ignoring REQUEST 1741682572224
[2025-03-11 17:42:52,875] [INFO] [30005] COMMIT received from 30110 for REQUEST 1741682572224
[2025-03-11 17:42:52,904] [INFO] [30005] PREPARE received from 30070 for REQUEST 1741682572224
[2025-03-11 17:42:52,904] [INFO] [30005] Missing PRE-PREPARE: Ignoring REQUEST 1741682572224
[2025-03-11 17:42:52,904] [INFO] [30005] COMMIT received from 30070 for REQUEST 1741682572224
[2025-03-11 17:42:52,977] [INFO] [30005] PREPARE received from 30014 for REQUEST 1741682572224
[2025-03-11 17:42:52,977] [INFO] [30005] Missing PRE-PREPARE: Ignoring REQUEST 1741682572224
[2025-03-11 17:42:52,985] [INFO] [30005] PRE-PREPARE received: {'request_id': 1741682572224, 'data': 'llapbft_message_1741682572224', 'timestamp': 1741682572.2567246, 'leader': 30004, 'cluster_id': 2, 'cluster_ports': [30004, 30005, 30006, 30014, 30017, 30021, 30022, 30033, 30037, 30039, 30040, 30042, 30045, 30046, 30051, 30055, 30057, 30061, 30067, 30070, 30074, 30075, 30082, 30085, 30086, 30087, 30090, 30091, 30093, 30095, 30109, 30110, 30118, 30119], 'cluster_manager': {'host': 'localhost', 'port': 30087, 'latitude': 36.6266923, 'longitude': 127.4590718, 'altitude': 118, 'offset_m': 'lat: 10 m, lng: 50 m, alt: 118 m'}, 'simulated_delay': 0.00018866666666666665, 'distance': 127.86481562502547, 'message_size_bits': 4528}
[2025-03-11 17:42:52,985] [INFO] [30005] Broadcasting PREPARE: REQUEST 1741682572224
[2025-03-11 17:42:52,990] [INFO] [30005] COMMIT received from 30014 for REQUEST 1741682572224
[2025-03-11 17:42:52,990] [INFO] [30005] PREPARE received from 30045 for REQUEST 1741682572224
[2025-03-11 17:42:52,990] [INFO] [30005] Broadcasting COMMIT: REQUEST 1741682572224
[2025-03-11 17:42:52,994] [INFO] [30005] COMMIT received from 30004 for REQUEST 1741682572224
[2025-03-11 17:42:53,011] [INFO] [30005] COMMIT received from 30045 for REQUEST 1741682572224
[2025-03-11 17:42:53,114] [INFO] [30005] PREPARE received from 30119 for REQUEST 1741682572224
[2025-03-11 17:42:53,116] [INFO] [30005] COMMIT received from 30119 for REQUEST 1741682572224
[2025-03-11 17:42:53,248] [INFO] [30005] PREPARE received from 30006 for REQUEST 1741682572224
[2025-03-11 17:42:53,249] [INFO] [30005] COMMIT received from 30006 for REQUEST 1741682572224
[2025-03-11 17:42:53,300] [INFO] [30005] PREPARE received from 30033 for REQUEST 1741682572224
[2025-03-11 17:42:53,320] [INFO] [30005] PREPARE received from 30055 for REQUEST 1741682572224
[2025-03-11 17:42:53,320] [INFO] [30005] COMMIT received from 30033 for REQUEST 1741682572224
[2025-03-11 17:42:53,320] [INFO] [30005] COMMIT received from 30055 for REQUEST 1741682572224
[2025-03-11 17:42:53,339] [INFO] [30005] PREPARE received from 30040 for REQUEST 1741682572224
[2025-03-11 17:42:53,351] [INFO] [30005] COMMIT received from 30040 for REQUEST 1741682572224
[2025-03-11 17:42:53,414] [INFO] [30005] PREPARE received from 30074 for REQUEST 1741682572224
[2025-03-11 17:42:53,414] [INFO] [30005] COMMIT received from 30074 for REQUEST 1741682572224
[2025-03-11 17:42:53,448] [INFO] [30005] PREPARE received from 30042 for REQUEST 1741682572224
[2025-03-11 17:42:53,448] [INFO] [30005] COMMIT received from 30042 for REQUEST 1741682572224
[2025-03-11 17:42:53,474] [INFO] [30005] PREPARE received from 30017 for REQUEST 1741682572224
[2025-03-11 17:42:53,494] [INFO] [30005] PREPARE received from 30091 for REQUEST 1741682572224
[2025-03-11 17:42:53,494] [INFO] [30005] COMMIT received from 30017 for REQUEST 1741682572224
[2025-03-11 17:42:53,496] [INFO] [30005] PREPARE received from 30037 for REQUEST 1741682572224
[2025-03-11 17:42:53,502] [INFO] [30005] PREPARE received from 30086 for REQUEST 1741682572224
[2025-03-11 17:42:53,505] [INFO] [30005] COMMIT received from 30091 for REQUEST 1741682572224
[2025-03-11 17:42:53,507] [INFO] [30005] COMMIT received from 30086 for REQUEST 1741682572224
[2025-03-11 17:42:53,507] [INFO] [30005] COMMIT received from 30037 for REQUEST 1741682572224
[2025-03-11 17:42:53,518] [INFO] [30005] PREPARE received from 30022 for REQUEST 1741682572224
[2025-03-11 17:42:53,541] [INFO] [30005] COMMIT received from 30022 for REQUEST 1741682572224
[2025-03-11 17:42:53,562] [INFO] [30005] PREPARE received from 30075 for REQUEST 1741682572224
[2025-03-11 17:42:53,567] [INFO] [30005] COMMIT received from 30075 for REQUEST 1741682572224
[2025-03-11 17:42:53,585] [INFO] [30005] PREPARE received from 30085 for REQUEST 1741682572224
[2025-03-11 17:42:53,594] [INFO] [30005] COMMIT received from 30085 for REQUEST 1741682572224
[2025-03-11 17:42:53,648] [INFO] [30005] PREPARE received from 30039 for REQUEST 1741682572224
[2025-03-11 17:42:53,648] [INFO] [30005] COMMIT received from 30039 for REQUEST 1741682572224
[2025-03-11 17:42:53,674] [INFO] [30005] PREPARE received from 30095 for REQUEST 1741682572224
[2025-03-11 17:42:53,674] [INFO] [30005] COMMIT received from 30095 for REQUEST 1741682572224
[2025-03-11 17:42:53,676] [INFO] [30005] PREPARE received from 30082 for REQUEST 1741682572224
[2025-03-11 17:42:53,676] [INFO] [30005] COMMIT received from 30082 for REQUEST 1741682572224
[2025-03-11 17:42:53,676] [INFO] [30005] PREPARE received from 30021 for REQUEST 1741682572224
[2025-03-11 17:42:53,676] [INFO] [30005] COMMIT received from 30021 for REQUEST 1741682572224
[2025-03-11 17:42:53,680] [INFO] [30005] PREPARE received from 30061 for REQUEST 1741682572224
[2025-03-11 17:42:53,680] [INFO] [30005] COMMIT received from 30061 for REQUEST 1741682572224
[2025-03-11 17:42:53,696] [INFO] [30005] PREPARE received from 30118 for REQUEST 1741682572224
[2025-03-11 17:42:53,696] [INFO] [30005] COMMIT received from 30118 for REQUEST 1741682572224
[2025-03-11 17:45:50,032] [INFO] Node started: localhost:30005 | index=6 | f=1, k=4
[2025-03-11 17:46:22,999] [INFO] [30005] PRE-PREPARE received: {'request_id': 1741682782924, 'data': 'llapbft_message_1741682782924', 'timestamp': 1741682782.9516234, 'leader': 30086, 'cluster_id': 1, 'cluster_ports': [30005, 30015, 30018, 30024, 30025, 30045, 30047, 30051, 30061, 30069, 30073, 30086, 30103, 30104, 30110, 30112, 30120, 30125, 30126, 30130, 30133, 30140, 30142, 30144, 30145, 30148, 30155, 30158], 'cluster_manager': {'host': 'localhost', 'port': 30018, 'latitude': 36.6268812, 'longitude': 127.4589418, 'altitude': 19, 'offset_m': 'lat: 31 m, lng: 39 m, alt: 19 m'}, 'simulated_delay': 0.000174, 'distance': 102.43256755814679, 'message_size_bits': 4176}
[2025-03-11 17:46:22,999] [INFO] [30005] Broadcasting PREPARE: REQUEST 1741682782924
[2025-03-11 17:46:23,361] [INFO] [30005] PREPARE received from 30110 for REQUEST 1741682782924
[2025-03-11 17:46:23,361] [INFO] [30005] Broadcasting COMMIT: REQUEST 1741682782924
[2025-03-11 17:46:23,361] [INFO] [30005] PREPARE received from 30073 for REQUEST 1741682782924
[2025-03-11 17:46:23,363] [INFO] [30005] PREPARE received from 30047 for REQUEST 1741682782924
[2025-03-11 17:46:23,363] [INFO] [30005] PREPARE received from 30158 for REQUEST 1741682782924
[2025-03-11 17:46:23,369] [INFO] [30005] PREPARE received from 30144 for REQUEST 1741682782924
[2025-03-11 17:46:23,371] [INFO] [30005] PREPARE received from 30069 for REQUEST 1741682782924
[2025-03-11 17:46:23,373] [INFO] [30005] COMMIT received from 30110 for REQUEST 1741682782924
[2025-03-11 17:46:23,380] [INFO] [30005] PREPARE received from 30112 for REQUEST 1741682782924
[2025-03-11 17:46:23,380] [INFO] [30005] PREPARE received from 30015 for REQUEST 1741682782924
[2025-03-11 17:46:23,510] [INFO] [30005] COMMIT received from 30073 for REQUEST 1741682782924
[2025-03-11 17:46:23,510] [INFO] [30005] COMMIT complete. Sending PRE-REPLY: REQUEST 1741682782924 directly to Manager 30018
[2025-03-11 17:46:23,520] [INFO] [30005] COMMIT received from 30015 for REQUEST 1741682782924
[2025-03-11 17:46:23,520] [INFO] [30005] COMMIT received from 30069 for REQUEST 1741682782924
[2025-03-11 17:46:23,520] [INFO] [30005] COMMIT received from 30158 for REQUEST 1741682782924
[2025-03-11 17:46:23,520] [INFO] [30005] PREPARE received from 30148 for REQUEST 1741682782924
[2025-03-11 17:46:23,522] [INFO] [30005] PREPARE received from 30126 for REQUEST 1741682782924
[2025-03-11 17:46:23,522] [INFO] [30005] PREPARE received from 30155 for REQUEST 1741682782924
[2025-03-11 17:46:23,526] [INFO] [30005] PREPARE received from 30140 for REQUEST 1741682782924
[2025-03-11 17:46:23,526] [INFO] [30005] COMMIT received from 30155 for REQUEST 1741682782924
[2025-03-11 17:46:23,526] [INFO] [30005] COMMIT received from 30126 for REQUEST 1741682782924
[2025-03-11 17:46:23,613] [INFO] [30005] PREPARE received from 30061 for REQUEST 1741682782924
[2025-03-11 17:46:23,651] [INFO] [30005] COMMIT received from 30148 for REQUEST 1741682782924
[2025-03-11 17:46:23,661] [INFO] [30005] COMMIT received from 30047 for REQUEST 1741682782924
[2025-03-11 17:46:23,679] [INFO] [30005] PREPARE received from 30145 for REQUEST 1741682782924
[2025-03-11 17:46:23,704] [INFO] [30005] PREPARE received from 30133 for REQUEST 1741682782924
[2025-03-11 17:46:23,708] [INFO] [30005] COMMIT received from 30133 for REQUEST 1741682782924
[2025-03-11 17:46:23,728] [INFO] [30005] PREPARE received from 30025 for REQUEST 1741682782924
[2025-03-11 17:46:23,731] [INFO] [30005] PREPARE received from 30103 for REQUEST 1741682782924
[2025-03-11 17:46:23,738] [INFO] [30005] COMMIT received from 30103 for REQUEST 1741682782924
[2025-03-11 17:46:23,744] [INFO] [30005] COMMIT received from 30144 for REQUEST 1741682782924
[2025-03-11 17:46:23,781] [INFO] [30005] COMMIT received from 30086 for REQUEST 1741682782924
[2025-03-11 17:46:23,787] [INFO] [30005] COMMIT received from 30112 for REQUEST 1741682782924
[2025-03-11 17:46:23,813] [INFO] [30005] PREPARE received from 30130 for REQUEST 1741682782924
[2025-03-11 17:46:23,886] [INFO] [30005] COMMIT received from 30025 for REQUEST 1741682782924
[2025-03-11 17:46:23,896] [INFO] [30005] COMMIT received from 30140 for REQUEST 1741682782924
[2025-03-11 17:46:23,933] [INFO] [30005] PREPARE received from 30142 for REQUEST 1741682782924
[2025-03-11 17:46:23,935] [INFO] [30005] COMMIT received from 30142 for REQUEST 1741682782924
[2025-03-11 17:46:23,962] [INFO] [30005] COMMIT received from 30061 for REQUEST 1741682782924
[2025-03-11 17:46:24,009] [INFO] [30005] PREPARE received from 30125 for REQUEST 1741682782924
[2025-03-11 17:46:24,009] [INFO] [30005] COMMIT received from 30125 for REQUEST 1741682782924
[2025-03-11 17:46:24,009] [INFO] [30005] COMMIT received from 30145 for REQUEST 1741682782924
[2025-03-11 17:46:24,033] [INFO] [30005] COMMIT received from 30130 for REQUEST 1741682782924
[2025-03-11 17:46:24,093] [INFO] [30005] PREPARE received from 30024 for REQUEST 1741682782924
[2025-03-11 17:46:24,093] [INFO] [30005] COMMIT received from 30024 for REQUEST 1741682782924
[2025-03-11 17:46:24,104] [INFO] [30005] PREPARE received from 30045 for REQUEST 1741682782924
[2025-03-11 17:46:24,104] [INFO] [30005] COMMIT received from 30045 for REQUEST 1741682782924
[2025-03-11 17:46:24,199] [INFO] [30005] PREPARE received from 30104 for REQUEST 1741682782924
[2025-03-11 17:46:24,199] [INFO] [30005] COMMIT received from 30104 for REQUEST 1741682782924
[2025-03-11 17:46:24,230] [INFO] [30005] PREPARE received from 30120 for REQUEST 1741682782924
[2025-03-11 17:46:24,234] [INFO] [30005] COMMIT received from 30120 for REQUEST 1741682782924
[2025-03-11 17:46:24,411] [INFO] [30005] PREPARE received from 30051 for REQUEST 1741682782924
[2025-03-11 17:46:24,411] [INFO] [30005] COMMIT received from 30051 for REQUEST 1741682782924
[2025-03-11 17:48:57,230] [INFO] Node started: localhost:30005 | index=6 | f=1, k=4
[2025-03-11 17:49:37,792] [INFO] [30005] PRE-PREPARE received: {'request_id': 1741682977666, 'data': 'llapbft_message_1741682977666', 'timestamp': 1741682977.7055552, 'leader': 30149, 'cluster_id': 3, 'cluster_ports': [30002, 30005, 30008, 30010, 30017, 30021, 30024, 30031, 30034, 30035, 30040, 30048, 30054, 30055, 30056, 30058, 30076, 30081, 30084, 30090, 30091, 30101, 30103, 30107, 30120, 30123, 30124, 30135, 30136, 30137, 30144, 30149, 30152, 30156, 30158, 30163, 30164, 30166, 30173, 30174, 30175, 30178, 30183, 30186, 30188, 30191, 30193, 30195], 'cluster_manager': {'host': 'localhost', 'port': 30136, 'latitude': 36.6273945, 'longitude': 127.4590786, 'altitude': 185, 'offset_m': 'lat: 88 m, lng: 51 m, alt: 185 m'}, 'simulated_delay': 0.00022133333333333334, 'distance': 133.0451488728052, 'message_size_bits': 5312}
[2025-03-11 17:49:37,792] [INFO] [30005] Broadcasting PREPARE: REQUEST 1741682977666
[2025-03-11 17:49:38,019] [INFO] [30005] PREPARE received from 30158 for REQUEST 1741682977666
[2025-03-11 17:49:38,019] [INFO] [30005] Broadcasting COMMIT: REQUEST 1741682977666
[2025-03-11 17:49:38,019] [INFO] [30005] PREPARE received from 30144 for REQUEST 1741682977666
[2025-03-11 17:49:38,019] [INFO] [30005] PREPARE received from 30152 for REQUEST 1741682977666
[2025-03-11 17:49:38,021] [INFO] [30005] PREPARE received from 30101 for REQUEST 1741682977666
[2025-03-11 17:49:38,021] [INFO] [30005] PREPARE received from 30174 for REQUEST 1741682977666
[2025-03-11 17:49:38,021] [INFO] [30005] PREPARE received from 30178 for REQUEST 1741682977666
[2025-03-11 17:49:38,021] [INFO] [30005] PREPARE received from 30195 for REQUEST 1741682977666
[2025-03-11 17:49:38,021] [INFO] [30005] PREPARE received from 30191 for REQUEST 1741682977666
[2025-03-11 17:49:38,021] [INFO] [30005] PREPARE received from 30024 for REQUEST 1741682977666
[2025-03-11 17:49:38,023] [INFO] [30005] PREPARE received from 30124 for REQUEST 1741682977666
[2025-03-11 17:49:38,023] [INFO] [30005] PREPARE received from 30081 for REQUEST 1741682977666
[2025-03-11 17:49:38,078] [INFO] [30005] PREPARE received from 30107 for REQUEST 1741682977666
[2025-03-11 17:49:38,080] [INFO] [30005] PREPARE received from 30076 for REQUEST 1741682977666
[2025-03-11 17:49:38,082] [INFO] [30005] PREPARE received from 30090 for REQUEST 1741682977666
[2025-03-11 17:49:38,309] [INFO] [30005] COMMIT received from 30191 for REQUEST 1741682977666
[2025-03-11 17:49:38,331] [INFO] [30005] PREPARE received from 30035 for REQUEST 1741682977666
[2025-03-11 17:49:38,331] [INFO] [30005] COMMIT received from 30124 for REQUEST 1741682977666
[2025-03-11 17:49:38,331] [INFO] [30005] COMMIT complete. Sending PRE-REPLY: REQUEST 1741682977666 directly to Manager 30136
[2025-03-11 17:49:38,333] [INFO] [30005] COMMIT received from 30178 for REQUEST 1741682977666
[2025-03-11 17:49:39,274] [INFO] [30005] COMMIT received from 30195 for REQUEST 1741682977666
[2025-03-11 17:49:39,274] [INFO] [30005] COMMIT received from 30174 for REQUEST 1741682977666
[2025-03-11 17:49:39,276] [INFO] [30005] COMMIT received from 30101 for REQUEST 1741682977666
[2025-03-11 17:49:39,308] [INFO] [30005] COMMIT received from 30076 for REQUEST 1741682977666
[2025-03-11 17:49:39,308] [INFO] [30005] COMMIT received from 30158 for REQUEST 1741682977666
[2025-03-11 17:49:39,308] [INFO] [30005] COMMIT received from 30152 for REQUEST 1741682977666
[2025-03-11 17:49:39,308] [INFO] [30005] COMMIT received from 30090 for REQUEST 1741682977666
[2025-03-11 17:49:39,308] [INFO] [30005] PREPARE received from 30002 for REQUEST 1741682977666
[2025-03-11 17:49:39,308] [INFO] [30005] COMMIT received from 30107 for REQUEST 1741682977666
[2025-03-11 17:49:39,308] [INFO] [30005] COMMIT received from 30024 for REQUEST 1741682977666
[2025-03-11 17:49:39,439] [INFO] [30005] COMMIT received from 30144 for REQUEST 1741682977666
[2025-03-11 17:49:39,648] [INFO] [30005] COMMIT received from 30081 for REQUEST 1741682977666
[2025-03-11 17:49:39,673] [INFO] [30005] COMMIT received from 30002 for REQUEST 1741682977666
[2025-03-11 17:49:39,785] [INFO] [30005] PREPARE received from 30103 for REQUEST 1741682977666
[2025-03-11 17:49:39,894] [INFO] [30005] COMMIT received from 30103 for REQUEST 1741682977666
[2025-03-11 17:49:39,911] [INFO] [30005] PREPARE received from 30048 for REQUEST 1741682977666
[2025-03-11 17:49:40,079] [INFO] [30005] COMMIT received from 30048 for REQUEST 1741682977666
[2025-03-11 17:49:40,081] [INFO] [30005] PREPARE received from 30040 for REQUEST 1741682977666
[2025-03-11 17:49:40,107] [INFO] [30005] COMMIT received from 30040 for REQUEST 1741682977666
[2025-03-11 17:49:40,666] [INFO] [30005] PREPARE received from 30188 for REQUEST 1741682977666
[2025-03-11 17:49:40,668] [INFO] [30005] COMMIT received from 30035 for REQUEST 1741682977666
[2025-03-11 17:49:40,668] [INFO] [30005] COMMIT received from 30188 for REQUEST 1741682977666
[2025-03-11 17:49:40,791] [INFO] [30005] PREPARE received from 30123 for REQUEST 1741682977666
[2025-03-11 17:49:40,878] [INFO] [30005] COMMIT received from 30123 for REQUEST 1741682977666
[2025-03-11 17:49:40,958] [INFO] [30005] PREPARE received from 30186 for REQUEST 1741682977666
[2025-03-11 17:49:41,156] [INFO] [30005] COMMIT received from 30186 for REQUEST 1741682977666
[2025-03-11 17:49:41,308] [INFO] [30005] PREPARE received from 30164 for REQUEST 1741682977666
[2025-03-11 17:49:41,308] [INFO] [30005] COMMIT received from 30164 for REQUEST 1741682977666
[2025-03-11 17:49:41,517] [INFO] [30005] PREPARE received from 30054 for REQUEST 1741682977666
[2025-03-11 17:49:41,517] [INFO] [30005] COMMIT received from 30054 for REQUEST 1741682977666
[2025-03-11 17:49:41,517] [INFO] [30005] PREPARE received from 30183 for REQUEST 1741682977666
[2025-03-11 17:49:41,517] [INFO] [30005] PREPARE received from 30156 for REQUEST 1741682977666
[2025-03-11 17:49:41,517] [INFO] [30005] COMMIT received from 30183 for REQUEST 1741682977666
[2025-03-11 17:49:41,517] [INFO] [30005] COMMIT received from 30156 for REQUEST 1741682977666
[2025-03-11 17:49:41,622] [INFO] [30005] COMMIT received from 30149 for REQUEST 1741682977666
[2025-03-11 17:49:41,809] [INFO] [30005] PREPARE received from 30137 for REQUEST 1741682977666
[2025-03-11 17:49:41,845] [INFO] [30005] PREPARE received from 30055 for REQUEST 1741682977666
[2025-03-11 17:49:41,845] [INFO] [30005] COMMIT received from 30137 for REQUEST 1741682977666
[2025-03-11 17:49:41,845] [INFO] [30005] COMMIT received from 30055 for REQUEST 1741682977666
[2025-03-11 17:49:41,896] [INFO] [30005] PREPARE received from 30120 for REQUEST 1741682977666
[2025-03-11 17:49:41,966] [INFO] [30005] PREPARE received from 30175 for REQUEST 1741682977666
[2025-03-11 17:49:41,967] [INFO] [30005] COMMIT received from 30175 for REQUEST 1741682977666
[2025-03-11 17:49:41,994] [INFO] [30005] COMMIT received from 30120 for REQUEST 1741682977666
[2025-03-11 17:49:42,178] [INFO] [30005] PREPARE received from 30163 for REQUEST 1741682977666
[2025-03-11 17:49:42,206] [INFO] [30005] COMMIT received from 30017 for REQUEST 1741682977666
[2025-03-11 17:49:42,206] [INFO] [30005] PREPARE received from 30017 for REQUEST 1741682977666
[2025-03-11 17:49:42,206] [INFO] [30005] COMMIT received from 30163 for REQUEST 1741682977666
[2025-03-11 17:49:42,259] [INFO] [30005] PREPARE received from 30010 for REQUEST 1741682977666
[2025-03-11 17:49:42,259] [INFO] [30005] COMMIT received from 30010 for REQUEST 1741682977666
[2025-03-11 17:49:42,264] [INFO] [30005] PREPARE received from 30031 for REQUEST 1741682977666
[2025-03-11 17:49:42,314] [INFO] [30005] COMMIT received from 30031 for REQUEST 1741682977666
[2025-03-11 17:49:42,338] [INFO] [30005] PREPARE received from 30091 for REQUEST 1741682977666
[2025-03-11 17:49:42,338] [INFO] [30005] PREPARE received from 30034 for REQUEST 1741682977666
[2025-03-11 17:49:42,338] [INFO] [30005] COMMIT received from 30091 for REQUEST 1741682977666
[2025-03-11 17:49:42,345] [INFO] [30005] COMMIT received from 30034 for REQUEST 1741682977666
[2025-03-11 17:49:42,428] [INFO] [30005] PREPARE received from 30056 for REQUEST 1741682977666
[2025-03-11 17:49:42,428] [INFO] [30005] COMMIT received from 30056 for REQUEST 1741682977666
[2025-03-11 17:49:42,511] [INFO] [30005] PREPARE received from 30021 for REQUEST 1741682977666
[2025-03-11 17:49:42,544] [INFO] [30005] COMMIT received from 30021 for REQUEST 1741682977666
[2025-03-11 17:49:42,572] [INFO] [30005] PREPARE received from 30173 for REQUEST 1741682977666
[2025-03-11 17:49:42,604] [INFO] [30005] PREPARE received from 30058 for REQUEST 1741682977666
[2025-03-11 17:49:42,604] [INFO] [30005] COMMIT received from 30058 for REQUEST 1741682977666
[2025-03-11 17:49:42,604] [INFO] [30005] PREPARE received from 30166 for REQUEST 1741682977666
[2025-03-11 17:49:42,604] [INFO] [30005] COMMIT received from 30166 for REQUEST 1741682977666
[2025-03-11 17:49:42,611] [INFO] [30005] COMMIT received from 30173 for REQUEST 1741682977666
[2025-03-11 17:49:42,978] [INFO] [30005] PREPARE received from 30193 for REQUEST 1741682977666
[2025-03-11 17:49:42,978] [INFO] [30005] COMMIT received from 30193 for REQUEST 1741682977666
[2025-03-11 17:49:43,180] [INFO] [30005] PREPARE received from 30008 for REQUEST 1741682977666
[2025-03-11 17:49:43,180] [INFO] [30005] COMMIT received from 30008 for REQUEST 1741682977666
[2025-03-11 17:49:43,241] [INFO] [30005] PREPARE received from 30084 for REQUEST 1741682977666
[2025-03-11 17:49:43,241] [INFO] [30005] COMMIT received from 30084 for REQUEST 1741682977666
