[2025-03-20 12:12:19,659] [INFO] Node started: localhost:30037 | index= 38 | f=1, k=4
[2025-03-20 12:12:26,270] [INFO] Phase: PRE-REQUEST-FWD | Receiver: 30037 | Sender: 20001 | Distance:    0.00 m | Delay: N/A | Size: 16781368 bit
[2025-03-20 12:12:26,270] [INFO] Phase: PRE-PREPARE | Receiver: ALL | Sender: 30037 | Distance:    0.00 m | Delay: N/A | Size: 16780192 bit
[2025-03-20 12:12:26,963] [INFO] Phase: PREPARE | Receiver: 30037 | Sender: 30008 | Distance:  140.50 m | Delay: 0.6991s | Size: 16779000 bit
[2025-03-20 12:12:27,303] [INFO] Phase: PREPARE | Receiver: 30037 | Sender: 30036 | Distance:  128.16 m | Delay: 0.6991s | Size: 16778992 bit
[2025-03-20 12:12:27,315] [INFO] Phase: COMMIT-BROADCAST | Receiver: ALL | Sender: 30037 | Distance:  128.16 m | Delay: 0.6991s | Size: 16778160 bit
[2025-03-20 12:12:27,432] [INFO] Phase: PREPARE | Receiver: 30037 | Sender: 30025 | Distance:   22.51 m | Delay: 0.3107s | Size: 16779000 bit
[2025-03-20 12:12:27,813] [INFO] Phase: COMMIT | Receiver: 30037 | Sender: 30036 | Distance:  128.16 m | Delay: 0.6991s | Size: 16778984 bit
[2025-03-20 12:12:27,921] [INFO] Phase: COMMIT | Receiver: 30037 | Sender: 30008 | Distance:  140.50 m | Delay: 0.6991s | Size: 16779000 bit
[2025-03-20 12:12:27,935] [INFO] Phase: PRE-REPLY | Receiver: 30002 | Sender: 30037 | Distance:  140.50 m | Delay: 0.6991s | Size: 16778152 bit
[2025-03-20 12:12:28,269] [INFO] Phase: COMMIT | Receiver: 30037 | Sender: 30025 | Distance:   22.51 m | Delay: 0.3107s | Size: 16779000 bit
[2025-03-20 12:12:28,320] [INFO] Phase: PREPARE | Receiver: 30037 | Sender: 30039 | Distance:  106.59 m | Delay: 0.6991s | Size: 16779000 bit
[2025-03-20 12:12:28,456] [INFO] Phase: PREPARE | Receiver: 30037 | Sender: 30022 | Distance:  127.76 m | Delay: 0.6991s | Size: 16779000 bit
[2025-03-20 12:12:28,498] [INFO] Phase: PREPARE | Receiver: 30037 | Sender: 30005 | Distance:  140.22 m | Delay: 0.6991s | Size: 16778992 bit
[2025-03-20 12:12:28,559] [INFO] Phase: COMMIT | Receiver: 30037 | Sender: 30005 | Distance:  140.22 m | Delay: 0.6991s | Size: 16778984 bit
[2025-03-20 12:12:28,595] [INFO] Phase: PREPARE | Receiver: 30037 | Sender: 30032 | Distance:   15.22 m | Delay: 0.3107s | Size: 16778984 bit
[2025-03-20 12:12:28,640] [INFO] Phase: COMMIT | Receiver: 30037 | Sender: 30032 | Distance:   15.22 m | Delay: 0.3107s | Size: 16778984 bit
[2025-03-20 12:12:28,672] [INFO] Phase: COMMIT | Receiver: 30037 | Sender: 30039 | Distance:  106.59 m | Delay: 0.6991s | Size: 16778992 bit
[2025-03-20 12:12:28,727] [INFO] Phase: COMMIT | Receiver: 30037 | Sender: 30022 | Distance:  127.76 m | Delay: 0.6991s | Size: 16778992 bit
[2025-03-20 12:12:34,249] [INFO] Phase: PRE-REQUEST-FWD | Receiver: 30037 | Sender: 20001 | Distance:    0.00 m | Delay: N/A | Size: 16781368 bit
[2025-03-20 12:12:34,253] [INFO] Phase: PRE-PREPARE | Receiver: ALL | Sender: 30037 | Distance:    0.00 m | Delay: N/A | Size: 16780192 bit
[2025-03-20 12:12:34,986] [INFO] Phase: PREPARE | Receiver: 30037 | Sender: 30008 | Distance:  140.50 m | Delay: 0.6991s | Size: 16779000 bit
[2025-03-20 12:12:35,275] [INFO] Phase: PREPARE | Receiver: 30037 | Sender: 30036 | Distance:  128.16 m | Delay: 0.6991s | Size: 16778984 bit
[2025-03-20 12:12:35,279] [INFO] Phase: COMMIT-BROADCAST | Receiver: ALL | Sender: 30037 | Distance:  128.16 m | Delay: 0.6991s | Size: 16778152 bit
[2025-03-20 12:12:35,377] [INFO] Phase: PREPARE | Receiver: 30037 | Sender: 30025 | Distance:   22.51 m | Delay: 0.3107s | Size: 16778992 bit
[2025-03-20 12:12:35,706] [INFO] Phase: COMMIT | Receiver: 30037 | Sender: 30036 | Distance:  128.16 m | Delay: 0.6991s | Size: 16778992 bit
[2025-03-20 12:12:35,785] [INFO] Phase: COMMIT | Receiver: 30037 | Sender: 30008 | Distance:  140.50 m | Delay: 0.6991s | Size: 16779000 bit
[2025-03-20 12:12:35,808] [INFO] Phase: PRE-REPLY | Receiver: 30002 | Sender: 30037 | Distance:  140.50 m | Delay: 0.6991s | Size: 16778160 bit
[2025-03-20 12:12:36,103] [INFO] Phase: PREPARE | Receiver: 30037 | Sender: 30005 | Distance:  140.22 m | Delay: 0.6991s | Size: 16778992 bit
[2025-03-20 12:12:36,146] [INFO] Phase: PREPARE | Receiver: 30037 | Sender: 30032 | Distance:   15.22 m | Delay: 0.3107s | Size: 16778984 bit
[2025-03-20 12:12:36,180] [INFO] Phase: PREPARE | Receiver: 30037 | Sender: 30022 | Distance:  127.76 m | Delay: 0.6991s | Size: 16779000 bit
[2025-03-20 12:12:36,269] [INFO] Phase: PREPARE | Receiver: 30037 | Sender: 30039 | Distance:  106.59 m | Delay: 0.6991s | Size: 16779000 bit
[2025-03-20 12:12:36,409] [INFO] Phase: COMMIT | Receiver: 30037 | Sender: 30005 | Distance:  140.22 m | Delay: 0.6991s | Size: 16778992 bit
[2025-03-20 12:12:36,454] [INFO] Phase: COMMIT | Receiver: 30037 | Sender: 30025 | Distance:   22.51 m | Delay: 0.3107s | Size: 16779000 bit
[2025-03-20 12:12:36,515] [INFO] Phase: COMMIT | Receiver: 30037 | Sender: 30039 | Distance:  106.59 m | Delay: 0.6991s | Size: 16778992 bit
[2025-03-20 12:12:36,550] [INFO] Phase: COMMIT | Receiver: 30037 | Sender: 30032 | Distance:   15.22 m | Delay: 0.3107s | Size: 16778984 bit
[2025-03-20 12:12:36,590] [INFO] Phase: COMMIT | Receiver: 30037 | Sender: 30022 | Distance:  127.76 m | Delay: 0.6991s | Size: 16778992 bit
[2025-03-20 12:12:42,246] [INFO] Phase: PRE-REQUEST-FWD | Receiver: 30037 | Sender: 20001 | Distance:    0.00 m | Delay: N/A | Size: 16781368 bit
[2025-03-20 12:12:42,262] [INFO] Phase: PRE-PREPARE | Receiver: ALL | Sender: 30037 | Distance:    0.00 m | Delay: N/A | Size: 16780192 bit
[2025-03-20 12:12:42,956] [INFO] Phase: PREPARE | Receiver: 30037 | Sender: 30008 | Distance:  140.50 m | Delay: 0.6991s | Size: 16779000 bit
[2025-03-20 12:12:43,346] [INFO] Phase: PREPARE | Receiver: 30037 | Sender: 30025 | Distance:   22.51 m | Delay: 0.3107s | Size: 16779000 bit
[2025-03-20 12:12:43,358] [INFO] Phase: COMMIT-BROADCAST | Receiver: ALL | Sender: 30037 | Distance:   22.51 m | Delay: 0.3107s | Size: 16778152 bit
[2025-03-20 12:12:43,378] [INFO] Phase: PREPARE | Receiver: 30037 | Sender: 30036 | Distance:  128.16 m | Delay: 0.6991s | Size: 16778992 bit
[2025-03-20 12:12:43,709] [INFO] Phase: COMMIT | Receiver: 30037 | Sender: 30036 | Distance:  128.16 m | Delay: 0.6991s | Size: 16778992 bit
[2025-03-20 12:12:43,833] [INFO] Phase: COMMIT | Receiver: 30037 | Sender: 30008 | Distance:  140.50 m | Delay: 0.6991s | Size: 16779000 bit
[2025-03-20 12:12:43,870] [INFO] Phase: PRE-REPLY | Receiver: 30002 | Sender: 30037 | Distance:  140.50 m | Delay: 0.6991s | Size: 16778160 bit
[2025-03-20 12:12:44,185] [INFO] Phase: PREPARE | Receiver: 30037 | Sender: 30005 | Distance:  140.22 m | Delay: 0.6991s | Size: 16778992 bit
[2025-03-20 12:12:44,267] [INFO] Phase: PREPARE | Receiver: 30037 | Sender: 30022 | Distance:  127.76 m | Delay: 0.6991s | Size: 16779000 bit
[2025-03-20 12:12:44,303] [INFO] Phase: PREPARE | Receiver: 30037 | Sender: 30032 | Distance:   15.22 m | Delay: 0.3107s | Size: 16778976 bit
[2025-03-20 12:12:44,339] [INFO] Phase: PREPARE | Receiver: 30037 | Sender: 30039 | Distance:  106.59 m | Delay: 0.6991s | Size: 16778992 bit
[2025-03-20 12:12:44,496] [INFO] Phase: COMMIT | Receiver: 30037 | Sender: 30039 | Distance:  106.59 m | Delay: 0.6991s | Size: 16779000 bit
[2025-03-20 12:12:44,533] [INFO] Phase: COMMIT | Receiver: 30037 | Sender: 30032 | Distance:   15.22 m | Delay: 0.3107s | Size: 16778984 bit
[2025-03-20 12:12:44,569] [INFO] Phase: COMMIT | Receiver: 30037 | Sender: 30005 | Distance:  140.22 m | Delay: 0.6991s | Size: 16778992 bit
[2025-03-20 12:12:44,607] [INFO] Phase: COMMIT | Receiver: 30037 | Sender: 30025 | Distance:   22.51 m | Delay: 0.3107s | Size: 16779000 bit
[2025-03-20 12:12:44,660] [INFO] Phase: COMMIT | Receiver: 30037 | Sender: 30022 | Distance:  127.76 m | Delay: 0.6991s | Size: 16778992 bit
[2025-03-20 12:19:44,510] [INFO] Node started: localhost:30037 | index= 38 | f=1, k=4
[2025-03-20 12:20:49,110] [INFO] Phase: PRE-REQUEST-FWD | Receiver: 30037 | Sender: 20001 | Distance:    0.00 m | Delay: N/A | Size: 16781368 bit
[2025-03-20 12:20:49,110] [INFO] Phase: PRE-PREPARE | Receiver: ALL | Sender: 30037 | Distance:    0.00 m | Delay: N/A | Size: 16780192 bit
[2025-03-20 12:20:49,860] [INFO] Phase: PREPARE | Receiver: 30037 | Sender: 30008 | Distance:  140.50 m | Delay: 0.6991s | Size: 16779000 bit
[2025-03-20 12:20:50,179] [INFO] Phase: PREPARE | Receiver: 30037 | Sender: 30025 | Distance:   22.51 m | Delay: 0.3107s | Size: 16779000 bit
[2025-03-20 12:20:50,187] [INFO] Phase: COMMIT-BROADCAST | Receiver: ALL | Sender: 30037 | Distance:   22.51 m | Delay: 0.3107s | Size: 16778160 bit
[2025-03-20 12:20:50,297] [INFO] Phase: PREPARE | Receiver: 30037 | Sender: 30036 | Distance:  128.16 m | Delay: 0.6991s | Size: 16778992 bit
[2025-03-20 12:20:50,589] [INFO] Phase: COMMIT | Receiver: 30037 | Sender: 30036 | Distance:  128.16 m | Delay: 0.6991s | Size: 16778984 bit
[2025-03-20 12:20:50,664] [INFO] Phase: COMMIT | Receiver: 30037 | Sender: 30008 | Distance:  140.50 m | Delay: 0.6991s | Size: 16778992 bit
[2025-03-20 12:20:50,678] [INFO] Phase: PRE-REPLY | Receiver: 30002 | Sender: 30037 | Distance:  140.50 m | Delay: 0.6991s | Size: 16778160 bit
[2025-03-20 12:20:50,902] [INFO] Phase: PREPARE | Receiver: 30037 | Sender: 30005 | Distance:  140.22 m | Delay: 0.6991s | Size: 16778984 bit
[2025-03-20 12:20:50,980] [INFO] Phase: PREPARE | Receiver: 30037 | Sender: 30022 | Distance:  127.76 m | Delay: 0.6991s | Size: 16778992 bit
[2025-03-20 12:20:51,006] [INFO] Phase: PREPARE | Receiver: 30037 | Sender: 30032 | Distance:   15.22 m | Delay: 0.3107s | Size: 16778976 bit
[2025-03-20 12:20:51,090] [INFO] Phase: PREPARE | Receiver: 30037 | Sender: 30039 | Distance:  106.59 m | Delay: 0.6991s | Size: 16778992 bit
[2025-03-20 12:20:51,271] [INFO] Phase: COMMIT | Receiver: 30037 | Sender: 30005 | Distance:  140.22 m | Delay: 0.6991s | Size: 16778984 bit
[2025-03-20 12:20:51,312] [INFO] Phase: COMMIT | Receiver: 30037 | Sender: 30032 | Distance:   15.22 m | Delay: 0.3107s | Size: 16778984 bit
[2025-03-20 12:20:51,343] [INFO] Phase: COMMIT | Receiver: 30037 | Sender: 30025 | Distance:   22.51 m | Delay: 0.3107s | Size: 16779000 bit
[2025-03-20 12:20:51,390] [INFO] Phase: COMMIT | Receiver: 30037 | Sender: 30039 | Distance:  106.59 m | Delay: 0.6991s | Size: 16779000 bit
[2025-03-20 12:20:51,429] [INFO] Phase: COMMIT | Receiver: 30037 | Sender: 30022 | Distance:  127.76 m | Delay: 0.6991s | Size: 16778992 bit
[2025-03-20 12:20:57,031] [INFO] Phase: PRE-REQUEST-FWD | Receiver: 30037 | Sender: 20001 | Distance:    0.00 m | Delay: N/A | Size: 16781368 bit
[2025-03-20 12:20:57,035] [INFO] Phase: PRE-PREPARE | Receiver: ALL | Sender: 30037 | Distance:    0.00 m | Delay: N/A | Size: 16780192 bit
[2025-03-20 12:20:57,722] [INFO] Phase: PREPARE | Receiver: 30037 | Sender: 30008 | Distance:  140.50 m | Delay: 0.6991s | Size: 16779000 bit
[2025-03-20 12:20:58,086] [INFO] Phase: PREPARE | Receiver: 30037 | Sender: 30025 | Distance:   22.51 m | Delay: 0.3107s | Size: 16779000 bit
[2025-03-20 12:20:58,097] [INFO] Phase: COMMIT-BROADCAST | Receiver: ALL | Sender: 30037 | Distance:   22.51 m | Delay: 0.3107s | Size: 16778160 bit
[2025-03-20 12:20:58,200] [INFO] Phase: PREPARE | Receiver: 30037 | Sender: 30036 | Distance:  128.16 m | Delay: 0.6991s | Size: 16778992 bit
[2025-03-20 12:20:58,511] [INFO] Phase: COMMIT | Receiver: 30037 | Sender: 30036 | Distance:  128.16 m | Delay: 0.6991s | Size: 16778992 bit
[2025-03-20 12:20:58,660] [INFO] Phase: PREPARE | Receiver: 30037 | Sender: 30005 | Distance:  140.22 m | Delay: 0.6991s | Size: 16778992 bit
[2025-03-20 12:20:58,716] [INFO] Phase: PREPARE | Receiver: 30037 | Sender: 30022 | Distance:  127.76 m | Delay: 0.6991s | Size: 16779000 bit
[2025-03-20 12:20:58,969] [INFO] Phase: COMMIT | Receiver: 30037 | Sender: 30008 | Distance:  140.50 m | Delay: 0.6991s | Size: 16779000 bit
[2025-03-20 12:20:58,981] [INFO] Phase: PRE-REPLY | Receiver: 30002 | Sender: 30037 | Distance:  140.50 m | Delay: 0.6991s | Size: 16778160 bit
[2025-03-20 12:20:59,048] [INFO] Phase: PREPARE | Receiver: 30037 | Sender: 30032 | Distance:   15.22 m | Delay: 0.3107s | Size: 16778984 bit
[2025-03-20 12:20:59,086] [INFO] Phase: PREPARE | Receiver: 30037 | Sender: 30039 | Distance:  106.59 m | Delay: 0.6991s | Size: 16778992 bit
[2025-03-20 12:20:59,172] [INFO] Phase: COMMIT | Receiver: 30037 | Sender: 30025 | Distance:   22.51 m | Delay: 0.3107s | Size: 16779000 bit
[2025-03-20 12:20:59,233] [INFO] Phase: COMMIT | Receiver: 30037 | Sender: 30032 | Distance:   15.22 m | Delay: 0.3107s | Size: 16778976 bit
[2025-03-20 12:20:59,261] [INFO] Phase: COMMIT | Receiver: 30037 | Sender: 30005 | Distance:  140.22 m | Delay: 0.6991s | Size: 16778992 bit
[2025-03-20 12:20:59,296] [INFO] Phase: COMMIT | Receiver: 30037 | Sender: 30039 | Distance:  106.59 m | Delay: 0.6991s | Size: 16778992 bit
[2025-03-20 12:20:59,353] [INFO] Phase: COMMIT | Receiver: 30037 | Sender: 30022 | Distance:  127.76 m | Delay: 0.6991s | Size: 16778984 bit
[2025-03-20 12:21:05,020] [INFO] Phase: PRE-REQUEST-FWD | Receiver: 30037 | Sender: 20001 | Distance:    0.00 m | Delay: N/A | Size: 16781360 bit
[2025-03-20 12:21:05,025] [INFO] Phase: PRE-PREPARE | Receiver: ALL | Sender: 30037 | Distance:    0.00 m | Delay: N/A | Size: 16780192 bit
[2025-03-20 12:21:05,786] [INFO] Phase: PREPARE | Receiver: 30037 | Sender: 30008 | Distance:  140.50 m | Delay: 0.6991s | Size: 16779000 bit
[2025-03-20 12:21:06,056] [INFO] Phase: PREPARE | Receiver: 30037 | Sender: 30025 | Distance:   22.51 m | Delay: 0.3107s | Size: 16778992 bit
[2025-03-20 12:21:06,063] [INFO] Phase: COMMIT-BROADCAST | Receiver: ALL | Sender: 30037 | Distance:   22.51 m | Delay: 0.3107s | Size: 16778160 bit
[2025-03-20 12:21:06,161] [INFO] Phase: PREPARE | Receiver: 30037 | Sender: 30036 | Distance:  128.16 m | Delay: 0.6991s | Size: 16778984 bit
[2025-03-20 12:21:06,471] [INFO] Phase: COMMIT | Receiver: 30037 | Sender: 30008 | Distance:  140.50 m | Delay: 0.6991s | Size: 16779000 bit
[2025-03-20 12:21:06,513] [INFO] Phase: COMMIT | Receiver: 30037 | Sender: 30036 | Distance:  128.16 m | Delay: 0.6991s | Size: 16778984 bit
[2025-03-20 12:21:06,524] [INFO] Phase: PRE-REPLY | Receiver: 30002 | Sender: 30037 | Distance:  128.16 m | Delay: 0.6991s | Size: 16778160 bit
[2025-03-20 12:21:06,731] [INFO] Phase: PREPARE | Receiver: 30037 | Sender: 30022 | Distance:  127.76 m | Delay: 0.6991s | Size: 16779000 bit
[2025-03-20 12:21:06,808] [INFO] Phase: PREPARE | Receiver: 30037 | Sender: 30005 | Distance:  140.22 m | Delay: 0.6991s | Size: 16778992 bit
[2025-03-20 12:21:06,866] [INFO] Phase: PREPARE | Receiver: 30037 | Sender: 30039 | Distance:  106.59 m | Delay: 0.6991s | Size: 16779000 bit
[2025-03-20 12:21:06,911] [INFO] Phase: PREPARE | Receiver: 30037 | Sender: 30032 | Distance:   15.22 m | Delay: 0.3107s | Size: 16778984 bit
[2025-03-20 12:21:07,131] [INFO] Phase: COMMIT | Receiver: 30037 | Sender: 30032 | Distance:   15.22 m | Delay: 0.3107s | Size: 16778984 bit
[2025-03-20 12:21:07,172] [INFO] Phase: COMMIT | Receiver: 30037 | Sender: 30039 | Distance:  106.59 m | Delay: 0.6991s | Size: 16779000 bit
[2025-03-20 12:21:07,237] [INFO] Phase: COMMIT | Receiver: 30037 | Sender: 30005 | Distance:  140.22 m | Delay: 0.6991s | Size: 16778976 bit
[2025-03-20 12:21:07,273] [INFO] Phase: COMMIT | Receiver: 30037 | Sender: 30025 | Distance:   22.51 m | Delay: 0.3107s | Size: 16779000 bit
[2025-03-20 12:21:07,312] [INFO] Phase: COMMIT | Receiver: 30037 | Sender: 30022 | Distance:  127.76 m | Delay: 0.6991s | Size: 16778992 bit
