[2025-03-11 17:49:28,755] [INFO] Node started: localhost:30162 | index=163 | f=1, k=4
[2025-03-11 17:49:38,441] [INFO] [30162] PRE-PREPARE received: {'request_id': 1741682977666, 'data': 'llapbft_message_1741682977666', 'timestamp': 1741682977.7055552, 'leader': 30004, 'cluster_id': 0, 'cluster_ports': [30000, 30004, 30006, 30007, 30011, 30015, 30018, 30023, 30027, 30036, 30039, 30041, 30042, 30043, 30044, 30046, 30049, 30053, 30059, 30061, 30065, 30066, 30070, 30074, 30078, 30083, 30094, 30096, 30098, 30100, 30102, 30104, 30108, 30109, 30110, 30111, 30113, 30115, 30116, 30126, 30131, 30132, 30139, 30147, 30150, 30151, 30154, 30161, 30162, 30170, 30172, 30176, 30177, 30181, 30185, 30187, 30189], 'cluster_manager': {'host': 'localhost', 'port': 30074, 'latitude': 36.6269982, 'longitude': 127.4590819, 'altitude': 88, 'offset_m': 'lat: 44 m, lng: 51 m, alt: 88 m'}, 'simulated_delay': 0.0003222222222222222, 'distance': 152.75934746279503, 'message_size_bits': 5800}
[2025-03-11 17:49:38,457] [INFO] [30162] Broadcasting PREPARE: REQUEST 1741682977666
[2025-03-11 17:49:38,956] [INFO] [30162] PREPARE received from 30110 for REQUEST 1741682977666
[2025-03-11 17:49:38,956] [INFO] [30162] Broadcasting COMMIT: REQUEST 1741682977666
[2025-03-11 17:49:38,970] [INFO] [30162] COMMIT received from 30110 for REQUEST 1741682977666
[2025-03-11 17:49:39,983] [INFO] [30162] PREPARE received from 30100 for REQUEST 1741682977666
[2025-03-11 17:49:39,983] [INFO] [30162] COMMIT received from 30100 for REQUEST 1741682977666
[2025-03-11 17:49:39,983] [INFO] [30162] COMMIT complete. Sending PRE-REPLY: REQUEST 1741682977666 directly to Manager 30074
[2025-03-11 17:49:40,404] [INFO] [30162] PREPARE received from 30078 for REQUEST 1741682977666
[2025-03-11 17:49:40,422] [INFO] [30162] PREPARE received from 30109 for REQUEST 1741682977666
[2025-03-11 17:49:40,443] [INFO] [30162] COMMIT received from 30078 for REQUEST 1741682977666
[2025-03-11 17:49:40,443] [INFO] [30162] COMMIT received from 30109 for REQUEST 1741682977666
[2025-03-11 17:49:40,654] [INFO] [30162] PREPARE received from 30011 for REQUEST 1741682977666
[2025-03-11 17:49:40,659] [INFO] [30162] COMMIT received from 30011 for REQUEST 1741682977666
[2025-03-11 17:49:40,850] [INFO] [30162] PREPARE received from 30126 for REQUEST 1741682977666
[2025-03-11 17:49:40,855] [INFO] [30162] COMMIT received from 30126 for REQUEST 1741682977666
[2025-03-11 17:49:41,023] [INFO] [30162] PREPARE received from 30096 for REQUEST 1741682977666
[2025-03-11 17:49:41,023] [INFO] [30162] COMMIT received from 30096 for REQUEST 1741682977666
[2025-03-11 17:49:41,624] [INFO] [30162] PREPARE received from 30170 for REQUEST 1741682977666
[2025-03-11 17:49:41,626] [INFO] [30162] COMMIT received from 30006 for REQUEST 1741682977666
[2025-03-11 17:49:41,626] [INFO] [30162] PREPARE received from 30147 for REQUEST 1741682977666
[2025-03-11 17:49:41,626] [INFO] [30162] COMMIT received from 30170 for REQUEST 1741682977666
[2025-03-11 17:49:41,626] [INFO] [30162] PREPARE received from 30006 for REQUEST 1741682977666
[2025-03-11 17:49:41,645] [INFO] [30162] COMMIT received from 30147 for REQUEST 1741682977666
[2025-03-11 17:49:41,737] [INFO] [30162] PREPARE received from 30172 for REQUEST 1741682977666
[2025-03-11 17:49:41,766] [INFO] [30162] COMMIT received from 30172 for REQUEST 1741682977666
[2025-03-11 17:49:41,955] [INFO] [30162] PREPARE received from 30150 for REQUEST 1741682977666
[2025-03-11 17:49:41,955] [INFO] [30162] COMMIT received from 30150 for REQUEST 1741682977666
[2025-03-11 17:49:42,354] [INFO] [30162] COMMIT received from 30004 for REQUEST 1741682977666
[2025-03-11 17:49:42,561] [INFO] [30162] PREPARE received from 30116 for REQUEST 1741682977666
[2025-03-11 17:49:42,562] [INFO] [30162] COMMIT received from 30116 for REQUEST 1741682977666
[2025-03-11 17:49:42,621] [INFO] [30162] PREPARE received from 30151 for REQUEST 1741682977666
[2025-03-11 17:49:42,626] [INFO] [30162] COMMIT received from 30151 for REQUEST 1741682977666
[2025-03-11 17:49:42,954] [INFO] [30162] PREPARE received from 30111 for REQUEST 1741682977666
[2025-03-11 17:49:42,954] [INFO] [30162] COMMIT received from 30111 for REQUEST 1741682977666
[2025-03-11 17:49:43,261] [INFO] [30162] PREPARE received from 30102 for REQUEST 1741682977666
[2025-03-11 17:49:43,261] [INFO] [30162] COMMIT received from 30102 for REQUEST 1741682977666
[2025-03-11 17:49:43,538] [INFO] [30162] COMMIT received from 30018 for REQUEST 1741682977666
[2025-03-11 17:49:43,538] [INFO] [30162] PREPARE received from 30018 for REQUEST 1741682977666
[2025-03-11 17:49:43,544] [INFO] [30162] PREPARE received from 30059 for REQUEST 1741682977666
[2025-03-11 17:49:43,556] [INFO] [30162] COMMIT received from 30059 for REQUEST 1741682977666
[2025-03-11 17:49:43,876] [INFO] [30162] PREPARE received from 30094 for REQUEST 1741682977666
[2025-03-11 17:49:43,876] [INFO] [30162] COMMIT received from 30094 for REQUEST 1741682977666
[2025-03-11 17:49:43,908] [INFO] [30162] PREPARE received from 30113 for REQUEST 1741682977666
[2025-03-11 17:49:43,908] [INFO] [30162] COMMIT received from 30113 for REQUEST 1741682977666
[2025-03-11 17:49:43,998] [INFO] [30162] PREPARE received from 30154 for REQUEST 1741682977666
[2025-03-11 17:49:44,020] [INFO] [30162] COMMIT received from 30154 for REQUEST 1741682977666
[2025-03-11 17:49:44,020] [INFO] [30162] PREPARE received from 30041 for REQUEST 1741682977666
[2025-03-11 17:49:44,045] [INFO] [30162] COMMIT received from 30041 for REQUEST 1741682977666
[2025-03-11 17:49:44,077] [INFO] [30162] PREPARE received from 30043 for REQUEST 1741682977666
[2025-03-11 17:49:44,082] [INFO] [30162] COMMIT received from 30043 for REQUEST 1741682977666
[2025-03-11 17:49:44,236] [INFO] [30162] PREPARE received from 30083 for REQUEST 1741682977666
[2025-03-11 17:49:44,240] [INFO] [30162] COMMIT received from 30083 for REQUEST 1741682977666
[2025-03-11 17:49:44,336] [INFO] [30162] PREPARE received from 30042 for REQUEST 1741682977666
[2025-03-11 17:49:44,338] [INFO] [30162] COMMIT received from 30042 for REQUEST 1741682977666
[2025-03-11 17:49:44,353] [INFO] [30162] PREPARE received from 30000 for REQUEST 1741682977666
[2025-03-11 17:49:44,377] [INFO] [30162] COMMIT received from 30000 for REQUEST 1741682977666
[2025-03-11 17:49:44,398] [INFO] [30162] PREPARE received from 30187 for REQUEST 1741682977666
[2025-03-11 17:49:44,442] [INFO] [30162] PREPARE received from 30139 for REQUEST 1741682977666
[2025-03-11 17:49:44,444] [INFO] [30162] COMMIT received from 30187 for REQUEST 1741682977666
[2025-03-11 17:49:44,444] [INFO] [30162] COMMIT received from 30139 for REQUEST 1741682977666
[2025-03-11 17:49:44,462] [INFO] [30162] PREPARE received from 30065 for REQUEST 1741682977666
[2025-03-11 17:49:44,462] [INFO] [30162] PREPARE received from 30007 for REQUEST 1741682977666
[2025-03-11 17:49:44,476] [INFO] [30162] COMMIT received from 30007 for REQUEST 1741682977666
[2025-03-11 17:49:44,476] [INFO] [30162] COMMIT received from 30065 for REQUEST 1741682977666
[2025-03-11 17:49:44,476] [INFO] [30162] PREPARE received from 30185 for REQUEST 1741682977666
[2025-03-11 17:49:44,489] [INFO] [30162] PREPARE received from 30161 for REQUEST 1741682977666
[2025-03-11 17:49:44,489] [INFO] [30162] COMMIT received from 30185 for REQUEST 1741682977666
[2025-03-11 17:49:44,511] [INFO] [30162] COMMIT received from 30161 for REQUEST 1741682977666
[2025-03-11 17:49:44,545] [INFO] [30162] PREPARE received from 30177 for REQUEST 1741682977666
[2025-03-11 17:49:44,559] [INFO] [30162] COMMIT received from 30177 for REQUEST 1741682977666
[2025-03-11 17:49:44,559] [INFO] [30162] COMMIT received from 30131 for REQUEST 1741682977666
[2025-03-11 17:49:44,559] [INFO] [30162] PREPARE received from 30131 for REQUEST 1741682977666
[2025-03-11 17:49:44,575] [INFO] [30162] PREPARE received from 30098 for REQUEST 1741682977666
[2025-03-11 17:49:44,602] [INFO] [30162] COMMIT received from 30098 for REQUEST 1741682977666
[2025-03-11 17:49:44,657] [INFO] [30162] PREPARE received from 30027 for REQUEST 1741682977666
[2025-03-11 17:49:44,657] [INFO] [30162] PREPARE received from 30044 for REQUEST 1741682977666
[2025-03-11 17:49:44,676] [INFO] [30162] COMMIT received from 30044 for REQUEST 1741682977666
[2025-03-11 17:49:44,677] [INFO] [30162] PREPARE received from 30066 for REQUEST 1741682977666
[2025-03-11 17:49:44,677] [INFO] [30162] COMMIT received from 30027 for REQUEST 1741682977666
[2025-03-11 17:49:44,709] [INFO] [30162] PREPARE received from 30039 for REQUEST 1741682977666
[2025-03-11 17:49:44,714] [INFO] [30162] COMMIT received from 30066 for REQUEST 1741682977666
[2025-03-11 17:49:44,714] [INFO] [30162] COMMIT received from 30039 for REQUEST 1741682977666
[2025-03-11 17:49:44,768] [INFO] [30162] PREPARE received from 30053 for REQUEST 1741682977666
[2025-03-11 17:49:44,768] [INFO] [30162] PREPARE received from 30070 for REQUEST 1741682977666
[2025-03-11 17:49:44,768] [INFO] [30162] COMMIT received from 30070 for REQUEST 1741682977666
[2025-03-11 17:49:44,768] [INFO] [30162] COMMIT received from 30053 for REQUEST 1741682977666
[2025-03-11 17:49:44,882] [INFO] [30162] PREPARE received from 30176 for REQUEST 1741682977666
[2025-03-11 17:49:44,882] [INFO] [30162] PREPARE received from 30108 for REQUEST 1741682977666
[2025-03-11 17:49:44,884] [INFO] [30162] COMMIT received from 30176 for REQUEST 1741682977666
[2025-03-11 17:49:44,886] [INFO] [30162] PREPARE received from 30115 for REQUEST 1741682977666
[2025-03-11 17:49:44,886] [INFO] [30162] COMMIT received from 30115 for REQUEST 1741682977666
[2025-03-11 17:49:44,886] [INFO] [30162] COMMIT received from 30108 for REQUEST 1741682977666
[2025-03-11 17:49:44,886] [INFO] [30162] PREPARE received from 30015 for REQUEST 1741682977666
[2025-03-11 17:49:44,886] [INFO] [30162] COMMIT received from 30015 for REQUEST 1741682977666
[2025-03-11 17:49:44,908] [INFO] [30162] PREPARE received from 30181 for REQUEST 1741682977666
[2025-03-11 17:49:44,929] [INFO] [30162] COMMIT received from 30181 for REQUEST 1741682977666
[2025-03-11 17:49:44,943] [INFO] [30162] COMMIT received from 30132 for REQUEST 1741682977666
[2025-03-11 17:49:44,945] [INFO] [30162] PREPARE received from 30132 for REQUEST 1741682977666
[2025-03-11 17:49:44,947] [INFO] [30162] PREPARE received from 30023 for REQUEST 1741682977666
[2025-03-11 17:49:44,947] [INFO] [30162] PREPARE received from 30049 for REQUEST 1741682977666
[2025-03-11 17:49:44,947] [INFO] [30162] PREPARE received from 30046 for REQUEST 1741682977666
[2025-03-11 17:49:44,947] [INFO] [30162] COMMIT received from 30023 for REQUEST 1741682977666
[2025-03-11 17:49:44,947] [INFO] [30162] COMMIT received from 30049 for REQUEST 1741682977666
[2025-03-11 17:49:44,947] [INFO] [30162] COMMIT received from 30046 for REQUEST 1741682977666
[2025-03-11 17:49:44,965] [INFO] [30162] PREPARE received from 30061 for REQUEST 1741682977666
[2025-03-11 17:49:44,965] [INFO] [30162] COMMIT received from 30061 for REQUEST 1741682977666
[2025-03-11 17:49:44,969] [INFO] [30162] PREPARE received from 30104 for REQUEST 1741682977666
[2025-03-11 17:49:44,976] [INFO] [30162] COMMIT received from 30104 for REQUEST 1741682977666
[2025-03-11 17:49:44,976] [INFO] [30162] PREPARE received from 30189 for REQUEST 1741682977666
[2025-03-11 17:49:44,992] [INFO] [30162] COMMIT received from 30189 for REQUEST 1741682977666
