[2025-03-20 12:12:15,833] [INFO] Node started: localhost:30018 | index= 19 | f=1, k=4
[2025-03-20 12:12:23,270] [INFO] Phase: PRE-PREPARE | Receiver: 30018 | Sender: 30003 | Distance:   55.55 m | Delay: 0.4661s | Size: 16781104 bit
[2025-03-20 12:12:23,273] [INFO] Phase: PREPARE-BROADCAST | Receiver: ALL | Sender: 30018 | Distance:   55.55 m | Delay: 0.4661s | Size: 16778160 bit
[2025-03-20 12:12:23,643] [INFO] Phase: PREPARE | Receiver: 30018 | Sender: 30033 | Distance:  103.22 m | Delay: 0.6991s | Size: 16779000 bit
[2025-03-20 12:12:23,649] [INFO] Phase: COMMIT-BROADCAST | Receiver: ALL | Sender: 30018 | Distance:  103.22 m | Delay: 0.6991s | Size: 16778160 bit
[2025-03-20 12:12:23,687] [INFO] Phase: PREPARE | Receiver: 30018 | Sender: 30015 | Distance:   27.63 m | Delay: 0.3107s | Size: 16778992 bit
[2025-03-20 12:12:23,709] [INFO] Phase: PREPARE | Receiver: 30018 | Sender: 30019 | Distance:   70.07 m | Delay: 0.4661s | Size: 16778992 bit
[2025-03-20 12:12:23,788] [INFO] Phase: PREPARE | Receiver: 30018 | Sender: 30026 | Distance:  103.22 m | Delay: 0.6991s | Size: 16779000 bit
[2025-03-20 12:12:23,800] [INFO] Phase: PREPARE | Receiver: 30018 | Sender: 30021 | Distance:  103.41 m | Delay: 0.6991s | Size: 16779000 bit
[2025-03-20 12:12:24,020] [INFO] Phase: PREPARE | Receiver: 30018 | Sender: 30011 | Distance:   85.58 m | Delay: 0.4661s | Size: 16778992 bit
[2025-03-20 12:12:24,035] [INFO] Phase: COMMIT | Receiver: 30018 | Sender: 30015 | Distance:   27.63 m | Delay: 0.3107s | Size: 16778992 bit
[2025-03-20 12:12:24,036] [INFO] Phase: COMMIT | Receiver: 30018 | Sender: 30033 | Distance:  103.22 m | Delay: 0.6991s | Size: 16779000 bit
[2025-03-20 12:12:24,051] [INFO] Phase: PRE-REPLY | Receiver: 30006 | Sender: 30018 | Distance:  103.22 m | Delay: 0.6991s | Size: 16778152 bit
[2025-03-20 12:12:24,073] [INFO] Phase: PREPARE | Receiver: 30018 | Sender: 30009 | Distance:  128.56 m | Delay: 0.6991s | Size: 16779000 bit
[2025-03-20 12:12:24,190] [INFO] Phase: COMMIT | Receiver: 30018 | Sender: 30026 | Distance:  103.22 m | Delay: 0.6991s | Size: 16779000 bit
[2025-03-20 12:12:24,196] [INFO] Phase: COMMIT | Receiver: 30018 | Sender: 30021 | Distance:  103.41 m | Delay: 0.6991s | Size: 16778992 bit
[2025-03-20 12:12:24,225] [INFO] Phase: PREPARE | Receiver: 30018 | Sender: 30000 | Distance:  143.98 m | Delay: 0.6991s | Size: 16779000 bit
[2025-03-20 12:12:24,296] [INFO] Phase: COMMIT | Receiver: 30018 | Sender: 30019 | Distance:   70.07 m | Delay: 0.4661s | Size: 16778992 bit
[2025-03-20 12:12:24,305] [INFO] Phase: COMMIT | Receiver: 30018 | Sender: 30003 | Distance:   55.55 m | Delay: 0.4661s | Size: 16778992 bit
[2025-03-20 12:12:24,320] [INFO] Phase: COMMIT | Receiver: 30018 | Sender: 30011 | Distance:   85.58 m | Delay: 0.4661s | Size: 16778992 bit
[2025-03-20 12:12:24,392] [INFO] Phase: COMMIT | Receiver: 30018 | Sender: 30009 | Distance:  128.56 m | Delay: 0.6991s | Size: 16778984 bit
[2025-03-20 12:12:24,544] [INFO] Phase: COMMIT | Receiver: 30018 | Sender: 30000 | Distance:  143.98 m | Delay: 0.6991s | Size: 16779000 bit
[2025-03-20 12:12:26,891] [INFO] Phase: PRE-PREPARE | Receiver: 30018 | Sender: 30003 | Distance:   55.55 m | Delay: 0.4661s | Size: 16781112 bit
[2025-03-20 12:12:26,891] [INFO] Phase: PREPARE-BROADCAST | Receiver: ALL | Sender: 30018 | Distance:   55.55 m | Delay: 0.4661s | Size: 16778144 bit
[2025-03-20 12:12:27,236] [INFO] Phase: PREPARE | Receiver: 30018 | Sender: 30015 | Distance:   27.63 m | Delay: 0.3107s | Size: 16778992 bit
[2025-03-20 12:12:27,236] [INFO] Phase: COMMIT-BROADCAST | Receiver: ALL | Sender: 30018 | Distance:   27.63 m | Delay: 0.3107s | Size: 16778152 bit
[2025-03-20 12:12:27,412] [INFO] Phase: PREPARE | Receiver: 30018 | Sender: 30033 | Distance:  103.22 m | Delay: 0.6991s | Size: 16778984 bit
[2025-03-20 12:12:27,489] [INFO] Phase: PREPARE | Receiver: 30018 | Sender: 30019 | Distance:   70.07 m | Delay: 0.4661s | Size: 16778992 bit
[2025-03-20 12:12:27,552] [INFO] Phase: PREPARE | Receiver: 30018 | Sender: 30026 | Distance:  103.22 m | Delay: 0.6991s | Size: 16778984 bit
[2025-03-20 12:12:27,588] [INFO] Phase: PREPARE | Receiver: 30018 | Sender: 30021 | Distance:  103.41 m | Delay: 0.6991s | Size: 16779000 bit
[2025-03-20 12:12:27,742] [INFO] Phase: PREPARE | Receiver: 30018 | Sender: 30011 | Distance:   85.58 m | Delay: 0.4661s | Size: 16778984 bit
[2025-03-20 12:12:27,910] [INFO] Phase: PREPARE | Receiver: 30018 | Sender: 30009 | Distance:  128.56 m | Delay: 0.6991s | Size: 16779000 bit
[2025-03-20 12:12:28,066] [INFO] Phase: COMMIT | Receiver: 30018 | Sender: 30033 | Distance:  103.22 m | Delay: 0.6991s | Size: 16779000 bit
[2025-03-20 12:12:28,134] [INFO] Phase: COMMIT | Receiver: 30018 | Sender: 30015 | Distance:   27.63 m | Delay: 0.3107s | Size: 16778984 bit
[2025-03-20 12:12:28,158] [INFO] Phase: PRE-REPLY | Receiver: 30006 | Sender: 30018 | Distance:   27.63 m | Delay: 0.3107s | Size: 16778160 bit
[2025-03-20 12:12:28,259] [INFO] Phase: COMMIT | Receiver: 30018 | Sender: 30021 | Distance:  103.41 m | Delay: 0.6991s | Size: 16778984 bit
[2025-03-20 12:12:28,350] [INFO] Phase: PREPARE | Receiver: 30018 | Sender: 30000 | Distance:  143.98 m | Delay: 0.6991s | Size: 16779000 bit
[2025-03-20 12:12:28,486] [INFO] Phase: COMMIT | Receiver: 30018 | Sender: 30019 | Distance:   70.07 m | Delay: 0.4661s | Size: 16778992 bit
[2025-03-20 12:12:28,521] [INFO] Phase: COMMIT | Receiver: 30018 | Sender: 30011 | Distance:   85.58 m | Delay: 0.4661s | Size: 16778992 bit
[2025-03-20 12:12:28,561] [INFO] Phase: COMMIT | Receiver: 30018 | Sender: 30026 | Distance:  103.22 m | Delay: 0.6991s | Size: 16779000 bit
[2025-03-20 12:12:28,595] [INFO] Phase: COMMIT | Receiver: 30018 | Sender: 30003 | Distance:   55.55 m | Delay: 0.4661s | Size: 16778992 bit
[2025-03-20 12:12:28,630] [INFO] Phase: COMMIT | Receiver: 30018 | Sender: 30009 | Distance:  128.56 m | Delay: 0.6991s | Size: 16778984 bit
[2025-03-20 12:12:28,684] [INFO] Phase: COMMIT | Receiver: 30018 | Sender: 30000 | Distance:  143.98 m | Delay: 0.6991s | Size: 16779000 bit
[2025-03-20 12:12:34,907] [INFO] Phase: PRE-PREPARE | Receiver: 30018 | Sender: 30003 | Distance:   55.55 m | Delay: 0.4661s | Size: 16781112 bit
[2025-03-20 12:12:34,911] [INFO] Phase: PREPARE-BROADCAST | Receiver: ALL | Sender: 30018 | Distance:   55.55 m | Delay: 0.4661s | Size: 16778160 bit
[2025-03-20 12:12:35,315] [INFO] Phase: PREPARE | Receiver: 30018 | Sender: 30015 | Distance:   27.63 m | Delay: 0.3107s | Size: 16778992 bit
[2025-03-20 12:12:35,330] [INFO] Phase: COMMIT-BROADCAST | Receiver: ALL | Sender: 30018 | Distance:   27.63 m | Delay: 0.3107s | Size: 16778160 bit
[2025-03-20 12:12:35,429] [INFO] Phase: PREPARE | Receiver: 30018 | Sender: 30033 | Distance:  103.22 m | Delay: 0.6991s | Size: 16778992 bit
[2025-03-20 12:12:35,617] [INFO] Phase: PREPARE | Receiver: 30018 | Sender: 30019 | Distance:   70.07 m | Delay: 0.4661s | Size: 16778984 bit
[2025-03-20 12:12:35,759] [INFO] Phase: PREPARE | Receiver: 30018 | Sender: 30026 | Distance:  103.22 m | Delay: 0.6991s | Size: 16779000 bit
[2025-03-20 12:12:35,807] [INFO] Phase: PREPARE | Receiver: 30018 | Sender: 30021 | Distance:  103.41 m | Delay: 0.6991s | Size: 16779000 bit
[2025-03-20 12:12:36,186] [INFO] Phase: PREPARE | Receiver: 30018 | Sender: 30011 | Distance:   85.58 m | Delay: 0.4661s | Size: 16778992 bit
[2025-03-20 12:12:36,237] [INFO] Phase: PREPARE | Receiver: 30018 | Sender: 30009 | Distance:  128.56 m | Delay: 0.6991s | Size: 16779000 bit
[2025-03-20 12:12:36,289] [INFO] Phase: COMMIT | Receiver: 30018 | Sender: 30015 | Distance:   27.63 m | Delay: 0.3107s | Size: 16778992 bit
[2025-03-20 12:12:36,318] [INFO] Phase: COMMIT | Receiver: 30018 | Sender: 30033 | Distance:  103.22 m | Delay: 0.6991s | Size: 16779000 bit
[2025-03-20 12:12:36,346] [INFO] Phase: PRE-REPLY | Receiver: 30006 | Sender: 30018 | Distance:  103.22 m | Delay: 0.6991s | Size: 16778160 bit
[2025-03-20 12:12:36,483] [INFO] Phase: COMMIT | Receiver: 30018 | Sender: 30021 | Distance:  103.41 m | Delay: 0.6991s | Size: 16779000 bit
[2025-03-20 12:12:36,556] [INFO] Phase: PREPARE | Receiver: 30018 | Sender: 30000 | Distance:  143.98 m | Delay: 0.6991s | Size: 16779000 bit
[2025-03-20 12:12:36,590] [INFO] Phase: COMMIT | Receiver: 30018 | Sender: 30026 | Distance:  103.22 m | Delay: 0.6991s | Size: 16779000 bit
[2025-03-20 12:12:36,634] [INFO] Phase: COMMIT | Receiver: 30018 | Sender: 30003 | Distance:   55.55 m | Delay: 0.4661s | Size: 16778992 bit
[2025-03-20 12:12:36,694] [INFO] Phase: COMMIT | Receiver: 30018 | Sender: 30019 | Distance:   70.07 m | Delay: 0.4661s | Size: 16778984 bit
[2025-03-20 12:12:36,722] [INFO] Phase: COMMIT | Receiver: 30018 | Sender: 30000 | Distance:  143.98 m | Delay: 0.6991s | Size: 16779000 bit
[2025-03-20 12:12:36,765] [INFO] Phase: COMMIT | Receiver: 30018 | Sender: 30009 | Distance:  128.56 m | Delay: 0.6991s | Size: 16779000 bit
[2025-03-20 12:12:36,789] [INFO] Phase: COMMIT | Receiver: 30018 | Sender: 30011 | Distance:   85.58 m | Delay: 0.4661s | Size: 16778992 bit
[2025-03-20 12:12:42,922] [INFO] Phase: PRE-PREPARE | Receiver: 30018 | Sender: 30003 | Distance:   55.55 m | Delay: 0.4661s | Size: 16781104 bit
[2025-03-20 12:12:42,922] [INFO] Phase: PREPARE-BROADCAST | Receiver: ALL | Sender: 30018 | Distance:   55.55 m | Delay: 0.4661s | Size: 16778160 bit
[2025-03-20 12:12:43,304] [INFO] Phase: PREPARE | Receiver: 30018 | Sender: 30019 | Distance:   70.07 m | Delay: 0.4661s | Size: 16778984 bit
[2025-03-20 12:12:43,307] [INFO] Phase: COMMIT-BROADCAST | Receiver: ALL | Sender: 30018 | Distance:   70.07 m | Delay: 0.4661s | Size: 16778160 bit
[2025-03-20 12:12:43,572] [INFO] Phase: PREPARE | Receiver: 30018 | Sender: 30015 | Distance:   27.63 m | Delay: 0.3107s | Size: 16778992 bit
[2025-03-20 12:12:43,631] [INFO] Phase: PREPARE | Receiver: 30018 | Sender: 30033 | Distance:  103.22 m | Delay: 0.6991s | Size: 16779000 bit
[2025-03-20 12:12:43,719] [INFO] Phase: PREPARE | Receiver: 30018 | Sender: 30021 | Distance:  103.41 m | Delay: 0.6991s | Size: 16779000 bit
[2025-03-20 12:12:43,819] [INFO] Phase: PREPARE | Receiver: 30018 | Sender: 30026 | Distance:  103.22 m | Delay: 0.6991s | Size: 16779000 bit
[2025-03-20 12:12:44,154] [INFO] Phase: PREPARE | Receiver: 30018 | Sender: 30009 | Distance:  128.56 m | Delay: 0.6991s | Size: 16779000 bit
[2025-03-20 12:12:44,211] [INFO] Phase: COMMIT | Receiver: 30018 | Sender: 30015 | Distance:   27.63 m | Delay: 0.3107s | Size: 16778992 bit
[2025-03-20 12:12:44,242] [INFO] Phase: PREPARE | Receiver: 30018 | Sender: 30011 | Distance:   85.58 m | Delay: 0.4661s | Size: 16778992 bit
[2025-03-20 12:12:44,290] [INFO] Phase: COMMIT | Receiver: 30018 | Sender: 30033 | Distance:  103.22 m | Delay: 0.6991s | Size: 16778992 bit
[2025-03-20 12:12:44,299] [INFO] Phase: PRE-REPLY | Receiver: 30006 | Sender: 30018 | Distance:  103.22 m | Delay: 0.6991s | Size: 16778160 bit
[2025-03-20 12:12:44,393] [INFO] Phase: PREPARE | Receiver: 30018 | Sender: 30000 | Distance:  143.98 m | Delay: 0.6991s | Size: 16779000 bit
[2025-03-20 12:12:44,461] [INFO] Phase: COMMIT | Receiver: 30018 | Sender: 30026 | Distance:  103.22 m | Delay: 0.6991s | Size: 16779000 bit
[2025-03-20 12:12:44,500] [INFO] Phase: COMMIT | Receiver: 30018 | Sender: 30003 | Distance:   55.55 m | Delay: 0.4661s | Size: 16778992 bit
[2025-03-20 12:12:44,545] [INFO] Phase: COMMIT | Receiver: 30018 | Sender: 30021 | Distance:  103.41 m | Delay: 0.6991s | Size: 16779000 bit
[2025-03-20 12:12:44,581] [INFO] Phase: COMMIT | Receiver: 30018 | Sender: 30009 | Distance:  128.56 m | Delay: 0.6991s | Size: 16779000 bit
[2025-03-20 12:12:44,620] [INFO] Phase: COMMIT | Receiver: 30018 | Sender: 30011 | Distance:   85.58 m | Delay: 0.4661s | Size: 16778992 bit
[2025-03-20 12:12:44,657] [INFO] Phase: COMMIT | Receiver: 30018 | Sender: 30000 | Distance:  143.98 m | Delay: 0.6991s | Size: 16778992 bit
[2025-03-20 12:12:44,828] [INFO] Phase: COMMIT | Receiver: 30018 | Sender: 30019 | Distance:   70.07 m | Delay: 0.4661s | Size: 16778992 bit
[2025-03-20 12:19:40,703] [INFO] Node started: localhost:30018 | index= 19 | f=1, k=4
[2025-03-20 12:20:46,122] [INFO] Phase: PRE-PREPARE | Receiver: 30018 | Sender: 30003 | Distance:   55.55 m | Delay: 0.4661s | Size: 16781112 bit
[2025-03-20 12:20:46,126] [INFO] Phase: PREPARE-BROADCAST | Receiver: ALL | Sender: 30018 | Distance:   55.55 m | Delay: 0.4661s | Size: 16778152 bit
[2025-03-20 12:20:46,486] [INFO] Phase: PREPARE | Receiver: 30018 | Sender: 30019 | Distance:   70.07 m | Delay: 0.4661s | Size: 16778984 bit
[2025-03-20 12:20:46,490] [INFO] Phase: COMMIT-BROADCAST | Receiver: ALL | Sender: 30018 | Distance:   70.07 m | Delay: 0.4661s | Size: 16778160 bit
[2025-03-20 12:20:46,531] [INFO] Phase: PREPARE | Receiver: 30018 | Sender: 30015 | Distance:   27.63 m | Delay: 0.3107s | Size: 16778984 bit
[2025-03-20 12:20:46,537] [INFO] Phase: PREPARE | Receiver: 30018 | Sender: 30033 | Distance:  103.22 m | Delay: 0.6991s | Size: 16778992 bit
[2025-03-20 12:20:46,652] [INFO] Phase: PREPARE | Receiver: 30018 | Sender: 30021 | Distance:  103.41 m | Delay: 0.6991s | Size: 16779000 bit
[2025-03-20 12:20:46,693] [INFO] Phase: PREPARE | Receiver: 30018 | Sender: 30026 | Distance:  103.22 m | Delay: 0.6991s | Size: 16779000 bit
[2025-03-20 12:20:46,854] [INFO] Phase: COMMIT | Receiver: 30018 | Sender: 30015 | Distance:   27.63 m | Delay: 0.3107s | Size: 16778992 bit
[2025-03-20 12:20:46,872] [INFO] Phase: PREPARE | Receiver: 30018 | Sender: 30011 | Distance:   85.58 m | Delay: 0.4661s | Size: 16778992 bit
[2025-03-20 12:20:46,886] [INFO] Phase: PREPARE | Receiver: 30018 | Sender: 30009 | Distance:  128.56 m | Delay: 0.6991s | Size: 16778992 bit
[2025-03-20 12:20:47,010] [INFO] Phase: COMMIT | Receiver: 30018 | Sender: 30033 | Distance:  103.22 m | Delay: 0.6991s | Size: 16779000 bit
[2025-03-20 12:20:47,014] [INFO] Phase: PRE-REPLY | Receiver: 30006 | Sender: 30018 | Distance:  103.22 m | Delay: 0.6991s | Size: 16778160 bit
[2025-03-20 12:20:47,025] [INFO] Phase: COMMIT | Receiver: 30018 | Sender: 30021 | Distance:  103.41 m | Delay: 0.6991s | Size: 16779000 bit
[2025-03-20 12:20:47,071] [INFO] Phase: PREPARE | Receiver: 30018 | Sender: 30000 | Distance:  143.98 m | Delay: 0.6991s | Size: 16779000 bit
[2025-03-20 12:20:47,129] [INFO] Phase: COMMIT | Receiver: 30018 | Sender: 30003 | Distance:   55.55 m | Delay: 0.4661s | Size: 16778992 bit
[2025-03-20 12:20:47,140] [INFO] Phase: COMMIT | Receiver: 30018 | Sender: 30026 | Distance:  103.22 m | Delay: 0.6991s | Size: 16779000 bit
[2025-03-20 12:20:47,164] [INFO] Phase: COMMIT | Receiver: 30018 | Sender: 30011 | Distance:   85.58 m | Delay: 0.4661s | Size: 16778992 bit
[2025-03-20 12:20:47,176] [INFO] Phase: COMMIT | Receiver: 30018 | Sender: 30019 | Distance:   70.07 m | Delay: 0.4661s | Size: 16778992 bit
[2025-03-20 12:20:47,243] [INFO] Phase: COMMIT | Receiver: 30018 | Sender: 30009 | Distance:  128.56 m | Delay: 0.6991s | Size: 16779000 bit
[2025-03-20 12:20:47,371] [INFO] Phase: COMMIT | Receiver: 30018 | Sender: 30000 | Distance:  143.98 m | Delay: 0.6991s | Size: 16779000 bit
[2025-03-20 12:20:49,739] [INFO] Phase: PRE-PREPARE | Receiver: 30018 | Sender: 30003 | Distance:   55.55 m | Delay: 0.4661s | Size: 16781112 bit
[2025-03-20 12:20:49,743] [INFO] Phase: PREPARE-BROADCAST | Receiver: ALL | Sender: 30018 | Distance:   55.55 m | Delay: 0.4661s | Size: 16778160 bit
[2025-03-20 12:20:50,167] [INFO] Phase: PREPARE | Receiver: 30018 | Sender: 30019 | Distance:   70.07 m | Delay: 0.4661s | Size: 16778992 bit
[2025-03-20 12:20:50,167] [INFO] Phase: COMMIT-BROADCAST | Receiver: ALL | Sender: 30018 | Distance:   70.07 m | Delay: 0.4661s | Size: 16778160 bit
[2025-03-20 12:20:50,291] [INFO] Phase: PREPARE | Receiver: 30018 | Sender: 30015 | Distance:   27.63 m | Delay: 0.3107s | Size: 16778984 bit
[2025-03-20 12:20:50,315] [INFO] Phase: PREPARE | Receiver: 30018 | Sender: 30033 | Distance:  103.22 m | Delay: 0.6991s | Size: 16779000 bit
[2025-03-20 12:20:50,510] [INFO] Phase: PREPARE | Receiver: 30018 | Sender: 30026 | Distance:  103.22 m | Delay: 0.6991s | Size: 16778992 bit
[2025-03-20 12:20:50,541] [INFO] Phase: PREPARE | Receiver: 30018 | Sender: 30021 | Distance:  103.41 m | Delay: 0.6991s | Size: 16779000 bit
[2025-03-20 12:20:50,711] [INFO] Phase: PREPARE | Receiver: 30018 | Sender: 30009 | Distance:  128.56 m | Delay: 0.6991s | Size: 16778992 bit
[2025-03-20 12:20:50,767] [INFO] Phase: COMMIT | Receiver: 30018 | Sender: 30015 | Distance:   27.63 m | Delay: 0.3107s | Size: 16778992 bit
[2025-03-20 12:20:50,808] [INFO] Phase: PREPARE | Receiver: 30018 | Sender: 30011 | Distance:   85.58 m | Delay: 0.4661s | Size: 16778992 bit
[2025-03-20 12:20:51,014] [INFO] Phase: COMMIT | Receiver: 30018 | Sender: 30033 | Distance:  103.22 m | Delay: 0.6991s | Size: 16779000 bit
[2025-03-20 12:20:51,031] [INFO] Phase: PRE-REPLY | Receiver: 30006 | Sender: 30018 | Distance:  103.22 m | Delay: 0.6991s | Size: 16778160 bit
[2025-03-20 12:20:51,170] [INFO] Phase: COMMIT | Receiver: 30018 | Sender: 30026 | Distance:  103.22 m | Delay: 0.6991s | Size: 16779000 bit
[2025-03-20 12:20:51,219] [INFO] Phase: PREPARE | Receiver: 30018 | Sender: 30000 | Distance:  143.98 m | Delay: 0.6991s | Size: 16778992 bit
[2025-03-20 12:20:51,246] [INFO] Phase: COMMIT | Receiver: 30018 | Sender: 30021 | Distance:  103.41 m | Delay: 0.6991s | Size: 16779000 bit
[2025-03-20 12:20:51,291] [INFO] Phase: COMMIT | Receiver: 30018 | Sender: 30019 | Distance:   70.07 m | Delay: 0.4661s | Size: 16778984 bit
[2025-03-20 12:20:51,322] [INFO] Phase: COMMIT | Receiver: 30018 | Sender: 30011 | Distance:   85.58 m | Delay: 0.4661s | Size: 16778992 bit
[2025-03-20 12:20:51,349] [INFO] Phase: COMMIT | Receiver: 30018 | Sender: 30009 | Distance:  128.56 m | Delay: 0.6991s | Size: 16778992 bit
[2025-03-20 12:20:51,402] [INFO] Phase: COMMIT | Receiver: 30018 | Sender: 30003 | Distance:   55.55 m | Delay: 0.4661s | Size: 16778992 bit
[2025-03-20 12:20:51,433] [INFO] Phase: COMMIT | Receiver: 30018 | Sender: 30000 | Distance:  143.98 m | Delay: 0.6991s | Size: 16779000 bit
[2025-03-20 12:20:57,700] [INFO] Phase: PRE-PREPARE | Receiver: 30018 | Sender: 30003 | Distance:   55.55 m | Delay: 0.4661s | Size: 16781112 bit
[2025-03-20 12:20:57,704] [INFO] Phase: PREPARE-BROADCAST | Receiver: ALL | Sender: 30018 | Distance:   55.55 m | Delay: 0.4661s | Size: 16778160 bit
[2025-03-20 12:20:58,114] [INFO] Phase: PREPARE | Receiver: 30018 | Sender: 30015 | Distance:   27.63 m | Delay: 0.3107s | Size: 16778992 bit
[2025-03-20 12:20:58,124] [INFO] Phase: COMMIT-BROADCAST | Receiver: ALL | Sender: 30018 | Distance:   27.63 m | Delay: 0.3107s | Size: 16778160 bit
[2025-03-20 12:20:58,144] [INFO] Phase: PREPARE | Receiver: 30018 | Sender: 30019 | Distance:   70.07 m | Delay: 0.4661s | Size: 16778992 bit
[2025-03-20 12:20:58,392] [INFO] Phase: PREPARE | Receiver: 30018 | Sender: 30033 | Distance:  103.22 m | Delay: 0.6991s | Size: 16779000 bit
[2025-03-20 12:20:58,488] [INFO] Phase: PREPARE | Receiver: 30018 | Sender: 30026 | Distance:  103.22 m | Delay: 0.6991s | Size: 16779000 bit
[2025-03-20 12:20:58,523] [INFO] Phase: PREPARE | Receiver: 30018 | Sender: 30021 | Distance:  103.41 m | Delay: 0.6991s | Size: 16779000 bit
[2025-03-20 12:20:58,713] [INFO] Phase: PREPARE | Receiver: 30018 | Sender: 30009 | Distance:  128.56 m | Delay: 0.6991s | Size: 16779000 bit
[2025-03-20 12:20:58,870] [INFO] Phase: PREPARE | Receiver: 30018 | Sender: 30011 | Distance:   85.58 m | Delay: 0.4661s | Size: 16778992 bit
[2025-03-20 12:20:58,923] [INFO] Phase: COMMIT | Receiver: 30018 | Sender: 30033 | Distance:  103.22 m | Delay: 0.6991s | Size: 16779000 bit
[2025-03-20 12:20:59,009] [INFO] Phase: COMMIT | Receiver: 30018 | Sender: 30015 | Distance:   27.63 m | Delay: 0.3107s | Size: 16778976 bit
[2025-03-20 12:20:59,023] [INFO] Phase: PRE-REPLY | Receiver: 30006 | Sender: 30018 | Distance:   27.63 m | Delay: 0.3107s | Size: 16778144 bit
[2025-03-20 12:20:59,237] [INFO] Phase: COMMIT | Receiver: 30018 | Sender: 30026 | Distance:  103.22 m | Delay: 0.6991s | Size: 16779000 bit
[2025-03-20 12:20:59,263] [INFO] Phase: PREPARE | Receiver: 30018 | Sender: 30000 | Distance:  143.98 m | Delay: 0.6991s | Size: 16778992 bit
[2025-03-20 12:20:59,312] [INFO] Phase: COMMIT | Receiver: 30018 | Sender: 30003 | Distance:   55.55 m | Delay: 0.4661s | Size: 16778984 bit
[2025-03-20 12:20:59,341] [INFO] Phase: COMMIT | Receiver: 30018 | Sender: 30019 | Distance:   70.07 m | Delay: 0.4661s | Size: 16778984 bit
[2025-03-20 12:20:59,382] [INFO] Phase: COMMIT | Receiver: 30018 | Sender: 30009 | Distance:  128.56 m | Delay: 0.6991s | Size: 16778992 bit
[2025-03-20 12:20:59,405] [INFO] Phase: COMMIT | Receiver: 30018 | Sender: 30021 | Distance:  103.41 m | Delay: 0.6991s | Size: 16779000 bit
[2025-03-20 12:20:59,448] [INFO] Phase: COMMIT | Receiver: 30018 | Sender: 30011 | Distance:   85.58 m | Delay: 0.4661s | Size: 16778992 bit
[2025-03-20 12:20:59,474] [INFO] Phase: COMMIT | Receiver: 30018 | Sender: 30000 | Distance:  143.98 m | Delay: 0.6991s | Size: 16779000 bit
[2025-03-20 12:21:05,703] [INFO] Phase: PRE-PREPARE | Receiver: 30018 | Sender: 30003 | Distance:   55.55 m | Delay: 0.4661s | Size: 16781112 bit
[2025-03-20 12:21:05,708] [INFO] Phase: PREPARE-BROADCAST | Receiver: ALL | Sender: 30018 | Distance:   55.55 m | Delay: 0.4661s | Size: 16778160 bit
[2025-03-20 12:21:06,150] [INFO] Phase: PREPARE | Receiver: 30018 | Sender: 30019 | Distance:   70.07 m | Delay: 0.4661s | Size: 16778984 bit
[2025-03-20 12:21:06,159] [INFO] Phase: COMMIT-BROADCAST | Receiver: ALL | Sender: 30018 | Distance:   70.07 m | Delay: 0.4661s | Size: 16778152 bit
[2025-03-20 12:21:06,270] [INFO] Phase: PREPARE | Receiver: 30018 | Sender: 30015 | Distance:   27.63 m | Delay: 0.3107s | Size: 16778992 bit
[2025-03-20 12:21:06,291] [INFO] Phase: PREPARE | Receiver: 30018 | Sender: 30033 | Distance:  103.22 m | Delay: 0.6991s | Size: 16779000 bit
[2025-03-20 12:21:06,420] [INFO] Phase: PREPARE | Receiver: 30018 | Sender: 30026 | Distance:  103.22 m | Delay: 0.6991s | Size: 16779000 bit
[2025-03-20 12:21:06,451] [INFO] Phase: PREPARE | Receiver: 30018 | Sender: 30021 | Distance:  103.41 m | Delay: 0.6991s | Size: 16779000 bit
[2025-03-20 12:21:06,733] [INFO] Phase: PREPARE | Receiver: 30018 | Sender: 30011 | Distance:   85.58 m | Delay: 0.4661s | Size: 16778992 bit
[2025-03-20 12:21:06,854] [INFO] Phase: COMMIT | Receiver: 30018 | Sender: 30015 | Distance:   27.63 m | Delay: 0.3107s | Size: 16778968 bit
[2025-03-20 12:21:06,888] [INFO] Phase: PREPARE | Receiver: 30018 | Sender: 30009 | Distance:  128.56 m | Delay: 0.6991s | Size: 16779000 bit
[2025-03-20 12:21:06,930] [INFO] Phase: COMMIT | Receiver: 30018 | Sender: 30033 | Distance:  103.22 m | Delay: 0.6991s | Size: 16779000 bit
[2025-03-20 12:21:06,946] [INFO] Phase: PRE-REPLY | Receiver: 30006 | Sender: 30018 | Distance:  103.22 m | Delay: 0.6991s | Size: 16778160 bit
[2025-03-20 12:21:07,237] [INFO] Phase: PREPARE | Receiver: 30018 | Sender: 30000 | Distance:  143.98 m | Delay: 0.6991s | Size: 16779000 bit
[2025-03-20 12:21:07,287] [INFO] Phase: COMMIT | Receiver: 30018 | Sender: 30026 | Distance:  103.22 m | Delay: 0.6991s | Size: 16778992 bit
[2025-03-20 12:21:07,324] [INFO] Phase: COMMIT | Receiver: 30018 | Sender: 30021 | Distance:  103.41 m | Delay: 0.6991s | Size: 16779000 bit
[2025-03-20 12:21:07,358] [INFO] Phase: COMMIT | Receiver: 30018 | Sender: 30011 | Distance:   85.58 m | Delay: 0.4661s | Size: 16778992 bit
[2025-03-20 12:21:07,401] [INFO] Phase: COMMIT | Receiver: 30018 | Sender: 30003 | Distance:   55.55 m | Delay: 0.4661s | Size: 16778992 bit
[2025-03-20 12:21:07,465] [INFO] Phase: COMMIT | Receiver: 30018 | Sender: 30009 | Distance:  128.56 m | Delay: 0.6991s | Size: 16779000 bit
[2025-03-20 12:21:07,492] [INFO] Phase: COMMIT | Receiver: 30018 | Sender: 30000 | Distance:  143.98 m | Delay: 0.6991s | Size: 16779000 bit
[2025-03-20 12:21:07,527] [INFO] Phase: COMMIT | Receiver: 30018 | Sender: 30019 | Distance:   70.07 m | Delay: 0.4661s | Size: 16778992 bit
[2025-03-20 12:37:28,890] [INFO] Node started: localhost:30018 | index= 19 | f=1, k=4
[2025-03-20 12:37:53,575] [INFO] Phase: PRE-PREPARE | Receiver: 30018 | Sender: 30015 | Distance:   61.46 m | Delay: 0.4662s | Size: 16782240 bit
[2025-03-20 12:37:53,582] [INFO] Phase: PREPARE-BROADCAST | Receiver: ALL | Sender: 30018 | Distance:   61.46 m | Delay: 0.4662s | Size: 16778160 bit
[2025-03-20 12:37:53,915] [INFO] Phase: PREPARE | Receiver: 30018 | Sender: 30088 | Distance:  102.65 m | Delay: 0.6991s | Size: 16779000 bit
[2025-03-20 12:37:53,923] [INFO] Phase: COMMIT-BROADCAST | Receiver: ALL | Sender: 30018 | Distance:  102.65 m | Delay: 0.6991s | Size: 16778152 bit
[2025-03-20 12:37:57,210] [INFO] Phase: PREPARE | Receiver: 30018 | Sender: 30047 | Distance:  104.81 m | Delay: 0.6991s | Size: 16778992 bit
[2025-03-20 12:37:57,247] [INFO] Phase: PREPARE | Receiver: 30018 | Sender: 30039 | Distance:   64.18 m | Delay: 0.4661s | Size: 16778992 bit
[2025-03-20 12:37:57,287] [INFO] Phase: PREPARE | Receiver: 30018 | Sender: 30094 | Distance:   42.30 m | Delay: 0.3107s | Size: 16778992 bit
[2025-03-20 12:37:57,326] [INFO] Phase: PREPARE | Receiver: 30018 | Sender: 30093 | Distance:   43.40 m | Delay: 0.3107s | Size: 16778992 bit
[2025-03-20 12:37:57,370] [INFO] Phase: PREPARE | Receiver: 30018 | Sender: 30054 | Distance:   45.15 m | Delay: 0.3107s | Size: 16778992 bit
[2025-03-20 12:37:57,419] [INFO] Phase: PREPARE | Receiver: 30018 | Sender: 30009 | Distance:   49.61 m | Delay: 0.3107s | Size: 16778992 bit
[2025-03-20 12:37:57,651] [INFO] Phase: PREPARE | Receiver: 30018 | Sender: 30060 | Distance:   93.38 m | Delay: 0.4661s | Size: 16778992 bit
[2025-03-20 12:37:57,726] [INFO] Phase: PREPARE | Receiver: 30018 | Sender: 30059 | Distance:   47.73 m | Delay: 0.3107s | Size: 16779000 bit
[2025-03-20 12:37:57,769] [INFO] Phase: COMMIT | Receiver: 30018 | Sender: 30060 | Distance:   93.38 m | Delay: 0.4661s | Size: 16778984 bit
[2025-03-20 12:37:57,803] [INFO] Phase: COMMIT | Receiver: 30018 | Sender: 30059 | Distance:   47.73 m | Delay: 0.3107s | Size: 16779000 bit
[2025-03-20 12:37:57,819] [INFO] Phase: PRE-REPLY | Receiver: 30022 | Sender: 30018 | Distance:   47.73 m | Delay: 0.3107s | Size: 16778160 bit
[2025-03-20 12:37:57,892] [INFO] Phase: COMMIT | Receiver: 30018 | Sender: 30015 | Distance:   61.46 m | Delay: 0.4661s | Size: 16778992 bit
[2025-03-20 12:37:58,018] [INFO] Phase: PREPARE | Receiver: 30018 | Sender: 30020 | Distance:   34.07 m | Delay: 0.3107s | Size: 16779000 bit
[2025-03-20 12:37:58,075] [INFO] Phase: PREPARE | Receiver: 30018 | Sender: 30110 | Distance:  146.25 m | Delay: 0.6991s | Size: 16779000 bit
[2025-03-20 12:37:58,113] [INFO] Phase: PREPARE | Receiver: 30018 | Sender: 30114 | Distance:  147.03 m | Delay: 0.6991s | Size: 16778992 bit
[2025-03-20 12:37:58,160] [INFO] Phase: COMMIT | Receiver: 30018 | Sender: 30114 | Distance:  147.03 m | Delay: 0.6991s | Size: 16779000 bit
[2025-03-20 12:37:58,196] [INFO] Phase: COMMIT | Receiver: 30018 | Sender: 30118 | Distance:  147.03 m | Delay: 0.6991s | Size: 16779000 bit
[2025-03-20 12:37:58,277] [INFO] Phase: PREPARE | Receiver: 30018 | Sender: 30118 | Distance:  147.03 m | Delay: 0.6991s | Size: 16778992 bit
[2025-03-20 12:37:58,536] [INFO] Phase: COMMIT | Receiver: 30018 | Sender: 30039 | Distance:   64.18 m | Delay: 0.4661s | Size: 16778992 bit
[2025-03-20 12:37:58,562] [INFO] Phase: COMMIT | Receiver: 30018 | Sender: 30001 | Distance:   52.29 m | Delay: 0.4661s | Size: 16778992 bit
[2025-03-20 12:37:58,601] [INFO] Phase: COMMIT | Receiver: 30018 | Sender: 30042 | Distance:  117.24 m | Delay: 0.6991s | Size: 16778992 bit
[2025-03-20 12:37:58,652] [INFO] Phase: PREPARE | Receiver: 30018 | Sender: 30062 | Distance:  162.73 m | Delay: 0.9322s | Size: 16779000 bit
[2025-03-20 12:37:58,680] [INFO] Phase: PREPARE | Receiver: 30018 | Sender: 30001 | Distance:   52.29 m | Delay: 0.4661s | Size: 16778992 bit
[2025-03-20 12:37:58,720] [INFO] Phase: PREPARE | Receiver: 30018 | Sender: 30042 | Distance:  117.24 m | Delay: 0.6991s | Size: 16779000 bit
[2025-03-20 12:37:58,757] [INFO] Phase: COMMIT | Receiver: 30018 | Sender: 30093 | Distance:   43.40 m | Delay: 0.3107s | Size: 16778992 bit
[2025-03-20 12:37:58,781] [INFO] Phase: COMMIT | Receiver: 30018 | Sender: 30094 | Distance:   42.30 m | Delay: 0.3107s | Size: 16778992 bit
[2025-03-20 12:37:58,805] [INFO] Phase: COMMIT | Receiver: 30018 | Sender: 30088 | Distance:  102.65 m | Delay: 0.6991s | Size: 16779000 bit
[2025-03-20 12:37:58,830] [INFO] Phase: PREPARE | Receiver: 30018 | Sender: 30032 | Distance:  119.36 m | Delay: 0.6991s | Size: 16779000 bit
[2025-03-20 12:37:58,854] [INFO] Phase: COMMIT | Receiver: 30018 | Sender: 30054 | Distance:   45.15 m | Delay: 0.3107s | Size: 16778992 bit
[2025-03-20 12:37:58,878] [INFO] Phase: PREPARE | Receiver: 30018 | Sender: 30045 | Distance:  130.31 m | Delay: 0.6991s | Size: 16778992 bit
[2025-03-20 12:37:58,903] [INFO] Phase: PREPARE | Receiver: 30018 | Sender: 30111 | Distance:   33.82 m | Delay: 0.3107s | Size: 16778992 bit
[2025-03-20 12:37:58,933] [INFO] Phase: COMMIT | Receiver: 30018 | Sender: 30032 | Distance:  119.36 m | Delay: 0.6991s | Size: 16779000 bit
[2025-03-20 12:37:58,959] [INFO] Phase: COMMIT | Receiver: 30018 | Sender: 30045 | Distance:  130.31 m | Delay: 0.6991s | Size: 16778992 bit
[2025-03-20 12:37:58,984] [INFO] Phase: COMMIT | Receiver: 30018 | Sender: 30020 | Distance:   34.07 m | Delay: 0.3107s | Size: 16779000 bit
[2025-03-20 12:37:59,015] [INFO] Phase: COMMIT | Receiver: 30018 | Sender: 30009 | Distance:   49.61 m | Delay: 0.3107s | Size: 16778984 bit
[2025-03-20 12:37:59,160] [INFO] Phase: COMMIT | Receiver: 30018 | Sender: 30043 | Distance:  157.03 m | Delay: 0.9322s | Size: 16778992 bit
[2025-03-20 12:37:59,190] [INFO] Phase: COMMIT | Receiver: 30018 | Sender: 30111 | Distance:   33.82 m | Delay: 0.3107s | Size: 16778992 bit
[2025-03-20 12:37:59,217] [INFO] Phase: COMMIT | Receiver: 30018 | Sender: 30047 | Distance:  104.81 m | Delay: 0.6991s | Size: 16779000 bit
[2025-03-20 12:37:59,241] [INFO] Phase: COMMIT | Receiver: 30018 | Sender: 30099 | Distance:   88.80 m | Delay: 0.4661s | Size: 16778984 bit
[2025-03-20 12:37:59,263] [INFO] Phase: COMMIT | Receiver: 30018 | Sender: 30064 | Distance:  102.37 m | Delay: 0.6991s | Size: 16778984 bit
[2025-03-20 12:37:59,294] [INFO] Phase: COMMIT | Receiver: 30018 | Sender: 30008 | Distance:  151.31 m | Delay: 0.9322s | Size: 16778992 bit
[2025-03-20 12:37:59,324] [INFO] Phase: COMMIT | Receiver: 30018 | Sender: 30052 | Distance:   86.28 m | Delay: 0.4661s | Size: 16778984 bit
[2025-03-20 12:37:59,358] [INFO] Phase: PREPARE | Receiver: 30018 | Sender: 30043 | Distance:  157.03 m | Delay: 0.9322s | Size: 16778992 bit
[2025-03-20 12:37:59,389] [INFO] Phase: PREPARE | Receiver: 30018 | Sender: 30008 | Distance:  151.31 m | Delay: 0.9322s | Size: 16778992 bit
[2025-03-20 12:37:59,417] [INFO] Phase: PREPARE | Receiver: 30018 | Sender: 30099 | Distance:   88.80 m | Delay: 0.4661s | Size: 16778984 bit
[2025-03-20 12:37:59,446] [INFO] Phase: PREPARE | Receiver: 30018 | Sender: 30064 | Distance:  102.37 m | Delay: 0.6991s | Size: 16779000 bit
[2025-03-20 12:37:59,476] [INFO] Phase: PREPARE | Receiver: 30018 | Sender: 30052 | Distance:   86.28 m | Delay: 0.4661s | Size: 16778992 bit
[2025-03-20 12:37:59,500] [INFO] Phase: PREPARE | Receiver: 30018 | Sender: 30006 | Distance:   99.73 m | Delay: 0.4661s | Size: 16778992 bit
[2025-03-20 12:37:59,525] [INFO] Phase: COMMIT | Receiver: 30018 | Sender: 30006 | Distance:   99.73 m | Delay: 0.4661s | Size: 16778992 bit
[2025-03-20 12:37:59,557] [INFO] Phase: PREPARE | Receiver: 30018 | Sender: 30078 | Distance:   76.87 m | Delay: 0.4661s | Size: 16778992 bit
[2025-03-20 12:37:59,579] [INFO] Phase: PREPARE | Receiver: 30018 | Sender: 30037 | Distance:  170.57 m | Delay: 0.9322s | Size: 16778992 bit
[2025-03-20 12:37:59,598] [INFO] Phase: COMMIT | Receiver: 30018 | Sender: 30078 | Distance:   76.87 m | Delay: 0.4661s | Size: 16778992 bit
[2025-03-20 12:37:59,621] [INFO] Phase: COMMIT | Receiver: 30018 | Sender: 30037 | Distance:  170.57 m | Delay: 0.9322s | Size: 16778992 bit
[2025-03-20 12:37:59,652] [INFO] Phase: PREPARE | Receiver: 30018 | Sender: 30010 | Distance:  155.18 m | Delay: 0.9322s | Size: 16779000 bit
[2025-03-20 12:37:59,664] [INFO] Phase: COMMIT | Receiver: 30018 | Sender: 30010 | Distance:  155.18 m | Delay: 0.9322s | Size: 16779000 bit
[2025-03-20 12:37:59,692] [INFO] Phase: COMMIT | Receiver: 30018 | Sender: 30110 | Distance:  146.25 m | Delay: 0.6991s | Size: 16778992 bit
[2025-03-20 12:37:59,707] [INFO] Phase: COMMIT | Receiver: 30018 | Sender: 30062 | Distance:  162.73 m | Delay: 0.9322s | Size: 16779000 bit
[2025-03-20 12:38:01,760] [INFO] Phase: PRE-PREPARE | Receiver: 30018 | Sender: 30015 | Distance:   61.46 m | Delay: 0.4662s | Size: 16782240 bit
[2025-03-20 12:38:01,774] [INFO] Phase: PREPARE-BROADCAST | Receiver: ALL | Sender: 30018 | Distance:   61.46 m | Delay: 0.4662s | Size: 16778160 bit
[2025-03-20 12:38:02,198] [INFO] Phase: PREPARE | Receiver: 30018 | Sender: 30060 | Distance:   93.38 m | Delay: 0.4661s | Size: 16778992 bit
[2025-03-20 12:38:02,213] [INFO] Phase: COMMIT-BROADCAST | Receiver: ALL | Sender: 30018 | Distance:   93.38 m | Delay: 0.4661s | Size: 16778160 bit
[2025-03-20 12:38:03,934] [INFO] Phase: PREPARE | Receiver: 30018 | Sender: 30088 | Distance:  102.65 m | Delay: 0.6991s | Size: 16779000 bit
[2025-03-20 12:38:04,121] [INFO] Phase: PREPARE | Receiver: 30018 | Sender: 30039 | Distance:   64.18 m | Delay: 0.4661s | Size: 16778984 bit
[2025-03-20 12:38:04,391] [INFO] Phase: PREPARE | Receiver: 30018 | Sender: 30093 | Distance:   43.40 m | Delay: 0.3107s | Size: 16778992 bit
[2025-03-20 12:38:04,423] [INFO] Phase: PREPARE | Receiver: 30018 | Sender: 30094 | Distance:   42.30 m | Delay: 0.3107s | Size: 16778992 bit
[2025-03-20 12:38:04,470] [INFO] Phase: PREPARE | Receiver: 30018 | Sender: 30054 | Distance:   45.15 m | Delay: 0.3107s | Size: 16778992 bit
[2025-03-20 12:38:04,508] [INFO] Phase: PREPARE | Receiver: 30018 | Sender: 30059 | Distance:   47.73 m | Delay: 0.3107s | Size: 16779000 bit
[2025-03-20 12:38:04,549] [INFO] Phase: PREPARE | Receiver: 30018 | Sender: 30045 | Distance:  130.31 m | Delay: 0.6991s | Size: 16778984 bit
[2025-03-20 12:38:04,583] [INFO] Phase: PREPARE | Receiver: 30018 | Sender: 30001 | Distance:   52.29 m | Delay: 0.4661s | Size: 16778992 bit
[2025-03-20 12:38:04,632] [INFO] Phase: PREPARE | Receiver: 30018 | Sender: 30042 | Distance:  117.24 m | Delay: 0.6991s | Size: 16779000 bit
[2025-03-20 12:38:04,674] [INFO] Phase: PREPARE | Receiver: 30018 | Sender: 30114 | Distance:  147.03 m | Delay: 0.6991s | Size: 16779000 bit
[2025-03-20 12:38:04,702] [INFO] Phase: PREPARE | Receiver: 30018 | Sender: 30099 | Distance:   88.80 m | Delay: 0.4661s | Size: 16778992 bit
[2025-03-20 12:38:04,727] [INFO] Phase: PREPARE | Receiver: 30018 | Sender: 30032 | Distance:  119.36 m | Delay: 0.6991s | Size: 16779000 bit
[2025-03-20 12:38:04,783] [INFO] Phase: PREPARE | Receiver: 30018 | Sender: 30110 | Distance:  146.25 m | Delay: 0.6991s | Size: 16779000 bit
[2025-03-20 12:38:04,865] [INFO] Phase: COMMIT | Receiver: 30018 | Sender: 30015 | Distance:   61.46 m | Delay: 0.4661s | Size: 16778992 bit
[2025-03-20 12:38:04,891] [INFO] Phase: COMMIT | Receiver: 30018 | Sender: 30060 | Distance:   93.38 m | Delay: 0.4661s | Size: 16778984 bit
[2025-03-20 12:38:04,902] [INFO] Phase: PRE-REPLY | Receiver: 30022 | Sender: 30018 | Distance:   93.38 m | Delay: 0.4661s | Size: 16778160 bit
[2025-03-20 12:38:04,969] [INFO] Phase: PREPARE | Receiver: 30018 | Sender: 30078 | Distance:   76.87 m | Delay: 0.4661s | Size: 16778984 bit
[2025-03-20 12:38:04,999] [INFO] Phase: PREPARE | Receiver: 30018 | Sender: 30008 | Distance:  151.31 m | Delay: 0.9322s | Size: 16779000 bit
[2025-03-20 12:38:05,046] [INFO] Phase: PREPARE | Receiver: 30018 | Sender: 30009 | Distance:   49.61 m | Delay: 0.3107s | Size: 16778984 bit
[2025-03-20 12:38:05,081] [INFO] Phase: COMMIT | Receiver: 30018 | Sender: 30039 | Distance:   64.18 m | Delay: 0.4661s | Size: 16778992 bit
[2025-03-20 12:38:05,121] [INFO] Phase: PREPARE | Receiver: 30018 | Sender: 30111 | Distance:   33.82 m | Delay: 0.3107s | Size: 16778992 bit
[2025-03-20 12:38:05,170] [INFO] Phase: COMMIT | Receiver: 30018 | Sender: 30042 | Distance:  117.24 m | Delay: 0.6991s | Size: 16778984 bit
[2025-03-20 12:38:05,202] [INFO] Phase: COMMIT | Receiver: 30018 | Sender: 30008 | Distance:  151.31 m | Delay: 0.9322s | Size: 16779000 bit
[2025-03-20 12:38:05,238] [INFO] Phase: PREPARE | Receiver: 30018 | Sender: 30020 | Distance:   34.07 m | Delay: 0.3107s | Size: 16778992 bit
[2025-03-20 12:38:05,273] [INFO] Phase: PREPARE | Receiver: 30018 | Sender: 30064 | Distance:  102.37 m | Delay: 0.6991s | Size: 16779000 bit
[2025-03-20 12:38:05,303] [INFO] Phase: COMMIT | Receiver: 30018 | Sender: 30110 | Distance:  146.25 m | Delay: 0.6991s | Size: 16778992 bit
[2025-03-20 12:38:05,334] [INFO] Phase: PREPARE | Receiver: 30018 | Sender: 30006 | Distance:   99.73 m | Delay: 0.4661s | Size: 16778992 bit
[2025-03-20 12:38:05,376] [INFO] Phase: COMMIT | Receiver: 30018 | Sender: 30094 | Distance:   42.30 m | Delay: 0.3107s | Size: 16778992 bit
[2025-03-20 12:38:05,407] [INFO] Phase: COMMIT | Receiver: 30018 | Sender: 30093 | Distance:   43.40 m | Delay: 0.3107s | Size: 16778992 bit
[2025-03-20 12:38:05,449] [INFO] Phase: COMMIT | Receiver: 30018 | Sender: 30064 | Distance:  102.37 m | Delay: 0.6991s | Size: 16778992 bit
[2025-03-20 12:38:05,538] [INFO] Phase: COMMIT | Receiver: 30018 | Sender: 30088 | Distance:  102.65 m | Delay: 0.6991s | Size: 16779000 bit
[2025-03-20 12:38:05,583] [INFO] Phase: COMMIT | Receiver: 30018 | Sender: 30111 | Distance:   33.82 m | Delay: 0.3107s | Size: 16778992 bit
[2025-03-20 12:38:05,619] [INFO] Phase: PREPARE | Receiver: 30018 | Sender: 30052 | Distance:   86.28 m | Delay: 0.4661s | Size: 16778992 bit
[2025-03-20 12:38:05,680] [INFO] Phase: COMMIT | Receiver: 30018 | Sender: 30054 | Distance:   45.15 m | Delay: 0.3107s | Size: 16778992 bit
[2025-03-20 12:38:05,726] [INFO] Phase: PREPARE | Receiver: 30018 | Sender: 30062 | Distance:  162.73 m | Delay: 0.9322s | Size: 16779000 bit
[2025-03-20 12:38:05,769] [INFO] Phase: COMMIT | Receiver: 30018 | Sender: 30059 | Distance:   47.73 m | Delay: 0.3107s | Size: 16778992 bit
[2025-03-20 12:38:05,834] [INFO] Phase: COMMIT | Receiver: 30018 | Sender: 30099 | Distance:   88.80 m | Delay: 0.4661s | Size: 16778992 bit
[2025-03-20 12:38:05,863] [INFO] Phase: COMMIT | Receiver: 30018 | Sender: 30001 | Distance:   52.29 m | Delay: 0.4661s | Size: 16778992 bit
[2025-03-20 12:38:05,930] [INFO] Phase: COMMIT | Receiver: 30018 | Sender: 30006 | Distance:   99.73 m | Delay: 0.4661s | Size: 16778984 bit
[2025-03-20 12:38:05,964] [INFO] Phase: COMMIT | Receiver: 30018 | Sender: 30114 | Distance:  147.03 m | Delay: 0.6991s | Size: 16779000 bit
[2025-03-20 12:38:06,005] [INFO] Phase: COMMIT | Receiver: 30018 | Sender: 30052 | Distance:   86.28 m | Delay: 0.4661s | Size: 16778992 bit
[2025-03-20 12:38:06,045] [INFO] Phase: COMMIT | Receiver: 30018 | Sender: 30062 | Distance:  162.73 m | Delay: 0.9322s | Size: 16779000 bit
[2025-03-20 12:38:06,079] [INFO] Phase: COMMIT | Receiver: 30018 | Sender: 30045 | Distance:  130.31 m | Delay: 0.6991s | Size: 16778992 bit
[2025-03-20 12:38:06,106] [INFO] Phase: COMMIT | Receiver: 30018 | Sender: 30078 | Distance:   76.87 m | Delay: 0.4661s | Size: 16778984 bit
[2025-03-20 12:38:06,140] [INFO] Phase: COMMIT | Receiver: 30018 | Sender: 30032 | Distance:  119.36 m | Delay: 0.6991s | Size: 16779000 bit
[2025-03-20 12:38:06,168] [INFO] Phase: PREPARE | Receiver: 30018 | Sender: 30118 | Distance:  147.03 m | Delay: 0.6991s | Size: 16779000 bit
[2025-03-20 12:38:06,896] [INFO] Phase: PREPARE | Receiver: 30018 | Sender: 30043 | Distance:  157.03 m | Delay: 0.9322s | Size: 16779000 bit
[2025-03-20 12:38:06,950] [INFO] Phase: PREPARE | Receiver: 30018 | Sender: 30047 | Distance:  104.81 m | Delay: 0.6991s | Size: 16779000 bit
[2025-03-20 12:38:07,767] [INFO] Phase: PREPARE | Receiver: 30018 | Sender: 30037 | Distance:  170.57 m | Delay: 0.9322s | Size: 16778992 bit
[2025-03-20 12:38:08,099] [INFO] Phase: PREPARE | Receiver: 30018 | Sender: 30010 | Distance:  155.18 m | Delay: 0.9322s | Size: 16779000 bit
[2025-03-20 12:38:09,024] [INFO] Phase: COMMIT | Receiver: 30018 | Sender: 30118 | Distance:  147.03 m | Delay: 0.6991s | Size: 16778992 bit
[2025-03-20 12:38:09,423] [INFO] Phase: COMMIT | Receiver: 30018 | Sender: 30009 | Distance:   49.61 m | Delay: 0.3107s | Size: 16778984 bit
[2025-03-20 12:38:11,159] [INFO] Phase: COMMIT | Receiver: 30018 | Sender: 30043 | Distance:  157.03 m | Delay: 0.9322s | Size: 16779000 bit
[2025-03-20 12:38:11,915] [INFO] Phase: COMMIT | Receiver: 30018 | Sender: 30047 | Distance:  104.81 m | Delay: 0.6991s | Size: 16779000 bit
[2025-03-20 12:38:12,451] [INFO] Phase: COMMIT | Receiver: 30018 | Sender: 30020 | Distance:   34.07 m | Delay: 0.3107s | Size: 16779000 bit
[2025-03-20 12:38:13,033] [INFO] Phase: COMMIT | Receiver: 30018 | Sender: 30010 | Distance:  155.18 m | Delay: 0.9322s | Size: 16779000 bit
[2025-03-20 12:38:13,537] [INFO] Phase: COMMIT | Receiver: 30018 | Sender: 30037 | Distance:  170.57 m | Delay: 0.9322s | Size: 16778984 bit
[2025-03-20 12:38:27,535] [INFO] Phase: PREPARE | Receiver: 30018 | Sender: 30047 | Distance:  104.81 m | Delay: 0.6991s | Size: 16778992 bit
[2025-03-20 12:38:27,654] [INFO] PREPARE: Missing PRE-PREPARE for REQUEST 1742441905015
[2025-03-20 12:38:29,091] [INFO] Phase: PRE-PREPARE | Receiver: 30018 | Sender: 30015 | Distance:   61.46 m | Delay: 0.4662s | Size: 16782232 bit
[2025-03-20 12:38:29,103] [INFO] Phase: PREPARE-BROADCAST | Receiver: ALL | Sender: 30018 | Distance:   61.46 m | Delay: 0.4662s | Size: 16778160 bit
[2025-03-20 12:38:40,257] [INFO] Phase: PREPARE | Receiver: 30018 | Sender: 30020 | Distance:   34.07 m | Delay: 0.3107s | Size: 16779000 bit
[2025-03-20 12:38:40,269] [INFO] Phase: COMMIT-BROADCAST | Receiver: ALL | Sender: 30018 | Distance:   34.07 m | Delay: 0.3107s | Size: 16778160 bit
[2025-03-20 12:38:40,704] [INFO] Phase: PREPARE | Receiver: 30018 | Sender: 30060 | Distance:   93.38 m | Delay: 0.4661s | Size: 16778992 bit
[2025-03-20 12:38:40,765] [INFO] Phase: PREPARE | Receiver: 30018 | Sender: 30088 | Distance:  102.65 m | Delay: 0.6991s | Size: 16779000 bit
[2025-03-20 12:38:40,801] [INFO] Phase: COMMIT | Receiver: 30018 | Sender: 30047 | Distance:  104.81 m | Delay: 0.6991s | Size: 16778992 bit
[2025-03-20 12:38:40,907] [INFO] Phase: PREPARE | Receiver: 30018 | Sender: 30043 | Distance:  157.03 m | Delay: 0.9322s | Size: 16779000 bit
[2025-03-20 12:38:40,951] [INFO] Phase: PREPARE | Receiver: 30018 | Sender: 30039 | Distance:   64.18 m | Delay: 0.4661s | Size: 16778992 bit
[2025-03-20 12:38:40,988] [INFO] Phase: PREPARE | Receiver: 30018 | Sender: 30094 | Distance:   42.30 m | Delay: 0.3107s | Size: 16778992 bit
[2025-03-20 12:38:41,025] [INFO] Phase: PREPARE | Receiver: 30018 | Sender: 30009 | Distance:   49.61 m | Delay: 0.3107s | Size: 16778992 bit
[2025-03-20 12:38:41,574] [INFO] Phase: PREPARE | Receiver: 30018 | Sender: 30118 | Distance:  147.03 m | Delay: 0.6991s | Size: 16778984 bit
[2025-03-20 12:38:41,746] [INFO] Phase: PREPARE | Receiver: 30018 | Sender: 30114 | Distance:  147.03 m | Delay: 0.6991s | Size: 16779000 bit
[2025-03-20 12:38:41,767] [INFO] Phase: PREPARE | Receiver: 30018 | Sender: 30093 | Distance:   43.40 m | Delay: 0.3107s | Size: 16778992 bit
[2025-03-20 12:38:41,801] [INFO] Phase: PREPARE | Receiver: 30018 | Sender: 30032 | Distance:  119.36 m | Delay: 0.6991s | Size: 16779000 bit
[2025-03-20 12:38:41,837] [INFO] Phase: PREPARE | Receiver: 30018 | Sender: 30064 | Distance:  102.37 m | Delay: 0.6991s | Size: 16779000 bit
[2025-03-20 12:38:41,874] [INFO] Phase: PREPARE | Receiver: 30018 | Sender: 30099 | Distance:   88.80 m | Delay: 0.4661s | Size: 16778992 bit
[2025-03-20 12:38:41,932] [INFO] Phase: PREPARE | Receiver: 30018 | Sender: 30010 | Distance:  155.18 m | Delay: 0.9322s | Size: 16778992 bit
[2025-03-20 12:38:42,052] [INFO] Phase: COMMIT | Receiver: 30018 | Sender: 30088 | Distance:  102.65 m | Delay: 0.6991s | Size: 16779000 bit
[2025-03-20 12:38:42,064] [INFO] Phase: PRE-REPLY | Receiver: 30022 | Sender: 30018 | Distance:  102.65 m | Delay: 0.6991s | Size: 16778160 bit
[2025-03-20 12:38:42,115] [INFO] Phase: COMMIT | Receiver: 30018 | Sender: 30118 | Distance:  147.03 m | Delay: 0.6991s | Size: 16779000 bit
[2025-03-20 12:38:42,152] [INFO] Phase: COMMIT | Receiver: 30018 | Sender: 30093 | Distance:   43.40 m | Delay: 0.3107s | Size: 16778992 bit
[2025-03-20 12:38:42,196] [INFO] Phase: PREPARE | Receiver: 30018 | Sender: 30008 | Distance:  151.31 m | Delay: 0.9322s | Size: 16779000 bit
[2025-03-20 12:38:42,220] [INFO] Phase: PREPARE | Receiver: 30018 | Sender: 30001 | Distance:   52.29 m | Delay: 0.4661s | Size: 16778992 bit
[2025-03-20 12:38:42,253] [INFO] Phase: PREPARE | Receiver: 30018 | Sender: 30059 | Distance:   47.73 m | Delay: 0.3107s | Size: 16779000 bit
[2025-03-20 12:38:42,283] [INFO] Phase: PREPARE | Receiver: 30018 | Sender: 30045 | Distance:  130.31 m | Delay: 0.6991s | Size: 16778992 bit
[2025-03-20 12:38:42,312] [INFO] Phase: PREPARE | Receiver: 30018 | Sender: 30078 | Distance:   76.87 m | Delay: 0.4661s | Size: 16778984 bit
[2025-03-20 12:38:42,336] [INFO] Phase: COMMIT | Receiver: 30018 | Sender: 30020 | Distance:   34.07 m | Delay: 0.3107s | Size: 16779000 bit
[2025-03-20 12:38:42,360] [INFO] Phase: COMMIT | Receiver: 30018 | Sender: 30015 | Distance:   61.46 m | Delay: 0.4661s | Size: 16778992 bit
[2025-03-20 12:38:42,418] [INFO] Phase: PREPARE | Receiver: 30018 | Sender: 30037 | Distance:  170.57 m | Delay: 0.9322s | Size: 16778992 bit
[2025-03-20 12:38:42,442] [INFO] Phase: COMMIT | Receiver: 30018 | Sender: 30010 | Distance:  155.18 m | Delay: 0.9322s | Size: 16779000 bit
[2025-03-20 12:38:42,523] [INFO] Phase: COMMIT | Receiver: 30018 | Sender: 30059 | Distance:   47.73 m | Delay: 0.3107s | Size: 16778992 bit
[2025-03-20 12:38:42,549] [INFO] Phase: PREPARE | Receiver: 30018 | Sender: 30054 | Distance:   45.15 m | Delay: 0.3107s | Size: 16778992 bit
[2025-03-20 12:38:42,759] [INFO] Phase: PREPARE | Receiver: 30018 | Sender: 30042 | Distance:  117.24 m | Delay: 0.6991s | Size: 16779000 bit
[2025-03-20 12:38:42,804] [INFO] Phase: COMMIT | Receiver: 30018 | Sender: 30060 | Distance:   93.38 m | Delay: 0.4661s | Size: 16778992 bit
[2025-03-20 12:38:42,861] [INFO] Phase: COMMIT | Receiver: 30018 | Sender: 30043 | Distance:  157.03 m | Delay: 0.9322s | Size: 16779000 bit
[2025-03-20 12:38:42,903] [INFO] Phase: COMMIT | Receiver: 30018 | Sender: 30054 | Distance:   45.15 m | Delay: 0.3107s | Size: 16778984 bit
[2025-03-20 12:38:42,941] [INFO] Phase: PREPARE | Receiver: 30018 | Sender: 30111 | Distance:   33.82 m | Delay: 0.3107s | Size: 16778992 bit
[2025-03-20 12:38:42,979] [INFO] Phase: PREPARE | Receiver: 30018 | Sender: 30110 | Distance:  146.25 m | Delay: 0.6991s | Size: 16779000 bit
[2025-03-20 12:38:43,012] [INFO] Phase: PREPARE | Receiver: 30018 | Sender: 30052 | Distance:   86.28 m | Delay: 0.4661s | Size: 16778992 bit
[2025-03-20 12:38:43,046] [INFO] Phase: COMMIT | Receiver: 30018 | Sender: 30008 | Distance:  151.31 m | Delay: 0.9322s | Size: 16778992 bit
[2025-03-20 12:38:43,070] [INFO] Phase: COMMIT | Receiver: 30018 | Sender: 30064 | Distance:  102.37 m | Delay: 0.6991s | Size: 16779000 bit
[2025-03-20 12:38:43,119] [INFO] Phase: COMMIT | Receiver: 30018 | Sender: 30094 | Distance:   42.30 m | Delay: 0.3107s | Size: 16778992 bit
[2025-03-20 12:38:43,155] [INFO] Phase: PREPARE | Receiver: 30018 | Sender: 30062 | Distance:  162.73 m | Delay: 0.9322s | Size: 16779000 bit
[2025-03-20 12:38:43,244] [INFO] Phase: COMMIT | Receiver: 30018 | Sender: 30001 | Distance:   52.29 m | Delay: 0.4661s | Size: 16778992 bit
[2025-03-20 12:38:43,287] [INFO] Phase: COMMIT | Receiver: 30018 | Sender: 30110 | Distance:  146.25 m | Delay: 0.6991s | Size: 16779000 bit
[2025-03-20 12:38:43,323] [INFO] Phase: COMMIT | Receiver: 30018 | Sender: 30042 | Distance:  117.24 m | Delay: 0.6991s | Size: 16779000 bit
[2025-03-20 12:38:43,356] [INFO] Phase: PREPARE | Receiver: 30018 | Sender: 30006 | Distance:   99.73 m | Delay: 0.4661s | Size: 16778992 bit
[2025-03-20 12:38:43,387] [INFO] Phase: COMMIT | Receiver: 30018 | Sender: 30045 | Distance:  130.31 m | Delay: 0.6991s | Size: 16778992 bit
[2025-03-20 12:38:43,415] [INFO] Phase: COMMIT | Receiver: 30018 | Sender: 30032 | Distance:  119.36 m | Delay: 0.6991s | Size: 16779000 bit
[2025-03-20 12:38:44,695] [INFO] Phase: COMMIT | Receiver: 30018 | Sender: 30037 | Distance:  170.57 m | Delay: 0.9322s | Size: 16778992 bit
[2025-03-20 12:38:44,952] [INFO] Phase: COMMIT | Receiver: 30018 | Sender: 30111 | Distance:   33.82 m | Delay: 0.3107s | Size: 16778984 bit
[2025-03-20 12:38:45,169] [INFO] Phase: COMMIT | Receiver: 30018 | Sender: 30009 | Distance:   49.61 m | Delay: 0.3107s | Size: 16778992 bit
[2025-03-20 12:38:45,215] [INFO] Phase: COMMIT | Receiver: 30018 | Sender: 30078 | Distance:   76.87 m | Delay: 0.4661s | Size: 16778992 bit
[2025-03-20 12:38:45,248] [INFO] Phase: COMMIT | Receiver: 30018 | Sender: 30114 | Distance:  147.03 m | Delay: 0.6991s | Size: 16778992 bit
[2025-03-20 12:38:45,302] [INFO] Phase: COMMIT | Receiver: 30018 | Sender: 30062 | Distance:  162.73 m | Delay: 0.9322s | Size: 16779000 bit
[2025-03-20 12:38:45,473] [INFO] Phase: COMMIT | Receiver: 30018 | Sender: 30006 | Distance:   99.73 m | Delay: 0.4661s | Size: 16778992 bit
[2025-03-20 12:38:45,563] [INFO] Phase: COMMIT | Receiver: 30018 | Sender: 30099 | Distance:   88.80 m | Delay: 0.4661s | Size: 16778992 bit
[2025-03-20 12:38:45,609] [INFO] Phase: COMMIT | Receiver: 30018 | Sender: 30039 | Distance:   64.18 m | Delay: 0.4661s | Size: 16778992 bit
[2025-03-20 12:38:45,777] [INFO] Phase: COMMIT | Receiver: 30018 | Sender: 30052 | Distance:   86.28 m | Delay: 0.4661s | Size: 16778984 bit
[2025-03-20 12:38:51,594] [INFO] Phase: PRE-PREPARE | Receiver: 30018 | Sender: 30015 | Distance:   61.46 m | Delay: 0.4662s | Size: 16782240 bit
[2025-03-20 12:38:51,632] [INFO] Phase: PREPARE-BROADCAST | Receiver: ALL | Sender: 30018 | Distance:   61.46 m | Delay: 0.4662s | Size: 16778160 bit
[2025-03-20 12:38:55,839] [INFO] Phase: PREPARE | Receiver: 30018 | Sender: 30088 | Distance:  102.65 m | Delay: 0.6991s | Size: 16779000 bit
[2025-03-20 12:38:55,861] [INFO] Phase: COMMIT-BROADCAST | Receiver: ALL | Sender: 30018 | Distance:  102.65 m | Delay: 0.6991s | Size: 16778160 bit
[2025-03-20 12:38:55,891] [INFO] Phase: COMMIT | Receiver: 30018 | Sender: 30088 | Distance:  102.65 m | Delay: 0.6991s | Size: 16779000 bit
[2025-03-20 12:38:55,921] [INFO] Phase: PREPARE | Receiver: 30018 | Sender: 30042 | Distance:  117.24 m | Delay: 0.6991s | Size: 16778992 bit
[2025-03-20 12:38:55,952] [INFO] Phase: PREPARE | Receiver: 30018 | Sender: 30047 | Distance:  104.81 m | Delay: 0.6991s | Size: 16778992 bit
[2025-03-20 12:38:55,990] [INFO] Phase: COMMIT | Receiver: 30018 | Sender: 30093 | Distance:   43.40 m | Delay: 0.3107s | Size: 16778992 bit
[2025-03-20 12:38:56,004] [INFO] Phase: PRE-REPLY | Receiver: 30022 | Sender: 30018 | Distance:   43.40 m | Delay: 0.3107s | Size: 16778160 bit
[2025-03-20 12:38:56,061] [INFO] Phase: PREPARE | Receiver: 30018 | Sender: 30006 | Distance:   99.73 m | Delay: 0.4661s | Size: 16778992 bit
[2025-03-20 12:38:56,096] [INFO] Phase: PREPARE | Receiver: 30018 | Sender: 30059 | Distance:   47.73 m | Delay: 0.3107s | Size: 16779000 bit
[2025-03-20 12:38:56,127] [INFO] Phase: PREPARE | Receiver: 30018 | Sender: 30110 | Distance:  146.25 m | Delay: 0.6991s | Size: 16779000 bit
[2025-03-20 12:38:56,161] [INFO] Phase: COMMIT | Receiver: 30018 | Sender: 30064 | Distance:  102.37 m | Delay: 0.6991s | Size: 16779000 bit
[2025-03-20 12:38:56,195] [INFO] Phase: PREPARE | Receiver: 30018 | Sender: 30114 | Distance:  147.03 m | Delay: 0.6991s | Size: 16779000 bit
[2025-03-20 12:38:56,230] [INFO] Phase: PREPARE | Receiver: 30018 | Sender: 30037 | Distance:  170.57 m | Delay: 0.9322s | Size: 16778992 bit
[2025-03-20 12:38:56,266] [INFO] Phase: COMMIT | Receiver: 30018 | Sender: 30009 | Distance:   49.61 m | Delay: 0.3107s | Size: 16778992 bit
[2025-03-20 12:38:56,301] [INFO] Phase: PREPARE | Receiver: 30018 | Sender: 30054 | Distance:   45.15 m | Delay: 0.3107s | Size: 16778984 bit
[2025-03-20 12:38:56,339] [INFO] Phase: COMMIT | Receiver: 30018 | Sender: 30008 | Distance:  151.31 m | Delay: 0.9322s | Size: 16779000 bit
[2025-03-20 12:38:56,376] [INFO] Phase: PREPARE | Receiver: 30018 | Sender: 30009 | Distance:   49.61 m | Delay: 0.3107s | Size: 16778992 bit
[2025-03-20 12:38:56,412] [INFO] Phase: COMMIT | Receiver: 30018 | Sender: 30001 | Distance:   52.29 m | Delay: 0.4661s | Size: 16778992 bit
[2025-03-20 12:38:56,444] [INFO] Phase: PREPARE | Receiver: 30018 | Sender: 30001 | Distance:   52.29 m | Delay: 0.4661s | Size: 16778992 bit
[2025-03-20 12:38:56,475] [INFO] Phase: COMMIT | Receiver: 30018 | Sender: 30114 | Distance:  147.03 m | Delay: 0.6991s | Size: 16778992 bit
[2025-03-20 12:38:56,509] [INFO] Phase: PREPARE | Receiver: 30018 | Sender: 30060 | Distance:   93.38 m | Delay: 0.4661s | Size: 16778992 bit
[2025-03-20 12:38:56,541] [INFO] Phase: COMMIT | Receiver: 30018 | Sender: 30059 | Distance:   47.73 m | Delay: 0.3107s | Size: 16778992 bit
[2025-03-20 12:38:56,572] [INFO] Phase: PREPARE | Receiver: 30018 | Sender: 30093 | Distance:   43.40 m | Delay: 0.3107s | Size: 16778992 bit
[2025-03-20 12:38:56,604] [INFO] Phase: COMMIT | Receiver: 30018 | Sender: 30015 | Distance:   61.46 m | Delay: 0.4661s | Size: 16778984 bit
[2025-03-20 12:38:56,634] [INFO] Phase: PREPARE | Receiver: 30018 | Sender: 30032 | Distance:  119.36 m | Delay: 0.6991s | Size: 16778992 bit
[2025-03-20 12:38:56,663] [INFO] Phase: COMMIT | Receiver: 30018 | Sender: 30110 | Distance:  146.25 m | Delay: 0.6991s | Size: 16779000 bit
[2025-03-20 12:38:56,701] [INFO] Phase: PREPARE | Receiver: 30018 | Sender: 30008 | Distance:  151.31 m | Delay: 0.9322s | Size: 16779000 bit
[2025-03-20 12:38:56,728] [INFO] Phase: PREPARE | Receiver: 30018 | Sender: 30078 | Distance:   76.87 m | Delay: 0.4661s | Size: 16778992 bit
[2025-03-20 12:38:56,760] [INFO] Phase: PREPARE | Receiver: 30018 | Sender: 30064 | Distance:  102.37 m | Delay: 0.6991s | Size: 16779000 bit
[2025-03-20 12:38:56,796] [INFO] Phase: PREPARE | Receiver: 30018 | Sender: 30020 | Distance:   34.07 m | Delay: 0.3107s | Size: 16778992 bit
[2025-03-20 12:38:57,305] [INFO] Phase: PREPARE | Receiver: 30018 | Sender: 30039 | Distance:   64.18 m | Delay: 0.4661s | Size: 16778992 bit
[2025-03-20 12:38:57,342] [INFO] Phase: PREPARE | Receiver: 30018 | Sender: 30052 | Distance:   86.28 m | Delay: 0.4661s | Size: 16778992 bit
[2025-03-20 12:39:00,240] [INFO] Phase: PREPARE | Receiver: 30018 | Sender: 30045 | Distance:  130.31 m | Delay: 0.6991s | Size: 16778984 bit
[2025-03-20 12:39:00,289] [INFO] Phase: PREPARE | Receiver: 30018 | Sender: 30010 | Distance:  155.18 m | Delay: 0.9322s | Size: 16779000 bit
[2025-03-20 12:39:00,390] [INFO] Phase: COMMIT | Receiver: 30018 | Sender: 30039 | Distance:   64.18 m | Delay: 0.4661s | Size: 16778984 bit
[2025-03-20 12:39:00,452] [INFO] Phase: PREPARE | Receiver: 30018 | Sender: 30111 | Distance:   33.82 m | Delay: 0.3107s | Size: 16778984 bit
[2025-03-20 12:39:00,517] [INFO] Phase: PREPARE | Receiver: 30018 | Sender: 30043 | Distance:  157.03 m | Delay: 0.9322s | Size: 16778984 bit
[2025-03-20 12:39:00,553] [INFO] Phase: PREPARE | Receiver: 30018 | Sender: 30099 | Distance:   88.80 m | Delay: 0.4661s | Size: 16778992 bit
[2025-03-20 12:39:00,574] [INFO] Phase: COMMIT | Receiver: 30018 | Sender: 30042 | Distance:  117.24 m | Delay: 0.6991s | Size: 16779000 bit
[2025-03-20 12:39:00,598] [INFO] Phase: PREPARE | Receiver: 30018 | Sender: 30062 | Distance:  162.73 m | Delay: 0.9322s | Size: 16779000 bit
[2025-03-20 12:39:00,630] [INFO] Phase: COMMIT | Receiver: 30018 | Sender: 30037 | Distance:  170.57 m | Delay: 0.9322s | Size: 16778992 bit
[2025-03-20 12:39:00,663] [INFO] Phase: PREPARE | Receiver: 30018 | Sender: 30094 | Distance:   42.30 m | Delay: 0.3107s | Size: 16778992 bit
[2025-03-20 12:39:00,703] [INFO] Phase: COMMIT | Receiver: 30018 | Sender: 30032 | Distance:  119.36 m | Delay: 0.6991s | Size: 16778992 bit
[2025-03-20 12:39:00,726] [INFO] Phase: COMMIT | Receiver: 30018 | Sender: 30006 | Distance:   99.73 m | Delay: 0.4661s | Size: 16778992 bit
[2025-03-20 12:39:00,750] [INFO] Phase: PREPARE | Receiver: 30018 | Sender: 30118 | Distance:  147.03 m | Delay: 0.6991s | Size: 16779000 bit
[2025-03-20 12:39:00,778] [INFO] Phase: COMMIT | Receiver: 30018 | Sender: 30047 | Distance:  104.81 m | Delay: 0.6991s | Size: 16779000 bit
[2025-03-20 12:39:00,805] [INFO] Phase: COMMIT | Receiver: 30018 | Sender: 30054 | Distance:   45.15 m | Delay: 0.3107s | Size: 16778992 bit
[2025-03-20 12:39:01,221] [INFO] Phase: COMMIT | Receiver: 30018 | Sender: 30078 | Distance:   76.87 m | Delay: 0.4661s | Size: 16778992 bit
[2025-03-20 12:39:01,748] [INFO] Phase: COMMIT | Receiver: 30018 | Sender: 30052 | Distance:   86.28 m | Delay: 0.4661s | Size: 16778984 bit
[2025-03-20 12:39:01,940] [INFO] Phase: COMMIT | Receiver: 30018 | Sender: 30111 | Distance:   33.82 m | Delay: 0.3107s | Size: 16778992 bit
[2025-03-20 12:39:02,371] [INFO] Phase: COMMIT | Receiver: 30018 | Sender: 30045 | Distance:  130.31 m | Delay: 0.6991s | Size: 16778992 bit
[2025-03-20 12:39:02,961] [INFO] Phase: COMMIT | Receiver: 30018 | Sender: 30060 | Distance:   93.38 m | Delay: 0.4661s | Size: 16778992 bit
[2025-03-20 12:39:03,016] [INFO] Phase: COMMIT | Receiver: 30018 | Sender: 30020 | Distance:   34.07 m | Delay: 0.3107s | Size: 16778992 bit
[2025-03-20 12:39:03,404] [INFO] Phase: COMMIT | Receiver: 30018 | Sender: 30099 | Distance:   88.80 m | Delay: 0.4661s | Size: 16778992 bit
[2025-03-20 12:39:03,519] [INFO] Phase: COMMIT | Receiver: 30018 | Sender: 30062 | Distance:  162.73 m | Delay: 0.9322s | Size: 16779000 bit
[2025-03-20 12:39:04,247] [INFO] Phase: COMMIT | Receiver: 30018 | Sender: 30043 | Distance:  157.03 m | Delay: 0.9322s | Size: 16779000 bit
[2025-03-20 12:39:04,700] [INFO] Phase: COMMIT | Receiver: 30018 | Sender: 30010 | Distance:  155.18 m | Delay: 0.9322s | Size: 16778984 bit
[2025-03-20 12:39:05,049] [INFO] Phase: COMMIT | Receiver: 30018 | Sender: 30118 | Distance:  147.03 m | Delay: 0.6991s | Size: 16779000 bit
[2025-03-20 12:39:06,959] [INFO] Phase: COMMIT | Receiver: 30018 | Sender: 30094 | Distance:   42.30 m | Delay: 0.3107s | Size: 16778992 bit
