[2025-03-07 14:05:13,862] [INFO] Node started: localhost:30136 | index=137 | f=1, k=4
[2025-03-07 14:05:29,761] [INFO] [CLUSTER MANAGER 30136] PRE-REQUEST received: {'request_id': 1741323929740, 'timestamp': 1741323929.7403579, 'data': 'llapbft_message_1741323929740', 'cluster_id': 3, 'cluster_ports': [30002, 30005, 30008, 30010, 30017, 30021, 30024, 30031, 30034, 30035, 30040, 30048, 30054, 30055, 30056, 30058, 30076, 30081, 30084, 30090, 30091, 30101, 30103, 30107, 30120, 30123, 30124, 30135, 30136, 30137, 30144, 30149, 30152, 30156, 30158, 30163, 30164, 30166, 30173, 30174, 30175, 30178, 30183, 30186, 30188, 30191, 30193, 30195], 'leader': 30149, 'client_port': 20001, 'origin': 'client', 'simulated_delay': 0.000356, 'distance': 211.36842835977933, 'message_size_bits': 4272}
[2025-03-07 14:05:29,761] [INFO] [CLUSTER MANAGER 30136] Sending REQUEST to Leader 30149
[2025-03-07 14:05:32,733] [INFO] [CLUSTER MANAGER 30136] Received PRE-REPLY from 30135 for req_id 1741323929740
[2025-03-07 14:05:32,733] [INFO] [CLUSTER MANAGER 30136] PRE-REPLY senders for req_id 1741323929740: [30135]
[2025-03-07 14:05:33,370] [INFO] [CLUSTER MANAGER 30136] Received PRE-REPLY from 30191 for req_id 1741323929740
[2025-03-07 14:05:33,370] [INFO] [CLUSTER MANAGER 30136] PRE-REPLY senders for req_id 1741323929740: [30135, 30191]
[2025-03-07 14:05:33,370] [INFO] [CLUSTER MANAGER 30136] Condition met for req_id 1741323929740 (f+1 messages).
[2025-03-07 14:05:33,370] [INFO] [CLUSTER MANAGER 30136] Client found: {'host': 'localhost', 'port': 20001, 'latitude': 36.6266, 'longitude': 127.4585, 'altitude': 0}
[2025-03-07 14:05:33,370] [INFO] [CLUSTER MANAGER 30136] Sending final REPLY for req_id 1741323929740 to Client 20001.
[2025-03-07 14:05:33,632] [INFO] [CLUSTER MANAGER 30136] Final REPLY for req_id 1741323929740 sent successfully.
[2025-03-07 14:05:34,248] [INFO] [CLUSTER MANAGER 30136] Received PRE-REPLY from 30149 for req_id 1741323929740
[2025-03-07 14:05:34,248] [INFO] [CLUSTER MANAGER 30136] PRE-REPLY senders for req_id 1741323929740: [30135, 30191, 30149]
[2025-03-07 14:05:34,292] [INFO] [CLUSTER MANAGER 30136] Received PRE-REPLY from 30107 for req_id 1741323929740
[2025-03-07 14:05:34,292] [INFO] [CLUSTER MANAGER 30136] PRE-REPLY senders for req_id 1741323929740: [30135, 30191, 30149, 30107]
[2025-03-07 14:05:34,441] [INFO] [CLUSTER MANAGER 30136] Received PRE-REPLY from 30017 for req_id 1741323929740
[2025-03-07 14:05:34,441] [INFO] [CLUSTER MANAGER 30136] PRE-REPLY senders for req_id 1741323929740: [30135, 30191, 30149, 30107, 30017]
[2025-03-07 14:05:34,527] [INFO] [CLUSTER MANAGER 30136] Received PRE-REPLY from 30178 for req_id 1741323929740
[2025-03-07 14:05:34,527] [INFO] [CLUSTER MANAGER 30136] PRE-REPLY senders for req_id 1741323929740: [30135, 30191, 30149, 30107, 30017, 30178]
[2025-03-07 14:05:34,547] [INFO] [CLUSTER MANAGER 30136] Received PRE-REPLY from 30195 for req_id 1741323929740
[2025-03-07 14:05:34,547] [INFO] [CLUSTER MANAGER 30136] PRE-REPLY senders for req_id 1741323929740: [30135, 30191, 30149, 30107, 30017, 30178, 30195]
[2025-03-07 14:05:34,691] [INFO] [CLUSTER MANAGER 30136] Received PRE-REPLY from 30002 for req_id 1741323929740
[2025-03-07 14:05:34,691] [INFO] [CLUSTER MANAGER 30136] PRE-REPLY senders for req_id 1741323929740: [30135, 30191, 30149, 30107, 30017, 30178, 30195, 30002]
[2025-03-07 14:05:34,856] [INFO] [CLUSTER MANAGER 30136] Received PRE-REPLY from 30164 for req_id 1741323929740
[2025-03-07 14:05:34,856] [INFO] [CLUSTER MANAGER 30136] PRE-REPLY senders for req_id 1741323929740: [30135, 30191, 30149, 30107, 30017, 30178, 30195, 30002, 30164]
[2025-03-07 14:05:34,878] [INFO] [CLUSTER MANAGER 30136] Received PRE-REPLY from 30010 for req_id 1741323929740
[2025-03-07 14:05:34,878] [INFO] [CLUSTER MANAGER 30136] PRE-REPLY senders for req_id 1741323929740: [30135, 30191, 30149, 30107, 30017, 30178, 30195, 30002, 30164, 30010]
[2025-03-07 14:05:34,957] [INFO] [CLUSTER MANAGER 30136] Received PRE-REPLY from 30055 for req_id 1741323929740
[2025-03-07 14:05:34,957] [INFO] [CLUSTER MANAGER 30136] PRE-REPLY senders for req_id 1741323929740: [30135, 30191, 30149, 30107, 30017, 30178, 30195, 30002, 30164, 30010, 30055]
[2025-03-07 14:05:34,992] [INFO] [CLUSTER MANAGER 30136] Received PRE-REPLY from 30058 for req_id 1741323929740
[2025-03-07 14:05:34,992] [INFO] [CLUSTER MANAGER 30136] PRE-REPLY senders for req_id 1741323929740: [30135, 30191, 30149, 30107, 30017, 30178, 30195, 30002, 30164, 30010, 30055, 30058]
[2025-03-07 14:05:35,147] [INFO] [CLUSTER MANAGER 30136] Received PRE-REPLY from 30120 for req_id 1741323929740
[2025-03-07 14:05:35,147] [INFO] [CLUSTER MANAGER 30136] PRE-REPLY senders for req_id 1741323929740: [30135, 30191, 30149, 30107, 30017, 30178, 30195, 30002, 30164, 30010, 30055, 30058, 30120]
[2025-03-07 14:05:35,199] [INFO] [CLUSTER MANAGER 30136] Received PRE-REPLY from 30034 for req_id 1741323929740
[2025-03-07 14:05:35,199] [INFO] [CLUSTER MANAGER 30136] PRE-REPLY senders for req_id 1741323929740: [30135, 30191, 30149, 30107, 30017, 30178, 30195, 30002, 30164, 30010, 30055, 30058, 30120, 30034]
[2025-03-07 14:05:35,248] [INFO] [CLUSTER MANAGER 30136] Received PRE-REPLY from 30021 for req_id 1741323929740
[2025-03-07 14:05:35,305] [INFO] [CLUSTER MANAGER 30136] PRE-REPLY senders for req_id 1741323929740: [30135, 30191, 30149, 30107, 30017, 30178, 30195, 30002, 30164, 30010, 30055, 30058, 30120, 30034, 30021]
[2025-03-07 14:05:35,708] [INFO] [CLUSTER MANAGER 30136] Received PRE-REPLY from 30008 for req_id 1741323929740
[2025-03-07 14:05:35,708] [INFO] [CLUSTER MANAGER 30136] PRE-REPLY senders for req_id 1741323929740: [30135, 30191, 30149, 30107, 30017, 30178, 30195, 30002, 30164, 30010, 30055, 30058, 30120, 30034, 30021, 30008]
[2025-03-07 14:05:35,802] [INFO] [CLUSTER MANAGER 30136] Received PRE-REPLY from 30183 for req_id 1741323929740
[2025-03-07 14:05:35,802] [INFO] [CLUSTER MANAGER 30136] PRE-REPLY senders for req_id 1741323929740: [30135, 30191, 30149, 30107, 30017, 30178, 30195, 30002, 30164, 30010, 30055, 30058, 30120, 30034, 30021, 30008, 30183]
[2025-03-07 14:05:35,834] [INFO] [CLUSTER MANAGER 30136] Received PRE-REPLY from 30056 for req_id 1741323929740
[2025-03-07 14:05:35,834] [INFO] [CLUSTER MANAGER 30136] PRE-REPLY senders for req_id 1741323929740: [30135, 30191, 30149, 30107, 30017, 30178, 30195, 30002, 30164, 30010, 30055, 30058, 30120, 30034, 30021, 30008, 30183, 30056]
[2025-03-07 14:05:35,922] [INFO] [CLUSTER MANAGER 30136] Received PRE-REPLY from 30035 for req_id 1741323929740
[2025-03-07 14:05:35,922] [INFO] [CLUSTER MANAGER 30136] PRE-REPLY senders for req_id 1741323929740: [30135, 30191, 30149, 30107, 30017, 30178, 30195, 30002, 30164, 30010, 30055, 30058, 30120, 30034, 30021, 30008, 30183, 30056, 30035]
[2025-03-07 14:05:36,038] [INFO] [CLUSTER MANAGER 30136] Received PRE-REPLY from 30186 for req_id 1741323929740
[2025-03-07 14:05:36,038] [INFO] [CLUSTER MANAGER 30136] PRE-REPLY senders for req_id 1741323929740: [30135, 30191, 30149, 30107, 30017, 30178, 30195, 30002, 30164, 30010, 30055, 30058, 30120, 30034, 30021, 30008, 30183, 30056, 30035, 30186]
[2025-03-07 14:05:36,188] [INFO] [CLUSTER MANAGER 30136] Received PRE-REPLY from 30101 for req_id 1741323929740
[2025-03-07 14:05:36,188] [INFO] [CLUSTER MANAGER 30136] PRE-REPLY senders for req_id 1741323929740: [30135, 30191, 30149, 30107, 30017, 30178, 30195, 30002, 30164, 30010, 30055, 30058, 30120, 30034, 30021, 30008, 30183, 30056, 30035, 30186, 30101]
[2025-03-07 14:05:36,188] [INFO] [CLUSTER MANAGER 30136] Received PRE-REPLY from 30174 for req_id 1741323929740
[2025-03-07 14:05:36,188] [INFO] [CLUSTER MANAGER 30136] PRE-REPLY senders for req_id 1741323929740: [30135, 30191, 30149, 30107, 30017, 30178, 30195, 30002, 30164, 30010, 30055, 30058, 30120, 30034, 30021, 30008, 30183, 30056, 30035, 30186, 30101, 30174]
[2025-03-07 14:05:36,188] [INFO] [CLUSTER MANAGER 30136] Received PRE-REPLY from 30144 for req_id 1741323929740
[2025-03-07 14:05:36,188] [INFO] [CLUSTER MANAGER 30136] PRE-REPLY senders for req_id 1741323929740: [30135, 30191, 30149, 30107, 30017, 30178, 30195, 30002, 30164, 30010, 30055, 30058, 30120, 30034, 30021, 30008, 30183, 30056, 30035, 30186, 30101, 30174, 30144]
[2025-03-07 14:05:36,206] [INFO] [CLUSTER MANAGER 30136] Received PRE-REPLY from 30193 for req_id 1741323929740
[2025-03-07 14:05:36,212] [INFO] [CLUSTER MANAGER 30136] PRE-REPLY senders for req_id 1741323929740: [30135, 30191, 30149, 30107, 30017, 30178, 30195, 30002, 30164, 30010, 30055, 30058, 30120, 30034, 30021, 30008, 30183, 30056, 30035, 30186, 30101, 30174, 30144, 30193]
[2025-03-07 14:05:36,239] [INFO] [CLUSTER MANAGER 30136] Received PRE-REPLY from 30103 for req_id 1741323929740
[2025-03-07 14:05:36,239] [INFO] [CLUSTER MANAGER 30136] PRE-REPLY senders for req_id 1741323929740: [30135, 30191, 30149, 30107, 30017, 30178, 30195, 30002, 30164, 30010, 30055, 30058, 30120, 30034, 30021, 30008, 30183, 30056, 30035, 30186, 30101, 30174, 30144, 30193, 30103]
[2025-03-07 14:05:36,260] [INFO] [CLUSTER MANAGER 30136] Received PRE-REPLY from 30166 for req_id 1741323929740
[2025-03-07 14:05:36,260] [INFO] [CLUSTER MANAGER 30136] PRE-REPLY senders for req_id 1741323929740: [30135, 30191, 30149, 30107, 30017, 30178, 30195, 30002, 30164, 30010, 30055, 30058, 30120, 30034, 30021, 30008, 30183, 30056, 30035, 30186, 30101, 30174, 30144, 30193, 30103, 30166]
[2025-03-07 14:05:36,275] [INFO] [CLUSTER MANAGER 30136] Received PRE-REPLY from 30024 for req_id 1741323929740
[2025-03-07 14:05:36,275] [INFO] [CLUSTER MANAGER 30136] PRE-REPLY senders for req_id 1741323929740: [30135, 30191, 30149, 30107, 30017, 30178, 30195, 30002, 30164, 30010, 30055, 30058, 30120, 30034, 30021, 30008, 30183, 30056, 30035, 30186, 30101, 30174, 30144, 30193, 30103, 30166, 30024]
[2025-03-07 14:05:36,333] [INFO] [CLUSTER MANAGER 30136] Received PRE-REPLY from 30040 for req_id 1741323929740
[2025-03-07 14:05:36,333] [INFO] [CLUSTER MANAGER 30136] PRE-REPLY senders for req_id 1741323929740: [30135, 30191, 30149, 30107, 30017, 30178, 30195, 30002, 30164, 30010, 30055, 30058, 30120, 30034, 30021, 30008, 30183, 30056, 30035, 30186, 30101, 30174, 30144, 30193, 30103, 30166, 30024, 30040]
[2025-03-07 14:05:36,362] [INFO] [CLUSTER MANAGER 30136] Received PRE-REPLY from 30005 for req_id 1741323929740
[2025-03-07 14:05:36,362] [INFO] [CLUSTER MANAGER 30136] PRE-REPLY senders for req_id 1741323929740: [30135, 30191, 30149, 30107, 30017, 30178, 30195, 30002, 30164, 30010, 30055, 30058, 30120, 30034, 30021, 30008, 30183, 30056, 30035, 30186, 30101, 30174, 30144, 30193, 30103, 30166, 30024, 30040, 30005]
[2025-03-07 14:05:36,433] [INFO] [CLUSTER MANAGER 30136] Received PRE-REPLY from 30158 for req_id 1741323929740
[2025-03-07 14:05:36,433] [INFO] [CLUSTER MANAGER 30136] PRE-REPLY senders for req_id 1741323929740: [30135, 30191, 30149, 30107, 30017, 30178, 30195, 30002, 30164, 30010, 30055, 30058, 30120, 30034, 30021, 30008, 30183, 30056, 30035, 30186, 30101, 30174, 30144, 30193, 30103, 30166, 30024, 30040, 30005, 30158]
[2025-03-07 14:05:36,433] [INFO] [CLUSTER MANAGER 30136] Received PRE-REPLY from 30188 for req_id 1741323929740
[2025-03-07 14:05:36,433] [INFO] [CLUSTER MANAGER 30136] PRE-REPLY senders for req_id 1741323929740: [30135, 30191, 30149, 30107, 30017, 30178, 30195, 30002, 30164, 30010, 30055, 30058, 30120, 30034, 30021, 30008, 30183, 30056, 30035, 30186, 30101, 30174, 30144, 30193, 30103, 30166, 30024, 30040, 30005, 30158, 30188]
[2025-03-07 14:05:36,433] [INFO] [CLUSTER MANAGER 30136] Received PRE-REPLY from 30124 for req_id 1741323929740
[2025-03-07 14:05:36,433] [INFO] [CLUSTER MANAGER 30136] PRE-REPLY senders for req_id 1741323929740: [30135, 30191, 30149, 30107, 30017, 30178, 30195, 30002, 30164, 30010, 30055, 30058, 30120, 30034, 30021, 30008, 30183, 30056, 30035, 30186, 30101, 30174, 30144, 30193, 30103, 30166, 30024, 30040, 30005, 30158, 30188, 30124]
[2025-03-07 14:05:36,433] [INFO] [CLUSTER MANAGER 30136] Received PRE-REPLY from 30163 for req_id 1741323929740
[2025-03-07 14:05:36,433] [INFO] [CLUSTER MANAGER 30136] PRE-REPLY senders for req_id 1741323929740: [30135, 30191, 30149, 30107, 30017, 30178, 30195, 30002, 30164, 30010, 30055, 30058, 30120, 30034, 30021, 30008, 30183, 30056, 30035, 30186, 30101, 30174, 30144, 30193, 30103, 30166, 30024, 30040, 30005, 30158, 30188, 30124, 30163]
[2025-03-07 14:05:36,433] [INFO] [CLUSTER MANAGER 30136] Received PRE-REPLY from 30081 for req_id 1741323929740
[2025-03-07 14:05:36,433] [INFO] [CLUSTER MANAGER 30136] PRE-REPLY senders for req_id 1741323929740: [30135, 30191, 30149, 30107, 30017, 30178, 30195, 30002, 30164, 30010, 30055, 30058, 30120, 30034, 30021, 30008, 30183, 30056, 30035, 30186, 30101, 30174, 30144, 30193, 30103, 30166, 30024, 30040, 30005, 30158, 30188, 30124, 30163, 30081]
[2025-03-07 14:05:36,448] [INFO] [CLUSTER MANAGER 30136] Received PRE-REPLY from 30137 for req_id 1741323929740
[2025-03-07 14:05:36,448] [INFO] [CLUSTER MANAGER 30136] PRE-REPLY senders for req_id 1741323929740: [30135, 30191, 30149, 30107, 30017, 30178, 30195, 30002, 30164, 30010, 30055, 30058, 30120, 30034, 30021, 30008, 30183, 30056, 30035, 30186, 30101, 30174, 30144, 30193, 30103, 30166, 30024, 30040, 30005, 30158, 30188, 30124, 30163, 30081, 30137]
[2025-03-07 14:05:36,511] [INFO] [CLUSTER MANAGER 30136] Received PRE-REPLY from 30084 for req_id 1741323929740
[2025-03-07 14:05:36,511] [INFO] [CLUSTER MANAGER 30136] PRE-REPLY senders for req_id 1741323929740: [30135, 30191, 30149, 30107, 30017, 30178, 30195, 30002, 30164, 30010, 30055, 30058, 30120, 30034, 30021, 30008, 30183, 30056, 30035, 30186, 30101, 30174, 30144, 30193, 30103, 30166, 30024, 30040, 30005, 30158, 30188, 30124, 30163, 30081, 30137, 30084]
[2025-03-07 14:05:36,517] [INFO] [CLUSTER MANAGER 30136] Received PRE-REPLY from 30054 for req_id 1741323929740
[2025-03-07 14:05:36,517] [INFO] [CLUSTER MANAGER 30136] PRE-REPLY senders for req_id 1741323929740: [30135, 30191, 30149, 30107, 30017, 30178, 30195, 30002, 30164, 30010, 30055, 30058, 30120, 30034, 30021, 30008, 30183, 30056, 30035, 30186, 30101, 30174, 30144, 30193, 30103, 30166, 30024, 30040, 30005, 30158, 30188, 30124, 30163, 30081, 30137, 30084, 30054]
[2025-03-07 14:05:36,517] [INFO] [CLUSTER MANAGER 30136] Received PRE-REPLY from 30090 for req_id 1741323929740
[2025-03-07 14:05:36,517] [INFO] [CLUSTER MANAGER 30136] PRE-REPLY senders for req_id 1741323929740: [30135, 30191, 30149, 30107, 30017, 30178, 30195, 30002, 30164, 30010, 30055, 30058, 30120, 30034, 30021, 30008, 30183, 30056, 30035, 30186, 30101, 30174, 30144, 30193, 30103, 30166, 30024, 30040, 30005, 30158, 30188, 30124, 30163, 30081, 30137, 30084, 30054, 30090]
[2025-03-07 14:05:36,517] [INFO] [CLUSTER MANAGER 30136] Received PRE-REPLY from 30076 for req_id 1741323929740
[2025-03-07 14:05:36,517] [INFO] [CLUSTER MANAGER 30136] PRE-REPLY senders for req_id 1741323929740: [30135, 30191, 30149, 30107, 30017, 30178, 30195, 30002, 30164, 30010, 30055, 30058, 30120, 30034, 30021, 30008, 30183, 30056, 30035, 30186, 30101, 30174, 30144, 30193, 30103, 30166, 30024, 30040, 30005, 30158, 30188, 30124, 30163, 30081, 30137, 30084, 30054, 30090, 30076]
[2025-03-07 14:05:36,517] [INFO] [CLUSTER MANAGER 30136] Received PRE-REPLY from 30152 for req_id 1741323929740
[2025-03-07 14:05:36,517] [INFO] [CLUSTER MANAGER 30136] PRE-REPLY senders for req_id 1741323929740: [30135, 30191, 30149, 30107, 30017, 30178, 30195, 30002, 30164, 30010, 30055, 30058, 30120, 30034, 30021, 30008, 30183, 30056, 30035, 30186, 30101, 30174, 30144, 30193, 30103, 30166, 30024, 30040, 30005, 30158, 30188, 30124, 30163, 30081, 30137, 30084, 30054, 30090, 30076, 30152]
[2025-03-07 14:05:36,519] [INFO] [CLUSTER MANAGER 30136] Received PRE-REPLY from 30091 for req_id 1741323929740
[2025-03-07 14:05:36,519] [INFO] [CLUSTER MANAGER 30136] PRE-REPLY senders for req_id 1741323929740: [30135, 30191, 30149, 30107, 30017, 30178, 30195, 30002, 30164, 30010, 30055, 30058, 30120, 30034, 30021, 30008, 30183, 30056, 30035, 30186, 30101, 30174, 30144, 30193, 30103, 30166, 30024, 30040, 30005, 30158, 30188, 30124, 30163, 30081, 30137, 30084, 30054, 30090, 30076, 30152, 30091]
[2025-03-07 14:05:36,519] [INFO] [CLUSTER MANAGER 30136] Received PRE-REPLY from 30123 for req_id 1741323929740
[2025-03-07 14:05:36,519] [INFO] [CLUSTER MANAGER 30136] PRE-REPLY senders for req_id 1741323929740: [30135, 30191, 30149, 30107, 30017, 30178, 30195, 30002, 30164, 30010, 30055, 30058, 30120, 30034, 30021, 30008, 30183, 30056, 30035, 30186, 30101, 30174, 30144, 30193, 30103, 30166, 30024, 30040, 30005, 30158, 30188, 30124, 30163, 30081, 30137, 30084, 30054, 30090, 30076, 30152, 30091, 30123]
[2025-03-07 14:05:36,575] [INFO] [CLUSTER MANAGER 30136] Received PRE-REPLY from 30048 for req_id 1741323929740
[2025-03-07 14:05:36,575] [INFO] [CLUSTER MANAGER 30136] PRE-REPLY senders for req_id 1741323929740: [30135, 30191, 30149, 30107, 30017, 30178, 30195, 30002, 30164, 30010, 30055, 30058, 30120, 30034, 30021, 30008, 30183, 30056, 30035, 30186, 30101, 30174, 30144, 30193, 30103, 30166, 30024, 30040, 30005, 30158, 30188, 30124, 30163, 30081, 30137, 30084, 30054, 30090, 30076, 30152, 30091, 30123, 30048]
[2025-03-07 14:05:36,575] [INFO] [CLUSTER MANAGER 30136] Received PRE-REPLY from 30175 for req_id 1741323929740
[2025-03-07 14:05:36,575] [INFO] [CLUSTER MANAGER 30136] PRE-REPLY senders for req_id 1741323929740: [30135, 30191, 30149, 30107, 30017, 30178, 30195, 30002, 30164, 30010, 30055, 30058, 30120, 30034, 30021, 30008, 30183, 30056, 30035, 30186, 30101, 30174, 30144, 30193, 30103, 30166, 30024, 30040, 30005, 30158, 30188, 30124, 30163, 30081, 30137, 30084, 30054, 30090, 30076, 30152, 30091, 30123, 30048, 30175]
[2025-03-07 14:05:36,591] [INFO] [CLUSTER MANAGER 30136] Received PRE-REPLY from 30173 for req_id 1741323929740
[2025-03-07 14:05:36,591] [INFO] [CLUSTER MANAGER 30136] PRE-REPLY senders for req_id 1741323929740: [30135, 30191, 30149, 30107, 30017, 30178, 30195, 30002, 30164, 30010, 30055, 30058, 30120, 30034, 30021, 30008, 30183, 30056, 30035, 30186, 30101, 30174, 30144, 30193, 30103, 30166, 30024, 30040, 30005, 30158, 30188, 30124, 30163, 30081, 30137, 30084, 30054, 30090, 30076, 30152, 30091, 30123, 30048, 30175, 30173]
[2025-03-07 14:05:36,687] [INFO] [CLUSTER MANAGER 30136] Received PRE-REPLY from 30156 for req_id 1741323929740
[2025-03-07 14:05:36,687] [INFO] [CLUSTER MANAGER 30136] PRE-REPLY senders for req_id 1741323929740: [30135, 30191, 30149, 30107, 30017, 30178, 30195, 30002, 30164, 30010, 30055, 30058, 30120, 30034, 30021, 30008, 30183, 30056, 30035, 30186, 30101, 30174, 30144, 30193, 30103, 30166, 30024, 30040, 30005, 30158, 30188, 30124, 30163, 30081, 30137, 30084, 30054, 30090, 30076, 30152, 30091, 30123, 30048, 30175, 30173, 30156]
[2025-03-07 14:06:56,099] [INFO] Node started: localhost:30136 | index=137 | f=1, k=4
[2025-03-07 14:07:02,384] [INFO] [30136] PRE-PREPARE received: {'request_id': 1741324022032, 'data': 'llapbft_message_1741324022032', 'timestamp': 1741324022.0642025, 'leader': 30063, 'cluster_id': 2, 'cluster_ports': [30006, 30007, 30008, 30012, 30014, 30019, 30020, 30021, 30022, 30031, 30034, 30039, 30040, 30042, 30044, 30050, 30053, 30058, 30059, 30063, 30072, 30074, 30078, 30082, 30084, 30092, 30094, 30098, 30106, 30107, 30116, 30119, 30127, 30135, 30136, 30139, 30143, 30150, 30151, 30159], 'cluster_manager': {'host': 'localhost', 'port': 30159, 'latitude': 36.6271038, 'longitude': 127.4587684, 'altitude': 226, 'offset_m': 'lat: 55 m, lng: 23 m, alt: 226 m'}, 'simulated_delay': 0.0001351111111111111, 'distance': 68.80114777269829, 'message_size_bits': 4864}
[2025-03-07 14:07:02,384] [INFO] [30136] Broadcasting PREPARE: REQUEST 1741324022032
[2025-03-07 14:07:02,516] [INFO] [30136] PREPARE received from 30050 for REQUEST 1741324022032
[2025-03-07 14:07:02,516] [INFO] [30136] Broadcasting COMMIT: REQUEST 1741324022032
[2025-03-07 14:07:02,739] [INFO] [30136] PREPARE received from 30135 for REQUEST 1741324022032
[2025-03-07 14:07:02,754] [INFO] [30136] COMMIT received from 30135 for REQUEST 1741324022032
[2025-03-07 14:07:02,846] [INFO] [30136] COMMIT received from 30050 for REQUEST 1741324022032
[2025-03-07 14:07:02,846] [INFO] [30136] COMMIT complete. Sending PRE-REPLY: REQUEST 1741324022032 directly to Manager 30159
[2025-03-07 14:07:02,850] [INFO] [30136] PREPARE received from 30042 for REQUEST 1741324022032
[2025-03-07 14:07:02,908] [INFO] [30136] COMMIT received from 30042 for REQUEST 1741324022032
[2025-03-07 14:07:02,966] [INFO] [30136] PREPARE received from 30014 for REQUEST 1741324022032
[2025-03-07 14:07:02,966] [INFO] [30136] COMMIT received from 30014 for REQUEST 1741324022032
[2025-03-07 14:07:03,204] [INFO] [30136] PREPARE received from 30072 for REQUEST 1741324022032
[2025-03-07 14:07:03,204] [INFO] [30136] COMMIT received from 30072 for REQUEST 1741324022032
[2025-03-07 14:07:03,266] [INFO] [30136] COMMIT received from 30063 for REQUEST 1741324022032
[2025-03-07 14:07:03,282] [INFO] [30136] PREPARE received from 30019 for REQUEST 1741324022032
[2025-03-07 14:07:03,298] [INFO] [30136] COMMIT received from 30019 for REQUEST 1741324022032
[2025-03-07 14:07:03,409] [INFO] [30136] PREPARE received from 30078 for REQUEST 1741324022032
[2025-03-07 14:07:03,409] [INFO] [30136] COMMIT received from 30078 for REQUEST 1741324022032
[2025-03-07 14:07:03,533] [INFO] [30136] PREPARE received from 30040 for REQUEST 1741324022032
[2025-03-07 14:07:03,536] [INFO] [30136] COMMIT received from 30040 for REQUEST 1741324022032
[2025-03-07 14:07:03,651] [INFO] [30136] PREPARE received from 30039 for REQUEST 1741324022032
[2025-03-07 14:07:03,651] [INFO] [30136] COMMIT received from 30039 for REQUEST 1741324022032
[2025-03-07 14:07:03,869] [INFO] [30136] PREPARE received from 30006 for REQUEST 1741324022032
[2025-03-07 14:07:03,869] [INFO] [30136] COMMIT received from 30031 for REQUEST 1741324022032
[2025-03-07 14:07:03,869] [INFO] [30136] PREPARE received from 30031 for REQUEST 1741324022032
[2025-03-07 14:07:03,869] [INFO] [30136] PREPARE received from 30119 for REQUEST 1741324022032
[2025-03-07 14:07:03,869] [INFO] [30136] PREPARE received from 30143 for REQUEST 1741324022032
[2025-03-07 14:07:03,869] [INFO] [30136] PREPARE received from 30107 for REQUEST 1741324022032
[2025-03-07 14:07:03,885] [INFO] [30136] COMMIT received from 30119 for REQUEST 1741324022032
[2025-03-07 14:07:03,885] [INFO] [30136] COMMIT received from 30143 for REQUEST 1741324022032
[2025-03-07 14:07:03,885] [INFO] [30136] COMMIT received from 30020 for REQUEST 1741324022032
[2025-03-07 14:07:03,885] [INFO] [30136] COMMIT received from 30006 for REQUEST 1741324022032
[2025-03-07 14:07:03,885] [INFO] [30136] COMMIT received from 30106 for REQUEST 1741324022032
[2025-03-07 14:07:03,885] [INFO] [30136] COMMIT received from 30127 for REQUEST 1741324022032
[2025-03-07 14:07:03,885] [INFO] [30136] COMMIT received from 30107 for REQUEST 1741324022032
[2025-03-07 14:07:03,885] [INFO] [30136] PREPARE received from 30020 for REQUEST 1741324022032
[2025-03-07 14:07:03,885] [INFO] [30136] PREPARE received from 30127 for REQUEST 1741324022032
[2025-03-07 14:07:03,885] [INFO] [30136] PREPARE received from 30106 for REQUEST 1741324022032
[2025-03-07 14:07:03,900] [INFO] [30136] PREPARE received from 30116 for REQUEST 1741324022032
[2025-03-07 14:07:03,900] [INFO] [30136] COMMIT received from 30116 for REQUEST 1741324022032
[2025-03-07 14:07:03,906] [INFO] [30136] PREPARE received from 30151 for REQUEST 1741324022032
[2025-03-07 14:07:03,906] [INFO] [30136] COMMIT received from 30151 for REQUEST 1741324022032
[2025-03-07 14:07:04,074] [INFO] [30136] PREPARE received from 30058 for REQUEST 1741324022032
[2025-03-07 14:07:04,074] [INFO] [30136] COMMIT received from 30058 for REQUEST 1741324022032
[2025-03-07 14:07:04,074] [INFO] [30136] PREPARE received from 30092 for REQUEST 1741324022032
[2025-03-07 14:07:04,074] [INFO] [30136] COMMIT received from 30092 for REQUEST 1741324022032
[2025-03-07 14:07:04,121] [INFO] [30136] PREPARE received from 30034 for REQUEST 1741324022032
[2025-03-07 14:07:04,121] [INFO] [30136] COMMIT received from 30034 for REQUEST 1741324022032
[2025-03-07 14:07:04,185] [INFO] [30136] PREPARE received from 30007 for REQUEST 1741324022032
[2025-03-07 14:07:04,185] [INFO] [30136] COMMIT received from 30007 for REQUEST 1741324022032
[2025-03-07 14:07:04,352] [INFO] [30136] PREPARE received from 30012 for REQUEST 1741324022032
[2025-03-07 14:07:04,375] [INFO] [30136] COMMIT received from 30012 for REQUEST 1741324022032
[2025-03-07 14:07:04,406] [INFO] [30136] PREPARE received from 30044 for REQUEST 1741324022032
[2025-03-07 14:07:04,406] [INFO] [30136] COMMIT received from 30044 for REQUEST 1741324022032
[2025-03-07 14:07:04,504] [INFO] [30136] PREPARE received from 30094 for REQUEST 1741324022032
[2025-03-07 14:07:04,504] [INFO] [30136] COMMIT received from 30094 for REQUEST 1741324022032
[2025-03-07 14:07:04,512] [INFO] [30136] PREPARE received from 30022 for REQUEST 1741324022032
[2025-03-07 14:07:04,518] [INFO] [30136] COMMIT received from 30022 for REQUEST 1741324022032
[2025-03-07 14:07:04,660] [INFO] [30136] PREPARE received from 30059 for REQUEST 1741324022032
[2025-03-07 14:07:04,660] [INFO] [30136] COMMIT received from 30059 for REQUEST 1741324022032
[2025-03-07 14:07:04,692] [INFO] [30136] COMMIT received from 30008 for REQUEST 1741324022032
[2025-03-07 14:07:04,692] [INFO] [30136] PREPARE received from 30008 for REQUEST 1741324022032
[2025-03-07 14:07:04,843] [INFO] [30136] COMMIT received from 30021 for REQUEST 1741324022032
[2025-03-07 14:07:04,843] [INFO] [30136] PREPARE received from 30021 for REQUEST 1741324022032
[2025-03-07 14:07:05,003] [INFO] [30136] PREPARE received from 30074 for REQUEST 1741324022032
[2025-03-07 14:07:05,003] [INFO] [30136] COMMIT received from 30074 for REQUEST 1741324022032
[2025-03-07 14:07:05,323] [INFO] [30136] PREPARE received from 30053 for REQUEST 1741324022032
[2025-03-07 14:07:05,323] [INFO] [30136] COMMIT received from 30053 for REQUEST 1741324022032
[2025-03-07 14:07:05,406] [INFO] [30136] PREPARE received from 30082 for REQUEST 1741324022032
[2025-03-07 14:07:05,406] [INFO] [30136] COMMIT received from 30082 for REQUEST 1741324022032
[2025-03-07 14:07:05,409] [INFO] [30136] PREPARE received from 30139 for REQUEST 1741324022032
[2025-03-07 14:07:05,409] [INFO] [30136] COMMIT received from 30139 for REQUEST 1741324022032
[2025-03-07 14:07:05,466] [INFO] [30136] PREPARE received from 30098 for REQUEST 1741324022032
[2025-03-07 14:07:05,482] [INFO] [30136] COMMIT received from 30098 for REQUEST 1741324022032
[2025-03-07 14:07:05,561] [INFO] [30136] PREPARE received from 30084 for REQUEST 1741324022032
[2025-03-07 14:07:05,561] [INFO] [30136] COMMIT received from 30084 for REQUEST 1741324022032
[2025-03-07 14:07:05,735] [INFO] [30136] PREPARE received from 30150 for REQUEST 1741324022032
[2025-03-07 14:07:05,735] [INFO] [30136] COMMIT received from 30150 for REQUEST 1741324022032
