[2025-03-11 16:53:03,756] [INFO] Node started: localhost:30002 | index=3 | f=1, k=4
[2025-03-11 16:53:11,761] [INFO] [30002] PRE-PREPARE received: {'request_id': 1741679591723, 'data': 'llapbft_message_1741679591723', 'timestamp': 1741679591.7554615, 'leader': 30016, 'cluster_id': 1, 'cluster_ports': [30002, 30003, 30004, 30007, 30008, 30009, 30011, 30013, 30016, 30018, 30019, 30021, 30023, 30025, 30032, 30038], 'cluster_manager': {'host': 'localhost', 'port': 30009, 'latitude': 36.6273127, 'longitude': 127.459307, 'altitude': 236, 'offset_m': 'lat: 79 m, lng: 71 m, alt: 236 m'}, 'simulated_delay': 0, 'distance': 150.64139880066386, 'message_size_bits': 3512}
[2025-03-11 16:53:11,761] [INFO] [30002] Broadcasting PREPARE: REQUEST 1741679591723
[2025-03-11 16:53:11,789] [INFO] [30002] PREPARE received from 30018 for REQUEST 1741679591723
[2025-03-11 16:53:11,789] [INFO] [30002] Broadcasting COMMIT: REQUEST 1741679591723
[2025-03-11 16:53:11,789] [INFO] [30002] PREPARE received from 30007 for REQUEST 1741679591723
[2025-03-11 16:53:11,789] [INFO] [30002] PREPARE received from 30023 for REQUEST 1741679591723
[2025-03-11 16:53:11,789] [INFO] [30002] PREPARE received from 30013 for REQUEST 1741679591723
[2025-03-11 16:53:11,789] [INFO] [30002] PREPARE received from 30021 for REQUEST 1741679591723
[2025-03-11 16:53:11,789] [INFO] [30002] PREPARE received from 30032 for REQUEST 1741679591723
[2025-03-11 16:53:11,802] [INFO] [30002] PREPARE received from 30019 for REQUEST 1741679591723
[2025-03-11 16:53:11,802] [INFO] [30002] COMMIT received from 30032 for REQUEST 1741679591723
[2025-03-11 16:53:11,802] [INFO] [30002] COMMIT received from 30007 for REQUEST 1741679591723
[2025-03-11 16:53:11,802] [INFO] [30002] COMMIT complete. Sending PRE-REPLY: REQUEST 1741679591723 directly to Manager 30009
[2025-03-11 16:53:11,818] [INFO] [30002] COMMIT received from 30021 for REQUEST 1741679591723
[2025-03-11 16:53:11,837] [INFO] [30002] COMMIT received from 30018 for REQUEST 1741679591723
[2025-03-11 16:53:11,837] [INFO] [30002] COMMIT received from 30023 for REQUEST 1741679591723
[2025-03-11 16:53:11,837] [INFO] [30002] COMMIT received from 30013 for REQUEST 1741679591723
[2025-03-11 16:53:11,837] [INFO] [30002] PREPARE received from 30004 for REQUEST 1741679591723
[2025-03-11 16:53:11,837] [INFO] [30002] COMMIT received from 30004 for REQUEST 1741679591723
[2025-03-11 16:53:11,837] [INFO] [30002] COMMIT received from 30016 for REQUEST 1741679591723
[2025-03-11 16:53:11,837] [INFO] [30002] COMMIT received from 30019 for REQUEST 1741679591723
[2025-03-11 16:53:11,849] [INFO] [30002] PREPARE received from 30003 for REQUEST 1741679591723
[2025-03-11 16:53:11,849] [INFO] [30002] PREPARE received from 30008 for REQUEST 1741679591723
[2025-03-11 16:53:11,849] [INFO] [30002] COMMIT received from 30008 for REQUEST 1741679591723
[2025-03-11 16:53:11,865] [INFO] [30002] COMMIT received from 30003 for REQUEST 1741679591723
[2025-03-11 16:53:11,865] [INFO] [30002] PREPARE received from 30011 for REQUEST 1741679591723
[2025-03-11 16:53:11,865] [INFO] [30002] COMMIT received from 30011 for REQUEST 1741679591723
[2025-03-11 16:53:11,865] [INFO] [30002] PREPARE received from 30025 for REQUEST 1741679591723
[2025-03-11 16:53:11,865] [INFO] [30002] COMMIT received from 30025 for REQUEST 1741679591723
[2025-03-11 17:06:42,784] [INFO] Node started: localhost:30002 | index=3 | f=1, k=4
[2025-03-11 17:06:51,015] [INFO] [30002] PRE-PREPARE received: {'request_id': 1741680410987, 'data': 'llapbft_message_1741680410987', 'timestamp': 1741680411.012009, 'leader': 30016, 'cluster_id': 1, 'cluster_ports': [30002, 30003, 30004, 30007, 30008, 30009, 30011, 30013, 30016, 30018, 30019, 30021, 30023, 30025, 30032, 30038], 'cluster_manager': {'host': 'localhost', 'port': 30009, 'latitude': 36.6273127, 'longitude': 127.459307, 'altitude': 236, 'offset_m': 'lat: 79 m, lng: 71 m, alt: 236 m'}, 'simulated_delay': 0, 'distance': 150.64139880066386, 'message_size_bits': 3504}
[2025-03-11 17:06:51,024] [INFO] [30002] Broadcasting PREPARE: REQUEST 1741680410987
[2025-03-11 17:06:51,036] [INFO] [30002] PREPARE received from 30023 for REQUEST 1741680410987
[2025-03-11 17:06:51,036] [INFO] [30002] Broadcasting COMMIT: REQUEST 1741680410987
[2025-03-11 17:06:51,036] [INFO] [30002] PREPARE received from 30018 for REQUEST 1741680410987
[2025-03-11 17:06:51,036] [INFO] [30002] PREPARE received from 30021 for REQUEST 1741680410987
[2025-03-11 17:06:51,069] [INFO] [30002] PREPARE received from 30003 for REQUEST 1741680410987
[2025-03-11 17:06:51,074] [INFO] [30002] COMMIT received from 30021 for REQUEST 1741680410987
[2025-03-11 17:06:51,074] [INFO] [30002] COMMIT received from 30023 for REQUEST 1741680410987
[2025-03-11 17:06:51,074] [INFO] [30002] COMMIT complete. Sending PRE-REPLY: REQUEST 1741680410987 directly to Manager 30009
[2025-03-11 17:06:51,090] [INFO] [30002] COMMIT received from 30016 for REQUEST 1741680410987
[2025-03-11 17:06:51,090] [INFO] [30002] COMMIT received from 30018 for REQUEST 1741680410987
[2025-03-11 17:06:51,090] [INFO] [30002] COMMIT received from 30003 for REQUEST 1741680410987
[2025-03-11 17:06:51,090] [INFO] [30002] PREPARE received from 30019 for REQUEST 1741680410987
[2025-03-11 17:06:51,090] [INFO] [30002] PREPARE received from 30008 for REQUEST 1741680410987
[2025-03-11 17:06:51,090] [INFO] [30002] COMMIT received from 30008 for REQUEST 1741680410987
[2025-03-11 17:06:51,090] [INFO] [30002] COMMIT received from 30019 for REQUEST 1741680410987
[2025-03-11 17:06:51,106] [INFO] [30002] PREPARE received from 30013 for REQUEST 1741680410987
[2025-03-11 17:06:51,108] [INFO] [30002] PREPARE received from 30011 for REQUEST 1741680410987
[2025-03-11 17:06:51,108] [INFO] [30002] COMMIT received from 30013 for REQUEST 1741680410987
[2025-03-11 17:06:51,108] [INFO] [30002] PREPARE received from 30007 for REQUEST 1741680410987
[2025-03-11 17:06:51,108] [INFO] [30002] PREPARE received from 30032 for REQUEST 1741680410987
[2025-03-11 17:06:51,108] [INFO] [30002] COMMIT received from 30007 for REQUEST 1741680410987
[2025-03-11 17:06:51,108] [INFO] [30002] PREPARE received from 30025 for REQUEST 1741680410987
[2025-03-11 17:06:51,108] [INFO] [30002] COMMIT received from 30011 for REQUEST 1741680410987
[2025-03-11 17:06:51,108] [INFO] [30002] COMMIT received from 30032 for REQUEST 1741680410987
[2025-03-11 17:06:51,108] [INFO] [30002] COMMIT received from 30025 for REQUEST 1741680410987
[2025-03-11 17:06:51,116] [INFO] [30002] PREPARE received from 30004 for REQUEST 1741680410987
[2025-03-11 17:06:51,116] [INFO] [30002] COMMIT received from 30004 for REQUEST 1741680410987
[2025-03-11 17:06:55,695] [INFO] [30002] PRE-PREPARE received: {'request_id': 1741680415666, 'data': 'llapbft_message_1741680415666', 'timestamp': 1741680415.6957743, 'leader': 30016, 'cluster_id': 1, 'cluster_ports': [30002, 30003, 30004, 30007, 30008, 30009, 30011, 30013, 30016, 30018, 30019, 30021, 30023, 30025, 30032, 30038], 'cluster_manager': {'host': 'localhost', 'port': 30009, 'latitude': 36.6273127, 'longitude': 127.459307, 'altitude': 236, 'offset_m': 'lat: 79 m, lng: 71 m, alt: 236 m'}, 'simulated_delay': 0, 'distance': 150.64139880066386, 'message_size_bits': 3512}
[2025-03-11 17:06:55,695] [INFO] [30002] Broadcasting PREPARE: REQUEST 1741680415666
[2025-03-11 17:06:55,703] [INFO] [30002] PREPARE received from 30018 for REQUEST 1741680415666
[2025-03-11 17:06:55,703] [INFO] [30002] Broadcasting COMMIT: REQUEST 1741680415666
[2025-03-11 17:06:55,711] [INFO] [30002] PREPARE received from 30003 for REQUEST 1741680415666
[2025-03-11 17:06:55,711] [INFO] [30002] PREPARE received from 30011 for REQUEST 1741680415666
[2025-03-11 17:06:55,711] [INFO] [30002] PREPARE received from 30007 for REQUEST 1741680415666
[2025-03-11 17:06:55,711] [INFO] [30002] PREPARE received from 30032 for REQUEST 1741680415666
[2025-03-11 17:06:55,711] [INFO] [30002] COMMIT received from 30016 for REQUEST 1741680415666
[2025-03-11 17:06:55,711] [INFO] [30002] PREPARE received from 30019 for REQUEST 1741680415666
[2025-03-11 17:06:55,711] [INFO] [30002] PREPARE received from 30025 for REQUEST 1741680415666
[2025-03-11 17:06:55,711] [INFO] [30002] PREPARE received from 30004 for REQUEST 1741680415666
[2025-03-11 17:06:55,711] [INFO] [30002] PREPARE received from 30008 for REQUEST 1741680415666
[2025-03-11 17:06:55,711] [INFO] [30002] COMMIT received from 30003 for REQUEST 1741680415666
[2025-03-11 17:06:55,711] [INFO] [30002] COMMIT complete. Sending PRE-REPLY: REQUEST 1741680415666 directly to Manager 30009
[2025-03-11 17:06:55,711] [INFO] [30002] PREPARE received from 30021 for REQUEST 1741680415666
[2025-03-11 17:06:55,711] [INFO] [30002] PREPARE received from 30023 for REQUEST 1741680415666
[2025-03-11 17:06:55,711] [INFO] [30002] PREPARE received from 30013 for REQUEST 1741680415666
[2025-03-11 17:06:55,711] [INFO] [30002] COMMIT received from 30007 for REQUEST 1741680415666
[2025-03-11 17:06:55,711] [INFO] [30002] COMMIT received from 30011 for REQUEST 1741680415666
[2025-03-11 17:06:55,711] [INFO] [30002] COMMIT received from 30032 for REQUEST 1741680415666
[2025-03-11 17:06:55,727] [INFO] [30002] COMMIT received from 30018 for REQUEST 1741680415666
[2025-03-11 17:06:55,727] [INFO] [30002] COMMIT received from 30025 for REQUEST 1741680415666
[2025-03-11 17:06:55,727] [INFO] [30002] COMMIT received from 30023 for REQUEST 1741680415666
[2025-03-11 17:06:55,729] [INFO] [30002] COMMIT received from 30021 for REQUEST 1741680415666
[2025-03-11 17:06:55,729] [INFO] [30002] COMMIT received from 30019 for REQUEST 1741680415666
[2025-03-11 17:06:55,733] [INFO] [30002] COMMIT received from 30013 for REQUEST 1741680415666
[2025-03-11 17:06:55,733] [INFO] [30002] COMMIT received from 30004 for REQUEST 1741680415666
[2025-03-11 17:06:55,733] [INFO] [30002] COMMIT received from 30008 for REQUEST 1741680415666
[2025-03-11 17:07:09,724] [INFO] Node started: localhost:30002 | index=3 | f=1, k=4
[2025-03-11 17:07:26,696] [INFO] [30002] PRE-PREPARE received: {'request_id': 1741680446655, 'data': 'llapbft_message_1741680446655', 'timestamp': 1741680446.6876225, 'leader': 30016, 'cluster_id': 1, 'cluster_ports': [30002, 30003, 30004, 30007, 30008, 30009, 30011, 30013, 30016, 30018, 30019, 30021, 30023, 30025, 30032, 30038], 'cluster_manager': {'host': 'localhost', 'port': 30009, 'latitude': 36.6273127, 'longitude': 127.459307, 'altitude': 236, 'offset_m': 'lat: 79 m, lng: 71 m, alt: 236 m'}, 'simulated_delay': 0, 'distance': 150.64139880066386, 'message_size_bits': 3512}
[2025-03-11 17:07:26,696] [INFO] [30002] Broadcasting PREPARE: REQUEST 1741680446655
[2025-03-11 17:07:26,719] [INFO] [30002] PREPARE received from 30021 for REQUEST 1741680446655
[2025-03-11 17:07:26,719] [INFO] [30002] Broadcasting COMMIT: REQUEST 1741680446655
[2025-03-11 17:07:26,719] [INFO] [30002] PREPARE received from 30023 for REQUEST 1741680446655
[2025-03-11 17:07:26,735] [INFO] [30002] PREPARE received from 30018 for REQUEST 1741680446655
[2025-03-11 17:07:26,735] [INFO] [30002] COMMIT received from 30023 for REQUEST 1741680446655
[2025-03-11 17:07:26,750] [INFO] [30002] COMMIT received from 30021 for REQUEST 1741680446655
[2025-03-11 17:07:26,750] [INFO] [30002] COMMIT complete. Sending PRE-REPLY: REQUEST 1741680446655 directly to Manager 30009
[2025-03-11 17:07:26,759] [INFO] [30002] COMMIT received from 30016 for REQUEST 1741680446655
[2025-03-11 17:07:26,766] [INFO] [30002] COMMIT received from 30018 for REQUEST 1741680446655
[2025-03-11 17:07:26,766] [INFO] [30002] PREPARE received from 30003 for REQUEST 1741680446655
[2025-03-11 17:07:26,766] [INFO] [30002] COMMIT received from 30003 for REQUEST 1741680446655
[2025-03-11 17:07:26,786] [INFO] [30002] PREPARE received from 30008 for REQUEST 1741680446655
[2025-03-11 17:07:26,786] [INFO] [30002] COMMIT received from 30008 for REQUEST 1741680446655
[2025-03-11 17:07:26,786] [INFO] [30002] PREPARE received from 30019 for REQUEST 1741680446655
[2025-03-11 17:07:26,786] [INFO] [30002] COMMIT received from 30019 for REQUEST 1741680446655
[2025-03-11 17:07:26,786] [INFO] [30002] PREPARE received from 30011 for REQUEST 1741680446655
[2025-03-11 17:07:26,798] [INFO] [30002] COMMIT received from 30011 for REQUEST 1741680446655
[2025-03-11 17:07:26,798] [INFO] [30002] PREPARE received from 30013 for REQUEST 1741680446655
[2025-03-11 17:07:26,798] [INFO] [30002] PREPARE received from 30032 for REQUEST 1741680446655
[2025-03-11 17:07:26,798] [INFO] [30002] COMMIT received from 30013 for REQUEST 1741680446655
[2025-03-11 17:07:26,798] [INFO] [30002] COMMIT received from 30032 for REQUEST 1741680446655
[2025-03-11 17:07:26,798] [INFO] [30002] PREPARE received from 30007 for REQUEST 1741680446655
[2025-03-11 17:07:26,798] [INFO] [30002] PREPARE received from 30025 for REQUEST 1741680446655
[2025-03-11 17:07:26,798] [INFO] [30002] COMMIT received from 30007 for REQUEST 1741680446655
[2025-03-11 17:07:26,798] [INFO] [30002] PREPARE received from 30004 for REQUEST 1741680446655
[2025-03-11 17:07:26,798] [INFO] [30002] COMMIT received from 30025 for REQUEST 1741680446655
[2025-03-11 17:07:26,798] [INFO] [30002] COMMIT received from 30004 for REQUEST 1741680446655
[2025-03-11 17:09:37,567] [INFO] Node started: localhost:30002 | index=3 | f=1, k=4
[2025-03-11 17:09:47,316] [INFO] [30002] PRE-PREPARE received: {'request_id': 1741680587271, 'data': 'llapbft_message_1741680587271', 'timestamp': 1741680587.3035572, 'leader': 30016, 'cluster_id': 1, 'cluster_ports': [30002, 30003, 30004, 30007, 30008, 30009, 30011, 30013, 30016, 30018, 30019, 30021, 30023, 30025, 30032, 30038], 'cluster_manager': {'host': 'localhost', 'port': 30009, 'latitude': 36.6273127, 'longitude': 127.459307, 'altitude': 236, 'offset_m': 'lat: 79 m, lng: 71 m, alt: 236 m'}, 'simulated_delay': 0, 'distance': 150.64139880066386, 'message_size_bits': 3512}
[2025-03-11 17:09:47,316] [INFO] [30002] Broadcasting PREPARE: REQUEST 1741680587271
[2025-03-11 17:09:47,335] [INFO] [30002] PREPARE received from 30023 for REQUEST 1741680587271
[2025-03-11 17:09:47,335] [INFO] [30002] Broadcasting COMMIT: REQUEST 1741680587271
[2025-03-11 17:09:47,335] [INFO] [30002] PREPARE received from 30018 for REQUEST 1741680587271
[2025-03-11 17:09:47,335] [INFO] [30002] PREPARE received from 30021 for REQUEST 1741680587271
[2025-03-11 17:09:47,335] [INFO] [30002] PREPARE received from 30004 for REQUEST 1741680587271
[2025-03-11 17:09:47,370] [INFO] [30002] COMMIT received from 30018 for REQUEST 1741680587271
[2025-03-11 17:09:47,379] [INFO] [30002] PREPARE received from 30003 for REQUEST 1741680587271
[2025-03-11 17:09:47,387] [INFO] [30002] COMMIT received from 30016 for REQUEST 1741680587271
[2025-03-11 17:09:47,388] [INFO] [30002] COMMIT complete. Sending PRE-REPLY: REQUEST 1741680587271 directly to Manager 30009
[2025-03-11 17:09:47,388] [INFO] [30002] PREPARE received from 30013 for REQUEST 1741680587271
[2025-03-11 17:09:47,389] [INFO] [30002] COMMIT received from 30003 for REQUEST 1741680587271
[2025-03-11 17:09:47,393] [INFO] [30002] COMMIT received from 30023 for REQUEST 1741680587271
[2025-03-11 17:09:47,393] [INFO] [30002] COMMIT received from 30013 for REQUEST 1741680587271
[2025-03-11 17:09:47,398] [INFO] [30002] COMMIT received from 30032 for REQUEST 1741680587271
[2025-03-11 17:09:47,398] [INFO] [30002] COMMIT received from 30004 for REQUEST 1741680587271
[2025-03-11 17:09:47,399] [INFO] [30002] COMMIT received from 30021 for REQUEST 1741680587271
[2025-03-11 17:09:47,404] [INFO] [30002] PREPARE received from 30032 for REQUEST 1741680587271
[2025-03-11 17:09:47,404] [INFO] [30002] PREPARE received from 30007 for REQUEST 1741680587271
[2025-03-11 17:09:47,404] [INFO] [30002] PREPARE received from 30011 for REQUEST 1741680587271
[2025-03-11 17:09:47,404] [INFO] [30002] COMMIT received from 30008 for REQUEST 1741680587271
[2025-03-11 17:09:47,404] [INFO] [30002] COMMIT received from 30011 for REQUEST 1741680587271
[2025-03-11 17:09:47,404] [INFO] [30002] PREPARE received from 30008 for REQUEST 1741680587271
[2025-03-11 17:09:47,404] [INFO] [30002] PREPARE received from 30025 for REQUEST 1741680587271
[2025-03-11 17:09:47,404] [INFO] [30002] PREPARE received from 30019 for REQUEST 1741680587271
[2025-03-11 17:09:47,404] [INFO] [30002] COMMIT received from 30025 for REQUEST 1741680587271
[2025-03-11 17:09:47,404] [INFO] [30002] COMMIT received from 30007 for REQUEST 1741680587271
[2025-03-11 17:09:47,404] [INFO] [30002] COMMIT received from 30019 for REQUEST 1741680587271
[2025-03-11 17:36:26,226] [INFO] Node started: localhost:30002 | index=3 | f=1, k=4
[2025-03-11 17:37:20,072] [INFO] [30002] PRE-PREPARE received: {'request_id': 1741682240025, 'data': 'llapbft_message_1741682240025', 'timestamp': 1741682240.0565877, 'leader': 30016, 'cluster_id': 1, 'cluster_ports': [30002, 30003, 30004, 30007, 30008, 30009, 30011, 30013, 30016, 30018, 30019, 30021, 30023, 30025, 30032, 30038], 'cluster_manager': {'host': 'localhost', 'port': 30009, 'latitude': 36.6273127, 'longitude': 127.459307, 'altitude': 236, 'offset_m': 'lat: 79 m, lng: 71 m, alt: 236 m'}, 'simulated_delay': 0, 'distance': 150.64139880066386, 'message_size_bits': 3512}
[2025-03-11 17:37:20,072] [INFO] [30002] Broadcasting PREPARE: REQUEST 1741682240025
[2025-03-11 17:37:20,094] [INFO] [30002] PREPARE received from 30021 for REQUEST 1741682240025
[2025-03-11 17:37:20,094] [INFO] [30002] Broadcasting COMMIT: REQUEST 1741682240025
[2025-03-11 17:37:20,094] [INFO] [30002] PREPARE received from 30018 for REQUEST 1741682240025
[2025-03-11 17:37:20,102] [INFO] [30002] PREPARE received from 30023 for REQUEST 1741682240025
[2025-03-11 17:37:20,129] [INFO] [30002] COMMIT received from 30023 for REQUEST 1741682240025
[2025-03-11 17:37:20,129] [INFO] [30002] COMMIT received from 30018 for REQUEST 1741682240025
[2025-03-11 17:37:20,129] [INFO] [30002] COMMIT complete. Sending PRE-REPLY: REQUEST 1741682240025 directly to Manager 30009
[2025-03-11 17:37:20,135] [INFO] [30002] COMMIT received from 30021 for REQUEST 1741682240025
[2025-03-11 17:37:20,135] [INFO] [30002] PREPARE received from 30003 for REQUEST 1741682240025
[2025-03-11 17:37:20,135] [INFO] [30002] COMMIT received from 30003 for REQUEST 1741682240025
[2025-03-11 17:37:20,151] [INFO] [30002] COMMIT received from 30016 for REQUEST 1741682240025
[2025-03-11 17:37:20,164] [INFO] [30002] PREPARE received from 30008 for REQUEST 1741682240025
[2025-03-11 17:37:20,168] [INFO] [30002] COMMIT received from 30008 for REQUEST 1741682240025
[2025-03-11 17:37:20,168] [INFO] [30002] PREPARE received from 30019 for REQUEST 1741682240025
[2025-03-11 17:37:20,168] [INFO] [30002] COMMIT received from 30019 for REQUEST 1741682240025
[2025-03-11 17:37:20,175] [INFO] [30002] PREPARE received from 30032 for REQUEST 1741682240025
[2025-03-11 17:37:20,175] [INFO] [30002] COMMIT received from 30032 for REQUEST 1741682240025
[2025-03-11 17:37:20,175] [INFO] [30002] PREPARE received from 30025 for REQUEST 1741682240025
[2025-03-11 17:37:20,176] [INFO] [30002] COMMIT received from 30025 for REQUEST 1741682240025
[2025-03-11 17:37:20,176] [INFO] [30002] PREPARE received from 30013 for REQUEST 1741682240025
[2025-03-11 17:37:20,176] [INFO] [30002] PREPARE received from 30011 for REQUEST 1741682240025
[2025-03-11 17:37:20,176] [INFO] [30002] COMMIT received from 30013 for REQUEST 1741682240025
[2025-03-11 17:37:20,176] [INFO] [30002] COMMIT received from 30011 for REQUEST 1741682240025
[2025-03-11 17:37:20,176] [INFO] [30002] PREPARE received from 30004 for REQUEST 1741682240025
[2025-03-11 17:37:20,176] [INFO] [30002] PREPARE received from 30007 for REQUEST 1741682240025
[2025-03-11 17:37:20,176] [INFO] [30002] COMMIT received from 30007 for REQUEST 1741682240025
[2025-03-11 17:37:20,180] [INFO] [30002] COMMIT received from 30004 for REQUEST 1741682240025
[2025-03-11 17:37:31,660] [INFO] Node started: localhost:30002 | index=3 | f=1, k=4
[2025-03-11 17:37:41,254] [INFO] [30002] PRE-PREPARE received: {'request_id': 1741682261221, 'data': 'llapbft_message_1741682261221', 'timestamp': 1741682261.2498083, 'leader': 30016, 'cluster_id': 1, 'cluster_ports': [30002, 30003, 30004, 30007, 30008, 30009, 30011, 30013, 30016, 30018, 30019, 30021, 30023, 30025, 30032, 30038], 'cluster_manager': {'host': 'localhost', 'port': 30009, 'latitude': 36.6273127, 'longitude': 127.459307, 'altitude': 236, 'offset_m': 'lat: 79 m, lng: 71 m, alt: 236 m'}, 'simulated_delay': 0, 'distance': 150.64139880066386, 'message_size_bits': 3512}
[2025-03-11 17:37:41,254] [INFO] [30002] Broadcasting PREPARE: REQUEST 1741682261221
[2025-03-11 17:37:41,281] [INFO] [30002] PREPARE received from 30021 for REQUEST 1741682261221
[2025-03-11 17:37:41,281] [INFO] [30002] Broadcasting COMMIT: REQUEST 1741682261221
[2025-03-11 17:37:41,283] [INFO] [30002] PREPARE received from 30023 for REQUEST 1741682261221
[2025-03-11 17:37:41,283] [INFO] [30002] PREPARE received from 30018 for REQUEST 1741682261221
[2025-03-11 17:37:41,318] [INFO] [30002] COMMIT received from 30023 for REQUEST 1741682261221
[2025-03-11 17:37:41,318] [INFO] [30002] COMMIT received from 30018 for REQUEST 1741682261221
[2025-03-11 17:37:41,318] [INFO] [30002] COMMIT complete. Sending PRE-REPLY: REQUEST 1741682261221 directly to Manager 30009
[2025-03-11 17:37:41,338] [INFO] [30002] COMMIT received from 30021 for REQUEST 1741682261221
[2025-03-11 17:37:41,344] [INFO] [30002] PREPARE received from 30003 for REQUEST 1741682261221
[2025-03-11 17:37:41,344] [INFO] [30002] PREPARE received from 30019 for REQUEST 1741682261221
[2025-03-11 17:37:41,344] [INFO] [30002] COMMIT received from 30019 for REQUEST 1741682261221
[2025-03-11 17:37:41,344] [INFO] [30002] COMMIT received from 30016 for REQUEST 1741682261221
[2025-03-11 17:37:41,349] [INFO] [30002] COMMIT received from 30003 for REQUEST 1741682261221
[2025-03-11 17:37:41,360] [INFO] [30002] PREPARE received from 30008 for REQUEST 1741682261221
[2025-03-11 17:37:41,362] [INFO] [30002] COMMIT received from 30008 for REQUEST 1741682261221
[2025-03-11 17:37:41,362] [INFO] [30002] PREPARE received from 30032 for REQUEST 1741682261221
[2025-03-11 17:37:41,364] [INFO] [30002] PREPARE received from 30013 for REQUEST 1741682261221
[2025-03-11 17:37:41,364] [INFO] [30002] COMMIT received from 30032 for REQUEST 1741682261221
[2025-03-11 17:37:41,366] [INFO] [30002] COMMIT received from 30013 for REQUEST 1741682261221
[2025-03-11 17:37:41,366] [INFO] [30002] PREPARE received from 30025 for REQUEST 1741682261221
[2025-03-11 17:37:41,366] [INFO] [30002] COMMIT received from 30025 for REQUEST 1741682261221
[2025-03-11 17:37:41,368] [INFO] [30002] PREPARE received from 30007 for REQUEST 1741682261221
[2025-03-11 17:37:41,368] [INFO] [30002] PREPARE received from 30004 for REQUEST 1741682261221
[2025-03-11 17:37:41,368] [INFO] [30002] PREPARE received from 30011 for REQUEST 1741682261221
[2025-03-11 17:37:41,368] [INFO] [30002] COMMIT received from 30007 for REQUEST 1741682261221
[2025-03-11 17:37:41,368] [INFO] [30002] COMMIT received from 30004 for REQUEST 1741682261221
[2025-03-11 17:37:41,368] [INFO] [30002] COMMIT received from 30011 for REQUEST 1741682261221
[2025-03-11 17:38:48,403] [INFO] Node started: localhost:30002 | index=3 | f=1, k=4
[2025-03-11 17:42:05,040] [INFO] Node started: localhost:30002 | index=3 | f=1, k=4
[2025-03-11 17:42:52,242] [INFO] [CLUSTER LEADER 30002] Forwarded PRE-REQUEST received: {'request_id': 1741682572224, 'timestamp': 1741682572.224601, 'data': 'llapbft_message_1741682572224', 'cluster_id': 1, 'cluster_ports': [30001, 30002, 30003, 30007, 30008, 30024, 30028, 30029, 30030, 30032, 30038, 30041, 30048, 30050, 30053, 30071, 30073, 30080, 30084, 30094, 30107, 30108, 30113], 'leader': 30002, 'client_port': 20001, 'origin': 'manager', 'simulated_delay': 0.00042133333333333335, 'distance': 214.6765637406698, 'message_size_bits': 5056, 'cluster_manager': {'host': 'localhost', 'port': 30038, 'latitude': 36.6266232, 'longitude': 127.4591861, 'altitude': 236, 'offset_m': 'lat: 2 m, lng: 61 m, alt: 236 m'}}
[2025-03-11 17:42:52,243] [INFO] [CLUSTER LEADER 30002] Broadcasting PRE-PREPARE: REQUEST 1741682572224
[2025-03-11 17:42:52,370] [INFO] [30002] PREPARE received from 30007 for REQUEST 1741682572224
[2025-03-11 17:42:52,374] [INFO] [30002] PREPARE received from 30108 for REQUEST 1741682572224
[2025-03-11 17:42:52,374] [INFO] [30002] Broadcasting COMMIT: REQUEST 1741682572224
[2025-03-11 17:42:52,374] [INFO] [30002] PREPARE received from 30084 for REQUEST 1741682572224
[2025-03-11 17:42:52,374] [INFO] [30002] PREPARE received from 30113 for REQUEST 1741682572224
[2025-03-11 17:42:52,374] [INFO] [30002] PREPARE received from 30029 for REQUEST 1741682572224
[2025-03-11 17:42:52,378] [INFO] [30002] PREPARE received from 30053 for REQUEST 1741682572224
[2025-03-11 17:42:52,388] [INFO] [30002] COMMIT received from 30007 for REQUEST 1741682572224
[2025-03-11 17:42:52,388] [INFO] [30002] PREPARE received from 30030 for REQUEST 1741682572224
[2025-03-11 17:42:52,778] [INFO] [30002] PREPARE received from 30041 for REQUEST 1741682572224
[2025-03-11 17:42:52,778] [INFO] [30002] COMMIT received from 30029 for REQUEST 1741682572224
[2025-03-11 17:42:52,778] [INFO] [30002] COMMIT complete. Sending PRE-REPLY: REQUEST 1741682572224 directly to Manager 30038
[2025-03-11 17:42:52,778] [INFO] [30002] PREPARE received from 30008 for REQUEST 1741682572224
[2025-03-11 17:42:52,788] [INFO] [30002] COMMIT received from 30084 for REQUEST 1741682572224
[2025-03-11 17:42:52,794] [INFO] [30002] PREPARE received from 30050 for REQUEST 1741682572224
[2025-03-11 17:42:52,794] [INFO] [30002] COMMIT received from 30028 for REQUEST 1741682572224
[2025-03-11 17:42:52,794] [INFO] [30002] PREPARE received from 30028 for REQUEST 1741682572224
[2025-03-11 17:42:52,798] [INFO] [30002] PREPARE received from 30032 for REQUEST 1741682572224
[2025-03-11 17:42:52,798] [INFO] [30002] COMMIT received from 30050 for REQUEST 1741682572224
[2025-03-11 17:42:52,798] [INFO] [30002] COMMIT received from 30041 for REQUEST 1741682572224
[2025-03-11 17:42:52,798] [INFO] [30002] COMMIT received from 30094 for REQUEST 1741682572224
[2025-03-11 17:42:52,798] [INFO] [30002] COMMIT received from 30032 for REQUEST 1741682572224
[2025-03-11 17:42:52,798] [INFO] [30002] COMMIT received from 30030 for REQUEST 1741682572224
[2025-03-11 17:42:52,798] [INFO] [30002] COMMIT received from 30053 for REQUEST 1741682572224
[2025-03-11 17:42:52,798] [INFO] [30002] COMMIT received from 30073 for REQUEST 1741682572224
[2025-03-11 17:42:52,798] [INFO] [30002] COMMIT received from 30024 for REQUEST 1741682572224
[2025-03-11 17:42:52,798] [INFO] [30002] COMMIT received from 30108 for REQUEST 1741682572224
[2025-03-11 17:42:52,798] [INFO] [30002] PREPARE received from 30073 for REQUEST 1741682572224
[2025-03-11 17:42:52,798] [INFO] [30002] COMMIT received from 30003 for REQUEST 1741682572224
[2025-03-11 17:42:52,798] [INFO] [30002] PREPARE received from 30001 for REQUEST 1741682572224
[2025-03-11 17:42:52,798] [INFO] [30002] PREPARE received from 30003 for REQUEST 1741682572224
[2025-03-11 17:42:52,798] [INFO] [30002] COMMIT received from 30048 for REQUEST 1741682572224
[2025-03-11 17:42:52,798] [INFO] [30002] COMMIT received from 30113 for REQUEST 1741682572224
[2025-03-11 17:42:52,798] [INFO] [30002] PREPARE received from 30048 for REQUEST 1741682572224
[2025-03-11 17:42:52,798] [INFO] [30002] COMMIT received from 30001 for REQUEST 1741682572224
[2025-03-11 17:42:52,798] [INFO] [30002] PREPARE received from 30080 for REQUEST 1741682572224
[2025-03-11 17:42:52,798] [INFO] [30002] COMMIT received from 30107 for REQUEST 1741682572224
[2025-03-11 17:42:52,798] [INFO] [30002] PREPARE received from 30107 for REQUEST 1741682572224
[2025-03-11 17:42:52,798] [INFO] [30002] COMMIT received from 30071 for REQUEST 1741682572224
[2025-03-11 17:42:52,806] [INFO] [30002] PREPARE received from 30071 for REQUEST 1741682572224
[2025-03-11 17:42:52,806] [INFO] [30002] COMMIT received from 30080 for REQUEST 1741682572224
[2025-03-11 17:42:52,806] [INFO] [30002] PREPARE received from 30024 for REQUEST 1741682572224
[2025-03-11 17:42:52,806] [INFO] [30002] PREPARE received from 30094 for REQUEST 1741682572224
[2025-03-11 17:42:52,808] [INFO] [30002] COMMIT received from 30008 for REQUEST 1741682572224
[2025-03-11 17:45:49,467] [INFO] Node started: localhost:30002 | index=3 | f=1, k=4
[2025-03-11 17:46:23,007] [INFO] [30002] PRE-PREPARE received: {'request_id': 1741682782924, 'data': 'llapbft_message_1741682782924', 'timestamp': 1741682782.9516234, 'leader': 30137, 'cluster_id': 3, 'cluster_ports': [30001, 30002, 30003, 30010, 30011, 30016, 30023, 30027, 30028, 30030, 30032, 30035, 30038, 30046, 30048, 30049, 30052, 30055, 30056, 30057, 30060, 30066, 30068, 30070, 30076, 30079, 30083, 30085, 30088, 30091, 30093, 30095, 30096, 30100, 30108, 30113, 30114, 30122, 30124, 30129, 30131, 30132, 30134, 30137, 30138, 30147, 30153, 30157], 'cluster_manager': {'host': 'localhost', 'port': 30132, 'latitude': 36.6266901, 'longitude': 127.459304, 'altitude': 80, 'offset_m': 'lat: 10 m, lng: 71 m, alt: 80 m'}, 'simulated_delay': 0.00022033333333333334, 'distance': 106.99111711327969, 'message_size_bits': 5288}
[2025-03-11 17:46:23,007] [INFO] [30002] Broadcasting PREPARE: REQUEST 1741682782924
[2025-03-11 17:46:23,140] [INFO] [30002] PREPARE received from 30049 for REQUEST 1741682782924
[2025-03-11 17:46:23,140] [INFO] [30002] Broadcasting COMMIT: REQUEST 1741682782924
[2025-03-11 17:46:23,140] [INFO] [30002] PREPARE received from 30068 for REQUEST 1741682782924
[2025-03-11 17:46:23,140] [INFO] [30002] PREPARE received from 30134 for REQUEST 1741682782924
[2025-03-11 17:46:23,142] [INFO] [30002] PREPARE received from 30091 for REQUEST 1741682782924
[2025-03-11 17:46:23,166] [INFO] [30002] PREPARE received from 30088 for REQUEST 1741682782924
[2025-03-11 17:46:23,166] [INFO] [30002] PREPARE received from 30070 for REQUEST 1741682782924
[2025-03-11 17:46:23,168] [INFO] [30002] PREPARE received from 30057 for REQUEST 1741682782924
[2025-03-11 17:46:23,168] [INFO] [30002] PREPARE received from 30083 for REQUEST 1741682782924
[2025-03-11 17:46:23,174] [INFO] [30002] COMMIT received from 30068 for REQUEST 1741682782924
[2025-03-11 17:46:23,174] [INFO] [30002] COMMIT received from 30134 for REQUEST 1741682782924
[2025-03-11 17:46:23,176] [INFO] [30002] COMMIT complete. Sending PRE-REPLY: REQUEST 1741682782924 directly to Manager 30132
[2025-03-11 17:46:23,200] [INFO] [30002] PREPARE received from 30055 for REQUEST 1741682782924
[2025-03-11 17:46:23,595] [INFO] [30002] PREPARE received from 30147 for REQUEST 1741682782924
[2025-03-11 17:46:23,597] [INFO] [30002] COMMIT received from 30049 for REQUEST 1741682782924
[2025-03-11 17:46:23,613] [INFO] [30002] PREPARE received from 30060 for REQUEST 1741682782924
[2025-03-11 17:46:23,613] [INFO] [30002] COMMIT received from 30060 for REQUEST 1741682782924
[2025-03-11 17:46:23,613] [INFO] [30002] COMMIT received from 30055 for REQUEST 1741682782924
[2025-03-11 17:46:23,613] [INFO] [30002] PREPARE received from 30122 for REQUEST 1741682782924
[2025-03-11 17:46:23,613] [INFO] [30002] COMMIT received from 30122 for REQUEST 1741682782924
[2025-03-11 17:46:23,613] [INFO] [30002] COMMIT received from 30057 for REQUEST 1741682782924
[2025-03-11 17:46:23,613] [INFO] [30002] COMMIT received from 30091 for REQUEST 1741682782924
[2025-03-11 17:46:23,613] [INFO] [30002] PREPARE received from 30157 for REQUEST 1741682782924
[2025-03-11 17:46:23,650] [INFO] [30002] PREPARE received from 30035 for REQUEST 1741682782924
[2025-03-11 17:46:23,651] [INFO] [30002] PREPARE received from 30093 for REQUEST 1741682782924
[2025-03-11 17:46:23,651] [INFO] [30002] PREPARE received from 30048 for REQUEST 1741682782924
[2025-03-11 17:46:23,651] [INFO] [30002] PREPARE received from 30085 for REQUEST 1741682782924
[2025-03-11 17:46:23,651] [INFO] [30002] COMMIT received from 30147 for REQUEST 1741682782924
[2025-03-11 17:46:23,657] [INFO] [30002] COMMIT received from 30093 for REQUEST 1741682782924
[2025-03-11 17:46:23,661] [INFO] [30002] COMMIT received from 30048 for REQUEST 1741682782924
[2025-03-11 17:46:23,661] [INFO] [30002] COMMIT received from 30035 for REQUEST 1741682782924
[2025-03-11 17:46:23,661] [INFO] [30002] COMMIT received from 30157 for REQUEST 1741682782924
[2025-03-11 17:46:23,661] [INFO] [30002] COMMIT received from 30085 for REQUEST 1741682782924
[2025-03-11 17:46:23,661] [INFO] [30002] COMMIT received from 30070 for REQUEST 1741682782924
[2025-03-11 17:46:23,661] [INFO] [30002] PREPARE received from 30011 for REQUEST 1741682782924
[2025-03-11 17:46:23,704] [INFO] [30002] COMMIT received from 30011 for REQUEST 1741682782924
[2025-03-11 17:46:23,731] [INFO] [30002] PREPARE received from 30016 for REQUEST 1741682782924
[2025-03-11 17:46:23,731] [INFO] [30002] COMMIT received from 30088 for REQUEST 1741682782924
[2025-03-11 17:46:23,731] [INFO] [30002] COMMIT received from 30016 for REQUEST 1741682782924
[2025-03-11 17:46:23,758] [INFO] [30002] COMMIT received from 30083 for REQUEST 1741682782924
[2025-03-11 17:46:23,882] [INFO] [30002] PREPARE received from 30028 for REQUEST 1741682782924
[2025-03-11 17:46:23,898] [INFO] [30002] COMMIT received from 30028 for REQUEST 1741682782924
[2025-03-11 17:46:24,009] [INFO] [30002] COMMIT received from 30114 for REQUEST 1741682782924
[2025-03-11 17:46:24,009] [INFO] [30002] PREPARE received from 30114 for REQUEST 1741682782924
[2025-03-11 17:46:24,104] [INFO] [30002] PREPARE received from 30023 for REQUEST 1741682782924
[2025-03-11 17:46:24,104] [INFO] [30002] COMMIT received from 30023 for REQUEST 1741682782924
[2025-03-11 17:46:24,120] [INFO] [30002] PREPARE received from 30100 for REQUEST 1741682782924
[2025-03-11 17:46:24,120] [INFO] [30002] COMMIT received from 30100 for REQUEST 1741682782924
[2025-03-11 17:46:24,132] [INFO] [30002] PREPARE received from 30056 for REQUEST 1741682782924
[2025-03-11 17:46:24,132] [INFO] [30002] COMMIT received from 30056 for REQUEST 1741682782924
[2025-03-11 17:46:24,301] [INFO] [30002] COMMIT received from 30052 for REQUEST 1741682782924
[2025-03-11 17:46:24,308] [INFO] [30002] PREPARE received from 30052 for REQUEST 1741682782924
[2025-03-11 17:46:24,308] [INFO] [30002] PREPARE received from 30001 for REQUEST 1741682782924
[2025-03-11 17:46:24,310] [INFO] [30002] COMMIT received from 30001 for REQUEST 1741682782924
[2025-03-11 17:46:24,411] [INFO] [30002] COMMIT received from 30137 for REQUEST 1741682782924
[2025-03-11 17:46:24,444] [INFO] [30002] PREPARE received from 30108 for REQUEST 1741682782924
[2025-03-11 17:46:24,444] [INFO] [30002] COMMIT received from 30108 for REQUEST 1741682782924
[2025-03-11 17:46:24,641] [INFO] [30002] PREPARE received from 30153 for REQUEST 1741682782924
[2025-03-11 17:46:24,641] [INFO] [30002] COMMIT received from 30153 for REQUEST 1741682782924
[2025-03-11 17:46:24,673] [INFO] [30002] PREPARE received from 30113 for REQUEST 1741682782924
[2025-03-11 17:46:24,673] [INFO] [30002] COMMIT received from 30113 for REQUEST 1741682782924
[2025-03-11 17:46:24,736] [INFO] [30002] PREPARE received from 30076 for REQUEST 1741682782924
[2025-03-11 17:46:24,736] [INFO] [30002] COMMIT received from 30076 for REQUEST 1741682782924
[2025-03-11 17:46:24,852] [INFO] [30002] PREPARE received from 30003 for REQUEST 1741682782924
[2025-03-11 17:46:24,852] [INFO] [30002] COMMIT received from 30003 for REQUEST 1741682782924
[2025-03-11 17:46:24,879] [INFO] [30002] PREPARE received from 30095 for REQUEST 1741682782924
[2025-03-11 17:46:24,891] [INFO] [30002] PREPARE received from 30138 for REQUEST 1741682782924
[2025-03-11 17:46:24,891] [INFO] [30002] COMMIT received from 30138 for REQUEST 1741682782924
[2025-03-11 17:46:24,905] [INFO] [30002] COMMIT received from 30095 for REQUEST 1741682782924
[2025-03-11 17:46:24,962] [INFO] [30002] PREPARE received from 30096 for REQUEST 1741682782924
[2025-03-11 17:46:24,962] [INFO] [30002] COMMIT received from 30096 for REQUEST 1741682782924
[2025-03-11 17:46:25,004] [INFO] [30002] PREPARE received from 30124 for REQUEST 1741682782924
[2025-03-11 17:46:25,004] [INFO] [30002] COMMIT received from 30124 for REQUEST 1741682782924
[2025-03-11 17:46:25,041] [INFO] [30002] PREPARE received from 30032 for REQUEST 1741682782924
[2025-03-11 17:46:25,049] [INFO] [30002] COMMIT received from 30032 for REQUEST 1741682782924
[2025-03-11 17:46:25,091] [INFO] [30002] PREPARE received from 30066 for REQUEST 1741682782924
[2025-03-11 17:46:25,101] [INFO] [30002] PREPARE received from 30079 for REQUEST 1741682782924
[2025-03-11 17:46:25,101] [INFO] [30002] COMMIT received from 30079 for REQUEST 1741682782924
[2025-03-11 17:46:25,101] [INFO] [30002] COMMIT received from 30066 for REQUEST 1741682782924
[2025-03-11 17:46:25,251] [INFO] [30002] PREPARE received from 30046 for REQUEST 1741682782924
[2025-03-11 17:46:25,251] [INFO] [30002] PREPARE received from 30027 for REQUEST 1741682782924
[2025-03-11 17:46:25,282] [INFO] [30002] COMMIT received from 30027 for REQUEST 1741682782924
[2025-03-11 17:46:25,284] [INFO] [30002] COMMIT received from 30046 for REQUEST 1741682782924
[2025-03-11 17:46:25,296] [INFO] [30002] PREPARE received from 30010 for REQUEST 1741682782924
[2025-03-11 17:46:25,296] [INFO] [30002] COMMIT received from 30010 for REQUEST 1741682782924
[2025-03-11 17:46:25,368] [INFO] [30002] PREPARE received from 30129 for REQUEST 1741682782924
[2025-03-11 17:46:25,368] [INFO] [30002] COMMIT received from 30129 for REQUEST 1741682782924
[2025-03-11 17:46:25,433] [INFO] [30002] PREPARE received from 30030 for REQUEST 1741682782924
[2025-03-11 17:46:25,433] [INFO] [30002] COMMIT received from 30030 for REQUEST 1741682782924
[2025-03-11 17:46:25,515] [INFO] [30002] PREPARE received from 30038 for REQUEST 1741682782924
[2025-03-11 17:46:25,515] [INFO] [30002] COMMIT received from 30038 for REQUEST 1741682782924
[2025-03-11 17:46:26,223] [INFO] [30002] PREPARE received from 30131 for REQUEST 1741682782924
[2025-03-11 17:46:26,223] [INFO] [30002] COMMIT received from 30131 for REQUEST 1741682782924
[2025-03-11 17:48:56,672] [INFO] Node started: localhost:30002 | index=3 | f=1, k=4
[2025-03-11 17:49:37,796] [INFO] [30002] PRE-PREPARE received: {'request_id': 1741682977666, 'data': 'llapbft_message_1741682977666', 'timestamp': 1741682977.7055552, 'leader': 30149, 'cluster_id': 3, 'cluster_ports': [30002, 30005, 30008, 30010, 30017, 30021, 30024, 30031, 30034, 30035, 30040, 30048, 30054, 30055, 30056, 30058, 30076, 30081, 30084, 30090, 30091, 30101, 30103, 30107, 30120, 30123, 30124, 30135, 30136, 30137, 30144, 30149, 30152, 30156, 30158, 30163, 30164, 30166, 30173, 30174, 30175, 30178, 30183, 30186, 30188, 30191, 30193, 30195], 'cluster_manager': {'host': 'localhost', 'port': 30136, 'latitude': 36.6273945, 'longitude': 127.4590786, 'altitude': 185, 'offset_m': 'lat: 88 m, lng: 51 m, alt: 185 m'}, 'simulated_delay': 0.00022133333333333334, 'distance': 103.02839720289938, 'message_size_bits': 5312}
[2025-03-11 17:49:37,796] [INFO] [30002] Broadcasting PREPARE: REQUEST 1741682977666
[2025-03-11 17:49:37,979] [INFO] [30002] PREPARE received from 30124 for REQUEST 1741682977666
[2025-03-11 17:49:37,979] [INFO] [30002] Broadcasting COMMIT: REQUEST 1741682977666
[2025-03-11 17:49:37,995] [INFO] [30002] PREPARE received from 30191 for REQUEST 1741682977666
[2025-03-11 17:49:37,997] [INFO] [30002] PREPARE received from 30101 for REQUEST 1741682977666
[2025-03-11 17:49:37,997] [INFO] [30002] PREPARE received from 30178 for REQUEST 1741682977666
[2025-03-11 17:49:37,997] [INFO] [30002] PREPARE received from 30081 for REQUEST 1741682977666
[2025-03-11 17:49:37,997] [INFO] [30002] PREPARE received from 30174 for REQUEST 1741682977666
[2025-03-11 17:49:37,997] [INFO] [30002] PREPARE received from 30040 for REQUEST 1741682977666
[2025-03-11 17:49:37,997] [INFO] [30002] PREPARE received from 30107 for REQUEST 1741682977666
[2025-03-11 17:49:37,997] [INFO] [30002] PREPARE received from 30195 for REQUEST 1741682977666
[2025-03-11 17:49:37,999] [INFO] [30002] PREPARE received from 30158 for REQUEST 1741682977666
[2025-03-11 17:49:38,032] [INFO] [30002] PREPARE received from 30120 for REQUEST 1741682977666
[2025-03-11 17:49:38,034] [INFO] [30002] PREPARE received from 30152 for REQUEST 1741682977666
[2025-03-11 17:49:38,096] [INFO] [30002] PREPARE received from 30076 for REQUEST 1741682977666
[2025-03-11 17:49:38,096] [INFO] [30002] PREPARE received from 30024 for REQUEST 1741682977666
[2025-03-11 17:49:38,229] [INFO] [30002] COMMIT received from 30191 for REQUEST 1741682977666
[2025-03-11 17:49:38,229] [INFO] [30002] COMMIT received from 30178 for REQUEST 1741682977666
[2025-03-11 17:49:38,229] [INFO] [30002] COMMIT complete. Sending PRE-REPLY: REQUEST 1741682977666 directly to Manager 30136
[2025-03-11 17:49:38,229] [INFO] [30002] PREPARE received from 30054 for REQUEST 1741682977666
[2025-03-11 17:49:38,233] [INFO] [30002] PREPARE received from 30058 for REQUEST 1741682977666
[2025-03-11 17:49:38,233] [INFO] [30002] COMMIT received from 30107 for REQUEST 1741682977666
[2025-03-11 17:49:38,861] [INFO] [30002] COMMIT received from 30040 for REQUEST 1741682977666
[2025-03-11 17:49:38,861] [INFO] [30002] COMMIT received from 30158 for REQUEST 1741682977666
[2025-03-11 17:49:39,218] [INFO] [30002] PREPARE received from 30035 for REQUEST 1741682977666
[2025-03-11 17:49:39,223] [INFO] [30002] PREPARE received from 30005 for REQUEST 1741682977666
[2025-03-11 17:49:39,304] [INFO] [30002] COMMIT received from 30195 for REQUEST 1741682977666
[2025-03-11 17:49:39,308] [INFO] [30002] COMMIT received from 30174 for REQUEST 1741682977666
[2025-03-11 17:49:39,308] [INFO] [30002] COMMIT received from 30101 for REQUEST 1741682977666
[2025-03-11 17:49:39,479] [INFO] [30002] COMMIT received from 30024 for REQUEST 1741682977666
[2025-03-11 17:49:39,479] [INFO] [30002] COMMIT received from 30076 for REQUEST 1741682977666
[2025-03-11 17:49:39,523] [INFO] [30002] COMMIT received from 30081 for REQUEST 1741682977666
[2025-03-11 17:49:39,688] [INFO] [30002] COMMIT received from 30152 for REQUEST 1741682977666
[2025-03-11 17:49:39,688] [INFO] [30002] COMMIT received from 30054 for REQUEST 1741682977666
[2025-03-11 17:49:39,688] [INFO] [30002] COMMIT received from 30058 for REQUEST 1741682977666
[2025-03-11 17:49:39,688] [INFO] [30002] COMMIT received from 30124 for REQUEST 1741682977666
[2025-03-11 17:49:39,785] [INFO] [30002] COMMIT received from 30005 for REQUEST 1741682977666
[2025-03-11 17:49:39,875] [INFO] [30002] PREPARE received from 30137 for REQUEST 1741682977666
[2025-03-11 17:49:40,019] [INFO] [30002] PREPARE received from 30090 for REQUEST 1741682977666
[2025-03-11 17:49:40,019] [INFO] [30002] COMMIT received from 30137 for REQUEST 1741682977666
[2025-03-11 17:49:40,019] [INFO] [30002] PREPARE received from 30144 for REQUEST 1741682977666
[2025-03-11 17:49:40,083] [INFO] [30002] PREPARE received from 30031 for REQUEST 1741682977666
[2025-03-11 17:49:40,083] [INFO] [30002] COMMIT received from 30031 for REQUEST 1741682977666
[2025-03-11 17:49:40,083] [INFO] [30002] COMMIT received from 30090 for REQUEST 1741682977666
[2025-03-11 17:49:40,184] [INFO] [30002] PREPARE received from 30186 for REQUEST 1741682977666
[2025-03-11 17:49:40,328] [INFO] [30002] COMMIT received from 30144 for REQUEST 1741682977666
[2025-03-11 17:49:40,510] [INFO] [30002] PREPARE received from 30123 for REQUEST 1741682977666
[2025-03-11 17:49:40,516] [INFO] [30002] PREPARE received from 30010 for REQUEST 1741682977666
[2025-03-11 17:49:40,516] [INFO] [30002] PREPARE received from 30163 for REQUEST 1741682977666
[2025-03-11 17:49:40,516] [INFO] [30002] COMMIT received from 30010 for REQUEST 1741682977666
[2025-03-11 17:49:40,516] [INFO] [30002] COMMIT received from 30163 for REQUEST 1741682977666
[2025-03-11 17:49:40,534] [INFO] [30002] COMMIT received from 30123 for REQUEST 1741682977666
[2025-03-11 17:49:40,543] [INFO] [30002] PREPARE received from 30156 for REQUEST 1741682977666
[2025-03-11 17:49:40,580] [INFO] [30002] COMMIT received from 30035 for REQUEST 1741682977666
[2025-03-11 17:49:40,838] [INFO] [30002] COMMIT received from 30156 for REQUEST 1741682977666
[2025-03-11 17:49:40,912] [INFO] [30002] COMMIT received from 30055 for REQUEST 1741682977666
[2025-03-11 17:49:40,981] [INFO] [30002] PREPARE received from 30055 for REQUEST 1741682977666
[2025-03-11 17:49:40,981] [INFO] [30002] COMMIT received from 30186 for REQUEST 1741682977666
[2025-03-11 17:49:41,042] [INFO] [30002] PREPARE received from 30034 for REQUEST 1741682977666
[2025-03-11 17:49:41,078] [INFO] [30002] PREPARE received from 30103 for REQUEST 1741682977666
[2025-03-11 17:49:41,081] [INFO] [30002] COMMIT received from 30103 for REQUEST 1741682977666
[2025-03-11 17:49:41,167] [INFO] [30002] COMMIT received from 30034 for REQUEST 1741682977666
[2025-03-11 17:49:41,167] [INFO] [30002] COMMIT received from 30120 for REQUEST 1741682977666
[2025-03-11 17:49:41,692] [INFO] [30002] PREPARE received from 30175 for REQUEST 1741682977666
[2025-03-11 17:49:41,692] [INFO] [30002] COMMIT received from 30149 for REQUEST 1741682977666
[2025-03-11 17:49:41,699] [INFO] [30002] PREPARE received from 30164 for REQUEST 1741682977666
[2025-03-11 17:49:41,730] [INFO] [30002] COMMIT received from 30008 for REQUEST 1741682977666
[2025-03-11 17:49:41,730] [INFO] [30002] COMMIT received from 30048 for REQUEST 1741682977666
[2025-03-11 17:49:41,730] [INFO] [30002] COMMIT received from 30164 for REQUEST 1741682977666
[2025-03-11 17:49:41,730] [INFO] [30002] PREPARE received from 30008 for REQUEST 1741682977666
[2025-03-11 17:49:41,730] [INFO] [30002] PREPARE received from 30048 for REQUEST 1741682977666
[2025-03-11 17:49:41,777] [INFO] [30002] COMMIT received from 30175 for REQUEST 1741682977666
[2025-03-11 17:49:41,793] [INFO] [30002] PREPARE received from 30173 for REQUEST 1741682977666
[2025-03-11 17:49:41,793] [INFO] [30002] COMMIT received from 30173 for REQUEST 1741682977666
[2025-03-11 17:49:42,082] [INFO] [30002] PREPARE received from 30021 for REQUEST 1741682977666
[2025-03-11 17:49:42,082] [INFO] [30002] COMMIT received from 30021 for REQUEST 1741682977666
[2025-03-11 17:49:42,455] [INFO] [30002] PREPARE received from 30091 for REQUEST 1741682977666
[2025-03-11 17:49:42,455] [INFO] [30002] COMMIT received from 30091 for REQUEST 1741682977666
[2025-03-11 17:49:42,631] [INFO] [30002] COMMIT received from 30056 for REQUEST 1741682977666
[2025-03-11 17:49:42,631] [INFO] [30002] PREPARE received from 30056 for REQUEST 1741682977666
[2025-03-11 17:49:42,658] [INFO] [30002] PREPARE received from 30188 for REQUEST 1741682977666
[2025-03-11 17:49:42,696] [INFO] [30002] COMMIT received from 30188 for REQUEST 1741682977666
[2025-03-11 17:49:42,747] [INFO] [30002] PREPARE received from 30084 for REQUEST 1741682977666
[2025-03-11 17:49:42,808] [INFO] [30002] COMMIT received from 30084 for REQUEST 1741682977666
[2025-03-11 17:49:42,959] [INFO] [30002] PREPARE received from 30017 for REQUEST 1741682977666
[2025-03-11 17:49:42,961] [INFO] [30002] COMMIT received from 30017 for REQUEST 1741682977666
[2025-03-11 17:49:43,078] [INFO] [30002] PREPARE received from 30193 for REQUEST 1741682977666
[2025-03-11 17:49:43,081] [INFO] [30002] COMMIT received from 30193 for REQUEST 1741682977666
[2025-03-11 17:49:43,097] [INFO] [30002] PREPARE received from 30166 for REQUEST 1741682977666
[2025-03-11 17:49:43,097] [INFO] [30002] COMMIT received from 30166 for REQUEST 1741682977666
[2025-03-11 17:49:43,369] [INFO] [30002] PREPARE received from 30183 for REQUEST 1741682977666
[2025-03-11 17:49:43,371] [INFO] [30002] COMMIT received from 30183 for REQUEST 1741682977666
