[2025-03-11 17:42:25,733] [INFO] Node started: localhost:30105 | index=106 | f=1, k=4
[2025-03-11 17:42:52,910] [INFO] [30105] PRE-PREPARE received: {'request_id': 1741682572224, 'data': 'llapbft_message_1741682572224', 'timestamp': 1741682572.2567246, 'leader': 30043, 'cluster_id': 3, 'cluster_ports': [30000, 30009, 30012, 30013, 30015, 30018, 30020, 30023, 30025, 30034, 30036, 30043, 30044, 30047, 30052, 30063, 30065, 30072, 30078, 30079, 30081, 30089, 30092, 30098, 30100, 30101, 30103, 30105, 30112], 'cluster_manager': {'host': 'localhost', 'port': 30100, 'latitude': 36.6268919, 'longitude': 127.4585428, 'altitude': 147, 'offset_m': 'lat: 32 m, lng: 3 m, alt: 147 m'}, 'simulated_delay': 0.00023555555555555556, 'distance': 196.85349046973852, 'message_size_bits': 4240}
[2025-03-11 17:42:52,910] [INFO] [30105] Broadcasting PREPARE: REQUEST 1741682572224
[2025-03-11 17:42:52,938] [INFO] [30105] COMMIT received from 30043 for REQUEST 1741682572224
[2025-03-11 17:42:52,951] [INFO] [30105] PREPARE received from 30025 for REQUEST 1741682572224
[2025-03-11 17:42:52,951] [INFO] [30105] Broadcasting COMMIT: REQUEST 1741682572224
[2025-03-11 17:42:52,951] [INFO] [30105] COMMIT received from 30025 for REQUEST 1741682572224
[2025-03-11 17:42:52,951] [INFO] [30105] COMMIT complete. Sending PRE-REPLY: REQUEST 1741682572224 directly to Manager 30100
[2025-03-11 17:42:53,045] [INFO] [30105] PREPARE received from 30103 for REQUEST 1741682572224
[2025-03-11 17:42:53,051] [INFO] [30105] COMMIT received from 30103 for REQUEST 1741682572224
[2025-03-11 17:42:53,071] [INFO] [30105] PREPARE received from 30012 for REQUEST 1741682572224
[2025-03-11 17:42:53,073] [INFO] [30105] COMMIT received from 30012 for REQUEST 1741682572224
[2025-03-11 17:42:53,109] [INFO] [30105] PREPARE received from 30081 for REQUEST 1741682572224
[2025-03-11 17:42:53,154] [INFO] [30105] PREPARE received from 30044 for REQUEST 1741682572224
[2025-03-11 17:42:53,154] [INFO] [30105] COMMIT received from 30044 for REQUEST 1741682572224
[2025-03-11 17:42:53,169] [INFO] [30105] COMMIT received from 30081 for REQUEST 1741682572224
[2025-03-11 17:42:53,249] [INFO] [30105] PREPARE received from 30101 for REQUEST 1741682572224
[2025-03-11 17:42:53,249] [INFO] [30105] COMMIT received from 30101 for REQUEST 1741682572224
[2025-03-11 17:42:53,288] [INFO] [30105] PREPARE received from 30036 for REQUEST 1741682572224
[2025-03-11 17:42:53,298] [INFO] [30105] COMMIT received from 30036 for REQUEST 1741682572224
[2025-03-11 17:42:53,339] [INFO] [30105] PREPARE received from 30020 for REQUEST 1741682572224
[2025-03-11 17:42:53,359] [INFO] [30105] PREPARE received from 30023 for REQUEST 1741682572224
[2025-03-11 17:42:53,359] [INFO] [30105] PREPARE received from 30079 for REQUEST 1741682572224
[2025-03-11 17:42:53,372] [INFO] [30105] COMMIT received from 30079 for REQUEST 1741682572224
[2025-03-11 17:42:53,374] [INFO] [30105] COMMIT received from 30020 for REQUEST 1741682572224
[2025-03-11 17:42:53,374] [INFO] [30105] COMMIT received from 30023 for REQUEST 1741682572224
[2025-03-11 17:42:53,374] [INFO] [30105] PREPARE received from 30089 for REQUEST 1741682572224
[2025-03-11 17:42:53,385] [INFO] [30105] COMMIT received from 30089 for REQUEST 1741682572224
[2025-03-11 17:42:53,391] [INFO] [30105] PREPARE received from 30000 for REQUEST 1741682572224
[2025-03-11 17:42:53,399] [INFO] [30105] PREPARE received from 30052 for REQUEST 1741682572224
[2025-03-11 17:42:53,414] [INFO] [30105] COMMIT received from 30052 for REQUEST 1741682572224
[2025-03-11 17:42:53,426] [INFO] [30105] COMMIT received from 30000 for REQUEST 1741682572224
[2025-03-11 17:42:53,426] [INFO] [30105] PREPARE received from 30065 for REQUEST 1741682572224
[2025-03-11 17:42:53,441] [INFO] [30105] PREPARE received from 30078 for REQUEST 1741682572224
[2025-03-11 17:42:53,441] [INFO] [30105] PREPARE received from 30112 for REQUEST 1741682572224
[2025-03-11 17:42:53,448] [INFO] [30105] COMMIT received from 30065 for REQUEST 1741682572224
[2025-03-11 17:42:53,448] [INFO] [30105] COMMIT received from 30112 for REQUEST 1741682572224
[2025-03-11 17:42:53,448] [INFO] [30105] COMMIT received from 30078 for REQUEST 1741682572224
[2025-03-11 17:42:53,467] [INFO] [30105] PREPARE received from 30009 for REQUEST 1741682572224
[2025-03-11 17:42:53,467] [INFO] [30105] PREPARE received from 30092 for REQUEST 1741682572224
[2025-03-11 17:42:53,467] [INFO] [30105] COMMIT received from 30092 for REQUEST 1741682572224
[2025-03-11 17:42:53,467] [INFO] [30105] COMMIT received from 30009 for REQUEST 1741682572224
[2025-03-11 17:42:53,483] [INFO] [30105] PREPARE received from 30034 for REQUEST 1741682572224
[2025-03-11 17:42:53,496] [INFO] [30105] COMMIT received from 30034 for REQUEST 1741682572224
[2025-03-11 17:42:53,521] [INFO] [30105] PREPARE received from 30072 for REQUEST 1741682572224
[2025-03-11 17:42:53,525] [INFO] [30105] COMMIT received from 30072 for REQUEST 1741682572224
[2025-03-11 17:42:53,618] [INFO] [30105] COMMIT received from 30063 for REQUEST 1741682572224
[2025-03-11 17:42:53,618] [INFO] [30105] PREPARE received from 30063 for REQUEST 1741682572224
[2025-03-11 17:42:53,632] [INFO] [30105] PREPARE received from 30098 for REQUEST 1741682572224
[2025-03-11 17:42:53,632] [INFO] [30105] COMMIT received from 30098 for REQUEST 1741682572224
[2025-03-11 17:46:10,119] [INFO] Node started: localhost:30105 | index=106 | f=1, k=4
[2025-03-11 17:46:23,186] [INFO] [30105] PRE-PREPARE received: {'request_id': 1741682782924, 'data': 'llapbft_message_1741682782924', 'timestamp': 1741682782.9516234, 'leader': 30029, 'cluster_id': 0, 'cluster_ports': [30000, 30004, 30009, 30013, 30017, 30026, 30029, 30033, 30036, 30037, 30041, 30043, 30054, 30062, 30064, 30065, 30067, 30071, 30075, 30077, 30080, 30081, 30087, 30089, 30090, 30097, 30099, 30101, 30102, 30105, 30109, 30111, 30115, 30117, 30118, 30121, 30123, 30128, 30141, 30146, 30149, 30152, 30154, 30156], 'cluster_manager': {'host': 'localhost', 'port': 30043, 'latitude': 36.6268641, 'longitude': 127.459297, 'altitude': 143, 'offset_m': 'lat: 29 m, lng: 70 m, alt: 143 m'}, 'simulated_delay': 0.00021166666666666667, 'distance': 131.26810495162937, 'message_size_bits': 5080}
[2025-03-11 17:46:23,186] [INFO] [30105] Broadcasting PREPARE: REQUEST 1741682782924
[2025-03-11 17:46:23,538] [INFO] [30105] PREPARE received from 30117 for REQUEST 1741682782924
[2025-03-11 17:46:23,538] [INFO] [30105] Broadcasting COMMIT: REQUEST 1741682782924
[2025-03-11 17:46:23,547] [INFO] [30105] COMMIT received from 30117 for REQUEST 1741682782924
[2025-03-11 17:46:23,650] [INFO] [30105] PREPARE received from 30149 for REQUEST 1741682782924
[2025-03-11 17:46:23,751] [INFO] [30105] PREPARE received from 30101 for REQUEST 1741682782924
[2025-03-11 17:46:23,751] [INFO] [30105] COMMIT received from 30101 for REQUEST 1741682782924
[2025-03-11 17:46:23,751] [INFO] [30105] COMMIT complete. Sending PRE-REPLY: REQUEST 1741682782924 directly to Manager 30043
[2025-03-11 17:46:23,819] [INFO] [30105] COMMIT received from 30029 for REQUEST 1741682782924
[2025-03-11 17:46:24,009] [INFO] [30105] COMMIT received from 30109 for REQUEST 1741682782924
[2025-03-11 17:46:24,009] [INFO] [30105] PREPARE received from 30109 for REQUEST 1741682782924
[2025-03-11 17:46:24,033] [INFO] [30105] COMMIT received from 30149 for REQUEST 1741682782924
[2025-03-11 17:46:24,104] [INFO] [30105] PREPARE received from 30089 for REQUEST 1741682782924
[2025-03-11 17:46:24,104] [INFO] [30105] COMMIT received from 30089 for REQUEST 1741682782924
[2025-03-11 17:46:24,120] [INFO] [30105] PREPARE received from 30121 for REQUEST 1741682782924
[2025-03-11 17:46:24,120] [INFO] [30105] COMMIT received from 30121 for REQUEST 1741682782924
[2025-03-11 17:46:24,169] [INFO] [30105] PREPARE received from 30077 for REQUEST 1741682782924
[2025-03-11 17:46:24,173] [INFO] [30105] COMMIT received from 30077 for REQUEST 1741682782924
[2025-03-11 17:46:24,183] [INFO] [30105] PREPARE received from 30033 for REQUEST 1741682782924
[2025-03-11 17:46:24,183] [INFO] [30105] COMMIT received from 30033 for REQUEST 1741682782924
[2025-03-11 17:46:24,634] [INFO] [30105] COMMIT received from 30115 for REQUEST 1741682782924
[2025-03-11 17:46:24,634] [INFO] [30105] PREPARE received from 30115 for REQUEST 1741682782924
[2025-03-11 17:46:24,863] [INFO] [30105] COMMIT received from 30111 for REQUEST 1741682782924
[2025-03-11 17:46:24,863] [INFO] [30105] PREPARE received from 30111 for REQUEST 1741682782924
[2025-03-11 17:46:25,024] [INFO] [30105] PREPARE received from 30080 for REQUEST 1741682782924
[2025-03-11 17:46:25,024] [INFO] [30105] COMMIT received from 30080 for REQUEST 1741682782924
[2025-03-11 17:46:25,119] [INFO] [30105] PREPARE received from 30041 for REQUEST 1741682782924
[2025-03-11 17:46:25,168] [INFO] [30105] COMMIT received from 30041 for REQUEST 1741682782924
[2025-03-11 17:46:25,178] [INFO] [30105] PREPARE received from 30128 for REQUEST 1741682782924
[2025-03-11 17:46:25,178] [INFO] [30105] PREPARE received from 30017 for REQUEST 1741682782924
[2025-03-11 17:46:25,178] [INFO] [30105] COMMIT received from 30128 for REQUEST 1741682782924
[2025-03-11 17:46:25,178] [INFO] [30105] COMMIT received from 30017 for REQUEST 1741682782924
[2025-03-11 17:46:25,193] [INFO] [30105] PREPARE received from 30026 for REQUEST 1741682782924
[2025-03-11 17:46:25,193] [INFO] [30105] COMMIT received from 30026 for REQUEST 1741682782924
[2025-03-11 17:46:25,282] [INFO] [30105] PREPARE received from 30090 for REQUEST 1741682782924
[2025-03-11 17:46:25,284] [INFO] [30105] COMMIT received from 30090 for REQUEST 1741682782924
[2025-03-11 17:46:25,291] [INFO] [30105] PREPARE received from 30004 for REQUEST 1741682782924
[2025-03-11 17:46:25,291] [INFO] [30105] COMMIT received from 30004 for REQUEST 1741682782924
[2025-03-11 17:46:25,349] [INFO] [30105] PREPARE received from 30154 for REQUEST 1741682782924
[2025-03-11 17:46:25,352] [INFO] [30105] PREPARE received from 30067 for REQUEST 1741682782924
[2025-03-11 17:46:25,352] [INFO] [30105] COMMIT received from 30154 for REQUEST 1741682782924
[2025-03-11 17:46:25,352] [INFO] [30105] COMMIT received from 30067 for REQUEST 1741682782924
[2025-03-11 17:46:25,352] [INFO] [30105] COMMIT received from 30097 for REQUEST 1741682782924
[2025-03-11 17:46:25,352] [INFO] [30105] PREPARE received from 30097 for REQUEST 1741682782924
[2025-03-11 17:46:25,448] [INFO] [30105] PREPARE received from 30054 for REQUEST 1741682782924
[2025-03-11 17:46:25,478] [INFO] [30105] COMMIT received from 30054 for REQUEST 1741682782924
[2025-03-11 17:46:25,535] [INFO] [30105] PREPARE received from 30064 for REQUEST 1741682782924
[2025-03-11 17:46:25,546] [INFO] [30105] PREPARE received from 30099 for REQUEST 1741682782924
[2025-03-11 17:46:25,546] [INFO] [30105] COMMIT received from 30064 for REQUEST 1741682782924
[2025-03-11 17:46:25,546] [INFO] [30105] COMMIT received from 30099 for REQUEST 1741682782924
[2025-03-11 17:46:25,581] [INFO] [30105] PREPARE received from 30087 for REQUEST 1741682782924
[2025-03-11 17:46:25,581] [INFO] [30105] COMMIT received from 30087 for REQUEST 1741682782924
[2025-03-11 17:46:25,590] [INFO] [30105] PREPARE received from 30156 for REQUEST 1741682782924
[2025-03-11 17:46:25,608] [INFO] [30105] COMMIT received from 30156 for REQUEST 1741682782924
[2025-03-11 17:46:25,647] [INFO] [30105] PREPARE received from 30071 for REQUEST 1741682782924
[2025-03-11 17:46:25,666] [INFO] [30105] COMMIT received from 30071 for REQUEST 1741682782924
[2025-03-11 17:46:25,847] [INFO] [30105] PREPARE received from 30009 for REQUEST 1741682782924
[2025-03-11 17:46:25,847] [INFO] [30105] COMMIT received from 30009 for REQUEST 1741682782924
[2025-03-11 17:46:25,974] [INFO] [30105] PREPARE received from 30000 for REQUEST 1741682782924
[2025-03-11 17:46:25,976] [INFO] [30105] COMMIT received from 30000 for REQUEST 1741682782924
[2025-03-11 17:46:26,065] [INFO] [30105] PREPARE received from 30152 for REQUEST 1741682782924
[2025-03-11 17:46:26,079] [INFO] [30105] COMMIT received from 30152 for REQUEST 1741682782924
[2025-03-11 17:46:26,144] [INFO] [30105] PREPARE received from 30062 for REQUEST 1741682782924
[2025-03-11 17:46:26,144] [INFO] [30105] PREPARE received from 30075 for REQUEST 1741682782924
[2025-03-11 17:46:26,160] [INFO] [30105] COMMIT received from 30062 for REQUEST 1741682782924
[2025-03-11 17:46:26,160] [INFO] [30105] COMMIT received from 30075 for REQUEST 1741682782924
[2025-03-11 17:46:26,176] [INFO] [30105] PREPARE received from 30123 for REQUEST 1741682782924
[2025-03-11 17:46:26,176] [INFO] [30105] COMMIT received from 30123 for REQUEST 1741682782924
[2025-03-11 17:46:26,191] [INFO] [30105] PREPARE received from 30102 for REQUEST 1741682782924
[2025-03-11 17:46:26,197] [INFO] [30105] COMMIT received from 30102 for REQUEST 1741682782924
[2025-03-11 17:46:26,252] [INFO] [30105] PREPARE received from 30036 for REQUEST 1741682782924
[2025-03-11 17:46:26,254] [INFO] [30105] COMMIT received from 30036 for REQUEST 1741682782924
[2025-03-11 17:46:26,296] [INFO] [30105] PREPARE received from 30118 for REQUEST 1741682782924
[2025-03-11 17:46:26,298] [INFO] [30105] COMMIT received from 30118 for REQUEST 1741682782924
[2025-03-11 17:46:26,302] [INFO] [30105] PREPARE received from 30037 for REQUEST 1741682782924
[2025-03-11 17:46:26,302] [INFO] [30105] COMMIT received from 30037 for REQUEST 1741682782924
[2025-03-11 17:46:26,333] [INFO] [30105] PREPARE received from 30146 for REQUEST 1741682782924
[2025-03-11 17:46:26,340] [INFO] [30105] COMMIT received from 30146 for REQUEST 1741682782924
[2025-03-11 17:49:17,301] [INFO] Node started: localhost:30105 | index=106 | f=1, k=4
[2025-03-11 17:49:37,878] [INFO] [30105] PRE-PREPARE received: {'request_id': 1741682977666, 'data': 'llapbft_message_1741682977666', 'timestamp': 1741682977.7055552, 'leader': 30118, 'cluster_id': 2, 'cluster_ports': [30001, 30009, 30012, 30013, 30014, 30016, 30025, 30029, 30037, 30038, 30047, 30051, 30052, 30057, 30060, 30063, 30072, 30073, 30075, 30079, 30082, 30085, 30087, 30088, 30089, 30092, 30093, 30095, 30105, 30106, 30112, 30114, 30118, 30121, 30122, 30127, 30129, 30130, 30133, 30138, 30142, 30143, 30145, 30157, 30165, 30168, 30169, 30171, 30184, 30196, 30198, 30199], 'cluster_manager': {'host': 'localhost', 'port': 30029, 'latitude': 36.6266259, 'longitude': 127.4590111, 'altitude': 13, 'offset_m': 'lat: 2 m, lng: 45 m, alt: 13 m'}, 'simulated_delay': 0.00022966666666666667, 'distance': 131.8026985880322, 'message_size_bits': 5512}
[2025-03-11 17:49:37,878] [INFO] [30105] Broadcasting PREPARE: REQUEST 1741682977666
[2025-03-11 17:49:38,357] [INFO] [30105] PREPARE received from 30073 for REQUEST 1741682977666
[2025-03-11 17:49:38,357] [INFO] [30105] Broadcasting COMMIT: REQUEST 1741682977666
[2025-03-11 17:49:38,357] [INFO] [30105] PREPARE received from 30127 for REQUEST 1741682977666
[2025-03-11 17:49:38,387] [INFO] [30105] PREPARE received from 30143 for REQUEST 1741682977666
[2025-03-11 17:49:38,508] [INFO] [30105] PREPARE received from 30130 for REQUEST 1741682977666
[2025-03-11 17:49:38,612] [INFO] [30105] PREPARE received from 30082 for REQUEST 1741682977666
[2025-03-11 17:49:39,574] [INFO] [30105] PREPARE received from 30106 for REQUEST 1741682977666
[2025-03-11 17:49:39,795] [INFO] [30105] PREPARE received from 30112 for REQUEST 1741682977666
[2025-03-11 17:49:40,091] [INFO] [30105] COMMIT received from 30073 for REQUEST 1741682977666
[2025-03-11 17:49:40,249] [INFO] [30105] COMMIT received from 30127 for REQUEST 1741682977666
[2025-03-11 17:49:40,249] [INFO] [30105] COMMIT complete. Sending PRE-REPLY: REQUEST 1741682977666 directly to Manager 30029
[2025-03-11 17:49:40,249] [INFO] [30105] COMMIT received from 30130 for REQUEST 1741682977666
[2025-03-11 17:49:40,249] [INFO] [30105] COMMIT received from 30143 for REQUEST 1741682977666
[2025-03-11 17:49:40,249] [INFO] [30105] COMMIT received from 30112 for REQUEST 1741682977666
[2025-03-11 17:49:40,249] [INFO] [30105] PREPARE received from 30038 for REQUEST 1741682977666
[2025-03-11 17:49:40,249] [INFO] [30105] PREPARE received from 30171 for REQUEST 1741682977666
[2025-03-11 17:49:40,249] [INFO] [30105] COMMIT received from 30198 for REQUEST 1741682977666
[2025-03-11 17:49:40,249] [INFO] [30105] PREPARE received from 30168 for REQUEST 1741682977666
[2025-03-11 17:49:40,249] [INFO] [30105] COMMIT received from 30171 for REQUEST 1741682977666
[2025-03-11 17:49:40,249] [INFO] [30105] PREPARE received from 30089 for REQUEST 1741682977666
[2025-03-11 17:49:40,249] [INFO] [30105] PREPARE received from 30057 for REQUEST 1741682977666
[2025-03-11 17:49:40,249] [INFO] [30105] COMMIT received from 30082 for REQUEST 1741682977666
[2025-03-11 17:49:40,253] [INFO] [30105] PREPARE received from 30016 for REQUEST 1741682977666
[2025-03-11 17:49:40,253] [INFO] [30105] COMMIT received from 30168 for REQUEST 1741682977666
[2025-03-11 17:49:40,426] [INFO] [30105] PREPARE received from 30122 for REQUEST 1741682977666
[2025-03-11 17:49:40,426] [INFO] [30105] PREPARE received from 30198 for REQUEST 1741682977666
[2025-03-11 17:49:40,426] [INFO] [30105] PREPARE received from 30087 for REQUEST 1741682977666
[2025-03-11 17:49:40,426] [INFO] [30105] PREPARE received from 30145 for REQUEST 1741682977666
[2025-03-11 17:49:40,426] [INFO] [30105] PREPARE received from 30165 for REQUEST 1741682977666
[2025-03-11 17:49:40,455] [INFO] [30105] COMMIT received from 30122 for REQUEST 1741682977666
[2025-03-11 17:49:40,455] [INFO] [30105] COMMIT received from 30145 for REQUEST 1741682977666
[2025-03-11 17:49:40,455] [INFO] [30105] COMMIT received from 30165 for REQUEST 1741682977666
[2025-03-11 17:49:40,455] [INFO] [30105] PREPARE received from 30114 for REQUEST 1741682977666
[2025-03-11 17:49:40,455] [INFO] [30105] COMMIT received from 30087 for REQUEST 1741682977666
[2025-03-11 17:49:40,464] [INFO] [30105] PREPARE received from 30129 for REQUEST 1741682977666
[2025-03-11 17:49:40,503] [INFO] [30105] PREPARE received from 30060 for REQUEST 1741682977666
[2025-03-11 17:49:40,503] [INFO] [30105] COMMIT received from 30129 for REQUEST 1741682977666
[2025-03-11 17:49:40,547] [INFO] [30105] COMMIT received from 30114 for REQUEST 1741682977666
[2025-03-11 17:49:40,668] [INFO] [30105] PREPARE received from 30009 for REQUEST 1741682977666
[2025-03-11 17:49:40,701] [INFO] [30105] COMMIT received from 30009 for REQUEST 1741682977666
[2025-03-11 17:49:40,739] [INFO] [30105] PREPARE received from 30157 for REQUEST 1741682977666
[2025-03-11 17:49:40,741] [INFO] [30105] COMMIT received from 30157 for REQUEST 1741682977666
[2025-03-11 17:49:40,848] [INFO] [30105] PREPARE received from 30051 for REQUEST 1741682977666
[2025-03-11 17:49:40,948] [INFO] [30105] COMMIT received from 30038 for REQUEST 1741682977666
[2025-03-11 17:49:40,990] [INFO] [30105] COMMIT received from 30057 for REQUEST 1741682977666
[2025-03-11 17:49:41,036] [INFO] [30105] COMMIT received from 30051 for REQUEST 1741682977666
[2025-03-11 17:49:41,308] [INFO] [30105] PREPARE received from 30001 for REQUEST 1741682977666
[2025-03-11 17:49:41,308] [INFO] [30105] PREPARE received from 30169 for REQUEST 1741682977666
[2025-03-11 17:49:41,308] [INFO] [30105] PREPARE received from 30184 for REQUEST 1741682977666
[2025-03-11 17:49:41,308] [INFO] [30105] COMMIT received from 30169 for REQUEST 1741682977666
[2025-03-11 17:49:41,308] [INFO] [30105] COMMIT received from 30184 for REQUEST 1741682977666
[2025-03-11 17:49:41,535] [INFO] [30105] COMMIT received from 30106 for REQUEST 1741682977666
[2025-03-11 17:49:41,537] [INFO] [30105] COMMIT received from 30016 for REQUEST 1741682977666
[2025-03-11 17:49:41,559] [INFO] [30105] PREPARE received from 30063 for REQUEST 1741682977666
[2025-03-11 17:49:41,559] [INFO] [30105] COMMIT received from 30063 for REQUEST 1741682977666
[2025-03-11 17:49:41,610] [INFO] [30105] COMMIT received from 30089 for REQUEST 1741682977666
[2025-03-11 17:49:41,692] [INFO] [30105] COMMIT received from 30060 for REQUEST 1741682977666
[2025-03-11 17:49:41,692] [INFO] [30105] PREPARE received from 30047 for REQUEST 1741682977666
[2025-03-11 17:49:41,692] [INFO] [30105] COMMIT received from 30047 for REQUEST 1741682977666
[2025-03-11 17:49:41,755] [INFO] [30105] PREPARE received from 30052 for REQUEST 1741682977666
[2025-03-11 17:49:41,809] [INFO] [30105] COMMIT received from 30052 for REQUEST 1741682977666
[2025-03-11 17:49:41,880] [INFO] [30105] PREPARE received from 30142 for REQUEST 1741682977666
[2025-03-11 17:49:41,882] [INFO] [30105] PREPARE received from 30092 for REQUEST 1741682977666
[2025-03-11 17:49:41,882] [INFO] [30105] PREPARE received from 30121 for REQUEST 1741682977666
[2025-03-11 17:49:41,882] [INFO] [30105] COMMIT received from 30092 for REQUEST 1741682977666
[2025-03-11 17:49:41,896] [INFO] [30105] COMMIT received from 30121 for REQUEST 1741682977666
[2025-03-11 17:49:41,938] [INFO] [30105] COMMIT received from 30142 for REQUEST 1741682977666
[2025-03-11 17:49:42,082] [INFO] [30105] COMMIT received from 30118 for REQUEST 1741682977666
[2025-03-11 17:49:42,357] [INFO] [30105] PREPARE received from 30079 for REQUEST 1741682977666
[2025-03-11 17:49:42,371] [INFO] [30105] COMMIT received from 30001 for REQUEST 1741682977666
[2025-03-11 17:49:42,377] [INFO] [30105] COMMIT received from 30079 for REQUEST 1741682977666
[2025-03-11 17:49:42,505] [INFO] [30105] PREPARE received from 30025 for REQUEST 1741682977666
[2025-03-11 17:49:42,530] [INFO] [30105] COMMIT received from 30025 for REQUEST 1741682977666
[2025-03-11 17:49:42,530] [INFO] [30105] PREPARE received from 30133 for REQUEST 1741682977666
[2025-03-11 17:49:42,530] [INFO] [30105] COMMIT received from 30133 for REQUEST 1741682977666
[2025-03-11 17:49:42,771] [INFO] [30105] PREPARE received from 30196 for REQUEST 1741682977666
[2025-03-11 17:49:42,771] [INFO] [30105] PREPARE received from 30095 for REQUEST 1741682977666
[2025-03-11 17:49:42,818] [INFO] [30105] COMMIT received from 30196 for REQUEST 1741682977666
[2025-03-11 17:49:42,818] [INFO] [30105] COMMIT received from 30014 for REQUEST 1741682977666
[2025-03-11 17:49:42,818] [INFO] [30105] COMMIT received from 30095 for REQUEST 1741682977666
[2025-03-11 17:49:42,818] [INFO] [30105] PREPARE received from 30014 for REQUEST 1741682977666
[2025-03-11 17:49:42,852] [INFO] [30105] PREPARE received from 30088 for REQUEST 1741682977666
[2025-03-11 17:49:42,888] [INFO] [30105] COMMIT received from 30088 for REQUEST 1741682977666
[2025-03-11 17:49:43,086] [INFO] [30105] PREPARE received from 30093 for REQUEST 1741682977666
[2025-03-11 17:49:43,091] [INFO] [30105] PREPARE received from 30199 for REQUEST 1741682977666
[2025-03-11 17:49:43,091] [INFO] [30105] COMMIT received from 30199 for REQUEST 1741682977666
[2025-03-11 17:49:43,091] [INFO] [30105] COMMIT received from 30093 for REQUEST 1741682977666
[2025-03-11 17:49:43,207] [INFO] [30105] PREPARE received from 30138 for REQUEST 1741682977666
[2025-03-11 17:49:43,207] [INFO] [30105] COMMIT received from 30138 for REQUEST 1741682977666
[2025-03-11 17:49:43,322] [INFO] [30105] PREPARE received from 30013 for REQUEST 1741682977666
[2025-03-11 17:49:43,322] [INFO] [30105] COMMIT received from 30013 for REQUEST 1741682977666
[2025-03-11 17:49:43,387] [INFO] [30105] PREPARE received from 30012 for REQUEST 1741682977666
[2025-03-11 17:49:43,401] [INFO] [30105] COMMIT received from 30012 for REQUEST 1741682977666
[2025-03-11 17:49:43,444] [INFO] [30105] PREPARE received from 30085 for REQUEST 1741682977666
[2025-03-11 17:49:43,444] [INFO] [30105] COMMIT received from 30085 for REQUEST 1741682977666
[2025-03-11 17:49:43,939] [INFO] [30105] PREPARE received from 30037 for REQUEST 1741682977666
[2025-03-11 17:49:43,941] [INFO] [30105] COMMIT received from 30037 for REQUEST 1741682977666
[2025-03-11 17:49:44,225] [INFO] [30105] PREPARE received from 30075 for REQUEST 1741682977666
[2025-03-11 17:49:44,229] [INFO] [30105] COMMIT received from 30075 for REQUEST 1741682977666
