[2025-03-11 17:46:19,361] [INFO] Node started: localhost:30151 | index=152 | f=1, k=4
[2025-03-11 17:46:23,097] [INFO] [30151] PRE-PREPARE received: {'request_id': 1741682782924, 'data': 'llapbft_message_1741682782924', 'timestamp': 1741682782.9516234, 'leader': 30063, 'cluster_id': 2, 'cluster_ports': [30006, 30007, 30008, 30012, 30014, 30019, 30020, 30021, 30022, 30031, 30034, 30039, 30040, 30042, 30044, 30050, 30053, 30058, 30059, 30063, 30072, 30074, 30078, 30082, 30084, 30092, 30094, 30098, 30106, 30107, 30116, 30119, 30127, 30135, 30136, 30139, 30143, 30150, 30151, 30159], 'cluster_manager': {'host': 'localhost', 'port': 30159, 'latitude': 36.6271038, 'longitude': 127.4587684, 'altitude': 226, 'offset_m': 'lat: 55 m, lng: 23 m, alt: 226 m'}, 'simulated_delay': 0.00020266666666666667, 'distance': 149.74328590026, 'message_size_bits': 4864}
[2025-03-11 17:46:23,099] [INFO] [30151] Broadcasting PREPARE: REQUEST 1741682782924
[2025-03-11 17:46:23,335] [INFO] [30151] PREPARE received from 30143 for REQUEST 1741682782924
[2025-03-11 17:46:23,335] [INFO] [30151] Broadcasting COMMIT: REQUEST 1741682782924
[2025-03-11 17:46:23,335] [INFO] [30151] PREPARE received from 30139 for REQUEST 1741682782924
[2025-03-11 17:46:23,337] [INFO] [30151] PREPARE received from 30022 for REQUEST 1741682782924
[2025-03-11 17:46:23,337] [INFO] [30151] PREPARE received from 30021 for REQUEST 1741682782924
[2025-03-11 17:46:23,490] [INFO] [30151] COMMIT received from 30022 for REQUEST 1741682782924
[2025-03-11 17:46:23,581] [INFO] [30151] PREPARE received from 30039 for REQUEST 1741682782924
[2025-03-11 17:46:23,581] [INFO] [30151] COMMIT received from 30021 for REQUEST 1741682782924
[2025-03-11 17:46:23,581] [INFO] [30151] COMMIT complete. Sending PRE-REPLY: REQUEST 1741682782924 directly to Manager 30159
[2025-03-11 17:46:23,613] [INFO] [30151] COMMIT received from 30143 for REQUEST 1741682782924
[2025-03-11 17:46:23,679] [INFO] [30151] PREPARE received from 30084 for REQUEST 1741682782924
[2025-03-11 17:46:23,679] [INFO] [30151] COMMIT received from 30084 for REQUEST 1741682782924
[2025-03-11 17:46:23,694] [INFO] [30151] COMMIT received from 30139 for REQUEST 1741682782924
[2025-03-11 17:46:23,781] [INFO] [30151] PREPARE received from 30106 for REQUEST 1741682782924
[2025-03-11 17:46:23,781] [INFO] [30151] COMMIT received from 30106 for REQUEST 1741682782924
[2025-03-11 17:46:23,813] [INFO] [30151] PREPARE received from 30107 for REQUEST 1741682782924
[2025-03-11 17:46:23,935] [INFO] [30151] COMMIT received from 30039 for REQUEST 1741682782924
[2025-03-11 17:46:23,994] [INFO] [30151] PREPARE received from 30007 for REQUEST 1741682782924
[2025-03-11 17:46:23,994] [INFO] [30151] COMMIT received from 30007 for REQUEST 1741682782924
[2025-03-11 17:46:24,152] [INFO] [30151] PREPARE received from 30040 for REQUEST 1741682782924
[2025-03-11 17:46:24,152] [INFO] [30151] COMMIT received from 30040 for REQUEST 1741682782924
[2025-03-11 17:46:24,186] [INFO] [30151] COMMIT received from 30107 for REQUEST 1741682782924
[2025-03-11 17:46:24,234] [INFO] [30151] PREPARE received from 30012 for REQUEST 1741682782924
[2025-03-11 17:46:24,234] [INFO] [30151] COMMIT received from 30012 for REQUEST 1741682782924
[2025-03-11 17:46:24,278] [INFO] [30151] PREPARE received from 30008 for REQUEST 1741682782924
[2025-03-11 17:46:24,278] [INFO] [30151] COMMIT received from 30008 for REQUEST 1741682782924
[2025-03-11 17:46:24,433] [INFO] [30151] COMMIT received from 30063 for REQUEST 1741682782924
[2025-03-11 17:46:24,547] [INFO] [30151] PREPARE received from 30094 for REQUEST 1741682782924
[2025-03-11 17:46:24,547] [INFO] [30151] COMMIT received from 30094 for REQUEST 1741682782924
[2025-03-11 17:46:24,562] [INFO] [30151] PREPARE received from 30034 for REQUEST 1741682782924
[2025-03-11 17:46:24,562] [INFO] [30151] COMMIT received from 30034 for REQUEST 1741682782924
[2025-03-11 17:46:24,852] [INFO] [30151] PREPARE received from 30059 for REQUEST 1741682782924
[2025-03-11 17:46:24,852] [INFO] [30151] COMMIT received from 30059 for REQUEST 1741682782924
[2025-03-11 17:46:25,004] [INFO] [30151] PREPARE received from 30053 for REQUEST 1741682782924
[2025-03-11 17:46:25,004] [INFO] [30151] COMMIT received from 30053 for REQUEST 1741682782924
[2025-03-11 17:46:25,020] [INFO] [30151] PREPARE received from 30044 for REQUEST 1741682782924
[2025-03-11 17:46:25,020] [INFO] [30151] COMMIT received from 30044 for REQUEST 1741682782924
[2025-03-11 17:46:25,049] [INFO] [30151] PREPARE received from 30116 for REQUEST 1741682782924
[2025-03-11 17:46:25,049] [INFO] [30151] COMMIT received from 30116 for REQUEST 1741682782924
[2025-03-11 17:46:25,265] [INFO] [30151] PREPARE received from 30127 for REQUEST 1741682782924
[2025-03-11 17:46:25,324] [INFO] [30151] COMMIT received from 30127 for REQUEST 1741682782924
[2025-03-11 17:46:25,324] [INFO] [30151] PREPARE received from 30136 for REQUEST 1741682782924
[2025-03-11 17:46:25,324] [INFO] [30151] COMMIT received from 30136 for REQUEST 1741682782924
[2025-03-11 17:46:25,425] [INFO] [30151] PREPARE received from 30042 for REQUEST 1741682782924
[2025-03-11 17:46:25,425] [INFO] [30151] COMMIT received from 30098 for REQUEST 1741682782924
[2025-03-11 17:46:25,425] [INFO] [30151] COMMIT received from 30042 for REQUEST 1741682782924
[2025-03-11 17:46:25,425] [INFO] [30151] PREPARE received from 30098 for REQUEST 1741682782924
[2025-03-11 17:46:25,488] [INFO] [30151] COMMIT received from 30119 for REQUEST 1741682782924
[2025-03-11 17:46:25,488] [INFO] [30151] PREPARE received from 30119 for REQUEST 1741682782924
[2025-03-11 17:46:25,590] [INFO] [30151] PREPARE received from 30014 for REQUEST 1741682782924
[2025-03-11 17:46:25,606] [INFO] [30151] COMMIT received from 30014 for REQUEST 1741682782924
[2025-03-11 17:46:25,687] [INFO] [30151] PREPARE received from 30092 for REQUEST 1741682782924
[2025-03-11 17:46:25,687] [INFO] [30151] COMMIT received from 30092 for REQUEST 1741682782924
[2025-03-11 17:46:25,701] [INFO] [30151] PREPARE received from 30078 for REQUEST 1741682782924
[2025-03-11 17:46:25,701] [INFO] [30151] PREPARE received from 30074 for REQUEST 1741682782924
[2025-03-11 17:46:25,701] [INFO] [30151] PREPARE received from 30019 for REQUEST 1741682782924
[2025-03-11 17:46:25,701] [INFO] [30151] COMMIT received from 30074 for REQUEST 1741682782924
[2025-03-11 17:46:25,701] [INFO] [30151] COMMIT received from 30078 for REQUEST 1741682782924
[2025-03-11 17:46:25,701] [INFO] [30151] COMMIT received from 30019 for REQUEST 1741682782924
[2025-03-11 17:46:25,721] [INFO] [30151] PREPARE received from 30072 for REQUEST 1741682782924
[2025-03-11 17:46:25,729] [INFO] [30151] COMMIT received from 30072 for REQUEST 1741682782924
[2025-03-11 17:46:25,735] [INFO] [30151] PREPARE received from 30058 for REQUEST 1741682782924
[2025-03-11 17:46:25,735] [INFO] [30151] COMMIT received from 30058 for REQUEST 1741682782924
[2025-03-11 17:46:25,812] [INFO] [30151] PREPARE received from 30031 for REQUEST 1741682782924
[2025-03-11 17:46:25,812] [INFO] [30151] COMMIT received from 30031 for REQUEST 1741682782924
[2025-03-11 17:46:25,847] [INFO] [30151] PREPARE received from 30006 for REQUEST 1741682782924
[2025-03-11 17:46:25,847] [INFO] [30151] COMMIT received from 30006 for REQUEST 1741682782924
[2025-03-11 17:46:25,881] [INFO] [30151] PREPARE received from 30050 for REQUEST 1741682782924
[2025-03-11 17:46:25,883] [INFO] [30151] COMMIT received from 30050 for REQUEST 1741682782924
[2025-03-11 17:46:25,976] [INFO] [30151] PREPARE received from 30150 for REQUEST 1741682782924
[2025-03-11 17:46:25,983] [INFO] [30151] COMMIT received from 30150 for REQUEST 1741682782924
[2025-03-11 17:46:26,081] [INFO] [30151] PREPARE received from 30135 for REQUEST 1741682782924
[2025-03-11 17:46:26,081] [INFO] [30151] COMMIT received from 30135 for REQUEST 1741682782924
[2025-03-11 17:49:26,549] [INFO] Node started: localhost:30151 | index=152 | f=1, k=4
[2025-03-11 17:49:38,427] [INFO] [30151] PRE-PREPARE received: {'request_id': 1741682977666, 'data': 'llapbft_message_1741682977666', 'timestamp': 1741682977.7055552, 'leader': 30004, 'cluster_id': 0, 'cluster_ports': [30000, 30004, 30006, 30007, 30011, 30015, 30018, 30023, 30027, 30036, 30039, 30041, 30042, 30043, 30044, 30046, 30049, 30053, 30059, 30061, 30065, 30066, 30070, 30074, 30078, 30083, 30094, 30096, 30098, 30100, 30102, 30104, 30108, 30109, 30110, 30111, 30113, 30115, 30116, 30126, 30131, 30132, 30139, 30147, 30150, 30151, 30154, 30161, 30162, 30170, 30172, 30176, 30177, 30181, 30185, 30187, 30189], 'cluster_manager': {'host': 'localhost', 'port': 30074, 'latitude': 36.6269982, 'longitude': 127.4590819, 'altitude': 88, 'offset_m': 'lat: 44 m, lng: 51 m, alt: 88 m'}, 'simulated_delay': 0.0001611111111111111, 'distance': 53.444643037919214, 'message_size_bits': 5800}
[2025-03-11 17:49:38,427] [INFO] [30151] Broadcasting PREPARE: REQUEST 1741682977666
[2025-03-11 17:49:39,255] [INFO] [30151] PREPARE received from 30116 for REQUEST 1741682977666
[2025-03-11 17:49:39,255] [INFO] [30151] Broadcasting COMMIT: REQUEST 1741682977666
[2025-03-11 17:49:39,266] [INFO] [30151] COMMIT received from 30116 for REQUEST 1741682977666
[2025-03-11 17:49:39,475] [INFO] [30151] PREPARE received from 30094 for REQUEST 1741682977666
[2025-03-11 17:49:39,475] [INFO] [30151] COMMIT received from 30094 for REQUEST 1741682977666
[2025-03-11 17:49:39,479] [INFO] [30151] COMMIT complete. Sending PRE-REPLY: REQUEST 1741682977666 directly to Manager 30074
[2025-03-11 17:49:39,623] [INFO] [30151] PREPARE received from 30006 for REQUEST 1741682977666
[2025-03-11 17:49:39,666] [INFO] [30151] COMMIT received from 30006 for REQUEST 1741682977666
[2025-03-11 17:49:40,059] [INFO] [30151] PREPARE received from 30042 for REQUEST 1741682977666
[2025-03-11 17:49:40,105] [INFO] [30151] COMMIT received from 30042 for REQUEST 1741682977666
[2025-03-11 17:49:40,328] [INFO] [30151] COMMIT received from 30078 for REQUEST 1741682977666
[2025-03-11 17:49:40,328] [INFO] [30151] PREPARE received from 30078 for REQUEST 1741682977666
[2025-03-11 17:49:40,385] [INFO] [30151] PREPARE received from 30039 for REQUEST 1741682977666
[2025-03-11 17:49:40,385] [INFO] [30151] COMMIT received from 30039 for REQUEST 1741682977666
[2025-03-11 17:49:40,621] [INFO] [30151] PREPARE received from 30126 for REQUEST 1741682977666
[2025-03-11 17:49:40,621] [INFO] [30151] PREPARE received from 30098 for REQUEST 1741682977666
[2025-03-11 17:49:40,643] [INFO] [30151] COMMIT received from 30126 for REQUEST 1741682977666
[2025-03-11 17:49:40,643] [INFO] [30151] COMMIT received from 30098 for REQUEST 1741682977666
[2025-03-11 17:49:40,916] [INFO] [30151] PREPARE received from 30132 for REQUEST 1741682977666
[2025-03-11 17:49:40,916] [INFO] [30151] COMMIT received from 30132 for REQUEST 1741682977666
[2025-03-11 17:49:41,000] [INFO] [30151] PREPARE received from 30110 for REQUEST 1741682977666
[2025-03-11 17:49:41,007] [INFO] [30151] COMMIT received from 30110 for REQUEST 1741682977666
[2025-03-11 17:49:41,113] [INFO] [30151] PREPARE received from 30187 for REQUEST 1741682977666
[2025-03-11 17:49:41,113] [INFO] [30151] COMMIT received from 30187 for REQUEST 1741682977666
[2025-03-11 17:49:41,211] [INFO] [30151] PREPARE received from 30059 for REQUEST 1741682977666
[2025-03-11 17:49:41,256] [INFO] [30151] COMMIT received from 30059 for REQUEST 1741682977666
[2025-03-11 17:49:41,517] [INFO] [30151] PREPARE received from 30096 for REQUEST 1741682977666
[2025-03-11 17:49:41,517] [INFO] [30151] COMMIT received from 30096 for REQUEST 1741682977666
[2025-03-11 17:49:41,517] [INFO] [30151] PREPARE received from 30044 for REQUEST 1741682977666
[2025-03-11 17:49:41,517] [INFO] [30151] COMMIT received from 30044 for REQUEST 1741682977666
[2025-03-11 17:49:41,703] [INFO] [30151] PREPARE received from 30170 for REQUEST 1741682977666
[2025-03-11 17:49:41,721] [INFO] [30151] COMMIT received from 30170 for REQUEST 1741682977666
[2025-03-11 17:49:41,809] [INFO] [30151] PREPARE received from 30018 for REQUEST 1741682977666
[2025-03-11 17:49:41,809] [INFO] [30151] COMMIT received from 30018 for REQUEST 1741682977666
[2025-03-11 17:49:41,837] [INFO] [30151] PREPARE received from 30162 for REQUEST 1741682977666
[2025-03-11 17:49:41,837] [INFO] [30151] COMMIT received from 30162 for REQUEST 1741682977666
[2025-03-11 17:49:41,926] [INFO] [30151] COMMIT received from 30004 for REQUEST 1741682977666
[2025-03-11 17:49:41,926] [INFO] [30151] PREPARE received from 30036 for REQUEST 1741682977666
[2025-03-11 17:49:41,926] [INFO] [30151] COMMIT received from 30036 for REQUEST 1741682977666
[2025-03-11 17:49:42,098] [INFO] [30151] PREPARE received from 30139 for REQUEST 1741682977666
[2025-03-11 17:49:42,098] [INFO] [30151] PREPARE received from 30172 for REQUEST 1741682977666
[2025-03-11 17:49:42,098] [INFO] [30151] COMMIT received from 30172 for REQUEST 1741682977666
[2025-03-11 17:49:42,098] [INFO] [30151] COMMIT received from 30139 for REQUEST 1741682977666
[2025-03-11 17:49:42,978] [INFO] [30151] PREPARE received from 30185 for REQUEST 1741682977666
[2025-03-11 17:49:42,998] [INFO] [30151] PREPARE received from 30061 for REQUEST 1741682977666
[2025-03-11 17:49:43,007] [INFO] [30151] COMMIT received from 30185 for REQUEST 1741682977666
[2025-03-11 17:49:43,007] [INFO] [30151] COMMIT received from 30061 for REQUEST 1741682977666
[2025-03-11 17:49:43,023] [INFO] [30151] PREPARE received from 30111 for REQUEST 1741682977666
[2025-03-11 17:49:43,023] [INFO] [30151] COMMIT received from 30111 for REQUEST 1741682977666
[2025-03-11 17:49:43,373] [INFO] [30151] PREPARE received from 30147 for REQUEST 1741682977666
[2025-03-11 17:49:43,373] [INFO] [30151] COMMIT received from 30147 for REQUEST 1741682977666
[2025-03-11 17:49:43,560] [INFO] [30151] PREPARE received from 30049 for REQUEST 1741682977666
[2025-03-11 17:49:43,560] [INFO] [30151] PREPARE received from 30181 for REQUEST 1741682977666
[2025-03-11 17:49:43,560] [INFO] [30151] COMMIT received from 30181 for REQUEST 1741682977666
[2025-03-11 17:49:43,560] [INFO] [30151] COMMIT received from 30049 for REQUEST 1741682977666
[2025-03-11 17:49:43,560] [INFO] [30151] COMMIT received from 30011 for REQUEST 1741682977666
[2025-03-11 17:49:43,560] [INFO] [30151] PREPARE received from 30011 for REQUEST 1741682977666
[2025-03-11 17:49:43,644] [INFO] [30151] PREPARE received from 30007 for REQUEST 1741682977666
[2025-03-11 17:49:43,644] [INFO] [30151] PREPARE received from 30150 for REQUEST 1741682977666
[2025-03-11 17:49:43,644] [INFO] [30151] COMMIT received from 30150 for REQUEST 1741682977666
[2025-03-11 17:49:43,656] [INFO] [30151] COMMIT received from 30007 for REQUEST 1741682977666
[2025-03-11 17:49:43,788] [INFO] [30151] PREPARE received from 30109 for REQUEST 1741682977666
[2025-03-11 17:49:43,827] [INFO] [30151] COMMIT received from 30109 for REQUEST 1741682977666
[2025-03-11 17:49:43,827] [INFO] [30151] PREPARE received from 30027 for REQUEST 1741682977666
[2025-03-11 17:49:43,827] [INFO] [30151] COMMIT received from 30104 for REQUEST 1741682977666
[2025-03-11 17:49:43,827] [INFO] [30151] PREPARE received from 30104 for REQUEST 1741682977666
[2025-03-11 17:49:43,827] [INFO] [30151] COMMIT received from 30027 for REQUEST 1741682977666
[2025-03-11 17:49:43,856] [INFO] [30151] PREPARE received from 30070 for REQUEST 1741682977666
[2025-03-11 17:49:43,871] [INFO] [30151] COMMIT received from 30070 for REQUEST 1741682977666
[2025-03-11 17:49:43,927] [INFO] [30151] PREPARE received from 30043 for REQUEST 1741682977666
[2025-03-11 17:49:43,927] [INFO] [30151] COMMIT received from 30043 for REQUEST 1741682977666
[2025-03-11 17:49:44,013] [INFO] [30151] PREPARE received from 30100 for REQUEST 1741682977666
[2025-03-11 17:49:44,013] [INFO] [30151] PREPARE received from 30102 for REQUEST 1741682977666
[2025-03-11 17:49:44,013] [INFO] [30151] COMMIT received from 30100 for REQUEST 1741682977666
[2025-03-11 17:49:44,013] [INFO] [30151] COMMIT received from 30102 for REQUEST 1741682977666
[2025-03-11 17:49:44,095] [INFO] [30151] PREPARE received from 30108 for REQUEST 1741682977666
[2025-03-11 17:49:44,097] [INFO] [30151] PREPARE received from 30154 for REQUEST 1741682977666
[2025-03-11 17:49:44,097] [INFO] [30151] COMMIT received from 30154 for REQUEST 1741682977666
[2025-03-11 17:49:44,097] [INFO] [30151] COMMIT received from 30108 for REQUEST 1741682977666
[2025-03-11 17:49:44,124] [INFO] [30151] PREPARE received from 30161 for REQUEST 1741682977666
[2025-03-11 17:49:44,127] [INFO] [30151] COMMIT received from 30161 for REQUEST 1741682977666
[2025-03-11 17:49:44,162] [INFO] [30151] PREPARE received from 30053 for REQUEST 1741682977666
[2025-03-11 17:49:44,173] [INFO] [30151] COMMIT received from 30053 for REQUEST 1741682977666
[2025-03-11 17:49:44,229] [INFO] [30151] PREPARE received from 30041 for REQUEST 1741682977666
[2025-03-11 17:49:44,229] [INFO] [30151] COMMIT received from 30041 for REQUEST 1741682977666
[2025-03-11 17:49:44,282] [INFO] [30151] PREPARE received from 30000 for REQUEST 1741682977666
[2025-03-11 17:49:44,282] [INFO] [30151] PREPARE received from 30113 for REQUEST 1741682977666
[2025-03-11 17:49:44,291] [INFO] [30151] COMMIT received from 30000 for REQUEST 1741682977666
[2025-03-11 17:49:44,291] [INFO] [30151] COMMIT received from 30113 for REQUEST 1741682977666
[2025-03-11 17:49:44,424] [INFO] [30151] PREPARE received from 30176 for REQUEST 1741682977666
[2025-03-11 17:49:44,424] [INFO] [30151] COMMIT received from 30176 for REQUEST 1741682977666
[2025-03-11 17:49:44,424] [INFO] [30151] PREPARE received from 30115 for REQUEST 1741682977666
[2025-03-11 17:49:44,424] [INFO] [30151] COMMIT received from 30115 for REQUEST 1741682977666
[2025-03-11 17:49:44,511] [INFO] [30151] PREPARE received from 30083 for REQUEST 1741682977666
[2025-03-11 17:49:44,511] [INFO] [30151] COMMIT received from 30083 for REQUEST 1741682977666
[2025-03-11 17:49:44,522] [INFO] [30151] PREPARE received from 30131 for REQUEST 1741682977666
[2025-03-11 17:49:44,527] [INFO] [30151] COMMIT received from 30131 for REQUEST 1741682977666
[2025-03-11 17:49:44,547] [INFO] [30151] PREPARE received from 30065 for REQUEST 1741682977666
[2025-03-11 17:49:44,575] [INFO] [30151] COMMIT received from 30065 for REQUEST 1741682977666
[2025-03-11 17:49:44,575] [INFO] [30151] PREPARE received from 30066 for REQUEST 1741682977666
[2025-03-11 17:49:44,582] [INFO] [30151] COMMIT received from 30066 for REQUEST 1741682977666
[2025-03-11 17:49:44,602] [INFO] [30151] COMMIT received from 30177 for REQUEST 1741682977666
[2025-03-11 17:49:44,602] [INFO] [30151] PREPARE received from 30177 for REQUEST 1741682977666
[2025-03-11 17:49:44,649] [INFO] [30151] PREPARE received from 30189 for REQUEST 1741682977666
[2025-03-11 17:49:44,649] [INFO] [30151] COMMIT received from 30189 for REQUEST 1741682977666
[2025-03-11 17:49:44,836] [INFO] [30151] PREPARE received from 30015 for REQUEST 1741682977666
[2025-03-11 17:49:44,838] [INFO] [30151] COMMIT received from 30015 for REQUEST 1741682977666
[2025-03-11 17:49:44,840] [INFO] [30151] PREPARE received from 30046 for REQUEST 1741682977666
[2025-03-11 17:49:44,840] [INFO] [30151] COMMIT received from 30046 for REQUEST 1741682977666
[2025-03-11 17:49:44,890] [INFO] [30151] PREPARE received from 30023 for REQUEST 1741682977666
[2025-03-11 17:49:44,892] [INFO] [30151] COMMIT received from 30023 for REQUEST 1741682977666
