[2025-03-11 17:42:26,918] [INFO] Node started: localhost:30111 | index=112 | f=1, k=4
[2025-03-11 17:42:52,259] [INFO] [30111] PRE-PREPARE received: {'request_id': 1741682572224, 'data': 'llapbft_message_1741682572224', 'timestamp': 1741682572.224601, 'leader': 30099, 'cluster_id': 0, 'cluster_ports': [30010, 30011, 30016, 30019, 30026, 30027, 30031, 30035, 30049, 30054, 30056, 30058, 30059, 30060, 30062, 30064, 30066, 30068, 30069, 30076, 30077, 30083, 30088, 30096, 30097, 30099, 30102, 30104, 30106, 30111, 30114, 30115, 30116, 30117], 'cluster_manager': {'host': 'localhost', 'port': 30049, 'latitude': 36.626668, 'longitude': 127.4587754, 'altitude': 52, 'offset_m': 'lat: 7 m, lng: 24 m, alt: 52 m'}, 'simulated_delay': 0.00012466666666666667, 'distance': 97.40924865564992, 'message_size_bits': 4488}
[2025-03-11 17:42:52,259] [INFO] [30111] Broadcasting PREPARE: REQUEST 1741682572224
[2025-03-11 17:42:52,337] [INFO] [30111] PREPARE received from 30031 for REQUEST 1741682572224
[2025-03-11 17:42:52,337] [INFO] [30111] Broadcasting COMMIT: REQUEST 1741682572224
[2025-03-11 17:42:52,451] [INFO] [30111] PREPARE received from 30088 for REQUEST 1741682572224
[2025-03-11 17:42:52,453] [INFO] [30111] PREPARE received from 30076 for REQUEST 1741682572224
[2025-03-11 17:42:52,453] [INFO] [30111] PREPARE received from 30010 for REQUEST 1741682572224
[2025-03-11 17:42:52,453] [INFO] [30111] PREPARE received from 30115 for REQUEST 1741682572224
[2025-03-11 17:42:52,453] [INFO] [30111] PREPARE received from 30035 for REQUEST 1741682572224
[2025-03-11 17:42:52,798] [INFO] [30111] PREPARE received from 30026 for REQUEST 1741682572224
[2025-03-11 17:42:52,798] [INFO] [30111] PREPARE received from 30096 for REQUEST 1741682572224
[2025-03-11 17:42:52,859] [INFO] [30111] COMMIT received from 30035 for REQUEST 1741682572224
[2025-03-11 17:42:52,904] [INFO] [30111] PREPARE received from 30104 for REQUEST 1741682572224
[2025-03-11 17:42:52,904] [INFO] [30111] PREPARE received from 30114 for REQUEST 1741682572224
[2025-03-11 17:42:52,904] [INFO] [30111] PREPARE received from 30106 for REQUEST 1741682572224
[2025-03-11 17:42:52,904] [INFO] [30111] PREPARE received from 30054 for REQUEST 1741682572224
[2025-03-11 17:42:52,904] [INFO] [30111] COMMIT received from 30115 for REQUEST 1741682572224
[2025-03-11 17:42:52,904] [INFO] [30111] COMMIT complete. Sending PRE-REPLY: REQUEST 1741682572224 directly to Manager 30049
[2025-03-11 17:42:52,904] [INFO] [30111] PREPARE received from 30064 for REQUEST 1741682572224
[2025-03-11 17:42:52,908] [INFO] [30111] PREPARE received from 30056 for REQUEST 1741682572224
[2025-03-11 17:42:52,908] [INFO] [30111] COMMIT received from 30010 for REQUEST 1741682572224
[2025-03-11 17:42:53,024] [INFO] [30111] COMMIT received from 30066 for REQUEST 1741682572224
[2025-03-11 17:42:53,024] [INFO] [30111] COMMIT received from 30104 for REQUEST 1741682572224
[2025-03-11 17:42:53,024] [INFO] [30111] COMMIT received from 30011 for REQUEST 1741682572224
[2025-03-11 17:42:53,026] [INFO] [30111] COMMIT received from 30054 for REQUEST 1741682572224
[2025-03-11 17:42:53,026] [INFO] [30111] COMMIT received from 30026 for REQUEST 1741682572224
[2025-03-11 17:42:53,026] [INFO] [30111] COMMIT received from 30096 for REQUEST 1741682572224
[2025-03-11 17:42:53,026] [INFO] [30111] COMMIT received from 30106 for REQUEST 1741682572224
[2025-03-11 17:42:53,028] [INFO] [30111] COMMIT received from 30114 for REQUEST 1741682572224
[2025-03-11 17:42:53,028] [INFO] [30111] COMMIT received from 30060 for REQUEST 1741682572224
[2025-03-11 17:42:53,030] [INFO] [30111] PREPARE received from 30117 for REQUEST 1741682572224
[2025-03-11 17:42:53,128] [INFO] [30111] PREPARE received from 30060 for REQUEST 1741682572224
[2025-03-11 17:42:53,128] [INFO] [30111] PREPARE received from 30083 for REQUEST 1741682572224
[2025-03-11 17:42:53,128] [INFO] [30111] PREPARE received from 30016 for REQUEST 1741682572224
[2025-03-11 17:42:53,128] [INFO] [30111] COMMIT received from 30016 for REQUEST 1741682572224
[2025-03-11 17:42:53,128] [INFO] [30111] PREPARE received from 30066 for REQUEST 1741682572224
[2025-03-11 17:42:53,128] [INFO] [30111] PREPARE received from 30011 for REQUEST 1741682572224
[2025-03-11 17:42:53,128] [INFO] [30111] PREPARE received from 30059 for REQUEST 1741682572224
[2025-03-11 17:42:53,128] [INFO] [30111] COMMIT received from 30088 for REQUEST 1741682572224
[2025-03-11 17:42:53,128] [INFO] [30111] PREPARE received from 30058 for REQUEST 1741682572224
[2025-03-11 17:42:53,142] [INFO] [30111] COMMIT received from 30064 for REQUEST 1741682572224
[2025-03-11 17:42:53,142] [INFO] [30111] COMMIT received from 30083 for REQUEST 1741682572224
[2025-03-11 17:42:53,142] [INFO] [30111] COMMIT received from 30059 for REQUEST 1741682572224
[2025-03-11 17:42:53,150] [INFO] [30111] COMMIT received from 30058 for REQUEST 1741682572224
[2025-03-11 17:42:53,150] [INFO] [30111] COMMIT received from 30099 for REQUEST 1741682572224
[2025-03-11 17:42:53,159] [INFO] [30111] PREPARE received from 30062 for REQUEST 1741682572224
[2025-03-11 17:42:53,159] [INFO] [30111] PREPARE received from 30116 for REQUEST 1741682572224
[2025-03-11 17:42:53,167] [INFO] [30111] COMMIT received from 30076 for REQUEST 1741682572224
[2025-03-11 17:42:53,169] [INFO] [30111] COMMIT received from 30019 for REQUEST 1741682572224
[2025-03-11 17:42:53,169] [INFO] [30111] COMMIT received from 30062 for REQUEST 1741682572224
[2025-03-11 17:42:53,169] [INFO] [30111] COMMIT received from 30116 for REQUEST 1741682572224
[2025-03-11 17:42:53,169] [INFO] [30111] PREPARE received from 30019 for REQUEST 1741682572224
[2025-03-11 17:42:53,169] [INFO] [30111] COMMIT received from 30117 for REQUEST 1741682572224
[2025-03-11 17:42:53,182] [INFO] [30111] COMMIT received from 30097 for REQUEST 1741682572224
[2025-03-11 17:42:53,199] [INFO] [30111] PREPARE received from 30097 for REQUEST 1741682572224
[2025-03-11 17:42:53,201] [INFO] [30111] COMMIT received from 30031 for REQUEST 1741682572224
[2025-03-11 17:42:53,231] [INFO] [30111] PREPARE received from 30027 for REQUEST 1741682572224
[2025-03-11 17:42:53,231] [INFO] [30111] PREPARE received from 30077 for REQUEST 1741682572224
[2025-03-11 17:42:53,254] [INFO] [30111] PREPARE received from 30069 for REQUEST 1741682572224
[2025-03-11 17:42:53,256] [INFO] [30111] COMMIT received from 30027 for REQUEST 1741682572224
[2025-03-11 17:42:53,305] [INFO] [30111] COMMIT received from 30077 for REQUEST 1741682572224
[2025-03-11 17:42:53,305] [INFO] [30111] PREPARE received from 30102 for REQUEST 1741682572224
[2025-03-11 17:42:53,310] [INFO] [30111] COMMIT received from 30069 for REQUEST 1741682572224
[2025-03-11 17:42:53,314] [INFO] [30111] COMMIT received from 30056 for REQUEST 1741682572224
[2025-03-11 17:42:53,339] [INFO] [30111] COMMIT received from 30102 for REQUEST 1741682572224
[2025-03-11 17:42:53,385] [INFO] [30111] PREPARE received from 30068 for REQUEST 1741682572224
[2025-03-11 17:42:53,391] [INFO] [30111] COMMIT received from 30068 for REQUEST 1741682572224
[2025-03-11 17:46:11,339] [INFO] Node started: localhost:30111 | index=112 | f=1, k=4
[2025-03-11 17:46:23,186] [INFO] [30111] PRE-PREPARE received: {'request_id': 1741682782924, 'data': 'llapbft_message_1741682782924', 'timestamp': 1741682782.9516234, 'leader': 30029, 'cluster_id': 0, 'cluster_ports': [30000, 30004, 30009, 30013, 30017, 30026, 30029, 30033, 30036, 30037, 30041, 30043, 30054, 30062, 30064, 30065, 30067, 30071, 30075, 30077, 30080, 30081, 30087, 30089, 30090, 30097, 30099, 30101, 30102, 30105, 30109, 30111, 30115, 30117, 30118, 30121, 30123, 30128, 30141, 30146, 30149, 30152, 30154, 30156], 'cluster_manager': {'host': 'localhost', 'port': 30043, 'latitude': 36.6268641, 'longitude': 127.459297, 'altitude': 143, 'offset_m': 'lat: 29 m, lng: 70 m, alt: 143 m'}, 'simulated_delay': 0.00014111111111111111, 'distance': 55.142757356445884, 'message_size_bits': 5080}
[2025-03-11 17:46:23,186] [INFO] [30111] Broadcasting PREPARE: REQUEST 1741682782924
[2025-03-11 17:46:23,329] [INFO] [30111] PREPARE received from 30152 for REQUEST 1741682782924
[2025-03-11 17:46:23,329] [INFO] [30111] Broadcasting COMMIT: REQUEST 1741682782924
[2025-03-11 17:46:23,388] [INFO] [30111] COMMIT received from 30152 for REQUEST 1741682782924
[2025-03-11 17:46:23,447] [INFO] [30111] PREPARE received from 30097 for REQUEST 1741682782924
[2025-03-11 17:46:23,522] [INFO] [30111] COMMIT received from 30097 for REQUEST 1741682782924
[2025-03-11 17:46:23,522] [INFO] [30111] COMMIT complete. Sending PRE-REPLY: REQUEST 1741682782924 directly to Manager 30043
[2025-03-11 17:46:23,773] [INFO] [30111] PREPARE received from 30154 for REQUEST 1741682782924
[2025-03-11 17:46:23,775] [INFO] [30111] PREPARE received from 30123 for REQUEST 1741682782924
[2025-03-11 17:46:23,781] [INFO] [30111] COMMIT received from 30123 for REQUEST 1741682782924
[2025-03-11 17:46:23,781] [INFO] [30111] COMMIT received from 30154 for REQUEST 1741682782924
[2025-03-11 17:46:23,828] [INFO] [30111] COMMIT received from 30029 for REQUEST 1741682782924
[2025-03-11 17:46:23,962] [INFO] [30111] PREPARE received from 30075 for REQUEST 1741682782924
[2025-03-11 17:46:23,962] [INFO] [30111] PREPARE received from 30080 for REQUEST 1741682782924
[2025-03-11 17:46:23,962] [INFO] [30111] COMMIT received from 30075 for REQUEST 1741682782924
[2025-03-11 17:46:23,962] [INFO] [30111] COMMIT received from 30128 for REQUEST 1741682782924
[2025-03-11 17:46:23,962] [INFO] [30111] COMMIT received from 30080 for REQUEST 1741682782924
[2025-03-11 17:46:23,976] [INFO] [30111] PREPARE received from 30128 for REQUEST 1741682782924
[2025-03-11 17:46:24,057] [INFO] [30111] PREPARE received from 30087 for REQUEST 1741682782924
[2025-03-11 17:46:24,057] [INFO] [30111] COMMIT received from 30087 for REQUEST 1741682782924
[2025-03-11 17:46:24,173] [INFO] [30111] PREPARE received from 30037 for REQUEST 1741682782924
[2025-03-11 17:46:24,173] [INFO] [30111] COMMIT received from 30037 for REQUEST 1741682782924
[2025-03-11 17:46:24,357] [INFO] [30111] PREPARE received from 30149 for REQUEST 1741682782924
[2025-03-11 17:46:24,357] [INFO] [30111] PREPARE received from 30062 for REQUEST 1741682782924
[2025-03-11 17:46:24,357] [INFO] [30111] COMMIT received from 30149 for REQUEST 1741682782924
[2025-03-11 17:46:24,357] [INFO] [30111] COMMIT received from 30062 for REQUEST 1741682782924
[2025-03-11 17:46:24,421] [INFO] [30111] PREPARE received from 30067 for REQUEST 1741682782924
[2025-03-11 17:46:24,436] [INFO] [30111] PREPARE received from 30146 for REQUEST 1741682782924
[2025-03-11 17:46:24,438] [INFO] [30111] COMMIT received from 30146 for REQUEST 1741682782924
[2025-03-11 17:46:24,438] [INFO] [30111] COMMIT received from 30067 for REQUEST 1741682782924
[2025-03-11 17:46:24,442] [INFO] [30111] PREPARE received from 30026 for REQUEST 1741682782924
[2025-03-11 17:46:24,442] [INFO] [30111] COMMIT received from 30026 for REQUEST 1741682782924
[2025-03-11 17:46:24,483] [INFO] [30111] PREPARE received from 30054 for REQUEST 1741682782924
[2025-03-11 17:46:24,483] [INFO] [30111] COMMIT received from 30054 for REQUEST 1741682782924
[2025-03-11 17:46:24,547] [INFO] [30111] PREPARE received from 30017 for REQUEST 1741682782924
[2025-03-11 17:46:24,547] [INFO] [30111] COMMIT received from 30017 for REQUEST 1741682782924
[2025-03-11 17:46:24,634] [INFO] [30111] PREPARE received from 30105 for REQUEST 1741682782924
[2025-03-11 17:46:24,634] [INFO] [30111] COMMIT received from 30105 for REQUEST 1741682782924
[2025-03-11 17:46:24,736] [INFO] [30111] PREPARE received from 30033 for REQUEST 1741682782924
[2025-03-11 17:46:24,736] [INFO] [30111] COMMIT received from 30033 for REQUEST 1741682782924
[2025-03-11 17:46:24,783] [INFO] [30111] PREPARE received from 30065 for REQUEST 1741682782924
[2025-03-11 17:46:24,783] [INFO] [30111] COMMIT received from 30065 for REQUEST 1741682782924
[2025-03-11 17:46:24,799] [INFO] [30111] PREPARE received from 30013 for REQUEST 1741682782924
[2025-03-11 17:46:24,799] [INFO] [30111] COMMIT received from 30013 for REQUEST 1741682782924
[2025-03-11 17:46:24,852] [INFO] [30111] PREPARE received from 30090 for REQUEST 1741682782924
[2025-03-11 17:46:24,852] [INFO] [30111] COMMIT received from 30090 for REQUEST 1741682782924
[2025-03-11 17:46:24,852] [INFO] [30111] PREPARE received from 30004 for REQUEST 1741682782924
[2025-03-11 17:46:24,852] [INFO] [30111] COMMIT received from 30004 for REQUEST 1741682782924
[2025-03-11 17:46:24,879] [INFO] [30111] PREPARE received from 30109 for REQUEST 1741682782924
[2025-03-11 17:46:24,879] [INFO] [30111] PREPARE received from 30099 for REQUEST 1741682782924
[2025-03-11 17:46:24,879] [INFO] [30111] COMMIT received from 30099 for REQUEST 1741682782924
[2025-03-11 17:46:24,879] [INFO] [30111] COMMIT received from 30109 for REQUEST 1741682782924
[2025-03-11 17:46:24,944] [INFO] [30111] PREPARE received from 30041 for REQUEST 1741682782924
[2025-03-11 17:46:24,949] [INFO] [30111] COMMIT received from 30041 for REQUEST 1741682782924
[2025-03-11 17:46:24,957] [INFO] [30111] PREPARE received from 30121 for REQUEST 1741682782924
[2025-03-11 17:46:24,992] [INFO] [30111] COMMIT received from 30121 for REQUEST 1741682782924
[2025-03-11 17:46:24,992] [INFO] [30111] PREPARE received from 30009 for REQUEST 1741682782924
[2025-03-11 17:46:24,992] [INFO] [30111] COMMIT received from 30009 for REQUEST 1741682782924
[2025-03-11 17:46:24,992] [INFO] [30111] COMMIT received from 30141 for REQUEST 1741682782924
[2025-03-11 17:46:24,992] [INFO] [30111] PREPARE received from 30141 for REQUEST 1741682782924
[2025-03-11 17:46:25,004] [INFO] [30111] PREPARE received from 30102 for REQUEST 1741682782924
[2025-03-11 17:46:25,004] [INFO] [30111] PREPARE received from 30081 for REQUEST 1741682782924
[2025-03-11 17:46:25,004] [INFO] [30111] COMMIT received from 30102 for REQUEST 1741682782924
[2025-03-11 17:46:25,004] [INFO] [30111] COMMIT received from 30081 for REQUEST 1741682782924
[2025-03-11 17:46:25,101] [INFO] [30111] PREPARE received from 30036 for REQUEST 1741682782924
[2025-03-11 17:46:25,132] [INFO] [30111] COMMIT received from 30036 for REQUEST 1741682782924
[2025-03-11 17:46:25,225] [INFO] [30111] COMMIT received from 30118 for REQUEST 1741682782924
[2025-03-11 17:46:25,225] [INFO] [30111] PREPARE received from 30118 for REQUEST 1741682782924
[2025-03-11 17:46:25,225] [INFO] [30111] PREPARE received from 30071 for REQUEST 1741682782924
[2025-03-11 17:46:25,225] [INFO] [30111] COMMIT received from 30071 for REQUEST 1741682782924
[2025-03-11 17:46:25,265] [INFO] [30111] PREPARE received from 30101 for REQUEST 1741682782924
[2025-03-11 17:46:25,336] [INFO] [30111] PREPARE received from 30117 for REQUEST 1741682782924
[2025-03-11 17:46:25,336] [INFO] [30111] COMMIT received from 30117 for REQUEST 1741682782924
[2025-03-11 17:46:25,349] [INFO] [30111] COMMIT received from 30101 for REQUEST 1741682782924
[2025-03-11 17:46:25,436] [INFO] [30111] PREPARE received from 30156 for REQUEST 1741682782924
[2025-03-11 17:46:25,436] [INFO] [30111] PREPARE received from 30000 for REQUEST 1741682782924
[2025-03-11 17:46:25,436] [INFO] [30111] PREPARE received from 30115 for REQUEST 1741682782924
[2025-03-11 17:46:25,448] [INFO] [30111] COMMIT received from 30000 for REQUEST 1741682782924
[2025-03-11 17:46:25,448] [INFO] [30111] COMMIT received from 30115 for REQUEST 1741682782924
[2025-03-11 17:46:25,448] [INFO] [30111] COMMIT received from 30156 for REQUEST 1741682782924
[2025-03-11 17:46:25,637] [INFO] [30111] PREPARE received from 30064 for REQUEST 1741682782924
[2025-03-11 17:46:25,641] [INFO] [30111] PREPARE received from 30089 for REQUEST 1741682782924
[2025-03-11 17:46:25,641] [INFO] [30111] PREPARE received from 30077 for REQUEST 1741682782924
[2025-03-11 17:46:25,641] [INFO] [30111] COMMIT received from 30089 for REQUEST 1741682782924
[2025-03-11 17:46:25,641] [INFO] [30111] COMMIT received from 30077 for REQUEST 1741682782924
[2025-03-11 17:46:25,641] [INFO] [30111] COMMIT received from 30064 for REQUEST 1741682782924
[2025-03-11 17:49:18,513] [INFO] Node started: localhost:30111 | index=112 | f=1, k=4
[2025-03-11 17:49:38,427] [INFO] [30111] PRE-PREPARE received: {'request_id': 1741682977666, 'data': 'llapbft_message_1741682977666', 'timestamp': 1741682977.7055552, 'leader': 30004, 'cluster_id': 0, 'cluster_ports': [30000, 30004, 30006, 30007, 30011, 30015, 30018, 30023, 30027, 30036, 30039, 30041, 30042, 30043, 30044, 30046, 30049, 30053, 30059, 30061, 30065, 30066, 30070, 30074, 30078, 30083, 30094, 30096, 30098, 30100, 30102, 30104, 30108, 30109, 30110, 30111, 30113, 30115, 30116, 30126, 30131, 30132, 30139, 30147, 30150, 30151, 30154, 30161, 30162, 30170, 30172, 30176, 30177, 30181, 30185, 30187, 30189], 'cluster_manager': {'host': 'localhost', 'port': 30074, 'latitude': 36.6269982, 'longitude': 127.4590819, 'altitude': 88, 'offset_m': 'lat: 44 m, lng: 51 m, alt: 88 m'}, 'simulated_delay': 0.0001611111111111111, 'distance': 92.1417295083099, 'message_size_bits': 5800}
[2025-03-11 17:49:38,427] [INFO] [30111] Broadcasting PREPARE: REQUEST 1741682977666
[2025-03-11 17:49:39,574] [INFO] [30111] PREPARE received from 30066 for REQUEST 1741682977666
[2025-03-11 17:49:39,574] [INFO] [30111] Broadcasting COMMIT: REQUEST 1741682977666
[2025-03-11 17:49:39,606] [INFO] [30111] COMMIT received from 30066 for REQUEST 1741682977666
[2025-03-11 17:49:40,312] [INFO] [30111] PREPARE received from 30011 for REQUEST 1741682977666
[2025-03-11 17:49:40,312] [INFO] [30111] COMMIT received from 30011 for REQUEST 1741682977666
[2025-03-11 17:49:40,312] [INFO] [30111] COMMIT complete. Sending PRE-REPLY: REQUEST 1741682977666 directly to Manager 30074
[2025-03-11 17:49:40,643] [INFO] [30111] PREPARE received from 30100 for REQUEST 1741682977666
[2025-03-11 17:49:40,675] [INFO] [30111] COMMIT received from 30100 for REQUEST 1741682977666
[2025-03-11 17:49:41,056] [INFO] [30111] PREPARE received from 30150 for REQUEST 1741682977666
[2025-03-11 17:49:41,121] [INFO] [30111] COMMIT received from 30150 for REQUEST 1741682977666
[2025-03-11 17:49:41,121] [INFO] [30111] PREPARE received from 30131 for REQUEST 1741682977666
[2025-03-11 17:49:41,121] [INFO] [30111] COMMIT received from 30131 for REQUEST 1741682977666
[2025-03-11 17:49:41,435] [INFO] [30111] COMMIT received from 30015 for REQUEST 1741682977666
[2025-03-11 17:49:41,435] [INFO] [30111] PREPARE received from 30015 for REQUEST 1741682977666
[2025-03-11 17:49:41,517] [INFO] [30111] PREPARE received from 30000 for REQUEST 1741682977666
[2025-03-11 17:49:41,543] [INFO] [30111] COMMIT received from 30000 for REQUEST 1741682977666
[2025-03-11 17:49:41,543] [INFO] [30111] PREPARE received from 30113 for REQUEST 1741682977666
[2025-03-11 17:49:41,545] [INFO] [30111] PREPARE received from 30154 for REQUEST 1741682977666
[2025-03-11 17:49:41,593] [INFO] [30111] COMMIT received from 30154 for REQUEST 1741682977666
[2025-03-11 17:49:41,593] [INFO] [30111] COMMIT received from 30113 for REQUEST 1741682977666
[2025-03-11 17:49:41,809] [INFO] [30111] PREPARE received from 30110 for REQUEST 1741682977666
[2025-03-11 17:49:41,845] [INFO] [30111] PREPARE received from 30102 for REQUEST 1741682977666
[2025-03-11 17:49:41,859] [INFO] [30111] PREPARE received from 30098 for REQUEST 1741682977666
[2025-03-11 17:49:41,882] [INFO] [30111] COMMIT received from 30110 for REQUEST 1741682977666
[2025-03-11 17:49:41,882] [INFO] [30111] COMMIT received from 30102 for REQUEST 1741682977666
[2025-03-11 17:49:41,882] [INFO] [30111] COMMIT received from 30098 for REQUEST 1741682977666
[2025-03-11 17:49:41,905] [INFO] [30111] PREPARE received from 30187 for REQUEST 1741682977666
[2025-03-11 17:49:41,905] [INFO] [30111] COMMIT received from 30187 for REQUEST 1741682977666
[2025-03-11 17:49:41,915] [INFO] [30111] COMMIT received from 30004 for REQUEST 1741682977666
[2025-03-11 17:49:42,206] [INFO] [30111] PREPARE received from 30059 for REQUEST 1741682977666
[2025-03-11 17:49:42,240] [INFO] [30111] COMMIT received from 30109 for REQUEST 1741682977666
[2025-03-11 17:49:42,240] [INFO] [30111] COMMIT received from 30041 for REQUEST 1741682977666
[2025-03-11 17:49:42,240] [INFO] [30111] COMMIT received from 30059 for REQUEST 1741682977666
[2025-03-11 17:49:42,240] [INFO] [30111] PREPARE received from 30109 for REQUEST 1741682977666
[2025-03-11 17:49:42,240] [INFO] [30111] PREPARE received from 30007 for REQUEST 1741682977666
[2025-03-11 17:49:42,240] [INFO] [30111] PREPARE received from 30041 for REQUEST 1741682977666
[2025-03-11 17:49:42,240] [INFO] [30111] PREPARE received from 30096 for REQUEST 1741682977666
[2025-03-11 17:49:42,298] [INFO] [30111] COMMIT received from 30007 for REQUEST 1741682977666
[2025-03-11 17:49:42,298] [INFO] [30111] COMMIT received from 30096 for REQUEST 1741682977666
[2025-03-11 17:49:42,298] [INFO] [30111] PREPARE received from 30170 for REQUEST 1741682977666
[2025-03-11 17:49:42,645] [INFO] [30111] PREPARE received from 30083 for REQUEST 1741682977666
[2025-03-11 17:49:42,645] [INFO] [30111] COMMIT received from 30170 for REQUEST 1741682977666
[2025-03-11 17:49:42,747] [INFO] [30111] COMMIT received from 30083 for REQUEST 1741682977666
[2025-03-11 17:49:42,747] [INFO] [30111] COMMIT received from 30147 for REQUEST 1741682977666
[2025-03-11 17:49:42,747] [INFO] [30111] COMMIT received from 30043 for REQUEST 1741682977666
[2025-03-11 17:49:42,747] [INFO] [30111] COMMIT received from 30065 for REQUEST 1741682977666
[2025-03-11 17:49:42,747] [INFO] [30111] PREPARE received from 30043 for REQUEST 1741682977666
[2025-03-11 17:49:42,747] [INFO] [30111] COMMIT received from 30006 for REQUEST 1741682977666
[2025-03-11 17:49:42,747] [INFO] [30111] COMMIT received from 30162 for REQUEST 1741682977666
[2025-03-11 17:49:42,747] [INFO] [30111] COMMIT received from 30046 for REQUEST 1741682977666
[2025-03-11 17:49:42,747] [INFO] [30111] COMMIT received from 30189 for REQUEST 1741682977666
[2025-03-11 17:49:42,747] [INFO] [30111] COMMIT received from 30078 for REQUEST 1741682977666
[2025-03-11 17:49:42,747] [INFO] [30111] PREPARE received from 30006 for REQUEST 1741682977666
[2025-03-11 17:49:42,747] [INFO] [30111] PREPARE received from 30147 for REQUEST 1741682977666
[2025-03-11 17:49:42,818] [INFO] [30111] PREPARE received from 30189 for REQUEST 1741682977666
[2025-03-11 17:49:42,818] [INFO] [30111] PREPARE received from 30046 for REQUEST 1741682977666
[2025-03-11 17:49:42,818] [INFO] [30111] PREPARE received from 30078 for REQUEST 1741682977666
[2025-03-11 17:49:42,818] [INFO] [30111] PREPARE received from 30065 for REQUEST 1741682977666
[2025-03-11 17:49:42,818] [INFO] [30111] PREPARE received from 30162 for REQUEST 1741682977666
[2025-03-11 17:49:42,849] [INFO] [30111] PREPARE received from 30094 for REQUEST 1741682977666
[2025-03-11 17:49:42,873] [INFO] [30111] COMMIT received from 30094 for REQUEST 1741682977666
[2025-03-11 17:49:42,875] [INFO] [30111] COMMIT received from 30126 for REQUEST 1741682977666
[2025-03-11 17:49:42,888] [INFO] [30111] PREPARE received from 30126 for REQUEST 1741682977666
[2025-03-11 17:49:42,933] [INFO] [30111] PREPARE received from 30161 for REQUEST 1741682977666
[2025-03-11 17:49:42,933] [INFO] [30111] COMMIT received from 30161 for REQUEST 1741682977666
[2025-03-11 17:49:43,334] [INFO] [30111] PREPARE received from 30070 for REQUEST 1741682977666
[2025-03-11 17:49:43,334] [INFO] [30111] PREPARE received from 30176 for REQUEST 1741682977666
[2025-03-11 17:49:43,334] [INFO] [30111] PREPARE received from 30181 for REQUEST 1741682977666
[2025-03-11 17:49:43,334] [INFO] [30111] PREPARE received from 30177 for REQUEST 1741682977666
[2025-03-11 17:49:43,334] [INFO] [30111] PREPARE received from 30172 for REQUEST 1741682977666
[2025-03-11 17:49:43,337] [INFO] [30111] COMMIT received from 30039 for REQUEST 1741682977666
[2025-03-11 17:49:43,337] [INFO] [30111] COMMIT received from 30177 for REQUEST 1741682977666
[2025-03-11 17:49:43,337] [INFO] [30111] COMMIT received from 30176 for REQUEST 1741682977666
[2025-03-11 17:49:43,338] [INFO] [30111] COMMIT received from 30181 for REQUEST 1741682977666
[2025-03-11 17:49:43,338] [INFO] [30111] COMMIT received from 30018 for REQUEST 1741682977666
[2025-03-11 17:49:43,338] [INFO] [30111] COMMIT received from 30172 for REQUEST 1741682977666
[2025-03-11 17:49:43,338] [INFO] [30111] COMMIT received from 30070 for REQUEST 1741682977666
[2025-03-11 17:49:43,373] [INFO] [30111] PREPARE received from 30018 for REQUEST 1741682977666
[2025-03-11 17:49:43,373] [INFO] [30111] PREPARE received from 30039 for REQUEST 1741682977666
[2025-03-11 17:49:43,481] [INFO] [30111] PREPARE received from 30027 for REQUEST 1741682977666
[2025-03-11 17:49:43,481] [INFO] [30111] PREPARE received from 30108 for REQUEST 1741682977666
[2025-03-11 17:49:43,481] [INFO] [30111] COMMIT received from 30108 for REQUEST 1741682977666
[2025-03-11 17:49:43,481] [INFO] [30111] COMMIT received from 30027 for REQUEST 1741682977666
[2025-03-11 17:49:43,523] [INFO] [30111] PREPARE received from 30115 for REQUEST 1741682977666
[2025-03-11 17:49:43,523] [INFO] [30111] PREPARE received from 30116 for REQUEST 1741682977666
[2025-03-11 17:49:43,525] [INFO] [30111] COMMIT received from 30115 for REQUEST 1741682977666
[2025-03-11 17:49:43,525] [INFO] [30111] COMMIT received from 30116 for REQUEST 1741682977666
[2025-03-11 17:49:43,554] [INFO] [30111] PREPARE received from 30061 for REQUEST 1741682977666
[2025-03-11 17:49:43,554] [INFO] [30111] PREPARE received from 30042 for REQUEST 1741682977666
[2025-03-11 17:49:43,554] [INFO] [30111] COMMIT received from 30042 for REQUEST 1741682977666
[2025-03-11 17:49:43,554] [INFO] [30111] COMMIT received from 30061 for REQUEST 1741682977666
[2025-03-11 17:49:43,554] [INFO] [30111] COMMIT received from 30139 for REQUEST 1741682977666
[2025-03-11 17:49:43,556] [INFO] [30111] PREPARE received from 30139 for REQUEST 1741682977666
[2025-03-11 17:49:43,637] [INFO] [30111] PREPARE received from 30132 for REQUEST 1741682977666
[2025-03-11 17:49:43,644] [INFO] [30111] PREPARE received from 30151 for REQUEST 1741682977666
[2025-03-11 17:49:43,650] [INFO] [30111] COMMIT received from 30132 for REQUEST 1741682977666
[2025-03-11 17:49:43,650] [INFO] [30111] COMMIT received from 30151 for REQUEST 1741682977666
[2025-03-11 17:49:43,742] [INFO] [30111] PREPARE received from 30023 for REQUEST 1741682977666
[2025-03-11 17:49:43,742] [INFO] [30111] COMMIT received from 30023 for REQUEST 1741682977666
[2025-03-11 17:49:43,805] [INFO] [30111] PREPARE received from 30036 for REQUEST 1741682977666
[2025-03-11 17:49:43,805] [INFO] [30111] COMMIT received from 30036 for REQUEST 1741682977666
[2025-03-11 17:49:43,934] [INFO] [30111] PREPARE received from 30104 for REQUEST 1741682977666
[2025-03-11 17:49:43,939] [INFO] [30111] COMMIT received from 30104 for REQUEST 1741682977666
[2025-03-11 17:49:44,072] [INFO] [30111] PREPARE received from 30053 for REQUEST 1741682977666
[2025-03-11 17:49:44,074] [INFO] [30111] COMMIT received from 30053 for REQUEST 1741682977666
[2025-03-11 17:49:44,119] [INFO] [30111] PREPARE received from 30049 for REQUEST 1741682977666
[2025-03-11 17:49:44,121] [INFO] [30111] PREPARE received from 30185 for REQUEST 1741682977666
[2025-03-11 17:49:44,121] [INFO] [30111] COMMIT received from 30049 for REQUEST 1741682977666
[2025-03-11 17:49:44,121] [INFO] [30111] COMMIT received from 30185 for REQUEST 1741682977666
[2025-03-11 17:49:44,218] [INFO] [30111] PREPARE received from 30044 for REQUEST 1741682977666
[2025-03-11 17:49:44,218] [INFO] [30111] COMMIT received from 30044 for REQUEST 1741682977666
