[2025-03-20 12:37:36,723] [INFO] Node started: localhost:30057 | index= 58 | f=1, k=4
[2025-03-20 12:38:03,612] [INFO] Phase: PRE-PREPARE | Receiver: 30057 | Sender: 30024 | Distance:   78.95 m | Delay: 0.4662s | Size: 16782168 bit
[2025-03-20 12:38:03,746] [INFO] Phase: PREPARE-BROADCAST | Receiver: ALL | Sender: 30057 | Distance:   78.95 m | Delay: 0.4662s | Size: 16778152 bit
[2025-03-20 12:38:12,806] [INFO] Phase: PREPARE | Receiver: 30057 | Sender: 30082 | Distance:   72.70 m | Delay: 0.4661s | Size: 16778992 bit
[2025-03-20 12:38:12,822] [INFO] Phase: COMMIT-BROADCAST | Receiver: ALL | Sender: 30057 | Distance:   72.70 m | Delay: 0.4661s | Size: 16778160 bit
[2025-03-20 12:38:12,848] [INFO] Phase: PREPARE | Receiver: 30057 | Sender: 30076 | Distance:  124.20 m | Delay: 0.6991s | Size: 16779000 bit
[2025-03-20 12:38:13,096] [INFO] Phase: PREPARE | Receiver: 30057 | Sender: 30029 | Distance:   42.48 m | Delay: 0.3107s | Size: 16778992 bit
[2025-03-20 12:38:13,144] [INFO] Phase: PREPARE | Receiver: 30057 | Sender: 30087 | Distance:   87.15 m | Delay: 0.4661s | Size: 16778992 bit
[2025-03-20 12:38:13,177] [INFO] Phase: PREPARE | Receiver: 30057 | Sender: 30074 | Distance:   92.98 m | Delay: 0.4661s | Size: 16778976 bit
[2025-03-20 12:38:13,211] [INFO] Phase: PREPARE | Receiver: 30057 | Sender: 30115 | Distance:   54.94 m | Delay: 0.4661s | Size: 16778984 bit
[2025-03-20 12:38:13,247] [INFO] Phase: PREPARE | Receiver: 30057 | Sender: 30044 | Distance:  113.77 m | Delay: 0.6991s | Size: 16778984 bit
[2025-03-20 12:38:13,286] [INFO] Phase: PREPARE | Receiver: 30057 | Sender: 30107 | Distance:   93.36 m | Delay: 0.4661s | Size: 16778992 bit
[2025-03-20 12:38:13,958] [INFO] Phase: COMMIT | Receiver: 30057 | Sender: 30029 | Distance:   42.48 m | Delay: 0.3107s | Size: 16778992 bit
[2025-03-20 12:38:13,993] [INFO] Phase: COMMIT | Receiver: 30057 | Sender: 30024 | Distance:   78.95 m | Delay: 0.4661s | Size: 16778992 bit
[2025-03-20 12:38:14,007] [INFO] Phase: PRE-REPLY | Receiver: 30073 | Sender: 30057 | Distance:   78.95 m | Delay: 0.4661s | Size: 16778160 bit
[2025-03-20 12:38:14,066] [INFO] Phase: COMMIT | Receiver: 30057 | Sender: 30107 | Distance:   93.36 m | Delay: 0.4661s | Size: 16778992 bit
[2025-03-20 12:38:14,102] [INFO] Phase: COMMIT | Receiver: 30057 | Sender: 30115 | Distance:   54.94 m | Delay: 0.4661s | Size: 16778984 bit
[2025-03-20 12:38:14,141] [INFO] Phase: COMMIT | Receiver: 30057 | Sender: 30044 | Distance:  113.77 m | Delay: 0.6991s | Size: 16779000 bit
[2025-03-20 12:38:14,196] [INFO] Phase: COMMIT | Receiver: 30057 | Sender: 30082 | Distance:   72.70 m | Delay: 0.4661s | Size: 16778992 bit
[2025-03-20 12:38:14,323] [INFO] Phase: PREPARE | Receiver: 30057 | Sender: 30092 | Distance:    8.84 m | Delay: 0.3107s | Size: 16778992 bit
[2025-03-20 12:38:14,421] [INFO] Phase: COMMIT | Receiver: 30057 | Sender: 30087 | Distance:   87.15 m | Delay: 0.4661s | Size: 16778984 bit
[2025-03-20 12:38:14,726] [INFO] Phase: PREPARE | Receiver: 30057 | Sender: 30027 | Distance:  131.59 m | Delay: 0.6991s | Size: 16778992 bit
[2025-03-20 12:38:14,755] [INFO] Phase: PREPARE | Receiver: 30057 | Sender: 30077 | Distance:  148.71 m | Delay: 0.6991s | Size: 16779000 bit
[2025-03-20 12:38:14,785] [INFO] Phase: COMMIT | Receiver: 30057 | Sender: 30076 | Distance:  124.20 m | Delay: 0.6991s | Size: 16779000 bit
[2025-03-20 12:38:15,115] [INFO] Phase: COMMIT | Receiver: 30057 | Sender: 30074 | Distance:   92.98 m | Delay: 0.4661s | Size: 16778992 bit
[2025-03-20 12:38:16,184] [INFO] Phase: PREPARE | Receiver: 30057 | Sender: 30086 | Distance:   15.89 m | Delay: 0.3107s | Size: 16779000 bit
[2025-03-20 12:38:16,328] [INFO] Phase: PREPARE | Receiver: 30057 | Sender: 30113 | Distance:   77.17 m | Delay: 0.4661s | Size: 16778984 bit
[2025-03-20 12:38:16,573] [INFO] Phase: PREPARE | Receiver: 30057 | Sender: 30117 | Distance:   61.58 m | Delay: 0.4661s | Size: 16778976 bit
[2025-03-20 12:38:17,257] [INFO] Phase: PREPARE | Receiver: 30057 | Sender: 30091 | Distance:  141.18 m | Delay: 0.6991s | Size: 16779000 bit
[2025-03-20 12:38:17,532] [INFO] Phase: PREPARE | Receiver: 30057 | Sender: 30085 | Distance:   55.48 m | Delay: 0.4661s | Size: 16778992 bit
[2025-03-20 12:38:17,953] [INFO] Phase: PREPARE | Receiver: 30057 | Sender: 30116 | Distance:  142.78 m | Delay: 0.6991s | Size: 16778992 bit
[2025-03-20 12:38:17,999] [INFO] Phase: PREPARE | Receiver: 30057 | Sender: 30095 | Distance:   55.12 m | Delay: 0.4661s | Size: 16778992 bit
[2025-03-20 12:38:18,040] [INFO] Phase: PREPARE | Receiver: 30057 | Sender: 30100 | Distance:   95.36 m | Delay: 0.4661s | Size: 16778992 bit
[2025-03-20 12:38:18,101] [INFO] Phase: PREPARE | Receiver: 30057 | Sender: 30119 | Distance:   61.58 m | Delay: 0.4661s | Size: 16778984 bit
[2025-03-20 12:38:18,127] [INFO] Phase: PREPARE | Receiver: 30057 | Sender: 30019 | Distance:  122.13 m | Delay: 0.6991s | Size: 16779000 bit
[2025-03-20 12:38:18,155] [INFO] Phase: PREPARE | Receiver: 30057 | Sender: 30067 | Distance:  134.38 m | Delay: 0.6991s | Size: 16779000 bit
[2025-03-20 12:38:18,188] [INFO] Phase: PREPARE | Receiver: 30057 | Sender: 30066 | Distance:  149.93 m | Delay: 0.6991s | Size: 16779000 bit
[2025-03-20 12:38:18,297] [INFO] Phase: PREPARE | Receiver: 30057 | Sender: 30104 | Distance:  118.38 m | Delay: 0.6991s | Size: 16779000 bit
[2025-03-20 12:38:18,330] [INFO] Phase: PREPARE | Receiver: 30057 | Sender: 30080 | Distance:  136.01 m | Delay: 0.6991s | Size: 16778984 bit
[2025-03-20 12:38:18,363] [INFO] Phase: COMMIT | Receiver: 30057 | Sender: 30117 | Distance:   61.58 m | Delay: 0.4661s | Size: 16778984 bit
[2025-03-20 12:38:18,392] [INFO] Phase: COMMIT | Receiver: 30057 | Sender: 30092 | Distance:    8.84 m | Delay: 0.3107s | Size: 16778992 bit
[2025-03-20 12:38:18,490] [INFO] Phase: PREPARE | Receiver: 30057 | Sender: 30000 | Distance:  134.01 m | Delay: 0.6991s | Size: 16779000 bit
[2025-03-20 12:38:18,524] [INFO] Phase: PREPARE | Receiver: 30057 | Sender: 30069 | Distance:   64.73 m | Delay: 0.4661s | Size: 16778976 bit
[2025-03-20 12:38:18,550] [INFO] Phase: COMMIT | Receiver: 30057 | Sender: 30027 | Distance:  131.59 m | Delay: 0.6991s | Size: 16778992 bit
[2025-03-20 12:38:18,596] [INFO] Phase: COMMIT | Receiver: 30057 | Sender: 30019 | Distance:  122.13 m | Delay: 0.6991s | Size: 16779000 bit
[2025-03-20 12:38:18,630] [INFO] Phase: COMMIT | Receiver: 30057 | Sender: 30066 | Distance:  149.93 m | Delay: 0.6991s | Size: 16779000 bit
[2025-03-20 12:38:18,672] [INFO] Phase: COMMIT | Receiver: 30057 | Sender: 30113 | Distance:   77.17 m | Delay: 0.4661s | Size: 16778992 bit
[2025-03-20 12:38:18,704] [INFO] Phase: COMMIT | Receiver: 30057 | Sender: 30095 | Distance:   55.12 m | Delay: 0.4661s | Size: 16778992 bit
[2025-03-20 12:38:18,728] [INFO] Phase: COMMIT | Receiver: 30057 | Sender: 30067 | Distance:  134.38 m | Delay: 0.6991s | Size: 16779000 bit
[2025-03-20 12:38:18,774] [INFO] Phase: COMMIT | Receiver: 30057 | Sender: 30077 | Distance:  148.71 m | Delay: 0.6991s | Size: 16779000 bit
[2025-03-20 12:38:18,808] [INFO] Phase: COMMIT | Receiver: 30057 | Sender: 30085 | Distance:   55.48 m | Delay: 0.4661s | Size: 16778992 bit
[2025-03-20 12:38:18,847] [INFO] Phase: COMMIT | Receiver: 30057 | Sender: 30100 | Distance:   95.36 m | Delay: 0.4661s | Size: 16778992 bit
[2025-03-20 12:38:19,241] [INFO] Phase: COMMIT | Receiver: 30057 | Sender: 30000 | Distance:  134.01 m | Delay: 0.6991s | Size: 16778992 bit
[2025-03-20 12:38:19,442] [INFO] Phase: COMMIT | Receiver: 30057 | Sender: 30091 | Distance:  141.18 m | Delay: 0.6991s | Size: 16779000 bit
[2025-03-20 12:38:19,541] [INFO] Phase: COMMIT | Receiver: 30057 | Sender: 30086 | Distance:   15.89 m | Delay: 0.3107s | Size: 16779000 bit
[2025-03-20 12:38:19,640] [INFO] Phase: COMMIT | Receiver: 30057 | Sender: 30116 | Distance:  142.78 m | Delay: 0.6991s | Size: 16778992 bit
[2025-03-20 12:38:20,412] [INFO] Phase: COMMIT | Receiver: 30057 | Sender: 30119 | Distance:   61.58 m | Delay: 0.4661s | Size: 16778976 bit
[2025-03-20 12:38:20,890] [INFO] Phase: COMMIT | Receiver: 30057 | Sender: 30104 | Distance:  118.38 m | Delay: 0.6991s | Size: 16779000 bit
[2025-03-20 12:38:21,045] [INFO] Phase: COMMIT | Receiver: 30057 | Sender: 30069 | Distance:   64.73 m | Delay: 0.4661s | Size: 16778992 bit
[2025-03-20 12:38:21,278] [INFO] Phase: COMMIT | Receiver: 30057 | Sender: 30080 | Distance:  136.01 m | Delay: 0.6991s | Size: 16778984 bit
[2025-03-20 12:38:26,991] [INFO] Phase: PRE-PREPARE | Receiver: 30057 | Sender: 30024 | Distance:   78.95 m | Delay: 0.4662s | Size: 16782176 bit
[2025-03-20 12:38:27,108] [INFO] Phase: PREPARE-BROADCAST | Receiver: ALL | Sender: 30057 | Distance:   78.95 m | Delay: 0.4662s | Size: 16778160 bit
[2025-03-20 12:38:28,943] [INFO] Phase: PREPARE | Receiver: 30057 | Sender: 30117 | Distance:   61.58 m | Delay: 0.4661s | Size: 16778976 bit
[2025-03-20 12:38:28,955] [INFO] Phase: COMMIT-BROADCAST | Receiver: ALL | Sender: 30057 | Distance:   61.58 m | Delay: 0.4661s | Size: 16778160 bit
[2025-03-20 12:38:28,982] [INFO] Phase: PREPARE | Receiver: 30057 | Sender: 30115 | Distance:   54.94 m | Delay: 0.4661s | Size: 16778984 bit
[2025-03-20 12:38:29,014] [INFO] Phase: PREPARE | Receiver: 30057 | Sender: 30082 | Distance:   72.70 m | Delay: 0.4661s | Size: 16778984 bit
[2025-03-20 12:38:29,539] [INFO] Phase: PREPARE | Receiver: 30057 | Sender: 30000 | Distance:  134.01 m | Delay: 0.6991s | Size: 16778992 bit
[2025-03-20 12:38:29,565] [INFO] Phase: PREPARE | Receiver: 30057 | Sender: 30029 | Distance:   42.48 m | Delay: 0.3107s | Size: 16778992 bit
[2025-03-20 12:38:29,602] [INFO] Phase: PREPARE | Receiver: 30057 | Sender: 30092 | Distance:    8.84 m | Delay: 0.3107s | Size: 16778992 bit
[2025-03-20 12:38:29,628] [INFO] Phase: PREPARE | Receiver: 30057 | Sender: 30019 | Distance:  122.13 m | Delay: 0.6991s | Size: 16778992 bit
[2025-03-20 12:38:29,664] [INFO] Phase: PREPARE | Receiver: 30057 | Sender: 30074 | Distance:   92.98 m | Delay: 0.4661s | Size: 16778992 bit
[2025-03-20 12:38:29,721] [INFO] Phase: PREPARE | Receiver: 30057 | Sender: 30027 | Distance:  131.59 m | Delay: 0.6991s | Size: 16778992 bit
[2025-03-20 12:38:36,257] [INFO] Phase: PREPARE | Receiver: 30057 | Sender: 30087 | Distance:   87.15 m | Delay: 0.4661s | Size: 16778992 bit
[2025-03-20 12:38:36,318] [INFO] Phase: PREPARE | Receiver: 30057 | Sender: 30107 | Distance:   93.36 m | Delay: 0.4661s | Size: 16778992 bit
[2025-03-20 12:38:36,356] [INFO] Phase: COMMIT | Receiver: 30057 | Sender: 30019 | Distance:  122.13 m | Delay: 0.6991s | Size: 16779000 bit
[2025-03-20 12:38:36,441] [INFO] Phase: COMMIT | Receiver: 30057 | Sender: 30027 | Distance:  131.59 m | Delay: 0.6991s | Size: 16779000 bit
[2025-03-20 12:38:36,455] [INFO] Phase: PRE-REPLY | Receiver: 30073 | Sender: 30057 | Distance:  131.59 m | Delay: 0.6991s | Size: 16778160 bit
[2025-03-20 12:38:36,534] [INFO] Phase: PREPARE | Receiver: 30057 | Sender: 30091 | Distance:  141.18 m | Delay: 0.6991s | Size: 16779000 bit
[2025-03-20 12:38:36,587] [INFO] Phase: PREPARE | Receiver: 30057 | Sender: 30080 | Distance:  136.01 m | Delay: 0.6991s | Size: 16778992 bit
[2025-03-20 12:38:36,619] [INFO] Phase: PREPARE | Receiver: 30057 | Sender: 30066 | Distance:  149.93 m | Delay: 0.6991s | Size: 16779000 bit
[2025-03-20 12:38:36,662] [INFO] Phase: PREPARE | Receiver: 30057 | Sender: 30044 | Distance:  113.77 m | Delay: 0.6991s | Size: 16779000 bit
[2025-03-20 12:38:36,803] [INFO] Phase: PREPARE | Receiver: 30057 | Sender: 30104 | Distance:  118.38 m | Delay: 0.6991s | Size: 16779000 bit
[2025-03-20 12:38:36,846] [INFO] Phase: PREPARE | Receiver: 30057 | Sender: 30076 | Distance:  124.20 m | Delay: 0.6991s | Size: 16779000 bit
[2025-03-20 12:38:36,894] [INFO] Phase: COMMIT | Receiver: 30057 | Sender: 30024 | Distance:   78.95 m | Delay: 0.4661s | Size: 16778992 bit
[2025-03-20 12:38:36,923] [INFO] Phase: PREPARE | Receiver: 30057 | Sender: 30095 | Distance:   55.12 m | Delay: 0.4661s | Size: 16778992 bit
[2025-03-20 12:38:36,957] [INFO] Phase: PREPARE | Receiver: 30057 | Sender: 30069 | Distance:   64.73 m | Delay: 0.4661s | Size: 16778992 bit
[2025-03-20 12:38:36,985] [INFO] Phase: COMMIT | Receiver: 30057 | Sender: 30066 | Distance:  149.93 m | Delay: 0.6991s | Size: 16779000 bit
[2025-03-20 12:38:37,042] [INFO] Phase: PREPARE | Receiver: 30057 | Sender: 30119 | Distance:   61.58 m | Delay: 0.4661s | Size: 16778984 bit
[2025-03-20 12:38:37,190] [INFO] Phase: PREPARE | Receiver: 30057 | Sender: 30085 | Distance:   55.48 m | Delay: 0.4661s | Size: 16778984 bit
[2025-03-20 12:38:37,232] [INFO] Phase: COMMIT | Receiver: 30057 | Sender: 30095 | Distance:   55.12 m | Delay: 0.4661s | Size: 16778984 bit
[2025-03-20 12:38:37,277] [INFO] Phase: PREPARE | Receiver: 30057 | Sender: 30113 | Distance:   77.17 m | Delay: 0.4661s | Size: 16778984 bit
[2025-03-20 12:38:37,307] [INFO] Phase: PREPARE | Receiver: 30057 | Sender: 30077 | Distance:  148.71 m | Delay: 0.6991s | Size: 16779000 bit
[2025-03-20 12:38:37,336] [INFO] Phase: PREPARE | Receiver: 30057 | Sender: 30116 | Distance:  142.78 m | Delay: 0.6991s | Size: 16778992 bit
[2025-03-20 12:38:37,362] [INFO] Phase: COMMIT | Receiver: 30057 | Sender: 30000 | Distance:  134.01 m | Delay: 0.6991s | Size: 16779000 bit
[2025-03-20 12:38:37,402] [INFO] Phase: COMMIT | Receiver: 30057 | Sender: 30029 | Distance:   42.48 m | Delay: 0.3107s | Size: 16778976 bit
[2025-03-20 12:38:37,437] [INFO] Phase: COMMIT | Receiver: 30057 | Sender: 30115 | Distance:   54.94 m | Delay: 0.4661s | Size: 16778976 bit
[2025-03-20 12:38:37,475] [INFO] Phase: COMMIT | Receiver: 30057 | Sender: 30074 | Distance:   92.98 m | Delay: 0.4661s | Size: 16778992 bit
[2025-03-20 12:38:37,512] [INFO] Phase: PREPARE | Receiver: 30057 | Sender: 30067 | Distance:  134.38 m | Delay: 0.6991s | Size: 16778992 bit
[2025-03-20 12:38:37,726] [INFO] Phase: PREPARE | Receiver: 30057 | Sender: 30086 | Distance:   15.89 m | Delay: 0.3107s | Size: 16779000 bit
[2025-03-20 12:38:38,130] [INFO] Phase: COMMIT | Receiver: 30057 | Sender: 30107 | Distance:   93.36 m | Delay: 0.4661s | Size: 16778984 bit
[2025-03-20 12:38:38,484] [INFO] Phase: COMMIT | Receiver: 30057 | Sender: 30092 | Distance:    8.84 m | Delay: 0.3107s | Size: 16778992 bit
[2025-03-20 12:38:39,124] [INFO] Phase: COMMIT | Receiver: 30057 | Sender: 30069 | Distance:   64.73 m | Delay: 0.4661s | Size: 16778984 bit
[2025-03-20 12:38:39,178] [INFO] Phase: COMMIT | Receiver: 30057 | Sender: 30119 | Distance:   61.58 m | Delay: 0.4661s | Size: 16778984 bit
[2025-03-20 12:38:39,253] [INFO] Phase: COMMIT | Receiver: 30057 | Sender: 30104 | Distance:  118.38 m | Delay: 0.6991s | Size: 16779000 bit
[2025-03-20 12:38:39,281] [INFO] Phase: COMMIT | Receiver: 30057 | Sender: 30091 | Distance:  141.18 m | Delay: 0.6991s | Size: 16779000 bit
[2025-03-20 12:38:39,308] [INFO] Phase: COMMIT | Receiver: 30057 | Sender: 30085 | Distance:   55.48 m | Delay: 0.4661s | Size: 16778984 bit
[2025-03-20 12:38:39,338] [INFO] Phase: COMMIT | Receiver: 30057 | Sender: 30082 | Distance:   72.70 m | Delay: 0.4661s | Size: 16778992 bit
[2025-03-20 12:38:39,388] [INFO] Phase: PREPARE | Receiver: 30057 | Sender: 30100 | Distance:   95.36 m | Delay: 0.4661s | Size: 16778984 bit
[2025-03-20 12:38:39,431] [INFO] Phase: COMMIT | Receiver: 30057 | Sender: 30100 | Distance:   95.36 m | Delay: 0.4661s | Size: 16778992 bit
[2025-03-20 12:38:40,077] [INFO] Phase: COMMIT | Receiver: 30057 | Sender: 30116 | Distance:  142.78 m | Delay: 0.6991s | Size: 16778984 bit
[2025-03-20 12:38:40,976] [INFO] Phase: COMMIT | Receiver: 30057 | Sender: 30067 | Distance:  134.38 m | Delay: 0.6991s | Size: 16778992 bit
[2025-03-20 12:38:41,144] [INFO] Phase: COMMIT | Receiver: 30057 | Sender: 30080 | Distance:  136.01 m | Delay: 0.6991s | Size: 16778992 bit
[2025-03-20 12:38:41,360] [INFO] Phase: COMMIT | Receiver: 30057 | Sender: 30077 | Distance:  148.71 m | Delay: 0.6991s | Size: 16779000 bit
[2025-03-20 12:38:41,607] [INFO] Phase: COMMIT | Receiver: 30057 | Sender: 30087 | Distance:   87.15 m | Delay: 0.4661s | Size: 16778992 bit
[2025-03-20 12:38:42,082] [INFO] Phase: COMMIT | Receiver: 30057 | Sender: 30113 | Distance:   77.17 m | Delay: 0.4661s | Size: 16778992 bit
[2025-03-20 12:38:42,764] [INFO] Phase: COMMIT | Receiver: 30057 | Sender: 30117 | Distance:   61.58 m | Delay: 0.4661s | Size: 16778976 bit
[2025-03-20 12:38:43,461] [INFO] Phase: COMMIT | Receiver: 30057 | Sender: 30076 | Distance:  124.20 m | Delay: 0.6991s | Size: 16779000 bit
[2025-03-20 12:38:43,740] [INFO] Phase: COMMIT | Receiver: 30057 | Sender: 30044 | Distance:  113.77 m | Delay: 0.6991s | Size: 16779000 bit
[2025-03-20 12:38:44,466] [INFO] Phase: COMMIT | Receiver: 30057 | Sender: 30086 | Distance:   15.89 m | Delay: 0.3107s | Size: 16779000 bit
[2025-03-20 12:38:51,605] [INFO] Phase: PRE-PREPARE | Receiver: 30057 | Sender: 30024 | Distance:   78.95 m | Delay: 0.4662s | Size: 16782176 bit
[2025-03-20 12:38:51,621] [INFO] Phase: PREPARE-BROADCAST | Receiver: ALL | Sender: 30057 | Distance:   78.95 m | Delay: 0.4662s | Size: 16778160 bit
[2025-03-20 12:39:00,910] [INFO] Phase: PREPARE | Receiver: 30057 | Sender: 30115 | Distance:   54.94 m | Delay: 0.4661s | Size: 16778976 bit
[2025-03-20 12:39:00,926] [INFO] Phase: COMMIT-BROADCAST | Receiver: ALL | Sender: 30057 | Distance:   54.94 m | Delay: 0.4661s | Size: 16778160 bit
[2025-03-20 12:39:00,958] [INFO] Phase: PREPARE | Receiver: 30057 | Sender: 30082 | Distance:   72.70 m | Delay: 0.4661s | Size: 16778992 bit
[2025-03-20 12:39:00,987] [INFO] Phase: PREPARE | Receiver: 30057 | Sender: 30087 | Distance:   87.15 m | Delay: 0.4661s | Size: 16778984 bit
[2025-03-20 12:39:01,492] [INFO] Phase: PREPARE | Receiver: 30057 | Sender: 30076 | Distance:  124.20 m | Delay: 0.6991s | Size: 16779000 bit
[2025-03-20 12:39:01,533] [INFO] Phase: PREPARE | Receiver: 30057 | Sender: 30029 | Distance:   42.48 m | Delay: 0.3107s | Size: 16778992 bit
[2025-03-20 12:39:01,570] [INFO] Phase: PREPARE | Receiver: 30057 | Sender: 30027 | Distance:  131.59 m | Delay: 0.6991s | Size: 16779000 bit
[2025-03-20 12:39:01,600] [INFO] Phase: PREPARE | Receiver: 30057 | Sender: 30074 | Distance:   92.98 m | Delay: 0.4661s | Size: 16778992 bit
[2025-03-20 12:39:01,658] [INFO] Phase: PREPARE | Receiver: 30057 | Sender: 30044 | Distance:  113.77 m | Delay: 0.6991s | Size: 16779000 bit
[2025-03-20 12:39:01,709] [INFO] Phase: COMMIT | Receiver: 30057 | Sender: 30087 | Distance:   87.15 m | Delay: 0.4661s | Size: 16778992 bit
[2025-03-20 12:39:01,752] [INFO] Phase: PREPARE | Receiver: 30057 | Sender: 30086 | Distance:   15.89 m | Delay: 0.3107s | Size: 16779000 bit
[2025-03-20 12:39:01,776] [INFO] Phase: COMMIT | Receiver: 30057 | Sender: 30044 | Distance:  113.77 m | Delay: 0.6991s | Size: 16779000 bit
[2025-03-20 12:39:01,790] [INFO] Phase: PRE-REPLY | Receiver: 30073 | Sender: 30057 | Distance:  113.77 m | Delay: 0.6991s | Size: 16778160 bit
[2025-03-20 12:39:01,832] [INFO] Phase: PREPARE | Receiver: 30057 | Sender: 30077 | Distance:  148.71 m | Delay: 0.6991s | Size: 16778992 bit
[2025-03-20 12:39:02,545] [INFO] Phase: PREPARE | Receiver: 30057 | Sender: 30113 | Distance:   77.17 m | Delay: 0.4661s | Size: 16778992 bit
[2025-03-20 12:39:02,720] [INFO] Phase: PREPARE | Receiver: 30057 | Sender: 30117 | Distance:   61.58 m | Delay: 0.4661s | Size: 16778968 bit
[2025-03-20 12:39:03,052] [INFO] Phase: PREPARE | Receiver: 30057 | Sender: 30104 | Distance:  118.38 m | Delay: 0.6991s | Size: 16779000 bit
[2025-03-20 12:39:03,094] [INFO] Phase: COMMIT | Receiver: 30057 | Sender: 30117 | Distance:   61.58 m | Delay: 0.4661s | Size: 16778984 bit
[2025-03-20 12:39:05,747] [INFO] Phase: COMMIT | Receiver: 30057 | Sender: 30082 | Distance:   72.70 m | Delay: 0.4661s | Size: 16778984 bit
[2025-03-20 12:39:05,906] [INFO] Phase: PREPARE | Receiver: 30057 | Sender: 30107 | Distance:   93.36 m | Delay: 0.4661s | Size: 16778992 bit
[2025-03-20 12:39:06,227] [INFO] Phase: PREPARE | Receiver: 30057 | Sender: 30066 | Distance:  149.93 m | Delay: 0.6991s | Size: 16779000 bit
[2025-03-20 12:39:07,318] [INFO] Phase: COMMIT | Receiver: 30057 | Sender: 30077 | Distance:  148.71 m | Delay: 0.6991s | Size: 16779000 bit
[2025-03-20 12:39:07,453] [INFO] Phase: COMMIT | Receiver: 30057 | Sender: 30113 | Distance:   77.17 m | Delay: 0.4661s | Size: 16778984 bit
[2025-03-20 12:39:07,493] [INFO] Phase: COMMIT | Receiver: 30057 | Sender: 30076 | Distance:  124.20 m | Delay: 0.6991s | Size: 16778992 bit
[2025-03-20 12:39:07,548] [INFO] Phase: COMMIT | Receiver: 30057 | Sender: 30107 | Distance:   93.36 m | Delay: 0.4661s | Size: 16778992 bit
[2025-03-20 12:39:07,659] [INFO] Phase: COMMIT | Receiver: 30057 | Sender: 30086 | Distance:   15.89 m | Delay: 0.3107s | Size: 16779000 bit
[2025-03-20 12:39:07,687] [INFO] Phase: PREPARE | Receiver: 30057 | Sender: 30092 | Distance:    8.84 m | Delay: 0.3107s | Size: 16778992 bit
[2025-03-20 12:39:07,791] [INFO] Phase: COMMIT | Receiver: 30057 | Sender: 30029 | Distance:   42.48 m | Delay: 0.3107s | Size: 16778984 bit
[2025-03-20 12:39:07,896] [INFO] Phase: COMMIT | Receiver: 30057 | Sender: 30066 | Distance:  149.93 m | Delay: 0.6991s | Size: 16778992 bit
[2025-03-20 12:39:08,659] [INFO] Phase: PREPARE | Receiver: 30057 | Sender: 30000 | Distance:  134.01 m | Delay: 0.6991s | Size: 16779000 bit
[2025-03-20 12:39:08,692] [INFO] Phase: COMMIT | Receiver: 30057 | Sender: 30119 | Distance:   61.58 m | Delay: 0.4661s | Size: 16778984 bit
[2025-03-20 12:39:08,728] [INFO] Phase: PREPARE | Receiver: 30057 | Sender: 30119 | Distance:   61.58 m | Delay: 0.4661s | Size: 16778976 bit
[2025-03-20 12:39:08,853] [INFO] Phase: COMMIT | Receiver: 30057 | Sender: 30091 | Distance:  141.18 m | Delay: 0.6991s | Size: 16779000 bit
[2025-03-20 12:39:08,884] [INFO] Phase: PREPARE | Receiver: 30057 | Sender: 30100 | Distance:   95.36 m | Delay: 0.4661s | Size: 16778984 bit
[2025-03-20 12:39:08,914] [INFO] Phase: PREPARE | Receiver: 30057 | Sender: 30085 | Distance:   55.48 m | Delay: 0.4661s | Size: 16778992 bit
[2025-03-20 12:39:08,946] [INFO] Phase: PREPARE | Receiver: 30057 | Sender: 30019 | Distance:  122.13 m | Delay: 0.6991s | Size: 16779000 bit
[2025-03-20 12:39:08,976] [INFO] Phase: COMMIT | Receiver: 30057 | Sender: 30019 | Distance:  122.13 m | Delay: 0.6991s | Size: 16779000 bit
[2025-03-20 12:39:09,005] [INFO] Phase: PREPARE | Receiver: 30057 | Sender: 30095 | Distance:   55.12 m | Delay: 0.4661s | Size: 16778992 bit
[2025-03-20 12:39:09,035] [INFO] Phase: COMMIT | Receiver: 30057 | Sender: 30085 | Distance:   55.48 m | Delay: 0.4661s | Size: 16778992 bit
[2025-03-20 12:39:09,069] [INFO] Phase: COMMIT | Receiver: 30057 | Sender: 30100 | Distance:   95.36 m | Delay: 0.4661s | Size: 16778992 bit
[2025-03-20 12:39:09,102] [INFO] Phase: COMMIT | Receiver: 30057 | Sender: 30024 | Distance:   78.95 m | Delay: 0.4661s | Size: 16778992 bit
[2025-03-20 12:39:09,134] [INFO] Phase: COMMIT | Receiver: 30057 | Sender: 30027 | Distance:  131.59 m | Delay: 0.6991s | Size: 16779000 bit
[2025-03-20 12:39:09,167] [INFO] Phase: PREPARE | Receiver: 30057 | Sender: 30091 | Distance:  141.18 m | Delay: 0.6991s | Size: 16779000 bit
[2025-03-20 12:39:09,201] [INFO] Phase: COMMIT | Receiver: 30057 | Sender: 30074 | Distance:   92.98 m | Delay: 0.4661s | Size: 16778992 bit
[2025-03-20 12:39:09,233] [INFO] Phase: COMMIT | Receiver: 30057 | Sender: 30115 | Distance:   54.94 m | Delay: 0.4661s | Size: 16778984 bit
[2025-03-20 12:39:09,296] [INFO] Phase: COMMIT | Receiver: 30057 | Sender: 30067 | Distance:  134.38 m | Delay: 0.6991s | Size: 16779000 bit
[2025-03-20 12:39:09,332] [INFO] Phase: PREPARE | Receiver: 30057 | Sender: 30067 | Distance:  134.38 m | Delay: 0.6991s | Size: 16779000 bit
[2025-03-20 12:39:09,367] [INFO] Phase: COMMIT | Receiver: 30057 | Sender: 30104 | Distance:  118.38 m | Delay: 0.6991s | Size: 16778992 bit
[2025-03-20 12:39:09,466] [INFO] Phase: COMMIT | Receiver: 30057 | Sender: 30069 | Distance:   64.73 m | Delay: 0.4661s | Size: 16778992 bit
[2025-03-20 12:39:09,506] [INFO] Phase: PREPARE | Receiver: 30057 | Sender: 30069 | Distance:   64.73 m | Delay: 0.4661s | Size: 16778992 bit
[2025-03-20 12:39:09,555] [INFO] Phase: COMMIT | Receiver: 30057 | Sender: 30092 | Distance:    8.84 m | Delay: 0.3107s | Size: 16778992 bit
[2025-03-20 12:39:09,619] [INFO] Phase: PREPARE | Receiver: 30057 | Sender: 30080 | Distance:  136.01 m | Delay: 0.6991s | Size: 16778984 bit
[2025-03-20 12:39:09,652] [INFO] Phase: COMMIT | Receiver: 30057 | Sender: 30080 | Distance:  136.01 m | Delay: 0.6991s | Size: 16778992 bit
[2025-03-20 12:39:09,694] [INFO] Phase: COMMIT | Receiver: 30057 | Sender: 30095 | Distance:   55.12 m | Delay: 0.4661s | Size: 16778984 bit
[2025-03-20 12:39:09,743] [INFO] Phase: COMMIT | Receiver: 30057 | Sender: 30000 | Distance:  134.01 m | Delay: 0.6991s | Size: 16779000 bit
[2025-03-20 12:39:09,779] [INFO] Phase: COMMIT | Receiver: 30057 | Sender: 30116 | Distance:  142.78 m | Delay: 0.6991s | Size: 16778984 bit
[2025-03-20 12:39:09,813] [INFO] Phase: PREPARE | Receiver: 30057 | Sender: 30116 | Distance:  142.78 m | Delay: 0.6991s | Size: 16778992 bit
