[2025-03-20 12:37:40,326] [INFO] Node started: localhost:30075 | index= 76 | f=1, k=4
[2025-03-20 12:38:06,519] [INFO] Phase: PRE-PREPARE | Receiver: 30075 | Sender: 30002 | Distance:   72.60 m | Delay: 0.4662s | Size: 16782304 bit
[2025-03-20 12:38:06,722] [INFO] Phase: PREPARE-BROADCAST | Receiver: ALL | Sender: 30075 | Distance:   72.60 m | Delay: 0.4662s | Size: 16778152 bit
[2025-03-20 12:38:15,046] [INFO] Phase: PREPARE | Receiver: 30075 | Sender: 30046 | Distance:   87.15 m | Delay: 0.4661s | Size: 16778992 bit
[2025-03-20 12:38:15,060] [INFO] Phase: COMMIT-BROADCAST | Receiver: ALL | Sender: 30075 | Distance:   87.15 m | Delay: 0.4661s | Size: 16778160 bit
[2025-03-20 12:38:15,955] [INFO] Phase: PREPARE | Receiver: 30075 | Sender: 30041 | Distance:  143.79 m | Delay: 0.6991s | Size: 16778992 bit
[2025-03-20 12:38:16,085] [INFO] Phase: PREPARE | Receiver: 30075 | Sender: 30102 | Distance:  176.00 m | Delay: 0.9322s | Size: 16779000 bit
[2025-03-20 12:38:16,324] [INFO] Phase: PREPARE | Receiver: 30075 | Sender: 30033 | Distance:  118.75 m | Delay: 0.6991s | Size: 16779000 bit
[2025-03-20 12:38:16,451] [INFO] Phase: PREPARE | Receiver: 30075 | Sender: 30096 | Distance:  128.69 m | Delay: 0.6991s | Size: 16779000 bit
[2025-03-20 12:38:16,692] [INFO] Phase: COMMIT | Receiver: 30075 | Sender: 30046 | Distance:   87.15 m | Delay: 0.4661s | Size: 16778976 bit
[2025-03-20 12:38:16,869] [INFO] Phase: COMMIT | Receiver: 30075 | Sender: 30002 | Distance:   72.60 m | Delay: 0.4661s | Size: 16778992 bit
[2025-03-20 12:38:17,008] [INFO] Phase: PRE-REPLY | Receiver: 30056 | Sender: 30075 | Distance:   72.60 m | Delay: 0.4661s | Size: 16778160 bit
[2025-03-20 12:38:17,438] [INFO] Phase: PREPARE | Receiver: 30075 | Sender: 30097 | Distance:  116.25 m | Delay: 0.6991s | Size: 16779000 bit
[2025-03-20 12:38:17,727] [INFO] Phase: PREPARE | Receiver: 30075 | Sender: 30109 | Distance:   76.04 m | Delay: 0.4661s | Size: 16778992 bit
[2025-03-20 12:38:17,928] [INFO] Phase: PREPARE | Receiver: 30075 | Sender: 30108 | Distance:   76.04 m | Delay: 0.4661s | Size: 16778992 bit
[2025-03-20 12:38:18,182] [INFO] Phase: PREPARE | Receiver: 30075 | Sender: 30011 | Distance:  158.60 m | Delay: 0.9322s | Size: 16779000 bit
[2025-03-20 12:38:18,344] [INFO] Phase: PREPARE | Receiver: 30075 | Sender: 30065 | Distance:   71.02 m | Delay: 0.4661s | Size: 16778992 bit
[2025-03-20 12:38:18,573] [INFO] Phase: PREPARE | Receiver: 30075 | Sender: 30072 | Distance:   42.03 m | Delay: 0.3107s | Size: 16778984 bit
[2025-03-20 12:38:18,742] [INFO] Phase: PREPARE | Receiver: 30075 | Sender: 30105 | Distance:   74.63 m | Delay: 0.4661s | Size: 16778984 bit
[2025-03-20 12:38:18,894] [INFO] Phase: PREPARE | Receiver: 30075 | Sender: 30017 | Distance:   80.26 m | Delay: 0.4661s | Size: 16778992 bit
[2025-03-20 12:38:19,059] [INFO] Phase: PREPARE | Receiver: 30075 | Sender: 30053 | Distance:   29.36 m | Delay: 0.3107s | Size: 16779000 bit
[2025-03-20 12:38:19,409] [INFO] Phase: PREPARE | Receiver: 30075 | Sender: 30079 | Distance:  149.10 m | Delay: 0.6991s | Size: 16778992 bit
[2025-03-20 12:38:19,437] [INFO] Phase: PREPARE | Receiver: 30075 | Sender: 30058 | Distance:  126.82 m | Delay: 0.6991s | Size: 16779000 bit
[2025-03-20 12:38:19,469] [INFO] Phase: PREPARE | Receiver: 30075 | Sender: 30098 | Distance:  110.64 m | Delay: 0.6991s | Size: 16779000 bit
[2025-03-20 12:38:19,500] [INFO] Phase: PREPARE | Receiver: 30075 | Sender: 30055 | Distance:   64.70 m | Delay: 0.4661s | Size: 16778976 bit
[2025-03-20 12:38:19,547] [INFO] Phase: PREPARE | Receiver: 30075 | Sender: 30061 | Distance:  121.22 m | Delay: 0.6991s | Size: 16778992 bit
[2025-03-20 12:38:19,599] [INFO] Phase: COMMIT | Receiver: 30075 | Sender: 30017 | Distance:   80.26 m | Delay: 0.4661s | Size: 16778992 bit
[2025-03-20 12:38:19,630] [INFO] Phase: PREPARE | Receiver: 30075 | Sender: 30013 | Distance:  127.36 m | Delay: 0.6991s | Size: 16779000 bit
[2025-03-20 12:38:20,042] [INFO] Phase: PREPARE | Receiver: 30075 | Sender: 30081 | Distance:  107.63 m | Delay: 0.6991s | Size: 16779000 bit
[2025-03-20 12:38:20,158] [INFO] Phase: PREPARE | Receiver: 30075 | Sender: 30050 | Distance:   19.20 m | Delay: 0.3107s | Size: 16779000 bit
[2025-03-20 12:38:20,425] [INFO] Phase: PREPARE | Receiver: 30075 | Sender: 30034 | Distance:  103.56 m | Delay: 0.6991s | Size: 16779000 bit
[2025-03-20 12:38:20,482] [INFO] Phase: PREPARE | Receiver: 30075 | Sender: 30003 | Distance:   33.64 m | Delay: 0.3107s | Size: 16778984 bit
[2025-03-20 12:38:20,513] [INFO] Phase: PREPARE | Receiver: 30075 | Sender: 30103 | Distance:  104.30 m | Delay: 0.6991s | Size: 16779000 bit
[2025-03-20 12:38:20,541] [INFO] Phase: PREPARE | Receiver: 30075 | Sender: 30038 | Distance:   69.38 m | Delay: 0.4661s | Size: 16778992 bit
[2025-03-20 12:38:20,648] [INFO] Phase: PREPARE | Receiver: 30075 | Sender: 30007 | Distance:  113.01 m | Delay: 0.6991s | Size: 16778984 bit
[2025-03-20 12:38:20,922] [INFO] Phase: PREPARE | Receiver: 30075 | Sender: 30070 | Distance:  115.50 m | Delay: 0.6991s | Size: 16779000 bit
[2025-03-20 12:38:21,062] [INFO] Phase: COMMIT | Receiver: 30075 | Sender: 30098 | Distance:  110.64 m | Delay: 0.6991s | Size: 16778984 bit
[2025-03-20 12:38:21,101] [INFO] Phase: PREPARE | Receiver: 30075 | Sender: 30036 | Distance:   16.01 m | Delay: 0.3107s | Size: 16779000 bit
[2025-03-20 12:38:21,130] [INFO] Phase: COMMIT | Receiver: 30075 | Sender: 30097 | Distance:  116.25 m | Delay: 0.6991s | Size: 16779000 bit
[2025-03-20 12:38:21,179] [INFO] Phase: COMMIT | Receiver: 30075 | Sender: 30041 | Distance:  143.79 m | Delay: 0.6991s | Size: 16779000 bit
[2025-03-20 12:38:21,204] [INFO] Phase: COMMIT | Receiver: 30075 | Sender: 30033 | Distance:  118.75 m | Delay: 0.6991s | Size: 16778992 bit
[2025-03-20 12:38:21,232] [INFO] Phase: COMMIT | Receiver: 30075 | Sender: 30061 | Distance:  121.22 m | Delay: 0.6991s | Size: 16779000 bit
[2025-03-20 12:38:21,258] [INFO] Phase: COMMIT | Receiver: 30075 | Sender: 30109 | Distance:   76.04 m | Delay: 0.4661s | Size: 16778992 bit
[2025-03-20 12:38:21,311] [INFO] Phase: COMMIT | Receiver: 30075 | Sender: 30011 | Distance:  158.60 m | Delay: 0.9322s | Size: 16779000 bit
[2025-03-20 12:38:21,371] [INFO] Phase: COMMIT | Receiver: 30075 | Sender: 30065 | Distance:   71.02 m | Delay: 0.4661s | Size: 16778992 bit
[2025-03-20 12:38:21,390] [INFO] Phase: COMMIT | Receiver: 30075 | Sender: 30079 | Distance:  149.10 m | Delay: 0.6991s | Size: 16778992 bit
[2025-03-20 12:38:21,406] [INFO] Phase: COMMIT | Receiver: 30075 | Sender: 30034 | Distance:  103.56 m | Delay: 0.6991s | Size: 16779000 bit
[2025-03-20 12:38:21,423] [INFO] Phase: COMMIT | Receiver: 30075 | Sender: 30007 | Distance:  113.01 m | Delay: 0.6991s | Size: 16779000 bit
[2025-03-20 12:38:21,446] [INFO] Phase: COMMIT | Receiver: 30075 | Sender: 30050 | Distance:   19.20 m | Delay: 0.3107s | Size: 16779000 bit
[2025-03-20 12:38:21,468] [INFO] Phase: COMMIT | Receiver: 30075 | Sender: 30096 | Distance:  128.69 m | Delay: 0.6991s | Size: 16779000 bit
[2025-03-20 12:38:21,486] [INFO] Phase: COMMIT | Receiver: 30075 | Sender: 30036 | Distance:   16.01 m | Delay: 0.3107s | Size: 16778992 bit
[2025-03-20 12:38:21,506] [INFO] Phase: COMMIT | Receiver: 30075 | Sender: 30102 | Distance:  176.00 m | Delay: 0.9322s | Size: 16779000 bit
[2025-03-20 12:38:21,524] [INFO] Phase: COMMIT | Receiver: 30075 | Sender: 30103 | Distance:  104.30 m | Delay: 0.6991s | Size: 16779000 bit
[2025-03-20 12:38:21,543] [INFO] Phase: COMMIT | Receiver: 30075 | Sender: 30053 | Distance:   29.36 m | Delay: 0.3107s | Size: 16779000 bit
[2025-03-20 12:38:21,557] [INFO] Phase: COMMIT | Receiver: 30075 | Sender: 30108 | Distance:   76.04 m | Delay: 0.4661s | Size: 16778992 bit
[2025-03-20 12:38:21,575] [INFO] Phase: COMMIT | Receiver: 30075 | Sender: 30058 | Distance:  126.82 m | Delay: 0.6991s | Size: 16778984 bit
[2025-03-20 12:38:21,592] [INFO] Phase: COMMIT | Receiver: 30075 | Sender: 30072 | Distance:   42.03 m | Delay: 0.3107s | Size: 16778992 bit
[2025-03-20 12:38:21,606] [INFO] Phase: COMMIT | Receiver: 30075 | Sender: 30013 | Distance:  127.36 m | Delay: 0.6991s | Size: 16779000 bit
[2025-03-20 12:38:21,622] [INFO] Phase: COMMIT | Receiver: 30075 | Sender: 30038 | Distance:   69.38 m | Delay: 0.4661s | Size: 16778992 bit
[2025-03-20 12:38:21,644] [INFO] Phase: COMMIT | Receiver: 30075 | Sender: 30003 | Distance:   33.64 m | Delay: 0.3107s | Size: 16778984 bit
[2025-03-20 12:38:21,657] [INFO] Phase: COMMIT | Receiver: 30075 | Sender: 30055 | Distance:   64.70 m | Delay: 0.4661s | Size: 16778984 bit
[2025-03-20 12:38:21,667] [INFO] Phase: COMMIT | Receiver: 30075 | Sender: 30105 | Distance:   74.63 m | Delay: 0.4661s | Size: 16778992 bit
[2025-03-20 12:38:21,690] [INFO] Phase: COMMIT | Receiver: 30075 | Sender: 30081 | Distance:  107.63 m | Delay: 0.6991s | Size: 16778992 bit
[2025-03-20 12:38:21,713] [INFO] Phase: COMMIT | Receiver: 30075 | Sender: 30070 | Distance:  115.50 m | Delay: 0.6991s | Size: 16778992 bit
[2025-03-20 12:38:28,262] [INFO] Phase: PRE-PREPARE | Receiver: 30075 | Sender: 30002 | Distance:   72.60 m | Delay: 0.4662s | Size: 16782304 bit
[2025-03-20 12:38:28,431] [INFO] Phase: PREPARE-BROADCAST | Receiver: ALL | Sender: 30075 | Distance:   72.60 m | Delay: 0.4662s | Size: 16778152 bit
[2025-03-20 12:38:30,788] [INFO] Phase: PREPARE | Receiver: 30075 | Sender: 30065 | Distance:   71.02 m | Delay: 0.4661s | Size: 16778992 bit
[2025-03-20 12:38:30,809] [INFO] Phase: COMMIT-BROADCAST | Receiver: ALL | Sender: 30075 | Distance:   71.02 m | Delay: 0.4661s | Size: 16778152 bit
[2025-03-20 12:38:30,841] [INFO] Phase: PREPARE | Receiver: 30075 | Sender: 30097 | Distance:  116.25 m | Delay: 0.6991s | Size: 16779000 bit
[2025-03-20 12:38:30,882] [INFO] Phase: PREPARE | Receiver: 30075 | Sender: 30103 | Distance:  104.30 m | Delay: 0.6991s | Size: 16779000 bit
[2025-03-20 12:38:30,913] [INFO] Phase: PREPARE | Receiver: 30075 | Sender: 30011 | Distance:  158.60 m | Delay: 0.9322s | Size: 16779000 bit
[2025-03-20 12:38:30,957] [INFO] Phase: PREPARE | Receiver: 30075 | Sender: 30108 | Distance:   76.04 m | Delay: 0.4661s | Size: 16778992 bit
[2025-03-20 12:38:31,545] [INFO] Phase: PREPARE | Receiver: 30075 | Sender: 30041 | Distance:  143.79 m | Delay: 0.6991s | Size: 16779000 bit
[2025-03-20 12:38:31,705] [INFO] Phase: PREPARE | Receiver: 30075 | Sender: 30109 | Distance:   76.04 m | Delay: 0.4661s | Size: 16778992 bit
[2025-03-20 12:38:32,524] [INFO] Phase: PREPARE | Receiver: 30075 | Sender: 30079 | Distance:  149.10 m | Delay: 0.6991s | Size: 16778992 bit
[2025-03-20 12:38:32,702] [INFO] Phase: PREPARE | Receiver: 30075 | Sender: 30017 | Distance:   80.26 m | Delay: 0.4661s | Size: 16778984 bit
[2025-03-20 12:38:34,096] [INFO] Phase: PREPARE | Receiver: 30075 | Sender: 30007 | Distance:  113.01 m | Delay: 0.6991s | Size: 16779000 bit
[2025-03-20 12:38:34,134] [INFO] Phase: COMMIT | Receiver: 30075 | Sender: 30097 | Distance:  116.25 m | Delay: 0.6991s | Size: 16779000 bit
[2025-03-20 12:38:34,562] [INFO] Phase: COMMIT | Receiver: 30075 | Sender: 30041 | Distance:  143.79 m | Delay: 0.6991s | Size: 16779000 bit
[2025-03-20 12:38:34,582] [INFO] Phase: PRE-REPLY | Receiver: 30056 | Sender: 30075 | Distance:  143.79 m | Delay: 0.6991s | Size: 16778152 bit
[2025-03-20 12:38:34,647] [INFO] Phase: COMMIT | Receiver: 30075 | Sender: 30002 | Distance:   72.60 m | Delay: 0.4661s | Size: 16778992 bit
[2025-03-20 12:38:34,738] [INFO] Phase: COMMIT | Receiver: 30075 | Sender: 30108 | Distance:   76.04 m | Delay: 0.4661s | Size: 16778992 bit
[2025-03-20 12:38:34,778] [INFO] Phase: PREPARE | Receiver: 30075 | Sender: 30053 | Distance:   29.36 m | Delay: 0.3107s | Size: 16779000 bit
[2025-03-20 12:38:34,817] [INFO] Phase: PREPARE | Receiver: 30075 | Sender: 30050 | Distance:   19.20 m | Delay: 0.3107s | Size: 16779000 bit
[2025-03-20 12:38:34,868] [INFO] Phase: PREPARE | Receiver: 30075 | Sender: 30096 | Distance:  128.69 m | Delay: 0.6991s | Size: 16778992 bit
[2025-03-20 12:38:34,900] [INFO] Phase: PREPARE | Receiver: 30075 | Sender: 30070 | Distance:  115.50 m | Delay: 0.6991s | Size: 16778992 bit
[2025-03-20 12:38:34,927] [INFO] Phase: PREPARE | Receiver: 30075 | Sender: 30036 | Distance:   16.01 m | Delay: 0.3107s | Size: 16779000 bit
[2025-03-20 12:38:34,963] [INFO] Phase: PREPARE | Receiver: 30075 | Sender: 30102 | Distance:  176.00 m | Delay: 0.9322s | Size: 16778992 bit
[2025-03-20 12:38:34,993] [INFO] Phase: PREPARE | Receiver: 30075 | Sender: 30003 | Distance:   33.64 m | Delay: 0.3107s | Size: 16778984 bit
[2025-03-20 12:38:35,030] [INFO] Phase: COMMIT | Receiver: 30075 | Sender: 30011 | Distance:  158.60 m | Delay: 0.9322s | Size: 16779000 bit
[2025-03-20 12:38:35,076] [INFO] Phase: PREPARE | Receiver: 30075 | Sender: 30058 | Distance:  126.82 m | Delay: 0.6991s | Size: 16779000 bit
[2025-03-20 12:38:35,597] [INFO] Phase: COMMIT | Receiver: 30075 | Sender: 30109 | Distance:   76.04 m | Delay: 0.4661s | Size: 16778984 bit
[2025-03-20 12:38:35,646] [INFO] Phase: COMMIT | Receiver: 30075 | Sender: 30079 | Distance:  149.10 m | Delay: 0.6991s | Size: 16778992 bit
[2025-03-20 12:38:35,676] [INFO] Phase: PREPARE | Receiver: 30075 | Sender: 30098 | Distance:  110.64 m | Delay: 0.6991s | Size: 16779000 bit
[2025-03-20 12:38:35,712] [INFO] Phase: COMMIT | Receiver: 30075 | Sender: 30102 | Distance:  176.00 m | Delay: 0.9322s | Size: 16779000 bit
[2025-03-20 12:38:35,745] [INFO] Phase: PREPARE | Receiver: 30075 | Sender: 30046 | Distance:   87.15 m | Delay: 0.4661s | Size: 16778984 bit
[2025-03-20 12:38:35,775] [INFO] Phase: PREPARE | Receiver: 30075 | Sender: 30034 | Distance:  103.56 m | Delay: 0.6991s | Size: 16779000 bit
[2025-03-20 12:38:35,810] [INFO] Phase: PREPARE | Receiver: 30075 | Sender: 30081 | Distance:  107.63 m | Delay: 0.6991s | Size: 16778992 bit
[2025-03-20 12:38:35,842] [INFO] Phase: PREPARE | Receiver: 30075 | Sender: 30072 | Distance:   42.03 m | Delay: 0.3107s | Size: 16778992 bit
[2025-03-20 12:38:35,878] [INFO] Phase: COMMIT | Receiver: 30075 | Sender: 30103 | Distance:  104.30 m | Delay: 0.6991s | Size: 16779000 bit
[2025-03-20 12:38:35,907] [INFO] Phase: PREPARE | Receiver: 30075 | Sender: 30055 | Distance:   64.70 m | Delay: 0.4661s | Size: 16778984 bit
[2025-03-20 12:38:35,939] [INFO] Phase: COMMIT | Receiver: 30075 | Sender: 30065 | Distance:   71.02 m | Delay: 0.4661s | Size: 16778992 bit
[2025-03-20 12:38:35,975] [INFO] Phase: COMMIT | Receiver: 30075 | Sender: 30053 | Distance:   29.36 m | Delay: 0.3107s | Size: 16778992 bit
[2025-03-20 12:38:36,018] [INFO] Phase: PREPARE | Receiver: 30075 | Sender: 30061 | Distance:  121.22 m | Delay: 0.6991s | Size: 16778992 bit
[2025-03-20 12:38:36,055] [INFO] Phase: COMMIT | Receiver: 30075 | Sender: 30050 | Distance:   19.20 m | Delay: 0.3107s | Size: 16778992 bit
[2025-03-20 12:38:36,091] [INFO] Phase: PREPARE | Receiver: 30075 | Sender: 30105 | Distance:   74.63 m | Delay: 0.4661s | Size: 16778984 bit
[2025-03-20 12:38:36,122] [INFO] Phase: PREPARE | Receiver: 30075 | Sender: 30013 | Distance:  127.36 m | Delay: 0.6991s | Size: 16779000 bit
[2025-03-20 12:38:36,213] [INFO] Phase: COMMIT | Receiver: 30075 | Sender: 30058 | Distance:  126.82 m | Delay: 0.6991s | Size: 16779000 bit
[2025-03-20 12:38:36,277] [INFO] Phase: PREPARE | Receiver: 30075 | Sender: 30033 | Distance:  118.75 m | Delay: 0.6991s | Size: 16779000 bit
[2025-03-20 12:38:36,332] [INFO] Phase: PREPARE | Receiver: 30075 | Sender: 30038 | Distance:   69.38 m | Delay: 0.4661s | Size: 16778992 bit
[2025-03-20 12:38:36,380] [INFO] Phase: COMMIT | Receiver: 30075 | Sender: 30007 | Distance:  113.01 m | Delay: 0.6991s | Size: 16778992 bit
[2025-03-20 12:38:36,423] [INFO] Phase: COMMIT | Receiver: 30075 | Sender: 30096 | Distance:  128.69 m | Delay: 0.6991s | Size: 16779000 bit
[2025-03-20 12:38:36,461] [INFO] Phase: COMMIT | Receiver: 30075 | Sender: 30017 | Distance:   80.26 m | Delay: 0.4661s | Size: 16778984 bit
[2025-03-20 12:38:36,506] [INFO] Phase: COMMIT | Receiver: 30075 | Sender: 30070 | Distance:  115.50 m | Delay: 0.6991s | Size: 16779000 bit
[2025-03-20 12:38:37,111] [INFO] Phase: COMMIT | Receiver: 30075 | Sender: 30081 | Distance:  107.63 m | Delay: 0.6991s | Size: 16779000 bit
[2025-03-20 12:38:37,651] [INFO] Phase: COMMIT | Receiver: 30075 | Sender: 30034 | Distance:  103.56 m | Delay: 0.6991s | Size: 16779000 bit
[2025-03-20 12:38:38,043] [INFO] Phase: COMMIT | Receiver: 30075 | Sender: 30003 | Distance:   33.64 m | Delay: 0.3107s | Size: 16778984 bit
[2025-03-20 12:38:38,641] [INFO] Phase: COMMIT | Receiver: 30075 | Sender: 30046 | Distance:   87.15 m | Delay: 0.4661s | Size: 16778992 bit
[2025-03-20 12:38:39,732] [INFO] Phase: COMMIT | Receiver: 30075 | Sender: 30105 | Distance:   74.63 m | Delay: 0.4661s | Size: 16778992 bit
[2025-03-20 12:38:40,110] [INFO] Phase: COMMIT | Receiver: 30075 | Sender: 30013 | Distance:  127.36 m | Delay: 0.6991s | Size: 16779000 bit
[2025-03-20 12:38:41,281] [INFO] Phase: COMMIT | Receiver: 30075 | Sender: 30098 | Distance:  110.64 m | Delay: 0.6991s | Size: 16779000 bit
[2025-03-20 12:38:41,615] [INFO] Phase: COMMIT | Receiver: 30075 | Sender: 30033 | Distance:  118.75 m | Delay: 0.6991s | Size: 16778992 bit
[2025-03-20 12:38:42,397] [INFO] Phase: COMMIT | Receiver: 30075 | Sender: 30036 | Distance:   16.01 m | Delay: 0.3107s | Size: 16779000 bit
[2025-03-20 12:38:42,608] [INFO] Phase: COMMIT | Receiver: 30075 | Sender: 30038 | Distance:   69.38 m | Delay: 0.4661s | Size: 16778992 bit
[2025-03-20 12:38:43,060] [INFO] Phase: COMMIT | Receiver: 30075 | Sender: 30072 | Distance:   42.03 m | Delay: 0.3107s | Size: 16778992 bit
[2025-03-20 12:38:43,421] [INFO] Phase: COMMIT | Receiver: 30075 | Sender: 30055 | Distance:   64.70 m | Delay: 0.4661s | Size: 16778984 bit
[2025-03-20 12:38:45,685] [INFO] Phase: COMMIT | Receiver: 30075 | Sender: 30061 | Distance:  121.22 m | Delay: 0.6991s | Size: 16779000 bit
[2025-03-20 12:38:53,215] [INFO] Phase: PREPARE | Receiver: 30075 | Sender: 30046 | Distance:   87.15 m | Delay: 0.4661s | Size: 16778992 bit
[2025-03-20 12:38:53,217] [INFO] PREPARE: Missing PRE-PREPARE for REQUEST 1742441929729
[2025-03-20 12:38:56,061] [INFO] Phase: PREPARE | Receiver: 30075 | Sender: 30033 | Distance:  118.75 m | Delay: 0.6991s | Size: 16779000 bit
[2025-03-20 12:38:56,061] [INFO] PREPARE: Missing PRE-PREPARE for REQUEST 1742441929729
[2025-03-20 12:38:56,118] [INFO] Phase: PRE-PREPARE | Receiver: 30075 | Sender: 30002 | Distance:   72.60 m | Delay: 0.4662s | Size: 16782304 bit
[2025-03-20 12:38:56,133] [INFO] Phase: PREPARE-BROADCAST | Receiver: ALL | Sender: 30075 | Distance:   72.60 m | Delay: 0.4662s | Size: 16778160 bit
[2025-03-20 12:39:03,258] [INFO] Phase: PREPARE | Receiver: 30075 | Sender: 30036 | Distance:   16.01 m | Delay: 0.3107s | Size: 16778984 bit
[2025-03-20 12:39:03,272] [INFO] Phase: COMMIT-BROADCAST | Receiver: ALL | Sender: 30075 | Distance:   16.01 m | Delay: 0.3107s | Size: 16778160 bit
[2025-03-20 12:39:03,723] [INFO] Phase: PREPARE | Receiver: 30075 | Sender: 30038 | Distance:   69.38 m | Delay: 0.4661s | Size: 16778992 bit
[2025-03-20 12:39:06,931] [INFO] Phase: PREPARE | Receiver: 30075 | Sender: 30072 | Distance:   42.03 m | Delay: 0.3107s | Size: 16778992 bit
[2025-03-20 12:39:07,139] [INFO] Phase: COMMIT | Receiver: 30075 | Sender: 30033 | Distance:  118.75 m | Delay: 0.6991s | Size: 16779000 bit
[2025-03-20 12:39:07,255] [INFO] Phase: PREPARE | Receiver: 30075 | Sender: 30061 | Distance:  121.22 m | Delay: 0.6991s | Size: 16778992 bit
[2025-03-20 12:39:07,291] [INFO] Phase: COMMIT | Receiver: 30075 | Sender: 30046 | Distance:   87.15 m | Delay: 0.4661s | Size: 16778992 bit
[2025-03-20 12:39:07,305] [INFO] Phase: PRE-REPLY | Receiver: 30056 | Sender: 30075 | Distance:   87.15 m | Delay: 0.4661s | Size: 16778160 bit
[2025-03-20 12:39:07,374] [INFO] Phase: PREPARE | Receiver: 30075 | Sender: 30013 | Distance:  127.36 m | Delay: 0.6991s | Size: 16779000 bit
[2025-03-20 12:39:07,572] [INFO] Phase: PREPARE | Receiver: 30075 | Sender: 30053 | Distance:   29.36 m | Delay: 0.3107s | Size: 16779000 bit
[2025-03-20 12:39:07,623] [INFO] Phase: PREPARE | Receiver: 30075 | Sender: 30065 | Distance:   71.02 m | Delay: 0.4661s | Size: 16778992 bit
[2025-03-20 12:39:07,675] [INFO] Phase: PREPARE | Receiver: 30075 | Sender: 30050 | Distance:   19.20 m | Delay: 0.3107s | Size: 16779000 bit
[2025-03-20 12:39:07,704] [INFO] Phase: PREPARE | Receiver: 30075 | Sender: 30108 | Distance:   76.04 m | Delay: 0.4661s | Size: 16778992 bit
[2025-03-20 12:39:07,732] [INFO] Phase: PREPARE | Receiver: 30075 | Sender: 30017 | Distance:   80.26 m | Delay: 0.4661s | Size: 16778992 bit
[2025-03-20 12:39:07,758] [INFO] Phase: PREPARE | Receiver: 30075 | Sender: 30007 | Distance:  113.01 m | Delay: 0.6991s | Size: 16779000 bit
[2025-03-20 12:39:07,784] [INFO] Phase: PREPARE | Receiver: 30075 | Sender: 30011 | Distance:  158.60 m | Delay: 0.9322s | Size: 16779000 bit
[2025-03-20 12:39:07,817] [INFO] Phase: PREPARE | Receiver: 30075 | Sender: 30003 | Distance:   33.64 m | Delay: 0.3107s | Size: 16778976 bit
[2025-03-20 12:39:07,854] [INFO] Phase: PREPARE | Receiver: 30075 | Sender: 30034 | Distance:  103.56 m | Delay: 0.6991s | Size: 16778992 bit
[2025-03-20 12:39:07,891] [INFO] Phase: COMMIT | Receiver: 30075 | Sender: 30072 | Distance:   42.03 m | Delay: 0.3107s | Size: 16778984 bit
[2025-03-20 12:39:07,945] [INFO] Phase: COMMIT | Receiver: 30075 | Sender: 30053 | Distance:   29.36 m | Delay: 0.3107s | Size: 16779000 bit
[2025-03-20 12:39:09,227] [INFO] Phase: COMMIT | Receiver: 30075 | Sender: 30108 | Distance:   76.04 m | Delay: 0.4661s | Size: 16778992 bit
[2025-03-20 12:39:09,330] [INFO] Phase: PREPARE | Receiver: 30075 | Sender: 30102 | Distance:  176.00 m | Delay: 0.9322s | Size: 16779000 bit
[2025-03-20 12:39:09,363] [INFO] Phase: PREPARE | Receiver: 30075 | Sender: 30070 | Distance:  115.50 m | Delay: 0.6991s | Size: 16778992 bit
[2025-03-20 12:39:09,399] [INFO] Phase: PREPARE | Receiver: 30075 | Sender: 30097 | Distance:  116.25 m | Delay: 0.6991s | Size: 16779000 bit
[2025-03-20 12:39:09,474] [INFO] Phase: PREPARE | Receiver: 30075 | Sender: 30109 | Distance:   76.04 m | Delay: 0.4661s | Size: 16778984 bit
[2025-03-20 12:39:09,532] [INFO] Phase: PREPARE | Receiver: 30075 | Sender: 30105 | Distance:   74.63 m | Delay: 0.4661s | Size: 16778984 bit
[2025-03-20 12:39:09,619] [INFO] Phase: COMMIT | Receiver: 30075 | Sender: 30081 | Distance:  107.63 m | Delay: 0.6991s | Size: 16779000 bit
[2025-03-20 12:39:09,655] [INFO] Phase: PREPARE | Receiver: 30075 | Sender: 30098 | Distance:  110.64 m | Delay: 0.6991s | Size: 16778992 bit
[2025-03-20 12:39:09,686] [INFO] Phase: COMMIT | Receiver: 30075 | Sender: 30065 | Distance:   71.02 m | Delay: 0.4661s | Size: 16778992 bit
[2025-03-20 12:39:09,720] [INFO] Phase: COMMIT | Receiver: 30075 | Sender: 30038 | Distance:   69.38 m | Delay: 0.4661s | Size: 16778992 bit
[2025-03-20 12:39:09,755] [INFO] Phase: PREPARE | Receiver: 30075 | Sender: 30079 | Distance:  149.10 m | Delay: 0.6991s | Size: 16778984 bit
[2025-03-20 12:39:09,792] [INFO] Phase: COMMIT | Receiver: 30075 | Sender: 30061 | Distance:  121.22 m | Delay: 0.6991s | Size: 16778992 bit
[2025-03-20 12:39:09,833] [INFO] Phase: COMMIT | Receiver: 30075 | Sender: 30036 | Distance:   16.01 m | Delay: 0.3107s | Size: 16779000 bit
[2025-03-20 12:39:09,871] [INFO] Phase: PREPARE | Receiver: 30075 | Sender: 30103 | Distance:  104.30 m | Delay: 0.6991s | Size: 16778992 bit
[2025-03-20 12:39:09,910] [INFO] Phase: COMMIT | Receiver: 30075 | Sender: 30002 | Distance:   72.60 m | Delay: 0.4661s | Size: 16778992 bit
[2025-03-20 12:39:09,946] [INFO] Phase: PREPARE | Receiver: 30075 | Sender: 30081 | Distance:  107.63 m | Delay: 0.6991s | Size: 16779000 bit
[2025-03-20 12:39:09,978] [INFO] Phase: PREPARE | Receiver: 30075 | Sender: 30096 | Distance:  128.69 m | Delay: 0.6991s | Size: 16779000 bit
[2025-03-20 12:39:10,002] [INFO] Phase: COMMIT | Receiver: 30075 | Sender: 30017 | Distance:   80.26 m | Delay: 0.4661s | Size: 16778992 bit
[2025-03-20 12:39:10,036] [INFO] Phase: COMMIT | Receiver: 30075 | Sender: 30098 | Distance:  110.64 m | Delay: 0.6991s | Size: 16779000 bit
[2025-03-20 12:39:10,059] [INFO] Phase: COMMIT | Receiver: 30075 | Sender: 30050 | Distance:   19.20 m | Delay: 0.3107s | Size: 16778992 bit
[2025-03-20 12:39:10,082] [INFO] Phase: COMMIT | Receiver: 30075 | Sender: 30034 | Distance:  103.56 m | Delay: 0.6991s | Size: 16779000 bit
[2025-03-20 12:39:10,144] [INFO] Phase: PREPARE | Receiver: 30075 | Sender: 30041 | Distance:  143.79 m | Delay: 0.6991s | Size: 16778992 bit
[2025-03-20 12:39:10,164] [INFO] Phase: PREPARE | Receiver: 30075 | Sender: 30055 | Distance:   64.70 m | Delay: 0.4661s | Size: 16778984 bit
[2025-03-20 12:39:10,194] [INFO] Phase: COMMIT | Receiver: 30075 | Sender: 30011 | Distance:  158.60 m | Delay: 0.9322s | Size: 16779000 bit
[2025-03-20 12:39:10,232] [INFO] Phase: COMMIT | Receiver: 30075 | Sender: 30041 | Distance:  143.79 m | Delay: 0.6991s | Size: 16779000 bit
[2025-03-20 12:39:10,273] [INFO] Phase: PREPARE | Receiver: 30075 | Sender: 30058 | Distance:  126.82 m | Delay: 0.6991s | Size: 16778984 bit
[2025-03-20 12:39:10,301] [INFO] Phase: COMMIT | Receiver: 30075 | Sender: 30079 | Distance:  149.10 m | Delay: 0.6991s | Size: 16778984 bit
[2025-03-20 12:39:10,321] [INFO] Phase: COMMIT | Receiver: 30075 | Sender: 30007 | Distance:  113.01 m | Delay: 0.6991s | Size: 16779000 bit
[2025-03-20 12:39:10,352] [INFO] Phase: COMMIT | Receiver: 30075 | Sender: 30013 | Distance:  127.36 m | Delay: 0.6991s | Size: 16779000 bit
[2025-03-20 12:39:10,368] [INFO] Phase: COMMIT | Receiver: 30075 | Sender: 30003 | Distance:   33.64 m | Delay: 0.3107s | Size: 16778984 bit
[2025-03-20 12:39:10,410] [INFO] Phase: COMMIT | Receiver: 30075 | Sender: 30105 | Distance:   74.63 m | Delay: 0.4661s | Size: 16778992 bit
[2025-03-20 12:39:10,431] [INFO] Phase: COMMIT | Receiver: 30075 | Sender: 30109 | Distance:   76.04 m | Delay: 0.4661s | Size: 16778984 bit
[2025-03-20 12:39:10,471] [INFO] Phase: COMMIT | Receiver: 30075 | Sender: 30102 | Distance:  176.00 m | Delay: 0.9322s | Size: 16779000 bit
[2025-03-20 12:39:10,508] [INFO] Phase: COMMIT | Receiver: 30075 | Sender: 30103 | Distance:  104.30 m | Delay: 0.6991s | Size: 16779000 bit
[2025-03-20 12:39:10,532] [INFO] Phase: COMMIT | Receiver: 30075 | Sender: 30070 | Distance:  115.50 m | Delay: 0.6991s | Size: 16779000 bit
[2025-03-20 12:39:10,541] [INFO] Phase: COMMIT | Receiver: 30075 | Sender: 30096 | Distance:  128.69 m | Delay: 0.6991s | Size: 16779000 bit
[2025-03-20 12:39:10,573] [INFO] Phase: COMMIT | Receiver: 30075 | Sender: 30097 | Distance:  116.25 m | Delay: 0.6991s | Size: 16779000 bit
[2025-03-20 12:39:10,703] [INFO] Phase: COMMIT | Receiver: 30075 | Sender: 30058 | Distance:  126.82 m | Delay: 0.6991s | Size: 16779000 bit
[2025-03-20 12:39:10,844] [INFO] Phase: COMMIT | Receiver: 30075 | Sender: 30055 | Distance:   64.70 m | Delay: 0.4661s | Size: 16778984 bit
