[2025-03-11 17:42:26,327] [INFO] Node started: localhost:30108 | index=109 | f=1, k=4
[2025-03-11 17:42:52,304] [INFO] [30108] PRE-PREPARE received: {'request_id': 1741682572224, 'data': 'llapbft_message_1741682572224', 'timestamp': 1741682572.2434242, 'leader': 30002, 'cluster_id': 1, 'cluster_ports': [30001, 30002, 30003, 30007, 30008, 30024, 30028, 30029, 30030, 30032, 30038, 30041, 30048, 30050, 30053, 30071, 30073, 30080, 30084, 30094, 30107, 30108, 30113], 'cluster_manager': {'host': 'localhost', 'port': 30038, 'latitude': 36.6266232, 'longitude': 127.4591861, 'altitude': 236, 'offset_m': 'lat: 2 m, lng: 61 m, alt: 236 m'}, 'simulated_delay': 0.00010844444444444444, 'distance': 60.19753692759384, 'message_size_bits': 3904}
[2025-03-11 17:42:52,304] [INFO] [30108] Broadcasting PREPARE: REQUEST 1741682572224
[2025-03-11 17:42:52,411] [INFO] [30108] PREPARE received from 30001 for REQUEST 1741682572224
[2025-03-11 17:42:52,411] [INFO] [30108] Broadcasting COMMIT: REQUEST 1741682572224
[2025-03-11 17:42:52,530] [INFO] [30108] COMMIT received from 30071 for REQUEST 1741682572224
[2025-03-11 17:42:52,530] [INFO] [30108] PREPARE received from 30071 for REQUEST 1741682572224
[2025-03-11 17:42:52,559] [INFO] [30108] PREPARE received from 30094 for REQUEST 1741682572224
[2025-03-11 17:42:52,588] [INFO] [30108] COMMIT received from 30001 for REQUEST 1741682572224
[2025-03-11 17:42:52,588] [INFO] [30108] COMMIT complete. Sending PRE-REPLY: REQUEST 1741682572224 directly to Manager 30038
[2025-03-11 17:42:52,624] [INFO] [30108] COMMIT received from 30094 for REQUEST 1741682572224
[2025-03-11 17:42:52,662] [INFO] [30108] PREPARE received from 30073 for REQUEST 1741682572224
[2025-03-11 17:42:52,662] [INFO] [30108] PREPARE received from 30032 for REQUEST 1741682572224
[2025-03-11 17:42:52,683] [INFO] [30108] PREPARE received from 30080 for REQUEST 1741682572224
[2025-03-11 17:42:52,726] [INFO] [30108] COMMIT received from 30073 for REQUEST 1741682572224
[2025-03-11 17:42:52,726] [INFO] [30108] COMMIT received from 30080 for REQUEST 1741682572224
[2025-03-11 17:42:52,774] [INFO] [30108] PREPARE received from 30029 for REQUEST 1741682572224
[2025-03-11 17:42:52,774] [INFO] [30108] PREPARE received from 30028 for REQUEST 1741682572224
[2025-03-11 17:42:52,774] [INFO] [30108] PREPARE received from 30030 for REQUEST 1741682572224
[2025-03-11 17:42:52,774] [INFO] [30108] COMMIT received from 30032 for REQUEST 1741682572224
[2025-03-11 17:42:52,778] [INFO] [30108] PREPARE received from 30024 for REQUEST 1741682572224
[2025-03-11 17:42:52,808] [INFO] [30108] COMMIT received from 30030 for REQUEST 1741682572224
[2025-03-11 17:42:52,808] [INFO] [30108] COMMIT received from 30029 for REQUEST 1741682572224
[2025-03-11 17:42:52,810] [INFO] [30108] COMMIT received from 30024 for REQUEST 1741682572224
[2025-03-11 17:42:52,810] [INFO] [30108] COMMIT received from 30028 for REQUEST 1741682572224
[2025-03-11 17:42:52,821] [INFO] [30108] PREPARE received from 30084 for REQUEST 1741682572224
[2025-03-11 17:42:52,821] [INFO] [30108] PREPARE received from 30048 for REQUEST 1741682572224
[2025-03-11 17:42:52,857] [INFO] [30108] COMMIT received from 30050 for REQUEST 1741682572224
[2025-03-11 17:42:52,859] [INFO] [30108] PREPARE received from 30050 for REQUEST 1741682572224
[2025-03-11 17:42:52,859] [INFO] [30108] COMMIT received from 30084 for REQUEST 1741682572224
[2025-03-11 17:42:52,859] [INFO] [30108] COMMIT received from 30041 for REQUEST 1741682572224
[2025-03-11 17:42:52,859] [INFO] [30108] COMMIT received from 30053 for REQUEST 1741682572224
[2025-03-11 17:42:52,859] [INFO] [30108] COMMIT received from 30048 for REQUEST 1741682572224
[2025-03-11 17:42:52,859] [INFO] [30108] COMMIT received from 30002 for REQUEST 1741682572224
[2025-03-11 17:42:52,872] [INFO] [30108] PREPARE received from 30003 for REQUEST 1741682572224
[2025-03-11 17:42:52,872] [INFO] [30108] PREPARE received from 30053 for REQUEST 1741682572224
[2025-03-11 17:42:52,875] [INFO] [30108] PREPARE received from 30041 for REQUEST 1741682572224
[2025-03-11 17:42:52,875] [INFO] [30108] PREPARE received from 30007 for REQUEST 1741682572224
[2025-03-11 17:42:52,881] [INFO] [30108] COMMIT received from 30003 for REQUEST 1741682572224
[2025-03-11 17:42:52,881] [INFO] [30108] PREPARE received from 30113 for REQUEST 1741682572224
[2025-03-11 17:42:52,881] [INFO] [30108] COMMIT received from 30007 for REQUEST 1741682572224
[2025-03-11 17:42:52,895] [INFO] [30108] PREPARE received from 30008 for REQUEST 1741682572224
[2025-03-11 17:42:52,900] [INFO] [30108] COMMIT received from 30107 for REQUEST 1741682572224
[2025-03-11 17:42:52,900] [INFO] [30108] PREPARE received from 30107 for REQUEST 1741682572224
[2025-03-11 17:42:52,904] [INFO] [30108] COMMIT received from 30113 for REQUEST 1741682572224
[2025-03-11 17:42:52,904] [INFO] [30108] COMMIT received from 30008 for REQUEST 1741682572224
[2025-03-11 17:46:10,738] [INFO] Node started: localhost:30108 | index=109 | f=1, k=4
[2025-03-11 17:46:23,007] [INFO] [30108] PRE-PREPARE received: {'request_id': 1741682782924, 'data': 'llapbft_message_1741682782924', 'timestamp': 1741682782.9516234, 'leader': 30137, 'cluster_id': 3, 'cluster_ports': [30001, 30002, 30003, 30010, 30011, 30016, 30023, 30027, 30028, 30030, 30032, 30035, 30038, 30046, 30048, 30049, 30052, 30055, 30056, 30057, 30060, 30066, 30068, 30070, 30076, 30079, 30083, 30085, 30088, 30091, 30093, 30095, 30096, 30100, 30108, 30113, 30114, 30122, 30124, 30129, 30131, 30132, 30134, 30137, 30138, 30147, 30153, 30157], 'cluster_manager': {'host': 'localhost', 'port': 30132, 'latitude': 36.6266901, 'longitude': 127.459304, 'altitude': 80, 'offset_m': 'lat: 10 m, lng: 71 m, alt: 80 m'}, 'simulated_delay': 0.00022033333333333334, 'distance': 131.82378807803497, 'message_size_bits': 5288}
[2025-03-11 17:46:23,007] [INFO] [30108] Broadcasting PREPARE: REQUEST 1741682782924
[2025-03-11 17:46:23,174] [INFO] [30108] PREPARE received from 30124 for REQUEST 1741682782924
[2025-03-11 17:46:23,176] [INFO] [30108] Broadcasting COMMIT: REQUEST 1741682782924
[2025-03-11 17:46:23,186] [INFO] [30108] PREPARE received from 30100 for REQUEST 1741682782924
[2025-03-11 17:46:23,550] [INFO] [30108] COMMIT received from 30124 for REQUEST 1741682782924
[2025-03-11 17:46:23,555] [INFO] [30108] COMMIT received from 30100 for REQUEST 1741682782924
[2025-03-11 17:46:23,555] [INFO] [30108] COMMIT complete. Sending PRE-REPLY: REQUEST 1741682782924 directly to Manager 30132
[2025-03-11 17:46:23,635] [INFO] [30108] PREPARE received from 30056 for REQUEST 1741682782924
[2025-03-11 17:46:23,657] [INFO] [30108] COMMIT received from 30056 for REQUEST 1741682782924
[2025-03-11 17:46:23,726] [INFO] [30108] PREPARE received from 30016 for REQUEST 1741682782924
[2025-03-11 17:46:23,728] [INFO] [30108] COMMIT received from 30016 for REQUEST 1741682782924
[2025-03-11 17:46:24,033] [INFO] [30108] PREPARE received from 30057 for REQUEST 1741682782924
[2025-03-11 17:46:24,033] [INFO] [30108] COMMIT received from 30057 for REQUEST 1741682782924
[2025-03-11 17:46:24,083] [INFO] [30108] PREPARE received from 30011 for REQUEST 1741682782924
[2025-03-11 17:46:24,083] [INFO] [30108] COMMIT received from 30011 for REQUEST 1741682782924
[2025-03-11 17:46:24,262] [INFO] [30108] PREPARE received from 30096 for REQUEST 1741682782924
[2025-03-11 17:46:24,262] [INFO] [30108] PREPARE received from 30001 for REQUEST 1741682782924
[2025-03-11 17:46:24,262] [INFO] [30108] PREPARE received from 30122 for REQUEST 1741682782924
[2025-03-11 17:46:24,301] [INFO] [30108] COMMIT received from 30096 for REQUEST 1741682782924
[2025-03-11 17:46:24,301] [INFO] [30108] COMMIT received from 30001 for REQUEST 1741682782924
[2025-03-11 17:46:24,301] [INFO] [30108] COMMIT received from 30122 for REQUEST 1741682782924
[2025-03-11 17:46:24,310] [INFO] [30108] COMMIT received from 30035 for REQUEST 1741682782924
[2025-03-11 17:46:24,310] [INFO] [30108] PREPARE received from 30088 for REQUEST 1741682782924
[2025-03-11 17:46:24,310] [INFO] [30108] COMMIT received from 30088 for REQUEST 1741682782924
[2025-03-11 17:46:24,310] [INFO] [30108] PREPARE received from 30035 for REQUEST 1741682782924
[2025-03-11 17:46:24,341] [INFO] [30108] PREPARE received from 30085 for REQUEST 1741682782924
[2025-03-11 17:46:24,341] [INFO] [30108] COMMIT received from 30085 for REQUEST 1741682782924
[2025-03-11 17:46:24,444] [INFO] [30108] COMMIT received from 30137 for REQUEST 1741682782924
[2025-03-11 17:46:24,500] [INFO] [30108] PREPARE received from 30055 for REQUEST 1741682782924
[2025-03-11 17:46:24,500] [INFO] [30108] COMMIT received from 30055 for REQUEST 1741682782924
[2025-03-11 17:46:24,815] [INFO] [30108] PREPARE received from 30093 for REQUEST 1741682782924
[2025-03-11 17:46:24,815] [INFO] [30108] COMMIT received from 30093 for REQUEST 1741682782924
[2025-03-11 17:46:24,962] [INFO] [30108] PREPARE received from 30091 for REQUEST 1741682782924
[2025-03-11 17:46:24,962] [INFO] [30108] COMMIT received from 30091 for REQUEST 1741682782924
[2025-03-11 17:46:25,101] [INFO] [30108] PREPARE received from 30027 for REQUEST 1741682782924
[2025-03-11 17:46:25,101] [INFO] [30108] COMMIT received from 30027 for REQUEST 1741682782924
[2025-03-11 17:46:25,278] [INFO] [30108] PREPARE received from 30049 for REQUEST 1741682782924
[2025-03-11 17:46:25,280] [INFO] [30108] COMMIT received from 30049 for REQUEST 1741682782924
[2025-03-11 17:46:25,368] [INFO] [30108] PREPARE received from 30070 for REQUEST 1741682782924
[2025-03-11 17:46:25,384] [INFO] [30108] PREPARE received from 30038 for REQUEST 1741682782924
[2025-03-11 17:46:25,384] [INFO] [30108] COMMIT received from 30038 for REQUEST 1741682782924
[2025-03-11 17:46:25,384] [INFO] [30108] COMMIT received from 30070 for REQUEST 1741682782924
[2025-03-11 17:46:25,384] [INFO] [30108] PREPARE received from 30028 for REQUEST 1741682782924
[2025-03-11 17:46:25,384] [INFO] [30108] COMMIT received from 30028 for REQUEST 1741682782924
[2025-03-11 17:46:25,535] [INFO] [30108] PREPARE received from 30002 for REQUEST 1741682782924
[2025-03-11 17:46:25,543] [INFO] [30108] COMMIT received from 30002 for REQUEST 1741682782924
[2025-03-11 17:46:25,543] [INFO] [30108] PREPARE received from 30114 for REQUEST 1741682782924
[2025-03-11 17:46:25,546] [INFO] [30108] COMMIT received from 30114 for REQUEST 1741682782924
[2025-03-11 17:46:25,687] [INFO] [30108] PREPARE received from 30030 for REQUEST 1741682782924
[2025-03-11 17:46:25,687] [INFO] [30108] COMMIT received from 30030 for REQUEST 1741682782924
[2025-03-11 17:46:25,717] [INFO] [30108] PREPARE received from 30131 for REQUEST 1741682782924
[2025-03-11 17:46:25,725] [INFO] [30108] COMMIT received from 30131 for REQUEST 1741682782924
[2025-03-11 17:46:25,764] [INFO] [30108] PREPARE received from 30032 for REQUEST 1741682782924
[2025-03-11 17:46:25,764] [INFO] [30108] COMMIT received from 30032 for REQUEST 1741682782924
[2025-03-11 17:46:25,847] [INFO] [30108] PREPARE received from 30068 for REQUEST 1741682782924
[2025-03-11 17:46:25,847] [INFO] [30108] COMMIT received from 30068 for REQUEST 1741682782924
[2025-03-11 17:46:25,847] [INFO] [30108] PREPARE received from 30048 for REQUEST 1741682782924
[2025-03-11 17:46:25,847] [INFO] [30108] COMMIT received from 30048 for REQUEST 1741682782924
[2025-03-11 17:46:25,936] [INFO] [30108] PREPARE received from 30083 for REQUEST 1741682782924
[2025-03-11 17:46:25,938] [INFO] [30108] PREPARE received from 30129 for REQUEST 1741682782924
[2025-03-11 17:46:25,938] [INFO] [30108] COMMIT received from 30129 for REQUEST 1741682782924
[2025-03-11 17:46:25,938] [INFO] [30108] COMMIT received from 30083 for REQUEST 1741682782924
[2025-03-11 17:46:25,938] [INFO] [30108] COMMIT received from 30153 for REQUEST 1741682782924
[2025-03-11 17:46:25,938] [INFO] [30108] PREPARE received from 30153 for REQUEST 1741682782924
[2025-03-11 17:46:25,954] [INFO] [30108] PREPARE received from 30010 for REQUEST 1741682782924
[2025-03-11 17:46:25,954] [INFO] [30108] COMMIT received from 30010 for REQUEST 1741682782924
[2025-03-11 17:46:26,026] [INFO] [30108] PREPARE received from 30134 for REQUEST 1741682782924
[2025-03-11 17:46:26,026] [INFO] [30108] COMMIT received from 30134 for REQUEST 1741682782924
[2025-03-11 17:46:26,081] [INFO] [30108] PREPARE received from 30113 for REQUEST 1741682782924
[2025-03-11 17:46:26,081] [INFO] [30108] COMMIT received from 30113 for REQUEST 1741682782924
[2025-03-11 17:46:26,081] [INFO] [30108] PREPARE received from 30076 for REQUEST 1741682782924
[2025-03-11 17:46:26,081] [INFO] [30108] COMMIT received from 30076 for REQUEST 1741682782924
[2025-03-11 17:46:26,167] [INFO] [30108] PREPARE received from 30023 for REQUEST 1741682782924
[2025-03-11 17:46:26,167] [INFO] [30108] COMMIT received from 30023 for REQUEST 1741682782924
[2025-03-11 17:46:26,231] [INFO] [30108] PREPARE received from 30147 for REQUEST 1741682782924
[2025-03-11 17:46:26,233] [INFO] [30108] PREPARE received from 30046 for REQUEST 1741682782924
[2025-03-11 17:46:26,233] [INFO] [30108] COMMIT received from 30046 for REQUEST 1741682782924
[2025-03-11 17:46:26,233] [INFO] [30108] COMMIT received from 30147 for REQUEST 1741682782924
[2025-03-11 17:46:26,254] [INFO] [30108] PREPARE received from 30138 for REQUEST 1741682782924
[2025-03-11 17:46:26,254] [INFO] [30108] PREPARE received from 30003 for REQUEST 1741682782924
[2025-03-11 17:46:26,254] [INFO] [30108] COMMIT received from 30138 for REQUEST 1741682782924
[2025-03-11 17:46:26,254] [INFO] [30108] COMMIT received from 30003 for REQUEST 1741682782924
[2025-03-11 17:46:26,311] [INFO] [30108] PREPARE received from 30066 for REQUEST 1741682782924
[2025-03-11 17:46:26,311] [INFO] [30108] PREPARE received from 30095 for REQUEST 1741682782924
[2025-03-11 17:46:26,311] [INFO] [30108] PREPARE received from 30157 for REQUEST 1741682782924
[2025-03-11 17:46:26,311] [INFO] [30108] COMMIT received from 30095 for REQUEST 1741682782924
[2025-03-11 17:46:26,313] [INFO] [30108] COMMIT received from 30157 for REQUEST 1741682782924
[2025-03-11 17:46:26,313] [INFO] [30108] COMMIT received from 30066 for REQUEST 1741682782924
[2025-03-11 17:46:26,319] [INFO] [30108] PREPARE received from 30079 for REQUEST 1741682782924
[2025-03-11 17:46:26,319] [INFO] [30108] COMMIT received from 30079 for REQUEST 1741682782924
[2025-03-11 17:49:17,900] [INFO] Node started: localhost:30108 | index=109 | f=1, k=4
[2025-03-11 17:49:38,441] [INFO] [30108] PRE-PREPARE received: {'request_id': 1741682977666, 'data': 'llapbft_message_1741682977666', 'timestamp': 1741682977.7055552, 'leader': 30004, 'cluster_id': 0, 'cluster_ports': [30000, 30004, 30006, 30007, 30011, 30015, 30018, 30023, 30027, 30036, 30039, 30041, 30042, 30043, 30044, 30046, 30049, 30053, 30059, 30061, 30065, 30066, 30070, 30074, 30078, 30083, 30094, 30096, 30098, 30100, 30102, 30104, 30108, 30109, 30110, 30111, 30113, 30115, 30116, 30126, 30131, 30132, 30139, 30147, 30150, 30151, 30154, 30161, 30162, 30170, 30172, 30176, 30177, 30181, 30185, 30187, 30189], 'cluster_manager': {'host': 'localhost', 'port': 30074, 'latitude': 36.6269982, 'longitude': 127.4590819, 'altitude': 88, 'offset_m': 'lat: 44 m, lng: 51 m, alt: 88 m'}, 'simulated_delay': 0.00024166666666666667, 'distance': 118.60764052418014, 'message_size_bits': 5800}
[2025-03-11 17:49:38,441] [INFO] [30108] Broadcasting PREPARE: REQUEST 1741682977666
[2025-03-11 17:49:38,798] [INFO] [30108] PREPARE received from 30006 for REQUEST 1741682977666
[2025-03-11 17:49:38,798] [INFO] [30108] Broadcasting COMMIT: REQUEST 1741682977666
[2025-03-11 17:49:38,800] [INFO] [30108] PREPARE received from 30083 for REQUEST 1741682977666
[2025-03-11 17:49:38,800] [INFO] [30108] PREPARE received from 30059 for REQUEST 1741682977666
[2025-03-11 17:49:39,119] [INFO] [30108] COMMIT received from 30006 for REQUEST 1741682977666
[2025-03-11 17:49:39,119] [INFO] [30108] COMMIT received from 30059 for REQUEST 1741682977666
[2025-03-11 17:49:39,119] [INFO] [30108] COMMIT complete. Sending PRE-REPLY: REQUEST 1741682977666 directly to Manager 30074
[2025-03-11 17:49:39,218] [INFO] [30108] PREPARE received from 30027 for REQUEST 1741682977666
[2025-03-11 17:49:39,218] [INFO] [30108] COMMIT received from 30027 for REQUEST 1741682977666
[2025-03-11 17:49:39,823] [INFO] [30108] PREPARE received from 30189 for REQUEST 1741682977666
[2025-03-11 17:49:39,854] [INFO] [30108] PREPARE received from 30070 for REQUEST 1741682977666
[2025-03-11 17:49:39,854] [INFO] [30108] PREPARE received from 30046 for REQUEST 1741682977666
[2025-03-11 17:49:39,854] [INFO] [30108] COMMIT received from 30046 for REQUEST 1741682977666
[2025-03-11 17:49:39,854] [INFO] [30108] COMMIT received from 30189 for REQUEST 1741682977666
[2025-03-11 17:49:39,854] [INFO] [30108] COMMIT received from 30070 for REQUEST 1741682977666
[2025-03-11 17:49:40,055] [INFO] [30108] PREPARE received from 30049 for REQUEST 1741682977666
[2025-03-11 17:49:40,055] [INFO] [30108] COMMIT received from 30049 for REQUEST 1741682977666
[2025-03-11 17:49:40,089] [INFO] [30108] PREPARE received from 30007 for REQUEST 1741682977666
[2025-03-11 17:49:40,089] [INFO] [30108] COMMIT received from 30007 for REQUEST 1741682977666
[2025-03-11 17:49:40,265] [INFO] [30108] PREPARE received from 30181 for REQUEST 1741682977666
[2025-03-11 17:49:40,265] [INFO] [30108] COMMIT received from 30181 for REQUEST 1741682977666
[2025-03-11 17:49:40,404] [INFO] [30108] COMMIT received from 30083 for REQUEST 1741682977666
[2025-03-11 17:49:40,532] [INFO] [30108] PREPARE received from 30041 for REQUEST 1741682977666
[2025-03-11 17:49:40,532] [INFO] [30108] COMMIT received from 30041 for REQUEST 1741682977666
[2025-03-11 17:49:40,899] [INFO] [30108] PREPARE received from 30176 for REQUEST 1741682977666
[2025-03-11 17:49:41,052] [INFO] [30108] COMMIT received from 30176 for REQUEST 1741682977666
[2025-03-11 17:49:41,054] [INFO] [30108] PREPARE received from 30115 for REQUEST 1741682977666
[2025-03-11 17:49:41,054] [INFO] [30108] COMMIT received from 30043 for REQUEST 1741682977666
[2025-03-11 17:49:41,054] [INFO] [30108] COMMIT received from 30115 for REQUEST 1741682977666
[2025-03-11 17:49:41,056] [INFO] [30108] PREPARE received from 30043 for REQUEST 1741682977666
[2025-03-11 17:49:41,400] [INFO] [30108] PREPARE received from 30015 for REQUEST 1741682977666
[2025-03-11 17:49:41,400] [INFO] [30108] COMMIT received from 30015 for REQUEST 1741682977666
[2025-03-11 17:49:41,595] [INFO] [30108] PREPARE received from 30161 for REQUEST 1741682977666
[2025-03-11 17:49:41,595] [INFO] [30108] COMMIT received from 30161 for REQUEST 1741682977666
[2025-03-11 17:49:41,719] [INFO] [30108] PREPARE received from 30104 for REQUEST 1741682977666
[2025-03-11 17:49:41,721] [INFO] [30108] PREPARE received from 30053 for REQUEST 1741682977666
[2025-03-11 17:49:41,721] [INFO] [30108] COMMIT received from 30104 for REQUEST 1741682977666
[2025-03-11 17:49:41,721] [INFO] [30108] COMMIT received from 30053 for REQUEST 1741682977666
[2025-03-11 17:49:41,809] [INFO] [30108] PREPARE received from 30113 for REQUEST 1741682977666
[2025-03-11 17:49:41,809] [INFO] [30108] COMMIT received from 30113 for REQUEST 1741682977666
[2025-03-11 17:49:42,163] [INFO] [30108] COMMIT received from 30004 for REQUEST 1741682977666
[2025-03-11 17:49:42,163] [INFO] [30108] PREPARE received from 30177 for REQUEST 1741682977666
[2025-03-11 17:49:42,178] [INFO] [30108] COMMIT received from 30154 for REQUEST 1741682977666
[2025-03-11 17:49:42,178] [INFO] [30108] PREPARE received from 30061 for REQUEST 1741682977666
[2025-03-11 17:49:42,178] [INFO] [30108] PREPARE received from 30154 for REQUEST 1741682977666
[2025-03-11 17:49:42,178] [INFO] [30108] PREPARE received from 30187 for REQUEST 1741682977666
[2025-03-11 17:49:42,178] [INFO] [30108] COMMIT received from 30177 for REQUEST 1741682977666
[2025-03-11 17:49:42,178] [INFO] [30108] COMMIT received from 30065 for REQUEST 1741682977666
[2025-03-11 17:49:42,178] [INFO] [30108] PREPARE received from 30065 for REQUEST 1741682977666
[2025-03-11 17:49:42,178] [INFO] [30108] COMMIT received from 30187 for REQUEST 1741682977666
[2025-03-11 17:49:42,178] [INFO] [30108] COMMIT received from 30061 for REQUEST 1741682977666
[2025-03-11 17:49:42,440] [INFO] [30108] PREPARE received from 30023 for REQUEST 1741682977666
[2025-03-11 17:49:42,440] [INFO] [30108] COMMIT received from 30023 for REQUEST 1741682977666
[2025-03-11 17:49:42,892] [INFO] [30108] PREPARE received from 30147 for REQUEST 1741682977666
[2025-03-11 17:49:42,892] [INFO] [30108] COMMIT received from 30147 for REQUEST 1741682977666
[2025-03-11 17:49:43,013] [INFO] [30108] PREPARE received from 30094 for REQUEST 1741682977666
[2025-03-11 17:49:43,013] [INFO] [30108] COMMIT received from 30094 for REQUEST 1741682977666
[2025-03-11 17:49:43,314] [INFO] [30108] PREPARE received from 30100 for REQUEST 1741682977666
[2025-03-11 17:49:43,314] [INFO] [30108] COMMIT received from 30100 for REQUEST 1741682977666
[2025-03-11 17:49:43,338] [INFO] [30108] PREPARE received from 30098 for REQUEST 1741682977666
[2025-03-11 17:49:43,373] [INFO] [30108] COMMIT received from 30098 for REQUEST 1741682977666
[2025-03-11 17:49:43,401] [INFO] [30108] PREPARE received from 30096 for REQUEST 1741682977666
[2025-03-11 17:49:43,416] [INFO] [30108] COMMIT received from 30096 for REQUEST 1741682977666
[2025-03-11 17:49:43,423] [INFO] [30108] PREPARE received from 30036 for REQUEST 1741682977666
[2025-03-11 17:49:43,423] [INFO] [30108] COMMIT received from 30036 for REQUEST 1741682977666
[2025-03-11 17:49:43,531] [INFO] [30108] PREPARE received from 30131 for REQUEST 1741682977666
[2025-03-11 17:49:43,531] [INFO] [30108] PREPARE received from 30000 for REQUEST 1741682977666
[2025-03-11 17:49:43,531] [INFO] [30108] COMMIT received from 30000 for REQUEST 1741682977666
[2025-03-11 17:49:43,531] [INFO] [30108] COMMIT received from 30131 for REQUEST 1741682977666
[2025-03-11 17:49:43,580] [INFO] [30108] PREPARE received from 30066 for REQUEST 1741682977666
[2025-03-11 17:49:43,590] [INFO] [30108] COMMIT received from 30066 for REQUEST 1741682977666
[2025-03-11 17:49:43,758] [INFO] [30108] PREPARE received from 30132 for REQUEST 1741682977666
[2025-03-11 17:49:43,766] [INFO] [30108] COMMIT received from 30132 for REQUEST 1741682977666
[2025-03-11 17:49:43,768] [INFO] [30108] PREPARE received from 30042 for REQUEST 1741682977666
[2025-03-11 17:49:43,768] [INFO] [30108] PREPARE received from 30044 for REQUEST 1741682977666
[2025-03-11 17:49:43,768] [INFO] [30108] COMMIT received from 30044 for REQUEST 1741682977666
[2025-03-11 17:49:43,768] [INFO] [30108] COMMIT received from 30042 for REQUEST 1741682977666
[2025-03-11 17:49:44,101] [INFO] [30108] PREPARE received from 30150 for REQUEST 1741682977666
[2025-03-11 17:49:44,101] [INFO] [30108] PREPARE received from 30011 for REQUEST 1741682977666
[2025-03-11 17:49:44,140] [INFO] [30108] COMMIT received from 30150 for REQUEST 1741682977666
[2025-03-11 17:49:44,140] [INFO] [30108] COMMIT received from 30011 for REQUEST 1741682977666
[2025-03-11 17:49:44,179] [INFO] [30108] PREPARE received from 30039 for REQUEST 1741682977666
[2025-03-11 17:49:44,179] [INFO] [30108] COMMIT received from 30039 for REQUEST 1741682977666
[2025-03-11 17:49:44,208] [INFO] [30108] COMMIT received from 30185 for REQUEST 1741682977666
[2025-03-11 17:49:44,210] [INFO] [30108] PREPARE received from 30185 for REQUEST 1741682977666
[2025-03-11 17:49:44,262] [INFO] [30108] PREPARE received from 30018 for REQUEST 1741682977666
[2025-03-11 17:49:44,268] [INFO] [30108] COMMIT received from 30018 for REQUEST 1741682977666
[2025-03-11 17:49:44,305] [INFO] [30108] PREPARE received from 30078 for REQUEST 1741682977666
[2025-03-11 17:49:44,305] [INFO] [30108] PREPARE received from 30102 for REQUEST 1741682977666
[2025-03-11 17:49:44,351] [INFO] [30108] COMMIT received from 30102 for REQUEST 1741682977666
[2025-03-11 17:49:44,351] [INFO] [30108] COMMIT received from 30078 for REQUEST 1741682977666
[2025-03-11 17:49:44,353] [INFO] [30108] PREPARE received from 30110 for REQUEST 1741682977666
[2025-03-11 17:49:44,353] [INFO] [30108] PREPARE received from 30162 for REQUEST 1741682977666
[2025-03-11 17:49:44,405] [INFO] [30108] PREPARE received from 30139 for REQUEST 1741682977666
[2025-03-11 17:49:44,407] [INFO] [30108] COMMIT received from 30139 for REQUEST 1741682977666
[2025-03-11 17:49:44,407] [INFO] [30108] COMMIT received from 30110 for REQUEST 1741682977666
[2025-03-11 17:49:44,407] [INFO] [30108] COMMIT received from 30162 for REQUEST 1741682977666
[2025-03-11 17:49:44,436] [INFO] [30108] PREPARE received from 30109 for REQUEST 1741682977666
[2025-03-11 17:49:44,496] [INFO] [30108] COMMIT received from 30111 for REQUEST 1741682977666
[2025-03-11 17:49:44,496] [INFO] [30108] PREPARE received from 30111 for REQUEST 1741682977666
[2025-03-11 17:49:44,496] [INFO] [30108] COMMIT received from 30109 for REQUEST 1741682977666
[2025-03-11 17:49:44,496] [INFO] [30108] PREPARE received from 30172 for REQUEST 1741682977666
[2025-03-11 17:49:44,496] [INFO] [30108] COMMIT received from 30172 for REQUEST 1741682977666
[2025-03-11 17:49:44,638] [INFO] [30108] PREPARE received from 30170 for REQUEST 1741682977666
[2025-03-11 17:49:44,642] [INFO] [30108] PREPARE received from 30116 for REQUEST 1741682977666
[2025-03-11 17:49:44,642] [INFO] [30108] COMMIT received from 30170 for REQUEST 1741682977666
[2025-03-11 17:49:44,644] [INFO] [30108] COMMIT received from 30116 for REQUEST 1741682977666
[2025-03-11 17:49:44,649] [INFO] [30108] PREPARE received from 30151 for REQUEST 1741682977666
[2025-03-11 17:49:44,657] [INFO] [30108] COMMIT received from 30151 for REQUEST 1741682977666
[2025-03-11 17:49:44,803] [INFO] [30108] PREPARE received from 30126 for REQUEST 1741682977666
[2025-03-11 17:49:44,803] [INFO] [30108] COMMIT received from 30126 for REQUEST 1741682977666
