[2025-03-11 17:39:03,434] [INFO] Node started: localhost:30077 | index=78 | f=1, k=4
[2025-03-11 17:39:04,584] [INFO] [30077] PRE-PREPARE received: {'request_id': 1741682344536, 'data': 'llapbft_message_1741682344536', 'timestamp': 1741682344.5685487, 'leader': 30046, 'cluster_id': 0, 'cluster_ports': [30006, 30022, 30023, 30026, 30027, 30029, 30030, 30046, 30051, 30061, 30063, 30070, 30074, 30077, 30078], 'cluster_manager': {'host': 'localhost', 'port': 30027, 'latitude': 36.6270941, 'longitude': 127.4596348, 'altitude': 199, 'offset_m': 'lat: 54 m, lng: 101 m, alt: 199 m'}, 'simulated_delay': 0.00014466666666666667, 'distance': 113.51025958201338, 'message_size_bits': 3472}
[2025-03-11 17:39:04,584] [INFO] [30077] Broadcasting PREPARE: REQUEST 1741682344536
[2025-03-11 17:39:04,615] [INFO] [30077] PREPARE received from 30063 for REQUEST 1741682344536
[2025-03-11 17:39:04,615] [INFO] [30077] Broadcasting COMMIT: REQUEST 1741682344536
[2025-03-11 17:39:04,615] [INFO] [30077] PREPARE received from 30061 for REQUEST 1741682344536
[2025-03-11 17:39:04,619] [INFO] [30077] PREPARE received from 30026 for REQUEST 1741682344536
[2025-03-11 17:39:04,621] [INFO] [30077] PREPARE received from 30029 for REQUEST 1741682344536
[2025-03-11 17:39:04,641] [INFO] [30077] COMMIT received from 30061 for REQUEST 1741682344536
[2025-03-11 17:39:04,641] [INFO] [30077] COMMIT received from 30026 for REQUEST 1741682344536
[2025-03-11 17:39:04,641] [INFO] [30077] COMMIT complete. Sending PRE-REPLY: REQUEST 1741682344536 directly to Manager 30027
[2025-03-11 17:39:04,641] [INFO] [30077] PREPARE received from 30006 for REQUEST 1741682344536
[2025-03-11 17:39:04,647] [INFO] [30077] COMMIT received from 30029 for REQUEST 1741682344536
[2025-03-11 17:39:04,657] [INFO] [30077] COMMIT received from 30063 for REQUEST 1741682344536
[2025-03-11 17:39:04,694] [INFO] [30077] COMMIT received from 30046 for REQUEST 1741682344536
[2025-03-11 17:39:04,704] [INFO] [30077] COMMIT received from 30006 for REQUEST 1741682344536
[2025-03-11 17:39:04,722] [INFO] [30077] PREPARE received from 30070 for REQUEST 1741682344536
[2025-03-11 17:39:04,722] [INFO] [30077] COMMIT received from 30070 for REQUEST 1741682344536
[2025-03-11 17:39:04,722] [INFO] [30077] PREPARE received from 30023 for REQUEST 1741682344536
[2025-03-11 17:39:04,722] [INFO] [30077] PREPARE received from 30074 for REQUEST 1741682344536
[2025-03-11 17:39:04,735] [INFO] [30077] COMMIT received from 30023 for REQUEST 1741682344536
[2025-03-11 17:39:04,735] [INFO] [30077] COMMIT received from 30074 for REQUEST 1741682344536
[2025-03-11 17:39:04,735] [INFO] [30077] PREPARE received from 30022 for REQUEST 1741682344536
[2025-03-11 17:39:04,735] [INFO] [30077] COMMIT received from 30022 for REQUEST 1741682344536
[2025-03-11 17:39:04,735] [INFO] [30077] PREPARE received from 30051 for REQUEST 1741682344536
[2025-03-11 17:39:04,735] [INFO] [30077] COMMIT received from 30051 for REQUEST 1741682344536
[2025-03-11 17:42:20,087] [INFO] Node started: localhost:30077 | index=78 | f=1, k=4
[2025-03-11 17:42:52,259] [INFO] [30077] PRE-PREPARE received: {'request_id': 1741682572224, 'data': 'llapbft_message_1741682572224', 'timestamp': 1741682572.224601, 'leader': 30099, 'cluster_id': 0, 'cluster_ports': [30010, 30011, 30016, 30019, 30026, 30027, 30031, 30035, 30049, 30054, 30056, 30058, 30059, 30060, 30062, 30064, 30066, 30068, 30069, 30076, 30077, 30083, 30088, 30096, 30097, 30099, 30102, 30104, 30106, 30111, 30114, 30115, 30116, 30117], 'cluster_manager': {'host': 'localhost', 'port': 30049, 'latitude': 36.626668, 'longitude': 127.4587754, 'altitude': 52, 'offset_m': 'lat: 7 m, lng: 24 m, alt: 52 m'}, 'simulated_delay': 0.000187, 'distance': 137.80770588691263, 'message_size_bits': 4488}
[2025-03-11 17:42:52,259] [INFO] [30077] Broadcasting PREPARE: REQUEST 1741682572224
[2025-03-11 17:42:52,347] [INFO] [30077] PREPARE received from 30116 for REQUEST 1741682572224
[2025-03-11 17:42:52,347] [INFO] [30077] Broadcasting COMMIT: REQUEST 1741682572224
[2025-03-11 17:42:52,363] [INFO] [30077] PREPARE received from 30058 for REQUEST 1741682572224
[2025-03-11 17:42:52,429] [INFO] [30077] PREPARE received from 30019 for REQUEST 1741682572224
[2025-03-11 17:42:52,445] [INFO] [30077] PREPARE received from 30083 for REQUEST 1741682572224
[2025-03-11 17:42:52,445] [INFO] [30077] COMMIT received from 30058 for REQUEST 1741682572224
[2025-03-11 17:42:52,651] [INFO] [30077] PREPARE received from 30106 for REQUEST 1741682572224
[2025-03-11 17:42:52,651] [INFO] [30077] PREPARE received from 30062 for REQUEST 1741682572224
[2025-03-11 17:42:52,881] [INFO] [30077] COMMIT received from 30066 for REQUEST 1741682572224
[2025-03-11 17:42:52,881] [INFO] [30077] COMMIT complete. Sending PRE-REPLY: REQUEST 1741682572224 directly to Manager 30049
[2025-03-11 17:42:52,881] [INFO] [30077] PREPARE received from 30060 for REQUEST 1741682572224
[2025-03-11 17:42:52,881] [INFO] [30077] PREPARE received from 30066 for REQUEST 1741682572224
[2025-03-11 17:42:52,920] [INFO] [30077] COMMIT received from 30060 for REQUEST 1741682572224
[2025-03-11 17:42:52,920] [INFO] [30077] PREPARE received from 30027 for REQUEST 1741682572224
[2025-03-11 17:42:52,922] [INFO] [30077] PREPARE received from 30056 for REQUEST 1741682572224
[2025-03-11 17:42:53,019] [INFO] [30077] PREPARE received from 30102 for REQUEST 1741682572224
[2025-03-11 17:42:53,021] [INFO] [30077] COMMIT received from 30011 for REQUEST 1741682572224
[2025-03-11 17:42:53,021] [INFO] [30077] PREPARE received from 30104 for REQUEST 1741682572224
[2025-03-11 17:42:53,021] [INFO] [30077] COMMIT received from 30116 for REQUEST 1741682572224
[2025-03-11 17:42:53,021] [INFO] [30077] COMMIT received from 30114 for REQUEST 1741682572224
[2025-03-11 17:42:53,021] [INFO] [30077] COMMIT received from 30019 for REQUEST 1741682572224
[2025-03-11 17:42:53,021] [INFO] [30077] PREPARE received from 30114 for REQUEST 1741682572224
[2025-03-11 17:42:53,021] [INFO] [30077] COMMIT received from 30106 for REQUEST 1741682572224
[2025-03-11 17:42:53,021] [INFO] [30077] COMMIT received from 30062 for REQUEST 1741682572224
[2025-03-11 17:42:53,021] [INFO] [30077] COMMIT received from 30083 for REQUEST 1741682572224
[2025-03-11 17:42:53,024] [INFO] [30077] PREPARE received from 30097 for REQUEST 1741682572224
[2025-03-11 17:42:53,024] [INFO] [30077] COMMIT received from 30104 for REQUEST 1741682572224
[2025-03-11 17:42:53,024] [INFO] [30077] COMMIT received from 30068 for REQUEST 1741682572224
[2025-03-11 17:42:53,063] [INFO] [30077] PREPARE received from 30011 for REQUEST 1741682572224
[2025-03-11 17:42:53,065] [INFO] [30077] PREPARE received from 30068 for REQUEST 1741682572224
[2025-03-11 17:42:53,065] [INFO] [30077] PREPARE received from 30016 for REQUEST 1741682572224
[2025-03-11 17:42:53,067] [INFO] [30077] COMMIT received from 30102 for REQUEST 1741682572224
[2025-03-11 17:42:53,067] [INFO] [30077] COMMIT received from 30097 for REQUEST 1741682572224
[2025-03-11 17:42:53,114] [INFO] [30077] PREPARE received from 30069 for REQUEST 1741682572224
[2025-03-11 17:42:53,116] [INFO] [30077] COMMIT received from 30027 for REQUEST 1741682572224
[2025-03-11 17:42:53,116] [INFO] [30077] COMMIT received from 30099 for REQUEST 1741682572224
[2025-03-11 17:42:53,116] [INFO] [30077] PREPARE received from 30054 for REQUEST 1741682572224
[2025-03-11 17:42:53,116] [INFO] [30077] PREPARE received from 30026 for REQUEST 1741682572224
[2025-03-11 17:42:53,116] [INFO] [30077] COMMIT received from 30026 for REQUEST 1741682572224
[2025-03-11 17:42:53,116] [INFO] [30077] COMMIT received from 30016 for REQUEST 1741682572224
[2025-03-11 17:42:53,216] [INFO] [30077] COMMIT received from 30069 for REQUEST 1741682572224
[2025-03-11 17:42:53,221] [INFO] [30077] COMMIT received from 30054 for REQUEST 1741682572224
[2025-03-11 17:42:53,291] [INFO] [30077] PREPARE received from 30064 for REQUEST 1741682572224
[2025-03-11 17:42:53,292] [INFO] [30077] PREPARE received from 30117 for REQUEST 1741682572224
[2025-03-11 17:42:53,292] [INFO] [30077] COMMIT received from 30117 for REQUEST 1741682572224
[2025-03-11 17:42:53,305] [INFO] [30077] PREPARE received from 30059 for REQUEST 1741682572224
[2025-03-11 17:42:53,305] [INFO] [30077] COMMIT received from 30059 for REQUEST 1741682572224
[2025-03-11 17:42:53,305] [INFO] [30077] PREPARE received from 30035 for REQUEST 1741682572224
[2025-03-11 17:42:53,305] [INFO] [30077] PREPARE received from 30076 for REQUEST 1741682572224
[2025-03-11 17:42:53,305] [INFO] [30077] COMMIT received from 30064 for REQUEST 1741682572224
[2025-03-11 17:42:53,328] [INFO] [30077] PREPARE received from 30031 for REQUEST 1741682572224
[2025-03-11 17:42:53,330] [INFO] [30077] COMMIT received from 30088 for REQUEST 1741682572224
[2025-03-11 17:42:53,330] [INFO] [30077] PREPARE received from 30088 for REQUEST 1741682572224
[2025-03-11 17:42:53,331] [INFO] [30077] PREPARE received from 30111 for REQUEST 1741682572224
[2025-03-11 17:42:53,331] [INFO] [30077] PREPARE received from 30010 for REQUEST 1741682572224
[2025-03-11 17:42:53,331] [INFO] [30077] COMMIT received from 30076 for REQUEST 1741682572224
[2025-03-11 17:42:53,331] [INFO] [30077] PREPARE received from 30115 for REQUEST 1741682572224
[2025-03-11 17:42:53,331] [INFO] [30077] COMMIT received from 30035 for REQUEST 1741682572224
[2025-03-11 17:42:53,331] [INFO] [30077] PREPARE received from 30096 for REQUEST 1741682572224
[2025-03-11 17:42:53,331] [INFO] [30077] COMMIT received from 30010 for REQUEST 1741682572224
[2025-03-11 17:42:53,331] [INFO] [30077] COMMIT received from 30115 for REQUEST 1741682572224
[2025-03-11 17:42:53,351] [INFO] [30077] COMMIT received from 30096 for REQUEST 1741682572224
[2025-03-11 17:42:53,351] [INFO] [30077] COMMIT received from 30111 for REQUEST 1741682572224
[2025-03-11 17:42:53,353] [INFO] [30077] COMMIT received from 30056 for REQUEST 1741682572224
[2025-03-11 17:42:53,356] [INFO] [30077] COMMIT received from 30031 for REQUEST 1741682572224
[2025-03-11 17:46:04,503] [INFO] Node started: localhost:30077 | index=78 | f=1, k=4
[2025-03-11 17:46:23,212] [INFO] [30077] PRE-PREPARE received: {'request_id': 1741682782924, 'data': 'llapbft_message_1741682782924', 'timestamp': 1741682782.9516234, 'leader': 30029, 'cluster_id': 0, 'cluster_ports': [30000, 30004, 30009, 30013, 30017, 30026, 30029, 30033, 30036, 30037, 30041, 30043, 30054, 30062, 30064, 30065, 30067, 30071, 30075, 30077, 30080, 30081, 30087, 30089, 30090, 30097, 30099, 30101, 30102, 30105, 30109, 30111, 30115, 30117, 30118, 30121, 30123, 30128, 30141, 30146, 30149, 30152, 30154, 30156], 'cluster_manager': {'host': 'localhost', 'port': 30043, 'latitude': 36.6268641, 'longitude': 127.459297, 'altitude': 143, 'offset_m': 'lat: 29 m, lng: 70 m, alt: 143 m'}, 'simulated_delay': 0.00021166666666666667, 'distance': 104.0023856539969, 'message_size_bits': 5080}
[2025-03-11 17:46:23,212] [INFO] [30077] Broadcasting PREPARE: REQUEST 1741682782924
[2025-03-11 17:46:23,327] [INFO] [30077] PREPARE received from 30041 for REQUEST 1741682782924
[2025-03-11 17:46:23,327] [INFO] [30077] Broadcasting COMMIT: REQUEST 1741682782924
[2025-03-11 17:46:23,375] [INFO] [30077] COMMIT received from 30041 for REQUEST 1741682782924
[2025-03-11 17:46:23,704] [INFO] [30077] PREPARE received from 30089 for REQUEST 1741682782924
[2025-03-11 17:46:23,704] [INFO] [30077] COMMIT received from 30089 for REQUEST 1741682782924
[2025-03-11 17:46:23,704] [INFO] [30077] COMMIT complete. Sending PRE-REPLY: REQUEST 1741682782924 directly to Manager 30043
[2025-03-11 17:46:23,740] [INFO] [30077] PREPARE received from 30109 for REQUEST 1741682782924
[2025-03-11 17:46:23,740] [INFO] [30077] COMMIT received from 30109 for REQUEST 1741682782924
[2025-03-11 17:46:23,746] [INFO] [30077] PREPARE received from 30101 for REQUEST 1741682782924
[2025-03-11 17:46:23,751] [INFO] [30077] PREPARE received from 30105 for REQUEST 1741682782924
[2025-03-11 17:46:23,751] [INFO] [30077] COMMIT received from 30105 for REQUEST 1741682782924
[2025-03-11 17:46:23,751] [INFO] [30077] COMMIT received from 30101 for REQUEST 1741682782924
[2025-03-11 17:46:23,806] [INFO] [30077] COMMIT received from 30029 for REQUEST 1741682782924
[2025-03-11 17:46:23,948] [INFO] [30077] PREPARE received from 30117 for REQUEST 1741682782924
[2025-03-11 17:46:23,948] [INFO] [30077] COMMIT received from 30117 for REQUEST 1741682782924
[2025-03-11 17:46:24,234] [INFO] [30077] PREPARE received from 30118 for REQUEST 1741682782924
[2025-03-11 17:46:24,234] [INFO] [30077] COMMIT received from 30118 for REQUEST 1741682782924
[2025-03-11 17:46:24,373] [INFO] [30077] COMMIT received from 30115 for REQUEST 1741682782924
[2025-03-11 17:46:24,373] [INFO] [30077] PREPARE received from 30033 for REQUEST 1741682782924
[2025-03-11 17:46:24,373] [INFO] [30077] PREPARE received from 30115 for REQUEST 1741682782924
[2025-03-11 17:46:24,373] [INFO] [30077] COMMIT received from 30033 for REQUEST 1741682782924
[2025-03-11 17:46:24,452] [INFO] [30077] PREPARE received from 30099 for REQUEST 1741682782924
[2025-03-11 17:46:24,452] [INFO] [30077] COMMIT received from 30099 for REQUEST 1741682782924
[2025-03-11 17:46:24,452] [INFO] [30077] PREPARE received from 30000 for REQUEST 1741682782924
[2025-03-11 17:46:24,468] [INFO] [30077] COMMIT received from 30000 for REQUEST 1741682782924
[2025-03-11 17:46:24,585] [INFO] [30077] PREPARE received from 30004 for REQUEST 1741682782924
[2025-03-11 17:46:24,585] [INFO] [30077] COMMIT received from 30004 for REQUEST 1741682782924
[2025-03-11 17:46:24,585] [INFO] [30077] PREPARE received from 30121 for REQUEST 1741682782924
[2025-03-11 17:46:24,592] [INFO] [30077] COMMIT received from 30121 for REQUEST 1741682782924
[2025-03-11 17:46:24,626] [INFO] [30077] PREPARE received from 30102 for REQUEST 1741682782924
[2025-03-11 17:46:24,626] [INFO] [30077] COMMIT received from 30102 for REQUEST 1741682782924
[2025-03-11 17:46:24,843] [INFO] [30077] PREPARE received from 30009 for REQUEST 1741682782924
[2025-03-11 17:46:24,849] [INFO] [30077] COMMIT received from 30009 for REQUEST 1741682782924
[2025-03-11 17:46:24,910] [INFO] [30077] PREPARE received from 30017 for REQUEST 1741682782924
[2025-03-11 17:46:24,910] [INFO] [30077] COMMIT received from 30017 for REQUEST 1741682782924
[2025-03-11 17:46:24,944] [INFO] [30077] PREPARE received from 30156 for REQUEST 1741682782924
[2025-03-11 17:46:24,944] [INFO] [30077] COMMIT received from 30156 for REQUEST 1741682782924
[2025-03-11 17:46:24,944] [INFO] [30077] PREPARE received from 30064 for REQUEST 1741682782924
[2025-03-11 17:46:24,944] [INFO] [30077] COMMIT received from 30064 for REQUEST 1741682782924
[2025-03-11 17:46:25,189] [INFO] [30077] PREPARE received from 30149 for REQUEST 1741682782924
[2025-03-11 17:46:25,189] [INFO] [30077] PREPARE received from 30152 for REQUEST 1741682782924
[2025-03-11 17:46:25,189] [INFO] [30077] PREPARE received from 30026 for REQUEST 1741682782924
[2025-03-11 17:46:25,193] [INFO] [30077] COMMIT received from 30026 for REQUEST 1741682782924
[2025-03-11 17:46:25,193] [INFO] [30077] COMMIT received from 30152 for REQUEST 1741682782924
[2025-03-11 17:46:25,207] [INFO] [30077] COMMIT received from 30149 for REQUEST 1741682782924
[2025-03-11 17:46:25,225] [INFO] [30077] PREPARE received from 30054 for REQUEST 1741682782924
[2025-03-11 17:46:25,225] [INFO] [30077] PREPARE received from 30111 for REQUEST 1741682782924
[2025-03-11 17:46:25,225] [INFO] [30077] COMMIT received from 30054 for REQUEST 1741682782924
[2025-03-11 17:46:25,225] [INFO] [30077] COMMIT received from 30111 for REQUEST 1741682782924
[2025-03-11 17:46:25,225] [INFO] [30077] PREPARE received from 30128 for REQUEST 1741682782924
[2025-03-11 17:46:25,265] [INFO] [30077] COMMIT received from 30128 for REQUEST 1741682782924
[2025-03-11 17:46:25,336] [INFO] [30077] PREPARE received from 30080 for REQUEST 1741682782924
[2025-03-11 17:46:25,336] [INFO] [30077] COMMIT received from 30080 for REQUEST 1741682782924
[2025-03-11 17:46:25,418] [INFO] [30077] PREPARE received from 30087 for REQUEST 1741682782924
[2025-03-11 17:46:25,418] [INFO] [30077] COMMIT received from 30087 for REQUEST 1741682782924
[2025-03-11 17:46:25,495] [INFO] [30077] PREPARE received from 30036 for REQUEST 1741682782924
[2025-03-11 17:46:25,517] [INFO] [30077] COMMIT received from 30036 for REQUEST 1741682782924
[2025-03-11 17:46:25,517] [INFO] [30077] PREPARE received from 30065 for REQUEST 1741682782924
[2025-03-11 17:46:25,522] [INFO] [30077] COMMIT received from 30065 for REQUEST 1741682782924
[2025-03-11 17:46:25,590] [INFO] [30077] PREPARE received from 30037 for REQUEST 1741682782924
[2025-03-11 17:46:25,598] [INFO] [30077] COMMIT received from 30037 for REQUEST 1741682782924
[2025-03-11 17:46:25,687] [INFO] [30077] PREPARE received from 30067 for REQUEST 1741682782924
[2025-03-11 17:46:25,687] [INFO] [30077] COMMIT received from 30067 for REQUEST 1741682782924
[2025-03-11 17:46:25,796] [INFO] [30077] PREPARE received from 30154 for REQUEST 1741682782924
[2025-03-11 17:46:25,796] [INFO] [30077] PREPARE received from 30013 for REQUEST 1741682782924
[2025-03-11 17:46:25,812] [INFO] [30077] COMMIT received from 30013 for REQUEST 1741682782924
[2025-03-11 17:46:25,812] [INFO] [30077] COMMIT received from 30154 for REQUEST 1741682782924
[2025-03-11 17:46:25,869] [INFO] [30077] PREPARE received from 30097 for REQUEST 1741682782924
[2025-03-11 17:46:25,877] [INFO] [30077] COMMIT received from 30097 for REQUEST 1741682782924
[2025-03-11 17:46:25,940] [INFO] [30077] PREPARE received from 30062 for REQUEST 1741682782924
[2025-03-11 17:46:25,954] [INFO] [30077] COMMIT received from 30062 for REQUEST 1741682782924
[2025-03-11 17:46:25,970] [INFO] [30077] PREPARE received from 30075 for REQUEST 1741682782924
[2025-03-11 17:46:25,970] [INFO] [30077] COMMIT received from 30075 for REQUEST 1741682782924
[2025-03-11 17:46:25,986] [INFO] [30077] PREPARE received from 30123 for REQUEST 1741682782924
[2025-03-11 17:46:25,986] [INFO] [30077] COMMIT received from 30123 for REQUEST 1741682782924
[2025-03-11 17:46:26,081] [INFO] [30077] PREPARE received from 30071 for REQUEST 1741682782924
[2025-03-11 17:46:26,081] [INFO] [30077] PREPARE received from 30146 for REQUEST 1741682782924
[2025-03-11 17:46:26,081] [INFO] [30077] COMMIT received from 30071 for REQUEST 1741682782924
[2025-03-11 17:46:26,081] [INFO] [30077] COMMIT received from 30146 for REQUEST 1741682782924
[2025-03-11 17:46:26,144] [INFO] [30077] PREPARE received from 30090 for REQUEST 1741682782924
[2025-03-11 17:46:26,144] [INFO] [30077] COMMIT received from 30090 for REQUEST 1741682782924
[2025-03-11 17:46:26,214] [INFO] [30077] PREPARE received from 30141 for REQUEST 1741682782924
[2025-03-11 17:46:26,214] [INFO] [30077] COMMIT received from 30141 for REQUEST 1741682782924
[2025-03-11 17:49:11,675] [INFO] Node started: localhost:30077 | index=78 | f=1, k=4
[2025-03-11 17:49:37,756] [INFO] [30077] PRE-PREPARE received: {'request_id': 1741682977666, 'data': 'llapbft_message_1741682977666', 'timestamp': 1741682977.7055552, 'leader': 30022, 'cluster_id': 1, 'cluster_ports': [30003, 30019, 30020, 30022, 30026, 30028, 30030, 30032, 30033, 30045, 30050, 30062, 30064, 30067, 30068, 30069, 30071, 30077, 30080, 30086, 30097, 30099, 30117, 30119, 30125, 30128, 30134, 30140, 30141, 30146, 30148, 30153, 30155, 30159, 30160, 30167, 30179, 30180, 30182, 30190, 30192, 30194, 30197], 'cluster_manager': {'host': 'localhost', 'port': 30128, 'latitude': 36.6267082, 'longitude': 127.4594338, 'altitude': 224, 'offset_m': 'lat: 12 m, lng: 83 m, alt: 224 m'}, 'simulated_delay': 0.00027955555555555557, 'distance': 172.7533729030565, 'message_size_bits': 5032}
[2025-03-11 17:49:37,756] [INFO] [30077] Broadcasting PREPARE: REQUEST 1741682977666
[2025-03-11 17:49:37,914] [INFO] [30077] PREPARE received from 30192 for REQUEST 1741682977666
[2025-03-11 17:49:37,914] [INFO] [30077] Broadcasting COMMIT: REQUEST 1741682977666
[2025-03-11 17:49:37,993] [INFO] [30077] PREPARE received from 30146 for REQUEST 1741682977666
[2025-03-11 17:49:38,011] [INFO] [30077] PREPARE received from 30050 for REQUEST 1741682977666
[2025-03-11 17:49:39,232] [INFO] [30077] PREPARE received from 30069 for REQUEST 1741682977666
[2025-03-11 17:49:39,232] [INFO] [30077] PREPARE received from 30071 for REQUEST 1741682977666
[2025-03-11 17:49:39,367] [INFO] [30077] PREPARE received from 30117 for REQUEST 1741682977666
[2025-03-11 17:49:39,369] [INFO] [30077] PREPARE received from 30045 for REQUEST 1741682977666
[2025-03-11 17:49:39,369] [INFO] [30077] PREPARE received from 30067 for REQUEST 1741682977666
[2025-03-11 17:49:39,371] [INFO] [30077] PREPARE received from 30030 for REQUEST 1741682977666
[2025-03-11 17:49:39,371] [INFO] [30077] PREPARE received from 30097 for REQUEST 1741682977666
[2025-03-11 17:49:39,371] [INFO] [30077] COMMIT received from 30192 for REQUEST 1741682977666
[2025-03-11 17:49:39,591] [INFO] [30077] PREPARE received from 30148 for REQUEST 1741682977666
[2025-03-11 17:49:40,138] [INFO] [30077] COMMIT received from 30050 for REQUEST 1741682977666
[2025-03-11 17:49:40,138] [INFO] [30077] COMMIT complete. Sending PRE-REPLY: REQUEST 1741682977666 directly to Manager 30128
[2025-03-11 17:49:40,265] [INFO] [30077] COMMIT received from 30148 for REQUEST 1741682977666
[2025-03-11 17:49:40,480] [INFO] [30077] PREPARE received from 30160 for REQUEST 1741682977666
[2025-03-11 17:49:40,510] [INFO] [30077] COMMIT received from 30067 for REQUEST 1741682977666
[2025-03-11 17:49:40,510] [INFO] [30077] COMMIT received from 30030 for REQUEST 1741682977666
[2025-03-11 17:49:40,510] [INFO] [30077] COMMIT received from 30146 for REQUEST 1741682977666
[2025-03-11 17:49:40,612] [INFO] [30077] PREPARE received from 30026 for REQUEST 1741682977666
[2025-03-11 17:49:40,612] [INFO] [30077] PREPARE received from 30080 for REQUEST 1741682977666
[2025-03-11 17:49:40,621] [INFO] [30077] PREPARE received from 30032 for REQUEST 1741682977666
[2025-03-11 17:49:40,621] [INFO] [30077] COMMIT received from 30160 for REQUEST 1741682977666
[2025-03-11 17:49:40,621] [INFO] [30077] COMMIT received from 30032 for REQUEST 1741682977666
[2025-03-11 17:49:40,624] [INFO] [30077] PREPARE received from 30028 for REQUEST 1741682977666
[2025-03-11 17:49:40,624] [INFO] [30077] COMMIT received from 30026 for REQUEST 1741682977666
[2025-03-11 17:49:40,624] [INFO] [30077] COMMIT received from 30028 for REQUEST 1741682977666
[2025-03-11 17:49:40,714] [INFO] [30077] COMMIT received from 30080 for REQUEST 1741682977666
[2025-03-11 17:49:40,934] [INFO] [30077] COMMIT received from 30071 for REQUEST 1741682977666
[2025-03-11 17:49:40,936] [INFO] [30077] COMMIT received from 30045 for REQUEST 1741682977666
[2025-03-11 17:49:40,936] [INFO] [30077] COMMIT received from 30069 for REQUEST 1741682977666
[2025-03-11 17:49:40,936] [INFO] [30077] PREPARE received from 30182 for REQUEST 1741682977666
[2025-03-11 17:49:40,997] [INFO] [30077] COMMIT received from 30022 for REQUEST 1741682977666
[2025-03-11 17:49:40,997] [INFO] [30077] COMMIT received from 30182 for REQUEST 1741682977666
[2025-03-11 17:49:41,071] [INFO] [30077] PREPARE received from 30190 for REQUEST 1741682977666
[2025-03-11 17:49:41,071] [INFO] [30077] PREPARE received from 30194 for REQUEST 1741682977666
[2025-03-11 17:49:41,308] [INFO] [30077] COMMIT received from 30141 for REQUEST 1741682977666
[2025-03-11 17:49:41,308] [INFO] [30077] PREPARE received from 30141 for REQUEST 1741682977666
[2025-03-11 17:49:41,352] [INFO] [30077] PREPARE received from 30159 for REQUEST 1741682977666
[2025-03-11 17:49:41,352] [INFO] [30077] COMMIT received from 30159 for REQUEST 1741682977666
[2025-03-11 17:49:41,352] [INFO] [30077] COMMIT received from 30179 for REQUEST 1741682977666
[2025-03-11 17:49:41,356] [INFO] [30077] PREPARE received from 30179 for REQUEST 1741682977666
[2025-03-11 17:49:41,356] [INFO] [30077] PREPARE received from 30153 for REQUEST 1741682977666
[2025-03-11 17:49:41,357] [INFO] [30077] COMMIT received from 30194 for REQUEST 1741682977666
[2025-03-11 17:49:41,357] [INFO] [30077] COMMIT received from 30020 for REQUEST 1741682977666
[2025-03-11 17:49:41,359] [INFO] [30077] PREPARE received from 30020 for REQUEST 1741682977666
[2025-03-11 17:49:41,359] [INFO] [30077] PREPARE received from 30033 for REQUEST 1741682977666
[2025-03-11 17:49:41,359] [INFO] [30077] PREPARE received from 30099 for REQUEST 1741682977666
[2025-03-11 17:49:41,359] [INFO] [30077] PREPARE received from 30119 for REQUEST 1741682977666
[2025-03-11 17:49:41,359] [INFO] [30077] PREPARE received from 30062 for REQUEST 1741682977666
[2025-03-11 17:49:41,361] [INFO] [30077] COMMIT received from 30033 for REQUEST 1741682977666
[2025-03-11 17:49:41,361] [INFO] [30077] COMMIT received from 30119 for REQUEST 1741682977666
[2025-03-11 17:49:41,361] [INFO] [30077] COMMIT received from 30153 for REQUEST 1741682977666
[2025-03-11 17:49:41,361] [INFO] [30077] COMMIT received from 30062 for REQUEST 1741682977666
[2025-03-11 17:49:41,361] [INFO] [30077] PREPARE received from 30068 for REQUEST 1741682977666
[2025-03-11 17:49:41,363] [INFO] [30077] COMMIT received from 30068 for REQUEST 1741682977666
[2025-03-11 17:49:41,393] [INFO] [30077] COMMIT received from 30190 for REQUEST 1741682977666
[2025-03-11 17:49:41,413] [INFO] [30077] COMMIT received from 30097 for REQUEST 1741682977666
[2025-03-11 17:49:41,545] [INFO] [30077] COMMIT received from 30099 for REQUEST 1741682977666
[2025-03-11 17:49:41,545] [INFO] [30077] COMMIT received from 30064 for REQUEST 1741682977666
[2025-03-11 17:49:41,545] [INFO] [30077] PREPARE received from 30134 for REQUEST 1741682977666
[2025-03-11 17:49:41,545] [INFO] [30077] PREPARE received from 30064 for REQUEST 1741682977666
[2025-03-11 17:49:41,547] [INFO] [30077] COMMIT received from 30134 for REQUEST 1741682977666
[2025-03-11 17:49:41,616] [INFO] [30077] PREPARE received from 30125 for REQUEST 1741682977666
[2025-03-11 17:49:41,616] [INFO] [30077] COMMIT received from 30125 for REQUEST 1741682977666
[2025-03-11 17:49:41,616] [INFO] [30077] PREPARE received from 30180 for REQUEST 1741682977666
[2025-03-11 17:49:41,618] [INFO] [30077] COMMIT received from 30180 for REQUEST 1741682977666
[2025-03-11 17:49:41,649] [INFO] [30077] PREPARE received from 30167 for REQUEST 1741682977666
[2025-03-11 17:49:41,651] [INFO] [30077] COMMIT received from 30167 for REQUEST 1741682977666
[2025-03-11 17:49:41,679] [INFO] [30077] PREPARE received from 30140 for REQUEST 1741682977666
[2025-03-11 17:49:41,703] [INFO] [30077] COMMIT received from 30117 for REQUEST 1741682977666
[2025-03-11 17:49:41,703] [INFO] [30077] COMMIT received from 30140 for REQUEST 1741682977666
