[2025-03-11 17:39:01,637] [INFO] Node started: localhost:30068 | index=69 | f=1, k=4
[2025-03-11 17:39:04,584] [INFO] [30068] PRE-PREPARE received: {'request_id': 1741682344536, 'data': 'llapbft_message_1741682344536', 'timestamp': 1741682344.566875, 'leader': 30055, 'cluster_id': 3, 'cluster_ports': [30000, 30005, 30009, 30015, 30017, 30018, 30019, 30020, 30025, 30031, 30032, 30035, 30037, 30039, 30040, 30042, 30044, 30049, 30054, 30055, 30057, 30058, 30060, 30062, 30067, 30068, 30075, 30076], 'cluster_manager': {'host': 'localhost', 'port': 30057, 'latitude': 36.6273996, 'longitude': 127.4585655, 'altitude': 108, 'offset_m': 'lat: 88 m, lng: 5 m, alt: 108 m'}, 'simulated_delay': 0.000116, 'distance': 64.60136489763865, 'message_size_bits': 4176}
[2025-03-11 17:39:04,590] [INFO] [30068] Broadcasting PREPARE: REQUEST 1741682344536
[2025-03-11 17:39:04,647] [INFO] [30068] PREPARE received from 30067 for REQUEST 1741682344536
[2025-03-11 17:39:04,647] [INFO] [30068] Broadcasting COMMIT: REQUEST 1741682344536
[2025-03-11 17:39:04,647] [INFO] [30068] PREPARE received from 30009 for REQUEST 1741682344536
[2025-03-11 17:39:04,711] [INFO] [30068] PREPARE received from 30042 for REQUEST 1741682344536
[2025-03-11 17:39:04,711] [INFO] [30068] PREPARE received from 30062 for REQUEST 1741682344536
[2025-03-11 17:39:04,735] [INFO] [30068] PREPARE received from 30044 for REQUEST 1741682344536
[2025-03-11 17:39:04,746] [INFO] [30068] PREPARE received from 30015 for REQUEST 1741682344536
[2025-03-11 17:39:04,746] [INFO] [30068] COMMIT received from 30009 for REQUEST 1741682344536
[2025-03-11 17:39:04,751] [INFO] [30068] PREPARE received from 30040 for REQUEST 1741682344536
[2025-03-11 17:39:04,758] [INFO] [30068] COMMIT received from 30067 for REQUEST 1741682344536
[2025-03-11 17:39:04,758] [INFO] [30068] COMMIT complete. Sending PRE-REPLY: REQUEST 1741682344536 directly to Manager 30057
[2025-03-11 17:39:04,765] [INFO] [30068] COMMIT received from 30044 for REQUEST 1741682344536
[2025-03-11 17:39:04,765] [INFO] [30068] PREPARE received from 30025 for REQUEST 1741682344536
[2025-03-11 17:39:04,765] [INFO] [30068] PREPARE received from 30049 for REQUEST 1741682344536
[2025-03-11 17:39:04,767] [INFO] [30068] COMMIT received from 30049 for REQUEST 1741682344536
[2025-03-11 17:39:04,767] [INFO] [30068] COMMIT received from 30062 for REQUEST 1741682344536
[2025-03-11 17:39:04,789] [INFO] [30068] PREPARE received from 30020 for REQUEST 1741682344536
[2025-03-11 17:39:04,789] [INFO] [30068] COMMIT received from 30042 for REQUEST 1741682344536
[2025-03-11 17:39:04,808] [INFO] [30068] PREPARE received from 30075 for REQUEST 1741682344536
[2025-03-11 17:39:04,831] [INFO] [30068] PREPARE received from 30054 for REQUEST 1741682344536
[2025-03-11 17:39:04,831] [INFO] [30068] PREPARE received from 30076 for REQUEST 1741682344536
[2025-03-11 17:39:04,833] [INFO] [30068] COMMIT received from 30015 for REQUEST 1741682344536
[2025-03-11 17:39:04,833] [INFO] [30068] COMMIT received from 30020 for REQUEST 1741682344536
[2025-03-11 17:39:04,833] [INFO] [30068] COMMIT received from 30054 for REQUEST 1741682344536
[2025-03-11 17:39:04,833] [INFO] [30068] COMMIT received from 30075 for REQUEST 1741682344536
[2025-03-11 17:39:04,833] [INFO] [30068] COMMIT received from 30076 for REQUEST 1741682344536
[2025-03-11 17:39:04,833] [INFO] [30068] PREPARE received from 30058 for REQUEST 1741682344536
[2025-03-11 17:39:04,847] [INFO] [30068] PREPARE received from 30060 for REQUEST 1741682344536
[2025-03-11 17:39:04,863] [INFO] [30068] PREPARE received from 30035 for REQUEST 1741682344536
[2025-03-11 17:39:04,863] [INFO] [30068] COMMIT received from 30060 for REQUEST 1741682344536
[2025-03-11 17:39:04,876] [INFO] [30068] COMMIT received from 30035 for REQUEST 1741682344536
[2025-03-11 17:39:04,876] [INFO] [30068] COMMIT received from 30058 for REQUEST 1741682344536
[2025-03-11 17:39:04,884] [INFO] [30068] COMMIT received from 30040 for REQUEST 1741682344536
[2025-03-11 17:39:04,884] [INFO] [30068] PREPARE received from 30019 for REQUEST 1741682344536
[2025-03-11 17:39:04,884] [INFO] [30068] PREPARE received from 30017 for REQUEST 1741682344536
[2025-03-11 17:39:04,894] [INFO] [30068] COMMIT received from 30019 for REQUEST 1741682344536
[2025-03-11 17:39:04,900] [INFO] [30068] COMMIT received from 30055 for REQUEST 1741682344536
[2025-03-11 17:39:04,904] [INFO] [30068] PREPARE received from 30031 for REQUEST 1741682344536
[2025-03-11 17:39:04,925] [INFO] [30068] PREPARE received from 30032 for REQUEST 1741682344536
[2025-03-11 17:39:04,925] [INFO] [30068] COMMIT received from 30017 for REQUEST 1741682344536
[2025-03-11 17:39:04,925] [INFO] [30068] COMMIT received from 30031 for REQUEST 1741682344536
[2025-03-11 17:39:04,929] [INFO] [30068] PREPARE received from 30039 for REQUEST 1741682344536
[2025-03-11 17:39:04,929] [INFO] [30068] COMMIT received from 30025 for REQUEST 1741682344536
[2025-03-11 17:39:04,929] [INFO] [30068] PREPARE received from 30000 for REQUEST 1741682344536
[2025-03-11 17:39:04,929] [INFO] [30068] COMMIT received from 30032 for REQUEST 1741682344536
[2025-03-11 17:39:04,929] [INFO] [30068] PREPARE received from 30018 for REQUEST 1741682344536
[2025-03-11 17:39:04,941] [INFO] [30068] PREPARE received from 30005 for REQUEST 1741682344536
[2025-03-11 17:39:04,941] [INFO] [30068] COMMIT received from 30000 for REQUEST 1741682344536
[2025-03-11 17:39:04,941] [INFO] [30068] COMMIT received from 30039 for REQUEST 1741682344536
[2025-03-11 17:39:04,946] [INFO] [30068] COMMIT received from 30005 for REQUEST 1741682344536
[2025-03-11 17:39:04,946] [INFO] [30068] PREPARE received from 30037 for REQUEST 1741682344536
[2025-03-11 17:39:04,946] [INFO] [30068] COMMIT received from 30018 for REQUEST 1741682344536
[2025-03-11 17:39:04,951] [INFO] [30068] COMMIT received from 30037 for REQUEST 1741682344536
[2025-03-11 17:42:18,280] [INFO] Node started: localhost:30068 | index=69 | f=1, k=4
[2025-03-11 17:42:52,266] [INFO] [30068] PRE-PREPARE received: {'request_id': 1741682572224, 'data': 'llapbft_message_1741682572224', 'timestamp': 1741682572.224601, 'leader': 30099, 'cluster_id': 0, 'cluster_ports': [30010, 30011, 30016, 30019, 30026, 30027, 30031, 30035, 30049, 30054, 30056, 30058, 30059, 30060, 30062, 30064, 30066, 30068, 30069, 30076, 30077, 30083, 30088, 30096, 30097, 30099, 30102, 30104, 30106, 30111, 30114, 30115, 30116, 30117], 'cluster_manager': {'host': 'localhost', 'port': 30049, 'latitude': 36.626668, 'longitude': 127.4587754, 'altitude': 52, 'offset_m': 'lat: 7 m, lng: 24 m, alt: 52 m'}, 'simulated_delay': 0.00024933333333333334, 'distance': 167.51382057090555, 'message_size_bits': 4488}
[2025-03-11 17:42:52,266] [INFO] [30068] Broadcasting PREPARE: REQUEST 1741682572224
[2025-03-11 17:42:52,304] [INFO] [30068] PREPARE received from 30011 for REQUEST 1741682572224
[2025-03-11 17:42:52,304] [INFO] [30068] Broadcasting COMMIT: REQUEST 1741682572224
[2025-03-11 17:42:52,357] [INFO] [30068] PREPARE received from 30035 for REQUEST 1741682572224
[2025-03-11 17:42:52,479] [INFO] [30068] PREPARE received from 30059 for REQUEST 1741682572224
[2025-03-11 17:42:52,481] [INFO] [30068] PREPARE received from 30054 for REQUEST 1741682572224
[2025-03-11 17:42:52,513] [INFO] [30068] PREPARE received from 30102 for REQUEST 1741682572224
[2025-03-11 17:42:52,513] [INFO] [30068] PREPARE received from 30114 for REQUEST 1741682572224
[2025-03-11 17:42:52,559] [INFO] [30068] PREPARE received from 30064 for REQUEST 1741682572224
[2025-03-11 17:42:52,620] [INFO] [30068] COMMIT received from 30011 for REQUEST 1741682572224
[2025-03-11 17:42:52,768] [INFO] [30068] PREPARE received from 30117 for REQUEST 1741682572224
[2025-03-11 17:42:52,790] [INFO] [30068] PREPARE received from 30069 for REQUEST 1741682572224
[2025-03-11 17:42:52,812] [INFO] [30068] COMMIT received from 30059 for REQUEST 1741682572224
[2025-03-11 17:42:52,812] [INFO] [30068] COMMIT complete. Sending PRE-REPLY: REQUEST 1741682572224 directly to Manager 30049
[2025-03-11 17:42:52,812] [INFO] [30068] COMMIT received from 30054 for REQUEST 1741682572224
[2025-03-11 17:42:52,847] [INFO] [30068] COMMIT received from 30114 for REQUEST 1741682572224
[2025-03-11 17:42:52,857] [INFO] [30068] PREPARE received from 30097 for REQUEST 1741682572224
[2025-03-11 17:42:52,872] [INFO] [30068] PREPARE received from 30010 for REQUEST 1741682572224
[2025-03-11 17:42:52,895] [INFO] [30068] COMMIT received from 30010 for REQUEST 1741682572224
[2025-03-11 17:42:52,910] [INFO] [30068] COMMIT received from 30069 for REQUEST 1741682572224
[2025-03-11 17:42:52,945] [INFO] [30068] COMMIT received from 30097 for REQUEST 1741682572224
[2025-03-11 17:42:52,947] [INFO] [30068] COMMIT received from 30064 for REQUEST 1741682572224
[2025-03-11 17:42:52,959] [INFO] [30068] PREPARE received from 30027 for REQUEST 1741682572224
[2025-03-11 17:42:52,959] [INFO] [30068] COMMIT received from 30099 for REQUEST 1741682572224
[2025-03-11 17:42:52,959] [INFO] [30068] COMMIT received from 30102 for REQUEST 1741682572224
[2025-03-11 17:42:53,003] [INFO] [30068] COMMIT received from 30027 for REQUEST 1741682572224
[2025-03-11 17:42:53,009] [INFO] [30068] PREPARE received from 30116 for REQUEST 1741682572224
[2025-03-11 17:42:53,028] [INFO] [30068] PREPARE received from 30104 for REQUEST 1741682572224
[2025-03-11 17:42:53,246] [INFO] [30068] COMMIT received from 30116 for REQUEST 1741682572224
[2025-03-11 17:42:53,248] [INFO] [30068] PREPARE received from 30088 for REQUEST 1741682572224
[2025-03-11 17:42:53,248] [INFO] [30068] COMMIT received from 30035 for REQUEST 1741682572224
[2025-03-11 17:42:53,281] [INFO] [30068] COMMIT received from 30104 for REQUEST 1741682572224
[2025-03-11 17:42:53,284] [INFO] [30068] COMMIT received from 30117 for REQUEST 1741682572224
[2025-03-11 17:42:53,284] [INFO] [30068] COMMIT received from 30088 for REQUEST 1741682572224
[2025-03-11 17:42:53,316] [INFO] [30068] PREPARE received from 30058 for REQUEST 1741682572224
[2025-03-11 17:42:53,316] [INFO] [30068] COMMIT received from 30096 for REQUEST 1741682572224
[2025-03-11 17:42:53,316] [INFO] [30068] PREPARE received from 30111 for REQUEST 1741682572224
[2025-03-11 17:42:53,316] [INFO] [30068] PREPARE received from 30083 for REQUEST 1741682572224
[2025-03-11 17:42:53,316] [INFO] [30068] PREPARE received from 30106 for REQUEST 1741682572224
[2025-03-11 17:42:53,316] [INFO] [30068] PREPARE received from 30096 for REQUEST 1741682572224
[2025-03-11 17:42:53,351] [INFO] [30068] COMMIT received from 30056 for REQUEST 1741682572224
[2025-03-11 17:42:53,353] [INFO] [30068] COMMIT received from 30076 for REQUEST 1741682572224
[2025-03-11 17:42:53,353] [INFO] [30068] PREPARE received from 30019 for REQUEST 1741682572224
[2025-03-11 17:42:53,353] [INFO] [30068] PREPARE received from 30076 for REQUEST 1741682572224
[2025-03-11 17:42:53,353] [INFO] [30068] PREPARE received from 30056 for REQUEST 1741682572224
[2025-03-11 17:42:53,353] [INFO] [30068] COMMIT received from 30083 for REQUEST 1741682572224
[2025-03-11 17:42:53,353] [INFO] [30068] COMMIT received from 30115 for REQUEST 1741682572224
[2025-03-11 17:42:53,353] [INFO] [30068] PREPARE received from 30077 for REQUEST 1741682572224
[2025-03-11 17:42:53,353] [INFO] [30068] COMMIT received from 30058 for REQUEST 1741682572224
[2025-03-11 17:42:53,356] [INFO] [30068] COMMIT received from 30106 for REQUEST 1741682572224
[2025-03-11 17:42:53,356] [INFO] [30068] COMMIT received from 30019 for REQUEST 1741682572224
[2025-03-11 17:42:53,356] [INFO] [30068] COMMIT received from 30111 for REQUEST 1741682572224
[2025-03-11 17:42:53,383] [INFO] [30068] PREPARE received from 30026 for REQUEST 1741682572224
[2025-03-11 17:42:53,383] [INFO] [30068] PREPARE received from 30062 for REQUEST 1741682572224
[2025-03-11 17:42:53,383] [INFO] [30068] PREPARE received from 30115 for REQUEST 1741682572224
[2025-03-11 17:42:53,385] [INFO] [30068] PREPARE received from 30016 for REQUEST 1741682572224
[2025-03-11 17:42:53,385] [INFO] [30068] COMMIT received from 30026 for REQUEST 1741682572224
[2025-03-11 17:42:53,385] [INFO] [30068] COMMIT received from 30016 for REQUEST 1741682572224
[2025-03-11 17:42:53,385] [INFO] [30068] COMMIT received from 30077 for REQUEST 1741682572224
[2025-03-11 17:42:53,385] [INFO] [30068] COMMIT received from 30062 for REQUEST 1741682572224
[2025-03-11 17:42:53,385] [INFO] [30068] PREPARE received from 30031 for REQUEST 1741682572224
[2025-03-11 17:42:53,385] [INFO] [30068] COMMIT received from 30031 for REQUEST 1741682572224
[2025-03-11 17:46:02,688] [INFO] Node started: localhost:30068 | index=69 | f=1, k=4
[2025-03-11 17:46:23,017] [INFO] [30068] PRE-PREPARE received: {'request_id': 1741682782924, 'data': 'llapbft_message_1741682782924', 'timestamp': 1741682782.9516234, 'leader': 30137, 'cluster_id': 3, 'cluster_ports': [30001, 30002, 30003, 30010, 30011, 30016, 30023, 30027, 30028, 30030, 30032, 30035, 30038, 30046, 30048, 30049, 30052, 30055, 30056, 30057, 30060, 30066, 30068, 30070, 30076, 30079, 30083, 30085, 30088, 30091, 30093, 30095, 30096, 30100, 30108, 30113, 30114, 30122, 30124, 30129, 30131, 30132, 30134, 30137, 30138, 30147, 30153, 30157], 'cluster_manager': {'host': 'localhost', 'port': 30132, 'latitude': 36.6266901, 'longitude': 127.459304, 'altitude': 80, 'offset_m': 'lat: 10 m, lng: 71 m, alt: 80 m'}, 'simulated_delay': 0.0004406666666666667, 'distance': 201.3640399317241, 'message_size_bits': 5288}
[2025-03-11 17:46:23,017] [INFO] [30068] Broadcasting PREPARE: REQUEST 1741682782924
[2025-03-11 17:46:23,135] [INFO] [30068] PREPARE received from 30157 for REQUEST 1741682782924
[2025-03-11 17:46:23,135] [INFO] [30068] Broadcasting COMMIT: REQUEST 1741682782924
[2025-03-11 17:46:23,155] [INFO] [30068] PREPARE received from 30010 for REQUEST 1741682782924
[2025-03-11 17:46:23,214] [INFO] [30068] PREPARE received from 30147 for REQUEST 1741682782924
[2025-03-11 17:46:23,451] [INFO] [30068] COMMIT received from 30147 for REQUEST 1741682782924
[2025-03-11 17:46:23,480] [INFO] [30068] COMMIT received from 30157 for REQUEST 1741682782924
[2025-03-11 17:46:23,480] [INFO] [30068] COMMIT complete. Sending PRE-REPLY: REQUEST 1741682782924 directly to Manager 30132
[2025-03-11 17:46:23,480] [INFO] [30068] PREPARE received from 30048 for REQUEST 1741682782924
[2025-03-11 17:46:23,486] [INFO] [30068] COMMIT received from 30048 for REQUEST 1741682782924
[2025-03-11 17:46:23,510] [INFO] [30068] COMMIT received from 30010 for REQUEST 1741682782924
[2025-03-11 17:46:23,948] [INFO] [30068] PREPARE received from 30076 for REQUEST 1741682782924
[2025-03-11 17:46:23,948] [INFO] [30068] COMMIT received from 30076 for REQUEST 1741682782924
[2025-03-11 17:46:24,009] [INFO] [30068] PREPARE received from 30002 for REQUEST 1741682782924
[2025-03-11 17:46:24,009] [INFO] [30068] COMMIT received from 30002 for REQUEST 1741682782924
[2025-03-11 17:46:24,044] [INFO] [30068] PREPARE received from 30070 for REQUEST 1741682782924
[2025-03-11 17:46:24,044] [INFO] [30068] COMMIT received from 30070 for REQUEST 1741682782924
[2025-03-11 17:46:24,246] [INFO] [30068] PREPARE received from 30134 for REQUEST 1741682782924
[2025-03-11 17:46:24,246] [INFO] [30068] COMMIT received from 30134 for REQUEST 1741682782924
[2025-03-11 17:46:24,452] [INFO] [30068] COMMIT received from 30137 for REQUEST 1741682782924
[2025-03-11 17:46:24,452] [INFO] [30068] PREPARE received from 30153 for REQUEST 1741682782924
[2025-03-11 17:46:24,452] [INFO] [30068] COMMIT received from 30153 for REQUEST 1741682782924
[2025-03-11 17:46:24,468] [INFO] [30068] PREPARE received from 30049 for REQUEST 1741682782924
[2025-03-11 17:46:24,468] [INFO] [30068] COMMIT received from 30049 for REQUEST 1741682782924
[2025-03-11 17:46:24,482] [INFO] [30068] PREPARE received from 30083 for REQUEST 1741682782924
[2025-03-11 17:46:24,482] [INFO] [30068] COMMIT received from 30083 for REQUEST 1741682782924
[2025-03-11 17:46:24,657] [INFO] [30068] PREPARE received from 30011 for REQUEST 1741682782924
[2025-03-11 17:46:24,657] [INFO] [30068] COMMIT received from 30011 for REQUEST 1741682782924
[2025-03-11 17:46:24,863] [INFO] [30068] PREPARE received from 30052 for REQUEST 1741682782924
[2025-03-11 17:46:24,863] [INFO] [30068] COMMIT received from 30052 for REQUEST 1741682782924
[2025-03-11 17:46:25,024] [INFO] [30068] PREPARE received from 30055 for REQUEST 1741682782924
[2025-03-11 17:46:25,024] [INFO] [30068] PREPARE received from 30085 for REQUEST 1741682782924
[2025-03-11 17:46:25,024] [INFO] [30068] COMMIT received from 30055 for REQUEST 1741682782924
[2025-03-11 17:46:25,024] [INFO] [30068] COMMIT received from 30085 for REQUEST 1741682782924
[2025-03-11 17:46:25,207] [INFO] [30068] PREPARE received from 30016 for REQUEST 1741682782924
[2025-03-11 17:46:25,207] [INFO] [30068] COMMIT received from 30016 for REQUEST 1741682782924
[2025-03-11 17:46:25,440] [INFO] [30068] PREPARE received from 30113 for REQUEST 1741682782924
[2025-03-11 17:46:25,448] [INFO] [30068] PREPARE received from 30093 for REQUEST 1741682782924
[2025-03-11 17:46:25,448] [INFO] [30068] PREPARE received from 30001 for REQUEST 1741682782924
[2025-03-11 17:46:25,448] [INFO] [30068] PREPARE received from 30079 for REQUEST 1741682782924
[2025-03-11 17:46:25,448] [INFO] [30068] COMMIT received from 30093 for REQUEST 1741682782924
[2025-03-11 17:46:25,448] [INFO] [30068] COMMIT received from 30060 for REQUEST 1741682782924
[2025-03-11 17:46:25,448] [INFO] [30068] COMMIT received from 30001 for REQUEST 1741682782924
[2025-03-11 17:46:25,448] [INFO] [30068] COMMIT received from 30113 for REQUEST 1741682782924
[2025-03-11 17:46:25,448] [INFO] [30068] COMMIT received from 30079 for REQUEST 1741682782924
[2025-03-11 17:46:25,479] [INFO] [30068] PREPARE received from 30091 for REQUEST 1741682782924
[2025-03-11 17:46:25,479] [INFO] [30068] PREPARE received from 30060 for REQUEST 1741682782924
[2025-03-11 17:46:25,479] [INFO] [30068] COMMIT received from 30091 for REQUEST 1741682782924
[2025-03-11 17:46:25,613] [INFO] [30068] PREPARE received from 30138 for REQUEST 1741682782924
[2025-03-11 17:46:25,613] [INFO] [30068] COMMIT received from 30138 for REQUEST 1741682782924
[2025-03-11 17:46:25,675] [INFO] [30068] PREPARE received from 30108 for REQUEST 1741682782924
[2025-03-11 17:46:25,677] [INFO] [30068] COMMIT received from 30108 for REQUEST 1741682782924
[2025-03-11 17:46:25,721] [INFO] [30068] PREPARE received from 30088 for REQUEST 1741682782924
[2025-03-11 17:46:25,721] [INFO] [30068] COMMIT received from 30088 for REQUEST 1741682782924
[2025-03-11 17:46:25,827] [INFO] [30068] PREPARE received from 30035 for REQUEST 1741682782924
[2025-03-11 17:46:25,845] [INFO] [30068] PREPARE received from 30046 for REQUEST 1741682782924
[2025-03-11 17:46:25,847] [INFO] [30068] COMMIT received from 30046 for REQUEST 1741682782924
[2025-03-11 17:46:25,847] [INFO] [30068] COMMIT received from 30035 for REQUEST 1741682782924
[2025-03-11 17:46:25,854] [INFO] [30068] PREPARE received from 30028 for REQUEST 1741682782924
[2025-03-11 17:46:25,854] [INFO] [30068] PREPARE received from 30124 for REQUEST 1741682782924
[2025-03-11 17:46:25,861] [INFO] [30068] COMMIT received from 30028 for REQUEST 1741682782924
[2025-03-11 17:46:25,861] [INFO] [30068] COMMIT received from 30124 for REQUEST 1741682782924
[2025-03-11 17:46:25,970] [INFO] [30068] PREPARE received from 30095 for REQUEST 1741682782924
[2025-03-11 17:46:25,970] [INFO] [30068] PREPARE received from 30057 for REQUEST 1741682782924
[2025-03-11 17:46:25,970] [INFO] [30068] COMMIT received from 30095 for REQUEST 1741682782924
[2025-03-11 17:46:25,970] [INFO] [30068] COMMIT received from 30057 for REQUEST 1741682782924
[2025-03-11 17:46:25,983] [INFO] [30068] PREPARE received from 30056 for REQUEST 1741682782924
[2025-03-11 17:46:25,986] [INFO] [30068] COMMIT received from 30056 for REQUEST 1741682782924
[2025-03-11 17:46:26,038] [INFO] [30068] PREPARE received from 30129 for REQUEST 1741682782924
[2025-03-11 17:46:26,038] [INFO] [30068] COMMIT received from 30129 for REQUEST 1741682782924
[2025-03-11 17:46:26,100] [INFO] [30068] PREPARE received from 30030 for REQUEST 1741682782924
[2025-03-11 17:46:26,100] [INFO] [30068] COMMIT received from 30030 for REQUEST 1741682782924
[2025-03-11 17:46:26,112] [INFO] [30068] PREPARE received from 30003 for REQUEST 1741682782924
[2025-03-11 17:46:26,113] [INFO] [30068] COMMIT received from 30003 for REQUEST 1741682782924
[2025-03-11 17:46:26,160] [INFO] [30068] PREPARE received from 30100 for REQUEST 1741682782924
[2025-03-11 17:46:26,160] [INFO] [30068] COMMIT received from 30100 for REQUEST 1741682782924
[2025-03-11 17:46:26,214] [INFO] [30068] PREPARE received from 30023 for REQUEST 1741682782924
[2025-03-11 17:46:26,214] [INFO] [30068] COMMIT received from 30023 for REQUEST 1741682782924
[2025-03-11 17:46:26,254] [INFO] [30068] PREPARE received from 30027 for REQUEST 1741682782924
[2025-03-11 17:46:26,254] [INFO] [30068] COMMIT received from 30027 for REQUEST 1741682782924
[2025-03-11 17:46:26,270] [INFO] [30068] PREPARE received from 30032 for REQUEST 1741682782924
[2025-03-11 17:46:26,281] [INFO] [30068] COMMIT received from 30032 for REQUEST 1741682782924
[2025-03-11 17:46:26,286] [INFO] [30068] PREPARE received from 30066 for REQUEST 1741682782924
[2025-03-11 17:46:26,286] [INFO] [30068] COMMIT received from 30066 for REQUEST 1741682782924
[2025-03-11 17:46:26,319] [INFO] [30068] PREPARE received from 30131 for REQUEST 1741682782924
[2025-03-11 17:46:26,319] [INFO] [30068] COMMIT received from 30131 for REQUEST 1741682782924
[2025-03-11 17:49:09,876] [INFO] Node started: localhost:30068 | index=69 | f=1, k=4
[2025-03-11 17:49:37,736] [INFO] [30068] PRE-PREPARE received: {'request_id': 1741682977666, 'data': 'llapbft_message_1741682977666', 'timestamp': 1741682977.7055552, 'leader': 30022, 'cluster_id': 1, 'cluster_ports': [30003, 30019, 30020, 30022, 30026, 30028, 30030, 30032, 30033, 30045, 30050, 30062, 30064, 30067, 30068, 30069, 30071, 30077, 30080, 30086, 30097, 30099, 30117, 30119, 30125, 30128, 30134, 30140, 30141, 30146, 30148, 30153, 30155, 30159, 30160, 30167, 30179, 30180, 30182, 30190, 30192, 30194, 30197], 'cluster_manager': {'host': 'localhost', 'port': 30128, 'latitude': 36.6267082, 'longitude': 127.4594338, 'altitude': 224, 'offset_m': 'lat: 12 m, lng: 83 m, alt: 224 m'}, 'simulated_delay': 0.00013977777777777778, 'distance': 81.44162712339542, 'message_size_bits': 5032}
[2025-03-11 17:49:37,736] [INFO] [30068] Broadcasting PREPARE: REQUEST 1741682977666
[2025-03-11 17:49:38,074] [INFO] [30068] PREPARE received from 30179 for REQUEST 1741682977666
[2025-03-11 17:49:38,074] [INFO] [30068] Broadcasting COMMIT: REQUEST 1741682977666
[2025-03-11 17:49:38,074] [INFO] [30068] PREPARE received from 30190 for REQUEST 1741682977666
[2025-03-11 17:49:38,076] [INFO] [30068] PREPARE received from 30197 for REQUEST 1741682977666
[2025-03-11 17:49:38,076] [INFO] [30068] PREPARE received from 30155 for REQUEST 1741682977666
[2025-03-11 17:49:38,076] [INFO] [30068] PREPARE received from 30003 for REQUEST 1741682977666
[2025-03-11 17:49:38,076] [INFO] [30068] PREPARE received from 30180 for REQUEST 1741682977666
[2025-03-11 17:49:38,076] [INFO] [30068] PREPARE received from 30019 for REQUEST 1741682977666
[2025-03-11 17:49:38,142] [INFO] [30068] PREPARE received from 30080 for REQUEST 1741682977666
[2025-03-11 17:49:38,144] [INFO] [30068] PREPARE received from 30086 for REQUEST 1741682977666
[2025-03-11 17:49:38,144] [INFO] [30068] PREPARE received from 30148 for REQUEST 1741682977666
[2025-03-11 17:49:38,146] [INFO] [30068] PREPARE received from 30033 for REQUEST 1741682977666
[2025-03-11 17:49:38,146] [INFO] [30068] PREPARE received from 30167 for REQUEST 1741682977666
[2025-03-11 17:49:38,162] [INFO] [30068] PREPARE received from 30125 for REQUEST 1741682977666
[2025-03-11 17:49:38,178] [INFO] [30068] PREPARE received from 30032 for REQUEST 1741682977666
[2025-03-11 17:49:38,222] [INFO] [30068] PREPARE received from 30153 for REQUEST 1741682977666
[2025-03-11 17:49:38,748] [INFO] [30068] COMMIT received from 30197 for REQUEST 1741682977666
[2025-03-11 17:49:38,750] [INFO] [30068] PREPARE received from 30146 for REQUEST 1741682977666
[2025-03-11 17:49:39,727] [INFO] [30068] PREPARE received from 30020 for REQUEST 1741682977666
[2025-03-11 17:49:39,727] [INFO] [30068] PREPARE received from 30067 for REQUEST 1741682977666
[2025-03-11 17:49:39,727] [INFO] [30068] PREPARE received from 30140 for REQUEST 1741682977666
[2025-03-11 17:49:39,894] [INFO] [30068] PREPARE received from 30071 for REQUEST 1741682977666
[2025-03-11 17:49:39,901] [INFO] [30068] PREPARE received from 30062 for REQUEST 1741682977666
[2025-03-11 17:49:39,901] [INFO] [30068] COMMIT received from 30019 for REQUEST 1741682977666
[2025-03-11 17:49:39,901] [INFO] [30068] COMMIT complete. Sending PRE-REPLY: REQUEST 1741682977666 directly to Manager 30128
[2025-03-11 17:49:40,453] [INFO] [30068] COMMIT received from 30180 for REQUEST 1741682977666
[2025-03-11 17:49:40,471] [INFO] [30068] COMMIT received from 30190 for REQUEST 1741682977666
[2025-03-11 17:49:40,471] [INFO] [30068] COMMIT received from 30148 for REQUEST 1741682977666
[2025-03-11 17:49:40,471] [INFO] [30068] COMMIT received from 30179 for REQUEST 1741682977666
[2025-03-11 17:49:40,477] [INFO] [30068] PREPARE received from 30028 for REQUEST 1741682977666
[2025-03-11 17:49:40,477] [INFO] [30068] COMMIT received from 30167 for REQUEST 1741682977666
[2025-03-11 17:49:40,477] [INFO] [30068] PREPARE received from 30192 for REQUEST 1741682977666
[2025-03-11 17:49:40,477] [INFO] [30068] PREPARE received from 30134 for REQUEST 1741682977666
[2025-03-11 17:49:40,477] [INFO] [30068] PREPARE received from 30182 for REQUEST 1741682977666
[2025-03-11 17:49:40,477] [INFO] [30068] COMMIT received from 30155 for REQUEST 1741682977666
[2025-03-11 17:49:40,691] [INFO] [30068] COMMIT received from 30182 for REQUEST 1741682977666
[2025-03-11 17:49:40,691] [INFO] [30068] COMMIT received from 30146 for REQUEST 1741682977666
[2025-03-11 17:49:40,691] [INFO] [30068] COMMIT received from 30134 for REQUEST 1741682977666
[2025-03-11 17:49:40,691] [INFO] [30068] PREPARE received from 30119 for REQUEST 1741682977666
[2025-03-11 17:49:40,691] [INFO] [30068] COMMIT received from 30086 for REQUEST 1741682977666
[2025-03-11 17:49:40,691] [INFO] [30068] COMMIT received from 30125 for REQUEST 1741682977666
[2025-03-11 17:49:40,691] [INFO] [30068] COMMIT received from 30080 for REQUEST 1741682977666
[2025-03-11 17:49:40,763] [INFO] [30068] PREPARE received from 30026 for REQUEST 1741682977666
[2025-03-11 17:49:41,007] [INFO] [30068] COMMIT received from 30028 for REQUEST 1741682977666
[2025-03-11 17:49:41,007] [INFO] [30068] PREPARE received from 30050 for REQUEST 1741682977666
[2025-03-11 17:49:41,007] [INFO] [30068] COMMIT received from 30026 for REQUEST 1741682977666
[2025-03-11 17:49:41,007] [INFO] [30068] COMMIT received from 30192 for REQUEST 1741682977666
[2025-03-11 17:49:41,007] [INFO] [30068] COMMIT received from 30032 for REQUEST 1741682977666
[2025-03-11 17:49:41,007] [INFO] [30068] COMMIT received from 30067 for REQUEST 1741682977666
[2025-03-11 17:49:41,007] [INFO] [30068] COMMIT received from 30003 for REQUEST 1741682977666
[2025-03-11 17:49:41,007] [INFO] [30068] PREPARE received from 30141 for REQUEST 1741682977666
[2025-03-11 17:49:41,007] [INFO] [30068] PREPARE received from 30097 for REQUEST 1741682977666
[2025-03-11 17:49:41,007] [INFO] [30068] PREPARE received from 30077 for REQUEST 1741682977666
[2025-03-11 17:49:41,088] [INFO] [30068] PREPARE received from 30159 for REQUEST 1741682977666
[2025-03-11 17:49:41,088] [INFO] [30068] COMMIT received from 30153 for REQUEST 1741682977666
[2025-03-11 17:49:41,088] [INFO] [30068] COMMIT received from 30077 for REQUEST 1741682977666
[2025-03-11 17:49:41,088] [INFO] [30068] PREPARE received from 30160 for REQUEST 1741682977666
[2025-03-11 17:49:41,088] [INFO] [30068] COMMIT received from 30050 for REQUEST 1741682977666
[2025-03-11 17:49:41,088] [INFO] [30068] COMMIT received from 30194 for REQUEST 1741682977666
[2025-03-11 17:49:41,088] [INFO] [30068] PREPARE received from 30194 for REQUEST 1741682977666
[2025-03-11 17:49:41,088] [INFO] [30068] COMMIT received from 30071 for REQUEST 1741682977666
[2025-03-11 17:49:41,151] [INFO] [30068] PREPARE received from 30064 for REQUEST 1741682977666
[2025-03-11 17:49:41,151] [INFO] [30068] COMMIT received from 30033 for REQUEST 1741682977666
[2025-03-11 17:49:41,151] [INFO] [30068] PREPARE received from 30069 for REQUEST 1741682977666
[2025-03-11 17:49:41,153] [INFO] [30068] COMMIT received from 30069 for REQUEST 1741682977666
[2025-03-11 17:49:41,193] [INFO] [30068] COMMIT received from 30119 for REQUEST 1741682977666
[2025-03-11 17:49:41,193] [INFO] [30068] COMMIT received from 30141 for REQUEST 1741682977666
[2025-03-11 17:49:41,196] [INFO] [30068] COMMIT received from 30022 for REQUEST 1741682977666
[2025-03-11 17:49:41,196] [INFO] [30068] COMMIT received from 30159 for REQUEST 1741682977666
[2025-03-11 17:49:41,196] [INFO] [30068] COMMIT received from 30160 for REQUEST 1741682977666
[2025-03-11 17:49:41,331] [INFO] [30068] COMMIT received from 30062 for REQUEST 1741682977666
[2025-03-11 17:49:41,331] [INFO] [30068] COMMIT received from 30020 for REQUEST 1741682977666
[2025-03-11 17:49:41,331] [INFO] [30068] COMMIT received from 30064 for REQUEST 1741682977666
[2025-03-11 17:49:41,368] [INFO] [30068] PREPARE received from 30099 for REQUEST 1741682977666
[2025-03-11 17:49:41,413] [INFO] [30068] COMMIT received from 30097 for REQUEST 1741682977666
[2025-03-11 17:49:41,467] [INFO] [30068] PREPARE received from 30030 for REQUEST 1741682977666
[2025-03-11 17:49:41,488] [INFO] [30068] PREPARE received from 30045 for REQUEST 1741682977666
[2025-03-11 17:49:41,517] [INFO] [30068] COMMIT received from 30099 for REQUEST 1741682977666
[2025-03-11 17:49:41,576] [INFO] [30068] COMMIT received from 30045 for REQUEST 1741682977666
[2025-03-11 17:49:41,675] [INFO] [30068] COMMIT received from 30140 for REQUEST 1741682977666
[2025-03-11 17:49:41,759] [INFO] [30068] COMMIT received from 30030 for REQUEST 1741682977666
[2025-03-11 17:49:41,905] [INFO] [30068] PREPARE received from 30117 for REQUEST 1741682977666
[2025-03-11 17:49:41,915] [INFO] [30068] COMMIT received from 30117 for REQUEST 1741682977666
