[2025-03-20 12:12:14,024] [INFO] Node started: localhost:30009 | index= 10 | f=1, k=4
[2025-03-20 12:12:23,270] [INFO] Phase: PRE-PREPARE | Receiver: 30009 | Sender: 30003 | Distance:   55.55 m | Delay: 0.4661s | Size: 16781104 bit
[2025-03-20 12:12:23,273] [INFO] Phase: PREPARE-BROADCAST | Receiver: ALL | Sender: 30009 | Distance:   55.55 m | Delay: 0.4661s | Size: 16778160 bit
[2025-03-20 12:12:23,652] [INFO] Phase: PREPARE | Receiver: 30009 | Sender: 30019 | Distance:   70.07 m | Delay: 0.4661s | Size: 16778992 bit
[2025-03-20 12:12:23,656] [INFO] Phase: COMMIT-BROADCAST | Receiver: ALL | Sender: 30009 | Distance:   70.07 m | Delay: 0.4661s | Size: 16778144 bit
[2025-03-20 12:12:23,788] [INFO] Phase: PREPARE | Receiver: 30009 | Sender: 30021 | Distance:  103.41 m | Delay: 0.6991s | Size: 16779000 bit
[2025-03-20 12:12:24,036] [INFO] Phase: PREPARE | Receiver: 30009 | Sender: 30000 | Distance:  143.98 m | Delay: 0.6991s | Size: 16779000 bit
[2025-03-20 12:12:24,051] [INFO] Phase: PREPARE | Receiver: 30009 | Sender: 30033 | Distance:  103.22 m | Delay: 0.6991s | Size: 16779000 bit
[2025-03-20 12:12:24,062] [INFO] Phase: PREPARE | Receiver: 30009 | Sender: 30018 | Distance:   17.30 m | Delay: 0.3107s | Size: 16779000 bit
[2025-03-20 12:12:24,071] [INFO] Phase: PREPARE | Receiver: 30009 | Sender: 30015 | Distance:   27.63 m | Delay: 0.3107s | Size: 16778992 bit
[2025-03-20 12:12:24,079] [INFO] Phase: PREPARE | Receiver: 30009 | Sender: 30026 | Distance:  103.22 m | Delay: 0.6991s | Size: 16779000 bit
[2025-03-20 12:12:24,162] [INFO] Phase: COMMIT | Receiver: 30009 | Sender: 30021 | Distance:  103.41 m | Delay: 0.6991s | Size: 16778992 bit
[2025-03-20 12:12:24,238] [INFO] Phase: PREPARE | Receiver: 30009 | Sender: 30011 | Distance:   85.58 m | Delay: 0.4661s | Size: 16778992 bit
[2025-03-20 12:12:24,298] [INFO] Phase: COMMIT | Receiver: 30009 | Sender: 30019 | Distance:   70.07 m | Delay: 0.4661s | Size: 16778992 bit
[2025-03-20 12:12:24,300] [INFO] Phase: PRE-REPLY | Receiver: 30006 | Sender: 30009 | Distance:   70.07 m | Delay: 0.4661s | Size: 16778160 bit
[2025-03-20 12:12:24,305] [INFO] Phase: COMMIT | Receiver: 30009 | Sender: 30003 | Distance:   55.55 m | Delay: 0.4661s | Size: 16778992 bit
[2025-03-20 12:12:24,320] [INFO] Phase: COMMIT | Receiver: 30009 | Sender: 30000 | Distance:  143.98 m | Delay: 0.6991s | Size: 16779000 bit
[2025-03-20 12:12:24,368] [INFO] Phase: COMMIT | Receiver: 30009 | Sender: 30033 | Distance:  103.22 m | Delay: 0.6991s | Size: 16779000 bit
[2025-03-20 12:12:24,412] [INFO] Phase: COMMIT | Receiver: 30009 | Sender: 30015 | Distance:   27.63 m | Delay: 0.3107s | Size: 16778992 bit
[2025-03-20 12:12:24,418] [INFO] Phase: COMMIT | Receiver: 30009 | Sender: 30018 | Distance:   17.30 m | Delay: 0.3107s | Size: 16779000 bit
[2025-03-20 12:12:24,420] [INFO] Phase: COMMIT | Receiver: 30009 | Sender: 30026 | Distance:  103.22 m | Delay: 0.6991s | Size: 16779000 bit
[2025-03-20 12:12:24,537] [INFO] Phase: COMMIT | Receiver: 30009 | Sender: 30011 | Distance:   85.58 m | Delay: 0.4661s | Size: 16778992 bit
[2025-03-20 12:12:26,889] [INFO] Phase: PRE-PREPARE | Receiver: 30009 | Sender: 30003 | Distance:   55.55 m | Delay: 0.4661s | Size: 16781112 bit
[2025-03-20 12:12:26,891] [INFO] Phase: PREPARE-BROADCAST | Receiver: ALL | Sender: 30009 | Distance:   55.55 m | Delay: 0.4661s | Size: 16778160 bit
[2025-03-20 12:12:27,252] [INFO] Phase: PREPARE | Receiver: 30009 | Sender: 30019 | Distance:   70.07 m | Delay: 0.4661s | Size: 16778992 bit
[2025-03-20 12:12:27,268] [INFO] Phase: COMMIT-BROADCAST | Receiver: ALL | Sender: 30009 | Distance:   70.07 m | Delay: 0.4661s | Size: 16778144 bit
[2025-03-20 12:12:27,489] [INFO] Phase: PREPARE | Receiver: 30009 | Sender: 30021 | Distance:  103.41 m | Delay: 0.6991s | Size: 16779000 bit
[2025-03-20 12:12:27,834] [INFO] Phase: PREPARE | Receiver: 30009 | Sender: 30000 | Distance:  143.98 m | Delay: 0.6991s | Size: 16779000 bit
[2025-03-20 12:12:28,087] [INFO] Phase: PREPARE | Receiver: 30009 | Sender: 30015 | Distance:   27.63 m | Delay: 0.3107s | Size: 16778992 bit
[2025-03-20 12:12:28,128] [INFO] Phase: PREPARE | Receiver: 30009 | Sender: 30026 | Distance:  103.22 m | Delay: 0.6991s | Size: 16778984 bit
[2025-03-20 12:12:28,166] [INFO] Phase: PREPARE | Receiver: 30009 | Sender: 30033 | Distance:  103.22 m | Delay: 0.6991s | Size: 16778984 bit
[2025-03-20 12:12:28,199] [INFO] Phase: PREPARE | Receiver: 30009 | Sender: 30018 | Distance:   17.30 m | Delay: 0.3107s | Size: 16778984 bit
[2025-03-20 12:12:28,346] [INFO] Phase: COMMIT | Receiver: 30009 | Sender: 30021 | Distance:  103.41 m | Delay: 0.6991s | Size: 16778984 bit
[2025-03-20 12:12:28,379] [INFO] Phase: PREPARE | Receiver: 30009 | Sender: 30011 | Distance:   85.58 m | Delay: 0.4661s | Size: 16778984 bit
[2025-03-20 12:12:28,517] [INFO] Phase: COMMIT | Receiver: 30009 | Sender: 30003 | Distance:   55.55 m | Delay: 0.4661s | Size: 16778992 bit
[2025-03-20 12:12:28,530] [INFO] Phase: PRE-REPLY | Receiver: 30006 | Sender: 30009 | Distance:   55.55 m | Delay: 0.4661s | Size: 16778160 bit
[2025-03-20 12:12:28,591] [INFO] Phase: COMMIT | Receiver: 30009 | Sender: 30000 | Distance:  143.98 m | Delay: 0.6991s | Size: 16779000 bit
[2025-03-20 12:12:28,626] [INFO] Phase: COMMIT | Receiver: 30009 | Sender: 30019 | Distance:   70.07 m | Delay: 0.4661s | Size: 16778992 bit
[2025-03-20 12:12:28,674] [INFO] Phase: COMMIT | Receiver: 30009 | Sender: 30018 | Distance:   17.30 m | Delay: 0.3107s | Size: 16778992 bit
[2025-03-20 12:12:28,720] [INFO] Phase: COMMIT | Receiver: 30009 | Sender: 30026 | Distance:  103.22 m | Delay: 0.6991s | Size: 16779000 bit
[2025-03-20 12:12:28,749] [INFO] Phase: COMMIT | Receiver: 30009 | Sender: 30033 | Distance:  103.22 m | Delay: 0.6991s | Size: 16779000 bit
[2025-03-20 12:12:28,776] [INFO] Phase: COMMIT | Receiver: 30009 | Sender: 30015 | Distance:   27.63 m | Delay: 0.3107s | Size: 16778984 bit
[2025-03-20 12:12:28,817] [INFO] Phase: COMMIT | Receiver: 30009 | Sender: 30011 | Distance:   85.58 m | Delay: 0.4661s | Size: 16778992 bit
[2025-03-20 12:12:34,904] [INFO] Phase: PRE-PREPARE | Receiver: 30009 | Sender: 30003 | Distance:   55.55 m | Delay: 0.4661s | Size: 16781112 bit
[2025-03-20 12:12:34,907] [INFO] Phase: PREPARE-BROADCAST | Receiver: ALL | Sender: 30009 | Distance:   55.55 m | Delay: 0.4661s | Size: 16778160 bit
[2025-03-20 12:12:35,315] [INFO] Phase: PREPARE | Receiver: 30009 | Sender: 30019 | Distance:   70.07 m | Delay: 0.4661s | Size: 16778984 bit
[2025-03-20 12:12:35,322] [INFO] Phase: COMMIT-BROADCAST | Receiver: ALL | Sender: 30009 | Distance:   70.07 m | Delay: 0.4661s | Size: 16778160 bit
[2025-03-20 12:12:35,526] [INFO] Phase: PREPARE | Receiver: 30009 | Sender: 30021 | Distance:  103.41 m | Delay: 0.6991s | Size: 16779000 bit
[2025-03-20 12:12:36,057] [INFO] Phase: PREPARE | Receiver: 30009 | Sender: 30000 | Distance:  143.98 m | Delay: 0.6991s | Size: 16779000 bit
[2025-03-20 12:12:36,105] [INFO] Phase: PREPARE | Receiver: 30009 | Sender: 30026 | Distance:  103.22 m | Delay: 0.6991s | Size: 16779000 bit
[2025-03-20 12:12:36,144] [INFO] Phase: PREPARE | Receiver: 30009 | Sender: 30015 | Distance:   27.63 m | Delay: 0.3107s | Size: 16778992 bit
[2025-03-20 12:12:36,186] [INFO] Phase: PREPARE | Receiver: 30009 | Sender: 30018 | Distance:   17.30 m | Delay: 0.3107s | Size: 16779000 bit
[2025-03-20 12:12:36,224] [INFO] Phase: PREPARE | Receiver: 30009 | Sender: 30033 | Distance:  103.22 m | Delay: 0.6991s | Size: 16778992 bit
[2025-03-20 12:12:36,578] [INFO] Phase: PREPARE | Receiver: 30009 | Sender: 30011 | Distance:   85.58 m | Delay: 0.4661s | Size: 16778992 bit
[2025-03-20 12:12:36,634] [INFO] Phase: COMMIT | Receiver: 30009 | Sender: 30021 | Distance:  103.41 m | Delay: 0.6991s | Size: 16779000 bit
[2025-03-20 12:12:36,667] [INFO] Phase: COMMIT | Receiver: 30009 | Sender: 30003 | Distance:   55.55 m | Delay: 0.4661s | Size: 16778992 bit
[2025-03-20 12:12:36,670] [INFO] Phase: PRE-REPLY | Receiver: 30006 | Sender: 30009 | Distance:   55.55 m | Delay: 0.4661s | Size: 16778160 bit
[2025-03-20 12:12:36,742] [INFO] Phase: COMMIT | Receiver: 30009 | Sender: 30019 | Distance:   70.07 m | Delay: 0.4661s | Size: 16778984 bit
[2025-03-20 12:12:36,770] [INFO] Phase: COMMIT | Receiver: 30009 | Sender: 30000 | Distance:  143.98 m | Delay: 0.6991s | Size: 16779000 bit
[2025-03-20 12:12:36,796] [INFO] Phase: COMMIT | Receiver: 30009 | Sender: 30018 | Distance:   17.30 m | Delay: 0.3107s | Size: 16779000 bit
[2025-03-20 12:12:36,821] [INFO] Phase: COMMIT | Receiver: 30009 | Sender: 30011 | Distance:   85.58 m | Delay: 0.4661s | Size: 16778992 bit
[2025-03-20 12:12:36,843] [INFO] Phase: COMMIT | Receiver: 30009 | Sender: 30015 | Distance:   27.63 m | Delay: 0.3107s | Size: 16778992 bit
[2025-03-20 12:12:36,875] [INFO] Phase: COMMIT | Receiver: 30009 | Sender: 30033 | Distance:  103.22 m | Delay: 0.6991s | Size: 16779000 bit
[2025-03-20 12:12:36,910] [INFO] Phase: COMMIT | Receiver: 30009 | Sender: 30026 | Distance:  103.22 m | Delay: 0.6991s | Size: 16779000 bit
[2025-03-20 12:12:42,922] [INFO] Phase: PRE-PREPARE | Receiver: 30009 | Sender: 30003 | Distance:   55.55 m | Delay: 0.4661s | Size: 16781104 bit
[2025-03-20 12:12:42,940] [INFO] Phase: PREPARE-BROADCAST | Receiver: ALL | Sender: 30009 | Distance:   55.55 m | Delay: 0.4661s | Size: 16778160 bit
[2025-03-20 12:12:43,293] [INFO] Phase: PREPARE | Receiver: 30009 | Sender: 30019 | Distance:   70.07 m | Delay: 0.4661s | Size: 16778984 bit
[2025-03-20 12:12:43,301] [INFO] Phase: COMMIT-BROADCAST | Receiver: ALL | Sender: 30009 | Distance:   70.07 m | Delay: 0.4661s | Size: 16778160 bit
[2025-03-20 12:12:43,564] [INFO] Phase: PREPARE | Receiver: 30009 | Sender: 30021 | Distance:  103.41 m | Delay: 0.6991s | Size: 16779000 bit
[2025-03-20 12:12:44,016] [INFO] Phase: PREPARE | Receiver: 30009 | Sender: 30026 | Distance:  103.22 m | Delay: 0.6991s | Size: 16779000 bit
[2025-03-20 12:12:44,045] [INFO] Phase: PREPARE | Receiver: 30009 | Sender: 30033 | Distance:  103.22 m | Delay: 0.6991s | Size: 16779000 bit
[2025-03-20 12:12:44,077] [INFO] Phase: PREPARE | Receiver: 30009 | Sender: 30015 | Distance:   27.63 m | Delay: 0.3107s | Size: 16778992 bit
[2025-03-20 12:12:44,108] [INFO] Phase: PREPARE | Receiver: 30009 | Sender: 30018 | Distance:   17.30 m | Delay: 0.3107s | Size: 16779000 bit
[2025-03-20 12:12:44,255] [INFO] Phase: PREPARE | Receiver: 30009 | Sender: 30000 | Distance:  143.98 m | Delay: 0.6991s | Size: 16779000 bit
[2025-03-20 12:12:44,482] [INFO] Phase: COMMIT | Receiver: 30009 | Sender: 30021 | Distance:  103.41 m | Delay: 0.6991s | Size: 16779000 bit
[2025-03-20 12:12:44,542] [INFO] Phase: PREPARE | Receiver: 30009 | Sender: 30011 | Distance:   85.58 m | Delay: 0.4661s | Size: 16778992 bit
[2025-03-20 12:12:44,662] [INFO] Phase: COMMIT | Receiver: 30009 | Sender: 30003 | Distance:   55.55 m | Delay: 0.4661s | Size: 16778992 bit
[2025-03-20 12:12:44,673] [INFO] Phase: PRE-REPLY | Receiver: 30006 | Sender: 30009 | Distance:   55.55 m | Delay: 0.4661s | Size: 16778160 bit
[2025-03-20 12:12:44,716] [INFO] Phase: COMMIT | Receiver: 30009 | Sender: 30018 | Distance:   17.30 m | Delay: 0.3107s | Size: 16779000 bit
[2025-03-20 12:12:44,757] [INFO] Phase: COMMIT | Receiver: 30009 | Sender: 30026 | Distance:  103.22 m | Delay: 0.6991s | Size: 16779000 bit
[2025-03-20 12:12:44,776] [INFO] Phase: COMMIT | Receiver: 30009 | Sender: 30015 | Distance:   27.63 m | Delay: 0.3107s | Size: 16778992 bit
[2025-03-20 12:12:44,800] [INFO] Phase: COMMIT | Receiver: 30009 | Sender: 30019 | Distance:   70.07 m | Delay: 0.4661s | Size: 16778992 bit
[2025-03-20 12:12:44,824] [INFO] Phase: COMMIT | Receiver: 30009 | Sender: 30033 | Distance:  103.22 m | Delay: 0.6991s | Size: 16778992 bit
[2025-03-20 12:12:44,873] [INFO] Phase: COMMIT | Receiver: 30009 | Sender: 30011 | Distance:   85.58 m | Delay: 0.4661s | Size: 16778992 bit
[2025-03-20 12:12:44,894] [INFO] Phase: COMMIT | Receiver: 30009 | Sender: 30000 | Distance:  143.98 m | Delay: 0.6991s | Size: 16778992 bit
[2025-03-20 12:19:38,893] [INFO] Node started: localhost:30009 | index= 10 | f=1, k=4
[2025-03-20 12:20:46,122] [INFO] Phase: PRE-PREPARE | Receiver: 30009 | Sender: 30003 | Distance:   55.55 m | Delay: 0.4661s | Size: 16781112 bit
[2025-03-20 12:20:46,124] [INFO] Phase: PREPARE-BROADCAST | Receiver: ALL | Sender: 30009 | Distance:   55.55 m | Delay: 0.4661s | Size: 16778152 bit
[2025-03-20 12:20:46,468] [INFO] Phase: PREPARE | Receiver: 30009 | Sender: 30019 | Distance:   70.07 m | Delay: 0.4661s | Size: 16778984 bit
[2025-03-20 12:20:46,475] [INFO] Phase: COMMIT-BROADCAST | Receiver: ALL | Sender: 30009 | Distance:   70.07 m | Delay: 0.4661s | Size: 16778160 bit
[2025-03-20 12:20:46,641] [INFO] Phase: PREPARE | Receiver: 30009 | Sender: 30021 | Distance:  103.41 m | Delay: 0.6991s | Size: 16779000 bit
[2025-03-20 12:20:46,847] [INFO] Phase: PREPARE | Receiver: 30009 | Sender: 30000 | Distance:  143.98 m | Delay: 0.6991s | Size: 16779000 bit
[2025-03-20 12:20:46,886] [INFO] Phase: PREPARE | Receiver: 30009 | Sender: 30015 | Distance:   27.63 m | Delay: 0.3107s | Size: 16778984 bit
[2025-03-20 12:20:46,896] [INFO] Phase: PREPARE | Receiver: 30009 | Sender: 30018 | Distance:   17.30 m | Delay: 0.3107s | Size: 16778992 bit
[2025-03-20 12:20:46,902] [INFO] Phase: PREPARE | Receiver: 30009 | Sender: 30033 | Distance:  103.22 m | Delay: 0.6991s | Size: 16778992 bit
[2025-03-20 12:20:46,910] [INFO] Phase: PREPARE | Receiver: 30009 | Sender: 30026 | Distance:  103.22 m | Delay: 0.6991s | Size: 16779000 bit
[2025-03-20 12:20:47,006] [INFO] Phase: COMMIT | Receiver: 30009 | Sender: 30021 | Distance:  103.41 m | Delay: 0.6991s | Size: 16779000 bit
[2025-03-20 12:20:47,090] [INFO] Phase: PREPARE | Receiver: 30009 | Sender: 30011 | Distance:   85.58 m | Delay: 0.4661s | Size: 16778992 bit
[2025-03-20 12:20:47,108] [INFO] Phase: COMMIT | Receiver: 30009 | Sender: 30000 | Distance:  143.98 m | Delay: 0.6991s | Size: 16779000 bit
[2025-03-20 12:20:47,117] [INFO] Phase: PRE-REPLY | Receiver: 30006 | Sender: 30009 | Distance:  143.98 m | Delay: 0.6991s | Size: 16778160 bit
[2025-03-20 12:20:47,144] [INFO] Phase: COMMIT | Receiver: 30009 | Sender: 30003 | Distance:   55.55 m | Delay: 0.4661s | Size: 16778992 bit
[2025-03-20 12:20:47,152] [INFO] Phase: COMMIT | Receiver: 30009 | Sender: 30019 | Distance:   70.07 m | Delay: 0.4661s | Size: 16778992 bit
[2025-03-20 12:20:47,243] [INFO] Phase: COMMIT | Receiver: 30009 | Sender: 30015 | Distance:   27.63 m | Delay: 0.3107s | Size: 16778992 bit
[2025-03-20 12:20:47,243] [INFO] Phase: COMMIT | Receiver: 30009 | Sender: 30018 | Distance:   17.30 m | Delay: 0.3107s | Size: 16779000 bit
[2025-03-20 12:20:47,359] [INFO] Phase: COMMIT | Receiver: 30009 | Sender: 30033 | Distance:  103.22 m | Delay: 0.6991s | Size: 16779000 bit
[2025-03-20 12:20:47,373] [INFO] Phase: COMMIT | Receiver: 30009 | Sender: 30026 | Distance:  103.22 m | Delay: 0.6991s | Size: 16779000 bit
[2025-03-20 12:20:47,385] [INFO] Phase: COMMIT | Receiver: 30009 | Sender: 30011 | Distance:   85.58 m | Delay: 0.4661s | Size: 16778992 bit
[2025-03-20 12:20:49,738] [INFO] Phase: PRE-PREPARE | Receiver: 30009 | Sender: 30003 | Distance:   55.55 m | Delay: 0.4661s | Size: 16781112 bit
[2025-03-20 12:20:49,741] [INFO] Phase: PREPARE-BROADCAST | Receiver: ALL | Sender: 30009 | Distance:   55.55 m | Delay: 0.4661s | Size: 16778152 bit
[2025-03-20 12:20:50,113] [INFO] Phase: PREPARE | Receiver: 30009 | Sender: 30019 | Distance:   70.07 m | Delay: 0.4661s | Size: 16778992 bit
[2025-03-20 12:20:50,117] [INFO] Phase: COMMIT-BROADCAST | Receiver: ALL | Sender: 30009 | Distance:   70.07 m | Delay: 0.4661s | Size: 16778152 bit
[2025-03-20 12:20:50,363] [INFO] Phase: PREPARE | Receiver: 30009 | Sender: 30021 | Distance:  103.41 m | Delay: 0.6991s | Size: 16779000 bit
[2025-03-20 12:20:50,731] [INFO] Phase: PREPARE | Receiver: 30009 | Sender: 30015 | Distance:   27.63 m | Delay: 0.3107s | Size: 16778984 bit
[2025-03-20 12:20:50,765] [INFO] Phase: PREPARE | Receiver: 30009 | Sender: 30026 | Distance:  103.22 m | Delay: 0.6991s | Size: 16778992 bit
[2025-03-20 12:20:50,806] [INFO] Phase: PREPARE | Receiver: 30009 | Sender: 30018 | Distance:   17.30 m | Delay: 0.3107s | Size: 16779000 bit
[2025-03-20 12:20:50,850] [INFO] Phase: PREPARE | Receiver: 30009 | Sender: 30033 | Distance:  103.22 m | Delay: 0.6991s | Size: 16779000 bit
[2025-03-20 12:20:51,020] [INFO] Phase: PREPARE | Receiver: 30009 | Sender: 30000 | Distance:  143.98 m | Delay: 0.6991s | Size: 16778992 bit
[2025-03-20 12:20:51,182] [INFO] Phase: COMMIT | Receiver: 30009 | Sender: 30021 | Distance:  103.41 m | Delay: 0.6991s | Size: 16779000 bit
[2025-03-20 12:20:51,241] [INFO] Phase: PREPARE | Receiver: 30009 | Sender: 30011 | Distance:   85.58 m | Delay: 0.4661s | Size: 16778992 bit
[2025-03-20 12:20:51,281] [INFO] Phase: COMMIT | Receiver: 30009 | Sender: 30003 | Distance:   55.55 m | Delay: 0.4661s | Size: 16778992 bit
[2025-03-20 12:20:51,298] [INFO] Phase: PRE-REPLY | Receiver: 30006 | Sender: 30009 | Distance:   55.55 m | Delay: 0.4661s | Size: 16778160 bit
[2025-03-20 12:20:51,386] [INFO] Phase: COMMIT | Receiver: 30009 | Sender: 30019 | Distance:   70.07 m | Delay: 0.4661s | Size: 16778984 bit
[2025-03-20 12:20:51,435] [INFO] Phase: COMMIT | Receiver: 30009 | Sender: 30026 | Distance:  103.22 m | Delay: 0.6991s | Size: 16779000 bit
[2025-03-20 12:20:51,453] [INFO] Phase: COMMIT | Receiver: 30009 | Sender: 30015 | Distance:   27.63 m | Delay: 0.3107s | Size: 16778992 bit
[2025-03-20 12:20:51,473] [INFO] Phase: COMMIT | Receiver: 30009 | Sender: 30018 | Distance:   17.30 m | Delay: 0.3107s | Size: 16779000 bit
[2025-03-20 12:20:51,500] [INFO] Phase: COMMIT | Receiver: 30009 | Sender: 30033 | Distance:  103.22 m | Delay: 0.6991s | Size: 16779000 bit
[2025-03-20 12:20:51,524] [INFO] Phase: COMMIT | Receiver: 30009 | Sender: 30000 | Distance:  143.98 m | Delay: 0.6991s | Size: 16779000 bit
[2025-03-20 12:20:51,565] [INFO] Phase: COMMIT | Receiver: 30009 | Sender: 30011 | Distance:   85.58 m | Delay: 0.4661s | Size: 16778992 bit
[2025-03-20 12:20:57,699] [INFO] Phase: PRE-PREPARE | Receiver: 30009 | Sender: 30003 | Distance:   55.55 m | Delay: 0.4661s | Size: 16781112 bit
[2025-03-20 12:20:57,703] [INFO] Phase: PREPARE-BROADCAST | Receiver: ALL | Sender: 30009 | Distance:   55.55 m | Delay: 0.4661s | Size: 16778160 bit
[2025-03-20 12:20:58,066] [INFO] Phase: PREPARE | Receiver: 30009 | Sender: 30019 | Distance:   70.07 m | Delay: 0.4661s | Size: 16778992 bit
[2025-03-20 12:20:58,075] [INFO] Phase: COMMIT-BROADCAST | Receiver: ALL | Sender: 30009 | Distance:   70.07 m | Delay: 0.4661s | Size: 16778152 bit
[2025-03-20 12:20:58,279] [INFO] Phase: PREPARE | Receiver: 30009 | Sender: 30021 | Distance:  103.41 m | Delay: 0.6991s | Size: 16779000 bit
[2025-03-20 12:20:58,618] [INFO] Phase: PREPARE | Receiver: 30009 | Sender: 30000 | Distance:  143.98 m | Delay: 0.6991s | Size: 16778992 bit
[2025-03-20 12:20:58,799] [INFO] Phase: PREPARE | Receiver: 30009 | Sender: 30018 | Distance:   17.30 m | Delay: 0.3107s | Size: 16779000 bit
[2025-03-20 12:20:58,845] [INFO] Phase: PREPARE | Receiver: 30009 | Sender: 30015 | Distance:   27.63 m | Delay: 0.3107s | Size: 16778992 bit
[2025-03-20 12:20:58,873] [INFO] Phase: PREPARE | Receiver: 30009 | Sender: 30033 | Distance:  103.22 m | Delay: 0.6991s | Size: 16779000 bit
[2025-03-20 12:20:59,067] [INFO] Phase: PREPARE | Receiver: 30009 | Sender: 30026 | Distance:  103.22 m | Delay: 0.6991s | Size: 16779000 bit
[2025-03-20 12:20:59,212] [INFO] Phase: PREPARE | Receiver: 30009 | Sender: 30011 | Distance:   85.58 m | Delay: 0.4661s | Size: 16778992 bit
[2025-03-20 12:20:59,304] [INFO] Phase: COMMIT | Receiver: 30009 | Sender: 30003 | Distance:   55.55 m | Delay: 0.4661s | Size: 16778984 bit
[2025-03-20 12:20:59,337] [INFO] Phase: COMMIT | Receiver: 30009 | Sender: 30000 | Distance:  143.98 m | Delay: 0.6991s | Size: 16779000 bit
[2025-03-20 12:20:59,349] [INFO] Phase: PRE-REPLY | Receiver: 30006 | Sender: 30009 | Distance:  143.98 m | Delay: 0.6991s | Size: 16778160 bit
[2025-03-20 12:20:59,398] [INFO] Phase: COMMIT | Receiver: 30009 | Sender: 30019 | Distance:   70.07 m | Delay: 0.4661s | Size: 16778984 bit
[2025-03-20 12:20:59,434] [INFO] Phase: COMMIT | Receiver: 30009 | Sender: 30021 | Distance:  103.41 m | Delay: 0.6991s | Size: 16779000 bit
[2025-03-20 12:20:59,467] [INFO] Phase: COMMIT | Receiver: 30009 | Sender: 30018 | Distance:   17.30 m | Delay: 0.3107s | Size: 16779000 bit
[2025-03-20 12:20:59,496] [INFO] Phase: COMMIT | Receiver: 30009 | Sender: 30033 | Distance:  103.22 m | Delay: 0.6991s | Size: 16779000 bit
[2025-03-20 12:20:59,540] [INFO] Phase: COMMIT | Receiver: 30009 | Sender: 30011 | Distance:   85.58 m | Delay: 0.4661s | Size: 16778992 bit
[2025-03-20 12:20:59,577] [INFO] Phase: COMMIT | Receiver: 30009 | Sender: 30026 | Distance:  103.22 m | Delay: 0.6991s | Size: 16779000 bit
[2025-03-20 12:20:59,600] [INFO] Phase: COMMIT | Receiver: 30009 | Sender: 30015 | Distance:   27.63 m | Delay: 0.3107s | Size: 16778976 bit
[2025-03-20 12:21:05,701] [INFO] Phase: PRE-PREPARE | Receiver: 30009 | Sender: 30003 | Distance:   55.55 m | Delay: 0.4661s | Size: 16781112 bit
[2025-03-20 12:21:05,708] [INFO] Phase: PREPARE-BROADCAST | Receiver: ALL | Sender: 30009 | Distance:   55.55 m | Delay: 0.4661s | Size: 16778160 bit
[2025-03-20 12:21:06,077] [INFO] Phase: PREPARE | Receiver: 30009 | Sender: 30019 | Distance:   70.07 m | Delay: 0.4661s | Size: 16778984 bit
[2025-03-20 12:21:06,088] [INFO] Phase: COMMIT-BROADCAST | Receiver: ALL | Sender: 30009 | Distance:   70.07 m | Delay: 0.4661s | Size: 16778160 bit
[2025-03-20 12:21:06,292] [INFO] Phase: PREPARE | Receiver: 30009 | Sender: 30021 | Distance:  103.41 m | Delay: 0.6991s | Size: 16779000 bit
[2025-03-20 12:21:06,761] [INFO] Phase: PREPARE | Receiver: 30009 | Sender: 30015 | Distance:   27.63 m | Delay: 0.3107s | Size: 16778992 bit
[2025-03-20 12:21:06,801] [INFO] Phase: PREPARE | Receiver: 30009 | Sender: 30033 | Distance:  103.22 m | Delay: 0.6991s | Size: 16779000 bit
[2025-03-20 12:21:06,844] [INFO] Phase: PREPARE | Receiver: 30009 | Sender: 30026 | Distance:  103.22 m | Delay: 0.6991s | Size: 16779000 bit
[2025-03-20 12:21:06,885] [INFO] Phase: PREPARE | Receiver: 30009 | Sender: 30000 | Distance:  143.98 m | Delay: 0.6991s | Size: 16779000 bit
[2025-03-20 12:21:07,046] [INFO] Phase: PREPARE | Receiver: 30009 | Sender: 30018 | Distance:   17.30 m | Delay: 0.3107s | Size: 16779000 bit
[2025-03-20 12:21:07,246] [INFO] Phase: COMMIT | Receiver: 30009 | Sender: 30021 | Distance:  103.41 m | Delay: 0.6991s | Size: 16779000 bit
[2025-03-20 12:21:07,328] [INFO] Phase: PREPARE | Receiver: 30009 | Sender: 30011 | Distance:   85.58 m | Delay: 0.4661s | Size: 16778992 bit
[2025-03-20 12:21:07,400] [INFO] Phase: COMMIT | Receiver: 30009 | Sender: 30015 | Distance:   27.63 m | Delay: 0.3107s | Size: 16778968 bit
[2025-03-20 12:21:07,413] [INFO] Phase: PRE-REPLY | Receiver: 30006 | Sender: 30009 | Distance:   27.63 m | Delay: 0.3107s | Size: 16778152 bit
[2025-03-20 12:21:07,459] [INFO] Phase: COMMIT | Receiver: 30009 | Sender: 30026 | Distance:  103.22 m | Delay: 0.6991s | Size: 16778992 bit
[2025-03-20 12:21:07,478] [INFO] Phase: COMMIT | Receiver: 30009 | Sender: 30003 | Distance:   55.55 m | Delay: 0.4661s | Size: 16778992 bit
[2025-03-20 12:21:07,492] [INFO] Phase: COMMIT | Receiver: 30009 | Sender: 30033 | Distance:  103.22 m | Delay: 0.6991s | Size: 16779000 bit
[2025-03-20 12:21:07,525] [INFO] Phase: COMMIT | Receiver: 30009 | Sender: 30019 | Distance:   70.07 m | Delay: 0.4661s | Size: 16778992 bit
[2025-03-20 12:21:07,560] [INFO] Phase: COMMIT | Receiver: 30009 | Sender: 30000 | Distance:  143.98 m | Delay: 0.6991s | Size: 16779000 bit
[2025-03-20 12:21:07,587] [INFO] Phase: COMMIT | Receiver: 30009 | Sender: 30011 | Distance:   85.58 m | Delay: 0.4661s | Size: 16778992 bit
[2025-03-20 12:21:07,616] [INFO] Phase: COMMIT | Receiver: 30009 | Sender: 30018 | Distance:   17.30 m | Delay: 0.3107s | Size: 16778992 bit
[2025-03-20 12:37:27,112] [INFO] Node started: localhost:30009 | index= 10 | f=1, k=4
[2025-03-20 12:37:53,338] [INFO] Phase: PRE-PREPARE | Receiver: 30009 | Sender: 30015 | Distance:   61.46 m | Delay: 0.4662s | Size: 16782240 bit
[2025-03-20 12:37:53,342] [INFO] Phase: PREPARE-BROADCAST | Receiver: ALL | Sender: 30009 | Distance:   61.46 m | Delay: 0.4662s | Size: 16778160 bit
[2025-03-20 12:37:54,034] [INFO] Phase: PREPARE | Receiver: 30009 | Sender: 30039 | Distance:   64.18 m | Delay: 0.4661s | Size: 16778992 bit
[2025-03-20 12:37:54,046] [INFO] Phase: COMMIT-BROADCAST | Receiver: ALL | Sender: 30009 | Distance:   64.18 m | Delay: 0.4661s | Size: 16778152 bit
[2025-03-20 12:37:55,598] [INFO] Phase: PREPARE | Receiver: 30009 | Sender: 30093 | Distance:   43.40 m | Delay: 0.3107s | Size: 16778992 bit
[2025-03-20 12:37:55,657] [INFO] Phase: PREPARE | Receiver: 30009 | Sender: 30094 | Distance:   42.30 m | Delay: 0.3107s | Size: 16778992 bit
[2025-03-20 12:37:55,736] [INFO] Phase: PREPARE | Receiver: 30009 | Sender: 30054 | Distance:   45.15 m | Delay: 0.3107s | Size: 16778992 bit
[2025-03-20 12:37:56,225] [INFO] Phase: PREPARE | Receiver: 30009 | Sender: 30020 | Distance:   34.07 m | Delay: 0.3107s | Size: 16779000 bit
[2025-03-20 12:37:56,779] [INFO] Phase: PREPARE | Receiver: 30009 | Sender: 30099 | Distance:   88.80 m | Delay: 0.4661s | Size: 16778984 bit
[2025-03-20 12:37:57,026] [INFO] Phase: PREPARE | Receiver: 30009 | Sender: 30078 | Distance:   76.87 m | Delay: 0.4661s | Size: 16778992 bit
[2025-03-20 12:37:57,287] [INFO] Phase: PREPARE | Receiver: 30009 | Sender: 30059 | Distance:   47.73 m | Delay: 0.3107s | Size: 16779000 bit
[2025-03-20 12:37:57,317] [INFO] Phase: PREPARE | Receiver: 30009 | Sender: 30088 | Distance:  102.65 m | Delay: 0.6991s | Size: 16779000 bit
[2025-03-20 12:37:57,388] [INFO] Phase: COMMIT | Receiver: 30009 | Sender: 30059 | Distance:   47.73 m | Delay: 0.3107s | Size: 16779000 bit
[2025-03-20 12:37:57,435] [INFO] Phase: COMMIT | Receiver: 30009 | Sender: 30015 | Distance:   61.46 m | Delay: 0.4661s | Size: 16778992 bit
[2025-03-20 12:37:57,449] [INFO] Phase: PRE-REPLY | Receiver: 30022 | Sender: 30009 | Distance:   61.46 m | Delay: 0.4661s | Size: 16778160 bit
[2025-03-20 12:37:57,708] [INFO] Phase: COMMIT | Receiver: 30009 | Sender: 30060 | Distance:   93.38 m | Delay: 0.4661s | Size: 16778984 bit
[2025-03-20 12:37:57,744] [INFO] Phase: PREPARE | Receiver: 30009 | Sender: 30060 | Distance:   93.38 m | Delay: 0.4661s | Size: 16778992 bit
[2025-03-20 12:37:57,872] [INFO] Phase: PREPARE | Receiver: 30009 | Sender: 30118 | Distance:  147.03 m | Delay: 0.6991s | Size: 16778992 bit
[2025-03-20 12:37:57,920] [INFO] Phase: COMMIT | Receiver: 30009 | Sender: 30039 | Distance:   64.18 m | Delay: 0.4661s | Size: 16778992 bit
[2025-03-20 12:37:57,993] [INFO] Phase: PREPARE | Receiver: 30009 | Sender: 30114 | Distance:  147.03 m | Delay: 0.6991s | Size: 16778992 bit
[2025-03-20 12:37:58,064] [INFO] Phase: COMMIT | Receiver: 30009 | Sender: 30020 | Distance:   34.07 m | Delay: 0.3107s | Size: 16779000 bit
[2025-03-20 12:37:58,093] [INFO] Phase: COMMIT | Receiver: 30009 | Sender: 30093 | Distance:   43.40 m | Delay: 0.3107s | Size: 16778992 bit
[2025-03-20 12:37:58,123] [INFO] Phase: COMMIT | Receiver: 30009 | Sender: 30094 | Distance:   42.30 m | Delay: 0.3107s | Size: 16778992 bit
[2025-03-20 12:37:58,154] [INFO] Phase: COMMIT | Receiver: 30009 | Sender: 30114 | Distance:  147.03 m | Delay: 0.6991s | Size: 16779000 bit
[2025-03-20 12:37:58,182] [INFO] Phase: COMMIT | Receiver: 30009 | Sender: 30118 | Distance:  147.03 m | Delay: 0.6991s | Size: 16779000 bit
[2025-03-20 12:37:58,215] [INFO] Phase: PREPARE | Receiver: 30009 | Sender: 30001 | Distance:   52.29 m | Delay: 0.4661s | Size: 16778992 bit
[2025-03-20 12:37:58,243] [INFO] Phase: PREPARE | Receiver: 30009 | Sender: 30110 | Distance:  146.25 m | Delay: 0.6991s | Size: 16779000 bit
[2025-03-20 12:37:58,364] [INFO] Phase: PREPARE | Receiver: 30009 | Sender: 30032 | Distance:  119.36 m | Delay: 0.6991s | Size: 16779000 bit
[2025-03-20 12:37:58,388] [INFO] Phase: PREPARE | Receiver: 30009 | Sender: 30045 | Distance:  130.31 m | Delay: 0.6991s | Size: 16778992 bit
[2025-03-20 12:37:58,415] [INFO] Phase: PREPARE | Receiver: 30009 | Sender: 30062 | Distance:  162.73 m | Delay: 0.9322s | Size: 16779000 bit
[2025-03-20 12:37:58,494] [INFO] Phase: COMMIT | Receiver: 30009 | Sender: 30001 | Distance:   52.29 m | Delay: 0.4661s | Size: 16778992 bit
[2025-03-20 12:37:58,526] [INFO] Phase: COMMIT | Receiver: 30009 | Sender: 30088 | Distance:  102.65 m | Delay: 0.6991s | Size: 16779000 bit
[2025-03-20 12:37:58,550] [INFO] Phase: COMMIT | Receiver: 30009 | Sender: 30018 | Distance:  126.98 m | Delay: 0.6991s | Size: 16778992 bit
[2025-03-20 12:37:58,591] [INFO] Phase: COMMIT | Receiver: 30009 | Sender: 30042 | Distance:  117.24 m | Delay: 0.6991s | Size: 16778992 bit
[2025-03-20 12:37:58,615] [INFO] Phase: COMMIT | Receiver: 30009 | Sender: 30032 | Distance:  119.36 m | Delay: 0.6991s | Size: 16779000 bit
[2025-03-20 12:37:58,641] [INFO] Phase: COMMIT | Receiver: 30009 | Sender: 30045 | Distance:  130.31 m | Delay: 0.6991s | Size: 16778992 bit
[2025-03-20 12:37:58,666] [INFO] Phase: PREPARE | Receiver: 30009 | Sender: 30018 | Distance:  126.98 m | Delay: 0.6991s | Size: 16779000 bit
[2025-03-20 12:37:58,692] [INFO] Phase: PREPARE | Receiver: 30009 | Sender: 30042 | Distance:  117.24 m | Delay: 0.6991s | Size: 16779000 bit
[2025-03-20 12:37:58,724] [INFO] Phase: PREPARE | Receiver: 30009 | Sender: 30111 | Distance:   33.82 m | Delay: 0.3107s | Size: 16778992 bit
[2025-03-20 12:37:58,753] [INFO] Phase: COMMIT | Receiver: 30009 | Sender: 30054 | Distance:   45.15 m | Delay: 0.3107s | Size: 16778992 bit
[2025-03-20 12:37:58,777] [INFO] Phase: COMMIT | Receiver: 30009 | Sender: 30111 | Distance:   33.82 m | Delay: 0.3107s | Size: 16778992 bit
[2025-03-20 12:37:58,828] [INFO] Phase: COMMIT | Receiver: 30009 | Sender: 30099 | Distance:   88.80 m | Delay: 0.4661s | Size: 16778984 bit
[2025-03-20 12:37:58,852] [INFO] Phase: COMMIT | Receiver: 30009 | Sender: 30043 | Distance:  157.03 m | Delay: 0.9322s | Size: 16778992 bit
[2025-03-20 12:37:58,880] [INFO] Phase: PREPARE | Receiver: 30009 | Sender: 30043 | Distance:  157.03 m | Delay: 0.9322s | Size: 16778992 bit
[2025-03-20 12:37:58,955] [INFO] Phase: COMMIT | Receiver: 30009 | Sender: 30064 | Distance:  102.37 m | Delay: 0.6991s | Size: 16778984 bit
[2025-03-20 12:37:58,981] [INFO] Phase: PREPARE | Receiver: 30009 | Sender: 30006 | Distance:   99.73 m | Delay: 0.4661s | Size: 16778992 bit
[2025-03-20 12:37:59,006] [INFO] Phase: COMMIT | Receiver: 30009 | Sender: 30008 | Distance:  151.31 m | Delay: 0.9322s | Size: 16778992 bit
[2025-03-20 12:37:59,031] [INFO] Phase: COMMIT | Receiver: 30009 | Sender: 30052 | Distance:   86.28 m | Delay: 0.4661s | Size: 16778984 bit
[2025-03-20 12:37:59,057] [INFO] Phase: COMMIT | Receiver: 30009 | Sender: 30006 | Distance:   99.73 m | Delay: 0.4661s | Size: 16778992 bit
[2025-03-20 12:37:59,085] [INFO] Phase: PREPARE | Receiver: 30009 | Sender: 30047 | Distance:  104.81 m | Delay: 0.6991s | Size: 16778992 bit
[2025-03-20 12:37:59,110] [INFO] Phase: PREPARE | Receiver: 30009 | Sender: 30052 | Distance:   86.28 m | Delay: 0.4661s | Size: 16778992 bit
[2025-03-20 12:37:59,135] [INFO] Phase: PREPARE | Receiver: 30009 | Sender: 30064 | Distance:  102.37 m | Delay: 0.6991s | Size: 16779000 bit
[2025-03-20 12:37:59,164] [INFO] Phase: PREPARE | Receiver: 30009 | Sender: 30008 | Distance:  151.31 m | Delay: 0.9322s | Size: 16778992 bit
[2025-03-20 12:37:59,198] [INFO] Phase: COMMIT | Receiver: 30009 | Sender: 30047 | Distance:  104.81 m | Delay: 0.6991s | Size: 16779000 bit
[2025-03-20 12:37:59,247] [INFO] Phase: COMMIT | Receiver: 30009 | Sender: 30037 | Distance:  170.57 m | Delay: 0.9322s | Size: 16778992 bit
[2025-03-20 12:37:59,282] [INFO] Phase: COMMIT | Receiver: 30009 | Sender: 30078 | Distance:   76.87 m | Delay: 0.4661s | Size: 16778992 bit
[2025-03-20 12:37:59,316] [INFO] Phase: PREPARE | Receiver: 30009 | Sender: 30037 | Distance:  170.57 m | Delay: 0.9322s | Size: 16778992 bit
[2025-03-20 12:37:59,363] [INFO] Phase: PREPARE | Receiver: 30009 | Sender: 30010 | Distance:  155.18 m | Delay: 0.9322s | Size: 16779000 bit
[2025-03-20 12:37:59,391] [INFO] Phase: COMMIT | Receiver: 30009 | Sender: 30010 | Distance:  155.18 m | Delay: 0.9322s | Size: 16779000 bit
[2025-03-20 12:37:59,458] [INFO] Phase: COMMIT | Receiver: 30009 | Sender: 30110 | Distance:  146.25 m | Delay: 0.6991s | Size: 16778992 bit
[2025-03-20 12:37:59,486] [INFO] Phase: COMMIT | Receiver: 30009 | Sender: 30062 | Distance:  162.73 m | Delay: 0.9322s | Size: 16779000 bit
[2025-03-20 12:38:01,551] [INFO] Phase: PRE-PREPARE | Receiver: 30009 | Sender: 30015 | Distance:   61.46 m | Delay: 0.4662s | Size: 16782240 bit
[2025-03-20 12:38:01,555] [INFO] Phase: PREPARE-BROADCAST | Receiver: ALL | Sender: 30009 | Distance:   61.46 m | Delay: 0.4662s | Size: 16778152 bit
[2025-03-20 12:38:06,324] [INFO] Phase: PREPARE | Receiver: 30009 | Sender: 30039 | Distance:   64.18 m | Delay: 0.4661s | Size: 16778984 bit
[2025-03-20 12:38:06,334] [INFO] Phase: COMMIT-BROADCAST | Receiver: ALL | Sender: 30009 | Distance:   64.18 m | Delay: 0.4661s | Size: 16778152 bit
[2025-03-20 12:38:06,963] [INFO] Phase: PREPARE | Receiver: 30009 | Sender: 30059 | Distance:   47.73 m | Delay: 0.3107s | Size: 16779000 bit
[2025-03-20 12:38:06,997] [INFO] Phase: PREPARE | Receiver: 30009 | Sender: 30020 | Distance:   34.07 m | Delay: 0.3107s | Size: 16778992 bit
[2025-03-20 12:38:07,021] [INFO] Phase: PREPARE | Receiver: 30009 | Sender: 30093 | Distance:   43.40 m | Delay: 0.3107s | Size: 16778992 bit
[2025-03-20 12:38:07,044] [INFO] Phase: PREPARE | Receiver: 30009 | Sender: 30094 | Distance:   42.30 m | Delay: 0.3107s | Size: 16778992 bit
[2025-03-20 12:38:07,118] [INFO] Phase: PREPARE | Receiver: 30009 | Sender: 30001 | Distance:   52.29 m | Delay: 0.4661s | Size: 16778992 bit
[2025-03-20 12:38:07,149] [INFO] Phase: PREPARE | Receiver: 30009 | Sender: 30054 | Distance:   45.15 m | Delay: 0.3107s | Size: 16778992 bit
[2025-03-20 12:38:07,311] [INFO] Phase: PREPARE | Receiver: 30009 | Sender: 30088 | Distance:  102.65 m | Delay: 0.6991s | Size: 16779000 bit
[2025-03-20 12:38:07,390] [INFO] Phase: COMMIT | Receiver: 30009 | Sender: 30039 | Distance:   64.18 m | Delay: 0.4661s | Size: 16778992 bit
[2025-03-20 12:38:07,428] [INFO] Phase: PREPARE | Receiver: 30009 | Sender: 30099 | Distance:   88.80 m | Delay: 0.4661s | Size: 16778992 bit
[2025-03-20 12:38:07,457] [INFO] Phase: PREPARE | Receiver: 30009 | Sender: 30042 | Distance:  117.24 m | Delay: 0.6991s | Size: 16779000 bit
[2025-03-20 12:38:07,517] [INFO] Phase: COMMIT | Receiver: 30009 | Sender: 30015 | Distance:   61.46 m | Delay: 0.4661s | Size: 16778992 bit
[2025-03-20 12:38:07,538] [INFO] Phase: PRE-REPLY | Receiver: 30022 | Sender: 30009 | Distance:   61.46 m | Delay: 0.4661s | Size: 16778160 bit
[2025-03-20 12:38:07,590] [INFO] Phase: PREPARE | Receiver: 30009 | Sender: 30111 | Distance:   33.82 m | Delay: 0.3107s | Size: 16778992 bit
[2025-03-20 12:38:07,621] [INFO] Phase: COMMIT | Receiver: 30009 | Sender: 30018 | Distance:  126.98 m | Delay: 0.6991s | Size: 16779000 bit
[2025-03-20 12:38:07,663] [INFO] Phase: PREPARE | Receiver: 30009 | Sender: 30078 | Distance:   76.87 m | Delay: 0.4661s | Size: 16778984 bit
[2025-03-20 12:38:07,692] [INFO] Phase: PREPARE | Receiver: 30009 | Sender: 30114 | Distance:  147.03 m | Delay: 0.6991s | Size: 16779000 bit
[2025-03-20 12:38:07,724] [INFO] Phase: PREPARE | Receiver: 30009 | Sender: 30060 | Distance:   93.38 m | Delay: 0.4661s | Size: 16778992 bit
[2025-03-20 12:38:07,749] [INFO] Phase: PREPARE | Receiver: 30009 | Sender: 30052 | Distance:   86.28 m | Delay: 0.4661s | Size: 16778992 bit
[2025-03-20 12:38:08,052] [INFO] Phase: PREPARE | Receiver: 30009 | Sender: 30006 | Distance:   99.73 m | Delay: 0.4661s | Size: 16778992 bit
[2025-03-20 12:38:08,310] [INFO] Phase: PREPARE | Receiver: 30009 | Sender: 30032 | Distance:  119.36 m | Delay: 0.6991s | Size: 16779000 bit
[2025-03-20 12:38:08,447] [INFO] Phase: PREPARE | Receiver: 30009 | Sender: 30045 | Distance:  130.31 m | Delay: 0.6991s | Size: 16778984 bit
[2025-03-20 12:38:08,486] [INFO] Phase: COMMIT | Receiver: 30009 | Sender: 30060 | Distance:   93.38 m | Delay: 0.4661s | Size: 16778984 bit
[2025-03-20 12:38:08,518] [INFO] Phase: PREPARE | Receiver: 30009 | Sender: 30018 | Distance:  126.98 m | Delay: 0.6991s | Size: 16779000 bit
[2025-03-20 12:38:08,559] [INFO] Phase: PREPARE | Receiver: 30009 | Sender: 30064 | Distance:  102.37 m | Delay: 0.6991s | Size: 16779000 bit
[2025-03-20 12:38:08,601] [INFO] Phase: PREPARE | Receiver: 30009 | Sender: 30008 | Distance:  151.31 m | Delay: 0.9322s | Size: 16779000 bit
[2025-03-20 12:38:09,354] [INFO] Phase: COMMIT | Receiver: 30009 | Sender: 30064 | Distance:  102.37 m | Delay: 0.6991s | Size: 16778992 bit
[2025-03-20 12:38:09,646] [INFO] Phase: COMMIT | Receiver: 30009 | Sender: 30054 | Distance:   45.15 m | Delay: 0.3107s | Size: 16778992 bit
[2025-03-20 12:38:09,689] [INFO] Phase: COMMIT | Receiver: 30009 | Sender: 30008 | Distance:  151.31 m | Delay: 0.9322s | Size: 16779000 bit
[2025-03-20 12:38:09,723] [INFO] Phase: COMMIT | Receiver: 30009 | Sender: 30088 | Distance:  102.65 m | Delay: 0.6991s | Size: 16779000 bit
[2025-03-20 12:38:09,772] [INFO] Phase: COMMIT | Receiver: 30009 | Sender: 30042 | Distance:  117.24 m | Delay: 0.6991s | Size: 16778984 bit
[2025-03-20 12:38:09,814] [INFO] Phase: PREPARE | Receiver: 30009 | Sender: 30110 | Distance:  146.25 m | Delay: 0.6991s | Size: 16779000 bit
[2025-03-20 12:38:09,853] [INFO] Phase: COMMIT | Receiver: 30009 | Sender: 30093 | Distance:   43.40 m | Delay: 0.3107s | Size: 16778992 bit
[2025-03-20 12:38:09,889] [INFO] Phase: COMMIT | Receiver: 30009 | Sender: 30111 | Distance:   33.82 m | Delay: 0.3107s | Size: 16778992 bit
[2025-03-20 12:38:09,930] [INFO] Phase: COMMIT | Receiver: 30009 | Sender: 30059 | Distance:   47.73 m | Delay: 0.3107s | Size: 16778992 bit
[2025-03-20 12:38:09,966] [INFO] Phase: COMMIT | Receiver: 30009 | Sender: 30094 | Distance:   42.30 m | Delay: 0.3107s | Size: 16778992 bit
[2025-03-20 12:38:10,055] [INFO] Phase: COMMIT | Receiver: 30009 | Sender: 30032 | Distance:  119.36 m | Delay: 0.6991s | Size: 16779000 bit
[2025-03-20 12:38:10,088] [INFO] Phase: COMMIT | Receiver: 30009 | Sender: 30006 | Distance:   99.73 m | Delay: 0.4661s | Size: 16778984 bit
[2025-03-20 12:38:10,118] [INFO] Phase: COMMIT | Receiver: 30009 | Sender: 30099 | Distance:   88.80 m | Delay: 0.4661s | Size: 16778992 bit
[2025-03-20 12:38:10,149] [INFO] Phase: COMMIT | Receiver: 30009 | Sender: 30078 | Distance:   76.87 m | Delay: 0.4661s | Size: 16778984 bit
[2025-03-20 12:38:10,181] [INFO] Phase: COMMIT | Receiver: 30009 | Sender: 30114 | Distance:  147.03 m | Delay: 0.6991s | Size: 16779000 bit
[2025-03-20 12:38:10,217] [INFO] Phase: PREPARE | Receiver: 30009 | Sender: 30062 | Distance:  162.73 m | Delay: 0.9322s | Size: 16779000 bit
[2025-03-20 12:38:10,252] [INFO] Phase: COMMIT | Receiver: 30009 | Sender: 30001 | Distance:   52.29 m | Delay: 0.4661s | Size: 16778992 bit
[2025-03-20 12:38:10,294] [INFO] Phase: COMMIT | Receiver: 30009 | Sender: 30110 | Distance:  146.25 m | Delay: 0.6991s | Size: 16778992 bit
[2025-03-20 12:38:10,331] [INFO] Phase: COMMIT | Receiver: 30009 | Sender: 30052 | Distance:   86.28 m | Delay: 0.4661s | Size: 16778992 bit
[2025-03-20 12:38:10,501] [INFO] Phase: COMMIT | Receiver: 30009 | Sender: 30045 | Distance:  130.31 m | Delay: 0.6991s | Size: 16778992 bit
[2025-03-20 12:38:10,534] [INFO] Phase: COMMIT | Receiver: 30009 | Sender: 30062 | Distance:  162.73 m | Delay: 0.9322s | Size: 16779000 bit
[2025-03-20 12:38:10,572] [INFO] Phase: PREPARE | Receiver: 30009 | Sender: 30118 | Distance:  147.03 m | Delay: 0.6991s | Size: 16779000 bit
[2025-03-20 12:38:10,710] [INFO] Phase: PREPARE | Receiver: 30009 | Sender: 30043 | Distance:  157.03 m | Delay: 0.9322s | Size: 16779000 bit
[2025-03-20 12:38:10,752] [INFO] Phase: PREPARE | Receiver: 30009 | Sender: 30047 | Distance:  104.81 m | Delay: 0.6991s | Size: 16779000 bit
[2025-03-20 12:38:10,823] [INFO] Phase: PREPARE | Receiver: 30009 | Sender: 30037 | Distance:  170.57 m | Delay: 0.9322s | Size: 16778992 bit
[2025-03-20 12:38:10,859] [INFO] Phase: PREPARE | Receiver: 30009 | Sender: 30010 | Distance:  155.18 m | Delay: 0.9322s | Size: 16779000 bit
[2025-03-20 12:38:10,894] [INFO] Phase: COMMIT | Receiver: 30009 | Sender: 30118 | Distance:  147.03 m | Delay: 0.6991s | Size: 16778992 bit
[2025-03-20 12:38:10,950] [INFO] Phase: COMMIT | Receiver: 30009 | Sender: 30043 | Distance:  157.03 m | Delay: 0.9322s | Size: 16779000 bit
[2025-03-20 12:38:11,715] [INFO] Phase: COMMIT | Receiver: 30009 | Sender: 30020 | Distance:   34.07 m | Delay: 0.3107s | Size: 16779000 bit
[2025-03-20 12:38:12,289] [INFO] Phase: COMMIT | Receiver: 30009 | Sender: 30047 | Distance:  104.81 m | Delay: 0.6991s | Size: 16779000 bit
[2025-03-20 12:38:12,842] [INFO] Phase: COMMIT | Receiver: 30009 | Sender: 30010 | Distance:  155.18 m | Delay: 0.9322s | Size: 16779000 bit
[2025-03-20 12:38:13,363] [INFO] Phase: COMMIT | Receiver: 30009 | Sender: 30037 | Distance:  170.57 m | Delay: 0.9322s | Size: 16778984 bit
[2025-03-20 12:38:26,587] [INFO] Phase: PRE-PREPARE | Receiver: 30009 | Sender: 30015 | Distance:   61.46 m | Delay: 0.4662s | Size: 16782232 bit
[2025-03-20 12:38:26,590] [INFO] Phase: PREPARE-BROADCAST | Receiver: ALL | Sender: 30009 | Distance:   61.46 m | Delay: 0.4662s | Size: 16778160 bit
[2025-03-20 12:38:34,023] [INFO] Phase: PREPARE | Receiver: 30009 | Sender: 30039 | Distance:   64.18 m | Delay: 0.4661s | Size: 16778992 bit
[2025-03-20 12:38:34,203] [INFO] Phase: COMMIT-BROADCAST | Receiver: ALL | Sender: 30009 | Distance:   64.18 m | Delay: 0.4661s | Size: 16778160 bit
[2025-03-20 12:38:43,799] [INFO] Phase: PREPARE | Receiver: 30009 | Sender: 30020 | Distance:   34.07 m | Delay: 0.3107s | Size: 16779000 bit
[2025-03-20 12:38:44,219] [INFO] Phase: PREPARE | Receiver: 30009 | Sender: 30047 | Distance:  104.81 m | Delay: 0.6991s | Size: 16778992 bit
[2025-03-20 12:38:44,986] [INFO] Phase: PREPARE | Receiver: 30009 | Sender: 30060 | Distance:   93.38 m | Delay: 0.4661s | Size: 16778992 bit
[2025-03-20 12:38:45,345] [INFO] Phase: PREPARE | Receiver: 30009 | Sender: 30094 | Distance:   42.30 m | Delay: 0.3107s | Size: 16778992 bit
[2025-03-20 12:38:45,416] [INFO] Phase: PREPARE | Receiver: 30009 | Sender: 30093 | Distance:   43.40 m | Delay: 0.3107s | Size: 16778992 bit
[2025-03-20 12:38:45,496] [INFO] Phase: PREPARE | Receiver: 30009 | Sender: 30118 | Distance:  147.03 m | Delay: 0.6991s | Size: 16778984 bit
[2025-03-20 12:38:45,616] [INFO] Phase: PREPARE | Receiver: 30009 | Sender: 30018 | Distance:  126.98 m | Delay: 0.6991s | Size: 16779000 bit
[2025-03-20 12:38:45,653] [INFO] Phase: PREPARE | Receiver: 30009 | Sender: 30052 | Distance:   86.28 m | Delay: 0.4661s | Size: 16778992 bit
[2025-03-20 12:38:45,691] [INFO] Phase: PREPARE | Receiver: 30009 | Sender: 30001 | Distance:   52.29 m | Delay: 0.4661s | Size: 16778992 bit
[2025-03-20 12:38:45,720] [INFO] Phase: PREPARE | Receiver: 30009 | Sender: 30010 | Distance:  155.18 m | Delay: 0.9322s | Size: 16778992 bit
[2025-03-20 12:38:45,756] [INFO] Phase: PREPARE | Receiver: 30009 | Sender: 30008 | Distance:  151.31 m | Delay: 0.9322s | Size: 16779000 bit
[2025-03-20 12:38:45,793] [INFO] Phase: PREPARE | Receiver: 30009 | Sender: 30111 | Distance:   33.82 m | Delay: 0.3107s | Size: 16778992 bit
[2025-03-20 12:38:45,823] [INFO] Phase: COMMIT | Receiver: 30009 | Sender: 30015 | Distance:   61.46 m | Delay: 0.4661s | Size: 16778992 bit
[2025-03-20 12:38:45,847] [INFO] Phase: PREPARE | Receiver: 30009 | Sender: 30059 | Distance:   47.73 m | Delay: 0.3107s | Size: 16779000 bit
[2025-03-20 12:38:45,865] [INFO] Phase: PREPARE | Receiver: 30009 | Sender: 30064 | Distance:  102.37 m | Delay: 0.6991s | Size: 16779000 bit
[2025-03-20 12:38:45,885] [INFO] Phase: PREPARE | Receiver: 30009 | Sender: 30045 | Distance:  130.31 m | Delay: 0.6991s | Size: 16778992 bit
[2025-03-20 12:38:45,904] [INFO] Phase: PREPARE | Receiver: 30009 | Sender: 30078 | Distance:   76.87 m | Delay: 0.4661s | Size: 16778984 bit
[2025-03-20 12:38:45,930] [INFO] Phase: PREPARE | Receiver: 30009 | Sender: 30099 | Distance:   88.80 m | Delay: 0.4661s | Size: 16778992 bit
[2025-03-20 12:38:45,958] [INFO] Phase: PREPARE | Receiver: 30009 | Sender: 30037 | Distance:  170.57 m | Delay: 0.9322s | Size: 16778992 bit
[2025-03-20 12:38:45,974] [INFO] Phase: PREPARE | Receiver: 30009 | Sender: 30088 | Distance:  102.65 m | Delay: 0.6991s | Size: 16779000 bit
[2025-03-20 12:38:45,990] [INFO] Phase: PREPARE | Receiver: 30009 | Sender: 30114 | Distance:  147.03 m | Delay: 0.6991s | Size: 16779000 bit
[2025-03-20 12:38:46,006] [INFO] Phase: PREPARE | Receiver: 30009 | Sender: 30032 | Distance:  119.36 m | Delay: 0.6991s | Size: 16779000 bit
[2025-03-20 12:38:46,022] [INFO] Phase: PREPARE | Receiver: 30009 | Sender: 30043 | Distance:  157.03 m | Delay: 0.9322s | Size: 16779000 bit
[2025-03-20 12:38:46,070] [INFO] Phase: COMMIT | Receiver: 30009 | Sender: 30047 | Distance:  104.81 m | Delay: 0.6991s | Size: 16778992 bit
[2025-03-20 12:38:46,070] [INFO] Phase: PRE-REPLY | Receiver: 30022 | Sender: 30009 | Distance:  104.81 m | Delay: 0.6991s | Size: 16778160 bit
[2025-03-20 12:38:46,113] [INFO] Phase: COMMIT | Receiver: 30009 | Sender: 30020 | Distance:   34.07 m | Delay: 0.3107s | Size: 16779000 bit
[2025-03-20 12:38:46,131] [INFO] Phase: COMMIT | Receiver: 30009 | Sender: 30088 | Distance:  102.65 m | Delay: 0.6991s | Size: 16779000 bit
[2025-03-20 12:38:46,137] [INFO] Phase: COMMIT | Receiver: 30009 | Sender: 30118 | Distance:  147.03 m | Delay: 0.6991s | Size: 16779000 bit
[2025-03-20 12:38:46,149] [INFO] Phase: COMMIT | Receiver: 30009 | Sender: 30093 | Distance:   43.40 m | Delay: 0.3107s | Size: 16778992 bit
[2025-03-20 12:38:46,177] [INFO] Phase: COMMIT | Receiver: 30009 | Sender: 30059 | Distance:   47.73 m | Delay: 0.3107s | Size: 16778992 bit
[2025-03-20 12:38:46,198] [INFO] Phase: COMMIT | Receiver: 30009 | Sender: 30010 | Distance:  155.18 m | Delay: 0.9322s | Size: 16779000 bit
[2025-03-20 12:38:46,221] [INFO] Phase: PREPARE | Receiver: 30009 | Sender: 30054 | Distance:   45.15 m | Delay: 0.3107s | Size: 16778992 bit
[2025-03-20 12:38:46,247] [INFO] Phase: PREPARE | Receiver: 30009 | Sender: 30042 | Distance:  117.24 m | Delay: 0.6991s | Size: 16779000 bit
[2025-03-20 12:38:46,260] [INFO] Phase: PREPARE | Receiver: 30009 | Sender: 30062 | Distance:  162.73 m | Delay: 0.9322s | Size: 16779000 bit
[2025-03-20 12:38:46,276] [INFO] Phase: PREPARE | Receiver: 30009 | Sender: 30110 | Distance:  146.25 m | Delay: 0.6991s | Size: 16779000 bit
[2025-03-20 12:38:46,291] [INFO] Phase: COMMIT | Receiver: 30009 | Sender: 30054 | Distance:   45.15 m | Delay: 0.3107s | Size: 16778984 bit
[2025-03-20 12:38:46,307] [INFO] Phase: COMMIT | Receiver: 30009 | Sender: 30001 | Distance:   52.29 m | Delay: 0.4661s | Size: 16778992 bit
[2025-03-20 12:38:46,323] [INFO] Phase: COMMIT | Receiver: 30009 | Sender: 30060 | Distance:   93.38 m | Delay: 0.4661s | Size: 16778992 bit
[2025-03-20 12:38:46,345] [INFO] Phase: COMMIT | Receiver: 30009 | Sender: 30043 | Distance:  157.03 m | Delay: 0.9322s | Size: 16779000 bit
[2025-03-20 12:38:46,355] [INFO] Phase: COMMIT | Receiver: 30009 | Sender: 30064 | Distance:  102.37 m | Delay: 0.6991s | Size: 16779000 bit
[2025-03-20 12:38:46,365] [INFO] Phase: COMMIT | Receiver: 30009 | Sender: 30008 | Distance:  151.31 m | Delay: 0.9322s | Size: 16778992 bit
[2025-03-20 12:38:46,380] [INFO] Phase: COMMIT | Receiver: 30009 | Sender: 30094 | Distance:   42.30 m | Delay: 0.3107s | Size: 16778992 bit
[2025-03-20 12:38:46,394] [INFO] Phase: COMMIT | Receiver: 30009 | Sender: 30045 | Distance:  130.31 m | Delay: 0.6991s | Size: 16778992 bit
[2025-03-20 12:38:46,408] [INFO] Phase: COMMIT | Receiver: 30009 | Sender: 30032 | Distance:  119.36 m | Delay: 0.6991s | Size: 16779000 bit
[2025-03-20 12:38:46,420] [INFO] Phase: COMMIT | Receiver: 30009 | Sender: 30042 | Distance:  117.24 m | Delay: 0.6991s | Size: 16779000 bit
[2025-03-20 12:38:46,424] [INFO] Phase: COMMIT | Receiver: 30009 | Sender: 30018 | Distance:  126.98 m | Delay: 0.6991s | Size: 16779000 bit
[2025-03-20 12:38:46,438] [INFO] Phase: COMMIT | Receiver: 30009 | Sender: 30110 | Distance:  146.25 m | Delay: 0.6991s | Size: 16779000 bit
[2025-03-20 12:38:46,438] [INFO] Phase: PREPARE | Receiver: 30009 | Sender: 30006 | Distance:   99.73 m | Delay: 0.4661s | Size: 16778992 bit
[2025-03-20 12:38:46,449] [INFO] Phase: COMMIT | Receiver: 30009 | Sender: 30037 | Distance:  170.57 m | Delay: 0.9322s | Size: 16778992 bit
[2025-03-20 12:38:46,465] [INFO] Phase: COMMIT | Receiver: 30009 | Sender: 30062 | Distance:  162.73 m | Delay: 0.9322s | Size: 16779000 bit
[2025-03-20 12:38:46,481] [INFO] Phase: COMMIT | Receiver: 30009 | Sender: 30114 | Distance:  147.03 m | Delay: 0.6991s | Size: 16778992 bit
[2025-03-20 12:38:46,498] [INFO] Phase: COMMIT | Receiver: 30009 | Sender: 30039 | Distance:   64.18 m | Delay: 0.4661s | Size: 16778992 bit
[2025-03-20 12:38:46,498] [INFO] Phase: COMMIT | Receiver: 30009 | Sender: 30099 | Distance:   88.80 m | Delay: 0.4661s | Size: 16778992 bit
[2025-03-20 12:38:46,513] [INFO] Phase: COMMIT | Receiver: 30009 | Sender: 30078 | Distance:   76.87 m | Delay: 0.4661s | Size: 16778992 bit
[2025-03-20 12:38:46,513] [INFO] Phase: COMMIT | Receiver: 30009 | Sender: 30111 | Distance:   33.82 m | Delay: 0.3107s | Size: 16778984 bit
[2025-03-20 12:38:46,531] [INFO] Phase: COMMIT | Receiver: 30009 | Sender: 30006 | Distance:   99.73 m | Delay: 0.4661s | Size: 16778992 bit
[2025-03-20 12:38:46,539] [INFO] Phase: COMMIT | Receiver: 30009 | Sender: 30052 | Distance:   86.28 m | Delay: 0.4661s | Size: 16778984 bit
[2025-03-20 12:38:51,340] [INFO] Phase: PRE-PREPARE | Receiver: 30009 | Sender: 30015 | Distance:   61.46 m | Delay: 0.4662s | Size: 16782240 bit
[2025-03-20 12:38:51,344] [INFO] Phase: PREPARE-BROADCAST | Receiver: ALL | Sender: 30009 | Distance:   61.46 m | Delay: 0.4662s | Size: 16778160 bit
[2025-03-20 12:38:52,657] [INFO] Phase: PREPARE | Receiver: 30009 | Sender: 30039 | Distance:   64.18 m | Delay: 0.4661s | Size: 16778992 bit
[2025-03-20 12:38:52,670] [INFO] Phase: COMMIT-BROADCAST | Receiver: ALL | Sender: 30009 | Distance:   64.18 m | Delay: 0.4661s | Size: 16778160 bit
[2025-03-20 12:38:52,717] [INFO] Phase: PREPARE | Receiver: 30009 | Sender: 30054 | Distance:   45.15 m | Delay: 0.3107s | Size: 16778984 bit
[2025-03-20 12:38:52,759] [INFO] Phase: PREPARE | Receiver: 30009 | Sender: 30093 | Distance:   43.40 m | Delay: 0.3107s | Size: 16778992 bit
[2025-03-20 12:38:52,789] [INFO] Phase: PREPARE | Receiver: 30009 | Sender: 30059 | Distance:   47.73 m | Delay: 0.3107s | Size: 16779000 bit
[2025-03-20 12:38:53,420] [INFO] Phase: PREPARE | Receiver: 30009 | Sender: 30001 | Distance:   52.29 m | Delay: 0.4661s | Size: 16778992 bit
[2025-03-20 12:38:53,472] [INFO] Phase: PREPARE | Receiver: 30009 | Sender: 30088 | Distance:  102.65 m | Delay: 0.6991s | Size: 16779000 bit
[2025-03-20 12:38:53,521] [INFO] Phase: PREPARE | Receiver: 30009 | Sender: 30020 | Distance:   34.07 m | Delay: 0.3107s | Size: 16778992 bit
[2025-03-20 12:39:00,206] [INFO] Phase: COMMIT | Receiver: 30009 | Sender: 30015 | Distance:   61.46 m | Delay: 0.4661s | Size: 16778984 bit
[2025-03-20 12:39:00,236] [INFO] Phase: COMMIT | Receiver: 30009 | Sender: 30059 | Distance:   47.73 m | Delay: 0.3107s | Size: 16778992 bit
[2025-03-20 12:39:00,250] [INFO] Phase: PRE-REPLY | Receiver: 30022 | Sender: 30009 | Distance:   47.73 m | Delay: 0.3107s | Size: 16778160 bit
[2025-03-20 12:39:00,319] [INFO] Phase: PREPARE | Receiver: 30009 | Sender: 30006 | Distance:   99.73 m | Delay: 0.4661s | Size: 16778992 bit
[2025-03-20 12:39:00,382] [INFO] Phase: PREPARE | Receiver: 30009 | Sender: 30114 | Distance:  147.03 m | Delay: 0.6991s | Size: 16779000 bit
[2025-03-20 12:39:00,414] [INFO] Phase: COMMIT | Receiver: 30009 | Sender: 30001 | Distance:   52.29 m | Delay: 0.4661s | Size: 16778992 bit
[2025-03-20 12:39:00,448] [INFO] Phase: PREPARE | Receiver: 30009 | Sender: 30047 | Distance:  104.81 m | Delay: 0.6991s | Size: 16778992 bit
[2025-03-20 12:39:00,487] [INFO] Phase: COMMIT | Receiver: 30009 | Sender: 30088 | Distance:  102.65 m | Delay: 0.6991s | Size: 16779000 bit
[2025-03-20 12:39:00,523] [INFO] Phase: PREPARE | Receiver: 30009 | Sender: 30064 | Distance:  102.37 m | Delay: 0.6991s | Size: 16779000 bit
[2025-03-20 12:39:00,562] [INFO] Phase: PREPARE | Receiver: 30009 | Sender: 30008 | Distance:  151.31 m | Delay: 0.9322s | Size: 16779000 bit
[2025-03-20 12:39:00,655] [INFO] Phase: COMMIT | Receiver: 30009 | Sender: 30093 | Distance:   43.40 m | Delay: 0.3107s | Size: 16778992 bit
[2025-03-20 12:39:00,707] [INFO] Phase: PREPARE | Receiver: 30009 | Sender: 30037 | Distance:  170.57 m | Delay: 0.9322s | Size: 16778992 bit
[2025-03-20 12:39:00,740] [INFO] Phase: PREPARE | Receiver: 30009 | Sender: 30110 | Distance:  146.25 m | Delay: 0.6991s | Size: 16779000 bit
[2025-03-20 12:39:00,776] [INFO] Phase: COMMIT | Receiver: 30009 | Sender: 30047 | Distance:  104.81 m | Delay: 0.6991s | Size: 16779000 bit
[2025-03-20 12:39:00,811] [INFO] Phase: PREPARE | Receiver: 30009 | Sender: 30060 | Distance:   93.38 m | Delay: 0.4661s | Size: 16778992 bit
[2025-03-20 12:39:00,877] [INFO] Phase: PREPARE | Receiver: 30009 | Sender: 30078 | Distance:   76.87 m | Delay: 0.4661s | Size: 16778992 bit
[2025-03-20 12:39:00,908] [INFO] Phase: COMMIT | Receiver: 30009 | Sender: 30008 | Distance:  151.31 m | Delay: 0.9322s | Size: 16779000 bit
[2025-03-20 12:39:00,936] [INFO] Phase: COMMIT | Receiver: 30009 | Sender: 30110 | Distance:  146.25 m | Delay: 0.6991s | Size: 16779000 bit
[2025-03-20 12:39:00,966] [INFO] Phase: COMMIT | Receiver: 30009 | Sender: 30064 | Distance:  102.37 m | Delay: 0.6991s | Size: 16779000 bit
[2025-03-20 12:39:01,037] [INFO] Phase: PREPARE | Receiver: 30009 | Sender: 30032 | Distance:  119.36 m | Delay: 0.6991s | Size: 16778992 bit
[2025-03-20 12:39:01,075] [INFO] Phase: COMMIT | Receiver: 30009 | Sender: 30006 | Distance:   99.73 m | Delay: 0.4661s | Size: 16778992 bit
[2025-03-20 12:39:01,106] [INFO] Phase: PREPARE | Receiver: 30009 | Sender: 30052 | Distance:   86.28 m | Delay: 0.4661s | Size: 16778992 bit
[2025-03-20 12:39:01,140] [INFO] Phase: PREPARE | Receiver: 30009 | Sender: 30042 | Distance:  117.24 m | Delay: 0.6991s | Size: 16778992 bit
[2025-03-20 12:39:01,175] [INFO] Phase: PREPARE | Receiver: 30009 | Sender: 30018 | Distance:  126.98 m | Delay: 0.6991s | Size: 16779000 bit
[2025-03-20 12:39:01,235] [INFO] Phase: PREPARE | Receiver: 30009 | Sender: 30045 | Distance:  130.31 m | Delay: 0.6991s | Size: 16778984 bit
[2025-03-20 12:39:01,266] [INFO] Phase: COMMIT | Receiver: 30009 | Sender: 30039 | Distance:   64.18 m | Delay: 0.4661s | Size: 16778984 bit
[2025-03-20 12:39:01,306] [INFO] Phase: PREPARE | Receiver: 30009 | Sender: 30094 | Distance:   42.30 m | Delay: 0.3107s | Size: 16778992 bit
[2025-03-20 12:39:01,337] [INFO] Phase: COMMIT | Receiver: 30009 | Sender: 30078 | Distance:   76.87 m | Delay: 0.4661s | Size: 16778992 bit
[2025-03-20 12:39:01,371] [INFO] Phase: COMMIT | Receiver: 30009 | Sender: 30037 | Distance:  170.57 m | Delay: 0.9322s | Size: 16778992 bit
[2025-03-20 12:39:01,411] [INFO] Phase: PREPARE | Receiver: 30009 | Sender: 30111 | Distance:   33.82 m | Delay: 0.3107s | Size: 16778984 bit
[2025-03-20 12:39:01,450] [INFO] Phase: COMMIT | Receiver: 30009 | Sender: 30020 | Distance:   34.07 m | Delay: 0.3107s | Size: 16778992 bit
[2025-03-20 12:39:01,484] [INFO] Phase: PREPARE | Receiver: 30009 | Sender: 30043 | Distance:  157.03 m | Delay: 0.9322s | Size: 16778984 bit
[2025-03-20 12:39:01,514] [INFO] Phase: COMMIT | Receiver: 30009 | Sender: 30114 | Distance:  147.03 m | Delay: 0.6991s | Size: 16778992 bit
[2025-03-20 12:39:01,545] [INFO] Phase: PREPARE | Receiver: 30009 | Sender: 30099 | Distance:   88.80 m | Delay: 0.4661s | Size: 16778992 bit
[2025-03-20 12:39:01,574] [INFO] Phase: COMMIT | Receiver: 30009 | Sender: 30060 | Distance:   93.38 m | Delay: 0.4661s | Size: 16778992 bit
[2025-03-20 12:39:01,602] [INFO] Phase: PREPARE | Receiver: 30009 | Sender: 30010 | Distance:  155.18 m | Delay: 0.9322s | Size: 16779000 bit
[2025-03-20 12:39:01,634] [INFO] Phase: PREPARE | Receiver: 30009 | Sender: 30118 | Distance:  147.03 m | Delay: 0.6991s | Size: 16779000 bit
[2025-03-20 12:39:01,664] [INFO] Phase: PREPARE | Receiver: 30009 | Sender: 30062 | Distance:  162.73 m | Delay: 0.9322s | Size: 16779000 bit
[2025-03-20 12:39:01,695] [INFO] Phase: COMMIT | Receiver: 30009 | Sender: 30052 | Distance:   86.28 m | Delay: 0.4661s | Size: 16778984 bit
[2025-03-20 12:39:01,723] [INFO] Phase: COMMIT | Receiver: 30009 | Sender: 30032 | Distance:  119.36 m | Delay: 0.6991s | Size: 16778992 bit
[2025-03-20 12:39:01,750] [INFO] Phase: COMMIT | Receiver: 30009 | Sender: 30018 | Distance:  126.98 m | Delay: 0.6991s | Size: 16779000 bit
[2025-03-20 12:39:01,782] [INFO] Phase: COMMIT | Receiver: 30009 | Sender: 30042 | Distance:  117.24 m | Delay: 0.6991s | Size: 16779000 bit
[2025-03-20 12:39:01,818] [INFO] Phase: COMMIT | Receiver: 30009 | Sender: 30054 | Distance:   45.15 m | Delay: 0.3107s | Size: 16778992 bit
[2025-03-20 12:39:01,861] [INFO] Phase: COMMIT | Receiver: 30009 | Sender: 30045 | Distance:  130.31 m | Delay: 0.6991s | Size: 16778992 bit
[2025-03-20 12:39:01,889] [INFO] Phase: COMMIT | Receiver: 30009 | Sender: 30099 | Distance:   88.80 m | Delay: 0.4661s | Size: 16778992 bit
[2025-03-20 12:39:01,930] [INFO] Phase: COMMIT | Receiver: 30009 | Sender: 30111 | Distance:   33.82 m | Delay: 0.3107s | Size: 16778992 bit
[2025-03-20 12:39:03,100] [INFO] Phase: COMMIT | Receiver: 30009 | Sender: 30118 | Distance:  147.03 m | Delay: 0.6991s | Size: 16779000 bit
[2025-03-20 12:39:03,656] [INFO] Phase: COMMIT | Receiver: 30009 | Sender: 30062 | Distance:  162.73 m | Delay: 0.9322s | Size: 16779000 bit
[2025-03-20 12:39:04,267] [INFO] Phase: COMMIT | Receiver: 30009 | Sender: 30043 | Distance:  157.03 m | Delay: 0.9322s | Size: 16779000 bit
[2025-03-20 12:39:04,475] [INFO] Phase: COMMIT | Receiver: 30009 | Sender: 30010 | Distance:  155.18 m | Delay: 0.9322s | Size: 16778984 bit
[2025-03-20 12:39:06,834] [INFO] Phase: COMMIT | Receiver: 30009 | Sender: 30094 | Distance:   42.30 m | Delay: 0.3107s | Size: 16778992 bit
