[2025-03-07 14:05:25,980] [INFO] Node started: localhost:30196 | index=197 | f=1, k=4
[2025-03-07 14:05:29,803] [INFO] [30196] PRE-PREPARE received: {'request_id': 1741323929740, 'data': 'llapbft_message_1741323929740', 'timestamp': 1741323929.772654, 'leader': 30118, 'cluster_id': 2, 'cluster_ports': [30001, 30009, 30012, 30013, 30014, 30016, 30025, 30029, 30037, 30038, 30047, 30051, 30052, 30057, 30060, 30063, 30072, 30073, 30075, 30079, 30082, 30085, 30087, 30088, 30089, 30092, 30093, 30095, 30105, 30106, 30112, 30114, 30118, 30121, 30122, 30127, 30129, 30130, 30133, 30138, 30142, 30143, 30145, 30157, 30165, 30168, 30169, 30171, 30184, 30196, 30198, 30199], 'cluster_manager': {'host': 'localhost', 'port': 30029, 'latitude': 36.6266259, 'longitude': 127.4590111, 'altitude': 13, 'offset_m': 'lat: 2 m, lng: 45 m, alt: 13 m'}, 'simulated_delay': 0.00015288888888888888, 'distance': 66.80051506276209, 'message_size_bits': 5504}
[2025-03-07 14:05:29,810] [INFO] [30196] Broadcasting PREPARE: REQUEST 1741323929740
[2025-03-07 14:05:29,981] [INFO] [30196] PREPARE received from 30199 for REQUEST 1741323929740
[2025-03-07 14:05:29,981] [INFO] [30196] Broadcasting COMMIT: REQUEST 1741323929740
[2025-03-07 14:05:30,498] [INFO] [30196] PREPARE received from 30037 for REQUEST 1741323929740
[2025-03-07 14:05:30,603] [INFO] [30196] PREPARE received from 30133 for REQUEST 1741323929740
[2025-03-07 14:05:30,603] [INFO] [30196] PREPARE received from 30073 for REQUEST 1741323929740
[2025-03-07 14:05:30,603] [INFO] [30196] PREPARE received from 30063 for REQUEST 1741323929740
[2025-03-07 14:05:30,603] [INFO] [30196] PREPARE received from 30092 for REQUEST 1741323929740
[2025-03-07 14:05:30,974] [INFO] [30196] COMMIT received from 30133 for REQUEST 1741323929740
[2025-03-07 14:05:31,123] [INFO] [30196] PREPARE received from 30168 for REQUEST 1741323929740
[2025-03-07 14:05:31,146] [INFO] [30196] COMMIT received from 30199 for REQUEST 1741323929740
[2025-03-07 14:05:31,146] [INFO] [30196] COMMIT complete. Sending PRE-REPLY: REQUEST 1741323929740 directly to Manager 30029
[2025-03-07 14:05:31,227] [INFO] [30196] COMMIT received from 30145 for REQUEST 1741323929740
[2025-03-07 14:05:31,227] [INFO] [30196] PREPARE received from 30145 for REQUEST 1741323929740
[2025-03-07 14:05:31,372] [INFO] [30196] COMMIT received from 30073 for REQUEST 1741323929740
[2025-03-07 14:05:31,372] [INFO] [30196] COMMIT received from 30037 for REQUEST 1741323929740
[2025-03-07 14:05:32,150] [INFO] [30196] COMMIT received from 30168 for REQUEST 1741323929740
[2025-03-07 14:05:32,240] [INFO] [30196] COMMIT received from 30092 for REQUEST 1741323929740
[2025-03-07 14:05:32,489] [INFO] [30196] PREPARE received from 30088 for REQUEST 1741323929740
[2025-03-07 14:05:32,601] [INFO] [30196] COMMIT received from 30088 for REQUEST 1741323929740
[2025-03-07 14:05:33,025] [INFO] [30196] PREPARE received from 30157 for REQUEST 1741323929740
[2025-03-07 14:05:33,025] [INFO] [30196] COMMIT received from 30009 for REQUEST 1741323929740
[2025-03-07 14:05:33,025] [INFO] [30196] PREPARE received from 30165 for REQUEST 1741323929740
[2025-03-07 14:05:33,025] [INFO] [30196] PREPARE received from 30009 for REQUEST 1741323929740
[2025-03-07 14:05:33,121] [INFO] [30196] COMMIT received from 30157 for REQUEST 1741323929740
[2025-03-07 14:05:33,121] [INFO] [30196] COMMIT received from 30165 for REQUEST 1741323929740
[2025-03-07 14:05:33,142] [INFO] [30196] PREPARE received from 30198 for REQUEST 1741323929740
[2025-03-07 14:05:33,167] [INFO] [30196] COMMIT received from 30198 for REQUEST 1741323929740
[2025-03-07 14:05:33,250] [INFO] [30196] PREPARE received from 30060 for REQUEST 1741323929740
[2025-03-07 14:05:33,405] [INFO] [30196] PREPARE received from 30130 for REQUEST 1741323929740
[2025-03-07 14:05:33,643] [INFO] [30196] PREPARE received from 30047 for REQUEST 1741323929740
[2025-03-07 14:05:33,675] [INFO] [30196] COMMIT received from 30142 for REQUEST 1741323929740
[2025-03-07 14:05:33,675] [INFO] [30196] COMMIT received from 30130 for REQUEST 1741323929740
[2025-03-07 14:05:33,747] [INFO] [30196] PREPARE received from 30082 for REQUEST 1741323929740
[2025-03-07 14:05:33,747] [INFO] [30196] PREPARE received from 30051 for REQUEST 1741323929740
[2025-03-07 14:05:33,747] [INFO] [30196] PREPARE received from 30142 for REQUEST 1741323929740
[2025-03-07 14:05:33,749] [INFO] [30196] COMMIT received from 30082 for REQUEST 1741323929740
[2025-03-07 14:05:33,749] [INFO] [30196] COMMIT received from 30047 for REQUEST 1741323929740
[2025-03-07 14:05:33,749] [INFO] [30196] COMMIT received from 30121 for REQUEST 1741323929740
[2025-03-07 14:05:33,751] [INFO] [30196] COMMIT received from 30051 for REQUEST 1741323929740
[2025-03-07 14:05:33,801] [INFO] [30196] PREPARE received from 30121 for REQUEST 1741323929740
[2025-03-07 14:05:33,801] [INFO] [30196] PREPARE received from 30184 for REQUEST 1741323929740
[2025-03-07 14:05:33,801] [INFO] [30196] COMMIT received from 30184 for REQUEST 1741323929740
[2025-03-07 14:05:33,860] [INFO] [30196] COMMIT received from 30063 for REQUEST 1741323929740
[2025-03-07 14:05:33,981] [INFO] [30196] COMMIT received from 30118 for REQUEST 1741323929740
[2025-03-07 14:05:34,092] [INFO] [30196] PREPARE received from 30129 for REQUEST 1741323929740
[2025-03-07 14:05:34,374] [INFO] [30196] PREPARE received from 30143 for REQUEST 1741323929740
[2025-03-07 14:05:34,445] [INFO] [30196] PREPARE received from 30025 for REQUEST 1741323929740
[2025-03-07 14:05:34,485] [INFO] [30196] PREPARE received from 30095 for REQUEST 1741323929740
[2025-03-07 14:05:34,503] [INFO] [30196] COMMIT received from 30143 for REQUEST 1741323929740
[2025-03-07 14:05:34,525] [INFO] [30196] COMMIT received from 30025 for REQUEST 1741323929740
[2025-03-07 14:05:34,541] [INFO] [30196] COMMIT received from 30129 for REQUEST 1741323929740
[2025-03-07 14:05:34,612] [INFO] [30196] COMMIT received from 30095 for REQUEST 1741323929740
[2025-03-07 14:05:34,619] [INFO] [30196] PREPARE received from 30012 for REQUEST 1741323929740
[2025-03-07 14:05:34,863] [INFO] [30196] PREPARE received from 30089 for REQUEST 1741323929740
[2025-03-07 14:05:34,896] [INFO] [30196] PREPARE received from 30106 for REQUEST 1741323929740
[2025-03-07 14:05:34,896] [INFO] [30196] COMMIT received from 30089 for REQUEST 1741323929740
[2025-03-07 14:05:34,896] [INFO] [30196] PREPARE received from 30052 for REQUEST 1741323929740
[2025-03-07 14:05:34,969] [INFO] [30196] COMMIT received from 30012 for REQUEST 1741323929740
[2025-03-07 14:05:34,994] [INFO] [30196] PREPARE received from 30079 for REQUEST 1741323929740
[2025-03-07 14:05:34,994] [INFO] [30196] COMMIT received from 30079 for REQUEST 1741323929740
[2025-03-07 14:05:35,093] [INFO] [30196] COMMIT received from 30106 for REQUEST 1741323929740
[2025-03-07 14:05:35,093] [INFO] [30196] COMMIT received from 30052 for REQUEST 1741323929740
[2025-03-07 14:05:35,095] [INFO] [30196] PREPARE received from 30014 for REQUEST 1741323929740
[2025-03-07 14:05:35,095] [INFO] [30196] COMMIT received from 30060 for REQUEST 1741323929740
[2025-03-07 14:05:35,095] [INFO] [30196] COMMIT received from 30014 for REQUEST 1741323929740
[2025-03-07 14:05:35,095] [INFO] [30196] PREPARE received from 30001 for REQUEST 1741323929740
[2025-03-07 14:05:35,095] [INFO] [30196] COMMIT received from 30001 for REQUEST 1741323929740
[2025-03-07 14:05:35,234] [INFO] [30196] PREPARE received from 30093 for REQUEST 1741323929740
[2025-03-07 14:05:35,235] [INFO] [30196] PREPARE received from 30105 for REQUEST 1741323929740
[2025-03-07 14:05:35,305] [INFO] [30196] PREPARE received from 30016 for REQUEST 1741323929740
[2025-03-07 14:05:35,321] [INFO] [30196] COMMIT received from 30016 for REQUEST 1741323929740
[2025-03-07 14:05:35,321] [INFO] [30196] COMMIT received from 30057 for REQUEST 1741323929740
[2025-03-07 14:05:35,321] [INFO] [30196] PREPARE received from 30057 for REQUEST 1741323929740
[2025-03-07 14:05:35,352] [INFO] [30196] COMMIT received from 30093 for REQUEST 1741323929740
[2025-03-07 14:05:35,366] [INFO] [30196] COMMIT received from 30105 for REQUEST 1741323929740
[2025-03-07 14:05:35,370] [INFO] [30196] PREPARE received from 30138 for REQUEST 1741323929740
[2025-03-07 14:05:35,389] [INFO] [30196] PREPARE received from 30112 for REQUEST 1741323929740
[2025-03-07 14:05:35,429] [INFO] [30196] PREPARE received from 30075 for REQUEST 1741323929740
[2025-03-07 14:05:35,492] [INFO] [30196] COMMIT received from 30138 for REQUEST 1741323929740
[2025-03-07 14:05:35,503] [INFO] [30196] COMMIT received from 30112 for REQUEST 1741323929740
[2025-03-07 14:05:35,503] [INFO] [30196] COMMIT received from 30075 for REQUEST 1741323929740
[2025-03-07 14:05:35,708] [INFO] [30196] PREPARE received from 30072 for REQUEST 1741323929740
[2025-03-07 14:05:35,708] [INFO] [30196] COMMIT received from 30013 for REQUEST 1741323929740
[2025-03-07 14:05:35,708] [INFO] [30196] COMMIT received from 30072 for REQUEST 1741323929740
[2025-03-07 14:05:35,708] [INFO] [30196] PREPARE received from 30013 for REQUEST 1741323929740
[2025-03-07 14:05:35,790] [INFO] [30196] PREPARE received from 30127 for REQUEST 1741323929740
[2025-03-07 14:05:35,802] [INFO] [30196] COMMIT received from 30127 for REQUEST 1741323929740
[2025-03-07 14:05:36,072] [INFO] [30196] PREPARE received from 30122 for REQUEST 1741323929740
[2025-03-07 14:05:36,072] [INFO] [30196] PREPARE received from 30087 for REQUEST 1741323929740
[2025-03-07 14:05:36,074] [INFO] [30196] COMMIT received from 30087 for REQUEST 1741323929740
[2025-03-07 14:05:36,074] [INFO] [30196] COMMIT received from 30122 for REQUEST 1741323929740
[2025-03-07 14:05:36,216] [INFO] [30196] PREPARE received from 30085 for REQUEST 1741323929740
[2025-03-07 14:05:36,218] [INFO] [30196] COMMIT received from 30085 for REQUEST 1741323929740
[2025-03-07 14:05:36,243] [INFO] [30196] PREPARE received from 30171 for REQUEST 1741323929740
[2025-03-07 14:05:36,243] [INFO] [30196] PREPARE received from 30114 for REQUEST 1741323929740
[2025-03-07 14:05:36,293] [INFO] [30196] COMMIT received from 30114 for REQUEST 1741323929740
[2025-03-07 14:05:36,293] [INFO] [30196] COMMIT received from 30171 for REQUEST 1741323929740
[2025-03-07 14:05:36,338] [INFO] [30196] PREPARE received from 30169 for REQUEST 1741323929740
[2025-03-07 14:05:36,338] [INFO] [30196] PREPARE received from 30038 for REQUEST 1741323929740
[2025-03-07 14:05:36,338] [INFO] [30196] COMMIT received from 30038 for REQUEST 1741323929740
[2025-03-07 14:05:36,362] [INFO] [30196] COMMIT received from 30169 for REQUEST 1741323929740
